[2023-09-06T09:36:17.427+0000] {taskinstance.py:1165} INFO - Dependencies all met for <TaskInstance: xcom_dag.branch scheduled__2023-09-05T00:00:00+00:00 [queued]>
[2023-09-06T09:36:17.442+0000] {taskinstance.py:1165} INFO - Dependencies all met for <TaskInstance: xcom_dag.branch scheduled__2023-09-05T00:00:00+00:00 [queued]>
[2023-09-06T09:36:17.443+0000] {taskinstance.py:1362} INFO - 
--------------------------------------------------------------------------------
[2023-09-06T09:36:17.444+0000] {taskinstance.py:1363} INFO - Starting attempt 1 of 1
[2023-09-06T09:36:17.445+0000] {taskinstance.py:1364} INFO - 
--------------------------------------------------------------------------------
[2023-09-06T09:36:17.485+0000] {taskinstance.py:1383} INFO - Executing <Task(BranchPythonOperator): branch> on 2023-09-05 00:00:00+00:00
[2023-09-06T09:36:17.500+0000] {standard_task_runner.py:55} INFO - Started process 78 to run task
[2023-09-06T09:36:17.512+0000] {standard_task_runner.py:82} INFO - Running: ['***', 'tasks', 'run', 'xcom_dag', 'branch', 'scheduled__2023-09-05T00:00:00+00:00', '--job-id', '141', '--raw', '--subdir', 'DAGS_FOLDER/xcom_dag.py', '--cfg-path', '/tmp/tmpu50z0y7e']
[2023-09-06T09:36:17.521+0000] {standard_task_runner.py:83} INFO - Job 141: Subtask branch
[2023-09-06T09:36:17.584+0000] {task_command.py:376} INFO - Running <TaskInstance: xcom_dag.branch scheduled__2023-09-05T00:00:00+00:00 [running]> on host 993b415b7ab0
[2023-09-06T09:36:17.663+0000] {taskinstance.py:1592} INFO - Exporting the following env vars:
AIRFLOW_CTX_DAG_OWNER=***
AIRFLOW_CTX_DAG_ID=xcom_dag
AIRFLOW_CTX_TASK_ID=branch
AIRFLOW_CTX_EXECUTION_DATE=2023-09-05T00:00:00+00:00
AIRFLOW_CTX_TRY_NUMBER=1
AIRFLOW_CTX_DAG_RUN_ID=scheduled__2023-09-05T00:00:00+00:00
[2023-09-06T09:36:17.672+0000] {python.py:177} INFO - Done. Returned value was: t2
[2023-09-06T09:36:17.673+0000] {skipmixin.py:155} INFO - Following branch t2
[2023-09-06T09:36:17.673+0000] {skipmixin.py:190} INFO - Skipping tasks ['t3']
[2023-09-06T09:36:17.712+0000] {taskinstance.py:1406} INFO - Marking task as SUCCESS. dag_id=xcom_dag, task_id=branch, execution_date=20230905T000000, start_date=20230906T093617, end_date=20230906T093617
[2023-09-06T09:36:17.757+0000] {local_task_job.py:164} INFO - Task exited with return code 0
[2023-09-06T09:36:17.794+0000] {local_task_job.py:273} INFO - 1 downstream tasks scheduled from follow-on schedule check
