[2023-08-30T01:52:46.610+0000] {taskinstance.py:1165} INFO - Dependencies all met for <TaskInstance: user_processing.store_user scheduled__2023-08-29T00:00:00+00:00 [queued]>
[2023-08-30T01:52:46.654+0000] {taskinstance.py:1165} INFO - Dependencies all met for <TaskInstance: user_processing.store_user scheduled__2023-08-29T00:00:00+00:00 [queued]>
[2023-08-30T01:52:46.654+0000] {taskinstance.py:1362} INFO - 
--------------------------------------------------------------------------------
[2023-08-30T01:52:46.655+0000] {taskinstance.py:1363} INFO - Starting attempt 1 of 1
[2023-08-30T01:52:46.655+0000] {taskinstance.py:1364} INFO - 
--------------------------------------------------------------------------------
[2023-08-30T01:52:46.692+0000] {taskinstance.py:1383} INFO - Executing <Task(PythonOperator): store_user> on 2023-08-29 00:00:00+00:00
[2023-08-30T01:52:46.720+0000] {standard_task_runner.py:55} INFO - Started process 43212 to run task
[2023-08-30T01:52:46.763+0000] {standard_task_runner.py:82} INFO - Running: ['***', 'tasks', 'run', 'user_processing', 'store_user', 'scheduled__2023-08-29T00:00:00+00:00', '--job-id', '17', '--raw', '--subdir', 'DAGS_FOLDER/user_processing.py', '--cfg-path', '/tmp/tmp5orwcu5g']
[2023-08-30T01:52:46.776+0000] {standard_task_runner.py:83} INFO - Job 17: Subtask store_user
[2023-08-30T01:52:47.095+0000] {task_command.py:376} INFO - Running <TaskInstance: user_processing.store_user scheduled__2023-08-29T00:00:00+00:00 [running]> on host f65dd69de24d
[2023-08-30T01:52:48.203+0000] {taskinstance.py:1592} INFO - Exporting the following env vars:
AIRFLOW_CTX_DAG_OWNER=***
AIRFLOW_CTX_DAG_ID=user_processing
AIRFLOW_CTX_TASK_ID=store_user
AIRFLOW_CTX_EXECUTION_DATE=2023-08-29T00:00:00+00:00
AIRFLOW_CTX_TRY_NUMBER=1
AIRFLOW_CTX_DAG_RUN_ID=scheduled__2023-08-29T00:00:00+00:00
[2023-08-30T01:52:48.387+0000] {postgres.py:129} INFO - Running copy expert:  COPY users FROM stdin WITH DELIMITER as ',' , filename: /tmp/processed_user.csv
[2023-08-30T01:52:48.660+0000] {base.py:71} INFO - Using connection ID 'postgres' for task execution.
[2023-08-30T01:52:48.841+0000] {python.py:177} INFO - Done. Returned value was: None
[2023-08-30T01:52:49.016+0000] {taskinstance.py:1406} INFO - Marking task as SUCCESS. dag_id=user_processing, task_id=store_user, execution_date=20230829T000000, start_date=20230830T015246, end_date=20230830T015248
[2023-08-30T01:52:49.679+0000] {local_task_job.py:164} INFO - Task exited with return code 0
[2023-08-30T01:52:50.076+0000] {local_task_job.py:273} INFO - 0 downstream tasks scheduled from follow-on schedule check
