[2024-04-27T08:29:57.608+0000] {processor.py:154} INFO - Started process (PID=61) to work on /opt/airflow/dags/inside_group_dag.py
[2024-04-27T08:29:57.610+0000] {processor.py:756} INFO - Processing file /opt/airflow/dags/inside_group_dag.py for tasks to queue
[2024-04-27T08:29:57.613+0000] {logging_mixin.py:120} INFO - [2024-04-27T08:29:57.612+0000] {dagbag.py:537} INFO - Filling up the DagBag from /opt/airflow/dags/inside_group_dag.py
[2024-04-27T08:29:57.664+0000] {processor.py:766} INFO - DAG(s) dict_keys(['inside_group_dag']) retrieved from /opt/airflow/dags/inside_group_dag.py
[2024-04-27T08:29:57.769+0000] {logging_mixin.py:120} INFO - [2024-04-27T08:29:57.769+0000] {dag.py:2585} INFO - Sync 1 DAGs
[2024-04-27T08:29:57.815+0000] {logging_mixin.py:120} INFO - [2024-04-27T08:29:57.815+0000] {dag.py:3340} INFO - Setting next_dagrun for inside_group_dag to 2024-04-26T00:00:00+00:00, run_after=2024-04-27T00:00:00+00:00
[2024-04-27T08:29:57.872+0000] {processor.py:176} INFO - Processing /opt/airflow/dags/inside_group_dag.py took 0.268 seconds
[2024-04-27T08:30:28.087+0000] {processor.py:154} INFO - Started process (PID=90) to work on /opt/airflow/dags/inside_group_dag.py
[2024-04-27T08:30:28.088+0000] {processor.py:756} INFO - Processing file /opt/airflow/dags/inside_group_dag.py for tasks to queue
[2024-04-27T08:30:28.089+0000] {logging_mixin.py:120} INFO - [2024-04-27T08:30:28.089+0000] {dagbag.py:537} INFO - Filling up the DagBag from /opt/airflow/dags/inside_group_dag.py
[2024-04-27T08:30:28.103+0000] {processor.py:766} INFO - DAG(s) dict_keys(['inside_group_dag']) retrieved from /opt/airflow/dags/inside_group_dag.py
[2024-04-27T08:30:28.136+0000] {logging_mixin.py:120} INFO - [2024-04-27T08:30:28.136+0000] {dag.py:2585} INFO - Sync 1 DAGs
[2024-04-27T08:30:28.166+0000] {logging_mixin.py:120} INFO - [2024-04-27T08:30:28.165+0000] {dag.py:3340} INFO - Setting next_dagrun for inside_group_dag to 2024-04-26T00:00:00+00:00, run_after=2024-04-27T00:00:00+00:00
[2024-04-27T08:30:28.269+0000] {processor.py:176} INFO - Processing /opt/airflow/dags/inside_group_dag.py took 0.183 seconds
[2024-04-27T08:30:59.190+0000] {processor.py:154} INFO - Started process (PID=128) to work on /opt/airflow/dags/inside_group_dag.py
[2024-04-27T08:30:59.190+0000] {processor.py:756} INFO - Processing file /opt/airflow/dags/inside_group_dag.py for tasks to queue
[2024-04-27T08:30:59.191+0000] {logging_mixin.py:120} INFO - [2024-04-27T08:30:59.191+0000] {dagbag.py:537} INFO - Filling up the DagBag from /opt/airflow/dags/inside_group_dag.py
[2024-04-27T08:30:59.204+0000] {processor.py:766} INFO - DAG(s) dict_keys(['inside_group_dag']) retrieved from /opt/airflow/dags/inside_group_dag.py
[2024-04-27T08:30:59.228+0000] {logging_mixin.py:120} INFO - [2024-04-27T08:30:59.228+0000] {dag.py:2585} INFO - Sync 1 DAGs
[2024-04-27T08:30:59.241+0000] {logging_mixin.py:120} INFO - [2024-04-27T08:30:59.241+0000] {dag.py:3340} INFO - Setting next_dagrun for inside_group_dag to 2024-04-26T00:00:00+00:00, run_after=2024-04-27T00:00:00+00:00
[2024-04-27T08:30:59.249+0000] {processor.py:176} INFO - Processing /opt/airflow/dags/inside_group_dag.py took 0.062 seconds
[2024-04-27T08:31:30.314+0000] {processor.py:154} INFO - Started process (PID=165) to work on /opt/airflow/dags/inside_group_dag.py
[2024-04-27T08:31:30.315+0000] {processor.py:756} INFO - Processing file /opt/airflow/dags/inside_group_dag.py for tasks to queue
[2024-04-27T08:31:30.315+0000] {logging_mixin.py:120} INFO - [2024-04-27T08:31:30.315+0000] {dagbag.py:537} INFO - Filling up the DagBag from /opt/airflow/dags/inside_group_dag.py
[2024-04-27T08:31:30.327+0000] {processor.py:766} INFO - DAG(s) dict_keys(['inside_group_dag']) retrieved from /opt/airflow/dags/inside_group_dag.py
[2024-04-27T08:31:30.352+0000] {logging_mixin.py:120} INFO - [2024-04-27T08:31:30.352+0000] {dag.py:2585} INFO - Sync 1 DAGs
[2024-04-27T08:31:30.365+0000] {logging_mixin.py:120} INFO - [2024-04-27T08:31:30.365+0000] {dag.py:3340} INFO - Setting next_dagrun for inside_group_dag to 2024-04-26T00:00:00+00:00, run_after=2024-04-27T00:00:00+00:00
[2024-04-27T08:31:30.376+0000] {processor.py:176} INFO - Processing /opt/airflow/dags/inside_group_dag.py took 0.064 seconds
