[2024-04-27T08:29:57.956+0000] {processor.py:154} INFO - Started process (PID=65) to work on /opt/airflow/dags/parallel_dag.py
[2024-04-27T08:29:57.962+0000] {processor.py:756} INFO - Processing file /opt/airflow/dags/parallel_dag.py for tasks to queue
[2024-04-27T08:29:57.964+0000] {logging_mixin.py:120} INFO - [2024-04-27T08:29:57.964+0000] {dagbag.py:537} INFO - Filling up the DagBag from /opt/airflow/dags/parallel_dag.py
[2024-04-27T08:29:58.084+0000] {processor.py:766} INFO - DAG(s) dict_keys(['parallel_dag']) retrieved from /opt/airflow/dags/parallel_dag.py
[2024-04-27T08:29:58.208+0000] {logging_mixin.py:120} INFO - [2024-04-27T08:29:58.208+0000] {dag.py:2585} INFO - Sync 1 DAGs
[2024-04-27T08:29:58.252+0000] {logging_mixin.py:120} INFO - [2024-04-27T08:29:58.252+0000] {dag.py:3340} INFO - Setting next_dagrun for parallel_dag to 2024-04-26T00:00:00+00:00, run_after=2024-04-27T00:00:00+00:00
[2024-04-27T08:29:58.315+0000] {processor.py:176} INFO - Processing /opt/airflow/dags/parallel_dag.py took 0.376 seconds
[2024-04-27T08:30:29.116+0000] {processor.py:154} INFO - Started process (PID=92) to work on /opt/airflow/dags/parallel_dag.py
[2024-04-27T08:30:29.123+0000] {processor.py:756} INFO - Processing file /opt/airflow/dags/parallel_dag.py for tasks to queue
[2024-04-27T08:30:29.123+0000] {logging_mixin.py:120} INFO - [2024-04-27T08:30:29.123+0000] {dagbag.py:537} INFO - Filling up the DagBag from /opt/airflow/dags/parallel_dag.py
[2024-04-27T08:30:29.142+0000] {processor.py:766} INFO - DAG(s) dict_keys(['parallel_dag']) retrieved from /opt/airflow/dags/parallel_dag.py
[2024-04-27T08:30:29.168+0000] {logging_mixin.py:120} INFO - [2024-04-27T08:30:29.168+0000] {dag.py:2585} INFO - Sync 1 DAGs
[2024-04-27T08:30:29.183+0000] {logging_mixin.py:120} INFO - [2024-04-27T08:30:29.183+0000] {dag.py:3340} INFO - Setting next_dagrun for parallel_dag to 2024-04-26T00:00:00+00:00, run_after=2024-04-27T00:00:00+00:00
[2024-04-27T08:30:29.196+0000] {processor.py:176} INFO - Processing /opt/airflow/dags/parallel_dag.py took 0.084 seconds
[2024-04-27T08:30:59.324+0000] {processor.py:154} INFO - Started process (PID=130) to work on /opt/airflow/dags/parallel_dag.py
[2024-04-27T08:30:59.326+0000] {processor.py:756} INFO - Processing file /opt/airflow/dags/parallel_dag.py for tasks to queue
[2024-04-27T08:30:59.326+0000] {logging_mixin.py:120} INFO - [2024-04-27T08:30:59.326+0000] {dagbag.py:537} INFO - Filling up the DagBag from /opt/airflow/dags/parallel_dag.py
[2024-04-27T08:30:59.338+0000] {processor.py:766} INFO - DAG(s) dict_keys(['parallel_dag']) retrieved from /opt/airflow/dags/parallel_dag.py
[2024-04-27T08:30:59.359+0000] {logging_mixin.py:120} INFO - [2024-04-27T08:30:59.359+0000] {dag.py:2585} INFO - Sync 1 DAGs
[2024-04-27T08:30:59.374+0000] {logging_mixin.py:120} INFO - [2024-04-27T08:30:59.374+0000] {dag.py:3340} INFO - Setting next_dagrun for parallel_dag to 2024-04-26T00:00:00+00:00, run_after=2024-04-27T00:00:00+00:00
[2024-04-27T08:30:59.383+0000] {processor.py:176} INFO - Processing /opt/airflow/dags/parallel_dag.py took 0.061 seconds
[2024-04-27T08:31:30.389+0000] {processor.py:154} INFO - Started process (PID=167) to work on /opt/airflow/dags/parallel_dag.py
[2024-04-27T08:31:30.390+0000] {processor.py:756} INFO - Processing file /opt/airflow/dags/parallel_dag.py for tasks to queue
[2024-04-27T08:31:30.390+0000] {logging_mixin.py:120} INFO - [2024-04-27T08:31:30.390+0000] {dagbag.py:537} INFO - Filling up the DagBag from /opt/airflow/dags/parallel_dag.py
[2024-04-27T08:31:30.400+0000] {processor.py:766} INFO - DAG(s) dict_keys(['parallel_dag']) retrieved from /opt/airflow/dags/parallel_dag.py
[2024-04-27T08:31:30.424+0000] {logging_mixin.py:120} INFO - [2024-04-27T08:31:30.424+0000] {dag.py:2585} INFO - Sync 1 DAGs
[2024-04-27T08:31:30.437+0000] {logging_mixin.py:120} INFO - [2024-04-27T08:31:30.437+0000] {dag.py:3340} INFO - Setting next_dagrun for parallel_dag to 2024-04-26T00:00:00+00:00, run_after=2024-04-27T00:00:00+00:00
[2024-04-27T08:31:30.448+0000] {processor.py:176} INFO - Processing /opt/airflow/dags/parallel_dag.py took 0.061 seconds
