[2024-04-27T08:29:57.285+0000] {processor.py:154} INFO - Started process (PID=54) to work on /opt/airflow/dags/xcom_dag.py
[2024-04-27T08:29:57.290+0000] {processor.py:756} INFO - Processing file /opt/airflow/dags/xcom_dag.py for tasks to queue
[2024-04-27T08:29:57.293+0000] {logging_mixin.py:120} INFO - [2024-04-27T08:29:57.292+0000] {dagbag.py:537} INFO - Filling up the DagBag from /opt/airflow/dags/xcom_dag.py
[2024-04-27T08:29:57.413+0000] {processor.py:766} INFO - DAG(s) dict_keys(['xcom_dag']) retrieved from /opt/airflow/dags/xcom_dag.py
[2024-04-27T08:29:57.523+0000] {logging_mixin.py:120} INFO - [2024-04-27T08:29:57.522+0000] {dag.py:2585} INFO - Sync 1 DAGs
[2024-04-27T08:29:57.593+0000] {logging_mixin.py:120} INFO - [2024-04-27T08:29:57.593+0000] {dag.py:3340} INFO - Setting next_dagrun for xcom_dag to 2024-04-26T00:00:00+00:00, run_after=2024-04-27T00:00:00+00:00
[2024-04-27T08:29:57.647+0000] {processor.py:176} INFO - Processing /opt/airflow/dags/xcom_dag.py took 0.391 seconds
[2024-04-27T08:30:27.725+0000] {processor.py:154} INFO - Started process (PID=88) to work on /opt/airflow/dags/xcom_dag.py
[2024-04-27T08:30:27.725+0000] {processor.py:756} INFO - Processing file /opt/airflow/dags/xcom_dag.py for tasks to queue
[2024-04-27T08:30:27.726+0000] {logging_mixin.py:120} INFO - [2024-04-27T08:30:27.726+0000] {dagbag.py:537} INFO - Filling up the DagBag from /opt/airflow/dags/xcom_dag.py
[2024-04-27T08:30:27.739+0000] {processor.py:766} INFO - DAG(s) dict_keys(['xcom_dag']) retrieved from /opt/airflow/dags/xcom_dag.py
[2024-04-27T08:30:27.760+0000] {logging_mixin.py:120} INFO - [2024-04-27T08:30:27.760+0000] {dag.py:2585} INFO - Sync 1 DAGs
[2024-04-27T08:30:27.775+0000] {logging_mixin.py:120} INFO - [2024-04-27T08:30:27.775+0000] {dag.py:3340} INFO - Setting next_dagrun for xcom_dag to 2024-04-26T00:00:00+00:00, run_after=2024-04-27T00:00:00+00:00
[2024-04-27T08:30:27.784+0000] {processor.py:176} INFO - Processing /opt/airflow/dags/xcom_dag.py took 0.061 seconds
[2024-04-27T08:30:59.106+0000] {processor.py:154} INFO - Started process (PID=127) to work on /opt/airflow/dags/xcom_dag.py
[2024-04-27T08:30:59.109+0000] {processor.py:756} INFO - Processing file /opt/airflow/dags/xcom_dag.py for tasks to queue
[2024-04-27T08:30:59.110+0000] {logging_mixin.py:120} INFO - [2024-04-27T08:30:59.110+0000] {dagbag.py:537} INFO - Filling up the DagBag from /opt/airflow/dags/xcom_dag.py
[2024-04-27T08:30:59.128+0000] {processor.py:766} INFO - DAG(s) dict_keys(['xcom_dag']) retrieved from /opt/airflow/dags/xcom_dag.py
[2024-04-27T08:30:59.154+0000] {logging_mixin.py:120} INFO - [2024-04-27T08:30:59.153+0000] {dag.py:2585} INFO - Sync 1 DAGs
[2024-04-27T08:30:59.168+0000] {logging_mixin.py:120} INFO - [2024-04-27T08:30:59.168+0000] {dag.py:3340} INFO - Setting next_dagrun for xcom_dag to 2024-04-26T00:00:00+00:00, run_after=2024-04-27T00:00:00+00:00
[2024-04-27T08:30:59.177+0000] {processor.py:176} INFO - Processing /opt/airflow/dags/xcom_dag.py took 0.074 seconds
[2024-04-27T08:31:30.238+0000] {processor.py:154} INFO - Started process (PID=164) to work on /opt/airflow/dags/xcom_dag.py
[2024-04-27T08:31:30.239+0000] {processor.py:756} INFO - Processing file /opt/airflow/dags/xcom_dag.py for tasks to queue
[2024-04-27T08:31:30.239+0000] {logging_mixin.py:120} INFO - [2024-04-27T08:31:30.239+0000] {dagbag.py:537} INFO - Filling up the DagBag from /opt/airflow/dags/xcom_dag.py
[2024-04-27T08:31:30.251+0000] {processor.py:766} INFO - DAG(s) dict_keys(['xcom_dag']) retrieved from /opt/airflow/dags/xcom_dag.py
[2024-04-27T08:31:30.272+0000] {logging_mixin.py:120} INFO - [2024-04-27T08:31:30.272+0000] {dag.py:2585} INFO - Sync 1 DAGs
[2024-04-27T08:31:30.287+0000] {logging_mixin.py:120} INFO - [2024-04-27T08:31:30.287+0000] {dag.py:3340} INFO - Setting next_dagrun for xcom_dag to 2024-04-26T00:00:00+00:00, run_after=2024-04-27T00:00:00+00:00
[2024-04-27T08:31:30.303+0000] {processor.py:176} INFO - Processing /opt/airflow/dags/xcom_dag.py took 0.067 seconds
