[2023-09-06T09:36:18.652+0000] {taskinstance.py:1165} INFO - Dependencies all met for <TaskInstance: consumer.read_dataset dataset_triggered__2023-09-06T09:36:17.498351+00:00 [queued]>
[2023-09-06T09:36:18.666+0000] {taskinstance.py:1165} INFO - Dependencies all met for <TaskInstance: consumer.read_dataset dataset_triggered__2023-09-06T09:36:17.498351+00:00 [queued]>
[2023-09-06T09:36:18.666+0000] {taskinstance.py:1362} INFO - 
--------------------------------------------------------------------------------
[2023-09-06T09:36:18.667+0000] {taskinstance.py:1363} INFO - Starting attempt 1 of 1
[2023-09-06T09:36:18.668+0000] {taskinstance.py:1364} INFO - 
--------------------------------------------------------------------------------
[2023-09-06T09:36:18.685+0000] {taskinstance.py:1383} INFO - Executing <Task(_PythonDecoratedOperator): read_dataset> on 2023-09-06 09:36:17.498351+00:00
[2023-09-06T09:36:18.696+0000] {standard_task_runner.py:55} INFO - Started process 113 to run task
[2023-09-06T09:36:18.728+0000] {standard_task_runner.py:82} INFO - Running: ['***', 'tasks', 'run', 'consumer', 'read_dataset', 'dataset_triggered__2023-09-06T09:36:17.498351+00:00', '--job-id', '142', '--raw', '--subdir', 'DAGS_FOLDER/consumer.py', '--cfg-path', '/tmp/tmpl66vw9qo']
[2023-09-06T09:36:18.733+0000] {standard_task_runner.py:83} INFO - Job 142: Subtask read_dataset
[2023-09-06T09:36:18.863+0000] {task_command.py:376} INFO - Running <TaskInstance: consumer.read_dataset dataset_triggered__2023-09-06T09:36:17.498351+00:00 [running]> on host c5447ba0ef6d
[2023-09-06T09:36:18.940+0000] {taskinstance.py:1592} INFO - Exporting the following env vars:
AIRFLOW_CTX_DAG_OWNER=***
AIRFLOW_CTX_DAG_ID=consumer
AIRFLOW_CTX_TASK_ID=read_dataset
AIRFLOW_CTX_EXECUTION_DATE=2023-09-06T09:36:17.498351+00:00
AIRFLOW_CTX_TRY_NUMBER=1
AIRFLOW_CTX_DAG_RUN_ID=dataset_triggered__2023-09-06T09:36:17.498351+00:00
[2023-09-06T09:36:18.955+0000] {logging_mixin.py:120} INFO - producer update
[2023-09-06T09:36:18.956+0000] {python.py:177} INFO - Done. Returned value was: None
[2023-09-06T09:36:18.976+0000] {taskinstance.py:1406} INFO - Marking task as SUCCESS. dag_id=consumer, task_id=read_dataset, execution_date=20230906T093617, start_date=20230906T093618, end_date=20230906T093618
[2023-09-06T09:36:19.009+0000] {local_task_job.py:164} INFO - Task exited with return code 0
[2023-09-06T09:36:19.034+0000] {local_task_job.py:273} INFO - 1 downstream tasks scheduled from follow-on schedule check
