[2024-01-06T19:29:25.608+0000] {processor.py:154} INFO - Started process (PID=63) to work on /opt/airflow/dags/elastic_dag.py
[2024-01-06T19:29:25.610+0000] {processor.py:756} INFO - Processing file /opt/airflow/dags/elastic_dag.py for tasks to queue
[2024-01-06T19:29:25.612+0000] {logging_mixin.py:120} INFO - [2024-01-06T19:29:25.612+0000] {dagbag.py:537} INFO - Filling up the DagBag from /opt/airflow/dags/elastic_dag.py
[2024-01-06T19:29:28.171+0000] {processor.py:766} INFO - DAG(s) dict_keys(['elastic_dag']) retrieved from /opt/airflow/dags/elastic_dag.py
[2024-01-06T19:29:28.556+0000] {logging_mixin.py:120} INFO - [2024-01-06T19:29:28.556+0000] {manager.py:507} INFO - Created Permission View: can edit on DAG:elastic_dag
[2024-01-06T19:29:28.574+0000] {logging_mixin.py:120} INFO - [2024-01-06T19:29:28.574+0000] {manager.py:507} INFO - Created Permission View: can read on DAG:elastic_dag
[2024-01-06T19:29:28.584+0000] {logging_mixin.py:120} INFO - [2024-01-06T19:29:28.584+0000] {manager.py:507} INFO - Created Permission View: can delete on DAG:elastic_dag
[2024-01-06T19:29:28.587+0000] {logging_mixin.py:120} INFO - [2024-01-06T19:29:28.586+0000] {dag.py:2585} INFO - Sync 1 DAGs
[2024-01-06T19:29:28.610+0000] {logging_mixin.py:120} INFO - [2024-01-06T19:29:28.610+0000] {dag.py:2606} INFO - Creating ORM DAG for elastic_dag
[2024-01-06T19:29:28.625+0000] {logging_mixin.py:120} INFO - [2024-01-06T19:29:28.624+0000] {dag.py:3340} INFO - Setting next_dagrun for elastic_dag to 2024-01-05T00:00:00+00:00, run_after=2024-01-06T00:00:00+00:00
[2024-01-06T19:29:28.664+0000] {processor.py:176} INFO - Processing /opt/airflow/dags/elastic_dag.py took 3.061 seconds
[2024-01-06T19:29:58.928+0000] {processor.py:154} INFO - Started process (PID=97) to work on /opt/airflow/dags/elastic_dag.py
[2024-01-06T19:29:58.933+0000] {processor.py:756} INFO - Processing file /opt/airflow/dags/elastic_dag.py for tasks to queue
[2024-01-06T19:29:58.936+0000] {logging_mixin.py:120} INFO - [2024-01-06T19:29:58.936+0000] {dagbag.py:537} INFO - Filling up the DagBag from /opt/airflow/dags/elastic_dag.py
[2024-01-06T19:30:00.570+0000] {processor.py:766} INFO - DAG(s) dict_keys(['elastic_dag']) retrieved from /opt/airflow/dags/elastic_dag.py
[2024-01-06T19:30:00.617+0000] {logging_mixin.py:120} INFO - [2024-01-06T19:30:00.617+0000] {dag.py:2585} INFO - Sync 1 DAGs
[2024-01-06T19:30:00.648+0000] {logging_mixin.py:120} INFO - [2024-01-06T19:30:00.647+0000] {dag.py:3340} INFO - Setting next_dagrun for elastic_dag to 2024-01-05T00:00:00+00:00, run_after=2024-01-06T00:00:00+00:00
[2024-01-06T19:30:00.678+0000] {processor.py:176} INFO - Processing /opt/airflow/dags/elastic_dag.py took 1.758 seconds
[2024-01-06T19:30:30.794+0000] {processor.py:154} INFO - Started process (PID=127) to work on /opt/airflow/dags/elastic_dag.py
[2024-01-06T19:30:30.796+0000] {processor.py:756} INFO - Processing file /opt/airflow/dags/elastic_dag.py for tasks to queue
[2024-01-06T19:30:30.801+0000] {logging_mixin.py:120} INFO - [2024-01-06T19:30:30.801+0000] {dagbag.py:537} INFO - Filling up the DagBag from /opt/airflow/dags/elastic_dag.py
[2024-01-06T19:30:31.602+0000] {processor.py:766} INFO - DAG(s) dict_keys(['elastic_dag']) retrieved from /opt/airflow/dags/elastic_dag.py
[2024-01-06T19:30:31.678+0000] {logging_mixin.py:120} INFO - [2024-01-06T19:30:31.677+0000] {dag.py:2585} INFO - Sync 1 DAGs
[2024-01-06T19:30:31.696+0000] {logging_mixin.py:120} INFO - [2024-01-06T19:30:31.696+0000] {dag.py:3340} INFO - Setting next_dagrun for elastic_dag to 2024-01-05T00:00:00+00:00, run_after=2024-01-06T00:00:00+00:00
[2024-01-06T19:30:31.713+0000] {processor.py:176} INFO - Processing /opt/airflow/dags/elastic_dag.py took 0.926 seconds
[2024-01-06T19:55:01.452+0000] {processor.py:154} INFO - Started process (PID=52) to work on /opt/airflow/dags/elastic_dag.py
[2024-01-06T19:55:01.454+0000] {processor.py:756} INFO - Processing file /opt/airflow/dags/elastic_dag.py for tasks to queue
[2024-01-06T19:55:01.456+0000] {logging_mixin.py:120} INFO - [2024-01-06T19:55:01.456+0000] {dagbag.py:537} INFO - Filling up the DagBag from /opt/airflow/dags/elastic_dag.py
[2024-01-06T19:55:01.979+0000] {processor.py:766} INFO - DAG(s) dict_keys(['elastic_dag']) retrieved from /opt/airflow/dags/elastic_dag.py
[2024-01-06T19:55:02.078+0000] {logging_mixin.py:120} INFO - [2024-01-06T19:55:02.078+0000] {dag.py:2585} INFO - Sync 1 DAGs
[2024-01-06T19:55:02.126+0000] {logging_mixin.py:120} INFO - [2024-01-06T19:55:02.126+0000] {dag.py:3340} INFO - Setting next_dagrun for elastic_dag to 2024-01-05T00:00:00+00:00, run_after=2024-01-06T00:00:00+00:00
[2024-01-06T19:55:02.193+0000] {processor.py:176} INFO - Processing /opt/airflow/dags/elastic_dag.py took 0.743 seconds
[2024-01-06T19:55:33.252+0000] {processor.py:154} INFO - Started process (PID=82) to work on /opt/airflow/dags/elastic_dag.py
[2024-01-06T19:55:33.253+0000] {processor.py:756} INFO - Processing file /opt/airflow/dags/elastic_dag.py for tasks to queue
[2024-01-06T19:55:33.256+0000] {logging_mixin.py:120} INFO - [2024-01-06T19:55:33.256+0000] {dagbag.py:537} INFO - Filling up the DagBag from /opt/airflow/dags/elastic_dag.py
[2024-01-06T19:55:33.623+0000] {processor.py:766} INFO - DAG(s) dict_keys(['elastic_dag']) retrieved from /opt/airflow/dags/elastic_dag.py
[2024-01-06T19:55:33.667+0000] {logging_mixin.py:120} INFO - [2024-01-06T19:55:33.667+0000] {dag.py:2585} INFO - Sync 1 DAGs
[2024-01-06T19:55:33.738+0000] {logging_mixin.py:120} INFO - [2024-01-06T19:55:33.738+0000] {dag.py:3340} INFO - Setting next_dagrun for elastic_dag to 2024-01-05T00:00:00+00:00, run_after=2024-01-06T00:00:00+00:00
[2024-01-06T19:55:33.766+0000] {processor.py:176} INFO - Processing /opt/airflow/dags/elastic_dag.py took 0.519 seconds
[2024-01-06T19:56:04.516+0000] {processor.py:154} INFO - Started process (PID=120) to work on /opt/airflow/dags/elastic_dag.py
[2024-01-06T19:56:04.519+0000] {processor.py:756} INFO - Processing file /opt/airflow/dags/elastic_dag.py for tasks to queue
[2024-01-06T19:56:04.522+0000] {logging_mixin.py:120} INFO - [2024-01-06T19:56:04.521+0000] {dagbag.py:537} INFO - Filling up the DagBag from /opt/airflow/dags/elastic_dag.py
[2024-01-06T19:56:04.790+0000] {processor.py:766} INFO - DAG(s) dict_keys(['elastic_dag']) retrieved from /opt/airflow/dags/elastic_dag.py
[2024-01-06T19:56:04.846+0000] {logging_mixin.py:120} INFO - [2024-01-06T19:56:04.846+0000] {dag.py:2585} INFO - Sync 1 DAGs
[2024-01-06T19:56:04.888+0000] {logging_mixin.py:120} INFO - [2024-01-06T19:56:04.888+0000] {dag.py:3340} INFO - Setting next_dagrun for elastic_dag to 2024-01-05T00:00:00+00:00, run_after=2024-01-06T00:00:00+00:00
[2024-01-06T19:56:04.917+0000] {processor.py:176} INFO - Processing /opt/airflow/dags/elastic_dag.py took 0.406 seconds
[2024-01-06T19:56:35.520+0000] {processor.py:154} INFO - Started process (PID=157) to work on /opt/airflow/dags/elastic_dag.py
[2024-01-06T19:56:35.522+0000] {processor.py:756} INFO - Processing file /opt/airflow/dags/elastic_dag.py for tasks to queue
[2024-01-06T19:56:35.523+0000] {logging_mixin.py:120} INFO - [2024-01-06T19:56:35.523+0000] {dagbag.py:537} INFO - Filling up the DagBag from /opt/airflow/dags/elastic_dag.py
[2024-01-06T19:56:35.803+0000] {processor.py:766} INFO - DAG(s) dict_keys(['elastic_dag']) retrieved from /opt/airflow/dags/elastic_dag.py
[2024-01-06T19:56:35.833+0000] {logging_mixin.py:120} INFO - [2024-01-06T19:56:35.833+0000] {dag.py:2585} INFO - Sync 1 DAGs
[2024-01-06T19:56:35.854+0000] {logging_mixin.py:120} INFO - [2024-01-06T19:56:35.853+0000] {dag.py:3340} INFO - Setting next_dagrun for elastic_dag to 2024-01-05T00:00:00+00:00, run_after=2024-01-06T00:00:00+00:00
[2024-01-06T19:56:35.867+0000] {processor.py:176} INFO - Processing /opt/airflow/dags/elastic_dag.py took 0.351 seconds
[2024-01-06T19:57:06.606+0000] {processor.py:154} INFO - Started process (PID=194) to work on /opt/airflow/dags/elastic_dag.py
[2024-01-06T19:57:06.608+0000] {processor.py:756} INFO - Processing file /opt/airflow/dags/elastic_dag.py for tasks to queue
[2024-01-06T19:57:06.610+0000] {logging_mixin.py:120} INFO - [2024-01-06T19:57:06.609+0000] {dagbag.py:537} INFO - Filling up the DagBag from /opt/airflow/dags/elastic_dag.py
[2024-01-06T19:57:06.802+0000] {processor.py:766} INFO - DAG(s) dict_keys(['elastic_dag']) retrieved from /opt/airflow/dags/elastic_dag.py
[2024-01-06T19:57:06.824+0000] {logging_mixin.py:120} INFO - [2024-01-06T19:57:06.824+0000] {dag.py:2585} INFO - Sync 1 DAGs
[2024-01-06T19:57:06.839+0000] {logging_mixin.py:120} INFO - [2024-01-06T19:57:06.839+0000] {dag.py:3340} INFO - Setting next_dagrun for elastic_dag to 2024-01-05T00:00:00+00:00, run_after=2024-01-06T00:00:00+00:00
[2024-01-06T19:57:06.850+0000] {processor.py:176} INFO - Processing /opt/airflow/dags/elastic_dag.py took 0.247 seconds
[2024-01-06T19:57:37.606+0000] {processor.py:154} INFO - Started process (PID=231) to work on /opt/airflow/dags/elastic_dag.py
[2024-01-06T19:57:37.607+0000] {processor.py:756} INFO - Processing file /opt/airflow/dags/elastic_dag.py for tasks to queue
[2024-01-06T19:57:37.608+0000] {logging_mixin.py:120} INFO - [2024-01-06T19:57:37.608+0000] {dagbag.py:537} INFO - Filling up the DagBag from /opt/airflow/dags/elastic_dag.py
[2024-01-06T19:57:37.788+0000] {processor.py:766} INFO - DAG(s) dict_keys(['elastic_dag']) retrieved from /opt/airflow/dags/elastic_dag.py
[2024-01-06T19:57:37.813+0000] {logging_mixin.py:120} INFO - [2024-01-06T19:57:37.812+0000] {dag.py:2585} INFO - Sync 1 DAGs
[2024-01-06T19:57:37.829+0000] {logging_mixin.py:120} INFO - [2024-01-06T19:57:37.829+0000] {dag.py:3340} INFO - Setting next_dagrun for elastic_dag to 2024-01-05T00:00:00+00:00, run_after=2024-01-06T00:00:00+00:00
[2024-01-06T19:57:37.840+0000] {processor.py:176} INFO - Processing /opt/airflow/dags/elastic_dag.py took 0.237 seconds
[2024-01-06T19:58:08.906+0000] {processor.py:154} INFO - Started process (PID=259) to work on /opt/airflow/dags/elastic_dag.py
[2024-01-06T19:58:08.908+0000] {processor.py:756} INFO - Processing file /opt/airflow/dags/elastic_dag.py for tasks to queue
[2024-01-06T19:58:08.910+0000] {logging_mixin.py:120} INFO - [2024-01-06T19:58:08.909+0000] {dagbag.py:537} INFO - Filling up the DagBag from /opt/airflow/dags/elastic_dag.py
[2024-01-06T19:58:09.136+0000] {processor.py:766} INFO - DAG(s) dict_keys(['elastic_dag']) retrieved from /opt/airflow/dags/elastic_dag.py
[2024-01-06T19:58:09.164+0000] {logging_mixin.py:120} INFO - [2024-01-06T19:58:09.164+0000] {dag.py:2585} INFO - Sync 1 DAGs
[2024-01-06T19:58:09.182+0000] {logging_mixin.py:120} INFO - [2024-01-06T19:58:09.182+0000] {dag.py:3340} INFO - Setting next_dagrun for elastic_dag to 2024-01-05T00:00:00+00:00, run_after=2024-01-06T00:00:00+00:00
[2024-01-06T19:58:09.193+0000] {processor.py:176} INFO - Processing /opt/airflow/dags/elastic_dag.py took 0.292 seconds
[2024-01-06T19:58:40.062+0000] {processor.py:154} INFO - Started process (PID=296) to work on /opt/airflow/dags/elastic_dag.py
[2024-01-06T19:58:40.064+0000] {processor.py:756} INFO - Processing file /opt/airflow/dags/elastic_dag.py for tasks to queue
[2024-01-06T19:58:40.065+0000] {logging_mixin.py:120} INFO - [2024-01-06T19:58:40.065+0000] {dagbag.py:537} INFO - Filling up the DagBag from /opt/airflow/dags/elastic_dag.py
[2024-01-06T19:58:40.334+0000] {processor.py:766} INFO - DAG(s) dict_keys(['elastic_dag']) retrieved from /opt/airflow/dags/elastic_dag.py
[2024-01-06T19:58:40.373+0000] {logging_mixin.py:120} INFO - [2024-01-06T19:58:40.373+0000] {dag.py:2585} INFO - Sync 1 DAGs
[2024-01-06T19:58:40.395+0000] {logging_mixin.py:120} INFO - [2024-01-06T19:58:40.395+0000] {dag.py:3340} INFO - Setting next_dagrun for elastic_dag to 2024-01-05T00:00:00+00:00, run_after=2024-01-06T00:00:00+00:00
[2024-01-06T19:58:40.410+0000] {processor.py:176} INFO - Processing /opt/airflow/dags/elastic_dag.py took 0.358 seconds
[2024-01-06T19:59:11.060+0000] {processor.py:154} INFO - Started process (PID=333) to work on /opt/airflow/dags/elastic_dag.py
[2024-01-06T19:59:11.061+0000] {processor.py:756} INFO - Processing file /opt/airflow/dags/elastic_dag.py for tasks to queue
[2024-01-06T19:59:11.062+0000] {logging_mixin.py:120} INFO - [2024-01-06T19:59:11.062+0000] {dagbag.py:537} INFO - Filling up the DagBag from /opt/airflow/dags/elastic_dag.py
[2024-01-06T19:59:11.258+0000] {processor.py:766} INFO - DAG(s) dict_keys(['elastic_dag']) retrieved from /opt/airflow/dags/elastic_dag.py
[2024-01-06T19:59:11.283+0000] {logging_mixin.py:120} INFO - [2024-01-06T19:59:11.283+0000] {dag.py:2585} INFO - Sync 1 DAGs
[2024-01-06T19:59:11.301+0000] {logging_mixin.py:120} INFO - [2024-01-06T19:59:11.301+0000] {dag.py:3340} INFO - Setting next_dagrun for elastic_dag to 2024-01-05T00:00:00+00:00, run_after=2024-01-06T00:00:00+00:00
[2024-01-06T19:59:11.311+0000] {processor.py:176} INFO - Processing /opt/airflow/dags/elastic_dag.py took 0.256 seconds
[2024-01-06T19:59:42.072+0000] {processor.py:154} INFO - Started process (PID=370) to work on /opt/airflow/dags/elastic_dag.py
[2024-01-06T19:59:42.075+0000] {processor.py:756} INFO - Processing file /opt/airflow/dags/elastic_dag.py for tasks to queue
[2024-01-06T19:59:42.077+0000] {logging_mixin.py:120} INFO - [2024-01-06T19:59:42.077+0000] {dagbag.py:537} INFO - Filling up the DagBag from /opt/airflow/dags/elastic_dag.py
[2024-01-06T19:59:42.249+0000] {processor.py:766} INFO - DAG(s) dict_keys(['elastic_dag']) retrieved from /opt/airflow/dags/elastic_dag.py
[2024-01-06T19:59:42.273+0000] {logging_mixin.py:120} INFO - [2024-01-06T19:59:42.273+0000] {dag.py:2585} INFO - Sync 1 DAGs
[2024-01-06T19:59:42.291+0000] {logging_mixin.py:120} INFO - [2024-01-06T19:59:42.291+0000] {dag.py:3340} INFO - Setting next_dagrun for elastic_dag to 2024-01-05T00:00:00+00:00, run_after=2024-01-06T00:00:00+00:00
[2024-01-06T19:59:42.301+0000] {processor.py:176} INFO - Processing /opt/airflow/dags/elastic_dag.py took 0.235 seconds
[2024-01-06T20:00:13.093+0000] {processor.py:154} INFO - Started process (PID=407) to work on /opt/airflow/dags/elastic_dag.py
[2024-01-06T20:00:13.095+0000] {processor.py:756} INFO - Processing file /opt/airflow/dags/elastic_dag.py for tasks to queue
[2024-01-06T20:00:13.096+0000] {logging_mixin.py:120} INFO - [2024-01-06T20:00:13.096+0000] {dagbag.py:537} INFO - Filling up the DagBag from /opt/airflow/dags/elastic_dag.py
[2024-01-06T20:00:13.274+0000] {processor.py:766} INFO - DAG(s) dict_keys(['elastic_dag']) retrieved from /opt/airflow/dags/elastic_dag.py
[2024-01-06T20:00:13.300+0000] {logging_mixin.py:120} INFO - [2024-01-06T20:00:13.299+0000] {dag.py:2585} INFO - Sync 1 DAGs
[2024-01-06T20:00:13.316+0000] {logging_mixin.py:120} INFO - [2024-01-06T20:00:13.316+0000] {dag.py:3340} INFO - Setting next_dagrun for elastic_dag to 2024-01-05T00:00:00+00:00, run_after=2024-01-06T00:00:00+00:00
[2024-01-06T20:00:13.328+0000] {processor.py:176} INFO - Processing /opt/airflow/dags/elastic_dag.py took 0.237 seconds
[2024-01-06T20:00:43.986+0000] {processor.py:154} INFO - Started process (PID=444) to work on /opt/airflow/dags/elastic_dag.py
[2024-01-06T20:00:43.987+0000] {processor.py:756} INFO - Processing file /opt/airflow/dags/elastic_dag.py for tasks to queue
[2024-01-06T20:00:43.988+0000] {logging_mixin.py:120} INFO - [2024-01-06T20:00:43.988+0000] {dagbag.py:537} INFO - Filling up the DagBag from /opt/airflow/dags/elastic_dag.py
[2024-01-06T20:00:44.285+0000] {processor.py:766} INFO - DAG(s) dict_keys(['elastic_dag']) retrieved from /opt/airflow/dags/elastic_dag.py
[2024-01-06T20:00:44.339+0000] {logging_mixin.py:120} INFO - [2024-01-06T20:00:44.339+0000] {dag.py:2585} INFO - Sync 1 DAGs
[2024-01-06T20:00:44.382+0000] {logging_mixin.py:120} INFO - [2024-01-06T20:00:44.381+0000] {dag.py:3340} INFO - Setting next_dagrun for elastic_dag to 2024-01-05T00:00:00+00:00, run_after=2024-01-06T00:00:00+00:00
[2024-01-06T20:00:44.444+0000] {processor.py:176} INFO - Processing /opt/airflow/dags/elastic_dag.py took 0.461 seconds
[2024-01-06T20:01:15.269+0000] {processor.py:154} INFO - Started process (PID=472) to work on /opt/airflow/dags/elastic_dag.py
[2024-01-06T20:01:15.271+0000] {processor.py:756} INFO - Processing file /opt/airflow/dags/elastic_dag.py for tasks to queue
[2024-01-06T20:01:15.272+0000] {logging_mixin.py:120} INFO - [2024-01-06T20:01:15.272+0000] {dagbag.py:537} INFO - Filling up the DagBag from /opt/airflow/dags/elastic_dag.py
[2024-01-06T20:01:15.544+0000] {processor.py:766} INFO - DAG(s) dict_keys(['elastic_dag']) retrieved from /opt/airflow/dags/elastic_dag.py
[2024-01-06T20:01:15.570+0000] {logging_mixin.py:120} INFO - [2024-01-06T20:01:15.569+0000] {dag.py:2585} INFO - Sync 1 DAGs
[2024-01-06T20:01:15.601+0000] {logging_mixin.py:120} INFO - [2024-01-06T20:01:15.601+0000] {dag.py:3340} INFO - Setting next_dagrun for elastic_dag to 2024-01-05T00:00:00+00:00, run_after=2024-01-06T00:00:00+00:00
[2024-01-06T20:01:15.613+0000] {processor.py:176} INFO - Processing /opt/airflow/dags/elastic_dag.py took 0.350 seconds
[2024-01-06T20:01:46.292+0000] {processor.py:154} INFO - Started process (PID=509) to work on /opt/airflow/dags/elastic_dag.py
[2024-01-06T20:01:46.294+0000] {processor.py:756} INFO - Processing file /opt/airflow/dags/elastic_dag.py for tasks to queue
[2024-01-06T20:01:46.295+0000] {logging_mixin.py:120} INFO - [2024-01-06T20:01:46.295+0000] {dagbag.py:537} INFO - Filling up the DagBag from /opt/airflow/dags/elastic_dag.py
[2024-01-06T20:01:46.518+0000] {processor.py:766} INFO - DAG(s) dict_keys(['elastic_dag']) retrieved from /opt/airflow/dags/elastic_dag.py
[2024-01-06T20:01:46.563+0000] {logging_mixin.py:120} INFO - [2024-01-06T20:01:46.563+0000] {dag.py:2585} INFO - Sync 1 DAGs
[2024-01-06T20:01:46.620+0000] {logging_mixin.py:120} INFO - [2024-01-06T20:01:46.620+0000] {dag.py:3340} INFO - Setting next_dagrun for elastic_dag to 2024-01-05T00:00:00+00:00, run_after=2024-01-06T00:00:00+00:00
[2024-01-06T20:01:46.641+0000] {processor.py:176} INFO - Processing /opt/airflow/dags/elastic_dag.py took 0.354 seconds
[2024-01-06T20:02:17.574+0000] {processor.py:154} INFO - Started process (PID=546) to work on /opt/airflow/dags/elastic_dag.py
[2024-01-06T20:02:17.576+0000] {processor.py:756} INFO - Processing file /opt/airflow/dags/elastic_dag.py for tasks to queue
[2024-01-06T20:02:17.577+0000] {logging_mixin.py:120} INFO - [2024-01-06T20:02:17.577+0000] {dagbag.py:537} INFO - Filling up the DagBag from /opt/airflow/dags/elastic_dag.py
[2024-01-06T20:02:17.767+0000] {processor.py:766} INFO - DAG(s) dict_keys(['elastic_dag']) retrieved from /opt/airflow/dags/elastic_dag.py
[2024-01-06T20:02:17.789+0000] {logging_mixin.py:120} INFO - [2024-01-06T20:02:17.789+0000] {dag.py:2585} INFO - Sync 1 DAGs
[2024-01-06T20:02:17.806+0000] {logging_mixin.py:120} INFO - [2024-01-06T20:02:17.806+0000] {dag.py:3340} INFO - Setting next_dagrun for elastic_dag to 2024-01-05T00:00:00+00:00, run_after=2024-01-06T00:00:00+00:00
[2024-01-06T20:02:17.816+0000] {processor.py:176} INFO - Processing /opt/airflow/dags/elastic_dag.py took 0.246 seconds
[2024-01-06T20:02:48.440+0000] {processor.py:154} INFO - Started process (PID=583) to work on /opt/airflow/dags/elastic_dag.py
[2024-01-06T20:02:48.441+0000] {processor.py:756} INFO - Processing file /opt/airflow/dags/elastic_dag.py for tasks to queue
[2024-01-06T20:02:48.442+0000] {logging_mixin.py:120} INFO - [2024-01-06T20:02:48.442+0000] {dagbag.py:537} INFO - Filling up the DagBag from /opt/airflow/dags/elastic_dag.py
[2024-01-06T20:02:48.642+0000] {processor.py:766} INFO - DAG(s) dict_keys(['elastic_dag']) retrieved from /opt/airflow/dags/elastic_dag.py
[2024-01-06T20:02:48.664+0000] {logging_mixin.py:120} INFO - [2024-01-06T20:02:48.664+0000] {dag.py:2585} INFO - Sync 1 DAGs
[2024-01-06T20:02:48.680+0000] {logging_mixin.py:120} INFO - [2024-01-06T20:02:48.680+0000] {dag.py:3340} INFO - Setting next_dagrun for elastic_dag to 2024-01-05T00:00:00+00:00, run_after=2024-01-06T00:00:00+00:00
[2024-01-06T20:02:48.691+0000] {processor.py:176} INFO - Processing /opt/airflow/dags/elastic_dag.py took 0.254 seconds
[2024-01-06T20:03:19.385+0000] {processor.py:154} INFO - Started process (PID=620) to work on /opt/airflow/dags/elastic_dag.py
[2024-01-06T20:03:19.387+0000] {processor.py:756} INFO - Processing file /opt/airflow/dags/elastic_dag.py for tasks to queue
[2024-01-06T20:03:19.388+0000] {logging_mixin.py:120} INFO - [2024-01-06T20:03:19.388+0000] {dagbag.py:537} INFO - Filling up the DagBag from /opt/airflow/dags/elastic_dag.py
[2024-01-06T20:03:19.584+0000] {processor.py:766} INFO - DAG(s) dict_keys(['elastic_dag']) retrieved from /opt/airflow/dags/elastic_dag.py
[2024-01-06T20:03:19.608+0000] {logging_mixin.py:120} INFO - [2024-01-06T20:03:19.608+0000] {dag.py:2585} INFO - Sync 1 DAGs
[2024-01-06T20:03:19.625+0000] {logging_mixin.py:120} INFO - [2024-01-06T20:03:19.625+0000] {dag.py:3340} INFO - Setting next_dagrun for elastic_dag to 2024-01-05T00:00:00+00:00, run_after=2024-01-06T00:00:00+00:00
[2024-01-06T20:03:19.640+0000] {processor.py:176} INFO - Processing /opt/airflow/dags/elastic_dag.py took 0.258 seconds
[2024-01-06T20:03:50.347+0000] {processor.py:154} INFO - Started process (PID=657) to work on /opt/airflow/dags/elastic_dag.py
[2024-01-06T20:03:50.350+0000] {processor.py:756} INFO - Processing file /opt/airflow/dags/elastic_dag.py for tasks to queue
[2024-01-06T20:03:50.352+0000] {logging_mixin.py:120} INFO - [2024-01-06T20:03:50.351+0000] {dagbag.py:537} INFO - Filling up the DagBag from /opt/airflow/dags/elastic_dag.py
[2024-01-06T20:03:50.527+0000] {processor.py:766} INFO - DAG(s) dict_keys(['elastic_dag']) retrieved from /opt/airflow/dags/elastic_dag.py
[2024-01-06T20:03:50.549+0000] {logging_mixin.py:120} INFO - [2024-01-06T20:03:50.548+0000] {dag.py:2585} INFO - Sync 1 DAGs
[2024-01-06T20:03:50.565+0000] {logging_mixin.py:120} INFO - [2024-01-06T20:03:50.565+0000] {dag.py:3340} INFO - Setting next_dagrun for elastic_dag to 2024-01-05T00:00:00+00:00, run_after=2024-01-06T00:00:00+00:00
[2024-01-06T20:03:50.575+0000] {processor.py:176} INFO - Processing /opt/airflow/dags/elastic_dag.py took 0.239 seconds
[2024-01-06T20:04:21.318+0000] {processor.py:154} INFO - Started process (PID=685) to work on /opt/airflow/dags/elastic_dag.py
[2024-01-06T20:04:21.320+0000] {processor.py:756} INFO - Processing file /opt/airflow/dags/elastic_dag.py for tasks to queue
[2024-01-06T20:04:21.322+0000] {logging_mixin.py:120} INFO - [2024-01-06T20:04:21.322+0000] {dagbag.py:537} INFO - Filling up the DagBag from /opt/airflow/dags/elastic_dag.py
[2024-01-06T20:04:21.560+0000] {processor.py:766} INFO - DAG(s) dict_keys(['elastic_dag']) retrieved from /opt/airflow/dags/elastic_dag.py
[2024-01-06T20:04:21.625+0000] {logging_mixin.py:120} INFO - [2024-01-06T20:04:21.625+0000] {dag.py:2585} INFO - Sync 1 DAGs
[2024-01-06T20:04:21.648+0000] {logging_mixin.py:120} INFO - [2024-01-06T20:04:21.648+0000] {dag.py:3340} INFO - Setting next_dagrun for elastic_dag to 2024-01-05T00:00:00+00:00, run_after=2024-01-06T00:00:00+00:00
[2024-01-06T20:04:21.674+0000] {processor.py:176} INFO - Processing /opt/airflow/dags/elastic_dag.py took 0.359 seconds
[2024-01-06T20:04:52.568+0000] {processor.py:154} INFO - Started process (PID=722) to work on /opt/airflow/dags/elastic_dag.py
[2024-01-06T20:04:52.570+0000] {processor.py:756} INFO - Processing file /opt/airflow/dags/elastic_dag.py for tasks to queue
[2024-01-06T20:04:52.571+0000] {logging_mixin.py:120} INFO - [2024-01-06T20:04:52.571+0000] {dagbag.py:537} INFO - Filling up the DagBag from /opt/airflow/dags/elastic_dag.py
[2024-01-06T20:04:52.780+0000] {processor.py:766} INFO - DAG(s) dict_keys(['elastic_dag']) retrieved from /opt/airflow/dags/elastic_dag.py
[2024-01-06T20:04:52.826+0000] {logging_mixin.py:120} INFO - [2024-01-06T20:04:52.825+0000] {dag.py:2585} INFO - Sync 1 DAGs
[2024-01-06T20:04:52.843+0000] {logging_mixin.py:120} INFO - [2024-01-06T20:04:52.843+0000] {dag.py:3340} INFO - Setting next_dagrun for elastic_dag to 2024-01-05T00:00:00+00:00, run_after=2024-01-06T00:00:00+00:00
[2024-01-06T20:04:52.854+0000] {processor.py:176} INFO - Processing /opt/airflow/dags/elastic_dag.py took 0.293 seconds
[2024-01-06T20:05:23.664+0000] {processor.py:154} INFO - Started process (PID=759) to work on /opt/airflow/dags/elastic_dag.py
[2024-01-06T20:05:23.667+0000] {processor.py:756} INFO - Processing file /opt/airflow/dags/elastic_dag.py for tasks to queue
[2024-01-06T20:05:23.668+0000] {logging_mixin.py:120} INFO - [2024-01-06T20:05:23.668+0000] {dagbag.py:537} INFO - Filling up the DagBag from /opt/airflow/dags/elastic_dag.py
[2024-01-06T20:05:23.863+0000] {processor.py:766} INFO - DAG(s) dict_keys(['elastic_dag']) retrieved from /opt/airflow/dags/elastic_dag.py
[2024-01-06T20:05:23.887+0000] {logging_mixin.py:120} INFO - [2024-01-06T20:05:23.887+0000] {dag.py:2585} INFO - Sync 1 DAGs
[2024-01-06T20:05:23.909+0000] {logging_mixin.py:120} INFO - [2024-01-06T20:05:23.909+0000] {dag.py:3340} INFO - Setting next_dagrun for elastic_dag to 2024-01-05T00:00:00+00:00, run_after=2024-01-06T00:00:00+00:00
[2024-01-06T20:05:23.920+0000] {processor.py:176} INFO - Processing /opt/airflow/dags/elastic_dag.py took 0.261 seconds
[2024-01-06T20:05:54.580+0000] {processor.py:154} INFO - Started process (PID=796) to work on /opt/airflow/dags/elastic_dag.py
[2024-01-06T20:05:54.583+0000] {processor.py:756} INFO - Processing file /opt/airflow/dags/elastic_dag.py for tasks to queue
[2024-01-06T20:05:54.584+0000] {logging_mixin.py:120} INFO - [2024-01-06T20:05:54.584+0000] {dagbag.py:537} INFO - Filling up the DagBag from /opt/airflow/dags/elastic_dag.py
[2024-01-06T20:05:54.752+0000] {processor.py:766} INFO - DAG(s) dict_keys(['elastic_dag']) retrieved from /opt/airflow/dags/elastic_dag.py
[2024-01-06T20:05:54.772+0000] {logging_mixin.py:120} INFO - [2024-01-06T20:05:54.772+0000] {dag.py:2585} INFO - Sync 1 DAGs
[2024-01-06T20:05:54.788+0000] {logging_mixin.py:120} INFO - [2024-01-06T20:05:54.788+0000] {dag.py:3340} INFO - Setting next_dagrun for elastic_dag to 2024-01-05T00:00:00+00:00, run_after=2024-01-06T00:00:00+00:00
[2024-01-06T20:05:54.798+0000] {processor.py:176} INFO - Processing /opt/airflow/dags/elastic_dag.py took 0.222 seconds
[2024-01-06T20:06:25.438+0000] {processor.py:154} INFO - Started process (PID=833) to work on /opt/airflow/dags/elastic_dag.py
[2024-01-06T20:06:25.439+0000] {processor.py:756} INFO - Processing file /opt/airflow/dags/elastic_dag.py for tasks to queue
[2024-01-06T20:06:25.440+0000] {logging_mixin.py:120} INFO - [2024-01-06T20:06:25.440+0000] {dagbag.py:537} INFO - Filling up the DagBag from /opt/airflow/dags/elastic_dag.py
[2024-01-06T20:06:25.639+0000] {processor.py:766} INFO - DAG(s) dict_keys(['elastic_dag']) retrieved from /opt/airflow/dags/elastic_dag.py
[2024-01-06T20:06:25.664+0000] {logging_mixin.py:120} INFO - [2024-01-06T20:06:25.664+0000] {dag.py:2585} INFO - Sync 1 DAGs
[2024-01-06T20:06:25.681+0000] {logging_mixin.py:120} INFO - [2024-01-06T20:06:25.681+0000] {dag.py:3340} INFO - Setting next_dagrun for elastic_dag to 2024-01-05T00:00:00+00:00, run_after=2024-01-06T00:00:00+00:00
[2024-01-06T20:06:25.691+0000] {processor.py:176} INFO - Processing /opt/airflow/dags/elastic_dag.py took 0.257 seconds
[2024-01-06T20:06:56.381+0000] {processor.py:154} INFO - Started process (PID=870) to work on /opt/airflow/dags/elastic_dag.py
[2024-01-06T20:06:56.384+0000] {processor.py:756} INFO - Processing file /opt/airflow/dags/elastic_dag.py for tasks to queue
[2024-01-06T20:06:56.385+0000] {logging_mixin.py:120} INFO - [2024-01-06T20:06:56.385+0000] {dagbag.py:537} INFO - Filling up the DagBag from /opt/airflow/dags/elastic_dag.py
[2024-01-06T20:06:56.590+0000] {processor.py:766} INFO - DAG(s) dict_keys(['elastic_dag']) retrieved from /opt/airflow/dags/elastic_dag.py
[2024-01-06T20:06:56.616+0000] {logging_mixin.py:120} INFO - [2024-01-06T20:06:56.616+0000] {dag.py:2585} INFO - Sync 1 DAGs
[2024-01-06T20:06:56.634+0000] {logging_mixin.py:120} INFO - [2024-01-06T20:06:56.634+0000] {dag.py:3340} INFO - Setting next_dagrun for elastic_dag to 2024-01-05T00:00:00+00:00, run_after=2024-01-06T00:00:00+00:00
[2024-01-06T20:06:56.645+0000] {processor.py:176} INFO - Processing /opt/airflow/dags/elastic_dag.py took 0.268 seconds
[2024-01-06T20:07:27.413+0000] {processor.py:154} INFO - Started process (PID=904) to work on /opt/airflow/dags/elastic_dag.py
[2024-01-06T20:07:27.427+0000] {processor.py:756} INFO - Processing file /opt/airflow/dags/elastic_dag.py for tasks to queue
[2024-01-06T20:07:27.433+0000] {logging_mixin.py:120} INFO - [2024-01-06T20:07:27.432+0000] {dagbag.py:537} INFO - Filling up the DagBag from /opt/airflow/dags/elastic_dag.py
[2024-01-06T20:07:29.080+0000] {processor.py:766} INFO - DAG(s) dict_keys(['elastic_dag']) retrieved from /opt/airflow/dags/elastic_dag.py
[2024-01-06T20:07:29.208+0000] {logging_mixin.py:120} INFO - [2024-01-06T20:07:29.208+0000] {dag.py:2585} INFO - Sync 1 DAGs
[2024-01-06T20:07:29.251+0000] {logging_mixin.py:120} INFO - [2024-01-06T20:07:29.251+0000] {dag.py:3340} INFO - Setting next_dagrun for elastic_dag to 2024-01-05T00:00:00+00:00, run_after=2024-01-06T00:00:00+00:00
[2024-01-06T20:07:29.287+0000] {processor.py:176} INFO - Processing /opt/airflow/dags/elastic_dag.py took 1.911 seconds
[2024-01-06T20:07:59.690+0000] {processor.py:154} INFO - Started process (PID=933) to work on /opt/airflow/dags/elastic_dag.py
[2024-01-06T20:07:59.692+0000] {processor.py:756} INFO - Processing file /opt/airflow/dags/elastic_dag.py for tasks to queue
[2024-01-06T20:07:59.692+0000] {logging_mixin.py:120} INFO - [2024-01-06T20:07:59.692+0000] {dagbag.py:537} INFO - Filling up the DagBag from /opt/airflow/dags/elastic_dag.py
[2024-01-06T20:07:59.932+0000] {processor.py:766} INFO - DAG(s) dict_keys(['elastic_dag']) retrieved from /opt/airflow/dags/elastic_dag.py
[2024-01-06T20:07:59.954+0000] {logging_mixin.py:120} INFO - [2024-01-06T20:07:59.953+0000] {dag.py:2585} INFO - Sync 1 DAGs
[2024-01-06T20:07:59.972+0000] {logging_mixin.py:120} INFO - [2024-01-06T20:07:59.972+0000] {dag.py:3340} INFO - Setting next_dagrun for elastic_dag to 2024-01-05T00:00:00+00:00, run_after=2024-01-06T00:00:00+00:00
[2024-01-06T20:07:59.983+0000] {processor.py:176} INFO - Processing /opt/airflow/dags/elastic_dag.py took 0.301 seconds
[2024-01-06T20:08:30.132+0000] {processor.py:154} INFO - Started process (PID=972) to work on /opt/airflow/dags/elastic_dag.py
[2024-01-06T20:08:30.133+0000] {processor.py:756} INFO - Processing file /opt/airflow/dags/elastic_dag.py for tasks to queue
[2024-01-06T20:08:30.133+0000] {logging_mixin.py:120} INFO - [2024-01-06T20:08:30.133+0000] {dagbag.py:537} INFO - Filling up the DagBag from /opt/airflow/dags/elastic_dag.py
[2024-01-06T20:08:30.303+0000] {processor.py:766} INFO - DAG(s) dict_keys(['elastic_dag']) retrieved from /opt/airflow/dags/elastic_dag.py
[2024-01-06T20:08:30.326+0000] {logging_mixin.py:120} INFO - [2024-01-06T20:08:30.326+0000] {dag.py:2585} INFO - Sync 1 DAGs
[2024-01-06T20:08:30.340+0000] {logging_mixin.py:120} INFO - [2024-01-06T20:08:30.339+0000] {dag.py:3340} INFO - Setting next_dagrun for elastic_dag to 2024-01-05T00:00:00+00:00, run_after=2024-01-06T00:00:00+00:00
[2024-01-06T20:08:30.350+0000] {processor.py:176} INFO - Processing /opt/airflow/dags/elastic_dag.py took 0.221 seconds
[2024-01-06T20:09:00.868+0000] {processor.py:154} INFO - Started process (PID=1007) to work on /opt/airflow/dags/elastic_dag.py
[2024-01-06T20:09:00.870+0000] {processor.py:756} INFO - Processing file /opt/airflow/dags/elastic_dag.py for tasks to queue
[2024-01-06T20:09:00.871+0000] {logging_mixin.py:120} INFO - [2024-01-06T20:09:00.871+0000] {dagbag.py:537} INFO - Filling up the DagBag from /opt/airflow/dags/elastic_dag.py
[2024-01-06T20:09:01.082+0000] {processor.py:766} INFO - DAG(s) dict_keys(['elastic_dag']) retrieved from /opt/airflow/dags/elastic_dag.py
[2024-01-06T20:09:01.108+0000] {logging_mixin.py:120} INFO - [2024-01-06T20:09:01.107+0000] {dag.py:2585} INFO - Sync 1 DAGs
[2024-01-06T20:09:01.131+0000] {logging_mixin.py:120} INFO - [2024-01-06T20:09:01.131+0000] {dag.py:3340} INFO - Setting next_dagrun for elastic_dag to 2024-01-05T00:00:00+00:00, run_after=2024-01-06T00:00:00+00:00
[2024-01-06T20:09:01.149+0000] {processor.py:176} INFO - Processing /opt/airflow/dags/elastic_dag.py took 0.292 seconds
[2024-01-06T20:09:31.517+0000] {processor.py:154} INFO - Started process (PID=1044) to work on /opt/airflow/dags/elastic_dag.py
[2024-01-06T20:09:31.521+0000] {processor.py:756} INFO - Processing file /opt/airflow/dags/elastic_dag.py for tasks to queue
[2024-01-06T20:09:31.523+0000] {logging_mixin.py:120} INFO - [2024-01-06T20:09:31.523+0000] {dagbag.py:537} INFO - Filling up the DagBag from /opt/airflow/dags/elastic_dag.py
[2024-01-06T20:09:31.877+0000] {processor.py:766} INFO - DAG(s) dict_keys(['elastic_dag']) retrieved from /opt/airflow/dags/elastic_dag.py
[2024-01-06T20:09:31.904+0000] {logging_mixin.py:120} INFO - [2024-01-06T20:09:31.904+0000] {dag.py:2585} INFO - Sync 1 DAGs
[2024-01-06T20:09:31.919+0000] {logging_mixin.py:120} INFO - [2024-01-06T20:09:31.919+0000] {dag.py:3340} INFO - Setting next_dagrun for elastic_dag to 2024-01-05T00:00:00+00:00, run_after=2024-01-06T00:00:00+00:00
[2024-01-06T20:09:31.928+0000] {processor.py:176} INFO - Processing /opt/airflow/dags/elastic_dag.py took 0.421 seconds
[2024-01-06T20:10:01.970+0000] {processor.py:154} INFO - Started process (PID=1073) to work on /opt/airflow/dags/elastic_dag.py
[2024-01-06T20:10:01.971+0000] {processor.py:756} INFO - Processing file /opt/airflow/dags/elastic_dag.py for tasks to queue
[2024-01-06T20:10:01.972+0000] {logging_mixin.py:120} INFO - [2024-01-06T20:10:01.971+0000] {dagbag.py:537} INFO - Filling up the DagBag from /opt/airflow/dags/elastic_dag.py
[2024-01-06T20:10:02.179+0000] {processor.py:766} INFO - DAG(s) dict_keys(['elastic_dag']) retrieved from /opt/airflow/dags/elastic_dag.py
[2024-01-06T20:10:02.206+0000] {logging_mixin.py:120} INFO - [2024-01-06T20:10:02.205+0000] {dag.py:2585} INFO - Sync 1 DAGs
[2024-01-06T20:10:02.223+0000] {logging_mixin.py:120} INFO - [2024-01-06T20:10:02.223+0000] {dag.py:3340} INFO - Setting next_dagrun for elastic_dag to 2024-01-05T00:00:00+00:00, run_after=2024-01-06T00:00:00+00:00
[2024-01-06T20:10:02.232+0000] {processor.py:176} INFO - Processing /opt/airflow/dags/elastic_dag.py took 0.264 seconds
[2024-01-06T20:10:32.263+0000] {processor.py:154} INFO - Started process (PID=1112) to work on /opt/airflow/dags/elastic_dag.py
[2024-01-06T20:10:32.264+0000] {processor.py:756} INFO - Processing file /opt/airflow/dags/elastic_dag.py for tasks to queue
[2024-01-06T20:10:32.264+0000] {logging_mixin.py:120} INFO - [2024-01-06T20:10:32.264+0000] {dagbag.py:537} INFO - Filling up the DagBag from /opt/airflow/dags/elastic_dag.py
[2024-01-06T20:10:32.428+0000] {processor.py:766} INFO - DAG(s) dict_keys(['elastic_dag']) retrieved from /opt/airflow/dags/elastic_dag.py
[2024-01-06T20:10:32.451+0000] {logging_mixin.py:120} INFO - [2024-01-06T20:10:32.451+0000] {dag.py:2585} INFO - Sync 1 DAGs
[2024-01-06T20:10:32.465+0000] {logging_mixin.py:120} INFO - [2024-01-06T20:10:32.465+0000] {dag.py:3340} INFO - Setting next_dagrun for elastic_dag to 2024-01-05T00:00:00+00:00, run_after=2024-01-06T00:00:00+00:00
[2024-01-06T20:10:32.474+0000] {processor.py:176} INFO - Processing /opt/airflow/dags/elastic_dag.py took 0.213 seconds
[2024-01-06T20:11:03.365+0000] {processor.py:154} INFO - Started process (PID=1149) to work on /opt/airflow/dags/elastic_dag.py
[2024-01-06T20:11:03.366+0000] {processor.py:756} INFO - Processing file /opt/airflow/dags/elastic_dag.py for tasks to queue
[2024-01-06T20:11:03.367+0000] {logging_mixin.py:120} INFO - [2024-01-06T20:11:03.367+0000] {dagbag.py:537} INFO - Filling up the DagBag from /opt/airflow/dags/elastic_dag.py
[2024-01-06T20:11:03.570+0000] {processor.py:766} INFO - DAG(s) dict_keys(['elastic_dag']) retrieved from /opt/airflow/dags/elastic_dag.py
[2024-01-06T20:11:03.605+0000] {logging_mixin.py:120} INFO - [2024-01-06T20:11:03.605+0000] {dag.py:2585} INFO - Sync 1 DAGs
[2024-01-06T20:11:03.623+0000] {logging_mixin.py:120} INFO - [2024-01-06T20:11:03.623+0000] {dag.py:3340} INFO - Setting next_dagrun for elastic_dag to 2024-01-05T00:00:00+00:00, run_after=2024-01-06T00:00:00+00:00
[2024-01-06T20:11:03.634+0000] {processor.py:176} INFO - Processing /opt/airflow/dags/elastic_dag.py took 0.271 seconds
[2024-01-06T20:11:33.954+0000] {processor.py:154} INFO - Started process (PID=1186) to work on /opt/airflow/dags/elastic_dag.py
[2024-01-06T20:11:33.956+0000] {processor.py:756} INFO - Processing file /opt/airflow/dags/elastic_dag.py for tasks to queue
[2024-01-06T20:11:33.957+0000] {logging_mixin.py:120} INFO - [2024-01-06T20:11:33.957+0000] {dagbag.py:537} INFO - Filling up the DagBag from /opt/airflow/dags/elastic_dag.py
[2024-01-06T20:11:34.315+0000] {processor.py:766} INFO - DAG(s) dict_keys(['elastic_dag']) retrieved from /opt/airflow/dags/elastic_dag.py
[2024-01-06T20:11:34.347+0000] {logging_mixin.py:120} INFO - [2024-01-06T20:11:34.347+0000] {dag.py:2585} INFO - Sync 1 DAGs
[2024-01-06T20:11:34.518+0000] {logging_mixin.py:120} INFO - [2024-01-06T20:11:34.517+0000] {dag.py:3340} INFO - Setting next_dagrun for elastic_dag to 2024-01-05T00:00:00+00:00, run_after=2024-01-06T00:00:00+00:00
[2024-01-06T20:11:34.579+0000] {processor.py:176} INFO - Processing /opt/airflow/dags/elastic_dag.py took 0.633 seconds
[2024-01-06T20:12:05.389+0000] {processor.py:154} INFO - Started process (PID=1225) to work on /opt/airflow/dags/elastic_dag.py
[2024-01-06T20:12:05.391+0000] {processor.py:756} INFO - Processing file /opt/airflow/dags/elastic_dag.py for tasks to queue
[2024-01-06T20:12:05.393+0000] {logging_mixin.py:120} INFO - [2024-01-06T20:12:05.393+0000] {dagbag.py:537} INFO - Filling up the DagBag from /opt/airflow/dags/elastic_dag.py
[2024-01-06T20:12:05.583+0000] {processor.py:766} INFO - DAG(s) dict_keys(['elastic_dag']) retrieved from /opt/airflow/dags/elastic_dag.py
[2024-01-06T20:12:05.603+0000] {logging_mixin.py:120} INFO - [2024-01-06T20:12:05.603+0000] {dag.py:2585} INFO - Sync 1 DAGs
[2024-01-06T20:12:05.619+0000] {logging_mixin.py:120} INFO - [2024-01-06T20:12:05.618+0000] {dag.py:3340} INFO - Setting next_dagrun for elastic_dag to 2024-01-05T00:00:00+00:00, run_after=2024-01-06T00:00:00+00:00
[2024-01-06T20:12:05.629+0000] {processor.py:176} INFO - Processing /opt/airflow/dags/elastic_dag.py took 0.245 seconds
[2024-01-06T20:12:35.699+0000] {processor.py:154} INFO - Started process (PID=1262) to work on /opt/airflow/dags/elastic_dag.py
[2024-01-06T20:12:35.702+0000] {processor.py:756} INFO - Processing file /opt/airflow/dags/elastic_dag.py for tasks to queue
[2024-01-06T20:12:35.704+0000] {logging_mixin.py:120} INFO - [2024-01-06T20:12:35.704+0000] {dagbag.py:537} INFO - Filling up the DagBag from /opt/airflow/dags/elastic_dag.py
[2024-01-06T20:12:36.003+0000] {processor.py:766} INFO - DAG(s) dict_keys(['elastic_dag']) retrieved from /opt/airflow/dags/elastic_dag.py
[2024-01-06T20:12:36.030+0000] {logging_mixin.py:120} INFO - [2024-01-06T20:12:36.029+0000] {dag.py:2585} INFO - Sync 1 DAGs
[2024-01-06T20:12:36.047+0000] {logging_mixin.py:120} INFO - [2024-01-06T20:12:36.047+0000] {dag.py:3340} INFO - Setting next_dagrun for elastic_dag to 2024-01-05T00:00:00+00:00, run_after=2024-01-06T00:00:00+00:00
[2024-01-06T20:12:36.057+0000] {processor.py:176} INFO - Processing /opt/airflow/dags/elastic_dag.py took 0.387 seconds
[2024-01-06T20:13:06.107+0000] {processor.py:154} INFO - Started process (PID=1291) to work on /opt/airflow/dags/elastic_dag.py
[2024-01-06T20:13:06.107+0000] {processor.py:756} INFO - Processing file /opt/airflow/dags/elastic_dag.py for tasks to queue
[2024-01-06T20:13:06.108+0000] {logging_mixin.py:120} INFO - [2024-01-06T20:13:06.108+0000] {dagbag.py:537} INFO - Filling up the DagBag from /opt/airflow/dags/elastic_dag.py
[2024-01-06T20:13:06.281+0000] {processor.py:766} INFO - DAG(s) dict_keys(['elastic_dag']) retrieved from /opt/airflow/dags/elastic_dag.py
[2024-01-06T20:13:06.303+0000] {logging_mixin.py:120} INFO - [2024-01-06T20:13:06.303+0000] {dag.py:2585} INFO - Sync 1 DAGs
[2024-01-06T20:13:06.316+0000] {logging_mixin.py:120} INFO - [2024-01-06T20:13:06.316+0000] {dag.py:3340} INFO - Setting next_dagrun for elastic_dag to 2024-01-05T00:00:00+00:00, run_after=2024-01-06T00:00:00+00:00
[2024-01-06T20:13:06.325+0000] {processor.py:176} INFO - Processing /opt/airflow/dags/elastic_dag.py took 0.220 seconds
[2024-01-06T20:13:36.922+0000] {processor.py:154} INFO - Started process (PID=1327) to work on /opt/airflow/dags/elastic_dag.py
[2024-01-06T20:13:36.925+0000] {processor.py:756} INFO - Processing file /opt/airflow/dags/elastic_dag.py for tasks to queue
[2024-01-06T20:13:36.926+0000] {logging_mixin.py:120} INFO - [2024-01-06T20:13:36.925+0000] {dagbag.py:537} INFO - Filling up the DagBag from /opt/airflow/dags/elastic_dag.py
[2024-01-06T20:13:37.099+0000] {processor.py:766} INFO - DAG(s) dict_keys(['elastic_dag']) retrieved from /opt/airflow/dags/elastic_dag.py
[2024-01-06T20:13:37.120+0000] {logging_mixin.py:120} INFO - [2024-01-06T20:13:37.120+0000] {dag.py:2585} INFO - Sync 1 DAGs
[2024-01-06T20:13:37.132+0000] {logging_mixin.py:120} INFO - [2024-01-06T20:13:37.132+0000] {dag.py:3340} INFO - Setting next_dagrun for elastic_dag to 2024-01-05T00:00:00+00:00, run_after=2024-01-06T00:00:00+00:00
[2024-01-06T20:13:37.142+0000] {processor.py:176} INFO - Processing /opt/airflow/dags/elastic_dag.py took 0.225 seconds
[2024-01-06T20:14:07.783+0000] {processor.py:154} INFO - Started process (PID=1364) to work on /opt/airflow/dags/elastic_dag.py
[2024-01-06T20:14:07.785+0000] {processor.py:756} INFO - Processing file /opt/airflow/dags/elastic_dag.py for tasks to queue
[2024-01-06T20:14:07.785+0000] {logging_mixin.py:120} INFO - [2024-01-06T20:14:07.785+0000] {dagbag.py:537} INFO - Filling up the DagBag from /opt/airflow/dags/elastic_dag.py
[2024-01-06T20:14:07.998+0000] {processor.py:766} INFO - DAG(s) dict_keys(['elastic_dag']) retrieved from /opt/airflow/dags/elastic_dag.py
[2024-01-06T20:14:08.019+0000] {logging_mixin.py:120} INFO - [2024-01-06T20:14:08.018+0000] {dag.py:2585} INFO - Sync 1 DAGs
[2024-01-06T20:14:08.035+0000] {logging_mixin.py:120} INFO - [2024-01-06T20:14:08.035+0000] {dag.py:3340} INFO - Setting next_dagrun for elastic_dag to 2024-01-05T00:00:00+00:00, run_after=2024-01-06T00:00:00+00:00
[2024-01-06T20:14:08.044+0000] {processor.py:176} INFO - Processing /opt/airflow/dags/elastic_dag.py took 0.268 seconds
[2024-01-06T20:14:39.036+0000] {processor.py:154} INFO - Started process (PID=1402) to work on /opt/airflow/dags/elastic_dag.py
[2024-01-06T20:14:39.046+0000] {processor.py:756} INFO - Processing file /opt/airflow/dags/elastic_dag.py for tasks to queue
[2024-01-06T20:14:39.051+0000] {logging_mixin.py:120} INFO - [2024-01-06T20:14:39.050+0000] {dagbag.py:537} INFO - Filling up the DagBag from /opt/airflow/dags/elastic_dag.py
[2024-01-06T20:14:39.548+0000] {processor.py:766} INFO - DAG(s) dict_keys(['elastic_dag']) retrieved from /opt/airflow/dags/elastic_dag.py
[2024-01-06T20:14:39.594+0000] {logging_mixin.py:120} INFO - [2024-01-06T20:14:39.594+0000] {dag.py:2585} INFO - Sync 1 DAGs
[2024-01-06T20:14:39.614+0000] {logging_mixin.py:120} INFO - [2024-01-06T20:14:39.614+0000] {dag.py:3340} INFO - Setting next_dagrun for elastic_dag to 2024-01-05T00:00:00+00:00, run_after=2024-01-06T00:00:00+00:00
[2024-01-06T20:14:39.626+0000] {processor.py:176} INFO - Processing /opt/airflow/dags/elastic_dag.py took 0.613 seconds
[2024-01-06T20:15:09.755+0000] {processor.py:154} INFO - Started process (PID=1440) to work on /opt/airflow/dags/elastic_dag.py
[2024-01-06T20:15:09.757+0000] {processor.py:756} INFO - Processing file /opt/airflow/dags/elastic_dag.py for tasks to queue
[2024-01-06T20:15:09.758+0000] {logging_mixin.py:120} INFO - [2024-01-06T20:15:09.758+0000] {dagbag.py:537} INFO - Filling up the DagBag from /opt/airflow/dags/elastic_dag.py
[2024-01-06T20:15:09.953+0000] {processor.py:766} INFO - DAG(s) dict_keys(['elastic_dag']) retrieved from /opt/airflow/dags/elastic_dag.py
[2024-01-06T20:15:09.976+0000] {logging_mixin.py:120} INFO - [2024-01-06T20:15:09.975+0000] {dag.py:2585} INFO - Sync 1 DAGs
[2024-01-06T20:15:09.990+0000] {logging_mixin.py:120} INFO - [2024-01-06T20:15:09.990+0000] {dag.py:3340} INFO - Setting next_dagrun for elastic_dag to 2024-01-05T00:00:00+00:00, run_after=2024-01-06T00:00:00+00:00
[2024-01-06T20:15:10.002+0000] {processor.py:176} INFO - Processing /opt/airflow/dags/elastic_dag.py took 0.254 seconds
[2024-01-06T20:15:40.629+0000] {processor.py:154} INFO - Started process (PID=1477) to work on /opt/airflow/dags/elastic_dag.py
[2024-01-06T20:15:40.630+0000] {processor.py:756} INFO - Processing file /opt/airflow/dags/elastic_dag.py for tasks to queue
[2024-01-06T20:15:40.631+0000] {logging_mixin.py:120} INFO - [2024-01-06T20:15:40.631+0000] {dagbag.py:537} INFO - Filling up the DagBag from /opt/airflow/dags/elastic_dag.py
[2024-01-06T20:15:40.786+0000] {processor.py:766} INFO - DAG(s) dict_keys(['elastic_dag']) retrieved from /opt/airflow/dags/elastic_dag.py
[2024-01-06T20:15:40.805+0000] {logging_mixin.py:120} INFO - [2024-01-06T20:15:40.805+0000] {dag.py:2585} INFO - Sync 1 DAGs
[2024-01-06T20:15:40.817+0000] {logging_mixin.py:120} INFO - [2024-01-06T20:15:40.817+0000] {dag.py:3340} INFO - Setting next_dagrun for elastic_dag to 2024-01-05T00:00:00+00:00, run_after=2024-01-06T00:00:00+00:00
[2024-01-06T20:15:40.825+0000] {processor.py:176} INFO - Processing /opt/airflow/dags/elastic_dag.py took 0.199 seconds
[2024-01-06T20:16:11.508+0000] {processor.py:154} INFO - Started process (PID=1505) to work on /opt/airflow/dags/elastic_dag.py
[2024-01-06T20:16:11.509+0000] {processor.py:756} INFO - Processing file /opt/airflow/dags/elastic_dag.py for tasks to queue
[2024-01-06T20:16:11.509+0000] {logging_mixin.py:120} INFO - [2024-01-06T20:16:11.509+0000] {dagbag.py:537} INFO - Filling up the DagBag from /opt/airflow/dags/elastic_dag.py
[2024-01-06T20:16:11.694+0000] {processor.py:766} INFO - DAG(s) dict_keys(['elastic_dag']) retrieved from /opt/airflow/dags/elastic_dag.py
[2024-01-06T20:16:11.720+0000] {logging_mixin.py:120} INFO - [2024-01-06T20:16:11.720+0000] {dag.py:2585} INFO - Sync 1 DAGs
[2024-01-06T20:16:11.735+0000] {logging_mixin.py:120} INFO - [2024-01-06T20:16:11.735+0000] {dag.py:3340} INFO - Setting next_dagrun for elastic_dag to 2024-01-05T00:00:00+00:00, run_after=2024-01-06T00:00:00+00:00
[2024-01-06T20:16:11.751+0000] {processor.py:176} INFO - Processing /opt/airflow/dags/elastic_dag.py took 0.245 seconds
[2024-01-06T20:16:41.873+0000] {processor.py:154} INFO - Started process (PID=1541) to work on /opt/airflow/dags/elastic_dag.py
[2024-01-06T20:16:41.876+0000] {processor.py:756} INFO - Processing file /opt/airflow/dags/elastic_dag.py for tasks to queue
[2024-01-06T20:16:41.877+0000] {logging_mixin.py:120} INFO - [2024-01-06T20:16:41.877+0000] {dagbag.py:537} INFO - Filling up the DagBag from /opt/airflow/dags/elastic_dag.py
[2024-01-06T20:16:42.082+0000] {processor.py:766} INFO - DAG(s) dict_keys(['elastic_dag']) retrieved from /opt/airflow/dags/elastic_dag.py
[2024-01-06T20:16:42.110+0000] {logging_mixin.py:120} INFO - [2024-01-06T20:16:42.110+0000] {dag.py:2585} INFO - Sync 1 DAGs
[2024-01-06T20:16:42.126+0000] {logging_mixin.py:120} INFO - [2024-01-06T20:16:42.126+0000] {dag.py:3340} INFO - Setting next_dagrun for elastic_dag to 2024-01-05T00:00:00+00:00, run_after=2024-01-06T00:00:00+00:00
[2024-01-06T20:16:42.136+0000] {processor.py:176} INFO - Processing /opt/airflow/dags/elastic_dag.py took 0.271 seconds
[2024-01-06T20:34:32.314+0000] {processor.py:154} INFO - Started process (PID=52) to work on /opt/airflow/dags/elastic_dag.py
[2024-01-06T20:34:32.317+0000] {processor.py:756} INFO - Processing file /opt/airflow/dags/elastic_dag.py for tasks to queue
[2024-01-06T20:34:32.318+0000] {logging_mixin.py:120} INFO - [2024-01-06T20:34:32.318+0000] {dagbag.py:537} INFO - Filling up the DagBag from /opt/airflow/dags/elastic_dag.py
[2024-01-06T20:34:33.022+0000] {processor.py:766} INFO - DAG(s) dict_keys(['elastic_dag']) retrieved from /opt/airflow/dags/elastic_dag.py
[2024-01-06T20:34:33.315+0000] {logging_mixin.py:120} INFO - [2024-01-06T20:34:33.315+0000] {dag.py:2585} INFO - Sync 1 DAGs
[2024-01-06T20:34:33.371+0000] {logging_mixin.py:120} INFO - [2024-01-06T20:34:33.371+0000] {dag.py:3340} INFO - Setting next_dagrun for elastic_dag to 2024-01-05T00:00:00+00:00, run_after=2024-01-06T00:00:00+00:00
[2024-01-06T20:34:33.405+0000] {processor.py:176} INFO - Processing /opt/airflow/dags/elastic_dag.py took 1.100 seconds
[2024-01-06T21:28:02.125+0000] {processor.py:154} INFO - Started process (PID=55) to work on /opt/airflow/dags/elastic_dag.py
[2024-01-06T21:28:02.126+0000] {processor.py:756} INFO - Processing file /opt/airflow/dags/elastic_dag.py for tasks to queue
[2024-01-06T21:28:02.128+0000] {logging_mixin.py:120} INFO - [2024-01-06T21:28:02.128+0000] {dagbag.py:537} INFO - Filling up the DagBag from /opt/airflow/dags/elastic_dag.py
[2024-01-06T21:28:03.365+0000] {processor.py:766} INFO - DAG(s) dict_keys(['elastic_dag']) retrieved from /opt/airflow/dags/elastic_dag.py
[2024-01-06T21:28:03.456+0000] {logging_mixin.py:120} INFO - [2024-01-06T21:28:03.455+0000] {dag.py:2585} INFO - Sync 1 DAGs
[2024-01-06T21:28:03.474+0000] {logging_mixin.py:120} INFO - [2024-01-06T21:28:03.474+0000] {dag.py:3340} INFO - Setting next_dagrun for elastic_dag to 2024-01-05T00:00:00+00:00, run_after=2024-01-06T00:00:00+00:00
[2024-01-06T21:28:03.490+0000] {processor.py:176} INFO - Processing /opt/airflow/dags/elastic_dag.py took 1.375 seconds
[2024-01-06T21:28:33.837+0000] {processor.py:154} INFO - Started process (PID=92) to work on /opt/airflow/dags/elastic_dag.py
[2024-01-06T21:28:33.839+0000] {processor.py:756} INFO - Processing file /opt/airflow/dags/elastic_dag.py for tasks to queue
[2024-01-06T21:28:33.841+0000] {logging_mixin.py:120} INFO - [2024-01-06T21:28:33.840+0000] {dagbag.py:537} INFO - Filling up the DagBag from /opt/airflow/dags/elastic_dag.py
[2024-01-06T21:28:34.740+0000] {processor.py:766} INFO - DAG(s) dict_keys(['elastic_dag']) retrieved from /opt/airflow/dags/elastic_dag.py
[2024-01-06T21:28:34.783+0000] {logging_mixin.py:120} INFO - [2024-01-06T21:28:34.783+0000] {dag.py:2585} INFO - Sync 1 DAGs
[2024-01-06T21:28:34.805+0000] {logging_mixin.py:120} INFO - [2024-01-06T21:28:34.805+0000] {dag.py:3340} INFO - Setting next_dagrun for elastic_dag to 2024-01-05T00:00:00+00:00, run_after=2024-01-06T00:00:00+00:00
[2024-01-06T21:28:34.852+0000] {processor.py:176} INFO - Processing /opt/airflow/dags/elastic_dag.py took 1.022 seconds
[2024-01-06T21:29:05.694+0000] {processor.py:154} INFO - Started process (PID=130) to work on /opt/airflow/dags/elastic_dag.py
[2024-01-06T21:29:05.695+0000] {processor.py:756} INFO - Processing file /opt/airflow/dags/elastic_dag.py for tasks to queue
[2024-01-06T21:29:05.695+0000] {logging_mixin.py:120} INFO - [2024-01-06T21:29:05.695+0000] {dagbag.py:537} INFO - Filling up the DagBag from /opt/airflow/dags/elastic_dag.py
[2024-01-06T21:29:06.119+0000] {processor.py:766} INFO - DAG(s) dict_keys(['elastic_dag']) retrieved from /opt/airflow/dags/elastic_dag.py
[2024-01-06T21:29:06.145+0000] {logging_mixin.py:120} INFO - [2024-01-06T21:29:06.145+0000] {dag.py:2585} INFO - Sync 1 DAGs
[2024-01-06T21:29:06.159+0000] {logging_mixin.py:120} INFO - [2024-01-06T21:29:06.159+0000] {dag.py:3340} INFO - Setting next_dagrun for elastic_dag to 2024-01-05T00:00:00+00:00, run_after=2024-01-06T00:00:00+00:00
[2024-01-06T21:29:06.217+0000] {processor.py:176} INFO - Processing /opt/airflow/dags/elastic_dag.py took 0.524 seconds
[2024-01-06T21:29:36.979+0000] {processor.py:154} INFO - Started process (PID=158) to work on /opt/airflow/dags/elastic_dag.py
[2024-01-06T21:29:36.980+0000] {processor.py:756} INFO - Processing file /opt/airflow/dags/elastic_dag.py for tasks to queue
[2024-01-06T21:29:36.981+0000] {logging_mixin.py:120} INFO - [2024-01-06T21:29:36.981+0000] {dagbag.py:537} INFO - Filling up the DagBag from /opt/airflow/dags/elastic_dag.py
[2024-01-06T21:29:37.608+0000] {processor.py:766} INFO - DAG(s) dict_keys(['elastic_dag']) retrieved from /opt/airflow/dags/elastic_dag.py
[2024-01-06T21:29:37.632+0000] {logging_mixin.py:120} INFO - [2024-01-06T21:29:37.632+0000] {dag.py:2585} INFO - Sync 1 DAGs
[2024-01-06T21:29:37.653+0000] {logging_mixin.py:120} INFO - [2024-01-06T21:29:37.652+0000] {dag.py:3340} INFO - Setting next_dagrun for elastic_dag to 2024-01-05T00:00:00+00:00, run_after=2024-01-06T00:00:00+00:00
[2024-01-06T21:29:37.684+0000] {processor.py:176} INFO - Processing /opt/airflow/dags/elastic_dag.py took 0.711 seconds
[2024-01-06T21:30:08.406+0000] {processor.py:154} INFO - Started process (PID=195) to work on /opt/airflow/dags/elastic_dag.py
[2024-01-06T21:30:08.408+0000] {processor.py:756} INFO - Processing file /opt/airflow/dags/elastic_dag.py for tasks to queue
[2024-01-06T21:30:08.409+0000] {logging_mixin.py:120} INFO - [2024-01-06T21:30:08.409+0000] {dagbag.py:537} INFO - Filling up the DagBag from /opt/airflow/dags/elastic_dag.py
[2024-01-06T21:30:08.883+0000] {processor.py:766} INFO - DAG(s) dict_keys(['elastic_dag']) retrieved from /opt/airflow/dags/elastic_dag.py
[2024-01-06T21:30:08.906+0000] {logging_mixin.py:120} INFO - [2024-01-06T21:30:08.906+0000] {dag.py:2585} INFO - Sync 1 DAGs
[2024-01-06T21:30:08.921+0000] {logging_mixin.py:120} INFO - [2024-01-06T21:30:08.921+0000] {dag.py:3340} INFO - Setting next_dagrun for elastic_dag to 2024-01-05T00:00:00+00:00, run_after=2024-01-06T00:00:00+00:00
[2024-01-06T21:30:08.930+0000] {processor.py:176} INFO - Processing /opt/airflow/dags/elastic_dag.py took 0.528 seconds
[2024-01-06T21:30:39.586+0000] {processor.py:154} INFO - Started process (PID=232) to work on /opt/airflow/dags/elastic_dag.py
[2024-01-06T21:30:39.588+0000] {processor.py:756} INFO - Processing file /opt/airflow/dags/elastic_dag.py for tasks to queue
[2024-01-06T21:30:39.590+0000] {logging_mixin.py:120} INFO - [2024-01-06T21:30:39.589+0000] {dagbag.py:537} INFO - Filling up the DagBag from /opt/airflow/dags/elastic_dag.py
[2024-01-06T21:30:40.005+0000] {processor.py:766} INFO - DAG(s) dict_keys(['elastic_dag']) retrieved from /opt/airflow/dags/elastic_dag.py
[2024-01-06T21:30:40.026+0000] {logging_mixin.py:120} INFO - [2024-01-06T21:30:40.026+0000] {dag.py:2585} INFO - Sync 1 DAGs
[2024-01-06T21:30:40.040+0000] {logging_mixin.py:120} INFO - [2024-01-06T21:30:40.040+0000] {dag.py:3340} INFO - Setting next_dagrun for elastic_dag to 2024-01-05T00:00:00+00:00, run_after=2024-01-06T00:00:00+00:00
[2024-01-06T21:30:40.050+0000] {processor.py:176} INFO - Processing /opt/airflow/dags/elastic_dag.py took 0.467 seconds
[2024-01-06T21:31:10.196+0000] {processor.py:154} INFO - Started process (PID=268) to work on /opt/airflow/dags/elastic_dag.py
[2024-01-06T21:31:10.199+0000] {processor.py:756} INFO - Processing file /opt/airflow/dags/elastic_dag.py for tasks to queue
[2024-01-06T21:31:10.200+0000] {logging_mixin.py:120} INFO - [2024-01-06T21:31:10.200+0000] {dagbag.py:537} INFO - Filling up the DagBag from /opt/airflow/dags/elastic_dag.py
[2024-01-06T21:31:10.692+0000] {processor.py:766} INFO - DAG(s) dict_keys(['elastic_dag']) retrieved from /opt/airflow/dags/elastic_dag.py
[2024-01-06T21:31:10.724+0000] {logging_mixin.py:120} INFO - [2024-01-06T21:31:10.724+0000] {dag.py:2585} INFO - Sync 1 DAGs
[2024-01-06T21:31:10.738+0000] {logging_mixin.py:120} INFO - [2024-01-06T21:31:10.738+0000] {dag.py:3340} INFO - Setting next_dagrun for elastic_dag to 2024-01-05T00:00:00+00:00, run_after=2024-01-06T00:00:00+00:00
[2024-01-06T21:31:10.747+0000] {processor.py:176} INFO - Processing /opt/airflow/dags/elastic_dag.py took 0.562 seconds
