[2024-01-06T19:29:29.243+0000] {processor.py:154} INFO - Started process (PID=68) to work on /opt/airflow/dags/group_dag.py
[2024-01-06T19:29:29.244+0000] {processor.py:756} INFO - Processing file /opt/airflow/dags/group_dag.py for tasks to queue
[2024-01-06T19:29:29.245+0000] {logging_mixin.py:120} INFO - [2024-01-06T19:29:29.245+0000] {dagbag.py:537} INFO - Filling up the DagBag from /opt/airflow/dags/group_dag.py
[2024-01-06T19:29:29.331+0000] {processor.py:766} INFO - DAG(s) dict_keys(['group_dag']) retrieved from /opt/airflow/dags/group_dag.py
[2024-01-06T19:29:29.673+0000] {logging_mixin.py:120} INFO - [2024-01-06T19:29:29.672+0000] {manager.py:507} INFO - Created Permission View: can edit on DAG:group_dag
[2024-01-06T19:29:29.700+0000] {logging_mixin.py:120} INFO - [2024-01-06T19:29:29.700+0000] {manager.py:507} INFO - Created Permission View: can read on DAG:group_dag
[2024-01-06T19:29:29.723+0000] {logging_mixin.py:120} INFO - [2024-01-06T19:29:29.722+0000] {manager.py:507} INFO - Created Permission View: can delete on DAG:group_dag
[2024-01-06T19:29:29.724+0000] {logging_mixin.py:120} INFO - [2024-01-06T19:29:29.724+0000] {dag.py:2585} INFO - Sync 1 DAGs
[2024-01-06T19:29:29.769+0000] {logging_mixin.py:120} INFO - [2024-01-06T19:29:29.768+0000] {dag.py:2606} INFO - Creating ORM DAG for group_dag
[2024-01-06T19:29:29.802+0000] {logging_mixin.py:120} INFO - [2024-01-06T19:29:29.801+0000] {dag.py:3340} INFO - Setting next_dagrun for group_dag to 2024-01-05T00:00:00+00:00, run_after=2024-01-06T00:00:00+00:00
[2024-01-06T19:29:29.845+0000] {processor.py:176} INFO - Processing /opt/airflow/dags/group_dag.py took 0.607 seconds
[2024-01-06T19:30:00.999+0000] {processor.py:154} INFO - Started process (PID=104) to work on /opt/airflow/dags/group_dag.py
[2024-01-06T19:30:01.000+0000] {processor.py:756} INFO - Processing file /opt/airflow/dags/group_dag.py for tasks to queue
[2024-01-06T19:30:01.001+0000] {logging_mixin.py:120} INFO - [2024-01-06T19:30:01.001+0000] {dagbag.py:537} INFO - Filling up the DagBag from /opt/airflow/dags/group_dag.py
[2024-01-06T19:30:01.015+0000] {processor.py:766} INFO - DAG(s) dict_keys(['group_dag']) retrieved from /opt/airflow/dags/group_dag.py
[2024-01-06T19:30:01.074+0000] {logging_mixin.py:120} INFO - [2024-01-06T19:30:01.073+0000] {dag.py:2585} INFO - Sync 1 DAGs
[2024-01-06T19:30:01.102+0000] {logging_mixin.py:120} INFO - [2024-01-06T19:30:01.102+0000] {dag.py:3340} INFO - Setting next_dagrun for group_dag to 2024-01-05T00:00:00+00:00, run_after=2024-01-06T00:00:00+00:00
[2024-01-06T19:30:01.155+0000] {processor.py:176} INFO - Processing /opt/airflow/dags/group_dag.py took 0.158 seconds
[2024-01-06T19:30:31.997+0000] {processor.py:154} INFO - Started process (PID=133) to work on /opt/airflow/dags/group_dag.py
[2024-01-06T19:30:32.000+0000] {processor.py:756} INFO - Processing file /opt/airflow/dags/group_dag.py for tasks to queue
[2024-01-06T19:30:32.001+0000] {logging_mixin.py:120} INFO - [2024-01-06T19:30:32.001+0000] {dagbag.py:537} INFO - Filling up the DagBag from /opt/airflow/dags/group_dag.py
[2024-01-06T19:30:32.019+0000] {processor.py:766} INFO - DAG(s) dict_keys(['group_dag']) retrieved from /opt/airflow/dags/group_dag.py
[2024-01-06T19:30:32.050+0000] {logging_mixin.py:120} INFO - [2024-01-06T19:30:32.050+0000] {dag.py:2585} INFO - Sync 1 DAGs
[2024-01-06T19:30:32.068+0000] {logging_mixin.py:120} INFO - [2024-01-06T19:30:32.068+0000] {dag.py:3340} INFO - Setting next_dagrun for group_dag to 2024-01-05T00:00:00+00:00, run_after=2024-01-06T00:00:00+00:00
[2024-01-06T19:30:32.092+0000] {processor.py:176} INFO - Processing /opt/airflow/dags/group_dag.py took 0.101 seconds
[2024-01-06T19:55:02.481+0000] {processor.py:154} INFO - Started process (PID=57) to work on /opt/airflow/dags/group_dag.py
[2024-01-06T19:55:02.483+0000] {processor.py:756} INFO - Processing file /opt/airflow/dags/group_dag.py for tasks to queue
[2024-01-06T19:55:02.484+0000] {logging_mixin.py:120} INFO - [2024-01-06T19:55:02.484+0000] {dagbag.py:537} INFO - Filling up the DagBag from /opt/airflow/dags/group_dag.py
[2024-01-06T19:55:02.517+0000] {processor.py:766} INFO - DAG(s) dict_keys(['group_dag']) retrieved from /opt/airflow/dags/group_dag.py
[2024-01-06T19:55:02.594+0000] {logging_mixin.py:120} INFO - [2024-01-06T19:55:02.594+0000] {dag.py:2585} INFO - Sync 1 DAGs
[2024-01-06T19:55:02.625+0000] {logging_mixin.py:120} INFO - [2024-01-06T19:55:02.624+0000] {dag.py:3340} INFO - Setting next_dagrun for group_dag to 2024-01-05T00:00:00+00:00, run_after=2024-01-06T00:00:00+00:00
[2024-01-06T19:55:02.642+0000] {processor.py:176} INFO - Processing /opt/airflow/dags/group_dag.py took 0.167 seconds
[2024-01-06T19:55:33.876+0000] {processor.py:154} INFO - Started process (PID=87) to work on /opt/airflow/dags/group_dag.py
[2024-01-06T19:55:33.878+0000] {processor.py:756} INFO - Processing file /opt/airflow/dags/group_dag.py for tasks to queue
[2024-01-06T19:55:33.879+0000] {logging_mixin.py:120} INFO - [2024-01-06T19:55:33.879+0000] {dagbag.py:537} INFO - Filling up the DagBag from /opt/airflow/dags/group_dag.py
[2024-01-06T19:55:33.896+0000] {processor.py:766} INFO - DAG(s) dict_keys(['group_dag']) retrieved from /opt/airflow/dags/group_dag.py
[2024-01-06T19:55:33.918+0000] {logging_mixin.py:120} INFO - [2024-01-06T19:55:33.918+0000] {dag.py:2585} INFO - Sync 1 DAGs
[2024-01-06T19:55:33.936+0000] {logging_mixin.py:120} INFO - [2024-01-06T19:55:33.936+0000] {dag.py:3340} INFO - Setting next_dagrun for group_dag to 2024-01-05T00:00:00+00:00, run_after=2024-01-06T00:00:00+00:00
[2024-01-06T19:55:33.947+0000] {processor.py:176} INFO - Processing /opt/airflow/dags/group_dag.py took 0.073 seconds
[2024-01-06T19:56:05.091+0000] {processor.py:154} INFO - Started process (PID=125) to work on /opt/airflow/dags/group_dag.py
[2024-01-06T19:56:05.093+0000] {processor.py:756} INFO - Processing file /opt/airflow/dags/group_dag.py for tasks to queue
[2024-01-06T19:56:05.094+0000] {logging_mixin.py:120} INFO - [2024-01-06T19:56:05.094+0000] {dagbag.py:537} INFO - Filling up the DagBag from /opt/airflow/dags/group_dag.py
[2024-01-06T19:56:05.106+0000] {processor.py:766} INFO - DAG(s) dict_keys(['group_dag']) retrieved from /opt/airflow/dags/group_dag.py
[2024-01-06T19:56:05.129+0000] {logging_mixin.py:120} INFO - [2024-01-06T19:56:05.129+0000] {dag.py:2585} INFO - Sync 1 DAGs
[2024-01-06T19:56:05.145+0000] {logging_mixin.py:120} INFO - [2024-01-06T19:56:05.145+0000] {dag.py:3340} INFO - Setting next_dagrun for group_dag to 2024-01-05T00:00:00+00:00, run_after=2024-01-06T00:00:00+00:00
[2024-01-06T19:56:05.157+0000] {processor.py:176} INFO - Processing /opt/airflow/dags/group_dag.py took 0.069 seconds
[2024-01-06T19:56:36.005+0000] {processor.py:154} INFO - Started process (PID=162) to work on /opt/airflow/dags/group_dag.py
[2024-01-06T19:56:36.006+0000] {processor.py:756} INFO - Processing file /opt/airflow/dags/group_dag.py for tasks to queue
[2024-01-06T19:56:36.007+0000] {logging_mixin.py:120} INFO - [2024-01-06T19:56:36.007+0000] {dagbag.py:537} INFO - Filling up the DagBag from /opt/airflow/dags/group_dag.py
[2024-01-06T19:56:36.025+0000] {processor.py:766} INFO - DAG(s) dict_keys(['group_dag']) retrieved from /opt/airflow/dags/group_dag.py
[2024-01-06T19:56:36.056+0000] {logging_mixin.py:120} INFO - [2024-01-06T19:56:36.056+0000] {dag.py:2585} INFO - Sync 1 DAGs
[2024-01-06T19:56:36.073+0000] {logging_mixin.py:120} INFO - [2024-01-06T19:56:36.073+0000] {dag.py:3340} INFO - Setting next_dagrun for group_dag to 2024-01-05T00:00:00+00:00, run_after=2024-01-06T00:00:00+00:00
[2024-01-06T19:56:36.085+0000] {processor.py:176} INFO - Processing /opt/airflow/dags/group_dag.py took 0.083 seconds
[2024-01-06T19:57:06.969+0000] {processor.py:154} INFO - Started process (PID=199) to work on /opt/airflow/dags/group_dag.py
[2024-01-06T19:57:06.970+0000] {processor.py:756} INFO - Processing file /opt/airflow/dags/group_dag.py for tasks to queue
[2024-01-06T19:57:06.971+0000] {logging_mixin.py:120} INFO - [2024-01-06T19:57:06.971+0000] {dagbag.py:537} INFO - Filling up the DagBag from /opt/airflow/dags/group_dag.py
[2024-01-06T19:57:06.989+0000] {processor.py:766} INFO - DAG(s) dict_keys(['group_dag']) retrieved from /opt/airflow/dags/group_dag.py
[2024-01-06T19:57:07.017+0000] {logging_mixin.py:120} INFO - [2024-01-06T19:57:07.017+0000] {dag.py:2585} INFO - Sync 1 DAGs
[2024-01-06T19:57:07.034+0000] {logging_mixin.py:120} INFO - [2024-01-06T19:57:07.034+0000] {dag.py:3340} INFO - Setting next_dagrun for group_dag to 2024-01-05T00:00:00+00:00, run_after=2024-01-06T00:00:00+00:00
[2024-01-06T19:57:07.048+0000] {processor.py:176} INFO - Processing /opt/airflow/dags/group_dag.py took 0.082 seconds
[2024-01-06T19:57:37.958+0000] {processor.py:154} INFO - Started process (PID=236) to work on /opt/airflow/dags/group_dag.py
[2024-01-06T19:57:37.959+0000] {processor.py:756} INFO - Processing file /opt/airflow/dags/group_dag.py for tasks to queue
[2024-01-06T19:57:37.960+0000] {logging_mixin.py:120} INFO - [2024-01-06T19:57:37.960+0000] {dagbag.py:537} INFO - Filling up the DagBag from /opt/airflow/dags/group_dag.py
[2024-01-06T19:57:37.974+0000] {processor.py:766} INFO - DAG(s) dict_keys(['group_dag']) retrieved from /opt/airflow/dags/group_dag.py
[2024-01-06T19:57:37.995+0000] {logging_mixin.py:120} INFO - [2024-01-06T19:57:37.995+0000] {dag.py:2585} INFO - Sync 1 DAGs
[2024-01-06T19:57:38.010+0000] {logging_mixin.py:120} INFO - [2024-01-06T19:57:38.010+0000] {dag.py:3340} INFO - Setting next_dagrun for group_dag to 2024-01-05T00:00:00+00:00, run_after=2024-01-06T00:00:00+00:00
[2024-01-06T19:57:38.020+0000] {processor.py:176} INFO - Processing /opt/airflow/dags/group_dag.py took 0.064 seconds
[2024-01-06T19:58:09.313+0000] {processor.py:154} INFO - Started process (PID=264) to work on /opt/airflow/dags/group_dag.py
[2024-01-06T19:58:09.314+0000] {processor.py:756} INFO - Processing file /opt/airflow/dags/group_dag.py for tasks to queue
[2024-01-06T19:58:09.315+0000] {logging_mixin.py:120} INFO - [2024-01-06T19:58:09.315+0000] {dagbag.py:537} INFO - Filling up the DagBag from /opt/airflow/dags/group_dag.py
[2024-01-06T19:58:09.340+0000] {processor.py:766} INFO - DAG(s) dict_keys(['group_dag']) retrieved from /opt/airflow/dags/group_dag.py
[2024-01-06T19:58:09.363+0000] {logging_mixin.py:120} INFO - [2024-01-06T19:58:09.363+0000] {dag.py:2585} INFO - Sync 1 DAGs
[2024-01-06T19:58:09.378+0000] {logging_mixin.py:120} INFO - [2024-01-06T19:58:09.377+0000] {dag.py:3340} INFO - Setting next_dagrun for group_dag to 2024-01-05T00:00:00+00:00, run_after=2024-01-06T00:00:00+00:00
[2024-01-06T19:58:09.388+0000] {processor.py:176} INFO - Processing /opt/airflow/dags/group_dag.py took 0.080 seconds
[2024-01-06T19:58:40.515+0000] {processor.py:154} INFO - Started process (PID=301) to work on /opt/airflow/dags/group_dag.py
[2024-01-06T19:58:40.515+0000] {processor.py:756} INFO - Processing file /opt/airflow/dags/group_dag.py for tasks to queue
[2024-01-06T19:58:40.516+0000] {logging_mixin.py:120} INFO - [2024-01-06T19:58:40.516+0000] {dagbag.py:537} INFO - Filling up the DagBag from /opt/airflow/dags/group_dag.py
[2024-01-06T19:58:40.529+0000] {processor.py:766} INFO - DAG(s) dict_keys(['group_dag']) retrieved from /opt/airflow/dags/group_dag.py
[2024-01-06T19:58:40.551+0000] {logging_mixin.py:120} INFO - [2024-01-06T19:58:40.551+0000] {dag.py:2585} INFO - Sync 1 DAGs
[2024-01-06T19:58:40.567+0000] {logging_mixin.py:120} INFO - [2024-01-06T19:58:40.567+0000] {dag.py:3340} INFO - Setting next_dagrun for group_dag to 2024-01-05T00:00:00+00:00, run_after=2024-01-06T00:00:00+00:00
[2024-01-06T19:58:40.577+0000] {processor.py:176} INFO - Processing /opt/airflow/dags/group_dag.py took 0.064 seconds
[2024-01-06T19:59:11.490+0000] {processor.py:154} INFO - Started process (PID=338) to work on /opt/airflow/dags/group_dag.py
[2024-01-06T19:59:11.491+0000] {processor.py:756} INFO - Processing file /opt/airflow/dags/group_dag.py for tasks to queue
[2024-01-06T19:59:11.492+0000] {logging_mixin.py:120} INFO - [2024-01-06T19:59:11.492+0000] {dagbag.py:537} INFO - Filling up the DagBag from /opt/airflow/dags/group_dag.py
[2024-01-06T19:59:11.512+0000] {processor.py:766} INFO - DAG(s) dict_keys(['group_dag']) retrieved from /opt/airflow/dags/group_dag.py
[2024-01-06T19:59:11.536+0000] {logging_mixin.py:120} INFO - [2024-01-06T19:59:11.536+0000] {dag.py:2585} INFO - Sync 1 DAGs
[2024-01-06T19:59:11.552+0000] {logging_mixin.py:120} INFO - [2024-01-06T19:59:11.552+0000] {dag.py:3340} INFO - Setting next_dagrun for group_dag to 2024-01-05T00:00:00+00:00, run_after=2024-01-06T00:00:00+00:00
[2024-01-06T19:59:11.561+0000] {processor.py:176} INFO - Processing /opt/airflow/dags/group_dag.py took 0.073 seconds
[2024-01-06T19:59:42.412+0000] {processor.py:154} INFO - Started process (PID=375) to work on /opt/airflow/dags/group_dag.py
[2024-01-06T19:59:42.413+0000] {processor.py:756} INFO - Processing file /opt/airflow/dags/group_dag.py for tasks to queue
[2024-01-06T19:59:42.414+0000] {logging_mixin.py:120} INFO - [2024-01-06T19:59:42.414+0000] {dagbag.py:537} INFO - Filling up the DagBag from /opt/airflow/dags/group_dag.py
[2024-01-06T19:59:42.427+0000] {processor.py:766} INFO - DAG(s) dict_keys(['group_dag']) retrieved from /opt/airflow/dags/group_dag.py
[2024-01-06T19:59:42.452+0000] {logging_mixin.py:120} INFO - [2024-01-06T19:59:42.452+0000] {dag.py:2585} INFO - Sync 1 DAGs
[2024-01-06T19:59:42.466+0000] {logging_mixin.py:120} INFO - [2024-01-06T19:59:42.466+0000] {dag.py:3340} INFO - Setting next_dagrun for group_dag to 2024-01-05T00:00:00+00:00, run_after=2024-01-06T00:00:00+00:00
[2024-01-06T19:59:42.475+0000] {processor.py:176} INFO - Processing /opt/airflow/dags/group_dag.py took 0.065 seconds
[2024-01-06T20:00:13.436+0000] {processor.py:154} INFO - Started process (PID=412) to work on /opt/airflow/dags/group_dag.py
[2024-01-06T20:00:13.437+0000] {processor.py:756} INFO - Processing file /opt/airflow/dags/group_dag.py for tasks to queue
[2024-01-06T20:00:13.437+0000] {logging_mixin.py:120} INFO - [2024-01-06T20:00:13.437+0000] {dagbag.py:537} INFO - Filling up the DagBag from /opt/airflow/dags/group_dag.py
[2024-01-06T20:00:13.450+0000] {processor.py:766} INFO - DAG(s) dict_keys(['group_dag']) retrieved from /opt/airflow/dags/group_dag.py
[2024-01-06T20:00:13.472+0000] {logging_mixin.py:120} INFO - [2024-01-06T20:00:13.471+0000] {dag.py:2585} INFO - Sync 1 DAGs
[2024-01-06T20:00:13.485+0000] {logging_mixin.py:120} INFO - [2024-01-06T20:00:13.485+0000] {dag.py:3340} INFO - Setting next_dagrun for group_dag to 2024-01-05T00:00:00+00:00, run_after=2024-01-06T00:00:00+00:00
[2024-01-06T20:00:13.494+0000] {processor.py:176} INFO - Processing /opt/airflow/dags/group_dag.py took 0.060 seconds
[2024-01-06T20:00:44.627+0000] {processor.py:154} INFO - Started process (PID=449) to work on /opt/airflow/dags/group_dag.py
[2024-01-06T20:00:44.628+0000] {processor.py:756} INFO - Processing file /opt/airflow/dags/group_dag.py for tasks to queue
[2024-01-06T20:00:44.629+0000] {logging_mixin.py:120} INFO - [2024-01-06T20:00:44.629+0000] {dagbag.py:537} INFO - Filling up the DagBag from /opt/airflow/dags/group_dag.py
[2024-01-06T20:00:44.648+0000] {processor.py:766} INFO - DAG(s) dict_keys(['group_dag']) retrieved from /opt/airflow/dags/group_dag.py
[2024-01-06T20:00:44.684+0000] {logging_mixin.py:120} INFO - [2024-01-06T20:00:44.684+0000] {dag.py:2585} INFO - Sync 1 DAGs
[2024-01-06T20:00:44.716+0000] {logging_mixin.py:120} INFO - [2024-01-06T20:00:44.716+0000] {dag.py:3340} INFO - Setting next_dagrun for group_dag to 2024-01-05T00:00:00+00:00, run_after=2024-01-06T00:00:00+00:00
[2024-01-06T20:00:44.743+0000] {processor.py:176} INFO - Processing /opt/airflow/dags/group_dag.py took 0.119 seconds
[2024-01-06T20:01:15.710+0000] {processor.py:154} INFO - Started process (PID=477) to work on /opt/airflow/dags/group_dag.py
[2024-01-06T20:01:15.711+0000] {processor.py:756} INFO - Processing file /opt/airflow/dags/group_dag.py for tasks to queue
[2024-01-06T20:01:15.711+0000] {logging_mixin.py:120} INFO - [2024-01-06T20:01:15.711+0000] {dagbag.py:537} INFO - Filling up the DagBag from /opt/airflow/dags/group_dag.py
[2024-01-06T20:01:15.724+0000] {processor.py:766} INFO - DAG(s) dict_keys(['group_dag']) retrieved from /opt/airflow/dags/group_dag.py
[2024-01-06T20:01:15.744+0000] {logging_mixin.py:120} INFO - [2024-01-06T20:01:15.744+0000] {dag.py:2585} INFO - Sync 1 DAGs
[2024-01-06T20:01:15.758+0000] {logging_mixin.py:120} INFO - [2024-01-06T20:01:15.757+0000] {dag.py:3340} INFO - Setting next_dagrun for group_dag to 2024-01-05T00:00:00+00:00, run_after=2024-01-06T00:00:00+00:00
[2024-01-06T20:01:15.768+0000] {processor.py:176} INFO - Processing /opt/airflow/dags/group_dag.py took 0.060 seconds
[2024-01-06T20:01:46.815+0000] {processor.py:154} INFO - Started process (PID=514) to work on /opt/airflow/dags/group_dag.py
[2024-01-06T20:01:46.816+0000] {processor.py:756} INFO - Processing file /opt/airflow/dags/group_dag.py for tasks to queue
[2024-01-06T20:01:46.816+0000] {logging_mixin.py:120} INFO - [2024-01-06T20:01:46.816+0000] {dagbag.py:537} INFO - Filling up the DagBag from /opt/airflow/dags/group_dag.py
[2024-01-06T20:01:46.830+0000] {processor.py:766} INFO - DAG(s) dict_keys(['group_dag']) retrieved from /opt/airflow/dags/group_dag.py
[2024-01-06T20:01:46.856+0000] {logging_mixin.py:120} INFO - [2024-01-06T20:01:46.856+0000] {dag.py:2585} INFO - Sync 1 DAGs
[2024-01-06T20:01:46.879+0000] {logging_mixin.py:120} INFO - [2024-01-06T20:01:46.879+0000] {dag.py:3340} INFO - Setting next_dagrun for group_dag to 2024-01-05T00:00:00+00:00, run_after=2024-01-06T00:00:00+00:00
[2024-01-06T20:01:46.891+0000] {processor.py:176} INFO - Processing /opt/airflow/dags/group_dag.py took 0.078 seconds
[2024-01-06T20:02:17.922+0000] {processor.py:154} INFO - Started process (PID=551) to work on /opt/airflow/dags/group_dag.py
[2024-01-06T20:02:17.923+0000] {processor.py:756} INFO - Processing file /opt/airflow/dags/group_dag.py for tasks to queue
[2024-01-06T20:02:17.923+0000] {logging_mixin.py:120} INFO - [2024-01-06T20:02:17.923+0000] {dagbag.py:537} INFO - Filling up the DagBag from /opt/airflow/dags/group_dag.py
[2024-01-06T20:02:17.936+0000] {processor.py:766} INFO - DAG(s) dict_keys(['group_dag']) retrieved from /opt/airflow/dags/group_dag.py
[2024-01-06T20:02:17.957+0000] {logging_mixin.py:120} INFO - [2024-01-06T20:02:17.957+0000] {dag.py:2585} INFO - Sync 1 DAGs
[2024-01-06T20:02:17.972+0000] {logging_mixin.py:120} INFO - [2024-01-06T20:02:17.972+0000] {dag.py:3340} INFO - Setting next_dagrun for group_dag to 2024-01-05T00:00:00+00:00, run_after=2024-01-06T00:00:00+00:00
[2024-01-06T20:02:17.983+0000] {processor.py:176} INFO - Processing /opt/airflow/dags/group_dag.py took 0.063 seconds
[2024-01-06T20:02:48.810+0000] {processor.py:154} INFO - Started process (PID=588) to work on /opt/airflow/dags/group_dag.py
[2024-01-06T20:02:48.811+0000] {processor.py:756} INFO - Processing file /opt/airflow/dags/group_dag.py for tasks to queue
[2024-01-06T20:02:48.811+0000] {logging_mixin.py:120} INFO - [2024-01-06T20:02:48.811+0000] {dagbag.py:537} INFO - Filling up the DagBag from /opt/airflow/dags/group_dag.py
[2024-01-06T20:02:48.825+0000] {processor.py:766} INFO - DAG(s) dict_keys(['group_dag']) retrieved from /opt/airflow/dags/group_dag.py
[2024-01-06T20:02:48.848+0000] {logging_mixin.py:120} INFO - [2024-01-06T20:02:48.848+0000] {dag.py:2585} INFO - Sync 1 DAGs
[2024-01-06T20:02:48.867+0000] {logging_mixin.py:120} INFO - [2024-01-06T20:02:48.867+0000] {dag.py:3340} INFO - Setting next_dagrun for group_dag to 2024-01-05T00:00:00+00:00, run_after=2024-01-06T00:00:00+00:00
[2024-01-06T20:02:48.877+0000] {processor.py:176} INFO - Processing /opt/airflow/dags/group_dag.py took 0.069 seconds
[2024-01-06T20:03:19.750+0000] {processor.py:154} INFO - Started process (PID=625) to work on /opt/airflow/dags/group_dag.py
[2024-01-06T20:03:19.751+0000] {processor.py:756} INFO - Processing file /opt/airflow/dags/group_dag.py for tasks to queue
[2024-01-06T20:03:19.751+0000] {logging_mixin.py:120} INFO - [2024-01-06T20:03:19.751+0000] {dagbag.py:537} INFO - Filling up the DagBag from /opt/airflow/dags/group_dag.py
[2024-01-06T20:03:19.765+0000] {processor.py:766} INFO - DAG(s) dict_keys(['group_dag']) retrieved from /opt/airflow/dags/group_dag.py
[2024-01-06T20:03:19.786+0000] {logging_mixin.py:120} INFO - [2024-01-06T20:03:19.786+0000] {dag.py:2585} INFO - Sync 1 DAGs
[2024-01-06T20:03:19.801+0000] {logging_mixin.py:120} INFO - [2024-01-06T20:03:19.801+0000] {dag.py:3340} INFO - Setting next_dagrun for group_dag to 2024-01-05T00:00:00+00:00, run_after=2024-01-06T00:00:00+00:00
[2024-01-06T20:03:19.810+0000] {processor.py:176} INFO - Processing /opt/airflow/dags/group_dag.py took 0.062 seconds
[2024-01-06T20:03:50.686+0000] {processor.py:154} INFO - Started process (PID=662) to work on /opt/airflow/dags/group_dag.py
[2024-01-06T20:03:50.686+0000] {processor.py:756} INFO - Processing file /opt/airflow/dags/group_dag.py for tasks to queue
[2024-01-06T20:03:50.687+0000] {logging_mixin.py:120} INFO - [2024-01-06T20:03:50.687+0000] {dagbag.py:537} INFO - Filling up the DagBag from /opt/airflow/dags/group_dag.py
[2024-01-06T20:03:50.700+0000] {processor.py:766} INFO - DAG(s) dict_keys(['group_dag']) retrieved from /opt/airflow/dags/group_dag.py
[2024-01-06T20:03:50.721+0000] {logging_mixin.py:120} INFO - [2024-01-06T20:03:50.721+0000] {dag.py:2585} INFO - Sync 1 DAGs
[2024-01-06T20:03:50.735+0000] {logging_mixin.py:120} INFO - [2024-01-06T20:03:50.735+0000] {dag.py:3340} INFO - Setting next_dagrun for group_dag to 2024-01-05T00:00:00+00:00, run_after=2024-01-06T00:00:00+00:00
[2024-01-06T20:03:50.745+0000] {processor.py:176} INFO - Processing /opt/airflow/dags/group_dag.py took 0.061 seconds
[2024-01-06T20:04:21.963+0000] {processor.py:154} INFO - Started process (PID=699) to work on /opt/airflow/dags/group_dag.py
[2024-01-06T20:04:21.964+0000] {processor.py:756} INFO - Processing file /opt/airflow/dags/group_dag.py for tasks to queue
[2024-01-06T20:04:21.965+0000] {logging_mixin.py:120} INFO - [2024-01-06T20:04:21.965+0000] {dagbag.py:537} INFO - Filling up the DagBag from /opt/airflow/dags/group_dag.py
[2024-01-06T20:04:21.986+0000] {processor.py:766} INFO - DAG(s) dict_keys(['group_dag']) retrieved from /opt/airflow/dags/group_dag.py
[2024-01-06T20:04:22.021+0000] {logging_mixin.py:120} INFO - [2024-01-06T20:04:22.020+0000] {dag.py:2585} INFO - Sync 1 DAGs
[2024-01-06T20:04:22.045+0000] {logging_mixin.py:120} INFO - [2024-01-06T20:04:22.045+0000] {dag.py:3340} INFO - Setting next_dagrun for group_dag to 2024-01-05T00:00:00+00:00, run_after=2024-01-06T00:00:00+00:00
[2024-01-06T20:04:22.068+0000] {processor.py:176} INFO - Processing /opt/airflow/dags/group_dag.py took 0.108 seconds
[2024-01-06T20:04:53.033+0000] {processor.py:154} INFO - Started process (PID=727) to work on /opt/airflow/dags/group_dag.py
[2024-01-06T20:04:53.034+0000] {processor.py:756} INFO - Processing file /opt/airflow/dags/group_dag.py for tasks to queue
[2024-01-06T20:04:53.035+0000] {logging_mixin.py:120} INFO - [2024-01-06T20:04:53.035+0000] {dagbag.py:537} INFO - Filling up the DagBag from /opt/airflow/dags/group_dag.py
[2024-01-06T20:04:53.054+0000] {processor.py:766} INFO - DAG(s) dict_keys(['group_dag']) retrieved from /opt/airflow/dags/group_dag.py
[2024-01-06T20:04:53.084+0000] {logging_mixin.py:120} INFO - [2024-01-06T20:04:53.084+0000] {dag.py:2585} INFO - Sync 1 DAGs
[2024-01-06T20:04:53.101+0000] {logging_mixin.py:120} INFO - [2024-01-06T20:04:53.101+0000] {dag.py:3340} INFO - Setting next_dagrun for group_dag to 2024-01-05T00:00:00+00:00, run_after=2024-01-06T00:00:00+00:00
[2024-01-06T20:04:53.112+0000] {processor.py:176} INFO - Processing /opt/airflow/dags/group_dag.py took 0.081 seconds
[2024-01-06T20:05:24.027+0000] {processor.py:154} INFO - Started process (PID=764) to work on /opt/airflow/dags/group_dag.py
[2024-01-06T20:05:24.028+0000] {processor.py:756} INFO - Processing file /opt/airflow/dags/group_dag.py for tasks to queue
[2024-01-06T20:05:24.028+0000] {logging_mixin.py:120} INFO - [2024-01-06T20:05:24.028+0000] {dagbag.py:537} INFO - Filling up the DagBag from /opt/airflow/dags/group_dag.py
[2024-01-06T20:05:24.041+0000] {processor.py:766} INFO - DAG(s) dict_keys(['group_dag']) retrieved from /opt/airflow/dags/group_dag.py
[2024-01-06T20:05:24.063+0000] {logging_mixin.py:120} INFO - [2024-01-06T20:05:24.063+0000] {dag.py:2585} INFO - Sync 1 DAGs
[2024-01-06T20:05:24.077+0000] {logging_mixin.py:120} INFO - [2024-01-06T20:05:24.077+0000] {dag.py:3340} INFO - Setting next_dagrun for group_dag to 2024-01-05T00:00:00+00:00, run_after=2024-01-06T00:00:00+00:00
[2024-01-06T20:05:24.087+0000] {processor.py:176} INFO - Processing /opt/airflow/dags/group_dag.py took 0.062 seconds
[2024-01-06T20:05:54.915+0000] {processor.py:154} INFO - Started process (PID=801) to work on /opt/airflow/dags/group_dag.py
[2024-01-06T20:05:54.916+0000] {processor.py:756} INFO - Processing file /opt/airflow/dags/group_dag.py for tasks to queue
[2024-01-06T20:05:54.916+0000] {logging_mixin.py:120} INFO - [2024-01-06T20:05:54.916+0000] {dagbag.py:537} INFO - Filling up the DagBag from /opt/airflow/dags/group_dag.py
[2024-01-06T20:05:54.930+0000] {processor.py:766} INFO - DAG(s) dict_keys(['group_dag']) retrieved from /opt/airflow/dags/group_dag.py
[2024-01-06T20:05:54.951+0000] {logging_mixin.py:120} INFO - [2024-01-06T20:05:54.951+0000] {dag.py:2585} INFO - Sync 1 DAGs
[2024-01-06T20:05:54.965+0000] {logging_mixin.py:120} INFO - [2024-01-06T20:05:54.965+0000] {dag.py:3340} INFO - Setting next_dagrun for group_dag to 2024-01-05T00:00:00+00:00, run_after=2024-01-06T00:00:00+00:00
[2024-01-06T20:05:54.974+0000] {processor.py:176} INFO - Processing /opt/airflow/dags/group_dag.py took 0.061 seconds
[2024-01-06T20:06:25.810+0000] {processor.py:154} INFO - Started process (PID=838) to work on /opt/airflow/dags/group_dag.py
[2024-01-06T20:06:25.811+0000] {processor.py:756} INFO - Processing file /opt/airflow/dags/group_dag.py for tasks to queue
[2024-01-06T20:06:25.812+0000] {logging_mixin.py:120} INFO - [2024-01-06T20:06:25.812+0000] {dagbag.py:537} INFO - Filling up the DagBag from /opt/airflow/dags/group_dag.py
[2024-01-06T20:06:25.825+0000] {processor.py:766} INFO - DAG(s) dict_keys(['group_dag']) retrieved from /opt/airflow/dags/group_dag.py
[2024-01-06T20:06:25.848+0000] {logging_mixin.py:120} INFO - [2024-01-06T20:06:25.848+0000] {dag.py:2585} INFO - Sync 1 DAGs
[2024-01-06T20:06:25.862+0000] {logging_mixin.py:120} INFO - [2024-01-06T20:06:25.862+0000] {dag.py:3340} INFO - Setting next_dagrun for group_dag to 2024-01-05T00:00:00+00:00, run_after=2024-01-06T00:00:00+00:00
[2024-01-06T20:06:25.872+0000] {processor.py:176} INFO - Processing /opt/airflow/dags/group_dag.py took 0.064 seconds
[2024-01-06T20:06:56.747+0000] {processor.py:154} INFO - Started process (PID=875) to work on /opt/airflow/dags/group_dag.py
[2024-01-06T20:06:56.747+0000] {processor.py:756} INFO - Processing file /opt/airflow/dags/group_dag.py for tasks to queue
[2024-01-06T20:06:56.748+0000] {logging_mixin.py:120} INFO - [2024-01-06T20:06:56.748+0000] {dagbag.py:537} INFO - Filling up the DagBag from /opt/airflow/dags/group_dag.py
[2024-01-06T20:06:56.761+0000] {processor.py:766} INFO - DAG(s) dict_keys(['group_dag']) retrieved from /opt/airflow/dags/group_dag.py
[2024-01-06T20:06:56.783+0000] {logging_mixin.py:120} INFO - [2024-01-06T20:06:56.783+0000] {dag.py:2585} INFO - Sync 1 DAGs
[2024-01-06T20:06:56.796+0000] {logging_mixin.py:120} INFO - [2024-01-06T20:06:56.796+0000] {dag.py:3340} INFO - Setting next_dagrun for group_dag to 2024-01-05T00:00:00+00:00, run_after=2024-01-06T00:00:00+00:00
[2024-01-06T20:06:56.807+0000] {processor.py:176} INFO - Processing /opt/airflow/dags/group_dag.py took 0.062 seconds
[2024-01-06T20:07:29.613+0000] {processor.py:154} INFO - Started process (PID=911) to work on /opt/airflow/dags/group_dag.py
[2024-01-06T20:07:29.614+0000] {processor.py:756} INFO - Processing file /opt/airflow/dags/group_dag.py for tasks to queue
[2024-01-06T20:07:29.615+0000] {logging_mixin.py:120} INFO - [2024-01-06T20:07:29.615+0000] {dagbag.py:537} INFO - Filling up the DagBag from /opt/airflow/dags/group_dag.py
[2024-01-06T20:07:29.635+0000] {processor.py:766} INFO - DAG(s) dict_keys(['group_dag']) retrieved from /opt/airflow/dags/group_dag.py
[2024-01-06T20:07:29.674+0000] {logging_mixin.py:120} INFO - [2024-01-06T20:07:29.674+0000] {dag.py:2585} INFO - Sync 1 DAGs
[2024-01-06T20:07:29.696+0000] {logging_mixin.py:120} INFO - [2024-01-06T20:07:29.696+0000] {dag.py:3340} INFO - Setting next_dagrun for group_dag to 2024-01-05T00:00:00+00:00, run_after=2024-01-06T00:00:00+00:00
[2024-01-06T20:07:29.715+0000] {processor.py:176} INFO - Processing /opt/airflow/dags/group_dag.py took 0.105 seconds
[2024-01-06T20:08:00.000+0000] {processor.py:154} INFO - Started process (PID=939) to work on /opt/airflow/dags/group_dag.py
[2024-01-06T20:08:00.000+0000] {processor.py:756} INFO - Processing file /opt/airflow/dags/group_dag.py for tasks to queue
[2024-01-06T20:08:00.001+0000] {logging_mixin.py:120} INFO - [2024-01-06T20:08:00.001+0000] {dagbag.py:537} INFO - Filling up the DagBag from /opt/airflow/dags/group_dag.py
[2024-01-06T20:08:00.016+0000] {processor.py:766} INFO - DAG(s) dict_keys(['group_dag']) retrieved from /opt/airflow/dags/group_dag.py
[2024-01-06T20:08:00.047+0000] {logging_mixin.py:120} INFO - [2024-01-06T20:08:00.047+0000] {dag.py:2585} INFO - Sync 1 DAGs
[2024-01-06T20:08:00.063+0000] {logging_mixin.py:120} INFO - [2024-01-06T20:08:00.063+0000] {dag.py:3340} INFO - Setting next_dagrun for group_dag to 2024-01-05T00:00:00+00:00, run_after=2024-01-06T00:00:00+00:00
[2024-01-06T20:08:00.072+0000] {processor.py:176} INFO - Processing /opt/airflow/dags/group_dag.py took 0.074 seconds
[2024-01-06T20:08:30.365+0000] {processor.py:154} INFO - Started process (PID=974) to work on /opt/airflow/dags/group_dag.py
[2024-01-06T20:08:30.366+0000] {processor.py:756} INFO - Processing file /opt/airflow/dags/group_dag.py for tasks to queue
[2024-01-06T20:08:30.366+0000] {logging_mixin.py:120} INFO - [2024-01-06T20:08:30.366+0000] {dagbag.py:537} INFO - Filling up the DagBag from /opt/airflow/dags/group_dag.py
[2024-01-06T20:08:30.381+0000] {processor.py:766} INFO - DAG(s) dict_keys(['group_dag']) retrieved from /opt/airflow/dags/group_dag.py
[2024-01-06T20:08:30.403+0000] {logging_mixin.py:120} INFO - [2024-01-06T20:08:30.403+0000] {dag.py:2585} INFO - Sync 1 DAGs
[2024-01-06T20:08:30.416+0000] {logging_mixin.py:120} INFO - [2024-01-06T20:08:30.416+0000] {dag.py:3340} INFO - Setting next_dagrun for group_dag to 2024-01-05T00:00:00+00:00, run_after=2024-01-06T00:00:00+00:00
[2024-01-06T20:08:30.426+0000] {processor.py:176} INFO - Processing /opt/airflow/dags/group_dag.py took 0.063 seconds
[2024-01-06T20:09:01.076+0000] {processor.py:154} INFO - Started process (PID=1011) to work on /opt/airflow/dags/group_dag.py
[2024-01-06T20:09:01.077+0000] {processor.py:756} INFO - Processing file /opt/airflow/dags/group_dag.py for tasks to queue
[2024-01-06T20:09:01.078+0000] {logging_mixin.py:120} INFO - [2024-01-06T20:09:01.078+0000] {dagbag.py:537} INFO - Filling up the DagBag from /opt/airflow/dags/group_dag.py
[2024-01-06T20:09:01.092+0000] {processor.py:766} INFO - DAG(s) dict_keys(['group_dag']) retrieved from /opt/airflow/dags/group_dag.py
[2024-01-06T20:09:01.130+0000] {logging_mixin.py:120} INFO - [2024-01-06T20:09:01.130+0000] {dag.py:2585} INFO - Sync 1 DAGs
[2024-01-06T20:09:01.146+0000] {logging_mixin.py:120} INFO - [2024-01-06T20:09:01.146+0000] {dag.py:3340} INFO - Setting next_dagrun for group_dag to 2024-01-05T00:00:00+00:00, run_after=2024-01-06T00:00:00+00:00
[2024-01-06T20:09:01.156+0000] {processor.py:176} INFO - Processing /opt/airflow/dags/group_dag.py took 0.082 seconds
[2024-01-06T20:09:31.815+0000] {processor.py:154} INFO - Started process (PID=1048) to work on /opt/airflow/dags/group_dag.py
[2024-01-06T20:09:31.817+0000] {processor.py:756} INFO - Processing file /opt/airflow/dags/group_dag.py for tasks to queue
[2024-01-06T20:09:31.819+0000] {logging_mixin.py:120} INFO - [2024-01-06T20:09:31.819+0000] {dagbag.py:537} INFO - Filling up the DagBag from /opt/airflow/dags/group_dag.py
[2024-01-06T20:09:31.839+0000] {processor.py:766} INFO - DAG(s) dict_keys(['group_dag']) retrieved from /opt/airflow/dags/group_dag.py
[2024-01-06T20:09:31.871+0000] {logging_mixin.py:120} INFO - [2024-01-06T20:09:31.871+0000] {dag.py:2585} INFO - Sync 1 DAGs
[2024-01-06T20:09:31.889+0000] {logging_mixin.py:120} INFO - [2024-01-06T20:09:31.888+0000] {dag.py:3340} INFO - Setting next_dagrun for group_dag to 2024-01-05T00:00:00+00:00, run_after=2024-01-06T00:00:00+00:00
[2024-01-06T20:09:31.900+0000] {processor.py:176} INFO - Processing /opt/airflow/dags/group_dag.py took 0.087 seconds
[2024-01-06T20:10:02.069+0000] {processor.py:154} INFO - Started process (PID=1076) to work on /opt/airflow/dags/group_dag.py
[2024-01-06T20:10:02.070+0000] {processor.py:756} INFO - Processing file /opt/airflow/dags/group_dag.py for tasks to queue
[2024-01-06T20:10:02.070+0000] {logging_mixin.py:120} INFO - [2024-01-06T20:10:02.070+0000] {dagbag.py:537} INFO - Filling up the DagBag from /opt/airflow/dags/group_dag.py
[2024-01-06T20:10:02.085+0000] {processor.py:766} INFO - DAG(s) dict_keys(['group_dag']) retrieved from /opt/airflow/dags/group_dag.py
[2024-01-06T20:10:02.113+0000] {logging_mixin.py:120} INFO - [2024-01-06T20:10:02.113+0000] {dag.py:2585} INFO - Sync 1 DAGs
[2024-01-06T20:10:02.130+0000] {logging_mixin.py:120} INFO - [2024-01-06T20:10:02.130+0000] {dag.py:3340} INFO - Setting next_dagrun for group_dag to 2024-01-05T00:00:00+00:00, run_after=2024-01-06T00:00:00+00:00
[2024-01-06T20:10:02.141+0000] {processor.py:176} INFO - Processing /opt/airflow/dags/group_dag.py took 0.075 seconds
[2024-01-06T20:10:32.194+0000] {processor.py:154} INFO - Started process (PID=1111) to work on /opt/airflow/dags/group_dag.py
[2024-01-06T20:10:32.195+0000] {processor.py:756} INFO - Processing file /opt/airflow/dags/group_dag.py for tasks to queue
[2024-01-06T20:10:32.196+0000] {logging_mixin.py:120} INFO - [2024-01-06T20:10:32.196+0000] {dagbag.py:537} INFO - Filling up the DagBag from /opt/airflow/dags/group_dag.py
[2024-01-06T20:10:32.208+0000] {processor.py:766} INFO - DAG(s) dict_keys(['group_dag']) retrieved from /opt/airflow/dags/group_dag.py
[2024-01-06T20:10:32.230+0000] {logging_mixin.py:120} INFO - [2024-01-06T20:10:32.230+0000] {dag.py:2585} INFO - Sync 1 DAGs
[2024-01-06T20:10:32.244+0000] {logging_mixin.py:120} INFO - [2024-01-06T20:10:32.243+0000] {dag.py:3340} INFO - Setting next_dagrun for group_dag to 2024-01-05T00:00:00+00:00, run_after=2024-01-06T00:00:00+00:00
[2024-01-06T20:10:32.252+0000] {processor.py:176} INFO - Processing /opt/airflow/dags/group_dag.py took 0.060 seconds
[2024-01-06T20:11:02.349+0000] {processor.py:154} INFO - Started process (PID=1148) to work on /opt/airflow/dags/group_dag.py
[2024-01-06T20:11:02.349+0000] {processor.py:756} INFO - Processing file /opt/airflow/dags/group_dag.py for tasks to queue
[2024-01-06T20:11:02.350+0000] {logging_mixin.py:120} INFO - [2024-01-06T20:11:02.350+0000] {dagbag.py:537} INFO - Filling up the DagBag from /opt/airflow/dags/group_dag.py
[2024-01-06T20:11:02.362+0000] {processor.py:766} INFO - DAG(s) dict_keys(['group_dag']) retrieved from /opt/airflow/dags/group_dag.py
[2024-01-06T20:11:02.384+0000] {logging_mixin.py:120} INFO - [2024-01-06T20:11:02.384+0000] {dag.py:2585} INFO - Sync 1 DAGs
[2024-01-06T20:11:02.397+0000] {logging_mixin.py:120} INFO - [2024-01-06T20:11:02.397+0000] {dag.py:3340} INFO - Setting next_dagrun for group_dag to 2024-01-05T00:00:00+00:00, run_after=2024-01-06T00:00:00+00:00
[2024-01-06T20:11:02.405+0000] {processor.py:176} INFO - Processing /opt/airflow/dags/group_dag.py took 0.059 seconds
[2024-01-06T20:11:32.892+0000] {processor.py:154} INFO - Started process (PID=1185) to work on /opt/airflow/dags/group_dag.py
[2024-01-06T20:11:32.893+0000] {processor.py:756} INFO - Processing file /opt/airflow/dags/group_dag.py for tasks to queue
[2024-01-06T20:11:32.893+0000] {logging_mixin.py:120} INFO - [2024-01-06T20:11:32.893+0000] {dagbag.py:537} INFO - Filling up the DagBag from /opt/airflow/dags/group_dag.py
[2024-01-06T20:11:32.905+0000] {processor.py:766} INFO - DAG(s) dict_keys(['group_dag']) retrieved from /opt/airflow/dags/group_dag.py
[2024-01-06T20:11:32.926+0000] {logging_mixin.py:120} INFO - [2024-01-06T20:11:32.926+0000] {dag.py:2585} INFO - Sync 1 DAGs
[2024-01-06T20:11:32.938+0000] {logging_mixin.py:120} INFO - [2024-01-06T20:11:32.938+0000] {dag.py:3340} INFO - Setting next_dagrun for group_dag to 2024-01-05T00:00:00+00:00, run_after=2024-01-06T00:00:00+00:00
[2024-01-06T20:11:32.946+0000] {processor.py:176} INFO - Processing /opt/airflow/dags/group_dag.py took 0.056 seconds
[2024-01-06T20:12:03.226+0000] {processor.py:154} INFO - Started process (PID=1222) to work on /opt/airflow/dags/group_dag.py
[2024-01-06T20:12:03.228+0000] {processor.py:756} INFO - Processing file /opt/airflow/dags/group_dag.py for tasks to queue
[2024-01-06T20:12:03.229+0000] {logging_mixin.py:120} INFO - [2024-01-06T20:12:03.229+0000] {dagbag.py:537} INFO - Filling up the DagBag from /opt/airflow/dags/group_dag.py
[2024-01-06T20:12:03.260+0000] {processor.py:766} INFO - DAG(s) dict_keys(['group_dag']) retrieved from /opt/airflow/dags/group_dag.py
[2024-01-06T20:12:03.296+0000] {logging_mixin.py:120} INFO - [2024-01-06T20:12:03.296+0000] {dag.py:2585} INFO - Sync 1 DAGs
[2024-01-06T20:12:03.316+0000] {logging_mixin.py:120} INFO - [2024-01-06T20:12:03.316+0000] {dag.py:3340} INFO - Setting next_dagrun for group_dag to 2024-01-05T00:00:00+00:00, run_after=2024-01-06T00:00:00+00:00
[2024-01-06T20:12:03.335+0000] {processor.py:176} INFO - Processing /opt/airflow/dags/group_dag.py took 0.116 seconds
[2024-01-06T20:12:33.519+0000] {processor.py:154} INFO - Started process (PID=1250) to work on /opt/airflow/dags/group_dag.py
[2024-01-06T20:12:33.520+0000] {processor.py:756} INFO - Processing file /opt/airflow/dags/group_dag.py for tasks to queue
[2024-01-06T20:12:33.520+0000] {logging_mixin.py:120} INFO - [2024-01-06T20:12:33.520+0000] {dagbag.py:537} INFO - Filling up the DagBag from /opt/airflow/dags/group_dag.py
[2024-01-06T20:12:33.536+0000] {processor.py:766} INFO - DAG(s) dict_keys(['group_dag']) retrieved from /opt/airflow/dags/group_dag.py
[2024-01-06T20:12:33.557+0000] {logging_mixin.py:120} INFO - [2024-01-06T20:12:33.557+0000] {dag.py:2585} INFO - Sync 1 DAGs
[2024-01-06T20:12:33.570+0000] {logging_mixin.py:120} INFO - [2024-01-06T20:12:33.570+0000] {dag.py:3340} INFO - Setting next_dagrun for group_dag to 2024-01-05T00:00:00+00:00, run_after=2024-01-06T00:00:00+00:00
[2024-01-06T20:12:33.578+0000] {processor.py:176} INFO - Processing /opt/airflow/dags/group_dag.py took 0.062 seconds
[2024-01-06T20:13:03.868+0000] {processor.py:154} INFO - Started process (PID=1287) to work on /opt/airflow/dags/group_dag.py
[2024-01-06T20:13:03.869+0000] {processor.py:756} INFO - Processing file /opt/airflow/dags/group_dag.py for tasks to queue
[2024-01-06T20:13:03.869+0000] {logging_mixin.py:120} INFO - [2024-01-06T20:13:03.869+0000] {dagbag.py:537} INFO - Filling up the DagBag from /opt/airflow/dags/group_dag.py
[2024-01-06T20:13:03.881+0000] {processor.py:766} INFO - DAG(s) dict_keys(['group_dag']) retrieved from /opt/airflow/dags/group_dag.py
[2024-01-06T20:13:03.901+0000] {logging_mixin.py:120} INFO - [2024-01-06T20:13:03.900+0000] {dag.py:2585} INFO - Sync 1 DAGs
[2024-01-06T20:13:03.912+0000] {logging_mixin.py:120} INFO - [2024-01-06T20:13:03.912+0000] {dag.py:3340} INFO - Setting next_dagrun for group_dag to 2024-01-05T00:00:00+00:00, run_after=2024-01-06T00:00:00+00:00
[2024-01-06T20:13:03.921+0000] {processor.py:176} INFO - Processing /opt/airflow/dags/group_dag.py took 0.055 seconds
[2024-01-06T20:13:34.816+0000] {processor.py:154} INFO - Started process (PID=1324) to work on /opt/airflow/dags/group_dag.py
[2024-01-06T20:13:34.816+0000] {processor.py:756} INFO - Processing file /opt/airflow/dags/group_dag.py for tasks to queue
[2024-01-06T20:13:34.817+0000] {logging_mixin.py:120} INFO - [2024-01-06T20:13:34.817+0000] {dagbag.py:537} INFO - Filling up the DagBag from /opt/airflow/dags/group_dag.py
[2024-01-06T20:13:34.829+0000] {processor.py:766} INFO - DAG(s) dict_keys(['group_dag']) retrieved from /opt/airflow/dags/group_dag.py
[2024-01-06T20:13:34.850+0000] {logging_mixin.py:120} INFO - [2024-01-06T20:13:34.850+0000] {dag.py:2585} INFO - Sync 1 DAGs
[2024-01-06T20:13:34.863+0000] {logging_mixin.py:120} INFO - [2024-01-06T20:13:34.863+0000] {dag.py:3340} INFO - Setting next_dagrun for group_dag to 2024-01-05T00:00:00+00:00, run_after=2024-01-06T00:00:00+00:00
[2024-01-06T20:13:34.871+0000] {processor.py:176} INFO - Processing /opt/airflow/dags/group_dag.py took 0.057 seconds
[2024-01-06T20:14:05.595+0000] {processor.py:154} INFO - Started process (PID=1361) to work on /opt/airflow/dags/group_dag.py
[2024-01-06T20:14:05.596+0000] {processor.py:756} INFO - Processing file /opt/airflow/dags/group_dag.py for tasks to queue
[2024-01-06T20:14:05.596+0000] {logging_mixin.py:120} INFO - [2024-01-06T20:14:05.596+0000] {dagbag.py:537} INFO - Filling up the DagBag from /opt/airflow/dags/group_dag.py
[2024-01-06T20:14:05.608+0000] {processor.py:766} INFO - DAG(s) dict_keys(['group_dag']) retrieved from /opt/airflow/dags/group_dag.py
[2024-01-06T20:14:05.628+0000] {logging_mixin.py:120} INFO - [2024-01-06T20:14:05.628+0000] {dag.py:2585} INFO - Sync 1 DAGs
[2024-01-06T20:14:05.642+0000] {logging_mixin.py:120} INFO - [2024-01-06T20:14:05.642+0000] {dag.py:3340} INFO - Setting next_dagrun for group_dag to 2024-01-05T00:00:00+00:00, run_after=2024-01-06T00:00:00+00:00
[2024-01-06T20:14:05.650+0000] {processor.py:176} INFO - Processing /opt/airflow/dags/group_dag.py took 0.057 seconds
[2024-01-06T20:14:35.804+0000] {processor.py:154} INFO - Started process (PID=1398) to work on /opt/airflow/dags/group_dag.py
[2024-01-06T20:14:35.806+0000] {processor.py:756} INFO - Processing file /opt/airflow/dags/group_dag.py for tasks to queue
[2024-01-06T20:14:35.807+0000] {logging_mixin.py:120} INFO - [2024-01-06T20:14:35.807+0000] {dagbag.py:537} INFO - Filling up the DagBag from /opt/airflow/dags/group_dag.py
[2024-01-06T20:14:35.830+0000] {processor.py:766} INFO - DAG(s) dict_keys(['group_dag']) retrieved from /opt/airflow/dags/group_dag.py
[2024-01-06T20:14:35.867+0000] {logging_mixin.py:120} INFO - [2024-01-06T20:14:35.867+0000] {dag.py:2585} INFO - Sync 1 DAGs
[2024-01-06T20:14:35.880+0000] {logging_mixin.py:120} INFO - [2024-01-06T20:14:35.880+0000] {dag.py:3340} INFO - Setting next_dagrun for group_dag to 2024-01-05T00:00:00+00:00, run_after=2024-01-06T00:00:00+00:00
[2024-01-06T20:14:35.890+0000] {processor.py:176} INFO - Processing /opt/airflow/dags/group_dag.py took 0.090 seconds
[2024-01-06T20:15:06.525+0000] {processor.py:154} INFO - Started process (PID=1427) to work on /opt/airflow/dags/group_dag.py
[2024-01-06T20:15:06.526+0000] {processor.py:756} INFO - Processing file /opt/airflow/dags/group_dag.py for tasks to queue
[2024-01-06T20:15:06.526+0000] {logging_mixin.py:120} INFO - [2024-01-06T20:15:06.526+0000] {dagbag.py:537} INFO - Filling up the DagBag from /opt/airflow/dags/group_dag.py
[2024-01-06T20:15:06.540+0000] {processor.py:766} INFO - DAG(s) dict_keys(['group_dag']) retrieved from /opt/airflow/dags/group_dag.py
[2024-01-06T20:15:06.573+0000] {logging_mixin.py:120} INFO - [2024-01-06T20:15:06.573+0000] {dag.py:2585} INFO - Sync 1 DAGs
[2024-01-06T20:15:06.594+0000] {logging_mixin.py:120} INFO - [2024-01-06T20:15:06.594+0000] {dag.py:3340} INFO - Setting next_dagrun for group_dag to 2024-01-05T00:00:00+00:00, run_after=2024-01-06T00:00:00+00:00
[2024-01-06T20:15:06.604+0000] {processor.py:176} INFO - Processing /opt/airflow/dags/group_dag.py took 0.081 seconds
[2024-01-06T20:15:37.492+0000] {processor.py:154} INFO - Started process (PID=1464) to work on /opt/airflow/dags/group_dag.py
[2024-01-06T20:15:37.493+0000] {processor.py:756} INFO - Processing file /opt/airflow/dags/group_dag.py for tasks to queue
[2024-01-06T20:15:37.493+0000] {logging_mixin.py:120} INFO - [2024-01-06T20:15:37.493+0000] {dagbag.py:537} INFO - Filling up the DagBag from /opt/airflow/dags/group_dag.py
[2024-01-06T20:15:37.506+0000] {processor.py:766} INFO - DAG(s) dict_keys(['group_dag']) retrieved from /opt/airflow/dags/group_dag.py
[2024-01-06T20:15:37.528+0000] {logging_mixin.py:120} INFO - [2024-01-06T20:15:37.527+0000] {dag.py:2585} INFO - Sync 1 DAGs
[2024-01-06T20:15:37.541+0000] {logging_mixin.py:120} INFO - [2024-01-06T20:15:37.541+0000] {dag.py:3340} INFO - Setting next_dagrun for group_dag to 2024-01-05T00:00:00+00:00, run_after=2024-01-06T00:00:00+00:00
[2024-01-06T20:15:37.550+0000] {processor.py:176} INFO - Processing /opt/airflow/dags/group_dag.py took 0.060 seconds
[2024-01-06T20:16:08.326+0000] {processor.py:154} INFO - Started process (PID=1501) to work on /opt/airflow/dags/group_dag.py
[2024-01-06T20:16:08.327+0000] {processor.py:756} INFO - Processing file /opt/airflow/dags/group_dag.py for tasks to queue
[2024-01-06T20:16:08.327+0000] {logging_mixin.py:120} INFO - [2024-01-06T20:16:08.327+0000] {dagbag.py:537} INFO - Filling up the DagBag from /opt/airflow/dags/group_dag.py
[2024-01-06T20:16:08.340+0000] {processor.py:766} INFO - DAG(s) dict_keys(['group_dag']) retrieved from /opt/airflow/dags/group_dag.py
[2024-01-06T20:16:08.361+0000] {logging_mixin.py:120} INFO - [2024-01-06T20:16:08.361+0000] {dag.py:2585} INFO - Sync 1 DAGs
[2024-01-06T20:16:08.373+0000] {logging_mixin.py:120} INFO - [2024-01-06T20:16:08.373+0000] {dag.py:3340} INFO - Setting next_dagrun for group_dag to 2024-01-05T00:00:00+00:00, run_after=2024-01-06T00:00:00+00:00
[2024-01-06T20:16:08.382+0000] {processor.py:176} INFO - Processing /opt/airflow/dags/group_dag.py took 0.058 seconds
[2024-01-06T20:16:38.574+0000] {processor.py:154} INFO - Started process (PID=1537) to work on /opt/airflow/dags/group_dag.py
[2024-01-06T20:16:38.574+0000] {processor.py:756} INFO - Processing file /opt/airflow/dags/group_dag.py for tasks to queue
[2024-01-06T20:16:38.575+0000] {logging_mixin.py:120} INFO - [2024-01-06T20:16:38.575+0000] {dagbag.py:537} INFO - Filling up the DagBag from /opt/airflow/dags/group_dag.py
[2024-01-06T20:16:38.587+0000] {processor.py:766} INFO - DAG(s) dict_keys(['group_dag']) retrieved from /opt/airflow/dags/group_dag.py
[2024-01-06T20:16:38.607+0000] {logging_mixin.py:120} INFO - [2024-01-06T20:16:38.607+0000] {dag.py:2585} INFO - Sync 1 DAGs
[2024-01-06T20:16:38.620+0000] {logging_mixin.py:120} INFO - [2024-01-06T20:16:38.620+0000] {dag.py:3340} INFO - Setting next_dagrun for group_dag to 2024-01-05T00:00:00+00:00, run_after=2024-01-06T00:00:00+00:00
[2024-01-06T20:16:38.628+0000] {processor.py:176} INFO - Processing /opt/airflow/dags/group_dag.py took 0.057 seconds
[2024-01-06T20:34:34.934+0000] {processor.py:154} INFO - Started process (PID=57) to work on /opt/airflow/dags/group_dag.py
[2024-01-06T20:34:34.959+0000] {processor.py:756} INFO - Processing file /opt/airflow/dags/group_dag.py for tasks to queue
[2024-01-06T20:34:34.965+0000] {logging_mixin.py:120} INFO - [2024-01-06T20:34:34.964+0000] {dagbag.py:537} INFO - Filling up the DagBag from /opt/airflow/dags/group_dag.py
[2024-01-06T20:34:35.035+0000] {processor.py:766} INFO - DAG(s) dict_keys(['group_dag']) retrieved from /opt/airflow/dags/group_dag.py
[2024-01-06T20:34:35.206+0000] {logging_mixin.py:120} INFO - [2024-01-06T20:34:35.206+0000] {dag.py:2585} INFO - Sync 1 DAGs
[2024-01-06T20:34:35.244+0000] {logging_mixin.py:120} INFO - [2024-01-06T20:34:35.244+0000] {dag.py:3340} INFO - Setting next_dagrun for group_dag to 2024-01-05T00:00:00+00:00, run_after=2024-01-06T00:00:00+00:00
[2024-01-06T20:34:35.277+0000] {processor.py:176} INFO - Processing /opt/airflow/dags/group_dag.py took 0.362 seconds
[2024-01-06T21:28:03.722+0000] {processor.py:154} INFO - Started process (PID=60) to work on /opt/airflow/dags/group_dag.py
[2024-01-06T21:28:03.723+0000] {processor.py:756} INFO - Processing file /opt/airflow/dags/group_dag.py for tasks to queue
[2024-01-06T21:28:03.724+0000] {logging_mixin.py:120} INFO - [2024-01-06T21:28:03.724+0000] {dagbag.py:537} INFO - Filling up the DagBag from /opt/airflow/dags/group_dag.py
[2024-01-06T21:28:03.740+0000] {processor.py:766} INFO - DAG(s) dict_keys(['group_dag']) retrieved from /opt/airflow/dags/group_dag.py
[2024-01-06T21:28:03.820+0000] {logging_mixin.py:120} INFO - [2024-01-06T21:28:03.819+0000] {dag.py:2585} INFO - Sync 1 DAGs
[2024-01-06T21:28:03.860+0000] {logging_mixin.py:120} INFO - [2024-01-06T21:28:03.860+0000] {dag.py:3340} INFO - Setting next_dagrun for group_dag to 2024-01-05T00:00:00+00:00, run_after=2024-01-06T00:00:00+00:00
[2024-01-06T21:28:03.894+0000] {processor.py:176} INFO - Processing /opt/airflow/dags/group_dag.py took 0.175 seconds
[2024-01-06T21:28:35.070+0000] {processor.py:154} INFO - Started process (PID=97) to work on /opt/airflow/dags/group_dag.py
[2024-01-06T21:28:35.071+0000] {processor.py:756} INFO - Processing file /opt/airflow/dags/group_dag.py for tasks to queue
[2024-01-06T21:28:35.072+0000] {logging_mixin.py:120} INFO - [2024-01-06T21:28:35.072+0000] {dagbag.py:537} INFO - Filling up the DagBag from /opt/airflow/dags/group_dag.py
[2024-01-06T21:28:35.088+0000] {processor.py:766} INFO - DAG(s) dict_keys(['group_dag']) retrieved from /opt/airflow/dags/group_dag.py
[2024-01-06T21:28:35.127+0000] {logging_mixin.py:120} INFO - [2024-01-06T21:28:35.127+0000] {dag.py:2585} INFO - Sync 1 DAGs
[2024-01-06T21:28:35.158+0000] {logging_mixin.py:120} INFO - [2024-01-06T21:28:35.157+0000] {dag.py:3340} INFO - Setting next_dagrun for group_dag to 2024-01-05T00:00:00+00:00, run_after=2024-01-06T00:00:00+00:00
[2024-01-06T21:28:35.169+0000] {processor.py:176} INFO - Processing /opt/airflow/dags/group_dag.py took 0.102 seconds
[2024-01-06T21:29:06.379+0000] {processor.py:154} INFO - Started process (PID=135) to work on /opt/airflow/dags/group_dag.py
[2024-01-06T21:29:06.380+0000] {processor.py:756} INFO - Processing file /opt/airflow/dags/group_dag.py for tasks to queue
[2024-01-06T21:29:06.380+0000] {logging_mixin.py:120} INFO - [2024-01-06T21:29:06.380+0000] {dagbag.py:537} INFO - Filling up the DagBag from /opt/airflow/dags/group_dag.py
[2024-01-06T21:29:06.394+0000] {processor.py:766} INFO - DAG(s) dict_keys(['group_dag']) retrieved from /opt/airflow/dags/group_dag.py
[2024-01-06T21:29:06.416+0000] {logging_mixin.py:120} INFO - [2024-01-06T21:29:06.416+0000] {dag.py:2585} INFO - Sync 1 DAGs
[2024-01-06T21:29:06.430+0000] {logging_mixin.py:120} INFO - [2024-01-06T21:29:06.430+0000] {dag.py:3340} INFO - Setting next_dagrun for group_dag to 2024-01-05T00:00:00+00:00, run_after=2024-01-06T00:00:00+00:00
[2024-01-06T21:29:06.440+0000] {processor.py:176} INFO - Processing /opt/airflow/dags/group_dag.py took 0.063 seconds
[2024-01-06T21:29:37.822+0000] {processor.py:154} INFO - Started process (PID=172) to work on /opt/airflow/dags/group_dag.py
[2024-01-06T21:29:37.823+0000] {processor.py:756} INFO - Processing file /opt/airflow/dags/group_dag.py for tasks to queue
[2024-01-06T21:29:37.824+0000] {logging_mixin.py:120} INFO - [2024-01-06T21:29:37.823+0000] {dagbag.py:537} INFO - Filling up the DagBag from /opt/airflow/dags/group_dag.py
[2024-01-06T21:29:37.839+0000] {processor.py:766} INFO - DAG(s) dict_keys(['group_dag']) retrieved from /opt/airflow/dags/group_dag.py
[2024-01-06T21:29:37.865+0000] {logging_mixin.py:120} INFO - [2024-01-06T21:29:37.865+0000] {dag.py:2585} INFO - Sync 1 DAGs
[2024-01-06T21:29:37.885+0000] {logging_mixin.py:120} INFO - [2024-01-06T21:29:37.885+0000] {dag.py:3340} INFO - Setting next_dagrun for group_dag to 2024-01-05T00:00:00+00:00, run_after=2024-01-06T00:00:00+00:00
[2024-01-06T21:29:37.901+0000] {processor.py:176} INFO - Processing /opt/airflow/dags/group_dag.py took 0.081 seconds
[2024-01-06T21:30:09.049+0000] {processor.py:154} INFO - Started process (PID=200) to work on /opt/airflow/dags/group_dag.py
[2024-01-06T21:30:09.050+0000] {processor.py:756} INFO - Processing file /opt/airflow/dags/group_dag.py for tasks to queue
[2024-01-06T21:30:09.050+0000] {logging_mixin.py:120} INFO - [2024-01-06T21:30:09.050+0000] {dagbag.py:537} INFO - Filling up the DagBag from /opt/airflow/dags/group_dag.py
[2024-01-06T21:30:09.063+0000] {processor.py:766} INFO - DAG(s) dict_keys(['group_dag']) retrieved from /opt/airflow/dags/group_dag.py
[2024-01-06T21:30:09.086+0000] {logging_mixin.py:120} INFO - [2024-01-06T21:30:09.086+0000] {dag.py:2585} INFO - Sync 1 DAGs
[2024-01-06T21:30:09.101+0000] {logging_mixin.py:120} INFO - [2024-01-06T21:30:09.101+0000] {dag.py:3340} INFO - Setting next_dagrun for group_dag to 2024-01-05T00:00:00+00:00, run_after=2024-01-06T00:00:00+00:00
[2024-01-06T21:30:09.111+0000] {processor.py:176} INFO - Processing /opt/airflow/dags/group_dag.py took 0.064 seconds
[2024-01-06T21:30:40.401+0000] {processor.py:154} INFO - Started process (PID=237) to work on /opt/airflow/dags/group_dag.py
[2024-01-06T21:30:40.407+0000] {processor.py:756} INFO - Processing file /opt/airflow/dags/group_dag.py for tasks to queue
[2024-01-06T21:30:40.408+0000] {logging_mixin.py:120} INFO - [2024-01-06T21:30:40.408+0000] {dagbag.py:537} INFO - Filling up the DagBag from /opt/airflow/dags/group_dag.py
[2024-01-06T21:30:40.439+0000] {processor.py:766} INFO - DAG(s) dict_keys(['group_dag']) retrieved from /opt/airflow/dags/group_dag.py
[2024-01-06T21:30:40.499+0000] {logging_mixin.py:120} INFO - [2024-01-06T21:30:40.499+0000] {dag.py:2585} INFO - Sync 1 DAGs
[2024-01-06T21:30:40.527+0000] {logging_mixin.py:120} INFO - [2024-01-06T21:30:40.526+0000] {dag.py:3340} INFO - Setting next_dagrun for group_dag to 2024-01-05T00:00:00+00:00, run_after=2024-01-06T00:00:00+00:00
[2024-01-06T21:30:40.540+0000] {processor.py:176} INFO - Processing /opt/airflow/dags/group_dag.py took 0.144 seconds
[2024-01-06T21:31:10.938+0000] {processor.py:154} INFO - Started process (PID=274) to work on /opt/airflow/dags/group_dag.py
[2024-01-06T21:31:10.939+0000] {processor.py:756} INFO - Processing file /opt/airflow/dags/group_dag.py for tasks to queue
[2024-01-06T21:31:10.940+0000] {logging_mixin.py:120} INFO - [2024-01-06T21:31:10.940+0000] {dagbag.py:537} INFO - Filling up the DagBag from /opt/airflow/dags/group_dag.py
[2024-01-06T21:31:10.991+0000] {processor.py:766} INFO - DAG(s) dict_keys(['group_dag']) retrieved from /opt/airflow/dags/group_dag.py
[2024-01-06T21:31:11.039+0000] {logging_mixin.py:120} INFO - [2024-01-06T21:31:11.039+0000] {dag.py:2585} INFO - Sync 1 DAGs
[2024-01-06T21:31:11.087+0000] {logging_mixin.py:120} INFO - [2024-01-06T21:31:11.087+0000] {dag.py:3340} INFO - Setting next_dagrun for group_dag to 2024-01-05T00:00:00+00:00, run_after=2024-01-06T00:00:00+00:00
[2024-01-06T21:31:11.108+0000] {processor.py:176} INFO - Processing /opt/airflow/dags/group_dag.py took 0.173 seconds
