[2024-01-06T19:29:29.246+0000] {processor.py:154} INFO - Started process (PID=67) to work on /opt/airflow/dags/inside_group_dag.py
[2024-01-06T19:29:29.248+0000] {processor.py:756} INFO - Processing file /opt/airflow/dags/inside_group_dag.py for tasks to queue
[2024-01-06T19:29:29.250+0000] {logging_mixin.py:120} INFO - [2024-01-06T19:29:29.250+0000] {dagbag.py:537} INFO - Filling up the DagBag from /opt/airflow/dags/inside_group_dag.py
[2024-01-06T19:29:29.313+0000] {processor.py:766} INFO - DAG(s) dict_keys(['inside_group_dag']) retrieved from /opt/airflow/dags/inside_group_dag.py
[2024-01-06T19:29:29.675+0000] {logging_mixin.py:120} INFO - [2024-01-06T19:29:29.674+0000] {manager.py:507} INFO - Created Permission View: can edit on DAG:inside_group_dag
[2024-01-06T19:29:29.700+0000] {logging_mixin.py:120} INFO - [2024-01-06T19:29:29.700+0000] {manager.py:507} INFO - Created Permission View: can read on DAG:inside_group_dag
[2024-01-06T19:29:29.731+0000] {logging_mixin.py:120} INFO - [2024-01-06T19:29:29.731+0000] {manager.py:507} INFO - Created Permission View: can delete on DAG:inside_group_dag
[2024-01-06T19:29:29.733+0000] {logging_mixin.py:120} INFO - [2024-01-06T19:29:29.733+0000] {dag.py:2585} INFO - Sync 1 DAGs
[2024-01-06T19:29:29.769+0000] {logging_mixin.py:120} INFO - [2024-01-06T19:29:29.769+0000] {dag.py:2606} INFO - Creating ORM DAG for inside_group_dag
[2024-01-06T19:29:29.802+0000] {logging_mixin.py:120} INFO - [2024-01-06T19:29:29.801+0000] {dag.py:3340} INFO - Setting next_dagrun for inside_group_dag to 2024-01-05T00:00:00+00:00, run_after=2024-01-06T00:00:00+00:00
[2024-01-06T19:29:29.846+0000] {processor.py:176} INFO - Processing /opt/airflow/dags/inside_group_dag.py took 0.607 seconds
[2024-01-06T19:30:00.899+0000] {processor.py:154} INFO - Started process (PID=103) to work on /opt/airflow/dags/inside_group_dag.py
[2024-01-06T19:30:00.900+0000] {processor.py:756} INFO - Processing file /opt/airflow/dags/inside_group_dag.py for tasks to queue
[2024-01-06T19:30:00.901+0000] {logging_mixin.py:120} INFO - [2024-01-06T19:30:00.901+0000] {dagbag.py:537} INFO - Filling up the DagBag from /opt/airflow/dags/inside_group_dag.py
[2024-01-06T19:30:00.921+0000] {processor.py:766} INFO - DAG(s) dict_keys(['inside_group_dag']) retrieved from /opt/airflow/dags/inside_group_dag.py
[2024-01-06T19:30:00.952+0000] {logging_mixin.py:120} INFO - [2024-01-06T19:30:00.952+0000] {dag.py:2585} INFO - Sync 1 DAGs
[2024-01-06T19:30:00.972+0000] {logging_mixin.py:120} INFO - [2024-01-06T19:30:00.972+0000] {dag.py:3340} INFO - Setting next_dagrun for inside_group_dag to 2024-01-05T00:00:00+00:00, run_after=2024-01-06T00:00:00+00:00
[2024-01-06T19:30:00.983+0000] {processor.py:176} INFO - Processing /opt/airflow/dags/inside_group_dag.py took 0.088 seconds
[2024-01-06T19:30:31.889+0000] {processor.py:154} INFO - Started process (PID=131) to work on /opt/airflow/dags/inside_group_dag.py
[2024-01-06T19:30:31.892+0000] {processor.py:756} INFO - Processing file /opt/airflow/dags/inside_group_dag.py for tasks to queue
[2024-01-06T19:30:31.893+0000] {logging_mixin.py:120} INFO - [2024-01-06T19:30:31.893+0000] {dagbag.py:537} INFO - Filling up the DagBag from /opt/airflow/dags/inside_group_dag.py
[2024-01-06T19:30:31.917+0000] {processor.py:766} INFO - DAG(s) dict_keys(['inside_group_dag']) retrieved from /opt/airflow/dags/inside_group_dag.py
[2024-01-06T19:30:31.943+0000] {logging_mixin.py:120} INFO - [2024-01-06T19:30:31.943+0000] {dag.py:2585} INFO - Sync 1 DAGs
[2024-01-06T19:30:31.961+0000] {logging_mixin.py:120} INFO - [2024-01-06T19:30:31.961+0000] {dag.py:3340} INFO - Setting next_dagrun for inside_group_dag to 2024-01-05T00:00:00+00:00, run_after=2024-01-06T00:00:00+00:00
[2024-01-06T19:30:31.971+0000] {processor.py:176} INFO - Processing /opt/airflow/dags/inside_group_dag.py took 0.086 seconds
[2024-01-06T19:55:02.384+0000] {processor.py:154} INFO - Started process (PID=56) to work on /opt/airflow/dags/inside_group_dag.py
[2024-01-06T19:55:02.385+0000] {processor.py:756} INFO - Processing file /opt/airflow/dags/inside_group_dag.py for tasks to queue
[2024-01-06T19:55:02.386+0000] {logging_mixin.py:120} INFO - [2024-01-06T19:55:02.386+0000] {dagbag.py:537} INFO - Filling up the DagBag from /opt/airflow/dags/inside_group_dag.py
[2024-01-06T19:55:02.410+0000] {processor.py:766} INFO - DAG(s) dict_keys(['inside_group_dag']) retrieved from /opt/airflow/dags/inside_group_dag.py
[2024-01-06T19:55:02.505+0000] {logging_mixin.py:120} INFO - [2024-01-06T19:55:02.505+0000] {dag.py:2585} INFO - Sync 1 DAGs
[2024-01-06T19:55:02.557+0000] {logging_mixin.py:120} INFO - [2024-01-06T19:55:02.557+0000] {dag.py:3340} INFO - Setting next_dagrun for inside_group_dag to 2024-01-05T00:00:00+00:00, run_after=2024-01-06T00:00:00+00:00
[2024-01-06T19:55:02.583+0000] {processor.py:176} INFO - Processing /opt/airflow/dags/inside_group_dag.py took 0.203 seconds
[2024-01-06T19:55:33.842+0000] {processor.py:154} INFO - Started process (PID=86) to work on /opt/airflow/dags/inside_group_dag.py
[2024-01-06T19:55:33.843+0000] {processor.py:756} INFO - Processing file /opt/airflow/dags/inside_group_dag.py for tasks to queue
[2024-01-06T19:55:33.844+0000] {logging_mixin.py:120} INFO - [2024-01-06T19:55:33.844+0000] {dagbag.py:537} INFO - Filling up the DagBag from /opt/airflow/dags/inside_group_dag.py
[2024-01-06T19:55:33.863+0000] {processor.py:766} INFO - DAG(s) dict_keys(['inside_group_dag']) retrieved from /opt/airflow/dags/inside_group_dag.py
[2024-01-06T19:55:33.887+0000] {logging_mixin.py:120} INFO - [2024-01-06T19:55:33.887+0000] {dag.py:2585} INFO - Sync 1 DAGs
[2024-01-06T19:55:33.902+0000] {logging_mixin.py:120} INFO - [2024-01-06T19:55:33.902+0000] {dag.py:3340} INFO - Setting next_dagrun for inside_group_dag to 2024-01-05T00:00:00+00:00, run_after=2024-01-06T00:00:00+00:00
[2024-01-06T19:55:33.914+0000] {processor.py:176} INFO - Processing /opt/airflow/dags/inside_group_dag.py took 0.074 seconds
[2024-01-06T19:56:05.008+0000] {processor.py:154} INFO - Started process (PID=124) to work on /opt/airflow/dags/inside_group_dag.py
[2024-01-06T19:56:05.009+0000] {processor.py:756} INFO - Processing file /opt/airflow/dags/inside_group_dag.py for tasks to queue
[2024-01-06T19:56:05.009+0000] {logging_mixin.py:120} INFO - [2024-01-06T19:56:05.009+0000] {dagbag.py:537} INFO - Filling up the DagBag from /opt/airflow/dags/inside_group_dag.py
[2024-01-06T19:56:05.028+0000] {processor.py:766} INFO - DAG(s) dict_keys(['inside_group_dag']) retrieved from /opt/airflow/dags/inside_group_dag.py
[2024-01-06T19:56:05.054+0000] {logging_mixin.py:120} INFO - [2024-01-06T19:56:05.054+0000] {dag.py:2585} INFO - Sync 1 DAGs
[2024-01-06T19:56:05.067+0000] {logging_mixin.py:120} INFO - [2024-01-06T19:56:05.067+0000] {dag.py:3340} INFO - Setting next_dagrun for inside_group_dag to 2024-01-05T00:00:00+00:00, run_after=2024-01-06T00:00:00+00:00
[2024-01-06T19:56:05.076+0000] {processor.py:176} INFO - Processing /opt/airflow/dags/inside_group_dag.py took 0.071 seconds
[2024-01-06T19:56:35.987+0000] {processor.py:154} INFO - Started process (PID=161) to work on /opt/airflow/dags/inside_group_dag.py
[2024-01-06T19:56:35.988+0000] {processor.py:756} INFO - Processing file /opt/airflow/dags/inside_group_dag.py for tasks to queue
[2024-01-06T19:56:35.989+0000] {logging_mixin.py:120} INFO - [2024-01-06T19:56:35.989+0000] {dagbag.py:537} INFO - Filling up the DagBag from /opt/airflow/dags/inside_group_dag.py
[2024-01-06T19:56:36.004+0000] {processor.py:766} INFO - DAG(s) dict_keys(['inside_group_dag']) retrieved from /opt/airflow/dags/inside_group_dag.py
[2024-01-06T19:56:36.033+0000] {logging_mixin.py:120} INFO - [2024-01-06T19:56:36.033+0000] {dag.py:2585} INFO - Sync 1 DAGs
[2024-01-06T19:56:36.050+0000] {logging_mixin.py:120} INFO - [2024-01-06T19:56:36.050+0000] {dag.py:3340} INFO - Setting next_dagrun for inside_group_dag to 2024-01-05T00:00:00+00:00, run_after=2024-01-06T00:00:00+00:00
[2024-01-06T19:56:36.062+0000] {processor.py:176} INFO - Processing /opt/airflow/dags/inside_group_dag.py took 0.076 seconds
[2024-01-06T19:57:06.943+0000] {processor.py:154} INFO - Started process (PID=198) to work on /opt/airflow/dags/inside_group_dag.py
[2024-01-06T19:57:06.945+0000] {processor.py:756} INFO - Processing file /opt/airflow/dags/inside_group_dag.py for tasks to queue
[2024-01-06T19:57:06.945+0000] {logging_mixin.py:120} INFO - [2024-01-06T19:57:06.945+0000] {dagbag.py:537} INFO - Filling up the DagBag from /opt/airflow/dags/inside_group_dag.py
[2024-01-06T19:57:06.963+0000] {processor.py:766} INFO - DAG(s) dict_keys(['inside_group_dag']) retrieved from /opt/airflow/dags/inside_group_dag.py
[2024-01-06T19:57:06.994+0000] {logging_mixin.py:120} INFO - [2024-01-06T19:57:06.994+0000] {dag.py:2585} INFO - Sync 1 DAGs
[2024-01-06T19:57:07.012+0000] {logging_mixin.py:120} INFO - [2024-01-06T19:57:07.012+0000] {dag.py:3340} INFO - Setting next_dagrun for inside_group_dag to 2024-01-05T00:00:00+00:00, run_after=2024-01-06T00:00:00+00:00
[2024-01-06T19:57:07.024+0000] {processor.py:176} INFO - Processing /opt/airflow/dags/inside_group_dag.py took 0.084 seconds
[2024-01-06T19:57:37.944+0000] {processor.py:154} INFO - Started process (PID=235) to work on /opt/airflow/dags/inside_group_dag.py
[2024-01-06T19:57:37.945+0000] {processor.py:756} INFO - Processing file /opt/airflow/dags/inside_group_dag.py for tasks to queue
[2024-01-06T19:57:37.945+0000] {logging_mixin.py:120} INFO - [2024-01-06T19:57:37.945+0000] {dagbag.py:537} INFO - Filling up the DagBag from /opt/airflow/dags/inside_group_dag.py
[2024-01-06T19:57:37.959+0000] {processor.py:766} INFO - DAG(s) dict_keys(['inside_group_dag']) retrieved from /opt/airflow/dags/inside_group_dag.py
[2024-01-06T19:57:37.981+0000] {logging_mixin.py:120} INFO - [2024-01-06T19:57:37.981+0000] {dag.py:2585} INFO - Sync 1 DAGs
[2024-01-06T19:57:37.995+0000] {logging_mixin.py:120} INFO - [2024-01-06T19:57:37.995+0000] {dag.py:3340} INFO - Setting next_dagrun for inside_group_dag to 2024-01-05T00:00:00+00:00, run_after=2024-01-06T00:00:00+00:00
[2024-01-06T19:57:38.006+0000] {processor.py:176} INFO - Processing /opt/airflow/dags/inside_group_dag.py took 0.064 seconds
[2024-01-06T19:58:09.287+0000] {processor.py:154} INFO - Started process (PID=263) to work on /opt/airflow/dags/inside_group_dag.py
[2024-01-06T19:58:09.288+0000] {processor.py:756} INFO - Processing file /opt/airflow/dags/inside_group_dag.py for tasks to queue
[2024-01-06T19:58:09.289+0000] {logging_mixin.py:120} INFO - [2024-01-06T19:58:09.288+0000] {dagbag.py:537} INFO - Filling up the DagBag from /opt/airflow/dags/inside_group_dag.py
[2024-01-06T19:58:09.317+0000] {processor.py:766} INFO - DAG(s) dict_keys(['inside_group_dag']) retrieved from /opt/airflow/dags/inside_group_dag.py
[2024-01-06T19:58:09.346+0000] {logging_mixin.py:120} INFO - [2024-01-06T19:58:09.346+0000] {dag.py:2585} INFO - Sync 1 DAGs
[2024-01-06T19:58:09.362+0000] {logging_mixin.py:120} INFO - [2024-01-06T19:58:09.362+0000] {dag.py:3340} INFO - Setting next_dagrun for inside_group_dag to 2024-01-05T00:00:00+00:00, run_after=2024-01-06T00:00:00+00:00
[2024-01-06T19:58:09.371+0000] {processor.py:176} INFO - Processing /opt/airflow/dags/inside_group_dag.py took 0.086 seconds
[2024-01-06T19:58:40.497+0000] {processor.py:154} INFO - Started process (PID=300) to work on /opt/airflow/dags/inside_group_dag.py
[2024-01-06T19:58:40.498+0000] {processor.py:756} INFO - Processing file /opt/airflow/dags/inside_group_dag.py for tasks to queue
[2024-01-06T19:58:40.499+0000] {logging_mixin.py:120} INFO - [2024-01-06T19:58:40.499+0000] {dagbag.py:537} INFO - Filling up the DagBag from /opt/airflow/dags/inside_group_dag.py
[2024-01-06T19:58:40.513+0000] {processor.py:766} INFO - DAG(s) dict_keys(['inside_group_dag']) retrieved from /opt/airflow/dags/inside_group_dag.py
[2024-01-06T19:58:40.534+0000] {logging_mixin.py:120} INFO - [2024-01-06T19:58:40.534+0000] {dag.py:2585} INFO - Sync 1 DAGs
[2024-01-06T19:58:40.549+0000] {logging_mixin.py:120} INFO - [2024-01-06T19:58:40.549+0000] {dag.py:3340} INFO - Setting next_dagrun for inside_group_dag to 2024-01-05T00:00:00+00:00, run_after=2024-01-06T00:00:00+00:00
[2024-01-06T19:58:40.560+0000] {processor.py:176} INFO - Processing /opt/airflow/dags/inside_group_dag.py took 0.064 seconds
[2024-01-06T19:59:11.463+0000] {processor.py:154} INFO - Started process (PID=337) to work on /opt/airflow/dags/inside_group_dag.py
[2024-01-06T19:59:11.464+0000] {processor.py:756} INFO - Processing file /opt/airflow/dags/inside_group_dag.py for tasks to queue
[2024-01-06T19:59:11.465+0000] {logging_mixin.py:120} INFO - [2024-01-06T19:59:11.465+0000] {dagbag.py:537} INFO - Filling up the DagBag from /opt/airflow/dags/inside_group_dag.py
[2024-01-06T19:59:11.481+0000] {processor.py:766} INFO - DAG(s) dict_keys(['inside_group_dag']) retrieved from /opt/airflow/dags/inside_group_dag.py
[2024-01-06T19:59:11.513+0000] {logging_mixin.py:120} INFO - [2024-01-06T19:59:11.513+0000] {dag.py:2585} INFO - Sync 1 DAGs
[2024-01-06T19:59:11.529+0000] {logging_mixin.py:120} INFO - [2024-01-06T19:59:11.529+0000] {dag.py:3340} INFO - Setting next_dagrun for inside_group_dag to 2024-01-05T00:00:00+00:00, run_after=2024-01-06T00:00:00+00:00
[2024-01-06T19:59:11.538+0000] {processor.py:176} INFO - Processing /opt/airflow/dags/inside_group_dag.py took 0.077 seconds
[2024-01-06T19:59:42.395+0000] {processor.py:154} INFO - Started process (PID=374) to work on /opt/airflow/dags/inside_group_dag.py
[2024-01-06T19:59:42.396+0000] {processor.py:756} INFO - Processing file /opt/airflow/dags/inside_group_dag.py for tasks to queue
[2024-01-06T19:59:42.396+0000] {logging_mixin.py:120} INFO - [2024-01-06T19:59:42.396+0000] {dagbag.py:537} INFO - Filling up the DagBag from /opt/airflow/dags/inside_group_dag.py
[2024-01-06T19:59:42.410+0000] {processor.py:766} INFO - DAG(s) dict_keys(['inside_group_dag']) retrieved from /opt/airflow/dags/inside_group_dag.py
[2024-01-06T19:59:42.434+0000] {logging_mixin.py:120} INFO - [2024-01-06T19:59:42.434+0000] {dag.py:2585} INFO - Sync 1 DAGs
[2024-01-06T19:59:42.450+0000] {logging_mixin.py:120} INFO - [2024-01-06T19:59:42.450+0000] {dag.py:3340} INFO - Setting next_dagrun for inside_group_dag to 2024-01-05T00:00:00+00:00, run_after=2024-01-06T00:00:00+00:00
[2024-01-06T19:59:42.459+0000] {processor.py:176} INFO - Processing /opt/airflow/dags/inside_group_dag.py took 0.066 seconds
[2024-01-06T20:00:13.422+0000] {processor.py:154} INFO - Started process (PID=411) to work on /opt/airflow/dags/inside_group_dag.py
[2024-01-06T20:00:13.423+0000] {processor.py:756} INFO - Processing file /opt/airflow/dags/inside_group_dag.py for tasks to queue
[2024-01-06T20:00:13.423+0000] {logging_mixin.py:120} INFO - [2024-01-06T20:00:13.423+0000] {dagbag.py:537} INFO - Filling up the DagBag from /opt/airflow/dags/inside_group_dag.py
[2024-01-06T20:00:13.435+0000] {processor.py:766} INFO - DAG(s) dict_keys(['inside_group_dag']) retrieved from /opt/airflow/dags/inside_group_dag.py
[2024-01-06T20:00:13.457+0000] {logging_mixin.py:120} INFO - [2024-01-06T20:00:13.457+0000] {dag.py:2585} INFO - Sync 1 DAGs
[2024-01-06T20:00:13.470+0000] {logging_mixin.py:120} INFO - [2024-01-06T20:00:13.470+0000] {dag.py:3340} INFO - Setting next_dagrun for inside_group_dag to 2024-01-05T00:00:00+00:00, run_after=2024-01-06T00:00:00+00:00
[2024-01-06T20:00:13.479+0000] {processor.py:176} INFO - Processing /opt/airflow/dags/inside_group_dag.py took 0.060 seconds
[2024-01-06T20:00:44.555+0000] {processor.py:154} INFO - Started process (PID=448) to work on /opt/airflow/dags/inside_group_dag.py
[2024-01-06T20:00:44.556+0000] {processor.py:756} INFO - Processing file /opt/airflow/dags/inside_group_dag.py for tasks to queue
[2024-01-06T20:00:44.558+0000] {logging_mixin.py:120} INFO - [2024-01-06T20:00:44.557+0000] {dagbag.py:537} INFO - Filling up the DagBag from /opt/airflow/dags/inside_group_dag.py
[2024-01-06T20:00:44.576+0000] {processor.py:766} INFO - DAG(s) dict_keys(['inside_group_dag']) retrieved from /opt/airflow/dags/inside_group_dag.py
[2024-01-06T20:00:44.608+0000] {logging_mixin.py:120} INFO - [2024-01-06T20:00:44.607+0000] {dag.py:2585} INFO - Sync 1 DAGs
[2024-01-06T20:00:44.631+0000] {logging_mixin.py:120} INFO - [2024-01-06T20:00:44.631+0000] {dag.py:3340} INFO - Setting next_dagrun for inside_group_dag to 2024-01-05T00:00:00+00:00, run_after=2024-01-06T00:00:00+00:00
[2024-01-06T20:00:44.653+0000] {processor.py:176} INFO - Processing /opt/airflow/dags/inside_group_dag.py took 0.101 seconds
[2024-01-06T20:01:15.698+0000] {processor.py:154} INFO - Started process (PID=476) to work on /opt/airflow/dags/inside_group_dag.py
[2024-01-06T20:01:15.699+0000] {processor.py:756} INFO - Processing file /opt/airflow/dags/inside_group_dag.py for tasks to queue
[2024-01-06T20:01:15.700+0000] {logging_mixin.py:120} INFO - [2024-01-06T20:01:15.700+0000] {dagbag.py:537} INFO - Filling up the DagBag from /opt/airflow/dags/inside_group_dag.py
[2024-01-06T20:01:15.712+0000] {processor.py:766} INFO - DAG(s) dict_keys(['inside_group_dag']) retrieved from /opt/airflow/dags/inside_group_dag.py
[2024-01-06T20:01:15.732+0000] {logging_mixin.py:120} INFO - [2024-01-06T20:01:15.732+0000] {dag.py:2585} INFO - Sync 1 DAGs
[2024-01-06T20:01:15.746+0000] {logging_mixin.py:120} INFO - [2024-01-06T20:01:15.746+0000] {dag.py:3340} INFO - Setting next_dagrun for inside_group_dag to 2024-01-05T00:00:00+00:00, run_after=2024-01-06T00:00:00+00:00
[2024-01-06T20:01:15.755+0000] {processor.py:176} INFO - Processing /opt/airflow/dags/inside_group_dag.py took 0.059 seconds
[2024-01-06T20:01:46.734+0000] {processor.py:154} INFO - Started process (PID=513) to work on /opt/airflow/dags/inside_group_dag.py
[2024-01-06T20:01:46.735+0000] {processor.py:756} INFO - Processing file /opt/airflow/dags/inside_group_dag.py for tasks to queue
[2024-01-06T20:01:46.735+0000] {logging_mixin.py:120} INFO - [2024-01-06T20:01:46.735+0000] {dagbag.py:537} INFO - Filling up the DagBag from /opt/airflow/dags/inside_group_dag.py
[2024-01-06T20:01:46.749+0000] {processor.py:766} INFO - DAG(s) dict_keys(['inside_group_dag']) retrieved from /opt/airflow/dags/inside_group_dag.py
[2024-01-06T20:01:46.773+0000] {logging_mixin.py:120} INFO - [2024-01-06T20:01:46.773+0000] {dag.py:2585} INFO - Sync 1 DAGs
[2024-01-06T20:01:46.789+0000] {logging_mixin.py:120} INFO - [2024-01-06T20:01:46.789+0000] {dag.py:3340} INFO - Setting next_dagrun for inside_group_dag to 2024-01-05T00:00:00+00:00, run_after=2024-01-06T00:00:00+00:00
[2024-01-06T20:01:46.800+0000] {processor.py:176} INFO - Processing /opt/airflow/dags/inside_group_dag.py took 0.068 seconds
[2024-01-06T20:02:17.901+0000] {processor.py:154} INFO - Started process (PID=550) to work on /opt/airflow/dags/inside_group_dag.py
[2024-01-06T20:02:17.902+0000] {processor.py:756} INFO - Processing file /opt/airflow/dags/inside_group_dag.py for tasks to queue
[2024-01-06T20:02:17.902+0000] {logging_mixin.py:120} INFO - [2024-01-06T20:02:17.902+0000] {dagbag.py:537} INFO - Filling up the DagBag from /opt/airflow/dags/inside_group_dag.py
[2024-01-06T20:02:17.915+0000] {processor.py:766} INFO - DAG(s) dict_keys(['inside_group_dag']) retrieved from /opt/airflow/dags/inside_group_dag.py
[2024-01-06T20:02:17.936+0000] {logging_mixin.py:120} INFO - [2024-01-06T20:02:17.936+0000] {dag.py:2585} INFO - Sync 1 DAGs
[2024-01-06T20:02:17.951+0000] {logging_mixin.py:120} INFO - [2024-01-06T20:02:17.951+0000] {dag.py:3340} INFO - Setting next_dagrun for inside_group_dag to 2024-01-05T00:00:00+00:00, run_after=2024-01-06T00:00:00+00:00
[2024-01-06T20:02:17.960+0000] {processor.py:176} INFO - Processing /opt/airflow/dags/inside_group_dag.py took 0.061 seconds
[2024-01-06T20:02:48.787+0000] {processor.py:154} INFO - Started process (PID=587) to work on /opt/airflow/dags/inside_group_dag.py
[2024-01-06T20:02:48.788+0000] {processor.py:756} INFO - Processing file /opt/airflow/dags/inside_group_dag.py for tasks to queue
[2024-01-06T20:02:48.788+0000] {logging_mixin.py:120} INFO - [2024-01-06T20:02:48.788+0000] {dagbag.py:537} INFO - Filling up the DagBag from /opt/airflow/dags/inside_group_dag.py
[2024-01-06T20:02:48.803+0000] {processor.py:766} INFO - DAG(s) dict_keys(['inside_group_dag']) retrieved from /opt/airflow/dags/inside_group_dag.py
[2024-01-06T20:02:48.826+0000] {logging_mixin.py:120} INFO - [2024-01-06T20:02:48.826+0000] {dag.py:2585} INFO - Sync 1 DAGs
[2024-01-06T20:02:48.841+0000] {logging_mixin.py:120} INFO - [2024-01-06T20:02:48.841+0000] {dag.py:3340} INFO - Setting next_dagrun for inside_group_dag to 2024-01-05T00:00:00+00:00, run_after=2024-01-06T00:00:00+00:00
[2024-01-06T20:02:48.851+0000] {processor.py:176} INFO - Processing /opt/airflow/dags/inside_group_dag.py took 0.067 seconds
[2024-01-06T20:03:19.726+0000] {processor.py:154} INFO - Started process (PID=624) to work on /opt/airflow/dags/inside_group_dag.py
[2024-01-06T20:03:19.727+0000] {processor.py:756} INFO - Processing file /opt/airflow/dags/inside_group_dag.py for tasks to queue
[2024-01-06T20:03:19.728+0000] {logging_mixin.py:120} INFO - [2024-01-06T20:03:19.728+0000] {dagbag.py:537} INFO - Filling up the DagBag from /opt/airflow/dags/inside_group_dag.py
[2024-01-06T20:03:19.740+0000] {processor.py:766} INFO - DAG(s) dict_keys(['inside_group_dag']) retrieved from /opt/airflow/dags/inside_group_dag.py
[2024-01-06T20:03:19.763+0000] {logging_mixin.py:120} INFO - [2024-01-06T20:03:19.763+0000] {dag.py:2585} INFO - Sync 1 DAGs
[2024-01-06T20:03:19.777+0000] {logging_mixin.py:120} INFO - [2024-01-06T20:03:19.776+0000] {dag.py:3340} INFO - Setting next_dagrun for inside_group_dag to 2024-01-05T00:00:00+00:00, run_after=2024-01-06T00:00:00+00:00
[2024-01-06T20:03:19.786+0000] {processor.py:176} INFO - Processing /opt/airflow/dags/inside_group_dag.py took 0.061 seconds
[2024-01-06T20:03:50.669+0000] {processor.py:154} INFO - Started process (PID=661) to work on /opt/airflow/dags/inside_group_dag.py
[2024-01-06T20:03:50.670+0000] {processor.py:756} INFO - Processing file /opt/airflow/dags/inside_group_dag.py for tasks to queue
[2024-01-06T20:03:50.670+0000] {logging_mixin.py:120} INFO - [2024-01-06T20:03:50.670+0000] {dagbag.py:537} INFO - Filling up the DagBag from /opt/airflow/dags/inside_group_dag.py
[2024-01-06T20:03:50.684+0000] {processor.py:766} INFO - DAG(s) dict_keys(['inside_group_dag']) retrieved from /opt/airflow/dags/inside_group_dag.py
[2024-01-06T20:03:50.705+0000] {logging_mixin.py:120} INFO - [2024-01-06T20:03:50.705+0000] {dag.py:2585} INFO - Sync 1 DAGs
[2024-01-06T20:03:50.718+0000] {logging_mixin.py:120} INFO - [2024-01-06T20:03:50.718+0000] {dag.py:3340} INFO - Setting next_dagrun for inside_group_dag to 2024-01-05T00:00:00+00:00, run_after=2024-01-06T00:00:00+00:00
[2024-01-06T20:03:50.727+0000] {processor.py:176} INFO - Processing /opt/airflow/dags/inside_group_dag.py took 0.061 seconds
[2024-01-06T20:04:21.858+0000] {processor.py:154} INFO - Started process (PID=698) to work on /opt/airflow/dags/inside_group_dag.py
[2024-01-06T20:04:21.859+0000] {processor.py:756} INFO - Processing file /opt/airflow/dags/inside_group_dag.py for tasks to queue
[2024-01-06T20:04:21.860+0000] {logging_mixin.py:120} INFO - [2024-01-06T20:04:21.860+0000] {dagbag.py:537} INFO - Filling up the DagBag from /opt/airflow/dags/inside_group_dag.py
[2024-01-06T20:04:21.876+0000] {processor.py:766} INFO - DAG(s) dict_keys(['inside_group_dag']) retrieved from /opt/airflow/dags/inside_group_dag.py
[2024-01-06T20:04:21.905+0000] {logging_mixin.py:120} INFO - [2024-01-06T20:04:21.905+0000] {dag.py:2585} INFO - Sync 1 DAGs
[2024-01-06T20:04:21.923+0000] {logging_mixin.py:120} INFO - [2024-01-06T20:04:21.923+0000] {dag.py:3340} INFO - Setting next_dagrun for inside_group_dag to 2024-01-05T00:00:00+00:00, run_after=2024-01-06T00:00:00+00:00
[2024-01-06T20:04:21.940+0000] {processor.py:176} INFO - Processing /opt/airflow/dags/inside_group_dag.py took 0.086 seconds
[2024-01-06T20:04:52.942+0000] {processor.py:154} INFO - Started process (PID=726) to work on /opt/airflow/dags/inside_group_dag.py
[2024-01-06T20:04:52.943+0000] {processor.py:756} INFO - Processing file /opt/airflow/dags/inside_group_dag.py for tasks to queue
[2024-01-06T20:04:52.943+0000] {logging_mixin.py:120} INFO - [2024-01-06T20:04:52.943+0000] {dagbag.py:537} INFO - Filling up the DagBag from /opt/airflow/dags/inside_group_dag.py
[2024-01-06T20:04:52.956+0000] {processor.py:766} INFO - DAG(s) dict_keys(['inside_group_dag']) retrieved from /opt/airflow/dags/inside_group_dag.py
[2024-01-06T20:04:52.983+0000] {logging_mixin.py:120} INFO - [2024-01-06T20:04:52.983+0000] {dag.py:2585} INFO - Sync 1 DAGs
[2024-01-06T20:04:53.002+0000] {logging_mixin.py:120} INFO - [2024-01-06T20:04:53.002+0000] {dag.py:3340} INFO - Setting next_dagrun for inside_group_dag to 2024-01-05T00:00:00+00:00, run_after=2024-01-06T00:00:00+00:00
[2024-01-06T20:04:53.017+0000] {processor.py:176} INFO - Processing /opt/airflow/dags/inside_group_dag.py took 0.078 seconds
[2024-01-06T20:05:24.003+0000] {processor.py:154} INFO - Started process (PID=763) to work on /opt/airflow/dags/inside_group_dag.py
[2024-01-06T20:05:24.004+0000] {processor.py:756} INFO - Processing file /opt/airflow/dags/inside_group_dag.py for tasks to queue
[2024-01-06T20:05:24.004+0000] {logging_mixin.py:120} INFO - [2024-01-06T20:05:24.004+0000] {dagbag.py:537} INFO - Filling up the DagBag from /opt/airflow/dags/inside_group_dag.py
[2024-01-06T20:05:24.016+0000] {processor.py:766} INFO - DAG(s) dict_keys(['inside_group_dag']) retrieved from /opt/airflow/dags/inside_group_dag.py
[2024-01-06T20:05:24.039+0000] {logging_mixin.py:120} INFO - [2024-01-06T20:05:24.038+0000] {dag.py:2585} INFO - Sync 1 DAGs
[2024-01-06T20:05:24.052+0000] {logging_mixin.py:120} INFO - [2024-01-06T20:05:24.052+0000] {dag.py:3340} INFO - Setting next_dagrun for inside_group_dag to 2024-01-05T00:00:00+00:00, run_after=2024-01-06T00:00:00+00:00
[2024-01-06T20:05:24.061+0000] {processor.py:176} INFO - Processing /opt/airflow/dags/inside_group_dag.py took 0.059 seconds
[2024-01-06T20:05:54.890+0000] {processor.py:154} INFO - Started process (PID=800) to work on /opt/airflow/dags/inside_group_dag.py
[2024-01-06T20:05:54.891+0000] {processor.py:756} INFO - Processing file /opt/airflow/dags/inside_group_dag.py for tasks to queue
[2024-01-06T20:05:54.891+0000] {logging_mixin.py:120} INFO - [2024-01-06T20:05:54.891+0000] {dagbag.py:537} INFO - Filling up the DagBag from /opt/airflow/dags/inside_group_dag.py
[2024-01-06T20:05:54.905+0000] {processor.py:766} INFO - DAG(s) dict_keys(['inside_group_dag']) retrieved from /opt/airflow/dags/inside_group_dag.py
[2024-01-06T20:05:54.928+0000] {logging_mixin.py:120} INFO - [2024-01-06T20:05:54.928+0000] {dag.py:2585} INFO - Sync 1 DAGs
[2024-01-06T20:05:54.942+0000] {logging_mixin.py:120} INFO - [2024-01-06T20:05:54.942+0000] {dag.py:3340} INFO - Setting next_dagrun for inside_group_dag to 2024-01-05T00:00:00+00:00, run_after=2024-01-06T00:00:00+00:00
[2024-01-06T20:05:54.951+0000] {processor.py:176} INFO - Processing /opt/airflow/dags/inside_group_dag.py took 0.063 seconds
[2024-01-06T20:06:25.788+0000] {processor.py:154} INFO - Started process (PID=837) to work on /opt/airflow/dags/inside_group_dag.py
[2024-01-06T20:06:25.789+0000] {processor.py:756} INFO - Processing file /opt/airflow/dags/inside_group_dag.py for tasks to queue
[2024-01-06T20:06:25.789+0000] {logging_mixin.py:120} INFO - [2024-01-06T20:06:25.789+0000] {dagbag.py:537} INFO - Filling up the DagBag from /opt/airflow/dags/inside_group_dag.py
[2024-01-06T20:06:25.803+0000] {processor.py:766} INFO - DAG(s) dict_keys(['inside_group_dag']) retrieved from /opt/airflow/dags/inside_group_dag.py
[2024-01-06T20:06:25.826+0000] {logging_mixin.py:120} INFO - [2024-01-06T20:06:25.825+0000] {dag.py:2585} INFO - Sync 1 DAGs
[2024-01-06T20:06:25.840+0000] {logging_mixin.py:120} INFO - [2024-01-06T20:06:25.840+0000] {dag.py:3340} INFO - Setting next_dagrun for inside_group_dag to 2024-01-05T00:00:00+00:00, run_after=2024-01-06T00:00:00+00:00
[2024-01-06T20:06:25.850+0000] {processor.py:176} INFO - Processing /opt/airflow/dags/inside_group_dag.py took 0.064 seconds
[2024-01-06T20:06:56.730+0000] {processor.py:154} INFO - Started process (PID=874) to work on /opt/airflow/dags/inside_group_dag.py
[2024-01-06T20:06:56.731+0000] {processor.py:756} INFO - Processing file /opt/airflow/dags/inside_group_dag.py for tasks to queue
[2024-01-06T20:06:56.731+0000] {logging_mixin.py:120} INFO - [2024-01-06T20:06:56.731+0000] {dagbag.py:537} INFO - Filling up the DagBag from /opt/airflow/dags/inside_group_dag.py
[2024-01-06T20:06:56.744+0000] {processor.py:766} INFO - DAG(s) dict_keys(['inside_group_dag']) retrieved from /opt/airflow/dags/inside_group_dag.py
[2024-01-06T20:06:56.765+0000] {logging_mixin.py:120} INFO - [2024-01-06T20:06:56.765+0000] {dag.py:2585} INFO - Sync 1 DAGs
[2024-01-06T20:06:56.779+0000] {logging_mixin.py:120} INFO - [2024-01-06T20:06:56.779+0000] {dag.py:3340} INFO - Setting next_dagrun for inside_group_dag to 2024-01-05T00:00:00+00:00, run_after=2024-01-06T00:00:00+00:00
[2024-01-06T20:06:56.788+0000] {processor.py:176} INFO - Processing /opt/airflow/dags/inside_group_dag.py took 0.060 seconds
[2024-01-06T20:07:29.472+0000] {processor.py:154} INFO - Started process (PID=910) to work on /opt/airflow/dags/inside_group_dag.py
[2024-01-06T20:07:29.473+0000] {processor.py:756} INFO - Processing file /opt/airflow/dags/inside_group_dag.py for tasks to queue
[2024-01-06T20:07:29.474+0000] {logging_mixin.py:120} INFO - [2024-01-06T20:07:29.473+0000] {dagbag.py:537} INFO - Filling up the DagBag from /opt/airflow/dags/inside_group_dag.py
[2024-01-06T20:07:29.503+0000] {processor.py:766} INFO - DAG(s) dict_keys(['inside_group_dag']) retrieved from /opt/airflow/dags/inside_group_dag.py
[2024-01-06T20:07:29.547+0000] {logging_mixin.py:120} INFO - [2024-01-06T20:07:29.547+0000] {dag.py:2585} INFO - Sync 1 DAGs
[2024-01-06T20:07:29.568+0000] {logging_mixin.py:120} INFO - [2024-01-06T20:07:29.568+0000] {dag.py:3340} INFO - Setting next_dagrun for inside_group_dag to 2024-01-05T00:00:00+00:00, run_after=2024-01-06T00:00:00+00:00
[2024-01-06T20:07:29.590+0000] {processor.py:176} INFO - Processing /opt/airflow/dags/inside_group_dag.py took 0.123 seconds
[2024-01-06T20:07:59.810+0000] {processor.py:154} INFO - Started process (PID=936) to work on /opt/airflow/dags/inside_group_dag.py
[2024-01-06T20:07:59.811+0000] {processor.py:756} INFO - Processing file /opt/airflow/dags/inside_group_dag.py for tasks to queue
[2024-01-06T20:07:59.812+0000] {logging_mixin.py:120} INFO - [2024-01-06T20:07:59.812+0000] {dagbag.py:537} INFO - Filling up the DagBag from /opt/airflow/dags/inside_group_dag.py
[2024-01-06T20:07:59.826+0000] {processor.py:766} INFO - DAG(s) dict_keys(['inside_group_dag']) retrieved from /opt/airflow/dags/inside_group_dag.py
[2024-01-06T20:07:59.850+0000] {logging_mixin.py:120} INFO - [2024-01-06T20:07:59.850+0000] {dag.py:2585} INFO - Sync 1 DAGs
[2024-01-06T20:07:59.865+0000] {logging_mixin.py:120} INFO - [2024-01-06T20:07:59.865+0000] {dag.py:3340} INFO - Setting next_dagrun for inside_group_dag to 2024-01-05T00:00:00+00:00, run_after=2024-01-06T00:00:00+00:00
[2024-01-06T20:07:59.874+0000] {processor.py:176} INFO - Processing /opt/airflow/dags/inside_group_dag.py took 0.066 seconds
[2024-01-06T20:08:30.016+0000] {processor.py:154} INFO - Started process (PID=971) to work on /opt/airflow/dags/inside_group_dag.py
[2024-01-06T20:08:30.017+0000] {processor.py:756} INFO - Processing file /opt/airflow/dags/inside_group_dag.py for tasks to queue
[2024-01-06T20:08:30.017+0000] {logging_mixin.py:120} INFO - [2024-01-06T20:08:30.017+0000] {dagbag.py:537} INFO - Filling up the DagBag from /opt/airflow/dags/inside_group_dag.py
[2024-01-06T20:08:30.037+0000] {processor.py:766} INFO - DAG(s) dict_keys(['inside_group_dag']) retrieved from /opt/airflow/dags/inside_group_dag.py
[2024-01-06T20:08:30.083+0000] {logging_mixin.py:120} INFO - [2024-01-06T20:08:30.083+0000] {dag.py:2585} INFO - Sync 1 DAGs
[2024-01-06T20:08:30.103+0000] {logging_mixin.py:120} INFO - [2024-01-06T20:08:30.103+0000] {dag.py:3340} INFO - Setting next_dagrun for inside_group_dag to 2024-01-05T00:00:00+00:00, run_after=2024-01-06T00:00:00+00:00
[2024-01-06T20:08:30.115+0000] {processor.py:176} INFO - Processing /opt/airflow/dags/inside_group_dag.py took 0.102 seconds
[2024-01-06T20:09:00.987+0000] {processor.py:154} INFO - Started process (PID=1010) to work on /opt/airflow/dags/inside_group_dag.py
[2024-01-06T20:09:00.988+0000] {processor.py:756} INFO - Processing file /opt/airflow/dags/inside_group_dag.py for tasks to queue
[2024-01-06T20:09:00.989+0000] {logging_mixin.py:120} INFO - [2024-01-06T20:09:00.989+0000] {dagbag.py:537} INFO - Filling up the DagBag from /opt/airflow/dags/inside_group_dag.py
[2024-01-06T20:09:01.012+0000] {processor.py:766} INFO - DAG(s) dict_keys(['inside_group_dag']) retrieved from /opt/airflow/dags/inside_group_dag.py
[2024-01-06T20:09:01.036+0000] {logging_mixin.py:120} INFO - [2024-01-06T20:09:01.036+0000] {dag.py:2585} INFO - Sync 1 DAGs
[2024-01-06T20:09:01.051+0000] {logging_mixin.py:120} INFO - [2024-01-06T20:09:01.051+0000] {dag.py:3340} INFO - Setting next_dagrun for inside_group_dag to 2024-01-05T00:00:00+00:00, run_after=2024-01-06T00:00:00+00:00
[2024-01-06T20:09:01.062+0000] {processor.py:176} INFO - Processing /opt/airflow/dags/inside_group_dag.py took 0.078 seconds
[2024-01-06T20:09:31.703+0000] {processor.py:154} INFO - Started process (PID=1047) to work on /opt/airflow/dags/inside_group_dag.py
[2024-01-06T20:09:31.704+0000] {processor.py:756} INFO - Processing file /opt/airflow/dags/inside_group_dag.py for tasks to queue
[2024-01-06T20:09:31.705+0000] {logging_mixin.py:120} INFO - [2024-01-06T20:09:31.705+0000] {dagbag.py:537} INFO - Filling up the DagBag from /opt/airflow/dags/inside_group_dag.py
[2024-01-06T20:09:31.719+0000] {processor.py:766} INFO - DAG(s) dict_keys(['inside_group_dag']) retrieved from /opt/airflow/dags/inside_group_dag.py
[2024-01-06T20:09:31.761+0000] {logging_mixin.py:120} INFO - [2024-01-06T20:09:31.761+0000] {dag.py:2585} INFO - Sync 1 DAGs
[2024-01-06T20:09:31.784+0000] {logging_mixin.py:120} INFO - [2024-01-06T20:09:31.784+0000] {dag.py:3340} INFO - Setting next_dagrun for inside_group_dag to 2024-01-05T00:00:00+00:00, run_after=2024-01-06T00:00:00+00:00
[2024-01-06T20:09:31.799+0000] {processor.py:176} INFO - Processing /opt/airflow/dags/inside_group_dag.py took 0.098 seconds
[2024-01-06T20:10:01.973+0000] {processor.py:154} INFO - Started process (PID=1074) to work on /opt/airflow/dags/inside_group_dag.py
[2024-01-06T20:10:01.974+0000] {processor.py:756} INFO - Processing file /opt/airflow/dags/inside_group_dag.py for tasks to queue
[2024-01-06T20:10:01.974+0000] {logging_mixin.py:120} INFO - [2024-01-06T20:10:01.974+0000] {dagbag.py:537} INFO - Filling up the DagBag from /opt/airflow/dags/inside_group_dag.py
[2024-01-06T20:10:01.986+0000] {processor.py:766} INFO - DAG(s) dict_keys(['inside_group_dag']) retrieved from /opt/airflow/dags/inside_group_dag.py
[2024-01-06T20:10:02.022+0000] {logging_mixin.py:120} INFO - [2024-01-06T20:10:02.022+0000] {dag.py:2585} INFO - Sync 1 DAGs
[2024-01-06T20:10:02.043+0000] {logging_mixin.py:120} INFO - [2024-01-06T20:10:02.043+0000] {dag.py:3340} INFO - Setting next_dagrun for inside_group_dag to 2024-01-05T00:00:00+00:00, run_after=2024-01-06T00:00:00+00:00
[2024-01-06T20:10:02.055+0000] {processor.py:176} INFO - Processing /opt/airflow/dags/inside_group_dag.py took 0.084 seconds
[2024-01-06T20:10:32.192+0000] {processor.py:154} INFO - Started process (PID=1110) to work on /opt/airflow/dags/inside_group_dag.py
[2024-01-06T20:10:32.193+0000] {processor.py:756} INFO - Processing file /opt/airflow/dags/inside_group_dag.py for tasks to queue
[2024-01-06T20:10:32.193+0000] {logging_mixin.py:120} INFO - [2024-01-06T20:10:32.193+0000] {dagbag.py:537} INFO - Filling up the DagBag from /opt/airflow/dags/inside_group_dag.py
[2024-01-06T20:10:32.205+0000] {processor.py:766} INFO - DAG(s) dict_keys(['inside_group_dag']) retrieved from /opt/airflow/dags/inside_group_dag.py
[2024-01-06T20:10:32.228+0000] {logging_mixin.py:120} INFO - [2024-01-06T20:10:32.228+0000] {dag.py:2585} INFO - Sync 1 DAGs
[2024-01-06T20:10:32.242+0000] {logging_mixin.py:120} INFO - [2024-01-06T20:10:32.242+0000] {dag.py:3340} INFO - Setting next_dagrun for inside_group_dag to 2024-01-05T00:00:00+00:00, run_after=2024-01-06T00:00:00+00:00
[2024-01-06T20:10:32.251+0000] {processor.py:176} INFO - Processing /opt/airflow/dags/inside_group_dag.py took 0.061 seconds
[2024-01-06T20:11:02.345+0000] {processor.py:154} INFO - Started process (PID=1147) to work on /opt/airflow/dags/inside_group_dag.py
[2024-01-06T20:11:02.346+0000] {processor.py:756} INFO - Processing file /opt/airflow/dags/inside_group_dag.py for tasks to queue
[2024-01-06T20:11:02.347+0000] {logging_mixin.py:120} INFO - [2024-01-06T20:11:02.347+0000] {dagbag.py:537} INFO - Filling up the DagBag from /opt/airflow/dags/inside_group_dag.py
[2024-01-06T20:11:02.359+0000] {processor.py:766} INFO - DAG(s) dict_keys(['inside_group_dag']) retrieved from /opt/airflow/dags/inside_group_dag.py
[2024-01-06T20:11:02.382+0000] {logging_mixin.py:120} INFO - [2024-01-06T20:11:02.382+0000] {dag.py:2585} INFO - Sync 1 DAGs
[2024-01-06T20:11:02.396+0000] {logging_mixin.py:120} INFO - [2024-01-06T20:11:02.396+0000] {dag.py:3340} INFO - Setting next_dagrun for inside_group_dag to 2024-01-05T00:00:00+00:00, run_after=2024-01-06T00:00:00+00:00
[2024-01-06T20:11:02.405+0000] {processor.py:176} INFO - Processing /opt/airflow/dags/inside_group_dag.py took 0.062 seconds
[2024-01-06T20:11:32.771+0000] {processor.py:154} INFO - Started process (PID=1184) to work on /opt/airflow/dags/inside_group_dag.py
[2024-01-06T20:11:32.773+0000] {processor.py:756} INFO - Processing file /opt/airflow/dags/inside_group_dag.py for tasks to queue
[2024-01-06T20:11:32.773+0000] {logging_mixin.py:120} INFO - [2024-01-06T20:11:32.773+0000] {dagbag.py:537} INFO - Filling up the DagBag from /opt/airflow/dags/inside_group_dag.py
[2024-01-06T20:11:32.800+0000] {processor.py:766} INFO - DAG(s) dict_keys(['inside_group_dag']) retrieved from /opt/airflow/dags/inside_group_dag.py
[2024-01-06T20:11:32.851+0000] {logging_mixin.py:120} INFO - [2024-01-06T20:11:32.851+0000] {dag.py:2585} INFO - Sync 1 DAGs
[2024-01-06T20:11:32.868+0000] {logging_mixin.py:120} INFO - [2024-01-06T20:11:32.868+0000] {dag.py:3340} INFO - Setting next_dagrun for inside_group_dag to 2024-01-05T00:00:00+00:00, run_after=2024-01-06T00:00:00+00:00
[2024-01-06T20:11:32.878+0000] {processor.py:176} INFO - Processing /opt/airflow/dags/inside_group_dag.py took 0.111 seconds
[2024-01-06T20:12:02.965+0000] {processor.py:154} INFO - Started process (PID=1221) to work on /opt/airflow/dags/inside_group_dag.py
[2024-01-06T20:12:02.967+0000] {processor.py:756} INFO - Processing file /opt/airflow/dags/inside_group_dag.py for tasks to queue
[2024-01-06T20:12:02.968+0000] {logging_mixin.py:120} INFO - [2024-01-06T20:12:02.968+0000] {dagbag.py:537} INFO - Filling up the DagBag from /opt/airflow/dags/inside_group_dag.py
[2024-01-06T20:12:03.008+0000] {processor.py:766} INFO - DAG(s) dict_keys(['inside_group_dag']) retrieved from /opt/airflow/dags/inside_group_dag.py
[2024-01-06T20:12:03.105+0000] {logging_mixin.py:120} INFO - [2024-01-06T20:12:03.104+0000] {dag.py:2585} INFO - Sync 1 DAGs
[2024-01-06T20:12:03.169+0000] {logging_mixin.py:120} INFO - [2024-01-06T20:12:03.169+0000] {dag.py:3340} INFO - Setting next_dagrun for inside_group_dag to 2024-01-05T00:00:00+00:00, run_after=2024-01-06T00:00:00+00:00
[2024-01-06T20:12:03.195+0000] {processor.py:176} INFO - Processing /opt/airflow/dags/inside_group_dag.py took 0.234 seconds
[2024-01-06T20:12:33.377+0000] {processor.py:154} INFO - Started process (PID=1249) to work on /opt/airflow/dags/inside_group_dag.py
[2024-01-06T20:12:33.380+0000] {processor.py:756} INFO - Processing file /opt/airflow/dags/inside_group_dag.py for tasks to queue
[2024-01-06T20:12:33.382+0000] {logging_mixin.py:120} INFO - [2024-01-06T20:12:33.382+0000] {dagbag.py:537} INFO - Filling up the DagBag from /opt/airflow/dags/inside_group_dag.py
[2024-01-06T20:12:33.422+0000] {processor.py:766} INFO - DAG(s) dict_keys(['inside_group_dag']) retrieved from /opt/airflow/dags/inside_group_dag.py
[2024-01-06T20:12:33.459+0000] {logging_mixin.py:120} INFO - [2024-01-06T20:12:33.459+0000] {dag.py:2585} INFO - Sync 1 DAGs
[2024-01-06T20:12:33.476+0000] {logging_mixin.py:120} INFO - [2024-01-06T20:12:33.476+0000] {dag.py:3340} INFO - Setting next_dagrun for inside_group_dag to 2024-01-05T00:00:00+00:00, run_after=2024-01-06T00:00:00+00:00
[2024-01-06T20:12:33.501+0000] {processor.py:176} INFO - Processing /opt/airflow/dags/inside_group_dag.py took 0.133 seconds
[2024-01-06T20:13:03.757+0000] {processor.py:154} INFO - Started process (PID=1286) to work on /opt/airflow/dags/inside_group_dag.py
[2024-01-06T20:13:03.758+0000] {processor.py:756} INFO - Processing file /opt/airflow/dags/inside_group_dag.py for tasks to queue
[2024-01-06T20:13:03.759+0000] {logging_mixin.py:120} INFO - [2024-01-06T20:13:03.759+0000] {dagbag.py:537} INFO - Filling up the DagBag from /opt/airflow/dags/inside_group_dag.py
[2024-01-06T20:13:03.784+0000] {processor.py:766} INFO - DAG(s) dict_keys(['inside_group_dag']) retrieved from /opt/airflow/dags/inside_group_dag.py
[2024-01-06T20:13:03.824+0000] {logging_mixin.py:120} INFO - [2024-01-06T20:13:03.824+0000] {dag.py:2585} INFO - Sync 1 DAGs
[2024-01-06T20:13:03.843+0000] {logging_mixin.py:120} INFO - [2024-01-06T20:13:03.842+0000] {dag.py:3340} INFO - Setting next_dagrun for inside_group_dag to 2024-01-05T00:00:00+00:00, run_after=2024-01-06T00:00:00+00:00
[2024-01-06T20:13:03.854+0000] {processor.py:176} INFO - Processing /opt/airflow/dags/inside_group_dag.py took 0.102 seconds
[2024-01-06T20:13:34.692+0000] {processor.py:154} INFO - Started process (PID=1323) to work on /opt/airflow/dags/inside_group_dag.py
[2024-01-06T20:13:34.694+0000] {processor.py:756} INFO - Processing file /opt/airflow/dags/inside_group_dag.py for tasks to queue
[2024-01-06T20:13:34.695+0000] {logging_mixin.py:120} INFO - [2024-01-06T20:13:34.695+0000] {dagbag.py:537} INFO - Filling up the DagBag from /opt/airflow/dags/inside_group_dag.py
[2024-01-06T20:13:34.725+0000] {processor.py:766} INFO - DAG(s) dict_keys(['inside_group_dag']) retrieved from /opt/airflow/dags/inside_group_dag.py
[2024-01-06T20:13:34.757+0000] {logging_mixin.py:120} INFO - [2024-01-06T20:13:34.757+0000] {dag.py:2585} INFO - Sync 1 DAGs
[2024-01-06T20:13:34.791+0000] {logging_mixin.py:120} INFO - [2024-01-06T20:13:34.791+0000] {dag.py:3340} INFO - Setting next_dagrun for inside_group_dag to 2024-01-05T00:00:00+00:00, run_after=2024-01-06T00:00:00+00:00
[2024-01-06T20:13:34.802+0000] {processor.py:176} INFO - Processing /opt/airflow/dags/inside_group_dag.py took 0.115 seconds
[2024-01-06T20:14:05.473+0000] {processor.py:154} INFO - Started process (PID=1360) to work on /opt/airflow/dags/inside_group_dag.py
[2024-01-06T20:14:05.474+0000] {processor.py:756} INFO - Processing file /opt/airflow/dags/inside_group_dag.py for tasks to queue
[2024-01-06T20:14:05.475+0000] {logging_mixin.py:120} INFO - [2024-01-06T20:14:05.475+0000] {dagbag.py:537} INFO - Filling up the DagBag from /opt/airflow/dags/inside_group_dag.py
[2024-01-06T20:14:05.503+0000] {processor.py:766} INFO - DAG(s) dict_keys(['inside_group_dag']) retrieved from /opt/airflow/dags/inside_group_dag.py
[2024-01-06T20:14:05.554+0000] {logging_mixin.py:120} INFO - [2024-01-06T20:14:05.553+0000] {dag.py:2585} INFO - Sync 1 DAGs
[2024-01-06T20:14:05.571+0000] {logging_mixin.py:120} INFO - [2024-01-06T20:14:05.571+0000] {dag.py:3340} INFO - Setting next_dagrun for inside_group_dag to 2024-01-05T00:00:00+00:00, run_after=2024-01-06T00:00:00+00:00
[2024-01-06T20:14:05.582+0000] {processor.py:176} INFO - Processing /opt/airflow/dags/inside_group_dag.py took 0.114 seconds
[2024-01-06T20:14:35.681+0000] {processor.py:154} INFO - Started process (PID=1397) to work on /opt/airflow/dags/inside_group_dag.py
[2024-01-06T20:14:35.682+0000] {processor.py:756} INFO - Processing file /opt/airflow/dags/inside_group_dag.py for tasks to queue
[2024-01-06T20:14:35.683+0000] {logging_mixin.py:120} INFO - [2024-01-06T20:14:35.683+0000] {dagbag.py:537} INFO - Filling up the DagBag from /opt/airflow/dags/inside_group_dag.py
[2024-01-06T20:14:35.704+0000] {processor.py:766} INFO - DAG(s) dict_keys(['inside_group_dag']) retrieved from /opt/airflow/dags/inside_group_dag.py
[2024-01-06T20:14:35.735+0000] {logging_mixin.py:120} INFO - [2024-01-06T20:14:35.735+0000] {dag.py:2585} INFO - Sync 1 DAGs
[2024-01-06T20:14:35.754+0000] {logging_mixin.py:120} INFO - [2024-01-06T20:14:35.754+0000] {dag.py:3340} INFO - Setting next_dagrun for inside_group_dag to 2024-01-05T00:00:00+00:00, run_after=2024-01-06T00:00:00+00:00
[2024-01-06T20:14:35.776+0000] {processor.py:176} INFO - Processing /opt/airflow/dags/inside_group_dag.py took 0.098 seconds
[2024-01-06T20:15:06.411+0000] {processor.py:154} INFO - Started process (PID=1426) to work on /opt/airflow/dags/inside_group_dag.py
[2024-01-06T20:15:06.413+0000] {processor.py:756} INFO - Processing file /opt/airflow/dags/inside_group_dag.py for tasks to queue
[2024-01-06T20:15:06.414+0000] {logging_mixin.py:120} INFO - [2024-01-06T20:15:06.414+0000] {dagbag.py:537} INFO - Filling up the DagBag from /opt/airflow/dags/inside_group_dag.py
[2024-01-06T20:15:06.446+0000] {processor.py:766} INFO - DAG(s) dict_keys(['inside_group_dag']) retrieved from /opt/airflow/dags/inside_group_dag.py
[2024-01-06T20:15:06.483+0000] {logging_mixin.py:120} INFO - [2024-01-06T20:15:06.483+0000] {dag.py:2585} INFO - Sync 1 DAGs
[2024-01-06T20:15:06.502+0000] {logging_mixin.py:120} INFO - [2024-01-06T20:15:06.501+0000] {dag.py:3340} INFO - Setting next_dagrun for inside_group_dag to 2024-01-05T00:00:00+00:00, run_after=2024-01-06T00:00:00+00:00
[2024-01-06T20:15:06.513+0000] {processor.py:176} INFO - Processing /opt/airflow/dags/inside_group_dag.py took 0.108 seconds
[2024-01-06T20:15:37.371+0000] {processor.py:154} INFO - Started process (PID=1463) to work on /opt/airflow/dags/inside_group_dag.py
[2024-01-06T20:15:37.373+0000] {processor.py:756} INFO - Processing file /opt/airflow/dags/inside_group_dag.py for tasks to queue
[2024-01-06T20:15:37.374+0000] {logging_mixin.py:120} INFO - [2024-01-06T20:15:37.374+0000] {dagbag.py:537} INFO - Filling up the DagBag from /opt/airflow/dags/inside_group_dag.py
[2024-01-06T20:15:37.400+0000] {processor.py:766} INFO - DAG(s) dict_keys(['inside_group_dag']) retrieved from /opt/airflow/dags/inside_group_dag.py
[2024-01-06T20:15:37.446+0000] {logging_mixin.py:120} INFO - [2024-01-06T20:15:37.445+0000] {dag.py:2585} INFO - Sync 1 DAGs
[2024-01-06T20:15:37.467+0000] {logging_mixin.py:120} INFO - [2024-01-06T20:15:37.467+0000] {dag.py:3340} INFO - Setting next_dagrun for inside_group_dag to 2024-01-05T00:00:00+00:00, run_after=2024-01-06T00:00:00+00:00
[2024-01-06T20:15:37.479+0000] {processor.py:176} INFO - Processing /opt/airflow/dags/inside_group_dag.py took 0.114 seconds
[2024-01-06T20:16:08.196+0000] {processor.py:154} INFO - Started process (PID=1500) to work on /opt/airflow/dags/inside_group_dag.py
[2024-01-06T20:16:08.199+0000] {processor.py:756} INFO - Processing file /opt/airflow/dags/inside_group_dag.py for tasks to queue
[2024-01-06T20:16:08.200+0000] {logging_mixin.py:120} INFO - [2024-01-06T20:16:08.200+0000] {dagbag.py:537} INFO - Filling up the DagBag from /opt/airflow/dags/inside_group_dag.py
[2024-01-06T20:16:08.229+0000] {processor.py:766} INFO - DAG(s) dict_keys(['inside_group_dag']) retrieved from /opt/airflow/dags/inside_group_dag.py
[2024-01-06T20:16:08.268+0000] {logging_mixin.py:120} INFO - [2024-01-06T20:16:08.268+0000] {dag.py:2585} INFO - Sync 1 DAGs
[2024-01-06T20:16:08.288+0000] {logging_mixin.py:120} INFO - [2024-01-06T20:16:08.288+0000] {dag.py:3340} INFO - Setting next_dagrun for inside_group_dag to 2024-01-05T00:00:00+00:00, run_after=2024-01-06T00:00:00+00:00
[2024-01-06T20:16:08.312+0000] {processor.py:176} INFO - Processing /opt/airflow/dags/inside_group_dag.py took 0.122 seconds
[2024-01-06T20:16:38.456+0000] {processor.py:154} INFO - Started process (PID=1536) to work on /opt/airflow/dags/inside_group_dag.py
[2024-01-06T20:16:38.457+0000] {processor.py:756} INFO - Processing file /opt/airflow/dags/inside_group_dag.py for tasks to queue
[2024-01-06T20:16:38.458+0000] {logging_mixin.py:120} INFO - [2024-01-06T20:16:38.458+0000] {dagbag.py:537} INFO - Filling up the DagBag from /opt/airflow/dags/inside_group_dag.py
[2024-01-06T20:16:38.490+0000] {processor.py:766} INFO - DAG(s) dict_keys(['inside_group_dag']) retrieved from /opt/airflow/dags/inside_group_dag.py
[2024-01-06T20:16:38.531+0000] {logging_mixin.py:120} INFO - [2024-01-06T20:16:38.531+0000] {dag.py:2585} INFO - Sync 1 DAGs
[2024-01-06T20:16:38.548+0000] {logging_mixin.py:120} INFO - [2024-01-06T20:16:38.548+0000] {dag.py:3340} INFO - Setting next_dagrun for inside_group_dag to 2024-01-05T00:00:00+00:00, run_after=2024-01-06T00:00:00+00:00
[2024-01-06T20:16:38.560+0000] {processor.py:176} INFO - Processing /opt/airflow/dags/inside_group_dag.py took 0.110 seconds
[2024-01-06T20:34:34.021+0000] {processor.py:154} INFO - Started process (PID=56) to work on /opt/airflow/dags/inside_group_dag.py
[2024-01-06T20:34:34.027+0000] {processor.py:756} INFO - Processing file /opt/airflow/dags/inside_group_dag.py for tasks to queue
[2024-01-06T20:34:34.034+0000] {logging_mixin.py:120} INFO - [2024-01-06T20:34:34.033+0000] {dagbag.py:537} INFO - Filling up the DagBag from /opt/airflow/dags/inside_group_dag.py
[2024-01-06T20:34:34.158+0000] {processor.py:766} INFO - DAG(s) dict_keys(['inside_group_dag']) retrieved from /opt/airflow/dags/inside_group_dag.py
[2024-01-06T20:34:34.631+0000] {logging_mixin.py:120} INFO - [2024-01-06T20:34:34.630+0000] {dag.py:2585} INFO - Sync 1 DAGs
[2024-01-06T20:34:34.698+0000] {logging_mixin.py:120} INFO - [2024-01-06T20:34:34.697+0000] {dag.py:3340} INFO - Setting next_dagrun for inside_group_dag to 2024-01-05T00:00:00+00:00, run_after=2024-01-06T00:00:00+00:00
[2024-01-06T20:34:34.792+0000] {processor.py:176} INFO - Processing /opt/airflow/dags/inside_group_dag.py took 0.783 seconds
[2024-01-06T21:28:03.630+0000] {processor.py:154} INFO - Started process (PID=59) to work on /opt/airflow/dags/inside_group_dag.py
[2024-01-06T21:28:03.631+0000] {processor.py:756} INFO - Processing file /opt/airflow/dags/inside_group_dag.py for tasks to queue
[2024-01-06T21:28:03.633+0000] {logging_mixin.py:120} INFO - [2024-01-06T21:28:03.633+0000] {dagbag.py:537} INFO - Filling up the DagBag from /opt/airflow/dags/inside_group_dag.py
[2024-01-06T21:28:03.649+0000] {processor.py:766} INFO - DAG(s) dict_keys(['inside_group_dag']) retrieved from /opt/airflow/dags/inside_group_dag.py
[2024-01-06T21:28:03.723+0000] {logging_mixin.py:120} INFO - [2024-01-06T21:28:03.723+0000] {dag.py:2585} INFO - Sync 1 DAGs
[2024-01-06T21:28:03.740+0000] {logging_mixin.py:120} INFO - [2024-01-06T21:28:03.740+0000] {dag.py:3340} INFO - Setting next_dagrun for inside_group_dag to 2024-01-05T00:00:00+00:00, run_after=2024-01-06T00:00:00+00:00
[2024-01-06T21:28:03.754+0000] {processor.py:176} INFO - Processing /opt/airflow/dags/inside_group_dag.py took 0.128 seconds
[2024-01-06T21:28:34.966+0000] {processor.py:154} INFO - Started process (PID=96) to work on /opt/airflow/dags/inside_group_dag.py
[2024-01-06T21:28:34.967+0000] {processor.py:756} INFO - Processing file /opt/airflow/dags/inside_group_dag.py for tasks to queue
[2024-01-06T21:28:34.967+0000] {logging_mixin.py:120} INFO - [2024-01-06T21:28:34.967+0000] {dagbag.py:537} INFO - Filling up the DagBag from /opt/airflow/dags/inside_group_dag.py
[2024-01-06T21:28:34.982+0000] {processor.py:766} INFO - DAG(s) dict_keys(['inside_group_dag']) retrieved from /opt/airflow/dags/inside_group_dag.py
[2024-01-06T21:28:35.011+0000] {logging_mixin.py:120} INFO - [2024-01-06T21:28:35.011+0000] {dag.py:2585} INFO - Sync 1 DAGs
[2024-01-06T21:28:35.033+0000] {logging_mixin.py:120} INFO - [2024-01-06T21:28:35.033+0000] {dag.py:3340} INFO - Setting next_dagrun for inside_group_dag to 2024-01-05T00:00:00+00:00, run_after=2024-01-06T00:00:00+00:00
[2024-01-06T21:28:35.048+0000] {processor.py:176} INFO - Processing /opt/airflow/dags/inside_group_dag.py took 0.084 seconds
[2024-01-06T21:29:06.288+0000] {processor.py:154} INFO - Started process (PID=134) to work on /opt/airflow/dags/inside_group_dag.py
[2024-01-06T21:29:06.291+0000] {processor.py:756} INFO - Processing file /opt/airflow/dags/inside_group_dag.py for tasks to queue
[2024-01-06T21:29:06.293+0000] {logging_mixin.py:120} INFO - [2024-01-06T21:29:06.293+0000] {dagbag.py:537} INFO - Filling up the DagBag from /opt/airflow/dags/inside_group_dag.py
[2024-01-06T21:29:06.313+0000] {processor.py:766} INFO - DAG(s) dict_keys(['inside_group_dag']) retrieved from /opt/airflow/dags/inside_group_dag.py
[2024-01-06T21:29:06.350+0000] {logging_mixin.py:120} INFO - [2024-01-06T21:29:06.350+0000] {dag.py:2585} INFO - Sync 1 DAGs
[2024-01-06T21:29:06.366+0000] {logging_mixin.py:120} INFO - [2024-01-06T21:29:06.366+0000] {dag.py:3340} INFO - Setting next_dagrun for inside_group_dag to 2024-01-05T00:00:00+00:00, run_after=2024-01-06T00:00:00+00:00
[2024-01-06T21:29:06.376+0000] {processor.py:176} INFO - Processing /opt/airflow/dags/inside_group_dag.py took 0.092 seconds
[2024-01-06T21:29:37.807+0000] {processor.py:154} INFO - Started process (PID=171) to work on /opt/airflow/dags/inside_group_dag.py
[2024-01-06T21:29:37.809+0000] {processor.py:756} INFO - Processing file /opt/airflow/dags/inside_group_dag.py for tasks to queue
[2024-01-06T21:29:37.810+0000] {logging_mixin.py:120} INFO - [2024-01-06T21:29:37.810+0000] {dagbag.py:537} INFO - Filling up the DagBag from /opt/airflow/dags/inside_group_dag.py
[2024-01-06T21:29:37.827+0000] {processor.py:766} INFO - DAG(s) dict_keys(['inside_group_dag']) retrieved from /opt/airflow/dags/inside_group_dag.py
[2024-01-06T21:29:37.853+0000] {logging_mixin.py:120} INFO - [2024-01-06T21:29:37.853+0000] {dag.py:2585} INFO - Sync 1 DAGs
[2024-01-06T21:29:37.870+0000] {logging_mixin.py:120} INFO - [2024-01-06T21:29:37.870+0000] {dag.py:3340} INFO - Setting next_dagrun for inside_group_dag to 2024-01-05T00:00:00+00:00, run_after=2024-01-06T00:00:00+00:00
[2024-01-06T21:29:37.889+0000] {processor.py:176} INFO - Processing /opt/airflow/dags/inside_group_dag.py took 0.085 seconds
[2024-01-06T21:30:09.026+0000] {processor.py:154} INFO - Started process (PID=199) to work on /opt/airflow/dags/inside_group_dag.py
[2024-01-06T21:30:09.027+0000] {processor.py:756} INFO - Processing file /opt/airflow/dags/inside_group_dag.py for tasks to queue
[2024-01-06T21:30:09.028+0000] {logging_mixin.py:120} INFO - [2024-01-06T21:30:09.028+0000] {dagbag.py:537} INFO - Filling up the DagBag from /opt/airflow/dags/inside_group_dag.py
[2024-01-06T21:30:09.040+0000] {processor.py:766} INFO - DAG(s) dict_keys(['inside_group_dag']) retrieved from /opt/airflow/dags/inside_group_dag.py
[2024-01-06T21:30:09.063+0000] {logging_mixin.py:120} INFO - [2024-01-06T21:30:09.062+0000] {dag.py:2585} INFO - Sync 1 DAGs
[2024-01-06T21:30:09.077+0000] {logging_mixin.py:120} INFO - [2024-01-06T21:30:09.077+0000] {dag.py:3340} INFO - Setting next_dagrun for inside_group_dag to 2024-01-05T00:00:00+00:00, run_after=2024-01-06T00:00:00+00:00
[2024-01-06T21:30:09.086+0000] {processor.py:176} INFO - Processing /opt/airflow/dags/inside_group_dag.py took 0.062 seconds
[2024-01-06T21:30:40.341+0000] {processor.py:154} INFO - Started process (PID=236) to work on /opt/airflow/dags/inside_group_dag.py
[2024-01-06T21:30:40.343+0000] {processor.py:756} INFO - Processing file /opt/airflow/dags/inside_group_dag.py for tasks to queue
[2024-01-06T21:30:40.344+0000] {logging_mixin.py:120} INFO - [2024-01-06T21:30:40.344+0000] {dagbag.py:537} INFO - Filling up the DagBag from /opt/airflow/dags/inside_group_dag.py
[2024-01-06T21:30:40.424+0000] {processor.py:766} INFO - DAG(s) dict_keys(['inside_group_dag']) retrieved from /opt/airflow/dags/inside_group_dag.py
[2024-01-06T21:30:40.499+0000] {logging_mixin.py:120} INFO - [2024-01-06T21:30:40.499+0000] {dag.py:2585} INFO - Sync 1 DAGs
[2024-01-06T21:30:40.527+0000] {logging_mixin.py:120} INFO - [2024-01-06T21:30:40.526+0000] {dag.py:3340} INFO - Setting next_dagrun for inside_group_dag to 2024-01-05T00:00:00+00:00, run_after=2024-01-06T00:00:00+00:00
[2024-01-06T21:30:40.540+0000] {processor.py:176} INFO - Processing /opt/airflow/dags/inside_group_dag.py took 0.205 seconds
[2024-01-06T21:31:10.855+0000] {processor.py:154} INFO - Started process (PID=273) to work on /opt/airflow/dags/inside_group_dag.py
[2024-01-06T21:31:10.857+0000] {processor.py:756} INFO - Processing file /opt/airflow/dags/inside_group_dag.py for tasks to queue
[2024-01-06T21:31:10.857+0000] {logging_mixin.py:120} INFO - [2024-01-06T21:31:10.857+0000] {dagbag.py:537} INFO - Filling up the DagBag from /opt/airflow/dags/inside_group_dag.py
[2024-01-06T21:31:10.871+0000] {processor.py:766} INFO - DAG(s) dict_keys(['inside_group_dag']) retrieved from /opt/airflow/dags/inside_group_dag.py
[2024-01-06T21:31:10.893+0000] {logging_mixin.py:120} INFO - [2024-01-06T21:31:10.893+0000] {dag.py:2585} INFO - Sync 1 DAGs
[2024-01-06T21:31:10.908+0000] {logging_mixin.py:120} INFO - [2024-01-06T21:31:10.908+0000] {dag.py:3340} INFO - Setting next_dagrun for inside_group_dag to 2024-01-05T00:00:00+00:00, run_after=2024-01-06T00:00:00+00:00
[2024-01-06T21:31:10.920+0000] {processor.py:176} INFO - Processing /opt/airflow/dags/inside_group_dag.py took 0.067 seconds
