[2024-01-06T19:29:29.922+0000] {processor.py:154} INFO - Started process (PID=69) to work on /opt/airflow/dags/parallel_dag.py
[2024-01-06T19:29:29.925+0000] {processor.py:756} INFO - Processing file /opt/airflow/dags/parallel_dag.py for tasks to queue
[2024-01-06T19:29:29.926+0000] {logging_mixin.py:120} INFO - [2024-01-06T19:29:29.926+0000] {dagbag.py:537} INFO - Filling up the DagBag from /opt/airflow/dags/parallel_dag.py
[2024-01-06T19:29:29.993+0000] {processor.py:766} INFO - DAG(s) dict_keys(['parallel_dag']) retrieved from /opt/airflow/dags/parallel_dag.py
[2024-01-06T19:29:30.283+0000] {logging_mixin.py:120} INFO - [2024-01-06T19:29:30.282+0000] {manager.py:507} INFO - Created Permission View: can edit on DAG:parallel_dag
[2024-01-06T19:29:30.305+0000] {logging_mixin.py:120} INFO - [2024-01-06T19:29:30.305+0000] {manager.py:507} INFO - Created Permission View: can read on DAG:parallel_dag
[2024-01-06T19:29:30.324+0000] {logging_mixin.py:120} INFO - [2024-01-06T19:29:30.323+0000] {manager.py:507} INFO - Created Permission View: can delete on DAG:parallel_dag
[2024-01-06T19:29:30.325+0000] {logging_mixin.py:120} INFO - [2024-01-06T19:29:30.324+0000] {dag.py:2585} INFO - Sync 1 DAGs
[2024-01-06T19:29:30.354+0000] {logging_mixin.py:120} INFO - [2024-01-06T19:29:30.354+0000] {dag.py:2606} INFO - Creating ORM DAG for parallel_dag
[2024-01-06T19:29:30.381+0000] {logging_mixin.py:120} INFO - [2024-01-06T19:29:30.381+0000] {dag.py:3340} INFO - Setting next_dagrun for parallel_dag to 2024-01-05T00:00:00+00:00, run_after=2024-01-06T00:00:00+00:00
[2024-01-06T19:29:30.411+0000] {processor.py:176} INFO - Processing /opt/airflow/dags/parallel_dag.py took 0.497 seconds
[2024-01-06T19:30:01.003+0000] {processor.py:154} INFO - Started process (PID=105) to work on /opt/airflow/dags/parallel_dag.py
[2024-01-06T19:30:01.003+0000] {processor.py:756} INFO - Processing file /opt/airflow/dags/parallel_dag.py for tasks to queue
[2024-01-06T19:30:01.004+0000] {logging_mixin.py:120} INFO - [2024-01-06T19:30:01.004+0000] {dagbag.py:537} INFO - Filling up the DagBag from /opt/airflow/dags/parallel_dag.py
[2024-01-06T19:30:01.015+0000] {processor.py:766} INFO - DAG(s) dict_keys(['parallel_dag']) retrieved from /opt/airflow/dags/parallel_dag.py
[2024-01-06T19:30:01.074+0000] {logging_mixin.py:120} INFO - [2024-01-06T19:30:01.073+0000] {dag.py:2585} INFO - Sync 1 DAGs
[2024-01-06T19:30:01.104+0000] {logging_mixin.py:120} INFO - [2024-01-06T19:30:01.104+0000] {dag.py:3340} INFO - Setting next_dagrun for parallel_dag to 2024-01-05T00:00:00+00:00, run_after=2024-01-06T00:00:00+00:00
[2024-01-06T19:30:01.156+0000] {processor.py:176} INFO - Processing /opt/airflow/dags/parallel_dag.py took 0.156 seconds
[2024-01-06T19:30:32.115+0000] {processor.py:154} INFO - Started process (PID=134) to work on /opt/airflow/dags/parallel_dag.py
[2024-01-06T19:30:32.116+0000] {processor.py:756} INFO - Processing file /opt/airflow/dags/parallel_dag.py for tasks to queue
[2024-01-06T19:30:32.117+0000] {logging_mixin.py:120} INFO - [2024-01-06T19:30:32.117+0000] {dagbag.py:537} INFO - Filling up the DagBag from /opt/airflow/dags/parallel_dag.py
[2024-01-06T19:30:32.134+0000] {processor.py:766} INFO - DAG(s) dict_keys(['parallel_dag']) retrieved from /opt/airflow/dags/parallel_dag.py
[2024-01-06T19:30:32.189+0000] {logging_mixin.py:120} INFO - [2024-01-06T19:30:32.189+0000] {dag.py:2585} INFO - Sync 1 DAGs
[2024-01-06T19:30:32.237+0000] {logging_mixin.py:120} INFO - [2024-01-06T19:30:32.237+0000] {dag.py:3340} INFO - Setting next_dagrun for parallel_dag to 2024-01-05T00:00:00+00:00, run_after=2024-01-06T00:00:00+00:00
[2024-01-06T19:30:32.260+0000] {processor.py:176} INFO - Processing /opt/airflow/dags/parallel_dag.py took 0.149 seconds
[2024-01-06T19:55:02.613+0000] {processor.py:154} INFO - Started process (PID=58) to work on /opt/airflow/dags/parallel_dag.py
[2024-01-06T19:55:02.615+0000] {processor.py:756} INFO - Processing file /opt/airflow/dags/parallel_dag.py for tasks to queue
[2024-01-06T19:55:02.615+0000] {logging_mixin.py:120} INFO - [2024-01-06T19:55:02.615+0000] {dagbag.py:537} INFO - Filling up the DagBag from /opt/airflow/dags/parallel_dag.py
[2024-01-06T19:55:02.633+0000] {processor.py:766} INFO - DAG(s) dict_keys(['parallel_dag']) retrieved from /opt/airflow/dags/parallel_dag.py
[2024-01-06T19:55:02.672+0000] {logging_mixin.py:120} INFO - [2024-01-06T19:55:02.672+0000] {dag.py:2585} INFO - Sync 1 DAGs
[2024-01-06T19:55:02.709+0000] {logging_mixin.py:120} INFO - [2024-01-06T19:55:02.708+0000] {dag.py:3340} INFO - Setting next_dagrun for parallel_dag to 2024-01-05T00:00:00+00:00, run_after=2024-01-06T00:00:00+00:00
[2024-01-06T19:55:02.741+0000] {processor.py:176} INFO - Processing /opt/airflow/dags/parallel_dag.py took 0.131 seconds
[2024-01-06T19:55:33.929+0000] {processor.py:154} INFO - Started process (PID=88) to work on /opt/airflow/dags/parallel_dag.py
[2024-01-06T19:55:33.931+0000] {processor.py:756} INFO - Processing file /opt/airflow/dags/parallel_dag.py for tasks to queue
[2024-01-06T19:55:33.931+0000] {logging_mixin.py:120} INFO - [2024-01-06T19:55:33.931+0000] {dagbag.py:537} INFO - Filling up the DagBag from /opt/airflow/dags/parallel_dag.py
[2024-01-06T19:55:33.946+0000] {processor.py:766} INFO - DAG(s) dict_keys(['parallel_dag']) retrieved from /opt/airflow/dags/parallel_dag.py
[2024-01-06T19:55:33.984+0000] {logging_mixin.py:120} INFO - [2024-01-06T19:55:33.984+0000] {dag.py:2585} INFO - Sync 1 DAGs
[2024-01-06T19:55:34.001+0000] {logging_mixin.py:120} INFO - [2024-01-06T19:55:34.001+0000] {dag.py:3340} INFO - Setting next_dagrun for parallel_dag to 2024-01-05T00:00:00+00:00, run_after=2024-01-06T00:00:00+00:00
[2024-01-06T19:55:34.015+0000] {processor.py:176} INFO - Processing /opt/airflow/dags/parallel_dag.py took 0.088 seconds
[2024-01-06T19:56:05.093+0000] {processor.py:154} INFO - Started process (PID=126) to work on /opt/airflow/dags/parallel_dag.py
[2024-01-06T19:56:05.094+0000] {processor.py:756} INFO - Processing file /opt/airflow/dags/parallel_dag.py for tasks to queue
[2024-01-06T19:56:05.095+0000] {logging_mixin.py:120} INFO - [2024-01-06T19:56:05.095+0000] {dagbag.py:537} INFO - Filling up the DagBag from /opt/airflow/dags/parallel_dag.py
[2024-01-06T19:56:05.106+0000] {processor.py:766} INFO - DAG(s) dict_keys(['parallel_dag']) retrieved from /opt/airflow/dags/parallel_dag.py
[2024-01-06T19:56:05.129+0000] {logging_mixin.py:120} INFO - [2024-01-06T19:56:05.129+0000] {dag.py:2585} INFO - Sync 1 DAGs
[2024-01-06T19:56:05.145+0000] {logging_mixin.py:120} INFO - [2024-01-06T19:56:05.145+0000] {dag.py:3340} INFO - Setting next_dagrun for parallel_dag to 2024-01-05T00:00:00+00:00, run_after=2024-01-06T00:00:00+00:00
[2024-01-06T19:56:05.157+0000] {processor.py:176} INFO - Processing /opt/airflow/dags/parallel_dag.py took 0.066 seconds
[2024-01-06T19:56:36.077+0000] {processor.py:154} INFO - Started process (PID=163) to work on /opt/airflow/dags/parallel_dag.py
[2024-01-06T19:56:36.078+0000] {processor.py:756} INFO - Processing file /opt/airflow/dags/parallel_dag.py for tasks to queue
[2024-01-06T19:56:36.078+0000] {logging_mixin.py:120} INFO - [2024-01-06T19:56:36.078+0000] {dagbag.py:537} INFO - Filling up the DagBag from /opt/airflow/dags/parallel_dag.py
[2024-01-06T19:56:36.090+0000] {processor.py:766} INFO - DAG(s) dict_keys(['parallel_dag']) retrieved from /opt/airflow/dags/parallel_dag.py
[2024-01-06T19:56:36.119+0000] {logging_mixin.py:120} INFO - [2024-01-06T19:56:36.119+0000] {dag.py:2585} INFO - Sync 1 DAGs
[2024-01-06T19:56:36.135+0000] {logging_mixin.py:120} INFO - [2024-01-06T19:56:36.135+0000] {dag.py:3340} INFO - Setting next_dagrun for parallel_dag to 2024-01-05T00:00:00+00:00, run_after=2024-01-06T00:00:00+00:00
[2024-01-06T19:56:36.146+0000] {processor.py:176} INFO - Processing /opt/airflow/dags/parallel_dag.py took 0.071 seconds
[2024-01-06T19:57:07.037+0000] {processor.py:154} INFO - Started process (PID=200) to work on /opt/airflow/dags/parallel_dag.py
[2024-01-06T19:57:07.038+0000] {processor.py:756} INFO - Processing file /opt/airflow/dags/parallel_dag.py for tasks to queue
[2024-01-06T19:57:07.039+0000] {logging_mixin.py:120} INFO - [2024-01-06T19:57:07.039+0000] {dagbag.py:537} INFO - Filling up the DagBag from /opt/airflow/dags/parallel_dag.py
[2024-01-06T19:57:07.055+0000] {processor.py:766} INFO - DAG(s) dict_keys(['parallel_dag']) retrieved from /opt/airflow/dags/parallel_dag.py
[2024-01-06T19:57:07.134+0000] {logging_mixin.py:120} INFO - [2024-01-06T19:57:07.134+0000] {dag.py:2585} INFO - Sync 1 DAGs
[2024-01-06T19:57:07.158+0000] {logging_mixin.py:120} INFO - [2024-01-06T19:57:07.158+0000] {dag.py:3340} INFO - Setting next_dagrun for parallel_dag to 2024-01-05T00:00:00+00:00, run_after=2024-01-06T00:00:00+00:00
[2024-01-06T19:57:07.170+0000] {processor.py:176} INFO - Processing /opt/airflow/dags/parallel_dag.py took 0.135 seconds
[2024-01-06T19:57:38.018+0000] {processor.py:154} INFO - Started process (PID=237) to work on /opt/airflow/dags/parallel_dag.py
[2024-01-06T19:57:38.019+0000] {processor.py:756} INFO - Processing file /opt/airflow/dags/parallel_dag.py for tasks to queue
[2024-01-06T19:57:38.020+0000] {logging_mixin.py:120} INFO - [2024-01-06T19:57:38.020+0000] {dagbag.py:537} INFO - Filling up the DagBag from /opt/airflow/dags/parallel_dag.py
[2024-01-06T19:57:38.032+0000] {processor.py:766} INFO - DAG(s) dict_keys(['parallel_dag']) retrieved from /opt/airflow/dags/parallel_dag.py
[2024-01-06T19:57:38.053+0000] {logging_mixin.py:120} INFO - [2024-01-06T19:57:38.053+0000] {dag.py:2585} INFO - Sync 1 DAGs
[2024-01-06T19:57:38.068+0000] {logging_mixin.py:120} INFO - [2024-01-06T19:57:38.068+0000] {dag.py:3340} INFO - Setting next_dagrun for parallel_dag to 2024-01-05T00:00:00+00:00, run_after=2024-01-06T00:00:00+00:00
[2024-01-06T19:57:38.077+0000] {processor.py:176} INFO - Processing /opt/airflow/dags/parallel_dag.py took 0.060 seconds
[2024-01-06T19:58:09.384+0000] {processor.py:154} INFO - Started process (PID=265) to work on /opt/airflow/dags/parallel_dag.py
[2024-01-06T19:58:09.385+0000] {processor.py:756} INFO - Processing file /opt/airflow/dags/parallel_dag.py for tasks to queue
[2024-01-06T19:58:09.386+0000] {logging_mixin.py:120} INFO - [2024-01-06T19:58:09.386+0000] {dagbag.py:537} INFO - Filling up the DagBag from /opt/airflow/dags/parallel_dag.py
[2024-01-06T19:58:09.398+0000] {processor.py:766} INFO - DAG(s) dict_keys(['parallel_dag']) retrieved from /opt/airflow/dags/parallel_dag.py
[2024-01-06T19:58:09.420+0000] {logging_mixin.py:120} INFO - [2024-01-06T19:58:09.420+0000] {dag.py:2585} INFO - Sync 1 DAGs
[2024-01-06T19:58:09.434+0000] {logging_mixin.py:120} INFO - [2024-01-06T19:58:09.434+0000] {dag.py:3340} INFO - Setting next_dagrun for parallel_dag to 2024-01-05T00:00:00+00:00, run_after=2024-01-06T00:00:00+00:00
[2024-01-06T19:58:09.446+0000] {processor.py:176} INFO - Processing /opt/airflow/dags/parallel_dag.py took 0.063 seconds
[2024-01-06T19:58:40.572+0000] {processor.py:154} INFO - Started process (PID=302) to work on /opt/airflow/dags/parallel_dag.py
[2024-01-06T19:58:40.573+0000] {processor.py:756} INFO - Processing file /opt/airflow/dags/parallel_dag.py for tasks to queue
[2024-01-06T19:58:40.574+0000] {logging_mixin.py:120} INFO - [2024-01-06T19:58:40.573+0000] {dagbag.py:537} INFO - Filling up the DagBag from /opt/airflow/dags/parallel_dag.py
[2024-01-06T19:58:40.585+0000] {processor.py:766} INFO - DAG(s) dict_keys(['parallel_dag']) retrieved from /opt/airflow/dags/parallel_dag.py
[2024-01-06T19:58:40.609+0000] {logging_mixin.py:120} INFO - [2024-01-06T19:58:40.608+0000] {dag.py:2585} INFO - Sync 1 DAGs
[2024-01-06T19:58:40.624+0000] {logging_mixin.py:120} INFO - [2024-01-06T19:58:40.623+0000] {dag.py:3340} INFO - Setting next_dagrun for parallel_dag to 2024-01-05T00:00:00+00:00, run_after=2024-01-06T00:00:00+00:00
[2024-01-06T19:58:40.634+0000] {processor.py:176} INFO - Processing /opt/airflow/dags/parallel_dag.py took 0.063 seconds
[2024-01-06T19:59:11.551+0000] {processor.py:154} INFO - Started process (PID=339) to work on /opt/airflow/dags/parallel_dag.py
[2024-01-06T19:59:11.552+0000] {processor.py:756} INFO - Processing file /opt/airflow/dags/parallel_dag.py for tasks to queue
[2024-01-06T19:59:11.552+0000] {logging_mixin.py:120} INFO - [2024-01-06T19:59:11.552+0000] {dagbag.py:537} INFO - Filling up the DagBag from /opt/airflow/dags/parallel_dag.py
[2024-01-06T19:59:11.564+0000] {processor.py:766} INFO - DAG(s) dict_keys(['parallel_dag']) retrieved from /opt/airflow/dags/parallel_dag.py
[2024-01-06T19:59:11.586+0000] {logging_mixin.py:120} INFO - [2024-01-06T19:59:11.585+0000] {dag.py:2585} INFO - Sync 1 DAGs
[2024-01-06T19:59:11.600+0000] {logging_mixin.py:120} INFO - [2024-01-06T19:59:11.600+0000] {dag.py:3340} INFO - Setting next_dagrun for parallel_dag to 2024-01-05T00:00:00+00:00, run_after=2024-01-06T00:00:00+00:00
[2024-01-06T19:59:11.609+0000] {processor.py:176} INFO - Processing /opt/airflow/dags/parallel_dag.py took 0.060 seconds
[2024-01-06T19:59:42.471+0000] {processor.py:154} INFO - Started process (PID=376) to work on /opt/airflow/dags/parallel_dag.py
[2024-01-06T19:59:42.472+0000] {processor.py:756} INFO - Processing file /opt/airflow/dags/parallel_dag.py for tasks to queue
[2024-01-06T19:59:42.472+0000] {logging_mixin.py:120} INFO - [2024-01-06T19:59:42.472+0000] {dagbag.py:537} INFO - Filling up the DagBag from /opt/airflow/dags/parallel_dag.py
[2024-01-06T19:59:42.483+0000] {processor.py:766} INFO - DAG(s) dict_keys(['parallel_dag']) retrieved from /opt/airflow/dags/parallel_dag.py
[2024-01-06T19:59:42.504+0000] {logging_mixin.py:120} INFO - [2024-01-06T19:59:42.504+0000] {dag.py:2585} INFO - Sync 1 DAGs
[2024-01-06T19:59:42.518+0000] {logging_mixin.py:120} INFO - [2024-01-06T19:59:42.517+0000] {dag.py:3340} INFO - Setting next_dagrun for parallel_dag to 2024-01-05T00:00:00+00:00, run_after=2024-01-06T00:00:00+00:00
[2024-01-06T19:59:42.527+0000] {processor.py:176} INFO - Processing /opt/airflow/dags/parallel_dag.py took 0.058 seconds
[2024-01-06T20:00:13.492+0000] {processor.py:154} INFO - Started process (PID=413) to work on /opt/airflow/dags/parallel_dag.py
[2024-01-06T20:00:13.492+0000] {processor.py:756} INFO - Processing file /opt/airflow/dags/parallel_dag.py for tasks to queue
[2024-01-06T20:00:13.493+0000] {logging_mixin.py:120} INFO - [2024-01-06T20:00:13.493+0000] {dagbag.py:537} INFO - Filling up the DagBag from /opt/airflow/dags/parallel_dag.py
[2024-01-06T20:00:13.504+0000] {processor.py:766} INFO - DAG(s) dict_keys(['parallel_dag']) retrieved from /opt/airflow/dags/parallel_dag.py
[2024-01-06T20:00:13.525+0000] {logging_mixin.py:120} INFO - [2024-01-06T20:00:13.525+0000] {dag.py:2585} INFO - Sync 1 DAGs
[2024-01-06T20:00:13.539+0000] {logging_mixin.py:120} INFO - [2024-01-06T20:00:13.538+0000] {dag.py:3340} INFO - Setting next_dagrun for parallel_dag to 2024-01-05T00:00:00+00:00, run_after=2024-01-06T00:00:00+00:00
[2024-01-06T20:00:13.548+0000] {processor.py:176} INFO - Processing /opt/airflow/dags/parallel_dag.py took 0.058 seconds
[2024-01-06T20:00:44.678+0000] {processor.py:154} INFO - Started process (PID=450) to work on /opt/airflow/dags/parallel_dag.py
[2024-01-06T20:00:44.680+0000] {processor.py:756} INFO - Processing file /opt/airflow/dags/parallel_dag.py for tasks to queue
[2024-01-06T20:00:44.681+0000] {logging_mixin.py:120} INFO - [2024-01-06T20:00:44.681+0000] {dagbag.py:537} INFO - Filling up the DagBag from /opt/airflow/dags/parallel_dag.py
[2024-01-06T20:00:44.703+0000] {processor.py:766} INFO - DAG(s) dict_keys(['parallel_dag']) retrieved from /opt/airflow/dags/parallel_dag.py
[2024-01-06T20:00:44.745+0000] {logging_mixin.py:120} INFO - [2024-01-06T20:00:44.745+0000] {dag.py:2585} INFO - Sync 1 DAGs
[2024-01-06T20:00:44.763+0000] {logging_mixin.py:120} INFO - [2024-01-06T20:00:44.763+0000] {dag.py:3340} INFO - Setting next_dagrun for parallel_dag to 2024-01-05T00:00:00+00:00, run_after=2024-01-06T00:00:00+00:00
[2024-01-06T20:00:44.773+0000] {processor.py:176} INFO - Processing /opt/airflow/dags/parallel_dag.py took 0.100 seconds
[2024-01-06T20:01:15.767+0000] {processor.py:154} INFO - Started process (PID=478) to work on /opt/airflow/dags/parallel_dag.py
[2024-01-06T20:01:15.768+0000] {processor.py:756} INFO - Processing file /opt/airflow/dags/parallel_dag.py for tasks to queue
[2024-01-06T20:01:15.769+0000] {logging_mixin.py:120} INFO - [2024-01-06T20:01:15.769+0000] {dagbag.py:537} INFO - Filling up the DagBag from /opt/airflow/dags/parallel_dag.py
[2024-01-06T20:01:15.781+0000] {processor.py:766} INFO - DAG(s) dict_keys(['parallel_dag']) retrieved from /opt/airflow/dags/parallel_dag.py
[2024-01-06T20:01:15.801+0000] {logging_mixin.py:120} INFO - [2024-01-06T20:01:15.801+0000] {dag.py:2585} INFO - Sync 1 DAGs
[2024-01-06T20:01:15.815+0000] {logging_mixin.py:120} INFO - [2024-01-06T20:01:15.815+0000] {dag.py:3340} INFO - Setting next_dagrun for parallel_dag to 2024-01-05T00:00:00+00:00, run_after=2024-01-06T00:00:00+00:00
[2024-01-06T20:01:15.826+0000] {processor.py:176} INFO - Processing /opt/airflow/dags/parallel_dag.py took 0.061 seconds
[2024-01-06T20:01:46.906+0000] {processor.py:154} INFO - Started process (PID=515) to work on /opt/airflow/dags/parallel_dag.py
[2024-01-06T20:01:46.907+0000] {processor.py:756} INFO - Processing file /opt/airflow/dags/parallel_dag.py for tasks to queue
[2024-01-06T20:01:46.907+0000] {logging_mixin.py:120} INFO - [2024-01-06T20:01:46.907+0000] {dagbag.py:537} INFO - Filling up the DagBag from /opt/airflow/dags/parallel_dag.py
[2024-01-06T20:01:46.920+0000] {processor.py:766} INFO - DAG(s) dict_keys(['parallel_dag']) retrieved from /opt/airflow/dags/parallel_dag.py
[2024-01-06T20:01:46.948+0000] {logging_mixin.py:120} INFO - [2024-01-06T20:01:46.948+0000] {dag.py:2585} INFO - Sync 1 DAGs
[2024-01-06T20:01:46.970+0000] {logging_mixin.py:120} INFO - [2024-01-06T20:01:46.970+0000] {dag.py:3340} INFO - Setting next_dagrun for parallel_dag to 2024-01-05T00:00:00+00:00, run_after=2024-01-06T00:00:00+00:00
[2024-01-06T20:01:46.983+0000] {processor.py:176} INFO - Processing /opt/airflow/dags/parallel_dag.py took 0.079 seconds
[2024-01-06T20:02:17.972+0000] {processor.py:154} INFO - Started process (PID=552) to work on /opt/airflow/dags/parallel_dag.py
[2024-01-06T20:02:17.973+0000] {processor.py:756} INFO - Processing file /opt/airflow/dags/parallel_dag.py for tasks to queue
[2024-01-06T20:02:17.973+0000] {logging_mixin.py:120} INFO - [2024-01-06T20:02:17.973+0000] {dagbag.py:537} INFO - Filling up the DagBag from /opt/airflow/dags/parallel_dag.py
[2024-01-06T20:02:17.987+0000] {processor.py:766} INFO - DAG(s) dict_keys(['parallel_dag']) retrieved from /opt/airflow/dags/parallel_dag.py
[2024-01-06T20:02:18.009+0000] {logging_mixin.py:120} INFO - [2024-01-06T20:02:18.009+0000] {dag.py:2585} INFO - Sync 1 DAGs
[2024-01-06T20:02:18.024+0000] {logging_mixin.py:120} INFO - [2024-01-06T20:02:18.023+0000] {dag.py:3340} INFO - Setting next_dagrun for parallel_dag to 2024-01-05T00:00:00+00:00, run_after=2024-01-06T00:00:00+00:00
[2024-01-06T20:02:18.033+0000] {processor.py:176} INFO - Processing /opt/airflow/dags/parallel_dag.py took 0.062 seconds
[2024-01-06T20:02:48.867+0000] {processor.py:154} INFO - Started process (PID=589) to work on /opt/airflow/dags/parallel_dag.py
[2024-01-06T20:02:48.868+0000] {processor.py:756} INFO - Processing file /opt/airflow/dags/parallel_dag.py for tasks to queue
[2024-01-06T20:02:48.869+0000] {logging_mixin.py:120} INFO - [2024-01-06T20:02:48.869+0000] {dagbag.py:537} INFO - Filling up the DagBag from /opt/airflow/dags/parallel_dag.py
[2024-01-06T20:02:48.880+0000] {processor.py:766} INFO - DAG(s) dict_keys(['parallel_dag']) retrieved from /opt/airflow/dags/parallel_dag.py
[2024-01-06T20:02:48.911+0000] {logging_mixin.py:120} INFO - [2024-01-06T20:02:48.911+0000] {dag.py:2585} INFO - Sync 1 DAGs
[2024-01-06T20:02:48.930+0000] {logging_mixin.py:120} INFO - [2024-01-06T20:02:48.930+0000] {dag.py:3340} INFO - Setting next_dagrun for parallel_dag to 2024-01-05T00:00:00+00:00, run_after=2024-01-06T00:00:00+00:00
[2024-01-06T20:02:48.942+0000] {processor.py:176} INFO - Processing /opt/airflow/dags/parallel_dag.py took 0.077 seconds
[2024-01-06T20:03:19.797+0000] {processor.py:154} INFO - Started process (PID=626) to work on /opt/airflow/dags/parallel_dag.py
[2024-01-06T20:03:19.798+0000] {processor.py:756} INFO - Processing file /opt/airflow/dags/parallel_dag.py for tasks to queue
[2024-01-06T20:03:19.799+0000] {logging_mixin.py:120} INFO - [2024-01-06T20:03:19.799+0000] {dagbag.py:537} INFO - Filling up the DagBag from /opt/airflow/dags/parallel_dag.py
[2024-01-06T20:03:19.810+0000] {processor.py:766} INFO - DAG(s) dict_keys(['parallel_dag']) retrieved from /opt/airflow/dags/parallel_dag.py
[2024-01-06T20:03:19.832+0000] {logging_mixin.py:120} INFO - [2024-01-06T20:03:19.832+0000] {dag.py:2585} INFO - Sync 1 DAGs
[2024-01-06T20:03:19.845+0000] {logging_mixin.py:120} INFO - [2024-01-06T20:03:19.845+0000] {dag.py:3340} INFO - Setting next_dagrun for parallel_dag to 2024-01-05T00:00:00+00:00, run_after=2024-01-06T00:00:00+00:00
[2024-01-06T20:03:19.854+0000] {processor.py:176} INFO - Processing /opt/airflow/dags/parallel_dag.py took 0.059 seconds
[2024-01-06T20:03:50.740+0000] {processor.py:154} INFO - Started process (PID=663) to work on /opt/airflow/dags/parallel_dag.py
[2024-01-06T20:03:50.740+0000] {processor.py:756} INFO - Processing file /opt/airflow/dags/parallel_dag.py for tasks to queue
[2024-01-06T20:03:50.741+0000] {logging_mixin.py:120} INFO - [2024-01-06T20:03:50.741+0000] {dagbag.py:537} INFO - Filling up the DagBag from /opt/airflow/dags/parallel_dag.py
[2024-01-06T20:03:50.751+0000] {processor.py:766} INFO - DAG(s) dict_keys(['parallel_dag']) retrieved from /opt/airflow/dags/parallel_dag.py
[2024-01-06T20:03:50.773+0000] {logging_mixin.py:120} INFO - [2024-01-06T20:03:50.773+0000] {dag.py:2585} INFO - Sync 1 DAGs
[2024-01-06T20:03:50.786+0000] {logging_mixin.py:120} INFO - [2024-01-06T20:03:50.786+0000] {dag.py:3340} INFO - Setting next_dagrun for parallel_dag to 2024-01-05T00:00:00+00:00, run_after=2024-01-06T00:00:00+00:00
[2024-01-06T20:03:50.795+0000] {processor.py:176} INFO - Processing /opt/airflow/dags/parallel_dag.py took 0.058 seconds
[2024-01-06T20:04:21.967+0000] {processor.py:154} INFO - Started process (PID=700) to work on /opt/airflow/dags/parallel_dag.py
[2024-01-06T20:04:21.968+0000] {processor.py:756} INFO - Processing file /opt/airflow/dags/parallel_dag.py for tasks to queue
[2024-01-06T20:04:21.970+0000] {logging_mixin.py:120} INFO - [2024-01-06T20:04:21.970+0000] {dagbag.py:537} INFO - Filling up the DagBag from /opt/airflow/dags/parallel_dag.py
[2024-01-06T20:04:21.989+0000] {processor.py:766} INFO - DAG(s) dict_keys(['parallel_dag']) retrieved from /opt/airflow/dags/parallel_dag.py
[2024-01-06T20:04:22.024+0000] {logging_mixin.py:120} INFO - [2024-01-06T20:04:22.024+0000] {dag.py:2585} INFO - Sync 1 DAGs
[2024-01-06T20:04:22.048+0000] {logging_mixin.py:120} INFO - [2024-01-06T20:04:22.047+0000] {dag.py:3340} INFO - Setting next_dagrun for parallel_dag to 2024-01-05T00:00:00+00:00, run_after=2024-01-06T00:00:00+00:00
[2024-01-06T20:04:22.073+0000] {processor.py:176} INFO - Processing /opt/airflow/dags/parallel_dag.py took 0.108 seconds
[2024-01-06T20:04:53.125+0000] {processor.py:154} INFO - Started process (PID=728) to work on /opt/airflow/dags/parallel_dag.py
[2024-01-06T20:04:53.126+0000] {processor.py:756} INFO - Processing file /opt/airflow/dags/parallel_dag.py for tasks to queue
[2024-01-06T20:04:53.126+0000] {logging_mixin.py:120} INFO - [2024-01-06T20:04:53.126+0000] {dagbag.py:537} INFO - Filling up the DagBag from /opt/airflow/dags/parallel_dag.py
[2024-01-06T20:04:53.138+0000] {processor.py:766} INFO - DAG(s) dict_keys(['parallel_dag']) retrieved from /opt/airflow/dags/parallel_dag.py
[2024-01-06T20:04:53.159+0000] {logging_mixin.py:120} INFO - [2024-01-06T20:04:53.159+0000] {dag.py:2585} INFO - Sync 1 DAGs
[2024-01-06T20:04:53.173+0000] {logging_mixin.py:120} INFO - [2024-01-06T20:04:53.173+0000] {dag.py:3340} INFO - Setting next_dagrun for parallel_dag to 2024-01-05T00:00:00+00:00, run_after=2024-01-06T00:00:00+00:00
[2024-01-06T20:04:53.182+0000] {processor.py:176} INFO - Processing /opt/airflow/dags/parallel_dag.py took 0.059 seconds
[2024-01-06T20:05:24.073+0000] {processor.py:154} INFO - Started process (PID=765) to work on /opt/airflow/dags/parallel_dag.py
[2024-01-06T20:05:24.074+0000] {processor.py:756} INFO - Processing file /opt/airflow/dags/parallel_dag.py for tasks to queue
[2024-01-06T20:05:24.074+0000] {logging_mixin.py:120} INFO - [2024-01-06T20:05:24.074+0000] {dagbag.py:537} INFO - Filling up the DagBag from /opt/airflow/dags/parallel_dag.py
[2024-01-06T20:05:24.085+0000] {processor.py:766} INFO - DAG(s) dict_keys(['parallel_dag']) retrieved from /opt/airflow/dags/parallel_dag.py
[2024-01-06T20:05:24.108+0000] {logging_mixin.py:120} INFO - [2024-01-06T20:05:24.107+0000] {dag.py:2585} INFO - Sync 1 DAGs
[2024-01-06T20:05:24.121+0000] {logging_mixin.py:120} INFO - [2024-01-06T20:05:24.121+0000] {dag.py:3340} INFO - Setting next_dagrun for parallel_dag to 2024-01-05T00:00:00+00:00, run_after=2024-01-06T00:00:00+00:00
[2024-01-06T20:05:24.130+0000] {processor.py:176} INFO - Processing /opt/airflow/dags/parallel_dag.py took 0.059 seconds
[2024-01-06T20:05:54.963+0000] {processor.py:154} INFO - Started process (PID=802) to work on /opt/airflow/dags/parallel_dag.py
[2024-01-06T20:05:54.964+0000] {processor.py:756} INFO - Processing file /opt/airflow/dags/parallel_dag.py for tasks to queue
[2024-01-06T20:05:54.965+0000] {logging_mixin.py:120} INFO - [2024-01-06T20:05:54.964+0000] {dagbag.py:537} INFO - Filling up the DagBag from /opt/airflow/dags/parallel_dag.py
[2024-01-06T20:05:54.976+0000] {processor.py:766} INFO - DAG(s) dict_keys(['parallel_dag']) retrieved from /opt/airflow/dags/parallel_dag.py
[2024-01-06T20:05:54.998+0000] {logging_mixin.py:120} INFO - [2024-01-06T20:05:54.998+0000] {dag.py:2585} INFO - Sync 1 DAGs
[2024-01-06T20:05:55.012+0000] {logging_mixin.py:120} INFO - [2024-01-06T20:05:55.011+0000] {dag.py:3340} INFO - Setting next_dagrun for parallel_dag to 2024-01-05T00:00:00+00:00, run_after=2024-01-06T00:00:00+00:00
[2024-01-06T20:05:55.021+0000] {processor.py:176} INFO - Processing /opt/airflow/dags/parallel_dag.py took 0.060 seconds
[2024-01-06T20:06:25.862+0000] {processor.py:154} INFO - Started process (PID=839) to work on /opt/airflow/dags/parallel_dag.py
[2024-01-06T20:06:25.863+0000] {processor.py:756} INFO - Processing file /opt/airflow/dags/parallel_dag.py for tasks to queue
[2024-01-06T20:06:25.864+0000] {logging_mixin.py:120} INFO - [2024-01-06T20:06:25.863+0000] {dagbag.py:537} INFO - Filling up the DagBag from /opt/airflow/dags/parallel_dag.py
[2024-01-06T20:06:25.875+0000] {processor.py:766} INFO - DAG(s) dict_keys(['parallel_dag']) retrieved from /opt/airflow/dags/parallel_dag.py
[2024-01-06T20:06:25.897+0000] {logging_mixin.py:120} INFO - [2024-01-06T20:06:25.897+0000] {dag.py:2585} INFO - Sync 1 DAGs
[2024-01-06T20:06:25.911+0000] {logging_mixin.py:120} INFO - [2024-01-06T20:06:25.911+0000] {dag.py:3340} INFO - Setting next_dagrun for parallel_dag to 2024-01-05T00:00:00+00:00, run_after=2024-01-06T00:00:00+00:00
[2024-01-06T20:06:25.922+0000] {processor.py:176} INFO - Processing /opt/airflow/dags/parallel_dag.py took 0.062 seconds
[2024-01-06T20:06:56.801+0000] {processor.py:154} INFO - Started process (PID=876) to work on /opt/airflow/dags/parallel_dag.py
[2024-01-06T20:06:56.802+0000] {processor.py:756} INFO - Processing file /opt/airflow/dags/parallel_dag.py for tasks to queue
[2024-01-06T20:06:56.802+0000] {logging_mixin.py:120} INFO - [2024-01-06T20:06:56.802+0000] {dagbag.py:537} INFO - Filling up the DagBag from /opt/airflow/dags/parallel_dag.py
[2024-01-06T20:06:56.813+0000] {processor.py:766} INFO - DAG(s) dict_keys(['parallel_dag']) retrieved from /opt/airflow/dags/parallel_dag.py
[2024-01-06T20:06:56.834+0000] {logging_mixin.py:120} INFO - [2024-01-06T20:06:56.834+0000] {dag.py:2585} INFO - Sync 1 DAGs
[2024-01-06T20:06:56.847+0000] {logging_mixin.py:120} INFO - [2024-01-06T20:06:56.847+0000] {dag.py:3340} INFO - Setting next_dagrun for parallel_dag to 2024-01-05T00:00:00+00:00, run_after=2024-01-06T00:00:00+00:00
[2024-01-06T20:06:56.857+0000] {processor.py:176} INFO - Processing /opt/airflow/dags/parallel_dag.py took 0.059 seconds
[2024-01-06T20:07:29.672+0000] {processor.py:154} INFO - Started process (PID=912) to work on /opt/airflow/dags/parallel_dag.py
[2024-01-06T20:07:29.674+0000] {processor.py:756} INFO - Processing file /opt/airflow/dags/parallel_dag.py for tasks to queue
[2024-01-06T20:07:29.675+0000] {logging_mixin.py:120} INFO - [2024-01-06T20:07:29.675+0000] {dagbag.py:537} INFO - Filling up the DagBag from /opt/airflow/dags/parallel_dag.py
[2024-01-06T20:07:29.693+0000] {processor.py:766} INFO - DAG(s) dict_keys(['parallel_dag']) retrieved from /opt/airflow/dags/parallel_dag.py
[2024-01-06T20:07:29.741+0000] {logging_mixin.py:120} INFO - [2024-01-06T20:07:29.741+0000] {dag.py:2585} INFO - Sync 1 DAGs
[2024-01-06T20:07:29.777+0000] {logging_mixin.py:120} INFO - [2024-01-06T20:07:29.777+0000] {dag.py:3340} INFO - Setting next_dagrun for parallel_dag to 2024-01-05T00:00:00+00:00, run_after=2024-01-06T00:00:00+00:00
[2024-01-06T20:07:29.844+0000] {processor.py:176} INFO - Processing /opt/airflow/dags/parallel_dag.py took 0.175 seconds
[2024-01-06T20:08:00.084+0000] {processor.py:154} INFO - Started process (PID=940) to work on /opt/airflow/dags/parallel_dag.py
[2024-01-06T20:08:00.085+0000] {processor.py:756} INFO - Processing file /opt/airflow/dags/parallel_dag.py for tasks to queue
[2024-01-06T20:08:00.086+0000] {logging_mixin.py:120} INFO - [2024-01-06T20:08:00.086+0000] {dagbag.py:537} INFO - Filling up the DagBag from /opt/airflow/dags/parallel_dag.py
[2024-01-06T20:08:00.100+0000] {processor.py:766} INFO - DAG(s) dict_keys(['parallel_dag']) retrieved from /opt/airflow/dags/parallel_dag.py
[2024-01-06T20:08:00.121+0000] {logging_mixin.py:120} INFO - [2024-01-06T20:08:00.121+0000] {dag.py:2585} INFO - Sync 1 DAGs
[2024-01-06T20:08:00.135+0000] {logging_mixin.py:120} INFO - [2024-01-06T20:08:00.135+0000] {dag.py:3340} INFO - Setting next_dagrun for parallel_dag to 2024-01-05T00:00:00+00:00, run_after=2024-01-06T00:00:00+00:00
[2024-01-06T20:08:00.144+0000] {processor.py:176} INFO - Processing /opt/airflow/dags/parallel_dag.py took 0.062 seconds
[2024-01-06T20:08:30.439+0000] {processor.py:154} INFO - Started process (PID=975) to work on /opt/airflow/dags/parallel_dag.py
[2024-01-06T20:08:30.440+0000] {processor.py:756} INFO - Processing file /opt/airflow/dags/parallel_dag.py for tasks to queue
[2024-01-06T20:08:30.442+0000] {logging_mixin.py:120} INFO - [2024-01-06T20:08:30.441+0000] {dagbag.py:537} INFO - Filling up the DagBag from /opt/airflow/dags/parallel_dag.py
[2024-01-06T20:08:30.454+0000] {processor.py:766} INFO - DAG(s) dict_keys(['parallel_dag']) retrieved from /opt/airflow/dags/parallel_dag.py
[2024-01-06T20:08:30.478+0000] {logging_mixin.py:120} INFO - [2024-01-06T20:08:30.478+0000] {dag.py:2585} INFO - Sync 1 DAGs
[2024-01-06T20:08:30.491+0000] {logging_mixin.py:120} INFO - [2024-01-06T20:08:30.491+0000] {dag.py:3340} INFO - Setting next_dagrun for parallel_dag to 2024-01-05T00:00:00+00:00, run_after=2024-01-06T00:00:00+00:00
[2024-01-06T20:08:30.501+0000] {processor.py:176} INFO - Processing /opt/airflow/dags/parallel_dag.py took 0.064 seconds
[2024-01-06T20:09:01.165+0000] {processor.py:154} INFO - Started process (PID=1012) to work on /opt/airflow/dags/parallel_dag.py
[2024-01-06T20:09:01.166+0000] {processor.py:756} INFO - Processing file /opt/airflow/dags/parallel_dag.py for tasks to queue
[2024-01-06T20:09:01.167+0000] {logging_mixin.py:120} INFO - [2024-01-06T20:09:01.167+0000] {dagbag.py:537} INFO - Filling up the DagBag from /opt/airflow/dags/parallel_dag.py
[2024-01-06T20:09:01.178+0000] {processor.py:766} INFO - DAG(s) dict_keys(['parallel_dag']) retrieved from /opt/airflow/dags/parallel_dag.py
[2024-01-06T20:09:01.200+0000] {logging_mixin.py:120} INFO - [2024-01-06T20:09:01.200+0000] {dag.py:2585} INFO - Sync 1 DAGs
[2024-01-06T20:09:01.214+0000] {logging_mixin.py:120} INFO - [2024-01-06T20:09:01.214+0000] {dag.py:3340} INFO - Setting next_dagrun for parallel_dag to 2024-01-05T00:00:00+00:00, run_after=2024-01-06T00:00:00+00:00
[2024-01-06T20:09:01.223+0000] {processor.py:176} INFO - Processing /opt/airflow/dags/parallel_dag.py took 0.060 seconds
[2024-01-06T20:09:31.914+0000] {processor.py:154} INFO - Started process (PID=1049) to work on /opt/airflow/dags/parallel_dag.py
[2024-01-06T20:09:31.915+0000] {processor.py:756} INFO - Processing file /opt/airflow/dags/parallel_dag.py for tasks to queue
[2024-01-06T20:09:31.915+0000] {logging_mixin.py:120} INFO - [2024-01-06T20:09:31.915+0000] {dagbag.py:537} INFO - Filling up the DagBag from /opt/airflow/dags/parallel_dag.py
[2024-01-06T20:09:31.927+0000] {processor.py:766} INFO - DAG(s) dict_keys(['parallel_dag']) retrieved from /opt/airflow/dags/parallel_dag.py
[2024-01-06T20:09:31.951+0000] {logging_mixin.py:120} INFO - [2024-01-06T20:09:31.951+0000] {dag.py:2585} INFO - Sync 1 DAGs
[2024-01-06T20:09:31.965+0000] {logging_mixin.py:120} INFO - [2024-01-06T20:09:31.965+0000] {dag.py:3340} INFO - Setting next_dagrun for parallel_dag to 2024-01-05T00:00:00+00:00, run_after=2024-01-06T00:00:00+00:00
[2024-01-06T20:09:31.975+0000] {processor.py:176} INFO - Processing /opt/airflow/dags/parallel_dag.py took 0.063 seconds
[2024-01-06T20:10:02.155+0000] {processor.py:154} INFO - Started process (PID=1077) to work on /opt/airflow/dags/parallel_dag.py
[2024-01-06T20:10:02.156+0000] {processor.py:756} INFO - Processing file /opt/airflow/dags/parallel_dag.py for tasks to queue
[2024-01-06T20:10:02.156+0000] {logging_mixin.py:120} INFO - [2024-01-06T20:10:02.156+0000] {dagbag.py:537} INFO - Filling up the DagBag from /opt/airflow/dags/parallel_dag.py
[2024-01-06T20:10:02.168+0000] {processor.py:766} INFO - DAG(s) dict_keys(['parallel_dag']) retrieved from /opt/airflow/dags/parallel_dag.py
[2024-01-06T20:10:02.197+0000] {logging_mixin.py:120} INFO - [2024-01-06T20:10:02.196+0000] {dag.py:2585} INFO - Sync 1 DAGs
[2024-01-06T20:10:02.214+0000] {logging_mixin.py:120} INFO - [2024-01-06T20:10:02.214+0000] {dag.py:3340} INFO - Setting next_dagrun for parallel_dag to 2024-01-05T00:00:00+00:00, run_after=2024-01-06T00:00:00+00:00
[2024-01-06T20:10:02.226+0000] {processor.py:176} INFO - Processing /opt/airflow/dags/parallel_dag.py took 0.073 seconds
[2024-01-06T20:10:32.491+0000] {processor.py:154} INFO - Started process (PID=1114) to work on /opt/airflow/dags/parallel_dag.py
[2024-01-06T20:10:32.492+0000] {processor.py:756} INFO - Processing file /opt/airflow/dags/parallel_dag.py for tasks to queue
[2024-01-06T20:10:32.492+0000] {logging_mixin.py:120} INFO - [2024-01-06T20:10:32.492+0000] {dagbag.py:537} INFO - Filling up the DagBag from /opt/airflow/dags/parallel_dag.py
[2024-01-06T20:10:32.503+0000] {processor.py:766} INFO - DAG(s) dict_keys(['parallel_dag']) retrieved from /opt/airflow/dags/parallel_dag.py
[2024-01-06T20:10:32.524+0000] {logging_mixin.py:120} INFO - [2024-01-06T20:10:32.524+0000] {dag.py:2585} INFO - Sync 1 DAGs
[2024-01-06T20:10:32.537+0000] {logging_mixin.py:120} INFO - [2024-01-06T20:10:32.537+0000] {dag.py:3340} INFO - Setting next_dagrun for parallel_dag to 2024-01-05T00:00:00+00:00, run_after=2024-01-06T00:00:00+00:00
[2024-01-06T20:10:32.545+0000] {processor.py:176} INFO - Processing /opt/airflow/dags/parallel_dag.py took 0.056 seconds
[2024-01-06T20:11:03.368+0000] {processor.py:154} INFO - Started process (PID=1150) to work on /opt/airflow/dags/parallel_dag.py
[2024-01-06T20:11:03.369+0000] {processor.py:756} INFO - Processing file /opt/airflow/dags/parallel_dag.py for tasks to queue
[2024-01-06T20:11:03.369+0000] {logging_mixin.py:120} INFO - [2024-01-06T20:11:03.369+0000] {dagbag.py:537} INFO - Filling up the DagBag from /opt/airflow/dags/parallel_dag.py
[2024-01-06T20:11:03.383+0000] {processor.py:766} INFO - DAG(s) dict_keys(['parallel_dag']) retrieved from /opt/airflow/dags/parallel_dag.py
[2024-01-06T20:11:03.417+0000] {logging_mixin.py:120} INFO - [2024-01-06T20:11:03.417+0000] {dag.py:2585} INFO - Sync 1 DAGs
[2024-01-06T20:11:03.435+0000] {logging_mixin.py:120} INFO - [2024-01-06T20:11:03.435+0000] {dag.py:3340} INFO - Setting next_dagrun for parallel_dag to 2024-01-05T00:00:00+00:00, run_after=2024-01-06T00:00:00+00:00
[2024-01-06T20:11:03.447+0000] {processor.py:176} INFO - Processing /opt/airflow/dags/parallel_dag.py took 0.082 seconds
[2024-01-06T20:11:33.959+0000] {processor.py:154} INFO - Started process (PID=1187) to work on /opt/airflow/dags/parallel_dag.py
[2024-01-06T20:11:33.960+0000] {processor.py:756} INFO - Processing file /opt/airflow/dags/parallel_dag.py for tasks to queue
[2024-01-06T20:11:33.961+0000] {logging_mixin.py:120} INFO - [2024-01-06T20:11:33.961+0000] {dagbag.py:537} INFO - Filling up the DagBag from /opt/airflow/dags/parallel_dag.py
[2024-01-06T20:11:33.980+0000] {processor.py:766} INFO - DAG(s) dict_keys(['parallel_dag']) retrieved from /opt/airflow/dags/parallel_dag.py
[2024-01-06T20:11:34.019+0000] {logging_mixin.py:120} INFO - [2024-01-06T20:11:34.019+0000] {dag.py:2585} INFO - Sync 1 DAGs
[2024-01-06T20:11:34.037+0000] {logging_mixin.py:120} INFO - [2024-01-06T20:11:34.037+0000] {dag.py:3340} INFO - Setting next_dagrun for parallel_dag to 2024-01-05T00:00:00+00:00, run_after=2024-01-06T00:00:00+00:00
[2024-01-06T20:11:34.052+0000] {processor.py:176} INFO - Processing /opt/airflow/dags/parallel_dag.py took 0.098 seconds
[2024-01-06T20:12:04.257+0000] {processor.py:154} INFO - Started process (PID=1223) to work on /opt/airflow/dags/parallel_dag.py
[2024-01-06T20:12:04.261+0000] {processor.py:756} INFO - Processing file /opt/airflow/dags/parallel_dag.py for tasks to queue
[2024-01-06T20:12:04.262+0000] {logging_mixin.py:120} INFO - [2024-01-06T20:12:04.262+0000] {dagbag.py:537} INFO - Filling up the DagBag from /opt/airflow/dags/parallel_dag.py
[2024-01-06T20:12:04.290+0000] {processor.py:766} INFO - DAG(s) dict_keys(['parallel_dag']) retrieved from /opt/airflow/dags/parallel_dag.py
[2024-01-06T20:12:04.323+0000] {logging_mixin.py:120} INFO - [2024-01-06T20:12:04.323+0000] {dag.py:2585} INFO - Sync 1 DAGs
[2024-01-06T20:12:04.339+0000] {logging_mixin.py:120} INFO - [2024-01-06T20:12:04.339+0000] {dag.py:3340} INFO - Setting next_dagrun for parallel_dag to 2024-01-05T00:00:00+00:00, run_after=2024-01-06T00:00:00+00:00
[2024-01-06T20:12:04.352+0000] {processor.py:176} INFO - Processing /opt/airflow/dags/parallel_dag.py took 0.102 seconds
[2024-01-06T20:12:34.564+0000] {processor.py:154} INFO - Started process (PID=1251) to work on /opt/airflow/dags/parallel_dag.py
[2024-01-06T20:12:34.566+0000] {processor.py:756} INFO - Processing file /opt/airflow/dags/parallel_dag.py for tasks to queue
[2024-01-06T20:12:34.567+0000] {logging_mixin.py:120} INFO - [2024-01-06T20:12:34.567+0000] {dagbag.py:537} INFO - Filling up the DagBag from /opt/airflow/dags/parallel_dag.py
[2024-01-06T20:12:34.587+0000] {processor.py:766} INFO - DAG(s) dict_keys(['parallel_dag']) retrieved from /opt/airflow/dags/parallel_dag.py
[2024-01-06T20:12:34.614+0000] {logging_mixin.py:120} INFO - [2024-01-06T20:12:34.614+0000] {dag.py:2585} INFO - Sync 1 DAGs
[2024-01-06T20:12:34.627+0000] {logging_mixin.py:120} INFO - [2024-01-06T20:12:34.627+0000] {dag.py:3340} INFO - Setting next_dagrun for parallel_dag to 2024-01-05T00:00:00+00:00, run_after=2024-01-06T00:00:00+00:00
[2024-01-06T20:12:34.636+0000] {processor.py:176} INFO - Processing /opt/airflow/dags/parallel_dag.py took 0.079 seconds
[2024-01-06T20:13:04.896+0000] {processor.py:154} INFO - Started process (PID=1288) to work on /opt/airflow/dags/parallel_dag.py
[2024-01-06T20:13:04.899+0000] {processor.py:756} INFO - Processing file /opt/airflow/dags/parallel_dag.py for tasks to queue
[2024-01-06T20:13:04.900+0000] {logging_mixin.py:120} INFO - [2024-01-06T20:13:04.900+0000] {dagbag.py:537} INFO - Filling up the DagBag from /opt/airflow/dags/parallel_dag.py
[2024-01-06T20:13:04.919+0000] {processor.py:766} INFO - DAG(s) dict_keys(['parallel_dag']) retrieved from /opt/airflow/dags/parallel_dag.py
[2024-01-06T20:13:04.945+0000] {logging_mixin.py:120} INFO - [2024-01-06T20:13:04.945+0000] {dag.py:2585} INFO - Sync 1 DAGs
[2024-01-06T20:13:04.959+0000] {logging_mixin.py:120} INFO - [2024-01-06T20:13:04.959+0000] {dag.py:3340} INFO - Setting next_dagrun for parallel_dag to 2024-01-05T00:00:00+00:00, run_after=2024-01-06T00:00:00+00:00
[2024-01-06T20:13:04.968+0000] {processor.py:176} INFO - Processing /opt/airflow/dags/parallel_dag.py took 0.077 seconds
[2024-01-06T20:13:35.824+0000] {processor.py:154} INFO - Started process (PID=1325) to work on /opt/airflow/dags/parallel_dag.py
[2024-01-06T20:13:35.825+0000] {processor.py:756} INFO - Processing file /opt/airflow/dags/parallel_dag.py for tasks to queue
[2024-01-06T20:13:35.826+0000] {logging_mixin.py:120} INFO - [2024-01-06T20:13:35.826+0000] {dagbag.py:537} INFO - Filling up the DagBag from /opt/airflow/dags/parallel_dag.py
[2024-01-06T20:13:35.837+0000] {processor.py:766} INFO - DAG(s) dict_keys(['parallel_dag']) retrieved from /opt/airflow/dags/parallel_dag.py
[2024-01-06T20:13:35.862+0000] {logging_mixin.py:120} INFO - [2024-01-06T20:13:35.862+0000] {dag.py:2585} INFO - Sync 1 DAGs
[2024-01-06T20:13:35.877+0000] {logging_mixin.py:120} INFO - [2024-01-06T20:13:35.876+0000] {dag.py:3340} INFO - Setting next_dagrun for parallel_dag to 2024-01-05T00:00:00+00:00, run_after=2024-01-06T00:00:00+00:00
[2024-01-06T20:13:35.886+0000] {processor.py:176} INFO - Processing /opt/airflow/dags/parallel_dag.py took 0.064 seconds
[2024-01-06T20:14:06.624+0000] {processor.py:154} INFO - Started process (PID=1362) to work on /opt/airflow/dags/parallel_dag.py
[2024-01-06T20:14:06.626+0000] {processor.py:756} INFO - Processing file /opt/airflow/dags/parallel_dag.py for tasks to queue
[2024-01-06T20:14:06.627+0000] {logging_mixin.py:120} INFO - [2024-01-06T20:14:06.627+0000] {dagbag.py:537} INFO - Filling up the DagBag from /opt/airflow/dags/parallel_dag.py
[2024-01-06T20:14:06.649+0000] {processor.py:766} INFO - DAG(s) dict_keys(['parallel_dag']) retrieved from /opt/airflow/dags/parallel_dag.py
[2024-01-06T20:14:06.706+0000] {logging_mixin.py:120} INFO - [2024-01-06T20:14:06.705+0000] {dag.py:2585} INFO - Sync 1 DAGs
[2024-01-06T20:14:06.726+0000] {logging_mixin.py:120} INFO - [2024-01-06T20:14:06.726+0000] {dag.py:3340} INFO - Setting next_dagrun for parallel_dag to 2024-01-05T00:00:00+00:00, run_after=2024-01-06T00:00:00+00:00
[2024-01-06T20:14:06.737+0000] {processor.py:176} INFO - Processing /opt/airflow/dags/parallel_dag.py took 0.120 seconds
[2024-01-06T20:14:36.845+0000] {processor.py:154} INFO - Started process (PID=1399) to work on /opt/airflow/dags/parallel_dag.py
[2024-01-06T20:14:36.847+0000] {processor.py:756} INFO - Processing file /opt/airflow/dags/parallel_dag.py for tasks to queue
[2024-01-06T20:14:36.849+0000] {logging_mixin.py:120} INFO - [2024-01-06T20:14:36.849+0000] {dagbag.py:537} INFO - Filling up the DagBag from /opt/airflow/dags/parallel_dag.py
[2024-01-06T20:14:36.875+0000] {processor.py:766} INFO - DAG(s) dict_keys(['parallel_dag']) retrieved from /opt/airflow/dags/parallel_dag.py
[2024-01-06T20:14:36.901+0000] {logging_mixin.py:120} INFO - [2024-01-06T20:14:36.901+0000] {dag.py:2585} INFO - Sync 1 DAGs
[2024-01-06T20:14:36.915+0000] {logging_mixin.py:120} INFO - [2024-01-06T20:14:36.915+0000] {dag.py:3340} INFO - Setting next_dagrun for parallel_dag to 2024-01-05T00:00:00+00:00, run_after=2024-01-06T00:00:00+00:00
[2024-01-06T20:14:36.925+0000] {processor.py:176} INFO - Processing /opt/airflow/dags/parallel_dag.py took 0.088 seconds
[2024-01-06T20:15:07.544+0000] {processor.py:154} INFO - Started process (PID=1437) to work on /opt/airflow/dags/parallel_dag.py
[2024-01-06T20:15:07.547+0000] {processor.py:756} INFO - Processing file /opt/airflow/dags/parallel_dag.py for tasks to queue
[2024-01-06T20:15:07.549+0000] {logging_mixin.py:120} INFO - [2024-01-06T20:15:07.549+0000] {dagbag.py:537} INFO - Filling up the DagBag from /opt/airflow/dags/parallel_dag.py
[2024-01-06T20:15:07.571+0000] {processor.py:766} INFO - DAG(s) dict_keys(['parallel_dag']) retrieved from /opt/airflow/dags/parallel_dag.py
[2024-01-06T20:15:07.638+0000] {logging_mixin.py:120} INFO - [2024-01-06T20:15:07.638+0000] {dag.py:2585} INFO - Sync 1 DAGs
[2024-01-06T20:15:07.665+0000] {logging_mixin.py:120} INFO - [2024-01-06T20:15:07.664+0000] {dag.py:3340} INFO - Setting next_dagrun for parallel_dag to 2024-01-05T00:00:00+00:00, run_after=2024-01-06T00:00:00+00:00
[2024-01-06T20:15:07.686+0000] {processor.py:176} INFO - Processing /opt/airflow/dags/parallel_dag.py took 0.147 seconds
[2024-01-06T20:15:38.515+0000] {processor.py:154} INFO - Started process (PID=1465) to work on /opt/airflow/dags/parallel_dag.py
[2024-01-06T20:15:38.517+0000] {processor.py:756} INFO - Processing file /opt/airflow/dags/parallel_dag.py for tasks to queue
[2024-01-06T20:15:38.517+0000] {logging_mixin.py:120} INFO - [2024-01-06T20:15:38.517+0000] {dagbag.py:537} INFO - Filling up the DagBag from /opt/airflow/dags/parallel_dag.py
[2024-01-06T20:15:38.534+0000] {processor.py:766} INFO - DAG(s) dict_keys(['parallel_dag']) retrieved from /opt/airflow/dags/parallel_dag.py
[2024-01-06T20:15:38.572+0000] {logging_mixin.py:120} INFO - [2024-01-06T20:15:38.572+0000] {dag.py:2585} INFO - Sync 1 DAGs
[2024-01-06T20:15:38.587+0000] {logging_mixin.py:120} INFO - [2024-01-06T20:15:38.587+0000] {dag.py:3340} INFO - Setting next_dagrun for parallel_dag to 2024-01-05T00:00:00+00:00, run_after=2024-01-06T00:00:00+00:00
[2024-01-06T20:15:38.597+0000] {processor.py:176} INFO - Processing /opt/airflow/dags/parallel_dag.py took 0.087 seconds
[2024-01-06T20:16:09.362+0000] {processor.py:154} INFO - Started process (PID=1502) to work on /opt/airflow/dags/parallel_dag.py
[2024-01-06T20:16:09.364+0000] {processor.py:756} INFO - Processing file /opt/airflow/dags/parallel_dag.py for tasks to queue
[2024-01-06T20:16:09.365+0000] {logging_mixin.py:120} INFO - [2024-01-06T20:16:09.365+0000] {dagbag.py:537} INFO - Filling up the DagBag from /opt/airflow/dags/parallel_dag.py
[2024-01-06T20:16:09.386+0000] {processor.py:766} INFO - DAG(s) dict_keys(['parallel_dag']) retrieved from /opt/airflow/dags/parallel_dag.py
[2024-01-06T20:16:09.415+0000] {logging_mixin.py:120} INFO - [2024-01-06T20:16:09.415+0000] {dag.py:2585} INFO - Sync 1 DAGs
[2024-01-06T20:16:09.429+0000] {logging_mixin.py:120} INFO - [2024-01-06T20:16:09.429+0000] {dag.py:3340} INFO - Setting next_dagrun for parallel_dag to 2024-01-05T00:00:00+00:00, run_after=2024-01-06T00:00:00+00:00
[2024-01-06T20:16:09.438+0000] {processor.py:176} INFO - Processing /opt/airflow/dags/parallel_dag.py took 0.085 seconds
[2024-01-06T20:16:39.607+0000] {processor.py:154} INFO - Started process (PID=1538) to work on /opt/airflow/dags/parallel_dag.py
[2024-01-06T20:16:39.609+0000] {processor.py:756} INFO - Processing file /opt/airflow/dags/parallel_dag.py for tasks to queue
[2024-01-06T20:16:39.609+0000] {logging_mixin.py:120} INFO - [2024-01-06T20:16:39.609+0000] {dagbag.py:537} INFO - Filling up the DagBag from /opt/airflow/dags/parallel_dag.py
[2024-01-06T20:16:39.623+0000] {processor.py:766} INFO - DAG(s) dict_keys(['parallel_dag']) retrieved from /opt/airflow/dags/parallel_dag.py
[2024-01-06T20:16:39.654+0000] {logging_mixin.py:120} INFO - [2024-01-06T20:16:39.654+0000] {dag.py:2585} INFO - Sync 1 DAGs
[2024-01-06T20:16:39.669+0000] {logging_mixin.py:120} INFO - [2024-01-06T20:16:39.669+0000] {dag.py:3340} INFO - Setting next_dagrun for parallel_dag to 2024-01-05T00:00:00+00:00, run_after=2024-01-06T00:00:00+00:00
[2024-01-06T20:16:39.679+0000] {processor.py:176} INFO - Processing /opt/airflow/dags/parallel_dag.py took 0.076 seconds
[2024-01-06T20:34:35.015+0000] {processor.py:154} INFO - Started process (PID=58) to work on /opt/airflow/dags/parallel_dag.py
[2024-01-06T20:34:35.017+0000] {processor.py:756} INFO - Processing file /opt/airflow/dags/parallel_dag.py for tasks to queue
[2024-01-06T20:34:35.018+0000] {logging_mixin.py:120} INFO - [2024-01-06T20:34:35.018+0000] {dagbag.py:537} INFO - Filling up the DagBag from /opt/airflow/dags/parallel_dag.py
[2024-01-06T20:34:35.057+0000] {processor.py:766} INFO - DAG(s) dict_keys(['parallel_dag']) retrieved from /opt/airflow/dags/parallel_dag.py
[2024-01-06T20:34:35.209+0000] {logging_mixin.py:120} INFO - [2024-01-06T20:34:35.208+0000] {dag.py:2585} INFO - Sync 1 DAGs
[2024-01-06T20:34:35.244+0000] {logging_mixin.py:120} INFO - [2024-01-06T20:34:35.244+0000] {dag.py:3340} INFO - Setting next_dagrun for parallel_dag to 2024-01-05T00:00:00+00:00, run_after=2024-01-06T00:00:00+00:00
[2024-01-06T20:34:35.276+0000] {processor.py:176} INFO - Processing /opt/airflow/dags/parallel_dag.py took 0.267 seconds
[2024-01-06T21:28:03.777+0000] {processor.py:154} INFO - Started process (PID=61) to work on /opt/airflow/dags/parallel_dag.py
[2024-01-06T21:28:03.779+0000] {processor.py:756} INFO - Processing file /opt/airflow/dags/parallel_dag.py for tasks to queue
[2024-01-06T21:28:03.780+0000] {logging_mixin.py:120} INFO - [2024-01-06T21:28:03.780+0000] {dagbag.py:537} INFO - Filling up the DagBag from /opt/airflow/dags/parallel_dag.py
[2024-01-06T21:28:03.802+0000] {processor.py:766} INFO - DAG(s) dict_keys(['parallel_dag']) retrieved from /opt/airflow/dags/parallel_dag.py
[2024-01-06T21:28:03.921+0000] {logging_mixin.py:120} INFO - [2024-01-06T21:28:03.921+0000] {dag.py:2585} INFO - Sync 1 DAGs
[2024-01-06T21:28:03.961+0000] {logging_mixin.py:120} INFO - [2024-01-06T21:28:03.960+0000] {dag.py:3340} INFO - Setting next_dagrun for parallel_dag to 2024-01-05T00:00:00+00:00, run_after=2024-01-06T00:00:00+00:00
[2024-01-06T21:28:04.006+0000] {processor.py:176} INFO - Processing /opt/airflow/dags/parallel_dag.py took 0.234 seconds
[2024-01-06T21:28:35.077+0000] {processor.py:154} INFO - Started process (PID=98) to work on /opt/airflow/dags/parallel_dag.py
[2024-01-06T21:28:35.078+0000] {processor.py:756} INFO - Processing file /opt/airflow/dags/parallel_dag.py for tasks to queue
[2024-01-06T21:28:35.078+0000] {logging_mixin.py:120} INFO - [2024-01-06T21:28:35.078+0000] {dagbag.py:537} INFO - Filling up the DagBag from /opt/airflow/dags/parallel_dag.py
[2024-01-06T21:28:35.092+0000] {processor.py:766} INFO - DAG(s) dict_keys(['parallel_dag']) retrieved from /opt/airflow/dags/parallel_dag.py
[2024-01-06T21:28:35.133+0000] {logging_mixin.py:120} INFO - [2024-01-06T21:28:35.132+0000] {dag.py:2585} INFO - Sync 1 DAGs
[2024-01-06T21:28:35.161+0000] {logging_mixin.py:120} INFO - [2024-01-06T21:28:35.161+0000] {dag.py:3340} INFO - Setting next_dagrun for parallel_dag to 2024-01-05T00:00:00+00:00, run_after=2024-01-06T00:00:00+00:00
[2024-01-06T21:28:35.172+0000] {processor.py:176} INFO - Processing /opt/airflow/dags/parallel_dag.py took 0.098 seconds
[2024-01-06T21:29:06.390+0000] {processor.py:154} INFO - Started process (PID=136) to work on /opt/airflow/dags/parallel_dag.py
[2024-01-06T21:29:06.391+0000] {processor.py:756} INFO - Processing file /opt/airflow/dags/parallel_dag.py for tasks to queue
[2024-01-06T21:29:06.391+0000] {logging_mixin.py:120} INFO - [2024-01-06T21:29:06.391+0000] {dagbag.py:537} INFO - Filling up the DagBag from /opt/airflow/dags/parallel_dag.py
[2024-01-06T21:29:06.402+0000] {processor.py:766} INFO - DAG(s) dict_keys(['parallel_dag']) retrieved from /opt/airflow/dags/parallel_dag.py
[2024-01-06T21:29:06.424+0000] {logging_mixin.py:120} INFO - [2024-01-06T21:29:06.424+0000] {dag.py:2585} INFO - Sync 1 DAGs
[2024-01-06T21:29:06.437+0000] {logging_mixin.py:120} INFO - [2024-01-06T21:29:06.437+0000] {dag.py:3340} INFO - Setting next_dagrun for parallel_dag to 2024-01-05T00:00:00+00:00, run_after=2024-01-06T00:00:00+00:00
[2024-01-06T21:29:06.447+0000] {processor.py:176} INFO - Processing /opt/airflow/dags/parallel_dag.py took 0.059 seconds
[2024-01-06T21:29:37.907+0000] {processor.py:154} INFO - Started process (PID=173) to work on /opt/airflow/dags/parallel_dag.py
[2024-01-06T21:29:37.908+0000] {processor.py:756} INFO - Processing file /opt/airflow/dags/parallel_dag.py for tasks to queue
[2024-01-06T21:29:37.909+0000] {logging_mixin.py:120} INFO - [2024-01-06T21:29:37.909+0000] {dagbag.py:537} INFO - Filling up the DagBag from /opt/airflow/dags/parallel_dag.py
[2024-01-06T21:29:37.924+0000] {processor.py:766} INFO - DAG(s) dict_keys(['parallel_dag']) retrieved from /opt/airflow/dags/parallel_dag.py
[2024-01-06T21:29:37.962+0000] {logging_mixin.py:120} INFO - [2024-01-06T21:29:37.962+0000] {dag.py:2585} INFO - Sync 1 DAGs
[2024-01-06T21:29:37.982+0000] {logging_mixin.py:120} INFO - [2024-01-06T21:29:37.982+0000] {dag.py:3340} INFO - Setting next_dagrun for parallel_dag to 2024-01-05T00:00:00+00:00, run_after=2024-01-06T00:00:00+00:00
[2024-01-06T21:29:37.996+0000] {processor.py:176} INFO - Processing /opt/airflow/dags/parallel_dag.py took 0.091 seconds
[2024-01-06T21:30:09.099+0000] {processor.py:154} INFO - Started process (PID=201) to work on /opt/airflow/dags/parallel_dag.py
[2024-01-06T21:30:09.100+0000] {processor.py:756} INFO - Processing file /opt/airflow/dags/parallel_dag.py for tasks to queue
[2024-01-06T21:30:09.100+0000] {logging_mixin.py:120} INFO - [2024-01-06T21:30:09.100+0000] {dagbag.py:537} INFO - Filling up the DagBag from /opt/airflow/dags/parallel_dag.py
[2024-01-06T21:30:09.111+0000] {processor.py:766} INFO - DAG(s) dict_keys(['parallel_dag']) retrieved from /opt/airflow/dags/parallel_dag.py
[2024-01-06T21:30:09.134+0000] {logging_mixin.py:120} INFO - [2024-01-06T21:30:09.133+0000] {dag.py:2585} INFO - Sync 1 DAGs
[2024-01-06T21:30:09.148+0000] {logging_mixin.py:120} INFO - [2024-01-06T21:30:09.148+0000] {dag.py:3340} INFO - Setting next_dagrun for parallel_dag to 2024-01-05T00:00:00+00:00, run_after=2024-01-06T00:00:00+00:00
[2024-01-06T21:30:09.157+0000] {processor.py:176} INFO - Processing /opt/airflow/dags/parallel_dag.py took 0.060 seconds
[2024-01-06T21:30:40.560+0000] {processor.py:154} INFO - Started process (PID=238) to work on /opt/airflow/dags/parallel_dag.py
[2024-01-06T21:30:40.562+0000] {processor.py:756} INFO - Processing file /opt/airflow/dags/parallel_dag.py for tasks to queue
[2024-01-06T21:30:40.563+0000] {logging_mixin.py:120} INFO - [2024-01-06T21:30:40.563+0000] {dagbag.py:537} INFO - Filling up the DagBag from /opt/airflow/dags/parallel_dag.py
[2024-01-06T21:30:40.599+0000] {processor.py:766} INFO - DAG(s) dict_keys(['parallel_dag']) retrieved from /opt/airflow/dags/parallel_dag.py
[2024-01-06T21:30:40.659+0000] {logging_mixin.py:120} INFO - [2024-01-06T21:30:40.658+0000] {dag.py:2585} INFO - Sync 1 DAGs
[2024-01-06T21:30:40.691+0000] {logging_mixin.py:120} INFO - [2024-01-06T21:30:40.691+0000] {dag.py:3340} INFO - Setting next_dagrun for parallel_dag to 2024-01-05T00:00:00+00:00, run_after=2024-01-06T00:00:00+00:00
[2024-01-06T21:30:40.703+0000] {processor.py:176} INFO - Processing /opt/airflow/dags/parallel_dag.py took 0.147 seconds
[2024-01-06T21:31:11.130+0000] {processor.py:154} INFO - Started process (PID=275) to work on /opt/airflow/dags/parallel_dag.py
[2024-01-06T21:31:11.131+0000] {processor.py:756} INFO - Processing file /opt/airflow/dags/parallel_dag.py for tasks to queue
[2024-01-06T21:31:11.132+0000] {logging_mixin.py:120} INFO - [2024-01-06T21:31:11.132+0000] {dagbag.py:537} INFO - Filling up the DagBag from /opt/airflow/dags/parallel_dag.py
[2024-01-06T21:31:11.144+0000] {processor.py:766} INFO - DAG(s) dict_keys(['parallel_dag']) retrieved from /opt/airflow/dags/parallel_dag.py
[2024-01-06T21:31:11.170+0000] {logging_mixin.py:120} INFO - [2024-01-06T21:31:11.170+0000] {dag.py:2585} INFO - Sync 1 DAGs
[2024-01-06T21:31:11.186+0000] {logging_mixin.py:120} INFO - [2024-01-06T21:31:11.186+0000] {dag.py:3340} INFO - Setting next_dagrun for parallel_dag to 2024-01-05T00:00:00+00:00, run_after=2024-01-06T00:00:00+00:00
[2024-01-06T21:31:11.205+0000] {processor.py:176} INFO - Processing /opt/airflow/dags/parallel_dag.py took 0.078 seconds
