[2024-01-06T19:29:30.488+0000] {processor.py:154} INFO - Started process (PID=71) to work on /opt/airflow/dags/producer.py
[2024-01-06T19:29:30.490+0000] {processor.py:756} INFO - Processing file /opt/airflow/dags/producer.py for tasks to queue
[2024-01-06T19:29:30.492+0000] {logging_mixin.py:120} INFO - [2024-01-06T19:29:30.492+0000] {dagbag.py:537} INFO - Filling up the DagBag from /opt/airflow/dags/producer.py
[2024-01-06T19:29:30.584+0000] {processor.py:766} INFO - DAG(s) dict_keys(['producer']) retrieved from /opt/airflow/dags/producer.py
[2024-01-06T19:29:30.949+0000] {logging_mixin.py:120} INFO - [2024-01-06T19:29:30.947+0000] {manager.py:507} INFO - Created Permission View: can edit on DAG:producer
[2024-01-06T19:29:30.965+0000] {logging_mixin.py:120} INFO - [2024-01-06T19:29:30.965+0000] {manager.py:507} INFO - Created Permission View: can read on DAG:producer
[2024-01-06T19:29:30.973+0000] {logging_mixin.py:120} INFO - [2024-01-06T19:29:30.973+0000] {manager.py:507} INFO - Created Permission View: can delete on DAG:producer
[2024-01-06T19:29:30.974+0000] {logging_mixin.py:120} INFO - [2024-01-06T19:29:30.974+0000] {dag.py:2585} INFO - Sync 1 DAGs
[2024-01-06T19:29:31.007+0000] {logging_mixin.py:120} INFO - [2024-01-06T19:29:31.006+0000] {dag.py:2606} INFO - Creating ORM DAG for producer
[2024-01-06T19:29:31.068+0000] {logging_mixin.py:120} INFO - [2024-01-06T19:29:31.066+0000] {dag.py:3340} INFO - Setting next_dagrun for producer to 2024-01-05T00:00:00+00:00, run_after=2024-01-06T00:00:00+00:00
[2024-01-06T19:29:31.147+0000] {processor.py:176} INFO - Processing /opt/airflow/dags/producer.py took 0.673 seconds
[2024-01-06T19:30:01.176+0000] {processor.py:154} INFO - Started process (PID=106) to work on /opt/airflow/dags/producer.py
[2024-01-06T19:30:01.177+0000] {processor.py:756} INFO - Processing file /opt/airflow/dags/producer.py for tasks to queue
[2024-01-06T19:30:01.178+0000] {logging_mixin.py:120} INFO - [2024-01-06T19:30:01.178+0000] {dagbag.py:537} INFO - Filling up the DagBag from /opt/airflow/dags/producer.py
[2024-01-06T19:30:01.206+0000] {processor.py:766} INFO - DAG(s) dict_keys(['producer']) retrieved from /opt/airflow/dags/producer.py
[2024-01-06T19:30:01.244+0000] {logging_mixin.py:120} INFO - [2024-01-06T19:30:01.244+0000] {dag.py:2585} INFO - Sync 1 DAGs
[2024-01-06T19:30:01.262+0000] {logging_mixin.py:120} INFO - [2024-01-06T19:30:01.262+0000] {dag.py:3340} INFO - Setting next_dagrun for producer to 2024-01-05T00:00:00+00:00, run_after=2024-01-06T00:00:00+00:00
[2024-01-06T19:30:01.280+0000] {processor.py:176} INFO - Processing /opt/airflow/dags/producer.py took 0.106 seconds
[2024-01-06T19:30:32.293+0000] {processor.py:154} INFO - Started process (PID=135) to work on /opt/airflow/dags/producer.py
[2024-01-06T19:30:32.296+0000] {processor.py:756} INFO - Processing file /opt/airflow/dags/producer.py for tasks to queue
[2024-01-06T19:30:32.297+0000] {logging_mixin.py:120} INFO - [2024-01-06T19:30:32.297+0000] {dagbag.py:537} INFO - Filling up the DagBag from /opt/airflow/dags/producer.py
[2024-01-06T19:30:32.330+0000] {processor.py:766} INFO - DAG(s) dict_keys(['producer']) retrieved from /opt/airflow/dags/producer.py
[2024-01-06T19:30:32.377+0000] {logging_mixin.py:120} INFO - [2024-01-06T19:30:32.377+0000] {dag.py:2585} INFO - Sync 1 DAGs
[2024-01-06T19:30:32.448+0000] {logging_mixin.py:120} INFO - [2024-01-06T19:30:32.448+0000] {dag.py:3340} INFO - Setting next_dagrun for producer to 2024-01-05T00:00:00+00:00, run_after=2024-01-06T00:00:00+00:00
[2024-01-06T19:30:32.575+0000] {processor.py:176} INFO - Processing /opt/airflow/dags/producer.py took 0.288 seconds
[2024-01-06T19:55:02.771+0000] {processor.py:154} INFO - Started process (PID=60) to work on /opt/airflow/dags/producer.py
[2024-01-06T19:55:02.773+0000] {processor.py:756} INFO - Processing file /opt/airflow/dags/producer.py for tasks to queue
[2024-01-06T19:55:02.774+0000] {logging_mixin.py:120} INFO - [2024-01-06T19:55:02.773+0000] {dagbag.py:537} INFO - Filling up the DagBag from /opt/airflow/dags/producer.py
[2024-01-06T19:55:02.807+0000] {processor.py:766} INFO - DAG(s) dict_keys(['producer']) retrieved from /opt/airflow/dags/producer.py
[2024-01-06T19:55:02.892+0000] {logging_mixin.py:120} INFO - [2024-01-06T19:55:02.892+0000] {dag.py:2585} INFO - Sync 1 DAGs
[2024-01-06T19:55:02.951+0000] {logging_mixin.py:120} INFO - [2024-01-06T19:55:02.951+0000] {dag.py:3340} INFO - Setting next_dagrun for producer to 2024-01-05T00:00:00+00:00, run_after=2024-01-06T00:00:00+00:00
[2024-01-06T19:55:02.988+0000] {processor.py:176} INFO - Processing /opt/airflow/dags/producer.py took 0.224 seconds
[2024-01-06T19:55:34.027+0000] {processor.py:154} INFO - Started process (PID=90) to work on /opt/airflow/dags/producer.py
[2024-01-06T19:55:34.028+0000] {processor.py:756} INFO - Processing file /opt/airflow/dags/producer.py for tasks to queue
[2024-01-06T19:55:34.028+0000] {logging_mixin.py:120} INFO - [2024-01-06T19:55:34.028+0000] {dagbag.py:537} INFO - Filling up the DagBag from /opt/airflow/dags/producer.py
[2024-01-06T19:55:34.045+0000] {processor.py:766} INFO - DAG(s) dict_keys(['producer']) retrieved from /opt/airflow/dags/producer.py
[2024-01-06T19:55:34.068+0000] {logging_mixin.py:120} INFO - [2024-01-06T19:55:34.068+0000] {dag.py:2585} INFO - Sync 1 DAGs
[2024-01-06T19:55:34.082+0000] {logging_mixin.py:120} INFO - [2024-01-06T19:55:34.082+0000] {dag.py:3340} INFO - Setting next_dagrun for producer to 2024-01-05T00:00:00+00:00, run_after=2024-01-06T00:00:00+00:00
[2024-01-06T19:55:34.093+0000] {processor.py:176} INFO - Processing /opt/airflow/dags/producer.py took 0.068 seconds
[2024-01-06T19:56:05.177+0000] {processor.py:154} INFO - Started process (PID=128) to work on /opt/airflow/dags/producer.py
[2024-01-06T19:56:05.178+0000] {processor.py:756} INFO - Processing file /opt/airflow/dags/producer.py for tasks to queue
[2024-01-06T19:56:05.179+0000] {logging_mixin.py:120} INFO - [2024-01-06T19:56:05.179+0000] {dagbag.py:537} INFO - Filling up the DagBag from /opt/airflow/dags/producer.py
[2024-01-06T19:56:05.192+0000] {processor.py:766} INFO - DAG(s) dict_keys(['producer']) retrieved from /opt/airflow/dags/producer.py
[2024-01-06T19:56:05.219+0000] {logging_mixin.py:120} INFO - [2024-01-06T19:56:05.218+0000] {dag.py:2585} INFO - Sync 1 DAGs
[2024-01-06T19:56:05.236+0000] {logging_mixin.py:120} INFO - [2024-01-06T19:56:05.236+0000] {dag.py:3340} INFO - Setting next_dagrun for producer to 2024-01-05T00:00:00+00:00, run_after=2024-01-06T00:00:00+00:00
[2024-01-06T19:56:05.252+0000] {processor.py:176} INFO - Processing /opt/airflow/dags/producer.py took 0.079 seconds
[2024-01-06T19:56:36.158+0000] {processor.py:154} INFO - Started process (PID=165) to work on /opt/airflow/dags/producer.py
[2024-01-06T19:56:36.159+0000] {processor.py:756} INFO - Processing file /opt/airflow/dags/producer.py for tasks to queue
[2024-01-06T19:56:36.159+0000] {logging_mixin.py:120} INFO - [2024-01-06T19:56:36.159+0000] {dagbag.py:537} INFO - Filling up the DagBag from /opt/airflow/dags/producer.py
[2024-01-06T19:56:36.173+0000] {processor.py:766} INFO - DAG(s) dict_keys(['producer']) retrieved from /opt/airflow/dags/producer.py
[2024-01-06T19:56:36.197+0000] {logging_mixin.py:120} INFO - [2024-01-06T19:56:36.197+0000] {dag.py:2585} INFO - Sync 1 DAGs
[2024-01-06T19:56:36.213+0000] {logging_mixin.py:120} INFO - [2024-01-06T19:56:36.213+0000] {dag.py:3340} INFO - Setting next_dagrun for producer to 2024-01-05T00:00:00+00:00, run_after=2024-01-06T00:00:00+00:00
[2024-01-06T19:56:36.225+0000] {processor.py:176} INFO - Processing /opt/airflow/dags/producer.py took 0.069 seconds
[2024-01-06T19:57:07.186+0000] {processor.py:154} INFO - Started process (PID=202) to work on /opt/airflow/dags/producer.py
[2024-01-06T19:57:07.186+0000] {processor.py:756} INFO - Processing file /opt/airflow/dags/producer.py for tasks to queue
[2024-01-06T19:57:07.187+0000] {logging_mixin.py:120} INFO - [2024-01-06T19:57:07.187+0000] {dagbag.py:537} INFO - Filling up the DagBag from /opt/airflow/dags/producer.py
[2024-01-06T19:57:07.204+0000] {processor.py:766} INFO - DAG(s) dict_keys(['producer']) retrieved from /opt/airflow/dags/producer.py
[2024-01-06T19:57:07.227+0000] {logging_mixin.py:120} INFO - [2024-01-06T19:57:07.227+0000] {dag.py:2585} INFO - Sync 1 DAGs
[2024-01-06T19:57:07.240+0000] {logging_mixin.py:120} INFO - [2024-01-06T19:57:07.240+0000] {dag.py:3340} INFO - Setting next_dagrun for producer to 2024-01-05T00:00:00+00:00, run_after=2024-01-06T00:00:00+00:00
[2024-01-06T19:57:07.251+0000] {processor.py:176} INFO - Processing /opt/airflow/dags/producer.py took 0.068 seconds
[2024-01-06T19:57:38.091+0000] {processor.py:154} INFO - Started process (PID=239) to work on /opt/airflow/dags/producer.py
[2024-01-06T19:57:38.092+0000] {processor.py:756} INFO - Processing file /opt/airflow/dags/producer.py for tasks to queue
[2024-01-06T19:57:38.093+0000] {logging_mixin.py:120} INFO - [2024-01-06T19:57:38.093+0000] {dagbag.py:537} INFO - Filling up the DagBag from /opt/airflow/dags/producer.py
[2024-01-06T19:57:38.108+0000] {processor.py:766} INFO - DAG(s) dict_keys(['producer']) retrieved from /opt/airflow/dags/producer.py
[2024-01-06T19:57:38.130+0000] {logging_mixin.py:120} INFO - [2024-01-06T19:57:38.130+0000] {dag.py:2585} INFO - Sync 1 DAGs
[2024-01-06T19:57:38.143+0000] {logging_mixin.py:120} INFO - [2024-01-06T19:57:38.143+0000] {dag.py:3340} INFO - Setting next_dagrun for producer to 2024-01-05T00:00:00+00:00, run_after=2024-01-06T00:00:00+00:00
[2024-01-06T19:57:38.154+0000] {processor.py:176} INFO - Processing /opt/airflow/dags/producer.py took 0.065 seconds
[2024-01-06T19:58:09.458+0000] {processor.py:154} INFO - Started process (PID=267) to work on /opt/airflow/dags/producer.py
[2024-01-06T19:58:09.459+0000] {processor.py:756} INFO - Processing file /opt/airflow/dags/producer.py for tasks to queue
[2024-01-06T19:58:09.460+0000] {logging_mixin.py:120} INFO - [2024-01-06T19:58:09.460+0000] {dagbag.py:537} INFO - Filling up the DagBag from /opt/airflow/dags/producer.py
[2024-01-06T19:58:09.475+0000] {processor.py:766} INFO - DAG(s) dict_keys(['producer']) retrieved from /opt/airflow/dags/producer.py
[2024-01-06T19:58:09.497+0000] {logging_mixin.py:120} INFO - [2024-01-06T19:58:09.497+0000] {dag.py:2585} INFO - Sync 1 DAGs
[2024-01-06T19:58:09.513+0000] {logging_mixin.py:120} INFO - [2024-01-06T19:58:09.513+0000] {dag.py:3340} INFO - Setting next_dagrun for producer to 2024-01-05T00:00:00+00:00, run_after=2024-01-06T00:00:00+00:00
[2024-01-06T19:58:09.526+0000] {processor.py:176} INFO - Processing /opt/airflow/dags/producer.py took 0.070 seconds
[2024-01-06T19:58:40.646+0000] {processor.py:154} INFO - Started process (PID=304) to work on /opt/airflow/dags/producer.py
[2024-01-06T19:58:40.646+0000] {processor.py:756} INFO - Processing file /opt/airflow/dags/producer.py for tasks to queue
[2024-01-06T19:58:40.647+0000] {logging_mixin.py:120} INFO - [2024-01-06T19:58:40.647+0000] {dagbag.py:537} INFO - Filling up the DagBag from /opt/airflow/dags/producer.py
[2024-01-06T19:58:40.661+0000] {processor.py:766} INFO - DAG(s) dict_keys(['producer']) retrieved from /opt/airflow/dags/producer.py
[2024-01-06T19:58:40.682+0000] {logging_mixin.py:120} INFO - [2024-01-06T19:58:40.682+0000] {dag.py:2585} INFO - Sync 1 DAGs
[2024-01-06T19:58:40.695+0000] {logging_mixin.py:120} INFO - [2024-01-06T19:58:40.695+0000] {dag.py:3340} INFO - Setting next_dagrun for producer to 2024-01-05T00:00:00+00:00, run_after=2024-01-06T00:00:00+00:00
[2024-01-06T19:58:40.704+0000] {processor.py:176} INFO - Processing /opt/airflow/dags/producer.py took 0.061 seconds
[2024-01-06T19:59:11.621+0000] {processor.py:154} INFO - Started process (PID=341) to work on /opt/airflow/dags/producer.py
[2024-01-06T19:59:11.622+0000] {processor.py:756} INFO - Processing file /opt/airflow/dags/producer.py for tasks to queue
[2024-01-06T19:59:11.623+0000] {logging_mixin.py:120} INFO - [2024-01-06T19:59:11.622+0000] {dagbag.py:537} INFO - Filling up the DagBag from /opt/airflow/dags/producer.py
[2024-01-06T19:59:11.636+0000] {processor.py:766} INFO - DAG(s) dict_keys(['producer']) retrieved from /opt/airflow/dags/producer.py
[2024-01-06T19:59:11.657+0000] {logging_mixin.py:120} INFO - [2024-01-06T19:59:11.657+0000] {dag.py:2585} INFO - Sync 1 DAGs
[2024-01-06T19:59:11.670+0000] {logging_mixin.py:120} INFO - [2024-01-06T19:59:11.669+0000] {dag.py:3340} INFO - Setting next_dagrun for producer to 2024-01-05T00:00:00+00:00, run_after=2024-01-06T00:00:00+00:00
[2024-01-06T19:59:11.679+0000] {processor.py:176} INFO - Processing /opt/airflow/dags/producer.py took 0.060 seconds
[2024-01-06T19:59:42.539+0000] {processor.py:154} INFO - Started process (PID=378) to work on /opt/airflow/dags/producer.py
[2024-01-06T19:59:42.540+0000] {processor.py:756} INFO - Processing file /opt/airflow/dags/producer.py for tasks to queue
[2024-01-06T19:59:42.540+0000] {logging_mixin.py:120} INFO - [2024-01-06T19:59:42.540+0000] {dagbag.py:537} INFO - Filling up the DagBag from /opt/airflow/dags/producer.py
[2024-01-06T19:59:42.553+0000] {processor.py:766} INFO - DAG(s) dict_keys(['producer']) retrieved from /opt/airflow/dags/producer.py
[2024-01-06T19:59:42.574+0000] {logging_mixin.py:120} INFO - [2024-01-06T19:59:42.574+0000] {dag.py:2585} INFO - Sync 1 DAGs
[2024-01-06T19:59:42.586+0000] {logging_mixin.py:120} INFO - [2024-01-06T19:59:42.586+0000] {dag.py:3340} INFO - Setting next_dagrun for producer to 2024-01-05T00:00:00+00:00, run_after=2024-01-06T00:00:00+00:00
[2024-01-06T19:59:42.597+0000] {processor.py:176} INFO - Processing /opt/airflow/dags/producer.py took 0.060 seconds
[2024-01-06T20:00:13.561+0000] {processor.py:154} INFO - Started process (PID=415) to work on /opt/airflow/dags/producer.py
[2024-01-06T20:00:13.562+0000] {processor.py:756} INFO - Processing file /opt/airflow/dags/producer.py for tasks to queue
[2024-01-06T20:00:13.562+0000] {logging_mixin.py:120} INFO - [2024-01-06T20:00:13.562+0000] {dagbag.py:537} INFO - Filling up the DagBag from /opt/airflow/dags/producer.py
[2024-01-06T20:00:13.576+0000] {processor.py:766} INFO - DAG(s) dict_keys(['producer']) retrieved from /opt/airflow/dags/producer.py
[2024-01-06T20:00:13.597+0000] {logging_mixin.py:120} INFO - [2024-01-06T20:00:13.597+0000] {dag.py:2585} INFO - Sync 1 DAGs
[2024-01-06T20:00:13.610+0000] {logging_mixin.py:120} INFO - [2024-01-06T20:00:13.610+0000] {dag.py:3340} INFO - Setting next_dagrun for producer to 2024-01-05T00:00:00+00:00, run_after=2024-01-06T00:00:00+00:00
[2024-01-06T20:00:13.621+0000] {processor.py:176} INFO - Processing /opt/airflow/dags/producer.py took 0.062 seconds
[2024-01-06T20:00:44.786+0000] {processor.py:154} INFO - Started process (PID=452) to work on /opt/airflow/dags/producer.py
[2024-01-06T20:00:44.787+0000] {processor.py:756} INFO - Processing file /opt/airflow/dags/producer.py for tasks to queue
[2024-01-06T20:00:44.788+0000] {logging_mixin.py:120} INFO - [2024-01-06T20:00:44.788+0000] {dagbag.py:537} INFO - Filling up the DagBag from /opt/airflow/dags/producer.py
[2024-01-06T20:00:44.802+0000] {processor.py:766} INFO - DAG(s) dict_keys(['producer']) retrieved from /opt/airflow/dags/producer.py
[2024-01-06T20:00:44.825+0000] {logging_mixin.py:120} INFO - [2024-01-06T20:00:44.825+0000] {dag.py:2585} INFO - Sync 1 DAGs
[2024-01-06T20:00:44.839+0000] {logging_mixin.py:120} INFO - [2024-01-06T20:00:44.839+0000] {dag.py:3340} INFO - Setting next_dagrun for producer to 2024-01-05T00:00:00+00:00, run_after=2024-01-06T00:00:00+00:00
[2024-01-06T20:00:44.852+0000] {processor.py:176} INFO - Processing /opt/airflow/dags/producer.py took 0.067 seconds
[2024-01-06T20:01:15.846+0000] {processor.py:154} INFO - Started process (PID=480) to work on /opt/airflow/dags/producer.py
[2024-01-06T20:01:15.847+0000] {processor.py:756} INFO - Processing file /opt/airflow/dags/producer.py for tasks to queue
[2024-01-06T20:01:15.847+0000] {logging_mixin.py:120} INFO - [2024-01-06T20:01:15.847+0000] {dagbag.py:537} INFO - Filling up the DagBag from /opt/airflow/dags/producer.py
[2024-01-06T20:01:15.862+0000] {processor.py:766} INFO - DAG(s) dict_keys(['producer']) retrieved from /opt/airflow/dags/producer.py
[2024-01-06T20:01:15.882+0000] {logging_mixin.py:120} INFO - [2024-01-06T20:01:15.882+0000] {dag.py:2585} INFO - Sync 1 DAGs
[2024-01-06T20:01:15.895+0000] {logging_mixin.py:120} INFO - [2024-01-06T20:01:15.895+0000] {dag.py:3340} INFO - Setting next_dagrun for producer to 2024-01-05T00:00:00+00:00, run_after=2024-01-06T00:00:00+00:00
[2024-01-06T20:01:15.905+0000] {processor.py:176} INFO - Processing /opt/airflow/dags/producer.py took 0.061 seconds
[2024-01-06T20:01:47.068+0000] {processor.py:154} INFO - Started process (PID=517) to work on /opt/airflow/dags/producer.py
[2024-01-06T20:01:47.069+0000] {processor.py:756} INFO - Processing file /opt/airflow/dags/producer.py for tasks to queue
[2024-01-06T20:01:47.070+0000] {logging_mixin.py:120} INFO - [2024-01-06T20:01:47.070+0000] {dagbag.py:537} INFO - Filling up the DagBag from /opt/airflow/dags/producer.py
[2024-01-06T20:01:47.095+0000] {processor.py:766} INFO - DAG(s) dict_keys(['producer']) retrieved from /opt/airflow/dags/producer.py
[2024-01-06T20:01:47.117+0000] {logging_mixin.py:120} INFO - [2024-01-06T20:01:47.117+0000] {dag.py:2585} INFO - Sync 1 DAGs
[2024-01-06T20:01:47.130+0000] {logging_mixin.py:120} INFO - [2024-01-06T20:01:47.130+0000] {dag.py:3340} INFO - Setting next_dagrun for producer to 2024-01-05T00:00:00+00:00, run_after=2024-01-06T00:00:00+00:00
[2024-01-06T20:01:47.139+0000] {processor.py:176} INFO - Processing /opt/airflow/dags/producer.py took 0.075 seconds
[2024-01-06T20:02:18.044+0000] {processor.py:154} INFO - Started process (PID=554) to work on /opt/airflow/dags/producer.py
[2024-01-06T20:02:18.045+0000] {processor.py:756} INFO - Processing file /opt/airflow/dags/producer.py for tasks to queue
[2024-01-06T20:02:18.045+0000] {logging_mixin.py:120} INFO - [2024-01-06T20:02:18.045+0000] {dagbag.py:537} INFO - Filling up the DagBag from /opt/airflow/dags/producer.py
[2024-01-06T20:02:18.059+0000] {processor.py:766} INFO - DAG(s) dict_keys(['producer']) retrieved from /opt/airflow/dags/producer.py
[2024-01-06T20:02:18.080+0000] {logging_mixin.py:120} INFO - [2024-01-06T20:02:18.080+0000] {dag.py:2585} INFO - Sync 1 DAGs
[2024-01-06T20:02:18.093+0000] {logging_mixin.py:120} INFO - [2024-01-06T20:02:18.093+0000] {dag.py:3340} INFO - Setting next_dagrun for producer to 2024-01-05T00:00:00+00:00, run_after=2024-01-06T00:00:00+00:00
[2024-01-06T20:02:18.103+0000] {processor.py:176} INFO - Processing /opt/airflow/dags/producer.py took 0.060 seconds
[2024-01-06T20:02:48.956+0000] {processor.py:154} INFO - Started process (PID=591) to work on /opt/airflow/dags/producer.py
[2024-01-06T20:02:48.957+0000] {processor.py:756} INFO - Processing file /opt/airflow/dags/producer.py for tasks to queue
[2024-01-06T20:02:48.957+0000] {logging_mixin.py:120} INFO - [2024-01-06T20:02:48.957+0000] {dagbag.py:537} INFO - Filling up the DagBag from /opt/airflow/dags/producer.py
[2024-01-06T20:02:48.971+0000] {processor.py:766} INFO - DAG(s) dict_keys(['producer']) retrieved from /opt/airflow/dags/producer.py
[2024-01-06T20:02:48.993+0000] {logging_mixin.py:120} INFO - [2024-01-06T20:02:48.993+0000] {dag.py:2585} INFO - Sync 1 DAGs
[2024-01-06T20:02:49.005+0000] {logging_mixin.py:120} INFO - [2024-01-06T20:02:49.005+0000] {dag.py:3340} INFO - Setting next_dagrun for producer to 2024-01-05T00:00:00+00:00, run_after=2024-01-06T00:00:00+00:00
[2024-01-06T20:02:49.015+0000] {processor.py:176} INFO - Processing /opt/airflow/dags/producer.py took 0.062 seconds
[2024-01-06T20:03:19.867+0000] {processor.py:154} INFO - Started process (PID=628) to work on /opt/airflow/dags/producer.py
[2024-01-06T20:03:19.867+0000] {processor.py:756} INFO - Processing file /opt/airflow/dags/producer.py for tasks to queue
[2024-01-06T20:03:19.868+0000] {logging_mixin.py:120} INFO - [2024-01-06T20:03:19.868+0000] {dagbag.py:537} INFO - Filling up the DagBag from /opt/airflow/dags/producer.py
[2024-01-06T20:03:19.881+0000] {processor.py:766} INFO - DAG(s) dict_keys(['producer']) retrieved from /opt/airflow/dags/producer.py
[2024-01-06T20:03:19.902+0000] {logging_mixin.py:120} INFO - [2024-01-06T20:03:19.902+0000] {dag.py:2585} INFO - Sync 1 DAGs
[2024-01-06T20:03:19.914+0000] {logging_mixin.py:120} INFO - [2024-01-06T20:03:19.914+0000] {dag.py:3340} INFO - Setting next_dagrun for producer to 2024-01-05T00:00:00+00:00, run_after=2024-01-06T00:00:00+00:00
[2024-01-06T20:03:19.925+0000] {processor.py:176} INFO - Processing /opt/airflow/dags/producer.py took 0.060 seconds
[2024-01-06T20:03:50.807+0000] {processor.py:154} INFO - Started process (PID=665) to work on /opt/airflow/dags/producer.py
[2024-01-06T20:03:50.808+0000] {processor.py:756} INFO - Processing file /opt/airflow/dags/producer.py for tasks to queue
[2024-01-06T20:03:50.809+0000] {logging_mixin.py:120} INFO - [2024-01-06T20:03:50.809+0000] {dagbag.py:537} INFO - Filling up the DagBag from /opt/airflow/dags/producer.py
[2024-01-06T20:03:50.822+0000] {processor.py:766} INFO - DAG(s) dict_keys(['producer']) retrieved from /opt/airflow/dags/producer.py
[2024-01-06T20:03:50.843+0000] {logging_mixin.py:120} INFO - [2024-01-06T20:03:50.843+0000] {dag.py:2585} INFO - Sync 1 DAGs
[2024-01-06T20:03:50.856+0000] {logging_mixin.py:120} INFO - [2024-01-06T20:03:50.856+0000] {dag.py:3340} INFO - Setting next_dagrun for producer to 2024-01-05T00:00:00+00:00, run_after=2024-01-06T00:00:00+00:00
[2024-01-06T20:03:50.866+0000] {processor.py:176} INFO - Processing /opt/airflow/dags/producer.py took 0.061 seconds
[2024-01-06T20:04:22.184+0000] {processor.py:154} INFO - Started process (PID=702) to work on /opt/airflow/dags/producer.py
[2024-01-06T20:04:22.185+0000] {processor.py:756} INFO - Processing file /opt/airflow/dags/producer.py for tasks to queue
[2024-01-06T20:04:22.186+0000] {logging_mixin.py:120} INFO - [2024-01-06T20:04:22.185+0000] {dagbag.py:537} INFO - Filling up the DagBag from /opt/airflow/dags/producer.py
[2024-01-06T20:04:22.204+0000] {processor.py:766} INFO - DAG(s) dict_keys(['producer']) retrieved from /opt/airflow/dags/producer.py
[2024-01-06T20:04:22.235+0000] {logging_mixin.py:120} INFO - [2024-01-06T20:04:22.235+0000] {dag.py:2585} INFO - Sync 1 DAGs
[2024-01-06T20:04:22.254+0000] {logging_mixin.py:120} INFO - [2024-01-06T20:04:22.254+0000] {dag.py:3340} INFO - Setting next_dagrun for producer to 2024-01-05T00:00:00+00:00, run_after=2024-01-06T00:00:00+00:00
[2024-01-06T20:04:22.271+0000] {processor.py:176} INFO - Processing /opt/airflow/dags/producer.py took 0.089 seconds
[2024-01-06T20:04:53.195+0000] {processor.py:154} INFO - Started process (PID=730) to work on /opt/airflow/dags/producer.py
[2024-01-06T20:04:53.196+0000] {processor.py:756} INFO - Processing file /opt/airflow/dags/producer.py for tasks to queue
[2024-01-06T20:04:53.196+0000] {logging_mixin.py:120} INFO - [2024-01-06T20:04:53.196+0000] {dagbag.py:537} INFO - Filling up the DagBag from /opt/airflow/dags/producer.py
[2024-01-06T20:04:53.210+0000] {processor.py:766} INFO - DAG(s) dict_keys(['producer']) retrieved from /opt/airflow/dags/producer.py
[2024-01-06T20:04:53.230+0000] {logging_mixin.py:120} INFO - [2024-01-06T20:04:53.229+0000] {dag.py:2585} INFO - Sync 1 DAGs
[2024-01-06T20:04:53.242+0000] {logging_mixin.py:120} INFO - [2024-01-06T20:04:53.242+0000] {dag.py:3340} INFO - Setting next_dagrun for producer to 2024-01-05T00:00:00+00:00, run_after=2024-01-06T00:00:00+00:00
[2024-01-06T20:04:53.252+0000] {processor.py:176} INFO - Processing /opt/airflow/dags/producer.py took 0.059 seconds
[2024-01-06T20:05:24.142+0000] {processor.py:154} INFO - Started process (PID=767) to work on /opt/airflow/dags/producer.py
[2024-01-06T20:05:24.143+0000] {processor.py:756} INFO - Processing file /opt/airflow/dags/producer.py for tasks to queue
[2024-01-06T20:05:24.143+0000] {logging_mixin.py:120} INFO - [2024-01-06T20:05:24.143+0000] {dagbag.py:537} INFO - Filling up the DagBag from /opt/airflow/dags/producer.py
[2024-01-06T20:05:24.156+0000] {processor.py:766} INFO - DAG(s) dict_keys(['producer']) retrieved from /opt/airflow/dags/producer.py
[2024-01-06T20:05:24.178+0000] {logging_mixin.py:120} INFO - [2024-01-06T20:05:24.178+0000] {dag.py:2585} INFO - Sync 1 DAGs
[2024-01-06T20:05:24.191+0000] {logging_mixin.py:120} INFO - [2024-01-06T20:05:24.191+0000] {dag.py:3340} INFO - Setting next_dagrun for producer to 2024-01-05T00:00:00+00:00, run_after=2024-01-06T00:00:00+00:00
[2024-01-06T20:05:24.201+0000] {processor.py:176} INFO - Processing /opt/airflow/dags/producer.py took 0.061 seconds
[2024-01-06T20:05:55.033+0000] {processor.py:154} INFO - Started process (PID=804) to work on /opt/airflow/dags/producer.py
[2024-01-06T20:05:55.034+0000] {processor.py:756} INFO - Processing file /opt/airflow/dags/producer.py for tasks to queue
[2024-01-06T20:05:55.034+0000] {logging_mixin.py:120} INFO - [2024-01-06T20:05:55.034+0000] {dagbag.py:537} INFO - Filling up the DagBag from /opt/airflow/dags/producer.py
[2024-01-06T20:05:55.047+0000] {processor.py:766} INFO - DAG(s) dict_keys(['producer']) retrieved from /opt/airflow/dags/producer.py
[2024-01-06T20:05:55.068+0000] {logging_mixin.py:120} INFO - [2024-01-06T20:05:55.068+0000] {dag.py:2585} INFO - Sync 1 DAGs
[2024-01-06T20:05:55.080+0000] {logging_mixin.py:120} INFO - [2024-01-06T20:05:55.080+0000] {dag.py:3340} INFO - Setting next_dagrun for producer to 2024-01-05T00:00:00+00:00, run_after=2024-01-06T00:00:00+00:00
[2024-01-06T20:05:55.090+0000] {processor.py:176} INFO - Processing /opt/airflow/dags/producer.py took 0.059 seconds
[2024-01-06T20:06:25.935+0000] {processor.py:154} INFO - Started process (PID=841) to work on /opt/airflow/dags/producer.py
[2024-01-06T20:06:25.936+0000] {processor.py:756} INFO - Processing file /opt/airflow/dags/producer.py for tasks to queue
[2024-01-06T20:06:25.936+0000] {logging_mixin.py:120} INFO - [2024-01-06T20:06:25.936+0000] {dagbag.py:537} INFO - Filling up the DagBag from /opt/airflow/dags/producer.py
[2024-01-06T20:06:25.951+0000] {processor.py:766} INFO - DAG(s) dict_keys(['producer']) retrieved from /opt/airflow/dags/producer.py
[2024-01-06T20:06:25.972+0000] {logging_mixin.py:120} INFO - [2024-01-06T20:06:25.972+0000] {dag.py:2585} INFO - Sync 1 DAGs
[2024-01-06T20:06:25.985+0000] {logging_mixin.py:120} INFO - [2024-01-06T20:06:25.985+0000] {dag.py:3340} INFO - Setting next_dagrun for producer to 2024-01-05T00:00:00+00:00, run_after=2024-01-06T00:00:00+00:00
[2024-01-06T20:06:25.996+0000] {processor.py:176} INFO - Processing /opt/airflow/dags/producer.py took 0.064 seconds
[2024-01-06T20:06:56.870+0000] {processor.py:154} INFO - Started process (PID=878) to work on /opt/airflow/dags/producer.py
[2024-01-06T20:06:56.871+0000] {processor.py:756} INFO - Processing file /opt/airflow/dags/producer.py for tasks to queue
[2024-01-06T20:06:56.871+0000] {logging_mixin.py:120} INFO - [2024-01-06T20:06:56.871+0000] {dagbag.py:537} INFO - Filling up the DagBag from /opt/airflow/dags/producer.py
[2024-01-06T20:06:56.885+0000] {processor.py:766} INFO - DAG(s) dict_keys(['producer']) retrieved from /opt/airflow/dags/producer.py
[2024-01-06T20:06:56.905+0000] {logging_mixin.py:120} INFO - [2024-01-06T20:06:56.905+0000] {dag.py:2585} INFO - Sync 1 DAGs
[2024-01-06T20:06:56.918+0000] {logging_mixin.py:120} INFO - [2024-01-06T20:06:56.918+0000] {dag.py:3340} INFO - Setting next_dagrun for producer to 2024-01-05T00:00:00+00:00, run_after=2024-01-06T00:00:00+00:00
[2024-01-06T20:06:56.928+0000] {processor.py:176} INFO - Processing /opt/airflow/dags/producer.py took 0.061 seconds
[2024-01-06T20:07:29.956+0000] {processor.py:154} INFO - Started process (PID=914) to work on /opt/airflow/dags/producer.py
[2024-01-06T20:07:29.970+0000] {processor.py:756} INFO - Processing file /opt/airflow/dags/producer.py for tasks to queue
[2024-01-06T20:07:29.972+0000] {logging_mixin.py:120} INFO - [2024-01-06T20:07:29.972+0000] {dagbag.py:537} INFO - Filling up the DagBag from /opt/airflow/dags/producer.py
[2024-01-06T20:07:30.028+0000] {processor.py:766} INFO - DAG(s) dict_keys(['producer']) retrieved from /opt/airflow/dags/producer.py
[2024-01-06T20:07:30.125+0000] {logging_mixin.py:120} INFO - [2024-01-06T20:07:30.125+0000] {dag.py:2585} INFO - Sync 1 DAGs
[2024-01-06T20:07:30.152+0000] {logging_mixin.py:120} INFO - [2024-01-06T20:07:30.152+0000] {dag.py:3340} INFO - Setting next_dagrun for producer to 2024-01-05T00:00:00+00:00, run_after=2024-01-06T00:00:00+00:00
[2024-01-06T20:07:30.184+0000] {processor.py:176} INFO - Processing /opt/airflow/dags/producer.py took 0.260 seconds
[2024-01-06T20:08:00.239+0000] {processor.py:154} INFO - Started process (PID=942) to work on /opt/airflow/dags/producer.py
[2024-01-06T20:08:00.241+0000] {processor.py:756} INFO - Processing file /opt/airflow/dags/producer.py for tasks to queue
[2024-01-06T20:08:00.242+0000] {logging_mixin.py:120} INFO - [2024-01-06T20:08:00.242+0000] {dagbag.py:537} INFO - Filling up the DagBag from /opt/airflow/dags/producer.py
[2024-01-06T20:08:00.257+0000] {processor.py:766} INFO - DAG(s) dict_keys(['producer']) retrieved from /opt/airflow/dags/producer.py
[2024-01-06T20:08:00.283+0000] {logging_mixin.py:120} INFO - [2024-01-06T20:08:00.283+0000] {dag.py:2585} INFO - Sync 1 DAGs
[2024-01-06T20:08:00.297+0000] {logging_mixin.py:120} INFO - [2024-01-06T20:08:00.297+0000] {dag.py:3340} INFO - Setting next_dagrun for producer to 2024-01-05T00:00:00+00:00, run_after=2024-01-06T00:00:00+00:00
[2024-01-06T20:08:00.310+0000] {processor.py:176} INFO - Processing /opt/airflow/dags/producer.py took 0.073 seconds
[2024-01-06T20:08:30.515+0000] {processor.py:154} INFO - Started process (PID=977) to work on /opt/airflow/dags/producer.py
[2024-01-06T20:08:30.515+0000] {processor.py:756} INFO - Processing file /opt/airflow/dags/producer.py for tasks to queue
[2024-01-06T20:08:30.516+0000] {logging_mixin.py:120} INFO - [2024-01-06T20:08:30.516+0000] {dagbag.py:537} INFO - Filling up the DagBag from /opt/airflow/dags/producer.py
[2024-01-06T20:08:30.531+0000] {processor.py:766} INFO - DAG(s) dict_keys(['producer']) retrieved from /opt/airflow/dags/producer.py
[2024-01-06T20:08:30.552+0000] {logging_mixin.py:120} INFO - [2024-01-06T20:08:30.552+0000] {dag.py:2585} INFO - Sync 1 DAGs
[2024-01-06T20:08:30.567+0000] {logging_mixin.py:120} INFO - [2024-01-06T20:08:30.567+0000] {dag.py:3340} INFO - Setting next_dagrun for producer to 2024-01-05T00:00:00+00:00, run_after=2024-01-06T00:00:00+00:00
[2024-01-06T20:08:30.581+0000] {processor.py:176} INFO - Processing /opt/airflow/dags/producer.py took 0.068 seconds
[2024-01-06T20:09:01.239+0000] {processor.py:154} INFO - Started process (PID=1014) to work on /opt/airflow/dags/producer.py
[2024-01-06T20:09:01.241+0000] {processor.py:756} INFO - Processing file /opt/airflow/dags/producer.py for tasks to queue
[2024-01-06T20:09:01.241+0000] {logging_mixin.py:120} INFO - [2024-01-06T20:09:01.241+0000] {dagbag.py:537} INFO - Filling up the DagBag from /opt/airflow/dags/producer.py
[2024-01-06T20:09:01.255+0000] {processor.py:766} INFO - DAG(s) dict_keys(['producer']) retrieved from /opt/airflow/dags/producer.py
[2024-01-06T20:09:01.286+0000] {logging_mixin.py:120} INFO - [2024-01-06T20:09:01.286+0000] {dag.py:2585} INFO - Sync 1 DAGs
[2024-01-06T20:09:01.303+0000] {logging_mixin.py:120} INFO - [2024-01-06T20:09:01.302+0000] {dag.py:3340} INFO - Setting next_dagrun for producer to 2024-01-05T00:00:00+00:00, run_after=2024-01-06T00:00:00+00:00
[2024-01-06T20:09:01.314+0000] {processor.py:176} INFO - Processing /opt/airflow/dags/producer.py took 0.077 seconds
[2024-01-06T20:09:31.988+0000] {processor.py:154} INFO - Started process (PID=1051) to work on /opt/airflow/dags/producer.py
[2024-01-06T20:09:31.989+0000] {processor.py:756} INFO - Processing file /opt/airflow/dags/producer.py for tasks to queue
[2024-01-06T20:09:31.989+0000] {logging_mixin.py:120} INFO - [2024-01-06T20:09:31.989+0000] {dagbag.py:537} INFO - Filling up the DagBag from /opt/airflow/dags/producer.py
[2024-01-06T20:09:32.003+0000] {processor.py:766} INFO - DAG(s) dict_keys(['producer']) retrieved from /opt/airflow/dags/producer.py
[2024-01-06T20:09:32.025+0000] {logging_mixin.py:120} INFO - [2024-01-06T20:09:32.025+0000] {dag.py:2585} INFO - Sync 1 DAGs
[2024-01-06T20:09:32.038+0000] {logging_mixin.py:120} INFO - [2024-01-06T20:09:32.038+0000] {dag.py:3340} INFO - Setting next_dagrun for producer to 2024-01-05T00:00:00+00:00, run_after=2024-01-06T00:00:00+00:00
[2024-01-06T20:09:32.048+0000] {processor.py:176} INFO - Processing /opt/airflow/dags/producer.py took 0.063 seconds
[2024-01-06T20:10:02.249+0000] {processor.py:154} INFO - Started process (PID=1079) to work on /opt/airflow/dags/producer.py
[2024-01-06T20:10:02.250+0000] {processor.py:756} INFO - Processing file /opt/airflow/dags/producer.py for tasks to queue
[2024-01-06T20:10:02.250+0000] {logging_mixin.py:120} INFO - [2024-01-06T20:10:02.250+0000] {dagbag.py:537} INFO - Filling up the DagBag from /opt/airflow/dags/producer.py
[2024-01-06T20:10:02.263+0000] {processor.py:766} INFO - DAG(s) dict_keys(['producer']) retrieved from /opt/airflow/dags/producer.py
[2024-01-06T20:10:02.287+0000] {logging_mixin.py:120} INFO - [2024-01-06T20:10:02.287+0000] {dag.py:2585} INFO - Sync 1 DAGs
[2024-01-06T20:10:02.301+0000] {logging_mixin.py:120} INFO - [2024-01-06T20:10:02.301+0000] {dag.py:3340} INFO - Setting next_dagrun for producer to 2024-01-05T00:00:00+00:00, run_after=2024-01-06T00:00:00+00:00
[2024-01-06T20:10:02.313+0000] {processor.py:176} INFO - Processing /opt/airflow/dags/producer.py took 0.066 seconds
[2024-01-06T20:10:32.561+0000] {processor.py:154} INFO - Started process (PID=1116) to work on /opt/airflow/dags/producer.py
[2024-01-06T20:10:32.562+0000] {processor.py:756} INFO - Processing file /opt/airflow/dags/producer.py for tasks to queue
[2024-01-06T20:10:32.562+0000] {logging_mixin.py:120} INFO - [2024-01-06T20:10:32.562+0000] {dagbag.py:537} INFO - Filling up the DagBag from /opt/airflow/dags/producer.py
[2024-01-06T20:10:32.575+0000] {processor.py:766} INFO - DAG(s) dict_keys(['producer']) retrieved from /opt/airflow/dags/producer.py
[2024-01-06T20:10:32.596+0000] {logging_mixin.py:120} INFO - [2024-01-06T20:10:32.596+0000] {dag.py:2585} INFO - Sync 1 DAGs
[2024-01-06T20:10:32.609+0000] {logging_mixin.py:120} INFO - [2024-01-06T20:10:32.609+0000] {dag.py:3340} INFO - Setting next_dagrun for producer to 2024-01-05T00:00:00+00:00, run_after=2024-01-06T00:00:00+00:00
[2024-01-06T20:10:32.620+0000] {processor.py:176} INFO - Processing /opt/airflow/dags/producer.py took 0.061 seconds
[2024-01-06T20:11:03.555+0000] {processor.py:154} INFO - Started process (PID=1153) to work on /opt/airflow/dags/producer.py
[2024-01-06T20:11:03.556+0000] {processor.py:756} INFO - Processing file /opt/airflow/dags/producer.py for tasks to queue
[2024-01-06T20:11:03.556+0000] {logging_mixin.py:120} INFO - [2024-01-06T20:11:03.556+0000] {dagbag.py:537} INFO - Filling up the DagBag from /opt/airflow/dags/producer.py
[2024-01-06T20:11:03.570+0000] {processor.py:766} INFO - DAG(s) dict_keys(['producer']) retrieved from /opt/airflow/dags/producer.py
[2024-01-06T20:11:03.608+0000] {logging_mixin.py:120} INFO - [2024-01-06T20:11:03.608+0000] {dag.py:2585} INFO - Sync 1 DAGs
[2024-01-06T20:11:03.624+0000] {logging_mixin.py:120} INFO - [2024-01-06T20:11:03.624+0000] {dag.py:3340} INFO - Setting next_dagrun for producer to 2024-01-05T00:00:00+00:00, run_after=2024-01-06T00:00:00+00:00
[2024-01-06T20:11:03.637+0000] {processor.py:176} INFO - Processing /opt/airflow/dags/producer.py took 0.084 seconds
[2024-01-06T20:11:34.290+0000] {processor.py:154} INFO - Started process (PID=1190) to work on /opt/airflow/dags/producer.py
[2024-01-06T20:11:34.291+0000] {processor.py:756} INFO - Processing file /opt/airflow/dags/producer.py for tasks to queue
[2024-01-06T20:11:34.292+0000] {logging_mixin.py:120} INFO - [2024-01-06T20:11:34.292+0000] {dagbag.py:537} INFO - Filling up the DagBag from /opt/airflow/dags/producer.py
[2024-01-06T20:11:34.316+0000] {processor.py:766} INFO - DAG(s) dict_keys(['producer']) retrieved from /opt/airflow/dags/producer.py
[2024-01-06T20:11:34.348+0000] {logging_mixin.py:120} INFO - [2024-01-06T20:11:34.348+0000] {dag.py:2585} INFO - Sync 1 DAGs
[2024-01-06T20:11:34.517+0000] {logging_mixin.py:120} INFO - [2024-01-06T20:11:34.517+0000] {dag.py:3340} INFO - Setting next_dagrun for producer to 2024-01-05T00:00:00+00:00, run_after=2024-01-06T00:00:00+00:00
[2024-01-06T20:11:34.593+0000] {processor.py:176} INFO - Processing /opt/airflow/dags/producer.py took 0.306 seconds
[2024-01-06T20:12:05.398+0000] {processor.py:154} INFO - Started process (PID=1226) to work on /opt/airflow/dags/producer.py
[2024-01-06T20:12:05.401+0000] {processor.py:756} INFO - Processing file /opt/airflow/dags/producer.py for tasks to queue
[2024-01-06T20:12:05.403+0000] {logging_mixin.py:120} INFO - [2024-01-06T20:12:05.402+0000] {dagbag.py:537} INFO - Filling up the DagBag from /opt/airflow/dags/producer.py
[2024-01-06T20:12:05.427+0000] {processor.py:766} INFO - DAG(s) dict_keys(['producer']) retrieved from /opt/airflow/dags/producer.py
[2024-01-06T20:12:05.463+0000] {logging_mixin.py:120} INFO - [2024-01-06T20:12:05.463+0000] {dag.py:2585} INFO - Sync 1 DAGs
[2024-01-06T20:12:05.481+0000] {logging_mixin.py:120} INFO - [2024-01-06T20:12:05.481+0000] {dag.py:3340} INFO - Setting next_dagrun for producer to 2024-01-05T00:00:00+00:00, run_after=2024-01-06T00:00:00+00:00
[2024-01-06T20:12:05.495+0000] {processor.py:176} INFO - Processing /opt/airflow/dags/producer.py took 0.103 seconds
[2024-01-06T20:12:35.699+0000] {processor.py:154} INFO - Started process (PID=1263) to work on /opt/airflow/dags/producer.py
[2024-01-06T20:12:35.702+0000] {processor.py:756} INFO - Processing file /opt/airflow/dags/producer.py for tasks to queue
[2024-01-06T20:12:35.704+0000] {logging_mixin.py:120} INFO - [2024-01-06T20:12:35.704+0000] {dagbag.py:537} INFO - Filling up the DagBag from /opt/airflow/dags/producer.py
[2024-01-06T20:12:35.766+0000] {processor.py:766} INFO - DAG(s) dict_keys(['producer']) retrieved from /opt/airflow/dags/producer.py
[2024-01-06T20:12:35.865+0000] {logging_mixin.py:120} INFO - [2024-01-06T20:12:35.864+0000] {dag.py:2585} INFO - Sync 1 DAGs
[2024-01-06T20:12:35.902+0000] {logging_mixin.py:120} INFO - [2024-01-06T20:12:35.901+0000] {dag.py:3340} INFO - Setting next_dagrun for producer to 2024-01-05T00:00:00+00:00, run_after=2024-01-06T00:00:00+00:00
[2024-01-06T20:12:35.937+0000] {processor.py:176} INFO - Processing /opt/airflow/dags/producer.py took 0.264 seconds
[2024-01-06T20:13:06.014+0000] {processor.py:154} INFO - Started process (PID=1290) to work on /opt/airflow/dags/producer.py
[2024-01-06T20:13:06.017+0000] {processor.py:756} INFO - Processing file /opt/airflow/dags/producer.py for tasks to queue
[2024-01-06T20:13:06.018+0000] {logging_mixin.py:120} INFO - [2024-01-06T20:13:06.018+0000] {dagbag.py:537} INFO - Filling up the DagBag from /opt/airflow/dags/producer.py
[2024-01-06T20:13:06.043+0000] {processor.py:766} INFO - DAG(s) dict_keys(['producer']) retrieved from /opt/airflow/dags/producer.py
[2024-01-06T20:13:06.069+0000] {logging_mixin.py:120} INFO - [2024-01-06T20:13:06.069+0000] {dag.py:2585} INFO - Sync 1 DAGs
[2024-01-06T20:13:06.085+0000] {logging_mixin.py:120} INFO - [2024-01-06T20:13:06.085+0000] {dag.py:3340} INFO - Setting next_dagrun for producer to 2024-01-05T00:00:00+00:00, run_after=2024-01-06T00:00:00+00:00
[2024-01-06T20:13:06.095+0000] {processor.py:176} INFO - Processing /opt/airflow/dags/producer.py took 0.086 seconds
[2024-01-06T20:13:36.927+0000] {processor.py:154} INFO - Started process (PID=1328) to work on /opt/airflow/dags/producer.py
[2024-01-06T20:13:36.929+0000] {processor.py:756} INFO - Processing file /opt/airflow/dags/producer.py for tasks to queue
[2024-01-06T20:13:36.930+0000] {logging_mixin.py:120} INFO - [2024-01-06T20:13:36.930+0000] {dagbag.py:537} INFO - Filling up the DagBag from /opt/airflow/dags/producer.py
[2024-01-06T20:13:36.952+0000] {processor.py:766} INFO - DAG(s) dict_keys(['producer']) retrieved from /opt/airflow/dags/producer.py
[2024-01-06T20:13:36.980+0000] {logging_mixin.py:120} INFO - [2024-01-06T20:13:36.980+0000] {dag.py:2585} INFO - Sync 1 DAGs
[2024-01-06T20:13:36.996+0000] {logging_mixin.py:120} INFO - [2024-01-06T20:13:36.995+0000] {dag.py:3340} INFO - Setting next_dagrun for producer to 2024-01-05T00:00:00+00:00, run_after=2024-01-06T00:00:00+00:00
[2024-01-06T20:13:37.007+0000] {processor.py:176} INFO - Processing /opt/airflow/dags/producer.py took 0.084 seconds
[2024-01-06T20:14:07.786+0000] {processor.py:154} INFO - Started process (PID=1365) to work on /opt/airflow/dags/producer.py
[2024-01-06T20:14:07.787+0000] {processor.py:756} INFO - Processing file /opt/airflow/dags/producer.py for tasks to queue
[2024-01-06T20:14:07.788+0000] {logging_mixin.py:120} INFO - [2024-01-06T20:14:07.787+0000] {dagbag.py:537} INFO - Filling up the DagBag from /opt/airflow/dags/producer.py
[2024-01-06T20:14:07.810+0000] {processor.py:766} INFO - DAG(s) dict_keys(['producer']) retrieved from /opt/airflow/dags/producer.py
[2024-01-06T20:14:07.850+0000] {logging_mixin.py:120} INFO - [2024-01-06T20:14:07.850+0000] {dag.py:2585} INFO - Sync 1 DAGs
[2024-01-06T20:14:07.869+0000] {logging_mixin.py:120} INFO - [2024-01-06T20:14:07.869+0000] {dag.py:3340} INFO - Setting next_dagrun for producer to 2024-01-05T00:00:00+00:00, run_after=2024-01-06T00:00:00+00:00
[2024-01-06T20:14:07.882+0000] {processor.py:176} INFO - Processing /opt/airflow/dags/producer.py took 0.099 seconds
[2024-01-06T20:14:37.958+0000] {processor.py:154} INFO - Started process (PID=1401) to work on /opt/airflow/dags/producer.py
[2024-01-06T20:14:37.959+0000] {processor.py:756} INFO - Processing file /opt/airflow/dags/producer.py for tasks to queue
[2024-01-06T20:14:37.959+0000] {logging_mixin.py:120} INFO - [2024-01-06T20:14:37.959+0000] {dagbag.py:537} INFO - Filling up the DagBag from /opt/airflow/dags/producer.py
[2024-01-06T20:14:37.983+0000] {processor.py:766} INFO - DAG(s) dict_keys(['producer']) retrieved from /opt/airflow/dags/producer.py
[2024-01-06T20:14:38.009+0000] {logging_mixin.py:120} INFO - [2024-01-06T20:14:38.009+0000] {dag.py:2585} INFO - Sync 1 DAGs
[2024-01-06T20:14:38.023+0000] {logging_mixin.py:120} INFO - [2024-01-06T20:14:38.023+0000] {dag.py:3340} INFO - Setting next_dagrun for producer to 2024-01-05T00:00:00+00:00, run_after=2024-01-06T00:00:00+00:00
[2024-01-06T20:14:38.035+0000] {processor.py:176} INFO - Processing /opt/airflow/dags/producer.py took 0.081 seconds
[2024-01-06T20:15:08.712+0000] {processor.py:154} INFO - Started process (PID=1439) to work on /opt/airflow/dags/producer.py
[2024-01-06T20:15:08.713+0000] {processor.py:756} INFO - Processing file /opt/airflow/dags/producer.py for tasks to queue
[2024-01-06T20:15:08.714+0000] {logging_mixin.py:120} INFO - [2024-01-06T20:15:08.714+0000] {dagbag.py:537} INFO - Filling up the DagBag from /opt/airflow/dags/producer.py
[2024-01-06T20:15:08.734+0000] {processor.py:766} INFO - DAG(s) dict_keys(['producer']) retrieved from /opt/airflow/dags/producer.py
[2024-01-06T20:15:08.771+0000] {logging_mixin.py:120} INFO - [2024-01-06T20:15:08.771+0000] {dag.py:2585} INFO - Sync 1 DAGs
[2024-01-06T20:15:08.788+0000] {logging_mixin.py:120} INFO - [2024-01-06T20:15:08.788+0000] {dag.py:3340} INFO - Setting next_dagrun for producer to 2024-01-05T00:00:00+00:00, run_after=2024-01-06T00:00:00+00:00
[2024-01-06T20:15:08.803+0000] {processor.py:176} INFO - Processing /opt/airflow/dags/producer.py took 0.094 seconds
[2024-01-06T20:15:39.613+0000] {processor.py:154} INFO - Started process (PID=1476) to work on /opt/airflow/dags/producer.py
[2024-01-06T20:15:39.615+0000] {processor.py:756} INFO - Processing file /opt/airflow/dags/producer.py for tasks to queue
[2024-01-06T20:15:39.616+0000] {logging_mixin.py:120} INFO - [2024-01-06T20:15:39.616+0000] {dagbag.py:537} INFO - Filling up the DagBag from /opt/airflow/dags/producer.py
[2024-01-06T20:15:39.629+0000] {processor.py:766} INFO - DAG(s) dict_keys(['producer']) retrieved from /opt/airflow/dags/producer.py
[2024-01-06T20:15:39.653+0000] {logging_mixin.py:120} INFO - [2024-01-06T20:15:39.653+0000] {dag.py:2585} INFO - Sync 1 DAGs
[2024-01-06T20:15:39.668+0000] {logging_mixin.py:120} INFO - [2024-01-06T20:15:39.668+0000] {dag.py:3340} INFO - Setting next_dagrun for producer to 2024-01-05T00:00:00+00:00, run_after=2024-01-06T00:00:00+00:00
[2024-01-06T20:15:39.682+0000] {processor.py:176} INFO - Processing /opt/airflow/dags/producer.py took 0.071 seconds
[2024-01-06T20:16:10.483+0000] {processor.py:154} INFO - Started process (PID=1504) to work on /opt/airflow/dags/producer.py
[2024-01-06T20:16:10.485+0000] {processor.py:756} INFO - Processing file /opt/airflow/dags/producer.py for tasks to queue
[2024-01-06T20:16:10.487+0000] {logging_mixin.py:120} INFO - [2024-01-06T20:16:10.487+0000] {dagbag.py:537} INFO - Filling up the DagBag from /opt/airflow/dags/producer.py
[2024-01-06T20:16:10.514+0000] {processor.py:766} INFO - DAG(s) dict_keys(['producer']) retrieved from /opt/airflow/dags/producer.py
[2024-01-06T20:16:10.542+0000] {logging_mixin.py:120} INFO - [2024-01-06T20:16:10.541+0000] {dag.py:2585} INFO - Sync 1 DAGs
[2024-01-06T20:16:10.555+0000] {logging_mixin.py:120} INFO - [2024-01-06T20:16:10.555+0000] {dag.py:3340} INFO - Setting next_dagrun for producer to 2024-01-05T00:00:00+00:00, run_after=2024-01-06T00:00:00+00:00
[2024-01-06T20:16:10.565+0000] {processor.py:176} INFO - Processing /opt/airflow/dags/producer.py took 0.089 seconds
[2024-01-06T20:16:40.729+0000] {processor.py:154} INFO - Started process (PID=1540) to work on /opt/airflow/dags/producer.py
[2024-01-06T20:16:40.731+0000] {processor.py:756} INFO - Processing file /opt/airflow/dags/producer.py for tasks to queue
[2024-01-06T20:16:40.732+0000] {logging_mixin.py:120} INFO - [2024-01-06T20:16:40.732+0000] {dagbag.py:537} INFO - Filling up the DagBag from /opt/airflow/dags/producer.py
[2024-01-06T20:16:40.756+0000] {processor.py:766} INFO - DAG(s) dict_keys(['producer']) retrieved from /opt/airflow/dags/producer.py
[2024-01-06T20:16:40.785+0000] {logging_mixin.py:120} INFO - [2024-01-06T20:16:40.785+0000] {dag.py:2585} INFO - Sync 1 DAGs
[2024-01-06T20:16:40.811+0000] {logging_mixin.py:120} INFO - [2024-01-06T20:16:40.811+0000] {dag.py:3340} INFO - Setting next_dagrun for producer to 2024-01-05T00:00:00+00:00, run_after=2024-01-06T00:00:00+00:00
[2024-01-06T20:16:40.824+0000] {processor.py:176} INFO - Processing /opt/airflow/dags/producer.py took 0.101 seconds
[2024-01-06T20:34:35.493+0000] {processor.py:154} INFO - Started process (PID=60) to work on /opt/airflow/dags/producer.py
[2024-01-06T20:34:35.494+0000] {processor.py:756} INFO - Processing file /opt/airflow/dags/producer.py for tasks to queue
[2024-01-06T20:34:35.495+0000] {logging_mixin.py:120} INFO - [2024-01-06T20:34:35.495+0000] {dagbag.py:537} INFO - Filling up the DagBag from /opt/airflow/dags/producer.py
[2024-01-06T20:34:35.548+0000] {processor.py:766} INFO - DAG(s) dict_keys(['producer']) retrieved from /opt/airflow/dags/producer.py
[2024-01-06T20:34:35.719+0000] {logging_mixin.py:120} INFO - [2024-01-06T20:34:35.718+0000] {dag.py:2585} INFO - Sync 1 DAGs
[2024-01-06T20:34:35.765+0000] {logging_mixin.py:120} INFO - [2024-01-06T20:34:35.765+0000] {dag.py:3340} INFO - Setting next_dagrun for producer to 2024-01-05T00:00:00+00:00, run_after=2024-01-06T00:00:00+00:00
[2024-01-06T20:34:35.800+0000] {processor.py:176} INFO - Processing /opt/airflow/dags/producer.py took 0.311 seconds
[2024-01-06T21:28:04.043+0000] {processor.py:154} INFO - Started process (PID=63) to work on /opt/airflow/dags/producer.py
[2024-01-06T21:28:04.045+0000] {processor.py:756} INFO - Processing file /opt/airflow/dags/producer.py for tasks to queue
[2024-01-06T21:28:04.055+0000] {logging_mixin.py:120} INFO - [2024-01-06T21:28:04.054+0000] {dagbag.py:537} INFO - Filling up the DagBag from /opt/airflow/dags/producer.py
[2024-01-06T21:28:04.095+0000] {processor.py:766} INFO - DAG(s) dict_keys(['producer']) retrieved from /opt/airflow/dags/producer.py
[2024-01-06T21:28:04.244+0000] {logging_mixin.py:120} INFO - [2024-01-06T21:28:04.244+0000] {dag.py:2585} INFO - Sync 1 DAGs
[2024-01-06T21:28:04.269+0000] {logging_mixin.py:120} INFO - [2024-01-06T21:28:04.269+0000] {dag.py:3340} INFO - Setting next_dagrun for producer to 2024-01-05T00:00:00+00:00, run_after=2024-01-06T00:00:00+00:00
[2024-01-06T21:28:04.300+0000] {processor.py:176} INFO - Processing /opt/airflow/dags/producer.py took 0.262 seconds
[2024-01-06T21:28:35.281+0000] {processor.py:154} INFO - Started process (PID=100) to work on /opt/airflow/dags/producer.py
[2024-01-06T21:28:35.282+0000] {processor.py:756} INFO - Processing file /opt/airflow/dags/producer.py for tasks to queue
[2024-01-06T21:28:35.282+0000] {logging_mixin.py:120} INFO - [2024-01-06T21:28:35.282+0000] {dagbag.py:537} INFO - Filling up the DagBag from /opt/airflow/dags/producer.py
[2024-01-06T21:28:35.298+0000] {processor.py:766} INFO - DAG(s) dict_keys(['producer']) retrieved from /opt/airflow/dags/producer.py
[2024-01-06T21:28:35.328+0000] {logging_mixin.py:120} INFO - [2024-01-06T21:28:35.328+0000] {dag.py:2585} INFO - Sync 1 DAGs
[2024-01-06T21:28:35.352+0000] {logging_mixin.py:120} INFO - [2024-01-06T21:28:35.352+0000] {dag.py:3340} INFO - Setting next_dagrun for producer to 2024-01-05T00:00:00+00:00, run_after=2024-01-06T00:00:00+00:00
[2024-01-06T21:28:35.376+0000] {processor.py:176} INFO - Processing /opt/airflow/dags/producer.py took 0.097 seconds
[2024-01-06T21:29:06.461+0000] {processor.py:154} INFO - Started process (PID=138) to work on /opt/airflow/dags/producer.py
[2024-01-06T21:29:06.462+0000] {processor.py:756} INFO - Processing file /opt/airflow/dags/producer.py for tasks to queue
[2024-01-06T21:29:06.462+0000] {logging_mixin.py:120} INFO - [2024-01-06T21:29:06.462+0000] {dagbag.py:537} INFO - Filling up the DagBag from /opt/airflow/dags/producer.py
[2024-01-06T21:29:06.476+0000] {processor.py:766} INFO - DAG(s) dict_keys(['producer']) retrieved from /opt/airflow/dags/producer.py
[2024-01-06T21:29:06.497+0000] {logging_mixin.py:120} INFO - [2024-01-06T21:29:06.497+0000] {dag.py:2585} INFO - Sync 1 DAGs
[2024-01-06T21:29:06.512+0000] {logging_mixin.py:120} INFO - [2024-01-06T21:29:06.512+0000] {dag.py:3340} INFO - Setting next_dagrun for producer to 2024-01-05T00:00:00+00:00, run_after=2024-01-06T00:00:00+00:00
[2024-01-06T21:29:06.524+0000] {processor.py:176} INFO - Processing /opt/airflow/dags/producer.py took 0.065 seconds
[2024-01-06T21:29:38.018+0000] {processor.py:154} INFO - Started process (PID=175) to work on /opt/airflow/dags/producer.py
[2024-01-06T21:29:38.019+0000] {processor.py:756} INFO - Processing file /opt/airflow/dags/producer.py for tasks to queue
[2024-01-06T21:29:38.020+0000] {logging_mixin.py:120} INFO - [2024-01-06T21:29:38.019+0000] {dagbag.py:537} INFO - Filling up the DagBag from /opt/airflow/dags/producer.py
[2024-01-06T21:29:38.037+0000] {processor.py:766} INFO - DAG(s) dict_keys(['producer']) retrieved from /opt/airflow/dags/producer.py
[2024-01-06T21:29:38.062+0000] {logging_mixin.py:120} INFO - [2024-01-06T21:29:38.062+0000] {dag.py:2585} INFO - Sync 1 DAGs
[2024-01-06T21:29:38.077+0000] {logging_mixin.py:120} INFO - [2024-01-06T21:29:38.077+0000] {dag.py:3340} INFO - Setting next_dagrun for producer to 2024-01-05T00:00:00+00:00, run_after=2024-01-06T00:00:00+00:00
[2024-01-06T21:29:38.089+0000] {processor.py:176} INFO - Processing /opt/airflow/dags/producer.py took 0.074 seconds
[2024-01-06T21:30:09.170+0000] {processor.py:154} INFO - Started process (PID=203) to work on /opt/airflow/dags/producer.py
[2024-01-06T21:30:09.171+0000] {processor.py:756} INFO - Processing file /opt/airflow/dags/producer.py for tasks to queue
[2024-01-06T21:30:09.171+0000] {logging_mixin.py:120} INFO - [2024-01-06T21:30:09.171+0000] {dagbag.py:537} INFO - Filling up the DagBag from /opt/airflow/dags/producer.py
[2024-01-06T21:30:09.185+0000] {processor.py:766} INFO - DAG(s) dict_keys(['producer']) retrieved from /opt/airflow/dags/producer.py
[2024-01-06T21:30:09.207+0000] {logging_mixin.py:120} INFO - [2024-01-06T21:30:09.207+0000] {dag.py:2585} INFO - Sync 1 DAGs
[2024-01-06T21:30:09.223+0000] {logging_mixin.py:120} INFO - [2024-01-06T21:30:09.223+0000] {dag.py:3340} INFO - Setting next_dagrun for producer to 2024-01-05T00:00:00+00:00, run_after=2024-01-06T00:00:00+00:00
[2024-01-06T21:30:09.234+0000] {processor.py:176} INFO - Processing /opt/airflow/dags/producer.py took 0.066 seconds
[2024-01-06T21:30:40.725+0000] {processor.py:154} INFO - Started process (PID=240) to work on /opt/airflow/dags/producer.py
[2024-01-06T21:30:40.727+0000] {processor.py:756} INFO - Processing file /opt/airflow/dags/producer.py for tasks to queue
[2024-01-06T21:30:40.727+0000] {logging_mixin.py:120} INFO - [2024-01-06T21:30:40.727+0000] {dagbag.py:537} INFO - Filling up the DagBag from /opt/airflow/dags/producer.py
[2024-01-06T21:30:40.743+0000] {processor.py:766} INFO - DAG(s) dict_keys(['producer']) retrieved from /opt/airflow/dags/producer.py
[2024-01-06T21:30:40.774+0000] {logging_mixin.py:120} INFO - [2024-01-06T21:30:40.773+0000] {dag.py:2585} INFO - Sync 1 DAGs
[2024-01-06T21:30:40.791+0000] {logging_mixin.py:120} INFO - [2024-01-06T21:30:40.791+0000] {dag.py:3340} INFO - Setting next_dagrun for producer to 2024-01-05T00:00:00+00:00, run_after=2024-01-06T00:00:00+00:00
[2024-01-06T21:30:40.805+0000] {processor.py:176} INFO - Processing /opt/airflow/dags/producer.py took 0.083 seconds
[2024-01-06T21:31:11.302+0000] {processor.py:154} INFO - Started process (PID=277) to work on /opt/airflow/dags/producer.py
[2024-01-06T21:31:11.303+0000] {processor.py:756} INFO - Processing file /opt/airflow/dags/producer.py for tasks to queue
[2024-01-06T21:31:11.303+0000] {logging_mixin.py:120} INFO - [2024-01-06T21:31:11.303+0000] {dagbag.py:537} INFO - Filling up the DagBag from /opt/airflow/dags/producer.py
[2024-01-06T21:31:11.317+0000] {processor.py:766} INFO - DAG(s) dict_keys(['producer']) retrieved from /opt/airflow/dags/producer.py
[2024-01-06T21:31:11.339+0000] {logging_mixin.py:120} INFO - [2024-01-06T21:31:11.339+0000] {dag.py:2585} INFO - Sync 1 DAGs
[2024-01-06T21:31:11.352+0000] {logging_mixin.py:120} INFO - [2024-01-06T21:31:11.352+0000] {dag.py:3340} INFO - Setting next_dagrun for producer to 2024-01-05T00:00:00+00:00, run_after=2024-01-06T00:00:00+00:00
[2024-01-06T21:31:11.363+0000] {processor.py:176} INFO - Processing /opt/airflow/dags/producer.py took 0.064 seconds
