[2024-01-06T19:29:25.589+0000] {processor.py:154} INFO - Started process (PID=62) to work on /opt/airflow/dags/user_processing.py
[2024-01-06T19:29:25.595+0000] {processor.py:756} INFO - Processing file /opt/airflow/dags/user_processing.py for tasks to queue
[2024-01-06T19:29:25.598+0000] {logging_mixin.py:120} INFO - [2024-01-06T19:29:25.598+0000] {dagbag.py:537} INFO - Filling up the DagBag from /opt/airflow/dags/user_processing.py
[2024-01-06T19:29:27.918+0000] {processor.py:766} INFO - DAG(s) dict_keys(['user_processing']) retrieved from /opt/airflow/dags/user_processing.py
[2024-01-06T19:29:28.559+0000] {logging_mixin.py:120} INFO - [2024-01-06T19:29:28.558+0000] {manager.py:507} INFO - Created Permission View: can edit on DAG:user_processing
[2024-01-06T19:29:28.574+0000] {logging_mixin.py:120} INFO - [2024-01-06T19:29:28.574+0000] {manager.py:507} INFO - Created Permission View: can read on DAG:user_processing
[2024-01-06T19:29:28.586+0000] {logging_mixin.py:120} INFO - [2024-01-06T19:29:28.586+0000] {manager.py:507} INFO - Created Permission View: can delete on DAG:user_processing
[2024-01-06T19:29:28.588+0000] {logging_mixin.py:120} INFO - [2024-01-06T19:29:28.587+0000] {dag.py:2585} INFO - Sync 1 DAGs
[2024-01-06T19:29:28.612+0000] {logging_mixin.py:120} INFO - [2024-01-06T19:29:28.610+0000] {dag.py:2606} INFO - Creating ORM DAG for user_processing
[2024-01-06T19:29:28.627+0000] {logging_mixin.py:120} INFO - [2024-01-06T19:29:28.627+0000] {dag.py:3340} INFO - Setting next_dagrun for user_processing to 2024-01-05T00:00:00+00:00, run_after=2024-01-06T00:00:00+00:00
[2024-01-06T19:29:28.665+0000] {processor.py:176} INFO - Processing /opt/airflow/dags/user_processing.py took 3.094 seconds
[2024-01-06T19:29:58.929+0000] {processor.py:154} INFO - Started process (PID=96) to work on /opt/airflow/dags/user_processing.py
[2024-01-06T19:29:58.933+0000] {processor.py:756} INFO - Processing file /opt/airflow/dags/user_processing.py for tasks to queue
[2024-01-06T19:29:58.936+0000] {logging_mixin.py:120} INFO - [2024-01-06T19:29:58.936+0000] {dagbag.py:537} INFO - Filling up the DagBag from /opt/airflow/dags/user_processing.py
[2024-01-06T19:30:00.572+0000] {processor.py:766} INFO - DAG(s) dict_keys(['user_processing']) retrieved from /opt/airflow/dags/user_processing.py
[2024-01-06T19:30:00.828+0000] {logging_mixin.py:120} INFO - [2024-01-06T19:30:00.827+0000] {dag.py:2585} INFO - Sync 1 DAGs
[2024-01-06T19:30:00.849+0000] {logging_mixin.py:120} INFO - [2024-01-06T19:30:00.849+0000] {dag.py:3340} INFO - Setting next_dagrun for user_processing to 2024-01-05T00:00:00+00:00, run_after=2024-01-06T00:00:00+00:00
[2024-01-06T19:30:00.866+0000] {processor.py:176} INFO - Processing /opt/airflow/dags/user_processing.py took 1.949 seconds
[2024-01-06T19:30:31.771+0000] {processor.py:154} INFO - Started process (PID=129) to work on /opt/airflow/dags/user_processing.py
[2024-01-06T19:30:31.772+0000] {processor.py:756} INFO - Processing file /opt/airflow/dags/user_processing.py for tasks to queue
[2024-01-06T19:30:31.773+0000] {logging_mixin.py:120} INFO - [2024-01-06T19:30:31.773+0000] {dagbag.py:537} INFO - Filling up the DagBag from /opt/airflow/dags/user_processing.py
[2024-01-06T19:30:32.329+0000] {processor.py:766} INFO - DAG(s) dict_keys(['user_processing']) retrieved from /opt/airflow/dags/user_processing.py
[2024-01-06T19:30:32.698+0000] {logging_mixin.py:120} INFO - [2024-01-06T19:30:32.697+0000] {dag.py:2585} INFO - Sync 1 DAGs
[2024-01-06T19:30:32.729+0000] {logging_mixin.py:120} INFO - [2024-01-06T19:30:32.728+0000] {dag.py:3340} INFO - Setting next_dagrun for user_processing to 2024-01-05T00:00:00+00:00, run_after=2024-01-06T00:00:00+00:00
[2024-01-06T19:30:32.740+0000] {processor.py:176} INFO - Processing /opt/airflow/dags/user_processing.py took 0.973 seconds
[2024-01-06T19:55:01.450+0000] {processor.py:154} INFO - Started process (PID=51) to work on /opt/airflow/dags/user_processing.py
[2024-01-06T19:55:01.453+0000] {processor.py:756} INFO - Processing file /opt/airflow/dags/user_processing.py for tasks to queue
[2024-01-06T19:55:01.455+0000] {logging_mixin.py:120} INFO - [2024-01-06T19:55:01.454+0000] {dagbag.py:537} INFO - Filling up the DagBag from /opt/airflow/dags/user_processing.py
[2024-01-06T19:55:01.902+0000] {processor.py:766} INFO - DAG(s) dict_keys(['user_processing']) retrieved from /opt/airflow/dags/user_processing.py
[2024-01-06T19:55:02.280+0000] {logging_mixin.py:120} INFO - [2024-01-06T19:55:02.280+0000] {dag.py:2585} INFO - Sync 1 DAGs
[2024-01-06T19:55:02.309+0000] {logging_mixin.py:120} INFO - [2024-01-06T19:55:02.309+0000] {dag.py:3340} INFO - Setting next_dagrun for user_processing to 2024-01-05T00:00:00+00:00, run_after=2024-01-06T00:00:00+00:00
[2024-01-06T19:55:02.351+0000] {processor.py:176} INFO - Processing /opt/airflow/dags/user_processing.py took 0.904 seconds
[2024-01-06T19:55:33.252+0000] {processor.py:154} INFO - Started process (PID=81) to work on /opt/airflow/dags/user_processing.py
[2024-01-06T19:55:33.253+0000] {processor.py:756} INFO - Processing file /opt/airflow/dags/user_processing.py for tasks to queue
[2024-01-06T19:55:33.254+0000] {logging_mixin.py:120} INFO - [2024-01-06T19:55:33.254+0000] {dagbag.py:537} INFO - Filling up the DagBag from /opt/airflow/dags/user_processing.py
[2024-01-06T19:55:33.617+0000] {processor.py:766} INFO - DAG(s) dict_keys(['user_processing']) retrieved from /opt/airflow/dags/user_processing.py
[2024-01-06T19:55:33.794+0000] {logging_mixin.py:120} INFO - [2024-01-06T19:55:33.793+0000] {dag.py:2585} INFO - Sync 1 DAGs
[2024-01-06T19:55:33.811+0000] {logging_mixin.py:120} INFO - [2024-01-06T19:55:33.811+0000] {dag.py:3340} INFO - Setting next_dagrun for user_processing to 2024-01-05T00:00:00+00:00, run_after=2024-01-06T00:00:00+00:00
[2024-01-06T19:55:33.825+0000] {processor.py:176} INFO - Processing /opt/airflow/dags/user_processing.py took 0.580 seconds
[2024-01-06T19:56:04.512+0000] {processor.py:154} INFO - Started process (PID=119) to work on /opt/airflow/dags/user_processing.py
[2024-01-06T19:56:04.514+0000] {processor.py:756} INFO - Processing file /opt/airflow/dags/user_processing.py for tasks to queue
[2024-01-06T19:56:04.516+0000] {logging_mixin.py:120} INFO - [2024-01-06T19:56:04.515+0000] {dagbag.py:537} INFO - Filling up the DagBag from /opt/airflow/dags/user_processing.py
[2024-01-06T19:56:04.800+0000] {processor.py:766} INFO - DAG(s) dict_keys(['user_processing']) retrieved from /opt/airflow/dags/user_processing.py
[2024-01-06T19:56:04.969+0000] {logging_mixin.py:120} INFO - [2024-01-06T19:56:04.968+0000] {dag.py:2585} INFO - Sync 1 DAGs
[2024-01-06T19:56:04.982+0000] {logging_mixin.py:120} INFO - [2024-01-06T19:56:04.982+0000] {dag.py:3340} INFO - Setting next_dagrun for user_processing to 2024-01-05T00:00:00+00:00, run_after=2024-01-06T00:00:00+00:00
[2024-01-06T19:56:04.991+0000] {processor.py:176} INFO - Processing /opt/airflow/dags/user_processing.py took 0.489 seconds
[2024-01-06T19:56:35.519+0000] {processor.py:154} INFO - Started process (PID=156) to work on /opt/airflow/dags/user_processing.py
[2024-01-06T19:56:35.521+0000] {processor.py:756} INFO - Processing file /opt/airflow/dags/user_processing.py for tasks to queue
[2024-01-06T19:56:35.523+0000] {logging_mixin.py:120} INFO - [2024-01-06T19:56:35.523+0000] {dagbag.py:537} INFO - Filling up the DagBag from /opt/airflow/dags/user_processing.py
[2024-01-06T19:56:35.803+0000] {processor.py:766} INFO - DAG(s) dict_keys(['user_processing']) retrieved from /opt/airflow/dags/user_processing.py
[2024-01-06T19:56:35.959+0000] {logging_mixin.py:120} INFO - [2024-01-06T19:56:35.958+0000] {dag.py:2585} INFO - Sync 1 DAGs
[2024-01-06T19:56:35.977+0000] {logging_mixin.py:120} INFO - [2024-01-06T19:56:35.977+0000] {dag.py:3340} INFO - Setting next_dagrun for user_processing to 2024-01-05T00:00:00+00:00, run_after=2024-01-06T00:00:00+00:00
[2024-01-06T19:56:35.987+0000] {processor.py:176} INFO - Processing /opt/airflow/dags/user_processing.py took 0.473 seconds
[2024-01-06T19:57:06.606+0000] {processor.py:154} INFO - Started process (PID=193) to work on /opt/airflow/dags/user_processing.py
[2024-01-06T19:57:06.608+0000] {processor.py:756} INFO - Processing file /opt/airflow/dags/user_processing.py for tasks to queue
[2024-01-06T19:57:06.610+0000] {logging_mixin.py:120} INFO - [2024-01-06T19:57:06.610+0000] {dagbag.py:537} INFO - Filling up the DagBag from /opt/airflow/dags/user_processing.py
[2024-01-06T19:57:06.804+0000] {processor.py:766} INFO - DAG(s) dict_keys(['user_processing']) retrieved from /opt/airflow/dags/user_processing.py
[2024-01-06T19:57:06.918+0000] {logging_mixin.py:120} INFO - [2024-01-06T19:57:06.918+0000] {dag.py:2585} INFO - Sync 1 DAGs
[2024-01-06T19:57:06.933+0000] {logging_mixin.py:120} INFO - [2024-01-06T19:57:06.933+0000] {dag.py:3340} INFO - Setting next_dagrun for user_processing to 2024-01-05T00:00:00+00:00, run_after=2024-01-06T00:00:00+00:00
[2024-01-06T19:57:06.947+0000] {processor.py:176} INFO - Processing /opt/airflow/dags/user_processing.py took 0.347 seconds
[2024-01-06T19:57:37.606+0000] {processor.py:154} INFO - Started process (PID=230) to work on /opt/airflow/dags/user_processing.py
[2024-01-06T19:57:37.607+0000] {processor.py:756} INFO - Processing file /opt/airflow/dags/user_processing.py for tasks to queue
[2024-01-06T19:57:37.608+0000] {logging_mixin.py:120} INFO - [2024-01-06T19:57:37.608+0000] {dagbag.py:537} INFO - Filling up the DagBag from /opt/airflow/dags/user_processing.py
[2024-01-06T19:57:37.790+0000] {processor.py:766} INFO - DAG(s) dict_keys(['user_processing']) retrieved from /opt/airflow/dags/user_processing.py
[2024-01-06T19:57:37.918+0000] {logging_mixin.py:120} INFO - [2024-01-06T19:57:37.918+0000] {dag.py:2585} INFO - Sync 1 DAGs
[2024-01-06T19:57:37.932+0000] {logging_mixin.py:120} INFO - [2024-01-06T19:57:37.932+0000] {dag.py:3340} INFO - Setting next_dagrun for user_processing to 2024-01-05T00:00:00+00:00, run_after=2024-01-06T00:00:00+00:00
[2024-01-06T19:57:37.943+0000] {processor.py:176} INFO - Processing /opt/airflow/dags/user_processing.py took 0.342 seconds
[2024-01-06T19:58:08.906+0000] {processor.py:154} INFO - Started process (PID=258) to work on /opt/airflow/dags/user_processing.py
[2024-01-06T19:58:08.908+0000] {processor.py:756} INFO - Processing file /opt/airflow/dags/user_processing.py for tasks to queue
[2024-01-06T19:58:08.910+0000] {logging_mixin.py:120} INFO - [2024-01-06T19:58:08.909+0000] {dagbag.py:537} INFO - Filling up the DagBag from /opt/airflow/dags/user_processing.py
[2024-01-06T19:58:09.137+0000] {processor.py:766} INFO - DAG(s) dict_keys(['user_processing']) retrieved from /opt/airflow/dags/user_processing.py
[2024-01-06T19:58:09.263+0000] {logging_mixin.py:120} INFO - [2024-01-06T19:58:09.262+0000] {dag.py:2585} INFO - Sync 1 DAGs
[2024-01-06T19:58:09.276+0000] {logging_mixin.py:120} INFO - [2024-01-06T19:58:09.276+0000] {dag.py:3340} INFO - Setting next_dagrun for user_processing to 2024-01-05T00:00:00+00:00, run_after=2024-01-06T00:00:00+00:00
[2024-01-06T19:58:09.288+0000] {processor.py:176} INFO - Processing /opt/airflow/dags/user_processing.py took 0.391 seconds
[2024-01-06T19:58:40.062+0000] {processor.py:154} INFO - Started process (PID=295) to work on /opt/airflow/dags/user_processing.py
[2024-01-06T19:58:40.064+0000] {processor.py:756} INFO - Processing file /opt/airflow/dags/user_processing.py for tasks to queue
[2024-01-06T19:58:40.065+0000] {logging_mixin.py:120} INFO - [2024-01-06T19:58:40.065+0000] {dagbag.py:537} INFO - Filling up the DagBag from /opt/airflow/dags/user_processing.py
[2024-01-06T19:58:40.331+0000] {processor.py:766} INFO - DAG(s) dict_keys(['user_processing']) retrieved from /opt/airflow/dags/user_processing.py
[2024-01-06T19:58:40.475+0000] {logging_mixin.py:120} INFO - [2024-01-06T19:58:40.475+0000] {dag.py:2585} INFO - Sync 1 DAGs
[2024-01-06T19:58:40.489+0000] {logging_mixin.py:120} INFO - [2024-01-06T19:58:40.489+0000] {dag.py:3340} INFO - Setting next_dagrun for user_processing to 2024-01-05T00:00:00+00:00, run_after=2024-01-06T00:00:00+00:00
[2024-01-06T19:58:40.499+0000] {processor.py:176} INFO - Processing /opt/airflow/dags/user_processing.py took 0.447 seconds
[2024-01-06T19:59:11.058+0000] {processor.py:154} INFO - Started process (PID=332) to work on /opt/airflow/dags/user_processing.py
[2024-01-06T19:59:11.061+0000] {processor.py:756} INFO - Processing file /opt/airflow/dags/user_processing.py for tasks to queue
[2024-01-06T19:59:11.062+0000] {logging_mixin.py:120} INFO - [2024-01-06T19:59:11.062+0000] {dagbag.py:537} INFO - Filling up the DagBag from /opt/airflow/dags/user_processing.py
[2024-01-06T19:59:11.257+0000] {processor.py:766} INFO - DAG(s) dict_keys(['user_processing']) retrieved from /opt/airflow/dags/user_processing.py
[2024-01-06T19:59:11.439+0000] {logging_mixin.py:120} INFO - [2024-01-06T19:59:11.438+0000] {dag.py:2585} INFO - Sync 1 DAGs
[2024-01-06T19:59:11.460+0000] {logging_mixin.py:120} INFO - [2024-01-06T19:59:11.460+0000] {dag.py:3340} INFO - Setting next_dagrun for user_processing to 2024-01-05T00:00:00+00:00, run_after=2024-01-06T00:00:00+00:00
[2024-01-06T19:59:11.473+0000] {processor.py:176} INFO - Processing /opt/airflow/dags/user_processing.py took 0.423 seconds
[2024-01-06T19:59:42.072+0000] {processor.py:154} INFO - Started process (PID=369) to work on /opt/airflow/dags/user_processing.py
[2024-01-06T19:59:42.075+0000] {processor.py:756} INFO - Processing file /opt/airflow/dags/user_processing.py for tasks to queue
[2024-01-06T19:59:42.077+0000] {logging_mixin.py:120} INFO - [2024-01-06T19:59:42.077+0000] {dagbag.py:537} INFO - Filling up the DagBag from /opt/airflow/dags/user_processing.py
[2024-01-06T19:59:42.249+0000] {processor.py:766} INFO - DAG(s) dict_keys(['user_processing']) retrieved from /opt/airflow/dags/user_processing.py
[2024-01-06T19:59:42.372+0000] {logging_mixin.py:120} INFO - [2024-01-06T19:59:42.372+0000] {dag.py:2585} INFO - Sync 1 DAGs
[2024-01-06T19:59:42.386+0000] {logging_mixin.py:120} INFO - [2024-01-06T19:59:42.386+0000] {dag.py:3340} INFO - Setting next_dagrun for user_processing to 2024-01-05T00:00:00+00:00, run_after=2024-01-06T00:00:00+00:00
[2024-01-06T19:59:42.396+0000] {processor.py:176} INFO - Processing /opt/airflow/dags/user_processing.py took 0.334 seconds
[2024-01-06T20:00:13.093+0000] {processor.py:154} INFO - Started process (PID=406) to work on /opt/airflow/dags/user_processing.py
[2024-01-06T20:00:13.095+0000] {processor.py:756} INFO - Processing file /opt/airflow/dags/user_processing.py for tasks to queue
[2024-01-06T20:00:13.096+0000] {logging_mixin.py:120} INFO - [2024-01-06T20:00:13.096+0000] {dagbag.py:537} INFO - Filling up the DagBag from /opt/airflow/dags/user_processing.py
[2024-01-06T20:00:13.279+0000] {processor.py:766} INFO - DAG(s) dict_keys(['user_processing']) retrieved from /opt/airflow/dags/user_processing.py
[2024-01-06T20:00:13.394+0000] {logging_mixin.py:120} INFO - [2024-01-06T20:00:13.394+0000] {dag.py:2585} INFO - Sync 1 DAGs
[2024-01-06T20:00:13.411+0000] {logging_mixin.py:120} INFO - [2024-01-06T20:00:13.411+0000] {dag.py:3340} INFO - Setting next_dagrun for user_processing to 2024-01-05T00:00:00+00:00, run_after=2024-01-06T00:00:00+00:00
[2024-01-06T20:00:13.421+0000] {processor.py:176} INFO - Processing /opt/airflow/dags/user_processing.py took 0.333 seconds
[2024-01-06T20:00:43.985+0000] {processor.py:154} INFO - Started process (PID=443) to work on /opt/airflow/dags/user_processing.py
[2024-01-06T20:00:43.987+0000] {processor.py:756} INFO - Processing file /opt/airflow/dags/user_processing.py for tasks to queue
[2024-01-06T20:00:43.988+0000] {logging_mixin.py:120} INFO - [2024-01-06T20:00:43.988+0000] {dagbag.py:537} INFO - Filling up the DagBag from /opt/airflow/dags/user_processing.py
[2024-01-06T20:00:44.284+0000] {processor.py:766} INFO - DAG(s) dict_keys(['user_processing']) retrieved from /opt/airflow/dags/user_processing.py
[2024-01-06T20:00:44.494+0000] {logging_mixin.py:120} INFO - [2024-01-06T20:00:44.493+0000] {dag.py:2585} INFO - Sync 1 DAGs
[2024-01-06T20:00:44.512+0000] {logging_mixin.py:120} INFO - [2024-01-06T20:00:44.512+0000] {dag.py:3340} INFO - Setting next_dagrun for user_processing to 2024-01-05T00:00:00+00:00, run_after=2024-01-06T00:00:00+00:00
[2024-01-06T20:00:44.532+0000] {processor.py:176} INFO - Processing /opt/airflow/dags/user_processing.py took 0.550 seconds
[2024-01-06T20:01:15.269+0000] {processor.py:154} INFO - Started process (PID=471) to work on /opt/airflow/dags/user_processing.py
[2024-01-06T20:01:15.271+0000] {processor.py:756} INFO - Processing file /opt/airflow/dags/user_processing.py for tasks to queue
[2024-01-06T20:01:15.272+0000] {logging_mixin.py:120} INFO - [2024-01-06T20:01:15.272+0000] {dagbag.py:537} INFO - Filling up the DagBag from /opt/airflow/dags/user_processing.py
[2024-01-06T20:01:15.536+0000] {processor.py:766} INFO - DAG(s) dict_keys(['user_processing']) retrieved from /opt/airflow/dags/user_processing.py
[2024-01-06T20:01:15.671+0000] {logging_mixin.py:120} INFO - [2024-01-06T20:01:15.671+0000] {dag.py:2585} INFO - Sync 1 DAGs
[2024-01-06T20:01:15.684+0000] {logging_mixin.py:120} INFO - [2024-01-06T20:01:15.684+0000] {dag.py:3340} INFO - Setting next_dagrun for user_processing to 2024-01-05T00:00:00+00:00, run_after=2024-01-06T00:00:00+00:00
[2024-01-06T20:01:15.694+0000] {processor.py:176} INFO - Processing /opt/airflow/dags/user_processing.py took 0.434 seconds
[2024-01-06T20:01:46.291+0000] {processor.py:154} INFO - Started process (PID=508) to work on /opt/airflow/dags/user_processing.py
[2024-01-06T20:01:46.294+0000] {processor.py:756} INFO - Processing file /opt/airflow/dags/user_processing.py for tasks to queue
[2024-01-06T20:01:46.295+0000] {logging_mixin.py:120} INFO - [2024-01-06T20:01:46.295+0000] {dagbag.py:537} INFO - Filling up the DagBag from /opt/airflow/dags/user_processing.py
[2024-01-06T20:01:46.524+0000] {processor.py:766} INFO - DAG(s) dict_keys(['user_processing']) retrieved from /opt/airflow/dags/user_processing.py
[2024-01-06T20:01:46.712+0000] {logging_mixin.py:120} INFO - [2024-01-06T20:01:46.712+0000] {dag.py:2585} INFO - Sync 1 DAGs
[2024-01-06T20:01:46.731+0000] {logging_mixin.py:120} INFO - [2024-01-06T20:01:46.731+0000] {dag.py:3340} INFO - Setting next_dagrun for user_processing to 2024-01-05T00:00:00+00:00, run_after=2024-01-06T00:00:00+00:00
[2024-01-06T20:01:47.030+0000] {processor.py:176} INFO - Processing /opt/airflow/dags/user_processing.py took 0.747 seconds
[2024-01-06T20:02:17.574+0000] {processor.py:154} INFO - Started process (PID=545) to work on /opt/airflow/dags/user_processing.py
[2024-01-06T20:02:17.576+0000] {processor.py:756} INFO - Processing file /opt/airflow/dags/user_processing.py for tasks to queue
[2024-01-06T20:02:17.577+0000] {logging_mixin.py:120} INFO - [2024-01-06T20:02:17.577+0000] {dagbag.py:537} INFO - Filling up the DagBag from /opt/airflow/dags/user_processing.py
[2024-01-06T20:02:17.768+0000] {processor.py:766} INFO - DAG(s) dict_keys(['user_processing']) retrieved from /opt/airflow/dags/user_processing.py
[2024-01-06T20:02:17.882+0000] {logging_mixin.py:120} INFO - [2024-01-06T20:02:17.882+0000] {dag.py:2585} INFO - Sync 1 DAGs
[2024-01-06T20:02:17.896+0000] {logging_mixin.py:120} INFO - [2024-01-06T20:02:17.896+0000] {dag.py:3340} INFO - Setting next_dagrun for user_processing to 2024-01-05T00:00:00+00:00, run_after=2024-01-06T00:00:00+00:00
[2024-01-06T20:02:17.906+0000] {processor.py:176} INFO - Processing /opt/airflow/dags/user_processing.py took 0.341 seconds
[2024-01-06T20:02:48.439+0000] {processor.py:154} INFO - Started process (PID=582) to work on /opt/airflow/dags/user_processing.py
[2024-01-06T20:02:48.441+0000] {processor.py:756} INFO - Processing file /opt/airflow/dags/user_processing.py for tasks to queue
[2024-01-06T20:02:48.442+0000] {logging_mixin.py:120} INFO - [2024-01-06T20:02:48.441+0000] {dagbag.py:537} INFO - Filling up the DagBag from /opt/airflow/dags/user_processing.py
[2024-01-06T20:02:48.642+0000] {processor.py:766} INFO - DAG(s) dict_keys(['user_processing']) retrieved from /opt/airflow/dags/user_processing.py
[2024-01-06T20:02:48.766+0000] {logging_mixin.py:120} INFO - [2024-01-06T20:02:48.765+0000] {dag.py:2585} INFO - Sync 1 DAGs
[2024-01-06T20:02:48.782+0000] {logging_mixin.py:120} INFO - [2024-01-06T20:02:48.782+0000] {dag.py:3340} INFO - Setting next_dagrun for user_processing to 2024-01-05T00:00:00+00:00, run_after=2024-01-06T00:00:00+00:00
[2024-01-06T20:02:48.794+0000] {processor.py:176} INFO - Processing /opt/airflow/dags/user_processing.py took 0.361 seconds
[2024-01-06T20:03:19.385+0000] {processor.py:154} INFO - Started process (PID=619) to work on /opt/airflow/dags/user_processing.py
[2024-01-06T20:03:19.387+0000] {processor.py:756} INFO - Processing file /opt/airflow/dags/user_processing.py for tasks to queue
[2024-01-06T20:03:19.388+0000] {logging_mixin.py:120} INFO - [2024-01-06T20:03:19.388+0000] {dagbag.py:537} INFO - Filling up the DagBag from /opt/airflow/dags/user_processing.py
[2024-01-06T20:03:19.590+0000] {processor.py:766} INFO - DAG(s) dict_keys(['user_processing']) retrieved from /opt/airflow/dags/user_processing.py
[2024-01-06T20:03:19.711+0000] {logging_mixin.py:120} INFO - [2024-01-06T20:03:19.710+0000] {dag.py:2585} INFO - Sync 1 DAGs
[2024-01-06T20:03:19.724+0000] {logging_mixin.py:120} INFO - [2024-01-06T20:03:19.724+0000] {dag.py:3340} INFO - Setting next_dagrun for user_processing to 2024-01-05T00:00:00+00:00, run_after=2024-01-06T00:00:00+00:00
[2024-01-06T20:03:19.734+0000] {processor.py:176} INFO - Processing /opt/airflow/dags/user_processing.py took 0.355 seconds
[2024-01-06T20:03:50.347+0000] {processor.py:154} INFO - Started process (PID=656) to work on /opt/airflow/dags/user_processing.py
[2024-01-06T20:03:50.350+0000] {processor.py:756} INFO - Processing file /opt/airflow/dags/user_processing.py for tasks to queue
[2024-01-06T20:03:50.352+0000] {logging_mixin.py:120} INFO - [2024-01-06T20:03:50.351+0000] {dagbag.py:537} INFO - Filling up the DagBag from /opt/airflow/dags/user_processing.py
[2024-01-06T20:03:50.526+0000] {processor.py:766} INFO - DAG(s) dict_keys(['user_processing']) retrieved from /opt/airflow/dags/user_processing.py
[2024-01-06T20:03:50.644+0000] {logging_mixin.py:120} INFO - [2024-01-06T20:03:50.644+0000] {dag.py:2585} INFO - Sync 1 DAGs
[2024-01-06T20:03:50.660+0000] {logging_mixin.py:120} INFO - [2024-01-06T20:03:50.660+0000] {dag.py:3340} INFO - Setting next_dagrun for user_processing to 2024-01-05T00:00:00+00:00, run_after=2024-01-06T00:00:00+00:00
[2024-01-06T20:03:50.670+0000] {processor.py:176} INFO - Processing /opt/airflow/dags/user_processing.py took 0.336 seconds
[2024-01-06T20:04:21.318+0000] {processor.py:154} INFO - Started process (PID=684) to work on /opt/airflow/dags/user_processing.py
[2024-01-06T20:04:21.320+0000] {processor.py:756} INFO - Processing file /opt/airflow/dags/user_processing.py for tasks to queue
[2024-01-06T20:04:21.321+0000] {logging_mixin.py:120} INFO - [2024-01-06T20:04:21.321+0000] {dagbag.py:537} INFO - Filling up the DagBag from /opt/airflow/dags/user_processing.py
[2024-01-06T20:04:21.560+0000] {processor.py:766} INFO - DAG(s) dict_keys(['user_processing']) retrieved from /opt/airflow/dags/user_processing.py
[2024-01-06T20:04:21.764+0000] {logging_mixin.py:120} INFO - [2024-01-06T20:04:21.763+0000] {dag.py:2585} INFO - Sync 1 DAGs
[2024-01-06T20:04:21.789+0000] {logging_mixin.py:120} INFO - [2024-01-06T20:04:21.789+0000] {dag.py:3340} INFO - Setting next_dagrun for user_processing to 2024-01-05T00:00:00+00:00, run_after=2024-01-06T00:00:00+00:00
[2024-01-06T20:04:21.824+0000] {processor.py:176} INFO - Processing /opt/airflow/dags/user_processing.py took 0.511 seconds
[2024-01-06T20:04:52.567+0000] {processor.py:154} INFO - Started process (PID=721) to work on /opt/airflow/dags/user_processing.py
[2024-01-06T20:04:52.570+0000] {processor.py:756} INFO - Processing file /opt/airflow/dags/user_processing.py for tasks to queue
[2024-01-06T20:04:52.572+0000] {logging_mixin.py:120} INFO - [2024-01-06T20:04:52.572+0000] {dagbag.py:537} INFO - Filling up the DagBag from /opt/airflow/dags/user_processing.py
[2024-01-06T20:04:52.789+0000] {processor.py:766} INFO - DAG(s) dict_keys(['user_processing']) retrieved from /opt/airflow/dags/user_processing.py
[2024-01-06T20:04:52.919+0000] {logging_mixin.py:120} INFO - [2024-01-06T20:04:52.918+0000] {dag.py:2585} INFO - Sync 1 DAGs
[2024-01-06T20:04:52.934+0000] {logging_mixin.py:120} INFO - [2024-01-06T20:04:52.933+0000] {dag.py:3340} INFO - Setting next_dagrun for user_processing to 2024-01-05T00:00:00+00:00, run_after=2024-01-06T00:00:00+00:00
[2024-01-06T20:04:53.121+0000] {processor.py:176} INFO - Processing /opt/airflow/dags/user_processing.py took 0.563 seconds
[2024-01-06T20:05:23.664+0000] {processor.py:154} INFO - Started process (PID=758) to work on /opt/airflow/dags/user_processing.py
[2024-01-06T20:05:23.667+0000] {processor.py:756} INFO - Processing file /opt/airflow/dags/user_processing.py for tasks to queue
[2024-01-06T20:05:23.668+0000] {logging_mixin.py:120} INFO - [2024-01-06T20:05:23.668+0000] {dagbag.py:537} INFO - Filling up the DagBag from /opt/airflow/dags/user_processing.py
[2024-01-06T20:05:23.868+0000] {processor.py:766} INFO - DAG(s) dict_keys(['user_processing']) retrieved from /opt/airflow/dags/user_processing.py
[2024-01-06T20:05:23.988+0000] {logging_mixin.py:120} INFO - [2024-01-06T20:05:23.988+0000] {dag.py:2585} INFO - Sync 1 DAGs
[2024-01-06T20:05:24.002+0000] {logging_mixin.py:120} INFO - [2024-01-06T20:05:24.002+0000] {dag.py:3340} INFO - Setting next_dagrun for user_processing to 2024-01-05T00:00:00+00:00, run_after=2024-01-06T00:00:00+00:00
[2024-01-06T20:05:24.012+0000] {processor.py:176} INFO - Processing /opt/airflow/dags/user_processing.py took 0.356 seconds
[2024-01-06T20:05:54.580+0000] {processor.py:154} INFO - Started process (PID=795) to work on /opt/airflow/dags/user_processing.py
[2024-01-06T20:05:54.583+0000] {processor.py:756} INFO - Processing file /opt/airflow/dags/user_processing.py for tasks to queue
[2024-01-06T20:05:54.584+0000] {logging_mixin.py:120} INFO - [2024-01-06T20:05:54.584+0000] {dagbag.py:537} INFO - Filling up the DagBag from /opt/airflow/dags/user_processing.py
[2024-01-06T20:05:54.755+0000] {processor.py:766} INFO - DAG(s) dict_keys(['user_processing']) retrieved from /opt/airflow/dags/user_processing.py
[2024-01-06T20:05:54.874+0000] {logging_mixin.py:120} INFO - [2024-01-06T20:05:54.873+0000] {dag.py:2585} INFO - Sync 1 DAGs
[2024-01-06T20:05:54.888+0000] {logging_mixin.py:120} INFO - [2024-01-06T20:05:54.888+0000] {dag.py:3340} INFO - Setting next_dagrun for user_processing to 2024-01-05T00:00:00+00:00, run_after=2024-01-06T00:00:00+00:00
[2024-01-06T20:05:54.899+0000] {processor.py:176} INFO - Processing /opt/airflow/dags/user_processing.py took 0.327 seconds
[2024-01-06T20:06:25.437+0000] {processor.py:154} INFO - Started process (PID=832) to work on /opt/airflow/dags/user_processing.py
[2024-01-06T20:06:25.439+0000] {processor.py:756} INFO - Processing file /opt/airflow/dags/user_processing.py for tasks to queue
[2024-01-06T20:06:25.440+0000] {logging_mixin.py:120} INFO - [2024-01-06T20:06:25.440+0000] {dagbag.py:537} INFO - Filling up the DagBag from /opt/airflow/dags/user_processing.py
[2024-01-06T20:06:25.641+0000] {processor.py:766} INFO - DAG(s) dict_keys(['user_processing']) retrieved from /opt/airflow/dags/user_processing.py
[2024-01-06T20:06:25.769+0000] {logging_mixin.py:120} INFO - [2024-01-06T20:06:25.769+0000] {dag.py:2585} INFO - Sync 1 DAGs
[2024-01-06T20:06:25.784+0000] {logging_mixin.py:120} INFO - [2024-01-06T20:06:25.783+0000] {dag.py:3340} INFO - Setting next_dagrun for user_processing to 2024-01-05T00:00:00+00:00, run_after=2024-01-06T00:00:00+00:00
[2024-01-06T20:06:25.794+0000] {processor.py:176} INFO - Processing /opt/airflow/dags/user_processing.py took 0.362 seconds
[2024-01-06T20:06:56.380+0000] {processor.py:154} INFO - Started process (PID=869) to work on /opt/airflow/dags/user_processing.py
[2024-01-06T20:06:56.383+0000] {processor.py:756} INFO - Processing file /opt/airflow/dags/user_processing.py for tasks to queue
[2024-01-06T20:06:56.385+0000] {logging_mixin.py:120} INFO - [2024-01-06T20:06:56.385+0000] {dagbag.py:537} INFO - Filling up the DagBag from /opt/airflow/dags/user_processing.py
[2024-01-06T20:06:56.588+0000] {processor.py:766} INFO - DAG(s) dict_keys(['user_processing']) retrieved from /opt/airflow/dags/user_processing.py
[2024-01-06T20:06:56.709+0000] {logging_mixin.py:120} INFO - [2024-01-06T20:06:56.709+0000] {dag.py:2585} INFO - Sync 1 DAGs
[2024-01-06T20:06:56.723+0000] {logging_mixin.py:120} INFO - [2024-01-06T20:06:56.723+0000] {dag.py:3340} INFO - Setting next_dagrun for user_processing to 2024-01-05T00:00:00+00:00, run_after=2024-01-06T00:00:00+00:00
[2024-01-06T20:06:56.732+0000] {processor.py:176} INFO - Processing /opt/airflow/dags/user_processing.py took 0.358 seconds
[2024-01-06T20:07:27.413+0000] {processor.py:154} INFO - Started process (PID=903) to work on /opt/airflow/dags/user_processing.py
[2024-01-06T20:07:27.427+0000] {processor.py:756} INFO - Processing file /opt/airflow/dags/user_processing.py for tasks to queue
[2024-01-06T20:07:27.433+0000] {logging_mixin.py:120} INFO - [2024-01-06T20:07:27.432+0000] {dagbag.py:537} INFO - Filling up the DagBag from /opt/airflow/dags/user_processing.py
[2024-01-06T20:07:29.077+0000] {processor.py:766} INFO - DAG(s) dict_keys(['user_processing']) retrieved from /opt/airflow/dags/user_processing.py
[2024-01-06T20:07:29.602+0000] {logging_mixin.py:120} INFO - [2024-01-06T20:07:29.601+0000] {dag.py:2585} INFO - Sync 1 DAGs
[2024-01-06T20:07:29.627+0000] {logging_mixin.py:120} INFO - [2024-01-06T20:07:29.627+0000] {dag.py:3340} INFO - Setting next_dagrun for user_processing to 2024-01-05T00:00:00+00:00, run_after=2024-01-06T00:00:00+00:00
[2024-01-06T20:07:29.646+0000] {processor.py:176} INFO - Processing /opt/airflow/dags/user_processing.py took 2.270 seconds
[2024-01-06T20:07:59.887+0000] {processor.py:154} INFO - Started process (PID=937) to work on /opt/airflow/dags/user_processing.py
[2024-01-06T20:07:59.888+0000] {processor.py:756} INFO - Processing file /opt/airflow/dags/user_processing.py for tasks to queue
[2024-01-06T20:07:59.888+0000] {logging_mixin.py:120} INFO - [2024-01-06T20:07:59.888+0000] {dagbag.py:537} INFO - Filling up the DagBag from /opt/airflow/dags/user_processing.py
[2024-01-06T20:08:00.081+0000] {processor.py:766} INFO - DAG(s) dict_keys(['user_processing']) retrieved from /opt/airflow/dags/user_processing.py
[2024-01-06T20:08:00.191+0000] {logging_mixin.py:120} INFO - [2024-01-06T20:08:00.191+0000] {dag.py:2585} INFO - Sync 1 DAGs
[2024-01-06T20:08:00.206+0000] {logging_mixin.py:120} INFO - [2024-01-06T20:08:00.206+0000] {dag.py:3340} INFO - Setting next_dagrun for user_processing to 2024-01-05T00:00:00+00:00, run_after=2024-01-06T00:00:00+00:00
[2024-01-06T20:08:00.673+0000] {processor.py:176} INFO - Processing /opt/airflow/dags/user_processing.py took 0.788 seconds
[2024-01-06T20:08:31.539+0000] {processor.py:154} INFO - Started process (PID=978) to work on /opt/airflow/dags/user_processing.py
[2024-01-06T20:08:31.541+0000] {processor.py:756} INFO - Processing file /opt/airflow/dags/user_processing.py for tasks to queue
[2024-01-06T20:08:31.542+0000] {logging_mixin.py:120} INFO - [2024-01-06T20:08:31.542+0000] {dagbag.py:537} INFO - Filling up the DagBag from /opt/airflow/dags/user_processing.py
[2024-01-06T20:08:31.700+0000] {processor.py:766} INFO - DAG(s) dict_keys(['user_processing']) retrieved from /opt/airflow/dags/user_processing.py
[2024-01-06T20:08:31.825+0000] {logging_mixin.py:120} INFO - [2024-01-06T20:08:31.824+0000] {dag.py:2585} INFO - Sync 1 DAGs
[2024-01-06T20:08:31.842+0000] {logging_mixin.py:120} INFO - [2024-01-06T20:08:31.842+0000] {dag.py:3340} INFO - Setting next_dagrun for user_processing to 2024-01-05T00:00:00+00:00, run_after=2024-01-06T00:00:00+00:00
[2024-01-06T20:08:31.853+0000] {processor.py:176} INFO - Processing /opt/airflow/dags/user_processing.py took 0.318 seconds
[2024-01-06T20:09:02.263+0000] {processor.py:154} INFO - Started process (PID=1015) to work on /opt/airflow/dags/user_processing.py
[2024-01-06T20:09:02.267+0000] {processor.py:756} INFO - Processing file /opt/airflow/dags/user_processing.py for tasks to queue
[2024-01-06T20:09:02.269+0000] {logging_mixin.py:120} INFO - [2024-01-06T20:09:02.269+0000] {dagbag.py:537} INFO - Filling up the DagBag from /opt/airflow/dags/user_processing.py
[2024-01-06T20:09:02.790+0000] {processor.py:766} INFO - DAG(s) dict_keys(['user_processing']) retrieved from /opt/airflow/dags/user_processing.py
[2024-01-06T20:09:03.031+0000] {logging_mixin.py:120} INFO - [2024-01-06T20:09:03.031+0000] {dag.py:2585} INFO - Sync 1 DAGs
[2024-01-06T20:09:03.056+0000] {logging_mixin.py:120} INFO - [2024-01-06T20:09:03.056+0000] {dag.py:3340} INFO - Setting next_dagrun for user_processing to 2024-01-05T00:00:00+00:00, run_after=2024-01-06T00:00:00+00:00
[2024-01-06T20:09:03.075+0000] {processor.py:176} INFO - Processing /opt/airflow/dags/user_processing.py took 0.824 seconds
[2024-01-06T20:09:34.055+0000] {processor.py:154} INFO - Started process (PID=1052) to work on /opt/airflow/dags/user_processing.py
[2024-01-06T20:09:34.056+0000] {processor.py:756} INFO - Processing file /opt/airflow/dags/user_processing.py for tasks to queue
[2024-01-06T20:09:34.057+0000] {logging_mixin.py:120} INFO - [2024-01-06T20:09:34.057+0000] {dagbag.py:537} INFO - Filling up the DagBag from /opt/airflow/dags/user_processing.py
[2024-01-06T20:09:34.289+0000] {processor.py:766} INFO - DAG(s) dict_keys(['user_processing']) retrieved from /opt/airflow/dags/user_processing.py
[2024-01-06T20:09:34.490+0000] {logging_mixin.py:120} INFO - [2024-01-06T20:09:34.489+0000] {dag.py:2585} INFO - Sync 1 DAGs
[2024-01-06T20:09:34.506+0000] {logging_mixin.py:120} INFO - [2024-01-06T20:09:34.506+0000] {dag.py:3340} INFO - Setting next_dagrun for user_processing to 2024-01-05T00:00:00+00:00, run_after=2024-01-06T00:00:00+00:00
[2024-01-06T20:09:34.517+0000] {processor.py:176} INFO - Processing /opt/airflow/dags/user_processing.py took 0.465 seconds
[2024-01-06T20:10:05.331+0000] {processor.py:154} INFO - Started process (PID=1089) to work on /opt/airflow/dags/user_processing.py
[2024-01-06T20:10:05.334+0000] {processor.py:756} INFO - Processing file /opt/airflow/dags/user_processing.py for tasks to queue
[2024-01-06T20:10:05.336+0000] {logging_mixin.py:120} INFO - [2024-01-06T20:10:05.336+0000] {dagbag.py:537} INFO - Filling up the DagBag from /opt/airflow/dags/user_processing.py
[2024-01-06T20:10:05.601+0000] {processor.py:766} INFO - DAG(s) dict_keys(['user_processing']) retrieved from /opt/airflow/dags/user_processing.py
[2024-01-06T20:10:05.764+0000] {logging_mixin.py:120} INFO - [2024-01-06T20:10:05.764+0000] {dag.py:2585} INFO - Sync 1 DAGs
[2024-01-06T20:10:05.783+0000] {logging_mixin.py:120} INFO - [2024-01-06T20:10:05.783+0000] {dag.py:3340} INFO - Setting next_dagrun for user_processing to 2024-01-05T00:00:00+00:00, run_after=2024-01-06T00:00:00+00:00
[2024-01-06T20:10:05.793+0000] {processor.py:176} INFO - Processing /opt/airflow/dags/user_processing.py took 0.483 seconds
[2024-01-06T20:10:36.615+0000] {processor.py:154} INFO - Started process (PID=1126) to work on /opt/airflow/dags/user_processing.py
[2024-01-06T20:10:36.616+0000] {processor.py:756} INFO - Processing file /opt/airflow/dags/user_processing.py for tasks to queue
[2024-01-06T20:10:36.617+0000] {logging_mixin.py:120} INFO - [2024-01-06T20:10:36.617+0000] {dagbag.py:537} INFO - Filling up the DagBag from /opt/airflow/dags/user_processing.py
[2024-01-06T20:10:36.849+0000] {processor.py:766} INFO - DAG(s) dict_keys(['user_processing']) retrieved from /opt/airflow/dags/user_processing.py
[2024-01-06T20:10:36.961+0000] {logging_mixin.py:120} INFO - [2024-01-06T20:10:36.961+0000] {dag.py:2585} INFO - Sync 1 DAGs
[2024-01-06T20:10:36.976+0000] {logging_mixin.py:120} INFO - [2024-01-06T20:10:36.976+0000] {dag.py:3340} INFO - Setting next_dagrun for user_processing to 2024-01-05T00:00:00+00:00, run_after=2024-01-06T00:00:00+00:00
[2024-01-06T20:10:36.987+0000] {processor.py:176} INFO - Processing /opt/airflow/dags/user_processing.py took 0.376 seconds
[2024-01-06T20:11:07.640+0000] {processor.py:154} INFO - Started process (PID=1154) to work on /opt/airflow/dags/user_processing.py
[2024-01-06T20:11:07.643+0000] {processor.py:756} INFO - Processing file /opt/airflow/dags/user_processing.py for tasks to queue
[2024-01-06T20:11:07.644+0000] {logging_mixin.py:120} INFO - [2024-01-06T20:11:07.644+0000] {dagbag.py:537} INFO - Filling up the DagBag from /opt/airflow/dags/user_processing.py
[2024-01-06T20:11:07.829+0000] {processor.py:766} INFO - DAG(s) dict_keys(['user_processing']) retrieved from /opt/airflow/dags/user_processing.py
[2024-01-06T20:11:07.973+0000] {logging_mixin.py:120} INFO - [2024-01-06T20:11:07.973+0000] {dag.py:2585} INFO - Sync 1 DAGs
[2024-01-06T20:11:08.366+0000] {logging_mixin.py:120} INFO - [2024-01-06T20:11:08.365+0000] {dag.py:3340} INFO - Setting next_dagrun for user_processing to 2024-01-05T00:00:00+00:00, run_after=2024-01-06T00:00:00+00:00
[2024-01-06T20:11:08.397+0000] {processor.py:176} INFO - Processing /opt/airflow/dags/user_processing.py took 0.766 seconds
[2024-01-06T20:11:38.742+0000] {processor.py:154} INFO - Started process (PID=1191) to work on /opt/airflow/dags/user_processing.py
[2024-01-06T20:11:38.754+0000] {processor.py:756} INFO - Processing file /opt/airflow/dags/user_processing.py for tasks to queue
[2024-01-06T20:11:38.758+0000] {logging_mixin.py:120} INFO - [2024-01-06T20:11:38.757+0000] {dagbag.py:537} INFO - Filling up the DagBag from /opt/airflow/dags/user_processing.py
[2024-01-06T20:11:39.005+0000] {processor.py:766} INFO - DAG(s) dict_keys(['user_processing']) retrieved from /opt/airflow/dags/user_processing.py
[2024-01-06T20:11:39.137+0000] {logging_mixin.py:120} INFO - [2024-01-06T20:11:39.137+0000] {dag.py:2585} INFO - Sync 1 DAGs
[2024-01-06T20:11:39.154+0000] {logging_mixin.py:120} INFO - [2024-01-06T20:11:39.154+0000] {dag.py:3340} INFO - Setting next_dagrun for user_processing to 2024-01-05T00:00:00+00:00, run_after=2024-01-06T00:00:00+00:00
[2024-01-06T20:11:39.163+0000] {processor.py:176} INFO - Processing /opt/airflow/dags/user_processing.py took 0.430 seconds
[2024-01-06T20:12:09.663+0000] {processor.py:154} INFO - Started process (PID=1228) to work on /opt/airflow/dags/user_processing.py
[2024-01-06T20:12:09.666+0000] {processor.py:756} INFO - Processing file /opt/airflow/dags/user_processing.py for tasks to queue
[2024-01-06T20:12:09.668+0000] {logging_mixin.py:120} INFO - [2024-01-06T20:12:09.668+0000] {dagbag.py:537} INFO - Filling up the DagBag from /opt/airflow/dags/user_processing.py
[2024-01-06T20:12:09.906+0000] {processor.py:766} INFO - DAG(s) dict_keys(['user_processing']) retrieved from /opt/airflow/dags/user_processing.py
[2024-01-06T20:12:10.071+0000] {logging_mixin.py:120} INFO - [2024-01-06T20:12:10.070+0000] {dag.py:2585} INFO - Sync 1 DAGs
[2024-01-06T20:12:10.101+0000] {logging_mixin.py:120} INFO - [2024-01-06T20:12:10.101+0000] {dag.py:3340} INFO - Setting next_dagrun for user_processing to 2024-01-05T00:00:00+00:00, run_after=2024-01-06T00:00:00+00:00
[2024-01-06T20:12:10.114+0000] {processor.py:176} INFO - Processing /opt/airflow/dags/user_processing.py took 0.461 seconds
[2024-01-06T20:12:41.058+0000] {processor.py:154} INFO - Started process (PID=1265) to work on /opt/airflow/dags/user_processing.py
[2024-01-06T20:12:41.061+0000] {processor.py:756} INFO - Processing file /opt/airflow/dags/user_processing.py for tasks to queue
[2024-01-06T20:12:41.061+0000] {logging_mixin.py:120} INFO - [2024-01-06T20:12:41.061+0000] {dagbag.py:537} INFO - Filling up the DagBag from /opt/airflow/dags/user_processing.py
[2024-01-06T20:12:41.344+0000] {processor.py:766} INFO - DAG(s) dict_keys(['user_processing']) retrieved from /opt/airflow/dags/user_processing.py
[2024-01-06T20:12:41.470+0000] {logging_mixin.py:120} INFO - [2024-01-06T20:12:41.470+0000] {dag.py:2585} INFO - Sync 1 DAGs
[2024-01-06T20:12:41.489+0000] {logging_mixin.py:120} INFO - [2024-01-06T20:12:41.489+0000] {dag.py:3340} INFO - Setting next_dagrun for user_processing to 2024-01-05T00:00:00+00:00, run_after=2024-01-06T00:00:00+00:00
[2024-01-06T20:12:41.502+0000] {processor.py:176} INFO - Processing /opt/airflow/dags/user_processing.py took 0.450 seconds
[2024-01-06T20:13:12.189+0000] {processor.py:154} INFO - Started process (PID=1302) to work on /opt/airflow/dags/user_processing.py
[2024-01-06T20:13:12.191+0000] {processor.py:756} INFO - Processing file /opt/airflow/dags/user_processing.py for tasks to queue
[2024-01-06T20:13:12.193+0000] {logging_mixin.py:120} INFO - [2024-01-06T20:13:12.192+0000] {dagbag.py:537} INFO - Filling up the DagBag from /opt/airflow/dags/user_processing.py
[2024-01-06T20:13:12.369+0000] {processor.py:766} INFO - DAG(s) dict_keys(['user_processing']) retrieved from /opt/airflow/dags/user_processing.py
[2024-01-06T20:13:12.489+0000] {logging_mixin.py:120} INFO - [2024-01-06T20:13:12.489+0000] {dag.py:2585} INFO - Sync 1 DAGs
[2024-01-06T20:13:12.503+0000] {logging_mixin.py:120} INFO - [2024-01-06T20:13:12.503+0000] {dag.py:3340} INFO - Setting next_dagrun for user_processing to 2024-01-05T00:00:00+00:00, run_after=2024-01-06T00:00:00+00:00
[2024-01-06T20:13:12.512+0000] {processor.py:176} INFO - Processing /opt/airflow/dags/user_processing.py took 0.328 seconds
[2024-01-06T20:13:43.104+0000] {processor.py:154} INFO - Started process (PID=1339) to work on /opt/airflow/dags/user_processing.py
[2024-01-06T20:13:43.107+0000] {processor.py:756} INFO - Processing file /opt/airflow/dags/user_processing.py for tasks to queue
[2024-01-06T20:13:43.108+0000] {logging_mixin.py:120} INFO - [2024-01-06T20:13:43.108+0000] {dagbag.py:537} INFO - Filling up the DagBag from /opt/airflow/dags/user_processing.py
[2024-01-06T20:13:43.271+0000] {processor.py:766} INFO - DAG(s) dict_keys(['user_processing']) retrieved from /opt/airflow/dags/user_processing.py
[2024-01-06T20:13:43.371+0000] {logging_mixin.py:120} INFO - [2024-01-06T20:13:43.371+0000] {dag.py:2585} INFO - Sync 1 DAGs
[2024-01-06T20:13:43.383+0000] {logging_mixin.py:120} INFO - [2024-01-06T20:13:43.383+0000] {dag.py:3340} INFO - Setting next_dagrun for user_processing to 2024-01-05T00:00:00+00:00, run_after=2024-01-06T00:00:00+00:00
[2024-01-06T20:13:43.392+0000] {processor.py:176} INFO - Processing /opt/airflow/dags/user_processing.py took 0.295 seconds
[2024-01-06T20:14:13.957+0000] {processor.py:154} INFO - Started process (PID=1376) to work on /opt/airflow/dags/user_processing.py
[2024-01-06T20:14:13.958+0000] {processor.py:756} INFO - Processing file /opt/airflow/dags/user_processing.py for tasks to queue
[2024-01-06T20:14:13.958+0000] {logging_mixin.py:120} INFO - [2024-01-06T20:14:13.958+0000] {dagbag.py:537} INFO - Filling up the DagBag from /opt/airflow/dags/user_processing.py
[2024-01-06T20:14:14.115+0000] {processor.py:766} INFO - DAG(s) dict_keys(['user_processing']) retrieved from /opt/airflow/dags/user_processing.py
[2024-01-06T20:14:14.218+0000] {logging_mixin.py:120} INFO - [2024-01-06T20:14:14.218+0000] {dag.py:2585} INFO - Sync 1 DAGs
[2024-01-06T20:14:14.434+0000] {logging_mixin.py:120} INFO - [2024-01-06T20:14:14.433+0000] {dag.py:3340} INFO - Setting next_dagrun for user_processing to 2024-01-05T00:00:00+00:00, run_after=2024-01-06T00:00:00+00:00
[2024-01-06T20:14:14.442+0000] {processor.py:176} INFO - Processing /opt/airflow/dags/user_processing.py took 0.488 seconds
[2024-01-06T20:14:44.731+0000] {processor.py:154} INFO - Started process (PID=1404) to work on /opt/airflow/dags/user_processing.py
[2024-01-06T20:14:44.734+0000] {processor.py:756} INFO - Processing file /opt/airflow/dags/user_processing.py for tasks to queue
[2024-01-06T20:14:44.735+0000] {logging_mixin.py:120} INFO - [2024-01-06T20:14:44.735+0000] {dagbag.py:537} INFO - Filling up the DagBag from /opt/airflow/dags/user_processing.py
[2024-01-06T20:14:44.991+0000] {processor.py:766} INFO - DAG(s) dict_keys(['user_processing']) retrieved from /opt/airflow/dags/user_processing.py
[2024-01-06T20:14:45.130+0000] {logging_mixin.py:120} INFO - [2024-01-06T20:14:45.129+0000] {dag.py:2585} INFO - Sync 1 DAGs
[2024-01-06T20:14:45.146+0000] {logging_mixin.py:120} INFO - [2024-01-06T20:14:45.146+0000] {dag.py:3340} INFO - Setting next_dagrun for user_processing to 2024-01-05T00:00:00+00:00, run_after=2024-01-06T00:00:00+00:00
[2024-01-06T20:14:45.156+0000] {processor.py:176} INFO - Processing /opt/airflow/dags/user_processing.py took 0.435 seconds
[2024-01-06T20:15:15.910+0000] {processor.py:154} INFO - Started process (PID=1442) to work on /opt/airflow/dags/user_processing.py
[2024-01-06T20:15:15.911+0000] {processor.py:756} INFO - Processing file /opt/airflow/dags/user_processing.py for tasks to queue
[2024-01-06T20:15:15.912+0000] {logging_mixin.py:120} INFO - [2024-01-06T20:15:15.912+0000] {dagbag.py:537} INFO - Filling up the DagBag from /opt/airflow/dags/user_processing.py
[2024-01-06T20:15:16.092+0000] {processor.py:766} INFO - DAG(s) dict_keys(['user_processing']) retrieved from /opt/airflow/dags/user_processing.py
[2024-01-06T20:15:16.216+0000] {logging_mixin.py:120} INFO - [2024-01-06T20:15:16.215+0000] {dag.py:2585} INFO - Sync 1 DAGs
[2024-01-06T20:15:16.232+0000] {logging_mixin.py:120} INFO - [2024-01-06T20:15:16.231+0000] {dag.py:3340} INFO - Setting next_dagrun for user_processing to 2024-01-05T00:00:00+00:00, run_after=2024-01-06T00:00:00+00:00
[2024-01-06T20:15:16.241+0000] {processor.py:176} INFO - Processing /opt/airflow/dags/user_processing.py took 0.335 seconds
[2024-01-06T20:15:46.811+0000] {processor.py:154} INFO - Started process (PID=1479) to work on /opt/airflow/dags/user_processing.py
[2024-01-06T20:15:46.814+0000] {processor.py:756} INFO - Processing file /opt/airflow/dags/user_processing.py for tasks to queue
[2024-01-06T20:15:46.815+0000] {logging_mixin.py:120} INFO - [2024-01-06T20:15:46.815+0000] {dagbag.py:537} INFO - Filling up the DagBag from /opt/airflow/dags/user_processing.py
[2024-01-06T20:15:46.998+0000] {processor.py:766} INFO - DAG(s) dict_keys(['user_processing']) retrieved from /opt/airflow/dags/user_processing.py
[2024-01-06T20:15:47.110+0000] {logging_mixin.py:120} INFO - [2024-01-06T20:15:47.109+0000] {dag.py:2585} INFO - Sync 1 DAGs
[2024-01-06T20:15:47.123+0000] {logging_mixin.py:120} INFO - [2024-01-06T20:15:47.123+0000] {dag.py:3340} INFO - Setting next_dagrun for user_processing to 2024-01-05T00:00:00+00:00, run_after=2024-01-06T00:00:00+00:00
[2024-01-06T20:15:47.131+0000] {processor.py:176} INFO - Processing /opt/airflow/dags/user_processing.py took 0.327 seconds
[2024-01-06T20:16:17.718+0000] {processor.py:154} INFO - Started process (PID=1515) to work on /opt/airflow/dags/user_processing.py
[2024-01-06T20:16:17.720+0000] {processor.py:756} INFO - Processing file /opt/airflow/dags/user_processing.py for tasks to queue
[2024-01-06T20:16:17.720+0000] {logging_mixin.py:120} INFO - [2024-01-06T20:16:17.720+0000] {dagbag.py:537} INFO - Filling up the DagBag from /opt/airflow/dags/user_processing.py
[2024-01-06T20:16:18.012+0000] {processor.py:766} INFO - DAG(s) dict_keys(['user_processing']) retrieved from /opt/airflow/dags/user_processing.py
[2024-01-06T20:16:18.159+0000] {logging_mixin.py:120} INFO - [2024-01-06T20:16:18.159+0000] {dag.py:2585} INFO - Sync 1 DAGs
[2024-01-06T20:16:18.175+0000] {logging_mixin.py:120} INFO - [2024-01-06T20:16:18.175+0000] {dag.py:3340} INFO - Setting next_dagrun for user_processing to 2024-01-05T00:00:00+00:00, run_after=2024-01-06T00:00:00+00:00
[2024-01-06T20:16:18.185+0000] {processor.py:176} INFO - Processing /opt/airflow/dags/user_processing.py took 0.473 seconds
[2024-01-06T20:16:48.251+0000] {processor.py:154} INFO - Started process (PID=1552) to work on /opt/airflow/dags/user_processing.py
[2024-01-06T20:16:48.253+0000] {processor.py:756} INFO - Processing file /opt/airflow/dags/user_processing.py for tasks to queue
[2024-01-06T20:16:48.254+0000] {logging_mixin.py:120} INFO - [2024-01-06T20:16:48.254+0000] {dagbag.py:537} INFO - Filling up the DagBag from /opt/airflow/dags/user_processing.py
[2024-01-06T20:16:48.719+0000] {processor.py:766} INFO - DAG(s) dict_keys(['user_processing']) retrieved from /opt/airflow/dags/user_processing.py
[2024-01-06T20:16:48.911+0000] {logging_mixin.py:120} INFO - [2024-01-06T20:16:48.911+0000] {dag.py:2585} INFO - Sync 1 DAGs
[2024-01-06T20:16:48.942+0000] {logging_mixin.py:120} INFO - [2024-01-06T20:16:48.942+0000] {dag.py:3340} INFO - Setting next_dagrun for user_processing to 2024-01-05T00:00:00+00:00, run_after=2024-01-06T00:00:00+00:00
[2024-01-06T20:16:48.961+0000] {processor.py:176} INFO - Processing /opt/airflow/dags/user_processing.py took 0.716 seconds
[2024-01-06T20:34:32.302+0000] {processor.py:154} INFO - Started process (PID=51) to work on /opt/airflow/dags/user_processing.py
[2024-01-06T20:34:32.307+0000] {processor.py:756} INFO - Processing file /opt/airflow/dags/user_processing.py for tasks to queue
[2024-01-06T20:34:32.308+0000] {logging_mixin.py:120} INFO - [2024-01-06T20:34:32.308+0000] {dagbag.py:537} INFO - Filling up the DagBag from /opt/airflow/dags/user_processing.py
[2024-01-06T20:34:32.974+0000] {processor.py:766} INFO - DAG(s) dict_keys(['user_processing']) retrieved from /opt/airflow/dags/user_processing.py
[2024-01-06T20:34:33.617+0000] {logging_mixin.py:120} INFO - [2024-01-06T20:34:33.615+0000] {dag.py:2585} INFO - Sync 1 DAGs
[2024-01-06T20:34:33.671+0000] {logging_mixin.py:120} INFO - [2024-01-06T20:34:33.671+0000] {dag.py:3340} INFO - Setting next_dagrun for user_processing to 2024-01-05T00:00:00+00:00, run_after=2024-01-06T00:00:00+00:00
[2024-01-06T20:34:34.910+0000] {processor.py:176} INFO - Processing /opt/airflow/dags/user_processing.py took 2.626 seconds
[2024-01-06T21:28:02.125+0000] {processor.py:154} INFO - Started process (PID=54) to work on /opt/airflow/dags/user_processing.py
[2024-01-06T21:28:02.126+0000] {processor.py:756} INFO - Processing file /opt/airflow/dags/user_processing.py for tasks to queue
[2024-01-06T21:28:02.128+0000] {logging_mixin.py:120} INFO - [2024-01-06T21:28:02.128+0000] {dagbag.py:537} INFO - Filling up the DagBag from /opt/airflow/dags/user_processing.py
[2024-01-06T21:28:03.308+0000] {processor.py:766} INFO - DAG(s) dict_keys(['user_processing']) retrieved from /opt/airflow/dags/user_processing.py
[2024-01-06T21:28:03.547+0000] {logging_mixin.py:120} INFO - [2024-01-06T21:28:03.546+0000] {dag.py:2585} INFO - Sync 1 DAGs
[2024-01-06T21:28:03.572+0000] {logging_mixin.py:120} INFO - [2024-01-06T21:28:03.572+0000] {dag.py:3340} INFO - Setting next_dagrun for user_processing to 2024-01-05T00:00:00+00:00, run_after=2024-01-06T00:00:00+00:00
[2024-01-06T21:28:03.589+0000] {processor.py:176} INFO - Processing /opt/airflow/dags/user_processing.py took 1.475 seconds
[2024-01-06T21:28:33.837+0000] {processor.py:154} INFO - Started process (PID=91) to work on /opt/airflow/dags/user_processing.py
[2024-01-06T21:28:33.839+0000] {processor.py:756} INFO - Processing file /opt/airflow/dags/user_processing.py for tasks to queue
[2024-01-06T21:28:33.842+0000] {logging_mixin.py:120} INFO - [2024-01-06T21:28:33.842+0000] {dagbag.py:537} INFO - Filling up the DagBag from /opt/airflow/dags/user_processing.py
[2024-01-06T21:28:34.749+0000] {processor.py:766} INFO - DAG(s) dict_keys(['user_processing']) retrieved from /opt/airflow/dags/user_processing.py
[2024-01-06T21:28:35.022+0000] {logging_mixin.py:120} INFO - [2024-01-06T21:28:35.022+0000] {dag.py:2585} INFO - Sync 1 DAGs
[2024-01-06T21:28:35.040+0000] {logging_mixin.py:120} INFO - [2024-01-06T21:28:35.040+0000] {dag.py:3340} INFO - Setting next_dagrun for user_processing to 2024-01-05T00:00:00+00:00, run_after=2024-01-06T00:00:00+00:00
[2024-01-06T21:28:35.051+0000] {processor.py:176} INFO - Processing /opt/airflow/dags/user_processing.py took 1.221 seconds
[2024-01-06T21:29:05.693+0000] {processor.py:154} INFO - Started process (PID=129) to work on /opt/airflow/dags/user_processing.py
[2024-01-06T21:29:05.695+0000] {processor.py:756} INFO - Processing file /opt/airflow/dags/user_processing.py for tasks to queue
[2024-01-06T21:29:05.695+0000] {logging_mixin.py:120} INFO - [2024-01-06T21:29:05.695+0000] {dagbag.py:537} INFO - Filling up the DagBag from /opt/airflow/dags/user_processing.py
[2024-01-06T21:29:06.121+0000] {processor.py:766} INFO - DAG(s) dict_keys(['user_processing']) retrieved from /opt/airflow/dags/user_processing.py
[2024-01-06T21:29:06.235+0000] {logging_mixin.py:120} INFO - [2024-01-06T21:29:06.235+0000] {dag.py:2585} INFO - Sync 1 DAGs
[2024-01-06T21:29:06.250+0000] {logging_mixin.py:120} INFO - [2024-01-06T21:29:06.250+0000] {dag.py:3340} INFO - Setting next_dagrun for user_processing to 2024-01-05T00:00:00+00:00, run_after=2024-01-06T00:00:00+00:00
[2024-01-06T21:29:06.262+0000] {processor.py:176} INFO - Processing /opt/airflow/dags/user_processing.py took 0.572 seconds
[2024-01-06T21:29:36.977+0000] {processor.py:154} INFO - Started process (PID=157) to work on /opt/airflow/dags/user_processing.py
[2024-01-06T21:29:36.979+0000] {processor.py:756} INFO - Processing file /opt/airflow/dags/user_processing.py for tasks to queue
[2024-01-06T21:29:36.980+0000] {logging_mixin.py:120} INFO - [2024-01-06T21:29:36.980+0000] {dagbag.py:537} INFO - Filling up the DagBag from /opt/airflow/dags/user_processing.py
[2024-01-06T21:29:37.614+0000] {processor.py:766} INFO - DAG(s) dict_keys(['user_processing']) retrieved from /opt/airflow/dags/user_processing.py
[2024-01-06T21:29:37.758+0000] {logging_mixin.py:120} INFO - [2024-01-06T21:29:37.758+0000] {dag.py:2585} INFO - Sync 1 DAGs
[2024-01-06T21:29:37.772+0000] {logging_mixin.py:120} INFO - [2024-01-06T21:29:37.772+0000] {dag.py:3340} INFO - Setting next_dagrun for user_processing to 2024-01-05T00:00:00+00:00, run_after=2024-01-06T00:00:00+00:00
[2024-01-06T21:29:37.784+0000] {processor.py:176} INFO - Processing /opt/airflow/dags/user_processing.py took 0.817 seconds
[2024-01-06T21:30:08.405+0000] {processor.py:154} INFO - Started process (PID=194) to work on /opt/airflow/dags/user_processing.py
[2024-01-06T21:30:08.408+0000] {processor.py:756} INFO - Processing file /opt/airflow/dags/user_processing.py for tasks to queue
[2024-01-06T21:30:08.409+0000] {logging_mixin.py:120} INFO - [2024-01-06T21:30:08.409+0000] {dagbag.py:537} INFO - Filling up the DagBag from /opt/airflow/dags/user_processing.py
[2024-01-06T21:30:08.885+0000] {processor.py:766} INFO - DAG(s) dict_keys(['user_processing']) retrieved from /opt/airflow/dags/user_processing.py
[2024-01-06T21:30:09.009+0000] {logging_mixin.py:120} INFO - [2024-01-06T21:30:09.008+0000] {dag.py:2585} INFO - Sync 1 DAGs
[2024-01-06T21:30:09.021+0000] {logging_mixin.py:120} INFO - [2024-01-06T21:30:09.021+0000] {dag.py:3340} INFO - Setting next_dagrun for user_processing to 2024-01-05T00:00:00+00:00, run_after=2024-01-06T00:00:00+00:00
[2024-01-06T21:30:09.031+0000] {processor.py:176} INFO - Processing /opt/airflow/dags/user_processing.py took 0.632 seconds
[2024-01-06T21:30:39.586+0000] {processor.py:154} INFO - Started process (PID=231) to work on /opt/airflow/dags/user_processing.py
[2024-01-06T21:30:39.588+0000] {processor.py:756} INFO - Processing file /opt/airflow/dags/user_processing.py for tasks to queue
[2024-01-06T21:30:39.590+0000] {logging_mixin.py:120} INFO - [2024-01-06T21:30:39.589+0000] {dagbag.py:537} INFO - Filling up the DagBag from /opt/airflow/dags/user_processing.py
[2024-01-06T21:30:40.010+0000] {processor.py:766} INFO - DAG(s) dict_keys(['user_processing']) retrieved from /opt/airflow/dags/user_processing.py
[2024-01-06T21:30:40.215+0000] {logging_mixin.py:120} INFO - [2024-01-06T21:30:40.213+0000] {dag.py:2585} INFO - Sync 1 DAGs
[2024-01-06T21:30:40.241+0000] {logging_mixin.py:120} INFO - [2024-01-06T21:30:40.241+0000] {dag.py:3340} INFO - Setting next_dagrun for user_processing to 2024-01-05T00:00:00+00:00, run_after=2024-01-06T00:00:00+00:00
[2024-01-06T21:30:40.324+0000] {processor.py:176} INFO - Processing /opt/airflow/dags/user_processing.py took 0.744 seconds
[2024-01-06T21:31:10.767+0000] {processor.py:154} INFO - Started process (PID=270) to work on /opt/airflow/dags/user_processing.py
[2024-01-06T21:31:10.768+0000] {processor.py:756} INFO - Processing file /opt/airflow/dags/user_processing.py for tasks to queue
[2024-01-06T21:31:10.769+0000] {logging_mixin.py:120} INFO - [2024-01-06T21:31:10.769+0000] {dagbag.py:537} INFO - Filling up the DagBag from /opt/airflow/dags/user_processing.py
[2024-01-06T21:31:11.133+0000] {processor.py:766} INFO - DAG(s) dict_keys(['user_processing']) retrieved from /opt/airflow/dags/user_processing.py
[2024-01-06T21:31:11.262+0000] {logging_mixin.py:120} INFO - [2024-01-06T21:31:11.262+0000] {dag.py:2585} INFO - Sync 1 DAGs
[2024-01-06T21:31:11.274+0000] {logging_mixin.py:120} INFO - [2024-01-06T21:31:11.274+0000] {dag.py:3340} INFO - Setting next_dagrun for user_processing to 2024-01-05T00:00:00+00:00, run_after=2024-01-06T00:00:00+00:00
[2024-01-06T21:31:11.283+0000] {processor.py:176} INFO - Processing /opt/airflow/dags/user_processing.py took 0.519 seconds
