[2024-01-06T19:29:28.747+0000] {processor.py:154} INFO - Started process (PID=66) to work on /opt/airflow/dags/xcom_dag.py
[2024-01-06T19:29:28.750+0000] {processor.py:756} INFO - Processing file /opt/airflow/dags/xcom_dag.py for tasks to queue
[2024-01-06T19:29:28.753+0000] {logging_mixin.py:120} INFO - [2024-01-06T19:29:28.752+0000] {dagbag.py:537} INFO - Filling up the DagBag from /opt/airflow/dags/xcom_dag.py
[2024-01-06T19:29:28.810+0000] {processor.py:766} INFO - DAG(s) dict_keys(['xcom_dag']) retrieved from /opt/airflow/dags/xcom_dag.py
[2024-01-06T19:29:29.028+0000] {logging_mixin.py:120} INFO - [2024-01-06T19:29:29.028+0000] {manager.py:507} INFO - Created Permission View: can edit on DAG:xcom_dag
[2024-01-06T19:29:29.047+0000] {logging_mixin.py:120} INFO - [2024-01-06T19:29:29.047+0000] {manager.py:507} INFO - Created Permission View: can read on DAG:xcom_dag
[2024-01-06T19:29:29.058+0000] {logging_mixin.py:120} INFO - [2024-01-06T19:29:29.058+0000] {manager.py:507} INFO - Created Permission View: can delete on DAG:xcom_dag
[2024-01-06T19:29:29.060+0000] {logging_mixin.py:120} INFO - [2024-01-06T19:29:29.059+0000] {dag.py:2585} INFO - Sync 1 DAGs
[2024-01-06T19:29:29.079+0000] {logging_mixin.py:120} INFO - [2024-01-06T19:29:29.079+0000] {dag.py:2606} INFO - Creating ORM DAG for xcom_dag
[2024-01-06T19:29:29.100+0000] {logging_mixin.py:120} INFO - [2024-01-06T19:29:29.100+0000] {dag.py:3340} INFO - Setting next_dagrun for xcom_dag to 2024-01-05T00:00:00+00:00, run_after=2024-01-06T00:00:00+00:00
[2024-01-06T19:29:29.162+0000] {processor.py:176} INFO - Processing /opt/airflow/dags/xcom_dag.py took 0.421 seconds
[2024-01-06T19:30:00.707+0000] {processor.py:154} INFO - Started process (PID=102) to work on /opt/airflow/dags/xcom_dag.py
[2024-01-06T19:30:00.708+0000] {processor.py:756} INFO - Processing file /opt/airflow/dags/xcom_dag.py for tasks to queue
[2024-01-06T19:30:00.710+0000] {logging_mixin.py:120} INFO - [2024-01-06T19:30:00.710+0000] {dagbag.py:537} INFO - Filling up the DagBag from /opt/airflow/dags/xcom_dag.py
[2024-01-06T19:30:00.734+0000] {processor.py:766} INFO - DAG(s) dict_keys(['xcom_dag']) retrieved from /opt/airflow/dags/xcom_dag.py
[2024-01-06T19:30:00.831+0000] {logging_mixin.py:120} INFO - [2024-01-06T19:30:00.830+0000] {dag.py:2585} INFO - Sync 1 DAGs
[2024-01-06T19:30:00.856+0000] {logging_mixin.py:120} INFO - [2024-01-06T19:30:00.856+0000] {dag.py:3340} INFO - Setting next_dagrun for xcom_dag to 2024-01-05T00:00:00+00:00, run_after=2024-01-06T00:00:00+00:00
[2024-01-06T19:30:00.885+0000] {processor.py:176} INFO - Processing /opt/airflow/dags/xcom_dag.py took 0.182 seconds
[2024-01-06T19:30:31.771+0000] {processor.py:154} INFO - Started process (PID=130) to work on /opt/airflow/dags/xcom_dag.py
[2024-01-06T19:30:31.772+0000] {processor.py:756} INFO - Processing file /opt/airflow/dags/xcom_dag.py for tasks to queue
[2024-01-06T19:30:31.773+0000] {logging_mixin.py:120} INFO - [2024-01-06T19:30:31.773+0000] {dagbag.py:537} INFO - Filling up the DagBag from /opt/airflow/dags/xcom_dag.py
[2024-01-06T19:30:31.795+0000] {processor.py:766} INFO - DAG(s) dict_keys(['xcom_dag']) retrieved from /opt/airflow/dags/xcom_dag.py
[2024-01-06T19:30:31.839+0000] {logging_mixin.py:120} INFO - [2024-01-06T19:30:31.839+0000] {dag.py:2585} INFO - Sync 1 DAGs
[2024-01-06T19:30:31.861+0000] {logging_mixin.py:120} INFO - [2024-01-06T19:30:31.861+0000] {dag.py:3340} INFO - Setting next_dagrun for xcom_dag to 2024-01-05T00:00:00+00:00, run_after=2024-01-06T00:00:00+00:00
[2024-01-06T19:30:31.873+0000] {processor.py:176} INFO - Processing /opt/airflow/dags/xcom_dag.py took 0.103 seconds
[2024-01-06T19:55:02.255+0000] {processor.py:154} INFO - Started process (PID=55) to work on /opt/airflow/dags/xcom_dag.py
[2024-01-06T19:55:02.256+0000] {processor.py:756} INFO - Processing file /opt/airflow/dags/xcom_dag.py for tasks to queue
[2024-01-06T19:55:02.257+0000] {logging_mixin.py:120} INFO - [2024-01-06T19:55:02.257+0000] {dagbag.py:537} INFO - Filling up the DagBag from /opt/airflow/dags/xcom_dag.py
[2024-01-06T19:55:02.294+0000] {processor.py:766} INFO - DAG(s) dict_keys(['xcom_dag']) retrieved from /opt/airflow/dags/xcom_dag.py
[2024-01-06T19:55:02.360+0000] {logging_mixin.py:120} INFO - [2024-01-06T19:55:02.360+0000] {dag.py:2585} INFO - Sync 1 DAGs
[2024-01-06T19:55:02.387+0000] {logging_mixin.py:120} INFO - [2024-01-06T19:55:02.387+0000] {dag.py:3340} INFO - Setting next_dagrun for xcom_dag to 2024-01-05T00:00:00+00:00, run_after=2024-01-06T00:00:00+00:00
[2024-01-06T19:55:02.421+0000] {processor.py:176} INFO - Processing /opt/airflow/dags/xcom_dag.py took 0.171 seconds
[2024-01-06T19:55:33.785+0000] {processor.py:154} INFO - Started process (PID=85) to work on /opt/airflow/dags/xcom_dag.py
[2024-01-06T19:55:33.786+0000] {processor.py:756} INFO - Processing file /opt/airflow/dags/xcom_dag.py for tasks to queue
[2024-01-06T19:55:33.786+0000] {logging_mixin.py:120} INFO - [2024-01-06T19:55:33.786+0000] {dagbag.py:537} INFO - Filling up the DagBag from /opt/airflow/dags/xcom_dag.py
[2024-01-06T19:55:33.800+0000] {processor.py:766} INFO - DAG(s) dict_keys(['xcom_dag']) retrieved from /opt/airflow/dags/xcom_dag.py
[2024-01-06T19:55:33.835+0000] {logging_mixin.py:120} INFO - [2024-01-06T19:55:33.835+0000] {dag.py:2585} INFO - Sync 1 DAGs
[2024-01-06T19:55:33.852+0000] {logging_mixin.py:120} INFO - [2024-01-06T19:55:33.852+0000] {dag.py:3340} INFO - Setting next_dagrun for xcom_dag to 2024-01-05T00:00:00+00:00, run_after=2024-01-06T00:00:00+00:00
[2024-01-06T19:55:33.862+0000] {processor.py:176} INFO - Processing /opt/airflow/dags/xcom_dag.py took 0.079 seconds
[2024-01-06T19:56:04.935+0000] {processor.py:154} INFO - Started process (PID=123) to work on /opt/airflow/dags/xcom_dag.py
[2024-01-06T19:56:04.935+0000] {processor.py:756} INFO - Processing file /opt/airflow/dags/xcom_dag.py for tasks to queue
[2024-01-06T19:56:04.936+0000] {logging_mixin.py:120} INFO - [2024-01-06T19:56:04.936+0000] {dagbag.py:537} INFO - Filling up the DagBag from /opt/airflow/dags/xcom_dag.py
[2024-01-06T19:56:04.948+0000] {processor.py:766} INFO - DAG(s) dict_keys(['xcom_dag']) retrieved from /opt/airflow/dags/xcom_dag.py
[2024-01-06T19:56:04.974+0000] {logging_mixin.py:120} INFO - [2024-01-06T19:56:04.974+0000] {dag.py:2585} INFO - Sync 1 DAGs
[2024-01-06T19:56:04.988+0000] {logging_mixin.py:120} INFO - [2024-01-06T19:56:04.988+0000] {dag.py:3340} INFO - Setting next_dagrun for xcom_dag to 2024-01-05T00:00:00+00:00, run_after=2024-01-06T00:00:00+00:00
[2024-01-06T19:56:04.997+0000] {processor.py:176} INFO - Processing /opt/airflow/dags/xcom_dag.py took 0.064 seconds
[2024-01-06T19:56:35.904+0000] {processor.py:154} INFO - Started process (PID=160) to work on /opt/airflow/dags/xcom_dag.py
[2024-01-06T19:56:35.905+0000] {processor.py:756} INFO - Processing file /opt/airflow/dags/xcom_dag.py for tasks to queue
[2024-01-06T19:56:35.906+0000] {logging_mixin.py:120} INFO - [2024-01-06T19:56:35.905+0000] {dagbag.py:537} INFO - Filling up the DagBag from /opt/airflow/dags/xcom_dag.py
[2024-01-06T19:56:35.920+0000] {processor.py:766} INFO - DAG(s) dict_keys(['xcom_dag']) retrieved from /opt/airflow/dags/xcom_dag.py
[2024-01-06T19:56:35.946+0000] {logging_mixin.py:120} INFO - [2024-01-06T19:56:35.946+0000] {dag.py:2585} INFO - Sync 1 DAGs
[2024-01-06T19:56:35.961+0000] {logging_mixin.py:120} INFO - [2024-01-06T19:56:35.961+0000] {dag.py:3340} INFO - Setting next_dagrun for xcom_dag to 2024-01-05T00:00:00+00:00, run_after=2024-01-06T00:00:00+00:00
[2024-01-06T19:56:35.973+0000] {processor.py:176} INFO - Processing /opt/airflow/dags/xcom_dag.py took 0.072 seconds
[2024-01-06T19:57:06.865+0000] {processor.py:154} INFO - Started process (PID=197) to work on /opt/airflow/dags/xcom_dag.py
[2024-01-06T19:57:06.866+0000] {processor.py:756} INFO - Processing file /opt/airflow/dags/xcom_dag.py for tasks to queue
[2024-01-06T19:57:06.866+0000] {logging_mixin.py:120} INFO - [2024-01-06T19:57:06.866+0000] {dagbag.py:537} INFO - Filling up the DagBag from /opt/airflow/dags/xcom_dag.py
[2024-01-06T19:57:06.878+0000] {processor.py:766} INFO - DAG(s) dict_keys(['xcom_dag']) retrieved from /opt/airflow/dags/xcom_dag.py
[2024-01-06T19:57:06.902+0000] {logging_mixin.py:120} INFO - [2024-01-06T19:57:06.902+0000] {dag.py:2585} INFO - Sync 1 DAGs
[2024-01-06T19:57:06.915+0000] {logging_mixin.py:120} INFO - [2024-01-06T19:57:06.915+0000] {dag.py:3340} INFO - Setting next_dagrun for xcom_dag to 2024-01-05T00:00:00+00:00, run_after=2024-01-06T00:00:00+00:00
[2024-01-06T19:57:06.926+0000] {processor.py:176} INFO - Processing /opt/airflow/dags/xcom_dag.py took 0.063 seconds
[2024-01-06T19:57:37.857+0000] {processor.py:154} INFO - Started process (PID=234) to work on /opt/airflow/dags/xcom_dag.py
[2024-01-06T19:57:37.858+0000] {processor.py:756} INFO - Processing file /opt/airflow/dags/xcom_dag.py for tasks to queue
[2024-01-06T19:57:37.859+0000] {logging_mixin.py:120} INFO - [2024-01-06T19:57:37.858+0000] {dagbag.py:537} INFO - Filling up the DagBag from /opt/airflow/dags/xcom_dag.py
[2024-01-06T19:57:37.875+0000] {processor.py:766} INFO - DAG(s) dict_keys(['xcom_dag']) retrieved from /opt/airflow/dags/xcom_dag.py
[2024-01-06T19:57:37.906+0000] {logging_mixin.py:120} INFO - [2024-01-06T19:57:37.906+0000] {dag.py:2585} INFO - Sync 1 DAGs
[2024-01-06T19:57:37.920+0000] {logging_mixin.py:120} INFO - [2024-01-06T19:57:37.920+0000] {dag.py:3340} INFO - Setting next_dagrun for xcom_dag to 2024-01-05T00:00:00+00:00, run_after=2024-01-06T00:00:00+00:00
[2024-01-06T19:57:37.931+0000] {processor.py:176} INFO - Processing /opt/airflow/dags/xcom_dag.py took 0.077 seconds
[2024-01-06T19:58:09.212+0000] {processor.py:154} INFO - Started process (PID=262) to work on /opt/airflow/dags/xcom_dag.py
[2024-01-06T19:58:09.213+0000] {processor.py:756} INFO - Processing file /opt/airflow/dags/xcom_dag.py for tasks to queue
[2024-01-06T19:58:09.213+0000] {logging_mixin.py:120} INFO - [2024-01-06T19:58:09.213+0000] {dagbag.py:537} INFO - Filling up the DagBag from /opt/airflow/dags/xcom_dag.py
[2024-01-06T19:58:09.226+0000] {processor.py:766} INFO - DAG(s) dict_keys(['xcom_dag']) retrieved from /opt/airflow/dags/xcom_dag.py
[2024-01-06T19:58:09.250+0000] {logging_mixin.py:120} INFO - [2024-01-06T19:58:09.250+0000] {dag.py:2585} INFO - Sync 1 DAGs
[2024-01-06T19:58:09.264+0000] {logging_mixin.py:120} INFO - [2024-01-06T19:58:09.264+0000] {dag.py:3340} INFO - Setting next_dagrun for xcom_dag to 2024-01-05T00:00:00+00:00, run_after=2024-01-06T00:00:00+00:00
[2024-01-06T19:58:09.274+0000] {processor.py:176} INFO - Processing /opt/airflow/dags/xcom_dag.py took 0.064 seconds
[2024-01-06T19:58:40.426+0000] {processor.py:154} INFO - Started process (PID=299) to work on /opt/airflow/dags/xcom_dag.py
[2024-01-06T19:58:40.426+0000] {processor.py:756} INFO - Processing file /opt/airflow/dags/xcom_dag.py for tasks to queue
[2024-01-06T19:58:40.427+0000] {logging_mixin.py:120} INFO - [2024-01-06T19:58:40.427+0000] {dagbag.py:537} INFO - Filling up the DagBag from /opt/airflow/dags/xcom_dag.py
[2024-01-06T19:58:40.439+0000] {processor.py:766} INFO - DAG(s) dict_keys(['xcom_dag']) retrieved from /opt/airflow/dags/xcom_dag.py
[2024-01-06T19:58:40.462+0000] {logging_mixin.py:120} INFO - [2024-01-06T19:58:40.462+0000] {dag.py:2585} INFO - Sync 1 DAGs
[2024-01-06T19:58:40.476+0000] {logging_mixin.py:120} INFO - [2024-01-06T19:58:40.476+0000] {dag.py:3340} INFO - Setting next_dagrun for xcom_dag to 2024-01-05T00:00:00+00:00, run_after=2024-01-06T00:00:00+00:00
[2024-01-06T19:58:40.485+0000] {processor.py:176} INFO - Processing /opt/airflow/dags/xcom_dag.py took 0.062 seconds
[2024-01-06T19:59:11.327+0000] {processor.py:154} INFO - Started process (PID=336) to work on /opt/airflow/dags/xcom_dag.py
[2024-01-06T19:59:11.328+0000] {processor.py:756} INFO - Processing file /opt/airflow/dags/xcom_dag.py for tasks to queue
[2024-01-06T19:59:11.328+0000] {logging_mixin.py:120} INFO - [2024-01-06T19:59:11.328+0000] {dagbag.py:537} INFO - Filling up the DagBag from /opt/airflow/dags/xcom_dag.py
[2024-01-06T19:59:11.341+0000] {processor.py:766} INFO - DAG(s) dict_keys(['xcom_dag']) retrieved from /opt/airflow/dags/xcom_dag.py
[2024-01-06T19:59:11.385+0000] {logging_mixin.py:120} INFO - [2024-01-06T19:59:11.384+0000] {dag.py:2585} INFO - Sync 1 DAGs
[2024-01-06T19:59:11.430+0000] {logging_mixin.py:120} INFO - [2024-01-06T19:59:11.429+0000] {dag.py:3340} INFO - Setting next_dagrun for xcom_dag to 2024-01-05T00:00:00+00:00, run_after=2024-01-06T00:00:00+00:00
[2024-01-06T19:59:11.445+0000] {processor.py:176} INFO - Processing /opt/airflow/dags/xcom_dag.py took 0.120 seconds
[2024-01-06T19:59:42.314+0000] {processor.py:154} INFO - Started process (PID=373) to work on /opt/airflow/dags/xcom_dag.py
[2024-01-06T19:59:42.315+0000] {processor.py:756} INFO - Processing file /opt/airflow/dags/xcom_dag.py for tasks to queue
[2024-01-06T19:59:42.315+0000] {logging_mixin.py:120} INFO - [2024-01-06T19:59:42.315+0000] {dagbag.py:537} INFO - Filling up the DagBag from /opt/airflow/dags/xcom_dag.py
[2024-01-06T19:59:42.331+0000] {processor.py:766} INFO - DAG(s) dict_keys(['xcom_dag']) retrieved from /opt/airflow/dags/xcom_dag.py
[2024-01-06T19:59:42.358+0000] {logging_mixin.py:120} INFO - [2024-01-06T19:59:42.358+0000] {dag.py:2585} INFO - Sync 1 DAGs
[2024-01-06T19:59:42.372+0000] {logging_mixin.py:120} INFO - [2024-01-06T19:59:42.372+0000] {dag.py:3340} INFO - Setting next_dagrun for xcom_dag to 2024-01-05T00:00:00+00:00, run_after=2024-01-06T00:00:00+00:00
[2024-01-06T19:59:42.381+0000] {processor.py:176} INFO - Processing /opt/airflow/dags/xcom_dag.py took 0.069 seconds
[2024-01-06T20:00:13.343+0000] {processor.py:154} INFO - Started process (PID=410) to work on /opt/airflow/dags/xcom_dag.py
[2024-01-06T20:00:13.344+0000] {processor.py:756} INFO - Processing file /opt/airflow/dags/xcom_dag.py for tasks to queue
[2024-01-06T20:00:13.344+0000] {logging_mixin.py:120} INFO - [2024-01-06T20:00:13.344+0000] {dagbag.py:537} INFO - Filling up the DagBag from /opt/airflow/dags/xcom_dag.py
[2024-01-06T20:00:13.355+0000] {processor.py:766} INFO - DAG(s) dict_keys(['xcom_dag']) retrieved from /opt/airflow/dags/xcom_dag.py
[2024-01-06T20:00:13.381+0000] {logging_mixin.py:120} INFO - [2024-01-06T20:00:13.381+0000] {dag.py:2585} INFO - Sync 1 DAGs
[2024-01-06T20:00:13.396+0000] {logging_mixin.py:120} INFO - [2024-01-06T20:00:13.396+0000] {dag.py:3340} INFO - Setting next_dagrun for xcom_dag to 2024-01-05T00:00:00+00:00, run_after=2024-01-06T00:00:00+00:00
[2024-01-06T20:00:13.408+0000] {processor.py:176} INFO - Processing /opt/airflow/dags/xcom_dag.py took 0.067 seconds
[2024-01-06T20:00:44.477+0000] {processor.py:154} INFO - Started process (PID=447) to work on /opt/airflow/dags/xcom_dag.py
[2024-01-06T20:00:44.480+0000] {processor.py:756} INFO - Processing file /opt/airflow/dags/xcom_dag.py for tasks to queue
[2024-01-06T20:00:44.481+0000] {logging_mixin.py:120} INFO - [2024-01-06T20:00:44.481+0000] {dagbag.py:537} INFO - Filling up the DagBag from /opt/airflow/dags/xcom_dag.py
[2024-01-06T20:00:44.511+0000] {processor.py:766} INFO - DAG(s) dict_keys(['xcom_dag']) retrieved from /opt/airflow/dags/xcom_dag.py
[2024-01-06T20:00:44.552+0000] {logging_mixin.py:120} INFO - [2024-01-06T20:00:44.552+0000] {dag.py:2585} INFO - Sync 1 DAGs
[2024-01-06T20:00:44.575+0000] {logging_mixin.py:120} INFO - [2024-01-06T20:00:44.575+0000] {dag.py:3340} INFO - Setting next_dagrun for xcom_dag to 2024-01-05T00:00:00+00:00, run_after=2024-01-06T00:00:00+00:00
[2024-01-06T20:00:44.597+0000] {processor.py:176} INFO - Processing /opt/airflow/dags/xcom_dag.py took 0.124 seconds
[2024-01-06T20:01:15.628+0000] {processor.py:154} INFO - Started process (PID=475) to work on /opt/airflow/dags/xcom_dag.py
[2024-01-06T20:01:15.629+0000] {processor.py:756} INFO - Processing file /opt/airflow/dags/xcom_dag.py for tasks to queue
[2024-01-06T20:01:15.630+0000] {logging_mixin.py:120} INFO - [2024-01-06T20:01:15.630+0000] {dagbag.py:537} INFO - Filling up the DagBag from /opt/airflow/dags/xcom_dag.py
[2024-01-06T20:01:15.641+0000] {processor.py:766} INFO - DAG(s) dict_keys(['xcom_dag']) retrieved from /opt/airflow/dags/xcom_dag.py
[2024-01-06T20:01:15.663+0000] {logging_mixin.py:120} INFO - [2024-01-06T20:01:15.663+0000] {dag.py:2585} INFO - Sync 1 DAGs
[2024-01-06T20:01:15.677+0000] {logging_mixin.py:120} INFO - [2024-01-06T20:01:15.677+0000] {dag.py:3340} INFO - Setting next_dagrun for xcom_dag to 2024-01-05T00:00:00+00:00, run_after=2024-01-06T00:00:00+00:00
[2024-01-06T20:01:15.686+0000] {processor.py:176} INFO - Processing /opt/airflow/dags/xcom_dag.py took 0.059 seconds
[2024-01-06T20:01:46.659+0000] {processor.py:154} INFO - Started process (PID=512) to work on /opt/airflow/dags/xcom_dag.py
[2024-01-06T20:01:46.660+0000] {processor.py:756} INFO - Processing file /opt/airflow/dags/xcom_dag.py for tasks to queue
[2024-01-06T20:01:46.661+0000] {logging_mixin.py:120} INFO - [2024-01-06T20:01:46.661+0000] {dagbag.py:537} INFO - Filling up the DagBag from /opt/airflow/dags/xcom_dag.py
[2024-01-06T20:01:46.673+0000] {processor.py:766} INFO - DAG(s) dict_keys(['xcom_dag']) retrieved from /opt/airflow/dags/xcom_dag.py
[2024-01-06T20:01:46.695+0000] {logging_mixin.py:120} INFO - [2024-01-06T20:01:46.695+0000] {dag.py:2585} INFO - Sync 1 DAGs
[2024-01-06T20:01:46.709+0000] {logging_mixin.py:120} INFO - [2024-01-06T20:01:46.709+0000] {dag.py:3340} INFO - Setting next_dagrun for xcom_dag to 2024-01-05T00:00:00+00:00, run_after=2024-01-06T00:00:00+00:00
[2024-01-06T20:01:46.719+0000] {processor.py:176} INFO - Processing /opt/airflow/dags/xcom_dag.py took 0.062 seconds
[2024-01-06T20:02:17.831+0000] {processor.py:154} INFO - Started process (PID=549) to work on /opt/airflow/dags/xcom_dag.py
[2024-01-06T20:02:17.832+0000] {processor.py:756} INFO - Processing file /opt/airflow/dags/xcom_dag.py for tasks to queue
[2024-01-06T20:02:17.832+0000] {logging_mixin.py:120} INFO - [2024-01-06T20:02:17.832+0000] {dagbag.py:537} INFO - Filling up the DagBag from /opt/airflow/dags/xcom_dag.py
[2024-01-06T20:02:17.843+0000] {processor.py:766} INFO - DAG(s) dict_keys(['xcom_dag']) retrieved from /opt/airflow/dags/xcom_dag.py
[2024-01-06T20:02:17.866+0000] {logging_mixin.py:120} INFO - [2024-01-06T20:02:17.865+0000] {dag.py:2585} INFO - Sync 1 DAGs
[2024-01-06T20:02:17.880+0000] {logging_mixin.py:120} INFO - [2024-01-06T20:02:17.880+0000] {dag.py:3340} INFO - Setting next_dagrun for xcom_dag to 2024-01-05T00:00:00+00:00, run_after=2024-01-06T00:00:00+00:00
[2024-01-06T20:02:17.889+0000] {processor.py:176} INFO - Processing /opt/airflow/dags/xcom_dag.py took 0.061 seconds
[2024-01-06T20:02:48.707+0000] {processor.py:154} INFO - Started process (PID=586) to work on /opt/airflow/dags/xcom_dag.py
[2024-01-06T20:02:48.708+0000] {processor.py:756} INFO - Processing file /opt/airflow/dags/xcom_dag.py for tasks to queue
[2024-01-06T20:02:48.708+0000] {logging_mixin.py:120} INFO - [2024-01-06T20:02:48.708+0000] {dagbag.py:537} INFO - Filling up the DagBag from /opt/airflow/dags/xcom_dag.py
[2024-01-06T20:02:48.721+0000] {processor.py:766} INFO - DAG(s) dict_keys(['xcom_dag']) retrieved from /opt/airflow/dags/xcom_dag.py
[2024-01-06T20:02:48.744+0000] {logging_mixin.py:120} INFO - [2024-01-06T20:02:48.744+0000] {dag.py:2585} INFO - Sync 1 DAGs
[2024-01-06T20:02:48.761+0000] {logging_mixin.py:120} INFO - [2024-01-06T20:02:48.761+0000] {dag.py:3340} INFO - Setting next_dagrun for xcom_dag to 2024-01-05T00:00:00+00:00, run_after=2024-01-06T00:00:00+00:00
[2024-01-06T20:02:48.773+0000] {processor.py:176} INFO - Processing /opt/airflow/dags/xcom_dag.py took 0.067 seconds
[2024-01-06T20:03:19.656+0000] {processor.py:154} INFO - Started process (PID=623) to work on /opt/airflow/dags/xcom_dag.py
[2024-01-06T20:03:19.657+0000] {processor.py:756} INFO - Processing file /opt/airflow/dags/xcom_dag.py for tasks to queue
[2024-01-06T20:03:19.658+0000] {logging_mixin.py:120} INFO - [2024-01-06T20:03:19.658+0000] {dagbag.py:537} INFO - Filling up the DagBag from /opt/airflow/dags/xcom_dag.py
[2024-01-06T20:03:19.669+0000] {processor.py:766} INFO - DAG(s) dict_keys(['xcom_dag']) retrieved from /opt/airflow/dags/xcom_dag.py
[2024-01-06T20:03:19.692+0000] {logging_mixin.py:120} INFO - [2024-01-06T20:03:19.691+0000] {dag.py:2585} INFO - Sync 1 DAGs
[2024-01-06T20:03:19.705+0000] {logging_mixin.py:120} INFO - [2024-01-06T20:03:19.705+0000] {dag.py:3340} INFO - Setting next_dagrun for xcom_dag to 2024-01-05T00:00:00+00:00, run_after=2024-01-06T00:00:00+00:00
[2024-01-06T20:03:19.714+0000] {processor.py:176} INFO - Processing /opt/airflow/dags/xcom_dag.py took 0.060 seconds
[2024-01-06T20:03:50.589+0000] {processor.py:154} INFO - Started process (PID=660) to work on /opt/airflow/dags/xcom_dag.py
[2024-01-06T20:03:50.590+0000] {processor.py:756} INFO - Processing file /opt/airflow/dags/xcom_dag.py for tasks to queue
[2024-01-06T20:03:50.590+0000] {logging_mixin.py:120} INFO - [2024-01-06T20:03:50.590+0000] {dagbag.py:537} INFO - Filling up the DagBag from /opt/airflow/dags/xcom_dag.py
[2024-01-06T20:03:50.601+0000] {processor.py:766} INFO - DAG(s) dict_keys(['xcom_dag']) retrieved from /opt/airflow/dags/xcom_dag.py
[2024-01-06T20:03:50.628+0000] {logging_mixin.py:120} INFO - [2024-01-06T20:03:50.628+0000] {dag.py:2585} INFO - Sync 1 DAGs
[2024-01-06T20:03:50.644+0000] {logging_mixin.py:120} INFO - [2024-01-06T20:03:50.644+0000] {dag.py:3340} INFO - Setting next_dagrun for xcom_dag to 2024-01-05T00:00:00+00:00, run_after=2024-01-06T00:00:00+00:00
[2024-01-06T20:03:50.656+0000] {processor.py:176} INFO - Processing /opt/airflow/dags/xcom_dag.py took 0.070 seconds
[2024-01-06T20:04:21.710+0000] {processor.py:154} INFO - Started process (PID=697) to work on /opt/airflow/dags/xcom_dag.py
[2024-01-06T20:04:21.712+0000] {processor.py:756} INFO - Processing file /opt/airflow/dags/xcom_dag.py for tasks to queue
[2024-01-06T20:04:21.713+0000] {logging_mixin.py:120} INFO - [2024-01-06T20:04:21.713+0000] {dagbag.py:537} INFO - Filling up the DagBag from /opt/airflow/dags/xcom_dag.py
[2024-01-06T20:04:21.734+0000] {processor.py:766} INFO - DAG(s) dict_keys(['xcom_dag']) retrieved from /opt/airflow/dags/xcom_dag.py
[2024-01-06T20:04:21.773+0000] {logging_mixin.py:120} INFO - [2024-01-06T20:04:21.773+0000] {dag.py:2585} INFO - Sync 1 DAGs
[2024-01-06T20:04:21.794+0000] {logging_mixin.py:120} INFO - [2024-01-06T20:04:21.794+0000] {dag.py:3340} INFO - Setting next_dagrun for xcom_dag to 2024-01-05T00:00:00+00:00, run_after=2024-01-06T00:00:00+00:00
[2024-01-06T20:04:21.825+0000] {processor.py:176} INFO - Processing /opt/airflow/dags/xcom_dag.py took 0.117 seconds
[2024-01-06T20:04:52.869+0000] {processor.py:154} INFO - Started process (PID=725) to work on /opt/airflow/dags/xcom_dag.py
[2024-01-06T20:04:52.870+0000] {processor.py:756} INFO - Processing file /opt/airflow/dags/xcom_dag.py for tasks to queue
[2024-01-06T20:04:52.871+0000] {logging_mixin.py:120} INFO - [2024-01-06T20:04:52.870+0000] {dagbag.py:537} INFO - Filling up the DagBag from /opt/airflow/dags/xcom_dag.py
[2024-01-06T20:04:52.882+0000] {processor.py:766} INFO - DAG(s) dict_keys(['xcom_dag']) retrieved from /opt/airflow/dags/xcom_dag.py
[2024-01-06T20:04:52.904+0000] {logging_mixin.py:120} INFO - [2024-01-06T20:04:52.904+0000] {dag.py:2585} INFO - Sync 1 DAGs
[2024-01-06T20:04:52.918+0000] {logging_mixin.py:120} INFO - [2024-01-06T20:04:52.918+0000] {dag.py:3340} INFO - Setting next_dagrun for xcom_dag to 2024-01-05T00:00:00+00:00, run_after=2024-01-06T00:00:00+00:00
[2024-01-06T20:04:52.928+0000] {processor.py:176} INFO - Processing /opt/airflow/dags/xcom_dag.py took 0.062 seconds
[2024-01-06T20:05:23.935+0000] {processor.py:154} INFO - Started process (PID=762) to work on /opt/airflow/dags/xcom_dag.py
[2024-01-06T20:05:23.936+0000] {processor.py:756} INFO - Processing file /opt/airflow/dags/xcom_dag.py for tasks to queue
[2024-01-06T20:05:23.936+0000] {logging_mixin.py:120} INFO - [2024-01-06T20:05:23.936+0000] {dagbag.py:537} INFO - Filling up the DagBag from /opt/airflow/dags/xcom_dag.py
[2024-01-06T20:05:23.948+0000] {processor.py:766} INFO - DAG(s) dict_keys(['xcom_dag']) retrieved from /opt/airflow/dags/xcom_dag.py
[2024-01-06T20:05:23.970+0000] {logging_mixin.py:120} INFO - [2024-01-06T20:05:23.970+0000] {dag.py:2585} INFO - Sync 1 DAGs
[2024-01-06T20:05:23.983+0000] {logging_mixin.py:120} INFO - [2024-01-06T20:05:23.983+0000] {dag.py:3340} INFO - Setting next_dagrun for xcom_dag to 2024-01-05T00:00:00+00:00, run_after=2024-01-06T00:00:00+00:00
[2024-01-06T20:05:23.991+0000] {processor.py:176} INFO - Processing /opt/airflow/dags/xcom_dag.py took 0.059 seconds
[2024-01-06T20:05:54.811+0000] {processor.py:154} INFO - Started process (PID=799) to work on /opt/airflow/dags/xcom_dag.py
[2024-01-06T20:05:54.812+0000] {processor.py:756} INFO - Processing file /opt/airflow/dags/xcom_dag.py for tasks to queue
[2024-01-06T20:05:54.812+0000] {logging_mixin.py:120} INFO - [2024-01-06T20:05:54.812+0000] {dagbag.py:537} INFO - Filling up the DagBag from /opt/airflow/dags/xcom_dag.py
[2024-01-06T20:05:54.825+0000] {processor.py:766} INFO - DAG(s) dict_keys(['xcom_dag']) retrieved from /opt/airflow/dags/xcom_dag.py
[2024-01-06T20:05:54.853+0000] {logging_mixin.py:120} INFO - [2024-01-06T20:05:54.853+0000] {dag.py:2585} INFO - Sync 1 DAGs
[2024-01-06T20:05:54.867+0000] {logging_mixin.py:120} INFO - [2024-01-06T20:05:54.866+0000] {dag.py:3340} INFO - Setting next_dagrun for xcom_dag to 2024-01-05T00:00:00+00:00, run_after=2024-01-06T00:00:00+00:00
[2024-01-06T20:05:54.877+0000] {processor.py:176} INFO - Processing /opt/airflow/dags/xcom_dag.py took 0.068 seconds
[2024-01-06T20:06:25.707+0000] {processor.py:154} INFO - Started process (PID=836) to work on /opt/airflow/dags/xcom_dag.py
[2024-01-06T20:06:25.708+0000] {processor.py:756} INFO - Processing file /opt/airflow/dags/xcom_dag.py for tasks to queue
[2024-01-06T20:06:25.708+0000] {logging_mixin.py:120} INFO - [2024-01-06T20:06:25.708+0000] {dagbag.py:537} INFO - Filling up the DagBag from /opt/airflow/dags/xcom_dag.py
[2024-01-06T20:06:25.723+0000] {processor.py:766} INFO - DAG(s) dict_keys(['xcom_dag']) retrieved from /opt/airflow/dags/xcom_dag.py
[2024-01-06T20:06:25.751+0000] {logging_mixin.py:120} INFO - [2024-01-06T20:06:25.751+0000] {dag.py:2585} INFO - Sync 1 DAGs
[2024-01-06T20:06:25.765+0000] {logging_mixin.py:120} INFO - [2024-01-06T20:06:25.765+0000] {dag.py:3340} INFO - Setting next_dagrun for xcom_dag to 2024-01-05T00:00:00+00:00, run_after=2024-01-06T00:00:00+00:00
[2024-01-06T20:06:25.775+0000] {processor.py:176} INFO - Processing /opt/airflow/dags/xcom_dag.py took 0.070 seconds
[2024-01-06T20:06:56.659+0000] {processor.py:154} INFO - Started process (PID=873) to work on /opt/airflow/dags/xcom_dag.py
[2024-01-06T20:06:56.660+0000] {processor.py:756} INFO - Processing file /opt/airflow/dags/xcom_dag.py for tasks to queue
[2024-01-06T20:06:56.661+0000] {logging_mixin.py:120} INFO - [2024-01-06T20:06:56.661+0000] {dagbag.py:537} INFO - Filling up the DagBag from /opt/airflow/dags/xcom_dag.py
[2024-01-06T20:06:56.674+0000] {processor.py:766} INFO - DAG(s) dict_keys(['xcom_dag']) retrieved from /opt/airflow/dags/xcom_dag.py
[2024-01-06T20:06:56.695+0000] {logging_mixin.py:120} INFO - [2024-01-06T20:06:56.695+0000] {dag.py:2585} INFO - Sync 1 DAGs
[2024-01-06T20:06:56.708+0000] {logging_mixin.py:120} INFO - [2024-01-06T20:06:56.708+0000] {dag.py:3340} INFO - Setting next_dagrun for xcom_dag to 2024-01-05T00:00:00+00:00, run_after=2024-01-06T00:00:00+00:00
[2024-01-06T20:06:56.718+0000] {processor.py:176} INFO - Processing /opt/airflow/dags/xcom_dag.py took 0.062 seconds
[2024-01-06T20:07:29.318+0000] {processor.py:154} INFO - Started process (PID=909) to work on /opt/airflow/dags/xcom_dag.py
[2024-01-06T20:07:29.321+0000] {processor.py:756} INFO - Processing file /opt/airflow/dags/xcom_dag.py for tasks to queue
[2024-01-06T20:07:29.322+0000] {logging_mixin.py:120} INFO - [2024-01-06T20:07:29.322+0000] {dagbag.py:537} INFO - Filling up the DagBag from /opt/airflow/dags/xcom_dag.py
[2024-01-06T20:07:29.355+0000] {processor.py:766} INFO - DAG(s) dict_keys(['xcom_dag']) retrieved from /opt/airflow/dags/xcom_dag.py
[2024-01-06T20:07:29.403+0000] {logging_mixin.py:120} INFO - [2024-01-06T20:07:29.402+0000] {dag.py:2585} INFO - Sync 1 DAGs
[2024-01-06T20:07:29.427+0000] {logging_mixin.py:120} INFO - [2024-01-06T20:07:29.427+0000] {dag.py:3340} INFO - Setting next_dagrun for xcom_dag to 2024-01-05T00:00:00+00:00, run_after=2024-01-06T00:00:00+00:00
[2024-01-06T20:07:29.449+0000] {processor.py:176} INFO - Processing /opt/airflow/dags/xcom_dag.py took 0.137 seconds
[2024-01-06T20:07:59.690+0000] {processor.py:154} INFO - Started process (PID=934) to work on /opt/airflow/dags/xcom_dag.py
[2024-01-06T20:07:59.692+0000] {processor.py:756} INFO - Processing file /opt/airflow/dags/xcom_dag.py for tasks to queue
[2024-01-06T20:07:59.692+0000] {logging_mixin.py:120} INFO - [2024-01-06T20:07:59.692+0000] {dagbag.py:537} INFO - Filling up the DagBag from /opt/airflow/dags/xcom_dag.py
[2024-01-06T20:07:59.719+0000] {processor.py:766} INFO - DAG(s) dict_keys(['xcom_dag']) retrieved from /opt/airflow/dags/xcom_dag.py
[2024-01-06T20:07:59.759+0000] {logging_mixin.py:120} INFO - [2024-01-06T20:07:59.759+0000] {dag.py:2585} INFO - Sync 1 DAGs
[2024-01-06T20:07:59.779+0000] {logging_mixin.py:120} INFO - [2024-01-06T20:07:59.779+0000] {dag.py:3340} INFO - Setting next_dagrun for xcom_dag to 2024-01-05T00:00:00+00:00, run_after=2024-01-06T00:00:00+00:00
[2024-01-06T20:07:59.794+0000] {processor.py:176} INFO - Processing /opt/airflow/dags/xcom_dag.py took 0.109 seconds
[2024-01-06T20:08:30.013+0000] {processor.py:154} INFO - Started process (PID=970) to work on /opt/airflow/dags/xcom_dag.py
[2024-01-06T20:08:30.014+0000] {processor.py:756} INFO - Processing file /opt/airflow/dags/xcom_dag.py for tasks to queue
[2024-01-06T20:08:30.015+0000] {logging_mixin.py:120} INFO - [2024-01-06T20:08:30.015+0000] {dagbag.py:537} INFO - Filling up the DagBag from /opt/airflow/dags/xcom_dag.py
[2024-01-06T20:08:30.037+0000] {processor.py:766} INFO - DAG(s) dict_keys(['xcom_dag']) retrieved from /opt/airflow/dags/xcom_dag.py
[2024-01-06T20:08:30.083+0000] {logging_mixin.py:120} INFO - [2024-01-06T20:08:30.083+0000] {dag.py:2585} INFO - Sync 1 DAGs
[2024-01-06T20:08:30.103+0000] {logging_mixin.py:120} INFO - [2024-01-06T20:08:30.103+0000] {dag.py:3340} INFO - Setting next_dagrun for xcom_dag to 2024-01-05T00:00:00+00:00, run_after=2024-01-06T00:00:00+00:00
[2024-01-06T20:08:30.115+0000] {processor.py:176} INFO - Processing /opt/airflow/dags/xcom_dag.py took 0.109 seconds
[2024-01-06T20:09:00.871+0000] {processor.py:154} INFO - Started process (PID=1008) to work on /opt/airflow/dags/xcom_dag.py
[2024-01-06T20:09:00.873+0000] {processor.py:756} INFO - Processing file /opt/airflow/dags/xcom_dag.py for tasks to queue
[2024-01-06T20:09:00.874+0000] {logging_mixin.py:120} INFO - [2024-01-06T20:09:00.874+0000] {dagbag.py:537} INFO - Filling up the DagBag from /opt/airflow/dags/xcom_dag.py
[2024-01-06T20:09:00.898+0000] {processor.py:766} INFO - DAG(s) dict_keys(['xcom_dag']) retrieved from /opt/airflow/dags/xcom_dag.py
[2024-01-06T20:09:00.938+0000] {logging_mixin.py:120} INFO - [2024-01-06T20:09:00.938+0000] {dag.py:2585} INFO - Sync 1 DAGs
[2024-01-06T20:09:00.958+0000] {logging_mixin.py:120} INFO - [2024-01-06T20:09:00.958+0000] {dag.py:3340} INFO - Setting next_dagrun for xcom_dag to 2024-01-05T00:00:00+00:00, run_after=2024-01-06T00:00:00+00:00
[2024-01-06T20:09:00.969+0000] {processor.py:176} INFO - Processing /opt/airflow/dags/xcom_dag.py took 0.109 seconds
[2024-01-06T20:09:31.521+0000] {processor.py:154} INFO - Started process (PID=1045) to work on /opt/airflow/dags/xcom_dag.py
[2024-01-06T20:09:31.523+0000] {processor.py:756} INFO - Processing file /opt/airflow/dags/xcom_dag.py for tasks to queue
[2024-01-06T20:09:31.524+0000] {logging_mixin.py:120} INFO - [2024-01-06T20:09:31.524+0000] {dagbag.py:537} INFO - Filling up the DagBag from /opt/airflow/dags/xcom_dag.py
[2024-01-06T20:09:31.563+0000] {processor.py:766} INFO - DAG(s) dict_keys(['xcom_dag']) retrieved from /opt/airflow/dags/xcom_dag.py
[2024-01-06T20:09:31.621+0000] {logging_mixin.py:120} INFO - [2024-01-06T20:09:31.620+0000] {dag.py:2585} INFO - Sync 1 DAGs
[2024-01-06T20:09:31.648+0000] {logging_mixin.py:120} INFO - [2024-01-06T20:09:31.647+0000] {dag.py:3340} INFO - Setting next_dagrun for xcom_dag to 2024-01-05T00:00:00+00:00, run_after=2024-01-06T00:00:00+00:00
[2024-01-06T20:09:31.679+0000] {processor.py:176} INFO - Processing /opt/airflow/dags/xcom_dag.py took 0.164 seconds
[2024-01-06T20:10:01.835+0000] {processor.py:154} INFO - Started process (PID=1072) to work on /opt/airflow/dags/xcom_dag.py
[2024-01-06T20:10:01.837+0000] {processor.py:756} INFO - Processing file /opt/airflow/dags/xcom_dag.py for tasks to queue
[2024-01-06T20:10:01.839+0000] {logging_mixin.py:120} INFO - [2024-01-06T20:10:01.839+0000] {dagbag.py:537} INFO - Filling up the DagBag from /opt/airflow/dags/xcom_dag.py
[2024-01-06T20:10:01.874+0000] {processor.py:766} INFO - DAG(s) dict_keys(['xcom_dag']) retrieved from /opt/airflow/dags/xcom_dag.py
[2024-01-06T20:10:01.922+0000] {logging_mixin.py:120} INFO - [2024-01-06T20:10:01.921+0000] {dag.py:2585} INFO - Sync 1 DAGs
[2024-01-06T20:10:01.941+0000] {logging_mixin.py:120} INFO - [2024-01-06T20:10:01.941+0000] {dag.py:3340} INFO - Setting next_dagrun for xcom_dag to 2024-01-05T00:00:00+00:00, run_after=2024-01-06T00:00:00+00:00
[2024-01-06T20:10:01.955+0000] {processor.py:176} INFO - Processing /opt/airflow/dags/xcom_dag.py took 0.130 seconds
[2024-01-06T20:10:32.065+0000] {processor.py:154} INFO - Started process (PID=1109) to work on /opt/airflow/dags/xcom_dag.py
[2024-01-06T20:10:32.067+0000] {processor.py:756} INFO - Processing file /opt/airflow/dags/xcom_dag.py for tasks to queue
[2024-01-06T20:10:32.069+0000] {logging_mixin.py:120} INFO - [2024-01-06T20:10:32.069+0000] {dagbag.py:537} INFO - Filling up the DagBag from /opt/airflow/dags/xcom_dag.py
[2024-01-06T20:10:32.110+0000] {processor.py:766} INFO - DAG(s) dict_keys(['xcom_dag']) retrieved from /opt/airflow/dags/xcom_dag.py
[2024-01-06T20:10:32.153+0000] {logging_mixin.py:120} INFO - [2024-01-06T20:10:32.153+0000] {dag.py:2585} INFO - Sync 1 DAGs
[2024-01-06T20:10:32.168+0000] {logging_mixin.py:120} INFO - [2024-01-06T20:10:32.168+0000] {dag.py:3340} INFO - Setting next_dagrun for xcom_dag to 2024-01-05T00:00:00+00:00, run_after=2024-01-06T00:00:00+00:00
[2024-01-06T20:10:32.178+0000] {processor.py:176} INFO - Processing /opt/airflow/dags/xcom_dag.py took 0.122 seconds
[2024-01-06T20:11:02.226+0000] {processor.py:154} INFO - Started process (PID=1146) to work on /opt/airflow/dags/xcom_dag.py
[2024-01-06T20:11:02.229+0000] {processor.py:756} INFO - Processing file /opt/airflow/dags/xcom_dag.py for tasks to queue
[2024-01-06T20:11:02.230+0000] {logging_mixin.py:120} INFO - [2024-01-06T20:11:02.230+0000] {dagbag.py:537} INFO - Filling up the DagBag from /opt/airflow/dags/xcom_dag.py
[2024-01-06T20:11:02.260+0000] {processor.py:766} INFO - DAG(s) dict_keys(['xcom_dag']) retrieved from /opt/airflow/dags/xcom_dag.py
[2024-01-06T20:11:02.304+0000] {logging_mixin.py:120} INFO - [2024-01-06T20:11:02.304+0000] {dag.py:2585} INFO - Sync 1 DAGs
[2024-01-06T20:11:02.321+0000] {logging_mixin.py:120} INFO - [2024-01-06T20:11:02.321+0000] {dag.py:3340} INFO - Setting next_dagrun for xcom_dag to 2024-01-05T00:00:00+00:00, run_after=2024-01-06T00:00:00+00:00
[2024-01-06T20:11:02.331+0000] {processor.py:176} INFO - Processing /opt/airflow/dags/xcom_dag.py took 0.114 seconds
[2024-01-06T20:11:32.770+0000] {processor.py:154} INFO - Started process (PID=1183) to work on /opt/airflow/dags/xcom_dag.py
[2024-01-06T20:11:32.771+0000] {processor.py:756} INFO - Processing file /opt/airflow/dags/xcom_dag.py for tasks to queue
[2024-01-06T20:11:32.773+0000] {logging_mixin.py:120} INFO - [2024-01-06T20:11:32.773+0000] {dagbag.py:537} INFO - Filling up the DagBag from /opt/airflow/dags/xcom_dag.py
[2024-01-06T20:11:32.800+0000] {processor.py:766} INFO - DAG(s) dict_keys(['xcom_dag']) retrieved from /opt/airflow/dags/xcom_dag.py
[2024-01-06T20:11:32.851+0000] {logging_mixin.py:120} INFO - [2024-01-06T20:11:32.851+0000] {dag.py:2585} INFO - Sync 1 DAGs
[2024-01-06T20:11:32.868+0000] {logging_mixin.py:120} INFO - [2024-01-06T20:11:32.868+0000] {dag.py:3340} INFO - Setting next_dagrun for xcom_dag to 2024-01-05T00:00:00+00:00, run_after=2024-01-06T00:00:00+00:00
[2024-01-06T20:11:32.878+0000] {processor.py:176} INFO - Processing /opt/airflow/dags/xcom_dag.py took 0.115 seconds
[2024-01-06T20:12:02.963+0000] {processor.py:154} INFO - Started process (PID=1220) to work on /opt/airflow/dags/xcom_dag.py
[2024-01-06T20:12:02.965+0000] {processor.py:756} INFO - Processing file /opt/airflow/dags/xcom_dag.py for tasks to queue
[2024-01-06T20:12:02.967+0000] {logging_mixin.py:120} INFO - [2024-01-06T20:12:02.967+0000] {dagbag.py:537} INFO - Filling up the DagBag from /opt/airflow/dags/xcom_dag.py
[2024-01-06T20:12:03.019+0000] {processor.py:766} INFO - DAG(s) dict_keys(['xcom_dag']) retrieved from /opt/airflow/dags/xcom_dag.py
[2024-01-06T20:12:03.111+0000] {logging_mixin.py:120} INFO - [2024-01-06T20:12:03.111+0000] {dag.py:2585} INFO - Sync 1 DAGs
[2024-01-06T20:12:03.169+0000] {logging_mixin.py:120} INFO - [2024-01-06T20:12:03.169+0000] {dag.py:3340} INFO - Setting next_dagrun for xcom_dag to 2024-01-05T00:00:00+00:00, run_after=2024-01-06T00:00:00+00:00
[2024-01-06T20:12:03.189+0000] {processor.py:176} INFO - Processing /opt/airflow/dags/xcom_dag.py took 0.230 seconds
[2024-01-06T20:12:33.377+0000] {processor.py:154} INFO - Started process (PID=1248) to work on /opt/airflow/dags/xcom_dag.py
[2024-01-06T20:12:33.379+0000] {processor.py:756} INFO - Processing file /opt/airflow/dags/xcom_dag.py for tasks to queue
[2024-01-06T20:12:33.382+0000] {logging_mixin.py:120} INFO - [2024-01-06T20:12:33.381+0000] {dagbag.py:537} INFO - Filling up the DagBag from /opt/airflow/dags/xcom_dag.py
[2024-01-06T20:12:33.423+0000] {processor.py:766} INFO - DAG(s) dict_keys(['xcom_dag']) retrieved from /opt/airflow/dags/xcom_dag.py
[2024-01-06T20:12:33.459+0000] {logging_mixin.py:120} INFO - [2024-01-06T20:12:33.459+0000] {dag.py:2585} INFO - Sync 1 DAGs
[2024-01-06T20:12:33.476+0000] {logging_mixin.py:120} INFO - [2024-01-06T20:12:33.476+0000] {dag.py:3340} INFO - Setting next_dagrun for xcom_dag to 2024-01-05T00:00:00+00:00, run_after=2024-01-06T00:00:00+00:00
[2024-01-06T20:12:33.501+0000] {processor.py:176} INFO - Processing /opt/airflow/dags/xcom_dag.py took 0.144 seconds
[2024-01-06T20:13:03.755+0000] {processor.py:154} INFO - Started process (PID=1285) to work on /opt/airflow/dags/xcom_dag.py
[2024-01-06T20:13:03.757+0000] {processor.py:756} INFO - Processing file /opt/airflow/dags/xcom_dag.py for tasks to queue
[2024-01-06T20:13:03.759+0000] {logging_mixin.py:120} INFO - [2024-01-06T20:13:03.758+0000] {dagbag.py:537} INFO - Filling up the DagBag from /opt/airflow/dags/xcom_dag.py
[2024-01-06T20:13:03.784+0000] {processor.py:766} INFO - DAG(s) dict_keys(['xcom_dag']) retrieved from /opt/airflow/dags/xcom_dag.py
[2024-01-06T20:13:03.824+0000] {logging_mixin.py:120} INFO - [2024-01-06T20:13:03.824+0000] {dag.py:2585} INFO - Sync 1 DAGs
[2024-01-06T20:13:03.842+0000] {logging_mixin.py:120} INFO - [2024-01-06T20:13:03.842+0000] {dag.py:3340} INFO - Setting next_dagrun for xcom_dag to 2024-01-05T00:00:00+00:00, run_after=2024-01-06T00:00:00+00:00
[2024-01-06T20:13:03.854+0000] {processor.py:176} INFO - Processing /opt/airflow/dags/xcom_dag.py took 0.107 seconds
[2024-01-06T20:13:34.689+0000] {processor.py:154} INFO - Started process (PID=1322) to work on /opt/airflow/dags/xcom_dag.py
[2024-01-06T20:13:34.691+0000] {processor.py:756} INFO - Processing file /opt/airflow/dags/xcom_dag.py for tasks to queue
[2024-01-06T20:13:34.693+0000] {logging_mixin.py:120} INFO - [2024-01-06T20:13:34.693+0000] {dagbag.py:537} INFO - Filling up the DagBag from /opt/airflow/dags/xcom_dag.py
[2024-01-06T20:13:34.726+0000] {processor.py:766} INFO - DAG(s) dict_keys(['xcom_dag']) retrieved from /opt/airflow/dags/xcom_dag.py
[2024-01-06T20:13:34.757+0000] {logging_mixin.py:120} INFO - [2024-01-06T20:13:34.757+0000] {dag.py:2585} INFO - Sync 1 DAGs
[2024-01-06T20:13:34.791+0000] {logging_mixin.py:120} INFO - [2024-01-06T20:13:34.791+0000] {dag.py:3340} INFO - Setting next_dagrun for xcom_dag to 2024-01-05T00:00:00+00:00, run_after=2024-01-06T00:00:00+00:00
[2024-01-06T20:13:34.802+0000] {processor.py:176} INFO - Processing /opt/airflow/dags/xcom_dag.py took 0.122 seconds
[2024-01-06T20:14:05.469+0000] {processor.py:154} INFO - Started process (PID=1359) to work on /opt/airflow/dags/xcom_dag.py
[2024-01-06T20:14:05.471+0000] {processor.py:756} INFO - Processing file /opt/airflow/dags/xcom_dag.py for tasks to queue
[2024-01-06T20:14:05.473+0000] {logging_mixin.py:120} INFO - [2024-01-06T20:14:05.473+0000] {dagbag.py:537} INFO - Filling up the DagBag from /opt/airflow/dags/xcom_dag.py
[2024-01-06T20:14:05.504+0000] {processor.py:766} INFO - DAG(s) dict_keys(['xcom_dag']) retrieved from /opt/airflow/dags/xcom_dag.py
[2024-01-06T20:14:05.554+0000] {logging_mixin.py:120} INFO - [2024-01-06T20:14:05.553+0000] {dag.py:2585} INFO - Sync 1 DAGs
[2024-01-06T20:14:05.571+0000] {logging_mixin.py:120} INFO - [2024-01-06T20:14:05.571+0000] {dag.py:3340} INFO - Setting next_dagrun for xcom_dag to 2024-01-05T00:00:00+00:00, run_after=2024-01-06T00:00:00+00:00
[2024-01-06T20:14:05.582+0000] {processor.py:176} INFO - Processing /opt/airflow/dags/xcom_dag.py took 0.123 seconds
[2024-01-06T20:14:35.680+0000] {processor.py:154} INFO - Started process (PID=1396) to work on /opt/airflow/dags/xcom_dag.py
[2024-01-06T20:14:35.682+0000] {processor.py:756} INFO - Processing file /opt/airflow/dags/xcom_dag.py for tasks to queue
[2024-01-06T20:14:35.683+0000] {logging_mixin.py:120} INFO - [2024-01-06T20:14:35.683+0000] {dagbag.py:537} INFO - Filling up the DagBag from /opt/airflow/dags/xcom_dag.py
[2024-01-06T20:14:35.704+0000] {processor.py:766} INFO - DAG(s) dict_keys(['xcom_dag']) retrieved from /opt/airflow/dags/xcom_dag.py
[2024-01-06T20:14:35.735+0000] {logging_mixin.py:120} INFO - [2024-01-06T20:14:35.735+0000] {dag.py:2585} INFO - Sync 1 DAGs
[2024-01-06T20:14:35.754+0000] {logging_mixin.py:120} INFO - [2024-01-06T20:14:35.754+0000] {dag.py:3340} INFO - Setting next_dagrun for xcom_dag to 2024-01-05T00:00:00+00:00, run_after=2024-01-06T00:00:00+00:00
[2024-01-06T20:14:35.776+0000] {processor.py:176} INFO - Processing /opt/airflow/dags/xcom_dag.py took 0.100 seconds
[2024-01-06T20:15:06.407+0000] {processor.py:154} INFO - Started process (PID=1425) to work on /opt/airflow/dags/xcom_dag.py
[2024-01-06T20:15:06.410+0000] {processor.py:756} INFO - Processing file /opt/airflow/dags/xcom_dag.py for tasks to queue
[2024-01-06T20:15:06.412+0000] {logging_mixin.py:120} INFO - [2024-01-06T20:15:06.411+0000] {dagbag.py:537} INFO - Filling up the DagBag from /opt/airflow/dags/xcom_dag.py
[2024-01-06T20:15:06.447+0000] {processor.py:766} INFO - DAG(s) dict_keys(['xcom_dag']) retrieved from /opt/airflow/dags/xcom_dag.py
[2024-01-06T20:15:06.483+0000] {logging_mixin.py:120} INFO - [2024-01-06T20:15:06.483+0000] {dag.py:2585} INFO - Sync 1 DAGs
[2024-01-06T20:15:06.502+0000] {logging_mixin.py:120} INFO - [2024-01-06T20:15:06.501+0000] {dag.py:3340} INFO - Setting next_dagrun for xcom_dag to 2024-01-05T00:00:00+00:00, run_after=2024-01-06T00:00:00+00:00
[2024-01-06T20:15:06.513+0000] {processor.py:176} INFO - Processing /opt/airflow/dags/xcom_dag.py took 0.117 seconds
[2024-01-06T20:15:37.371+0000] {processor.py:154} INFO - Started process (PID=1462) to work on /opt/airflow/dags/xcom_dag.py
[2024-01-06T20:15:37.373+0000] {processor.py:756} INFO - Processing file /opt/airflow/dags/xcom_dag.py for tasks to queue
[2024-01-06T20:15:37.374+0000] {logging_mixin.py:120} INFO - [2024-01-06T20:15:37.374+0000] {dagbag.py:537} INFO - Filling up the DagBag from /opt/airflow/dags/xcom_dag.py
[2024-01-06T20:15:37.401+0000] {processor.py:766} INFO - DAG(s) dict_keys(['xcom_dag']) retrieved from /opt/airflow/dags/xcom_dag.py
[2024-01-06T20:15:37.446+0000] {logging_mixin.py:120} INFO - [2024-01-06T20:15:37.445+0000] {dag.py:2585} INFO - Sync 1 DAGs
[2024-01-06T20:15:37.467+0000] {logging_mixin.py:120} INFO - [2024-01-06T20:15:37.467+0000] {dag.py:3340} INFO - Setting next_dagrun for xcom_dag to 2024-01-05T00:00:00+00:00, run_after=2024-01-06T00:00:00+00:00
[2024-01-06T20:15:37.478+0000] {processor.py:176} INFO - Processing /opt/airflow/dags/xcom_dag.py took 0.113 seconds
[2024-01-06T20:16:08.196+0000] {processor.py:154} INFO - Started process (PID=1499) to work on /opt/airflow/dags/xcom_dag.py
[2024-01-06T20:16:08.199+0000] {processor.py:756} INFO - Processing file /opt/airflow/dags/xcom_dag.py for tasks to queue
[2024-01-06T20:16:08.200+0000] {logging_mixin.py:120} INFO - [2024-01-06T20:16:08.200+0000] {dagbag.py:537} INFO - Filling up the DagBag from /opt/airflow/dags/xcom_dag.py
[2024-01-06T20:16:08.230+0000] {processor.py:766} INFO - DAG(s) dict_keys(['xcom_dag']) retrieved from /opt/airflow/dags/xcom_dag.py
[2024-01-06T20:16:08.268+0000] {logging_mixin.py:120} INFO - [2024-01-06T20:16:08.268+0000] {dag.py:2585} INFO - Sync 1 DAGs
[2024-01-06T20:16:08.288+0000] {logging_mixin.py:120} INFO - [2024-01-06T20:16:08.288+0000] {dag.py:3340} INFO - Setting next_dagrun for xcom_dag to 2024-01-05T00:00:00+00:00, run_after=2024-01-06T00:00:00+00:00
[2024-01-06T20:16:08.312+0000] {processor.py:176} INFO - Processing /opt/airflow/dags/xcom_dag.py took 0.123 seconds
[2024-01-06T20:16:38.453+0000] {processor.py:154} INFO - Started process (PID=1535) to work on /opt/airflow/dags/xcom_dag.py
[2024-01-06T20:16:38.456+0000] {processor.py:756} INFO - Processing file /opt/airflow/dags/xcom_dag.py for tasks to queue
[2024-01-06T20:16:38.458+0000] {logging_mixin.py:120} INFO - [2024-01-06T20:16:38.458+0000] {dagbag.py:537} INFO - Filling up the DagBag from /opt/airflow/dags/xcom_dag.py
[2024-01-06T20:16:38.490+0000] {processor.py:766} INFO - DAG(s) dict_keys(['xcom_dag']) retrieved from /opt/airflow/dags/xcom_dag.py
[2024-01-06T20:16:38.529+0000] {logging_mixin.py:120} INFO - [2024-01-06T20:16:38.529+0000] {dag.py:2585} INFO - Sync 1 DAGs
[2024-01-06T20:16:38.548+0000] {logging_mixin.py:120} INFO - [2024-01-06T20:16:38.548+0000] {dag.py:3340} INFO - Setting next_dagrun for xcom_dag to 2024-01-05T00:00:00+00:00, run_after=2024-01-06T00:00:00+00:00
[2024-01-06T20:16:38.560+0000] {processor.py:176} INFO - Processing /opt/airflow/dags/xcom_dag.py took 0.115 seconds
[2024-01-06T20:34:33.514+0000] {processor.py:154} INFO - Started process (PID=55) to work on /opt/airflow/dags/xcom_dag.py
[2024-01-06T20:34:33.519+0000] {processor.py:756} INFO - Processing file /opt/airflow/dags/xcom_dag.py for tasks to queue
[2024-01-06T20:34:33.522+0000] {logging_mixin.py:120} INFO - [2024-01-06T20:34:33.521+0000] {dagbag.py:537} INFO - Filling up the DagBag from /opt/airflow/dags/xcom_dag.py
[2024-01-06T20:34:33.589+0000] {processor.py:766} INFO - DAG(s) dict_keys(['xcom_dag']) retrieved from /opt/airflow/dags/xcom_dag.py
[2024-01-06T20:34:33.817+0000] {logging_mixin.py:120} INFO - [2024-01-06T20:34:33.816+0000] {dag.py:2585} INFO - Sync 1 DAGs
[2024-01-06T20:34:33.896+0000] {logging_mixin.py:120} INFO - [2024-01-06T20:34:33.895+0000] {dag.py:3340} INFO - Setting next_dagrun for xcom_dag to 2024-01-05T00:00:00+00:00, run_after=2024-01-06T00:00:00+00:00
[2024-01-06T20:34:33.957+0000] {processor.py:176} INFO - Processing /opt/airflow/dags/xcom_dag.py took 0.455 seconds
[2024-01-06T21:28:03.518+0000] {processor.py:154} INFO - Started process (PID=58) to work on /opt/airflow/dags/xcom_dag.py
[2024-01-06T21:28:03.523+0000] {processor.py:756} INFO - Processing file /opt/airflow/dags/xcom_dag.py for tasks to queue
[2024-01-06T21:28:03.526+0000] {logging_mixin.py:120} INFO - [2024-01-06T21:28:03.526+0000] {dagbag.py:537} INFO - Filling up the DagBag from /opt/airflow/dags/xcom_dag.py
[2024-01-06T21:28:03.570+0000] {processor.py:766} INFO - DAG(s) dict_keys(['xcom_dag']) retrieved from /opt/airflow/dags/xcom_dag.py
[2024-01-06T21:28:03.656+0000] {logging_mixin.py:120} INFO - [2024-01-06T21:28:03.656+0000] {dag.py:2585} INFO - Sync 1 DAGs
[2024-01-06T21:28:03.679+0000] {logging_mixin.py:120} INFO - [2024-01-06T21:28:03.679+0000] {dag.py:3340} INFO - Setting next_dagrun for xcom_dag to 2024-01-05T00:00:00+00:00, run_after=2024-01-06T00:00:00+00:00
[2024-01-06T21:28:03.705+0000] {processor.py:176} INFO - Processing /opt/airflow/dags/xcom_dag.py took 0.192 seconds
[2024-01-06T21:28:34.872+0000] {processor.py:154} INFO - Started process (PID=95) to work on /opt/airflow/dags/xcom_dag.py
[2024-01-06T21:28:34.873+0000] {processor.py:756} INFO - Processing file /opt/airflow/dags/xcom_dag.py for tasks to queue
[2024-01-06T21:28:34.874+0000] {logging_mixin.py:120} INFO - [2024-01-06T21:28:34.874+0000] {dagbag.py:537} INFO - Filling up the DagBag from /opt/airflow/dags/xcom_dag.py
[2024-01-06T21:28:34.892+0000] {processor.py:766} INFO - DAG(s) dict_keys(['xcom_dag']) retrieved from /opt/airflow/dags/xcom_dag.py
[2024-01-06T21:28:34.921+0000] {logging_mixin.py:120} INFO - [2024-01-06T21:28:34.921+0000] {dag.py:2585} INFO - Sync 1 DAGs
[2024-01-06T21:28:34.938+0000] {logging_mixin.py:120} INFO - [2024-01-06T21:28:34.938+0000] {dag.py:3340} INFO - Setting next_dagrun for xcom_dag to 2024-01-05T00:00:00+00:00, run_after=2024-01-06T00:00:00+00:00
[2024-01-06T21:28:34.952+0000] {processor.py:176} INFO - Processing /opt/airflow/dags/xcom_dag.py took 0.083 seconds
[2024-01-06T21:29:06.237+0000] {processor.py:154} INFO - Started process (PID=133) to work on /opt/airflow/dags/xcom_dag.py
[2024-01-06T21:29:06.238+0000] {processor.py:756} INFO - Processing file /opt/airflow/dags/xcom_dag.py for tasks to queue
[2024-01-06T21:29:06.239+0000] {logging_mixin.py:120} INFO - [2024-01-06T21:29:06.239+0000] {dagbag.py:537} INFO - Filling up the DagBag from /opt/airflow/dags/xcom_dag.py
[2024-01-06T21:29:06.271+0000] {processor.py:766} INFO - DAG(s) dict_keys(['xcom_dag']) retrieved from /opt/airflow/dags/xcom_dag.py
[2024-01-06T21:29:06.325+0000] {logging_mixin.py:120} INFO - [2024-01-06T21:29:06.325+0000] {dag.py:2585} INFO - Sync 1 DAGs
[2024-01-06T21:29:06.355+0000] {logging_mixin.py:120} INFO - [2024-01-06T21:29:06.355+0000] {dag.py:3340} INFO - Setting next_dagrun for xcom_dag to 2024-01-05T00:00:00+00:00, run_after=2024-01-06T00:00:00+00:00
[2024-01-06T21:29:06.365+0000] {processor.py:176} INFO - Processing /opt/airflow/dags/xcom_dag.py took 0.131 seconds
[2024-01-06T21:29:37.708+0000] {processor.py:154} INFO - Started process (PID=170) to work on /opt/airflow/dags/xcom_dag.py
[2024-01-06T21:29:37.709+0000] {processor.py:756} INFO - Processing file /opt/airflow/dags/xcom_dag.py for tasks to queue
[2024-01-06T21:29:37.710+0000] {logging_mixin.py:120} INFO - [2024-01-06T21:29:37.710+0000] {dagbag.py:537} INFO - Filling up the DagBag from /opt/airflow/dags/xcom_dag.py
[2024-01-06T21:29:37.734+0000] {processor.py:766} INFO - DAG(s) dict_keys(['xcom_dag']) retrieved from /opt/airflow/dags/xcom_dag.py
[2024-01-06T21:29:37.770+0000] {logging_mixin.py:120} INFO - [2024-01-06T21:29:37.770+0000] {dag.py:2585} INFO - Sync 1 DAGs
[2024-01-06T21:29:37.788+0000] {logging_mixin.py:120} INFO - [2024-01-06T21:29:37.787+0000] {dag.py:3340} INFO - Setting next_dagrun for xcom_dag to 2024-01-05T00:00:00+00:00, run_after=2024-01-06T00:00:00+00:00
[2024-01-06T21:29:37.801+0000] {processor.py:176} INFO - Processing /opt/airflow/dags/xcom_dag.py took 0.096 seconds
[2024-01-06T21:30:08.952+0000] {processor.py:154} INFO - Started process (PID=198) to work on /opt/airflow/dags/xcom_dag.py
[2024-01-06T21:30:08.953+0000] {processor.py:756} INFO - Processing file /opt/airflow/dags/xcom_dag.py for tasks to queue
[2024-01-06T21:30:08.954+0000] {logging_mixin.py:120} INFO - [2024-01-06T21:30:08.953+0000] {dagbag.py:537} INFO - Filling up the DagBag from /opt/airflow/dags/xcom_dag.py
[2024-01-06T21:30:08.966+0000] {processor.py:766} INFO - DAG(s) dict_keys(['xcom_dag']) retrieved from /opt/airflow/dags/xcom_dag.py
[2024-01-06T21:30:08.990+0000] {logging_mixin.py:120} INFO - [2024-01-06T21:30:08.989+0000] {dag.py:2585} INFO - Sync 1 DAGs
[2024-01-06T21:30:09.005+0000] {logging_mixin.py:120} INFO - [2024-01-06T21:30:09.004+0000] {dag.py:3340} INFO - Setting next_dagrun for xcom_dag to 2024-01-05T00:00:00+00:00, run_after=2024-01-06T00:00:00+00:00
[2024-01-06T21:30:09.014+0000] {processor.py:176} INFO - Processing /opt/airflow/dags/xcom_dag.py took 0.064 seconds
[2024-01-06T21:30:40.069+0000] {processor.py:154} INFO - Started process (PID=235) to work on /opt/airflow/dags/xcom_dag.py
[2024-01-06T21:30:40.070+0000] {processor.py:756} INFO - Processing file /opt/airflow/dags/xcom_dag.py for tasks to queue
[2024-01-06T21:30:40.070+0000] {logging_mixin.py:120} INFO - [2024-01-06T21:30:40.070+0000] {dagbag.py:537} INFO - Filling up the DagBag from /opt/airflow/dags/xcom_dag.py
[2024-01-06T21:30:40.089+0000] {processor.py:766} INFO - DAG(s) dict_keys(['xcom_dag']) retrieved from /opt/airflow/dags/xcom_dag.py
[2024-01-06T21:30:40.134+0000] {logging_mixin.py:120} INFO - [2024-01-06T21:30:40.133+0000] {dag.py:2585} INFO - Sync 1 DAGs
[2024-01-06T21:30:40.207+0000] {logging_mixin.py:120} INFO - [2024-01-06T21:30:40.206+0000] {dag.py:3340} INFO - Setting next_dagrun for xcom_dag to 2024-01-05T00:00:00+00:00, run_after=2024-01-06T00:00:00+00:00
[2024-01-06T21:30:40.239+0000] {processor.py:176} INFO - Processing /opt/airflow/dags/xcom_dag.py took 0.173 seconds
[2024-01-06T21:31:10.771+0000] {processor.py:154} INFO - Started process (PID=271) to work on /opt/airflow/dags/xcom_dag.py
[2024-01-06T21:31:10.772+0000] {processor.py:756} INFO - Processing file /opt/airflow/dags/xcom_dag.py for tasks to queue
[2024-01-06T21:31:10.772+0000] {logging_mixin.py:120} INFO - [2024-01-06T21:31:10.772+0000] {dagbag.py:537} INFO - Filling up the DagBag from /opt/airflow/dags/xcom_dag.py
[2024-01-06T21:31:10.784+0000] {processor.py:766} INFO - DAG(s) dict_keys(['xcom_dag']) retrieved from /opt/airflow/dags/xcom_dag.py
[2024-01-06T21:31:10.807+0000] {logging_mixin.py:120} INFO - [2024-01-06T21:31:10.807+0000] {dag.py:2585} INFO - Sync 1 DAGs
[2024-01-06T21:31:10.823+0000] {logging_mixin.py:120} INFO - [2024-01-06T21:31:10.823+0000] {dag.py:3340} INFO - Setting next_dagrun for xcom_dag to 2024-01-05T00:00:00+00:00, run_after=2024-01-06T00:00:00+00:00
[2024-01-06T21:31:10.833+0000] {processor.py:176} INFO - Processing /opt/airflow/dags/xcom_dag.py took 0.064 seconds
