[2023-09-04T18:46:02.628+0000] {taskinstance.py:1165} INFO - Dependencies all met for <TaskInstance: user_processing.extract_user scheduled__2023-09-03T00:00:00+00:00 [queued]>
[2023-09-04T18:46:02.634+0000] {taskinstance.py:1165} INFO - Dependencies all met for <TaskInstance: user_processing.extract_user scheduled__2023-09-03T00:00:00+00:00 [queued]>
[2023-09-04T18:46:02.634+0000] {taskinstance.py:1362} INFO - 
--------------------------------------------------------------------------------
[2023-09-04T18:46:02.635+0000] {taskinstance.py:1363} INFO - Starting attempt 1 of 1
[2023-09-04T18:46:02.635+0000] {taskinstance.py:1364} INFO - 
--------------------------------------------------------------------------------
[2023-09-04T18:46:02.647+0000] {taskinstance.py:1383} INFO - Executing <Task(SimpleHttpOperator): extract_user> on 2023-09-03 00:00:00+00:00
[2023-09-04T18:46:02.652+0000] {standard_task_runner.py:55} INFO - Started process 106 to run task
[2023-09-04T18:46:02.656+0000] {standard_task_runner.py:82} INFO - Running: ['***', 'tasks', 'run', 'user_processing', 'extract_user', 'scheduled__2023-09-03T00:00:00+00:00', '--job-id', '67', '--raw', '--subdir', 'DAGS_FOLDER/user_processing.py', '--cfg-path', '/tmp/tmpcfg4oj_9']
[2023-09-04T18:46:02.658+0000] {standard_task_runner.py:83} INFO - Job 67: Subtask extract_user
[2023-09-04T18:46:02.707+0000] {task_command.py:376} INFO - Running <TaskInstance: user_processing.extract_user scheduled__2023-09-03T00:00:00+00:00 [running]> on host 993b415b7ab0
[2023-09-04T18:46:02.873+0000] {taskinstance.py:1592} INFO - Exporting the following env vars:
AIRFLOW_CTX_DAG_OWNER=***
AIRFLOW_CTX_DAG_ID=user_processing
AIRFLOW_CTX_TASK_ID=extract_user
AIRFLOW_CTX_EXECUTION_DATE=2023-09-03T00:00:00+00:00
AIRFLOW_CTX_TRY_NUMBER=1
AIRFLOW_CTX_DAG_RUN_ID=scheduled__2023-09-03T00:00:00+00:00
[2023-09-04T18:46:02.876+0000] {http.py:121} INFO - Calling HTTP method
[2023-09-04T18:46:02.895+0000] {base.py:71} INFO - Using connection ID 'user_api' for task execution.
[2023-09-04T18:46:02.897+0000] {http.py:148} INFO - Sending 'GET' to url: https://randomuser.me/api/
[2023-09-04T18:46:03.142+0000] {http.py:125} INFO - {"results":[{"gender":"female","name":{"title":"Mrs","first":"هستی","last":"سالاری"},"location":{"street":{"number":5326,"name":"شهید آرش مهر"},"city":"همدان","state":"خراسان جنوبی","country":"Iran","postcode":33692,"coordinates":{"latitude":"17.6820","longitude":"105.1346"},"timezone":{"offset":"+10:00","description":"Eastern Australia, Guam, Vladivostok"}},"email":"hsty.slry@example.com","login":{"uuid":"c58f86c4-4c21-4527-baaa-b0ce441ddc7a","username":"redpanda147","password":"nicholas","salt":"XkewlD9O","md5":"bd90a9417fd7c55816e6047c386c8078","sha1":"c560db4f50505baea693ee88249a464267d75411","sha256":"0a3c8e127cedc4661ea5438eec3dc1e522c4df5a681fbf7178487ce88c85dfb8"},"dob":{"date":"1989-06-03T23:18:34.814Z","age":34},"registered":{"date":"2020-06-17T12:50:20.668Z","age":3},"phone":"020-88846222","cell":"0973-997-6671","id":{"name":"","value":null},"picture":{"large":"https://randomuser.me/api/portraits/women/26.jpg","medium":"https://randomuser.me/api/portraits/med/women/26.jpg","thumbnail":"https://randomuser.me/api/portraits/thumb/women/26.jpg"},"nat":"IR"}],"info":{"seed":"708425be690a48bf","results":1,"page":1,"version":"1.4"}}
[2023-09-04T18:46:03.175+0000] {taskinstance.py:1406} INFO - Marking task as SUCCESS. dag_id=user_processing, task_id=extract_user, execution_date=20230903T000000, start_date=20230904T184602, end_date=20230904T184603
[2023-09-04T18:46:03.246+0000] {local_task_job.py:164} INFO - Task exited with return code 0
[2023-09-04T18:46:03.308+0000] {local_task_job.py:273} INFO - 0 downstream tasks scheduled from follow-on schedule check
