[2023-09-06T09:36:46.857+0000] {taskinstance.py:1165} INFO - Dependencies all met for <TaskInstance: group_dag.transformations.transform_a scheduled__2023-09-05T00:00:00+00:00 [queued]>
[2023-09-06T09:36:46.881+0000] {taskinstance.py:1165} INFO - Dependencies all met for <TaskInstance: group_dag.transformations.transform_a scheduled__2023-09-05T00:00:00+00:00 [queued]>
[2023-09-06T09:36:46.881+0000] {taskinstance.py:1362} INFO - 
--------------------------------------------------------------------------------
[2023-09-06T09:36:46.881+0000] {taskinstance.py:1363} INFO - Starting attempt 1 of 1
[2023-09-06T09:36:46.882+0000] {taskinstance.py:1364} INFO - 
--------------------------------------------------------------------------------
[2023-09-06T09:36:46.903+0000] {taskinstance.py:1383} INFO - Executing <Task(BashOperator): transformations.transform_a> on 2023-09-05 00:00:00+00:00
[2023-09-06T09:36:46.920+0000] {standard_task_runner.py:55} INFO - Started process 126 to run task
[2023-09-06T09:36:46.951+0000] {standard_task_runner.py:82} INFO - Running: ['***', 'tasks', 'run', 'group_dag', 'transformations.transform_a', 'scheduled__2023-09-05T00:00:00+00:00', '--job-id', '157', '--raw', '--subdir', 'DAGS_FOLDER/group_dag.py', '--cfg-path', '/tmp/tmpacwumvy1']
[2023-09-06T09:36:46.955+0000] {standard_task_runner.py:83} INFO - Job 157: Subtask transformations.transform_a
[2023-09-06T09:36:47.062+0000] {task_command.py:376} INFO - Running <TaskInstance: group_dag.transformations.transform_a scheduled__2023-09-05T00:00:00+00:00 [running]> on host 993b415b7ab0
[2023-09-06T09:36:47.228+0000] {taskinstance.py:1592} INFO - Exporting the following env vars:
AIRFLOW_CTX_DAG_OWNER=***
AIRFLOW_CTX_DAG_ID=group_dag
AIRFLOW_CTX_TASK_ID=transformations.transform_a
AIRFLOW_CTX_EXECUTION_DATE=2023-09-05T00:00:00+00:00
AIRFLOW_CTX_TRY_NUMBER=1
AIRFLOW_CTX_DAG_RUN_ID=scheduled__2023-09-05T00:00:00+00:00
[2023-09-06T09:36:47.236+0000] {subprocess.py:63} INFO - Tmp dir root location: 
 /tmp
[2023-09-06T09:36:47.238+0000] {subprocess.py:75} INFO - Running command: ['/bin/bash', '-c', 'sleep 10']
[2023-09-06T09:36:47.288+0000] {subprocess.py:86} INFO - Output:
[2023-09-06T09:36:57.300+0000] {subprocess.py:97} INFO - Command exited with return code 0
[2023-09-06T09:36:57.378+0000] {taskinstance.py:1406} INFO - Marking task as SUCCESS. dag_id=group_dag, task_id=transformations.transform_a, execution_date=20230905T000000, start_date=20230906T093646, end_date=20230906T093657
[2023-09-06T09:36:57.437+0000] {local_task_job.py:164} INFO - Task exited with return code 0
[2023-09-06T09:36:57.463+0000] {local_task_job.py:273} INFO - 0 downstream tasks scheduled from follow-on schedule check
