[2023-08-29T00:01:38.656+0000] {taskinstance.py:1165} INFO - Dependencies all met for <TaskInstance: user_processing.create_table scheduled__2023-08-28T00:00:00+00:00 [queued]>
[2023-08-29T00:01:38.682+0000] {taskinstance.py:1165} INFO - Dependencies all met for <TaskInstance: user_processing.create_table scheduled__2023-08-28T00:00:00+00:00 [queued]>
[2023-08-29T00:01:38.683+0000] {taskinstance.py:1362} INFO - 
--------------------------------------------------------------------------------
[2023-08-29T00:01:38.683+0000] {taskinstance.py:1363} INFO - Starting attempt 1 of 1
[2023-08-29T00:01:38.684+0000] {taskinstance.py:1364} INFO - 
--------------------------------------------------------------------------------
[2023-08-29T00:01:38.710+0000] {taskinstance.py:1383} INFO - Executing <Task(PostgresOperator): create_table> on 2023-08-28 00:00:00+00:00
[2023-08-29T00:01:38.740+0000] {standard_task_runner.py:55} INFO - Started process 20350 to run task
[2023-08-29T00:01:38.761+0000] {standard_task_runner.py:82} INFO - Running: ['***', 'tasks', 'run', 'user_processing', 'create_table', 'scheduled__2023-08-28T00:00:00+00:00', '--job-id', '11', '--raw', '--subdir', 'DAGS_FOLDER/user_processing.py', '--cfg-path', '/tmp/tmph7z2o_4n']
[2023-08-29T00:01:38.769+0000] {standard_task_runner.py:83} INFO - Job 11: Subtask create_table
[2023-08-29T00:01:39.027+0000] {task_command.py:376} INFO - Running <TaskInstance: user_processing.create_table scheduled__2023-08-28T00:00:00+00:00 [running]> on host f65dd69de24d
[2023-08-29T00:01:39.319+0000] {taskinstance.py:1592} INFO - Exporting the following env vars:
AIRFLOW_CTX_DAG_OWNER=***
AIRFLOW_CTX_DAG_ID=user_processing
AIRFLOW_CTX_TASK_ID=create_table
AIRFLOW_CTX_EXECUTION_DATE=2023-08-28T00:00:00+00:00
AIRFLOW_CTX_TRY_NUMBER=1
AIRFLOW_CTX_DAG_RUN_ID=scheduled__2023-08-28T00:00:00+00:00
[2023-08-29T00:01:39.412+0000] {base.py:71} INFO - Using connection ID 'postgres' for task execution.
[2023-08-29T00:01:39.436+0000] {sql.py:315} INFO - Running statement: 
            CREATE TABLE IF NOT EXISTS users (
                firstname TEXT NOT NULL,
                lastname TEXT NOT NULL,
                country TEXT NOT NULL,
                username TEXT NOT NULL,
                password TEXT NOT NULL,
                email TEXT NOT NULL
            );
        , parameters: None
[2023-08-29T00:01:39.477+0000] {postgres.py:96} INFO - NOTICE:  relation "users" already exists, skipping

[2023-08-29T00:01:39.532+0000] {taskinstance.py:1406} INFO - Marking task as SUCCESS. dag_id=user_processing, task_id=create_table, execution_date=20230828T000000, start_date=20230829T000138, end_date=20230829T000139
[2023-08-29T00:01:39.632+0000] {local_task_job.py:164} INFO - Task exited with return code 0
[2023-08-29T00:01:39.814+0000] {local_task_job.py:273} INFO - 1 downstream tasks scheduled from follow-on schedule check
