[2023-09-02T14:40:25.325+0000] {taskinstance.py:1165} INFO - Dependencies all met for <TaskInstance: parallel_dag.load_a scheduled__2023-09-01T00:00:00+00:00 [queued]>
[2023-09-02T14:40:25.330+0000] {taskinstance.py:1165} INFO - Dependencies all met for <TaskInstance: parallel_dag.load_a scheduled__2023-09-01T00:00:00+00:00 [queued]>
[2023-09-02T14:40:25.331+0000] {taskinstance.py:1362} INFO - 
--------------------------------------------------------------------------------
[2023-09-02T14:40:25.331+0000] {taskinstance.py:1363} INFO - Starting attempt 1 of 1
[2023-09-02T14:40:25.331+0000] {taskinstance.py:1364} INFO - 
--------------------------------------------------------------------------------
[2023-09-02T14:40:25.343+0000] {taskinstance.py:1383} INFO - Executing <Task(BashOperator): load_a> on 2023-09-01 00:00:00+00:00
[2023-09-02T14:40:25.346+0000] {standard_task_runner.py:55} INFO - Started process 105 to run task
[2023-09-02T14:40:25.351+0000] {standard_task_runner.py:82} INFO - Running: ['***', 'tasks', 'run', 'parallel_dag', 'load_a', 'scheduled__2023-09-01T00:00:00+00:00', '--job-id', '84', '--raw', '--subdir', 'DAGS_FOLDER/parallel_dag.py', '--cfg-path', '/tmp/tmp1d87xbko']
[2023-09-02T14:40:25.353+0000] {standard_task_runner.py:83} INFO - Job 84: Subtask load_a
[2023-09-02T14:40:25.416+0000] {task_command.py:376} INFO - Running <TaskInstance: parallel_dag.load_a scheduled__2023-09-01T00:00:00+00:00 [running]> on host e8233bd9ac3e
[2023-09-02T14:40:25.522+0000] {taskinstance.py:1592} INFO - Exporting the following env vars:
AIRFLOW_CTX_DAG_OWNER=***
AIRFLOW_CTX_DAG_ID=parallel_dag
AIRFLOW_CTX_TASK_ID=load_a
AIRFLOW_CTX_EXECUTION_DATE=2023-09-01T00:00:00+00:00
AIRFLOW_CTX_TRY_NUMBER=1
AIRFLOW_CTX_DAG_RUN_ID=scheduled__2023-09-01T00:00:00+00:00
[2023-09-02T14:40:25.523+0000] {subprocess.py:63} INFO - Tmp dir root location: 
 /tmp
[2023-09-02T14:40:25.523+0000] {subprocess.py:75} INFO - Running command: ['/bin/bash', '-c', 'sleep 1']
[2023-09-02T14:40:25.533+0000] {subprocess.py:86} INFO - Output:
[2023-09-02T14:40:26.540+0000] {subprocess.py:97} INFO - Command exited with return code 0
[2023-09-02T14:40:26.597+0000] {taskinstance.py:1406} INFO - Marking task as SUCCESS. dag_id=parallel_dag, task_id=load_a, execution_date=20230901T000000, start_date=20230902T144025, end_date=20230902T144026
[2023-09-02T14:40:26.644+0000] {local_task_job.py:164} INFO - Task exited with return code 0
[2023-09-02T14:40:26.668+0000] {local_task_job.py:273} INFO - 1 downstream tasks scheduled from follow-on schedule check
