[2023-09-03T10:06:45.832+0000] {taskinstance.py:1165} INFO - Dependencies all met for <TaskInstance: consumer.read_dataset dataset_triggered__2023-09-03T10:06:41.807780+00:00 [queued]>
[2023-09-03T10:06:45.879+0000] {taskinstance.py:1165} INFO - Dependencies all met for <TaskInstance: consumer.read_dataset dataset_triggered__2023-09-03T10:06:41.807780+00:00 [queued]>
[2023-09-03T10:06:45.880+0000] {taskinstance.py:1362} INFO - 
--------------------------------------------------------------------------------
[2023-09-03T10:06:45.881+0000] {taskinstance.py:1363} INFO - Starting attempt 1 of 1
[2023-09-03T10:06:45.881+0000] {taskinstance.py:1364} INFO - 
--------------------------------------------------------------------------------
[2023-09-03T10:06:45.909+0000] {taskinstance.py:1383} INFO - Executing <Task(_PythonDecoratedOperator): read_dataset> on 2023-09-03 10:06:41.807780+00:00
[2023-09-03T10:06:45.916+0000] {standard_task_runner.py:55} INFO - Started process 73 to run task
[2023-09-03T10:06:45.935+0000] {standard_task_runner.py:82} INFO - Running: ['***', 'tasks', 'run', 'consumer', 'read_dataset', 'dataset_triggered__2023-09-03T10:06:41.807780+00:00', '--job-id', '96', '--raw', '--subdir', 'DAGS_FOLDER/consumer.py', '--cfg-path', '/tmp/tmpe0kniyk6']
[2023-09-03T10:06:45.959+0000] {standard_task_runner.py:83} INFO - Job 96: Subtask read_dataset
[2023-09-03T10:06:47.967+0000] {task_command.py:376} INFO - Running <TaskInstance: consumer.read_dataset dataset_triggered__2023-09-03T10:06:41.807780+00:00 [running]> on host a538dd8bfd1d
[2023-09-03T10:06:48.248+0000] {taskinstance.py:1592} INFO - Exporting the following env vars:
AIRFLOW_CTX_DAG_OWNER=***
AIRFLOW_CTX_DAG_ID=consumer
AIRFLOW_CTX_TASK_ID=read_dataset
AIRFLOW_CTX_EXECUTION_DATE=2023-09-03T10:06:41.807780+00:00
AIRFLOW_CTX_TRY_NUMBER=1
AIRFLOW_CTX_DAG_RUN_ID=dataset_triggered__2023-09-03T10:06:41.807780+00:00
[2023-09-03T10:06:48.253+0000] {logging_mixin.py:120} INFO - producer update
[2023-09-03T10:06:48.253+0000] {python.py:177} INFO - Done. Returned value was: None
[2023-09-03T10:06:48.315+0000] {taskinstance.py:1406} INFO - Marking task as SUCCESS. dag_id=consumer, task_id=read_dataset, execution_date=20230903T100641, start_date=20230903T100645, end_date=20230903T100648
[2023-09-03T10:06:48.382+0000] {local_task_job.py:164} INFO - Task exited with return code 0
[2023-09-03T10:06:48.510+0000] {local_task_job.py:273} INFO - 1 downstream tasks scheduled from follow-on schedule check
