[2023-09-04T18:46:17.191+0000] {taskinstance.py:1165} INFO - Dependencies all met for <TaskInstance: group_dag.transformations.transform_b scheduled__2023-09-03T00:00:00+00:00 [queued]>
[2023-09-04T18:46:17.205+0000] {taskinstance.py:1165} INFO - Dependencies all met for <TaskInstance: group_dag.transformations.transform_b scheduled__2023-09-03T00:00:00+00:00 [queued]>
[2023-09-04T18:46:17.205+0000] {taskinstance.py:1362} INFO - 
--------------------------------------------------------------------------------
[2023-09-04T18:46:17.205+0000] {taskinstance.py:1363} INFO - Starting attempt 1 of 1
[2023-09-04T18:46:17.205+0000] {taskinstance.py:1364} INFO - 
--------------------------------------------------------------------------------
[2023-09-04T18:46:17.217+0000] {taskinstance.py:1383} INFO - Executing <Task(BashOperator): transformations.transform_b> on 2023-09-03 00:00:00+00:00
[2023-09-04T18:46:17.221+0000] {standard_task_runner.py:55} INFO - Started process 142 to run task
[2023-09-04T18:46:17.227+0000] {standard_task_runner.py:82} INFO - Running: ['***', 'tasks', 'run', 'group_dag', 'transformations.transform_b', 'scheduled__2023-09-03T00:00:00+00:00', '--job-id', '73', '--raw', '--subdir', 'DAGS_FOLDER/group_dag.py', '--cfg-path', '/tmp/tmpaufq0ci_']
[2023-09-04T18:46:17.228+0000] {standard_task_runner.py:83} INFO - Job 73: Subtask transformations.transform_b
[2023-09-04T18:46:17.334+0000] {task_command.py:376} INFO - Running <TaskInstance: group_dag.transformations.transform_b scheduled__2023-09-03T00:00:00+00:00 [running]> on host 993b415b7ab0
[2023-09-04T18:46:17.401+0000] {taskinstance.py:1592} INFO - Exporting the following env vars:
AIRFLOW_CTX_DAG_OWNER=***
AIRFLOW_CTX_DAG_ID=group_dag
AIRFLOW_CTX_TASK_ID=transformations.transform_b
AIRFLOW_CTX_EXECUTION_DATE=2023-09-03T00:00:00+00:00
AIRFLOW_CTX_TRY_NUMBER=1
AIRFLOW_CTX_DAG_RUN_ID=scheduled__2023-09-03T00:00:00+00:00
[2023-09-04T18:46:17.402+0000] {subprocess.py:63} INFO - Tmp dir root location: 
 /tmp
[2023-09-04T18:46:17.402+0000] {subprocess.py:75} INFO - Running command: ['/bin/bash', '-c', 'sleep 10']
[2023-09-04T18:46:17.410+0000] {subprocess.py:86} INFO - Output:
[2023-09-04T18:46:27.416+0000] {subprocess.py:97} INFO - Command exited with return code 0
[2023-09-04T18:46:27.473+0000] {taskinstance.py:1406} INFO - Marking task as SUCCESS. dag_id=group_dag, task_id=transformations.transform_b, execution_date=20230903T000000, start_date=20230904T184617, end_date=20230904T184627
[2023-09-04T18:46:27.505+0000] {local_task_job.py:164} INFO - Task exited with return code 0
[2023-09-04T18:46:27.525+0000] {local_task_job.py:273} INFO - 0 downstream tasks scheduled from follow-on schedule check
