[2023-09-05T11:35:45.752+0000] {taskinstance.py:1165} INFO - Dependencies all met for <TaskInstance: group_dag.downloads.download_c scheduled__2023-09-04T00:00:00+00:00 [queued]>
[2023-09-05T11:35:45.928+0000] {taskinstance.py:1165} INFO - Dependencies all met for <TaskInstance: group_dag.downloads.download_c scheduled__2023-09-04T00:00:00+00:00 [queued]>
[2023-09-05T11:35:45.932+0000] {taskinstance.py:1362} INFO - 
--------------------------------------------------------------------------------
[2023-09-05T11:35:45.935+0000] {taskinstance.py:1363} INFO - Starting attempt 1 of 1
[2023-09-05T11:35:45.938+0000] {taskinstance.py:1364} INFO - 
--------------------------------------------------------------------------------
[2023-09-05T11:35:46.122+0000] {taskinstance.py:1383} INFO - Executing <Task(BashOperator): downloads.download_c> on 2023-09-04 00:00:00+00:00
[2023-09-05T11:35:46.140+0000] {standard_task_runner.py:55} INFO - Started process 82 to run task
[2023-09-05T11:35:46.179+0000] {standard_task_runner.py:82} INFO - Running: ['***', 'tasks', 'run', 'group_dag', 'downloads.download_c', 'scheduled__2023-09-04T00:00:00+00:00', '--job-id', '88', '--raw', '--subdir', 'DAGS_FOLDER/group_dag.py', '--cfg-path', '/tmp/tmpjkhwbg_0']
[2023-09-05T11:35:46.187+0000] {standard_task_runner.py:83} INFO - Job 88: Subtask downloads.download_c
[2023-09-05T11:35:46.593+0000] {task_command.py:376} INFO - Running <TaskInstance: group_dag.downloads.download_c scheduled__2023-09-04T00:00:00+00:00 [running]> on host 993b415b7ab0
[2023-09-05T11:35:46.982+0000] {taskinstance.py:1592} INFO - Exporting the following env vars:
AIRFLOW_CTX_DAG_OWNER=***
AIRFLOW_CTX_DAG_ID=group_dag
AIRFLOW_CTX_TASK_ID=downloads.download_c
AIRFLOW_CTX_EXECUTION_DATE=2023-09-04T00:00:00+00:00
AIRFLOW_CTX_TRY_NUMBER=1
AIRFLOW_CTX_DAG_RUN_ID=scheduled__2023-09-04T00:00:00+00:00
[2023-09-05T11:35:47.026+0000] {subprocess.py:63} INFO - Tmp dir root location: 
 /tmp
[2023-09-05T11:35:47.044+0000] {subprocess.py:75} INFO - Running command: ['/bin/bash', '-c', 'sleep 10']
[2023-09-05T11:35:47.074+0000] {subprocess.py:86} INFO - Output:
[2023-09-05T11:35:57.097+0000] {subprocess.py:97} INFO - Command exited with return code 0
[2023-09-05T11:35:57.140+0000] {taskinstance.py:1406} INFO - Marking task as SUCCESS. dag_id=group_dag, task_id=downloads.download_c, execution_date=20230904T000000, start_date=20230905T113545, end_date=20230905T113557
[2023-09-05T11:35:57.186+0000] {local_task_job.py:164} INFO - Task exited with return code 0
[2023-09-05T11:35:57.227+0000] {local_task_job.py:273} INFO - 1 downstream tasks scheduled from follow-on schedule check
