[2023-09-06T09:36:22.058+0000] {taskinstance.py:1165} INFO - Dependencies all met for <TaskInstance: user_processing.extract_user scheduled__2023-09-05T00:00:00+00:00 [queued]>
[2023-09-06T09:36:22.100+0000] {taskinstance.py:1165} INFO - Dependencies all met for <TaskInstance: user_processing.extract_user scheduled__2023-09-05T00:00:00+00:00 [queued]>
[2023-09-06T09:36:22.102+0000] {taskinstance.py:1362} INFO - 
--------------------------------------------------------------------------------
[2023-09-06T09:36:22.103+0000] {taskinstance.py:1363} INFO - Starting attempt 1 of 1
[2023-09-06T09:36:22.103+0000] {taskinstance.py:1364} INFO - 
--------------------------------------------------------------------------------
[2023-09-06T09:36:22.184+0000] {taskinstance.py:1383} INFO - Executing <Task(SimpleHttpOperator): extract_user> on 2023-09-05 00:00:00+00:00
[2023-09-06T09:36:22.213+0000] {standard_task_runner.py:55} INFO - Started process 129 to run task
[2023-09-06T09:36:22.233+0000] {standard_task_runner.py:82} INFO - Running: ['***', 'tasks', 'run', 'user_processing', 'extract_user', 'scheduled__2023-09-05T00:00:00+00:00', '--job-id', '147', '--raw', '--subdir', 'DAGS_FOLDER/user_processing.py', '--cfg-path', '/tmp/tmpnu6ntj7c']
[2023-09-06T09:36:22.239+0000] {standard_task_runner.py:83} INFO - Job 147: Subtask extract_user
[2023-09-06T09:36:22.719+0000] {task_command.py:376} INFO - Running <TaskInstance: user_processing.extract_user scheduled__2023-09-05T00:00:00+00:00 [running]> on host c5447ba0ef6d
[2023-09-06T09:36:22.895+0000] {taskinstance.py:1592} INFO - Exporting the following env vars:
AIRFLOW_CTX_DAG_OWNER=***
AIRFLOW_CTX_DAG_ID=user_processing
AIRFLOW_CTX_TASK_ID=extract_user
AIRFLOW_CTX_EXECUTION_DATE=2023-09-05T00:00:00+00:00
AIRFLOW_CTX_TRY_NUMBER=1
AIRFLOW_CTX_DAG_RUN_ID=scheduled__2023-09-05T00:00:00+00:00
[2023-09-06T09:36:22.908+0000] {http.py:121} INFO - Calling HTTP method
[2023-09-06T09:36:22.975+0000] {base.py:71} INFO - Using connection ID 'user_api' for task execution.
[2023-09-06T09:36:22.981+0000] {http.py:148} INFO - Sending 'GET' to url: https://randomuser.me/api/
[2023-09-06T09:36:23.433+0000] {http.py:125} INFO - {"results":[{"gender":"female","name":{"title":"Miss","first":"Afşar","last":"Tokatlıoğlu"},"location":{"street":{"number":3597,"name":"Necatibey Cd"},"city":"Kütahya","state":"Balıkesir","country":"Turkey","postcode":84071,"coordinates":{"latitude":"66.3041","longitude":"96.0795"},"timezone":{"offset":"-4:00","description":"Atlantic Time (Canada), Caracas, La Paz"}},"email":"afsar.tokatlioglu@example.com","login":{"uuid":"1c145881-d6ec-41f3-9650-ac0de6866ece","username":"angrymouse824","password":"f**k","salt":"A5Vd8ogy","md5":"644b17cd44dd860fb1cd0666afbf6e43","sha1":"67566b569d7e6e1c662854de9697400a4ace3a94","sha256":"94538018b45761b1bb554da71a91ae32fc437d95903db5ee89db4f130544754c"},"dob":{"date":"1946-09-05T23:42:58.735Z","age":77},"registered":{"date":"2019-01-14T04:02:02.198Z","age":4},"phone":"(453)-497-9540","cell":"(352)-084-5762","id":{"name":"","value":null},"picture":{"large":"https://randomuser.me/api/portraits/women/89.jpg","medium":"https://randomuser.me/api/portraits/med/women/89.jpg","thumbnail":"https://randomuser.me/api/portraits/thumb/women/89.jpg"},"nat":"TR"}],"info":{"seed":"5544972caa1632a0","results":1,"page":1,"version":"1.4"}}
[2023-09-06T09:36:23.555+0000] {taskinstance.py:1406} INFO - Marking task as SUCCESS. dag_id=user_processing, task_id=extract_user, execution_date=20230905T000000, start_date=20230906T093622, end_date=20230906T093623
[2023-09-06T09:36:23.674+0000] {local_task_job.py:164} INFO - Task exited with return code 0
[2023-09-06T09:36:23.748+0000] {local_task_job.py:273} INFO - 1 downstream tasks scheduled from follow-on schedule check
