[2023-09-06T09:36:12.752+0000] {taskinstance.py:1165} INFO - Dependencies all met for <TaskInstance: group_dag.downloads.download_b scheduled__2023-09-05T00:00:00+00:00 [queued]>
[2023-09-06T09:36:12.771+0000] {taskinstance.py:1165} INFO - Dependencies all met for <TaskInstance: group_dag.downloads.download_b scheduled__2023-09-05T00:00:00+00:00 [queued]>
[2023-09-06T09:36:12.776+0000] {taskinstance.py:1362} INFO - 
--------------------------------------------------------------------------------
[2023-09-06T09:36:12.777+0000] {taskinstance.py:1363} INFO - Starting attempt 1 of 1
[2023-09-06T09:36:12.778+0000] {taskinstance.py:1364} INFO - 
--------------------------------------------------------------------------------
[2023-09-06T09:36:12.962+0000] {taskinstance.py:1383} INFO - Executing <Task(BashOperator): downloads.download_b> on 2023-09-05 00:00:00+00:00
[2023-09-06T09:36:13.018+0000] {standard_task_runner.py:55} INFO - Started process 94 to run task
[2023-09-06T09:36:13.180+0000] {standard_task_runner.py:82} INFO - Running: ['***', 'tasks', 'run', 'group_dag', 'downloads.download_b', 'scheduled__2023-09-05T00:00:00+00:00', '--job-id', '131', '--raw', '--subdir', 'DAGS_FOLDER/group_dag.py', '--cfg-path', '/tmp/tmpfkcgr922']
[2023-09-06T09:36:13.251+0000] {standard_task_runner.py:83} INFO - Job 131: Subtask downloads.download_b
[2023-09-06T09:36:13.984+0000] {task_command.py:376} INFO - Running <TaskInstance: group_dag.downloads.download_b scheduled__2023-09-05T00:00:00+00:00 [running]> on host c5447ba0ef6d
[2023-09-06T09:36:15.012+0000] {taskinstance.py:1592} INFO - Exporting the following env vars:
AIRFLOW_CTX_DAG_OWNER=***
AIRFLOW_CTX_DAG_ID=group_dag
AIRFLOW_CTX_TASK_ID=downloads.download_b
AIRFLOW_CTX_EXECUTION_DATE=2023-09-05T00:00:00+00:00
AIRFLOW_CTX_TRY_NUMBER=1
AIRFLOW_CTX_DAG_RUN_ID=scheduled__2023-09-05T00:00:00+00:00
[2023-09-06T09:36:15.042+0000] {subprocess.py:63} INFO - Tmp dir root location: 
 /tmp
[2023-09-06T09:36:15.115+0000] {subprocess.py:75} INFO - Running command: ['/bin/bash', '-c', 'sleep 10']
[2023-09-06T09:36:15.369+0000] {subprocess.py:86} INFO - Output:
[2023-09-06T09:36:25.413+0000] {subprocess.py:97} INFO - Command exited with return code 0
[2023-09-06T09:36:25.640+0000] {taskinstance.py:1406} INFO - Marking task as SUCCESS. dag_id=group_dag, task_id=downloads.download_b, execution_date=20230905T000000, start_date=20230906T093612, end_date=20230906T093625
[2023-09-06T09:36:25.839+0000] {local_task_job.py:164} INFO - Task exited with return code 0
[2023-09-06T09:36:25.982+0000] {local_task_job.py:273} INFO - 0 downstream tasks scheduled from follow-on schedule check
