[2023-09-06T09:36:13.639+0000] {taskinstance.py:1165} INFO - Dependencies all met for <TaskInstance: group_dag.downloads.download_a scheduled__2023-09-05T00:00:00+00:00 [queued]>
[2023-09-06T09:36:13.791+0000] {taskinstance.py:1165} INFO - Dependencies all met for <TaskInstance: group_dag.downloads.download_a scheduled__2023-09-05T00:00:00+00:00 [queued]>
[2023-09-06T09:36:13.802+0000] {taskinstance.py:1362} INFO - 
--------------------------------------------------------------------------------
[2023-09-06T09:36:13.811+0000] {taskinstance.py:1363} INFO - Starting attempt 1 of 1
[2023-09-06T09:36:13.816+0000] {taskinstance.py:1364} INFO - 
--------------------------------------------------------------------------------
[2023-09-06T09:36:14.184+0000] {taskinstance.py:1383} INFO - Executing <Task(BashOperator): downloads.download_a> on 2023-09-05 00:00:00+00:00
[2023-09-06T09:36:14.317+0000] {standard_task_runner.py:55} INFO - Started process 98 to run task
[2023-09-06T09:36:14.367+0000] {standard_task_runner.py:82} INFO - Running: ['***', 'tasks', 'run', 'group_dag', 'downloads.download_a', 'scheduled__2023-09-05T00:00:00+00:00', '--job-id', '137', '--raw', '--subdir', 'DAGS_FOLDER/group_dag.py', '--cfg-path', '/tmp/tmpc0qlgu0a']
[2023-09-06T09:36:14.520+0000] {standard_task_runner.py:83} INFO - Job 137: Subtask downloads.download_a
[2023-09-06T09:36:15.346+0000] {task_command.py:376} INFO - Running <TaskInstance: group_dag.downloads.download_a scheduled__2023-09-05T00:00:00+00:00 [running]> on host c5447ba0ef6d
[2023-09-06T09:36:15.875+0000] {taskinstance.py:1592} INFO - Exporting the following env vars:
AIRFLOW_CTX_DAG_OWNER=***
AIRFLOW_CTX_DAG_ID=group_dag
AIRFLOW_CTX_TASK_ID=downloads.download_a
AIRFLOW_CTX_EXECUTION_DATE=2023-09-05T00:00:00+00:00
AIRFLOW_CTX_TRY_NUMBER=1
AIRFLOW_CTX_DAG_RUN_ID=scheduled__2023-09-05T00:00:00+00:00
[2023-09-06T09:36:15.937+0000] {subprocess.py:63} INFO - Tmp dir root location: 
 /tmp
[2023-09-06T09:36:15.948+0000] {subprocess.py:75} INFO - Running command: ['/bin/bash', '-c', 'sleep 10']
[2023-09-06T09:36:16.080+0000] {subprocess.py:86} INFO - Output:
[2023-09-06T09:36:26.094+0000] {subprocess.py:97} INFO - Command exited with return code 0
[2023-09-06T09:36:27.392+0000] {taskinstance.py:1406} INFO - Marking task as SUCCESS. dag_id=group_dag, task_id=downloads.download_a, execution_date=20230905T000000, start_date=20230906T093613, end_date=20230906T093627
[2023-09-06T09:36:27.971+0000] {local_task_job.py:164} INFO - Task exited with return code 0
[2023-09-06T09:36:28.364+0000] {local_task_job.py:273} INFO - 1 downstream tasks scheduled from follow-on schedule check
