[2024-05-20T09:06:24.019+0000] {processor.py:154} INFO - Started process (PID=58) to work on /opt/airflow/dags/consumer.py
[2024-05-20T09:06:24.021+0000] {processor.py:756} INFO - Processing file /opt/airflow/dags/consumer.py for tasks to queue
[2024-05-20T09:06:24.022+0000] {logging_mixin.py:120} INFO - [2024-05-20T09:06:24.022+0000] {dagbag.py:537} INFO - Filling up the DagBag from /opt/airflow/dags/consumer.py
[2024-05-20T09:06:24.054+0000] {processor.py:766} INFO - DAG(s) dict_keys(['consumer']) retrieved from /opt/airflow/dags/consumer.py
[2024-05-20T09:06:24.184+0000] {logging_mixin.py:120} INFO - [2024-05-20T09:06:24.184+0000] {dag.py:2585} INFO - Sync 1 DAGs
[2024-05-20T09:06:24.222+0000] {logging_mixin.py:120} INFO - [2024-05-20T09:06:24.222+0000] {dag.py:3340} INFO - Setting next_dagrun for consumer to None, run_after=None
[2024-05-20T09:06:24.314+0000] {processor.py:176} INFO - Processing /opt/airflow/dags/consumer.py took 0.300 seconds
[2024-05-20T09:06:54.433+0000] {processor.py:154} INFO - Started process (PID=95) to work on /opt/airflow/dags/consumer.py
[2024-05-20T09:06:54.433+0000] {processor.py:756} INFO - Processing file /opt/airflow/dags/consumer.py for tasks to queue
[2024-05-20T09:06:54.434+0000] {logging_mixin.py:120} INFO - [2024-05-20T09:06:54.434+0000] {dagbag.py:537} INFO - Filling up the DagBag from /opt/airflow/dags/consumer.py
[2024-05-20T09:06:54.448+0000] {processor.py:766} INFO - DAG(s) dict_keys(['consumer']) retrieved from /opt/airflow/dags/consumer.py
[2024-05-20T09:06:54.467+0000] {logging_mixin.py:120} INFO - [2024-05-20T09:06:54.467+0000] {dag.py:2585} INFO - Sync 1 DAGs
[2024-05-20T09:06:54.480+0000] {logging_mixin.py:120} INFO - [2024-05-20T09:06:54.480+0000] {dag.py:3340} INFO - Setting next_dagrun for consumer to None, run_after=None
[2024-05-20T09:06:54.494+0000] {processor.py:176} INFO - Processing /opt/airflow/dags/consumer.py took 0.063 seconds
[2024-05-20T13:02:58.673+0000] {processor.py:154} INFO - Started process (PID=59) to work on /opt/airflow/dags/consumer.py
[2024-05-20T13:02:58.685+0000] {processor.py:756} INFO - Processing file /opt/airflow/dags/consumer.py for tasks to queue
[2024-05-20T13:02:58.691+0000] {logging_mixin.py:120} INFO - [2024-05-20T13:02:58.691+0000] {dagbag.py:537} INFO - Filling up the DagBag from /opt/airflow/dags/consumer.py
[2024-05-20T13:02:58.751+0000] {processor.py:766} INFO - DAG(s) dict_keys(['consumer']) retrieved from /opt/airflow/dags/consumer.py
[2024-05-20T13:02:58.832+0000] {logging_mixin.py:120} INFO - [2024-05-20T13:02:58.832+0000] {dag.py:2585} INFO - Sync 1 DAGs
[2024-05-20T13:02:58.864+0000] {logging_mixin.py:120} INFO - [2024-05-20T13:02:58.863+0000] {dag.py:3340} INFO - Setting next_dagrun for consumer to None, run_after=None
[2024-05-20T13:02:58.929+0000] {processor.py:176} INFO - Processing /opt/airflow/dags/consumer.py took 0.275 seconds
[2024-05-20T13:07:12.294+0000] {processor.py:154} INFO - Started process (PID=109) to work on /opt/airflow/dags/consumer.py
[2024-05-20T13:07:12.320+0000] {processor.py:756} INFO - Processing file /opt/airflow/dags/consumer.py for tasks to queue
[2024-05-20T13:07:12.338+0000] {logging_mixin.py:120} INFO - [2024-05-20T13:07:12.338+0000] {dagbag.py:537} INFO - Filling up the DagBag from /opt/airflow/dags/consumer.py
[2024-05-20T13:07:13.393+0000] {processor.py:766} INFO - DAG(s) dict_keys(['consumer']) retrieved from /opt/airflow/dags/consumer.py
[2024-05-20T13:07:19.315+0000] {logging_mixin.py:120} INFO - [2024-05-20T13:07:19.314+0000] {dag.py:2585} INFO - Sync 1 DAGs
[2024-05-20T13:07:19.503+0000] {logging_mixin.py:120} INFO - [2024-05-20T13:07:19.498+0000] {dag.py:3340} INFO - Setting next_dagrun for consumer to None, run_after=None
[2024-05-20T13:07:19.901+0000] {processor.py:176} INFO - Processing /opt/airflow/dags/consumer.py took 7.511 seconds
[2024-05-20T13:11:20.281+0000] {processor.py:154} INFO - Started process (PID=121) to work on /opt/airflow/dags/consumer.py
[2024-05-20T13:11:20.287+0000] {processor.py:756} INFO - Processing file /opt/airflow/dags/consumer.py for tasks to queue
[2024-05-20T13:11:20.313+0000] {logging_mixin.py:120} INFO - [2024-05-20T13:11:20.302+0000] {dagbag.py:537} INFO - Filling up the DagBag from /opt/airflow/dags/consumer.py
[2024-05-20T13:11:21.625+0000] {processor.py:766} INFO - DAG(s) dict_keys(['consumer']) retrieved from /opt/airflow/dags/consumer.py
[2024-05-20T13:11:22.808+0000] {logging_mixin.py:120} INFO - [2024-05-20T13:11:22.807+0000] {dag.py:2585} INFO - Sync 1 DAGs
[2024-05-20T13:11:24.429+0000] {logging_mixin.py:120} INFO - [2024-05-20T13:11:24.418+0000] {dag.py:3340} INFO - Setting next_dagrun for consumer to None, run_after=None
[2024-05-20T13:11:24.662+0000] {processor.py:176} INFO - Processing /opt/airflow/dags/consumer.py took 4.394 seconds
[2024-05-20T20:40:08.381+0000] {processor.py:154} INFO - Started process (PID=57) to work on /opt/airflow/dags/consumer.py
[2024-05-20T20:40:08.386+0000] {processor.py:756} INFO - Processing file /opt/airflow/dags/consumer.py for tasks to queue
[2024-05-20T20:40:08.389+0000] {logging_mixin.py:120} INFO - [2024-05-20T20:40:08.388+0000] {dagbag.py:537} INFO - Filling up the DagBag from /opt/airflow/dags/consumer.py
[2024-05-20T20:40:08.435+0000] {processor.py:766} INFO - DAG(s) dict_keys(['consumer']) retrieved from /opt/airflow/dags/consumer.py
[2024-05-20T20:40:08.574+0000] {logging_mixin.py:120} INFO - [2024-05-20T20:40:08.573+0000] {dag.py:2585} INFO - Sync 1 DAGs
[2024-05-20T20:40:08.598+0000] {logging_mixin.py:120} INFO - [2024-05-20T20:40:08.598+0000] {dag.py:3340} INFO - Setting next_dagrun for consumer to None, run_after=None
[2024-05-20T20:40:08.634+0000] {processor.py:176} INFO - Processing /opt/airflow/dags/consumer.py took 0.261 seconds
[2024-05-20T21:24:55.598+0000] {processor.py:154} INFO - Started process (PID=59) to work on /opt/airflow/dags/consumer.py
[2024-05-20T21:24:55.600+0000] {processor.py:756} INFO - Processing file /opt/airflow/dags/consumer.py for tasks to queue
[2024-05-20T21:24:55.603+0000] {logging_mixin.py:120} INFO - [2024-05-20T21:24:55.603+0000] {dagbag.py:537} INFO - Filling up the DagBag from /opt/airflow/dags/consumer.py
[2024-05-20T21:24:55.664+0000] {processor.py:766} INFO - DAG(s) dict_keys(['consumer']) retrieved from /opt/airflow/dags/consumer.py
[2024-05-20T21:24:55.714+0000] {logging_mixin.py:120} INFO - [2024-05-20T21:24:55.714+0000] {dag.py:2585} INFO - Sync 1 DAGs
[2024-05-20T21:24:55.734+0000] {logging_mixin.py:120} INFO - [2024-05-20T21:24:55.734+0000] {dag.py:3340} INFO - Setting next_dagrun for consumer to None, run_after=None
[2024-05-20T21:24:55.771+0000] {processor.py:176} INFO - Processing /opt/airflow/dags/consumer.py took 0.176 seconds
