[2024-05-20T09:06:23.940+0000] {processor.py:154} INFO - Started process (PID=57) to work on /opt/airflow/dags/parallel_dag.py
[2024-05-20T09:06:23.941+0000] {processor.py:756} INFO - Processing file /opt/airflow/dags/parallel_dag.py for tasks to queue
[2024-05-20T09:06:23.942+0000] {logging_mixin.py:120} INFO - [2024-05-20T09:06:23.942+0000] {dagbag.py:537} INFO - Filling up the DagBag from /opt/airflow/dags/parallel_dag.py
[2024-05-20T09:06:23.977+0000] {processor.py:766} INFO - DAG(s) dict_keys(['parallel_dag']) retrieved from /opt/airflow/dags/parallel_dag.py
[2024-05-20T09:06:24.028+0000] {logging_mixin.py:120} INFO - [2024-05-20T09:06:24.028+0000] {dag.py:2585} INFO - Sync 1 DAGs
[2024-05-20T09:06:24.067+0000] {logging_mixin.py:120} INFO - [2024-05-20T09:06:24.067+0000] {dag.py:3340} INFO - Setting next_dagrun for parallel_dag to 2024-05-19T00:00:00+00:00, run_after=2024-05-20T00:00:00+00:00
[2024-05-20T09:06:24.091+0000] {processor.py:176} INFO - Processing /opt/airflow/dags/parallel_dag.py took 0.154 seconds
[2024-05-20T09:06:54.420+0000] {processor.py:154} INFO - Started process (PID=94) to work on /opt/airflow/dags/parallel_dag.py
[2024-05-20T09:06:54.421+0000] {processor.py:756} INFO - Processing file /opt/airflow/dags/parallel_dag.py for tasks to queue
[2024-05-20T09:06:54.421+0000] {logging_mixin.py:120} INFO - [2024-05-20T09:06:54.421+0000] {dagbag.py:537} INFO - Filling up the DagBag from /opt/airflow/dags/parallel_dag.py
[2024-05-20T09:06:54.433+0000] {processor.py:766} INFO - DAG(s) dict_keys(['parallel_dag']) retrieved from /opt/airflow/dags/parallel_dag.py
[2024-05-20T09:06:54.452+0000] {logging_mixin.py:120} INFO - [2024-05-20T09:06:54.452+0000] {dag.py:2585} INFO - Sync 1 DAGs
[2024-05-20T09:06:54.465+0000] {logging_mixin.py:120} INFO - [2024-05-20T09:06:54.465+0000] {dag.py:3340} INFO - Setting next_dagrun for parallel_dag to 2024-05-19T00:00:00+00:00, run_after=2024-05-20T00:00:00+00:00
[2024-05-20T09:06:54.473+0000] {processor.py:176} INFO - Processing /opt/airflow/dags/parallel_dag.py took 0.055 seconds
[2024-05-20T13:02:58.530+0000] {processor.py:154} INFO - Started process (PID=58) to work on /opt/airflow/dags/parallel_dag.py
[2024-05-20T13:02:58.533+0000] {processor.py:756} INFO - Processing file /opt/airflow/dags/parallel_dag.py for tasks to queue
[2024-05-20T13:02:58.536+0000] {logging_mixin.py:120} INFO - [2024-05-20T13:02:58.535+0000] {dagbag.py:537} INFO - Filling up the DagBag from /opt/airflow/dags/parallel_dag.py
[2024-05-20T13:02:58.566+0000] {processor.py:766} INFO - DAG(s) dict_keys(['parallel_dag']) retrieved from /opt/airflow/dags/parallel_dag.py
[2024-05-20T13:02:58.684+0000] {logging_mixin.py:120} INFO - [2024-05-20T13:02:58.684+0000] {dag.py:2585} INFO - Sync 1 DAGs
[2024-05-20T13:02:58.752+0000] {logging_mixin.py:120} INFO - [2024-05-20T13:02:58.751+0000] {dag.py:3340} INFO - Setting next_dagrun for parallel_dag to 2024-05-19T00:00:00+00:00, run_after=2024-05-20T00:00:00+00:00
[2024-05-20T13:02:58.787+0000] {processor.py:176} INFO - Processing /opt/airflow/dags/parallel_dag.py took 0.261 seconds
[2024-05-20T13:07:11.095+0000] {processor.py:154} INFO - Started process (PID=108) to work on /opt/airflow/dags/parallel_dag.py
[2024-05-20T13:07:11.099+0000] {processor.py:756} INFO - Processing file /opt/airflow/dags/parallel_dag.py for tasks to queue
[2024-05-20T13:07:11.102+0000] {logging_mixin.py:120} INFO - [2024-05-20T13:07:11.101+0000] {dagbag.py:537} INFO - Filling up the DagBag from /opt/airflow/dags/parallel_dag.py
[2024-05-20T13:07:11.448+0000] {processor.py:766} INFO - DAG(s) dict_keys(['parallel_dag']) retrieved from /opt/airflow/dags/parallel_dag.py
[2024-05-20T13:07:13.553+0000] {logging_mixin.py:120} INFO - [2024-05-20T13:07:13.552+0000] {dag.py:2585} INFO - Sync 1 DAGs
[2024-05-20T13:07:13.775+0000] {logging_mixin.py:120} INFO - [2024-05-20T13:07:13.757+0000] {dag.py:3340} INFO - Setting next_dagrun for parallel_dag to 2024-05-19T00:00:00+00:00, run_after=2024-05-20T00:00:00+00:00
[2024-05-20T13:07:18.758+0000] {processor.py:176} INFO - Processing /opt/airflow/dags/parallel_dag.py took 7.560 seconds
[2024-05-20T13:08:13.248+0000] {processor.py:154} INFO - Started process (PID=142) to work on /opt/airflow/dags/parallel_dag.py
[2024-05-20T13:08:13.283+0000] {processor.py:756} INFO - Processing file /opt/airflow/dags/parallel_dag.py for tasks to queue
[2024-05-20T13:08:13.304+0000] {logging_mixin.py:120} INFO - [2024-05-20T13:08:13.303+0000] {dagbag.py:537} INFO - Filling up the DagBag from /opt/airflow/dags/parallel_dag.py
[2024-05-20T13:08:14.413+0000] {processor.py:766} INFO - DAG(s) dict_keys(['parallel_dag']) retrieved from /opt/airflow/dags/parallel_dag.py
[2024-05-20T13:08:16.448+0000] {logging_mixin.py:120} INFO - [2024-05-20T13:08:16.422+0000] {dag.py:2585} INFO - Sync 1 DAGs
[2024-05-20T13:11:15.972+0000] {processor.py:154} INFO - Started process (PID=118) to work on /opt/airflow/dags/parallel_dag.py
[2024-05-20T13:11:16.023+0000] {processor.py:756} INFO - Processing file /opt/airflow/dags/parallel_dag.py for tasks to queue
[2024-05-20T13:11:16.030+0000] {logging_mixin.py:120} INFO - [2024-05-20T13:11:16.030+0000] {dagbag.py:537} INFO - Filling up the DagBag from /opt/airflow/dags/parallel_dag.py
[2024-05-20T13:11:16.457+0000] {processor.py:766} INFO - DAG(s) dict_keys(['parallel_dag']) retrieved from /opt/airflow/dags/parallel_dag.py
[2024-05-20T13:11:17.645+0000] {logging_mixin.py:120} INFO - [2024-05-20T13:11:17.641+0000] {dag.py:2585} INFO - Sync 1 DAGs
[2024-05-20T13:11:17.964+0000] {logging_mixin.py:120} INFO - [2024-05-20T13:11:17.962+0000] {dag.py:3340} INFO - Setting next_dagrun for parallel_dag to 2024-05-19T00:00:00+00:00, run_after=2024-05-20T00:00:00+00:00
[2024-05-20T13:11:20.132+0000] {processor.py:176} INFO - Processing /opt/airflow/dags/parallel_dag.py took 4.185 seconds
[2024-05-20T13:12:07.502+0000] {processor.py:154} INFO - Started process (PID=149) to work on /opt/airflow/dags/parallel_dag.py
[2024-05-20T13:12:07.533+0000] {processor.py:756} INFO - Processing file /opt/airflow/dags/parallel_dag.py for tasks to queue
[2024-05-20T13:12:07.574+0000] {logging_mixin.py:120} INFO - [2024-05-20T13:12:07.573+0000] {dagbag.py:537} INFO - Filling up the DagBag from /opt/airflow/dags/parallel_dag.py
[2024-05-20T13:12:07.973+0000] {processor.py:766} INFO - DAG(s) dict_keys(['parallel_dag']) retrieved from /opt/airflow/dags/parallel_dag.py
[2024-05-20T20:40:08.369+0000] {processor.py:154} INFO - Started process (PID=56) to work on /opt/airflow/dags/parallel_dag.py
[2024-05-20T20:40:08.372+0000] {processor.py:756} INFO - Processing file /opt/airflow/dags/parallel_dag.py for tasks to queue
[2024-05-20T20:40:08.381+0000] {logging_mixin.py:120} INFO - [2024-05-20T20:40:08.380+0000] {dagbag.py:537} INFO - Filling up the DagBag from /opt/airflow/dags/parallel_dag.py
[2024-05-20T20:40:08.424+0000] {processor.py:766} INFO - DAG(s) dict_keys(['parallel_dag']) retrieved from /opt/airflow/dags/parallel_dag.py
[2024-05-20T20:40:08.485+0000] {logging_mixin.py:120} INFO - [2024-05-20T20:40:08.484+0000] {dag.py:2585} INFO - Sync 1 DAGs
[2024-05-20T20:40:08.528+0000] {logging_mixin.py:120} INFO - [2024-05-20T20:40:08.528+0000] {dag.py:3340} INFO - Setting next_dagrun for parallel_dag to 2024-05-19T00:00:00+00:00, run_after=2024-05-20T00:00:00+00:00
[2024-05-20T20:40:08.563+0000] {processor.py:176} INFO - Processing /opt/airflow/dags/parallel_dag.py took 0.197 seconds
[2024-05-20T21:24:55.446+0000] {processor.py:154} INFO - Started process (PID=58) to work on /opt/airflow/dags/parallel_dag.py
[2024-05-20T21:24:55.448+0000] {processor.py:756} INFO - Processing file /opt/airflow/dags/parallel_dag.py for tasks to queue
[2024-05-20T21:24:55.450+0000] {logging_mixin.py:120} INFO - [2024-05-20T21:24:55.449+0000] {dagbag.py:537} INFO - Filling up the DagBag from /opt/airflow/dags/parallel_dag.py
[2024-05-20T21:24:55.492+0000] {processor.py:766} INFO - DAG(s) dict_keys(['parallel_dag']) retrieved from /opt/airflow/dags/parallel_dag.py
[2024-05-20T21:24:55.554+0000] {logging_mixin.py:120} INFO - [2024-05-20T21:24:55.554+0000] {dag.py:2585} INFO - Sync 1 DAGs
[2024-05-20T21:24:55.576+0000] {logging_mixin.py:120} INFO - [2024-05-20T21:24:55.576+0000] {dag.py:3340} INFO - Setting next_dagrun for parallel_dag to 2024-05-19T00:00:00+00:00, run_after=2024-05-20T00:00:00+00:00
[2024-05-20T21:24:55.597+0000] {processor.py:176} INFO - Processing /opt/airflow/dags/parallel_dag.py took 0.154 seconds
