[2024-05-20T09:06:24.129+0000] {processor.py:154} INFO - Started process (PID=59) to work on /opt/airflow/dags/producer.py
[2024-05-20T09:06:24.132+0000] {processor.py:756} INFO - Processing file /opt/airflow/dags/producer.py for tasks to queue
[2024-05-20T09:06:24.137+0000] {logging_mixin.py:120} INFO - [2024-05-20T09:06:24.136+0000] {dagbag.py:537} INFO - Filling up the DagBag from /opt/airflow/dags/producer.py
[2024-05-20T09:06:24.184+0000] {processor.py:766} INFO - DAG(s) dict_keys(['producer']) retrieved from /opt/airflow/dags/producer.py
[2024-05-20T09:06:24.300+0000] {logging_mixin.py:120} INFO - [2024-05-20T09:06:24.300+0000] {dag.py:2585} INFO - Sync 1 DAGs
[2024-05-20T09:06:24.349+0000] {logging_mixin.py:120} INFO - [2024-05-20T09:06:24.349+0000] {dag.py:3340} INFO - Setting next_dagrun for producer to 2024-05-19T00:00:00+00:00, run_after=2024-05-20T00:00:00+00:00
[2024-05-20T09:06:24.370+0000] {processor.py:176} INFO - Processing /opt/airflow/dags/producer.py took 0.246 seconds
[2024-05-20T09:06:54.483+0000] {processor.py:154} INFO - Started process (PID=96) to work on /opt/airflow/dags/producer.py
[2024-05-20T09:06:54.484+0000] {processor.py:756} INFO - Processing file /opt/airflow/dags/producer.py for tasks to queue
[2024-05-20T09:06:54.485+0000] {logging_mixin.py:120} INFO - [2024-05-20T09:06:54.485+0000] {dagbag.py:537} INFO - Filling up the DagBag from /opt/airflow/dags/producer.py
[2024-05-20T09:06:54.500+0000] {processor.py:766} INFO - DAG(s) dict_keys(['producer']) retrieved from /opt/airflow/dags/producer.py
[2024-05-20T09:06:54.518+0000] {logging_mixin.py:120} INFO - [2024-05-20T09:06:54.518+0000] {dag.py:2585} INFO - Sync 1 DAGs
[2024-05-20T09:06:54.530+0000] {logging_mixin.py:120} INFO - [2024-05-20T09:06:54.530+0000] {dag.py:3340} INFO - Setting next_dagrun for producer to 2024-05-19T00:00:00+00:00, run_after=2024-05-20T00:00:00+00:00
[2024-05-20T09:06:54.540+0000] {processor.py:176} INFO - Processing /opt/airflow/dags/producer.py took 0.058 seconds
[2024-05-20T13:02:58.827+0000] {processor.py:154} INFO - Started process (PID=60) to work on /opt/airflow/dags/producer.py
[2024-05-20T13:02:58.828+0000] {processor.py:756} INFO - Processing file /opt/airflow/dags/producer.py for tasks to queue
[2024-05-20T13:02:58.829+0000] {logging_mixin.py:120} INFO - [2024-05-20T13:02:58.829+0000] {dagbag.py:537} INFO - Filling up the DagBag from /opt/airflow/dags/producer.py
[2024-05-20T13:02:58.867+0000] {processor.py:766} INFO - DAG(s) dict_keys(['producer']) retrieved from /opt/airflow/dags/producer.py
[2024-05-20T13:02:59.102+0000] {logging_mixin.py:120} INFO - [2024-05-20T13:02:59.102+0000] {dag.py:2585} INFO - Sync 1 DAGs
[2024-05-20T13:02:59.257+0000] {logging_mixin.py:120} INFO - [2024-05-20T13:02:59.256+0000] {dag.py:3340} INFO - Setting next_dagrun for producer to 2024-05-19T00:00:00+00:00, run_after=2024-05-20T00:00:00+00:00
[2024-05-20T13:02:59.387+0000] {processor.py:176} INFO - Processing /opt/airflow/dags/producer.py took 0.566 seconds
[2024-05-20T13:07:19.280+0000] {processor.py:154} INFO - Started process (PID=110) to work on /opt/airflow/dags/producer.py
[2024-05-20T13:07:19.287+0000] {processor.py:756} INFO - Processing file /opt/airflow/dags/producer.py for tasks to queue
[2024-05-20T13:07:19.290+0000] {logging_mixin.py:120} INFO - [2024-05-20T13:07:19.290+0000] {dagbag.py:537} INFO - Filling up the DagBag from /opt/airflow/dags/producer.py
[2024-05-20T13:07:19.781+0000] {processor.py:766} INFO - DAG(s) dict_keys(['producer']) retrieved from /opt/airflow/dags/producer.py
[2024-05-20T13:07:23.148+0000] {logging_mixin.py:120} INFO - [2024-05-20T13:07:23.101+0000] {dag.py:2585} INFO - Sync 1 DAGs
[2024-05-20T13:07:23.544+0000] {logging_mixin.py:120} INFO - [2024-05-20T13:07:23.543+0000] {dag.py:3340} INFO - Setting next_dagrun for producer to 2024-05-19T00:00:00+00:00, run_after=2024-05-20T00:00:00+00:00
[2024-05-20T13:07:24.098+0000] {processor.py:176} INFO - Processing /opt/airflow/dags/producer.py took 4.852 seconds
[2024-05-20T13:11:20.520+0000] {processor.py:154} INFO - Started process (PID=122) to work on /opt/airflow/dags/producer.py
[2024-05-20T13:11:20.535+0000] {processor.py:756} INFO - Processing file /opt/airflow/dags/producer.py for tasks to queue
[2024-05-20T13:11:20.540+0000] {logging_mixin.py:120} INFO - [2024-05-20T13:11:20.539+0000] {dagbag.py:537} INFO - Filling up the DagBag from /opt/airflow/dags/producer.py
[2024-05-20T13:11:21.626+0000] {processor.py:766} INFO - DAG(s) dict_keys(['producer']) retrieved from /opt/airflow/dags/producer.py
[2024-05-20T13:11:22.800+0000] {logging_mixin.py:120} INFO - [2024-05-20T13:11:22.798+0000] {dag.py:2585} INFO - Sync 1 DAGs
[2024-05-20T13:11:24.334+0000] {logging_mixin.py:120} INFO - [2024-05-20T13:11:24.319+0000] {dag.py:3340} INFO - Setting next_dagrun for producer to 2024-05-19T00:00:00+00:00, run_after=2024-05-20T00:00:00+00:00
[2024-05-20T13:11:24.601+0000] {processor.py:176} INFO - Processing /opt/airflow/dags/producer.py took 4.179 seconds
[2024-05-20T20:40:08.584+0000] {processor.py:154} INFO - Started process (PID=58) to work on /opt/airflow/dags/producer.py
[2024-05-20T20:40:08.585+0000] {processor.py:756} INFO - Processing file /opt/airflow/dags/producer.py for tasks to queue
[2024-05-20T20:40:08.586+0000] {logging_mixin.py:120} INFO - [2024-05-20T20:40:08.586+0000] {dagbag.py:537} INFO - Filling up the DagBag from /opt/airflow/dags/producer.py
[2024-05-20T20:40:08.610+0000] {processor.py:766} INFO - DAG(s) dict_keys(['producer']) retrieved from /opt/airflow/dags/producer.py
[2024-05-20T20:40:08.697+0000] {logging_mixin.py:120} INFO - [2024-05-20T20:40:08.697+0000] {dag.py:2585} INFO - Sync 1 DAGs
[2024-05-20T20:40:08.723+0000] {logging_mixin.py:120} INFO - [2024-05-20T20:40:08.723+0000] {dag.py:3340} INFO - Setting next_dagrun for producer to 2024-05-19T00:00:00+00:00, run_after=2024-05-20T00:00:00+00:00
[2024-05-20T20:40:08.741+0000] {processor.py:176} INFO - Processing /opt/airflow/dags/producer.py took 0.162 seconds
[2024-05-20T21:24:55.638+0000] {processor.py:154} INFO - Started process (PID=60) to work on /opt/airflow/dags/producer.py
[2024-05-20T21:24:55.641+0000] {processor.py:756} INFO - Processing file /opt/airflow/dags/producer.py for tasks to queue
[2024-05-20T21:24:55.642+0000] {logging_mixin.py:120} INFO - [2024-05-20T21:24:55.642+0000] {dagbag.py:537} INFO - Filling up the DagBag from /opt/airflow/dags/producer.py
[2024-05-20T21:24:55.681+0000] {processor.py:766} INFO - DAG(s) dict_keys(['producer']) retrieved from /opt/airflow/dags/producer.py
[2024-05-20T21:24:55.777+0000] {logging_mixin.py:120} INFO - [2024-05-20T21:24:55.777+0000] {dag.py:2585} INFO - Sync 1 DAGs
[2024-05-20T21:24:55.806+0000] {logging_mixin.py:120} INFO - [2024-05-20T21:24:55.805+0000] {dag.py:3340} INFO - Setting next_dagrun for producer to 2024-05-19T00:00:00+00:00, run_after=2024-05-20T00:00:00+00:00
[2024-05-20T21:24:55.826+0000] {processor.py:176} INFO - Processing /opt/airflow/dags/producer.py took 0.201 seconds
