[2024-05-20T09:06:22.290+0000] {processor.py:154} INFO - Started process (PID=50) to work on /opt/airflow/dags/user_processing.py
[2024-05-20T09:06:22.298+0000] {processor.py:756} INFO - Processing file /opt/airflow/dags/user_processing.py for tasks to queue
[2024-05-20T09:06:22.302+0000] {logging_mixin.py:120} INFO - [2024-05-20T09:06:22.301+0000] {dagbag.py:537} INFO - Filling up the DagBag from /opt/airflow/dags/user_processing.py
[2024-05-20T09:06:23.178+0000] {processor.py:766} INFO - DAG(s) dict_keys(['user_processing']) retrieved from /opt/airflow/dags/user_processing.py
[2024-05-20T09:06:23.588+0000] {logging_mixin.py:120} INFO - [2024-05-20T09:06:23.588+0000] {dag.py:2585} INFO - Sync 1 DAGs
[2024-05-20T09:06:23.645+0000] {logging_mixin.py:120} INFO - [2024-05-20T09:06:23.645+0000] {dag.py:3340} INFO - Setting next_dagrun for user_processing to 2024-05-19T00:00:00+00:00, run_after=2024-05-20T00:00:00+00:00
[2024-05-20T09:06:23.689+0000] {processor.py:176} INFO - Processing /opt/airflow/dags/user_processing.py took 1.420 seconds
[2024-05-20T09:06:53.805+0000] {processor.py:154} INFO - Started process (PID=87) to work on /opt/airflow/dags/user_processing.py
[2024-05-20T09:06:53.806+0000] {processor.py:756} INFO - Processing file /opt/airflow/dags/user_processing.py for tasks to queue
[2024-05-20T09:06:53.807+0000] {logging_mixin.py:120} INFO - [2024-05-20T09:06:53.807+0000] {dagbag.py:537} INFO - Filling up the DagBag from /opt/airflow/dags/user_processing.py
[2024-05-20T09:06:54.184+0000] {processor.py:766} INFO - DAG(s) dict_keys(['user_processing']) retrieved from /opt/airflow/dags/user_processing.py
[2024-05-20T09:06:54.319+0000] {logging_mixin.py:120} INFO - [2024-05-20T09:06:54.319+0000] {dag.py:2585} INFO - Sync 1 DAGs
[2024-05-20T09:06:54.334+0000] {logging_mixin.py:120} INFO - [2024-05-20T09:06:54.334+0000] {dag.py:3340} INFO - Setting next_dagrun for user_processing to 2024-05-19T00:00:00+00:00, run_after=2024-05-20T00:00:00+00:00
[2024-05-20T09:06:54.343+0000] {processor.py:176} INFO - Processing /opt/airflow/dags/user_processing.py took 0.540 seconds
[2024-05-20T13:02:56.505+0000] {processor.py:154} INFO - Started process (PID=51) to work on /opt/airflow/dags/user_processing.py
[2024-05-20T13:02:56.510+0000] {processor.py:756} INFO - Processing file /opt/airflow/dags/user_processing.py for tasks to queue
[2024-05-20T13:02:56.512+0000] {logging_mixin.py:120} INFO - [2024-05-20T13:02:56.512+0000] {dagbag.py:537} INFO - Filling up the DagBag from /opt/airflow/dags/user_processing.py
[2024-05-20T13:02:57.583+0000] {processor.py:766} INFO - DAG(s) dict_keys(['user_processing']) retrieved from /opt/airflow/dags/user_processing.py
[2024-05-20T13:02:57.985+0000] {logging_mixin.py:120} INFO - [2024-05-20T13:02:57.984+0000] {dag.py:2585} INFO - Sync 1 DAGs
[2024-05-20T13:02:58.030+0000] {logging_mixin.py:120} INFO - [2024-05-20T13:02:58.030+0000] {dag.py:3340} INFO - Setting next_dagrun for user_processing to 2024-05-19T00:00:00+00:00, run_after=2024-05-20T00:00:00+00:00
[2024-05-20T13:02:58.064+0000] {processor.py:176} INFO - Processing /opt/airflow/dags/user_processing.py took 1.565 seconds
[2024-05-20T13:03:41.520+0000] {processor.py:154} INFO - Started process (PID=70) to work on /opt/airflow/dags/user_processing.py
[2024-05-20T13:03:41.616+0000] {processor.py:756} INFO - Processing file /opt/airflow/dags/user_processing.py for tasks to queue
[2024-05-20T13:03:41.813+0000] {logging_mixin.py:120} INFO - [2024-05-20T13:03:41.778+0000] {dagbag.py:537} INFO - Filling up the DagBag from /opt/airflow/dags/user_processing.py
[2024-05-20T13:06:46.974+0000] {processor.py:154} INFO - Started process (PID=93) to work on /opt/airflow/dags/user_processing.py
[2024-05-20T13:06:46.978+0000] {processor.py:756} INFO - Processing file /opt/airflow/dags/user_processing.py for tasks to queue
[2024-05-20T13:06:46.986+0000] {logging_mixin.py:120} INFO - [2024-05-20T13:06:46.986+0000] {dagbag.py:537} INFO - Filling up the DagBag from /opt/airflow/dags/user_processing.py
[2024-05-20T13:06:57.457+0000] {processor.py:766} INFO - DAG(s) dict_keys(['user_processing']) retrieved from /opt/airflow/dags/user_processing.py
[2024-05-20T13:07:28.349+0000] {processor.py:154} INFO - Started process (PID=120) to work on /opt/airflow/dags/user_processing.py
[2024-05-20T13:07:28.352+0000] {processor.py:756} INFO - Processing file /opt/airflow/dags/user_processing.py for tasks to queue
[2024-05-20T13:07:28.363+0000] {logging_mixin.py:120} INFO - [2024-05-20T13:07:28.362+0000] {dagbag.py:537} INFO - Filling up the DagBag from /opt/airflow/dags/user_processing.py
[2024-05-20T13:07:52.535+0000] {processor.py:766} INFO - DAG(s) dict_keys(['user_processing']) retrieved from /opt/airflow/dags/user_processing.py
[2024-05-20T13:10:51.834+0000] {processor.py:154} INFO - Started process (PID=104) to work on /opt/airflow/dags/user_processing.py
[2024-05-20T13:10:51.844+0000] {processor.py:756} INFO - Processing file /opt/airflow/dags/user_processing.py for tasks to queue
[2024-05-20T13:10:51.849+0000] {logging_mixin.py:120} INFO - [2024-05-20T13:10:51.848+0000] {dagbag.py:537} INFO - Filling up the DagBag from /opt/airflow/dags/user_processing.py
[2024-05-20T13:11:01.574+0000] {processor.py:766} INFO - DAG(s) dict_keys(['user_processing']) retrieved from /opt/airflow/dags/user_processing.py
[2024-05-20T13:11:32.989+0000] {processor.py:154} INFO - Started process (PID=130) to work on /opt/airflow/dags/user_processing.py
[2024-05-20T13:11:33.027+0000] {processor.py:756} INFO - Processing file /opt/airflow/dags/user_processing.py for tasks to queue
[2024-05-20T13:11:33.054+0000] {logging_mixin.py:120} INFO - [2024-05-20T13:11:33.050+0000] {dagbag.py:537} INFO - Filling up the DagBag from /opt/airflow/dags/user_processing.py
[2024-05-20T13:11:53.648+0000] {processor.py:766} INFO - DAG(s) dict_keys(['user_processing']) retrieved from /opt/airflow/dags/user_processing.py
[2024-05-20T20:40:05.878+0000] {processor.py:154} INFO - Started process (PID=41) to work on /opt/airflow/dags/user_processing.py
[2024-05-20T20:40:05.880+0000] {processor.py:756} INFO - Processing file /opt/airflow/dags/user_processing.py for tasks to queue
[2024-05-20T20:40:05.881+0000] {logging_mixin.py:120} INFO - [2024-05-20T20:40:05.881+0000] {dagbag.py:537} INFO - Filling up the DagBag from /opt/airflow/dags/user_processing.py
[2024-05-20T20:40:07.024+0000] {processor.py:766} INFO - DAG(s) dict_keys(['user_processing']) retrieved from /opt/airflow/dags/user_processing.py
[2024-05-20T20:40:07.554+0000] {logging_mixin.py:120} INFO - [2024-05-20T20:40:07.551+0000] {dag.py:2585} INFO - Sync 1 DAGs
[2024-05-20T20:40:07.594+0000] {logging_mixin.py:120} INFO - [2024-05-20T20:40:07.594+0000] {dag.py:3340} INFO - Setting next_dagrun for user_processing to 2024-05-19T00:00:00+00:00, run_after=2024-05-20T00:00:00+00:00
[2024-05-20T20:40:08.108+0000] {processor.py:176} INFO - Processing /opt/airflow/dags/user_processing.py took 2.233 seconds
[2024-05-20T21:24:52.751+0000] {processor.py:154} INFO - Started process (PID=49) to work on /opt/airflow/dags/user_processing.py
[2024-05-20T21:24:52.753+0000] {processor.py:756} INFO - Processing file /opt/airflow/dags/user_processing.py for tasks to queue
[2024-05-20T21:24:52.756+0000] {logging_mixin.py:120} INFO - [2024-05-20T21:24:52.755+0000] {dagbag.py:537} INFO - Filling up the DagBag from /opt/airflow/dags/user_processing.py
[2024-05-20T21:24:54.542+0000] {processor.py:766} INFO - DAG(s) dict_keys(['user_processing']) retrieved from /opt/airflow/dags/user_processing.py
[2024-05-20T21:24:55.014+0000] {logging_mixin.py:120} INFO - [2024-05-20T21:24:55.011+0000] {dag.py:2585} INFO - Sync 1 DAGs
[2024-05-20T21:24:55.085+0000] {logging_mixin.py:120} INFO - [2024-05-20T21:24:55.085+0000] {dag.py:3340} INFO - Setting next_dagrun for user_processing to 2024-05-19T00:00:00+00:00, run_after=2024-05-20T00:00:00+00:00
[2024-05-20T21:24:55.141+0000] {processor.py:176} INFO - Processing /opt/airflow/dags/user_processing.py took 2.402 seconds
