[2024-05-20T09:06:23.587+0000] {processor.py:154} INFO - Started process (PID=54) to work on /opt/airflow/dags/xcom_dag.py
[2024-05-20T09:06:23.589+0000] {processor.py:756} INFO - Processing file /opt/airflow/dags/xcom_dag.py for tasks to queue
[2024-05-20T09:06:23.589+0000] {logging_mixin.py:120} INFO - [2024-05-20T09:06:23.589+0000] {dagbag.py:537} INFO - Filling up the DagBag from /opt/airflow/dags/xcom_dag.py
[2024-05-20T09:06:23.651+0000] {processor.py:766} INFO - DAG(s) dict_keys(['xcom_dag']) retrieved from /opt/airflow/dags/xcom_dag.py
[2024-05-20T09:06:23.717+0000] {logging_mixin.py:120} INFO - [2024-05-20T09:06:23.717+0000] {dag.py:2585} INFO - Sync 1 DAGs
[2024-05-20T09:06:23.748+0000] {logging_mixin.py:120} INFO - [2024-05-20T09:06:23.748+0000] {dag.py:3340} INFO - Setting next_dagrun for xcom_dag to 2024-05-19T00:00:00+00:00, run_after=2024-05-20T00:00:00+00:00
[2024-05-20T09:06:23.772+0000] {processor.py:176} INFO - Processing /opt/airflow/dags/xcom_dag.py took 0.188 seconds
[2024-05-20T09:06:54.282+0000] {processor.py:154} INFO - Started process (PID=91) to work on /opt/airflow/dags/xcom_dag.py
[2024-05-20T09:06:54.283+0000] {processor.py:756} INFO - Processing file /opt/airflow/dags/xcom_dag.py for tasks to queue
[2024-05-20T09:06:54.283+0000] {logging_mixin.py:120} INFO - [2024-05-20T09:06:54.283+0000] {dagbag.py:537} INFO - Filling up the DagBag from /opt/airflow/dags/xcom_dag.py
[2024-05-20T09:06:54.301+0000] {processor.py:766} INFO - DAG(s) dict_keys(['xcom_dag']) retrieved from /opt/airflow/dags/xcom_dag.py
[2024-05-20T09:06:54.330+0000] {logging_mixin.py:120} INFO - [2024-05-20T09:06:54.330+0000] {dag.py:2585} INFO - Sync 1 DAGs
[2024-05-20T09:06:54.344+0000] {logging_mixin.py:120} INFO - [2024-05-20T09:06:54.344+0000] {dag.py:3340} INFO - Setting next_dagrun for xcom_dag to 2024-05-19T00:00:00+00:00, run_after=2024-05-20T00:00:00+00:00
[2024-05-20T09:06:54.354+0000] {processor.py:176} INFO - Processing /opt/airflow/dags/xcom_dag.py took 0.074 seconds
[2024-05-20T13:02:57.925+0000] {processor.py:154} INFO - Started process (PID=55) to work on /opt/airflow/dags/xcom_dag.py
[2024-05-20T13:02:57.928+0000] {processor.py:756} INFO - Processing file /opt/airflow/dags/xcom_dag.py for tasks to queue
[2024-05-20T13:02:57.935+0000] {logging_mixin.py:120} INFO - [2024-05-20T13:02:57.933+0000] {dagbag.py:537} INFO - Filling up the DagBag from /opt/airflow/dags/xcom_dag.py
[2024-05-20T13:02:57.992+0000] {processor.py:766} INFO - DAG(s) dict_keys(['xcom_dag']) retrieved from /opt/airflow/dags/xcom_dag.py
[2024-05-20T13:02:58.086+0000] {logging_mixin.py:120} INFO - [2024-05-20T13:02:58.086+0000] {dag.py:2585} INFO - Sync 1 DAGs
[2024-05-20T13:02:58.134+0000] {logging_mixin.py:120} INFO - [2024-05-20T13:02:58.134+0000] {dag.py:3340} INFO - Setting next_dagrun for xcom_dag to 2024-05-19T00:00:00+00:00, run_after=2024-05-20T00:00:00+00:00
[2024-05-20T13:02:58.201+0000] {processor.py:176} INFO - Processing /opt/airflow/dags/xcom_dag.py took 0.286 seconds
[2024-05-20T13:04:15.040+0000] {processor.py:154} INFO - Started process (PID=91) to work on /opt/airflow/dags/xcom_dag.py
[2024-05-20T13:04:15.103+0000] {processor.py:756} INFO - Processing file /opt/airflow/dags/xcom_dag.py for tasks to queue
[2024-05-20T13:04:15.109+0000] {logging_mixin.py:120} INFO - [2024-05-20T13:04:15.108+0000] {dagbag.py:537} INFO - Filling up the DagBag from /opt/airflow/dags/xcom_dag.py
[2024-05-20T13:06:57.870+0000] {processor.py:154} INFO - Started process (PID=97) to work on /opt/airflow/dags/xcom_dag.py
[2024-05-20T13:06:57.885+0000] {processor.py:756} INFO - Processing file /opt/airflow/dags/xcom_dag.py for tasks to queue
[2024-05-20T13:06:57.898+0000] {logging_mixin.py:120} INFO - [2024-05-20T13:06:57.898+0000] {dagbag.py:537} INFO - Filling up the DagBag from /opt/airflow/dags/xcom_dag.py
[2024-05-20T13:06:58.499+0000] {processor.py:766} INFO - DAG(s) dict_keys(['xcom_dag']) retrieved from /opt/airflow/dags/xcom_dag.py
[2024-05-20T13:06:59.694+0000] {logging_mixin.py:120} INFO - [2024-05-20T13:06:59.681+0000] {dag.py:2585} INFO - Sync 1 DAGs
[2024-05-20T13:06:59.997+0000] {logging_mixin.py:120} INFO - [2024-05-20T13:06:59.992+0000] {dag.py:3340} INFO - Setting next_dagrun for xcom_dag to 2024-05-19T00:00:00+00:00, run_after=2024-05-20T00:00:00+00:00
[2024-05-20T13:07:00.932+0000] {processor.py:176} INFO - Processing /opt/airflow/dags/xcom_dag.py took 3.106 seconds
[2024-05-20T13:07:57.847+0000] {processor.py:154} INFO - Started process (PID=133) to work on /opt/airflow/dags/xcom_dag.py
[2024-05-20T13:07:57.895+0000] {processor.py:756} INFO - Processing file /opt/airflow/dags/xcom_dag.py for tasks to queue
[2024-05-20T13:07:57.928+0000] {logging_mixin.py:120} INFO - [2024-05-20T13:07:57.927+0000] {dagbag.py:537} INFO - Filling up the DagBag from /opt/airflow/dags/xcom_dag.py
[2024-05-20T13:08:00.234+0000] {processor.py:766} INFO - DAG(s) dict_keys(['xcom_dag']) retrieved from /opt/airflow/dags/xcom_dag.py
[2024-05-20T13:08:09.072+0000] {logging_mixin.py:120} INFO - [2024-05-20T13:08:09.053+0000] {dag.py:2585} INFO - Sync 1 DAGs
[2024-05-20T13:08:09.694+0000] {logging_mixin.py:120} INFO - [2024-05-20T13:08:09.673+0000] {dag.py:3340} INFO - Setting next_dagrun for xcom_dag to 2024-05-19T00:00:00+00:00, run_after=2024-05-20T00:00:00+00:00
[2024-05-20T13:08:10.525+0000] {processor.py:176} INFO - Processing /opt/airflow/dags/xcom_dag.py took 13.005 seconds
[2024-05-20T13:11:02.868+0000] {processor.py:154} INFO - Started process (PID=108) to work on /opt/airflow/dags/xcom_dag.py
[2024-05-20T13:11:02.894+0000] {processor.py:756} INFO - Processing file /opt/airflow/dags/xcom_dag.py for tasks to queue
[2024-05-20T13:11:03.052+0000] {logging_mixin.py:120} INFO - [2024-05-20T13:11:02.997+0000] {dagbag.py:537} INFO - Filling up the DagBag from /opt/airflow/dags/xcom_dag.py
[2024-05-20T13:11:04.484+0000] {processor.py:766} INFO - DAG(s) dict_keys(['xcom_dag']) retrieved from /opt/airflow/dags/xcom_dag.py
[2024-05-20T13:11:08.866+0000] {logging_mixin.py:120} INFO - [2024-05-20T13:11:08.690+0000] {dag.py:2585} INFO - Sync 1 DAGs
[2024-05-20T13:11:13.066+0000] {logging_mixin.py:120} INFO - [2024-05-20T13:11:13.035+0000] {dag.py:3340} INFO - Setting next_dagrun for xcom_dag to 2024-05-19T00:00:00+00:00, run_after=2024-05-20T00:00:00+00:00
[2024-05-20T13:11:14.685+0000] {processor.py:176} INFO - Processing /opt/airflow/dags/xcom_dag.py took 11.855 seconds
[2024-05-20T13:11:58.783+0000] {processor.py:154} INFO - Started process (PID=146) to work on /opt/airflow/dags/xcom_dag.py
[2024-05-20T13:11:58.790+0000] {processor.py:756} INFO - Processing file /opt/airflow/dags/xcom_dag.py for tasks to queue
[2024-05-20T13:11:58.793+0000] {logging_mixin.py:120} INFO - [2024-05-20T13:11:58.793+0000] {dagbag.py:537} INFO - Filling up the DagBag from /opt/airflow/dags/xcom_dag.py
[2024-05-20T13:12:00.546+0000] {processor.py:766} INFO - DAG(s) dict_keys(['xcom_dag']) retrieved from /opt/airflow/dags/xcom_dag.py
[2024-05-20T13:12:03.309+0000] {logging_mixin.py:120} INFO - [2024-05-20T13:12:03.280+0000] {dag.py:2585} INFO - Sync 1 DAGs
[2024-05-20T13:12:04.352+0000] {logging_mixin.py:120} INFO - [2024-05-20T13:12:04.310+0000] {dag.py:3340} INFO - Setting next_dagrun for xcom_dag to 2024-05-19T00:00:00+00:00, run_after=2024-05-20T00:00:00+00:00
[2024-05-20T13:12:05.730+0000] {processor.py:176} INFO - Processing /opt/airflow/dags/xcom_dag.py took 6.992 seconds
[2024-05-20T20:40:07.488+0000] {processor.py:154} INFO - Started process (PID=53) to work on /opt/airflow/dags/xcom_dag.py
[2024-05-20T20:40:07.490+0000] {processor.py:756} INFO - Processing file /opt/airflow/dags/xcom_dag.py for tasks to queue
[2024-05-20T20:40:07.494+0000] {logging_mixin.py:120} INFO - [2024-05-20T20:40:07.494+0000] {dagbag.py:537} INFO - Filling up the DagBag from /opt/airflow/dags/xcom_dag.py
[2024-05-20T20:40:07.534+0000] {processor.py:766} INFO - DAG(s) dict_keys(['xcom_dag']) retrieved from /opt/airflow/dags/xcom_dag.py
[2024-05-20T20:40:07.616+0000] {logging_mixin.py:120} INFO - [2024-05-20T20:40:07.616+0000] {dag.py:2585} INFO - Sync 1 DAGs
[2024-05-20T20:40:07.698+0000] {logging_mixin.py:120} INFO - [2024-05-20T20:40:07.697+0000] {dag.py:3340} INFO - Setting next_dagrun for xcom_dag to 2024-05-19T00:00:00+00:00, run_after=2024-05-20T00:00:00+00:00
[2024-05-20T20:40:07.783+0000] {processor.py:176} INFO - Processing /opt/airflow/dags/xcom_dag.py took 0.299 seconds
[2024-05-20T21:24:55.061+0000] {processor.py:154} INFO - Started process (PID=55) to work on /opt/airflow/dags/xcom_dag.py
[2024-05-20T21:24:55.064+0000] {processor.py:756} INFO - Processing file /opt/airflow/dags/xcom_dag.py for tasks to queue
[2024-05-20T21:24:55.068+0000] {logging_mixin.py:120} INFO - [2024-05-20T21:24:55.067+0000] {dagbag.py:537} INFO - Filling up the DagBag from /opt/airflow/dags/xcom_dag.py
[2024-05-20T21:24:55.174+0000] {processor.py:766} INFO - DAG(s) dict_keys(['xcom_dag']) retrieved from /opt/airflow/dags/xcom_dag.py
[2024-05-20T21:24:55.299+0000] {logging_mixin.py:120} INFO - [2024-05-20T21:24:55.298+0000] {dag.py:2585} INFO - Sync 1 DAGs
[2024-05-20T21:24:55.339+0000] {logging_mixin.py:120} INFO - [2024-05-20T21:24:55.339+0000] {dag.py:3340} INFO - Setting next_dagrun for xcom_dag to 2024-05-19T00:00:00+00:00, run_after=2024-05-20T00:00:00+00:00
[2024-05-20T21:24:55.377+0000] {processor.py:176} INFO - Processing /opt/airflow/dags/xcom_dag.py took 0.345 seconds
