[2024-02-23T19:04:16.838+0000] {processor.py:154} INFO - Started process (PID=59) to work on /opt/airflow/dags/consumer.py
[2024-02-23T19:04:16.841+0000] {processor.py:756} INFO - Processing file /opt/airflow/dags/consumer.py for tasks to queue
[2024-02-23T19:04:16.843+0000] {logging_mixin.py:120} INFO - [2024-02-23T19:04:16.843+0000] {dagbag.py:537} INFO - Filling up the DagBag from /opt/airflow/dags/consumer.py
[2024-02-23T19:04:16.873+0000] {processor.py:766} INFO - DAG(s) dict_keys(['consumer']) retrieved from /opt/airflow/dags/consumer.py
[2024-02-23T19:04:16.985+0000] {logging_mixin.py:120} INFO - [2024-02-23T19:04:16.985+0000] {dag.py:2585} INFO - Sync 1 DAGs
[2024-02-23T19:04:17.093+0000] {logging_mixin.py:120} INFO - [2024-02-23T19:04:17.092+0000] {dag.py:3340} INFO - Setting next_dagrun for consumer to None, run_after=None
[2024-02-23T19:04:17.146+0000] {processor.py:176} INFO - Processing /opt/airflow/dags/consumer.py took 0.319 seconds
[2024-02-23T19:04:47.276+0000] {processor.py:154} INFO - Started process (PID=96) to work on /opt/airflow/dags/consumer.py
[2024-02-23T19:04:47.276+0000] {processor.py:756} INFO - Processing file /opt/airflow/dags/consumer.py for tasks to queue
[2024-02-23T19:04:47.277+0000] {logging_mixin.py:120} INFO - [2024-02-23T19:04:47.277+0000] {dagbag.py:537} INFO - Filling up the DagBag from /opt/airflow/dags/consumer.py
[2024-02-23T19:04:47.290+0000] {processor.py:766} INFO - DAG(s) dict_keys(['consumer']) retrieved from /opt/airflow/dags/consumer.py
[2024-02-23T19:04:47.310+0000] {logging_mixin.py:120} INFO - [2024-02-23T19:04:47.310+0000] {dag.py:2585} INFO - Sync 1 DAGs
[2024-02-23T19:04:47.322+0000] {logging_mixin.py:120} INFO - [2024-02-23T19:04:47.322+0000] {dag.py:3340} INFO - Setting next_dagrun for consumer to None, run_after=None
[2024-02-23T19:04:47.332+0000] {processor.py:176} INFO - Processing /opt/airflow/dags/consumer.py took 0.058 seconds
[2024-02-23T19:05:18.154+0000] {processor.py:154} INFO - Started process (PID=134) to work on /opt/airflow/dags/consumer.py
[2024-02-23T19:05:18.155+0000] {processor.py:756} INFO - Processing file /opt/airflow/dags/consumer.py for tasks to queue
[2024-02-23T19:05:18.156+0000] {logging_mixin.py:120} INFO - [2024-02-23T19:05:18.156+0000] {dagbag.py:537} INFO - Filling up the DagBag from /opt/airflow/dags/consumer.py
[2024-02-23T19:05:18.170+0000] {processor.py:766} INFO - DAG(s) dict_keys(['consumer']) retrieved from /opt/airflow/dags/consumer.py
[2024-02-23T19:05:18.226+0000] {logging_mixin.py:120} INFO - [2024-02-23T19:05:18.226+0000] {dag.py:2585} INFO - Sync 1 DAGs
[2024-02-23T19:05:18.248+0000] {logging_mixin.py:120} INFO - [2024-02-23T19:05:18.248+0000] {dag.py:3340} INFO - Setting next_dagrun for consumer to None, run_after=None
[2024-02-23T19:05:18.260+0000] {processor.py:176} INFO - Processing /opt/airflow/dags/consumer.py took 0.108 seconds
[2024-02-23T19:05:49.119+0000] {processor.py:154} INFO - Started process (PID=162) to work on /opt/airflow/dags/consumer.py
[2024-02-23T19:05:49.120+0000] {processor.py:756} INFO - Processing file /opt/airflow/dags/consumer.py for tasks to queue
[2024-02-23T19:05:49.121+0000] {logging_mixin.py:120} INFO - [2024-02-23T19:05:49.121+0000] {dagbag.py:537} INFO - Filling up the DagBag from /opt/airflow/dags/consumer.py
[2024-02-23T19:05:49.134+0000] {processor.py:766} INFO - DAG(s) dict_keys(['consumer']) retrieved from /opt/airflow/dags/consumer.py
[2024-02-23T19:05:49.156+0000] {logging_mixin.py:120} INFO - [2024-02-23T19:05:49.156+0000] {dag.py:2585} INFO - Sync 1 DAGs
[2024-02-23T19:05:49.169+0000] {logging_mixin.py:120} INFO - [2024-02-23T19:05:49.169+0000] {dag.py:3340} INFO - Setting next_dagrun for consumer to None, run_after=None
[2024-02-23T19:05:49.180+0000] {processor.py:176} INFO - Processing /opt/airflow/dags/consumer.py took 0.063 seconds
[2024-02-23T19:06:20.020+0000] {processor.py:154} INFO - Started process (PID=199) to work on /opt/airflow/dags/consumer.py
[2024-02-23T19:06:20.021+0000] {processor.py:756} INFO - Processing file /opt/airflow/dags/consumer.py for tasks to queue
[2024-02-23T19:06:20.021+0000] {logging_mixin.py:120} INFO - [2024-02-23T19:06:20.021+0000] {dagbag.py:537} INFO - Filling up the DagBag from /opt/airflow/dags/consumer.py
[2024-02-23T19:06:20.033+0000] {processor.py:766} INFO - DAG(s) dict_keys(['consumer']) retrieved from /opt/airflow/dags/consumer.py
[2024-02-23T19:06:20.053+0000] {logging_mixin.py:120} INFO - [2024-02-23T19:06:20.053+0000] {dag.py:2585} INFO - Sync 1 DAGs
[2024-02-23T19:06:20.064+0000] {logging_mixin.py:120} INFO - [2024-02-23T19:06:20.064+0000] {dag.py:3340} INFO - Setting next_dagrun for consumer to None, run_after=None
[2024-02-23T19:06:20.074+0000] {processor.py:176} INFO - Processing /opt/airflow/dags/consumer.py took 0.055 seconds
[2024-02-23T19:51:19.419+0000] {processor.py:154} INFO - Started process (PID=58) to work on /opt/airflow/dags/consumer.py
[2024-02-23T19:51:19.421+0000] {processor.py:756} INFO - Processing file /opt/airflow/dags/consumer.py for tasks to queue
[2024-02-23T19:51:19.424+0000] {logging_mixin.py:120} INFO - [2024-02-23T19:51:19.424+0000] {dagbag.py:537} INFO - Filling up the DagBag from /opt/airflow/dags/consumer.py
[2024-02-23T19:51:19.453+0000] {processor.py:766} INFO - DAG(s) dict_keys(['consumer']) retrieved from /opt/airflow/dags/consumer.py
[2024-02-23T19:51:19.488+0000] {logging_mixin.py:120} INFO - [2024-02-23T19:51:19.488+0000] {dag.py:2585} INFO - Sync 1 DAGs
[2024-02-23T19:51:19.507+0000] {logging_mixin.py:120} INFO - [2024-02-23T19:51:19.507+0000] {dag.py:3340} INFO - Setting next_dagrun for consumer to None, run_after=None
[2024-02-23T19:51:19.540+0000] {processor.py:176} INFO - Processing /opt/airflow/dags/consumer.py took 0.128 seconds
[2024-02-23T20:15:51.696+0000] {processor.py:154} INFO - Started process (PID=57) to work on /opt/airflow/dags/consumer.py
[2024-02-23T20:15:51.699+0000] {processor.py:756} INFO - Processing file /opt/airflow/dags/consumer.py for tasks to queue
[2024-02-23T20:15:51.700+0000] {logging_mixin.py:120} INFO - [2024-02-23T20:15:51.700+0000] {dagbag.py:537} INFO - Filling up the DagBag from /opt/airflow/dags/consumer.py
[2024-02-23T20:15:51.876+0000] {processor.py:766} INFO - DAG(s) dict_keys(['consumer']) retrieved from /opt/airflow/dags/consumer.py
[2024-02-23T20:15:51.976+0000] {logging_mixin.py:120} INFO - [2024-02-23T20:15:51.976+0000] {dag.py:2585} INFO - Sync 1 DAGs
[2024-02-23T20:15:52.029+0000] {logging_mixin.py:120} INFO - [2024-02-23T20:15:52.029+0000] {dag.py:3340} INFO - Setting next_dagrun for consumer to None, run_after=None
[2024-02-23T20:15:52.076+0000] {processor.py:176} INFO - Processing /opt/airflow/dags/consumer.py took 0.392 seconds
[2024-02-23T20:16:25.921+0000] {processor.py:154} INFO - Started process (PID=93) to work on /opt/airflow/dags/consumer.py
[2024-02-23T20:16:25.921+0000] {processor.py:756} INFO - Processing file /opt/airflow/dags/consumer.py for tasks to queue
[2024-02-23T20:16:25.922+0000] {logging_mixin.py:120} INFO - [2024-02-23T20:16:25.922+0000] {dagbag.py:537} INFO - Filling up the DagBag from /opt/airflow/dags/consumer.py
[2024-02-23T20:16:25.941+0000] {processor.py:766} INFO - DAG(s) dict_keys(['consumer']) retrieved from /opt/airflow/dags/consumer.py
[2024-02-23T20:16:25.969+0000] {logging_mixin.py:120} INFO - [2024-02-23T20:16:25.968+0000] {dag.py:2585} INFO - Sync 1 DAGs
[2024-02-23T20:16:25.997+0000] {logging_mixin.py:120} INFO - [2024-02-23T20:16:25.997+0000] {dag.py:3340} INFO - Setting next_dagrun for consumer to None, run_after=None
[2024-02-23T20:16:26.016+0000] {processor.py:176} INFO - Processing /opt/airflow/dags/consumer.py took 0.097 seconds
[2024-02-23T20:16:57.149+0000] {processor.py:154} INFO - Started process (PID=131) to work on /opt/airflow/dags/consumer.py
[2024-02-23T20:16:57.152+0000] {processor.py:756} INFO - Processing file /opt/airflow/dags/consumer.py for tasks to queue
[2024-02-23T20:16:57.153+0000] {logging_mixin.py:120} INFO - [2024-02-23T20:16:57.153+0000] {dagbag.py:537} INFO - Filling up the DagBag from /opt/airflow/dags/consumer.py
[2024-02-23T20:16:57.176+0000] {processor.py:766} INFO - DAG(s) dict_keys(['consumer']) retrieved from /opt/airflow/dags/consumer.py
[2024-02-23T20:16:57.205+0000] {logging_mixin.py:120} INFO - [2024-02-23T20:16:57.205+0000] {dag.py:2585} INFO - Sync 1 DAGs
[2024-02-23T20:16:57.219+0000] {logging_mixin.py:120} INFO - [2024-02-23T20:16:57.219+0000] {dag.py:3340} INFO - Setting next_dagrun for consumer to None, run_after=None
[2024-02-23T20:16:57.235+0000] {processor.py:176} INFO - Processing /opt/airflow/dags/consumer.py took 0.092 seconds
[2024-02-23T20:17:28.328+0000] {processor.py:154} INFO - Started process (PID=159) to work on /opt/airflow/dags/consumer.py
[2024-02-23T20:17:28.328+0000] {processor.py:756} INFO - Processing file /opt/airflow/dags/consumer.py for tasks to queue
[2024-02-23T20:17:28.329+0000] {logging_mixin.py:120} INFO - [2024-02-23T20:17:28.329+0000] {dagbag.py:537} INFO - Filling up the DagBag from /opt/airflow/dags/consumer.py
[2024-02-23T20:17:28.342+0000] {processor.py:766} INFO - DAG(s) dict_keys(['consumer']) retrieved from /opt/airflow/dags/consumer.py
[2024-02-23T20:17:28.363+0000] {logging_mixin.py:120} INFO - [2024-02-23T20:17:28.363+0000] {dag.py:2585} INFO - Sync 1 DAGs
[2024-02-23T20:17:28.377+0000] {logging_mixin.py:120} INFO - [2024-02-23T20:17:28.376+0000] {dag.py:3340} INFO - Setting next_dagrun for consumer to None, run_after=None
[2024-02-23T20:17:28.388+0000] {processor.py:176} INFO - Processing /opt/airflow/dags/consumer.py took 0.063 seconds
[2024-02-23T20:17:59.302+0000] {processor.py:154} INFO - Started process (PID=195) to work on /opt/airflow/dags/consumer.py
[2024-02-23T20:17:59.303+0000] {processor.py:756} INFO - Processing file /opt/airflow/dags/consumer.py for tasks to queue
[2024-02-23T20:17:59.303+0000] {logging_mixin.py:120} INFO - [2024-02-23T20:17:59.303+0000] {dagbag.py:537} INFO - Filling up the DagBag from /opt/airflow/dags/consumer.py
[2024-02-23T20:17:59.315+0000] {processor.py:766} INFO - DAG(s) dict_keys(['consumer']) retrieved from /opt/airflow/dags/consumer.py
[2024-02-23T20:17:59.337+0000] {logging_mixin.py:120} INFO - [2024-02-23T20:17:59.337+0000] {dag.py:2585} INFO - Sync 1 DAGs
[2024-02-23T20:17:59.350+0000] {logging_mixin.py:120} INFO - [2024-02-23T20:17:59.350+0000] {dag.py:3340} INFO - Setting next_dagrun for consumer to None, run_after=None
[2024-02-23T20:17:59.361+0000] {processor.py:176} INFO - Processing /opt/airflow/dags/consumer.py took 0.060 seconds
[2024-02-23T20:18:30.338+0000] {processor.py:154} INFO - Started process (PID=232) to work on /opt/airflow/dags/consumer.py
[2024-02-23T20:18:30.339+0000] {processor.py:756} INFO - Processing file /opt/airflow/dags/consumer.py for tasks to queue
[2024-02-23T20:18:30.339+0000] {logging_mixin.py:120} INFO - [2024-02-23T20:18:30.339+0000] {dagbag.py:537} INFO - Filling up the DagBag from /opt/airflow/dags/consumer.py
[2024-02-23T20:18:30.354+0000] {processor.py:766} INFO - DAG(s) dict_keys(['consumer']) retrieved from /opt/airflow/dags/consumer.py
[2024-02-23T20:18:30.391+0000] {logging_mixin.py:120} INFO - [2024-02-23T20:18:30.390+0000] {dag.py:2585} INFO - Sync 1 DAGs
[2024-02-23T20:18:30.407+0000] {logging_mixin.py:120} INFO - [2024-02-23T20:18:30.407+0000] {dag.py:3340} INFO - Setting next_dagrun for consumer to None, run_after=None
[2024-02-23T20:18:30.420+0000] {processor.py:176} INFO - Processing /opt/airflow/dags/consumer.py took 0.084 seconds
[2024-02-23T20:19:01.267+0000] {processor.py:154} INFO - Started process (PID=269) to work on /opt/airflow/dags/consumer.py
[2024-02-23T20:19:01.268+0000] {processor.py:756} INFO - Processing file /opt/airflow/dags/consumer.py for tasks to queue
[2024-02-23T20:19:01.269+0000] {logging_mixin.py:120} INFO - [2024-02-23T20:19:01.268+0000] {dagbag.py:537} INFO - Filling up the DagBag from /opt/airflow/dags/consumer.py
[2024-02-23T20:19:01.280+0000] {processor.py:766} INFO - DAG(s) dict_keys(['consumer']) retrieved from /opt/airflow/dags/consumer.py
[2024-02-23T20:19:01.301+0000] {logging_mixin.py:120} INFO - [2024-02-23T20:19:01.301+0000] {dag.py:2585} INFO - Sync 1 DAGs
[2024-02-23T20:19:01.315+0000] {logging_mixin.py:120} INFO - [2024-02-23T20:19:01.315+0000] {dag.py:3340} INFO - Setting next_dagrun for consumer to None, run_after=None
[2024-02-23T20:19:01.326+0000] {processor.py:176} INFO - Processing /opt/airflow/dags/consumer.py took 0.061 seconds
[2024-02-23T20:19:32.491+0000] {processor.py:154} INFO - Started process (PID=306) to work on /opt/airflow/dags/consumer.py
[2024-02-23T20:19:32.494+0000] {processor.py:756} INFO - Processing file /opt/airflow/dags/consumer.py for tasks to queue
[2024-02-23T20:19:32.496+0000] {logging_mixin.py:120} INFO - [2024-02-23T20:19:32.496+0000] {dagbag.py:537} INFO - Filling up the DagBag from /opt/airflow/dags/consumer.py
[2024-02-23T20:19:32.519+0000] {processor.py:766} INFO - DAG(s) dict_keys(['consumer']) retrieved from /opt/airflow/dags/consumer.py
[2024-02-23T20:19:32.545+0000] {logging_mixin.py:120} INFO - [2024-02-23T20:19:32.544+0000] {dag.py:2585} INFO - Sync 1 DAGs
[2024-02-23T20:19:32.562+0000] {logging_mixin.py:120} INFO - [2024-02-23T20:19:32.562+0000] {dag.py:3340} INFO - Setting next_dagrun for consumer to None, run_after=None
[2024-02-23T20:19:32.573+0000] {processor.py:176} INFO - Processing /opt/airflow/dags/consumer.py took 0.085 seconds
[2024-02-23T20:20:03.844+0000] {processor.py:154} INFO - Started process (PID=343) to work on /opt/airflow/dags/consumer.py
[2024-02-23T20:20:03.845+0000] {processor.py:756} INFO - Processing file /opt/airflow/dags/consumer.py for tasks to queue
[2024-02-23T20:20:03.846+0000] {logging_mixin.py:120} INFO - [2024-02-23T20:20:03.846+0000] {dagbag.py:537} INFO - Filling up the DagBag from /opt/airflow/dags/consumer.py
[2024-02-23T20:20:03.864+0000] {processor.py:766} INFO - DAG(s) dict_keys(['consumer']) retrieved from /opt/airflow/dags/consumer.py
[2024-02-23T20:20:03.897+0000] {logging_mixin.py:120} INFO - [2024-02-23T20:20:03.897+0000] {dag.py:2585} INFO - Sync 1 DAGs
[2024-02-23T20:20:03.910+0000] {logging_mixin.py:120} INFO - [2024-02-23T20:20:03.910+0000] {dag.py:3340} INFO - Setting next_dagrun for consumer to None, run_after=None
[2024-02-23T20:20:03.923+0000] {processor.py:176} INFO - Processing /opt/airflow/dags/consumer.py took 0.082 seconds
[2024-02-23T20:20:34.054+0000] {processor.py:154} INFO - Started process (PID=371) to work on /opt/airflow/dags/consumer.py
[2024-02-23T20:20:34.055+0000] {processor.py:756} INFO - Processing file /opt/airflow/dags/consumer.py for tasks to queue
[2024-02-23T20:20:34.055+0000] {logging_mixin.py:120} INFO - [2024-02-23T20:20:34.055+0000] {dagbag.py:537} INFO - Filling up the DagBag from /opt/airflow/dags/consumer.py
[2024-02-23T20:20:34.067+0000] {processor.py:766} INFO - DAG(s) dict_keys(['consumer']) retrieved from /opt/airflow/dags/consumer.py
[2024-02-23T20:20:34.089+0000] {logging_mixin.py:120} INFO - [2024-02-23T20:20:34.089+0000] {dag.py:2585} INFO - Sync 1 DAGs
[2024-02-23T20:20:34.103+0000] {logging_mixin.py:120} INFO - [2024-02-23T20:20:34.102+0000] {dag.py:3340} INFO - Setting next_dagrun for consumer to None, run_after=None
[2024-02-23T20:20:34.114+0000] {processor.py:176} INFO - Processing /opt/airflow/dags/consumer.py took 0.061 seconds
[2024-02-23T20:21:05.195+0000] {processor.py:154} INFO - Started process (PID=408) to work on /opt/airflow/dags/consumer.py
[2024-02-23T20:21:05.196+0000] {processor.py:756} INFO - Processing file /opt/airflow/dags/consumer.py for tasks to queue
[2024-02-23T20:21:05.197+0000] {logging_mixin.py:120} INFO - [2024-02-23T20:21:05.197+0000] {dagbag.py:537} INFO - Filling up the DagBag from /opt/airflow/dags/consumer.py
[2024-02-23T20:21:05.210+0000] {processor.py:766} INFO - DAG(s) dict_keys(['consumer']) retrieved from /opt/airflow/dags/consumer.py
[2024-02-23T20:21:05.233+0000] {logging_mixin.py:120} INFO - [2024-02-23T20:21:05.233+0000] {dag.py:2585} INFO - Sync 1 DAGs
[2024-02-23T20:21:05.247+0000] {logging_mixin.py:120} INFO - [2024-02-23T20:21:05.247+0000] {dag.py:3340} INFO - Setting next_dagrun for consumer to None, run_after=None
[2024-02-23T20:21:05.261+0000] {processor.py:176} INFO - Processing /opt/airflow/dags/consumer.py took 0.068 seconds
[2024-02-23T20:21:36.328+0000] {processor.py:154} INFO - Started process (PID=445) to work on /opt/airflow/dags/consumer.py
[2024-02-23T20:21:36.330+0000] {processor.py:756} INFO - Processing file /opt/airflow/dags/consumer.py for tasks to queue
[2024-02-23T20:21:36.331+0000] {logging_mixin.py:120} INFO - [2024-02-23T20:21:36.331+0000] {dagbag.py:537} INFO - Filling up the DagBag from /opt/airflow/dags/consumer.py
[2024-02-23T20:21:36.362+0000] {processor.py:766} INFO - DAG(s) dict_keys(['consumer']) retrieved from /opt/airflow/dags/consumer.py
[2024-02-23T20:21:36.386+0000] {logging_mixin.py:120} INFO - [2024-02-23T20:21:36.386+0000] {dag.py:2585} INFO - Sync 1 DAGs
[2024-02-23T20:21:36.400+0000] {logging_mixin.py:120} INFO - [2024-02-23T20:21:36.400+0000] {dag.py:3340} INFO - Setting next_dagrun for consumer to None, run_after=None
[2024-02-23T20:21:36.412+0000] {processor.py:176} INFO - Processing /opt/airflow/dags/consumer.py took 0.087 seconds
[2024-02-23T20:22:07.465+0000] {processor.py:154} INFO - Started process (PID=483) to work on /opt/airflow/dags/consumer.py
[2024-02-23T20:22:07.465+0000] {processor.py:756} INFO - Processing file /opt/airflow/dags/consumer.py for tasks to queue
[2024-02-23T20:22:07.466+0000] {logging_mixin.py:120} INFO - [2024-02-23T20:22:07.466+0000] {dagbag.py:537} INFO - Filling up the DagBag from /opt/airflow/dags/consumer.py
[2024-02-23T20:22:07.478+0000] {processor.py:766} INFO - DAG(s) dict_keys(['consumer']) retrieved from /opt/airflow/dags/consumer.py
[2024-02-23T20:22:07.498+0000] {logging_mixin.py:120} INFO - [2024-02-23T20:22:07.498+0000] {dag.py:2585} INFO - Sync 1 DAGs
[2024-02-23T20:22:07.511+0000] {logging_mixin.py:120} INFO - [2024-02-23T20:22:07.511+0000] {dag.py:3340} INFO - Setting next_dagrun for consumer to None, run_after=None
[2024-02-23T20:22:07.523+0000] {processor.py:176} INFO - Processing /opt/airflow/dags/consumer.py took 0.060 seconds
[2024-02-23T20:22:38.503+0000] {processor.py:154} INFO - Started process (PID=520) to work on /opt/airflow/dags/consumer.py
[2024-02-23T20:22:38.504+0000] {processor.py:756} INFO - Processing file /opt/airflow/dags/consumer.py for tasks to queue
[2024-02-23T20:22:38.504+0000] {logging_mixin.py:120} INFO - [2024-02-23T20:22:38.504+0000] {dagbag.py:537} INFO - Filling up the DagBag from /opt/airflow/dags/consumer.py
[2024-02-23T20:22:38.516+0000] {processor.py:766} INFO - DAG(s) dict_keys(['consumer']) retrieved from /opt/airflow/dags/consumer.py
[2024-02-23T20:22:38.539+0000] {logging_mixin.py:120} INFO - [2024-02-23T20:22:38.539+0000] {dag.py:2585} INFO - Sync 1 DAGs
[2024-02-23T20:22:38.553+0000] {logging_mixin.py:120} INFO - [2024-02-23T20:22:38.553+0000] {dag.py:3340} INFO - Setting next_dagrun for consumer to None, run_after=None
[2024-02-23T20:22:38.564+0000] {processor.py:176} INFO - Processing /opt/airflow/dags/consumer.py took 0.063 seconds
[2024-02-23T20:23:09.623+0000] {processor.py:154} INFO - Started process (PID=557) to work on /opt/airflow/dags/consumer.py
[2024-02-23T20:23:09.624+0000] {processor.py:756} INFO - Processing file /opt/airflow/dags/consumer.py for tasks to queue
[2024-02-23T20:23:09.625+0000] {logging_mixin.py:120} INFO - [2024-02-23T20:23:09.625+0000] {dagbag.py:537} INFO - Filling up the DagBag from /opt/airflow/dags/consumer.py
[2024-02-23T20:23:09.639+0000] {processor.py:766} INFO - DAG(s) dict_keys(['consumer']) retrieved from /opt/airflow/dags/consumer.py
[2024-02-23T20:23:09.664+0000] {logging_mixin.py:120} INFO - [2024-02-23T20:23:09.664+0000] {dag.py:2585} INFO - Sync 1 DAGs
[2024-02-23T20:23:09.678+0000] {logging_mixin.py:120} INFO - [2024-02-23T20:23:09.678+0000] {dag.py:3340} INFO - Setting next_dagrun for consumer to None, run_after=None
[2024-02-23T20:23:09.691+0000] {processor.py:176} INFO - Processing /opt/airflow/dags/consumer.py took 0.070 seconds
[2024-02-23T20:23:40.591+0000] {processor.py:154} INFO - Started process (PID=585) to work on /opt/airflow/dags/consumer.py
[2024-02-23T20:23:40.592+0000] {processor.py:756} INFO - Processing file /opt/airflow/dags/consumer.py for tasks to queue
[2024-02-23T20:23:40.592+0000] {logging_mixin.py:120} INFO - [2024-02-23T20:23:40.592+0000] {dagbag.py:537} INFO - Filling up the DagBag from /opt/airflow/dags/consumer.py
[2024-02-23T20:23:40.604+0000] {processor.py:766} INFO - DAG(s) dict_keys(['consumer']) retrieved from /opt/airflow/dags/consumer.py
[2024-02-23T20:23:40.624+0000] {logging_mixin.py:120} INFO - [2024-02-23T20:23:40.624+0000] {dag.py:2585} INFO - Sync 1 DAGs
[2024-02-23T20:23:40.637+0000] {logging_mixin.py:120} INFO - [2024-02-23T20:23:40.637+0000] {dag.py:3340} INFO - Setting next_dagrun for consumer to None, run_after=None
[2024-02-23T20:23:40.648+0000] {processor.py:176} INFO - Processing /opt/airflow/dags/consumer.py took 0.059 seconds
[2024-02-23T20:24:11.535+0000] {processor.py:154} INFO - Started process (PID=622) to work on /opt/airflow/dags/consumer.py
[2024-02-23T20:24:11.535+0000] {processor.py:756} INFO - Processing file /opt/airflow/dags/consumer.py for tasks to queue
[2024-02-23T20:24:11.536+0000] {logging_mixin.py:120} INFO - [2024-02-23T20:24:11.536+0000] {dagbag.py:537} INFO - Filling up the DagBag from /opt/airflow/dags/consumer.py
[2024-02-23T20:24:11.549+0000] {processor.py:766} INFO - DAG(s) dict_keys(['consumer']) retrieved from /opt/airflow/dags/consumer.py
[2024-02-23T20:24:11.571+0000] {logging_mixin.py:120} INFO - [2024-02-23T20:24:11.570+0000] {dag.py:2585} INFO - Sync 1 DAGs
[2024-02-23T20:24:11.584+0000] {logging_mixin.py:120} INFO - [2024-02-23T20:24:11.584+0000] {dag.py:3340} INFO - Setting next_dagrun for consumer to None, run_after=None
[2024-02-23T20:24:11.596+0000] {processor.py:176} INFO - Processing /opt/airflow/dags/consumer.py took 0.064 seconds
[2024-02-23T20:24:42.457+0000] {processor.py:154} INFO - Started process (PID=659) to work on /opt/airflow/dags/consumer.py
[2024-02-23T20:24:42.458+0000] {processor.py:756} INFO - Processing file /opt/airflow/dags/consumer.py for tasks to queue
[2024-02-23T20:24:42.458+0000] {logging_mixin.py:120} INFO - [2024-02-23T20:24:42.458+0000] {dagbag.py:537} INFO - Filling up the DagBag from /opt/airflow/dags/consumer.py
[2024-02-23T20:24:42.471+0000] {processor.py:766} INFO - DAG(s) dict_keys(['consumer']) retrieved from /opt/airflow/dags/consumer.py
[2024-02-23T20:24:42.491+0000] {logging_mixin.py:120} INFO - [2024-02-23T20:24:42.491+0000] {dag.py:2585} INFO - Sync 1 DAGs
[2024-02-23T20:24:42.504+0000] {logging_mixin.py:120} INFO - [2024-02-23T20:24:42.504+0000] {dag.py:3340} INFO - Setting next_dagrun for consumer to None, run_after=None
[2024-02-23T20:24:42.516+0000] {processor.py:176} INFO - Processing /opt/airflow/dags/consumer.py took 0.060 seconds
[2024-02-23T20:25:13.572+0000] {processor.py:154} INFO - Started process (PID=697) to work on /opt/airflow/dags/consumer.py
[2024-02-23T20:25:13.577+0000] {processor.py:756} INFO - Processing file /opt/airflow/dags/consumer.py for tasks to queue
[2024-02-23T20:25:13.579+0000] {logging_mixin.py:120} INFO - [2024-02-23T20:25:13.579+0000] {dagbag.py:537} INFO - Filling up the DagBag from /opt/airflow/dags/consumer.py
[2024-02-23T20:25:13.611+0000] {processor.py:766} INFO - DAG(s) dict_keys(['consumer']) retrieved from /opt/airflow/dags/consumer.py
[2024-02-23T20:25:13.666+0000] {logging_mixin.py:120} INFO - [2024-02-23T20:25:13.665+0000] {dag.py:2585} INFO - Sync 1 DAGs
[2024-02-23T20:25:13.721+0000] {logging_mixin.py:120} INFO - [2024-02-23T20:25:13.721+0000] {dag.py:3340} INFO - Setting next_dagrun for consumer to None, run_after=None
[2024-02-23T20:25:13.745+0000] {processor.py:176} INFO - Processing /opt/airflow/dags/consumer.py took 0.181 seconds
