[2024-02-23T19:04:16.492+0000] {processor.py:154} INFO - Started process (PID=57) to work on /opt/airflow/dags/group_dag.py
[2024-02-23T19:04:16.493+0000] {processor.py:756} INFO - Processing file /opt/airflow/dags/group_dag.py for tasks to queue
[2024-02-23T19:04:16.494+0000] {logging_mixin.py:120} INFO - [2024-02-23T19:04:16.494+0000] {dagbag.py:537} INFO - Filling up the DagBag from /opt/airflow/dags/group_dag.py
[2024-02-23T19:04:16.537+0000] {processor.py:766} INFO - DAG(s) dict_keys(['group_dag']) retrieved from /opt/airflow/dags/group_dag.py
[2024-02-23T19:04:16.717+0000] {logging_mixin.py:120} INFO - [2024-02-23T19:04:16.716+0000] {dag.py:2585} INFO - Sync 1 DAGs
[2024-02-23T19:04:16.759+0000] {logging_mixin.py:120} INFO - [2024-02-23T19:04:16.758+0000] {dag.py:3340} INFO - Setting next_dagrun for group_dag to 2024-02-22T00:00:00+00:00, run_after=2024-02-23T00:00:00+00:00
[2024-02-23T19:04:16.800+0000] {processor.py:176} INFO - Processing /opt/airflow/dags/group_dag.py took 0.311 seconds
[2024-02-23T19:04:47.209+0000] {processor.py:154} INFO - Started process (PID=94) to work on /opt/airflow/dags/group_dag.py
[2024-02-23T19:04:47.209+0000] {processor.py:756} INFO - Processing file /opt/airflow/dags/group_dag.py for tasks to queue
[2024-02-23T19:04:47.210+0000] {logging_mixin.py:120} INFO - [2024-02-23T19:04:47.210+0000] {dagbag.py:537} INFO - Filling up the DagBag from /opt/airflow/dags/group_dag.py
[2024-02-23T19:04:47.223+0000] {processor.py:766} INFO - DAG(s) dict_keys(['group_dag']) retrieved from /opt/airflow/dags/group_dag.py
[2024-02-23T19:04:47.244+0000] {logging_mixin.py:120} INFO - [2024-02-23T19:04:47.243+0000] {dag.py:2585} INFO - Sync 1 DAGs
[2024-02-23T19:04:47.257+0000] {logging_mixin.py:120} INFO - [2024-02-23T19:04:47.257+0000] {dag.py:3340} INFO - Setting next_dagrun for group_dag to 2024-02-22T00:00:00+00:00, run_after=2024-02-23T00:00:00+00:00
[2024-02-23T19:04:47.266+0000] {processor.py:176} INFO - Processing /opt/airflow/dags/group_dag.py took 0.059 seconds
[2024-02-23T19:05:18.074+0000] {processor.py:154} INFO - Started process (PID=132) to work on /opt/airflow/dags/group_dag.py
[2024-02-23T19:05:18.075+0000] {processor.py:756} INFO - Processing file /opt/airflow/dags/group_dag.py for tasks to queue
[2024-02-23T19:05:18.076+0000] {logging_mixin.py:120} INFO - [2024-02-23T19:05:18.076+0000] {dagbag.py:537} INFO - Filling up the DagBag from /opt/airflow/dags/group_dag.py
[2024-02-23T19:05:18.090+0000] {processor.py:766} INFO - DAG(s) dict_keys(['group_dag']) retrieved from /opt/airflow/dags/group_dag.py
[2024-02-23T19:05:18.113+0000] {logging_mixin.py:120} INFO - [2024-02-23T19:05:18.113+0000] {dag.py:2585} INFO - Sync 1 DAGs
[2024-02-23T19:05:18.130+0000] {logging_mixin.py:120} INFO - [2024-02-23T19:05:18.129+0000] {dag.py:3340} INFO - Setting next_dagrun for group_dag to 2024-02-22T00:00:00+00:00, run_after=2024-02-23T00:00:00+00:00
[2024-02-23T19:05:18.142+0000] {processor.py:176} INFO - Processing /opt/airflow/dags/group_dag.py took 0.071 seconds
[2024-02-23T19:05:49.043+0000] {processor.py:154} INFO - Started process (PID=160) to work on /opt/airflow/dags/group_dag.py
[2024-02-23T19:05:49.044+0000] {processor.py:756} INFO - Processing file /opt/airflow/dags/group_dag.py for tasks to queue
[2024-02-23T19:05:49.044+0000] {logging_mixin.py:120} INFO - [2024-02-23T19:05:49.044+0000] {dagbag.py:537} INFO - Filling up the DagBag from /opt/airflow/dags/group_dag.py
[2024-02-23T19:05:49.057+0000] {processor.py:766} INFO - DAG(s) dict_keys(['group_dag']) retrieved from /opt/airflow/dags/group_dag.py
[2024-02-23T19:05:49.078+0000] {logging_mixin.py:120} INFO - [2024-02-23T19:05:49.078+0000] {dag.py:2585} INFO - Sync 1 DAGs
[2024-02-23T19:05:49.094+0000] {logging_mixin.py:120} INFO - [2024-02-23T19:05:49.094+0000] {dag.py:3340} INFO - Setting next_dagrun for group_dag to 2024-02-22T00:00:00+00:00, run_after=2024-02-23T00:00:00+00:00
[2024-02-23T19:05:49.106+0000] {processor.py:176} INFO - Processing /opt/airflow/dags/group_dag.py took 0.065 seconds
[2024-02-23T19:06:19.956+0000] {processor.py:154} INFO - Started process (PID=197) to work on /opt/airflow/dags/group_dag.py
[2024-02-23T19:06:19.957+0000] {processor.py:756} INFO - Processing file /opt/airflow/dags/group_dag.py for tasks to queue
[2024-02-23T19:06:19.957+0000] {logging_mixin.py:120} INFO - [2024-02-23T19:06:19.957+0000] {dagbag.py:537} INFO - Filling up the DagBag from /opt/airflow/dags/group_dag.py
[2024-02-23T19:06:19.969+0000] {processor.py:766} INFO - DAG(s) dict_keys(['group_dag']) retrieved from /opt/airflow/dags/group_dag.py
[2024-02-23T19:06:19.989+0000] {logging_mixin.py:120} INFO - [2024-02-23T19:06:19.989+0000] {dag.py:2585} INFO - Sync 1 DAGs
[2024-02-23T19:06:20.002+0000] {logging_mixin.py:120} INFO - [2024-02-23T19:06:20.002+0000] {dag.py:3340} INFO - Setting next_dagrun for group_dag to 2024-02-22T00:00:00+00:00, run_after=2024-02-23T00:00:00+00:00
[2024-02-23T19:06:20.011+0000] {processor.py:176} INFO - Processing /opt/airflow/dags/group_dag.py took 0.056 seconds
[2024-02-23T19:51:19.194+0000] {processor.py:154} INFO - Started process (PID=56) to work on /opt/airflow/dags/group_dag.py
[2024-02-23T19:51:19.196+0000] {processor.py:756} INFO - Processing file /opt/airflow/dags/group_dag.py for tasks to queue
[2024-02-23T19:51:19.197+0000] {logging_mixin.py:120} INFO - [2024-02-23T19:51:19.197+0000] {dagbag.py:537} INFO - Filling up the DagBag from /opt/airflow/dags/group_dag.py
[2024-02-23T19:51:19.240+0000] {processor.py:766} INFO - DAG(s) dict_keys(['group_dag']) retrieved from /opt/airflow/dags/group_dag.py
[2024-02-23T19:51:19.292+0000] {logging_mixin.py:120} INFO - [2024-02-23T19:51:19.292+0000] {dag.py:2585} INFO - Sync 1 DAGs
[2024-02-23T19:51:19.344+0000] {logging_mixin.py:120} INFO - [2024-02-23T19:51:19.344+0000] {dag.py:3340} INFO - Setting next_dagrun for group_dag to 2024-02-22T00:00:00+00:00, run_after=2024-02-23T00:00:00+00:00
[2024-02-23T19:51:19.386+0000] {processor.py:176} INFO - Processing /opt/airflow/dags/group_dag.py took 0.197 seconds
[2024-02-23T20:15:51.395+0000] {processor.py:154} INFO - Started process (PID=55) to work on /opt/airflow/dags/group_dag.py
[2024-02-23T20:15:51.396+0000] {processor.py:756} INFO - Processing file /opt/airflow/dags/group_dag.py for tasks to queue
[2024-02-23T20:15:51.397+0000] {logging_mixin.py:120} INFO - [2024-02-23T20:15:51.397+0000] {dagbag.py:537} INFO - Filling up the DagBag from /opt/airflow/dags/group_dag.py
[2024-02-23T20:15:51.417+0000] {processor.py:766} INFO - DAG(s) dict_keys(['group_dag']) retrieved from /opt/airflow/dags/group_dag.py
[2024-02-23T20:15:51.486+0000] {logging_mixin.py:120} INFO - [2024-02-23T20:15:51.485+0000] {dag.py:2585} INFO - Sync 1 DAGs
[2024-02-23T20:15:51.593+0000] {logging_mixin.py:120} INFO - [2024-02-23T20:15:51.593+0000] {dag.py:3340} INFO - Setting next_dagrun for group_dag to 2024-02-22T00:00:00+00:00, run_after=2024-02-23T00:00:00+00:00
[2024-02-23T20:15:51.659+0000] {processor.py:176} INFO - Processing /opt/airflow/dags/group_dag.py took 0.266 seconds
[2024-02-23T20:16:25.789+0000] {processor.py:154} INFO - Started process (PID=91) to work on /opt/airflow/dags/group_dag.py
[2024-02-23T20:16:25.791+0000] {processor.py:756} INFO - Processing file /opt/airflow/dags/group_dag.py for tasks to queue
[2024-02-23T20:16:25.793+0000] {logging_mixin.py:120} INFO - [2024-02-23T20:16:25.793+0000] {dagbag.py:537} INFO - Filling up the DagBag from /opt/airflow/dags/group_dag.py
[2024-02-23T20:16:25.849+0000] {processor.py:766} INFO - DAG(s) dict_keys(['group_dag']) retrieved from /opt/airflow/dags/group_dag.py
[2024-02-23T20:16:25.880+0000] {logging_mixin.py:120} INFO - [2024-02-23T20:16:25.880+0000] {dag.py:2585} INFO - Sync 1 DAGs
[2024-02-23T20:16:25.897+0000] {logging_mixin.py:120} INFO - [2024-02-23T20:16:25.897+0000] {dag.py:3340} INFO - Setting next_dagrun for group_dag to 2024-02-22T00:00:00+00:00, run_after=2024-02-23T00:00:00+00:00
[2024-02-23T20:16:25.909+0000] {processor.py:176} INFO - Processing /opt/airflow/dags/group_dag.py took 0.124 seconds
[2024-02-23T20:16:57.029+0000] {processor.py:154} INFO - Started process (PID=129) to work on /opt/airflow/dags/group_dag.py
[2024-02-23T20:16:57.030+0000] {processor.py:756} INFO - Processing file /opt/airflow/dags/group_dag.py for tasks to queue
[2024-02-23T20:16:57.031+0000] {logging_mixin.py:120} INFO - [2024-02-23T20:16:57.030+0000] {dagbag.py:537} INFO - Filling up the DagBag from /opt/airflow/dags/group_dag.py
[2024-02-23T20:16:57.051+0000] {processor.py:766} INFO - DAG(s) dict_keys(['group_dag']) retrieved from /opt/airflow/dags/group_dag.py
[2024-02-23T20:16:57.078+0000] {logging_mixin.py:120} INFO - [2024-02-23T20:16:57.078+0000] {dag.py:2585} INFO - Sync 1 DAGs
[2024-02-23T20:16:57.099+0000] {logging_mixin.py:120} INFO - [2024-02-23T20:16:57.099+0000] {dag.py:3340} INFO - Setting next_dagrun for group_dag to 2024-02-22T00:00:00+00:00, run_after=2024-02-23T00:00:00+00:00
[2024-02-23T20:16:57.120+0000] {processor.py:176} INFO - Processing /opt/airflow/dags/group_dag.py took 0.094 seconds
[2024-02-23T20:17:28.246+0000] {processor.py:154} INFO - Started process (PID=157) to work on /opt/airflow/dags/group_dag.py
[2024-02-23T20:17:28.247+0000] {processor.py:756} INFO - Processing file /opt/airflow/dags/group_dag.py for tasks to queue
[2024-02-23T20:17:28.248+0000] {logging_mixin.py:120} INFO - [2024-02-23T20:17:28.248+0000] {dagbag.py:537} INFO - Filling up the DagBag from /opt/airflow/dags/group_dag.py
[2024-02-23T20:17:28.263+0000] {processor.py:766} INFO - DAG(s) dict_keys(['group_dag']) retrieved from /opt/airflow/dags/group_dag.py
[2024-02-23T20:17:28.288+0000] {logging_mixin.py:120} INFO - [2024-02-23T20:17:28.288+0000] {dag.py:2585} INFO - Sync 1 DAGs
[2024-02-23T20:17:28.306+0000] {logging_mixin.py:120} INFO - [2024-02-23T20:17:28.306+0000] {dag.py:3340} INFO - Setting next_dagrun for group_dag to 2024-02-22T00:00:00+00:00, run_after=2024-02-23T00:00:00+00:00
[2024-02-23T20:17:28.316+0000] {processor.py:176} INFO - Processing /opt/airflow/dags/group_dag.py took 0.072 seconds
[2024-02-23T20:17:59.223+0000] {processor.py:154} INFO - Started process (PID=193) to work on /opt/airflow/dags/group_dag.py
[2024-02-23T20:17:59.224+0000] {processor.py:756} INFO - Processing file /opt/airflow/dags/group_dag.py for tasks to queue
[2024-02-23T20:17:59.225+0000] {logging_mixin.py:120} INFO - [2024-02-23T20:17:59.225+0000] {dagbag.py:537} INFO - Filling up the DagBag from /opt/airflow/dags/group_dag.py
[2024-02-23T20:17:59.239+0000] {processor.py:766} INFO - DAG(s) dict_keys(['group_dag']) retrieved from /opt/airflow/dags/group_dag.py
[2024-02-23T20:17:59.267+0000] {logging_mixin.py:120} INFO - [2024-02-23T20:17:59.267+0000] {dag.py:2585} INFO - Sync 1 DAGs
[2024-02-23T20:17:59.283+0000] {logging_mixin.py:120} INFO - [2024-02-23T20:17:59.283+0000] {dag.py:3340} INFO - Setting next_dagrun for group_dag to 2024-02-22T00:00:00+00:00, run_after=2024-02-23T00:00:00+00:00
[2024-02-23T20:17:59.292+0000] {processor.py:176} INFO - Processing /opt/airflow/dags/group_dag.py took 0.071 seconds
[2024-02-23T20:18:30.267+0000] {processor.py:154} INFO - Started process (PID=230) to work on /opt/airflow/dags/group_dag.py
[2024-02-23T20:18:30.268+0000] {processor.py:756} INFO - Processing file /opt/airflow/dags/group_dag.py for tasks to queue
[2024-02-23T20:18:30.268+0000] {logging_mixin.py:120} INFO - [2024-02-23T20:18:30.268+0000] {dagbag.py:537} INFO - Filling up the DagBag from /opt/airflow/dags/group_dag.py
[2024-02-23T20:18:30.280+0000] {processor.py:766} INFO - DAG(s) dict_keys(['group_dag']) retrieved from /opt/airflow/dags/group_dag.py
[2024-02-23T20:18:30.301+0000] {logging_mixin.py:120} INFO - [2024-02-23T20:18:30.301+0000] {dag.py:2585} INFO - Sync 1 DAGs
[2024-02-23T20:18:30.316+0000] {logging_mixin.py:120} INFO - [2024-02-23T20:18:30.316+0000] {dag.py:3340} INFO - Setting next_dagrun for group_dag to 2024-02-22T00:00:00+00:00, run_after=2024-02-23T00:00:00+00:00
[2024-02-23T20:18:30.326+0000] {processor.py:176} INFO - Processing /opt/airflow/dags/group_dag.py took 0.061 seconds
[2024-02-23T20:19:01.199+0000] {processor.py:154} INFO - Started process (PID=267) to work on /opt/airflow/dags/group_dag.py
[2024-02-23T20:19:01.200+0000] {processor.py:756} INFO - Processing file /opt/airflow/dags/group_dag.py for tasks to queue
[2024-02-23T20:19:01.200+0000] {logging_mixin.py:120} INFO - [2024-02-23T20:19:01.200+0000] {dagbag.py:537} INFO - Filling up the DagBag from /opt/airflow/dags/group_dag.py
[2024-02-23T20:19:01.213+0000] {processor.py:766} INFO - DAG(s) dict_keys(['group_dag']) retrieved from /opt/airflow/dags/group_dag.py
[2024-02-23T20:19:01.233+0000] {logging_mixin.py:120} INFO - [2024-02-23T20:19:01.233+0000] {dag.py:2585} INFO - Sync 1 DAGs
[2024-02-23T20:19:01.247+0000] {logging_mixin.py:120} INFO - [2024-02-23T20:19:01.246+0000] {dag.py:3340} INFO - Setting next_dagrun for group_dag to 2024-02-22T00:00:00+00:00, run_after=2024-02-23T00:00:00+00:00
[2024-02-23T20:19:01.257+0000] {processor.py:176} INFO - Processing /opt/airflow/dags/group_dag.py took 0.059 seconds
[2024-02-23T20:19:32.356+0000] {processor.py:154} INFO - Started process (PID=304) to work on /opt/airflow/dags/group_dag.py
[2024-02-23T20:19:32.357+0000] {processor.py:756} INFO - Processing file /opt/airflow/dags/group_dag.py for tasks to queue
[2024-02-23T20:19:32.357+0000] {logging_mixin.py:120} INFO - [2024-02-23T20:19:32.357+0000] {dagbag.py:537} INFO - Filling up the DagBag from /opt/airflow/dags/group_dag.py
[2024-02-23T20:19:32.373+0000] {processor.py:766} INFO - DAG(s) dict_keys(['group_dag']) retrieved from /opt/airflow/dags/group_dag.py
[2024-02-23T20:19:32.411+0000] {logging_mixin.py:120} INFO - [2024-02-23T20:19:32.411+0000] {dag.py:2585} INFO - Sync 1 DAGs
[2024-02-23T20:19:32.429+0000] {logging_mixin.py:120} INFO - [2024-02-23T20:19:32.429+0000] {dag.py:3340} INFO - Setting next_dagrun for group_dag to 2024-02-22T00:00:00+00:00, run_after=2024-02-23T00:00:00+00:00
[2024-02-23T20:19:32.443+0000] {processor.py:176} INFO - Processing /opt/airflow/dags/group_dag.py took 0.089 seconds
[2024-02-23T20:20:03.511+0000] {processor.py:154} INFO - Started process (PID=341) to work on /opt/airflow/dags/group_dag.py
[2024-02-23T20:20:03.512+0000] {processor.py:756} INFO - Processing file /opt/airflow/dags/group_dag.py for tasks to queue
[2024-02-23T20:20:03.512+0000] {logging_mixin.py:120} INFO - [2024-02-23T20:20:03.512+0000] {dagbag.py:537} INFO - Filling up the DagBag from /opt/airflow/dags/group_dag.py
[2024-02-23T20:20:03.525+0000] {processor.py:766} INFO - DAG(s) dict_keys(['group_dag']) retrieved from /opt/airflow/dags/group_dag.py
[2024-02-23T20:20:03.619+0000] {logging_mixin.py:120} INFO - [2024-02-23T20:20:03.617+0000] {dag.py:2585} INFO - Sync 1 DAGs
[2024-02-23T20:20:03.681+0000] {logging_mixin.py:120} INFO - [2024-02-23T20:20:03.680+0000] {dag.py:3340} INFO - Setting next_dagrun for group_dag to 2024-02-22T00:00:00+00:00, run_after=2024-02-23T00:00:00+00:00
[2024-02-23T20:20:03.795+0000] {processor.py:176} INFO - Processing /opt/airflow/dags/group_dag.py took 0.287 seconds
[2024-02-23T20:20:33.983+0000] {processor.py:154} INFO - Started process (PID=369) to work on /opt/airflow/dags/group_dag.py
[2024-02-23T20:20:33.984+0000] {processor.py:756} INFO - Processing file /opt/airflow/dags/group_dag.py for tasks to queue
[2024-02-23T20:20:33.984+0000] {logging_mixin.py:120} INFO - [2024-02-23T20:20:33.984+0000] {dagbag.py:537} INFO - Filling up the DagBag from /opt/airflow/dags/group_dag.py
[2024-02-23T20:20:33.997+0000] {processor.py:766} INFO - DAG(s) dict_keys(['group_dag']) retrieved from /opt/airflow/dags/group_dag.py
[2024-02-23T20:20:34.019+0000] {logging_mixin.py:120} INFO - [2024-02-23T20:20:34.019+0000] {dag.py:2585} INFO - Sync 1 DAGs
[2024-02-23T20:20:34.034+0000] {logging_mixin.py:120} INFO - [2024-02-23T20:20:34.034+0000] {dag.py:3340} INFO - Setting next_dagrun for group_dag to 2024-02-22T00:00:00+00:00, run_after=2024-02-23T00:00:00+00:00
[2024-02-23T20:20:34.043+0000] {processor.py:176} INFO - Processing /opt/airflow/dags/group_dag.py took 0.062 seconds
[2024-02-23T20:21:05.114+0000] {processor.py:154} INFO - Started process (PID=406) to work on /opt/airflow/dags/group_dag.py
[2024-02-23T20:21:05.115+0000] {processor.py:756} INFO - Processing file /opt/airflow/dags/group_dag.py for tasks to queue
[2024-02-23T20:21:05.115+0000] {logging_mixin.py:120} INFO - [2024-02-23T20:21:05.115+0000] {dagbag.py:537} INFO - Filling up the DagBag from /opt/airflow/dags/group_dag.py
[2024-02-23T20:21:05.129+0000] {processor.py:766} INFO - DAG(s) dict_keys(['group_dag']) retrieved from /opt/airflow/dags/group_dag.py
[2024-02-23T20:21:05.152+0000] {logging_mixin.py:120} INFO - [2024-02-23T20:21:05.152+0000] {dag.py:2585} INFO - Sync 1 DAGs
[2024-02-23T20:21:05.167+0000] {logging_mixin.py:120} INFO - [2024-02-23T20:21:05.167+0000] {dag.py:3340} INFO - Setting next_dagrun for group_dag to 2024-02-22T00:00:00+00:00, run_after=2024-02-23T00:00:00+00:00
[2024-02-23T20:21:05.182+0000] {processor.py:176} INFO - Processing /opt/airflow/dags/group_dag.py took 0.069 seconds
[2024-02-23T20:21:36.246+0000] {processor.py:154} INFO - Started process (PID=443) to work on /opt/airflow/dags/group_dag.py
[2024-02-23T20:21:36.247+0000] {processor.py:756} INFO - Processing file /opt/airflow/dags/group_dag.py for tasks to queue
[2024-02-23T20:21:36.248+0000] {logging_mixin.py:120} INFO - [2024-02-23T20:21:36.248+0000] {dagbag.py:537} INFO - Filling up the DagBag from /opt/airflow/dags/group_dag.py
[2024-02-23T20:21:36.260+0000] {processor.py:766} INFO - DAG(s) dict_keys(['group_dag']) retrieved from /opt/airflow/dags/group_dag.py
[2024-02-23T20:21:36.282+0000] {logging_mixin.py:120} INFO - [2024-02-23T20:21:36.282+0000] {dag.py:2585} INFO - Sync 1 DAGs
[2024-02-23T20:21:36.296+0000] {logging_mixin.py:120} INFO - [2024-02-23T20:21:36.296+0000] {dag.py:3340} INFO - Setting next_dagrun for group_dag to 2024-02-22T00:00:00+00:00, run_after=2024-02-23T00:00:00+00:00
[2024-02-23T20:21:36.306+0000] {processor.py:176} INFO - Processing /opt/airflow/dags/group_dag.py took 0.062 seconds
[2024-02-23T20:22:07.398+0000] {processor.py:154} INFO - Started process (PID=481) to work on /opt/airflow/dags/group_dag.py
[2024-02-23T20:22:07.398+0000] {processor.py:756} INFO - Processing file /opt/airflow/dags/group_dag.py for tasks to queue
[2024-02-23T20:22:07.399+0000] {logging_mixin.py:120} INFO - [2024-02-23T20:22:07.399+0000] {dagbag.py:537} INFO - Filling up the DagBag from /opt/airflow/dags/group_dag.py
[2024-02-23T20:22:07.411+0000] {processor.py:766} INFO - DAG(s) dict_keys(['group_dag']) retrieved from /opt/airflow/dags/group_dag.py
[2024-02-23T20:22:07.431+0000] {logging_mixin.py:120} INFO - [2024-02-23T20:22:07.431+0000] {dag.py:2585} INFO - Sync 1 DAGs
[2024-02-23T20:22:07.444+0000] {logging_mixin.py:120} INFO - [2024-02-23T20:22:07.444+0000] {dag.py:3340} INFO - Setting next_dagrun for group_dag to 2024-02-22T00:00:00+00:00, run_after=2024-02-23T00:00:00+00:00
[2024-02-23T20:22:07.454+0000] {processor.py:176} INFO - Processing /opt/airflow/dags/group_dag.py took 0.058 seconds
[2024-02-23T20:22:38.343+0000] {processor.py:154} INFO - Started process (PID=518) to work on /opt/airflow/dags/group_dag.py
[2024-02-23T20:22:38.344+0000] {processor.py:756} INFO - Processing file /opt/airflow/dags/group_dag.py for tasks to queue
[2024-02-23T20:22:38.344+0000] {logging_mixin.py:120} INFO - [2024-02-23T20:22:38.344+0000] {dagbag.py:537} INFO - Filling up the DagBag from /opt/airflow/dags/group_dag.py
[2024-02-23T20:22:38.361+0000] {processor.py:766} INFO - DAG(s) dict_keys(['group_dag']) retrieved from /opt/airflow/dags/group_dag.py
[2024-02-23T20:22:38.401+0000] {logging_mixin.py:120} INFO - [2024-02-23T20:22:38.401+0000] {dag.py:2585} INFO - Sync 1 DAGs
[2024-02-23T20:22:38.431+0000] {logging_mixin.py:120} INFO - [2024-02-23T20:22:38.431+0000] {dag.py:3340} INFO - Setting next_dagrun for group_dag to 2024-02-22T00:00:00+00:00, run_after=2024-02-23T00:00:00+00:00
[2024-02-23T20:22:38.446+0000] {processor.py:176} INFO - Processing /opt/airflow/dags/group_dag.py took 0.106 seconds
[2024-02-23T20:23:09.547+0000] {processor.py:154} INFO - Started process (PID=555) to work on /opt/airflow/dags/group_dag.py
[2024-02-23T20:23:09.548+0000] {processor.py:756} INFO - Processing file /opt/airflow/dags/group_dag.py for tasks to queue
[2024-02-23T20:23:09.548+0000] {logging_mixin.py:120} INFO - [2024-02-23T20:23:09.548+0000] {dagbag.py:537} INFO - Filling up the DagBag from /opt/airflow/dags/group_dag.py
[2024-02-23T20:23:09.560+0000] {processor.py:766} INFO - DAG(s) dict_keys(['group_dag']) retrieved from /opt/airflow/dags/group_dag.py
[2024-02-23T20:23:09.582+0000] {logging_mixin.py:120} INFO - [2024-02-23T20:23:09.582+0000] {dag.py:2585} INFO - Sync 1 DAGs
[2024-02-23T20:23:09.597+0000] {logging_mixin.py:120} INFO - [2024-02-23T20:23:09.597+0000] {dag.py:3340} INFO - Setting next_dagrun for group_dag to 2024-02-22T00:00:00+00:00, run_after=2024-02-23T00:00:00+00:00
[2024-02-23T20:23:09.607+0000] {processor.py:176} INFO - Processing /opt/airflow/dags/group_dag.py took 0.063 seconds
[2024-02-23T20:23:40.522+0000] {processor.py:154} INFO - Started process (PID=583) to work on /opt/airflow/dags/group_dag.py
[2024-02-23T20:23:40.523+0000] {processor.py:756} INFO - Processing file /opt/airflow/dags/group_dag.py for tasks to queue
[2024-02-23T20:23:40.524+0000] {logging_mixin.py:120} INFO - [2024-02-23T20:23:40.523+0000] {dagbag.py:537} INFO - Filling up the DagBag from /opt/airflow/dags/group_dag.py
[2024-02-23T20:23:40.535+0000] {processor.py:766} INFO - DAG(s) dict_keys(['group_dag']) retrieved from /opt/airflow/dags/group_dag.py
[2024-02-23T20:23:40.556+0000] {logging_mixin.py:120} INFO - [2024-02-23T20:23:40.556+0000] {dag.py:2585} INFO - Sync 1 DAGs
[2024-02-23T20:23:40.569+0000] {logging_mixin.py:120} INFO - [2024-02-23T20:23:40.569+0000] {dag.py:3340} INFO - Setting next_dagrun for group_dag to 2024-02-22T00:00:00+00:00, run_after=2024-02-23T00:00:00+00:00
[2024-02-23T20:23:40.581+0000] {processor.py:176} INFO - Processing /opt/airflow/dags/group_dag.py took 0.060 seconds
[2024-02-23T20:24:11.457+0000] {processor.py:154} INFO - Started process (PID=620) to work on /opt/airflow/dags/group_dag.py
[2024-02-23T20:24:11.457+0000] {processor.py:756} INFO - Processing file /opt/airflow/dags/group_dag.py for tasks to queue
[2024-02-23T20:24:11.458+0000] {logging_mixin.py:120} INFO - [2024-02-23T20:24:11.458+0000] {dagbag.py:537} INFO - Filling up the DagBag from /opt/airflow/dags/group_dag.py
[2024-02-23T20:24:11.475+0000] {processor.py:766} INFO - DAG(s) dict_keys(['group_dag']) retrieved from /opt/airflow/dags/group_dag.py
[2024-02-23T20:24:11.498+0000] {logging_mixin.py:120} INFO - [2024-02-23T20:24:11.498+0000] {dag.py:2585} INFO - Sync 1 DAGs
[2024-02-23T20:24:11.512+0000] {logging_mixin.py:120} INFO - [2024-02-23T20:24:11.512+0000] {dag.py:3340} INFO - Setting next_dagrun for group_dag to 2024-02-22T00:00:00+00:00, run_after=2024-02-23T00:00:00+00:00
[2024-02-23T20:24:11.522+0000] {processor.py:176} INFO - Processing /opt/airflow/dags/group_dag.py took 0.067 seconds
[2024-02-23T20:24:42.391+0000] {processor.py:154} INFO - Started process (PID=657) to work on /opt/airflow/dags/group_dag.py
[2024-02-23T20:24:42.392+0000] {processor.py:756} INFO - Processing file /opt/airflow/dags/group_dag.py for tasks to queue
[2024-02-23T20:24:42.392+0000] {logging_mixin.py:120} INFO - [2024-02-23T20:24:42.392+0000] {dagbag.py:537} INFO - Filling up the DagBag from /opt/airflow/dags/group_dag.py
[2024-02-23T20:24:42.404+0000] {processor.py:766} INFO - DAG(s) dict_keys(['group_dag']) retrieved from /opt/airflow/dags/group_dag.py
[2024-02-23T20:24:42.424+0000] {logging_mixin.py:120} INFO - [2024-02-23T20:24:42.424+0000] {dag.py:2585} INFO - Sync 1 DAGs
[2024-02-23T20:24:42.437+0000] {logging_mixin.py:120} INFO - [2024-02-23T20:24:42.437+0000] {dag.py:3340} INFO - Setting next_dagrun for group_dag to 2024-02-22T00:00:00+00:00, run_after=2024-02-23T00:00:00+00:00
[2024-02-23T20:24:42.446+0000] {processor.py:176} INFO - Processing /opt/airflow/dags/group_dag.py took 0.058 seconds
[2024-02-23T20:25:13.460+0000] {processor.py:154} INFO - Started process (PID=695) to work on /opt/airflow/dags/group_dag.py
[2024-02-23T20:25:13.461+0000] {processor.py:756} INFO - Processing file /opt/airflow/dags/group_dag.py for tasks to queue
[2024-02-23T20:25:13.461+0000] {logging_mixin.py:120} INFO - [2024-02-23T20:25:13.461+0000] {dagbag.py:537} INFO - Filling up the DagBag from /opt/airflow/dags/group_dag.py
[2024-02-23T20:25:13.476+0000] {processor.py:766} INFO - DAG(s) dict_keys(['group_dag']) retrieved from /opt/airflow/dags/group_dag.py
[2024-02-23T20:25:13.499+0000] {logging_mixin.py:120} INFO - [2024-02-23T20:25:13.499+0000] {dag.py:2585} INFO - Sync 1 DAGs
[2024-02-23T20:25:13.516+0000] {logging_mixin.py:120} INFO - [2024-02-23T20:25:13.516+0000] {dag.py:3340} INFO - Setting next_dagrun for group_dag to 2024-02-22T00:00:00+00:00, run_after=2024-02-23T00:00:00+00:00
[2024-02-23T20:25:13.542+0000] {processor.py:176} INFO - Processing /opt/airflow/dags/group_dag.py took 0.084 seconds
