[2024-02-23T19:04:16.720+0000] {processor.py:154} INFO - Started process (PID=58) to work on /opt/airflow/dags/parallel_dag.py
[2024-02-23T19:04:16.723+0000] {processor.py:756} INFO - Processing file /opt/airflow/dags/parallel_dag.py for tasks to queue
[2024-02-23T19:04:16.724+0000] {logging_mixin.py:120} INFO - [2024-02-23T19:04:16.724+0000] {dagbag.py:537} INFO - Filling up the DagBag from /opt/airflow/dags/parallel_dag.py
[2024-02-23T19:04:16.754+0000] {processor.py:766} INFO - DAG(s) dict_keys(['parallel_dag']) retrieved from /opt/airflow/dags/parallel_dag.py
[2024-02-23T19:04:16.851+0000] {logging_mixin.py:120} INFO - [2024-02-23T19:04:16.850+0000] {dag.py:2585} INFO - Sync 1 DAGs
[2024-02-23T19:04:16.878+0000] {logging_mixin.py:120} INFO - [2024-02-23T19:04:16.877+0000] {dag.py:3340} INFO - Setting next_dagrun for parallel_dag to 2024-02-22T00:00:00+00:00, run_after=2024-02-23T00:00:00+00:00
[2024-02-23T19:04:16.909+0000] {processor.py:176} INFO - Processing /opt/airflow/dags/parallel_dag.py took 0.197 seconds
[2024-02-23T19:04:47.235+0000] {processor.py:154} INFO - Started process (PID=95) to work on /opt/airflow/dags/parallel_dag.py
[2024-02-23T19:04:47.236+0000] {processor.py:756} INFO - Processing file /opt/airflow/dags/parallel_dag.py for tasks to queue
[2024-02-23T19:04:47.237+0000] {logging_mixin.py:120} INFO - [2024-02-23T19:04:47.236+0000] {dagbag.py:537} INFO - Filling up the DagBag from /opt/airflow/dags/parallel_dag.py
[2024-02-23T19:04:47.248+0000] {processor.py:766} INFO - DAG(s) dict_keys(['parallel_dag']) retrieved from /opt/airflow/dags/parallel_dag.py
[2024-02-23T19:04:47.267+0000] {logging_mixin.py:120} INFO - [2024-02-23T19:04:47.267+0000] {dag.py:2585} INFO - Sync 1 DAGs
[2024-02-23T19:04:47.281+0000] {logging_mixin.py:120} INFO - [2024-02-23T19:04:47.281+0000] {dag.py:3340} INFO - Setting next_dagrun for parallel_dag to 2024-02-22T00:00:00+00:00, run_after=2024-02-23T00:00:00+00:00
[2024-02-23T19:04:47.290+0000] {processor.py:176} INFO - Processing /opt/airflow/dags/parallel_dag.py took 0.056 seconds
[2024-02-23T19:05:18.131+0000] {processor.py:154} INFO - Started process (PID=133) to work on /opt/airflow/dags/parallel_dag.py
[2024-02-23T19:05:18.132+0000] {processor.py:756} INFO - Processing file /opt/airflow/dags/parallel_dag.py for tasks to queue
[2024-02-23T19:05:18.133+0000] {logging_mixin.py:120} INFO - [2024-02-23T19:05:18.132+0000] {dagbag.py:537} INFO - Filling up the DagBag from /opt/airflow/dags/parallel_dag.py
[2024-02-23T19:05:18.144+0000] {processor.py:766} INFO - DAG(s) dict_keys(['parallel_dag']) retrieved from /opt/airflow/dags/parallel_dag.py
[2024-02-23T19:05:18.168+0000] {logging_mixin.py:120} INFO - [2024-02-23T19:05:18.168+0000] {dag.py:2585} INFO - Sync 1 DAGs
[2024-02-23T19:05:18.198+0000] {logging_mixin.py:120} INFO - [2024-02-23T19:05:18.198+0000] {dag.py:3340} INFO - Setting next_dagrun for parallel_dag to 2024-02-22T00:00:00+00:00, run_after=2024-02-23T00:00:00+00:00
[2024-02-23T19:05:18.221+0000] {processor.py:176} INFO - Processing /opt/airflow/dags/parallel_dag.py took 0.092 seconds
[2024-02-23T19:05:49.090+0000] {processor.py:154} INFO - Started process (PID=161) to work on /opt/airflow/dags/parallel_dag.py
[2024-02-23T19:05:49.091+0000] {processor.py:756} INFO - Processing file /opt/airflow/dags/parallel_dag.py for tasks to queue
[2024-02-23T19:05:49.091+0000] {logging_mixin.py:120} INFO - [2024-02-23T19:05:49.091+0000] {dagbag.py:537} INFO - Filling up the DagBag from /opt/airflow/dags/parallel_dag.py
[2024-02-23T19:05:49.103+0000] {processor.py:766} INFO - DAG(s) dict_keys(['parallel_dag']) retrieved from /opt/airflow/dags/parallel_dag.py
[2024-02-23T19:05:49.130+0000] {logging_mixin.py:120} INFO - [2024-02-23T19:05:49.130+0000] {dag.py:2585} INFO - Sync 1 DAGs
[2024-02-23T19:05:49.145+0000] {logging_mixin.py:120} INFO - [2024-02-23T19:05:49.144+0000] {dag.py:3340} INFO - Setting next_dagrun for parallel_dag to 2024-02-22T00:00:00+00:00, run_after=2024-02-23T00:00:00+00:00
[2024-02-23T19:05:49.154+0000] {processor.py:176} INFO - Processing /opt/airflow/dags/parallel_dag.py took 0.066 seconds
[2024-02-23T19:06:19.993+0000] {processor.py:154} INFO - Started process (PID=198) to work on /opt/airflow/dags/parallel_dag.py
[2024-02-23T19:06:19.994+0000] {processor.py:756} INFO - Processing file /opt/airflow/dags/parallel_dag.py for tasks to queue
[2024-02-23T19:06:19.994+0000] {logging_mixin.py:120} INFO - [2024-02-23T19:06:19.994+0000] {dagbag.py:537} INFO - Filling up the DagBag from /opt/airflow/dags/parallel_dag.py
[2024-02-23T19:06:20.004+0000] {processor.py:766} INFO - DAG(s) dict_keys(['parallel_dag']) retrieved from /opt/airflow/dags/parallel_dag.py
[2024-02-23T19:06:20.024+0000] {logging_mixin.py:120} INFO - [2024-02-23T19:06:20.024+0000] {dag.py:2585} INFO - Sync 1 DAGs
[2024-02-23T19:06:20.037+0000] {logging_mixin.py:120} INFO - [2024-02-23T19:06:20.037+0000] {dag.py:3340} INFO - Setting next_dagrun for parallel_dag to 2024-02-22T00:00:00+00:00, run_after=2024-02-23T00:00:00+00:00
[2024-02-23T19:06:20.046+0000] {processor.py:176} INFO - Processing /opt/airflow/dags/parallel_dag.py took 0.054 seconds
[2024-02-23T19:51:19.338+0000] {processor.py:154} INFO - Started process (PID=57) to work on /opt/airflow/dags/parallel_dag.py
[2024-02-23T19:51:19.341+0000] {processor.py:756} INFO - Processing file /opt/airflow/dags/parallel_dag.py for tasks to queue
[2024-02-23T19:51:19.344+0000] {logging_mixin.py:120} INFO - [2024-02-23T19:51:19.343+0000] {dagbag.py:537} INFO - Filling up the DagBag from /opt/airflow/dags/parallel_dag.py
[2024-02-23T19:51:19.386+0000] {processor.py:766} INFO - DAG(s) dict_keys(['parallel_dag']) retrieved from /opt/airflow/dags/parallel_dag.py
[2024-02-23T19:51:19.445+0000] {logging_mixin.py:120} INFO - [2024-02-23T19:51:19.445+0000] {dag.py:2585} INFO - Sync 1 DAGs
[2024-02-23T19:51:19.465+0000] {logging_mixin.py:120} INFO - [2024-02-23T19:51:19.465+0000] {dag.py:3340} INFO - Setting next_dagrun for parallel_dag to 2024-02-22T00:00:00+00:00, run_after=2024-02-23T00:00:00+00:00
[2024-02-23T19:51:19.480+0000] {processor.py:176} INFO - Processing /opt/airflow/dags/parallel_dag.py took 0.147 seconds
[2024-02-23T20:15:51.540+0000] {processor.py:154} INFO - Started process (PID=56) to work on /opt/airflow/dags/parallel_dag.py
[2024-02-23T20:15:51.545+0000] {processor.py:756} INFO - Processing file /opt/airflow/dags/parallel_dag.py for tasks to queue
[2024-02-23T20:15:51.547+0000] {logging_mixin.py:120} INFO - [2024-02-23T20:15:51.546+0000] {dagbag.py:537} INFO - Filling up the DagBag from /opt/airflow/dags/parallel_dag.py
[2024-02-23T20:15:51.654+0000] {processor.py:766} INFO - DAG(s) dict_keys(['parallel_dag']) retrieved from /opt/airflow/dags/parallel_dag.py
[2024-02-23T20:15:51.726+0000] {logging_mixin.py:120} INFO - [2024-02-23T20:15:51.726+0000] {dag.py:2585} INFO - Sync 1 DAGs
[2024-02-23T20:15:51.908+0000] {logging_mixin.py:120} INFO - [2024-02-23T20:15:51.908+0000] {dag.py:3340} INFO - Setting next_dagrun for parallel_dag to 2024-02-22T00:00:00+00:00, run_after=2024-02-23T00:00:00+00:00
[2024-02-23T20:15:51.955+0000] {processor.py:176} INFO - Processing /opt/airflow/dags/parallel_dag.py took 0.422 seconds
[2024-02-23T20:16:25.832+0000] {processor.py:154} INFO - Started process (PID=92) to work on /opt/airflow/dags/parallel_dag.py
[2024-02-23T20:16:25.834+0000] {processor.py:756} INFO - Processing file /opt/airflow/dags/parallel_dag.py for tasks to queue
[2024-02-23T20:16:25.834+0000] {logging_mixin.py:120} INFO - [2024-02-23T20:16:25.834+0000] {dagbag.py:537} INFO - Filling up the DagBag from /opt/airflow/dags/parallel_dag.py
[2024-02-23T20:16:25.853+0000] {processor.py:766} INFO - DAG(s) dict_keys(['parallel_dag']) retrieved from /opt/airflow/dags/parallel_dag.py
[2024-02-23T20:16:25.880+0000] {logging_mixin.py:120} INFO - [2024-02-23T20:16:25.879+0000] {dag.py:2585} INFO - Sync 1 DAGs
[2024-02-23T20:16:25.897+0000] {logging_mixin.py:120} INFO - [2024-02-23T20:16:25.897+0000] {dag.py:3340} INFO - Setting next_dagrun for parallel_dag to 2024-02-22T00:00:00+00:00, run_after=2024-02-23T00:00:00+00:00
[2024-02-23T20:16:25.909+0000] {processor.py:176} INFO - Processing /opt/airflow/dags/parallel_dag.py took 0.080 seconds
[2024-02-23T20:16:57.117+0000] {processor.py:154} INFO - Started process (PID=130) to work on /opt/airflow/dags/parallel_dag.py
[2024-02-23T20:16:57.119+0000] {processor.py:756} INFO - Processing file /opt/airflow/dags/parallel_dag.py for tasks to queue
[2024-02-23T20:16:57.121+0000] {logging_mixin.py:120} INFO - [2024-02-23T20:16:57.121+0000] {dagbag.py:537} INFO - Filling up the DagBag from /opt/airflow/dags/parallel_dag.py
[2024-02-23T20:16:57.150+0000] {processor.py:766} INFO - DAG(s) dict_keys(['parallel_dag']) retrieved from /opt/airflow/dags/parallel_dag.py
[2024-02-23T20:16:57.191+0000] {logging_mixin.py:120} INFO - [2024-02-23T20:16:57.191+0000] {dag.py:2585} INFO - Sync 1 DAGs
[2024-02-23T20:16:57.207+0000] {logging_mixin.py:120} INFO - [2024-02-23T20:16:57.206+0000] {dag.py:3340} INFO - Setting next_dagrun for parallel_dag to 2024-02-22T00:00:00+00:00, run_after=2024-02-23T00:00:00+00:00
[2024-02-23T20:16:57.217+0000] {processor.py:176} INFO - Processing /opt/airflow/dags/parallel_dag.py took 0.103 seconds
[2024-02-23T20:17:28.304+0000] {processor.py:154} INFO - Started process (PID=158) to work on /opt/airflow/dags/parallel_dag.py
[2024-02-23T20:17:28.305+0000] {processor.py:756} INFO - Processing file /opt/airflow/dags/parallel_dag.py for tasks to queue
[2024-02-23T20:17:28.306+0000] {logging_mixin.py:120} INFO - [2024-02-23T20:17:28.306+0000] {dagbag.py:537} INFO - Filling up the DagBag from /opt/airflow/dags/parallel_dag.py
[2024-02-23T20:17:28.317+0000] {processor.py:766} INFO - DAG(s) dict_keys(['parallel_dag']) retrieved from /opt/airflow/dags/parallel_dag.py
[2024-02-23T20:17:28.339+0000] {logging_mixin.py:120} INFO - [2024-02-23T20:17:28.339+0000] {dag.py:2585} INFO - Sync 1 DAGs
[2024-02-23T20:17:28.354+0000] {logging_mixin.py:120} INFO - [2024-02-23T20:17:28.353+0000] {dag.py:3340} INFO - Setting next_dagrun for parallel_dag to 2024-02-22T00:00:00+00:00, run_after=2024-02-23T00:00:00+00:00
[2024-02-23T20:17:28.363+0000] {processor.py:176} INFO - Processing /opt/airflow/dags/parallel_dag.py took 0.061 seconds
[2024-02-23T20:17:59.275+0000] {processor.py:154} INFO - Started process (PID=194) to work on /opt/airflow/dags/parallel_dag.py
[2024-02-23T20:17:59.276+0000] {processor.py:756} INFO - Processing file /opt/airflow/dags/parallel_dag.py for tasks to queue
[2024-02-23T20:17:59.277+0000] {logging_mixin.py:120} INFO - [2024-02-23T20:17:59.276+0000] {dagbag.py:537} INFO - Filling up the DagBag from /opt/airflow/dags/parallel_dag.py
[2024-02-23T20:17:59.286+0000] {processor.py:766} INFO - DAG(s) dict_keys(['parallel_dag']) retrieved from /opt/airflow/dags/parallel_dag.py
[2024-02-23T20:17:59.307+0000] {logging_mixin.py:120} INFO - [2024-02-23T20:17:59.307+0000] {dag.py:2585} INFO - Sync 1 DAGs
[2024-02-23T20:17:59.320+0000] {logging_mixin.py:120} INFO - [2024-02-23T20:17:59.320+0000] {dag.py:3340} INFO - Setting next_dagrun for parallel_dag to 2024-02-22T00:00:00+00:00, run_after=2024-02-23T00:00:00+00:00
[2024-02-23T20:17:59.329+0000] {processor.py:176} INFO - Processing /opt/airflow/dags/parallel_dag.py took 0.056 seconds
[2024-02-23T20:18:30.313+0000] {processor.py:154} INFO - Started process (PID=231) to work on /opt/airflow/dags/parallel_dag.py
[2024-02-23T20:18:30.314+0000] {processor.py:756} INFO - Processing file /opt/airflow/dags/parallel_dag.py for tasks to queue
[2024-02-23T20:18:30.314+0000] {logging_mixin.py:120} INFO - [2024-02-23T20:18:30.314+0000] {dagbag.py:537} INFO - Filling up the DagBag from /opt/airflow/dags/parallel_dag.py
[2024-02-23T20:18:30.325+0000] {processor.py:766} INFO - DAG(s) dict_keys(['parallel_dag']) retrieved from /opt/airflow/dags/parallel_dag.py
[2024-02-23T20:18:30.349+0000] {logging_mixin.py:120} INFO - [2024-02-23T20:18:30.349+0000] {dag.py:2585} INFO - Sync 1 DAGs
[2024-02-23T20:18:30.366+0000] {logging_mixin.py:120} INFO - [2024-02-23T20:18:30.366+0000] {dag.py:3340} INFO - Setting next_dagrun for parallel_dag to 2024-02-22T00:00:00+00:00, run_after=2024-02-23T00:00:00+00:00
[2024-02-23T20:18:30.383+0000] {processor.py:176} INFO - Processing /opt/airflow/dags/parallel_dag.py took 0.072 seconds
[2024-02-23T20:19:01.249+0000] {processor.py:154} INFO - Started process (PID=268) to work on /opt/airflow/dags/parallel_dag.py
[2024-02-23T20:19:01.250+0000] {processor.py:756} INFO - Processing file /opt/airflow/dags/parallel_dag.py for tasks to queue
[2024-02-23T20:19:01.250+0000] {logging_mixin.py:120} INFO - [2024-02-23T20:19:01.250+0000] {dagbag.py:537} INFO - Filling up the DagBag from /opt/airflow/dags/parallel_dag.py
[2024-02-23T20:19:01.260+0000] {processor.py:766} INFO - DAG(s) dict_keys(['parallel_dag']) retrieved from /opt/airflow/dags/parallel_dag.py
[2024-02-23T20:19:01.280+0000] {logging_mixin.py:120} INFO - [2024-02-23T20:19:01.280+0000] {dag.py:2585} INFO - Sync 1 DAGs
[2024-02-23T20:19:01.293+0000] {logging_mixin.py:120} INFO - [2024-02-23T20:19:01.293+0000] {dag.py:3340} INFO - Setting next_dagrun for parallel_dag to 2024-02-22T00:00:00+00:00, run_after=2024-02-23T00:00:00+00:00
[2024-02-23T20:19:01.303+0000] {processor.py:176} INFO - Processing /opt/airflow/dags/parallel_dag.py took 0.056 seconds
[2024-02-23T20:19:32.464+0000] {processor.py:154} INFO - Started process (PID=305) to work on /opt/airflow/dags/parallel_dag.py
[2024-02-23T20:19:32.465+0000] {processor.py:756} INFO - Processing file /opt/airflow/dags/parallel_dag.py for tasks to queue
[2024-02-23T20:19:32.466+0000] {logging_mixin.py:120} INFO - [2024-02-23T20:19:32.466+0000] {dagbag.py:537} INFO - Filling up the DagBag from /opt/airflow/dags/parallel_dag.py
[2024-02-23T20:19:32.477+0000] {processor.py:766} INFO - DAG(s) dict_keys(['parallel_dag']) retrieved from /opt/airflow/dags/parallel_dag.py
[2024-02-23T20:19:32.513+0000] {logging_mixin.py:120} INFO - [2024-02-23T20:19:32.513+0000] {dag.py:2585} INFO - Sync 1 DAGs
[2024-02-23T20:19:32.530+0000] {logging_mixin.py:120} INFO - [2024-02-23T20:19:32.530+0000] {dag.py:3340} INFO - Setting next_dagrun for parallel_dag to 2024-02-22T00:00:00+00:00, run_after=2024-02-23T00:00:00+00:00
[2024-02-23T20:19:32.542+0000] {processor.py:176} INFO - Processing /opt/airflow/dags/parallel_dag.py took 0.083 seconds
[2024-02-23T20:20:03.512+0000] {processor.py:154} INFO - Started process (PID=342) to work on /opt/airflow/dags/parallel_dag.py
[2024-02-23T20:20:03.513+0000] {processor.py:756} INFO - Processing file /opt/airflow/dags/parallel_dag.py for tasks to queue
[2024-02-23T20:20:03.513+0000] {logging_mixin.py:120} INFO - [2024-02-23T20:20:03.513+0000] {dagbag.py:537} INFO - Filling up the DagBag from /opt/airflow/dags/parallel_dag.py
[2024-02-23T20:20:03.525+0000] {processor.py:766} INFO - DAG(s) dict_keys(['parallel_dag']) retrieved from /opt/airflow/dags/parallel_dag.py
[2024-02-23T20:20:03.611+0000] {logging_mixin.py:120} INFO - [2024-02-23T20:20:03.611+0000] {dag.py:2585} INFO - Sync 1 DAGs
[2024-02-23T20:20:03.680+0000] {logging_mixin.py:120} INFO - [2024-02-23T20:20:03.679+0000] {dag.py:3340} INFO - Setting next_dagrun for parallel_dag to 2024-02-22T00:00:00+00:00, run_after=2024-02-23T00:00:00+00:00
[2024-02-23T20:20:03.795+0000] {processor.py:176} INFO - Processing /opt/airflow/dags/parallel_dag.py took 0.284 seconds
[2024-02-23T20:20:34.033+0000] {processor.py:154} INFO - Started process (PID=370) to work on /opt/airflow/dags/parallel_dag.py
[2024-02-23T20:20:34.034+0000] {processor.py:756} INFO - Processing file /opt/airflow/dags/parallel_dag.py for tasks to queue
[2024-02-23T20:20:34.034+0000] {logging_mixin.py:120} INFO - [2024-02-23T20:20:34.034+0000] {dagbag.py:537} INFO - Filling up the DagBag from /opt/airflow/dags/parallel_dag.py
[2024-02-23T20:20:34.045+0000] {processor.py:766} INFO - DAG(s) dict_keys(['parallel_dag']) retrieved from /opt/airflow/dags/parallel_dag.py
[2024-02-23T20:20:34.066+0000] {logging_mixin.py:120} INFO - [2024-02-23T20:20:34.066+0000] {dag.py:2585} INFO - Sync 1 DAGs
[2024-02-23T20:20:34.080+0000] {logging_mixin.py:120} INFO - [2024-02-23T20:20:34.080+0000] {dag.py:3340} INFO - Setting next_dagrun for parallel_dag to 2024-02-22T00:00:00+00:00, run_after=2024-02-23T00:00:00+00:00
[2024-02-23T20:20:34.089+0000] {processor.py:176} INFO - Processing /opt/airflow/dags/parallel_dag.py took 0.059 seconds
[2024-02-23T20:21:05.165+0000] {processor.py:154} INFO - Started process (PID=407) to work on /opt/airflow/dags/parallel_dag.py
[2024-02-23T20:21:05.166+0000] {processor.py:756} INFO - Processing file /opt/airflow/dags/parallel_dag.py for tasks to queue
[2024-02-23T20:21:05.167+0000] {logging_mixin.py:120} INFO - [2024-02-23T20:21:05.167+0000] {dagbag.py:537} INFO - Filling up the DagBag from /opt/airflow/dags/parallel_dag.py
[2024-02-23T20:21:05.180+0000] {processor.py:766} INFO - DAG(s) dict_keys(['parallel_dag']) retrieved from /opt/airflow/dags/parallel_dag.py
[2024-02-23T20:21:05.205+0000] {logging_mixin.py:120} INFO - [2024-02-23T20:21:05.205+0000] {dag.py:2585} INFO - Sync 1 DAGs
[2024-02-23T20:21:05.219+0000] {logging_mixin.py:120} INFO - [2024-02-23T20:21:05.219+0000] {dag.py:3340} INFO - Setting next_dagrun for parallel_dag to 2024-02-22T00:00:00+00:00, run_after=2024-02-23T00:00:00+00:00
[2024-02-23T20:21:05.230+0000] {processor.py:176} INFO - Processing /opt/airflow/dags/parallel_dag.py took 0.066 seconds
[2024-02-23T20:21:36.248+0000] {processor.py:154} INFO - Started process (PID=444) to work on /opt/airflow/dags/parallel_dag.py
[2024-02-23T20:21:36.249+0000] {processor.py:756} INFO - Processing file /opt/airflow/dags/parallel_dag.py for tasks to queue
[2024-02-23T20:21:36.249+0000] {logging_mixin.py:120} INFO - [2024-02-23T20:21:36.249+0000] {dagbag.py:537} INFO - Filling up the DagBag from /opt/airflow/dags/parallel_dag.py
[2024-02-23T20:21:36.260+0000] {processor.py:766} INFO - DAG(s) dict_keys(['parallel_dag']) retrieved from /opt/airflow/dags/parallel_dag.py
[2024-02-23T20:21:36.282+0000] {logging_mixin.py:120} INFO - [2024-02-23T20:21:36.282+0000] {dag.py:2585} INFO - Sync 1 DAGs
[2024-02-23T20:21:36.296+0000] {logging_mixin.py:120} INFO - [2024-02-23T20:21:36.296+0000] {dag.py:3340} INFO - Setting next_dagrun for parallel_dag to 2024-02-22T00:00:00+00:00, run_after=2024-02-23T00:00:00+00:00
[2024-02-23T20:21:36.306+0000] {processor.py:176} INFO - Processing /opt/airflow/dags/parallel_dag.py took 0.060 seconds
[2024-02-23T20:22:07.447+0000] {processor.py:154} INFO - Started process (PID=482) to work on /opt/airflow/dags/parallel_dag.py
[2024-02-23T20:22:07.448+0000] {processor.py:756} INFO - Processing file /opt/airflow/dags/parallel_dag.py for tasks to queue
[2024-02-23T20:22:07.448+0000] {logging_mixin.py:120} INFO - [2024-02-23T20:22:07.448+0000] {dagbag.py:537} INFO - Filling up the DagBag from /opt/airflow/dags/parallel_dag.py
[2024-02-23T20:22:07.459+0000] {processor.py:766} INFO - DAG(s) dict_keys(['parallel_dag']) retrieved from /opt/airflow/dags/parallel_dag.py
[2024-02-23T20:22:07.481+0000] {logging_mixin.py:120} INFO - [2024-02-23T20:22:07.481+0000] {dag.py:2585} INFO - Sync 1 DAGs
[2024-02-23T20:22:07.494+0000] {logging_mixin.py:120} INFO - [2024-02-23T20:22:07.494+0000] {dag.py:3340} INFO - Setting next_dagrun for parallel_dag to 2024-02-22T00:00:00+00:00, run_after=2024-02-23T00:00:00+00:00
[2024-02-23T20:22:07.503+0000] {processor.py:176} INFO - Processing /opt/airflow/dags/parallel_dag.py took 0.058 seconds
[2024-02-23T20:22:38.460+0000] {processor.py:154} INFO - Started process (PID=519) to work on /opt/airflow/dags/parallel_dag.py
[2024-02-23T20:22:38.462+0000] {processor.py:756} INFO - Processing file /opt/airflow/dags/parallel_dag.py for tasks to queue
[2024-02-23T20:22:38.462+0000] {logging_mixin.py:120} INFO - [2024-02-23T20:22:38.462+0000] {dagbag.py:537} INFO - Filling up the DagBag from /opt/airflow/dags/parallel_dag.py
[2024-02-23T20:22:38.477+0000] {processor.py:766} INFO - DAG(s) dict_keys(['parallel_dag']) retrieved from /opt/airflow/dags/parallel_dag.py
[2024-02-23T20:22:38.501+0000] {logging_mixin.py:120} INFO - [2024-02-23T20:22:38.501+0000] {dag.py:2585} INFO - Sync 1 DAGs
[2024-02-23T20:22:38.515+0000] {logging_mixin.py:120} INFO - [2024-02-23T20:22:38.515+0000] {dag.py:3340} INFO - Setting next_dagrun for parallel_dag to 2024-02-22T00:00:00+00:00, run_after=2024-02-23T00:00:00+00:00
[2024-02-23T20:22:38.526+0000] {processor.py:176} INFO - Processing /opt/airflow/dags/parallel_dag.py took 0.068 seconds
[2024-02-23T20:23:09.611+0000] {processor.py:154} INFO - Started process (PID=556) to work on /opt/airflow/dags/parallel_dag.py
[2024-02-23T20:23:09.614+0000] {processor.py:756} INFO - Processing file /opt/airflow/dags/parallel_dag.py for tasks to queue
[2024-02-23T20:23:09.615+0000] {logging_mixin.py:120} INFO - [2024-02-23T20:23:09.615+0000] {dagbag.py:537} INFO - Filling up the DagBag from /opt/airflow/dags/parallel_dag.py
[2024-02-23T20:23:09.631+0000] {processor.py:766} INFO - DAG(s) dict_keys(['parallel_dag']) retrieved from /opt/airflow/dags/parallel_dag.py
[2024-02-23T20:23:09.655+0000] {logging_mixin.py:120} INFO - [2024-02-23T20:23:09.654+0000] {dag.py:2585} INFO - Sync 1 DAGs
[2024-02-23T20:23:09.672+0000] {logging_mixin.py:120} INFO - [2024-02-23T20:23:09.672+0000] {dag.py:3340} INFO - Setting next_dagrun for parallel_dag to 2024-02-22T00:00:00+00:00, run_after=2024-02-23T00:00:00+00:00
[2024-02-23T20:23:09.681+0000] {processor.py:176} INFO - Processing /opt/airflow/dags/parallel_dag.py took 0.072 seconds
[2024-02-23T20:23:40.575+0000] {processor.py:154} INFO - Started process (PID=584) to work on /opt/airflow/dags/parallel_dag.py
[2024-02-23T20:23:40.575+0000] {processor.py:756} INFO - Processing file /opt/airflow/dags/parallel_dag.py for tasks to queue
[2024-02-23T20:23:40.576+0000] {logging_mixin.py:120} INFO - [2024-02-23T20:23:40.576+0000] {dagbag.py:537} INFO - Filling up the DagBag from /opt/airflow/dags/parallel_dag.py
[2024-02-23T20:23:40.586+0000] {processor.py:766} INFO - DAG(s) dict_keys(['parallel_dag']) retrieved from /opt/airflow/dags/parallel_dag.py
[2024-02-23T20:23:40.608+0000] {logging_mixin.py:120} INFO - [2024-02-23T20:23:40.608+0000] {dag.py:2585} INFO - Sync 1 DAGs
[2024-02-23T20:23:40.621+0000] {logging_mixin.py:120} INFO - [2024-02-23T20:23:40.620+0000] {dag.py:3340} INFO - Setting next_dagrun for parallel_dag to 2024-02-22T00:00:00+00:00, run_after=2024-02-23T00:00:00+00:00
[2024-02-23T20:23:40.629+0000] {processor.py:176} INFO - Processing /opt/airflow/dags/parallel_dag.py took 0.056 seconds
[2024-02-23T20:24:11.522+0000] {processor.py:154} INFO - Started process (PID=621) to work on /opt/airflow/dags/parallel_dag.py
[2024-02-23T20:24:11.524+0000] {processor.py:756} INFO - Processing file /opt/airflow/dags/parallel_dag.py for tasks to queue
[2024-02-23T20:24:11.525+0000] {logging_mixin.py:120} INFO - [2024-02-23T20:24:11.525+0000] {dagbag.py:537} INFO - Filling up the DagBag from /opt/airflow/dags/parallel_dag.py
[2024-02-23T20:24:11.537+0000] {processor.py:766} INFO - DAG(s) dict_keys(['parallel_dag']) retrieved from /opt/airflow/dags/parallel_dag.py
[2024-02-23T20:24:11.558+0000] {logging_mixin.py:120} INFO - [2024-02-23T20:24:11.558+0000] {dag.py:2585} INFO - Sync 1 DAGs
[2024-02-23T20:24:11.572+0000] {logging_mixin.py:120} INFO - [2024-02-23T20:24:11.572+0000] {dag.py:3340} INFO - Setting next_dagrun for parallel_dag to 2024-02-22T00:00:00+00:00, run_after=2024-02-23T00:00:00+00:00
[2024-02-23T20:24:11.581+0000] {processor.py:176} INFO - Processing /opt/airflow/dags/parallel_dag.py took 0.061 seconds
[2024-02-23T20:24:42.440+0000] {processor.py:154} INFO - Started process (PID=658) to work on /opt/airflow/dags/parallel_dag.py
[2024-02-23T20:24:42.441+0000] {processor.py:756} INFO - Processing file /opt/airflow/dags/parallel_dag.py for tasks to queue
[2024-02-23T20:24:42.441+0000] {logging_mixin.py:120} INFO - [2024-02-23T20:24:42.441+0000] {dagbag.py:537} INFO - Filling up the DagBag from /opt/airflow/dags/parallel_dag.py
[2024-02-23T20:24:42.451+0000] {processor.py:766} INFO - DAG(s) dict_keys(['parallel_dag']) retrieved from /opt/airflow/dags/parallel_dag.py
[2024-02-23T20:24:42.471+0000] {logging_mixin.py:120} INFO - [2024-02-23T20:24:42.471+0000] {dag.py:2585} INFO - Sync 1 DAGs
[2024-02-23T20:24:42.484+0000] {logging_mixin.py:120} INFO - [2024-02-23T20:24:42.484+0000] {dag.py:3340} INFO - Setting next_dagrun for parallel_dag to 2024-02-22T00:00:00+00:00, run_after=2024-02-23T00:00:00+00:00
[2024-02-23T20:24:42.493+0000] {processor.py:176} INFO - Processing /opt/airflow/dags/parallel_dag.py took 0.055 seconds
[2024-02-23T20:25:13.522+0000] {processor.py:154} INFO - Started process (PID=696) to work on /opt/airflow/dags/parallel_dag.py
[2024-02-23T20:25:13.524+0000] {processor.py:756} INFO - Processing file /opt/airflow/dags/parallel_dag.py for tasks to queue
[2024-02-23T20:25:13.526+0000] {logging_mixin.py:120} INFO - [2024-02-23T20:25:13.525+0000] {dagbag.py:537} INFO - Filling up the DagBag from /opt/airflow/dags/parallel_dag.py
[2024-02-23T20:25:13.545+0000] {processor.py:766} INFO - DAG(s) dict_keys(['parallel_dag']) retrieved from /opt/airflow/dags/parallel_dag.py
[2024-02-23T20:25:13.605+0000] {logging_mixin.py:120} INFO - [2024-02-23T20:25:13.605+0000] {dag.py:2585} INFO - Sync 1 DAGs
[2024-02-23T20:25:13.638+0000] {logging_mixin.py:120} INFO - [2024-02-23T20:25:13.637+0000] {dag.py:3340} INFO - Setting next_dagrun for parallel_dag to 2024-02-22T00:00:00+00:00, run_after=2024-02-23T00:00:00+00:00
[2024-02-23T20:25:13.666+0000] {processor.py:176} INFO - Processing /opt/airflow/dags/parallel_dag.py took 0.148 seconds
