[2024-02-23T19:04:17.020+0000] {processor.py:154} INFO - Started process (PID=60) to work on /opt/airflow/dags/producer.py
[2024-02-23T19:04:17.023+0000] {processor.py:756} INFO - Processing file /opt/airflow/dags/producer.py for tasks to queue
[2024-02-23T19:04:17.026+0000] {logging_mixin.py:120} INFO - [2024-02-23T19:04:17.025+0000] {dagbag.py:537} INFO - Filling up the DagBag from /opt/airflow/dags/producer.py
[2024-02-23T19:04:17.140+0000] {processor.py:766} INFO - DAG(s) dict_keys(['producer']) retrieved from /opt/airflow/dags/producer.py
[2024-02-23T19:04:17.280+0000] {logging_mixin.py:120} INFO - [2024-02-23T19:04:17.280+0000] {dag.py:2585} INFO - Sync 1 DAGs
[2024-02-23T19:04:17.330+0000] {logging_mixin.py:120} INFO - [2024-02-23T19:04:17.330+0000] {dag.py:3340} INFO - Setting next_dagrun for producer to 2024-02-22T00:00:00+00:00, run_after=2024-02-23T00:00:00+00:00
[2024-02-23T19:04:17.368+0000] {processor.py:176} INFO - Processing /opt/airflow/dags/producer.py took 0.356 seconds
[2024-02-23T19:04:48.328+0000] {processor.py:154} INFO - Started process (PID=97) to work on /opt/airflow/dags/producer.py
[2024-02-23T19:04:48.329+0000] {processor.py:756} INFO - Processing file /opt/airflow/dags/producer.py for tasks to queue
[2024-02-23T19:04:48.330+0000] {logging_mixin.py:120} INFO - [2024-02-23T19:04:48.330+0000] {dagbag.py:537} INFO - Filling up the DagBag from /opt/airflow/dags/producer.py
[2024-02-23T19:04:48.359+0000] {processor.py:766} INFO - DAG(s) dict_keys(['producer']) retrieved from /opt/airflow/dags/producer.py
[2024-02-23T19:04:48.386+0000] {logging_mixin.py:120} INFO - [2024-02-23T19:04:48.386+0000] {dag.py:2585} INFO - Sync 1 DAGs
[2024-02-23T19:04:48.400+0000] {logging_mixin.py:120} INFO - [2024-02-23T19:04:48.400+0000] {dag.py:3340} INFO - Setting next_dagrun for producer to 2024-02-22T00:00:00+00:00, run_after=2024-02-23T00:00:00+00:00
[2024-02-23T19:04:48.411+0000] {processor.py:176} INFO - Processing /opt/airflow/dags/producer.py took 0.087 seconds
[2024-02-23T19:05:19.246+0000] {processor.py:154} INFO - Started process (PID=135) to work on /opt/airflow/dags/producer.py
[2024-02-23T19:05:19.246+0000] {processor.py:756} INFO - Processing file /opt/airflow/dags/producer.py for tasks to queue
[2024-02-23T19:05:19.247+0000] {logging_mixin.py:120} INFO - [2024-02-23T19:05:19.247+0000] {dagbag.py:537} INFO - Filling up the DagBag from /opt/airflow/dags/producer.py
[2024-02-23T19:05:19.261+0000] {processor.py:766} INFO - DAG(s) dict_keys(['producer']) retrieved from /opt/airflow/dags/producer.py
[2024-02-23T19:05:19.283+0000] {logging_mixin.py:120} INFO - [2024-02-23T19:05:19.283+0000] {dag.py:2585} INFO - Sync 1 DAGs
[2024-02-23T19:05:19.296+0000] {logging_mixin.py:120} INFO - [2024-02-23T19:05:19.296+0000] {dag.py:3340} INFO - Setting next_dagrun for producer to 2024-02-22T00:00:00+00:00, run_after=2024-02-23T00:00:00+00:00
[2024-02-23T19:05:19.306+0000] {processor.py:176} INFO - Processing /opt/airflow/dags/producer.py took 0.063 seconds
[2024-02-23T19:05:50.186+0000] {processor.py:154} INFO - Started process (PID=163) to work on /opt/airflow/dags/producer.py
[2024-02-23T19:05:50.187+0000] {processor.py:756} INFO - Processing file /opt/airflow/dags/producer.py for tasks to queue
[2024-02-23T19:05:50.188+0000] {logging_mixin.py:120} INFO - [2024-02-23T19:05:50.188+0000] {dagbag.py:537} INFO - Filling up the DagBag from /opt/airflow/dags/producer.py
[2024-02-23T19:05:50.201+0000] {processor.py:766} INFO - DAG(s) dict_keys(['producer']) retrieved from /opt/airflow/dags/producer.py
[2024-02-23T19:05:50.223+0000] {logging_mixin.py:120} INFO - [2024-02-23T19:05:50.223+0000] {dag.py:2585} INFO - Sync 1 DAGs
[2024-02-23T19:05:50.235+0000] {logging_mixin.py:120} INFO - [2024-02-23T19:05:50.235+0000] {dag.py:3340} INFO - Setting next_dagrun for producer to 2024-02-22T00:00:00+00:00, run_after=2024-02-23T00:00:00+00:00
[2024-02-23T19:05:50.246+0000] {processor.py:176} INFO - Processing /opt/airflow/dags/producer.py took 0.065 seconds
[2024-02-23T19:06:21.077+0000] {processor.py:154} INFO - Started process (PID=200) to work on /opt/airflow/dags/producer.py
[2024-02-23T19:06:21.079+0000] {processor.py:756} INFO - Processing file /opt/airflow/dags/producer.py for tasks to queue
[2024-02-23T19:06:21.085+0000] {logging_mixin.py:120} INFO - [2024-02-23T19:06:21.084+0000] {dagbag.py:537} INFO - Filling up the DagBag from /opt/airflow/dags/producer.py
[2024-02-23T19:06:21.113+0000] {processor.py:766} INFO - DAG(s) dict_keys(['producer']) retrieved from /opt/airflow/dags/producer.py
[2024-02-23T19:06:21.142+0000] {logging_mixin.py:120} INFO - [2024-02-23T19:06:21.142+0000] {dag.py:2585} INFO - Sync 1 DAGs
[2024-02-23T19:06:21.155+0000] {logging_mixin.py:120} INFO - [2024-02-23T19:06:21.155+0000] {dag.py:3340} INFO - Setting next_dagrun for producer to 2024-02-22T00:00:00+00:00, run_after=2024-02-23T00:00:00+00:00
[2024-02-23T19:06:21.165+0000] {processor.py:176} INFO - Processing /opt/airflow/dags/producer.py took 0.093 seconds
[2024-02-23T19:51:19.499+0000] {processor.py:154} INFO - Started process (PID=59) to work on /opt/airflow/dags/producer.py
[2024-02-23T19:51:19.501+0000] {processor.py:756} INFO - Processing file /opt/airflow/dags/producer.py for tasks to queue
[2024-02-23T19:51:19.501+0000] {logging_mixin.py:120} INFO - [2024-02-23T19:51:19.501+0000] {dagbag.py:537} INFO - Filling up the DagBag from /opt/airflow/dags/producer.py
[2024-02-23T19:51:19.531+0000] {processor.py:766} INFO - DAG(s) dict_keys(['producer']) retrieved from /opt/airflow/dags/producer.py
[2024-02-23T19:51:19.567+0000] {logging_mixin.py:120} INFO - [2024-02-23T19:51:19.567+0000] {dag.py:2585} INFO - Sync 1 DAGs
[2024-02-23T19:51:19.583+0000] {logging_mixin.py:120} INFO - [2024-02-23T19:51:19.583+0000] {dag.py:3340} INFO - Setting next_dagrun for producer to 2024-02-22T00:00:00+00:00, run_after=2024-02-23T00:00:00+00:00
[2024-02-23T19:51:19.599+0000] {processor.py:176} INFO - Processing /opt/airflow/dags/producer.py took 0.102 seconds
[2024-02-23T20:15:52.039+0000] {processor.py:154} INFO - Started process (PID=58) to work on /opt/airflow/dags/producer.py
[2024-02-23T20:15:52.042+0000] {processor.py:756} INFO - Processing file /opt/airflow/dags/producer.py for tasks to queue
[2024-02-23T20:15:52.046+0000] {logging_mixin.py:120} INFO - [2024-02-23T20:15:52.046+0000] {dagbag.py:537} INFO - Filling up the DagBag from /opt/airflow/dags/producer.py
[2024-02-23T20:15:52.092+0000] {processor.py:766} INFO - DAG(s) dict_keys(['producer']) retrieved from /opt/airflow/dags/producer.py
[2024-02-23T20:15:52.149+0000] {logging_mixin.py:120} INFO - [2024-02-23T20:15:52.149+0000] {dag.py:2585} INFO - Sync 1 DAGs
[2024-02-23T20:15:52.190+0000] {logging_mixin.py:120} INFO - [2024-02-23T20:15:52.190+0000] {dag.py:3340} INFO - Setting next_dagrun for producer to 2024-02-22T00:00:00+00:00, run_after=2024-02-23T00:00:00+00:00
[2024-02-23T20:15:52.237+0000] {processor.py:176} INFO - Processing /opt/airflow/dags/producer.py took 0.207 seconds
[2024-02-23T20:16:26.031+0000] {processor.py:154} INFO - Started process (PID=94) to work on /opt/airflow/dags/producer.py
[2024-02-23T20:16:26.032+0000] {processor.py:756} INFO - Processing file /opt/airflow/dags/producer.py for tasks to queue
[2024-02-23T20:16:26.032+0000] {logging_mixin.py:120} INFO - [2024-02-23T20:16:26.032+0000] {dagbag.py:537} INFO - Filling up the DagBag from /opt/airflow/dags/producer.py
[2024-02-23T20:16:26.050+0000] {processor.py:766} INFO - DAG(s) dict_keys(['producer']) retrieved from /opt/airflow/dags/producer.py
[2024-02-23T20:16:26.071+0000] {logging_mixin.py:120} INFO - [2024-02-23T20:16:26.071+0000] {dag.py:2585} INFO - Sync 1 DAGs
[2024-02-23T20:16:26.098+0000] {logging_mixin.py:120} INFO - [2024-02-23T20:16:26.098+0000] {dag.py:3340} INFO - Setting next_dagrun for producer to 2024-02-22T00:00:00+00:00, run_after=2024-02-23T00:00:00+00:00
[2024-02-23T20:16:26.112+0000] {processor.py:176} INFO - Processing /opt/airflow/dags/producer.py took 0.084 seconds
[2024-02-23T20:16:57.229+0000] {processor.py:154} INFO - Started process (PID=132) to work on /opt/airflow/dags/producer.py
[2024-02-23T20:16:57.230+0000] {processor.py:756} INFO - Processing file /opt/airflow/dags/producer.py for tasks to queue
[2024-02-23T20:16:57.230+0000] {logging_mixin.py:120} INFO - [2024-02-23T20:16:57.230+0000] {dagbag.py:537} INFO - Filling up the DagBag from /opt/airflow/dags/producer.py
[2024-02-23T20:16:57.245+0000] {processor.py:766} INFO - DAG(s) dict_keys(['producer']) retrieved from /opt/airflow/dags/producer.py
[2024-02-23T20:16:57.266+0000] {logging_mixin.py:120} INFO - [2024-02-23T20:16:57.266+0000] {dag.py:2585} INFO - Sync 1 DAGs
[2024-02-23T20:16:57.280+0000] {logging_mixin.py:120} INFO - [2024-02-23T20:16:57.280+0000] {dag.py:3340} INFO - Setting next_dagrun for producer to 2024-02-22T00:00:00+00:00, run_after=2024-02-23T00:00:00+00:00
[2024-02-23T20:16:57.292+0000] {processor.py:176} INFO - Processing /opt/airflow/dags/producer.py took 0.065 seconds
[2024-02-23T20:17:28.373+0000] {processor.py:154} INFO - Started process (PID=160) to work on /opt/airflow/dags/producer.py
[2024-02-23T20:17:28.374+0000] {processor.py:756} INFO - Processing file /opt/airflow/dags/producer.py for tasks to queue
[2024-02-23T20:17:28.374+0000] {logging_mixin.py:120} INFO - [2024-02-23T20:17:28.374+0000] {dagbag.py:537} INFO - Filling up the DagBag from /opt/airflow/dags/producer.py
[2024-02-23T20:17:28.388+0000] {processor.py:766} INFO - DAG(s) dict_keys(['producer']) retrieved from /opt/airflow/dags/producer.py
[2024-02-23T20:17:28.407+0000] {logging_mixin.py:120} INFO - [2024-02-23T20:17:28.407+0000] {dag.py:2585} INFO - Sync 1 DAGs
[2024-02-23T20:17:28.428+0000] {logging_mixin.py:120} INFO - [2024-02-23T20:17:28.428+0000] {dag.py:3340} INFO - Setting next_dagrun for producer to 2024-02-22T00:00:00+00:00, run_after=2024-02-23T00:00:00+00:00
[2024-02-23T20:17:28.443+0000] {processor.py:176} INFO - Processing /opt/airflow/dags/producer.py took 0.071 seconds
[2024-02-23T20:17:59.340+0000] {processor.py:154} INFO - Started process (PID=196) to work on /opt/airflow/dags/producer.py
[2024-02-23T20:17:59.340+0000] {processor.py:756} INFO - Processing file /opt/airflow/dags/producer.py for tasks to queue
[2024-02-23T20:17:59.341+0000] {logging_mixin.py:120} INFO - [2024-02-23T20:17:59.341+0000] {dagbag.py:537} INFO - Filling up the DagBag from /opt/airflow/dags/producer.py
[2024-02-23T20:17:59.353+0000] {processor.py:766} INFO - DAG(s) dict_keys(['producer']) retrieved from /opt/airflow/dags/producer.py
[2024-02-23T20:17:59.374+0000] {logging_mixin.py:120} INFO - [2024-02-23T20:17:59.374+0000] {dag.py:2585} INFO - Sync 1 DAGs
[2024-02-23T20:17:59.386+0000] {logging_mixin.py:120} INFO - [2024-02-23T20:17:59.386+0000] {dag.py:3340} INFO - Setting next_dagrun for producer to 2024-02-22T00:00:00+00:00, run_after=2024-02-23T00:00:00+00:00
[2024-02-23T20:17:59.395+0000] {processor.py:176} INFO - Processing /opt/airflow/dags/producer.py took 0.057 seconds
[2024-02-23T20:18:30.400+0000] {processor.py:154} INFO - Started process (PID=233) to work on /opt/airflow/dags/producer.py
[2024-02-23T20:18:30.401+0000] {processor.py:756} INFO - Processing file /opt/airflow/dags/producer.py for tasks to queue
[2024-02-23T20:18:30.402+0000] {logging_mixin.py:120} INFO - [2024-02-23T20:18:30.402+0000] {dagbag.py:537} INFO - Filling up the DagBag from /opt/airflow/dags/producer.py
[2024-02-23T20:18:30.416+0000] {processor.py:766} INFO - DAG(s) dict_keys(['producer']) retrieved from /opt/airflow/dags/producer.py
[2024-02-23T20:18:30.436+0000] {logging_mixin.py:120} INFO - [2024-02-23T20:18:30.436+0000] {dag.py:2585} INFO - Sync 1 DAGs
[2024-02-23T20:18:30.448+0000] {logging_mixin.py:120} INFO - [2024-02-23T20:18:30.448+0000] {dag.py:3340} INFO - Setting next_dagrun for producer to 2024-02-22T00:00:00+00:00, run_after=2024-02-23T00:00:00+00:00
[2024-02-23T20:18:30.458+0000] {processor.py:176} INFO - Processing /opt/airflow/dags/producer.py took 0.060 seconds
[2024-02-23T20:19:01.313+0000] {processor.py:154} INFO - Started process (PID=270) to work on /opt/airflow/dags/producer.py
[2024-02-23T20:19:01.314+0000] {processor.py:756} INFO - Processing file /opt/airflow/dags/producer.py for tasks to queue
[2024-02-23T20:19:01.314+0000] {logging_mixin.py:120} INFO - [2024-02-23T20:19:01.314+0000] {dagbag.py:537} INFO - Filling up the DagBag from /opt/airflow/dags/producer.py
[2024-02-23T20:19:01.327+0000] {processor.py:766} INFO - DAG(s) dict_keys(['producer']) retrieved from /opt/airflow/dags/producer.py
[2024-02-23T20:19:01.345+0000] {logging_mixin.py:120} INFO - [2024-02-23T20:19:01.345+0000] {dag.py:2585} INFO - Sync 1 DAGs
[2024-02-23T20:19:01.358+0000] {logging_mixin.py:120} INFO - [2024-02-23T20:19:01.357+0000] {dag.py:3340} INFO - Setting next_dagrun for producer to 2024-02-22T00:00:00+00:00, run_after=2024-02-23T00:00:00+00:00
[2024-02-23T20:19:01.367+0000] {processor.py:176} INFO - Processing /opt/airflow/dags/producer.py took 0.056 seconds
[2024-02-23T20:19:32.556+0000] {processor.py:154} INFO - Started process (PID=307) to work on /opt/airflow/dags/producer.py
[2024-02-23T20:19:32.557+0000] {processor.py:756} INFO - Processing file /opt/airflow/dags/producer.py for tasks to queue
[2024-02-23T20:19:32.557+0000] {logging_mixin.py:120} INFO - [2024-02-23T20:19:32.557+0000] {dagbag.py:537} INFO - Filling up the DagBag from /opt/airflow/dags/producer.py
[2024-02-23T20:19:32.571+0000] {processor.py:766} INFO - DAG(s) dict_keys(['producer']) retrieved from /opt/airflow/dags/producer.py
[2024-02-23T20:19:32.592+0000] {logging_mixin.py:120} INFO - [2024-02-23T20:19:32.592+0000] {dag.py:2585} INFO - Sync 1 DAGs
[2024-02-23T20:19:32.605+0000] {logging_mixin.py:120} INFO - [2024-02-23T20:19:32.605+0000] {dag.py:3340} INFO - Setting next_dagrun for producer to 2024-02-22T00:00:00+00:00, run_after=2024-02-23T00:00:00+00:00
[2024-02-23T20:19:32.615+0000] {processor.py:176} INFO - Processing /opt/airflow/dags/producer.py took 0.061 seconds
[2024-02-23T20:20:03.933+0000] {processor.py:154} INFO - Started process (PID=344) to work on /opt/airflow/dags/producer.py
[2024-02-23T20:20:03.935+0000] {processor.py:756} INFO - Processing file /opt/airflow/dags/producer.py for tasks to queue
[2024-02-23T20:20:03.936+0000] {logging_mixin.py:120} INFO - [2024-02-23T20:20:03.935+0000] {dagbag.py:537} INFO - Filling up the DagBag from /opt/airflow/dags/producer.py
[2024-02-23T20:20:03.971+0000] {processor.py:766} INFO - DAG(s) dict_keys(['producer']) retrieved from /opt/airflow/dags/producer.py
[2024-02-23T20:20:04.020+0000] {logging_mixin.py:120} INFO - [2024-02-23T20:20:04.020+0000] {dag.py:2585} INFO - Sync 1 DAGs
[2024-02-23T20:20:04.038+0000] {logging_mixin.py:120} INFO - [2024-02-23T20:20:04.037+0000] {dag.py:3340} INFO - Setting next_dagrun for producer to 2024-02-22T00:00:00+00:00, run_after=2024-02-23T00:00:00+00:00
[2024-02-23T20:20:04.050+0000] {processor.py:176} INFO - Processing /opt/airflow/dags/producer.py took 0.119 seconds
[2024-02-23T20:20:34.100+0000] {processor.py:154} INFO - Started process (PID=372) to work on /opt/airflow/dags/producer.py
[2024-02-23T20:20:34.100+0000] {processor.py:756} INFO - Processing file /opt/airflow/dags/producer.py for tasks to queue
[2024-02-23T20:20:34.101+0000] {logging_mixin.py:120} INFO - [2024-02-23T20:20:34.101+0000] {dagbag.py:537} INFO - Filling up the DagBag from /opt/airflow/dags/producer.py
[2024-02-23T20:20:34.113+0000] {processor.py:766} INFO - DAG(s) dict_keys(['producer']) retrieved from /opt/airflow/dags/producer.py
[2024-02-23T20:20:34.133+0000] {logging_mixin.py:120} INFO - [2024-02-23T20:20:34.133+0000] {dag.py:2585} INFO - Sync 1 DAGs
[2024-02-23T20:20:34.144+0000] {logging_mixin.py:120} INFO - [2024-02-23T20:20:34.144+0000] {dag.py:3340} INFO - Setting next_dagrun for producer to 2024-02-22T00:00:00+00:00, run_after=2024-02-23T00:00:00+00:00
[2024-02-23T20:20:34.154+0000] {processor.py:176} INFO - Processing /opt/airflow/dags/producer.py took 0.056 seconds
[2024-02-23T20:21:05.241+0000] {processor.py:154} INFO - Started process (PID=409) to work on /opt/airflow/dags/producer.py
[2024-02-23T20:21:05.242+0000] {processor.py:756} INFO - Processing file /opt/airflow/dags/producer.py for tasks to queue
[2024-02-23T20:21:05.242+0000] {logging_mixin.py:120} INFO - [2024-02-23T20:21:05.242+0000] {dagbag.py:537} INFO - Filling up the DagBag from /opt/airflow/dags/producer.py
[2024-02-23T20:21:05.257+0000] {processor.py:766} INFO - DAG(s) dict_keys(['producer']) retrieved from /opt/airflow/dags/producer.py
[2024-02-23T20:21:05.288+0000] {logging_mixin.py:120} INFO - [2024-02-23T20:21:05.288+0000] {dag.py:2585} INFO - Sync 1 DAGs
[2024-02-23T20:21:05.302+0000] {logging_mixin.py:120} INFO - [2024-02-23T20:21:05.302+0000] {dag.py:3340} INFO - Setting next_dagrun for producer to 2024-02-22T00:00:00+00:00, run_after=2024-02-23T00:00:00+00:00
[2024-02-23T20:21:05.315+0000] {processor.py:176} INFO - Processing /opt/airflow/dags/producer.py took 0.076 seconds
[2024-02-23T20:21:36.424+0000] {processor.py:154} INFO - Started process (PID=446) to work on /opt/airflow/dags/producer.py
[2024-02-23T20:21:36.425+0000] {processor.py:756} INFO - Processing file /opt/airflow/dags/producer.py for tasks to queue
[2024-02-23T20:21:36.425+0000] {logging_mixin.py:120} INFO - [2024-02-23T20:21:36.425+0000] {dagbag.py:537} INFO - Filling up the DagBag from /opt/airflow/dags/producer.py
[2024-02-23T20:21:36.436+0000] {processor.py:766} INFO - DAG(s) dict_keys(['producer']) retrieved from /opt/airflow/dags/producer.py
[2024-02-23T20:21:36.456+0000] {logging_mixin.py:120} INFO - [2024-02-23T20:21:36.456+0000] {dag.py:2585} INFO - Sync 1 DAGs
[2024-02-23T20:21:36.469+0000] {logging_mixin.py:120} INFO - [2024-02-23T20:21:36.469+0000] {dag.py:3340} INFO - Setting next_dagrun for producer to 2024-02-22T00:00:00+00:00, run_after=2024-02-23T00:00:00+00:00
[2024-02-23T20:21:36.482+0000] {processor.py:176} INFO - Processing /opt/airflow/dags/producer.py took 0.062 seconds
[2024-02-23T20:22:07.514+0000] {processor.py:154} INFO - Started process (PID=484) to work on /opt/airflow/dags/producer.py
[2024-02-23T20:22:07.515+0000] {processor.py:756} INFO - Processing file /opt/airflow/dags/producer.py for tasks to queue
[2024-02-23T20:22:07.515+0000] {logging_mixin.py:120} INFO - [2024-02-23T20:22:07.515+0000] {dagbag.py:537} INFO - Filling up the DagBag from /opt/airflow/dags/producer.py
[2024-02-23T20:22:07.528+0000] {processor.py:766} INFO - DAG(s) dict_keys(['producer']) retrieved from /opt/airflow/dags/producer.py
[2024-02-23T20:22:07.547+0000] {logging_mixin.py:120} INFO - [2024-02-23T20:22:07.547+0000] {dag.py:2585} INFO - Sync 1 DAGs
[2024-02-23T20:22:07.559+0000] {logging_mixin.py:120} INFO - [2024-02-23T20:22:07.559+0000] {dag.py:3340} INFO - Setting next_dagrun for producer to 2024-02-22T00:00:00+00:00, run_after=2024-02-23T00:00:00+00:00
[2024-02-23T20:22:07.569+0000] {processor.py:176} INFO - Processing /opt/airflow/dags/producer.py took 0.057 seconds
[2024-02-23T20:22:38.538+0000] {processor.py:154} INFO - Started process (PID=521) to work on /opt/airflow/dags/producer.py
[2024-02-23T20:22:38.539+0000] {processor.py:756} INFO - Processing file /opt/airflow/dags/producer.py for tasks to queue
[2024-02-23T20:22:38.540+0000] {logging_mixin.py:120} INFO - [2024-02-23T20:22:38.540+0000] {dagbag.py:537} INFO - Filling up the DagBag from /opt/airflow/dags/producer.py
[2024-02-23T20:22:38.553+0000] {processor.py:766} INFO - DAG(s) dict_keys(['producer']) retrieved from /opt/airflow/dags/producer.py
[2024-02-23T20:22:38.573+0000] {logging_mixin.py:120} INFO - [2024-02-23T20:22:38.573+0000] {dag.py:2585} INFO - Sync 1 DAGs
[2024-02-23T20:22:38.588+0000] {logging_mixin.py:120} INFO - [2024-02-23T20:22:38.588+0000] {dag.py:3340} INFO - Setting next_dagrun for producer to 2024-02-22T00:00:00+00:00, run_after=2024-02-23T00:00:00+00:00
[2024-02-23T20:22:38.598+0000] {processor.py:176} INFO - Processing /opt/airflow/dags/producer.py took 0.061 seconds
[2024-02-23T20:23:09.692+0000] {processor.py:154} INFO - Started process (PID=558) to work on /opt/airflow/dags/producer.py
[2024-02-23T20:23:09.693+0000] {processor.py:756} INFO - Processing file /opt/airflow/dags/producer.py for tasks to queue
[2024-02-23T20:23:09.694+0000] {logging_mixin.py:120} INFO - [2024-02-23T20:23:09.694+0000] {dagbag.py:537} INFO - Filling up the DagBag from /opt/airflow/dags/producer.py
[2024-02-23T20:23:09.707+0000] {processor.py:766} INFO - DAG(s) dict_keys(['producer']) retrieved from /opt/airflow/dags/producer.py
[2024-02-23T20:23:09.728+0000] {logging_mixin.py:120} INFO - [2024-02-23T20:23:09.728+0000] {dag.py:2585} INFO - Sync 1 DAGs
[2024-02-23T20:23:09.746+0000] {logging_mixin.py:120} INFO - [2024-02-23T20:23:09.746+0000] {dag.py:3340} INFO - Setting next_dagrun for producer to 2024-02-22T00:00:00+00:00, run_after=2024-02-23T00:00:00+00:00
[2024-02-23T20:23:09.758+0000] {processor.py:176} INFO - Processing /opt/airflow/dags/producer.py took 0.068 seconds
[2024-02-23T20:23:40.639+0000] {processor.py:154} INFO - Started process (PID=586) to work on /opt/airflow/dags/producer.py
[2024-02-23T20:23:40.640+0000] {processor.py:756} INFO - Processing file /opt/airflow/dags/producer.py for tasks to queue
[2024-02-23T20:23:40.641+0000] {logging_mixin.py:120} INFO - [2024-02-23T20:23:40.641+0000] {dagbag.py:537} INFO - Filling up the DagBag from /opt/airflow/dags/producer.py
[2024-02-23T20:23:40.654+0000] {processor.py:766} INFO - DAG(s) dict_keys(['producer']) retrieved from /opt/airflow/dags/producer.py
[2024-02-23T20:23:40.673+0000] {logging_mixin.py:120} INFO - [2024-02-23T20:23:40.673+0000] {dag.py:2585} INFO - Sync 1 DAGs
[2024-02-23T20:23:40.685+0000] {logging_mixin.py:120} INFO - [2024-02-23T20:23:40.685+0000] {dag.py:3340} INFO - Setting next_dagrun for producer to 2024-02-22T00:00:00+00:00, run_after=2024-02-23T00:00:00+00:00
[2024-02-23T20:23:40.694+0000] {processor.py:176} INFO - Processing /opt/airflow/dags/producer.py took 0.057 seconds
[2024-02-23T20:24:11.592+0000] {processor.py:154} INFO - Started process (PID=623) to work on /opt/airflow/dags/producer.py
[2024-02-23T20:24:11.593+0000] {processor.py:756} INFO - Processing file /opt/airflow/dags/producer.py for tasks to queue
[2024-02-23T20:24:11.593+0000] {logging_mixin.py:120} INFO - [2024-02-23T20:24:11.593+0000] {dagbag.py:537} INFO - Filling up the DagBag from /opt/airflow/dags/producer.py
[2024-02-23T20:24:11.607+0000] {processor.py:766} INFO - DAG(s) dict_keys(['producer']) retrieved from /opt/airflow/dags/producer.py
[2024-02-23T20:24:11.628+0000] {logging_mixin.py:120} INFO - [2024-02-23T20:24:11.628+0000] {dag.py:2585} INFO - Sync 1 DAGs
[2024-02-23T20:24:11.640+0000] {logging_mixin.py:120} INFO - [2024-02-23T20:24:11.640+0000] {dag.py:3340} INFO - Setting next_dagrun for producer to 2024-02-22T00:00:00+00:00, run_after=2024-02-23T00:00:00+00:00
[2024-02-23T20:24:11.652+0000] {processor.py:176} INFO - Processing /opt/airflow/dags/producer.py took 0.062 seconds
[2024-02-23T20:24:42.503+0000] {processor.py:154} INFO - Started process (PID=660) to work on /opt/airflow/dags/producer.py
[2024-02-23T20:24:42.504+0000] {processor.py:756} INFO - Processing file /opt/airflow/dags/producer.py for tasks to queue
[2024-02-23T20:24:42.505+0000] {logging_mixin.py:120} INFO - [2024-02-23T20:24:42.504+0000] {dagbag.py:537} INFO - Filling up the DagBag from /opt/airflow/dags/producer.py
[2024-02-23T20:24:42.518+0000] {processor.py:766} INFO - DAG(s) dict_keys(['producer']) retrieved from /opt/airflow/dags/producer.py
[2024-02-23T20:24:42.537+0000] {logging_mixin.py:120} INFO - [2024-02-23T20:24:42.536+0000] {dag.py:2585} INFO - Sync 1 DAGs
[2024-02-23T20:24:42.548+0000] {logging_mixin.py:120} INFO - [2024-02-23T20:24:42.548+0000] {dag.py:3340} INFO - Setting next_dagrun for producer to 2024-02-22T00:00:00+00:00, run_after=2024-02-23T00:00:00+00:00
[2024-02-23T20:24:42.559+0000] {processor.py:176} INFO - Processing /opt/airflow/dags/producer.py took 0.057 seconds
[2024-02-23T20:25:13.695+0000] {processor.py:154} INFO - Started process (PID=698) to work on /opt/airflow/dags/producer.py
[2024-02-23T20:25:13.697+0000] {processor.py:756} INFO - Processing file /opt/airflow/dags/producer.py for tasks to queue
[2024-02-23T20:25:13.698+0000] {logging_mixin.py:120} INFO - [2024-02-23T20:25:13.698+0000] {dagbag.py:537} INFO - Filling up the DagBag from /opt/airflow/dags/producer.py
[2024-02-23T20:25:13.744+0000] {processor.py:766} INFO - DAG(s) dict_keys(['producer']) retrieved from /opt/airflow/dags/producer.py
[2024-02-23T20:25:13.781+0000] {logging_mixin.py:120} INFO - [2024-02-23T20:25:13.781+0000] {dag.py:2585} INFO - Sync 1 DAGs
[2024-02-23T20:25:13.803+0000] {logging_mixin.py:120} INFO - [2024-02-23T20:25:13.803+0000] {dag.py:3340} INFO - Setting next_dagrun for producer to 2024-02-22T00:00:00+00:00, run_after=2024-02-23T00:00:00+00:00
[2024-02-23T20:25:13.830+0000] {processor.py:176} INFO - Processing /opt/airflow/dags/producer.py took 0.139 seconds
