[2024-05-29T12:54:13.093+0000] {processor.py:154} INFO - Started process (PID=60) to work on /opt/airflow/dags/elastic_dag.py
[2024-05-29T12:54:13.098+0000] {processor.py:756} INFO - Processing file /opt/airflow/dags/elastic_dag.py for tasks to queue
[2024-05-29T12:54:13.100+0000] {logging_mixin.py:120} INFO - [2024-05-29T12:54:13.100+0000] {dagbag.py:537} INFO - Filling up the DagBag from /opt/airflow/dags/elastic_dag.py
[2024-05-29T12:54:14.382+0000] {processor.py:766} INFO - DAG(s) dict_keys(['elastic_dag']) retrieved from /opt/airflow/dags/elastic_dag.py
[2024-05-29T12:54:14.520+0000] {logging_mixin.py:120} INFO - [2024-05-29T12:54:14.519+0000] {dag.py:2585} INFO - Sync 1 DAGs
[2024-05-29T12:54:14.773+0000] {logging_mixin.py:120} INFO - [2024-05-29T12:54:14.773+0000] {dag.py:3340} INFO - Setting next_dagrun for elastic_dag to 2024-05-28T00:00:00+00:00, run_after=2024-05-29T00:00:00+00:00
[2024-05-29T12:54:14.856+0000] {processor.py:176} INFO - Processing /opt/airflow/dags/elastic_dag.py took 1.767 seconds
[2024-05-29T12:54:46.249+0000] {processor.py:154} INFO - Started process (PID=87) to work on /opt/airflow/dags/elastic_dag.py
[2024-05-29T12:54:46.320+0000] {processor.py:756} INFO - Processing file /opt/airflow/dags/elastic_dag.py for tasks to queue
[2024-05-29T12:54:46.352+0000] {logging_mixin.py:120} INFO - [2024-05-29T12:54:46.348+0000] {dagbag.py:537} INFO - Filling up the DagBag from /opt/airflow/dags/elastic_dag.py
[2024-05-29T12:54:48.084+0000] {processor.py:766} INFO - DAG(s) dict_keys(['elastic_dag']) retrieved from /opt/airflow/dags/elastic_dag.py
[2024-05-29T12:54:48.225+0000] {logging_mixin.py:120} INFO - [2024-05-29T12:54:48.225+0000] {dag.py:2585} INFO - Sync 1 DAGs
[2024-05-29T12:54:48.364+0000] {logging_mixin.py:120} INFO - [2024-05-29T12:54:48.362+0000] {dag.py:3340} INFO - Setting next_dagrun for elastic_dag to 2024-05-28T00:00:00+00:00, run_after=2024-05-29T00:00:00+00:00
[2024-05-29T12:54:48.453+0000] {processor.py:176} INFO - Processing /opt/airflow/dags/elastic_dag.py took 2.334 seconds
[2024-05-29T12:55:19.059+0000] {processor.py:154} INFO - Started process (PID=124) to work on /opt/airflow/dags/elastic_dag.py
[2024-05-29T12:55:19.075+0000] {processor.py:756} INFO - Processing file /opt/airflow/dags/elastic_dag.py for tasks to queue
[2024-05-29T12:55:19.087+0000] {logging_mixin.py:120} INFO - [2024-05-29T12:55:19.086+0000] {dagbag.py:537} INFO - Filling up the DagBag from /opt/airflow/dags/elastic_dag.py
[2024-05-29T12:55:20.364+0000] {processor.py:766} INFO - DAG(s) dict_keys(['elastic_dag']) retrieved from /opt/airflow/dags/elastic_dag.py
[2024-05-29T12:55:20.504+0000] {logging_mixin.py:120} INFO - [2024-05-29T12:55:20.503+0000] {dag.py:2585} INFO - Sync 1 DAGs
[2024-05-29T12:55:20.573+0000] {logging_mixin.py:120} INFO - [2024-05-29T12:55:20.573+0000] {dag.py:3340} INFO - Setting next_dagrun for elastic_dag to 2024-05-28T00:00:00+00:00, run_after=2024-05-29T00:00:00+00:00
[2024-05-29T12:55:20.614+0000] {processor.py:176} INFO - Processing /opt/airflow/dags/elastic_dag.py took 1.571 seconds
