[2024-05-29T12:54:15.284+0000] {processor.py:154} INFO - Started process (PID=64) to work on /opt/airflow/dags/inside_group_dag.py
[2024-05-29T12:54:15.291+0000] {processor.py:756} INFO - Processing file /opt/airflow/dags/inside_group_dag.py for tasks to queue
[2024-05-29T12:54:15.292+0000] {logging_mixin.py:120} INFO - [2024-05-29T12:54:15.292+0000] {dagbag.py:537} INFO - Filling up the DagBag from /opt/airflow/dags/inside_group_dag.py
[2024-05-29T12:54:15.366+0000] {processor.py:766} INFO - DAG(s) dict_keys(['inside_group_dag']) retrieved from /opt/airflow/dags/inside_group_dag.py
[2024-05-29T12:54:15.469+0000] {logging_mixin.py:120} INFO - [2024-05-29T12:54:15.469+0000] {dag.py:2585} INFO - Sync 1 DAGs
[2024-05-29T12:54:15.554+0000] {logging_mixin.py:120} INFO - [2024-05-29T12:54:15.554+0000] {dag.py:3340} INFO - Setting next_dagrun for inside_group_dag to 2024-05-28T00:00:00+00:00, run_after=2024-05-29T00:00:00+00:00
[2024-05-29T12:54:15.591+0000] {processor.py:176} INFO - Processing /opt/airflow/dags/inside_group_dag.py took 0.327 seconds
[2024-05-29T12:54:48.788+0000] {processor.py:154} INFO - Started process (PID=100) to work on /opt/airflow/dags/inside_group_dag.py
[2024-05-29T12:54:48.788+0000] {processor.py:756} INFO - Processing file /opt/airflow/dags/inside_group_dag.py for tasks to queue
[2024-05-29T12:54:48.789+0000] {logging_mixin.py:120} INFO - [2024-05-29T12:54:48.789+0000] {dagbag.py:537} INFO - Filling up the DagBag from /opt/airflow/dags/inside_group_dag.py
[2024-05-29T12:54:48.812+0000] {processor.py:766} INFO - DAG(s) dict_keys(['inside_group_dag']) retrieved from /opt/airflow/dags/inside_group_dag.py
[2024-05-29T12:54:48.936+0000] {logging_mixin.py:120} INFO - [2024-05-29T12:54:48.934+0000] {dag.py:2585} INFO - Sync 1 DAGs
[2024-05-29T12:54:49.019+0000] {logging_mixin.py:120} INFO - [2024-05-29T12:54:49.019+0000] {dag.py:3340} INFO - Setting next_dagrun for inside_group_dag to 2024-05-28T00:00:00+00:00, run_after=2024-05-29T00:00:00+00:00
[2024-05-29T12:54:49.044+0000] {processor.py:176} INFO - Processing /opt/airflow/dags/inside_group_dag.py took 0.259 seconds
[2024-05-29T12:55:20.695+0000] {processor.py:154} INFO - Started process (PID=129) to work on /opt/airflow/dags/inside_group_dag.py
[2024-05-29T12:55:20.698+0000] {processor.py:756} INFO - Processing file /opt/airflow/dags/inside_group_dag.py for tasks to queue
[2024-05-29T12:55:20.700+0000] {logging_mixin.py:120} INFO - [2024-05-29T12:55:20.700+0000] {dagbag.py:537} INFO - Filling up the DagBag from /opt/airflow/dags/inside_group_dag.py
[2024-05-29T12:55:20.754+0000] {processor.py:766} INFO - DAG(s) dict_keys(['inside_group_dag']) retrieved from /opt/airflow/dags/inside_group_dag.py
[2024-05-29T12:55:20.849+0000] {logging_mixin.py:120} INFO - [2024-05-29T12:55:20.849+0000] {dag.py:2585} INFO - Sync 1 DAGs
[2024-05-29T12:55:20.898+0000] {logging_mixin.py:120} INFO - [2024-05-29T12:55:20.898+0000] {dag.py:3340} INFO - Setting next_dagrun for inside_group_dag to 2024-05-28T00:00:00+00:00, run_after=2024-05-29T00:00:00+00:00
[2024-05-29T12:55:20.925+0000] {processor.py:176} INFO - Processing /opt/airflow/dags/inside_group_dag.py took 0.235 seconds
