[2024-05-29T12:54:16.196+0000] {processor.py:154} INFO - Started process (PID=68) to work on /opt/airflow/dags/producer.py
[2024-05-29T12:54:16.204+0000] {processor.py:756} INFO - Processing file /opt/airflow/dags/producer.py for tasks to queue
[2024-05-29T12:54:16.207+0000] {logging_mixin.py:120} INFO - [2024-05-29T12:54:16.207+0000] {dagbag.py:537} INFO - Filling up the DagBag from /opt/airflow/dags/producer.py
[2024-05-29T12:54:16.280+0000] {processor.py:766} INFO - DAG(s) dict_keys(['producer']) retrieved from /opt/airflow/dags/producer.py
[2024-05-29T12:54:16.431+0000] {logging_mixin.py:120} INFO - [2024-05-29T12:54:16.430+0000] {dag.py:2585} INFO - Sync 1 DAGs
[2024-05-29T12:54:16.472+0000] {logging_mixin.py:120} INFO - [2024-05-29T12:54:16.472+0000] {dag.py:3340} INFO - Setting next_dagrun for producer to 2024-05-28T00:00:00+00:00, run_after=2024-05-29T00:00:00+00:00
[2024-05-29T12:54:16.512+0000] {processor.py:176} INFO - Processing /opt/airflow/dags/producer.py took 0.333 seconds
[2024-05-29T12:54:49.366+0000] {processor.py:154} INFO - Started process (PID=104) to work on /opt/airflow/dags/producer.py
[2024-05-29T12:54:49.367+0000] {processor.py:756} INFO - Processing file /opt/airflow/dags/producer.py for tasks to queue
[2024-05-29T12:54:49.368+0000] {logging_mixin.py:120} INFO - [2024-05-29T12:54:49.368+0000] {dagbag.py:537} INFO - Filling up the DagBag from /opt/airflow/dags/producer.py
[2024-05-29T12:54:49.387+0000] {processor.py:766} INFO - DAG(s) dict_keys(['producer']) retrieved from /opt/airflow/dags/producer.py
[2024-05-29T12:54:49.412+0000] {logging_mixin.py:120} INFO - [2024-05-29T12:54:49.412+0000] {dag.py:2585} INFO - Sync 1 DAGs
[2024-05-29T12:54:49.437+0000] {logging_mixin.py:120} INFO - [2024-05-29T12:54:49.437+0000] {dag.py:3340} INFO - Setting next_dagrun for producer to 2024-05-28T00:00:00+00:00, run_after=2024-05-29T00:00:00+00:00
[2024-05-29T12:54:49.456+0000] {processor.py:176} INFO - Processing /opt/airflow/dags/producer.py took 0.092 seconds
[2024-05-29T12:55:21.489+0000] {processor.py:154} INFO - Started process (PID=133) to work on /opt/airflow/dags/producer.py
[2024-05-29T12:55:21.492+0000] {processor.py:756} INFO - Processing file /opt/airflow/dags/producer.py for tasks to queue
[2024-05-29T12:55:21.493+0000] {logging_mixin.py:120} INFO - [2024-05-29T12:55:21.493+0000] {dagbag.py:537} INFO - Filling up the DagBag from /opt/airflow/dags/producer.py
[2024-05-29T12:55:21.519+0000] {processor.py:766} INFO - DAG(s) dict_keys(['producer']) retrieved from /opt/airflow/dags/producer.py
[2024-05-29T12:55:21.569+0000] {logging_mixin.py:120} INFO - [2024-05-29T12:55:21.569+0000] {dag.py:2585} INFO - Sync 1 DAGs
[2024-05-29T12:55:21.592+0000] {logging_mixin.py:120} INFO - [2024-05-29T12:55:21.592+0000] {dag.py:3340} INFO - Setting next_dagrun for producer to 2024-05-28T00:00:00+00:00, run_after=2024-05-29T00:00:00+00:00
[2024-05-29T12:55:21.607+0000] {processor.py:176} INFO - Processing /opt/airflow/dags/producer.py took 0.122 seconds
