[2024-05-29T12:54:15.066+0000] {processor.py:154} INFO - Started process (PID=63) to work on /opt/airflow/dags/xcom_dag.py
[2024-05-29T12:54:15.092+0000] {processor.py:756} INFO - Processing file /opt/airflow/dags/xcom_dag.py for tasks to queue
[2024-05-29T12:54:15.103+0000] {logging_mixin.py:120} INFO - [2024-05-29T12:54:15.102+0000] {dagbag.py:537} INFO - Filling up the DagBag from /opt/airflow/dags/xcom_dag.py
[2024-05-29T12:54:15.170+0000] {processor.py:766} INFO - DAG(s) dict_keys(['xcom_dag']) retrieved from /opt/airflow/dags/xcom_dag.py
[2024-05-29T12:54:15.288+0000] {logging_mixin.py:120} INFO - [2024-05-29T12:54:15.288+0000] {dag.py:2585} INFO - Sync 1 DAGs
[2024-05-29T12:54:15.440+0000] {logging_mixin.py:120} INFO - [2024-05-29T12:54:15.440+0000] {dag.py:3340} INFO - Setting next_dagrun for xcom_dag to 2024-05-28T00:00:00+00:00, run_after=2024-05-29T00:00:00+00:00
[2024-05-29T12:54:15.492+0000] {processor.py:176} INFO - Processing /opt/airflow/dags/xcom_dag.py took 0.433 seconds
[2024-05-29T12:54:48.524+0000] {processor.py:154} INFO - Started process (PID=99) to work on /opt/airflow/dags/xcom_dag.py
[2024-05-29T12:54:48.526+0000] {processor.py:756} INFO - Processing file /opt/airflow/dags/xcom_dag.py for tasks to queue
[2024-05-29T12:54:48.528+0000] {logging_mixin.py:120} INFO - [2024-05-29T12:54:48.528+0000] {dagbag.py:537} INFO - Filling up the DagBag from /opt/airflow/dags/xcom_dag.py
[2024-05-29T12:54:48.601+0000] {processor.py:766} INFO - DAG(s) dict_keys(['xcom_dag']) retrieved from /opt/airflow/dags/xcom_dag.py
[2024-05-29T12:54:48.716+0000] {logging_mixin.py:120} INFO - [2024-05-29T12:54:48.711+0000] {dag.py:2585} INFO - Sync 1 DAGs
[2024-05-29T12:54:48.753+0000] {logging_mixin.py:120} INFO - [2024-05-29T12:54:48.753+0000] {dag.py:3340} INFO - Setting next_dagrun for xcom_dag to 2024-05-28T00:00:00+00:00, run_after=2024-05-29T00:00:00+00:00
[2024-05-29T12:54:48.773+0000] {processor.py:176} INFO - Processing /opt/airflow/dags/xcom_dag.py took 0.253 seconds
[2024-05-29T12:55:19.059+0000] {processor.py:154} INFO - Started process (PID=125) to work on /opt/airflow/dags/xcom_dag.py
[2024-05-29T12:55:19.076+0000] {processor.py:756} INFO - Processing file /opt/airflow/dags/xcom_dag.py for tasks to queue
[2024-05-29T12:55:19.087+0000] {logging_mixin.py:120} INFO - [2024-05-29T12:55:19.087+0000] {dagbag.py:537} INFO - Filling up the DagBag from /opt/airflow/dags/xcom_dag.py
[2024-05-29T12:55:19.215+0000] {processor.py:766} INFO - DAG(s) dict_keys(['xcom_dag']) retrieved from /opt/airflow/dags/xcom_dag.py
[2024-05-29T12:55:19.509+0000] {logging_mixin.py:120} INFO - [2024-05-29T12:55:19.506+0000] {dag.py:2585} INFO - Sync 1 DAGs
[2024-05-29T12:55:19.767+0000] {logging_mixin.py:120} INFO - [2024-05-29T12:55:19.766+0000] {dag.py:3340} INFO - Setting next_dagrun for xcom_dag to 2024-05-28T00:00:00+00:00, run_after=2024-05-29T00:00:00+00:00
[2024-05-29T12:55:19.872+0000] {processor.py:176} INFO - Processing /opt/airflow/dags/xcom_dag.py took 0.828 seconds
