[2023-09-05T11:35:49.802+0000] {taskinstance.py:1165} INFO - Dependencies all met for <TaskInstance: inside_group_dag.processing_tasks.training_model_b scheduled__2023-09-04T00:00:00+00:00 [queued]>
[2023-09-05T11:35:49.814+0000] {taskinstance.py:1165} INFO - Dependencies all met for <TaskInstance: inside_group_dag.processing_tasks.training_model_b scheduled__2023-09-04T00:00:00+00:00 [queued]>
[2023-09-05T11:35:49.816+0000] {taskinstance.py:1362} INFO - 
--------------------------------------------------------------------------------
[2023-09-05T11:35:49.816+0000] {taskinstance.py:1363} INFO - Starting attempt 1 of 1
[2023-09-05T11:35:49.816+0000] {taskinstance.py:1364} INFO - 
--------------------------------------------------------------------------------
[2023-09-05T11:35:49.836+0000] {taskinstance.py:1383} INFO - Executing <Task(PythonOperator): processing_tasks.training_model_b> on 2023-09-04 00:00:00+00:00
[2023-09-05T11:35:49.839+0000] {standard_task_runner.py:55} INFO - Started process 101 to run task
[2023-09-05T11:35:49.843+0000] {standard_task_runner.py:82} INFO - Running: ['***', 'tasks', 'run', 'inside_group_dag', 'processing_tasks.training_model_b', 'scheduled__2023-09-04T00:00:00+00:00', '--job-id', '96', '--raw', '--subdir', 'DAGS_FOLDER/inside_group_dag.py', '--cfg-path', '/tmp/tmpsisa3ngx']
[2023-09-05T11:35:49.844+0000] {standard_task_runner.py:83} INFO - Job 96: Subtask processing_tasks.training_model_b
[2023-09-05T11:35:49.930+0000] {task_command.py:376} INFO - Running <TaskInstance: inside_group_dag.processing_tasks.training_model_b scheduled__2023-09-04T00:00:00+00:00 [running]> on host 993b415b7ab0
[2023-09-05T11:35:50.090+0000] {taskinstance.py:1592} INFO - Exporting the following env vars:
AIRFLOW_CTX_DAG_OWNER=***
AIRFLOW_CTX_DAG_ID=inside_group_dag
AIRFLOW_CTX_TASK_ID=processing_tasks.training_model_b
AIRFLOW_CTX_EXECUTION_DATE=2023-09-04T00:00:00+00:00
AIRFLOW_CTX_TRY_NUMBER=1
AIRFLOW_CTX_DAG_RUN_ID=scheduled__2023-09-04T00:00:00+00:00
[2023-09-05T11:35:50.091+0000] {logging_mixin.py:120} INFO - model's accuracy: 8.50011684853666
[2023-09-05T11:35:50.091+0000] {python.py:177} INFO - Done. Returned value was: None
[2023-09-05T11:35:50.102+0000] {taskinstance.py:1406} INFO - Marking task as SUCCESS. dag_id=inside_group_dag, task_id=processing_tasks.training_model_b, execution_date=20230904T000000, start_date=20230905T113549, end_date=20230905T113550
[2023-09-05T11:35:50.149+0000] {local_task_job.py:164} INFO - Task exited with return code 0
[2023-09-05T11:35:50.178+0000] {local_task_job.py:273} INFO - 1 downstream tasks scheduled from follow-on schedule check
