[2023-09-06T09:36:12.507+0000] {taskinstance.py:1165} INFO - Dependencies all met for <TaskInstance: group_dag.downloads.download_c scheduled__2023-09-05T00:00:00+00:00 [queued]>
[2023-09-06T09:36:12.627+0000] {taskinstance.py:1165} INFO - Dependencies all met for <TaskInstance: group_dag.downloads.download_c scheduled__2023-09-05T00:00:00+00:00 [queued]>
[2023-09-06T09:36:12.633+0000] {taskinstance.py:1362} INFO - 
--------------------------------------------------------------------------------
[2023-09-06T09:36:12.635+0000] {taskinstance.py:1363} INFO - Starting attempt 1 of 1
[2023-09-06T09:36:12.635+0000] {taskinstance.py:1364} INFO - 
--------------------------------------------------------------------------------
[2023-09-06T09:36:12.707+0000] {taskinstance.py:1383} INFO - Executing <Task(BashOperator): downloads.download_c> on 2023-09-05 00:00:00+00:00
[2023-09-06T09:36:12.768+0000] {standard_task_runner.py:55} INFO - Started process 90 to run task
[2023-09-06T09:36:12.948+0000] {standard_task_runner.py:82} INFO - Running: ['***', 'tasks', 'run', 'group_dag', 'downloads.download_c', 'scheduled__2023-09-05T00:00:00+00:00', '--job-id', '130', '--raw', '--subdir', 'DAGS_FOLDER/group_dag.py', '--cfg-path', '/tmp/tmp8rxyfvu3']
[2023-09-06T09:36:13.045+0000] {standard_task_runner.py:83} INFO - Job 130: Subtask downloads.download_c
[2023-09-06T09:36:14.043+0000] {task_command.py:376} INFO - Running <TaskInstance: group_dag.downloads.download_c scheduled__2023-09-05T00:00:00+00:00 [running]> on host c5447ba0ef6d
[2023-09-06T09:36:15.172+0000] {taskinstance.py:1592} INFO - Exporting the following env vars:
AIRFLOW_CTX_DAG_OWNER=***
AIRFLOW_CTX_DAG_ID=group_dag
AIRFLOW_CTX_TASK_ID=downloads.download_c
AIRFLOW_CTX_EXECUTION_DATE=2023-09-05T00:00:00+00:00
AIRFLOW_CTX_TRY_NUMBER=1
AIRFLOW_CTX_DAG_RUN_ID=scheduled__2023-09-05T00:00:00+00:00
[2023-09-06T09:36:15.209+0000] {subprocess.py:63} INFO - Tmp dir root location: 
 /tmp
[2023-09-06T09:36:15.223+0000] {subprocess.py:75} INFO - Running command: ['/bin/bash', '-c', 'sleep 10']
[2023-09-06T09:36:15.412+0000] {subprocess.py:86} INFO - Output:
[2023-09-06T09:36:25.464+0000] {subprocess.py:97} INFO - Command exited with return code 0
[2023-09-06T09:36:25.756+0000] {taskinstance.py:1406} INFO - Marking task as SUCCESS. dag_id=group_dag, task_id=downloads.download_c, execution_date=20230905T000000, start_date=20230906T093612, end_date=20230906T093625
[2023-09-06T09:36:25.979+0000] {local_task_job.py:164} INFO - Task exited with return code 0
[2023-09-06T09:36:26.731+0000] {local_task_job.py:273} INFO - 0 downstream tasks scheduled from follow-on schedule check
