[2023-09-03T15:04:34.108+0000] {taskinstance.py:1165} INFO - Dependencies all met for <TaskInstance: group_dag.transformations.transform_c scheduled__2023-09-02T00:00:00+00:00 [queued]>
[2023-09-03T15:04:34.117+0000] {taskinstance.py:1165} INFO - Dependencies all met for <TaskInstance: group_dag.transformations.transform_c scheduled__2023-09-02T00:00:00+00:00 [queued]>
[2023-09-03T15:04:34.117+0000] {taskinstance.py:1362} INFO - 
--------------------------------------------------------------------------------
[2023-09-03T15:04:34.118+0000] {taskinstance.py:1363} INFO - Starting attempt 1 of 1
[2023-09-03T15:04:34.118+0000] {taskinstance.py:1364} INFO - 
--------------------------------------------------------------------------------
[2023-09-03T15:04:34.134+0000] {taskinstance.py:1383} INFO - Executing <Task(BashOperator): transformations.transform_c> on 2023-09-02 00:00:00+00:00
[2023-09-03T15:04:34.142+0000] {standard_task_runner.py:55} INFO - Started process 530 to run task
[2023-09-03T15:04:34.146+0000] {standard_task_runner.py:82} INFO - Running: ['***', 'tasks', 'run', 'group_dag', 'transformations.transform_c', 'scheduled__2023-09-02T00:00:00+00:00', '--job-id', '23', '--raw', '--subdir', 'DAGS_FOLDER/group_dag.py', '--cfg-path', '/tmp/tmp52glgckg']
[2023-09-03T15:04:34.147+0000] {standard_task_runner.py:83} INFO - Job 23: Subtask transformations.transform_c
[2023-09-03T15:04:34.227+0000] {task_command.py:376} INFO - Running <TaskInstance: group_dag.transformations.transform_c scheduled__2023-09-02T00:00:00+00:00 [running]> on host c0ddfbe053d4
[2023-09-03T15:04:34.337+0000] {taskinstance.py:1592} INFO - Exporting the following env vars:
AIRFLOW_CTX_DAG_OWNER=***
AIRFLOW_CTX_DAG_ID=group_dag
AIRFLOW_CTX_TASK_ID=transformations.transform_c
AIRFLOW_CTX_EXECUTION_DATE=2023-09-02T00:00:00+00:00
AIRFLOW_CTX_TRY_NUMBER=1
AIRFLOW_CTX_DAG_RUN_ID=scheduled__2023-09-02T00:00:00+00:00
[2023-09-03T15:04:34.338+0000] {subprocess.py:63} INFO - Tmp dir root location: 
 /tmp
[2023-09-03T15:04:34.338+0000] {subprocess.py:75} INFO - Running command: ['/bin/bash', '-c', 'sleep 10']
[2023-09-03T15:04:34.357+0000] {subprocess.py:86} INFO - Output:
[2023-09-03T15:04:44.366+0000] {subprocess.py:97} INFO - Command exited with return code 0
[2023-09-03T15:04:44.422+0000] {taskinstance.py:1406} INFO - Marking task as SUCCESS. dag_id=group_dag, task_id=transformations.transform_c, execution_date=20230902T000000, start_date=20230903T150434, end_date=20230903T150444
[2023-09-03T15:04:44.481+0000] {local_task_job.py:164} INFO - Task exited with return code 0
[2023-09-03T15:04:44.510+0000] {local_task_job.py:273} INFO - 0 downstream tasks scheduled from follow-on schedule check
