[2023-09-05T11:35:43.692+0000] {taskinstance.py:1165} INFO - Dependencies all met for <TaskInstance: group_dag.downloads.download_b scheduled__2023-09-04T00:00:00+00:00 [queued]>
[2023-09-05T11:35:43.752+0000] {taskinstance.py:1165} INFO - Dependencies all met for <TaskInstance: group_dag.downloads.download_b scheduled__2023-09-04T00:00:00+00:00 [queued]>
[2023-09-05T11:35:43.756+0000] {taskinstance.py:1362} INFO - 
--------------------------------------------------------------------------------
[2023-09-05T11:35:43.760+0000] {taskinstance.py:1363} INFO - Starting attempt 1 of 1
[2023-09-05T11:35:43.762+0000] {taskinstance.py:1364} INFO - 
--------------------------------------------------------------------------------
[2023-09-05T11:35:43.815+0000] {taskinstance.py:1383} INFO - Executing <Task(BashOperator): downloads.download_b> on 2023-09-04 00:00:00+00:00
[2023-09-05T11:35:43.894+0000] {standard_task_runner.py:55} INFO - Started process 71 to run task
[2023-09-05T11:35:43.936+0000] {standard_task_runner.py:82} INFO - Running: ['***', 'tasks', 'run', 'group_dag', 'downloads.download_b', 'scheduled__2023-09-04T00:00:00+00:00', '--job-id', '81', '--raw', '--subdir', 'DAGS_FOLDER/group_dag.py', '--cfg-path', '/tmp/tmp1xjz44iz']
[2023-09-05T11:35:43.940+0000] {standard_task_runner.py:83} INFO - Job 81: Subtask downloads.download_b
[2023-09-05T11:35:44.235+0000] {task_command.py:376} INFO - Running <TaskInstance: group_dag.downloads.download_b scheduled__2023-09-04T00:00:00+00:00 [running]> on host 993b415b7ab0
[2023-09-05T11:35:44.674+0000] {taskinstance.py:1592} INFO - Exporting the following env vars:
AIRFLOW_CTX_DAG_OWNER=***
AIRFLOW_CTX_DAG_ID=group_dag
AIRFLOW_CTX_TASK_ID=downloads.download_b
AIRFLOW_CTX_EXECUTION_DATE=2023-09-04T00:00:00+00:00
AIRFLOW_CTX_TRY_NUMBER=1
AIRFLOW_CTX_DAG_RUN_ID=scheduled__2023-09-04T00:00:00+00:00
[2023-09-05T11:35:44.719+0000] {subprocess.py:63} INFO - Tmp dir root location: 
 /tmp
[2023-09-05T11:35:44.722+0000] {subprocess.py:75} INFO - Running command: ['/bin/bash', '-c', 'sleep 10']
[2023-09-05T11:35:44.858+0000] {subprocess.py:86} INFO - Output:
[2023-09-05T11:35:54.960+0000] {subprocess.py:97} INFO - Command exited with return code 0
[2023-09-05T11:35:55.002+0000] {taskinstance.py:1406} INFO - Marking task as SUCCESS. dag_id=group_dag, task_id=downloads.download_b, execution_date=20230904T000000, start_date=20230905T113543, end_date=20230905T113555
[2023-09-05T11:35:55.056+0000] {local_task_job.py:164} INFO - Task exited with return code 0
[2023-09-05T11:35:55.089+0000] {local_task_job.py:273} INFO - 0 downstream tasks scheduled from follow-on schedule check
