[2023-09-04T18:46:01.030+0000] {taskinstance.py:1165} INFO - Dependencies all met for <TaskInstance: consumer.read_dataset_2 dataset_triggered__2023-09-04T18:45:57.546428+00:00 [queued]>
[2023-09-04T18:46:01.042+0000] {taskinstance.py:1165} INFO - Dependencies all met for <TaskInstance: consumer.read_dataset_2 dataset_triggered__2023-09-04T18:45:57.546428+00:00 [queued]>
[2023-09-04T18:46:01.042+0000] {taskinstance.py:1362} INFO - 
--------------------------------------------------------------------------------
[2023-09-04T18:46:01.042+0000] {taskinstance.py:1363} INFO - Starting attempt 1 of 1
[2023-09-04T18:46:01.042+0000] {taskinstance.py:1364} INFO - 
--------------------------------------------------------------------------------
[2023-09-04T18:46:01.055+0000] {taskinstance.py:1383} INFO - Executing <Task(_PythonDecoratedOperator): read_dataset_2> on 2023-09-04 18:45:57.546428+00:00
[2023-09-04T18:46:01.060+0000] {standard_task_runner.py:55} INFO - Started process 99 to run task
[2023-09-04T18:46:01.069+0000] {standard_task_runner.py:82} INFO - Running: ['***', 'tasks', 'run', 'consumer', 'read_dataset_2', 'dataset_triggered__2023-09-04T18:45:57.546428+00:00', '--job-id', '65', '--raw', '--subdir', 'DAGS_FOLDER/consumer.py', '--cfg-path', '/tmp/tmphddt_xtq']
[2023-09-04T18:46:01.070+0000] {standard_task_runner.py:83} INFO - Job 65: Subtask read_dataset_2
[2023-09-04T18:46:01.146+0000] {task_command.py:376} INFO - Running <TaskInstance: consumer.read_dataset_2 dataset_triggered__2023-09-04T18:45:57.546428+00:00 [running]> on host 993b415b7ab0
[2023-09-04T18:46:01.216+0000] {taskinstance.py:1592} INFO - Exporting the following env vars:
AIRFLOW_CTX_DAG_OWNER=***
AIRFLOW_CTX_DAG_ID=consumer
AIRFLOW_CTX_TASK_ID=read_dataset_2
AIRFLOW_CTX_EXECUTION_DATE=2023-09-04T18:45:57.546428+00:00
AIRFLOW_CTX_TRY_NUMBER=1
AIRFLOW_CTX_DAG_RUN_ID=dataset_triggered__2023-09-04T18:45:57.546428+00:00
[2023-09-04T18:46:01.218+0000] {logging_mixin.py:120} INFO - another producer update
[2023-09-04T18:46:01.218+0000] {python.py:177} INFO - Done. Returned value was: None
[2023-09-04T18:46:01.227+0000] {taskinstance.py:1406} INFO - Marking task as SUCCESS. dag_id=consumer, task_id=read_dataset_2, execution_date=20230904T184557, start_date=20230904T184601, end_date=20230904T184601
[2023-09-04T18:46:01.277+0000] {local_task_job.py:164} INFO - Task exited with return code 0
[2023-09-04T18:46:01.299+0000] {local_task_job.py:273} INFO - 0 downstream tasks scheduled from follow-on schedule check
