[2023-09-05T11:36:09.934+0000] {taskinstance.py:1165} INFO - Dependencies all met for <TaskInstance: group_dag.transformations.transform_a scheduled__2023-09-04T00:00:00+00:00 [queued]>
[2023-09-05T11:36:09.946+0000] {taskinstance.py:1165} INFO - Dependencies all met for <TaskInstance: group_dag.transformations.transform_a scheduled__2023-09-04T00:00:00+00:00 [queued]>
[2023-09-05T11:36:09.948+0000] {taskinstance.py:1362} INFO - 
--------------------------------------------------------------------------------
[2023-09-05T11:36:09.949+0000] {taskinstance.py:1363} INFO - Starting attempt 1 of 1
[2023-09-05T11:36:09.950+0000] {taskinstance.py:1364} INFO - 
--------------------------------------------------------------------------------
[2023-09-05T11:36:09.963+0000] {taskinstance.py:1383} INFO - Executing <Task(BashOperator): transformations.transform_a> on 2023-09-04 00:00:00+00:00
[2023-09-05T11:36:09.973+0000] {standard_task_runner.py:55} INFO - Started process 146 to run task
[2023-09-05T11:36:09.978+0000] {standard_task_runner.py:82} INFO - Running: ['***', 'tasks', 'run', 'group_dag', 'transformations.transform_a', 'scheduled__2023-09-04T00:00:00+00:00', '--job-id', '108', '--raw', '--subdir', 'DAGS_FOLDER/group_dag.py', '--cfg-path', '/tmp/tmpw9_jm4ym']
[2023-09-05T11:36:09.980+0000] {standard_task_runner.py:83} INFO - Job 108: Subtask transformations.transform_a
[2023-09-05T11:36:10.107+0000] {task_command.py:376} INFO - Running <TaskInstance: group_dag.transformations.transform_a scheduled__2023-09-04T00:00:00+00:00 [running]> on host 993b415b7ab0
[2023-09-05T11:36:10.206+0000] {taskinstance.py:1592} INFO - Exporting the following env vars:
AIRFLOW_CTX_DAG_OWNER=***
AIRFLOW_CTX_DAG_ID=group_dag
AIRFLOW_CTX_TASK_ID=transformations.transform_a
AIRFLOW_CTX_EXECUTION_DATE=2023-09-04T00:00:00+00:00
AIRFLOW_CTX_TRY_NUMBER=1
AIRFLOW_CTX_DAG_RUN_ID=scheduled__2023-09-04T00:00:00+00:00
[2023-09-05T11:36:10.209+0000] {subprocess.py:63} INFO - Tmp dir root location: 
 /tmp
[2023-09-05T11:36:10.210+0000] {subprocess.py:75} INFO - Running command: ['/bin/bash', '-c', 'sleep 10']
[2023-09-05T11:36:10.223+0000] {subprocess.py:86} INFO - Output:
[2023-09-05T11:36:20.230+0000] {subprocess.py:97} INFO - Command exited with return code 0
[2023-09-05T11:36:20.287+0000] {taskinstance.py:1406} INFO - Marking task as SUCCESS. dag_id=group_dag, task_id=transformations.transform_a, execution_date=20230904T000000, start_date=20230905T113609, end_date=20230905T113620
[2023-09-05T11:36:20.343+0000] {local_task_job.py:164} INFO - Task exited with return code 0
[2023-09-05T11:36:20.362+0000] {local_task_job.py:273} INFO - 0 downstream tasks scheduled from follow-on schedule check
