[2024-05-07T19:22:49.073+0000] {processor.py:154} INFO - Started process (PID=59) to work on /opt/airflow/dags/consumer.py
[2024-05-07T19:22:49.074+0000] {processor.py:756} INFO - Processing file /opt/airflow/dags/consumer.py for tasks to queue
[2024-05-07T19:22:49.077+0000] {logging_mixin.py:120} INFO - [2024-05-07T19:22:49.077+0000] {dagbag.py:537} INFO - Filling up the DagBag from /opt/airflow/dags/consumer.py
[2024-05-07T19:22:49.184+0000] {processor.py:766} INFO - DAG(s) dict_keys(['consumer']) retrieved from /opt/airflow/dags/consumer.py
[2024-05-07T19:22:49.304+0000] {logging_mixin.py:120} INFO - [2024-05-07T19:22:49.303+0000] {dag.py:2585} INFO - Sync 1 DAGs
[2024-05-07T19:22:49.469+0000] {logging_mixin.py:120} INFO - [2024-05-07T19:22:49.467+0000] {dag.py:3340} INFO - Setting next_dagrun for consumer to None, run_after=None
[2024-05-07T19:22:49.537+0000] {processor.py:176} INFO - Processing /opt/airflow/dags/consumer.py took 0.472 seconds
[2024-05-07T19:23:24.449+0000] {processor.py:154} INFO - Started process (PID=86) to work on /opt/airflow/dags/consumer.py
[2024-05-07T19:23:24.451+0000] {processor.py:756} INFO - Processing file /opt/airflow/dags/consumer.py for tasks to queue
[2024-05-07T19:23:24.451+0000] {logging_mixin.py:120} INFO - [2024-05-07T19:23:24.451+0000] {dagbag.py:537} INFO - Filling up the DagBag from /opt/airflow/dags/consumer.py
[2024-05-07T19:23:24.481+0000] {processor.py:766} INFO - DAG(s) dict_keys(['consumer']) retrieved from /opt/airflow/dags/consumer.py
[2024-05-07T19:23:24.527+0000] {logging_mixin.py:120} INFO - [2024-05-07T19:23:24.527+0000] {dag.py:2585} INFO - Sync 1 DAGs
[2024-05-07T19:23:24.560+0000] {logging_mixin.py:120} INFO - [2024-05-07T19:23:24.560+0000] {dag.py:3340} INFO - Setting next_dagrun for consumer to None, run_after=None
[2024-05-07T19:23:24.608+0000] {processor.py:176} INFO - Processing /opt/airflow/dags/consumer.py took 0.161 seconds
[2024-05-07T19:23:56.093+0000] {processor.py:154} INFO - Started process (PID=124) to work on /opt/airflow/dags/consumer.py
[2024-05-07T19:23:56.094+0000] {processor.py:756} INFO - Processing file /opt/airflow/dags/consumer.py for tasks to queue
[2024-05-07T19:23:56.095+0000] {logging_mixin.py:120} INFO - [2024-05-07T19:23:56.095+0000] {dagbag.py:537} INFO - Filling up the DagBag from /opt/airflow/dags/consumer.py
[2024-05-07T19:23:56.117+0000] {processor.py:766} INFO - DAG(s) dict_keys(['consumer']) retrieved from /opt/airflow/dags/consumer.py
[2024-05-07T19:23:56.151+0000] {logging_mixin.py:120} INFO - [2024-05-07T19:23:56.151+0000] {dag.py:2585} INFO - Sync 1 DAGs
[2024-05-07T19:23:56.168+0000] {logging_mixin.py:120} INFO - [2024-05-07T19:23:56.168+0000] {dag.py:3340} INFO - Setting next_dagrun for consumer to None, run_after=None
[2024-05-07T19:23:56.186+0000] {processor.py:176} INFO - Processing /opt/airflow/dags/consumer.py took 0.096 seconds
[2024-05-07T19:24:29.601+0000] {processor.py:154} INFO - Started process (PID=160) to work on /opt/airflow/dags/consumer.py
[2024-05-07T19:24:29.603+0000] {processor.py:756} INFO - Processing file /opt/airflow/dags/consumer.py for tasks to queue
[2024-05-07T19:24:29.604+0000] {logging_mixin.py:120} INFO - [2024-05-07T19:24:29.604+0000] {dagbag.py:537} INFO - Filling up the DagBag from /opt/airflow/dags/consumer.py
[2024-05-07T19:24:29.691+0000] {processor.py:766} INFO - DAG(s) dict_keys(['consumer']) retrieved from /opt/airflow/dags/consumer.py
[2024-05-07T19:24:29.788+0000] {logging_mixin.py:120} INFO - [2024-05-07T19:24:29.788+0000] {dag.py:2585} INFO - Sync 1 DAGs
[2024-05-07T19:24:29.820+0000] {logging_mixin.py:120} INFO - [2024-05-07T19:24:29.819+0000] {dag.py:3340} INFO - Setting next_dagrun for consumer to None, run_after=None
[2024-05-07T19:24:29.846+0000] {processor.py:176} INFO - Processing /opt/airflow/dags/consumer.py took 0.248 seconds
[2024-05-07T19:25:00.731+0000] {processor.py:154} INFO - Started process (PID=187) to work on /opt/airflow/dags/consumer.py
[2024-05-07T19:25:00.732+0000] {processor.py:756} INFO - Processing file /opt/airflow/dags/consumer.py for tasks to queue
[2024-05-07T19:25:00.732+0000] {logging_mixin.py:120} INFO - [2024-05-07T19:25:00.732+0000] {dagbag.py:537} INFO - Filling up the DagBag from /opt/airflow/dags/consumer.py
[2024-05-07T19:25:00.749+0000] {processor.py:766} INFO - DAG(s) dict_keys(['consumer']) retrieved from /opt/airflow/dags/consumer.py
[2024-05-07T19:25:00.772+0000] {logging_mixin.py:120} INFO - [2024-05-07T19:25:00.772+0000] {dag.py:2585} INFO - Sync 1 DAGs
[2024-05-07T19:25:00.785+0000] {logging_mixin.py:120} INFO - [2024-05-07T19:25:00.785+0000] {dag.py:3340} INFO - Setting next_dagrun for consumer to None, run_after=None
[2024-05-07T19:25:00.799+0000] {processor.py:176} INFO - Processing /opt/airflow/dags/consumer.py took 0.070 seconds
[2024-05-07T19:25:32.037+0000] {processor.py:154} INFO - Started process (PID=224) to work on /opt/airflow/dags/consumer.py
[2024-05-07T19:25:32.038+0000] {processor.py:756} INFO - Processing file /opt/airflow/dags/consumer.py for tasks to queue
[2024-05-07T19:25:32.039+0000] {logging_mixin.py:120} INFO - [2024-05-07T19:25:32.039+0000] {dagbag.py:537} INFO - Filling up the DagBag from /opt/airflow/dags/consumer.py
[2024-05-07T19:25:32.055+0000] {processor.py:766} INFO - DAG(s) dict_keys(['consumer']) retrieved from /opt/airflow/dags/consumer.py
[2024-05-07T19:25:32.078+0000] {logging_mixin.py:120} INFO - [2024-05-07T19:25:32.077+0000] {dag.py:2585} INFO - Sync 1 DAGs
[2024-05-07T19:25:32.092+0000] {logging_mixin.py:120} INFO - [2024-05-07T19:25:32.092+0000] {dag.py:3340} INFO - Setting next_dagrun for consumer to None, run_after=None
[2024-05-07T19:25:32.105+0000] {processor.py:176} INFO - Processing /opt/airflow/dags/consumer.py took 0.069 seconds
[2024-05-07T19:26:03.506+0000] {processor.py:154} INFO - Started process (PID=261) to work on /opt/airflow/dags/consumer.py
[2024-05-07T19:26:03.507+0000] {processor.py:756} INFO - Processing file /opt/airflow/dags/consumer.py for tasks to queue
[2024-05-07T19:26:03.507+0000] {logging_mixin.py:120} INFO - [2024-05-07T19:26:03.507+0000] {dagbag.py:537} INFO - Filling up the DagBag from /opt/airflow/dags/consumer.py
[2024-05-07T19:26:03.528+0000] {processor.py:766} INFO - DAG(s) dict_keys(['consumer']) retrieved from /opt/airflow/dags/consumer.py
[2024-05-07T19:26:03.565+0000] {logging_mixin.py:120} INFO - [2024-05-07T19:26:03.565+0000] {dag.py:2585} INFO - Sync 1 DAGs
[2024-05-07T19:26:03.579+0000] {logging_mixin.py:120} INFO - [2024-05-07T19:26:03.579+0000] {dag.py:3340} INFO - Setting next_dagrun for consumer to None, run_after=None
[2024-05-07T19:26:03.594+0000] {processor.py:176} INFO - Processing /opt/airflow/dags/consumer.py took 0.090 seconds
[2024-05-07T19:26:34.356+0000] {processor.py:154} INFO - Started process (PID=298) to work on /opt/airflow/dags/consumer.py
[2024-05-07T19:26:34.357+0000] {processor.py:756} INFO - Processing file /opt/airflow/dags/consumer.py for tasks to queue
[2024-05-07T19:26:34.357+0000] {logging_mixin.py:120} INFO - [2024-05-07T19:26:34.357+0000] {dagbag.py:537} INFO - Filling up the DagBag from /opt/airflow/dags/consumer.py
[2024-05-07T19:26:34.378+0000] {processor.py:766} INFO - DAG(s) dict_keys(['consumer']) retrieved from /opt/airflow/dags/consumer.py
[2024-05-07T19:26:34.435+0000] {logging_mixin.py:120} INFO - [2024-05-07T19:26:34.435+0000] {dag.py:2585} INFO - Sync 1 DAGs
[2024-05-07T19:26:34.465+0000] {logging_mixin.py:120} INFO - [2024-05-07T19:26:34.465+0000] {dag.py:3340} INFO - Setting next_dagrun for consumer to None, run_after=None
[2024-05-07T19:26:34.500+0000] {processor.py:176} INFO - Processing /opt/airflow/dags/consumer.py took 0.147 seconds
[2024-05-07T19:27:04.814+0000] {processor.py:154} INFO - Started process (PID=332) to work on /opt/airflow/dags/consumer.py
[2024-05-07T19:27:04.816+0000] {processor.py:756} INFO - Processing file /opt/airflow/dags/consumer.py for tasks to queue
[2024-05-07T19:27:04.817+0000] {logging_mixin.py:120} INFO - [2024-05-07T19:27:04.817+0000] {dagbag.py:537} INFO - Filling up the DagBag from /opt/airflow/dags/consumer.py
[2024-05-07T19:27:04.839+0000] {processor.py:766} INFO - DAG(s) dict_keys(['consumer']) retrieved from /opt/airflow/dags/consumer.py
[2024-05-07T19:27:04.872+0000] {logging_mixin.py:120} INFO - [2024-05-07T19:27:04.872+0000] {dag.py:2585} INFO - Sync 1 DAGs
[2024-05-07T19:27:04.888+0000] {logging_mixin.py:120} INFO - [2024-05-07T19:27:04.888+0000] {dag.py:3340} INFO - Setting next_dagrun for consumer to None, run_after=None
[2024-05-07T19:27:04.901+0000] {processor.py:176} INFO - Processing /opt/airflow/dags/consumer.py took 0.095 seconds
[2024-05-07T19:27:35.489+0000] {processor.py:154} INFO - Started process (PID=358) to work on /opt/airflow/dags/consumer.py
[2024-05-07T19:27:35.490+0000] {processor.py:756} INFO - Processing file /opt/airflow/dags/consumer.py for tasks to queue
[2024-05-07T19:27:35.491+0000] {logging_mixin.py:120} INFO - [2024-05-07T19:27:35.491+0000] {dagbag.py:537} INFO - Filling up the DagBag from /opt/airflow/dags/consumer.py
[2024-05-07T19:27:35.534+0000] {processor.py:766} INFO - DAG(s) dict_keys(['consumer']) retrieved from /opt/airflow/dags/consumer.py
[2024-05-07T19:27:35.569+0000] {logging_mixin.py:120} INFO - [2024-05-07T19:27:35.569+0000] {dag.py:2585} INFO - Sync 1 DAGs
[2024-05-07T19:27:35.599+0000] {logging_mixin.py:120} INFO - [2024-05-07T19:27:35.598+0000] {dag.py:3340} INFO - Setting next_dagrun for consumer to None, run_after=None
[2024-05-07T19:27:35.649+0000] {processor.py:176} INFO - Processing /opt/airflow/dags/consumer.py took 0.166 seconds
[2024-05-07T19:28:07.764+0000] {processor.py:154} INFO - Started process (PID=394) to work on /opt/airflow/dags/consumer.py
[2024-05-07T19:28:07.765+0000] {processor.py:756} INFO - Processing file /opt/airflow/dags/consumer.py for tasks to queue
[2024-05-07T19:28:07.766+0000] {logging_mixin.py:120} INFO - [2024-05-07T19:28:07.766+0000] {dagbag.py:537} INFO - Filling up the DagBag from /opt/airflow/dags/consumer.py
[2024-05-07T19:28:07.792+0000] {processor.py:766} INFO - DAG(s) dict_keys(['consumer']) retrieved from /opt/airflow/dags/consumer.py
[2024-05-07T19:28:07.835+0000] {logging_mixin.py:120} INFO - [2024-05-07T19:28:07.835+0000] {dag.py:2585} INFO - Sync 1 DAGs
[2024-05-07T19:28:07.852+0000] {logging_mixin.py:120} INFO - [2024-05-07T19:28:07.852+0000] {dag.py:3340} INFO - Setting next_dagrun for consumer to None, run_after=None
[2024-05-07T19:28:07.870+0000] {processor.py:176} INFO - Processing /opt/airflow/dags/consumer.py took 0.109 seconds
[2024-05-07T19:28:38.060+0000] {processor.py:154} INFO - Started process (PID=430) to work on /opt/airflow/dags/consumer.py
[2024-05-07T19:28:38.061+0000] {processor.py:756} INFO - Processing file /opt/airflow/dags/consumer.py for tasks to queue
[2024-05-07T19:28:38.062+0000] {logging_mixin.py:120} INFO - [2024-05-07T19:28:38.062+0000] {dagbag.py:537} INFO - Filling up the DagBag from /opt/airflow/dags/consumer.py
[2024-05-07T19:28:38.080+0000] {processor.py:766} INFO - DAG(s) dict_keys(['consumer']) retrieved from /opt/airflow/dags/consumer.py
[2024-05-07T19:28:38.118+0000] {logging_mixin.py:120} INFO - [2024-05-07T19:28:38.117+0000] {dag.py:2585} INFO - Sync 1 DAGs
[2024-05-07T19:28:38.158+0000] {logging_mixin.py:120} INFO - [2024-05-07T19:28:38.158+0000] {dag.py:3340} INFO - Setting next_dagrun for consumer to None, run_after=None
[2024-05-07T19:28:38.176+0000] {processor.py:176} INFO - Processing /opt/airflow/dags/consumer.py took 0.118 seconds
[2024-05-07T19:29:08.301+0000] {processor.py:154} INFO - Started process (PID=455) to work on /opt/airflow/dags/consumer.py
[2024-05-07T19:29:08.302+0000] {processor.py:756} INFO - Processing file /opt/airflow/dags/consumer.py for tasks to queue
[2024-05-07T19:29:08.302+0000] {logging_mixin.py:120} INFO - [2024-05-07T19:29:08.302+0000] {dagbag.py:537} INFO - Filling up the DagBag from /opt/airflow/dags/consumer.py
[2024-05-07T19:29:08.325+0000] {processor.py:766} INFO - DAG(s) dict_keys(['consumer']) retrieved from /opt/airflow/dags/consumer.py
[2024-05-07T19:29:08.348+0000] {logging_mixin.py:120} INFO - [2024-05-07T19:29:08.348+0000] {dag.py:2585} INFO - Sync 1 DAGs
[2024-05-07T19:29:08.360+0000] {logging_mixin.py:120} INFO - [2024-05-07T19:29:08.360+0000] {dag.py:3340} INFO - Setting next_dagrun for consumer to None, run_after=None
[2024-05-07T19:29:08.371+0000] {processor.py:176} INFO - Processing /opt/airflow/dags/consumer.py took 0.071 seconds
[2024-05-07T19:29:39.052+0000] {processor.py:154} INFO - Started process (PID=492) to work on /opt/airflow/dags/consumer.py
[2024-05-07T19:29:39.053+0000] {processor.py:756} INFO - Processing file /opt/airflow/dags/consumer.py for tasks to queue
[2024-05-07T19:29:39.054+0000] {logging_mixin.py:120} INFO - [2024-05-07T19:29:39.054+0000] {dagbag.py:537} INFO - Filling up the DagBag from /opt/airflow/dags/consumer.py
[2024-05-07T19:29:39.071+0000] {processor.py:766} INFO - DAG(s) dict_keys(['consumer']) retrieved from /opt/airflow/dags/consumer.py
[2024-05-07T19:29:39.095+0000] {logging_mixin.py:120} INFO - [2024-05-07T19:29:39.095+0000] {dag.py:2585} INFO - Sync 1 DAGs
[2024-05-07T19:29:39.108+0000] {logging_mixin.py:120} INFO - [2024-05-07T19:29:39.108+0000] {dag.py:3340} INFO - Setting next_dagrun for consumer to None, run_after=None
[2024-05-07T19:29:39.121+0000] {processor.py:176} INFO - Processing /opt/airflow/dags/consumer.py took 0.072 seconds
[2024-05-07T19:30:10.314+0000] {processor.py:154} INFO - Started process (PID=529) to work on /opt/airflow/dags/consumer.py
[2024-05-07T19:30:10.316+0000] {processor.py:756} INFO - Processing file /opt/airflow/dags/consumer.py for tasks to queue
[2024-05-07T19:30:10.317+0000] {logging_mixin.py:120} INFO - [2024-05-07T19:30:10.317+0000] {dagbag.py:537} INFO - Filling up the DagBag from /opt/airflow/dags/consumer.py
[2024-05-07T19:30:10.345+0000] {processor.py:766} INFO - DAG(s) dict_keys(['consumer']) retrieved from /opt/airflow/dags/consumer.py
[2024-05-07T19:30:10.398+0000] {logging_mixin.py:120} INFO - [2024-05-07T19:30:10.397+0000] {dag.py:2585} INFO - Sync 1 DAGs
[2024-05-07T19:30:10.433+0000] {logging_mixin.py:120} INFO - [2024-05-07T19:30:10.433+0000] {dag.py:3340} INFO - Setting next_dagrun for consumer to None, run_after=None
[2024-05-07T19:30:10.449+0000] {processor.py:176} INFO - Processing /opt/airflow/dags/consumer.py took 0.139 seconds
[2024-05-07T19:30:41.471+0000] {processor.py:154} INFO - Started process (PID=566) to work on /opt/airflow/dags/consumer.py
[2024-05-07T19:30:41.472+0000] {processor.py:756} INFO - Processing file /opt/airflow/dags/consumer.py for tasks to queue
[2024-05-07T19:30:41.472+0000] {logging_mixin.py:120} INFO - [2024-05-07T19:30:41.472+0000] {dagbag.py:537} INFO - Filling up the DagBag from /opt/airflow/dags/consumer.py
[2024-05-07T19:30:41.490+0000] {processor.py:766} INFO - DAG(s) dict_keys(['consumer']) retrieved from /opt/airflow/dags/consumer.py
[2024-05-07T19:30:41.523+0000] {logging_mixin.py:120} INFO - [2024-05-07T19:30:41.523+0000] {dag.py:2585} INFO - Sync 1 DAGs
[2024-05-07T19:30:41.536+0000] {logging_mixin.py:120} INFO - [2024-05-07T19:30:41.536+0000] {dag.py:3340} INFO - Setting next_dagrun for consumer to None, run_after=None
[2024-05-07T19:30:41.549+0000] {processor.py:176} INFO - Processing /opt/airflow/dags/consumer.py took 0.080 seconds
[2024-05-07T19:31:15.501+0000] {processor.py:154} INFO - Started process (PID=605) to work on /opt/airflow/dags/consumer.py
[2024-05-07T19:31:15.508+0000] {processor.py:756} INFO - Processing file /opt/airflow/dags/consumer.py for tasks to queue
[2024-05-07T19:31:15.513+0000] {logging_mixin.py:120} INFO - [2024-05-07T19:31:15.512+0000] {dagbag.py:537} INFO - Filling up the DagBag from /opt/airflow/dags/consumer.py
[2024-05-07T19:31:15.598+0000] {processor.py:766} INFO - DAG(s) dict_keys(['consumer']) retrieved from /opt/airflow/dags/consumer.py
[2024-05-07T19:31:15.717+0000] {logging_mixin.py:120} INFO - [2024-05-07T19:31:15.717+0000] {dag.py:2585} INFO - Sync 1 DAGs
[2024-05-07T19:31:15.766+0000] {logging_mixin.py:120} INFO - [2024-05-07T19:31:15.766+0000] {dag.py:3340} INFO - Setting next_dagrun for consumer to None, run_after=None
[2024-05-07T19:31:15.793+0000] {processor.py:176} INFO - Processing /opt/airflow/dags/consumer.py took 0.306 seconds
[2024-05-07T19:31:46.247+0000] {processor.py:154} INFO - Started process (PID=632) to work on /opt/airflow/dags/consumer.py
[2024-05-07T19:31:46.248+0000] {processor.py:756} INFO - Processing file /opt/airflow/dags/consumer.py for tasks to queue
[2024-05-07T19:31:46.248+0000] {logging_mixin.py:120} INFO - [2024-05-07T19:31:46.248+0000] {dagbag.py:537} INFO - Filling up the DagBag from /opt/airflow/dags/consumer.py
[2024-05-07T19:31:46.264+0000] {processor.py:766} INFO - DAG(s) dict_keys(['consumer']) retrieved from /opt/airflow/dags/consumer.py
[2024-05-07T19:31:46.305+0000] {logging_mixin.py:120} INFO - [2024-05-07T19:31:46.305+0000] {dag.py:2585} INFO - Sync 1 DAGs
[2024-05-07T19:31:46.327+0000] {logging_mixin.py:120} INFO - [2024-05-07T19:31:46.327+0000] {dag.py:3340} INFO - Setting next_dagrun for consumer to None, run_after=None
[2024-05-07T19:31:46.354+0000] {processor.py:176} INFO - Processing /opt/airflow/dags/consumer.py took 0.109 seconds
[2024-05-07T19:32:17.349+0000] {processor.py:154} INFO - Started process (PID=668) to work on /opt/airflow/dags/consumer.py
[2024-05-07T19:32:17.351+0000] {processor.py:756} INFO - Processing file /opt/airflow/dags/consumer.py for tasks to queue
[2024-05-07T19:32:17.353+0000] {logging_mixin.py:120} INFO - [2024-05-07T19:32:17.352+0000] {dagbag.py:537} INFO - Filling up the DagBag from /opt/airflow/dags/consumer.py
[2024-05-07T19:32:17.403+0000] {processor.py:766} INFO - DAG(s) dict_keys(['consumer']) retrieved from /opt/airflow/dags/consumer.py
[2024-05-07T19:32:17.483+0000] {logging_mixin.py:120} INFO - [2024-05-07T19:32:17.483+0000] {dag.py:2585} INFO - Sync 1 DAGs
[2024-05-07T19:32:17.512+0000] {logging_mixin.py:120} INFO - [2024-05-07T19:32:17.512+0000] {dag.py:3340} INFO - Setting next_dagrun for consumer to None, run_after=None
[2024-05-07T19:32:17.544+0000] {processor.py:176} INFO - Processing /opt/airflow/dags/consumer.py took 0.200 seconds
[2024-05-07T19:32:48.293+0000] {processor.py:154} INFO - Started process (PID=695) to work on /opt/airflow/dags/consumer.py
[2024-05-07T19:32:48.295+0000] {processor.py:756} INFO - Processing file /opt/airflow/dags/consumer.py for tasks to queue
[2024-05-07T19:32:48.296+0000] {logging_mixin.py:120} INFO - [2024-05-07T19:32:48.296+0000] {dagbag.py:537} INFO - Filling up the DagBag from /opt/airflow/dags/consumer.py
[2024-05-07T19:32:48.346+0000] {processor.py:766} INFO - DAG(s) dict_keys(['consumer']) retrieved from /opt/airflow/dags/consumer.py
[2024-05-07T19:32:48.401+0000] {logging_mixin.py:120} INFO - [2024-05-07T19:32:48.400+0000] {dag.py:2585} INFO - Sync 1 DAGs
[2024-05-07T19:32:48.418+0000] {logging_mixin.py:120} INFO - [2024-05-07T19:32:48.418+0000] {dag.py:3340} INFO - Setting next_dagrun for consumer to None, run_after=None
[2024-05-07T19:32:48.454+0000] {processor.py:176} INFO - Processing /opt/airflow/dags/consumer.py took 0.167 seconds
[2024-05-07T19:33:18.936+0000] {processor.py:154} INFO - Started process (PID=732) to work on /opt/airflow/dags/consumer.py
[2024-05-07T19:33:18.945+0000] {processor.py:756} INFO - Processing file /opt/airflow/dags/consumer.py for tasks to queue
[2024-05-07T19:33:18.947+0000] {logging_mixin.py:120} INFO - [2024-05-07T19:33:18.947+0000] {dagbag.py:537} INFO - Filling up the DagBag from /opt/airflow/dags/consumer.py
[2024-05-07T19:33:19.030+0000] {processor.py:766} INFO - DAG(s) dict_keys(['consumer']) retrieved from /opt/airflow/dags/consumer.py
[2024-05-07T19:33:19.156+0000] {logging_mixin.py:120} INFO - [2024-05-07T19:33:19.156+0000] {dag.py:2585} INFO - Sync 1 DAGs
[2024-05-07T19:33:19.261+0000] {logging_mixin.py:120} INFO - [2024-05-07T19:33:19.261+0000] {dag.py:3340} INFO - Setting next_dagrun for consumer to None, run_after=None
[2024-05-07T19:33:19.305+0000] {processor.py:176} INFO - Processing /opt/airflow/dags/consumer.py took 0.375 seconds
[2024-05-07T19:33:50.180+0000] {processor.py:154} INFO - Started process (PID=759) to work on /opt/airflow/dags/consumer.py
[2024-05-07T19:33:50.182+0000] {processor.py:756} INFO - Processing file /opt/airflow/dags/consumer.py for tasks to queue
[2024-05-07T19:33:50.183+0000] {logging_mixin.py:120} INFO - [2024-05-07T19:33:50.183+0000] {dagbag.py:537} INFO - Filling up the DagBag from /opt/airflow/dags/consumer.py
[2024-05-07T19:33:50.227+0000] {processor.py:766} INFO - DAG(s) dict_keys(['consumer']) retrieved from /opt/airflow/dags/consumer.py
[2024-05-07T19:33:50.285+0000] {logging_mixin.py:120} INFO - [2024-05-07T19:33:50.285+0000] {dag.py:2585} INFO - Sync 1 DAGs
[2024-05-07T19:33:50.304+0000] {logging_mixin.py:120} INFO - [2024-05-07T19:33:50.304+0000] {dag.py:3340} INFO - Setting next_dagrun for consumer to None, run_after=None
[2024-05-07T19:33:50.317+0000] {processor.py:176} INFO - Processing /opt/airflow/dags/consumer.py took 0.145 seconds
[2024-05-07T19:34:20.997+0000] {processor.py:154} INFO - Started process (PID=793) to work on /opt/airflow/dags/consumer.py
[2024-05-07T19:34:20.999+0000] {processor.py:756} INFO - Processing file /opt/airflow/dags/consumer.py for tasks to queue
[2024-05-07T19:34:21.000+0000] {logging_mixin.py:120} INFO - [2024-05-07T19:34:21.000+0000] {dagbag.py:537} INFO - Filling up the DagBag from /opt/airflow/dags/consumer.py
[2024-05-07T19:34:21.056+0000] {processor.py:766} INFO - DAG(s) dict_keys(['consumer']) retrieved from /opt/airflow/dags/consumer.py
[2024-05-07T19:34:21.220+0000] {logging_mixin.py:120} INFO - [2024-05-07T19:34:21.219+0000] {dag.py:2585} INFO - Sync 1 DAGs
[2024-05-07T19:34:21.249+0000] {logging_mixin.py:120} INFO - [2024-05-07T19:34:21.248+0000] {dag.py:3340} INFO - Setting next_dagrun for consumer to None, run_after=None
[2024-05-07T19:34:21.284+0000] {processor.py:176} INFO - Processing /opt/airflow/dags/consumer.py took 0.296 seconds
[2024-05-07T19:34:52.247+0000] {processor.py:154} INFO - Started process (PID=830) to work on /opt/airflow/dags/consumer.py
[2024-05-07T19:34:52.265+0000] {processor.py:756} INFO - Processing file /opt/airflow/dags/consumer.py for tasks to queue
[2024-05-07T19:34:52.292+0000] {logging_mixin.py:120} INFO - [2024-05-07T19:34:52.291+0000] {dagbag.py:537} INFO - Filling up the DagBag from /opt/airflow/dags/consumer.py
[2024-05-07T19:34:52.377+0000] {processor.py:766} INFO - DAG(s) dict_keys(['consumer']) retrieved from /opt/airflow/dags/consumer.py
[2024-05-07T19:34:52.590+0000] {logging_mixin.py:120} INFO - [2024-05-07T19:34:52.589+0000] {dag.py:2585} INFO - Sync 1 DAGs
[2024-05-07T19:34:52.686+0000] {logging_mixin.py:120} INFO - [2024-05-07T19:34:52.685+0000] {dag.py:3340} INFO - Setting next_dagrun for consumer to None, run_after=None
[2024-05-07T19:34:52.802+0000] {processor.py:176} INFO - Processing /opt/airflow/dags/consumer.py took 0.569 seconds
[2024-05-07T19:35:23.534+0000] {processor.py:154} INFO - Started process (PID=857) to work on /opt/airflow/dags/consumer.py
[2024-05-07T19:35:23.536+0000] {processor.py:756} INFO - Processing file /opt/airflow/dags/consumer.py for tasks to queue
[2024-05-07T19:35:23.537+0000] {logging_mixin.py:120} INFO - [2024-05-07T19:35:23.537+0000] {dagbag.py:537} INFO - Filling up the DagBag from /opt/airflow/dags/consumer.py
[2024-05-07T19:35:23.638+0000] {processor.py:766} INFO - DAG(s) dict_keys(['consumer']) retrieved from /opt/airflow/dags/consumer.py
[2024-05-07T19:35:23.733+0000] {logging_mixin.py:120} INFO - [2024-05-07T19:35:23.733+0000] {dag.py:2585} INFO - Sync 1 DAGs
[2024-05-07T19:35:23.770+0000] {logging_mixin.py:120} INFO - [2024-05-07T19:35:23.769+0000] {dag.py:3340} INFO - Setting next_dagrun for consumer to None, run_after=None
[2024-05-07T19:35:23.796+0000] {processor.py:176} INFO - Processing /opt/airflow/dags/consumer.py took 0.269 seconds
[2024-05-07T19:35:54.198+0000] {processor.py:154} INFO - Started process (PID=893) to work on /opt/airflow/dags/consumer.py
[2024-05-07T19:35:54.202+0000] {processor.py:756} INFO - Processing file /opt/airflow/dags/consumer.py for tasks to queue
[2024-05-07T19:35:54.203+0000] {logging_mixin.py:120} INFO - [2024-05-07T19:35:54.203+0000] {dagbag.py:537} INFO - Filling up the DagBag from /opt/airflow/dags/consumer.py
[2024-05-07T19:35:54.250+0000] {processor.py:766} INFO - DAG(s) dict_keys(['consumer']) retrieved from /opt/airflow/dags/consumer.py
[2024-05-07T19:35:54.506+0000] {logging_mixin.py:120} INFO - [2024-05-07T19:35:54.505+0000] {dag.py:2585} INFO - Sync 1 DAGs
[2024-05-07T19:35:54.593+0000] {logging_mixin.py:120} INFO - [2024-05-07T19:35:54.593+0000] {dag.py:3340} INFO - Setting next_dagrun for consumer to None, run_after=None
[2024-05-07T19:35:54.739+0000] {processor.py:176} INFO - Processing /opt/airflow/dags/consumer.py took 0.546 seconds
[2024-05-07T19:36:25.354+0000] {processor.py:154} INFO - Started process (PID=921) to work on /opt/airflow/dags/consumer.py
[2024-05-07T19:36:25.357+0000] {processor.py:756} INFO - Processing file /opt/airflow/dags/consumer.py for tasks to queue
[2024-05-07T19:36:25.358+0000] {logging_mixin.py:120} INFO - [2024-05-07T19:36:25.358+0000] {dagbag.py:537} INFO - Filling up the DagBag from /opt/airflow/dags/consumer.py
[2024-05-07T19:36:25.398+0000] {processor.py:766} INFO - DAG(s) dict_keys(['consumer']) retrieved from /opt/airflow/dags/consumer.py
[2024-05-07T19:36:25.482+0000] {logging_mixin.py:120} INFO - [2024-05-07T19:36:25.482+0000] {dag.py:2585} INFO - Sync 1 DAGs
[2024-05-07T19:36:25.503+0000] {logging_mixin.py:120} INFO - [2024-05-07T19:36:25.503+0000] {dag.py:3340} INFO - Setting next_dagrun for consumer to None, run_after=None
[2024-05-07T19:36:25.521+0000] {processor.py:176} INFO - Processing /opt/airflow/dags/consumer.py took 0.173 seconds
[2024-05-07T19:36:57.832+0000] {processor.py:154} INFO - Started process (PID=955) to work on /opt/airflow/dags/consumer.py
[2024-05-07T19:36:57.835+0000] {processor.py:756} INFO - Processing file /opt/airflow/dags/consumer.py for tasks to queue
[2024-05-07T19:36:57.836+0000] {logging_mixin.py:120} INFO - [2024-05-07T19:36:57.836+0000] {dagbag.py:537} INFO - Filling up the DagBag from /opt/airflow/dags/consumer.py
[2024-05-07T19:36:57.928+0000] {processor.py:766} INFO - DAG(s) dict_keys(['consumer']) retrieved from /opt/airflow/dags/consumer.py
[2024-05-07T19:36:58.104+0000] {logging_mixin.py:120} INFO - [2024-05-07T19:36:58.097+0000] {dag.py:2585} INFO - Sync 1 DAGs
[2024-05-07T19:36:58.188+0000] {logging_mixin.py:120} INFO - [2024-05-07T19:36:58.187+0000] {dag.py:3340} INFO - Setting next_dagrun for consumer to None, run_after=None
[2024-05-07T19:36:58.274+0000] {processor.py:176} INFO - Processing /opt/airflow/dags/consumer.py took 0.429 seconds
[2024-05-07T19:37:28.646+0000] {processor.py:154} INFO - Started process (PID=983) to work on /opt/airflow/dags/consumer.py
[2024-05-07T19:37:28.650+0000] {processor.py:756} INFO - Processing file /opt/airflow/dags/consumer.py for tasks to queue
[2024-05-07T19:37:28.654+0000] {logging_mixin.py:120} INFO - [2024-05-07T19:37:28.654+0000] {dagbag.py:537} INFO - Filling up the DagBag from /opt/airflow/dags/consumer.py
[2024-05-07T19:37:28.715+0000] {processor.py:766} INFO - DAG(s) dict_keys(['consumer']) retrieved from /opt/airflow/dags/consumer.py
[2024-05-07T19:37:28.884+0000] {logging_mixin.py:120} INFO - [2024-05-07T19:37:28.884+0000] {dag.py:2585} INFO - Sync 1 DAGs
[2024-05-07T19:37:28.950+0000] {logging_mixin.py:120} INFO - [2024-05-07T19:37:28.949+0000] {dag.py:3340} INFO - Setting next_dagrun for consumer to None, run_after=None
[2024-05-07T19:37:29.039+0000] {processor.py:176} INFO - Processing /opt/airflow/dags/consumer.py took 0.405 seconds
[2024-05-07T19:37:59.512+0000] {processor.py:154} INFO - Started process (PID=1010) to work on /opt/airflow/dags/consumer.py
[2024-05-07T19:37:59.513+0000] {processor.py:756} INFO - Processing file /opt/airflow/dags/consumer.py for tasks to queue
[2024-05-07T19:37:59.514+0000] {logging_mixin.py:120} INFO - [2024-05-07T19:37:59.514+0000] {dagbag.py:537} INFO - Filling up the DagBag from /opt/airflow/dags/consumer.py
[2024-05-07T19:37:59.537+0000] {processor.py:766} INFO - DAG(s) dict_keys(['consumer']) retrieved from /opt/airflow/dags/consumer.py
[2024-05-07T19:37:59.559+0000] {logging_mixin.py:120} INFO - [2024-05-07T19:37:59.559+0000] {dag.py:2585} INFO - Sync 1 DAGs
[2024-05-07T19:37:59.575+0000] {logging_mixin.py:120} INFO - [2024-05-07T19:37:59.575+0000] {dag.py:3340} INFO - Setting next_dagrun for consumer to None, run_after=None
[2024-05-07T19:37:59.595+0000] {processor.py:176} INFO - Processing /opt/airflow/dags/consumer.py took 0.085 seconds
[2024-05-07T19:38:30.289+0000] {processor.py:154} INFO - Started process (PID=1045) to work on /opt/airflow/dags/consumer.py
[2024-05-07T19:38:30.290+0000] {processor.py:756} INFO - Processing file /opt/airflow/dags/consumer.py for tasks to queue
[2024-05-07T19:38:30.290+0000] {logging_mixin.py:120} INFO - [2024-05-07T19:38:30.290+0000] {dagbag.py:537} INFO - Filling up the DagBag from /opt/airflow/dags/consumer.py
[2024-05-07T19:38:30.324+0000] {processor.py:766} INFO - DAG(s) dict_keys(['consumer']) retrieved from /opt/airflow/dags/consumer.py
[2024-05-07T19:38:30.365+0000] {logging_mixin.py:120} INFO - [2024-05-07T19:38:30.365+0000] {dag.py:2585} INFO - Sync 1 DAGs
[2024-05-07T19:38:30.378+0000] {logging_mixin.py:120} INFO - [2024-05-07T19:38:30.378+0000] {dag.py:3340} INFO - Setting next_dagrun for consumer to None, run_after=None
[2024-05-07T19:38:30.391+0000] {processor.py:176} INFO - Processing /opt/airflow/dags/consumer.py took 0.103 seconds
[2024-05-07T19:39:01.120+0000] {processor.py:154} INFO - Started process (PID=1072) to work on /opt/airflow/dags/consumer.py
[2024-05-07T19:39:01.121+0000] {processor.py:756} INFO - Processing file /opt/airflow/dags/consumer.py for tasks to queue
[2024-05-07T19:39:01.122+0000] {logging_mixin.py:120} INFO - [2024-05-07T19:39:01.122+0000] {dagbag.py:537} INFO - Filling up the DagBag from /opt/airflow/dags/consumer.py
[2024-05-07T19:39:01.146+0000] {processor.py:766} INFO - DAG(s) dict_keys(['consumer']) retrieved from /opt/airflow/dags/consumer.py
[2024-05-07T19:39:01.188+0000] {logging_mixin.py:120} INFO - [2024-05-07T19:39:01.188+0000] {dag.py:2585} INFO - Sync 1 DAGs
[2024-05-07T19:39:01.202+0000] {logging_mixin.py:120} INFO - [2024-05-07T19:39:01.202+0000] {dag.py:3340} INFO - Setting next_dagrun for consumer to None, run_after=None
[2024-05-07T19:39:01.216+0000] {processor.py:176} INFO - Processing /opt/airflow/dags/consumer.py took 0.100 seconds
[2024-05-07T19:39:31.540+0000] {processor.py:154} INFO - Started process (PID=1109) to work on /opt/airflow/dags/consumer.py
[2024-05-07T19:39:31.542+0000] {processor.py:756} INFO - Processing file /opt/airflow/dags/consumer.py for tasks to queue
[2024-05-07T19:39:31.543+0000] {logging_mixin.py:120} INFO - [2024-05-07T19:39:31.543+0000] {dagbag.py:537} INFO - Filling up the DagBag from /opt/airflow/dags/consumer.py
[2024-05-07T19:39:31.586+0000] {processor.py:766} INFO - DAG(s) dict_keys(['consumer']) retrieved from /opt/airflow/dags/consumer.py
[2024-05-07T19:39:31.680+0000] {logging_mixin.py:120} INFO - [2024-05-07T19:39:31.677+0000] {dag.py:2585} INFO - Sync 1 DAGs
[2024-05-07T19:39:31.780+0000] {logging_mixin.py:120} INFO - [2024-05-07T19:39:31.779+0000] {dag.py:3340} INFO - Setting next_dagrun for consumer to None, run_after=None
[2024-05-07T19:39:31.856+0000] {processor.py:176} INFO - Processing /opt/airflow/dags/consumer.py took 0.318 seconds
[2024-05-07T19:40:02.268+0000] {processor.py:154} INFO - Started process (PID=1143) to work on /opt/airflow/dags/consumer.py
[2024-05-07T19:40:02.270+0000] {processor.py:756} INFO - Processing file /opt/airflow/dags/consumer.py for tasks to queue
[2024-05-07T19:40:02.271+0000] {logging_mixin.py:120} INFO - [2024-05-07T19:40:02.271+0000] {dagbag.py:537} INFO - Filling up the DagBag from /opt/airflow/dags/consumer.py
[2024-05-07T19:40:02.288+0000] {processor.py:766} INFO - DAG(s) dict_keys(['consumer']) retrieved from /opt/airflow/dags/consumer.py
[2024-05-07T19:40:02.322+0000] {logging_mixin.py:120} INFO - [2024-05-07T19:40:02.322+0000] {dag.py:2585} INFO - Sync 1 DAGs
[2024-05-07T19:40:02.341+0000] {logging_mixin.py:120} INFO - [2024-05-07T19:40:02.341+0000] {dag.py:3340} INFO - Setting next_dagrun for consumer to None, run_after=None
[2024-05-07T19:40:02.356+0000] {processor.py:176} INFO - Processing /opt/airflow/dags/consumer.py took 0.090 seconds
[2024-05-07T19:40:32.766+0000] {processor.py:154} INFO - Started process (PID=1173) to work on /opt/airflow/dags/consumer.py
[2024-05-07T19:40:32.768+0000] {processor.py:756} INFO - Processing file /opt/airflow/dags/consumer.py for tasks to queue
[2024-05-07T19:40:32.769+0000] {logging_mixin.py:120} INFO - [2024-05-07T19:40:32.769+0000] {dagbag.py:537} INFO - Filling up the DagBag from /opt/airflow/dags/consumer.py
[2024-05-07T19:40:32.783+0000] {processor.py:766} INFO - DAG(s) dict_keys(['consumer']) retrieved from /opt/airflow/dags/consumer.py
[2024-05-07T19:40:32.804+0000] {logging_mixin.py:120} INFO - [2024-05-07T19:40:32.804+0000] {dag.py:2585} INFO - Sync 1 DAGs
[2024-05-07T19:40:32.816+0000] {logging_mixin.py:120} INFO - [2024-05-07T19:40:32.816+0000] {dag.py:3340} INFO - Setting next_dagrun for consumer to None, run_after=None
[2024-05-07T19:40:32.826+0000] {processor.py:176} INFO - Processing /opt/airflow/dags/consumer.py took 0.062 seconds
[2024-05-07T19:41:03.265+0000] {processor.py:154} INFO - Started process (PID=1210) to work on /opt/airflow/dags/consumer.py
[2024-05-07T19:41:03.266+0000] {processor.py:756} INFO - Processing file /opt/airflow/dags/consumer.py for tasks to queue
[2024-05-07T19:41:03.266+0000] {logging_mixin.py:120} INFO - [2024-05-07T19:41:03.266+0000] {dagbag.py:537} INFO - Filling up the DagBag from /opt/airflow/dags/consumer.py
[2024-05-07T19:41:03.293+0000] {processor.py:766} INFO - DAG(s) dict_keys(['consumer']) retrieved from /opt/airflow/dags/consumer.py
[2024-05-07T19:41:03.319+0000] {logging_mixin.py:120} INFO - [2024-05-07T19:41:03.319+0000] {dag.py:2585} INFO - Sync 1 DAGs
[2024-05-07T19:41:03.331+0000] {logging_mixin.py:120} INFO - [2024-05-07T19:41:03.331+0000] {dag.py:3340} INFO - Setting next_dagrun for consumer to None, run_after=None
[2024-05-07T19:41:03.342+0000] {processor.py:176} INFO - Processing /opt/airflow/dags/consumer.py took 0.078 seconds
[2024-05-07T19:41:33.470+0000] {processor.py:154} INFO - Started process (PID=1238) to work on /opt/airflow/dags/consumer.py
[2024-05-07T19:41:33.471+0000] {processor.py:756} INFO - Processing file /opt/airflow/dags/consumer.py for tasks to queue
[2024-05-07T19:41:33.472+0000] {logging_mixin.py:120} INFO - [2024-05-07T19:41:33.472+0000] {dagbag.py:537} INFO - Filling up the DagBag from /opt/airflow/dags/consumer.py
[2024-05-07T19:41:33.489+0000] {processor.py:766} INFO - DAG(s) dict_keys(['consumer']) retrieved from /opt/airflow/dags/consumer.py
[2024-05-07T19:41:33.544+0000] {logging_mixin.py:120} INFO - [2024-05-07T19:41:33.544+0000] {dag.py:2585} INFO - Sync 1 DAGs
[2024-05-07T19:41:33.560+0000] {logging_mixin.py:120} INFO - [2024-05-07T19:41:33.560+0000] {dag.py:3340} INFO - Setting next_dagrun for consumer to None, run_after=None
[2024-05-07T19:41:33.576+0000] {processor.py:176} INFO - Processing /opt/airflow/dags/consumer.py took 0.109 seconds
[2024-05-07T19:42:04.138+0000] {processor.py:154} INFO - Started process (PID=1274) to work on /opt/airflow/dags/consumer.py
[2024-05-07T19:42:04.140+0000] {processor.py:756} INFO - Processing file /opt/airflow/dags/consumer.py for tasks to queue
[2024-05-07T19:42:04.140+0000] {logging_mixin.py:120} INFO - [2024-05-07T19:42:04.140+0000] {dagbag.py:537} INFO - Filling up the DagBag from /opt/airflow/dags/consumer.py
[2024-05-07T19:42:04.161+0000] {processor.py:766} INFO - DAG(s) dict_keys(['consumer']) retrieved from /opt/airflow/dags/consumer.py
[2024-05-07T19:42:04.190+0000] {logging_mixin.py:120} INFO - [2024-05-07T19:42:04.190+0000] {dag.py:2585} INFO - Sync 1 DAGs
[2024-05-07T19:42:04.206+0000] {logging_mixin.py:120} INFO - [2024-05-07T19:42:04.206+0000] {dag.py:3340} INFO - Setting next_dagrun for consumer to None, run_after=None
[2024-05-07T19:42:04.219+0000] {processor.py:176} INFO - Processing /opt/airflow/dags/consumer.py took 0.086 seconds
[2024-05-07T19:42:35.849+0000] {processor.py:154} INFO - Started process (PID=1312) to work on /opt/airflow/dags/consumer.py
[2024-05-07T19:42:35.850+0000] {processor.py:756} INFO - Processing file /opt/airflow/dags/consumer.py for tasks to queue
[2024-05-07T19:42:35.850+0000] {logging_mixin.py:120} INFO - [2024-05-07T19:42:35.850+0000] {dagbag.py:537} INFO - Filling up the DagBag from /opt/airflow/dags/consumer.py
[2024-05-07T19:42:35.885+0000] {processor.py:766} INFO - DAG(s) dict_keys(['consumer']) retrieved from /opt/airflow/dags/consumer.py
[2024-05-07T19:42:35.922+0000] {logging_mixin.py:120} INFO - [2024-05-07T19:42:35.922+0000] {dag.py:2585} INFO - Sync 1 DAGs
[2024-05-07T19:42:35.938+0000] {logging_mixin.py:120} INFO - [2024-05-07T19:42:35.938+0000] {dag.py:3340} INFO - Setting next_dagrun for consumer to None, run_after=None
[2024-05-07T19:42:35.951+0000] {processor.py:176} INFO - Processing /opt/airflow/dags/consumer.py took 0.105 seconds
[2024-05-07T19:43:07.998+0000] {processor.py:154} INFO - Started process (PID=1339) to work on /opt/airflow/dags/consumer.py
[2024-05-07T19:43:08.000+0000] {processor.py:756} INFO - Processing file /opt/airflow/dags/consumer.py for tasks to queue
[2024-05-07T19:43:08.000+0000] {logging_mixin.py:120} INFO - [2024-05-07T19:43:08.000+0000] {dagbag.py:537} INFO - Filling up the DagBag from /opt/airflow/dags/consumer.py
[2024-05-07T19:43:08.033+0000] {processor.py:766} INFO - DAG(s) dict_keys(['consumer']) retrieved from /opt/airflow/dags/consumer.py
[2024-05-07T19:43:08.070+0000] {logging_mixin.py:120} INFO - [2024-05-07T19:43:08.070+0000] {dag.py:2585} INFO - Sync 1 DAGs
[2024-05-07T19:43:08.088+0000] {logging_mixin.py:120} INFO - [2024-05-07T19:43:08.088+0000] {dag.py:3340} INFO - Setting next_dagrun for consumer to None, run_after=None
[2024-05-07T19:43:08.102+0000] {processor.py:176} INFO - Processing /opt/airflow/dags/consumer.py took 0.106 seconds
[2024-05-07T19:43:38.284+0000] {processor.py:154} INFO - Started process (PID=1375) to work on /opt/airflow/dags/consumer.py
[2024-05-07T19:43:38.286+0000] {processor.py:756} INFO - Processing file /opt/airflow/dags/consumer.py for tasks to queue
[2024-05-07T19:43:38.286+0000] {logging_mixin.py:120} INFO - [2024-05-07T19:43:38.286+0000] {dagbag.py:537} INFO - Filling up the DagBag from /opt/airflow/dags/consumer.py
[2024-05-07T19:43:38.311+0000] {processor.py:766} INFO - DAG(s) dict_keys(['consumer']) retrieved from /opt/airflow/dags/consumer.py
[2024-05-07T19:43:38.353+0000] {logging_mixin.py:120} INFO - [2024-05-07T19:43:38.353+0000] {dag.py:2585} INFO - Sync 1 DAGs
[2024-05-07T19:43:38.371+0000] {logging_mixin.py:120} INFO - [2024-05-07T19:43:38.371+0000] {dag.py:3340} INFO - Setting next_dagrun for consumer to None, run_after=None
[2024-05-07T19:43:38.401+0000] {processor.py:176} INFO - Processing /opt/airflow/dags/consumer.py took 0.119 seconds
[2024-05-07T19:44:08.728+0000] {processor.py:154} INFO - Started process (PID=1412) to work on /opt/airflow/dags/consumer.py
[2024-05-07T19:44:08.730+0000] {processor.py:756} INFO - Processing file /opt/airflow/dags/consumer.py for tasks to queue
[2024-05-07T19:44:08.731+0000] {logging_mixin.py:120} INFO - [2024-05-07T19:44:08.731+0000] {dagbag.py:537} INFO - Filling up the DagBag from /opt/airflow/dags/consumer.py
[2024-05-07T19:44:08.758+0000] {processor.py:766} INFO - DAG(s) dict_keys(['consumer']) retrieved from /opt/airflow/dags/consumer.py
[2024-05-07T19:44:08.803+0000] {logging_mixin.py:120} INFO - [2024-05-07T19:44:08.803+0000] {dag.py:2585} INFO - Sync 1 DAGs
[2024-05-07T19:44:08.830+0000] {logging_mixin.py:120} INFO - [2024-05-07T19:44:08.830+0000] {dag.py:3340} INFO - Setting next_dagrun for consumer to None, run_after=None
[2024-05-07T19:44:08.867+0000] {processor.py:176} INFO - Processing /opt/airflow/dags/consumer.py took 0.142 seconds
[2024-05-07T19:44:39.255+0000] {processor.py:154} INFO - Started process (PID=1448) to work on /opt/airflow/dags/consumer.py
[2024-05-07T19:44:39.256+0000] {processor.py:756} INFO - Processing file /opt/airflow/dags/consumer.py for tasks to queue
[2024-05-07T19:44:39.256+0000] {logging_mixin.py:120} INFO - [2024-05-07T19:44:39.256+0000] {dagbag.py:537} INFO - Filling up the DagBag from /opt/airflow/dags/consumer.py
[2024-05-07T19:44:39.272+0000] {processor.py:766} INFO - DAG(s) dict_keys(['consumer']) retrieved from /opt/airflow/dags/consumer.py
[2024-05-07T19:44:39.293+0000] {logging_mixin.py:120} INFO - [2024-05-07T19:44:39.293+0000] {dag.py:2585} INFO - Sync 1 DAGs
[2024-05-07T19:44:39.306+0000] {logging_mixin.py:120} INFO - [2024-05-07T19:44:39.306+0000] {dag.py:3340} INFO - Setting next_dagrun for consumer to None, run_after=None
[2024-05-07T19:44:39.318+0000] {processor.py:176} INFO - Processing /opt/airflow/dags/consumer.py took 0.065 seconds
[2024-05-07T19:45:09.506+0000] {processor.py:154} INFO - Started process (PID=1476) to work on /opt/airflow/dags/consumer.py
[2024-05-07T19:45:09.508+0000] {processor.py:756} INFO - Processing file /opt/airflow/dags/consumer.py for tasks to queue
[2024-05-07T19:45:09.509+0000] {logging_mixin.py:120} INFO - [2024-05-07T19:45:09.508+0000] {dagbag.py:537} INFO - Filling up the DagBag from /opt/airflow/dags/consumer.py
[2024-05-07T19:45:09.527+0000] {processor.py:766} INFO - DAG(s) dict_keys(['consumer']) retrieved from /opt/airflow/dags/consumer.py
[2024-05-07T19:45:09.552+0000] {logging_mixin.py:120} INFO - [2024-05-07T19:45:09.552+0000] {dag.py:2585} INFO - Sync 1 DAGs
[2024-05-07T19:45:09.566+0000] {logging_mixin.py:120} INFO - [2024-05-07T19:45:09.566+0000] {dag.py:3340} INFO - Setting next_dagrun for consumer to None, run_after=None
[2024-05-07T19:45:09.577+0000] {processor.py:176} INFO - Processing /opt/airflow/dags/consumer.py took 0.076 seconds
[2024-05-07T19:45:40.213+0000] {processor.py:154} INFO - Started process (PID=1513) to work on /opt/airflow/dags/consumer.py
[2024-05-07T19:45:40.214+0000] {processor.py:756} INFO - Processing file /opt/airflow/dags/consumer.py for tasks to queue
[2024-05-07T19:45:40.214+0000] {logging_mixin.py:120} INFO - [2024-05-07T19:45:40.214+0000] {dagbag.py:537} INFO - Filling up the DagBag from /opt/airflow/dags/consumer.py
[2024-05-07T19:45:40.231+0000] {processor.py:766} INFO - DAG(s) dict_keys(['consumer']) retrieved from /opt/airflow/dags/consumer.py
[2024-05-07T19:45:40.260+0000] {logging_mixin.py:120} INFO - [2024-05-07T19:45:40.260+0000] {dag.py:2585} INFO - Sync 1 DAGs
[2024-05-07T19:45:40.273+0000] {logging_mixin.py:120} INFO - [2024-05-07T19:45:40.273+0000] {dag.py:3340} INFO - Setting next_dagrun for consumer to None, run_after=None
[2024-05-07T19:45:40.286+0000] {processor.py:176} INFO - Processing /opt/airflow/dags/consumer.py took 0.075 seconds
[2024-05-07T19:46:10.707+0000] {processor.py:154} INFO - Started process (PID=1541) to work on /opt/airflow/dags/consumer.py
[2024-05-07T19:46:10.707+0000] {processor.py:756} INFO - Processing file /opt/airflow/dags/consumer.py for tasks to queue
[2024-05-07T19:46:10.708+0000] {logging_mixin.py:120} INFO - [2024-05-07T19:46:10.708+0000] {dagbag.py:537} INFO - Filling up the DagBag from /opt/airflow/dags/consumer.py
[2024-05-07T19:46:10.728+0000] {processor.py:766} INFO - DAG(s) dict_keys(['consumer']) retrieved from /opt/airflow/dags/consumer.py
[2024-05-07T19:46:10.775+0000] {logging_mixin.py:120} INFO - [2024-05-07T19:46:10.775+0000] {dag.py:2585} INFO - Sync 1 DAGs
[2024-05-07T19:46:10.788+0000] {logging_mixin.py:120} INFO - [2024-05-07T19:46:10.788+0000] {dag.py:3340} INFO - Setting next_dagrun for consumer to None, run_after=None
[2024-05-07T19:46:10.799+0000] {processor.py:176} INFO - Processing /opt/airflow/dags/consumer.py took 0.095 seconds
[2024-05-07T19:46:41.102+0000] {processor.py:154} INFO - Started process (PID=1578) to work on /opt/airflow/dags/consumer.py
[2024-05-07T19:46:41.103+0000] {processor.py:756} INFO - Processing file /opt/airflow/dags/consumer.py for tasks to queue
[2024-05-07T19:46:41.104+0000] {logging_mixin.py:120} INFO - [2024-05-07T19:46:41.103+0000] {dagbag.py:537} INFO - Filling up the DagBag from /opt/airflow/dags/consumer.py
[2024-05-07T19:46:41.120+0000] {processor.py:766} INFO - DAG(s) dict_keys(['consumer']) retrieved from /opt/airflow/dags/consumer.py
[2024-05-07T19:46:41.151+0000] {logging_mixin.py:120} INFO - [2024-05-07T19:46:41.151+0000] {dag.py:2585} INFO - Sync 1 DAGs
[2024-05-07T19:46:41.179+0000] {logging_mixin.py:120} INFO - [2024-05-07T19:46:41.179+0000] {dag.py:3340} INFO - Setting next_dagrun for consumer to None, run_after=None
[2024-05-07T19:46:41.203+0000] {processor.py:176} INFO - Processing /opt/airflow/dags/consumer.py took 0.104 seconds
[2024-05-07T19:47:12.011+0000] {processor.py:154} INFO - Started process (PID=1606) to work on /opt/airflow/dags/consumer.py
[2024-05-07T19:47:12.012+0000] {processor.py:756} INFO - Processing file /opt/airflow/dags/consumer.py for tasks to queue
[2024-05-07T19:47:12.013+0000] {logging_mixin.py:120} INFO - [2024-05-07T19:47:12.013+0000] {dagbag.py:537} INFO - Filling up the DagBag from /opt/airflow/dags/consumer.py
[2024-05-07T19:47:12.028+0000] {processor.py:766} INFO - DAG(s) dict_keys(['consumer']) retrieved from /opt/airflow/dags/consumer.py
[2024-05-07T19:47:12.054+0000] {logging_mixin.py:120} INFO - [2024-05-07T19:47:12.054+0000] {dag.py:2585} INFO - Sync 1 DAGs
[2024-05-07T19:47:12.066+0000] {logging_mixin.py:120} INFO - [2024-05-07T19:47:12.066+0000] {dag.py:3340} INFO - Setting next_dagrun for consumer to None, run_after=None
[2024-05-07T19:47:12.080+0000] {processor.py:176} INFO - Processing /opt/airflow/dags/consumer.py took 0.073 seconds
[2024-05-07T19:47:42.423+0000] {processor.py:154} INFO - Started process (PID=1642) to work on /opt/airflow/dags/consumer.py
[2024-05-07T19:47:42.424+0000] {processor.py:756} INFO - Processing file /opt/airflow/dags/consumer.py for tasks to queue
[2024-05-07T19:47:42.424+0000] {logging_mixin.py:120} INFO - [2024-05-07T19:47:42.424+0000] {dagbag.py:537} INFO - Filling up the DagBag from /opt/airflow/dags/consumer.py
[2024-05-07T19:47:42.440+0000] {processor.py:766} INFO - DAG(s) dict_keys(['consumer']) retrieved from /opt/airflow/dags/consumer.py
[2024-05-07T19:47:42.466+0000] {logging_mixin.py:120} INFO - [2024-05-07T19:47:42.466+0000] {dag.py:2585} INFO - Sync 1 DAGs
[2024-05-07T19:47:42.479+0000] {logging_mixin.py:120} INFO - [2024-05-07T19:47:42.479+0000] {dag.py:3340} INFO - Setting next_dagrun for consumer to None, run_after=None
[2024-05-07T19:47:42.492+0000] {processor.py:176} INFO - Processing /opt/airflow/dags/consumer.py took 0.072 seconds
[2024-05-07T19:48:13.141+0000] {processor.py:154} INFO - Started process (PID=1679) to work on /opt/airflow/dags/consumer.py
[2024-05-07T19:48:13.142+0000] {processor.py:756} INFO - Processing file /opt/airflow/dags/consumer.py for tasks to queue
[2024-05-07T19:48:13.143+0000] {logging_mixin.py:120} INFO - [2024-05-07T19:48:13.143+0000] {dagbag.py:537} INFO - Filling up the DagBag from /opt/airflow/dags/consumer.py
[2024-05-07T19:48:13.156+0000] {processor.py:766} INFO - DAG(s) dict_keys(['consumer']) retrieved from /opt/airflow/dags/consumer.py
[2024-05-07T19:48:13.177+0000] {logging_mixin.py:120} INFO - [2024-05-07T19:48:13.177+0000] {dag.py:2585} INFO - Sync 1 DAGs
[2024-05-07T19:48:13.191+0000] {logging_mixin.py:120} INFO - [2024-05-07T19:48:13.191+0000] {dag.py:3340} INFO - Setting next_dagrun for consumer to None, run_after=None
[2024-05-07T19:48:13.203+0000] {processor.py:176} INFO - Processing /opt/airflow/dags/consumer.py took 0.063 seconds
[2024-05-07T19:48:43.367+0000] {processor.py:154} INFO - Started process (PID=1715) to work on /opt/airflow/dags/consumer.py
[2024-05-07T19:48:43.368+0000] {processor.py:756} INFO - Processing file /opt/airflow/dags/consumer.py for tasks to queue
[2024-05-07T19:48:43.369+0000] {logging_mixin.py:120} INFO - [2024-05-07T19:48:43.369+0000] {dagbag.py:537} INFO - Filling up the DagBag from /opt/airflow/dags/consumer.py
[2024-05-07T19:48:43.385+0000] {processor.py:766} INFO - DAG(s) dict_keys(['consumer']) retrieved from /opt/airflow/dags/consumer.py
[2024-05-07T19:48:43.409+0000] {logging_mixin.py:120} INFO - [2024-05-07T19:48:43.409+0000] {dag.py:2585} INFO - Sync 1 DAGs
[2024-05-07T19:48:43.428+0000] {logging_mixin.py:120} INFO - [2024-05-07T19:48:43.428+0000] {dag.py:3340} INFO - Setting next_dagrun for consumer to None, run_after=None
[2024-05-07T19:48:43.454+0000] {processor.py:176} INFO - Processing /opt/airflow/dags/consumer.py took 0.090 seconds
[2024-05-07T19:49:13.690+0000] {processor.py:154} INFO - Started process (PID=1742) to work on /opt/airflow/dags/consumer.py
[2024-05-07T19:49:13.691+0000] {processor.py:756} INFO - Processing file /opt/airflow/dags/consumer.py for tasks to queue
[2024-05-07T19:49:13.692+0000] {logging_mixin.py:120} INFO - [2024-05-07T19:49:13.692+0000] {dagbag.py:537} INFO - Filling up the DagBag from /opt/airflow/dags/consumer.py
[2024-05-07T19:49:13.709+0000] {processor.py:766} INFO - DAG(s) dict_keys(['consumer']) retrieved from /opt/airflow/dags/consumer.py
[2024-05-07T19:49:13.732+0000] {logging_mixin.py:120} INFO - [2024-05-07T19:49:13.732+0000] {dag.py:2585} INFO - Sync 1 DAGs
[2024-05-07T19:49:13.744+0000] {logging_mixin.py:120} INFO - [2024-05-07T19:49:13.744+0000] {dag.py:3340} INFO - Setting next_dagrun for consumer to None, run_after=None
[2024-05-07T19:49:13.759+0000] {processor.py:176} INFO - Processing /opt/airflow/dags/consumer.py took 0.071 seconds
[2024-05-07T19:49:44.372+0000] {processor.py:154} INFO - Started process (PID=1778) to work on /opt/airflow/dags/consumer.py
[2024-05-07T19:49:44.372+0000] {processor.py:756} INFO - Processing file /opt/airflow/dags/consumer.py for tasks to queue
[2024-05-07T19:49:44.373+0000] {logging_mixin.py:120} INFO - [2024-05-07T19:49:44.373+0000] {dagbag.py:537} INFO - Filling up the DagBag from /opt/airflow/dags/consumer.py
[2024-05-07T19:49:44.390+0000] {processor.py:766} INFO - DAG(s) dict_keys(['consumer']) retrieved from /opt/airflow/dags/consumer.py
[2024-05-07T19:49:44.414+0000] {logging_mixin.py:120} INFO - [2024-05-07T19:49:44.413+0000] {dag.py:2585} INFO - Sync 1 DAGs
[2024-05-07T19:49:44.426+0000] {logging_mixin.py:120} INFO - [2024-05-07T19:49:44.426+0000] {dag.py:3340} INFO - Setting next_dagrun for consumer to None, run_after=None
[2024-05-07T19:49:44.438+0000] {processor.py:176} INFO - Processing /opt/airflow/dags/consumer.py took 0.068 seconds
[2024-05-07T19:50:20.829+0000] {processor.py:154} INFO - Started process (PID=1815) to work on /opt/airflow/dags/consumer.py
[2024-05-07T19:50:20.838+0000] {processor.py:756} INFO - Processing file /opt/airflow/dags/consumer.py for tasks to queue
[2024-05-07T19:50:20.847+0000] {logging_mixin.py:120} INFO - [2024-05-07T19:50:20.846+0000] {dagbag.py:537} INFO - Filling up the DagBag from /opt/airflow/dags/consumer.py
[2024-05-07T19:50:21.263+0000] {processor.py:766} INFO - DAG(s) dict_keys(['consumer']) retrieved from /opt/airflow/dags/consumer.py
[2024-05-07T19:50:21.868+0000] {logging_mixin.py:120} INFO - [2024-05-07T19:50:21.867+0000] {dag.py:2585} INFO - Sync 1 DAGs
[2024-05-07T19:50:23.274+0000] {logging_mixin.py:120} INFO - [2024-05-07T19:50:23.273+0000] {dag.py:3340} INFO - Setting next_dagrun for consumer to None, run_after=None
[2024-05-07T19:50:23.418+0000] {processor.py:176} INFO - Processing /opt/airflow/dags/consumer.py took 2.602 seconds
[2024-05-07T19:50:54.129+0000] {processor.py:154} INFO - Started process (PID=1844) to work on /opt/airflow/dags/consumer.py
[2024-05-07T19:50:54.135+0000] {processor.py:756} INFO - Processing file /opt/airflow/dags/consumer.py for tasks to queue
[2024-05-07T19:50:54.141+0000] {logging_mixin.py:120} INFO - [2024-05-07T19:50:54.140+0000] {dagbag.py:537} INFO - Filling up the DagBag from /opt/airflow/dags/consumer.py
[2024-05-07T19:50:54.175+0000] {processor.py:766} INFO - DAG(s) dict_keys(['consumer']) retrieved from /opt/airflow/dags/consumer.py
[2024-05-07T19:50:54.247+0000] {logging_mixin.py:120} INFO - [2024-05-07T19:50:54.247+0000] {dag.py:2585} INFO - Sync 1 DAGs
[2024-05-07T19:50:54.268+0000] {logging_mixin.py:120} INFO - [2024-05-07T19:50:54.267+0000] {dag.py:3340} INFO - Setting next_dagrun for consumer to None, run_after=None
[2024-05-07T19:50:54.282+0000] {processor.py:176} INFO - Processing /opt/airflow/dags/consumer.py took 0.158 seconds
[2024-05-07T19:51:24.419+0000] {processor.py:154} INFO - Started process (PID=1881) to work on /opt/airflow/dags/consumer.py
[2024-05-07T19:51:24.420+0000] {processor.py:756} INFO - Processing file /opt/airflow/dags/consumer.py for tasks to queue
[2024-05-07T19:51:24.421+0000] {logging_mixin.py:120} INFO - [2024-05-07T19:51:24.421+0000] {dagbag.py:537} INFO - Filling up the DagBag from /opt/airflow/dags/consumer.py
[2024-05-07T19:51:24.463+0000] {processor.py:766} INFO - DAG(s) dict_keys(['consumer']) retrieved from /opt/airflow/dags/consumer.py
[2024-05-07T19:51:24.532+0000] {logging_mixin.py:120} INFO - [2024-05-07T19:51:24.532+0000] {dag.py:2585} INFO - Sync 1 DAGs
[2024-05-07T19:51:24.550+0000] {logging_mixin.py:120} INFO - [2024-05-07T19:51:24.550+0000] {dag.py:3340} INFO - Setting next_dagrun for consumer to None, run_after=None
[2024-05-07T19:51:24.564+0000] {processor.py:176} INFO - Processing /opt/airflow/dags/consumer.py took 0.156 seconds
[2024-05-07T19:51:55.391+0000] {processor.py:154} INFO - Started process (PID=1918) to work on /opt/airflow/dags/consumer.py
[2024-05-07T19:51:55.393+0000] {processor.py:756} INFO - Processing file /opt/airflow/dags/consumer.py for tasks to queue
[2024-05-07T19:51:55.394+0000] {logging_mixin.py:120} INFO - [2024-05-07T19:51:55.394+0000] {dagbag.py:537} INFO - Filling up the DagBag from /opt/airflow/dags/consumer.py
[2024-05-07T19:51:55.441+0000] {processor.py:766} INFO - DAG(s) dict_keys(['consumer']) retrieved from /opt/airflow/dags/consumer.py
[2024-05-07T19:51:55.500+0000] {logging_mixin.py:120} INFO - [2024-05-07T19:51:55.500+0000] {dag.py:2585} INFO - Sync 1 DAGs
[2024-05-07T19:51:55.519+0000] {logging_mixin.py:120} INFO - [2024-05-07T19:51:55.519+0000] {dag.py:3340} INFO - Setting next_dagrun for consumer to None, run_after=None
[2024-05-07T19:51:55.538+0000] {processor.py:176} INFO - Processing /opt/airflow/dags/consumer.py took 0.150 seconds
[2024-05-07T19:52:26.391+0000] {processor.py:154} INFO - Started process (PID=1954) to work on /opt/airflow/dags/consumer.py
[2024-05-07T19:52:26.393+0000] {processor.py:756} INFO - Processing file /opt/airflow/dags/consumer.py for tasks to queue
[2024-05-07T19:52:26.394+0000] {logging_mixin.py:120} INFO - [2024-05-07T19:52:26.394+0000] {dagbag.py:537} INFO - Filling up the DagBag from /opt/airflow/dags/consumer.py
[2024-05-07T19:52:26.438+0000] {processor.py:766} INFO - DAG(s) dict_keys(['consumer']) retrieved from /opt/airflow/dags/consumer.py
[2024-05-07T19:52:26.505+0000] {logging_mixin.py:120} INFO - [2024-05-07T19:52:26.505+0000] {dag.py:2585} INFO - Sync 1 DAGs
[2024-05-07T19:52:26.526+0000] {logging_mixin.py:120} INFO - [2024-05-07T19:52:26.526+0000] {dag.py:3340} INFO - Setting next_dagrun for consumer to None, run_after=None
[2024-05-07T19:52:26.540+0000] {processor.py:176} INFO - Processing /opt/airflow/dags/consumer.py took 0.155 seconds
[2024-05-07T19:52:56.982+0000] {processor.py:154} INFO - Started process (PID=1982) to work on /opt/airflow/dags/consumer.py
[2024-05-07T19:52:56.988+0000] {processor.py:756} INFO - Processing file /opt/airflow/dags/consumer.py for tasks to queue
[2024-05-07T19:52:56.989+0000] {logging_mixin.py:120} INFO - [2024-05-07T19:52:56.989+0000] {dagbag.py:537} INFO - Filling up the DagBag from /opt/airflow/dags/consumer.py
[2024-05-07T19:52:57.055+0000] {processor.py:766} INFO - DAG(s) dict_keys(['consumer']) retrieved from /opt/airflow/dags/consumer.py
[2024-05-07T19:52:57.118+0000] {logging_mixin.py:120} INFO - [2024-05-07T19:52:57.118+0000] {dag.py:2585} INFO - Sync 1 DAGs
[2024-05-07T19:52:57.148+0000] {logging_mixin.py:120} INFO - [2024-05-07T19:52:57.148+0000] {dag.py:3340} INFO - Setting next_dagrun for consumer to None, run_after=None
[2024-05-07T19:52:57.186+0000] {processor.py:176} INFO - Processing /opt/airflow/dags/consumer.py took 0.217 seconds
[2024-05-07T19:53:27.295+0000] {processor.py:154} INFO - Started process (PID=2019) to work on /opt/airflow/dags/consumer.py
[2024-05-07T19:53:27.297+0000] {processor.py:756} INFO - Processing file /opt/airflow/dags/consumer.py for tasks to queue
[2024-05-07T19:53:27.298+0000] {logging_mixin.py:120} INFO - [2024-05-07T19:53:27.298+0000] {dagbag.py:537} INFO - Filling up the DagBag from /opt/airflow/dags/consumer.py
[2024-05-07T19:53:27.332+0000] {processor.py:766} INFO - DAG(s) dict_keys(['consumer']) retrieved from /opt/airflow/dags/consumer.py
[2024-05-07T19:53:27.372+0000] {logging_mixin.py:120} INFO - [2024-05-07T19:53:27.372+0000] {dag.py:2585} INFO - Sync 1 DAGs
[2024-05-07T19:53:27.390+0000] {logging_mixin.py:120} INFO - [2024-05-07T19:53:27.390+0000] {dag.py:3340} INFO - Setting next_dagrun for consumer to None, run_after=None
[2024-05-07T19:53:27.405+0000] {processor.py:176} INFO - Processing /opt/airflow/dags/consumer.py took 0.117 seconds
[2024-05-07T19:53:57.719+0000] {processor.py:154} INFO - Started process (PID=2057) to work on /opt/airflow/dags/consumer.py
[2024-05-07T19:53:57.721+0000] {processor.py:756} INFO - Processing file /opt/airflow/dags/consumer.py for tasks to queue
[2024-05-07T19:53:57.722+0000] {logging_mixin.py:120} INFO - [2024-05-07T19:53:57.722+0000] {dagbag.py:537} INFO - Filling up the DagBag from /opt/airflow/dags/consumer.py
[2024-05-07T19:53:57.754+0000] {processor.py:766} INFO - DAG(s) dict_keys(['consumer']) retrieved from /opt/airflow/dags/consumer.py
[2024-05-07T19:53:57.788+0000] {logging_mixin.py:120} INFO - [2024-05-07T19:53:57.788+0000] {dag.py:2585} INFO - Sync 1 DAGs
[2024-05-07T19:53:57.804+0000] {logging_mixin.py:120} INFO - [2024-05-07T19:53:57.804+0000] {dag.py:3340} INFO - Setting next_dagrun for consumer to None, run_after=None
[2024-05-07T19:53:57.816+0000] {processor.py:176} INFO - Processing /opt/airflow/dags/consumer.py took 0.102 seconds
[2024-05-07T19:54:28.164+0000] {processor.py:154} INFO - Started process (PID=2093) to work on /opt/airflow/dags/consumer.py
[2024-05-07T19:54:28.167+0000] {processor.py:756} INFO - Processing file /opt/airflow/dags/consumer.py for tasks to queue
[2024-05-07T19:54:28.168+0000] {logging_mixin.py:120} INFO - [2024-05-07T19:54:28.167+0000] {dagbag.py:537} INFO - Filling up the DagBag from /opt/airflow/dags/consumer.py
[2024-05-07T19:54:28.200+0000] {processor.py:766} INFO - DAG(s) dict_keys(['consumer']) retrieved from /opt/airflow/dags/consumer.py
[2024-05-07T19:54:28.267+0000] {logging_mixin.py:120} INFO - [2024-05-07T19:54:28.267+0000] {dag.py:2585} INFO - Sync 1 DAGs
[2024-05-07T19:54:28.301+0000] {logging_mixin.py:120} INFO - [2024-05-07T19:54:28.301+0000] {dag.py:3340} INFO - Setting next_dagrun for consumer to None, run_after=None
[2024-05-07T19:54:28.318+0000] {processor.py:176} INFO - Processing /opt/airflow/dags/consumer.py took 0.162 seconds
[2024-05-07T19:54:58.478+0000] {processor.py:154} INFO - Started process (PID=2129) to work on /opt/airflow/dags/consumer.py
[2024-05-07T19:54:58.480+0000] {processor.py:756} INFO - Processing file /opt/airflow/dags/consumer.py for tasks to queue
[2024-05-07T19:54:58.481+0000] {logging_mixin.py:120} INFO - [2024-05-07T19:54:58.481+0000] {dagbag.py:537} INFO - Filling up the DagBag from /opt/airflow/dags/consumer.py
[2024-05-07T19:54:58.505+0000] {processor.py:766} INFO - DAG(s) dict_keys(['consumer']) retrieved from /opt/airflow/dags/consumer.py
[2024-05-07T19:54:58.539+0000] {logging_mixin.py:120} INFO - [2024-05-07T19:54:58.538+0000] {dag.py:2585} INFO - Sync 1 DAGs
[2024-05-07T19:54:58.558+0000] {logging_mixin.py:120} INFO - [2024-05-07T19:54:58.558+0000] {dag.py:3340} INFO - Setting next_dagrun for consumer to None, run_after=None
[2024-05-07T19:54:58.577+0000] {processor.py:176} INFO - Processing /opt/airflow/dags/consumer.py took 0.103 seconds
[2024-05-07T19:55:29.222+0000] {processor.py:154} INFO - Started process (PID=2156) to work on /opt/airflow/dags/consumer.py
[2024-05-07T19:55:29.225+0000] {processor.py:756} INFO - Processing file /opt/airflow/dags/consumer.py for tasks to queue
[2024-05-07T19:55:29.226+0000] {logging_mixin.py:120} INFO - [2024-05-07T19:55:29.225+0000] {dagbag.py:537} INFO - Filling up the DagBag from /opt/airflow/dags/consumer.py
[2024-05-07T19:55:29.278+0000] {processor.py:766} INFO - DAG(s) dict_keys(['consumer']) retrieved from /opt/airflow/dags/consumer.py
[2024-05-07T19:55:29.320+0000] {logging_mixin.py:120} INFO - [2024-05-07T19:55:29.320+0000] {dag.py:2585} INFO - Sync 1 DAGs
[2024-05-07T19:55:29.338+0000] {logging_mixin.py:120} INFO - [2024-05-07T19:55:29.338+0000] {dag.py:3340} INFO - Setting next_dagrun for consumer to None, run_after=None
[2024-05-07T19:55:29.352+0000] {processor.py:176} INFO - Processing /opt/airflow/dags/consumer.py took 0.134 seconds
[2024-05-07T19:56:00.066+0000] {processor.py:154} INFO - Started process (PID=2193) to work on /opt/airflow/dags/consumer.py
[2024-05-07T19:56:00.072+0000] {processor.py:756} INFO - Processing file /opt/airflow/dags/consumer.py for tasks to queue
[2024-05-07T19:56:00.075+0000] {logging_mixin.py:120} INFO - [2024-05-07T19:56:00.075+0000] {dagbag.py:537} INFO - Filling up the DagBag from /opt/airflow/dags/consumer.py
[2024-05-07T19:56:00.115+0000] {processor.py:766} INFO - DAG(s) dict_keys(['consumer']) retrieved from /opt/airflow/dags/consumer.py
[2024-05-07T19:56:00.152+0000] {logging_mixin.py:120} INFO - [2024-05-07T19:56:00.152+0000] {dag.py:2585} INFO - Sync 1 DAGs
[2024-05-07T19:56:00.171+0000] {logging_mixin.py:120} INFO - [2024-05-07T19:56:00.171+0000] {dag.py:3340} INFO - Setting next_dagrun for consumer to None, run_after=None
[2024-05-07T19:56:00.193+0000] {processor.py:176} INFO - Processing /opt/airflow/dags/consumer.py took 0.139 seconds
[2024-05-07T19:56:30.266+0000] {processor.py:154} INFO - Started process (PID=2229) to work on /opt/airflow/dags/consumer.py
[2024-05-07T19:56:30.267+0000] {processor.py:756} INFO - Processing file /opt/airflow/dags/consumer.py for tasks to queue
[2024-05-07T19:56:30.268+0000] {logging_mixin.py:120} INFO - [2024-05-07T19:56:30.268+0000] {dagbag.py:537} INFO - Filling up the DagBag from /opt/airflow/dags/consumer.py
[2024-05-07T19:56:30.289+0000] {processor.py:766} INFO - DAG(s) dict_keys(['consumer']) retrieved from /opt/airflow/dags/consumer.py
[2024-05-07T19:56:30.324+0000] {logging_mixin.py:120} INFO - [2024-05-07T19:56:30.324+0000] {dag.py:2585} INFO - Sync 1 DAGs
[2024-05-07T19:56:30.341+0000] {logging_mixin.py:120} INFO - [2024-05-07T19:56:30.341+0000] {dag.py:3340} INFO - Setting next_dagrun for consumer to None, run_after=None
[2024-05-07T19:56:30.355+0000] {processor.py:176} INFO - Processing /opt/airflow/dags/consumer.py took 0.098 seconds
[2024-05-07T19:57:00.714+0000] {processor.py:154} INFO - Started process (PID=2265) to work on /opt/airflow/dags/consumer.py
[2024-05-07T19:57:00.716+0000] {processor.py:756} INFO - Processing file /opt/airflow/dags/consumer.py for tasks to queue
[2024-05-07T19:57:00.717+0000] {logging_mixin.py:120} INFO - [2024-05-07T19:57:00.717+0000] {dagbag.py:537} INFO - Filling up the DagBag from /opt/airflow/dags/consumer.py
[2024-05-07T19:57:00.744+0000] {processor.py:766} INFO - DAG(s) dict_keys(['consumer']) retrieved from /opt/airflow/dags/consumer.py
[2024-05-07T19:57:00.788+0000] {logging_mixin.py:120} INFO - [2024-05-07T19:57:00.788+0000] {dag.py:2585} INFO - Sync 1 DAGs
[2024-05-07T19:57:00.805+0000] {logging_mixin.py:120} INFO - [2024-05-07T19:57:00.805+0000] {dag.py:3340} INFO - Setting next_dagrun for consumer to None, run_after=None
[2024-05-07T19:57:00.818+0000] {processor.py:176} INFO - Processing /opt/airflow/dags/consumer.py took 0.112 seconds
[2024-05-07T19:57:30.897+0000] {processor.py:154} INFO - Started process (PID=2301) to work on /opt/airflow/dags/consumer.py
[2024-05-07T19:57:30.899+0000] {processor.py:756} INFO - Processing file /opt/airflow/dags/consumer.py for tasks to queue
[2024-05-07T19:57:30.900+0000] {logging_mixin.py:120} INFO - [2024-05-07T19:57:30.900+0000] {dagbag.py:537} INFO - Filling up the DagBag from /opt/airflow/dags/consumer.py
[2024-05-07T19:57:30.924+0000] {processor.py:766} INFO - DAG(s) dict_keys(['consumer']) retrieved from /opt/airflow/dags/consumer.py
[2024-05-07T19:57:30.951+0000] {logging_mixin.py:120} INFO - [2024-05-07T19:57:30.951+0000] {dag.py:2585} INFO - Sync 1 DAGs
[2024-05-07T19:57:30.964+0000] {logging_mixin.py:120} INFO - [2024-05-07T19:57:30.964+0000] {dag.py:3340} INFO - Setting next_dagrun for consumer to None, run_after=None
[2024-05-07T19:57:30.976+0000] {processor.py:176} INFO - Processing /opt/airflow/dags/consumer.py took 0.084 seconds
[2024-05-07T19:58:01.503+0000] {processor.py:154} INFO - Started process (PID=2329) to work on /opt/airflow/dags/consumer.py
[2024-05-07T19:58:01.508+0000] {processor.py:756} INFO - Processing file /opt/airflow/dags/consumer.py for tasks to queue
[2024-05-07T19:58:01.509+0000] {logging_mixin.py:120} INFO - [2024-05-07T19:58:01.509+0000] {dagbag.py:537} INFO - Filling up the DagBag from /opt/airflow/dags/consumer.py
[2024-05-07T19:58:01.533+0000] {processor.py:766} INFO - DAG(s) dict_keys(['consumer']) retrieved from /opt/airflow/dags/consumer.py
[2024-05-07T19:58:01.580+0000] {logging_mixin.py:120} INFO - [2024-05-07T19:58:01.580+0000] {dag.py:2585} INFO - Sync 1 DAGs
[2024-05-07T19:58:01.619+0000] {logging_mixin.py:120} INFO - [2024-05-07T19:58:01.619+0000] {dag.py:3340} INFO - Setting next_dagrun for consumer to None, run_after=None
[2024-05-07T19:58:01.639+0000] {processor.py:176} INFO - Processing /opt/airflow/dags/consumer.py took 0.142 seconds
[2024-05-07T19:58:31.835+0000] {processor.py:154} INFO - Started process (PID=2365) to work on /opt/airflow/dags/consumer.py
[2024-05-07T19:58:31.837+0000] {processor.py:756} INFO - Processing file /opt/airflow/dags/consumer.py for tasks to queue
[2024-05-07T19:58:31.838+0000] {logging_mixin.py:120} INFO - [2024-05-07T19:58:31.838+0000] {dagbag.py:537} INFO - Filling up the DagBag from /opt/airflow/dags/consumer.py
[2024-05-07T19:58:31.861+0000] {processor.py:766} INFO - DAG(s) dict_keys(['consumer']) retrieved from /opt/airflow/dags/consumer.py
[2024-05-07T19:58:31.896+0000] {logging_mixin.py:120} INFO - [2024-05-07T19:58:31.896+0000] {dag.py:2585} INFO - Sync 1 DAGs
[2024-05-07T19:58:31.910+0000] {logging_mixin.py:120} INFO - [2024-05-07T19:58:31.910+0000] {dag.py:3340} INFO - Setting next_dagrun for consumer to None, run_after=None
[2024-05-07T19:58:31.923+0000] {processor.py:176} INFO - Processing /opt/airflow/dags/consumer.py took 0.092 seconds
[2024-05-07T19:59:02.687+0000] {processor.py:154} INFO - Started process (PID=2402) to work on /opt/airflow/dags/consumer.py
[2024-05-07T19:59:02.688+0000] {processor.py:756} INFO - Processing file /opt/airflow/dags/consumer.py for tasks to queue
[2024-05-07T19:59:02.689+0000] {logging_mixin.py:120} INFO - [2024-05-07T19:59:02.689+0000] {dagbag.py:537} INFO - Filling up the DagBag from /opt/airflow/dags/consumer.py
[2024-05-07T19:59:02.713+0000] {processor.py:766} INFO - DAG(s) dict_keys(['consumer']) retrieved from /opt/airflow/dags/consumer.py
[2024-05-07T19:59:02.740+0000] {logging_mixin.py:120} INFO - [2024-05-07T19:59:02.740+0000] {dag.py:2585} INFO - Sync 1 DAGs
[2024-05-07T19:59:02.754+0000] {logging_mixin.py:120} INFO - [2024-05-07T19:59:02.754+0000] {dag.py:3340} INFO - Setting next_dagrun for consumer to None, run_after=None
[2024-05-07T19:59:02.767+0000] {processor.py:176} INFO - Processing /opt/airflow/dags/consumer.py took 0.086 seconds
[2024-05-07T19:59:33.550+0000] {processor.py:154} INFO - Started process (PID=2439) to work on /opt/airflow/dags/consumer.py
[2024-05-07T19:59:33.551+0000] {processor.py:756} INFO - Processing file /opt/airflow/dags/consumer.py for tasks to queue
[2024-05-07T19:59:33.553+0000] {logging_mixin.py:120} INFO - [2024-05-07T19:59:33.552+0000] {dagbag.py:537} INFO - Filling up the DagBag from /opt/airflow/dags/consumer.py
[2024-05-07T19:59:33.580+0000] {processor.py:766} INFO - DAG(s) dict_keys(['consumer']) retrieved from /opt/airflow/dags/consumer.py
[2024-05-07T19:59:33.609+0000] {logging_mixin.py:120} INFO - [2024-05-07T19:59:33.609+0000] {dag.py:2585} INFO - Sync 1 DAGs
[2024-05-07T19:59:33.628+0000] {logging_mixin.py:120} INFO - [2024-05-07T19:59:33.627+0000] {dag.py:3340} INFO - Setting next_dagrun for consumer to None, run_after=None
[2024-05-07T19:59:33.645+0000] {processor.py:176} INFO - Processing /opt/airflow/dags/consumer.py took 0.100 seconds
[2024-05-07T20:00:03.889+0000] {processor.py:154} INFO - Started process (PID=2476) to work on /opt/airflow/dags/consumer.py
[2024-05-07T20:00:03.891+0000] {processor.py:756} INFO - Processing file /opt/airflow/dags/consumer.py for tasks to queue
[2024-05-07T20:00:03.893+0000] {logging_mixin.py:120} INFO - [2024-05-07T20:00:03.893+0000] {dagbag.py:537} INFO - Filling up the DagBag from /opt/airflow/dags/consumer.py
[2024-05-07T20:00:03.957+0000] {processor.py:766} INFO - DAG(s) dict_keys(['consumer']) retrieved from /opt/airflow/dags/consumer.py
[2024-05-07T20:00:04.014+0000] {logging_mixin.py:120} INFO - [2024-05-07T20:00:04.013+0000] {dag.py:2585} INFO - Sync 1 DAGs
[2024-05-07T20:00:04.050+0000] {logging_mixin.py:120} INFO - [2024-05-07T20:00:04.049+0000] {dag.py:3340} INFO - Setting next_dagrun for consumer to None, run_after=None
[2024-05-07T20:00:04.072+0000] {processor.py:176} INFO - Processing /opt/airflow/dags/consumer.py took 0.186 seconds
[2024-05-07T20:00:34.366+0000] {processor.py:154} INFO - Started process (PID=2513) to work on /opt/airflow/dags/consumer.py
[2024-05-07T20:00:34.368+0000] {processor.py:756} INFO - Processing file /opt/airflow/dags/consumer.py for tasks to queue
[2024-05-07T20:00:34.371+0000] {logging_mixin.py:120} INFO - [2024-05-07T20:00:34.370+0000] {dagbag.py:537} INFO - Filling up the DagBag from /opt/airflow/dags/consumer.py
[2024-05-07T20:00:34.397+0000] {processor.py:766} INFO - DAG(s) dict_keys(['consumer']) retrieved from /opt/airflow/dags/consumer.py
[2024-05-07T20:00:34.443+0000] {logging_mixin.py:120} INFO - [2024-05-07T20:00:34.443+0000] {dag.py:2585} INFO - Sync 1 DAGs
[2024-05-07T20:00:34.481+0000] {logging_mixin.py:120} INFO - [2024-05-07T20:00:34.481+0000] {dag.py:3340} INFO - Setting next_dagrun for consumer to None, run_after=None
[2024-05-07T20:00:34.508+0000] {processor.py:176} INFO - Processing /opt/airflow/dags/consumer.py took 0.145 seconds
[2024-05-07T20:01:04.605+0000] {processor.py:154} INFO - Started process (PID=2539) to work on /opt/airflow/dags/consumer.py
[2024-05-07T20:01:04.608+0000] {processor.py:756} INFO - Processing file /opt/airflow/dags/consumer.py for tasks to queue
[2024-05-07T20:01:04.609+0000] {logging_mixin.py:120} INFO - [2024-05-07T20:01:04.609+0000] {dagbag.py:537} INFO - Filling up the DagBag from /opt/airflow/dags/consumer.py
[2024-05-07T20:01:04.634+0000] {processor.py:766} INFO - DAG(s) dict_keys(['consumer']) retrieved from /opt/airflow/dags/consumer.py
[2024-05-07T20:01:04.676+0000] {logging_mixin.py:120} INFO - [2024-05-07T20:01:04.676+0000] {dag.py:2585} INFO - Sync 1 DAGs
[2024-05-07T20:01:04.691+0000] {logging_mixin.py:120} INFO - [2024-05-07T20:01:04.691+0000] {dag.py:3340} INFO - Setting next_dagrun for consumer to None, run_after=None
[2024-05-07T20:01:04.703+0000] {processor.py:176} INFO - Processing /opt/airflow/dags/consumer.py took 0.103 seconds
[2024-05-07T20:01:34.918+0000] {processor.py:154} INFO - Started process (PID=2575) to work on /opt/airflow/dags/consumer.py
[2024-05-07T20:01:34.918+0000] {processor.py:756} INFO - Processing file /opt/airflow/dags/consumer.py for tasks to queue
[2024-05-07T20:01:34.919+0000] {logging_mixin.py:120} INFO - [2024-05-07T20:01:34.919+0000] {dagbag.py:537} INFO - Filling up the DagBag from /opt/airflow/dags/consumer.py
[2024-05-07T20:01:34.933+0000] {processor.py:766} INFO - DAG(s) dict_keys(['consumer']) retrieved from /opt/airflow/dags/consumer.py
[2024-05-07T20:01:34.960+0000] {logging_mixin.py:120} INFO - [2024-05-07T20:01:34.959+0000] {dag.py:2585} INFO - Sync 1 DAGs
[2024-05-07T20:01:34.989+0000] {logging_mixin.py:120} INFO - [2024-05-07T20:01:34.989+0000] {dag.py:3340} INFO - Setting next_dagrun for consumer to None, run_after=None
[2024-05-07T20:01:35.003+0000] {processor.py:176} INFO - Processing /opt/airflow/dags/consumer.py took 0.087 seconds
