[2024-05-07T19:22:45.962+0000] {processor.py:154} INFO - Started process (PID=52) to work on /opt/airflow/dags/elastic_dag.py
[2024-05-07T19:22:45.964+0000] {processor.py:756} INFO - Processing file /opt/airflow/dags/elastic_dag.py for tasks to queue
[2024-05-07T19:22:45.970+0000] {logging_mixin.py:120} INFO - [2024-05-07T19:22:45.970+0000] {dagbag.py:537} INFO - Filling up the DagBag from /opt/airflow/dags/elastic_dag.py
[2024-05-07T19:22:47.141+0000] {processor.py:766} INFO - DAG(s) dict_keys(['elastic_dag']) retrieved from /opt/airflow/dags/elastic_dag.py
[2024-05-07T19:22:47.249+0000] {logging_mixin.py:120} INFO - [2024-05-07T19:22:47.248+0000] {dag.py:2585} INFO - Sync 1 DAGs
[2024-05-07T19:22:47.339+0000] {logging_mixin.py:120} INFO - [2024-05-07T19:22:47.339+0000] {dag.py:3340} INFO - Setting next_dagrun for elastic_dag to 2024-05-06T00:00:00+00:00, run_after=2024-05-07T00:00:00+00:00
[2024-05-07T19:22:47.388+0000] {processor.py:176} INFO - Processing /opt/airflow/dags/elastic_dag.py took 1.431 seconds
[2024-05-07T19:23:17.813+0000] {processor.py:154} INFO - Started process (PID=78) to work on /opt/airflow/dags/elastic_dag.py
[2024-05-07T19:23:17.834+0000] {processor.py:756} INFO - Processing file /opt/airflow/dags/elastic_dag.py for tasks to queue
[2024-05-07T19:23:17.870+0000] {logging_mixin.py:120} INFO - [2024-05-07T19:23:17.870+0000] {dagbag.py:537} INFO - Filling up the DagBag from /opt/airflow/dags/elastic_dag.py
[2024-05-07T19:23:22.395+0000] {processor.py:766} INFO - DAG(s) dict_keys(['elastic_dag']) retrieved from /opt/airflow/dags/elastic_dag.py
[2024-05-07T19:23:23.131+0000] {logging_mixin.py:120} INFO - [2024-05-07T19:23:23.128+0000] {dag.py:2585} INFO - Sync 1 DAGs
[2024-05-07T19:23:23.547+0000] {logging_mixin.py:120} INFO - [2024-05-07T19:23:23.543+0000] {dag.py:3340} INFO - Setting next_dagrun for elastic_dag to 2024-05-06T00:00:00+00:00, run_after=2024-05-07T00:00:00+00:00
[2024-05-07T19:23:23.690+0000] {processor.py:176} INFO - Processing /opt/airflow/dags/elastic_dag.py took 5.930 seconds
[2024-05-07T19:23:54.550+0000] {processor.py:154} INFO - Started process (PID=117) to work on /opt/airflow/dags/elastic_dag.py
[2024-05-07T19:23:54.553+0000] {processor.py:756} INFO - Processing file /opt/airflow/dags/elastic_dag.py for tasks to queue
[2024-05-07T19:23:54.555+0000] {logging_mixin.py:120} INFO - [2024-05-07T19:23:54.555+0000] {dagbag.py:537} INFO - Filling up the DagBag from /opt/airflow/dags/elastic_dag.py
[2024-05-07T19:23:55.219+0000] {processor.py:766} INFO - DAG(s) dict_keys(['elastic_dag']) retrieved from /opt/airflow/dags/elastic_dag.py
[2024-05-07T19:23:55.470+0000] {logging_mixin.py:120} INFO - [2024-05-07T19:23:55.468+0000] {dag.py:2585} INFO - Sync 1 DAGs
[2024-05-07T19:23:55.574+0000] {logging_mixin.py:120} INFO - [2024-05-07T19:23:55.574+0000] {dag.py:3340} INFO - Setting next_dagrun for elastic_dag to 2024-05-06T00:00:00+00:00, run_after=2024-05-07T00:00:00+00:00
[2024-05-07T19:23:55.615+0000] {processor.py:176} INFO - Processing /opt/airflow/dags/elastic_dag.py took 1.070 seconds
[2024-05-07T19:24:25.821+0000] {processor.py:154} INFO - Started process (PID=144) to work on /opt/airflow/dags/elastic_dag.py
[2024-05-07T19:24:25.825+0000] {processor.py:756} INFO - Processing file /opt/airflow/dags/elastic_dag.py for tasks to queue
[2024-05-07T19:24:25.826+0000] {logging_mixin.py:120} INFO - [2024-05-07T19:24:25.826+0000] {dagbag.py:537} INFO - Filling up the DagBag from /opt/airflow/dags/elastic_dag.py
[2024-05-07T19:24:28.170+0000] {processor.py:766} INFO - DAG(s) dict_keys(['elastic_dag']) retrieved from /opt/airflow/dags/elastic_dag.py
[2024-05-07T19:24:28.499+0000] {logging_mixin.py:120} INFO - [2024-05-07T19:24:28.499+0000] {dag.py:2585} INFO - Sync 1 DAGs
[2024-05-07T19:24:28.692+0000] {logging_mixin.py:120} INFO - [2024-05-07T19:24:28.692+0000] {dag.py:3340} INFO - Setting next_dagrun for elastic_dag to 2024-05-06T00:00:00+00:00, run_after=2024-05-07T00:00:00+00:00
[2024-05-07T19:24:28.745+0000] {processor.py:176} INFO - Processing /opt/airflow/dags/elastic_dag.py took 2.909 seconds
[2024-05-07T19:24:59.613+0000] {processor.py:154} INFO - Started process (PID=180) to work on /opt/airflow/dags/elastic_dag.py
[2024-05-07T19:24:59.615+0000] {processor.py:756} INFO - Processing file /opt/airflow/dags/elastic_dag.py for tasks to queue
[2024-05-07T19:24:59.616+0000] {logging_mixin.py:120} INFO - [2024-05-07T19:24:59.616+0000] {dagbag.py:537} INFO - Filling up the DagBag from /opt/airflow/dags/elastic_dag.py
[2024-05-07T19:25:00.222+0000] {processor.py:766} INFO - DAG(s) dict_keys(['elastic_dag']) retrieved from /opt/airflow/dags/elastic_dag.py
[2024-05-07T19:25:00.284+0000] {logging_mixin.py:120} INFO - [2024-05-07T19:25:00.284+0000] {dag.py:2585} INFO - Sync 1 DAGs
[2024-05-07T19:25:00.317+0000] {logging_mixin.py:120} INFO - [2024-05-07T19:25:00.317+0000] {dag.py:3340} INFO - Setting next_dagrun for elastic_dag to 2024-05-06T00:00:00+00:00, run_after=2024-05-07T00:00:00+00:00
[2024-05-07T19:25:00.337+0000] {processor.py:176} INFO - Processing /opt/airflow/dags/elastic_dag.py took 0.735 seconds
[2024-05-07T19:25:31.268+0000] {processor.py:154} INFO - Started process (PID=217) to work on /opt/airflow/dags/elastic_dag.py
[2024-05-07T19:25:31.273+0000] {processor.py:756} INFO - Processing file /opt/airflow/dags/elastic_dag.py for tasks to queue
[2024-05-07T19:25:31.274+0000] {logging_mixin.py:120} INFO - [2024-05-07T19:25:31.274+0000] {dagbag.py:537} INFO - Filling up the DagBag from /opt/airflow/dags/elastic_dag.py
[2024-05-07T19:25:31.657+0000] {processor.py:766} INFO - DAG(s) dict_keys(['elastic_dag']) retrieved from /opt/airflow/dags/elastic_dag.py
[2024-05-07T19:25:31.709+0000] {logging_mixin.py:120} INFO - [2024-05-07T19:25:31.709+0000] {dag.py:2585} INFO - Sync 1 DAGs
[2024-05-07T19:25:31.731+0000] {logging_mixin.py:120} INFO - [2024-05-07T19:25:31.731+0000] {dag.py:3340} INFO - Setting next_dagrun for elastic_dag to 2024-05-06T00:00:00+00:00, run_after=2024-05-07T00:00:00+00:00
[2024-05-07T19:25:31.743+0000] {processor.py:176} INFO - Processing /opt/airflow/dags/elastic_dag.py took 0.478 seconds
[2024-05-07T19:26:02.592+0000] {processor.py:154} INFO - Started process (PID=254) to work on /opt/airflow/dags/elastic_dag.py
[2024-05-07T19:26:02.594+0000] {processor.py:756} INFO - Processing file /opt/airflow/dags/elastic_dag.py for tasks to queue
[2024-05-07T19:26:02.595+0000] {logging_mixin.py:120} INFO - [2024-05-07T19:26:02.595+0000] {dagbag.py:537} INFO - Filling up the DagBag from /opt/airflow/dags/elastic_dag.py
[2024-05-07T19:26:02.977+0000] {processor.py:766} INFO - DAG(s) dict_keys(['elastic_dag']) retrieved from /opt/airflow/dags/elastic_dag.py
[2024-05-07T19:26:03.030+0000] {logging_mixin.py:120} INFO - [2024-05-07T19:26:03.029+0000] {dag.py:2585} INFO - Sync 1 DAGs
[2024-05-07T19:26:03.074+0000] {logging_mixin.py:120} INFO - [2024-05-07T19:26:03.074+0000] {dag.py:3340} INFO - Setting next_dagrun for elastic_dag to 2024-05-06T00:00:00+00:00, run_after=2024-05-07T00:00:00+00:00
[2024-05-07T19:26:03.090+0000] {processor.py:176} INFO - Processing /opt/airflow/dags/elastic_dag.py took 0.511 seconds
[2024-05-07T19:26:33.136+0000] {processor.py:154} INFO - Started process (PID=290) to work on /opt/airflow/dags/elastic_dag.py
[2024-05-07T19:26:33.137+0000] {processor.py:756} INFO - Processing file /opt/airflow/dags/elastic_dag.py for tasks to queue
[2024-05-07T19:26:33.138+0000] {logging_mixin.py:120} INFO - [2024-05-07T19:26:33.138+0000] {dagbag.py:537} INFO - Filling up the DagBag from /opt/airflow/dags/elastic_dag.py
[2024-05-07T19:26:33.470+0000] {processor.py:766} INFO - DAG(s) dict_keys(['elastic_dag']) retrieved from /opt/airflow/dags/elastic_dag.py
[2024-05-07T19:26:33.518+0000] {logging_mixin.py:120} INFO - [2024-05-07T19:26:33.518+0000] {dag.py:2585} INFO - Sync 1 DAGs
[2024-05-07T19:26:33.539+0000] {logging_mixin.py:120} INFO - [2024-05-07T19:26:33.539+0000] {dag.py:3340} INFO - Setting next_dagrun for elastic_dag to 2024-05-06T00:00:00+00:00, run_after=2024-05-07T00:00:00+00:00
[2024-05-07T19:26:33.561+0000] {processor.py:176} INFO - Processing /opt/airflow/dags/elastic_dag.py took 0.430 seconds
[2024-05-07T19:27:04.135+0000] {processor.py:154} INFO - Started process (PID=317) to work on /opt/airflow/dags/elastic_dag.py
[2024-05-07T19:27:04.137+0000] {processor.py:756} INFO - Processing file /opt/airflow/dags/elastic_dag.py for tasks to queue
[2024-05-07T19:27:04.139+0000] {logging_mixin.py:120} INFO - [2024-05-07T19:27:04.139+0000] {dagbag.py:537} INFO - Filling up the DagBag from /opt/airflow/dags/elastic_dag.py
[2024-05-07T19:27:04.704+0000] {processor.py:766} INFO - DAG(s) dict_keys(['elastic_dag']) retrieved from /opt/airflow/dags/elastic_dag.py
[2024-05-07T19:27:04.750+0000] {logging_mixin.py:120} INFO - [2024-05-07T19:27:04.750+0000] {dag.py:2585} INFO - Sync 1 DAGs
[2024-05-07T19:27:04.768+0000] {logging_mixin.py:120} INFO - [2024-05-07T19:27:04.768+0000] {dag.py:3340} INFO - Setting next_dagrun for elastic_dag to 2024-05-06T00:00:00+00:00, run_after=2024-05-07T00:00:00+00:00
[2024-05-07T19:27:04.783+0000] {processor.py:176} INFO - Processing /opt/airflow/dags/elastic_dag.py took 0.657 seconds
[2024-05-07T19:27:34.987+0000] {processor.py:154} INFO - Started process (PID=352) to work on /opt/airflow/dags/elastic_dag.py
[2024-05-07T19:27:34.998+0000] {processor.py:756} INFO - Processing file /opt/airflow/dags/elastic_dag.py for tasks to queue
[2024-05-07T19:27:35.000+0000] {logging_mixin.py:120} INFO - [2024-05-07T19:27:35.000+0000] {dagbag.py:537} INFO - Filling up the DagBag from /opt/airflow/dags/elastic_dag.py
[2024-05-07T19:27:35.402+0000] {processor.py:766} INFO - DAG(s) dict_keys(['elastic_dag']) retrieved from /opt/airflow/dags/elastic_dag.py
[2024-05-07T19:27:35.431+0000] {logging_mixin.py:120} INFO - [2024-05-07T19:27:35.431+0000] {dag.py:2585} INFO - Sync 1 DAGs
[2024-05-07T19:27:35.451+0000] {logging_mixin.py:120} INFO - [2024-05-07T19:27:35.451+0000] {dag.py:3340} INFO - Setting next_dagrun for elastic_dag to 2024-05-06T00:00:00+00:00, run_after=2024-05-07T00:00:00+00:00
[2024-05-07T19:27:35.469+0000] {processor.py:176} INFO - Processing /opt/airflow/dags/elastic_dag.py took 0.499 seconds
[2024-05-07T19:28:06.144+0000] {processor.py:154} INFO - Started process (PID=388) to work on /opt/airflow/dags/elastic_dag.py
[2024-05-07T19:28:06.147+0000] {processor.py:756} INFO - Processing file /opt/airflow/dags/elastic_dag.py for tasks to queue
[2024-05-07T19:28:06.148+0000] {logging_mixin.py:120} INFO - [2024-05-07T19:28:06.148+0000] {dagbag.py:537} INFO - Filling up the DagBag from /opt/airflow/dags/elastic_dag.py
[2024-05-07T19:28:07.567+0000] {processor.py:766} INFO - DAG(s) dict_keys(['elastic_dag']) retrieved from /opt/airflow/dags/elastic_dag.py
[2024-05-07T19:28:07.650+0000] {logging_mixin.py:120} INFO - [2024-05-07T19:28:07.649+0000] {dag.py:2585} INFO - Sync 1 DAGs
[2024-05-07T19:28:07.679+0000] {logging_mixin.py:120} INFO - [2024-05-07T19:28:07.679+0000] {dag.py:3340} INFO - Setting next_dagrun for elastic_dag to 2024-05-06T00:00:00+00:00, run_after=2024-05-07T00:00:00+00:00
[2024-05-07T19:28:07.719+0000] {processor.py:176} INFO - Processing /opt/airflow/dags/elastic_dag.py took 1.591 seconds
[2024-05-07T19:28:37.776+0000] {processor.py:154} INFO - Started process (PID=426) to work on /opt/airflow/dags/elastic_dag.py
[2024-05-07T19:28:37.777+0000] {processor.py:756} INFO - Processing file /opt/airflow/dags/elastic_dag.py for tasks to queue
[2024-05-07T19:28:37.778+0000] {logging_mixin.py:120} INFO - [2024-05-07T19:28:37.778+0000] {dagbag.py:537} INFO - Filling up the DagBag from /opt/airflow/dags/elastic_dag.py
[2024-05-07T19:28:38.269+0000] {processor.py:766} INFO - DAG(s) dict_keys(['elastic_dag']) retrieved from /opt/airflow/dags/elastic_dag.py
[2024-05-07T19:28:38.321+0000] {logging_mixin.py:120} INFO - [2024-05-07T19:28:38.320+0000] {dag.py:2585} INFO - Sync 1 DAGs
[2024-05-07T19:28:38.336+0000] {logging_mixin.py:120} INFO - [2024-05-07T19:28:38.336+0000] {dag.py:3340} INFO - Setting next_dagrun for elastic_dag to 2024-05-06T00:00:00+00:00, run_after=2024-05-07T00:00:00+00:00
[2024-05-07T19:28:38.345+0000] {processor.py:176} INFO - Processing /opt/airflow/dags/elastic_dag.py took 0.574 seconds
[2024-05-07T19:29:08.382+0000] {processor.py:154} INFO - Started process (PID=456) to work on /opt/airflow/dags/elastic_dag.py
[2024-05-07T19:29:08.383+0000] {processor.py:756} INFO - Processing file /opt/airflow/dags/elastic_dag.py for tasks to queue
[2024-05-07T19:29:08.383+0000] {logging_mixin.py:120} INFO - [2024-05-07T19:29:08.383+0000] {dagbag.py:537} INFO - Filling up the DagBag from /opt/airflow/dags/elastic_dag.py
[2024-05-07T19:29:09.010+0000] {processor.py:766} INFO - DAG(s) dict_keys(['elastic_dag']) retrieved from /opt/airflow/dags/elastic_dag.py
[2024-05-07T19:29:09.117+0000] {logging_mixin.py:120} INFO - [2024-05-07T19:29:09.116+0000] {dag.py:2585} INFO - Sync 1 DAGs
[2024-05-07T19:29:09.144+0000] {logging_mixin.py:120} INFO - [2024-05-07T19:29:09.144+0000] {dag.py:3340} INFO - Setting next_dagrun for elastic_dag to 2024-05-06T00:00:00+00:00, run_after=2024-05-07T00:00:00+00:00
[2024-05-07T19:29:09.158+0000] {processor.py:176} INFO - Processing /opt/airflow/dags/elastic_dag.py took 0.778 seconds
[2024-05-07T19:29:39.532+0000] {processor.py:154} INFO - Started process (PID=494) to work on /opt/airflow/dags/elastic_dag.py
[2024-05-07T19:29:39.538+0000] {processor.py:756} INFO - Processing file /opt/airflow/dags/elastic_dag.py for tasks to queue
[2024-05-07T19:29:39.540+0000] {logging_mixin.py:120} INFO - [2024-05-07T19:29:39.540+0000] {dagbag.py:537} INFO - Filling up the DagBag from /opt/airflow/dags/elastic_dag.py
[2024-05-07T19:29:40.022+0000] {processor.py:766} INFO - DAG(s) dict_keys(['elastic_dag']) retrieved from /opt/airflow/dags/elastic_dag.py
[2024-05-07T19:29:40.094+0000] {logging_mixin.py:120} INFO - [2024-05-07T19:29:40.093+0000] {dag.py:2585} INFO - Sync 1 DAGs
[2024-05-07T19:29:40.121+0000] {logging_mixin.py:120} INFO - [2024-05-07T19:29:40.121+0000] {dag.py:3340} INFO - Setting next_dagrun for elastic_dag to 2024-05-06T00:00:00+00:00, run_after=2024-05-07T00:00:00+00:00
[2024-05-07T19:29:40.149+0000] {processor.py:176} INFO - Processing /opt/airflow/dags/elastic_dag.py took 0.631 seconds
[2024-05-07T19:30:10.467+0000] {processor.py:154} INFO - Started process (PID=531) to work on /opt/airflow/dags/elastic_dag.py
[2024-05-07T19:30:10.468+0000] {processor.py:756} INFO - Processing file /opt/airflow/dags/elastic_dag.py for tasks to queue
[2024-05-07T19:30:10.469+0000] {logging_mixin.py:120} INFO - [2024-05-07T19:30:10.469+0000] {dagbag.py:537} INFO - Filling up the DagBag from /opt/airflow/dags/elastic_dag.py
[2024-05-07T19:30:10.915+0000] {processor.py:766} INFO - DAG(s) dict_keys(['elastic_dag']) retrieved from /opt/airflow/dags/elastic_dag.py
[2024-05-07T19:30:10.968+0000] {logging_mixin.py:120} INFO - [2024-05-07T19:30:10.968+0000] {dag.py:2585} INFO - Sync 1 DAGs
[2024-05-07T19:30:10.994+0000] {logging_mixin.py:120} INFO - [2024-05-07T19:30:10.994+0000] {dag.py:3340} INFO - Setting next_dagrun for elastic_dag to 2024-05-06T00:00:00+00:00, run_after=2024-05-07T00:00:00+00:00
[2024-05-07T19:30:11.012+0000] {processor.py:176} INFO - Processing /opt/airflow/dags/elastic_dag.py took 0.547 seconds
[2024-05-07T19:30:41.561+0000] {processor.py:154} INFO - Started process (PID=568) to work on /opt/airflow/dags/elastic_dag.py
[2024-05-07T19:30:41.561+0000] {processor.py:756} INFO - Processing file /opt/airflow/dags/elastic_dag.py for tasks to queue
[2024-05-07T19:30:41.562+0000] {logging_mixin.py:120} INFO - [2024-05-07T19:30:41.562+0000] {dagbag.py:537} INFO - Filling up the DagBag from /opt/airflow/dags/elastic_dag.py
[2024-05-07T19:30:41.948+0000] {processor.py:766} INFO - DAG(s) dict_keys(['elastic_dag']) retrieved from /opt/airflow/dags/elastic_dag.py
[2024-05-07T19:30:41.999+0000] {logging_mixin.py:120} INFO - [2024-05-07T19:30:41.999+0000] {dag.py:2585} INFO - Sync 1 DAGs
[2024-05-07T19:30:42.020+0000] {logging_mixin.py:120} INFO - [2024-05-07T19:30:42.020+0000] {dag.py:3340} INFO - Setting next_dagrun for elastic_dag to 2024-05-06T00:00:00+00:00, run_after=2024-05-07T00:00:00+00:00
[2024-05-07T19:30:42.032+0000] {processor.py:176} INFO - Processing /opt/airflow/dags/elastic_dag.py took 0.473 seconds
[2024-05-07T19:31:12.240+0000] {processor.py:154} INFO - Started process (PID=590) to work on /opt/airflow/dags/elastic_dag.py
[2024-05-07T19:31:12.244+0000] {processor.py:756} INFO - Processing file /opt/airflow/dags/elastic_dag.py for tasks to queue
[2024-05-07T19:31:12.246+0000] {logging_mixin.py:120} INFO - [2024-05-07T19:31:12.246+0000] {dagbag.py:537} INFO - Filling up the DagBag from /opt/airflow/dags/elastic_dag.py
[2024-05-07T19:31:15.201+0000] {processor.py:766} INFO - DAG(s) dict_keys(['elastic_dag']) retrieved from /opt/airflow/dags/elastic_dag.py
[2024-05-07T19:31:15.310+0000] {logging_mixin.py:120} INFO - [2024-05-07T19:31:15.309+0000] {dag.py:2585} INFO - Sync 1 DAGs
[2024-05-07T19:31:15.372+0000] {logging_mixin.py:120} INFO - [2024-05-07T19:31:15.371+0000] {dag.py:3340} INFO - Setting next_dagrun for elastic_dag to 2024-05-06T00:00:00+00:00, run_after=2024-05-07T00:00:00+00:00
[2024-05-07T19:31:15.411+0000] {processor.py:176} INFO - Processing /opt/airflow/dags/elastic_dag.py took 3.185 seconds
[2024-05-07T19:31:45.840+0000] {processor.py:154} INFO - Started process (PID=628) to work on /opt/airflow/dags/elastic_dag.py
[2024-05-07T19:31:45.842+0000] {processor.py:756} INFO - Processing file /opt/airflow/dags/elastic_dag.py for tasks to queue
[2024-05-07T19:31:45.843+0000] {logging_mixin.py:120} INFO - [2024-05-07T19:31:45.843+0000] {dagbag.py:537} INFO - Filling up the DagBag from /opt/airflow/dags/elastic_dag.py
[2024-05-07T19:31:46.496+0000] {processor.py:766} INFO - DAG(s) dict_keys(['elastic_dag']) retrieved from /opt/airflow/dags/elastic_dag.py
[2024-05-07T19:31:46.560+0000] {logging_mixin.py:120} INFO - [2024-05-07T19:31:46.559+0000] {dag.py:2585} INFO - Sync 1 DAGs
[2024-05-07T19:31:46.583+0000] {logging_mixin.py:120} INFO - [2024-05-07T19:31:46.583+0000] {dag.py:3340} INFO - Setting next_dagrun for elastic_dag to 2024-05-06T00:00:00+00:00, run_after=2024-05-07T00:00:00+00:00
[2024-05-07T19:31:46.594+0000] {processor.py:176} INFO - Processing /opt/airflow/dags/elastic_dag.py took 0.760 seconds
[2024-05-07T19:32:17.349+0000] {processor.py:154} INFO - Started process (PID=667) to work on /opt/airflow/dags/elastic_dag.py
[2024-05-07T19:32:17.351+0000] {processor.py:756} INFO - Processing file /opt/airflow/dags/elastic_dag.py for tasks to queue
[2024-05-07T19:32:17.353+0000] {logging_mixin.py:120} INFO - [2024-05-07T19:32:17.352+0000] {dagbag.py:537} INFO - Filling up the DagBag from /opt/airflow/dags/elastic_dag.py
[2024-05-07T19:32:18.220+0000] {processor.py:766} INFO - DAG(s) dict_keys(['elastic_dag']) retrieved from /opt/airflow/dags/elastic_dag.py
[2024-05-07T19:32:18.322+0000] {logging_mixin.py:120} INFO - [2024-05-07T19:32:18.322+0000] {dag.py:2585} INFO - Sync 1 DAGs
[2024-05-07T19:32:18.367+0000] {logging_mixin.py:120} INFO - [2024-05-07T19:32:18.367+0000] {dag.py:3340} INFO - Setting next_dagrun for elastic_dag to 2024-05-06T00:00:00+00:00, run_after=2024-05-07T00:00:00+00:00
[2024-05-07T19:32:18.385+0000] {processor.py:176} INFO - Processing /opt/airflow/dags/elastic_dag.py took 1.054 seconds
[2024-05-07T19:32:48.469+0000] {processor.py:154} INFO - Started process (PID=697) to work on /opt/airflow/dags/elastic_dag.py
[2024-05-07T19:32:48.470+0000] {processor.py:756} INFO - Processing file /opt/airflow/dags/elastic_dag.py for tasks to queue
[2024-05-07T19:32:48.471+0000] {logging_mixin.py:120} INFO - [2024-05-07T19:32:48.471+0000] {dagbag.py:537} INFO - Filling up the DagBag from /opt/airflow/dags/elastic_dag.py
[2024-05-07T19:32:48.939+0000] {processor.py:766} INFO - DAG(s) dict_keys(['elastic_dag']) retrieved from /opt/airflow/dags/elastic_dag.py
[2024-05-07T19:32:49.012+0000] {logging_mixin.py:120} INFO - [2024-05-07T19:32:49.011+0000] {dag.py:2585} INFO - Sync 1 DAGs
[2024-05-07T19:32:49.032+0000] {logging_mixin.py:120} INFO - [2024-05-07T19:32:49.032+0000] {dag.py:3340} INFO - Setting next_dagrun for elastic_dag to 2024-05-06T00:00:00+00:00, run_after=2024-05-07T00:00:00+00:00
[2024-05-07T19:32:49.046+0000] {processor.py:176} INFO - Processing /opt/airflow/dags/elastic_dag.py took 0.578 seconds
[2024-05-07T19:33:19.388+0000] {processor.py:154} INFO - Started process (PID=734) to work on /opt/airflow/dags/elastic_dag.py
[2024-05-07T19:33:19.393+0000] {processor.py:756} INFO - Processing file /opt/airflow/dags/elastic_dag.py for tasks to queue
[2024-05-07T19:33:19.399+0000] {logging_mixin.py:120} INFO - [2024-05-07T19:33:19.398+0000] {dagbag.py:537} INFO - Filling up the DagBag from /opt/airflow/dags/elastic_dag.py
[2024-05-07T19:33:20.308+0000] {processor.py:766} INFO - DAG(s) dict_keys(['elastic_dag']) retrieved from /opt/airflow/dags/elastic_dag.py
[2024-05-07T19:33:20.476+0000] {logging_mixin.py:120} INFO - [2024-05-07T19:33:20.476+0000] {dag.py:2585} INFO - Sync 1 DAGs
[2024-05-07T19:33:20.512+0000] {logging_mixin.py:120} INFO - [2024-05-07T19:33:20.511+0000] {dag.py:3340} INFO - Setting next_dagrun for elastic_dag to 2024-05-06T00:00:00+00:00, run_after=2024-05-07T00:00:00+00:00
[2024-05-07T19:33:20.528+0000] {processor.py:176} INFO - Processing /opt/airflow/dags/elastic_dag.py took 1.193 seconds
[2024-05-07T19:33:51.204+0000] {processor.py:154} INFO - Started process (PID=761) to work on /opt/airflow/dags/elastic_dag.py
[2024-05-07T19:33:51.205+0000] {processor.py:756} INFO - Processing file /opt/airflow/dags/elastic_dag.py for tasks to queue
[2024-05-07T19:33:51.206+0000] {logging_mixin.py:120} INFO - [2024-05-07T19:33:51.206+0000] {dagbag.py:537} INFO - Filling up the DagBag from /opt/airflow/dags/elastic_dag.py
[2024-05-07T19:33:51.883+0000] {processor.py:766} INFO - DAG(s) dict_keys(['elastic_dag']) retrieved from /opt/airflow/dags/elastic_dag.py
[2024-05-07T19:33:52.019+0000] {logging_mixin.py:120} INFO - [2024-05-07T19:33:52.019+0000] {dag.py:2585} INFO - Sync 1 DAGs
[2024-05-07T19:33:52.248+0000] {logging_mixin.py:120} INFO - [2024-05-07T19:33:52.246+0000] {dag.py:3340} INFO - Setting next_dagrun for elastic_dag to 2024-05-06T00:00:00+00:00, run_after=2024-05-07T00:00:00+00:00
[2024-05-07T19:33:52.374+0000] {processor.py:176} INFO - Processing /opt/airflow/dags/elastic_dag.py took 1.170 seconds
[2024-05-07T19:34:23.146+0000] {processor.py:154} INFO - Started process (PID=795) to work on /opt/airflow/dags/elastic_dag.py
[2024-05-07T19:34:23.148+0000] {processor.py:756} INFO - Processing file /opt/airflow/dags/elastic_dag.py for tasks to queue
[2024-05-07T19:34:23.149+0000] {logging_mixin.py:120} INFO - [2024-05-07T19:34:23.149+0000] {dagbag.py:537} INFO - Filling up the DagBag from /opt/airflow/dags/elastic_dag.py
[2024-05-07T19:34:23.673+0000] {processor.py:766} INFO - DAG(s) dict_keys(['elastic_dag']) retrieved from /opt/airflow/dags/elastic_dag.py
[2024-05-07T19:34:23.749+0000] {logging_mixin.py:120} INFO - [2024-05-07T19:34:23.748+0000] {dag.py:2585} INFO - Sync 1 DAGs
[2024-05-07T19:34:23.779+0000] {logging_mixin.py:120} INFO - [2024-05-07T19:34:23.779+0000] {dag.py:3340} INFO - Setting next_dagrun for elastic_dag to 2024-05-06T00:00:00+00:00, run_after=2024-05-07T00:00:00+00:00
[2024-05-07T19:34:23.791+0000] {processor.py:176} INFO - Processing /opt/airflow/dags/elastic_dag.py took 0.655 seconds
[2024-05-07T19:34:53.920+0000] {processor.py:154} INFO - Started process (PID=832) to work on /opt/airflow/dags/elastic_dag.py
[2024-05-07T19:34:53.921+0000] {processor.py:756} INFO - Processing file /opt/airflow/dags/elastic_dag.py for tasks to queue
[2024-05-07T19:34:53.923+0000] {logging_mixin.py:120} INFO - [2024-05-07T19:34:53.922+0000] {dagbag.py:537} INFO - Filling up the DagBag from /opt/airflow/dags/elastic_dag.py
[2024-05-07T19:34:54.415+0000] {processor.py:766} INFO - DAG(s) dict_keys(['elastic_dag']) retrieved from /opt/airflow/dags/elastic_dag.py
[2024-05-07T19:34:54.481+0000] {logging_mixin.py:120} INFO - [2024-05-07T19:34:54.481+0000] {dag.py:2585} INFO - Sync 1 DAGs
[2024-05-07T19:34:54.512+0000] {logging_mixin.py:120} INFO - [2024-05-07T19:34:54.512+0000] {dag.py:3340} INFO - Setting next_dagrun for elastic_dag to 2024-05-06T00:00:00+00:00, run_after=2024-05-07T00:00:00+00:00
[2024-05-07T19:34:54.530+0000] {processor.py:176} INFO - Processing /opt/airflow/dags/elastic_dag.py took 0.615 seconds
[2024-05-07T19:35:24.873+0000] {processor.py:154} INFO - Started process (PID=859) to work on /opt/airflow/dags/elastic_dag.py
[2024-05-07T19:35:24.874+0000] {processor.py:756} INFO - Processing file /opt/airflow/dags/elastic_dag.py for tasks to queue
[2024-05-07T19:35:24.875+0000] {logging_mixin.py:120} INFO - [2024-05-07T19:35:24.875+0000] {dagbag.py:537} INFO - Filling up the DagBag from /opt/airflow/dags/elastic_dag.py
[2024-05-07T19:35:25.544+0000] {processor.py:766} INFO - DAG(s) dict_keys(['elastic_dag']) retrieved from /opt/airflow/dags/elastic_dag.py
[2024-05-07T19:35:25.626+0000] {logging_mixin.py:120} INFO - [2024-05-07T19:35:25.626+0000] {dag.py:2585} INFO - Sync 1 DAGs
[2024-05-07T19:35:25.649+0000] {logging_mixin.py:120} INFO - [2024-05-07T19:35:25.649+0000] {dag.py:3340} INFO - Setting next_dagrun for elastic_dag to 2024-05-06T00:00:00+00:00, run_after=2024-05-07T00:00:00+00:00
[2024-05-07T19:35:25.661+0000] {processor.py:176} INFO - Processing /opt/airflow/dags/elastic_dag.py took 0.794 seconds
[2024-05-07T19:35:55.909+0000] {processor.py:154} INFO - Started process (PID=895) to work on /opt/airflow/dags/elastic_dag.py
[2024-05-07T19:35:55.911+0000] {processor.py:756} INFO - Processing file /opt/airflow/dags/elastic_dag.py for tasks to queue
[2024-05-07T19:35:55.912+0000] {logging_mixin.py:120} INFO - [2024-05-07T19:35:55.912+0000] {dagbag.py:537} INFO - Filling up the DagBag from /opt/airflow/dags/elastic_dag.py
[2024-05-07T19:35:56.447+0000] {processor.py:766} INFO - DAG(s) dict_keys(['elastic_dag']) retrieved from /opt/airflow/dags/elastic_dag.py
[2024-05-07T19:35:56.589+0000] {logging_mixin.py:120} INFO - [2024-05-07T19:35:56.588+0000] {dag.py:2585} INFO - Sync 1 DAGs
[2024-05-07T19:35:56.646+0000] {logging_mixin.py:120} INFO - [2024-05-07T19:35:56.646+0000] {dag.py:3340} INFO - Setting next_dagrun for elastic_dag to 2024-05-06T00:00:00+00:00, run_after=2024-05-07T00:00:00+00:00
[2024-05-07T19:35:56.682+0000] {processor.py:176} INFO - Processing /opt/airflow/dags/elastic_dag.py took 0.780 seconds
[2024-05-07T19:36:27.569+0000] {processor.py:154} INFO - Started process (PID=923) to work on /opt/airflow/dags/elastic_dag.py
[2024-05-07T19:36:27.573+0000] {processor.py:756} INFO - Processing file /opt/airflow/dags/elastic_dag.py for tasks to queue
[2024-05-07T19:36:27.576+0000] {logging_mixin.py:120} INFO - [2024-05-07T19:36:27.575+0000] {dagbag.py:537} INFO - Filling up the DagBag from /opt/airflow/dags/elastic_dag.py
[2024-05-07T19:36:30.745+0000] {processor.py:766} INFO - DAG(s) dict_keys(['elastic_dag']) retrieved from /opt/airflow/dags/elastic_dag.py
[2024-05-07T19:36:31.113+0000] {logging_mixin.py:120} INFO - [2024-05-07T19:36:31.112+0000] {dag.py:2585} INFO - Sync 1 DAGs
[2024-05-07T19:36:31.482+0000] {logging_mixin.py:120} INFO - [2024-05-07T19:36:31.470+0000] {dag.py:3340} INFO - Setting next_dagrun for elastic_dag to 2024-05-06T00:00:00+00:00, run_after=2024-05-07T00:00:00+00:00
[2024-05-07T19:36:31.610+0000] {processor.py:176} INFO - Processing /opt/airflow/dags/elastic_dag.py took 4.080 seconds
[2024-05-07T19:37:02.296+0000] {processor.py:154} INFO - Started process (PID=957) to work on /opt/airflow/dags/elastic_dag.py
[2024-05-07T19:37:02.313+0000] {processor.py:756} INFO - Processing file /opt/airflow/dags/elastic_dag.py for tasks to queue
[2024-05-07T19:37:02.331+0000] {logging_mixin.py:120} INFO - [2024-05-07T19:37:02.331+0000] {dagbag.py:537} INFO - Filling up the DagBag from /opt/airflow/dags/elastic_dag.py
[2024-05-07T19:37:04.482+0000] {processor.py:766} INFO - DAG(s) dict_keys(['elastic_dag']) retrieved from /opt/airflow/dags/elastic_dag.py
[2024-05-07T19:37:04.712+0000] {logging_mixin.py:120} INFO - [2024-05-07T19:37:04.711+0000] {dag.py:2585} INFO - Sync 1 DAGs
[2024-05-07T19:37:04.761+0000] {logging_mixin.py:120} INFO - [2024-05-07T19:37:04.760+0000] {dag.py:3340} INFO - Setting next_dagrun for elastic_dag to 2024-05-06T00:00:00+00:00, run_after=2024-05-07T00:00:00+00:00
[2024-05-07T19:37:04.795+0000] {processor.py:176} INFO - Processing /opt/airflow/dags/elastic_dag.py took 2.536 seconds
[2024-05-07T19:37:35.172+0000] {processor.py:154} INFO - Started process (PID=985) to work on /opt/airflow/dags/elastic_dag.py
[2024-05-07T19:37:35.179+0000] {processor.py:756} INFO - Processing file /opt/airflow/dags/elastic_dag.py for tasks to queue
[2024-05-07T19:37:35.185+0000] {logging_mixin.py:120} INFO - [2024-05-07T19:37:35.183+0000] {dagbag.py:537} INFO - Filling up the DagBag from /opt/airflow/dags/elastic_dag.py
[2024-05-07T19:37:36.278+0000] {processor.py:766} INFO - DAG(s) dict_keys(['elastic_dag']) retrieved from /opt/airflow/dags/elastic_dag.py
[2024-05-07T19:37:36.386+0000] {logging_mixin.py:120} INFO - [2024-05-07T19:37:36.385+0000] {dag.py:2585} INFO - Sync 1 DAGs
[2024-05-07T19:37:36.421+0000] {logging_mixin.py:120} INFO - [2024-05-07T19:37:36.421+0000] {dag.py:3340} INFO - Setting next_dagrun for elastic_dag to 2024-05-06T00:00:00+00:00, run_after=2024-05-07T00:00:00+00:00
[2024-05-07T19:37:36.448+0000] {processor.py:176} INFO - Processing /opt/airflow/dags/elastic_dag.py took 1.311 seconds
[2024-05-07T19:38:06.746+0000] {processor.py:154} INFO - Started process (PID=1020) to work on /opt/airflow/dags/elastic_dag.py
[2024-05-07T19:38:06.748+0000] {processor.py:756} INFO - Processing file /opt/airflow/dags/elastic_dag.py for tasks to queue
[2024-05-07T19:38:06.752+0000] {logging_mixin.py:120} INFO - [2024-05-07T19:38:06.752+0000] {dagbag.py:537} INFO - Filling up the DagBag from /opt/airflow/dags/elastic_dag.py
[2024-05-07T19:38:07.725+0000] {processor.py:766} INFO - DAG(s) dict_keys(['elastic_dag']) retrieved from /opt/airflow/dags/elastic_dag.py
[2024-05-07T19:38:07.796+0000] {logging_mixin.py:120} INFO - [2024-05-07T19:38:07.795+0000] {dag.py:2585} INFO - Sync 1 DAGs
[2024-05-07T19:38:07.822+0000] {logging_mixin.py:120} INFO - [2024-05-07T19:38:07.821+0000] {dag.py:3340} INFO - Setting next_dagrun for elastic_dag to 2024-05-06T00:00:00+00:00, run_after=2024-05-07T00:00:00+00:00
[2024-05-07T19:38:07.838+0000] {processor.py:176} INFO - Processing /opt/airflow/dags/elastic_dag.py took 1.096 seconds
[2024-05-07T19:38:38.572+0000] {processor.py:154} INFO - Started process (PID=1055) to work on /opt/airflow/dags/elastic_dag.py
[2024-05-07T19:38:38.574+0000] {processor.py:756} INFO - Processing file /opt/airflow/dags/elastic_dag.py for tasks to queue
[2024-05-07T19:38:38.575+0000] {logging_mixin.py:120} INFO - [2024-05-07T19:38:38.575+0000] {dagbag.py:537} INFO - Filling up the DagBag from /opt/airflow/dags/elastic_dag.py
[2024-05-07T19:38:42.933+0000] {processor.py:766} INFO - DAG(s) dict_keys(['elastic_dag']) retrieved from /opt/airflow/dags/elastic_dag.py
[2024-05-07T19:38:43.290+0000] {logging_mixin.py:120} INFO - [2024-05-07T19:38:43.287+0000] {dag.py:2585} INFO - Sync 1 DAGs
[2024-05-07T19:38:43.371+0000] {logging_mixin.py:120} INFO - [2024-05-07T19:38:43.371+0000] {dag.py:3340} INFO - Setting next_dagrun for elastic_dag to 2024-05-06T00:00:00+00:00, run_after=2024-05-07T00:00:00+00:00
[2024-05-07T19:38:43.425+0000] {processor.py:176} INFO - Processing /opt/airflow/dags/elastic_dag.py took 4.860 seconds
[2024-05-07T19:39:13.766+0000] {processor.py:154} INFO - Started process (PID=1083) to work on /opt/airflow/dags/elastic_dag.py
[2024-05-07T19:39:13.771+0000] {processor.py:756} INFO - Processing file /opt/airflow/dags/elastic_dag.py for tasks to queue
[2024-05-07T19:39:13.777+0000] {logging_mixin.py:120} INFO - [2024-05-07T19:39:13.776+0000] {dagbag.py:537} INFO - Filling up the DagBag from /opt/airflow/dags/elastic_dag.py
[2024-05-07T19:39:14.394+0000] {processor.py:766} INFO - DAG(s) dict_keys(['elastic_dag']) retrieved from /opt/airflow/dags/elastic_dag.py
[2024-05-07T19:39:14.483+0000] {logging_mixin.py:120} INFO - [2024-05-07T19:39:14.482+0000] {dag.py:2585} INFO - Sync 1 DAGs
[2024-05-07T19:39:14.527+0000] {logging_mixin.py:120} INFO - [2024-05-07T19:39:14.527+0000] {dag.py:3340} INFO - Setting next_dagrun for elastic_dag to 2024-05-06T00:00:00+00:00, run_after=2024-05-07T00:00:00+00:00
[2024-05-07T19:39:14.542+0000] {processor.py:176} INFO - Processing /opt/airflow/dags/elastic_dag.py took 0.789 seconds
[2024-05-07T19:39:45.669+0000] {processor.py:154} INFO - Started process (PID=1120) to work on /opt/airflow/dags/elastic_dag.py
[2024-05-07T19:39:45.672+0000] {processor.py:756} INFO - Processing file /opt/airflow/dags/elastic_dag.py for tasks to queue
[2024-05-07T19:39:45.675+0000] {logging_mixin.py:120} INFO - [2024-05-07T19:39:45.674+0000] {dagbag.py:537} INFO - Filling up the DagBag from /opt/airflow/dags/elastic_dag.py
[2024-05-07T19:39:46.345+0000] {processor.py:766} INFO - DAG(s) dict_keys(['elastic_dag']) retrieved from /opt/airflow/dags/elastic_dag.py
[2024-05-07T19:39:46.420+0000] {logging_mixin.py:120} INFO - [2024-05-07T19:39:46.419+0000] {dag.py:2585} INFO - Sync 1 DAGs
[2024-05-07T19:39:46.458+0000] {logging_mixin.py:120} INFO - [2024-05-07T19:39:46.457+0000] {dag.py:3340} INFO - Setting next_dagrun for elastic_dag to 2024-05-06T00:00:00+00:00, run_after=2024-05-07T00:00:00+00:00
[2024-05-07T19:39:46.484+0000] {processor.py:176} INFO - Processing /opt/airflow/dags/elastic_dag.py took 0.853 seconds
[2024-05-07T19:40:16.821+0000] {processor.py:154} INFO - Started process (PID=1156) to work on /opt/airflow/dags/elastic_dag.py
[2024-05-07T19:40:16.823+0000] {processor.py:756} INFO - Processing file /opt/airflow/dags/elastic_dag.py for tasks to queue
[2024-05-07T19:40:16.824+0000] {logging_mixin.py:120} INFO - [2024-05-07T19:40:16.823+0000] {dagbag.py:537} INFO - Filling up the DagBag from /opt/airflow/dags/elastic_dag.py
[2024-05-07T19:40:17.423+0000] {processor.py:766} INFO - DAG(s) dict_keys(['elastic_dag']) retrieved from /opt/airflow/dags/elastic_dag.py
[2024-05-07T19:40:17.518+0000] {logging_mixin.py:120} INFO - [2024-05-07T19:40:17.517+0000] {dag.py:2585} INFO - Sync 1 DAGs
[2024-05-07T19:40:17.558+0000] {logging_mixin.py:120} INFO - [2024-05-07T19:40:17.558+0000] {dag.py:3340} INFO - Setting next_dagrun for elastic_dag to 2024-05-06T00:00:00+00:00, run_after=2024-05-07T00:00:00+00:00
[2024-05-07T19:40:17.577+0000] {processor.py:176} INFO - Processing /opt/airflow/dags/elastic_dag.py took 0.762 seconds
[2024-05-07T19:40:48.152+0000] {processor.py:154} INFO - Started process (PID=1193) to work on /opt/airflow/dags/elastic_dag.py
[2024-05-07T19:40:48.154+0000] {processor.py:756} INFO - Processing file /opt/airflow/dags/elastic_dag.py for tasks to queue
[2024-05-07T19:40:48.155+0000] {logging_mixin.py:120} INFO - [2024-05-07T19:40:48.155+0000] {dagbag.py:537} INFO - Filling up the DagBag from /opt/airflow/dags/elastic_dag.py
[2024-05-07T19:40:48.575+0000] {processor.py:766} INFO - DAG(s) dict_keys(['elastic_dag']) retrieved from /opt/airflow/dags/elastic_dag.py
[2024-05-07T19:40:48.628+0000] {logging_mixin.py:120} INFO - [2024-05-07T19:40:48.627+0000] {dag.py:2585} INFO - Sync 1 DAGs
[2024-05-07T19:40:48.647+0000] {logging_mixin.py:120} INFO - [2024-05-07T19:40:48.647+0000] {dag.py:3340} INFO - Setting next_dagrun for elastic_dag to 2024-05-06T00:00:00+00:00, run_after=2024-05-07T00:00:00+00:00
[2024-05-07T19:40:48.659+0000] {processor.py:176} INFO - Processing /opt/airflow/dags/elastic_dag.py took 0.518 seconds
[2024-05-07T19:41:19.721+0000] {processor.py:154} INFO - Started process (PID=1221) to work on /opt/airflow/dags/elastic_dag.py
[2024-05-07T19:41:19.725+0000] {processor.py:756} INFO - Processing file /opt/airflow/dags/elastic_dag.py for tasks to queue
[2024-05-07T19:41:19.735+0000] {logging_mixin.py:120} INFO - [2024-05-07T19:41:19.732+0000] {dagbag.py:537} INFO - Filling up the DagBag from /opt/airflow/dags/elastic_dag.py
[2024-05-07T19:41:23.247+0000] {processor.py:766} INFO - DAG(s) dict_keys(['elastic_dag']) retrieved from /opt/airflow/dags/elastic_dag.py
[2024-05-07T19:41:23.414+0000] {logging_mixin.py:120} INFO - [2024-05-07T19:41:23.414+0000] {dag.py:2585} INFO - Sync 1 DAGs
[2024-05-07T19:41:23.451+0000] {logging_mixin.py:120} INFO - [2024-05-07T19:41:23.451+0000] {dag.py:3340} INFO - Setting next_dagrun for elastic_dag to 2024-05-06T00:00:00+00:00, run_after=2024-05-07T00:00:00+00:00
[2024-05-07T19:41:23.470+0000] {processor.py:176} INFO - Processing /opt/airflow/dags/elastic_dag.py took 3.762 seconds
[2024-05-07T19:41:54.334+0000] {processor.py:154} INFO - Started process (PID=1258) to work on /opt/airflow/dags/elastic_dag.py
[2024-05-07T19:41:54.339+0000] {processor.py:756} INFO - Processing file /opt/airflow/dags/elastic_dag.py for tasks to queue
[2024-05-07T19:41:54.340+0000] {logging_mixin.py:120} INFO - [2024-05-07T19:41:54.340+0000] {dagbag.py:537} INFO - Filling up the DagBag from /opt/airflow/dags/elastic_dag.py
[2024-05-07T19:41:55.199+0000] {processor.py:766} INFO - DAG(s) dict_keys(['elastic_dag']) retrieved from /opt/airflow/dags/elastic_dag.py
[2024-05-07T19:41:55.277+0000] {logging_mixin.py:120} INFO - [2024-05-07T19:41:55.276+0000] {dag.py:2585} INFO - Sync 1 DAGs
[2024-05-07T19:41:55.308+0000] {logging_mixin.py:120} INFO - [2024-05-07T19:41:55.308+0000] {dag.py:3340} INFO - Setting next_dagrun for elastic_dag to 2024-05-06T00:00:00+00:00, run_after=2024-05-07T00:00:00+00:00
[2024-05-07T19:41:55.329+0000] {processor.py:176} INFO - Processing /opt/airflow/dags/elastic_dag.py took 1.004 seconds
[2024-05-07T19:42:26.101+0000] {processor.py:154} INFO - Started process (PID=1294) to work on /opt/airflow/dags/elastic_dag.py
[2024-05-07T19:42:26.103+0000] {processor.py:756} INFO - Processing file /opt/airflow/dags/elastic_dag.py for tasks to queue
[2024-05-07T19:42:26.107+0000] {logging_mixin.py:120} INFO - [2024-05-07T19:42:26.107+0000] {dagbag.py:537} INFO - Filling up the DagBag from /opt/airflow/dags/elastic_dag.py
[2024-05-07T19:42:26.887+0000] {processor.py:766} INFO - DAG(s) dict_keys(['elastic_dag']) retrieved from /opt/airflow/dags/elastic_dag.py
[2024-05-07T19:42:27.224+0000] {logging_mixin.py:120} INFO - [2024-05-07T19:42:27.223+0000] {dag.py:2585} INFO - Sync 1 DAGs
[2024-05-07T19:42:27.385+0000] {logging_mixin.py:120} INFO - [2024-05-07T19:42:27.384+0000] {dag.py:3340} INFO - Setting next_dagrun for elastic_dag to 2024-05-06T00:00:00+00:00, run_after=2024-05-07T00:00:00+00:00
[2024-05-07T19:42:27.481+0000] {processor.py:176} INFO - Processing /opt/airflow/dags/elastic_dag.py took 1.397 seconds
[2024-05-07T19:42:58.513+0000] {processor.py:154} INFO - Started process (PID=1332) to work on /opt/airflow/dags/elastic_dag.py
[2024-05-07T19:42:58.515+0000] {processor.py:756} INFO - Processing file /opt/airflow/dags/elastic_dag.py for tasks to queue
[2024-05-07T19:42:58.516+0000] {logging_mixin.py:120} INFO - [2024-05-07T19:42:58.516+0000] {dagbag.py:537} INFO - Filling up the DagBag from /opt/airflow/dags/elastic_dag.py
[2024-05-07T19:42:59.041+0000] {processor.py:766} INFO - DAG(s) dict_keys(['elastic_dag']) retrieved from /opt/airflow/dags/elastic_dag.py
[2024-05-07T19:42:59.102+0000] {logging_mixin.py:120} INFO - [2024-05-07T19:42:59.102+0000] {dag.py:2585} INFO - Sync 1 DAGs
[2024-05-07T19:42:59.128+0000] {logging_mixin.py:120} INFO - [2024-05-07T19:42:59.127+0000] {dag.py:3340} INFO - Setting next_dagrun for elastic_dag to 2024-05-06T00:00:00+00:00, run_after=2024-05-07T00:00:00+00:00
[2024-05-07T19:42:59.142+0000] {processor.py:176} INFO - Processing /opt/airflow/dags/elastic_dag.py took 0.632 seconds
[2024-05-07T19:43:29.307+0000] {processor.py:154} INFO - Started process (PID=1360) to work on /opt/airflow/dags/elastic_dag.py
[2024-05-07T19:43:29.310+0000] {processor.py:756} INFO - Processing file /opt/airflow/dags/elastic_dag.py for tasks to queue
[2024-05-07T19:43:29.311+0000] {logging_mixin.py:120} INFO - [2024-05-07T19:43:29.311+0000] {dagbag.py:537} INFO - Filling up the DagBag from /opt/airflow/dags/elastic_dag.py
[2024-05-07T19:43:29.802+0000] {processor.py:766} INFO - DAG(s) dict_keys(['elastic_dag']) retrieved from /opt/airflow/dags/elastic_dag.py
[2024-05-07T19:43:29.879+0000] {logging_mixin.py:120} INFO - [2024-05-07T19:43:29.878+0000] {dag.py:2585} INFO - Sync 1 DAGs
[2024-05-07T19:43:29.943+0000] {logging_mixin.py:120} INFO - [2024-05-07T19:43:29.942+0000] {dag.py:3340} INFO - Setting next_dagrun for elastic_dag to 2024-05-06T00:00:00+00:00, run_after=2024-05-07T00:00:00+00:00
[2024-05-07T19:43:29.971+0000] {processor.py:176} INFO - Processing /opt/airflow/dags/elastic_dag.py took 0.681 seconds
[2024-05-07T19:44:00.777+0000] {processor.py:154} INFO - Started process (PID=1397) to work on /opt/airflow/dags/elastic_dag.py
[2024-05-07T19:44:00.778+0000] {processor.py:756} INFO - Processing file /opt/airflow/dags/elastic_dag.py for tasks to queue
[2024-05-07T19:44:00.779+0000] {logging_mixin.py:120} INFO - [2024-05-07T19:44:00.779+0000] {dagbag.py:537} INFO - Filling up the DagBag from /opt/airflow/dags/elastic_dag.py
[2024-05-07T19:44:01.185+0000] {processor.py:766} INFO - DAG(s) dict_keys(['elastic_dag']) retrieved from /opt/airflow/dags/elastic_dag.py
[2024-05-07T19:44:01.231+0000] {logging_mixin.py:120} INFO - [2024-05-07T19:44:01.230+0000] {dag.py:2585} INFO - Sync 1 DAGs
[2024-05-07T19:44:01.263+0000] {logging_mixin.py:120} INFO - [2024-05-07T19:44:01.263+0000] {dag.py:3340} INFO - Setting next_dagrun for elastic_dag to 2024-05-06T00:00:00+00:00, run_after=2024-05-07T00:00:00+00:00
[2024-05-07T19:44:01.276+0000] {processor.py:176} INFO - Processing /opt/airflow/dags/elastic_dag.py took 0.504 seconds
[2024-05-07T19:44:32.005+0000] {processor.py:154} INFO - Started process (PID=1433) to work on /opt/airflow/dags/elastic_dag.py
[2024-05-07T19:44:32.007+0000] {processor.py:756} INFO - Processing file /opt/airflow/dags/elastic_dag.py for tasks to queue
[2024-05-07T19:44:32.008+0000] {logging_mixin.py:120} INFO - [2024-05-07T19:44:32.008+0000] {dagbag.py:537} INFO - Filling up the DagBag from /opt/airflow/dags/elastic_dag.py
[2024-05-07T19:44:32.424+0000] {processor.py:766} INFO - DAG(s) dict_keys(['elastic_dag']) retrieved from /opt/airflow/dags/elastic_dag.py
[2024-05-07T19:44:32.481+0000] {logging_mixin.py:120} INFO - [2024-05-07T19:44:32.480+0000] {dag.py:2585} INFO - Sync 1 DAGs
[2024-05-07T19:44:32.508+0000] {logging_mixin.py:120} INFO - [2024-05-07T19:44:32.508+0000] {dag.py:3340} INFO - Setting next_dagrun for elastic_dag to 2024-05-06T00:00:00+00:00, run_after=2024-05-07T00:00:00+00:00
[2024-05-07T19:44:32.522+0000] {processor.py:176} INFO - Processing /opt/airflow/dags/elastic_dag.py took 0.523 seconds
[2024-05-07T19:45:02.635+0000] {processor.py:154} INFO - Started process (PID=1470) to work on /opt/airflow/dags/elastic_dag.py
[2024-05-07T19:45:02.637+0000] {processor.py:756} INFO - Processing file /opt/airflow/dags/elastic_dag.py for tasks to queue
[2024-05-07T19:45:02.638+0000] {logging_mixin.py:120} INFO - [2024-05-07T19:45:02.638+0000] {dagbag.py:537} INFO - Filling up the DagBag from /opt/airflow/dags/elastic_dag.py
[2024-05-07T19:45:03.114+0000] {processor.py:766} INFO - DAG(s) dict_keys(['elastic_dag']) retrieved from /opt/airflow/dags/elastic_dag.py
[2024-05-07T19:45:03.184+0000] {logging_mixin.py:120} INFO - [2024-05-07T19:45:03.183+0000] {dag.py:2585} INFO - Sync 1 DAGs
[2024-05-07T19:45:03.205+0000] {logging_mixin.py:120} INFO - [2024-05-07T19:45:03.205+0000] {dag.py:3340} INFO - Setting next_dagrun for elastic_dag to 2024-05-06T00:00:00+00:00, run_after=2024-05-07T00:00:00+00:00
[2024-05-07T19:45:03.223+0000] {processor.py:176} INFO - Processing /opt/airflow/dags/elastic_dag.py took 0.597 seconds
[2024-05-07T19:45:33.732+0000] {processor.py:154} INFO - Started process (PID=1505) to work on /opt/airflow/dags/elastic_dag.py
[2024-05-07T19:45:33.734+0000] {processor.py:756} INFO - Processing file /opt/airflow/dags/elastic_dag.py for tasks to queue
[2024-05-07T19:45:33.735+0000] {logging_mixin.py:120} INFO - [2024-05-07T19:45:33.735+0000] {dagbag.py:537} INFO - Filling up the DagBag from /opt/airflow/dags/elastic_dag.py
[2024-05-07T19:45:34.216+0000] {processor.py:766} INFO - DAG(s) dict_keys(['elastic_dag']) retrieved from /opt/airflow/dags/elastic_dag.py
[2024-05-07T19:45:34.412+0000] {logging_mixin.py:120} INFO - [2024-05-07T19:45:34.410+0000] {dag.py:2585} INFO - Sync 1 DAGs
[2024-05-07T19:45:34.469+0000] {logging_mixin.py:120} INFO - [2024-05-07T19:45:34.467+0000] {dag.py:3340} INFO - Setting next_dagrun for elastic_dag to 2024-05-06T00:00:00+00:00, run_after=2024-05-07T00:00:00+00:00
[2024-05-07T19:45:34.864+0000] {processor.py:176} INFO - Processing /opt/airflow/dags/elastic_dag.py took 1.138 seconds
[2024-05-07T19:46:05.955+0000] {processor.py:154} INFO - Started process (PID=1535) to work on /opt/airflow/dags/elastic_dag.py
[2024-05-07T19:46:05.962+0000] {processor.py:756} INFO - Processing file /opt/airflow/dags/elastic_dag.py for tasks to queue
[2024-05-07T19:46:05.966+0000] {logging_mixin.py:120} INFO - [2024-05-07T19:46:05.966+0000] {dagbag.py:537} INFO - Filling up the DagBag from /opt/airflow/dags/elastic_dag.py
[2024-05-07T19:46:06.793+0000] {processor.py:766} INFO - DAG(s) dict_keys(['elastic_dag']) retrieved from /opt/airflow/dags/elastic_dag.py
[2024-05-07T19:46:06.923+0000] {logging_mixin.py:120} INFO - [2024-05-07T19:46:06.922+0000] {dag.py:2585} INFO - Sync 1 DAGs
[2024-05-07T19:46:06.968+0000] {logging_mixin.py:120} INFO - [2024-05-07T19:46:06.968+0000] {dag.py:3340} INFO - Setting next_dagrun for elastic_dag to 2024-05-06T00:00:00+00:00, run_after=2024-05-07T00:00:00+00:00
[2024-05-07T19:46:06.981+0000] {processor.py:176} INFO - Processing /opt/airflow/dags/elastic_dag.py took 1.053 seconds
[2024-05-07T19:46:37.185+0000] {processor.py:154} INFO - Started process (PID=1563) to work on /opt/airflow/dags/elastic_dag.py
[2024-05-07T19:46:37.195+0000] {processor.py:756} INFO - Processing file /opt/airflow/dags/elastic_dag.py for tasks to queue
[2024-05-07T19:46:37.197+0000] {logging_mixin.py:120} INFO - [2024-05-07T19:46:37.197+0000] {dagbag.py:537} INFO - Filling up the DagBag from /opt/airflow/dags/elastic_dag.py
[2024-05-07T19:46:37.655+0000] {processor.py:766} INFO - DAG(s) dict_keys(['elastic_dag']) retrieved from /opt/airflow/dags/elastic_dag.py
[2024-05-07T19:46:37.745+0000] {logging_mixin.py:120} INFO - [2024-05-07T19:46:37.744+0000] {dag.py:2585} INFO - Sync 1 DAGs
[2024-05-07T19:46:37.783+0000] {logging_mixin.py:120} INFO - [2024-05-07T19:46:37.783+0000] {dag.py:3340} INFO - Setting next_dagrun for elastic_dag to 2024-05-06T00:00:00+00:00, run_after=2024-05-07T00:00:00+00:00
[2024-05-07T19:46:37.796+0000] {processor.py:176} INFO - Processing /opt/airflow/dags/elastic_dag.py took 0.621 seconds
[2024-05-07T19:47:08.251+0000] {processor.py:154} INFO - Started process (PID=1600) to work on /opt/airflow/dags/elastic_dag.py
[2024-05-07T19:47:08.253+0000] {processor.py:756} INFO - Processing file /opt/airflow/dags/elastic_dag.py for tasks to queue
[2024-05-07T19:47:08.254+0000] {logging_mixin.py:120} INFO - [2024-05-07T19:47:08.254+0000] {dagbag.py:537} INFO - Filling up the DagBag from /opt/airflow/dags/elastic_dag.py
[2024-05-07T19:47:08.665+0000] {processor.py:766} INFO - DAG(s) dict_keys(['elastic_dag']) retrieved from /opt/airflow/dags/elastic_dag.py
[2024-05-07T19:47:08.721+0000] {logging_mixin.py:120} INFO - [2024-05-07T19:47:08.721+0000] {dag.py:2585} INFO - Sync 1 DAGs
[2024-05-07T19:47:08.750+0000] {logging_mixin.py:120} INFO - [2024-05-07T19:47:08.749+0000] {dag.py:3340} INFO - Setting next_dagrun for elastic_dag to 2024-05-06T00:00:00+00:00, run_after=2024-05-07T00:00:00+00:00
[2024-05-07T19:47:08.762+0000] {processor.py:176} INFO - Processing /opt/airflow/dags/elastic_dag.py took 0.518 seconds
[2024-05-07T19:47:39.565+0000] {processor.py:154} INFO - Started process (PID=1636) to work on /opt/airflow/dags/elastic_dag.py
[2024-05-07T19:47:39.567+0000] {processor.py:756} INFO - Processing file /opt/airflow/dags/elastic_dag.py for tasks to queue
[2024-05-07T19:47:39.568+0000] {logging_mixin.py:120} INFO - [2024-05-07T19:47:39.568+0000] {dagbag.py:537} INFO - Filling up the DagBag from /opt/airflow/dags/elastic_dag.py
[2024-05-07T19:47:39.957+0000] {processor.py:766} INFO - DAG(s) dict_keys(['elastic_dag']) retrieved from /opt/airflow/dags/elastic_dag.py
[2024-05-07T19:47:40.031+0000] {logging_mixin.py:120} INFO - [2024-05-07T19:47:40.031+0000] {dag.py:2585} INFO - Sync 1 DAGs
[2024-05-07T19:47:40.049+0000] {logging_mixin.py:120} INFO - [2024-05-07T19:47:40.049+0000] {dag.py:3340} INFO - Setting next_dagrun for elastic_dag to 2024-05-06T00:00:00+00:00, run_after=2024-05-07T00:00:00+00:00
[2024-05-07T19:47:40.061+0000] {processor.py:176} INFO - Processing /opt/airflow/dags/elastic_dag.py took 0.502 seconds
[2024-05-07T19:48:10.672+0000] {processor.py:154} INFO - Started process (PID=1673) to work on /opt/airflow/dags/elastic_dag.py
[2024-05-07T19:48:10.673+0000] {processor.py:756} INFO - Processing file /opt/airflow/dags/elastic_dag.py for tasks to queue
[2024-05-07T19:48:10.675+0000] {logging_mixin.py:120} INFO - [2024-05-07T19:48:10.675+0000] {dagbag.py:537} INFO - Filling up the DagBag from /opt/airflow/dags/elastic_dag.py
[2024-05-07T19:48:11.057+0000] {processor.py:766} INFO - DAG(s) dict_keys(['elastic_dag']) retrieved from /opt/airflow/dags/elastic_dag.py
[2024-05-07T19:48:11.118+0000] {logging_mixin.py:120} INFO - [2024-05-07T19:48:11.118+0000] {dag.py:2585} INFO - Sync 1 DAGs
[2024-05-07T19:48:11.137+0000] {logging_mixin.py:120} INFO - [2024-05-07T19:48:11.137+0000] {dag.py:3340} INFO - Setting next_dagrun for elastic_dag to 2024-05-06T00:00:00+00:00, run_after=2024-05-07T00:00:00+00:00
[2024-05-07T19:48:11.149+0000] {processor.py:176} INFO - Processing /opt/airflow/dags/elastic_dag.py took 0.481 seconds
[2024-05-07T19:48:41.534+0000] {processor.py:154} INFO - Started process (PID=1700) to work on /opt/airflow/dags/elastic_dag.py
[2024-05-07T19:48:41.541+0000] {processor.py:756} INFO - Processing file /opt/airflow/dags/elastic_dag.py for tasks to queue
[2024-05-07T19:48:41.543+0000] {logging_mixin.py:120} INFO - [2024-05-07T19:48:41.543+0000] {dagbag.py:537} INFO - Filling up the DagBag from /opt/airflow/dags/elastic_dag.py
[2024-05-07T19:48:41.975+0000] {processor.py:766} INFO - DAG(s) dict_keys(['elastic_dag']) retrieved from /opt/airflow/dags/elastic_dag.py
[2024-05-07T19:48:42.034+0000] {logging_mixin.py:120} INFO - [2024-05-07T19:48:42.034+0000] {dag.py:2585} INFO - Sync 1 DAGs
[2024-05-07T19:48:42.052+0000] {logging_mixin.py:120} INFO - [2024-05-07T19:48:42.052+0000] {dag.py:3340} INFO - Setting next_dagrun for elastic_dag to 2024-05-06T00:00:00+00:00, run_after=2024-05-07T00:00:00+00:00
[2024-05-07T19:48:42.064+0000] {processor.py:176} INFO - Processing /opt/airflow/dags/elastic_dag.py took 0.551 seconds
[2024-05-07T19:49:12.961+0000] {processor.py:154} INFO - Started process (PID=1736) to work on /opt/airflow/dags/elastic_dag.py
[2024-05-07T19:49:12.962+0000] {processor.py:756} INFO - Processing file /opt/airflow/dags/elastic_dag.py for tasks to queue
[2024-05-07T19:49:12.963+0000] {logging_mixin.py:120} INFO - [2024-05-07T19:49:12.963+0000] {dagbag.py:537} INFO - Filling up the DagBag from /opt/airflow/dags/elastic_dag.py
[2024-05-07T19:49:13.359+0000] {processor.py:766} INFO - DAG(s) dict_keys(['elastic_dag']) retrieved from /opt/airflow/dags/elastic_dag.py
[2024-05-07T19:49:13.439+0000] {logging_mixin.py:120} INFO - [2024-05-07T19:49:13.439+0000] {dag.py:2585} INFO - Sync 1 DAGs
[2024-05-07T19:49:13.459+0000] {logging_mixin.py:120} INFO - [2024-05-07T19:49:13.459+0000] {dag.py:3340} INFO - Setting next_dagrun for elastic_dag to 2024-05-06T00:00:00+00:00, run_after=2024-05-07T00:00:00+00:00
[2024-05-07T19:49:13.471+0000] {processor.py:176} INFO - Processing /opt/airflow/dags/elastic_dag.py took 0.516 seconds
[2024-05-07T19:49:43.874+0000] {processor.py:154} INFO - Started process (PID=1772) to work on /opt/airflow/dags/elastic_dag.py
[2024-05-07T19:49:43.877+0000] {processor.py:756} INFO - Processing file /opt/airflow/dags/elastic_dag.py for tasks to queue
[2024-05-07T19:49:43.879+0000] {logging_mixin.py:120} INFO - [2024-05-07T19:49:43.879+0000] {dagbag.py:537} INFO - Filling up the DagBag from /opt/airflow/dags/elastic_dag.py
[2024-05-07T19:49:44.310+0000] {processor.py:766} INFO - DAG(s) dict_keys(['elastic_dag']) retrieved from /opt/airflow/dags/elastic_dag.py
[2024-05-07T19:49:44.332+0000] {logging_mixin.py:120} INFO - [2024-05-07T19:49:44.332+0000] {dag.py:2585} INFO - Sync 1 DAGs
[2024-05-07T19:49:44.350+0000] {logging_mixin.py:120} INFO - [2024-05-07T19:49:44.350+0000] {dag.py:3340} INFO - Setting next_dagrun for elastic_dag to 2024-05-06T00:00:00+00:00, run_after=2024-05-07T00:00:00+00:00
[2024-05-07T19:49:44.364+0000] {processor.py:176} INFO - Processing /opt/airflow/dags/elastic_dag.py took 0.498 seconds
[2024-05-07T19:50:14.836+0000] {processor.py:154} INFO - Started process (PID=1807) to work on /opt/airflow/dags/elastic_dag.py
[2024-05-07T19:50:14.840+0000] {processor.py:756} INFO - Processing file /opt/airflow/dags/elastic_dag.py for tasks to queue
[2024-05-07T19:50:14.842+0000] {logging_mixin.py:120} INFO - [2024-05-07T19:50:14.842+0000] {dagbag.py:537} INFO - Filling up the DagBag from /opt/airflow/dags/elastic_dag.py
[2024-05-07T19:50:17.150+0000] {processor.py:766} INFO - DAG(s) dict_keys(['elastic_dag']) retrieved from /opt/airflow/dags/elastic_dag.py
[2024-05-07T19:50:17.727+0000] {logging_mixin.py:120} INFO - [2024-05-07T19:50:17.723+0000] {dag.py:2585} INFO - Sync 1 DAGs
[2024-05-07T19:50:17.924+0000] {logging_mixin.py:120} INFO - [2024-05-07T19:50:17.922+0000] {dag.py:3340} INFO - Setting next_dagrun for elastic_dag to 2024-05-06T00:00:00+00:00, run_after=2024-05-07T00:00:00+00:00
[2024-05-07T19:50:20.227+0000] {processor.py:176} INFO - Processing /opt/airflow/dags/elastic_dag.py took 5.407 seconds
[2024-05-07T19:50:50.761+0000] {processor.py:154} INFO - Started process (PID=1840) to work on /opt/airflow/dags/elastic_dag.py
[2024-05-07T19:50:50.763+0000] {processor.py:756} INFO - Processing file /opt/airflow/dags/elastic_dag.py for tasks to queue
[2024-05-07T19:50:50.765+0000] {logging_mixin.py:120} INFO - [2024-05-07T19:50:50.765+0000] {dagbag.py:537} INFO - Filling up the DagBag from /opt/airflow/dags/elastic_dag.py
[2024-05-07T19:50:51.060+0000] {processor.py:766} INFO - DAG(s) dict_keys(['elastic_dag']) retrieved from /opt/airflow/dags/elastic_dag.py
[2024-05-07T19:50:51.084+0000] {logging_mixin.py:120} INFO - [2024-05-07T19:50:51.084+0000] {dag.py:2585} INFO - Sync 1 DAGs
[2024-05-07T19:50:51.098+0000] {logging_mixin.py:120} INFO - [2024-05-07T19:50:51.098+0000] {dag.py:3340} INFO - Setting next_dagrun for elastic_dag to 2024-05-06T00:00:00+00:00, run_after=2024-05-07T00:00:00+00:00
[2024-05-07T19:50:51.114+0000] {processor.py:176} INFO - Processing /opt/airflow/dags/elastic_dag.py took 0.359 seconds
[2024-05-07T19:51:21.161+0000] {processor.py:154} INFO - Started process (PID=1878) to work on /opt/airflow/dags/elastic_dag.py
[2024-05-07T19:51:21.162+0000] {processor.py:756} INFO - Processing file /opt/airflow/dags/elastic_dag.py for tasks to queue
[2024-05-07T19:51:21.162+0000] {logging_mixin.py:120} INFO - [2024-05-07T19:51:21.162+0000] {dagbag.py:537} INFO - Filling up the DagBag from /opt/airflow/dags/elastic_dag.py
[2024-05-07T19:51:21.371+0000] {processor.py:766} INFO - DAG(s) dict_keys(['elastic_dag']) retrieved from /opt/airflow/dags/elastic_dag.py
[2024-05-07T19:51:21.416+0000] {logging_mixin.py:120} INFO - [2024-05-07T19:51:21.415+0000] {dag.py:2585} INFO - Sync 1 DAGs
[2024-05-07T19:51:21.432+0000] {logging_mixin.py:120} INFO - [2024-05-07T19:51:21.431+0000] {dag.py:3340} INFO - Setting next_dagrun for elastic_dag to 2024-05-06T00:00:00+00:00, run_after=2024-05-07T00:00:00+00:00
[2024-05-07T19:51:21.442+0000] {processor.py:176} INFO - Processing /opt/airflow/dags/elastic_dag.py took 0.283 seconds
[2024-05-07T19:51:51.738+0000] {processor.py:154} INFO - Started process (PID=1914) to work on /opt/airflow/dags/elastic_dag.py
[2024-05-07T19:51:51.740+0000] {processor.py:756} INFO - Processing file /opt/airflow/dags/elastic_dag.py for tasks to queue
[2024-05-07T19:51:51.741+0000] {logging_mixin.py:120} INFO - [2024-05-07T19:51:51.741+0000] {dagbag.py:537} INFO - Filling up the DagBag from /opt/airflow/dags/elastic_dag.py
[2024-05-07T19:51:52.413+0000] {processor.py:766} INFO - DAG(s) dict_keys(['elastic_dag']) retrieved from /opt/airflow/dags/elastic_dag.py
[2024-05-07T19:51:52.465+0000] {logging_mixin.py:120} INFO - [2024-05-07T19:51:52.465+0000] {dag.py:2585} INFO - Sync 1 DAGs
[2024-05-07T19:51:52.482+0000] {logging_mixin.py:120} INFO - [2024-05-07T19:51:52.482+0000] {dag.py:3340} INFO - Setting next_dagrun for elastic_dag to 2024-05-06T00:00:00+00:00, run_after=2024-05-07T00:00:00+00:00
[2024-05-07T19:51:52.494+0000] {processor.py:176} INFO - Processing /opt/airflow/dags/elastic_dag.py took 0.763 seconds
[2024-05-07T19:52:23.017+0000] {processor.py:154} INFO - Started process (PID=1941) to work on /opt/airflow/dags/elastic_dag.py
[2024-05-07T19:52:23.019+0000] {processor.py:756} INFO - Processing file /opt/airflow/dags/elastic_dag.py for tasks to queue
[2024-05-07T19:52:23.021+0000] {logging_mixin.py:120} INFO - [2024-05-07T19:52:23.021+0000] {dagbag.py:537} INFO - Filling up the DagBag from /opt/airflow/dags/elastic_dag.py
[2024-05-07T19:52:23.305+0000] {processor.py:766} INFO - DAG(s) dict_keys(['elastic_dag']) retrieved from /opt/airflow/dags/elastic_dag.py
[2024-05-07T19:52:23.327+0000] {logging_mixin.py:120} INFO - [2024-05-07T19:52:23.327+0000] {dag.py:2585} INFO - Sync 1 DAGs
[2024-05-07T19:52:23.341+0000] {logging_mixin.py:120} INFO - [2024-05-07T19:52:23.341+0000] {dag.py:3340} INFO - Setting next_dagrun for elastic_dag to 2024-05-06T00:00:00+00:00, run_after=2024-05-07T00:00:00+00:00
[2024-05-07T19:52:23.350+0000] {processor.py:176} INFO - Processing /opt/airflow/dags/elastic_dag.py took 0.346 seconds
[2024-05-07T19:52:53.521+0000] {processor.py:154} INFO - Started process (PID=1978) to work on /opt/airflow/dags/elastic_dag.py
[2024-05-07T19:52:53.523+0000] {processor.py:756} INFO - Processing file /opt/airflow/dags/elastic_dag.py for tasks to queue
[2024-05-07T19:52:53.525+0000] {logging_mixin.py:120} INFO - [2024-05-07T19:52:53.525+0000] {dagbag.py:537} INFO - Filling up the DagBag from /opt/airflow/dags/elastic_dag.py
[2024-05-07T19:52:53.851+0000] {processor.py:766} INFO - DAG(s) dict_keys(['elastic_dag']) retrieved from /opt/airflow/dags/elastic_dag.py
[2024-05-07T19:52:53.890+0000] {logging_mixin.py:120} INFO - [2024-05-07T19:52:53.890+0000] {dag.py:2585} INFO - Sync 1 DAGs
[2024-05-07T19:52:53.905+0000] {logging_mixin.py:120} INFO - [2024-05-07T19:52:53.905+0000] {dag.py:3340} INFO - Setting next_dagrun for elastic_dag to 2024-05-06T00:00:00+00:00, run_after=2024-05-07T00:00:00+00:00
[2024-05-07T19:52:53.914+0000] {processor.py:176} INFO - Processing /opt/airflow/dags/elastic_dag.py took 0.409 seconds
[2024-05-07T19:53:23.931+0000] {processor.py:154} INFO - Started process (PID=2016) to work on /opt/airflow/dags/elastic_dag.py
[2024-05-07T19:53:23.932+0000] {processor.py:756} INFO - Processing file /opt/airflow/dags/elastic_dag.py for tasks to queue
[2024-05-07T19:53:23.932+0000] {logging_mixin.py:120} INFO - [2024-05-07T19:53:23.932+0000] {dagbag.py:537} INFO - Filling up the DagBag from /opt/airflow/dags/elastic_dag.py
[2024-05-07T19:53:24.138+0000] {processor.py:766} INFO - DAG(s) dict_keys(['elastic_dag']) retrieved from /opt/airflow/dags/elastic_dag.py
[2024-05-07T19:53:24.165+0000] {logging_mixin.py:120} INFO - [2024-05-07T19:53:24.164+0000] {dag.py:2585} INFO - Sync 1 DAGs
[2024-05-07T19:53:24.182+0000] {logging_mixin.py:120} INFO - [2024-05-07T19:53:24.182+0000] {dag.py:3340} INFO - Setting next_dagrun for elastic_dag to 2024-05-06T00:00:00+00:00, run_after=2024-05-07T00:00:00+00:00
[2024-05-07T19:53:24.198+0000] {processor.py:176} INFO - Processing /opt/airflow/dags/elastic_dag.py took 0.268 seconds
[2024-05-07T19:53:54.327+0000] {processor.py:154} INFO - Started process (PID=2053) to work on /opt/airflow/dags/elastic_dag.py
[2024-05-07T19:53:54.329+0000] {processor.py:756} INFO - Processing file /opt/airflow/dags/elastic_dag.py for tasks to queue
[2024-05-07T19:53:54.330+0000] {logging_mixin.py:120} INFO - [2024-05-07T19:53:54.329+0000] {dagbag.py:537} INFO - Filling up the DagBag from /opt/airflow/dags/elastic_dag.py
[2024-05-07T19:53:54.746+0000] {processor.py:766} INFO - DAG(s) dict_keys(['elastic_dag']) retrieved from /opt/airflow/dags/elastic_dag.py
[2024-05-07T19:53:54.770+0000] {logging_mixin.py:120} INFO - [2024-05-07T19:53:54.770+0000] {dag.py:2585} INFO - Sync 1 DAGs
[2024-05-07T19:53:54.784+0000] {logging_mixin.py:120} INFO - [2024-05-07T19:53:54.784+0000] {dag.py:3340} INFO - Setting next_dagrun for elastic_dag to 2024-05-06T00:00:00+00:00, run_after=2024-05-07T00:00:00+00:00
[2024-05-07T19:53:54.793+0000] {processor.py:176} INFO - Processing /opt/airflow/dags/elastic_dag.py took 0.473 seconds
[2024-05-07T19:54:25.035+0000] {processor.py:154} INFO - Started process (PID=2090) to work on /opt/airflow/dags/elastic_dag.py
[2024-05-07T19:54:25.039+0000] {processor.py:756} INFO - Processing file /opt/airflow/dags/elastic_dag.py for tasks to queue
[2024-05-07T19:54:25.041+0000] {logging_mixin.py:120} INFO - [2024-05-07T19:54:25.041+0000] {dagbag.py:537} INFO - Filling up the DagBag from /opt/airflow/dags/elastic_dag.py
[2024-05-07T19:54:25.317+0000] {processor.py:766} INFO - DAG(s) dict_keys(['elastic_dag']) retrieved from /opt/airflow/dags/elastic_dag.py
[2024-05-07T19:54:25.359+0000] {logging_mixin.py:120} INFO - [2024-05-07T19:54:25.359+0000] {dag.py:2585} INFO - Sync 1 DAGs
[2024-05-07T19:54:25.379+0000] {logging_mixin.py:120} INFO - [2024-05-07T19:54:25.379+0000] {dag.py:3340} INFO - Setting next_dagrun for elastic_dag to 2024-05-06T00:00:00+00:00, run_after=2024-05-07T00:00:00+00:00
[2024-05-07T19:54:25.388+0000] {processor.py:176} INFO - Processing /opt/airflow/dags/elastic_dag.py took 0.364 seconds
[2024-05-07T19:54:56.361+0000] {processor.py:154} INFO - Started process (PID=2118) to work on /opt/airflow/dags/elastic_dag.py
[2024-05-07T19:54:56.362+0000] {processor.py:756} INFO - Processing file /opt/airflow/dags/elastic_dag.py for tasks to queue
[2024-05-07T19:54:56.363+0000] {logging_mixin.py:120} INFO - [2024-05-07T19:54:56.363+0000] {dagbag.py:537} INFO - Filling up the DagBag from /opt/airflow/dags/elastic_dag.py
[2024-05-07T19:54:56.549+0000] {processor.py:766} INFO - DAG(s) dict_keys(['elastic_dag']) retrieved from /opt/airflow/dags/elastic_dag.py
[2024-05-07T19:54:56.574+0000] {logging_mixin.py:120} INFO - [2024-05-07T19:54:56.573+0000] {dag.py:2585} INFO - Sync 1 DAGs
[2024-05-07T19:54:56.594+0000] {logging_mixin.py:120} INFO - [2024-05-07T19:54:56.594+0000] {dag.py:3340} INFO - Setting next_dagrun for elastic_dag to 2024-05-06T00:00:00+00:00, run_after=2024-05-07T00:00:00+00:00
[2024-05-07T19:54:56.609+0000] {processor.py:176} INFO - Processing /opt/airflow/dags/elastic_dag.py took 0.254 seconds
[2024-05-07T19:55:27.093+0000] {processor.py:154} INFO - Started process (PID=2153) to work on /opt/airflow/dags/elastic_dag.py
[2024-05-07T19:55:27.096+0000] {processor.py:756} INFO - Processing file /opt/airflow/dags/elastic_dag.py for tasks to queue
[2024-05-07T19:55:27.097+0000] {logging_mixin.py:120} INFO - [2024-05-07T19:55:27.097+0000] {dagbag.py:537} INFO - Filling up the DagBag from /opt/airflow/dags/elastic_dag.py
[2024-05-07T19:55:27.295+0000] {processor.py:766} INFO - DAG(s) dict_keys(['elastic_dag']) retrieved from /opt/airflow/dags/elastic_dag.py
[2024-05-07T19:55:27.319+0000] {logging_mixin.py:120} INFO - [2024-05-07T19:55:27.319+0000] {dag.py:2585} INFO - Sync 1 DAGs
[2024-05-07T19:55:27.336+0000] {logging_mixin.py:120} INFO - [2024-05-07T19:55:27.335+0000] {dag.py:3340} INFO - Setting next_dagrun for elastic_dag to 2024-05-06T00:00:00+00:00, run_after=2024-05-07T00:00:00+00:00
[2024-05-07T19:55:27.350+0000] {processor.py:176} INFO - Processing /opt/airflow/dags/elastic_dag.py took 0.265 seconds
[2024-05-07T19:55:57.827+0000] {processor.py:154} INFO - Started process (PID=2190) to work on /opt/airflow/dags/elastic_dag.py
[2024-05-07T19:55:57.829+0000] {processor.py:756} INFO - Processing file /opt/airflow/dags/elastic_dag.py for tasks to queue
[2024-05-07T19:55:57.831+0000] {logging_mixin.py:120} INFO - [2024-05-07T19:55:57.831+0000] {dagbag.py:537} INFO - Filling up the DagBag from /opt/airflow/dags/elastic_dag.py
[2024-05-07T19:55:58.055+0000] {processor.py:766} INFO - DAG(s) dict_keys(['elastic_dag']) retrieved from /opt/airflow/dags/elastic_dag.py
[2024-05-07T19:55:58.079+0000] {logging_mixin.py:120} INFO - [2024-05-07T19:55:58.079+0000] {dag.py:2585} INFO - Sync 1 DAGs
[2024-05-07T19:55:58.094+0000] {logging_mixin.py:120} INFO - [2024-05-07T19:55:58.094+0000] {dag.py:3340} INFO - Setting next_dagrun for elastic_dag to 2024-05-06T00:00:00+00:00, run_after=2024-05-07T00:00:00+00:00
[2024-05-07T19:55:58.103+0000] {processor.py:176} INFO - Processing /opt/airflow/dags/elastic_dag.py took 0.284 seconds
[2024-05-07T19:56:28.201+0000] {processor.py:154} INFO - Started process (PID=2226) to work on /opt/airflow/dags/elastic_dag.py
[2024-05-07T19:56:28.203+0000] {processor.py:756} INFO - Processing file /opt/airflow/dags/elastic_dag.py for tasks to queue
[2024-05-07T19:56:28.205+0000] {logging_mixin.py:120} INFO - [2024-05-07T19:56:28.205+0000] {dagbag.py:537} INFO - Filling up the DagBag from /opt/airflow/dags/elastic_dag.py
[2024-05-07T19:56:28.443+0000] {processor.py:766} INFO - DAG(s) dict_keys(['elastic_dag']) retrieved from /opt/airflow/dags/elastic_dag.py
[2024-05-07T19:56:28.473+0000] {logging_mixin.py:120} INFO - [2024-05-07T19:56:28.472+0000] {dag.py:2585} INFO - Sync 1 DAGs
[2024-05-07T19:56:28.491+0000] {logging_mixin.py:120} INFO - [2024-05-07T19:56:28.490+0000] {dag.py:3340} INFO - Setting next_dagrun for elastic_dag to 2024-05-06T00:00:00+00:00, run_after=2024-05-07T00:00:00+00:00
[2024-05-07T19:56:28.507+0000] {processor.py:176} INFO - Processing /opt/airflow/dags/elastic_dag.py took 0.314 seconds
[2024-05-07T19:56:58.610+0000] {processor.py:154} INFO - Started process (PID=2262) to work on /opt/airflow/dags/elastic_dag.py
[2024-05-07T19:56:58.612+0000] {processor.py:756} INFO - Processing file /opt/airflow/dags/elastic_dag.py for tasks to queue
[2024-05-07T19:56:58.613+0000] {logging_mixin.py:120} INFO - [2024-05-07T19:56:58.613+0000] {dagbag.py:537} INFO - Filling up the DagBag from /opt/airflow/dags/elastic_dag.py
[2024-05-07T19:56:58.841+0000] {processor.py:766} INFO - DAG(s) dict_keys(['elastic_dag']) retrieved from /opt/airflow/dags/elastic_dag.py
[2024-05-07T19:56:58.870+0000] {logging_mixin.py:120} INFO - [2024-05-07T19:56:58.869+0000] {dag.py:2585} INFO - Sync 1 DAGs
[2024-05-07T19:56:58.885+0000] {logging_mixin.py:120} INFO - [2024-05-07T19:56:58.885+0000] {dag.py:3340} INFO - Setting next_dagrun for elastic_dag to 2024-05-06T00:00:00+00:00, run_after=2024-05-07T00:00:00+00:00
[2024-05-07T19:56:58.894+0000] {processor.py:176} INFO - Processing /opt/airflow/dags/elastic_dag.py took 0.292 seconds
[2024-05-07T19:57:29.726+0000] {processor.py:154} INFO - Started process (PID=2298) to work on /opt/airflow/dags/elastic_dag.py
[2024-05-07T19:57:29.730+0000] {processor.py:756} INFO - Processing file /opt/airflow/dags/elastic_dag.py for tasks to queue
[2024-05-07T19:57:29.733+0000] {logging_mixin.py:120} INFO - [2024-05-07T19:57:29.733+0000] {dagbag.py:537} INFO - Filling up the DagBag from /opt/airflow/dags/elastic_dag.py
[2024-05-07T19:57:29.976+0000] {processor.py:766} INFO - DAG(s) dict_keys(['elastic_dag']) retrieved from /opt/airflow/dags/elastic_dag.py
[2024-05-07T19:57:30.000+0000] {logging_mixin.py:120} INFO - [2024-05-07T19:57:30.000+0000] {dag.py:2585} INFO - Sync 1 DAGs
[2024-05-07T19:57:30.015+0000] {logging_mixin.py:120} INFO - [2024-05-07T19:57:30.015+0000] {dag.py:3340} INFO - Setting next_dagrun for elastic_dag to 2024-05-06T00:00:00+00:00, run_after=2024-05-07T00:00:00+00:00
[2024-05-07T19:57:30.028+0000] {processor.py:176} INFO - Processing /opt/airflow/dags/elastic_dag.py took 0.313 seconds
[2024-05-07T19:58:00.389+0000] {processor.py:154} INFO - Started process (PID=2326) to work on /opt/airflow/dags/elastic_dag.py
[2024-05-07T19:58:00.391+0000] {processor.py:756} INFO - Processing file /opt/airflow/dags/elastic_dag.py for tasks to queue
[2024-05-07T19:58:00.392+0000] {logging_mixin.py:120} INFO - [2024-05-07T19:58:00.392+0000] {dagbag.py:537} INFO - Filling up the DagBag from /opt/airflow/dags/elastic_dag.py
[2024-05-07T19:58:00.608+0000] {processor.py:766} INFO - DAG(s) dict_keys(['elastic_dag']) retrieved from /opt/airflow/dags/elastic_dag.py
[2024-05-07T19:58:00.638+0000] {logging_mixin.py:120} INFO - [2024-05-07T19:58:00.638+0000] {dag.py:2585} INFO - Sync 1 DAGs
[2024-05-07T19:58:00.655+0000] {logging_mixin.py:120} INFO - [2024-05-07T19:58:00.655+0000] {dag.py:3340} INFO - Setting next_dagrun for elastic_dag to 2024-05-06T00:00:00+00:00, run_after=2024-05-07T00:00:00+00:00
[2024-05-07T19:58:00.665+0000] {processor.py:176} INFO - Processing /opt/airflow/dags/elastic_dag.py took 0.285 seconds
[2024-05-07T19:58:30.813+0000] {processor.py:154} INFO - Started process (PID=2362) to work on /opt/airflow/dags/elastic_dag.py
[2024-05-07T19:58:30.817+0000] {processor.py:756} INFO - Processing file /opt/airflow/dags/elastic_dag.py for tasks to queue
[2024-05-07T19:58:30.820+0000] {logging_mixin.py:120} INFO - [2024-05-07T19:58:30.820+0000] {dagbag.py:537} INFO - Filling up the DagBag from /opt/airflow/dags/elastic_dag.py
[2024-05-07T19:58:31.014+0000] {processor.py:766} INFO - DAG(s) dict_keys(['elastic_dag']) retrieved from /opt/airflow/dags/elastic_dag.py
[2024-05-07T19:58:31.044+0000] {logging_mixin.py:120} INFO - [2024-05-07T19:58:31.044+0000] {dag.py:2585} INFO - Sync 1 DAGs
[2024-05-07T19:58:31.060+0000] {logging_mixin.py:120} INFO - [2024-05-07T19:58:31.060+0000] {dag.py:3340} INFO - Setting next_dagrun for elastic_dag to 2024-05-06T00:00:00+00:00, run_after=2024-05-07T00:00:00+00:00
[2024-05-07T19:58:31.069+0000] {processor.py:176} INFO - Processing /opt/airflow/dags/elastic_dag.py took 0.266 seconds
[2024-05-07T19:59:01.623+0000] {processor.py:154} INFO - Started process (PID=2399) to work on /opt/airflow/dags/elastic_dag.py
[2024-05-07T19:59:01.624+0000] {processor.py:756} INFO - Processing file /opt/airflow/dags/elastic_dag.py for tasks to queue
[2024-05-07T19:59:01.624+0000] {logging_mixin.py:120} INFO - [2024-05-07T19:59:01.624+0000] {dagbag.py:537} INFO - Filling up the DagBag from /opt/airflow/dags/elastic_dag.py
[2024-05-07T19:59:01.770+0000] {processor.py:766} INFO - DAG(s) dict_keys(['elastic_dag']) retrieved from /opt/airflow/dags/elastic_dag.py
[2024-05-07T19:59:01.798+0000] {logging_mixin.py:120} INFO - [2024-05-07T19:59:01.797+0000] {dag.py:2585} INFO - Sync 1 DAGs
[2024-05-07T19:59:01.821+0000] {logging_mixin.py:120} INFO - [2024-05-07T19:59:01.821+0000] {dag.py:3340} INFO - Setting next_dagrun for elastic_dag to 2024-05-06T00:00:00+00:00, run_after=2024-05-07T00:00:00+00:00
[2024-05-07T19:59:01.836+0000] {processor.py:176} INFO - Processing /opt/airflow/dags/elastic_dag.py took 0.217 seconds
[2024-05-07T19:59:32.507+0000] {processor.py:154} INFO - Started process (PID=2436) to work on /opt/airflow/dags/elastic_dag.py
[2024-05-07T19:59:32.508+0000] {processor.py:756} INFO - Processing file /opt/airflow/dags/elastic_dag.py for tasks to queue
[2024-05-07T19:59:32.508+0000] {logging_mixin.py:120} INFO - [2024-05-07T19:59:32.508+0000] {dagbag.py:537} INFO - Filling up the DagBag from /opt/airflow/dags/elastic_dag.py
[2024-05-07T19:59:32.699+0000] {processor.py:766} INFO - DAG(s) dict_keys(['elastic_dag']) retrieved from /opt/airflow/dags/elastic_dag.py
[2024-05-07T19:59:32.729+0000] {logging_mixin.py:120} INFO - [2024-05-07T19:59:32.729+0000] {dag.py:2585} INFO - Sync 1 DAGs
[2024-05-07T19:59:32.743+0000] {logging_mixin.py:120} INFO - [2024-05-07T19:59:32.743+0000] {dag.py:3340} INFO - Setting next_dagrun for elastic_dag to 2024-05-06T00:00:00+00:00, run_after=2024-05-07T00:00:00+00:00
[2024-05-07T19:59:32.752+0000] {processor.py:176} INFO - Processing /opt/airflow/dags/elastic_dag.py took 0.249 seconds
[2024-05-07T20:00:03.386+0000] {processor.py:154} INFO - Started process (PID=2473) to work on /opt/airflow/dags/elastic_dag.py
[2024-05-07T20:00:03.388+0000] {processor.py:756} INFO - Processing file /opt/airflow/dags/elastic_dag.py for tasks to queue
[2024-05-07T20:00:03.390+0000] {logging_mixin.py:120} INFO - [2024-05-07T20:00:03.390+0000] {dagbag.py:537} INFO - Filling up the DagBag from /opt/airflow/dags/elastic_dag.py
[2024-05-07T20:00:03.696+0000] {processor.py:766} INFO - DAG(s) dict_keys(['elastic_dag']) retrieved from /opt/airflow/dags/elastic_dag.py
[2024-05-07T20:00:03.766+0000] {logging_mixin.py:120} INFO - [2024-05-07T20:00:03.766+0000] {dag.py:2585} INFO - Sync 1 DAGs
[2024-05-07T20:00:03.815+0000] {logging_mixin.py:120} INFO - [2024-05-07T20:00:03.815+0000] {dag.py:3340} INFO - Setting next_dagrun for elastic_dag to 2024-05-06T00:00:00+00:00, run_after=2024-05-07T00:00:00+00:00
[2024-05-07T20:00:03.832+0000] {processor.py:176} INFO - Processing /opt/airflow/dags/elastic_dag.py took 0.456 seconds
[2024-05-07T20:00:34.219+0000] {processor.py:154} INFO - Started process (PID=2510) to work on /opt/airflow/dags/elastic_dag.py
[2024-05-07T20:00:34.220+0000] {processor.py:756} INFO - Processing file /opt/airflow/dags/elastic_dag.py for tasks to queue
[2024-05-07T20:00:34.221+0000] {logging_mixin.py:120} INFO - [2024-05-07T20:00:34.221+0000] {dagbag.py:537} INFO - Filling up the DagBag from /opt/airflow/dags/elastic_dag.py
[2024-05-07T20:00:34.520+0000] {processor.py:766} INFO - DAG(s) dict_keys(['elastic_dag']) retrieved from /opt/airflow/dags/elastic_dag.py
[2024-05-07T20:00:34.576+0000] {logging_mixin.py:120} INFO - [2024-05-07T20:00:34.575+0000] {dag.py:2585} INFO - Sync 1 DAGs
[2024-05-07T20:00:34.693+0000] {logging_mixin.py:120} INFO - [2024-05-07T20:00:34.693+0000] {dag.py:3340} INFO - Setting next_dagrun for elastic_dag to 2024-05-06T00:00:00+00:00, run_after=2024-05-07T00:00:00+00:00
[2024-05-07T20:00:34.718+0000] {processor.py:176} INFO - Processing /opt/airflow/dags/elastic_dag.py took 0.503 seconds
[2024-05-07T20:01:05.637+0000] {processor.py:154} INFO - Started process (PID=2540) to work on /opt/airflow/dags/elastic_dag.py
[2024-05-07T20:01:05.639+0000] {processor.py:756} INFO - Processing file /opt/airflow/dags/elastic_dag.py for tasks to queue
[2024-05-07T20:01:05.641+0000] {logging_mixin.py:120} INFO - [2024-05-07T20:01:05.641+0000] {dagbag.py:537} INFO - Filling up the DagBag from /opt/airflow/dags/elastic_dag.py
[2024-05-07T20:01:05.872+0000] {processor.py:766} INFO - DAG(s) dict_keys(['elastic_dag']) retrieved from /opt/airflow/dags/elastic_dag.py
[2024-05-07T20:01:05.894+0000] {logging_mixin.py:120} INFO - [2024-05-07T20:01:05.894+0000] {dag.py:2585} INFO - Sync 1 DAGs
[2024-05-07T20:01:05.908+0000] {logging_mixin.py:120} INFO - [2024-05-07T20:01:05.908+0000] {dag.py:3340} INFO - Setting next_dagrun for elastic_dag to 2024-05-06T00:00:00+00:00, run_after=2024-05-07T00:00:00+00:00
[2024-05-07T20:01:05.918+0000] {processor.py:176} INFO - Processing /opt/airflow/dags/elastic_dag.py took 0.289 seconds
[2024-05-07T20:01:36.030+0000] {processor.py:154} INFO - Started process (PID=2577) to work on /opt/airflow/dags/elastic_dag.py
[2024-05-07T20:01:36.030+0000] {processor.py:756} INFO - Processing file /opt/airflow/dags/elastic_dag.py for tasks to queue
[2024-05-07T20:01:36.031+0000] {logging_mixin.py:120} INFO - [2024-05-07T20:01:36.031+0000] {dagbag.py:537} INFO - Filling up the DagBag from /opt/airflow/dags/elastic_dag.py
[2024-05-07T20:01:36.225+0000] {processor.py:766} INFO - DAG(s) dict_keys(['elastic_dag']) retrieved from /opt/airflow/dags/elastic_dag.py
[2024-05-07T20:01:36.275+0000] {logging_mixin.py:120} INFO - [2024-05-07T20:01:36.274+0000] {dag.py:2585} INFO - Sync 1 DAGs
[2024-05-07T20:01:36.304+0000] {logging_mixin.py:120} INFO - [2024-05-07T20:01:36.304+0000] {dag.py:3340} INFO - Setting next_dagrun for elastic_dag to 2024-05-06T00:00:00+00:00, run_after=2024-05-07T00:00:00+00:00
[2024-05-07T20:01:36.321+0000] {processor.py:176} INFO - Processing /opt/airflow/dags/elastic_dag.py took 0.293 seconds
