[2024-05-07T19:22:48.297+0000] {processor.py:154} INFO - Started process (PID=57) to work on /opt/airflow/dags/group_dag.py
[2024-05-07T19:22:48.300+0000] {processor.py:756} INFO - Processing file /opt/airflow/dags/group_dag.py for tasks to queue
[2024-05-07T19:22:48.305+0000] {logging_mixin.py:120} INFO - [2024-05-07T19:22:48.305+0000] {dagbag.py:537} INFO - Filling up the DagBag from /opt/airflow/dags/group_dag.py
[2024-05-07T19:22:48.441+0000] {processor.py:766} INFO - DAG(s) dict_keys(['group_dag']) retrieved from /opt/airflow/dags/group_dag.py
[2024-05-07T19:22:48.553+0000] {logging_mixin.py:120} INFO - [2024-05-07T19:22:48.553+0000] {dag.py:2585} INFO - Sync 1 DAGs
[2024-05-07T19:22:48.911+0000] {logging_mixin.py:120} INFO - [2024-05-07T19:22:48.905+0000] {dag.py:3340} INFO - Setting next_dagrun for group_dag to 2024-05-06T00:00:00+00:00, run_after=2024-05-07T00:00:00+00:00
[2024-05-07T19:22:48.991+0000] {processor.py:176} INFO - Processing /opt/airflow/dags/group_dag.py took 0.717 seconds
[2024-05-07T19:23:24.265+0000] {processor.py:154} INFO - Started process (PID=84) to work on /opt/airflow/dags/group_dag.py
[2024-05-07T19:23:24.266+0000] {processor.py:756} INFO - Processing file /opt/airflow/dags/group_dag.py for tasks to queue
[2024-05-07T19:23:24.267+0000] {logging_mixin.py:120} INFO - [2024-05-07T19:23:24.267+0000] {dagbag.py:537} INFO - Filling up the DagBag from /opt/airflow/dags/group_dag.py
[2024-05-07T19:23:24.307+0000] {processor.py:766} INFO - DAG(s) dict_keys(['group_dag']) retrieved from /opt/airflow/dags/group_dag.py
[2024-05-07T19:23:24.337+0000] {logging_mixin.py:120} INFO - [2024-05-07T19:23:24.336+0000] {dag.py:2585} INFO - Sync 1 DAGs
[2024-05-07T19:23:24.387+0000] {logging_mixin.py:120} INFO - [2024-05-07T19:23:24.387+0000] {dag.py:3340} INFO - Setting next_dagrun for group_dag to 2024-05-06T00:00:00+00:00, run_after=2024-05-07T00:00:00+00:00
[2024-05-07T19:23:24.418+0000] {processor.py:176} INFO - Processing /opt/airflow/dags/group_dag.py took 0.156 seconds
[2024-05-07T19:23:55.956+0000] {processor.py:154} INFO - Started process (PID=122) to work on /opt/airflow/dags/group_dag.py
[2024-05-07T19:23:55.957+0000] {processor.py:756} INFO - Processing file /opt/airflow/dags/group_dag.py for tasks to queue
[2024-05-07T19:23:55.958+0000] {logging_mixin.py:120} INFO - [2024-05-07T19:23:55.958+0000] {dagbag.py:537} INFO - Filling up the DagBag from /opt/airflow/dags/group_dag.py
[2024-05-07T19:23:55.974+0000] {processor.py:766} INFO - DAG(s) dict_keys(['group_dag']) retrieved from /opt/airflow/dags/group_dag.py
[2024-05-07T19:23:56.029+0000] {logging_mixin.py:120} INFO - [2024-05-07T19:23:56.029+0000] {dag.py:2585} INFO - Sync 1 DAGs
[2024-05-07T19:23:56.057+0000] {logging_mixin.py:120} INFO - [2024-05-07T19:23:56.057+0000] {dag.py:3340} INFO - Setting next_dagrun for group_dag to 2024-05-06T00:00:00+00:00, run_after=2024-05-07T00:00:00+00:00
[2024-05-07T19:23:56.077+0000] {processor.py:176} INFO - Processing /opt/airflow/dags/group_dag.py took 0.123 seconds
[2024-05-07T19:24:29.413+0000] {processor.py:154} INFO - Started process (PID=158) to work on /opt/airflow/dags/group_dag.py
[2024-05-07T19:24:29.415+0000] {processor.py:756} INFO - Processing file /opt/airflow/dags/group_dag.py for tasks to queue
[2024-05-07T19:24:29.417+0000] {logging_mixin.py:120} INFO - [2024-05-07T19:24:29.417+0000] {dagbag.py:537} INFO - Filling up the DagBag from /opt/airflow/dags/group_dag.py
[2024-05-07T19:24:29.450+0000] {processor.py:766} INFO - DAG(s) dict_keys(['group_dag']) retrieved from /opt/airflow/dags/group_dag.py
[2024-05-07T19:24:29.513+0000] {logging_mixin.py:120} INFO - [2024-05-07T19:24:29.513+0000] {dag.py:2585} INFO - Sync 1 DAGs
[2024-05-07T19:24:29.553+0000] {logging_mixin.py:120} INFO - [2024-05-07T19:24:29.553+0000] {dag.py:3340} INFO - Setting next_dagrun for group_dag to 2024-05-06T00:00:00+00:00, run_after=2024-05-07T00:00:00+00:00
[2024-05-07T19:24:29.571+0000] {processor.py:176} INFO - Processing /opt/airflow/dags/group_dag.py took 0.164 seconds
[2024-05-07T19:25:00.608+0000] {processor.py:154} INFO - Started process (PID=185) to work on /opt/airflow/dags/group_dag.py
[2024-05-07T19:25:00.609+0000] {processor.py:756} INFO - Processing file /opt/airflow/dags/group_dag.py for tasks to queue
[2024-05-07T19:25:00.609+0000] {logging_mixin.py:120} INFO - [2024-05-07T19:25:00.609+0000] {dagbag.py:537} INFO - Filling up the DagBag from /opt/airflow/dags/group_dag.py
[2024-05-07T19:25:00.634+0000] {processor.py:766} INFO - DAG(s) dict_keys(['group_dag']) retrieved from /opt/airflow/dags/group_dag.py
[2024-05-07T19:25:00.667+0000] {logging_mixin.py:120} INFO - [2024-05-07T19:25:00.667+0000] {dag.py:2585} INFO - Sync 1 DAGs
[2024-05-07T19:25:00.690+0000] {logging_mixin.py:120} INFO - [2024-05-07T19:25:00.690+0000] {dag.py:3340} INFO - Setting next_dagrun for group_dag to 2024-05-06T00:00:00+00:00, run_after=2024-05-07T00:00:00+00:00
[2024-05-07T19:25:00.718+0000] {processor.py:176} INFO - Processing /opt/airflow/dags/group_dag.py took 0.112 seconds
[2024-05-07T19:25:31.958+0000] {processor.py:154} INFO - Started process (PID=222) to work on /opt/airflow/dags/group_dag.py
[2024-05-07T19:25:31.959+0000] {processor.py:756} INFO - Processing file /opt/airflow/dags/group_dag.py for tasks to queue
[2024-05-07T19:25:31.959+0000] {logging_mixin.py:120} INFO - [2024-05-07T19:25:31.959+0000] {dagbag.py:537} INFO - Filling up the DagBag from /opt/airflow/dags/group_dag.py
[2024-05-07T19:25:31.979+0000] {processor.py:766} INFO - DAG(s) dict_keys(['group_dag']) retrieved from /opt/airflow/dags/group_dag.py
[2024-05-07T19:25:32.001+0000] {logging_mixin.py:120} INFO - [2024-05-07T19:25:32.001+0000] {dag.py:2585} INFO - Sync 1 DAGs
[2024-05-07T19:25:32.016+0000] {logging_mixin.py:120} INFO - [2024-05-07T19:25:32.016+0000] {dag.py:3340} INFO - Setting next_dagrun for group_dag to 2024-05-06T00:00:00+00:00, run_after=2024-05-07T00:00:00+00:00
[2024-05-07T19:25:32.026+0000] {processor.py:176} INFO - Processing /opt/airflow/dags/group_dag.py took 0.069 seconds
[2024-05-07T19:26:03.323+0000] {processor.py:154} INFO - Started process (PID=259) to work on /opt/airflow/dags/group_dag.py
[2024-05-07T19:26:03.325+0000] {processor.py:756} INFO - Processing file /opt/airflow/dags/group_dag.py for tasks to queue
[2024-05-07T19:26:03.326+0000] {logging_mixin.py:120} INFO - [2024-05-07T19:26:03.326+0000] {dagbag.py:537} INFO - Filling up the DagBag from /opt/airflow/dags/group_dag.py
[2024-05-07T19:26:03.416+0000] {processor.py:766} INFO - DAG(s) dict_keys(['group_dag']) retrieved from /opt/airflow/dags/group_dag.py
[2024-05-07T19:26:03.464+0000] {logging_mixin.py:120} INFO - [2024-05-07T19:26:03.464+0000] {dag.py:2585} INFO - Sync 1 DAGs
[2024-05-07T19:26:03.482+0000] {logging_mixin.py:120} INFO - [2024-05-07T19:26:03.482+0000] {dag.py:3340} INFO - Setting next_dagrun for group_dag to 2024-05-06T00:00:00+00:00, run_after=2024-05-07T00:00:00+00:00
[2024-05-07T19:26:03.493+0000] {processor.py:176} INFO - Processing /opt/airflow/dags/group_dag.py took 0.176 seconds
[2024-05-07T19:26:33.798+0000] {processor.py:154} INFO - Started process (PID=296) to work on /opt/airflow/dags/group_dag.py
[2024-05-07T19:26:33.799+0000] {processor.py:756} INFO - Processing file /opt/airflow/dags/group_dag.py for tasks to queue
[2024-05-07T19:26:33.799+0000] {logging_mixin.py:120} INFO - [2024-05-07T19:26:33.799+0000] {dagbag.py:537} INFO - Filling up the DagBag from /opt/airflow/dags/group_dag.py
[2024-05-07T19:26:33.813+0000] {processor.py:766} INFO - DAG(s) dict_keys(['group_dag']) retrieved from /opt/airflow/dags/group_dag.py
[2024-05-07T19:26:33.853+0000] {logging_mixin.py:120} INFO - [2024-05-07T19:26:33.853+0000] {dag.py:2585} INFO - Sync 1 DAGs
[2024-05-07T19:26:33.888+0000] {logging_mixin.py:120} INFO - [2024-05-07T19:26:33.888+0000] {dag.py:3340} INFO - Setting next_dagrun for group_dag to 2024-05-06T00:00:00+00:00, run_after=2024-05-07T00:00:00+00:00
[2024-05-07T19:26:34.112+0000] {processor.py:176} INFO - Processing /opt/airflow/dags/group_dag.py took 0.317 seconds
[2024-05-07T19:27:04.532+0000] {processor.py:154} INFO - Started process (PID=330) to work on /opt/airflow/dags/group_dag.py
[2024-05-07T19:27:04.533+0000] {processor.py:756} INFO - Processing file /opt/airflow/dags/group_dag.py for tasks to queue
[2024-05-07T19:27:04.534+0000] {logging_mixin.py:120} INFO - [2024-05-07T19:27:04.534+0000] {dagbag.py:537} INFO - Filling up the DagBag from /opt/airflow/dags/group_dag.py
[2024-05-07T19:27:04.553+0000] {processor.py:766} INFO - DAG(s) dict_keys(['group_dag']) retrieved from /opt/airflow/dags/group_dag.py
[2024-05-07T19:27:04.582+0000] {logging_mixin.py:120} INFO - [2024-05-07T19:27:04.582+0000] {dag.py:2585} INFO - Sync 1 DAGs
[2024-05-07T19:27:04.622+0000] {logging_mixin.py:120} INFO - [2024-05-07T19:27:04.622+0000] {dag.py:3340} INFO - Setting next_dagrun for group_dag to 2024-05-06T00:00:00+00:00, run_after=2024-05-07T00:00:00+00:00
[2024-05-07T19:27:04.638+0000] {processor.py:176} INFO - Processing /opt/airflow/dags/group_dag.py took 0.108 seconds
[2024-05-07T19:27:35.281+0000] {processor.py:154} INFO - Started process (PID=356) to work on /opt/airflow/dags/group_dag.py
[2024-05-07T19:27:35.282+0000] {processor.py:756} INFO - Processing file /opt/airflow/dags/group_dag.py for tasks to queue
[2024-05-07T19:27:35.283+0000] {logging_mixin.py:120} INFO - [2024-05-07T19:27:35.283+0000] {dagbag.py:537} INFO - Filling up the DagBag from /opt/airflow/dags/group_dag.py
[2024-05-07T19:27:35.298+0000] {processor.py:766} INFO - DAG(s) dict_keys(['group_dag']) retrieved from /opt/airflow/dags/group_dag.py
[2024-05-07T19:27:35.324+0000] {logging_mixin.py:120} INFO - [2024-05-07T19:27:35.324+0000] {dag.py:2585} INFO - Sync 1 DAGs
[2024-05-07T19:27:35.346+0000] {logging_mixin.py:120} INFO - [2024-05-07T19:27:35.346+0000] {dag.py:3340} INFO - Setting next_dagrun for group_dag to 2024-05-06T00:00:00+00:00, run_after=2024-05-07T00:00:00+00:00
[2024-05-07T19:27:35.357+0000] {processor.py:176} INFO - Processing /opt/airflow/dags/group_dag.py took 0.078 seconds
[2024-05-07T19:28:07.378+0000] {processor.py:154} INFO - Started process (PID=392) to work on /opt/airflow/dags/group_dag.py
[2024-05-07T19:28:07.382+0000] {processor.py:756} INFO - Processing file /opt/airflow/dags/group_dag.py for tasks to queue
[2024-05-07T19:28:07.388+0000] {logging_mixin.py:120} INFO - [2024-05-07T19:28:07.387+0000] {dagbag.py:537} INFO - Filling up the DagBag from /opt/airflow/dags/group_dag.py
[2024-05-07T19:28:07.449+0000] {processor.py:766} INFO - DAG(s) dict_keys(['group_dag']) retrieved from /opt/airflow/dags/group_dag.py
[2024-05-07T19:28:07.511+0000] {logging_mixin.py:120} INFO - [2024-05-07T19:28:07.511+0000] {dag.py:2585} INFO - Sync 1 DAGs
[2024-05-07T19:28:07.559+0000] {logging_mixin.py:120} INFO - [2024-05-07T19:28:07.559+0000] {dag.py:3340} INFO - Setting next_dagrun for group_dag to 2024-05-06T00:00:00+00:00, run_after=2024-05-07T00:00:00+00:00
[2024-05-07T19:28:07.591+0000] {processor.py:176} INFO - Processing /opt/airflow/dags/group_dag.py took 0.221 seconds
[2024-05-07T19:28:37.782+0000] {processor.py:154} INFO - Started process (PID=427) to work on /opt/airflow/dags/group_dag.py
[2024-05-07T19:28:37.782+0000] {processor.py:756} INFO - Processing file /opt/airflow/dags/group_dag.py for tasks to queue
[2024-05-07T19:28:37.783+0000] {logging_mixin.py:120} INFO - [2024-05-07T19:28:37.783+0000] {dagbag.py:537} INFO - Filling up the DagBag from /opt/airflow/dags/group_dag.py
[2024-05-07T19:28:37.797+0000] {processor.py:766} INFO - DAG(s) dict_keys(['group_dag']) retrieved from /opt/airflow/dags/group_dag.py
[2024-05-07T19:28:37.827+0000] {logging_mixin.py:120} INFO - [2024-05-07T19:28:37.827+0000] {dag.py:2585} INFO - Sync 1 DAGs
[2024-05-07T19:28:37.854+0000] {logging_mixin.py:120} INFO - [2024-05-07T19:28:37.854+0000] {dag.py:3340} INFO - Setting next_dagrun for group_dag to 2024-05-06T00:00:00+00:00, run_after=2024-05-07T00:00:00+00:00
[2024-05-07T19:28:37.874+0000] {processor.py:176} INFO - Processing /opt/airflow/dags/group_dag.py took 0.097 seconds
[2024-05-07T19:29:08.151+0000] {processor.py:154} INFO - Started process (PID=453) to work on /opt/airflow/dags/group_dag.py
[2024-05-07T19:29:08.152+0000] {processor.py:756} INFO - Processing file /opt/airflow/dags/group_dag.py for tasks to queue
[2024-05-07T19:29:08.153+0000] {logging_mixin.py:120} INFO - [2024-05-07T19:29:08.153+0000] {dagbag.py:537} INFO - Filling up the DagBag from /opt/airflow/dags/group_dag.py
[2024-05-07T19:29:08.173+0000] {processor.py:766} INFO - DAG(s) dict_keys(['group_dag']) retrieved from /opt/airflow/dags/group_dag.py
[2024-05-07T19:29:08.199+0000] {logging_mixin.py:120} INFO - [2024-05-07T19:29:08.199+0000] {dag.py:2585} INFO - Sync 1 DAGs
[2024-05-07T19:29:08.214+0000] {logging_mixin.py:120} INFO - [2024-05-07T19:29:08.213+0000] {dag.py:3340} INFO - Setting next_dagrun for group_dag to 2024-05-06T00:00:00+00:00, run_after=2024-05-07T00:00:00+00:00
[2024-05-07T19:29:08.223+0000] {processor.py:176} INFO - Processing /opt/airflow/dags/group_dag.py took 0.074 seconds
[2024-05-07T19:29:38.969+0000] {processor.py:154} INFO - Started process (PID=490) to work on /opt/airflow/dags/group_dag.py
[2024-05-07T19:29:38.970+0000] {processor.py:756} INFO - Processing file /opt/airflow/dags/group_dag.py for tasks to queue
[2024-05-07T19:29:38.970+0000] {logging_mixin.py:120} INFO - [2024-05-07T19:29:38.970+0000] {dagbag.py:537} INFO - Filling up the DagBag from /opt/airflow/dags/group_dag.py
[2024-05-07T19:29:38.984+0000] {processor.py:766} INFO - DAG(s) dict_keys(['group_dag']) retrieved from /opt/airflow/dags/group_dag.py
[2024-05-07T19:29:39.005+0000] {logging_mixin.py:120} INFO - [2024-05-07T19:29:39.004+0000] {dag.py:2585} INFO - Sync 1 DAGs
[2024-05-07T19:29:39.019+0000] {logging_mixin.py:120} INFO - [2024-05-07T19:29:39.019+0000] {dag.py:3340} INFO - Setting next_dagrun for group_dag to 2024-05-06T00:00:00+00:00, run_after=2024-05-07T00:00:00+00:00
[2024-05-07T19:29:39.028+0000] {processor.py:176} INFO - Processing /opt/airflow/dags/group_dag.py took 0.061 seconds
[2024-05-07T19:30:10.202+0000] {processor.py:154} INFO - Started process (PID=527) to work on /opt/airflow/dags/group_dag.py
[2024-05-07T19:30:10.204+0000] {processor.py:756} INFO - Processing file /opt/airflow/dags/group_dag.py for tasks to queue
[2024-05-07T19:30:10.205+0000] {logging_mixin.py:120} INFO - [2024-05-07T19:30:10.205+0000] {dagbag.py:537} INFO - Filling up the DagBag from /opt/airflow/dags/group_dag.py
[2024-05-07T19:30:10.227+0000] {processor.py:766} INFO - DAG(s) dict_keys(['group_dag']) retrieved from /opt/airflow/dags/group_dag.py
[2024-05-07T19:30:10.251+0000] {logging_mixin.py:120} INFO - [2024-05-07T19:30:10.251+0000] {dag.py:2585} INFO - Sync 1 DAGs
[2024-05-07T19:30:10.265+0000] {logging_mixin.py:120} INFO - [2024-05-07T19:30:10.265+0000] {dag.py:3340} INFO - Setting next_dagrun for group_dag to 2024-05-06T00:00:00+00:00, run_after=2024-05-07T00:00:00+00:00
[2024-05-07T19:30:10.274+0000] {processor.py:176} INFO - Processing /opt/airflow/dags/group_dag.py took 0.083 seconds
[2024-05-07T19:30:41.382+0000] {processor.py:154} INFO - Started process (PID=564) to work on /opt/airflow/dags/group_dag.py
[2024-05-07T19:30:41.386+0000] {processor.py:756} INFO - Processing file /opt/airflow/dags/group_dag.py for tasks to queue
[2024-05-07T19:30:41.388+0000] {logging_mixin.py:120} INFO - [2024-05-07T19:30:41.387+0000] {dagbag.py:537} INFO - Filling up the DagBag from /opt/airflow/dags/group_dag.py
[2024-05-07T19:30:41.405+0000] {processor.py:766} INFO - DAG(s) dict_keys(['group_dag']) retrieved from /opt/airflow/dags/group_dag.py
[2024-05-07T19:30:41.433+0000] {logging_mixin.py:120} INFO - [2024-05-07T19:30:41.433+0000] {dag.py:2585} INFO - Sync 1 DAGs
[2024-05-07T19:30:41.447+0000] {logging_mixin.py:120} INFO - [2024-05-07T19:30:41.447+0000] {dag.py:3340} INFO - Setting next_dagrun for group_dag to 2024-05-06T00:00:00+00:00, run_after=2024-05-07T00:00:00+00:00
[2024-05-07T19:30:41.456+0000] {processor.py:176} INFO - Processing /opt/airflow/dags/group_dag.py took 0.087 seconds
[2024-05-07T19:31:14.727+0000] {processor.py:154} INFO - Started process (PID=603) to work on /opt/airflow/dags/group_dag.py
[2024-05-07T19:31:14.731+0000] {processor.py:756} INFO - Processing file /opt/airflow/dags/group_dag.py for tasks to queue
[2024-05-07T19:31:14.733+0000] {logging_mixin.py:120} INFO - [2024-05-07T19:31:14.733+0000] {dagbag.py:537} INFO - Filling up the DagBag from /opt/airflow/dags/group_dag.py
[2024-05-07T19:31:14.857+0000] {processor.py:766} INFO - DAG(s) dict_keys(['group_dag']) retrieved from /opt/airflow/dags/group_dag.py
[2024-05-07T19:31:15.151+0000] {logging_mixin.py:120} INFO - [2024-05-07T19:31:15.150+0000] {dag.py:2585} INFO - Sync 1 DAGs
[2024-05-07T19:31:15.202+0000] {logging_mixin.py:120} INFO - [2024-05-07T19:31:15.201+0000] {dag.py:3340} INFO - Setting next_dagrun for group_dag to 2024-05-06T00:00:00+00:00, run_after=2024-05-07T00:00:00+00:00
[2024-05-07T19:31:15.228+0000] {processor.py:176} INFO - Processing /opt/airflow/dags/group_dag.py took 0.506 seconds
[2024-05-07T19:31:45.841+0000] {processor.py:154} INFO - Started process (PID=629) to work on /opt/airflow/dags/group_dag.py
[2024-05-07T19:31:45.842+0000] {processor.py:756} INFO - Processing file /opt/airflow/dags/group_dag.py for tasks to queue
[2024-05-07T19:31:45.843+0000] {logging_mixin.py:120} INFO - [2024-05-07T19:31:45.843+0000] {dagbag.py:537} INFO - Filling up the DagBag from /opt/airflow/dags/group_dag.py
[2024-05-07T19:31:45.958+0000] {processor.py:766} INFO - DAG(s) dict_keys(['group_dag']) retrieved from /opt/airflow/dags/group_dag.py
[2024-05-07T19:31:46.066+0000] {logging_mixin.py:120} INFO - [2024-05-07T19:31:46.066+0000] {dag.py:2585} INFO - Sync 1 DAGs
[2024-05-07T19:31:46.091+0000] {logging_mixin.py:120} INFO - [2024-05-07T19:31:46.091+0000] {dag.py:3340} INFO - Setting next_dagrun for group_dag to 2024-05-06T00:00:00+00:00, run_after=2024-05-07T00:00:00+00:00
[2024-05-07T19:31:46.105+0000] {processor.py:176} INFO - Processing /opt/airflow/dags/group_dag.py took 0.268 seconds
[2024-05-07T19:32:16.177+0000] {processor.py:154} INFO - Started process (PID=656) to work on /opt/airflow/dags/group_dag.py
[2024-05-07T19:32:16.180+0000] {processor.py:756} INFO - Processing file /opt/airflow/dags/group_dag.py for tasks to queue
[2024-05-07T19:32:16.182+0000] {logging_mixin.py:120} INFO - [2024-05-07T19:32:16.181+0000] {dagbag.py:537} INFO - Filling up the DagBag from /opt/airflow/dags/group_dag.py
[2024-05-07T19:32:16.209+0000] {processor.py:766} INFO - DAG(s) dict_keys(['group_dag']) retrieved from /opt/airflow/dags/group_dag.py
[2024-05-07T19:32:16.239+0000] {logging_mixin.py:120} INFO - [2024-05-07T19:32:16.239+0000] {dag.py:2585} INFO - Sync 1 DAGs
[2024-05-07T19:32:16.253+0000] {logging_mixin.py:120} INFO - [2024-05-07T19:32:16.253+0000] {dag.py:3340} INFO - Setting next_dagrun for group_dag to 2024-05-06T00:00:00+00:00, run_after=2024-05-07T00:00:00+00:00
[2024-05-07T19:32:16.263+0000] {processor.py:176} INFO - Processing /opt/airflow/dags/group_dag.py took 0.095 seconds
[2024-05-07T19:32:47.097+0000] {processor.py:154} INFO - Started process (PID=693) to work on /opt/airflow/dags/group_dag.py
[2024-05-07T19:32:47.102+0000] {processor.py:756} INFO - Processing file /opt/airflow/dags/group_dag.py for tasks to queue
[2024-05-07T19:32:47.104+0000] {logging_mixin.py:120} INFO - [2024-05-07T19:32:47.103+0000] {dagbag.py:537} INFO - Filling up the DagBag from /opt/airflow/dags/group_dag.py
[2024-05-07T19:32:47.152+0000] {processor.py:766} INFO - DAG(s) dict_keys(['group_dag']) retrieved from /opt/airflow/dags/group_dag.py
[2024-05-07T19:32:47.213+0000] {logging_mixin.py:120} INFO - [2024-05-07T19:32:47.212+0000] {dag.py:2585} INFO - Sync 1 DAGs
[2024-05-07T19:32:47.232+0000] {logging_mixin.py:120} INFO - [2024-05-07T19:32:47.232+0000] {dag.py:3340} INFO - Setting next_dagrun for group_dag to 2024-05-06T00:00:00+00:00, run_after=2024-05-07T00:00:00+00:00
[2024-05-07T19:32:47.244+0000] {processor.py:176} INFO - Processing /opt/airflow/dags/group_dag.py took 0.158 seconds
[2024-05-07T19:33:17.800+0000] {processor.py:154} INFO - Started process (PID=730) to work on /opt/airflow/dags/group_dag.py
[2024-05-07T19:33:17.801+0000] {processor.py:756} INFO - Processing file /opt/airflow/dags/group_dag.py for tasks to queue
[2024-05-07T19:33:17.802+0000] {logging_mixin.py:120} INFO - [2024-05-07T19:33:17.802+0000] {dagbag.py:537} INFO - Filling up the DagBag from /opt/airflow/dags/group_dag.py
[2024-05-07T19:33:17.840+0000] {processor.py:766} INFO - DAG(s) dict_keys(['group_dag']) retrieved from /opt/airflow/dags/group_dag.py
[2024-05-07T19:33:17.929+0000] {logging_mixin.py:120} INFO - [2024-05-07T19:33:17.929+0000] {dag.py:2585} INFO - Sync 1 DAGs
[2024-05-07T19:33:17.955+0000] {logging_mixin.py:120} INFO - [2024-05-07T19:33:17.955+0000] {dag.py:3340} INFO - Setting next_dagrun for group_dag to 2024-05-06T00:00:00+00:00, run_after=2024-05-07T00:00:00+00:00
[2024-05-07T19:33:17.991+0000] {processor.py:176} INFO - Processing /opt/airflow/dags/group_dag.py took 0.193 seconds
[2024-05-07T19:33:48.069+0000] {processor.py:154} INFO - Started process (PID=757) to work on /opt/airflow/dags/group_dag.py
[2024-05-07T19:33:48.070+0000] {processor.py:756} INFO - Processing file /opt/airflow/dags/group_dag.py for tasks to queue
[2024-05-07T19:33:48.070+0000] {logging_mixin.py:120} INFO - [2024-05-07T19:33:48.070+0000] {dagbag.py:537} INFO - Filling up the DagBag from /opt/airflow/dags/group_dag.py
[2024-05-07T19:33:48.085+0000] {processor.py:766} INFO - DAG(s) dict_keys(['group_dag']) retrieved from /opt/airflow/dags/group_dag.py
[2024-05-07T19:33:48.117+0000] {logging_mixin.py:120} INFO - [2024-05-07T19:33:48.117+0000] {dag.py:2585} INFO - Sync 1 DAGs
[2024-05-07T19:33:48.130+0000] {logging_mixin.py:120} INFO - [2024-05-07T19:33:48.130+0000] {dag.py:3340} INFO - Setting next_dagrun for group_dag to 2024-05-06T00:00:00+00:00, run_after=2024-05-07T00:00:00+00:00
[2024-05-07T19:33:48.140+0000] {processor.py:176} INFO - Processing /opt/airflow/dags/group_dag.py took 0.072 seconds
[2024-05-07T19:34:18.785+0000] {processor.py:154} INFO - Started process (PID=791) to work on /opt/airflow/dags/group_dag.py
[2024-05-07T19:34:18.789+0000] {processor.py:756} INFO - Processing file /opt/airflow/dags/group_dag.py for tasks to queue
[2024-05-07T19:34:18.791+0000] {logging_mixin.py:120} INFO - [2024-05-07T19:34:18.791+0000] {dagbag.py:537} INFO - Filling up the DagBag from /opt/airflow/dags/group_dag.py
[2024-05-07T19:34:18.816+0000] {processor.py:766} INFO - DAG(s) dict_keys(['group_dag']) retrieved from /opt/airflow/dags/group_dag.py
[2024-05-07T19:34:18.855+0000] {logging_mixin.py:120} INFO - [2024-05-07T19:34:18.855+0000] {dag.py:2585} INFO - Sync 1 DAGs
[2024-05-07T19:34:18.871+0000] {logging_mixin.py:120} INFO - [2024-05-07T19:34:18.871+0000] {dag.py:3340} INFO - Setting next_dagrun for group_dag to 2024-05-06T00:00:00+00:00, run_after=2024-05-07T00:00:00+00:00
[2024-05-07T19:34:18.888+0000] {processor.py:176} INFO - Processing /opt/airflow/dags/group_dag.py took 0.117 seconds
[2024-05-07T19:34:49.859+0000] {processor.py:154} INFO - Started process (PID=819) to work on /opt/airflow/dags/group_dag.py
[2024-05-07T19:34:49.861+0000] {processor.py:756} INFO - Processing file /opt/airflow/dags/group_dag.py for tasks to queue
[2024-05-07T19:34:49.862+0000] {logging_mixin.py:120} INFO - [2024-05-07T19:34:49.862+0000] {dagbag.py:537} INFO - Filling up the DagBag from /opt/airflow/dags/group_dag.py
[2024-05-07T19:34:49.894+0000] {processor.py:766} INFO - DAG(s) dict_keys(['group_dag']) retrieved from /opt/airflow/dags/group_dag.py
[2024-05-07T19:34:49.936+0000] {logging_mixin.py:120} INFO - [2024-05-07T19:34:49.936+0000] {dag.py:2585} INFO - Sync 1 DAGs
[2024-05-07T19:34:49.951+0000] {logging_mixin.py:120} INFO - [2024-05-07T19:34:49.951+0000] {dag.py:3340} INFO - Setting next_dagrun for group_dag to 2024-05-06T00:00:00+00:00, run_after=2024-05-07T00:00:00+00:00
[2024-05-07T19:34:49.962+0000] {processor.py:176} INFO - Processing /opt/airflow/dags/group_dag.py took 0.109 seconds
[2024-05-07T19:35:22.525+0000] {processor.py:154} INFO - Started process (PID=855) to work on /opt/airflow/dags/group_dag.py
[2024-05-07T19:35:22.530+0000] {processor.py:756} INFO - Processing file /opt/airflow/dags/group_dag.py for tasks to queue
[2024-05-07T19:35:22.532+0000] {logging_mixin.py:120} INFO - [2024-05-07T19:35:22.532+0000] {dagbag.py:537} INFO - Filling up the DagBag from /opt/airflow/dags/group_dag.py
[2024-05-07T19:35:22.594+0000] {processor.py:766} INFO - DAG(s) dict_keys(['group_dag']) retrieved from /opt/airflow/dags/group_dag.py
[2024-05-07T19:35:22.689+0000] {logging_mixin.py:120} INFO - [2024-05-07T19:35:22.689+0000] {dag.py:2585} INFO - Sync 1 DAGs
[2024-05-07T19:35:22.730+0000] {logging_mixin.py:120} INFO - [2024-05-07T19:35:22.730+0000] {dag.py:3340} INFO - Setting next_dagrun for group_dag to 2024-05-06T00:00:00+00:00, run_after=2024-05-07T00:00:00+00:00
[2024-05-07T19:35:22.752+0000] {processor.py:176} INFO - Processing /opt/airflow/dags/group_dag.py took 0.254 seconds
[2024-05-07T19:35:53.171+0000] {processor.py:154} INFO - Started process (PID=891) to work on /opt/airflow/dags/group_dag.py
[2024-05-07T19:35:53.174+0000] {processor.py:756} INFO - Processing file /opt/airflow/dags/group_dag.py for tasks to queue
[2024-05-07T19:35:53.180+0000] {logging_mixin.py:120} INFO - [2024-05-07T19:35:53.179+0000] {dagbag.py:537} INFO - Filling up the DagBag from /opt/airflow/dags/group_dag.py
[2024-05-07T19:35:53.247+0000] {processor.py:766} INFO - DAG(s) dict_keys(['group_dag']) retrieved from /opt/airflow/dags/group_dag.py
[2024-05-07T19:35:53.352+0000] {logging_mixin.py:120} INFO - [2024-05-07T19:35:53.351+0000] {dag.py:2585} INFO - Sync 1 DAGs
[2024-05-07T19:35:53.403+0000] {logging_mixin.py:120} INFO - [2024-05-07T19:35:53.402+0000] {dag.py:3340} INFO - Setting next_dagrun for group_dag to 2024-05-06T00:00:00+00:00, run_after=2024-05-07T00:00:00+00:00
[2024-05-07T19:35:53.468+0000] {processor.py:176} INFO - Processing /opt/airflow/dags/group_dag.py took 0.311 seconds
[2024-05-07T19:36:23.999+0000] {processor.py:154} INFO - Started process (PID=919) to work on /opt/airflow/dags/group_dag.py
[2024-05-07T19:36:24.001+0000] {processor.py:756} INFO - Processing file /opt/airflow/dags/group_dag.py for tasks to queue
[2024-05-07T19:36:24.001+0000] {logging_mixin.py:120} INFO - [2024-05-07T19:36:24.001+0000] {dagbag.py:537} INFO - Filling up the DagBag from /opt/airflow/dags/group_dag.py
[2024-05-07T19:36:24.030+0000] {processor.py:766} INFO - DAG(s) dict_keys(['group_dag']) retrieved from /opt/airflow/dags/group_dag.py
[2024-05-07T19:36:24.183+0000] {logging_mixin.py:120} INFO - [2024-05-07T19:36:24.183+0000] {dag.py:2585} INFO - Sync 1 DAGs
[2024-05-07T19:36:24.216+0000] {logging_mixin.py:120} INFO - [2024-05-07T19:36:24.216+0000] {dag.py:3340} INFO - Setting next_dagrun for group_dag to 2024-05-06T00:00:00+00:00, run_after=2024-05-07T00:00:00+00:00
[2024-05-07T19:36:24.262+0000] {processor.py:176} INFO - Processing /opt/airflow/dags/group_dag.py took 0.268 seconds
[2024-05-07T19:36:56.755+0000] {processor.py:154} INFO - Started process (PID=951) to work on /opt/airflow/dags/group_dag.py
[2024-05-07T19:36:56.762+0000] {processor.py:756} INFO - Processing file /opt/airflow/dags/group_dag.py for tasks to queue
[2024-05-07T19:36:56.766+0000] {logging_mixin.py:120} INFO - [2024-05-07T19:36:56.765+0000] {dagbag.py:537} INFO - Filling up the DagBag from /opt/airflow/dags/group_dag.py
[2024-05-07T19:36:57.163+0000] {processor.py:766} INFO - DAG(s) dict_keys(['group_dag']) retrieved from /opt/airflow/dags/group_dag.py
[2024-05-07T19:36:57.461+0000] {logging_mixin.py:120} INFO - [2024-05-07T19:36:57.460+0000] {dag.py:2585} INFO - Sync 1 DAGs
[2024-05-07T19:36:57.566+0000] {logging_mixin.py:120} INFO - [2024-05-07T19:36:57.566+0000] {dag.py:3340} INFO - Setting next_dagrun for group_dag to 2024-05-06T00:00:00+00:00, run_after=2024-05-07T00:00:00+00:00
[2024-05-07T19:36:57.761+0000] {processor.py:176} INFO - Processing /opt/airflow/dags/group_dag.py took 1.106 seconds
[2024-05-07T19:37:28.346+0000] {processor.py:154} INFO - Started process (PID=981) to work on /opt/airflow/dags/group_dag.py
[2024-05-07T19:37:28.350+0000] {processor.py:756} INFO - Processing file /opt/airflow/dags/group_dag.py for tasks to queue
[2024-05-07T19:37:28.352+0000] {logging_mixin.py:120} INFO - [2024-05-07T19:37:28.352+0000] {dagbag.py:537} INFO - Filling up the DagBag from /opt/airflow/dags/group_dag.py
[2024-05-07T19:37:28.421+0000] {processor.py:766} INFO - DAG(s) dict_keys(['group_dag']) retrieved from /opt/airflow/dags/group_dag.py
[2024-05-07T19:37:28.551+0000] {logging_mixin.py:120} INFO - [2024-05-07T19:37:28.551+0000] {dag.py:2585} INFO - Sync 1 DAGs
[2024-05-07T19:37:28.580+0000] {logging_mixin.py:120} INFO - [2024-05-07T19:37:28.580+0000] {dag.py:3340} INFO - Setting next_dagrun for group_dag to 2024-05-06T00:00:00+00:00, run_after=2024-05-07T00:00:00+00:00
[2024-05-07T19:37:28.594+0000] {processor.py:176} INFO - Processing /opt/airflow/dags/group_dag.py took 0.284 seconds
[2024-05-07T19:37:59.428+0000] {processor.py:154} INFO - Started process (PID=1008) to work on /opt/airflow/dags/group_dag.py
[2024-05-07T19:37:59.429+0000] {processor.py:756} INFO - Processing file /opt/airflow/dags/group_dag.py for tasks to queue
[2024-05-07T19:37:59.429+0000] {logging_mixin.py:120} INFO - [2024-05-07T19:37:59.429+0000] {dagbag.py:537} INFO - Filling up the DagBag from /opt/airflow/dags/group_dag.py
[2024-05-07T19:37:59.446+0000] {processor.py:766} INFO - DAG(s) dict_keys(['group_dag']) retrieved from /opt/airflow/dags/group_dag.py
[2024-05-07T19:37:59.475+0000] {logging_mixin.py:120} INFO - [2024-05-07T19:37:59.475+0000] {dag.py:2585} INFO - Sync 1 DAGs
[2024-05-07T19:37:59.488+0000] {logging_mixin.py:120} INFO - [2024-05-07T19:37:59.488+0000] {dag.py:3340} INFO - Setting next_dagrun for group_dag to 2024-05-06T00:00:00+00:00, run_after=2024-05-07T00:00:00+00:00
[2024-05-07T19:37:59.497+0000] {processor.py:176} INFO - Processing /opt/airflow/dags/group_dag.py took 0.070 seconds
[2024-05-07T19:38:30.179+0000] {processor.py:154} INFO - Started process (PID=1043) to work on /opt/airflow/dags/group_dag.py
[2024-05-07T19:38:30.181+0000] {processor.py:756} INFO - Processing file /opt/airflow/dags/group_dag.py for tasks to queue
[2024-05-07T19:38:30.182+0000] {logging_mixin.py:120} INFO - [2024-05-07T19:38:30.182+0000] {dagbag.py:537} INFO - Filling up the DagBag from /opt/airflow/dags/group_dag.py
[2024-05-07T19:38:30.205+0000] {processor.py:766} INFO - DAG(s) dict_keys(['group_dag']) retrieved from /opt/airflow/dags/group_dag.py
[2024-05-07T19:38:30.240+0000] {logging_mixin.py:120} INFO - [2024-05-07T19:38:30.240+0000] {dag.py:2585} INFO - Sync 1 DAGs
[2024-05-07T19:38:30.262+0000] {logging_mixin.py:120} INFO - [2024-05-07T19:38:30.262+0000] {dag.py:3340} INFO - Setting next_dagrun for group_dag to 2024-05-06T00:00:00+00:00, run_after=2024-05-07T00:00:00+00:00
[2024-05-07T19:38:30.275+0000] {processor.py:176} INFO - Processing /opt/airflow/dags/group_dag.py took 0.101 seconds
[2024-05-07T19:39:00.819+0000] {processor.py:154} INFO - Started process (PID=1070) to work on /opt/airflow/dags/group_dag.py
[2024-05-07T19:39:00.820+0000] {processor.py:756} INFO - Processing file /opt/airflow/dags/group_dag.py for tasks to queue
[2024-05-07T19:39:00.820+0000] {logging_mixin.py:120} INFO - [2024-05-07T19:39:00.820+0000] {dagbag.py:537} INFO - Filling up the DagBag from /opt/airflow/dags/group_dag.py
[2024-05-07T19:39:00.840+0000] {processor.py:766} INFO - DAG(s) dict_keys(['group_dag']) retrieved from /opt/airflow/dags/group_dag.py
[2024-05-07T19:39:00.981+0000] {logging_mixin.py:120} INFO - [2024-05-07T19:39:00.980+0000] {dag.py:2585} INFO - Sync 1 DAGs
[2024-05-07T19:39:01.047+0000] {logging_mixin.py:120} INFO - [2024-05-07T19:39:01.047+0000] {dag.py:3340} INFO - Setting next_dagrun for group_dag to 2024-05-06T00:00:00+00:00, run_after=2024-05-07T00:00:00+00:00
[2024-05-07T19:39:01.094+0000] {processor.py:176} INFO - Processing /opt/airflow/dags/group_dag.py took 0.277 seconds
[2024-05-07T19:39:31.412+0000] {processor.py:154} INFO - Started process (PID=1107) to work on /opt/airflow/dags/group_dag.py
[2024-05-07T19:39:31.413+0000] {processor.py:756} INFO - Processing file /opt/airflow/dags/group_dag.py for tasks to queue
[2024-05-07T19:39:31.414+0000] {logging_mixin.py:120} INFO - [2024-05-07T19:39:31.414+0000] {dagbag.py:537} INFO - Filling up the DagBag from /opt/airflow/dags/group_dag.py
[2024-05-07T19:39:31.449+0000] {processor.py:766} INFO - DAG(s) dict_keys(['group_dag']) retrieved from /opt/airflow/dags/group_dag.py
[2024-05-07T19:39:31.476+0000] {logging_mixin.py:120} INFO - [2024-05-07T19:39:31.476+0000] {dag.py:2585} INFO - Sync 1 DAGs
[2024-05-07T19:39:31.508+0000] {logging_mixin.py:120} INFO - [2024-05-07T19:39:31.507+0000] {dag.py:3340} INFO - Setting next_dagrun for group_dag to 2024-05-06T00:00:00+00:00, run_after=2024-05-07T00:00:00+00:00
[2024-05-07T19:39:31.524+0000] {processor.py:176} INFO - Processing /opt/airflow/dags/group_dag.py took 0.114 seconds
[2024-05-07T19:40:02.159+0000] {processor.py:154} INFO - Started process (PID=1134) to work on /opt/airflow/dags/group_dag.py
[2024-05-07T19:40:02.160+0000] {processor.py:756} INFO - Processing file /opt/airflow/dags/group_dag.py for tasks to queue
[2024-05-07T19:40:02.161+0000] {logging_mixin.py:120} INFO - [2024-05-07T19:40:02.161+0000] {dagbag.py:537} INFO - Filling up the DagBag from /opt/airflow/dags/group_dag.py
[2024-05-07T19:40:02.184+0000] {processor.py:766} INFO - DAG(s) dict_keys(['group_dag']) retrieved from /opt/airflow/dags/group_dag.py
[2024-05-07T19:40:02.225+0000] {logging_mixin.py:120} INFO - [2024-05-07T19:40:02.225+0000] {dag.py:2585} INFO - Sync 1 DAGs
[2024-05-07T19:40:02.240+0000] {logging_mixin.py:120} INFO - [2024-05-07T19:40:02.240+0000] {dag.py:3340} INFO - Setting next_dagrun for group_dag to 2024-05-06T00:00:00+00:00, run_after=2024-05-07T00:00:00+00:00
[2024-05-07T19:40:02.251+0000] {processor.py:176} INFO - Processing /opt/airflow/dags/group_dag.py took 0.095 seconds
[2024-05-07T19:40:32.678+0000] {processor.py:154} INFO - Started process (PID=1171) to work on /opt/airflow/dags/group_dag.py
[2024-05-07T19:40:32.678+0000] {processor.py:756} INFO - Processing file /opt/airflow/dags/group_dag.py for tasks to queue
[2024-05-07T19:40:32.679+0000] {logging_mixin.py:120} INFO - [2024-05-07T19:40:32.679+0000] {dagbag.py:537} INFO - Filling up the DagBag from /opt/airflow/dags/group_dag.py
[2024-05-07T19:40:32.696+0000] {processor.py:766} INFO - DAG(s) dict_keys(['group_dag']) retrieved from /opt/airflow/dags/group_dag.py
[2024-05-07T19:40:32.726+0000] {logging_mixin.py:120} INFO - [2024-05-07T19:40:32.726+0000] {dag.py:2585} INFO - Sync 1 DAGs
[2024-05-07T19:40:32.741+0000] {logging_mixin.py:120} INFO - [2024-05-07T19:40:32.741+0000] {dag.py:3340} INFO - Setting next_dagrun for group_dag to 2024-05-06T00:00:00+00:00, run_after=2024-05-07T00:00:00+00:00
[2024-05-07T19:40:32.752+0000] {processor.py:176} INFO - Processing /opt/airflow/dags/group_dag.py took 0.077 seconds
[2024-05-07T19:41:03.193+0000] {processor.py:154} INFO - Started process (PID=1208) to work on /opt/airflow/dags/group_dag.py
[2024-05-07T19:41:03.194+0000] {processor.py:756} INFO - Processing file /opt/airflow/dags/group_dag.py for tasks to queue
[2024-05-07T19:41:03.195+0000] {logging_mixin.py:120} INFO - [2024-05-07T19:41:03.195+0000] {dagbag.py:537} INFO - Filling up the DagBag from /opt/airflow/dags/group_dag.py
[2024-05-07T19:41:03.209+0000] {processor.py:766} INFO - DAG(s) dict_keys(['group_dag']) retrieved from /opt/airflow/dags/group_dag.py
[2024-05-07T19:41:03.230+0000] {logging_mixin.py:120} INFO - [2024-05-07T19:41:03.230+0000] {dag.py:2585} INFO - Sync 1 DAGs
[2024-05-07T19:41:03.244+0000] {logging_mixin.py:120} INFO - [2024-05-07T19:41:03.243+0000] {dag.py:3340} INFO - Setting next_dagrun for group_dag to 2024-05-06T00:00:00+00:00, run_after=2024-05-07T00:00:00+00:00
[2024-05-07T19:41:03.253+0000] {processor.py:176} INFO - Processing /opt/airflow/dags/group_dag.py took 0.062 seconds
[2024-05-07T19:41:33.384+0000] {processor.py:154} INFO - Started process (PID=1236) to work on /opt/airflow/dags/group_dag.py
[2024-05-07T19:41:33.385+0000] {processor.py:756} INFO - Processing file /opt/airflow/dags/group_dag.py for tasks to queue
[2024-05-07T19:41:33.386+0000] {logging_mixin.py:120} INFO - [2024-05-07T19:41:33.386+0000] {dagbag.py:537} INFO - Filling up the DagBag from /opt/airflow/dags/group_dag.py
[2024-05-07T19:41:33.399+0000] {processor.py:766} INFO - DAG(s) dict_keys(['group_dag']) retrieved from /opt/airflow/dags/group_dag.py
[2024-05-07T19:41:33.421+0000] {logging_mixin.py:120} INFO - [2024-05-07T19:41:33.421+0000] {dag.py:2585} INFO - Sync 1 DAGs
[2024-05-07T19:41:33.435+0000] {logging_mixin.py:120} INFO - [2024-05-07T19:41:33.435+0000] {dag.py:3340} INFO - Setting next_dagrun for group_dag to 2024-05-06T00:00:00+00:00, run_after=2024-05-07T00:00:00+00:00
[2024-05-07T19:41:33.452+0000] {processor.py:176} INFO - Processing /opt/airflow/dags/group_dag.py took 0.070 seconds
[2024-05-07T19:42:03.901+0000] {processor.py:154} INFO - Started process (PID=1272) to work on /opt/airflow/dags/group_dag.py
[2024-05-07T19:42:03.902+0000] {processor.py:756} INFO - Processing file /opt/airflow/dags/group_dag.py for tasks to queue
[2024-05-07T19:42:03.903+0000] {logging_mixin.py:120} INFO - [2024-05-07T19:42:03.903+0000] {dagbag.py:537} INFO - Filling up the DagBag from /opt/airflow/dags/group_dag.py
[2024-05-07T19:42:03.918+0000] {processor.py:766} INFO - DAG(s) dict_keys(['group_dag']) retrieved from /opt/airflow/dags/group_dag.py
[2024-05-07T19:42:03.963+0000] {logging_mixin.py:120} INFO - [2024-05-07T19:42:03.962+0000] {dag.py:2585} INFO - Sync 1 DAGs
[2024-05-07T19:42:03.986+0000] {logging_mixin.py:120} INFO - [2024-05-07T19:42:03.986+0000] {dag.py:3340} INFO - Setting next_dagrun for group_dag to 2024-05-06T00:00:00+00:00, run_after=2024-05-07T00:00:00+00:00
[2024-05-07T19:42:04.003+0000] {processor.py:176} INFO - Processing /opt/airflow/dags/group_dag.py took 0.104 seconds
[2024-05-07T19:42:35.273+0000] {processor.py:154} INFO - Started process (PID=1310) to work on /opt/airflow/dags/group_dag.py
[2024-05-07T19:42:35.275+0000] {processor.py:756} INFO - Processing file /opt/airflow/dags/group_dag.py for tasks to queue
[2024-05-07T19:42:35.276+0000] {logging_mixin.py:120} INFO - [2024-05-07T19:42:35.276+0000] {dagbag.py:537} INFO - Filling up the DagBag from /opt/airflow/dags/group_dag.py
[2024-05-07T19:42:35.319+0000] {processor.py:766} INFO - DAG(s) dict_keys(['group_dag']) retrieved from /opt/airflow/dags/group_dag.py
[2024-05-07T19:42:35.505+0000] {logging_mixin.py:120} INFO - [2024-05-07T19:42:35.504+0000] {dag.py:2585} INFO - Sync 1 DAGs
[2024-05-07T19:42:35.538+0000] {logging_mixin.py:120} INFO - [2024-05-07T19:42:35.538+0000] {dag.py:3340} INFO - Setting next_dagrun for group_dag to 2024-05-06T00:00:00+00:00, run_after=2024-05-07T00:00:00+00:00
[2024-05-07T19:42:35.573+0000] {processor.py:176} INFO - Processing /opt/airflow/dags/group_dag.py took 0.308 seconds
[2024-05-07T19:43:07.054+0000] {processor.py:154} INFO - Started process (PID=1336) to work on /opt/airflow/dags/group_dag.py
[2024-05-07T19:43:07.083+0000] {processor.py:756} INFO - Processing file /opt/airflow/dags/group_dag.py for tasks to queue
[2024-05-07T19:43:07.091+0000] {logging_mixin.py:120} INFO - [2024-05-07T19:43:07.091+0000] {dagbag.py:537} INFO - Filling up the DagBag from /opt/airflow/dags/group_dag.py
[2024-05-07T19:43:07.272+0000] {processor.py:766} INFO - DAG(s) dict_keys(['group_dag']) retrieved from /opt/airflow/dags/group_dag.py
[2024-05-07T19:43:07.552+0000] {logging_mixin.py:120} INFO - [2024-05-07T19:43:07.551+0000] {dag.py:2585} INFO - Sync 1 DAGs
[2024-05-07T19:43:07.644+0000] {logging_mixin.py:120} INFO - [2024-05-07T19:43:07.644+0000] {dag.py:3340} INFO - Setting next_dagrun for group_dag to 2024-05-06T00:00:00+00:00, run_after=2024-05-07T00:00:00+00:00
[2024-05-07T19:43:07.685+0000] {processor.py:176} INFO - Processing /opt/airflow/dags/group_dag.py took 0.666 seconds
[2024-05-07T19:43:38.139+0000] {processor.py:154} INFO - Started process (PID=1373) to work on /opt/airflow/dags/group_dag.py
[2024-05-07T19:43:38.143+0000] {processor.py:756} INFO - Processing file /opt/airflow/dags/group_dag.py for tasks to queue
[2024-05-07T19:43:38.144+0000] {logging_mixin.py:120} INFO - [2024-05-07T19:43:38.144+0000] {dagbag.py:537} INFO - Filling up the DagBag from /opt/airflow/dags/group_dag.py
[2024-05-07T19:43:38.178+0000] {processor.py:766} INFO - DAG(s) dict_keys(['group_dag']) retrieved from /opt/airflow/dags/group_dag.py
[2024-05-07T19:43:38.226+0000] {logging_mixin.py:120} INFO - [2024-05-07T19:43:38.225+0000] {dag.py:2585} INFO - Sync 1 DAGs
[2024-05-07T19:43:38.246+0000] {logging_mixin.py:120} INFO - [2024-05-07T19:43:38.246+0000] {dag.py:3340} INFO - Setting next_dagrun for group_dag to 2024-05-06T00:00:00+00:00, run_after=2024-05-07T00:00:00+00:00
[2024-05-07T19:43:38.285+0000] {processor.py:176} INFO - Processing /opt/airflow/dags/group_dag.py took 0.149 seconds
[2024-05-07T19:44:08.504+0000] {processor.py:154} INFO - Started process (PID=1410) to work on /opt/airflow/dags/group_dag.py
[2024-05-07T19:44:08.507+0000] {processor.py:756} INFO - Processing file /opt/airflow/dags/group_dag.py for tasks to queue
[2024-05-07T19:44:08.509+0000] {logging_mixin.py:120} INFO - [2024-05-07T19:44:08.508+0000] {dagbag.py:537} INFO - Filling up the DagBag from /opt/airflow/dags/group_dag.py
[2024-05-07T19:44:08.535+0000] {processor.py:766} INFO - DAG(s) dict_keys(['group_dag']) retrieved from /opt/airflow/dags/group_dag.py
[2024-05-07T19:44:08.620+0000] {logging_mixin.py:120} INFO - [2024-05-07T19:44:08.620+0000] {dag.py:2585} INFO - Sync 1 DAGs
[2024-05-07T19:44:08.690+0000] {logging_mixin.py:120} INFO - [2024-05-07T19:44:08.690+0000] {dag.py:3340} INFO - Setting next_dagrun for group_dag to 2024-05-06T00:00:00+00:00, run_after=2024-05-07T00:00:00+00:00
[2024-05-07T19:44:08.705+0000] {processor.py:176} INFO - Processing /opt/airflow/dags/group_dag.py took 0.215 seconds
[2024-05-07T19:44:39.137+0000] {processor.py:154} INFO - Started process (PID=1446) to work on /opt/airflow/dags/group_dag.py
[2024-05-07T19:44:39.139+0000] {processor.py:756} INFO - Processing file /opt/airflow/dags/group_dag.py for tasks to queue
[2024-05-07T19:44:39.140+0000] {logging_mixin.py:120} INFO - [2024-05-07T19:44:39.140+0000] {dagbag.py:537} INFO - Filling up the DagBag from /opt/airflow/dags/group_dag.py
[2024-05-07T19:44:39.169+0000] {processor.py:766} INFO - DAG(s) dict_keys(['group_dag']) retrieved from /opt/airflow/dags/group_dag.py
[2024-05-07T19:44:39.217+0000] {logging_mixin.py:120} INFO - [2024-05-07T19:44:39.216+0000] {dag.py:2585} INFO - Sync 1 DAGs
[2024-05-07T19:44:39.233+0000] {logging_mixin.py:120} INFO - [2024-05-07T19:44:39.233+0000] {dag.py:3340} INFO - Setting next_dagrun for group_dag to 2024-05-06T00:00:00+00:00, run_after=2024-05-07T00:00:00+00:00
[2024-05-07T19:44:39.244+0000] {processor.py:176} INFO - Processing /opt/airflow/dags/group_dag.py took 0.114 seconds
[2024-05-07T19:45:09.399+0000] {processor.py:154} INFO - Started process (PID=1474) to work on /opt/airflow/dags/group_dag.py
[2024-05-07T19:45:09.400+0000] {processor.py:756} INFO - Processing file /opt/airflow/dags/group_dag.py for tasks to queue
[2024-05-07T19:45:09.401+0000] {logging_mixin.py:120} INFO - [2024-05-07T19:45:09.401+0000] {dagbag.py:537} INFO - Filling up the DagBag from /opt/airflow/dags/group_dag.py
[2024-05-07T19:45:09.424+0000] {processor.py:766} INFO - DAG(s) dict_keys(['group_dag']) retrieved from /opt/airflow/dags/group_dag.py
[2024-05-07T19:45:09.455+0000] {logging_mixin.py:120} INFO - [2024-05-07T19:45:09.455+0000] {dag.py:2585} INFO - Sync 1 DAGs
[2024-05-07T19:45:09.471+0000] {logging_mixin.py:120} INFO - [2024-05-07T19:45:09.471+0000] {dag.py:3340} INFO - Setting next_dagrun for group_dag to 2024-05-06T00:00:00+00:00, run_after=2024-05-07T00:00:00+00:00
[2024-05-07T19:45:09.489+0000] {processor.py:176} INFO - Processing /opt/airflow/dags/group_dag.py took 0.094 seconds
[2024-05-07T19:45:40.055+0000] {processor.py:154} INFO - Started process (PID=1511) to work on /opt/airflow/dags/group_dag.py
[2024-05-07T19:45:40.057+0000] {processor.py:756} INFO - Processing file /opt/airflow/dags/group_dag.py for tasks to queue
[2024-05-07T19:45:40.058+0000] {logging_mixin.py:120} INFO - [2024-05-07T19:45:40.058+0000] {dagbag.py:537} INFO - Filling up the DagBag from /opt/airflow/dags/group_dag.py
[2024-05-07T19:45:40.110+0000] {processor.py:766} INFO - DAG(s) dict_keys(['group_dag']) retrieved from /opt/airflow/dags/group_dag.py
[2024-05-07T19:45:40.154+0000] {logging_mixin.py:120} INFO - [2024-05-07T19:45:40.154+0000] {dag.py:2585} INFO - Sync 1 DAGs
[2024-05-07T19:45:40.186+0000] {logging_mixin.py:120} INFO - [2024-05-07T19:45:40.186+0000] {dag.py:3340} INFO - Setting next_dagrun for group_dag to 2024-05-06T00:00:00+00:00, run_after=2024-05-07T00:00:00+00:00
[2024-05-07T19:45:40.197+0000] {processor.py:176} INFO - Processing /opt/airflow/dags/group_dag.py took 0.152 seconds
[2024-05-07T19:46:10.580+0000] {processor.py:154} INFO - Started process (PID=1539) to work on /opt/airflow/dags/group_dag.py
[2024-05-07T19:46:10.582+0000] {processor.py:756} INFO - Processing file /opt/airflow/dags/group_dag.py for tasks to queue
[2024-05-07T19:46:10.585+0000] {logging_mixin.py:120} INFO - [2024-05-07T19:46:10.585+0000] {dagbag.py:537} INFO - Filling up the DagBag from /opt/airflow/dags/group_dag.py
[2024-05-07T19:46:10.632+0000] {processor.py:766} INFO - DAG(s) dict_keys(['group_dag']) retrieved from /opt/airflow/dags/group_dag.py
[2024-05-07T19:46:10.667+0000] {logging_mixin.py:120} INFO - [2024-05-07T19:46:10.666+0000] {dag.py:2585} INFO - Sync 1 DAGs
[2024-05-07T19:46:10.681+0000] {logging_mixin.py:120} INFO - [2024-05-07T19:46:10.681+0000] {dag.py:3340} INFO - Setting next_dagrun for group_dag to 2024-05-06T00:00:00+00:00, run_after=2024-05-07T00:00:00+00:00
[2024-05-07T19:46:10.694+0000] {processor.py:176} INFO - Processing /opt/airflow/dags/group_dag.py took 0.121 seconds
[2024-05-07T19:46:40.839+0000] {processor.py:154} INFO - Started process (PID=1576) to work on /opt/airflow/dags/group_dag.py
[2024-05-07T19:46:40.841+0000] {processor.py:756} INFO - Processing file /opt/airflow/dags/group_dag.py for tasks to queue
[2024-05-07T19:46:40.843+0000] {logging_mixin.py:120} INFO - [2024-05-07T19:46:40.843+0000] {dagbag.py:537} INFO - Filling up the DagBag from /opt/airflow/dags/group_dag.py
[2024-05-07T19:46:40.926+0000] {processor.py:766} INFO - DAG(s) dict_keys(['group_dag']) retrieved from /opt/airflow/dags/group_dag.py
[2024-05-07T19:46:40.968+0000] {logging_mixin.py:120} INFO - [2024-05-07T19:46:40.968+0000] {dag.py:2585} INFO - Sync 1 DAGs
[2024-05-07T19:46:40.995+0000] {logging_mixin.py:120} INFO - [2024-05-07T19:46:40.995+0000] {dag.py:3340} INFO - Setting next_dagrun for group_dag to 2024-05-06T00:00:00+00:00, run_after=2024-05-07T00:00:00+00:00
[2024-05-07T19:46:41.056+0000] {processor.py:176} INFO - Processing /opt/airflow/dags/group_dag.py took 0.221 seconds
[2024-05-07T19:47:11.927+0000] {processor.py:154} INFO - Started process (PID=1604) to work on /opt/airflow/dags/group_dag.py
[2024-05-07T19:47:11.928+0000] {processor.py:756} INFO - Processing file /opt/airflow/dags/group_dag.py for tasks to queue
[2024-05-07T19:47:11.929+0000] {logging_mixin.py:120} INFO - [2024-05-07T19:47:11.929+0000] {dagbag.py:537} INFO - Filling up the DagBag from /opt/airflow/dags/group_dag.py
[2024-05-07T19:47:11.944+0000] {processor.py:766} INFO - DAG(s) dict_keys(['group_dag']) retrieved from /opt/airflow/dags/group_dag.py
[2024-05-07T19:47:11.971+0000] {logging_mixin.py:120} INFO - [2024-05-07T19:47:11.971+0000] {dag.py:2585} INFO - Sync 1 DAGs
[2024-05-07T19:47:11.984+0000] {logging_mixin.py:120} INFO - [2024-05-07T19:47:11.984+0000] {dag.py:3340} INFO - Setting next_dagrun for group_dag to 2024-05-06T00:00:00+00:00, run_after=2024-05-07T00:00:00+00:00
[2024-05-07T19:47:11.992+0000] {processor.py:176} INFO - Processing /opt/airflow/dags/group_dag.py took 0.067 seconds
[2024-05-07T19:47:42.340+0000] {processor.py:154} INFO - Started process (PID=1640) to work on /opt/airflow/dags/group_dag.py
[2024-05-07T19:47:42.342+0000] {processor.py:756} INFO - Processing file /opt/airflow/dags/group_dag.py for tasks to queue
[2024-05-07T19:47:42.342+0000] {logging_mixin.py:120} INFO - [2024-05-07T19:47:42.342+0000] {dagbag.py:537} INFO - Filling up the DagBag from /opt/airflow/dags/group_dag.py
[2024-05-07T19:47:42.359+0000] {processor.py:766} INFO - DAG(s) dict_keys(['group_dag']) retrieved from /opt/airflow/dags/group_dag.py
[2024-05-07T19:47:42.385+0000] {logging_mixin.py:120} INFO - [2024-05-07T19:47:42.384+0000] {dag.py:2585} INFO - Sync 1 DAGs
[2024-05-07T19:47:42.397+0000] {logging_mixin.py:120} INFO - [2024-05-07T19:47:42.397+0000] {dag.py:3340} INFO - Setting next_dagrun for group_dag to 2024-05-06T00:00:00+00:00, run_after=2024-05-07T00:00:00+00:00
[2024-05-07T19:47:42.407+0000] {processor.py:176} INFO - Processing /opt/airflow/dags/group_dag.py took 0.070 seconds
[2024-05-07T19:48:13.067+0000] {processor.py:154} INFO - Started process (PID=1677) to work on /opt/airflow/dags/group_dag.py
[2024-05-07T19:48:13.068+0000] {processor.py:756} INFO - Processing file /opt/airflow/dags/group_dag.py for tasks to queue
[2024-05-07T19:48:13.070+0000] {logging_mixin.py:120} INFO - [2024-05-07T19:48:13.069+0000] {dagbag.py:537} INFO - Filling up the DagBag from /opt/airflow/dags/group_dag.py
[2024-05-07T19:48:13.086+0000] {processor.py:766} INFO - DAG(s) dict_keys(['group_dag']) retrieved from /opt/airflow/dags/group_dag.py
[2024-05-07T19:48:13.108+0000] {logging_mixin.py:120} INFO - [2024-05-07T19:48:13.108+0000] {dag.py:2585} INFO - Sync 1 DAGs
[2024-05-07T19:48:13.121+0000] {logging_mixin.py:120} INFO - [2024-05-07T19:48:13.121+0000] {dag.py:3340} INFO - Setting next_dagrun for group_dag to 2024-05-06T00:00:00+00:00, run_after=2024-05-07T00:00:00+00:00
[2024-05-07T19:48:13.129+0000] {processor.py:176} INFO - Processing /opt/airflow/dags/group_dag.py took 0.067 seconds
[2024-05-07T19:48:43.268+0000] {processor.py:154} INFO - Started process (PID=1713) to work on /opt/airflow/dags/group_dag.py
[2024-05-07T19:48:43.270+0000] {processor.py:756} INFO - Processing file /opt/airflow/dags/group_dag.py for tasks to queue
[2024-05-07T19:48:43.271+0000] {logging_mixin.py:120} INFO - [2024-05-07T19:48:43.271+0000] {dagbag.py:537} INFO - Filling up the DagBag from /opt/airflow/dags/group_dag.py
[2024-05-07T19:48:43.289+0000] {processor.py:766} INFO - DAG(s) dict_keys(['group_dag']) retrieved from /opt/airflow/dags/group_dag.py
[2024-05-07T19:48:43.316+0000] {logging_mixin.py:120} INFO - [2024-05-07T19:48:43.316+0000] {dag.py:2585} INFO - Sync 1 DAGs
[2024-05-07T19:48:43.337+0000] {logging_mixin.py:120} INFO - [2024-05-07T19:48:43.337+0000] {dag.py:3340} INFO - Setting next_dagrun for group_dag to 2024-05-06T00:00:00+00:00, run_after=2024-05-07T00:00:00+00:00
[2024-05-07T19:48:43.351+0000] {processor.py:176} INFO - Processing /opt/airflow/dags/group_dag.py took 0.085 seconds
[2024-05-07T19:49:13.588+0000] {processor.py:154} INFO - Started process (PID=1740) to work on /opt/airflow/dags/group_dag.py
[2024-05-07T19:49:13.589+0000] {processor.py:756} INFO - Processing file /opt/airflow/dags/group_dag.py for tasks to queue
[2024-05-07T19:49:13.590+0000] {logging_mixin.py:120} INFO - [2024-05-07T19:49:13.590+0000] {dagbag.py:537} INFO - Filling up the DagBag from /opt/airflow/dags/group_dag.py
[2024-05-07T19:49:13.610+0000] {processor.py:766} INFO - DAG(s) dict_keys(['group_dag']) retrieved from /opt/airflow/dags/group_dag.py
[2024-05-07T19:49:13.647+0000] {logging_mixin.py:120} INFO - [2024-05-07T19:49:13.647+0000] {dag.py:2585} INFO - Sync 1 DAGs
[2024-05-07T19:49:13.663+0000] {logging_mixin.py:120} INFO - [2024-05-07T19:49:13.662+0000] {dag.py:3340} INFO - Setting next_dagrun for group_dag to 2024-05-06T00:00:00+00:00, run_after=2024-05-07T00:00:00+00:00
[2024-05-07T19:49:13.677+0000] {processor.py:176} INFO - Processing /opt/airflow/dags/group_dag.py took 0.092 seconds
[2024-05-07T19:49:44.185+0000] {processor.py:154} INFO - Started process (PID=1776) to work on /opt/airflow/dags/group_dag.py
[2024-05-07T19:49:44.185+0000] {processor.py:756} INFO - Processing file /opt/airflow/dags/group_dag.py for tasks to queue
[2024-05-07T19:49:44.186+0000] {logging_mixin.py:120} INFO - [2024-05-07T19:49:44.186+0000] {dagbag.py:537} INFO - Filling up the DagBag from /opt/airflow/dags/group_dag.py
[2024-05-07T19:49:44.202+0000] {processor.py:766} INFO - DAG(s) dict_keys(['group_dag']) retrieved from /opt/airflow/dags/group_dag.py
[2024-05-07T19:49:44.236+0000] {logging_mixin.py:120} INFO - [2024-05-07T19:49:44.236+0000] {dag.py:2585} INFO - Sync 1 DAGs
[2024-05-07T19:49:44.263+0000] {logging_mixin.py:120} INFO - [2024-05-07T19:49:44.263+0000] {dag.py:3340} INFO - Setting next_dagrun for group_dag to 2024-05-06T00:00:00+00:00, run_after=2024-05-07T00:00:00+00:00
[2024-05-07T19:49:44.274+0000] {processor.py:176} INFO - Processing /opt/airflow/dags/group_dag.py took 0.092 seconds
[2024-05-07T19:50:17.165+0000] {processor.py:154} INFO - Started process (PID=1813) to work on /opt/airflow/dags/group_dag.py
[2024-05-07T19:50:17.169+0000] {processor.py:756} INFO - Processing file /opt/airflow/dags/group_dag.py for tasks to queue
[2024-05-07T19:50:17.170+0000] {logging_mixin.py:120} INFO - [2024-05-07T19:50:17.170+0000] {dagbag.py:537} INFO - Filling up the DagBag from /opt/airflow/dags/group_dag.py
[2024-05-07T19:50:17.371+0000] {processor.py:766} INFO - DAG(s) dict_keys(['group_dag']) retrieved from /opt/airflow/dags/group_dag.py
[2024-05-07T19:50:18.287+0000] {logging_mixin.py:120} INFO - [2024-05-07T19:50:18.268+0000] {dag.py:2585} INFO - Sync 1 DAGs
[2024-05-07T19:50:20.337+0000] {logging_mixin.py:120} INFO - [2024-05-07T19:50:20.336+0000] {dag.py:3340} INFO - Setting next_dagrun for group_dag to 2024-05-06T00:00:00+00:00, run_after=2024-05-07T00:00:00+00:00
[2024-05-07T19:50:20.653+0000] {processor.py:176} INFO - Processing /opt/airflow/dags/group_dag.py took 3.492 seconds
[2024-05-07T19:50:50.784+0000] {processor.py:154} INFO - Started process (PID=1841) to work on /opt/airflow/dags/group_dag.py
[2024-05-07T19:50:50.787+0000] {processor.py:756} INFO - Processing file /opt/airflow/dags/group_dag.py for tasks to queue
[2024-05-07T19:50:50.788+0000] {logging_mixin.py:120} INFO - [2024-05-07T19:50:50.788+0000] {dagbag.py:537} INFO - Filling up the DagBag from /opt/airflow/dags/group_dag.py
[2024-05-07T19:50:50.839+0000] {processor.py:766} INFO - DAG(s) dict_keys(['group_dag']) retrieved from /opt/airflow/dags/group_dag.py
[2024-05-07T19:50:50.913+0000] {logging_mixin.py:120} INFO - [2024-05-07T19:50:50.913+0000] {dag.py:2585} INFO - Sync 1 DAGs
[2024-05-07T19:50:50.934+0000] {logging_mixin.py:120} INFO - [2024-05-07T19:50:50.934+0000] {dag.py:3340} INFO - Setting next_dagrun for group_dag to 2024-05-06T00:00:00+00:00, run_after=2024-05-07T00:00:00+00:00
[2024-05-07T19:50:50.957+0000] {processor.py:176} INFO - Processing /opt/airflow/dags/group_dag.py took 0.187 seconds
[2024-05-07T19:51:21.018+0000] {processor.py:154} INFO - Started process (PID=1877) to work on /opt/airflow/dags/group_dag.py
[2024-05-07T19:51:21.019+0000] {processor.py:756} INFO - Processing file /opt/airflow/dags/group_dag.py for tasks to queue
[2024-05-07T19:51:21.020+0000] {logging_mixin.py:120} INFO - [2024-05-07T19:51:21.020+0000] {dagbag.py:537} INFO - Filling up the DagBag from /opt/airflow/dags/group_dag.py
[2024-05-07T19:51:21.050+0000] {processor.py:766} INFO - DAG(s) dict_keys(['group_dag']) retrieved from /opt/airflow/dags/group_dag.py
[2024-05-07T19:51:21.107+0000] {logging_mixin.py:120} INFO - [2024-05-07T19:51:21.106+0000] {dag.py:2585} INFO - Sync 1 DAGs
[2024-05-07T19:51:21.136+0000] {logging_mixin.py:120} INFO - [2024-05-07T19:51:21.135+0000] {dag.py:3340} INFO - Setting next_dagrun for group_dag to 2024-05-06T00:00:00+00:00, run_after=2024-05-07T00:00:00+00:00
[2024-05-07T19:51:21.148+0000] {processor.py:176} INFO - Processing /opt/airflow/dags/group_dag.py took 0.139 seconds
[2024-05-07T19:51:51.738+0000] {processor.py:154} INFO - Started process (PID=1915) to work on /opt/airflow/dags/group_dag.py
[2024-05-07T19:51:51.740+0000] {processor.py:756} INFO - Processing file /opt/airflow/dags/group_dag.py for tasks to queue
[2024-05-07T19:51:51.742+0000] {logging_mixin.py:120} INFO - [2024-05-07T19:51:51.742+0000] {dagbag.py:537} INFO - Filling up the DagBag from /opt/airflow/dags/group_dag.py
[2024-05-07T19:51:51.789+0000] {processor.py:766} INFO - DAG(s) dict_keys(['group_dag']) retrieved from /opt/airflow/dags/group_dag.py
[2024-05-07T19:51:52.088+0000] {logging_mixin.py:120} INFO - [2024-05-07T19:51:52.088+0000] {dag.py:2585} INFO - Sync 1 DAGs
[2024-05-07T19:51:52.207+0000] {logging_mixin.py:120} INFO - [2024-05-07T19:51:52.206+0000] {dag.py:3340} INFO - Setting next_dagrun for group_dag to 2024-05-06T00:00:00+00:00, run_after=2024-05-07T00:00:00+00:00
[2024-05-07T19:51:52.281+0000] {processor.py:176} INFO - Processing /opt/airflow/dags/group_dag.py took 0.550 seconds
[2024-05-07T19:52:23.028+0000] {processor.py:154} INFO - Started process (PID=1942) to work on /opt/airflow/dags/group_dag.py
[2024-05-07T19:52:23.030+0000] {processor.py:756} INFO - Processing file /opt/airflow/dags/group_dag.py for tasks to queue
[2024-05-07T19:52:23.032+0000] {logging_mixin.py:120} INFO - [2024-05-07T19:52:23.032+0000] {dagbag.py:537} INFO - Filling up the DagBag from /opt/airflow/dags/group_dag.py
[2024-05-07T19:52:23.074+0000] {processor.py:766} INFO - DAG(s) dict_keys(['group_dag']) retrieved from /opt/airflow/dags/group_dag.py
[2024-05-07T19:52:23.157+0000] {logging_mixin.py:120} INFO - [2024-05-07T19:52:23.157+0000] {dag.py:2585} INFO - Sync 1 DAGs
[2024-05-07T19:52:23.195+0000] {logging_mixin.py:120} INFO - [2024-05-07T19:52:23.195+0000] {dag.py:3340} INFO - Setting next_dagrun for group_dag to 2024-05-06T00:00:00+00:00, run_after=2024-05-07T00:00:00+00:00
[2024-05-07T19:52:23.215+0000] {processor.py:176} INFO - Processing /opt/airflow/dags/group_dag.py took 0.199 seconds
[2024-05-07T19:52:53.525+0000] {processor.py:154} INFO - Started process (PID=1979) to work on /opt/airflow/dags/group_dag.py
[2024-05-07T19:52:53.526+0000] {processor.py:756} INFO - Processing file /opt/airflow/dags/group_dag.py for tasks to queue
[2024-05-07T19:52:53.527+0000] {logging_mixin.py:120} INFO - [2024-05-07T19:52:53.526+0000] {dagbag.py:537} INFO - Filling up the DagBag from /opt/airflow/dags/group_dag.py
[2024-05-07T19:52:53.624+0000] {processor.py:766} INFO - DAG(s) dict_keys(['group_dag']) retrieved from /opt/airflow/dags/group_dag.py
[2024-05-07T19:52:53.697+0000] {logging_mixin.py:120} INFO - [2024-05-07T19:52:53.697+0000] {dag.py:2585} INFO - Sync 1 DAGs
[2024-05-07T19:52:53.718+0000] {logging_mixin.py:120} INFO - [2024-05-07T19:52:53.718+0000] {dag.py:3340} INFO - Setting next_dagrun for group_dag to 2024-05-06T00:00:00+00:00, run_after=2024-05-07T00:00:00+00:00
[2024-05-07T19:52:53.732+0000] {processor.py:176} INFO - Processing /opt/airflow/dags/group_dag.py took 0.213 seconds
[2024-05-07T19:53:23.828+0000] {processor.py:154} INFO - Started process (PID=2015) to work on /opt/airflow/dags/group_dag.py
[2024-05-07T19:53:23.830+0000] {processor.py:756} INFO - Processing file /opt/airflow/dags/group_dag.py for tasks to queue
[2024-05-07T19:53:23.831+0000] {logging_mixin.py:120} INFO - [2024-05-07T19:53:23.831+0000] {dagbag.py:537} INFO - Filling up the DagBag from /opt/airflow/dags/group_dag.py
[2024-05-07T19:53:23.857+0000] {processor.py:766} INFO - DAG(s) dict_keys(['group_dag']) retrieved from /opt/airflow/dags/group_dag.py
[2024-05-07T19:53:23.888+0000] {logging_mixin.py:120} INFO - [2024-05-07T19:53:23.888+0000] {dag.py:2585} INFO - Sync 1 DAGs
[2024-05-07T19:53:23.906+0000] {logging_mixin.py:120} INFO - [2024-05-07T19:53:23.905+0000] {dag.py:3340} INFO - Setting next_dagrun for group_dag to 2024-05-06T00:00:00+00:00, run_after=2024-05-07T00:00:00+00:00
[2024-05-07T19:53:23.917+0000] {processor.py:176} INFO - Processing /opt/airflow/dags/group_dag.py took 0.095 seconds
[2024-05-07T19:53:54.328+0000] {processor.py:154} INFO - Started process (PID=2054) to work on /opt/airflow/dags/group_dag.py
[2024-05-07T19:53:54.329+0000] {processor.py:756} INFO - Processing file /opt/airflow/dags/group_dag.py for tasks to queue
[2024-05-07T19:53:54.330+0000] {logging_mixin.py:120} INFO - [2024-05-07T19:53:54.330+0000] {dagbag.py:537} INFO - Filling up the DagBag from /opt/airflow/dags/group_dag.py
[2024-05-07T19:53:54.365+0000] {processor.py:766} INFO - DAG(s) dict_keys(['group_dag']) retrieved from /opt/airflow/dags/group_dag.py
[2024-05-07T19:53:54.495+0000] {logging_mixin.py:120} INFO - [2024-05-07T19:53:54.494+0000] {dag.py:2585} INFO - Sync 1 DAGs
[2024-05-07T19:53:54.583+0000] {logging_mixin.py:120} INFO - [2024-05-07T19:53:54.583+0000] {dag.py:3340} INFO - Setting next_dagrun for group_dag to 2024-05-06T00:00:00+00:00, run_after=2024-05-07T00:00:00+00:00
[2024-05-07T19:53:54.627+0000] {processor.py:176} INFO - Processing /opt/airflow/dags/group_dag.py took 0.303 seconds
[2024-05-07T19:54:24.848+0000] {processor.py:154} INFO - Started process (PID=2089) to work on /opt/airflow/dags/group_dag.py
[2024-05-07T19:54:24.849+0000] {processor.py:756} INFO - Processing file /opt/airflow/dags/group_dag.py for tasks to queue
[2024-05-07T19:54:24.850+0000] {logging_mixin.py:120} INFO - [2024-05-07T19:54:24.850+0000] {dagbag.py:537} INFO - Filling up the DagBag from /opt/airflow/dags/group_dag.py
[2024-05-07T19:54:24.872+0000] {processor.py:766} INFO - DAG(s) dict_keys(['group_dag']) retrieved from /opt/airflow/dags/group_dag.py
[2024-05-07T19:54:24.935+0000] {logging_mixin.py:120} INFO - [2024-05-07T19:54:24.934+0000] {dag.py:2585} INFO - Sync 1 DAGs
[2024-05-07T19:54:24.987+0000] {logging_mixin.py:120} INFO - [2024-05-07T19:54:24.987+0000] {dag.py:3340} INFO - Setting next_dagrun for group_dag to 2024-05-06T00:00:00+00:00, run_after=2024-05-07T00:00:00+00:00
[2024-05-07T19:54:25.033+0000] {processor.py:176} INFO - Processing /opt/airflow/dags/group_dag.py took 0.190 seconds
[2024-05-07T19:54:55.254+0000] {processor.py:154} INFO - Started process (PID=2117) to work on /opt/airflow/dags/group_dag.py
[2024-05-07T19:54:55.256+0000] {processor.py:756} INFO - Processing file /opt/airflow/dags/group_dag.py for tasks to queue
[2024-05-07T19:54:55.257+0000] {logging_mixin.py:120} INFO - [2024-05-07T19:54:55.257+0000] {dagbag.py:537} INFO - Filling up the DagBag from /opt/airflow/dags/group_dag.py
[2024-05-07T19:54:55.298+0000] {processor.py:766} INFO - DAG(s) dict_keys(['group_dag']) retrieved from /opt/airflow/dags/group_dag.py
[2024-05-07T19:54:55.343+0000] {logging_mixin.py:120} INFO - [2024-05-07T19:54:55.343+0000] {dag.py:2585} INFO - Sync 1 DAGs
[2024-05-07T19:54:55.362+0000] {logging_mixin.py:120} INFO - [2024-05-07T19:54:55.362+0000] {dag.py:3340} INFO - Setting next_dagrun for group_dag to 2024-05-06T00:00:00+00:00, run_after=2024-05-07T00:00:00+00:00
[2024-05-07T19:54:55.373+0000] {processor.py:176} INFO - Processing /opt/airflow/dags/group_dag.py took 0.126 seconds
[2024-05-07T19:55:26.049+0000] {processor.py:154} INFO - Started process (PID=2152) to work on /opt/airflow/dags/group_dag.py
[2024-05-07T19:55:26.050+0000] {processor.py:756} INFO - Processing file /opt/airflow/dags/group_dag.py for tasks to queue
[2024-05-07T19:55:26.053+0000] {logging_mixin.py:120} INFO - [2024-05-07T19:55:26.053+0000] {dagbag.py:537} INFO - Filling up the DagBag from /opt/airflow/dags/group_dag.py
[2024-05-07T19:55:26.091+0000] {processor.py:766} INFO - DAG(s) dict_keys(['group_dag']) retrieved from /opt/airflow/dags/group_dag.py
[2024-05-07T19:55:26.131+0000] {logging_mixin.py:120} INFO - [2024-05-07T19:55:26.131+0000] {dag.py:2585} INFO - Sync 1 DAGs
[2024-05-07T19:55:26.150+0000] {logging_mixin.py:120} INFO - [2024-05-07T19:55:26.150+0000] {dag.py:3340} INFO - Setting next_dagrun for group_dag to 2024-05-06T00:00:00+00:00, run_after=2024-05-07T00:00:00+00:00
[2024-05-07T19:55:26.160+0000] {processor.py:176} INFO - Processing /opt/airflow/dags/group_dag.py took 0.118 seconds
[2024-05-07T19:55:56.785+0000] {processor.py:154} INFO - Started process (PID=2189) to work on /opt/airflow/dags/group_dag.py
[2024-05-07T19:55:56.787+0000] {processor.py:756} INFO - Processing file /opt/airflow/dags/group_dag.py for tasks to queue
[2024-05-07T19:55:56.790+0000] {logging_mixin.py:120} INFO - [2024-05-07T19:55:56.790+0000] {dagbag.py:537} INFO - Filling up the DagBag from /opt/airflow/dags/group_dag.py
[2024-05-07T19:55:56.838+0000] {processor.py:766} INFO - DAG(s) dict_keys(['group_dag']) retrieved from /opt/airflow/dags/group_dag.py
[2024-05-07T19:55:56.874+0000] {logging_mixin.py:120} INFO - [2024-05-07T19:55:56.874+0000] {dag.py:2585} INFO - Sync 1 DAGs
[2024-05-07T19:55:56.913+0000] {logging_mixin.py:120} INFO - [2024-05-07T19:55:56.913+0000] {dag.py:3340} INFO - Setting next_dagrun for group_dag to 2024-05-06T00:00:00+00:00, run_after=2024-05-07T00:00:00+00:00
[2024-05-07T19:55:56.924+0000] {processor.py:176} INFO - Processing /opt/airflow/dags/group_dag.py took 0.147 seconds
[2024-05-07T19:56:27.016+0000] {processor.py:154} INFO - Started process (PID=2225) to work on /opt/airflow/dags/group_dag.py
[2024-05-07T19:56:27.017+0000] {processor.py:756} INFO - Processing file /opt/airflow/dags/group_dag.py for tasks to queue
[2024-05-07T19:56:27.018+0000] {logging_mixin.py:120} INFO - [2024-05-07T19:56:27.018+0000] {dagbag.py:537} INFO - Filling up the DagBag from /opt/airflow/dags/group_dag.py
[2024-05-07T19:56:27.053+0000] {processor.py:766} INFO - DAG(s) dict_keys(['group_dag']) retrieved from /opt/airflow/dags/group_dag.py
[2024-05-07T19:56:27.102+0000] {logging_mixin.py:120} INFO - [2024-05-07T19:56:27.101+0000] {dag.py:2585} INFO - Sync 1 DAGs
[2024-05-07T19:56:27.132+0000] {logging_mixin.py:120} INFO - [2024-05-07T19:56:27.131+0000] {dag.py:3340} INFO - Setting next_dagrun for group_dag to 2024-05-06T00:00:00+00:00, run_after=2024-05-07T00:00:00+00:00
[2024-05-07T19:56:27.143+0000] {processor.py:176} INFO - Processing /opt/airflow/dags/group_dag.py took 0.132 seconds
[2024-05-07T19:56:57.448+0000] {processor.py:154} INFO - Started process (PID=2261) to work on /opt/airflow/dags/group_dag.py
[2024-05-07T19:56:57.449+0000] {processor.py:756} INFO - Processing file /opt/airflow/dags/group_dag.py for tasks to queue
[2024-05-07T19:56:57.450+0000] {logging_mixin.py:120} INFO - [2024-05-07T19:56:57.450+0000] {dagbag.py:537} INFO - Filling up the DagBag from /opt/airflow/dags/group_dag.py
[2024-05-07T19:56:57.473+0000] {processor.py:766} INFO - DAG(s) dict_keys(['group_dag']) retrieved from /opt/airflow/dags/group_dag.py
[2024-05-07T19:56:57.512+0000] {logging_mixin.py:120} INFO - [2024-05-07T19:56:57.511+0000] {dag.py:2585} INFO - Sync 1 DAGs
[2024-05-07T19:56:57.528+0000] {logging_mixin.py:120} INFO - [2024-05-07T19:56:57.528+0000] {dag.py:3340} INFO - Setting next_dagrun for group_dag to 2024-05-06T00:00:00+00:00, run_after=2024-05-07T00:00:00+00:00
[2024-05-07T19:56:57.544+0000] {processor.py:176} INFO - Processing /opt/airflow/dags/group_dag.py took 0.101 seconds
[2024-05-07T19:57:27.690+0000] {processor.py:154} INFO - Started process (PID=2289) to work on /opt/airflow/dags/group_dag.py
[2024-05-07T19:57:27.692+0000] {processor.py:756} INFO - Processing file /opt/airflow/dags/group_dag.py for tasks to queue
[2024-05-07T19:57:27.693+0000] {logging_mixin.py:120} INFO - [2024-05-07T19:57:27.693+0000] {dagbag.py:537} INFO - Filling up the DagBag from /opt/airflow/dags/group_dag.py
[2024-05-07T19:57:27.737+0000] {processor.py:766} INFO - DAG(s) dict_keys(['group_dag']) retrieved from /opt/airflow/dags/group_dag.py
[2024-05-07T19:57:27.780+0000] {logging_mixin.py:120} INFO - [2024-05-07T19:57:27.780+0000] {dag.py:2585} INFO - Sync 1 DAGs
[2024-05-07T19:57:27.801+0000] {logging_mixin.py:120} INFO - [2024-05-07T19:57:27.801+0000] {dag.py:3340} INFO - Setting next_dagrun for group_dag to 2024-05-06T00:00:00+00:00, run_after=2024-05-07T00:00:00+00:00
[2024-05-07T19:57:27.829+0000] {processor.py:176} INFO - Processing /opt/airflow/dags/group_dag.py took 0.144 seconds
[2024-05-07T19:57:58.337+0000] {processor.py:154} INFO - Started process (PID=2325) to work on /opt/airflow/dags/group_dag.py
[2024-05-07T19:57:58.338+0000] {processor.py:756} INFO - Processing file /opt/airflow/dags/group_dag.py for tasks to queue
[2024-05-07T19:57:58.339+0000] {logging_mixin.py:120} INFO - [2024-05-07T19:57:58.338+0000] {dagbag.py:537} INFO - Filling up the DagBag from /opt/airflow/dags/group_dag.py
[2024-05-07T19:57:58.362+0000] {processor.py:766} INFO - DAG(s) dict_keys(['group_dag']) retrieved from /opt/airflow/dags/group_dag.py
[2024-05-07T19:57:58.401+0000] {logging_mixin.py:120} INFO - [2024-05-07T19:57:58.401+0000] {dag.py:2585} INFO - Sync 1 DAGs
[2024-05-07T19:57:58.418+0000] {logging_mixin.py:120} INFO - [2024-05-07T19:57:58.418+0000] {dag.py:3340} INFO - Setting next_dagrun for group_dag to 2024-05-06T00:00:00+00:00, run_after=2024-05-07T00:00:00+00:00
[2024-05-07T19:57:58.427+0000] {processor.py:176} INFO - Processing /opt/airflow/dags/group_dag.py took 0.093 seconds
[2024-05-07T19:58:29.181+0000] {processor.py:154} INFO - Started process (PID=2360) to work on /opt/airflow/dags/group_dag.py
[2024-05-07T19:58:29.183+0000] {processor.py:756} INFO - Processing file /opt/airflow/dags/group_dag.py for tasks to queue
[2024-05-07T19:58:29.183+0000] {logging_mixin.py:120} INFO - [2024-05-07T19:58:29.183+0000] {dagbag.py:537} INFO - Filling up the DagBag from /opt/airflow/dags/group_dag.py
[2024-05-07T19:58:29.226+0000] {processor.py:766} INFO - DAG(s) dict_keys(['group_dag']) retrieved from /opt/airflow/dags/group_dag.py
[2024-05-07T19:58:29.277+0000] {logging_mixin.py:120} INFO - [2024-05-07T19:58:29.277+0000] {dag.py:2585} INFO - Sync 1 DAGs
[2024-05-07T19:58:29.309+0000] {logging_mixin.py:120} INFO - [2024-05-07T19:58:29.309+0000] {dag.py:3340} INFO - Setting next_dagrun for group_dag to 2024-05-06T00:00:00+00:00, run_after=2024-05-07T00:00:00+00:00
[2024-05-07T19:58:29.328+0000] {processor.py:176} INFO - Processing /opt/airflow/dags/group_dag.py took 0.151 seconds
[2024-05-07T19:58:59.460+0000] {processor.py:154} INFO - Started process (PID=2396) to work on /opt/airflow/dags/group_dag.py
[2024-05-07T19:58:59.462+0000] {processor.py:756} INFO - Processing file /opt/airflow/dags/group_dag.py for tasks to queue
[2024-05-07T19:58:59.464+0000] {logging_mixin.py:120} INFO - [2024-05-07T19:58:59.463+0000] {dagbag.py:537} INFO - Filling up the DagBag from /opt/airflow/dags/group_dag.py
[2024-05-07T19:58:59.509+0000] {processor.py:766} INFO - DAG(s) dict_keys(['group_dag']) retrieved from /opt/airflow/dags/group_dag.py
[2024-05-07T19:58:59.551+0000] {logging_mixin.py:120} INFO - [2024-05-07T19:58:59.551+0000] {dag.py:2585} INFO - Sync 1 DAGs
[2024-05-07T19:58:59.570+0000] {logging_mixin.py:120} INFO - [2024-05-07T19:58:59.570+0000] {dag.py:3340} INFO - Setting next_dagrun for group_dag to 2024-05-06T00:00:00+00:00, run_after=2024-05-07T00:00:00+00:00
[2024-05-07T19:58:59.585+0000] {processor.py:176} INFO - Processing /opt/airflow/dags/group_dag.py took 0.131 seconds
[2024-05-07T19:59:30.381+0000] {processor.py:154} INFO - Started process (PID=2433) to work on /opt/airflow/dags/group_dag.py
[2024-05-07T19:59:30.383+0000] {processor.py:756} INFO - Processing file /opt/airflow/dags/group_dag.py for tasks to queue
[2024-05-07T19:59:30.384+0000] {logging_mixin.py:120} INFO - [2024-05-07T19:59:30.384+0000] {dagbag.py:537} INFO - Filling up the DagBag from /opt/airflow/dags/group_dag.py
[2024-05-07T19:59:30.408+0000] {processor.py:766} INFO - DAG(s) dict_keys(['group_dag']) retrieved from /opt/airflow/dags/group_dag.py
[2024-05-07T19:59:30.436+0000] {logging_mixin.py:120} INFO - [2024-05-07T19:59:30.435+0000] {dag.py:2585} INFO - Sync 1 DAGs
[2024-05-07T19:59:30.452+0000] {logging_mixin.py:120} INFO - [2024-05-07T19:59:30.452+0000] {dag.py:3340} INFO - Setting next_dagrun for group_dag to 2024-05-06T00:00:00+00:00, run_after=2024-05-07T00:00:00+00:00
[2024-05-07T19:59:30.470+0000] {processor.py:176} INFO - Processing /opt/airflow/dags/group_dag.py took 0.094 seconds
[2024-05-07T20:00:01.115+0000] {processor.py:154} INFO - Started process (PID=2461) to work on /opt/airflow/dags/group_dag.py
[2024-05-07T20:00:01.116+0000] {processor.py:756} INFO - Processing file /opt/airflow/dags/group_dag.py for tasks to queue
[2024-05-07T20:00:01.118+0000] {logging_mixin.py:120} INFO - [2024-05-07T20:00:01.118+0000] {dagbag.py:537} INFO - Filling up the DagBag from /opt/airflow/dags/group_dag.py
[2024-05-07T20:00:01.148+0000] {processor.py:766} INFO - DAG(s) dict_keys(['group_dag']) retrieved from /opt/airflow/dags/group_dag.py
[2024-05-07T20:00:01.274+0000] {logging_mixin.py:120} INFO - [2024-05-07T20:00:01.274+0000] {dag.py:2585} INFO - Sync 1 DAGs
[2024-05-07T20:00:01.294+0000] {logging_mixin.py:120} INFO - [2024-05-07T20:00:01.294+0000] {dag.py:3340} INFO - Setting next_dagrun for group_dag to 2024-05-06T00:00:00+00:00, run_after=2024-05-07T00:00:00+00:00
[2024-05-07T20:00:01.308+0000] {processor.py:176} INFO - Processing /opt/airflow/dags/group_dag.py took 0.199 seconds
[2024-05-07T20:00:31.667+0000] {processor.py:154} INFO - Started process (PID=2498) to work on /opt/airflow/dags/group_dag.py
[2024-05-07T20:00:31.669+0000] {processor.py:756} INFO - Processing file /opt/airflow/dags/group_dag.py for tasks to queue
[2024-05-07T20:00:31.670+0000] {logging_mixin.py:120} INFO - [2024-05-07T20:00:31.670+0000] {dagbag.py:537} INFO - Filling up the DagBag from /opt/airflow/dags/group_dag.py
[2024-05-07T20:00:31.699+0000] {processor.py:766} INFO - DAG(s) dict_keys(['group_dag']) retrieved from /opt/airflow/dags/group_dag.py
[2024-05-07T20:00:31.754+0000] {logging_mixin.py:120} INFO - [2024-05-07T20:00:31.754+0000] {dag.py:2585} INFO - Sync 1 DAGs
[2024-05-07T20:00:31.775+0000] {logging_mixin.py:120} INFO - [2024-05-07T20:00:31.775+0000] {dag.py:3340} INFO - Setting next_dagrun for group_dag to 2024-05-06T00:00:00+00:00, run_after=2024-05-07T00:00:00+00:00
[2024-05-07T20:00:31.786+0000] {processor.py:176} INFO - Processing /opt/airflow/dags/group_dag.py took 0.136 seconds
[2024-05-07T20:01:02.423+0000] {processor.py:154} INFO - Started process (PID=2535) to work on /opt/airflow/dags/group_dag.py
[2024-05-07T20:01:02.424+0000] {processor.py:756} INFO - Processing file /opt/airflow/dags/group_dag.py for tasks to queue
[2024-05-07T20:01:02.425+0000] {logging_mixin.py:120} INFO - [2024-05-07T20:01:02.425+0000] {dagbag.py:537} INFO - Filling up the DagBag from /opt/airflow/dags/group_dag.py
[2024-05-07T20:01:02.466+0000] {processor.py:766} INFO - DAG(s) dict_keys(['group_dag']) retrieved from /opt/airflow/dags/group_dag.py
[2024-05-07T20:01:02.499+0000] {logging_mixin.py:120} INFO - [2024-05-07T20:01:02.499+0000] {dag.py:2585} INFO - Sync 1 DAGs
[2024-05-07T20:01:02.517+0000] {logging_mixin.py:120} INFO - [2024-05-07T20:01:02.517+0000] {dag.py:3340} INFO - Setting next_dagrun for group_dag to 2024-05-06T00:00:00+00:00, run_after=2024-05-07T00:00:00+00:00
[2024-05-07T20:01:02.528+0000] {processor.py:176} INFO - Processing /opt/airflow/dags/group_dag.py took 0.109 seconds
[2024-05-07T20:01:32.624+0000] {processor.py:154} INFO - Started process (PID=2571) to work on /opt/airflow/dags/group_dag.py
[2024-05-07T20:01:32.630+0000] {processor.py:756} INFO - Processing file /opt/airflow/dags/group_dag.py for tasks to queue
[2024-05-07T20:01:32.633+0000] {logging_mixin.py:120} INFO - [2024-05-07T20:01:32.633+0000] {dagbag.py:537} INFO - Filling up the DagBag from /opt/airflow/dags/group_dag.py
[2024-05-07T20:01:32.670+0000] {processor.py:766} INFO - DAG(s) dict_keys(['group_dag']) retrieved from /opt/airflow/dags/group_dag.py
[2024-05-07T20:01:32.737+0000] {logging_mixin.py:120} INFO - [2024-05-07T20:01:32.737+0000] {dag.py:2585} INFO - Sync 1 DAGs
[2024-05-07T20:01:32.762+0000] {logging_mixin.py:120} INFO - [2024-05-07T20:01:32.762+0000] {dag.py:3340} INFO - Setting next_dagrun for group_dag to 2024-05-06T00:00:00+00:00, run_after=2024-05-07T00:00:00+00:00
[2024-05-07T20:01:32.775+0000] {processor.py:176} INFO - Processing /opt/airflow/dags/group_dag.py took 0.172 seconds
