[2024-05-07T19:22:47.867+0000] {processor.py:154} INFO - Started process (PID=56) to work on /opt/airflow/dags/inside_group_dag.py
[2024-05-07T19:22:47.869+0000] {processor.py:756} INFO - Processing file /opt/airflow/dags/inside_group_dag.py for tasks to queue
[2024-05-07T19:22:47.872+0000] {logging_mixin.py:120} INFO - [2024-05-07T19:22:47.871+0000] {dagbag.py:537} INFO - Filling up the DagBag from /opt/airflow/dags/inside_group_dag.py
[2024-05-07T19:22:47.929+0000] {processor.py:766} INFO - DAG(s) dict_keys(['inside_group_dag']) retrieved from /opt/airflow/dags/inside_group_dag.py
[2024-05-07T19:22:48.016+0000] {logging_mixin.py:120} INFO - [2024-05-07T19:22:48.015+0000] {dag.py:2585} INFO - Sync 1 DAGs
[2024-05-07T19:22:48.087+0000] {logging_mixin.py:120} INFO - [2024-05-07T19:22:48.086+0000] {dag.py:3340} INFO - Setting next_dagrun for inside_group_dag to 2024-05-06T00:00:00+00:00, run_after=2024-05-07T00:00:00+00:00
[2024-05-07T19:22:48.162+0000] {processor.py:176} INFO - Processing /opt/airflow/dags/inside_group_dag.py took 0.301 seconds
[2024-05-07T19:23:23.783+0000] {processor.py:154} INFO - Started process (PID=83) to work on /opt/airflow/dags/inside_group_dag.py
[2024-05-07T19:23:23.793+0000] {processor.py:756} INFO - Processing file /opt/airflow/dags/inside_group_dag.py for tasks to queue
[2024-05-07T19:23:23.801+0000] {logging_mixin.py:120} INFO - [2024-05-07T19:23:23.800+0000] {dagbag.py:537} INFO - Filling up the DagBag from /opt/airflow/dags/inside_group_dag.py
[2024-05-07T19:23:23.882+0000] {processor.py:766} INFO - DAG(s) dict_keys(['inside_group_dag']) retrieved from /opt/airflow/dags/inside_group_dag.py
[2024-05-07T19:23:24.073+0000] {logging_mixin.py:120} INFO - [2024-05-07T19:23:24.072+0000] {dag.py:2585} INFO - Sync 1 DAGs
[2024-05-07T19:23:24.216+0000] {logging_mixin.py:120} INFO - [2024-05-07T19:23:24.215+0000] {dag.py:3340} INFO - Setting next_dagrun for inside_group_dag to 2024-05-06T00:00:00+00:00, run_after=2024-05-07T00:00:00+00:00
[2024-05-07T19:23:24.240+0000] {processor.py:176} INFO - Processing /opt/airflow/dags/inside_group_dag.py took 0.463 seconds
[2024-05-07T19:23:55.872+0000] {processor.py:154} INFO - Started process (PID=121) to work on /opt/airflow/dags/inside_group_dag.py
[2024-05-07T19:23:55.873+0000] {processor.py:756} INFO - Processing file /opt/airflow/dags/inside_group_dag.py for tasks to queue
[2024-05-07T19:23:55.873+0000] {logging_mixin.py:120} INFO - [2024-05-07T19:23:55.873+0000] {dagbag.py:537} INFO - Filling up the DagBag from /opt/airflow/dags/inside_group_dag.py
[2024-05-07T19:23:55.889+0000] {processor.py:766} INFO - DAG(s) dict_keys(['inside_group_dag']) retrieved from /opt/airflow/dags/inside_group_dag.py
[2024-05-07T19:23:55.937+0000] {logging_mixin.py:120} INFO - [2024-05-07T19:23:55.936+0000] {dag.py:2585} INFO - Sync 1 DAGs
[2024-05-07T19:23:55.959+0000] {logging_mixin.py:120} INFO - [2024-05-07T19:23:55.959+0000] {dag.py:3340} INFO - Setting next_dagrun for inside_group_dag to 2024-05-06T00:00:00+00:00, run_after=2024-05-07T00:00:00+00:00
[2024-05-07T19:23:55.971+0000] {processor.py:176} INFO - Processing /opt/airflow/dags/inside_group_dag.py took 0.101 seconds
[2024-05-07T19:24:29.233+0000] {processor.py:154} INFO - Started process (PID=157) to work on /opt/airflow/dags/inside_group_dag.py
[2024-05-07T19:24:29.237+0000] {processor.py:756} INFO - Processing file /opt/airflow/dags/inside_group_dag.py for tasks to queue
[2024-05-07T19:24:29.238+0000] {logging_mixin.py:120} INFO - [2024-05-07T19:24:29.238+0000] {dagbag.py:537} INFO - Filling up the DagBag from /opt/airflow/dags/inside_group_dag.py
[2024-05-07T19:24:29.278+0000] {processor.py:766} INFO - DAG(s) dict_keys(['inside_group_dag']) retrieved from /opt/airflow/dags/inside_group_dag.py
[2024-05-07T19:24:29.342+0000] {logging_mixin.py:120} INFO - [2024-05-07T19:24:29.342+0000] {dag.py:2585} INFO - Sync 1 DAGs
[2024-05-07T19:24:29.363+0000] {logging_mixin.py:120} INFO - [2024-05-07T19:24:29.363+0000] {dag.py:3340} INFO - Setting next_dagrun for inside_group_dag to 2024-05-06T00:00:00+00:00, run_after=2024-05-07T00:00:00+00:00
[2024-05-07T19:24:29.380+0000] {processor.py:176} INFO - Processing /opt/airflow/dags/inside_group_dag.py took 0.149 seconds
[2024-05-07T19:25:00.509+0000] {processor.py:154} INFO - Started process (PID=184) to work on /opt/airflow/dags/inside_group_dag.py
[2024-05-07T19:25:00.511+0000] {processor.py:756} INFO - Processing file /opt/airflow/dags/inside_group_dag.py for tasks to queue
[2024-05-07T19:25:00.512+0000] {logging_mixin.py:120} INFO - [2024-05-07T19:25:00.512+0000] {dagbag.py:537} INFO - Filling up the DagBag from /opt/airflow/dags/inside_group_dag.py
[2024-05-07T19:25:00.540+0000] {processor.py:766} INFO - DAG(s) dict_keys(['inside_group_dag']) retrieved from /opt/airflow/dags/inside_group_dag.py
[2024-05-07T19:25:00.565+0000] {logging_mixin.py:120} INFO - [2024-05-07T19:25:00.565+0000] {dag.py:2585} INFO - Sync 1 DAGs
[2024-05-07T19:25:00.582+0000] {logging_mixin.py:120} INFO - [2024-05-07T19:25:00.581+0000] {dag.py:3340} INFO - Setting next_dagrun for inside_group_dag to 2024-05-06T00:00:00+00:00, run_after=2024-05-07T00:00:00+00:00
[2024-05-07T19:25:00.595+0000] {processor.py:176} INFO - Processing /opt/airflow/dags/inside_group_dag.py took 0.093 seconds
[2024-05-07T19:25:31.866+0000] {processor.py:154} INFO - Started process (PID=221) to work on /opt/airflow/dags/inside_group_dag.py
[2024-05-07T19:25:31.867+0000] {processor.py:756} INFO - Processing file /opt/airflow/dags/inside_group_dag.py for tasks to queue
[2024-05-07T19:25:31.867+0000] {logging_mixin.py:120} INFO - [2024-05-07T19:25:31.867+0000] {dagbag.py:537} INFO - Filling up the DagBag from /opt/airflow/dags/inside_group_dag.py
[2024-05-07T19:25:31.884+0000] {processor.py:766} INFO - DAG(s) dict_keys(['inside_group_dag']) retrieved from /opt/airflow/dags/inside_group_dag.py
[2024-05-07T19:25:31.923+0000] {logging_mixin.py:120} INFO - [2024-05-07T19:25:31.923+0000] {dag.py:2585} INFO - Sync 1 DAGs
[2024-05-07T19:25:31.937+0000] {logging_mixin.py:120} INFO - [2024-05-07T19:25:31.937+0000] {dag.py:3340} INFO - Setting next_dagrun for inside_group_dag to 2024-05-06T00:00:00+00:00, run_after=2024-05-07T00:00:00+00:00
[2024-05-07T19:25:31.948+0000] {processor.py:176} INFO - Processing /opt/airflow/dags/inside_group_dag.py took 0.083 seconds
[2024-05-07T19:26:03.205+0000] {processor.py:154} INFO - Started process (PID=258) to work on /opt/airflow/dags/inside_group_dag.py
[2024-05-07T19:26:03.206+0000] {processor.py:756} INFO - Processing file /opt/airflow/dags/inside_group_dag.py for tasks to queue
[2024-05-07T19:26:03.206+0000] {logging_mixin.py:120} INFO - [2024-05-07T19:26:03.206+0000] {dagbag.py:537} INFO - Filling up the DagBag from /opt/airflow/dags/inside_group_dag.py
[2024-05-07T19:26:03.229+0000] {processor.py:766} INFO - DAG(s) dict_keys(['inside_group_dag']) retrieved from /opt/airflow/dags/inside_group_dag.py
[2024-05-07T19:26:03.255+0000] {logging_mixin.py:120} INFO - [2024-05-07T19:26:03.255+0000] {dag.py:2585} INFO - Sync 1 DAGs
[2024-05-07T19:26:03.272+0000] {logging_mixin.py:120} INFO - [2024-05-07T19:26:03.272+0000] {dag.py:3340} INFO - Setting next_dagrun for inside_group_dag to 2024-05-06T00:00:00+00:00, run_after=2024-05-07T00:00:00+00:00
[2024-05-07T19:26:03.285+0000] {processor.py:176} INFO - Processing /opt/airflow/dags/inside_group_dag.py took 0.082 seconds
[2024-05-07T19:26:33.692+0000] {processor.py:154} INFO - Started process (PID=294) to work on /opt/airflow/dags/inside_group_dag.py
[2024-05-07T19:26:33.692+0000] {processor.py:756} INFO - Processing file /opt/airflow/dags/inside_group_dag.py for tasks to queue
[2024-05-07T19:26:33.693+0000] {logging_mixin.py:120} INFO - [2024-05-07T19:26:33.693+0000] {dagbag.py:537} INFO - Filling up the DagBag from /opt/airflow/dags/inside_group_dag.py
[2024-05-07T19:26:33.705+0000] {processor.py:766} INFO - DAG(s) dict_keys(['inside_group_dag']) retrieved from /opt/airflow/dags/inside_group_dag.py
[2024-05-07T19:26:33.734+0000] {logging_mixin.py:120} INFO - [2024-05-07T19:26:33.733+0000] {dag.py:2585} INFO - Sync 1 DAGs
[2024-05-07T19:26:33.770+0000] {logging_mixin.py:120} INFO - [2024-05-07T19:26:33.769+0000] {dag.py:3340} INFO - Setting next_dagrun for inside_group_dag to 2024-05-06T00:00:00+00:00, run_after=2024-05-07T00:00:00+00:00
[2024-05-07T19:26:33.785+0000] {processor.py:176} INFO - Processing /opt/airflow/dags/inside_group_dag.py took 0.096 seconds
[2024-05-07T19:27:04.395+0000] {processor.py:154} INFO - Started process (PID=327) to work on /opt/airflow/dags/inside_group_dag.py
[2024-05-07T19:27:04.397+0000] {processor.py:756} INFO - Processing file /opt/airflow/dags/inside_group_dag.py for tasks to queue
[2024-05-07T19:27:04.398+0000] {logging_mixin.py:120} INFO - [2024-05-07T19:27:04.398+0000] {dagbag.py:537} INFO - Filling up the DagBag from /opt/airflow/dags/inside_group_dag.py
[2024-05-07T19:27:04.421+0000] {processor.py:766} INFO - DAG(s) dict_keys(['inside_group_dag']) retrieved from /opt/airflow/dags/inside_group_dag.py
[2024-05-07T19:27:04.459+0000] {logging_mixin.py:120} INFO - [2024-05-07T19:27:04.459+0000] {dag.py:2585} INFO - Sync 1 DAGs
[2024-05-07T19:27:04.489+0000] {logging_mixin.py:120} INFO - [2024-05-07T19:27:04.488+0000] {dag.py:3340} INFO - Setting next_dagrun for inside_group_dag to 2024-05-06T00:00:00+00:00, run_after=2024-05-07T00:00:00+00:00
[2024-05-07T19:27:04.515+0000] {processor.py:176} INFO - Processing /opt/airflow/dags/inside_group_dag.py took 0.122 seconds
[2024-05-07T19:27:35.190+0000] {processor.py:154} INFO - Started process (PID=355) to work on /opt/airflow/dags/inside_group_dag.py
[2024-05-07T19:27:35.191+0000] {processor.py:756} INFO - Processing file /opt/airflow/dags/inside_group_dag.py for tasks to queue
[2024-05-07T19:27:35.192+0000] {logging_mixin.py:120} INFO - [2024-05-07T19:27:35.192+0000] {dagbag.py:537} INFO - Filling up the DagBag from /opt/airflow/dags/inside_group_dag.py
[2024-05-07T19:27:35.204+0000] {processor.py:766} INFO - DAG(s) dict_keys(['inside_group_dag']) retrieved from /opt/airflow/dags/inside_group_dag.py
[2024-05-07T19:27:35.230+0000] {logging_mixin.py:120} INFO - [2024-05-07T19:27:35.230+0000] {dag.py:2585} INFO - Sync 1 DAGs
[2024-05-07T19:27:35.256+0000] {logging_mixin.py:120} INFO - [2024-05-07T19:27:35.256+0000] {dag.py:3340} INFO - Setting next_dagrun for inside_group_dag to 2024-05-06T00:00:00+00:00, run_after=2024-05-07T00:00:00+00:00
[2024-05-07T19:27:35.269+0000] {processor.py:176} INFO - Processing /opt/airflow/dags/inside_group_dag.py took 0.080 seconds
[2024-05-07T19:28:07.079+0000] {processor.py:154} INFO - Started process (PID=391) to work on /opt/airflow/dags/inside_group_dag.py
[2024-05-07T19:28:07.086+0000] {processor.py:756} INFO - Processing file /opt/airflow/dags/inside_group_dag.py for tasks to queue
[2024-05-07T19:28:07.088+0000] {logging_mixin.py:120} INFO - [2024-05-07T19:28:07.088+0000] {dagbag.py:537} INFO - Filling up the DagBag from /opt/airflow/dags/inside_group_dag.py
[2024-05-07T19:28:07.126+0000] {processor.py:766} INFO - DAG(s) dict_keys(['inside_group_dag']) retrieved from /opt/airflow/dags/inside_group_dag.py
[2024-05-07T19:28:07.237+0000] {logging_mixin.py:120} INFO - [2024-05-07T19:28:07.237+0000] {dag.py:2585} INFO - Sync 1 DAGs
[2024-05-07T19:28:07.272+0000] {logging_mixin.py:120} INFO - [2024-05-07T19:28:07.272+0000] {dag.py:3340} INFO - Setting next_dagrun for inside_group_dag to 2024-05-06T00:00:00+00:00, run_after=2024-05-07T00:00:00+00:00
[2024-05-07T19:28:07.324+0000] {processor.py:176} INFO - Processing /opt/airflow/dags/inside_group_dag.py took 0.260 seconds
[2024-05-07T19:28:37.426+0000] {processor.py:154} INFO - Started process (PID=425) to work on /opt/airflow/dags/inside_group_dag.py
[2024-05-07T19:28:37.428+0000] {processor.py:756} INFO - Processing file /opt/airflow/dags/inside_group_dag.py for tasks to queue
[2024-05-07T19:28:37.429+0000] {logging_mixin.py:120} INFO - [2024-05-07T19:28:37.429+0000] {dagbag.py:537} INFO - Filling up the DagBag from /opt/airflow/dags/inside_group_dag.py
[2024-05-07T19:28:37.475+0000] {processor.py:766} INFO - DAG(s) dict_keys(['inside_group_dag']) retrieved from /opt/airflow/dags/inside_group_dag.py
[2024-05-07T19:28:37.665+0000] {logging_mixin.py:120} INFO - [2024-05-07T19:28:37.664+0000] {dag.py:2585} INFO - Sync 1 DAGs
[2024-05-07T19:28:37.723+0000] {logging_mixin.py:120} INFO - [2024-05-07T19:28:37.723+0000] {dag.py:3340} INFO - Setting next_dagrun for inside_group_dag to 2024-05-06T00:00:00+00:00, run_after=2024-05-07T00:00:00+00:00
[2024-05-07T19:28:37.746+0000] {processor.py:176} INFO - Processing /opt/airflow/dags/inside_group_dag.py took 0.323 seconds
[2024-05-07T19:29:07.899+0000] {processor.py:154} INFO - Started process (PID=452) to work on /opt/airflow/dags/inside_group_dag.py
[2024-05-07T19:29:07.902+0000] {processor.py:756} INFO - Processing file /opt/airflow/dags/inside_group_dag.py for tasks to queue
[2024-05-07T19:29:07.905+0000] {logging_mixin.py:120} INFO - [2024-05-07T19:29:07.904+0000] {dagbag.py:537} INFO - Filling up the DagBag from /opt/airflow/dags/inside_group_dag.py
[2024-05-07T19:29:07.959+0000] {processor.py:766} INFO - DAG(s) dict_keys(['inside_group_dag']) retrieved from /opt/airflow/dags/inside_group_dag.py
[2024-05-07T19:29:08.087+0000] {logging_mixin.py:120} INFO - [2024-05-07T19:29:08.086+0000] {dag.py:2585} INFO - Sync 1 DAGs
[2024-05-07T19:29:08.118+0000] {logging_mixin.py:120} INFO - [2024-05-07T19:29:08.118+0000] {dag.py:3340} INFO - Setting next_dagrun for inside_group_dag to 2024-05-06T00:00:00+00:00, run_after=2024-05-07T00:00:00+00:00
[2024-05-07T19:29:08.134+0000] {processor.py:176} INFO - Processing /opt/airflow/dags/inside_group_dag.py took 0.245 seconds
[2024-05-07T19:29:38.802+0000] {processor.py:154} INFO - Started process (PID=489) to work on /opt/airflow/dags/inside_group_dag.py
[2024-05-07T19:29:38.804+0000] {processor.py:756} INFO - Processing file /opt/airflow/dags/inside_group_dag.py for tasks to queue
[2024-05-07T19:29:38.805+0000] {logging_mixin.py:120} INFO - [2024-05-07T19:29:38.805+0000] {dagbag.py:537} INFO - Filling up the DagBag from /opt/airflow/dags/inside_group_dag.py
[2024-05-07T19:29:38.855+0000] {processor.py:766} INFO - DAG(s) dict_keys(['inside_group_dag']) retrieved from /opt/airflow/dags/inside_group_dag.py
[2024-05-07T19:29:38.924+0000] {logging_mixin.py:120} INFO - [2024-05-07T19:29:38.924+0000] {dag.py:2585} INFO - Sync 1 DAGs
[2024-05-07T19:29:38.946+0000] {logging_mixin.py:120} INFO - [2024-05-07T19:29:38.946+0000] {dag.py:3340} INFO - Setting next_dagrun for inside_group_dag to 2024-05-06T00:00:00+00:00, run_after=2024-05-07T00:00:00+00:00
[2024-05-07T19:29:38.958+0000] {processor.py:176} INFO - Processing /opt/airflow/dags/inside_group_dag.py took 0.163 seconds
[2024-05-07T19:30:09.804+0000] {processor.py:154} INFO - Started process (PID=526) to work on /opt/airflow/dags/inside_group_dag.py
[2024-05-07T19:30:09.807+0000] {processor.py:756} INFO - Processing file /opt/airflow/dags/inside_group_dag.py for tasks to queue
[2024-05-07T19:30:09.810+0000] {logging_mixin.py:120} INFO - [2024-05-07T19:30:09.809+0000] {dagbag.py:537} INFO - Filling up the DagBag from /opt/airflow/dags/inside_group_dag.py
[2024-05-07T19:30:09.996+0000] {processor.py:766} INFO - DAG(s) dict_keys(['inside_group_dag']) retrieved from /opt/airflow/dags/inside_group_dag.py
[2024-05-07T19:30:10.106+0000] {logging_mixin.py:120} INFO - [2024-05-07T19:30:10.105+0000] {dag.py:2585} INFO - Sync 1 DAGs
[2024-05-07T19:30:10.141+0000] {logging_mixin.py:120} INFO - [2024-05-07T19:30:10.141+0000] {dag.py:3340} INFO - Setting next_dagrun for inside_group_dag to 2024-05-06T00:00:00+00:00, run_after=2024-05-07T00:00:00+00:00
[2024-05-07T19:30:10.159+0000] {processor.py:176} INFO - Processing /opt/airflow/dags/inside_group_dag.py took 0.362 seconds
[2024-05-07T19:30:41.010+0000] {processor.py:154} INFO - Started process (PID=563) to work on /opt/airflow/dags/inside_group_dag.py
[2024-05-07T19:30:41.012+0000] {processor.py:756} INFO - Processing file /opt/airflow/dags/inside_group_dag.py for tasks to queue
[2024-05-07T19:30:41.013+0000] {logging_mixin.py:120} INFO - [2024-05-07T19:30:41.013+0000] {dagbag.py:537} INFO - Filling up the DagBag from /opt/airflow/dags/inside_group_dag.py
[2024-05-07T19:30:41.056+0000] {processor.py:766} INFO - DAG(s) dict_keys(['inside_group_dag']) retrieved from /opt/airflow/dags/inside_group_dag.py
[2024-05-07T19:30:41.231+0000] {logging_mixin.py:120} INFO - [2024-05-07T19:30:41.231+0000] {dag.py:2585} INFO - Sync 1 DAGs
[2024-05-07T19:30:41.282+0000] {logging_mixin.py:120} INFO - [2024-05-07T19:30:41.282+0000] {dag.py:3340} INFO - Setting next_dagrun for inside_group_dag to 2024-05-06T00:00:00+00:00, run_after=2024-05-07T00:00:00+00:00
[2024-05-07T19:30:41.322+0000] {processor.py:176} INFO - Processing /opt/airflow/dags/inside_group_dag.py took 0.319 seconds
[2024-05-07T19:31:13.948+0000] {processor.py:154} INFO - Started process (PID=600) to work on /opt/airflow/dags/inside_group_dag.py
[2024-05-07T19:31:13.988+0000] {processor.py:756} INFO - Processing file /opt/airflow/dags/inside_group_dag.py for tasks to queue
[2024-05-07T19:31:13.993+0000] {logging_mixin.py:120} INFO - [2024-05-07T19:31:13.993+0000] {dagbag.py:537} INFO - Filling up the DagBag from /opt/airflow/dags/inside_group_dag.py
[2024-05-07T19:31:14.252+0000] {processor.py:766} INFO - DAG(s) dict_keys(['inside_group_dag']) retrieved from /opt/airflow/dags/inside_group_dag.py
[2024-05-07T19:31:14.548+0000] {logging_mixin.py:120} INFO - [2024-05-07T19:31:14.547+0000] {dag.py:2585} INFO - Sync 1 DAGs
[2024-05-07T19:31:14.607+0000] {logging_mixin.py:120} INFO - [2024-05-07T19:31:14.607+0000] {dag.py:3340} INFO - Setting next_dagrun for inside_group_dag to 2024-05-06T00:00:00+00:00, run_after=2024-05-07T00:00:00+00:00
[2024-05-07T19:31:14.678+0000] {processor.py:176} INFO - Processing /opt/airflow/dags/inside_group_dag.py took 0.757 seconds
[2024-05-07T19:31:44.777+0000] {processor.py:154} INFO - Started process (PID=627) to work on /opt/airflow/dags/inside_group_dag.py
[2024-05-07T19:31:44.780+0000] {processor.py:756} INFO - Processing file /opt/airflow/dags/inside_group_dag.py for tasks to queue
[2024-05-07T19:31:44.781+0000] {logging_mixin.py:120} INFO - [2024-05-07T19:31:44.781+0000] {dagbag.py:537} INFO - Filling up the DagBag from /opt/airflow/dags/inside_group_dag.py
[2024-05-07T19:31:44.825+0000] {processor.py:766} INFO - DAG(s) dict_keys(['inside_group_dag']) retrieved from /opt/airflow/dags/inside_group_dag.py
[2024-05-07T19:31:44.910+0000] {logging_mixin.py:120} INFO - [2024-05-07T19:31:44.910+0000] {dag.py:2585} INFO - Sync 1 DAGs
[2024-05-07T19:31:44.956+0000] {logging_mixin.py:120} INFO - [2024-05-07T19:31:44.956+0000] {dag.py:3340} INFO - Setting next_dagrun for inside_group_dag to 2024-05-06T00:00:00+00:00, run_after=2024-05-07T00:00:00+00:00
[2024-05-07T19:31:44.973+0000] {processor.py:176} INFO - Processing /opt/airflow/dags/inside_group_dag.py took 0.202 seconds
[2024-05-07T19:32:15.149+0000] {processor.py:154} INFO - Started process (PID=655) to work on /opt/airflow/dags/inside_group_dag.py
[2024-05-07T19:32:15.151+0000] {processor.py:756} INFO - Processing file /opt/airflow/dags/inside_group_dag.py for tasks to queue
[2024-05-07T19:32:15.151+0000] {logging_mixin.py:120} INFO - [2024-05-07T19:32:15.151+0000] {dagbag.py:537} INFO - Filling up the DagBag from /opt/airflow/dags/inside_group_dag.py
[2024-05-07T19:32:15.207+0000] {processor.py:766} INFO - DAG(s) dict_keys(['inside_group_dag']) retrieved from /opt/airflow/dags/inside_group_dag.py
[2024-05-07T19:32:15.268+0000] {logging_mixin.py:120} INFO - [2024-05-07T19:32:15.268+0000] {dag.py:2585} INFO - Sync 1 DAGs
[2024-05-07T19:32:15.296+0000] {logging_mixin.py:120} INFO - [2024-05-07T19:32:15.296+0000] {dag.py:3340} INFO - Setting next_dagrun for inside_group_dag to 2024-05-06T00:00:00+00:00, run_after=2024-05-07T00:00:00+00:00
[2024-05-07T19:32:15.314+0000] {processor.py:176} INFO - Processing /opt/airflow/dags/inside_group_dag.py took 0.168 seconds
[2024-05-07T19:32:46.051+0000] {processor.py:154} INFO - Started process (PID=692) to work on /opt/airflow/dags/inside_group_dag.py
[2024-05-07T19:32:46.051+0000] {processor.py:756} INFO - Processing file /opt/airflow/dags/inside_group_dag.py for tasks to queue
[2024-05-07T19:32:46.052+0000] {logging_mixin.py:120} INFO - [2024-05-07T19:32:46.052+0000] {dagbag.py:537} INFO - Filling up the DagBag from /opt/airflow/dags/inside_group_dag.py
[2024-05-07T19:32:46.106+0000] {processor.py:766} INFO - DAG(s) dict_keys(['inside_group_dag']) retrieved from /opt/airflow/dags/inside_group_dag.py
[2024-05-07T19:32:46.168+0000] {logging_mixin.py:120} INFO - [2024-05-07T19:32:46.168+0000] {dag.py:2585} INFO - Sync 1 DAGs
[2024-05-07T19:32:46.189+0000] {logging_mixin.py:120} INFO - [2024-05-07T19:32:46.189+0000] {dag.py:3340} INFO - Setting next_dagrun for inside_group_dag to 2024-05-06T00:00:00+00:00, run_after=2024-05-07T00:00:00+00:00
[2024-05-07T19:32:46.201+0000] {processor.py:176} INFO - Processing /opt/airflow/dags/inside_group_dag.py took 0.154 seconds
[2024-05-07T19:33:17.311+0000] {processor.py:154} INFO - Started process (PID=727) to work on /opt/airflow/dags/inside_group_dag.py
[2024-05-07T19:33:17.313+0000] {processor.py:756} INFO - Processing file /opt/airflow/dags/inside_group_dag.py for tasks to queue
[2024-05-07T19:33:17.315+0000] {logging_mixin.py:120} INFO - [2024-05-07T19:33:17.314+0000] {dagbag.py:537} INFO - Filling up the DagBag from /opt/airflow/dags/inside_group_dag.py
[2024-05-07T19:33:17.449+0000] {processor.py:766} INFO - DAG(s) dict_keys(['inside_group_dag']) retrieved from /opt/airflow/dags/inside_group_dag.py
[2024-05-07T19:33:17.664+0000] {logging_mixin.py:120} INFO - [2024-05-07T19:33:17.664+0000] {dag.py:2585} INFO - Sync 1 DAGs
[2024-05-07T19:33:17.729+0000] {logging_mixin.py:120} INFO - [2024-05-07T19:33:17.729+0000] {dag.py:3340} INFO - Setting next_dagrun for inside_group_dag to 2024-05-06T00:00:00+00:00, run_after=2024-05-07T00:00:00+00:00
[2024-05-07T19:33:17.755+0000] {processor.py:176} INFO - Processing /opt/airflow/dags/inside_group_dag.py took 0.453 seconds
[2024-05-07T19:33:47.878+0000] {processor.py:154} INFO - Started process (PID=756) to work on /opt/airflow/dags/inside_group_dag.py
[2024-05-07T19:33:47.880+0000] {processor.py:756} INFO - Processing file /opt/airflow/dags/inside_group_dag.py for tasks to queue
[2024-05-07T19:33:47.881+0000] {logging_mixin.py:120} INFO - [2024-05-07T19:33:47.881+0000] {dagbag.py:537} INFO - Filling up the DagBag from /opt/airflow/dags/inside_group_dag.py
[2024-05-07T19:33:47.949+0000] {processor.py:766} INFO - DAG(s) dict_keys(['inside_group_dag']) retrieved from /opt/airflow/dags/inside_group_dag.py
[2024-05-07T19:33:48.007+0000] {logging_mixin.py:120} INFO - [2024-05-07T19:33:48.007+0000] {dag.py:2585} INFO - Sync 1 DAGs
[2024-05-07T19:33:48.044+0000] {logging_mixin.py:120} INFO - [2024-05-07T19:33:48.044+0000] {dag.py:3340} INFO - Setting next_dagrun for inside_group_dag to 2024-05-06T00:00:00+00:00, run_after=2024-05-07T00:00:00+00:00
[2024-05-07T19:33:48.056+0000] {processor.py:176} INFO - Processing /opt/airflow/dags/inside_group_dag.py took 0.183 seconds
[2024-05-07T19:34:18.232+0000] {processor.py:154} INFO - Started process (PID=790) to work on /opt/airflow/dags/inside_group_dag.py
[2024-05-07T19:34:18.240+0000] {processor.py:756} INFO - Processing file /opt/airflow/dags/inside_group_dag.py for tasks to queue
[2024-05-07T19:34:18.242+0000] {logging_mixin.py:120} INFO - [2024-05-07T19:34:18.242+0000] {dagbag.py:537} INFO - Filling up the DagBag from /opt/airflow/dags/inside_group_dag.py
[2024-05-07T19:34:18.390+0000] {processor.py:766} INFO - DAG(s) dict_keys(['inside_group_dag']) retrieved from /opt/airflow/dags/inside_group_dag.py
[2024-05-07T19:34:18.612+0000] {logging_mixin.py:120} INFO - [2024-05-07T19:34:18.612+0000] {dag.py:2585} INFO - Sync 1 DAGs
[2024-05-07T19:34:18.657+0000] {logging_mixin.py:120} INFO - [2024-05-07T19:34:18.657+0000] {dag.py:3340} INFO - Setting next_dagrun for inside_group_dag to 2024-05-06T00:00:00+00:00, run_after=2024-05-07T00:00:00+00:00
[2024-05-07T19:34:18.684+0000] {processor.py:176} INFO - Processing /opt/airflow/dags/inside_group_dag.py took 0.478 seconds
[2024-05-07T19:34:49.481+0000] {processor.py:154} INFO - Started process (PID=818) to work on /opt/airflow/dags/inside_group_dag.py
[2024-05-07T19:34:49.484+0000] {processor.py:756} INFO - Processing file /opt/airflow/dags/inside_group_dag.py for tasks to queue
[2024-05-07T19:34:49.487+0000] {logging_mixin.py:120} INFO - [2024-05-07T19:34:49.487+0000] {dagbag.py:537} INFO - Filling up the DagBag from /opt/airflow/dags/inside_group_dag.py
[2024-05-07T19:34:49.545+0000] {processor.py:766} INFO - DAG(s) dict_keys(['inside_group_dag']) retrieved from /opt/airflow/dags/inside_group_dag.py
[2024-05-07T19:34:49.771+0000] {logging_mixin.py:120} INFO - [2024-05-07T19:34:49.771+0000] {dag.py:2585} INFO - Sync 1 DAGs
[2024-05-07T19:34:49.800+0000] {logging_mixin.py:120} INFO - [2024-05-07T19:34:49.799+0000] {dag.py:3340} INFO - Setting next_dagrun for inside_group_dag to 2024-05-06T00:00:00+00:00, run_after=2024-05-07T00:00:00+00:00
[2024-05-07T19:34:49.815+0000] {processor.py:176} INFO - Processing /opt/airflow/dags/inside_group_dag.py took 0.342 seconds
[2024-05-07T19:35:21.092+0000] {processor.py:154} INFO - Started process (PID=854) to work on /opt/airflow/dags/inside_group_dag.py
[2024-05-07T19:35:21.095+0000] {processor.py:756} INFO - Processing file /opt/airflow/dags/inside_group_dag.py for tasks to queue
[2024-05-07T19:35:21.097+0000] {logging_mixin.py:120} INFO - [2024-05-07T19:35:21.097+0000] {dagbag.py:537} INFO - Filling up the DagBag from /opt/airflow/dags/inside_group_dag.py
[2024-05-07T19:35:21.207+0000] {processor.py:766} INFO - DAG(s) dict_keys(['inside_group_dag']) retrieved from /opt/airflow/dags/inside_group_dag.py
[2024-05-07T19:35:21.730+0000] {logging_mixin.py:120} INFO - [2024-05-07T19:35:21.730+0000] {dag.py:2585} INFO - Sync 1 DAGs
[2024-05-07T19:35:21.968+0000] {logging_mixin.py:120} INFO - [2024-05-07T19:35:21.967+0000] {dag.py:3340} INFO - Setting next_dagrun for inside_group_dag to 2024-05-06T00:00:00+00:00, run_after=2024-05-07T00:00:00+00:00
[2024-05-07T19:35:22.099+0000] {processor.py:176} INFO - Processing /opt/airflow/dags/inside_group_dag.py took 1.026 seconds
[2024-05-07T19:35:52.854+0000] {processor.py:154} INFO - Started process (PID=890) to work on /opt/airflow/dags/inside_group_dag.py
[2024-05-07T19:35:52.860+0000] {processor.py:756} INFO - Processing file /opt/airflow/dags/inside_group_dag.py for tasks to queue
[2024-05-07T19:35:52.863+0000] {logging_mixin.py:120} INFO - [2024-05-07T19:35:52.862+0000] {dagbag.py:537} INFO - Filling up the DagBag from /opt/airflow/dags/inside_group_dag.py
[2024-05-07T19:35:52.957+0000] {processor.py:766} INFO - DAG(s) dict_keys(['inside_group_dag']) retrieved from /opt/airflow/dags/inside_group_dag.py
[2024-05-07T19:35:53.079+0000] {logging_mixin.py:120} INFO - [2024-05-07T19:35:53.079+0000] {dag.py:2585} INFO - Sync 1 DAGs
[2024-05-07T19:35:53.118+0000] {logging_mixin.py:120} INFO - [2024-05-07T19:35:53.117+0000] {dag.py:3340} INFO - Setting next_dagrun for inside_group_dag to 2024-05-06T00:00:00+00:00, run_after=2024-05-07T00:00:00+00:00
[2024-05-07T19:35:53.142+0000] {processor.py:176} INFO - Processing /opt/airflow/dags/inside_group_dag.py took 0.316 seconds
[2024-05-07T19:36:23.587+0000] {processor.py:154} INFO - Started process (PID=918) to work on /opt/airflow/dags/inside_group_dag.py
[2024-05-07T19:36:23.590+0000] {processor.py:756} INFO - Processing file /opt/airflow/dags/inside_group_dag.py for tasks to queue
[2024-05-07T19:36:23.591+0000] {logging_mixin.py:120} INFO - [2024-05-07T19:36:23.591+0000] {dagbag.py:537} INFO - Filling up the DagBag from /opt/airflow/dags/inside_group_dag.py
[2024-05-07T19:36:23.670+0000] {processor.py:766} INFO - DAG(s) dict_keys(['inside_group_dag']) retrieved from /opt/airflow/dags/inside_group_dag.py
[2024-05-07T19:36:23.814+0000] {logging_mixin.py:120} INFO - [2024-05-07T19:36:23.814+0000] {dag.py:2585} INFO - Sync 1 DAGs
[2024-05-07T19:36:23.851+0000] {logging_mixin.py:120} INFO - [2024-05-07T19:36:23.850+0000] {dag.py:3340} INFO - Setting next_dagrun for inside_group_dag to 2024-05-06T00:00:00+00:00, run_after=2024-05-07T00:00:00+00:00
[2024-05-07T19:36:23.943+0000] {processor.py:176} INFO - Processing /opt/airflow/dags/inside_group_dag.py took 0.371 seconds
[2024-05-07T19:36:54.207+0000] {processor.py:154} INFO - Started process (PID=944) to work on /opt/airflow/dags/inside_group_dag.py
[2024-05-07T19:36:54.210+0000] {processor.py:756} INFO - Processing file /opt/airflow/dags/inside_group_dag.py for tasks to queue
[2024-05-07T19:36:54.211+0000] {logging_mixin.py:120} INFO - [2024-05-07T19:36:54.211+0000] {dagbag.py:537} INFO - Filling up the DagBag from /opt/airflow/dags/inside_group_dag.py
[2024-05-07T19:36:54.324+0000] {processor.py:766} INFO - DAG(s) dict_keys(['inside_group_dag']) retrieved from /opt/airflow/dags/inside_group_dag.py
[2024-05-07T19:36:55.900+0000] {logging_mixin.py:120} INFO - [2024-05-07T19:36:55.895+0000] {dag.py:2585} INFO - Sync 1 DAGs
[2024-05-07T19:36:56.236+0000] {logging_mixin.py:120} INFO - [2024-05-07T19:36:56.235+0000] {dag.py:3340} INFO - Setting next_dagrun for inside_group_dag to 2024-05-06T00:00:00+00:00, run_after=2024-05-07T00:00:00+00:00
[2024-05-07T19:36:56.461+0000] {processor.py:176} INFO - Processing /opt/airflow/dags/inside_group_dag.py took 2.259 seconds
[2024-05-07T19:37:26.748+0000] {processor.py:154} INFO - Started process (PID=980) to work on /opt/airflow/dags/inside_group_dag.py
[2024-05-07T19:37:26.756+0000] {processor.py:756} INFO - Processing file /opt/airflow/dags/inside_group_dag.py for tasks to queue
[2024-05-07T19:37:26.761+0000] {logging_mixin.py:120} INFO - [2024-05-07T19:37:26.760+0000] {dagbag.py:537} INFO - Filling up the DagBag from /opt/airflow/dags/inside_group_dag.py
[2024-05-07T19:37:27.080+0000] {processor.py:766} INFO - DAG(s) dict_keys(['inside_group_dag']) retrieved from /opt/airflow/dags/inside_group_dag.py
[2024-05-07T19:37:27.817+0000] {logging_mixin.py:120} INFO - [2024-05-07T19:37:27.816+0000] {dag.py:2585} INFO - Sync 1 DAGs
[2024-05-07T19:37:28.140+0000] {logging_mixin.py:120} INFO - [2024-05-07T19:37:28.139+0000] {dag.py:3340} INFO - Setting next_dagrun for inside_group_dag to 2024-05-06T00:00:00+00:00, run_after=2024-05-07T00:00:00+00:00
[2024-05-07T19:37:28.238+0000] {processor.py:176} INFO - Processing /opt/airflow/dags/inside_group_dag.py took 1.483 seconds
[2024-05-07T19:37:59.223+0000] {processor.py:154} INFO - Started process (PID=1007) to work on /opt/airflow/dags/inside_group_dag.py
[2024-05-07T19:37:59.225+0000] {processor.py:756} INFO - Processing file /opt/airflow/dags/inside_group_dag.py for tasks to queue
[2024-05-07T19:37:59.226+0000] {logging_mixin.py:120} INFO - [2024-05-07T19:37:59.226+0000] {dagbag.py:537} INFO - Filling up the DagBag from /opt/airflow/dags/inside_group_dag.py
[2024-05-07T19:37:59.286+0000] {processor.py:766} INFO - DAG(s) dict_keys(['inside_group_dag']) retrieved from /opt/airflow/dags/inside_group_dag.py
[2024-05-07T19:37:59.363+0000] {logging_mixin.py:120} INFO - [2024-05-07T19:37:59.363+0000] {dag.py:2585} INFO - Sync 1 DAGs
[2024-05-07T19:37:59.395+0000] {logging_mixin.py:120} INFO - [2024-05-07T19:37:59.395+0000] {dag.py:3340} INFO - Setting next_dagrun for inside_group_dag to 2024-05-06T00:00:00+00:00, run_after=2024-05-07T00:00:00+00:00
[2024-05-07T19:37:59.414+0000] {processor.py:176} INFO - Processing /opt/airflow/dags/inside_group_dag.py took 0.199 seconds
[2024-05-07T19:38:29.547+0000] {processor.py:154} INFO - Started process (PID=1042) to work on /opt/airflow/dags/inside_group_dag.py
[2024-05-07T19:38:29.549+0000] {processor.py:756} INFO - Processing file /opt/airflow/dags/inside_group_dag.py for tasks to queue
[2024-05-07T19:38:29.550+0000] {logging_mixin.py:120} INFO - [2024-05-07T19:38:29.550+0000] {dagbag.py:537} INFO - Filling up the DagBag from /opt/airflow/dags/inside_group_dag.py
[2024-05-07T19:38:29.763+0000] {processor.py:766} INFO - DAG(s) dict_keys(['inside_group_dag']) retrieved from /opt/airflow/dags/inside_group_dag.py
[2024-05-07T19:38:30.010+0000] {logging_mixin.py:120} INFO - [2024-05-07T19:38:30.010+0000] {dag.py:2585} INFO - Sync 1 DAGs
[2024-05-07T19:38:30.064+0000] {logging_mixin.py:120} INFO - [2024-05-07T19:38:30.064+0000] {dag.py:3340} INFO - Setting next_dagrun for inside_group_dag to 2024-05-06T00:00:00+00:00, run_after=2024-05-07T00:00:00+00:00
[2024-05-07T19:38:30.111+0000] {processor.py:176} INFO - Processing /opt/airflow/dags/inside_group_dag.py took 0.570 seconds
[2024-05-07T19:39:00.625+0000] {processor.py:154} INFO - Started process (PID=1069) to work on /opt/airflow/dags/inside_group_dag.py
[2024-05-07T19:39:00.629+0000] {processor.py:756} INFO - Processing file /opt/airflow/dags/inside_group_dag.py for tasks to queue
[2024-05-07T19:39:00.630+0000] {logging_mixin.py:120} INFO - [2024-05-07T19:39:00.630+0000] {dagbag.py:537} INFO - Filling up the DagBag from /opt/airflow/dags/inside_group_dag.py
[2024-05-07T19:39:00.693+0000] {processor.py:766} INFO - DAG(s) dict_keys(['inside_group_dag']) retrieved from /opt/airflow/dags/inside_group_dag.py
[2024-05-07T19:39:00.757+0000] {logging_mixin.py:120} INFO - [2024-05-07T19:39:00.757+0000] {dag.py:2585} INFO - Sync 1 DAGs
[2024-05-07T19:39:00.780+0000] {logging_mixin.py:120} INFO - [2024-05-07T19:39:00.780+0000] {dag.py:3340} INFO - Setting next_dagrun for inside_group_dag to 2024-05-06T00:00:00+00:00, run_after=2024-05-07T00:00:00+00:00
[2024-05-07T19:39:00.804+0000] {processor.py:176} INFO - Processing /opt/airflow/dags/inside_group_dag.py took 0.203 seconds
[2024-05-07T19:39:31.173+0000] {processor.py:154} INFO - Started process (PID=1106) to work on /opt/airflow/dags/inside_group_dag.py
[2024-05-07T19:39:31.175+0000] {processor.py:756} INFO - Processing file /opt/airflow/dags/inside_group_dag.py for tasks to queue
[2024-05-07T19:39:31.176+0000] {logging_mixin.py:120} INFO - [2024-05-07T19:39:31.176+0000] {dagbag.py:537} INFO - Filling up the DagBag from /opt/airflow/dags/inside_group_dag.py
[2024-05-07T19:39:31.218+0000] {processor.py:766} INFO - DAG(s) dict_keys(['inside_group_dag']) retrieved from /opt/airflow/dags/inside_group_dag.py
[2024-05-07T19:39:31.327+0000] {logging_mixin.py:120} INFO - [2024-05-07T19:39:31.327+0000] {dag.py:2585} INFO - Sync 1 DAGs
[2024-05-07T19:39:31.379+0000] {logging_mixin.py:120} INFO - [2024-05-07T19:39:31.379+0000] {dag.py:3340} INFO - Setting next_dagrun for inside_group_dag to 2024-05-06T00:00:00+00:00, run_after=2024-05-07T00:00:00+00:00
[2024-05-07T19:39:31.397+0000] {processor.py:176} INFO - Processing /opt/airflow/dags/inside_group_dag.py took 0.235 seconds
[2024-05-07T19:40:01.958+0000] {processor.py:154} INFO - Started process (PID=1133) to work on /opt/airflow/dags/inside_group_dag.py
[2024-05-07T19:40:01.959+0000] {processor.py:756} INFO - Processing file /opt/airflow/dags/inside_group_dag.py for tasks to queue
[2024-05-07T19:40:01.961+0000] {logging_mixin.py:120} INFO - [2024-05-07T19:40:01.960+0000] {dagbag.py:537} INFO - Filling up the DagBag from /opt/airflow/dags/inside_group_dag.py
[2024-05-07T19:40:02.018+0000] {processor.py:766} INFO - DAG(s) dict_keys(['inside_group_dag']) retrieved from /opt/airflow/dags/inside_group_dag.py
[2024-05-07T19:40:02.082+0000] {logging_mixin.py:120} INFO - [2024-05-07T19:40:02.082+0000] {dag.py:2585} INFO - Sync 1 DAGs
[2024-05-07T19:40:02.102+0000] {logging_mixin.py:120} INFO - [2024-05-07T19:40:02.102+0000] {dag.py:3340} INFO - Setting next_dagrun for inside_group_dag to 2024-05-06T00:00:00+00:00, run_after=2024-05-07T00:00:00+00:00
[2024-05-07T19:40:02.123+0000] {processor.py:176} INFO - Processing /opt/airflow/dags/inside_group_dag.py took 0.168 seconds
[2024-05-07T19:40:32.483+0000] {processor.py:154} INFO - Started process (PID=1170) to work on /opt/airflow/dags/inside_group_dag.py
[2024-05-07T19:40:32.484+0000] {processor.py:756} INFO - Processing file /opt/airflow/dags/inside_group_dag.py for tasks to queue
[2024-05-07T19:40:32.485+0000] {logging_mixin.py:120} INFO - [2024-05-07T19:40:32.485+0000] {dagbag.py:537} INFO - Filling up the DagBag from /opt/airflow/dags/inside_group_dag.py
[2024-05-07T19:40:32.533+0000] {processor.py:766} INFO - DAG(s) dict_keys(['inside_group_dag']) retrieved from /opt/airflow/dags/inside_group_dag.py
[2024-05-07T19:40:32.612+0000] {logging_mixin.py:120} INFO - [2024-05-07T19:40:32.612+0000] {dag.py:2585} INFO - Sync 1 DAGs
[2024-05-07T19:40:32.650+0000] {logging_mixin.py:120} INFO - [2024-05-07T19:40:32.650+0000] {dag.py:3340} INFO - Setting next_dagrun for inside_group_dag to 2024-05-06T00:00:00+00:00, run_after=2024-05-07T00:00:00+00:00
[2024-05-07T19:40:32.663+0000] {processor.py:176} INFO - Processing /opt/airflow/dags/inside_group_dag.py took 0.186 seconds
[2024-05-07T19:41:02.993+0000] {processor.py:154} INFO - Started process (PID=1207) to work on /opt/airflow/dags/inside_group_dag.py
[2024-05-07T19:41:02.995+0000] {processor.py:756} INFO - Processing file /opt/airflow/dags/inside_group_dag.py for tasks to queue
[2024-05-07T19:41:02.997+0000] {logging_mixin.py:120} INFO - [2024-05-07T19:41:02.997+0000] {dagbag.py:537} INFO - Filling up the DagBag from /opt/airflow/dags/inside_group_dag.py
[2024-05-07T19:41:03.054+0000] {processor.py:766} INFO - DAG(s) dict_keys(['inside_group_dag']) retrieved from /opt/airflow/dags/inside_group_dag.py
[2024-05-07T19:41:03.126+0000] {logging_mixin.py:120} INFO - [2024-05-07T19:41:03.126+0000] {dag.py:2585} INFO - Sync 1 DAGs
[2024-05-07T19:41:03.155+0000] {logging_mixin.py:120} INFO - [2024-05-07T19:41:03.155+0000] {dag.py:3340} INFO - Setting next_dagrun for inside_group_dag to 2024-05-06T00:00:00+00:00, run_after=2024-05-07T00:00:00+00:00
[2024-05-07T19:41:03.169+0000] {processor.py:176} INFO - Processing /opt/airflow/dags/inside_group_dag.py took 0.185 seconds
[2024-05-07T19:41:33.223+0000] {processor.py:154} INFO - Started process (PID=1235) to work on /opt/airflow/dags/inside_group_dag.py
[2024-05-07T19:41:33.224+0000] {processor.py:756} INFO - Processing file /opt/airflow/dags/inside_group_dag.py for tasks to queue
[2024-05-07T19:41:33.225+0000] {logging_mixin.py:120} INFO - [2024-05-07T19:41:33.225+0000] {dagbag.py:537} INFO - Filling up the DagBag from /opt/airflow/dags/inside_group_dag.py
[2024-05-07T19:41:33.269+0000] {processor.py:766} INFO - DAG(s) dict_keys(['inside_group_dag']) retrieved from /opt/airflow/dags/inside_group_dag.py
[2024-05-07T19:41:33.326+0000] {logging_mixin.py:120} INFO - [2024-05-07T19:41:33.326+0000] {dag.py:2585} INFO - Sync 1 DAGs
[2024-05-07T19:41:33.346+0000] {logging_mixin.py:120} INFO - [2024-05-07T19:41:33.346+0000] {dag.py:3340} INFO - Setting next_dagrun for inside_group_dag to 2024-05-06T00:00:00+00:00, run_after=2024-05-07T00:00:00+00:00
[2024-05-07T19:41:33.367+0000] {processor.py:176} INFO - Processing /opt/airflow/dags/inside_group_dag.py took 0.153 seconds
[2024-05-07T19:42:03.768+0000] {processor.py:154} INFO - Started process (PID=1270) to work on /opt/airflow/dags/inside_group_dag.py
[2024-05-07T19:42:03.769+0000] {processor.py:756} INFO - Processing file /opt/airflow/dags/inside_group_dag.py for tasks to queue
[2024-05-07T19:42:03.769+0000] {logging_mixin.py:120} INFO - [2024-05-07T19:42:03.769+0000] {dagbag.py:537} INFO - Filling up the DagBag from /opt/airflow/dags/inside_group_dag.py
[2024-05-07T19:42:03.788+0000] {processor.py:766} INFO - DAG(s) dict_keys(['inside_group_dag']) retrieved from /opt/airflow/dags/inside_group_dag.py
[2024-05-07T19:42:03.822+0000] {logging_mixin.py:120} INFO - [2024-05-07T19:42:03.822+0000] {dag.py:2585} INFO - Sync 1 DAGs
[2024-05-07T19:42:03.870+0000] {logging_mixin.py:120} INFO - [2024-05-07T19:42:03.869+0000] {dag.py:3340} INFO - Setting next_dagrun for inside_group_dag to 2024-05-06T00:00:00+00:00, run_after=2024-05-07T00:00:00+00:00
[2024-05-07T19:42:03.887+0000] {processor.py:176} INFO - Processing /opt/airflow/dags/inside_group_dag.py took 0.122 seconds
[2024-05-07T19:42:34.951+0000] {processor.py:154} INFO - Started process (PID=1308) to work on /opt/airflow/dags/inside_group_dag.py
[2024-05-07T19:42:34.952+0000] {processor.py:756} INFO - Processing file /opt/airflow/dags/inside_group_dag.py for tasks to queue
[2024-05-07T19:42:34.953+0000] {logging_mixin.py:120} INFO - [2024-05-07T19:42:34.953+0000] {dagbag.py:537} INFO - Filling up the DagBag from /opt/airflow/dags/inside_group_dag.py
[2024-05-07T19:42:35.031+0000] {processor.py:766} INFO - DAG(s) dict_keys(['inside_group_dag']) retrieved from /opt/airflow/dags/inside_group_dag.py
[2024-05-07T19:42:35.164+0000] {logging_mixin.py:120} INFO - [2024-05-07T19:42:35.164+0000] {dag.py:2585} INFO - Sync 1 DAGs
[2024-05-07T19:42:35.215+0000] {logging_mixin.py:120} INFO - [2024-05-07T19:42:35.214+0000] {dag.py:3340} INFO - Setting next_dagrun for inside_group_dag to 2024-05-06T00:00:00+00:00, run_after=2024-05-07T00:00:00+00:00
[2024-05-07T19:42:35.241+0000] {processor.py:176} INFO - Processing /opt/airflow/dags/inside_group_dag.py took 0.293 seconds
[2024-05-07T19:43:05.721+0000] {processor.py:154} INFO - Started process (PID=1335) to work on /opt/airflow/dags/inside_group_dag.py
[2024-05-07T19:43:05.742+0000] {processor.py:756} INFO - Processing file /opt/airflow/dags/inside_group_dag.py for tasks to queue
[2024-05-07T19:43:05.764+0000] {logging_mixin.py:120} INFO - [2024-05-07T19:43:05.760+0000] {dagbag.py:537} INFO - Filling up the DagBag from /opt/airflow/dags/inside_group_dag.py
[2024-05-07T19:43:06.330+0000] {processor.py:766} INFO - DAG(s) dict_keys(['inside_group_dag']) retrieved from /opt/airflow/dags/inside_group_dag.py
[2024-05-07T19:43:06.688+0000] {logging_mixin.py:120} INFO - [2024-05-07T19:43:06.687+0000] {dag.py:2585} INFO - Sync 1 DAGs
[2024-05-07T19:43:06.774+0000] {logging_mixin.py:120} INFO - [2024-05-07T19:43:06.773+0000] {dag.py:3340} INFO - Setting next_dagrun for inside_group_dag to 2024-05-06T00:00:00+00:00, run_after=2024-05-07T00:00:00+00:00
[2024-05-07T19:43:06.841+0000] {processor.py:176} INFO - Processing /opt/airflow/dags/inside_group_dag.py took 1.177 seconds
[2024-05-07T19:43:37.130+0000] {processor.py:154} INFO - Started process (PID=1372) to work on /opt/airflow/dags/inside_group_dag.py
[2024-05-07T19:43:37.132+0000] {processor.py:756} INFO - Processing file /opt/airflow/dags/inside_group_dag.py for tasks to queue
[2024-05-07T19:43:37.134+0000] {logging_mixin.py:120} INFO - [2024-05-07T19:43:37.133+0000] {dagbag.py:537} INFO - Filling up the DagBag from /opt/airflow/dags/inside_group_dag.py
[2024-05-07T19:43:37.222+0000] {processor.py:766} INFO - DAG(s) dict_keys(['inside_group_dag']) retrieved from /opt/airflow/dags/inside_group_dag.py
[2024-05-07T19:43:37.266+0000] {logging_mixin.py:120} INFO - [2024-05-07T19:43:37.266+0000] {dag.py:2585} INFO - Sync 1 DAGs
[2024-05-07T19:43:37.294+0000] {logging_mixin.py:120} INFO - [2024-05-07T19:43:37.294+0000] {dag.py:3340} INFO - Setting next_dagrun for inside_group_dag to 2024-05-06T00:00:00+00:00, run_after=2024-05-07T00:00:00+00:00
[2024-05-07T19:43:37.311+0000] {processor.py:176} INFO - Processing /opt/airflow/dags/inside_group_dag.py took 0.187 seconds
[2024-05-07T19:44:07.431+0000] {processor.py:154} INFO - Started process (PID=1409) to work on /opt/airflow/dags/inside_group_dag.py
[2024-05-07T19:44:07.437+0000] {processor.py:756} INFO - Processing file /opt/airflow/dags/inside_group_dag.py for tasks to queue
[2024-05-07T19:44:07.438+0000] {logging_mixin.py:120} INFO - [2024-05-07T19:44:07.438+0000] {dagbag.py:537} INFO - Filling up the DagBag from /opt/airflow/dags/inside_group_dag.py
[2024-05-07T19:44:07.478+0000] {processor.py:766} INFO - DAG(s) dict_keys(['inside_group_dag']) retrieved from /opt/airflow/dags/inside_group_dag.py
[2024-05-07T19:44:07.541+0000] {logging_mixin.py:120} INFO - [2024-05-07T19:44:07.540+0000] {dag.py:2585} INFO - Sync 1 DAGs
[2024-05-07T19:44:07.579+0000] {logging_mixin.py:120} INFO - [2024-05-07T19:44:07.579+0000] {dag.py:3340} INFO - Setting next_dagrun for inside_group_dag to 2024-05-06T00:00:00+00:00, run_after=2024-05-07T00:00:00+00:00
[2024-05-07T19:44:07.637+0000] {processor.py:176} INFO - Processing /opt/airflow/dags/inside_group_dag.py took 0.215 seconds
[2024-05-07T19:44:38.115+0000] {processor.py:154} INFO - Started process (PID=1436) to work on /opt/airflow/dags/inside_group_dag.py
[2024-05-07T19:44:38.118+0000] {processor.py:756} INFO - Processing file /opt/airflow/dags/inside_group_dag.py for tasks to queue
[2024-05-07T19:44:38.120+0000] {logging_mixin.py:120} INFO - [2024-05-07T19:44:38.120+0000] {dagbag.py:537} INFO - Filling up the DagBag from /opt/airflow/dags/inside_group_dag.py
[2024-05-07T19:44:38.158+0000] {processor.py:766} INFO - DAG(s) dict_keys(['inside_group_dag']) retrieved from /opt/airflow/dags/inside_group_dag.py
[2024-05-07T19:44:38.198+0000] {logging_mixin.py:120} INFO - [2024-05-07T19:44:38.198+0000] {dag.py:2585} INFO - Sync 1 DAGs
[2024-05-07T19:44:38.237+0000] {logging_mixin.py:120} INFO - [2024-05-07T19:44:38.237+0000] {dag.py:3340} INFO - Setting next_dagrun for inside_group_dag to 2024-05-06T00:00:00+00:00, run_after=2024-05-07T00:00:00+00:00
[2024-05-07T19:44:38.272+0000] {processor.py:176} INFO - Processing /opt/airflow/dags/inside_group_dag.py took 0.162 seconds
[2024-05-07T19:45:08.370+0000] {processor.py:154} INFO - Started process (PID=1473) to work on /opt/airflow/dags/inside_group_dag.py
[2024-05-07T19:45:08.373+0000] {processor.py:756} INFO - Processing file /opt/airflow/dags/inside_group_dag.py for tasks to queue
[2024-05-07T19:45:08.374+0000] {logging_mixin.py:120} INFO - [2024-05-07T19:45:08.374+0000] {dagbag.py:537} INFO - Filling up the DagBag from /opt/airflow/dags/inside_group_dag.py
[2024-05-07T19:45:08.405+0000] {processor.py:766} INFO - DAG(s) dict_keys(['inside_group_dag']) retrieved from /opt/airflow/dags/inside_group_dag.py
[2024-05-07T19:45:08.461+0000] {logging_mixin.py:120} INFO - [2024-05-07T19:45:08.461+0000] {dag.py:2585} INFO - Sync 1 DAGs
[2024-05-07T19:45:08.499+0000] {logging_mixin.py:120} INFO - [2024-05-07T19:45:08.499+0000] {dag.py:3340} INFO - Setting next_dagrun for inside_group_dag to 2024-05-06T00:00:00+00:00, run_after=2024-05-07T00:00:00+00:00
[2024-05-07T19:45:08.513+0000] {processor.py:176} INFO - Processing /opt/airflow/dags/inside_group_dag.py took 0.148 seconds
[2024-05-07T19:45:39.017+0000] {processor.py:154} INFO - Started process (PID=1510) to work on /opt/airflow/dags/inside_group_dag.py
[2024-05-07T19:45:39.021+0000] {processor.py:756} INFO - Processing file /opt/airflow/dags/inside_group_dag.py for tasks to queue
[2024-05-07T19:45:39.025+0000] {logging_mixin.py:120} INFO - [2024-05-07T19:45:39.024+0000] {dagbag.py:537} INFO - Filling up the DagBag from /opt/airflow/dags/inside_group_dag.py
[2024-05-07T19:45:39.094+0000] {processor.py:766} INFO - DAG(s) dict_keys(['inside_group_dag']) retrieved from /opt/airflow/dags/inside_group_dag.py
[2024-05-07T19:45:39.168+0000] {logging_mixin.py:120} INFO - [2024-05-07T19:45:39.168+0000] {dag.py:2585} INFO - Sync 1 DAGs
[2024-05-07T19:45:39.197+0000] {logging_mixin.py:120} INFO - [2024-05-07T19:45:39.196+0000] {dag.py:3340} INFO - Setting next_dagrun for inside_group_dag to 2024-05-06T00:00:00+00:00, run_after=2024-05-07T00:00:00+00:00
[2024-05-07T19:45:39.210+0000] {processor.py:176} INFO - Processing /opt/airflow/dags/inside_group_dag.py took 0.214 seconds
[2024-05-07T19:46:10.077+0000] {processor.py:154} INFO - Started process (PID=1538) to work on /opt/airflow/dags/inside_group_dag.py
[2024-05-07T19:46:10.081+0000] {processor.py:756} INFO - Processing file /opt/airflow/dags/inside_group_dag.py for tasks to queue
[2024-05-07T19:46:10.082+0000] {logging_mixin.py:120} INFO - [2024-05-07T19:46:10.082+0000] {dagbag.py:537} INFO - Filling up the DagBag from /opt/airflow/dags/inside_group_dag.py
[2024-05-07T19:46:10.202+0000] {processor.py:766} INFO - DAG(s) dict_keys(['inside_group_dag']) retrieved from /opt/airflow/dags/inside_group_dag.py
[2024-05-07T19:46:10.503+0000] {logging_mixin.py:120} INFO - [2024-05-07T19:46:10.503+0000] {dag.py:2585} INFO - Sync 1 DAGs
[2024-05-07T19:46:10.536+0000] {logging_mixin.py:120} INFO - [2024-05-07T19:46:10.536+0000] {dag.py:3340} INFO - Setting next_dagrun for inside_group_dag to 2024-05-06T00:00:00+00:00, run_after=2024-05-07T00:00:00+00:00
[2024-05-07T19:46:10.551+0000] {processor.py:176} INFO - Processing /opt/airflow/dags/inside_group_dag.py took 0.481 seconds
[2024-05-07T19:46:40.678+0000] {processor.py:154} INFO - Started process (PID=1575) to work on /opt/airflow/dags/inside_group_dag.py
[2024-05-07T19:46:40.680+0000] {processor.py:756} INFO - Processing file /opt/airflow/dags/inside_group_dag.py for tasks to queue
[2024-05-07T19:46:40.680+0000] {logging_mixin.py:120} INFO - [2024-05-07T19:46:40.680+0000] {dagbag.py:537} INFO - Filling up the DagBag from /opt/airflow/dags/inside_group_dag.py
[2024-05-07T19:46:40.717+0000] {processor.py:766} INFO - DAG(s) dict_keys(['inside_group_dag']) retrieved from /opt/airflow/dags/inside_group_dag.py
[2024-05-07T19:46:40.776+0000] {logging_mixin.py:120} INFO - [2024-05-07T19:46:40.776+0000] {dag.py:2585} INFO - Sync 1 DAGs
[2024-05-07T19:46:40.800+0000] {logging_mixin.py:120} INFO - [2024-05-07T19:46:40.800+0000] {dag.py:3340} INFO - Setting next_dagrun for inside_group_dag to 2024-05-06T00:00:00+00:00, run_after=2024-05-07T00:00:00+00:00
[2024-05-07T19:46:40.815+0000] {processor.py:176} INFO - Processing /opt/airflow/dags/inside_group_dag.py took 0.139 seconds
[2024-05-07T19:47:11.756+0000] {processor.py:154} INFO - Started process (PID=1603) to work on /opt/airflow/dags/inside_group_dag.py
[2024-05-07T19:47:11.758+0000] {processor.py:756} INFO - Processing file /opt/airflow/dags/inside_group_dag.py for tasks to queue
[2024-05-07T19:47:11.759+0000] {logging_mixin.py:120} INFO - [2024-05-07T19:47:11.758+0000] {dagbag.py:537} INFO - Filling up the DagBag from /opt/airflow/dags/inside_group_dag.py
[2024-05-07T19:47:11.799+0000] {processor.py:766} INFO - DAG(s) dict_keys(['inside_group_dag']) retrieved from /opt/airflow/dags/inside_group_dag.py
[2024-05-07T19:47:11.859+0000] {logging_mixin.py:120} INFO - [2024-05-07T19:47:11.859+0000] {dag.py:2585} INFO - Sync 1 DAGs
[2024-05-07T19:47:11.904+0000] {logging_mixin.py:120} INFO - [2024-05-07T19:47:11.904+0000] {dag.py:3340} INFO - Setting next_dagrun for inside_group_dag to 2024-05-06T00:00:00+00:00, run_after=2024-05-07T00:00:00+00:00
[2024-05-07T19:47:11.916+0000] {processor.py:176} INFO - Processing /opt/airflow/dags/inside_group_dag.py took 0.164 seconds
[2024-05-07T19:47:42.160+0000] {processor.py:154} INFO - Started process (PID=1639) to work on /opt/airflow/dags/inside_group_dag.py
[2024-05-07T19:47:42.162+0000] {processor.py:756} INFO - Processing file /opt/airflow/dags/inside_group_dag.py for tasks to queue
[2024-05-07T19:47:42.163+0000] {logging_mixin.py:120} INFO - [2024-05-07T19:47:42.162+0000] {dagbag.py:537} INFO - Filling up the DagBag from /opt/airflow/dags/inside_group_dag.py
[2024-05-07T19:47:42.203+0000] {processor.py:766} INFO - DAG(s) dict_keys(['inside_group_dag']) retrieved from /opt/airflow/dags/inside_group_dag.py
[2024-05-07T19:47:42.290+0000] {logging_mixin.py:120} INFO - [2024-05-07T19:47:42.290+0000] {dag.py:2585} INFO - Sync 1 DAGs
[2024-05-07T19:47:42.310+0000] {logging_mixin.py:120} INFO - [2024-05-07T19:47:42.310+0000] {dag.py:3340} INFO - Setting next_dagrun for inside_group_dag to 2024-05-06T00:00:00+00:00, run_after=2024-05-07T00:00:00+00:00
[2024-05-07T19:47:42.322+0000] {processor.py:176} INFO - Processing /opt/airflow/dags/inside_group_dag.py took 0.167 seconds
[2024-05-07T19:48:12.847+0000] {processor.py:154} INFO - Started process (PID=1676) to work on /opt/airflow/dags/inside_group_dag.py
[2024-05-07T19:48:12.848+0000] {processor.py:756} INFO - Processing file /opt/airflow/dags/inside_group_dag.py for tasks to queue
[2024-05-07T19:48:12.849+0000] {logging_mixin.py:120} INFO - [2024-05-07T19:48:12.849+0000] {dagbag.py:537} INFO - Filling up the DagBag from /opt/airflow/dags/inside_group_dag.py
[2024-05-07T19:48:12.933+0000] {processor.py:766} INFO - DAG(s) dict_keys(['inside_group_dag']) retrieved from /opt/airflow/dags/inside_group_dag.py
[2024-05-07T19:48:12.999+0000] {logging_mixin.py:120} INFO - [2024-05-07T19:48:12.999+0000] {dag.py:2585} INFO - Sync 1 DAGs
[2024-05-07T19:48:13.020+0000] {logging_mixin.py:120} INFO - [2024-05-07T19:48:13.020+0000] {dag.py:3340} INFO - Setting next_dagrun for inside_group_dag to 2024-05-06T00:00:00+00:00, run_after=2024-05-07T00:00:00+00:00
[2024-05-07T19:48:13.032+0000] {processor.py:176} INFO - Processing /opt/airflow/dags/inside_group_dag.py took 0.189 seconds
[2024-05-07T19:48:43.119+0000] {processor.py:154} INFO - Started process (PID=1710) to work on /opt/airflow/dags/inside_group_dag.py
[2024-05-07T19:48:43.120+0000] {processor.py:756} INFO - Processing file /opt/airflow/dags/inside_group_dag.py for tasks to queue
[2024-05-07T19:48:43.121+0000] {logging_mixin.py:120} INFO - [2024-05-07T19:48:43.121+0000] {dagbag.py:537} INFO - Filling up the DagBag from /opt/airflow/dags/inside_group_dag.py
[2024-05-07T19:48:43.161+0000] {processor.py:766} INFO - DAG(s) dict_keys(['inside_group_dag']) retrieved from /opt/airflow/dags/inside_group_dag.py
[2024-05-07T19:48:43.209+0000] {logging_mixin.py:120} INFO - [2024-05-07T19:48:43.209+0000] {dag.py:2585} INFO - Sync 1 DAGs
[2024-05-07T19:48:43.236+0000] {logging_mixin.py:120} INFO - [2024-05-07T19:48:43.236+0000] {dag.py:3340} INFO - Setting next_dagrun for inside_group_dag to 2024-05-06T00:00:00+00:00, run_after=2024-05-07T00:00:00+00:00
[2024-05-07T19:48:43.252+0000] {processor.py:176} INFO - Processing /opt/airflow/dags/inside_group_dag.py took 0.136 seconds
[2024-05-07T19:49:13.491+0000] {processor.py:154} INFO - Started process (PID=1739) to work on /opt/airflow/dags/inside_group_dag.py
[2024-05-07T19:49:13.493+0000] {processor.py:756} INFO - Processing file /opt/airflow/dags/inside_group_dag.py for tasks to queue
[2024-05-07T19:49:13.494+0000] {logging_mixin.py:120} INFO - [2024-05-07T19:49:13.494+0000] {dagbag.py:537} INFO - Filling up the DagBag from /opt/airflow/dags/inside_group_dag.py
[2024-05-07T19:49:13.521+0000] {processor.py:766} INFO - DAG(s) dict_keys(['inside_group_dag']) retrieved from /opt/airflow/dags/inside_group_dag.py
[2024-05-07T19:49:13.551+0000] {logging_mixin.py:120} INFO - [2024-05-07T19:49:13.551+0000] {dag.py:2585} INFO - Sync 1 DAGs
[2024-05-07T19:49:13.566+0000] {logging_mixin.py:120} INFO - [2024-05-07T19:49:13.565+0000] {dag.py:3340} INFO - Setting next_dagrun for inside_group_dag to 2024-05-06T00:00:00+00:00, run_after=2024-05-07T00:00:00+00:00
[2024-05-07T19:49:13.575+0000] {processor.py:176} INFO - Processing /opt/airflow/dags/inside_group_dag.py took 0.087 seconds
[2024-05-07T19:49:44.065+0000] {processor.py:154} INFO - Started process (PID=1775) to work on /opt/airflow/dags/inside_group_dag.py
[2024-05-07T19:49:44.066+0000] {processor.py:756} INFO - Processing file /opt/airflow/dags/inside_group_dag.py for tasks to queue
[2024-05-07T19:49:44.068+0000] {logging_mixin.py:120} INFO - [2024-05-07T19:49:44.068+0000] {dagbag.py:537} INFO - Filling up the DagBag from /opt/airflow/dags/inside_group_dag.py
[2024-05-07T19:49:44.096+0000] {processor.py:766} INFO - DAG(s) dict_keys(['inside_group_dag']) retrieved from /opt/airflow/dags/inside_group_dag.py
[2024-05-07T19:49:44.139+0000] {logging_mixin.py:120} INFO - [2024-05-07T19:49:44.139+0000] {dag.py:2585} INFO - Sync 1 DAGs
[2024-05-07T19:49:44.157+0000] {logging_mixin.py:120} INFO - [2024-05-07T19:49:44.157+0000] {dag.py:3340} INFO - Setting next_dagrun for inside_group_dag to 2024-05-06T00:00:00+00:00, run_after=2024-05-07T00:00:00+00:00
[2024-05-07T19:49:44.168+0000] {processor.py:176} INFO - Processing /opt/airflow/dags/inside_group_dag.py took 0.108 seconds
[2024-05-07T19:50:16.174+0000] {processor.py:154} INFO - Started process (PID=1812) to work on /opt/airflow/dags/inside_group_dag.py
[2024-05-07T19:50:16.182+0000] {processor.py:756} INFO - Processing file /opt/airflow/dags/inside_group_dag.py for tasks to queue
[2024-05-07T19:50:16.184+0000] {logging_mixin.py:120} INFO - [2024-05-07T19:50:16.184+0000] {dagbag.py:537} INFO - Filling up the DagBag from /opt/airflow/dags/inside_group_dag.py
[2024-05-07T19:50:16.325+0000] {processor.py:766} INFO - DAG(s) dict_keys(['inside_group_dag']) retrieved from /opt/airflow/dags/inside_group_dag.py
[2024-05-07T19:50:16.601+0000] {logging_mixin.py:120} INFO - [2024-05-07T19:50:16.599+0000] {dag.py:2585} INFO - Sync 1 DAGs
[2024-05-07T19:50:16.717+0000] {logging_mixin.py:120} INFO - [2024-05-07T19:50:16.717+0000] {dag.py:3340} INFO - Setting next_dagrun for inside_group_dag to 2024-05-06T00:00:00+00:00, run_after=2024-05-07T00:00:00+00:00
[2024-05-07T19:50:16.819+0000] {processor.py:176} INFO - Processing /opt/airflow/dags/inside_group_dag.py took 0.664 seconds
[2024-05-07T19:50:47.418+0000] {processor.py:154} INFO - Started process (PID=1839) to work on /opt/airflow/dags/inside_group_dag.py
[2024-05-07T19:50:47.420+0000] {processor.py:756} INFO - Processing file /opt/airflow/dags/inside_group_dag.py for tasks to queue
[2024-05-07T19:50:47.422+0000] {logging_mixin.py:120} INFO - [2024-05-07T19:50:47.422+0000] {dagbag.py:537} INFO - Filling up the DagBag from /opt/airflow/dags/inside_group_dag.py
[2024-05-07T19:50:47.489+0000] {processor.py:766} INFO - DAG(s) dict_keys(['inside_group_dag']) retrieved from /opt/airflow/dags/inside_group_dag.py
[2024-05-07T19:50:47.557+0000] {logging_mixin.py:120} INFO - [2024-05-07T19:50:47.556+0000] {dag.py:2585} INFO - Sync 1 DAGs
[2024-05-07T19:50:47.607+0000] {logging_mixin.py:120} INFO - [2024-05-07T19:50:47.605+0000] {dag.py:3340} INFO - Setting next_dagrun for inside_group_dag to 2024-05-06T00:00:00+00:00, run_after=2024-05-07T00:00:00+00:00
[2024-05-07T19:50:47.634+0000] {processor.py:176} INFO - Processing /opt/airflow/dags/inside_group_dag.py took 0.223 seconds
[2024-05-07T19:51:17.813+0000] {processor.py:154} INFO - Started process (PID=1876) to work on /opt/airflow/dags/inside_group_dag.py
[2024-05-07T19:51:17.817+0000] {processor.py:756} INFO - Processing file /opt/airflow/dags/inside_group_dag.py for tasks to queue
[2024-05-07T19:51:17.819+0000] {logging_mixin.py:120} INFO - [2024-05-07T19:51:17.819+0000] {dagbag.py:537} INFO - Filling up the DagBag from /opt/airflow/dags/inside_group_dag.py
[2024-05-07T19:51:17.853+0000] {processor.py:766} INFO - DAG(s) dict_keys(['inside_group_dag']) retrieved from /opt/airflow/dags/inside_group_dag.py
[2024-05-07T19:51:17.910+0000] {logging_mixin.py:120} INFO - [2024-05-07T19:51:17.910+0000] {dag.py:2585} INFO - Sync 1 DAGs
[2024-05-07T19:51:17.928+0000] {logging_mixin.py:120} INFO - [2024-05-07T19:51:17.928+0000] {dag.py:3340} INFO - Setting next_dagrun for inside_group_dag to 2024-05-06T00:00:00+00:00, run_after=2024-05-07T00:00:00+00:00
[2024-05-07T19:51:17.938+0000] {processor.py:176} INFO - Processing /opt/airflow/dags/inside_group_dag.py took 0.136 seconds
[2024-05-07T19:51:48.617+0000] {processor.py:154} INFO - Started process (PID=1904) to work on /opt/airflow/dags/inside_group_dag.py
[2024-05-07T19:51:48.619+0000] {processor.py:756} INFO - Processing file /opt/airflow/dags/inside_group_dag.py for tasks to queue
[2024-05-07T19:51:48.619+0000] {logging_mixin.py:120} INFO - [2024-05-07T19:51:48.619+0000] {dagbag.py:537} INFO - Filling up the DagBag from /opt/airflow/dags/inside_group_dag.py
[2024-05-07T19:51:48.634+0000] {processor.py:766} INFO - DAG(s) dict_keys(['inside_group_dag']) retrieved from /opt/airflow/dags/inside_group_dag.py
[2024-05-07T19:51:48.659+0000] {logging_mixin.py:120} INFO - [2024-05-07T19:51:48.659+0000] {dag.py:2585} INFO - Sync 1 DAGs
[2024-05-07T19:51:48.683+0000] {logging_mixin.py:120} INFO - [2024-05-07T19:51:48.683+0000] {dag.py:3340} INFO - Setting next_dagrun for inside_group_dag to 2024-05-06T00:00:00+00:00, run_after=2024-05-07T00:00:00+00:00
[2024-05-07T19:51:48.692+0000] {processor.py:176} INFO - Processing /opt/airflow/dags/inside_group_dag.py took 0.078 seconds
[2024-05-07T19:52:18.808+0000] {processor.py:154} INFO - Started process (PID=1940) to work on /opt/airflow/dags/inside_group_dag.py
[2024-05-07T19:52:18.810+0000] {processor.py:756} INFO - Processing file /opt/airflow/dags/inside_group_dag.py for tasks to queue
[2024-05-07T19:52:18.811+0000] {logging_mixin.py:120} INFO - [2024-05-07T19:52:18.811+0000] {dagbag.py:537} INFO - Filling up the DagBag from /opt/airflow/dags/inside_group_dag.py
[2024-05-07T19:52:18.859+0000] {processor.py:766} INFO - DAG(s) dict_keys(['inside_group_dag']) retrieved from /opt/airflow/dags/inside_group_dag.py
[2024-05-07T19:52:18.911+0000] {logging_mixin.py:120} INFO - [2024-05-07T19:52:18.910+0000] {dag.py:2585} INFO - Sync 1 DAGs
[2024-05-07T19:52:18.929+0000] {logging_mixin.py:120} INFO - [2024-05-07T19:52:18.929+0000] {dag.py:3340} INFO - Setting next_dagrun for inside_group_dag to 2024-05-06T00:00:00+00:00, run_after=2024-05-07T00:00:00+00:00
[2024-05-07T19:52:18.941+0000] {processor.py:176} INFO - Processing /opt/airflow/dags/inside_group_dag.py took 0.139 seconds
[2024-05-07T19:52:49.346+0000] {processor.py:154} INFO - Started process (PID=1977) to work on /opt/airflow/dags/inside_group_dag.py
[2024-05-07T19:52:49.348+0000] {processor.py:756} INFO - Processing file /opt/airflow/dags/inside_group_dag.py for tasks to queue
[2024-05-07T19:52:49.349+0000] {logging_mixin.py:120} INFO - [2024-05-07T19:52:49.349+0000] {dagbag.py:537} INFO - Filling up the DagBag from /opt/airflow/dags/inside_group_dag.py
[2024-05-07T19:52:49.378+0000] {processor.py:766} INFO - DAG(s) dict_keys(['inside_group_dag']) retrieved from /opt/airflow/dags/inside_group_dag.py
[2024-05-07T19:52:49.429+0000] {logging_mixin.py:120} INFO - [2024-05-07T19:52:49.429+0000] {dag.py:2585} INFO - Sync 1 DAGs
[2024-05-07T19:52:49.451+0000] {logging_mixin.py:120} INFO - [2024-05-07T19:52:49.451+0000] {dag.py:3340} INFO - Setting next_dagrun for inside_group_dag to 2024-05-06T00:00:00+00:00, run_after=2024-05-07T00:00:00+00:00
[2024-05-07T19:52:49.465+0000] {processor.py:176} INFO - Processing /opt/airflow/dags/inside_group_dag.py took 0.124 seconds
[2024-05-07T19:53:19.758+0000] {processor.py:154} INFO - Started process (PID=2014) to work on /opt/airflow/dags/inside_group_dag.py
[2024-05-07T19:53:19.759+0000] {processor.py:756} INFO - Processing file /opt/airflow/dags/inside_group_dag.py for tasks to queue
[2024-05-07T19:53:19.760+0000] {logging_mixin.py:120} INFO - [2024-05-07T19:53:19.760+0000] {dagbag.py:537} INFO - Filling up the DagBag from /opt/airflow/dags/inside_group_dag.py
[2024-05-07T19:53:19.802+0000] {processor.py:766} INFO - DAG(s) dict_keys(['inside_group_dag']) retrieved from /opt/airflow/dags/inside_group_dag.py
[2024-05-07T19:53:19.959+0000] {logging_mixin.py:120} INFO - [2024-05-07T19:53:19.959+0000] {dag.py:2585} INFO - Sync 1 DAGs
[2024-05-07T19:53:20.066+0000] {logging_mixin.py:120} INFO - [2024-05-07T19:53:20.066+0000] {dag.py:3340} INFO - Setting next_dagrun for inside_group_dag to 2024-05-06T00:00:00+00:00, run_after=2024-05-07T00:00:00+00:00
[2024-05-07T19:53:20.118+0000] {processor.py:176} INFO - Processing /opt/airflow/dags/inside_group_dag.py took 0.363 seconds
[2024-05-07T19:53:50.259+0000] {processor.py:154} INFO - Started process (PID=2043) to work on /opt/airflow/dags/inside_group_dag.py
[2024-05-07T19:53:50.262+0000] {processor.py:756} INFO - Processing file /opt/airflow/dags/inside_group_dag.py for tasks to queue
[2024-05-07T19:53:50.264+0000] {logging_mixin.py:120} INFO - [2024-05-07T19:53:50.264+0000] {dagbag.py:537} INFO - Filling up the DagBag from /opt/airflow/dags/inside_group_dag.py
[2024-05-07T19:53:50.299+0000] {processor.py:766} INFO - DAG(s) dict_keys(['inside_group_dag']) retrieved from /opt/airflow/dags/inside_group_dag.py
[2024-05-07T19:53:50.339+0000] {logging_mixin.py:120} INFO - [2024-05-07T19:53:50.339+0000] {dag.py:2585} INFO - Sync 1 DAGs
[2024-05-07T19:53:50.356+0000] {logging_mixin.py:120} INFO - [2024-05-07T19:53:50.356+0000] {dag.py:3340} INFO - Setting next_dagrun for inside_group_dag to 2024-05-06T00:00:00+00:00, run_after=2024-05-07T00:00:00+00:00
[2024-05-07T19:53:50.368+0000] {processor.py:176} INFO - Processing /opt/airflow/dags/inside_group_dag.py took 0.142 seconds
[2024-05-07T19:54:20.771+0000] {processor.py:154} INFO - Started process (PID=2079) to work on /opt/airflow/dags/inside_group_dag.py
[2024-05-07T19:54:20.775+0000] {processor.py:756} INFO - Processing file /opt/airflow/dags/inside_group_dag.py for tasks to queue
[2024-05-07T19:54:20.776+0000] {logging_mixin.py:120} INFO - [2024-05-07T19:54:20.776+0000] {dagbag.py:537} INFO - Filling up the DagBag from /opt/airflow/dags/inside_group_dag.py
[2024-05-07T19:54:20.824+0000] {processor.py:766} INFO - DAG(s) dict_keys(['inside_group_dag']) retrieved from /opt/airflow/dags/inside_group_dag.py
[2024-05-07T19:54:20.902+0000] {logging_mixin.py:120} INFO - [2024-05-07T19:54:20.902+0000] {dag.py:2585} INFO - Sync 1 DAGs
[2024-05-07T19:54:20.936+0000] {logging_mixin.py:120} INFO - [2024-05-07T19:54:20.936+0000] {dag.py:3340} INFO - Setting next_dagrun for inside_group_dag to 2024-05-06T00:00:00+00:00, run_after=2024-05-07T00:00:00+00:00
[2024-05-07T19:54:20.950+0000] {processor.py:176} INFO - Processing /opt/airflow/dags/inside_group_dag.py took 0.189 seconds
[2024-05-07T19:54:51.170+0000] {processor.py:154} INFO - Started process (PID=2116) to work on /opt/airflow/dags/inside_group_dag.py
[2024-05-07T19:54:51.177+0000] {processor.py:756} INFO - Processing file /opt/airflow/dags/inside_group_dag.py for tasks to queue
[2024-05-07T19:54:51.178+0000] {logging_mixin.py:120} INFO - [2024-05-07T19:54:51.178+0000] {dagbag.py:537} INFO - Filling up the DagBag from /opt/airflow/dags/inside_group_dag.py
[2024-05-07T19:54:51.199+0000] {processor.py:766} INFO - DAG(s) dict_keys(['inside_group_dag']) retrieved from /opt/airflow/dags/inside_group_dag.py
[2024-05-07T19:54:51.232+0000] {logging_mixin.py:120} INFO - [2024-05-07T19:54:51.232+0000] {dag.py:2585} INFO - Sync 1 DAGs
[2024-05-07T19:54:51.254+0000] {logging_mixin.py:120} INFO - [2024-05-07T19:54:51.254+0000] {dag.py:3340} INFO - Setting next_dagrun for inside_group_dag to 2024-05-06T00:00:00+00:00, run_after=2024-05-07T00:00:00+00:00
[2024-05-07T19:54:51.271+0000] {processor.py:176} INFO - Processing /opt/airflow/dags/inside_group_dag.py took 0.115 seconds
[2024-05-07T19:55:21.812+0000] {processor.py:154} INFO - Started process (PID=2151) to work on /opt/airflow/dags/inside_group_dag.py
[2024-05-07T19:55:21.818+0000] {processor.py:756} INFO - Processing file /opt/airflow/dags/inside_group_dag.py for tasks to queue
[2024-05-07T19:55:21.821+0000] {logging_mixin.py:120} INFO - [2024-05-07T19:55:21.821+0000] {dagbag.py:537} INFO - Filling up the DagBag from /opt/airflow/dags/inside_group_dag.py
[2024-05-07T19:55:21.862+0000] {processor.py:766} INFO - DAG(s) dict_keys(['inside_group_dag']) retrieved from /opt/airflow/dags/inside_group_dag.py
[2024-05-07T19:55:21.951+0000] {logging_mixin.py:120} INFO - [2024-05-07T19:55:21.951+0000] {dag.py:2585} INFO - Sync 1 DAGs
[2024-05-07T19:55:21.969+0000] {logging_mixin.py:120} INFO - [2024-05-07T19:55:21.969+0000] {dag.py:3340} INFO - Setting next_dagrun for inside_group_dag to 2024-05-06T00:00:00+00:00, run_after=2024-05-07T00:00:00+00:00
[2024-05-07T19:55:21.982+0000] {processor.py:176} INFO - Processing /opt/airflow/dags/inside_group_dag.py took 0.184 seconds
[2024-05-07T19:55:52.670+0000] {processor.py:154} INFO - Started process (PID=2188) to work on /opt/airflow/dags/inside_group_dag.py
[2024-05-07T19:55:52.671+0000] {processor.py:756} INFO - Processing file /opt/airflow/dags/inside_group_dag.py for tasks to queue
[2024-05-07T19:55:52.672+0000] {logging_mixin.py:120} INFO - [2024-05-07T19:55:52.672+0000] {dagbag.py:537} INFO - Filling up the DagBag from /opt/airflow/dags/inside_group_dag.py
[2024-05-07T19:55:52.689+0000] {processor.py:766} INFO - DAG(s) dict_keys(['inside_group_dag']) retrieved from /opt/airflow/dags/inside_group_dag.py
[2024-05-07T19:55:52.728+0000] {logging_mixin.py:120} INFO - [2024-05-07T19:55:52.728+0000] {dag.py:2585} INFO - Sync 1 DAGs
[2024-05-07T19:55:52.746+0000] {logging_mixin.py:120} INFO - [2024-05-07T19:55:52.746+0000] {dag.py:3340} INFO - Setting next_dagrun for inside_group_dag to 2024-05-06T00:00:00+00:00, run_after=2024-05-07T00:00:00+00:00
[2024-05-07T19:55:52.757+0000] {processor.py:176} INFO - Processing /opt/airflow/dags/inside_group_dag.py took 0.090 seconds
[2024-05-07T19:56:23.808+0000] {processor.py:154} INFO - Started process (PID=2216) to work on /opt/airflow/dags/inside_group_dag.py
[2024-05-07T19:56:23.810+0000] {processor.py:756} INFO - Processing file /opt/airflow/dags/inside_group_dag.py for tasks to queue
[2024-05-07T19:56:23.814+0000] {logging_mixin.py:120} INFO - [2024-05-07T19:56:23.813+0000] {dagbag.py:537} INFO - Filling up the DagBag from /opt/airflow/dags/inside_group_dag.py
[2024-05-07T19:56:23.834+0000] {processor.py:766} INFO - DAG(s) dict_keys(['inside_group_dag']) retrieved from /opt/airflow/dags/inside_group_dag.py
[2024-05-07T19:56:23.892+0000] {logging_mixin.py:120} INFO - [2024-05-07T19:56:23.892+0000] {dag.py:2585} INFO - Sync 1 DAGs
[2024-05-07T19:56:23.919+0000] {logging_mixin.py:120} INFO - [2024-05-07T19:56:23.918+0000] {dag.py:3340} INFO - Setting next_dagrun for inside_group_dag to 2024-05-06T00:00:00+00:00, run_after=2024-05-07T00:00:00+00:00
[2024-05-07T19:56:23.939+0000] {processor.py:176} INFO - Processing /opt/airflow/dags/inside_group_dag.py took 0.136 seconds
[2024-05-07T19:56:54.008+0000] {processor.py:154} INFO - Started process (PID=2249) to work on /opt/airflow/dags/inside_group_dag.py
[2024-05-07T19:56:54.010+0000] {processor.py:756} INFO - Processing file /opt/airflow/dags/inside_group_dag.py for tasks to queue
[2024-05-07T19:56:54.010+0000] {logging_mixin.py:120} INFO - [2024-05-07T19:56:54.010+0000] {dagbag.py:537} INFO - Filling up the DagBag from /opt/airflow/dags/inside_group_dag.py
[2024-05-07T19:56:54.021+0000] {processor.py:766} INFO - DAG(s) dict_keys(['inside_group_dag']) retrieved from /opt/airflow/dags/inside_group_dag.py
[2024-05-07T19:56:54.042+0000] {logging_mixin.py:120} INFO - [2024-05-07T19:56:54.042+0000] {dag.py:2585} INFO - Sync 1 DAGs
[2024-05-07T19:56:54.054+0000] {logging_mixin.py:120} INFO - [2024-05-07T19:56:54.054+0000] {dag.py:3340} INFO - Setting next_dagrun for inside_group_dag to 2024-05-06T00:00:00+00:00, run_after=2024-05-07T00:00:00+00:00
[2024-05-07T19:56:54.063+0000] {processor.py:176} INFO - Processing /opt/airflow/dags/inside_group_dag.py took 0.058 seconds
[2024-05-07T19:57:24.179+0000] {processor.py:154} INFO - Started process (PID=2286) to work on /opt/airflow/dags/inside_group_dag.py
[2024-05-07T19:57:24.181+0000] {processor.py:756} INFO - Processing file /opt/airflow/dags/inside_group_dag.py for tasks to queue
[2024-05-07T19:57:24.182+0000] {logging_mixin.py:120} INFO - [2024-05-07T19:57:24.181+0000] {dagbag.py:537} INFO - Filling up the DagBag from /opt/airflow/dags/inside_group_dag.py
[2024-05-07T19:57:24.202+0000] {processor.py:766} INFO - DAG(s) dict_keys(['inside_group_dag']) retrieved from /opt/airflow/dags/inside_group_dag.py
[2024-05-07T19:57:24.252+0000] {logging_mixin.py:120} INFO - [2024-05-07T19:57:24.252+0000] {dag.py:2585} INFO - Sync 1 DAGs
[2024-05-07T19:57:24.270+0000] {logging_mixin.py:120} INFO - [2024-05-07T19:57:24.270+0000] {dag.py:3340} INFO - Setting next_dagrun for inside_group_dag to 2024-05-06T00:00:00+00:00, run_after=2024-05-07T00:00:00+00:00
[2024-05-07T19:57:24.314+0000] {processor.py:176} INFO - Processing /opt/airflow/dags/inside_group_dag.py took 0.138 seconds
[2024-05-07T19:57:54.410+0000] {processor.py:154} INFO - Started process (PID=2322) to work on /opt/airflow/dags/inside_group_dag.py
[2024-05-07T19:57:54.418+0000] {processor.py:756} INFO - Processing file /opt/airflow/dags/inside_group_dag.py for tasks to queue
[2024-05-07T19:57:54.419+0000] {logging_mixin.py:120} INFO - [2024-05-07T19:57:54.419+0000] {dagbag.py:537} INFO - Filling up the DagBag from /opt/airflow/dags/inside_group_dag.py
[2024-05-07T19:57:54.459+0000] {processor.py:766} INFO - DAG(s) dict_keys(['inside_group_dag']) retrieved from /opt/airflow/dags/inside_group_dag.py
[2024-05-07T19:57:54.510+0000] {logging_mixin.py:120} INFO - [2024-05-07T19:57:54.510+0000] {dag.py:2585} INFO - Sync 1 DAGs
[2024-05-07T19:57:54.529+0000] {logging_mixin.py:120} INFO - [2024-05-07T19:57:54.529+0000] {dag.py:3340} INFO - Setting next_dagrun for inside_group_dag to 2024-05-06T00:00:00+00:00, run_after=2024-05-07T00:00:00+00:00
[2024-05-07T19:57:54.540+0000] {processor.py:176} INFO - Processing /opt/airflow/dags/inside_group_dag.py took 0.136 seconds
[2024-05-07T19:58:25.069+0000] {processor.py:154} INFO - Started process (PID=2358) to work on /opt/airflow/dags/inside_group_dag.py
[2024-05-07T19:58:25.071+0000] {processor.py:756} INFO - Processing file /opt/airflow/dags/inside_group_dag.py for tasks to queue
[2024-05-07T19:58:25.072+0000] {logging_mixin.py:120} INFO - [2024-05-07T19:58:25.072+0000] {dagbag.py:537} INFO - Filling up the DagBag from /opt/airflow/dags/inside_group_dag.py
[2024-05-07T19:58:25.096+0000] {processor.py:766} INFO - DAG(s) dict_keys(['inside_group_dag']) retrieved from /opt/airflow/dags/inside_group_dag.py
[2024-05-07T19:58:25.138+0000] {logging_mixin.py:120} INFO - [2024-05-07T19:58:25.138+0000] {dag.py:2585} INFO - Sync 1 DAGs
[2024-05-07T19:58:25.154+0000] {logging_mixin.py:120} INFO - [2024-05-07T19:58:25.154+0000] {dag.py:3340} INFO - Setting next_dagrun for inside_group_dag to 2024-05-06T00:00:00+00:00, run_after=2024-05-07T00:00:00+00:00
[2024-05-07T19:58:25.165+0000] {processor.py:176} INFO - Processing /opt/airflow/dags/inside_group_dag.py took 0.100 seconds
[2024-05-07T19:58:55.357+0000] {processor.py:154} INFO - Started process (PID=2386) to work on /opt/airflow/dags/inside_group_dag.py
[2024-05-07T19:58:55.358+0000] {processor.py:756} INFO - Processing file /opt/airflow/dags/inside_group_dag.py for tasks to queue
[2024-05-07T19:58:55.359+0000] {logging_mixin.py:120} INFO - [2024-05-07T19:58:55.359+0000] {dagbag.py:537} INFO - Filling up the DagBag from /opt/airflow/dags/inside_group_dag.py
[2024-05-07T19:58:55.408+0000] {processor.py:766} INFO - DAG(s) dict_keys(['inside_group_dag']) retrieved from /opt/airflow/dags/inside_group_dag.py
[2024-05-07T19:58:55.446+0000] {logging_mixin.py:120} INFO - [2024-05-07T19:58:55.446+0000] {dag.py:2585} INFO - Sync 1 DAGs
[2024-05-07T19:58:55.464+0000] {logging_mixin.py:120} INFO - [2024-05-07T19:58:55.463+0000] {dag.py:3340} INFO - Setting next_dagrun for inside_group_dag to 2024-05-06T00:00:00+00:00, run_after=2024-05-07T00:00:00+00:00
[2024-05-07T19:58:55.481+0000] {processor.py:176} INFO - Processing /opt/airflow/dags/inside_group_dag.py took 0.131 seconds
[2024-05-07T19:59:26.291+0000] {processor.py:154} INFO - Started process (PID=2423) to work on /opt/airflow/dags/inside_group_dag.py
[2024-05-07T19:59:26.294+0000] {processor.py:756} INFO - Processing file /opt/airflow/dags/inside_group_dag.py for tasks to queue
[2024-05-07T19:59:26.296+0000] {logging_mixin.py:120} INFO - [2024-05-07T19:59:26.295+0000] {dagbag.py:537} INFO - Filling up the DagBag from /opt/airflow/dags/inside_group_dag.py
[2024-05-07T19:59:26.321+0000] {processor.py:766} INFO - DAG(s) dict_keys(['inside_group_dag']) retrieved from /opt/airflow/dags/inside_group_dag.py
[2024-05-07T19:59:26.355+0000] {logging_mixin.py:120} INFO - [2024-05-07T19:59:26.355+0000] {dag.py:2585} INFO - Sync 1 DAGs
[2024-05-07T19:59:26.373+0000] {logging_mixin.py:120} INFO - [2024-05-07T19:59:26.372+0000] {dag.py:3340} INFO - Setting next_dagrun for inside_group_dag to 2024-05-06T00:00:00+00:00, run_after=2024-05-07T00:00:00+00:00
[2024-05-07T19:59:26.385+0000] {processor.py:176} INFO - Processing /opt/airflow/dags/inside_group_dag.py took 0.105 seconds
[2024-05-07T19:59:56.948+0000] {processor.py:154} INFO - Started process (PID=2460) to work on /opt/airflow/dags/inside_group_dag.py
[2024-05-07T19:59:56.952+0000] {processor.py:756} INFO - Processing file /opt/airflow/dags/inside_group_dag.py for tasks to queue
[2024-05-07T19:59:56.953+0000] {logging_mixin.py:120} INFO - [2024-05-07T19:59:56.953+0000] {dagbag.py:537} INFO - Filling up the DagBag from /opt/airflow/dags/inside_group_dag.py
[2024-05-07T19:59:56.987+0000] {processor.py:766} INFO - DAG(s) dict_keys(['inside_group_dag']) retrieved from /opt/airflow/dags/inside_group_dag.py
[2024-05-07T19:59:57.017+0000] {logging_mixin.py:120} INFO - [2024-05-07T19:59:57.017+0000] {dag.py:2585} INFO - Sync 1 DAGs
[2024-05-07T19:59:57.033+0000] {logging_mixin.py:120} INFO - [2024-05-07T19:59:57.033+0000] {dag.py:3340} INFO - Setting next_dagrun for inside_group_dag to 2024-05-06T00:00:00+00:00, run_after=2024-05-07T00:00:00+00:00
[2024-05-07T19:59:57.044+0000] {processor.py:176} INFO - Processing /opt/airflow/dags/inside_group_dag.py took 0.107 seconds
[2024-05-07T20:00:27.474+0000] {processor.py:154} INFO - Started process (PID=2497) to work on /opt/airflow/dags/inside_group_dag.py
[2024-05-07T20:00:27.476+0000] {processor.py:756} INFO - Processing file /opt/airflow/dags/inside_group_dag.py for tasks to queue
[2024-05-07T20:00:27.477+0000] {logging_mixin.py:120} INFO - [2024-05-07T20:00:27.477+0000] {dagbag.py:537} INFO - Filling up the DagBag from /opt/airflow/dags/inside_group_dag.py
[2024-05-07T20:00:27.519+0000] {processor.py:766} INFO - DAG(s) dict_keys(['inside_group_dag']) retrieved from /opt/airflow/dags/inside_group_dag.py
[2024-05-07T20:00:27.560+0000] {logging_mixin.py:120} INFO - [2024-05-07T20:00:27.560+0000] {dag.py:2585} INFO - Sync 1 DAGs
[2024-05-07T20:00:27.580+0000] {logging_mixin.py:120} INFO - [2024-05-07T20:00:27.580+0000] {dag.py:3340} INFO - Setting next_dagrun for inside_group_dag to 2024-05-06T00:00:00+00:00, run_after=2024-05-07T00:00:00+00:00
[2024-05-07T20:00:27.604+0000] {processor.py:176} INFO - Processing /opt/airflow/dags/inside_group_dag.py took 0.135 seconds
[2024-05-07T20:00:58.323+0000] {processor.py:154} INFO - Started process (PID=2534) to work on /opt/airflow/dags/inside_group_dag.py
[2024-05-07T20:00:58.324+0000] {processor.py:756} INFO - Processing file /opt/airflow/dags/inside_group_dag.py for tasks to queue
[2024-05-07T20:00:58.325+0000] {logging_mixin.py:120} INFO - [2024-05-07T20:00:58.325+0000] {dagbag.py:537} INFO - Filling up the DagBag from /opt/airflow/dags/inside_group_dag.py
[2024-05-07T20:00:58.348+0000] {processor.py:766} INFO - DAG(s) dict_keys(['inside_group_dag']) retrieved from /opt/airflow/dags/inside_group_dag.py
[2024-05-07T20:00:58.393+0000] {logging_mixin.py:120} INFO - [2024-05-07T20:00:58.393+0000] {dag.py:2585} INFO - Sync 1 DAGs
[2024-05-07T20:00:58.412+0000] {logging_mixin.py:120} INFO - [2024-05-07T20:00:58.411+0000] {dag.py:3340} INFO - Setting next_dagrun for inside_group_dag to 2024-05-06T00:00:00+00:00, run_after=2024-05-07T00:00:00+00:00
[2024-05-07T20:00:58.422+0000] {processor.py:176} INFO - Processing /opt/airflow/dags/inside_group_dag.py took 0.103 seconds
[2024-05-07T20:01:29.322+0000] {processor.py:154} INFO - Started process (PID=2568) to work on /opt/airflow/dags/inside_group_dag.py
[2024-05-07T20:01:29.333+0000] {processor.py:756} INFO - Processing file /opt/airflow/dags/inside_group_dag.py for tasks to queue
[2024-05-07T20:01:29.356+0000] {logging_mixin.py:120} INFO - [2024-05-07T20:01:29.356+0000] {dagbag.py:537} INFO - Filling up the DagBag from /opt/airflow/dags/inside_group_dag.py
[2024-05-07T20:01:29.393+0000] {processor.py:766} INFO - DAG(s) dict_keys(['inside_group_dag']) retrieved from /opt/airflow/dags/inside_group_dag.py
[2024-05-07T20:01:29.467+0000] {logging_mixin.py:120} INFO - [2024-05-07T20:01:29.467+0000] {dag.py:2585} INFO - Sync 1 DAGs
[2024-05-07T20:01:29.510+0000] {logging_mixin.py:120} INFO - [2024-05-07T20:01:29.510+0000] {dag.py:3340} INFO - Setting next_dagrun for inside_group_dag to 2024-05-06T00:00:00+00:00, run_after=2024-05-07T00:00:00+00:00
[2024-05-07T20:01:29.525+0000] {processor.py:176} INFO - Processing /opt/airflow/dags/inside_group_dag.py took 0.213 seconds
