[2024-05-07T19:22:48.300+0000] {processor.py:154} INFO - Started process (PID=58) to work on /opt/airflow/dags/parallel_dag.py
[2024-05-07T19:22:48.303+0000] {processor.py:756} INFO - Processing file /opt/airflow/dags/parallel_dag.py for tasks to queue
[2024-05-07T19:22:48.309+0000] {logging_mixin.py:120} INFO - [2024-05-07T19:22:48.309+0000] {dagbag.py:537} INFO - Filling up the DagBag from /opt/airflow/dags/parallel_dag.py
[2024-05-07T19:22:48.434+0000] {processor.py:766} INFO - DAG(s) dict_keys(['parallel_dag']) retrieved from /opt/airflow/dags/parallel_dag.py
[2024-05-07T19:22:48.554+0000] {logging_mixin.py:120} INFO - [2024-05-07T19:22:48.554+0000] {dag.py:2585} INFO - Sync 1 DAGs
[2024-05-07T19:22:48.911+0000] {logging_mixin.py:120} INFO - [2024-05-07T19:22:48.910+0000] {dag.py:3340} INFO - Setting next_dagrun for parallel_dag to 2024-05-06T00:00:00+00:00, run_after=2024-05-07T00:00:00+00:00
[2024-05-07T19:22:48.998+0000] {processor.py:176} INFO - Processing /opt/airflow/dags/parallel_dag.py took 0.725 seconds
[2024-05-07T19:23:24.447+0000] {processor.py:154} INFO - Started process (PID=85) to work on /opt/airflow/dags/parallel_dag.py
[2024-05-07T19:23:24.448+0000] {processor.py:756} INFO - Processing file /opt/airflow/dags/parallel_dag.py for tasks to queue
[2024-05-07T19:23:24.449+0000] {logging_mixin.py:120} INFO - [2024-05-07T19:23:24.449+0000] {dagbag.py:537} INFO - Filling up the DagBag from /opt/airflow/dags/parallel_dag.py
[2024-05-07T19:23:24.473+0000] {processor.py:766} INFO - DAG(s) dict_keys(['parallel_dag']) retrieved from /opt/airflow/dags/parallel_dag.py
[2024-05-07T19:23:24.525+0000] {logging_mixin.py:120} INFO - [2024-05-07T19:23:24.525+0000] {dag.py:2585} INFO - Sync 1 DAGs
[2024-05-07T19:23:24.560+0000] {logging_mixin.py:120} INFO - [2024-05-07T19:23:24.559+0000] {dag.py:3340} INFO - Setting next_dagrun for parallel_dag to 2024-05-06T00:00:00+00:00, run_after=2024-05-07T00:00:00+00:00
[2024-05-07T19:23:24.578+0000] {processor.py:176} INFO - Processing /opt/airflow/dags/parallel_dag.py took 0.135 seconds
[2024-05-07T19:23:55.984+0000] {processor.py:154} INFO - Started process (PID=123) to work on /opt/airflow/dags/parallel_dag.py
[2024-05-07T19:23:55.986+0000] {processor.py:756} INFO - Processing file /opt/airflow/dags/parallel_dag.py for tasks to queue
[2024-05-07T19:23:55.987+0000] {logging_mixin.py:120} INFO - [2024-05-07T19:23:55.987+0000] {dagbag.py:537} INFO - Filling up the DagBag from /opt/airflow/dags/parallel_dag.py
[2024-05-07T19:23:56.025+0000] {processor.py:766} INFO - DAG(s) dict_keys(['parallel_dag']) retrieved from /opt/airflow/dags/parallel_dag.py
[2024-05-07T19:23:56.068+0000] {logging_mixin.py:120} INFO - [2024-05-07T19:23:56.068+0000] {dag.py:2585} INFO - Sync 1 DAGs
[2024-05-07T19:23:56.096+0000] {logging_mixin.py:120} INFO - [2024-05-07T19:23:56.096+0000] {dag.py:3340} INFO - Setting next_dagrun for parallel_dag to 2024-05-06T00:00:00+00:00, run_after=2024-05-07T00:00:00+00:00
[2024-05-07T19:23:56.109+0000] {processor.py:176} INFO - Processing /opt/airflow/dags/parallel_dag.py took 0.126 seconds
[2024-05-07T19:24:29.597+0000] {processor.py:154} INFO - Started process (PID=159) to work on /opt/airflow/dags/parallel_dag.py
[2024-05-07T19:24:29.598+0000] {processor.py:756} INFO - Processing file /opt/airflow/dags/parallel_dag.py for tasks to queue
[2024-05-07T19:24:29.600+0000] {logging_mixin.py:120} INFO - [2024-05-07T19:24:29.599+0000] {dagbag.py:537} INFO - Filling up the DagBag from /opt/airflow/dags/parallel_dag.py
[2024-05-07T19:24:29.665+0000] {processor.py:766} INFO - DAG(s) dict_keys(['parallel_dag']) retrieved from /opt/airflow/dags/parallel_dag.py
[2024-05-07T19:24:29.778+0000] {logging_mixin.py:120} INFO - [2024-05-07T19:24:29.778+0000] {dag.py:2585} INFO - Sync 1 DAGs
[2024-05-07T19:24:29.821+0000] {logging_mixin.py:120} INFO - [2024-05-07T19:24:29.821+0000] {dag.py:3340} INFO - Setting next_dagrun for parallel_dag to 2024-05-06T00:00:00+00:00, run_after=2024-05-07T00:00:00+00:00
[2024-05-07T19:24:29.835+0000] {processor.py:176} INFO - Processing /opt/airflow/dags/parallel_dag.py took 0.242 seconds
[2024-05-07T19:25:00.665+0000] {processor.py:154} INFO - Started process (PID=186) to work on /opt/airflow/dags/parallel_dag.py
[2024-05-07T19:25:00.667+0000] {processor.py:756} INFO - Processing file /opt/airflow/dags/parallel_dag.py for tasks to queue
[2024-05-07T19:25:00.669+0000] {logging_mixin.py:120} INFO - [2024-05-07T19:25:00.669+0000] {dagbag.py:537} INFO - Filling up the DagBag from /opt/airflow/dags/parallel_dag.py
[2024-05-07T19:25:00.683+0000] {processor.py:766} INFO - DAG(s) dict_keys(['parallel_dag']) retrieved from /opt/airflow/dags/parallel_dag.py
[2024-05-07T19:25:00.731+0000] {logging_mixin.py:120} INFO - [2024-05-07T19:25:00.731+0000] {dag.py:2585} INFO - Sync 1 DAGs
[2024-05-07T19:25:00.747+0000] {logging_mixin.py:120} INFO - [2024-05-07T19:25:00.747+0000] {dag.py:3340} INFO - Setting next_dagrun for parallel_dag to 2024-05-06T00:00:00+00:00, run_after=2024-05-07T00:00:00+00:00
[2024-05-07T19:25:00.757+0000] {processor.py:176} INFO - Processing /opt/airflow/dags/parallel_dag.py took 0.096 seconds
[2024-05-07T19:25:32.014+0000] {processor.py:154} INFO - Started process (PID=223) to work on /opt/airflow/dags/parallel_dag.py
[2024-05-07T19:25:32.015+0000] {processor.py:756} INFO - Processing file /opt/airflow/dags/parallel_dag.py for tasks to queue
[2024-05-07T19:25:32.015+0000] {logging_mixin.py:120} INFO - [2024-05-07T19:25:32.015+0000] {dagbag.py:537} INFO - Filling up the DagBag from /opt/airflow/dags/parallel_dag.py
[2024-05-07T19:25:32.026+0000] {processor.py:766} INFO - DAG(s) dict_keys(['parallel_dag']) retrieved from /opt/airflow/dags/parallel_dag.py
[2024-05-07T19:25:32.049+0000] {logging_mixin.py:120} INFO - [2024-05-07T19:25:32.048+0000] {dag.py:2585} INFO - Sync 1 DAGs
[2024-05-07T19:25:32.065+0000] {logging_mixin.py:120} INFO - [2024-05-07T19:25:32.065+0000] {dag.py:3340} INFO - Setting next_dagrun for parallel_dag to 2024-05-06T00:00:00+00:00, run_after=2024-05-07T00:00:00+00:00
[2024-05-07T19:25:32.074+0000] {processor.py:176} INFO - Processing /opt/airflow/dags/parallel_dag.py took 0.062 seconds
[2024-05-07T19:26:03.470+0000] {processor.py:154} INFO - Started process (PID=260) to work on /opt/airflow/dags/parallel_dag.py
[2024-05-07T19:26:03.472+0000] {processor.py:756} INFO - Processing file /opt/airflow/dags/parallel_dag.py for tasks to queue
[2024-05-07T19:26:03.473+0000] {logging_mixin.py:120} INFO - [2024-05-07T19:26:03.472+0000] {dagbag.py:537} INFO - Filling up the DagBag from /opt/airflow/dags/parallel_dag.py
[2024-05-07T19:26:03.485+0000] {processor.py:766} INFO - DAG(s) dict_keys(['parallel_dag']) retrieved from /opt/airflow/dags/parallel_dag.py
[2024-05-07T19:26:03.510+0000] {logging_mixin.py:120} INFO - [2024-05-07T19:26:03.510+0000] {dag.py:2585} INFO - Sync 1 DAGs
[2024-05-07T19:26:03.526+0000] {logging_mixin.py:120} INFO - [2024-05-07T19:26:03.526+0000] {dag.py:3340} INFO - Setting next_dagrun for parallel_dag to 2024-05-06T00:00:00+00:00, run_after=2024-05-07T00:00:00+00:00
[2024-05-07T19:26:03.542+0000] {processor.py:176} INFO - Processing /opt/airflow/dags/parallel_dag.py took 0.074 seconds
[2024-05-07T19:26:34.163+0000] {processor.py:154} INFO - Started process (PID=297) to work on /opt/airflow/dags/parallel_dag.py
[2024-05-07T19:26:34.164+0000] {processor.py:756} INFO - Processing file /opt/airflow/dags/parallel_dag.py for tasks to queue
[2024-05-07T19:26:34.165+0000] {logging_mixin.py:120} INFO - [2024-05-07T19:26:34.165+0000] {dagbag.py:537} INFO - Filling up the DagBag from /opt/airflow/dags/parallel_dag.py
[2024-05-07T19:26:34.185+0000] {processor.py:766} INFO - DAG(s) dict_keys(['parallel_dag']) retrieved from /opt/airflow/dags/parallel_dag.py
[2024-05-07T19:26:34.258+0000] {logging_mixin.py:120} INFO - [2024-05-07T19:26:34.257+0000] {dag.py:2585} INFO - Sync 1 DAGs
[2024-05-07T19:26:34.298+0000] {logging_mixin.py:120} INFO - [2024-05-07T19:26:34.298+0000] {dag.py:3340} INFO - Setting next_dagrun for parallel_dag to 2024-05-06T00:00:00+00:00, run_after=2024-05-07T00:00:00+00:00
[2024-05-07T19:26:34.317+0000] {processor.py:176} INFO - Processing /opt/airflow/dags/parallel_dag.py took 0.159 seconds
[2024-05-07T19:27:04.670+0000] {processor.py:154} INFO - Started process (PID=331) to work on /opt/airflow/dags/parallel_dag.py
[2024-05-07T19:27:04.671+0000] {processor.py:756} INFO - Processing file /opt/airflow/dags/parallel_dag.py for tasks to queue
[2024-05-07T19:27:04.672+0000] {logging_mixin.py:120} INFO - [2024-05-07T19:27:04.672+0000] {dagbag.py:537} INFO - Filling up the DagBag from /opt/airflow/dags/parallel_dag.py
[2024-05-07T19:27:04.688+0000] {processor.py:766} INFO - DAG(s) dict_keys(['parallel_dag']) retrieved from /opt/airflow/dags/parallel_dag.py
[2024-05-07T19:27:04.739+0000] {logging_mixin.py:120} INFO - [2024-05-07T19:27:04.739+0000] {dag.py:2585} INFO - Sync 1 DAGs
[2024-05-07T19:27:04.763+0000] {logging_mixin.py:120} INFO - [2024-05-07T19:27:04.763+0000] {dag.py:3340} INFO - Setting next_dagrun for parallel_dag to 2024-05-06T00:00:00+00:00, run_after=2024-05-07T00:00:00+00:00
[2024-05-07T19:27:04.781+0000] {processor.py:176} INFO - Processing /opt/airflow/dags/parallel_dag.py took 0.115 seconds
[2024-05-07T19:27:35.372+0000] {processor.py:154} INFO - Started process (PID=357) to work on /opt/airflow/dags/parallel_dag.py
[2024-05-07T19:27:35.375+0000] {processor.py:756} INFO - Processing file /opt/airflow/dags/parallel_dag.py for tasks to queue
[2024-05-07T19:27:35.375+0000] {logging_mixin.py:120} INFO - [2024-05-07T19:27:35.375+0000] {dagbag.py:537} INFO - Filling up the DagBag from /opt/airflow/dags/parallel_dag.py
[2024-05-07T19:27:35.386+0000] {processor.py:766} INFO - DAG(s) dict_keys(['parallel_dag']) retrieved from /opt/airflow/dags/parallel_dag.py
[2024-05-07T19:27:35.413+0000] {logging_mixin.py:120} INFO - [2024-05-07T19:27:35.413+0000] {dag.py:2585} INFO - Sync 1 DAGs
[2024-05-07T19:27:35.435+0000] {logging_mixin.py:120} INFO - [2024-05-07T19:27:35.435+0000] {dag.py:3340} INFO - Setting next_dagrun for parallel_dag to 2024-05-06T00:00:00+00:00, run_after=2024-05-07T00:00:00+00:00
[2024-05-07T19:27:35.450+0000] {processor.py:176} INFO - Processing /opt/airflow/dags/parallel_dag.py took 0.082 seconds
[2024-05-07T19:28:07.649+0000] {processor.py:154} INFO - Started process (PID=393) to work on /opt/airflow/dags/parallel_dag.py
[2024-05-07T19:28:07.651+0000] {processor.py:756} INFO - Processing file /opt/airflow/dags/parallel_dag.py for tasks to queue
[2024-05-07T19:28:07.655+0000] {logging_mixin.py:120} INFO - [2024-05-07T19:28:07.655+0000] {dagbag.py:537} INFO - Filling up the DagBag from /opt/airflow/dags/parallel_dag.py
[2024-05-07T19:28:07.687+0000] {processor.py:766} INFO - DAG(s) dict_keys(['parallel_dag']) retrieved from /opt/airflow/dags/parallel_dag.py
[2024-05-07T19:28:07.767+0000] {logging_mixin.py:120} INFO - [2024-05-07T19:28:07.767+0000] {dag.py:2585} INFO - Sync 1 DAGs
[2024-05-07T19:28:07.794+0000] {logging_mixin.py:120} INFO - [2024-05-07T19:28:07.794+0000] {dag.py:3340} INFO - Setting next_dagrun for parallel_dag to 2024-05-06T00:00:00+00:00, run_after=2024-05-07T00:00:00+00:00
[2024-05-07T19:28:07.815+0000] {processor.py:176} INFO - Processing /opt/airflow/dags/parallel_dag.py took 0.176 seconds
[2024-05-07T19:28:37.928+0000] {processor.py:154} INFO - Started process (PID=428) to work on /opt/airflow/dags/parallel_dag.py
[2024-05-07T19:28:37.930+0000] {processor.py:756} INFO - Processing file /opt/airflow/dags/parallel_dag.py for tasks to queue
[2024-05-07T19:28:37.931+0000] {logging_mixin.py:120} INFO - [2024-05-07T19:28:37.930+0000] {dagbag.py:537} INFO - Filling up the DagBag from /opt/airflow/dags/parallel_dag.py
[2024-05-07T19:28:37.950+0000] {processor.py:766} INFO - DAG(s) dict_keys(['parallel_dag']) retrieved from /opt/airflow/dags/parallel_dag.py
[2024-05-07T19:28:37.996+0000] {logging_mixin.py:120} INFO - [2024-05-07T19:28:37.996+0000] {dag.py:2585} INFO - Sync 1 DAGs
[2024-05-07T19:28:38.031+0000] {logging_mixin.py:120} INFO - [2024-05-07T19:28:38.031+0000] {dag.py:3340} INFO - Setting next_dagrun for parallel_dag to 2024-05-06T00:00:00+00:00, run_after=2024-05-07T00:00:00+00:00
[2024-05-07T19:28:38.044+0000] {processor.py:176} INFO - Processing /opt/airflow/dags/parallel_dag.py took 0.119 seconds
[2024-05-07T19:29:08.235+0000] {processor.py:154} INFO - Started process (PID=454) to work on /opt/airflow/dags/parallel_dag.py
[2024-05-07T19:29:08.236+0000] {processor.py:756} INFO - Processing file /opt/airflow/dags/parallel_dag.py for tasks to queue
[2024-05-07T19:29:08.236+0000] {logging_mixin.py:120} INFO - [2024-05-07T19:29:08.236+0000] {dagbag.py:537} INFO - Filling up the DagBag from /opt/airflow/dags/parallel_dag.py
[2024-05-07T19:29:08.246+0000] {processor.py:766} INFO - DAG(s) dict_keys(['parallel_dag']) retrieved from /opt/airflow/dags/parallel_dag.py
[2024-05-07T19:29:08.266+0000] {logging_mixin.py:120} INFO - [2024-05-07T19:29:08.266+0000] {dag.py:2585} INFO - Sync 1 DAGs
[2024-05-07T19:29:08.278+0000] {logging_mixin.py:120} INFO - [2024-05-07T19:29:08.278+0000] {dag.py:3340} INFO - Setting next_dagrun for parallel_dag to 2024-05-06T00:00:00+00:00, run_after=2024-05-07T00:00:00+00:00
[2024-05-07T19:29:08.290+0000] {processor.py:176} INFO - Processing /opt/airflow/dags/parallel_dag.py took 0.057 seconds
[2024-05-07T19:29:39.047+0000] {processor.py:154} INFO - Started process (PID=491) to work on /opt/airflow/dags/parallel_dag.py
[2024-05-07T19:29:39.049+0000] {processor.py:756} INFO - Processing file /opt/airflow/dags/parallel_dag.py for tasks to queue
[2024-05-07T19:29:39.050+0000] {logging_mixin.py:120} INFO - [2024-05-07T19:29:39.049+0000] {dagbag.py:537} INFO - Filling up the DagBag from /opt/airflow/dags/parallel_dag.py
[2024-05-07T19:29:39.064+0000] {processor.py:766} INFO - DAG(s) dict_keys(['parallel_dag']) retrieved from /opt/airflow/dags/parallel_dag.py
[2024-05-07T19:29:39.089+0000] {logging_mixin.py:120} INFO - [2024-05-07T19:29:39.088+0000] {dag.py:2585} INFO - Sync 1 DAGs
[2024-05-07T19:29:39.104+0000] {logging_mixin.py:120} INFO - [2024-05-07T19:29:39.103+0000] {dag.py:3340} INFO - Setting next_dagrun for parallel_dag to 2024-05-06T00:00:00+00:00, run_after=2024-05-07T00:00:00+00:00
[2024-05-07T19:29:39.113+0000] {processor.py:176} INFO - Processing /opt/airflow/dags/parallel_dag.py took 0.069 seconds
[2024-05-07T19:30:10.307+0000] {processor.py:154} INFO - Started process (PID=528) to work on /opt/airflow/dags/parallel_dag.py
[2024-05-07T19:30:10.309+0000] {processor.py:756} INFO - Processing file /opt/airflow/dags/parallel_dag.py for tasks to queue
[2024-05-07T19:30:10.310+0000] {logging_mixin.py:120} INFO - [2024-05-07T19:30:10.310+0000] {dagbag.py:537} INFO - Filling up the DagBag from /opt/airflow/dags/parallel_dag.py
[2024-05-07T19:30:10.335+0000] {processor.py:766} INFO - DAG(s) dict_keys(['parallel_dag']) retrieved from /opt/airflow/dags/parallel_dag.py
[2024-05-07T19:30:10.393+0000] {logging_mixin.py:120} INFO - [2024-05-07T19:30:10.393+0000] {dag.py:2585} INFO - Sync 1 DAGs
[2024-05-07T19:30:10.431+0000] {logging_mixin.py:120} INFO - [2024-05-07T19:30:10.431+0000] {dag.py:3340} INFO - Setting next_dagrun for parallel_dag to 2024-05-06T00:00:00+00:00, run_after=2024-05-07T00:00:00+00:00
[2024-05-07T19:30:10.443+0000] {processor.py:176} INFO - Processing /opt/airflow/dags/parallel_dag.py took 0.141 seconds
[2024-05-07T19:30:41.388+0000] {processor.py:154} INFO - Started process (PID=565) to work on /opt/airflow/dags/parallel_dag.py
[2024-05-07T19:30:41.390+0000] {processor.py:756} INFO - Processing file /opt/airflow/dags/parallel_dag.py for tasks to queue
[2024-05-07T19:30:41.391+0000] {logging_mixin.py:120} INFO - [2024-05-07T19:30:41.391+0000] {dagbag.py:537} INFO - Filling up the DagBag from /opt/airflow/dags/parallel_dag.py
[2024-05-07T19:30:41.405+0000] {processor.py:766} INFO - DAG(s) dict_keys(['parallel_dag']) retrieved from /opt/airflow/dags/parallel_dag.py
[2024-05-07T19:30:41.433+0000] {logging_mixin.py:120} INFO - [2024-05-07T19:30:41.433+0000] {dag.py:2585} INFO - Sync 1 DAGs
[2024-05-07T19:30:41.447+0000] {logging_mixin.py:120} INFO - [2024-05-07T19:30:41.447+0000] {dag.py:3340} INFO - Setting next_dagrun for parallel_dag to 2024-05-06T00:00:00+00:00, run_after=2024-05-07T00:00:00+00:00
[2024-05-07T19:30:41.456+0000] {processor.py:176} INFO - Processing /opt/airflow/dags/parallel_dag.py took 0.082 seconds
[2024-05-07T19:31:15.265+0000] {processor.py:154} INFO - Started process (PID=604) to work on /opt/airflow/dags/parallel_dag.py
[2024-05-07T19:31:15.266+0000] {processor.py:756} INFO - Processing file /opt/airflow/dags/parallel_dag.py for tasks to queue
[2024-05-07T19:31:15.267+0000] {logging_mixin.py:120} INFO - [2024-05-07T19:31:15.267+0000] {dagbag.py:537} INFO - Filling up the DagBag from /opt/airflow/dags/parallel_dag.py
[2024-05-07T19:31:15.331+0000] {processor.py:766} INFO - DAG(s) dict_keys(['parallel_dag']) retrieved from /opt/airflow/dags/parallel_dag.py
[2024-05-07T19:31:15.471+0000] {logging_mixin.py:120} INFO - [2024-05-07T19:31:15.469+0000] {dag.py:2585} INFO - Sync 1 DAGs
[2024-05-07T19:31:15.553+0000] {logging_mixin.py:120} INFO - [2024-05-07T19:31:15.553+0000] {dag.py:3340} INFO - Setting next_dagrun for parallel_dag to 2024-05-06T00:00:00+00:00, run_after=2024-05-07T00:00:00+00:00
[2024-05-07T19:31:15.590+0000] {processor.py:176} INFO - Processing /opt/airflow/dags/parallel_dag.py took 0.329 seconds
[2024-05-07T19:31:46.125+0000] {processor.py:154} INFO - Started process (PID=630) to work on /opt/airflow/dags/parallel_dag.py
[2024-05-07T19:31:46.129+0000] {processor.py:756} INFO - Processing file /opt/airflow/dags/parallel_dag.py for tasks to queue
[2024-05-07T19:31:46.132+0000] {logging_mixin.py:120} INFO - [2024-05-07T19:31:46.131+0000] {dagbag.py:537} INFO - Filling up the DagBag from /opt/airflow/dags/parallel_dag.py
[2024-05-07T19:31:46.152+0000] {processor.py:766} INFO - DAG(s) dict_keys(['parallel_dag']) retrieved from /opt/airflow/dags/parallel_dag.py
[2024-05-07T19:31:46.205+0000] {logging_mixin.py:120} INFO - [2024-05-07T19:31:46.205+0000] {dag.py:2585} INFO - Sync 1 DAGs
[2024-05-07T19:31:46.223+0000] {logging_mixin.py:120} INFO - [2024-05-07T19:31:46.223+0000] {dag.py:3340} INFO - Setting next_dagrun for parallel_dag to 2024-05-06T00:00:00+00:00, run_after=2024-05-07T00:00:00+00:00
[2024-05-07T19:31:46.235+0000] {processor.py:176} INFO - Processing /opt/airflow/dags/parallel_dag.py took 0.114 seconds
[2024-05-07T19:32:16.275+0000] {processor.py:154} INFO - Started process (PID=657) to work on /opt/airflow/dags/parallel_dag.py
[2024-05-07T19:32:16.275+0000] {processor.py:756} INFO - Processing file /opt/airflow/dags/parallel_dag.py for tasks to queue
[2024-05-07T19:32:16.276+0000] {logging_mixin.py:120} INFO - [2024-05-07T19:32:16.276+0000] {dagbag.py:537} INFO - Filling up the DagBag from /opt/airflow/dags/parallel_dag.py
[2024-05-07T19:32:16.290+0000] {processor.py:766} INFO - DAG(s) dict_keys(['parallel_dag']) retrieved from /opt/airflow/dags/parallel_dag.py
[2024-05-07T19:32:16.319+0000] {logging_mixin.py:120} INFO - [2024-05-07T19:32:16.319+0000] {dag.py:2585} INFO - Sync 1 DAGs
[2024-05-07T19:32:16.332+0000] {logging_mixin.py:120} INFO - [2024-05-07T19:32:16.332+0000] {dag.py:3340} INFO - Setting next_dagrun for parallel_dag to 2024-05-06T00:00:00+00:00, run_after=2024-05-07T00:00:00+00:00
[2024-05-07T19:32:16.343+0000] {processor.py:176} INFO - Processing /opt/airflow/dags/parallel_dag.py took 0.070 seconds
[2024-05-07T19:32:47.098+0000] {processor.py:154} INFO - Started process (PID=694) to work on /opt/airflow/dags/parallel_dag.py
[2024-05-07T19:32:47.102+0000] {processor.py:756} INFO - Processing file /opt/airflow/dags/parallel_dag.py for tasks to queue
[2024-05-07T19:32:47.104+0000] {logging_mixin.py:120} INFO - [2024-05-07T19:32:47.103+0000] {dagbag.py:537} INFO - Filling up the DagBag from /opt/airflow/dags/parallel_dag.py
[2024-05-07T19:32:47.152+0000] {processor.py:766} INFO - DAG(s) dict_keys(['parallel_dag']) retrieved from /opt/airflow/dags/parallel_dag.py
[2024-05-07T19:32:47.213+0000] {logging_mixin.py:120} INFO - [2024-05-07T19:32:47.212+0000] {dag.py:2585} INFO - Sync 1 DAGs
[2024-05-07T19:32:47.232+0000] {logging_mixin.py:120} INFO - [2024-05-07T19:32:47.232+0000] {dag.py:3340} INFO - Setting next_dagrun for parallel_dag to 2024-05-06T00:00:00+00:00, run_after=2024-05-07T00:00:00+00:00
[2024-05-07T19:32:47.244+0000] {processor.py:176} INFO - Processing /opt/airflow/dags/parallel_dag.py took 0.153 seconds
[2024-05-07T19:33:17.806+0000] {processor.py:154} INFO - Started process (PID=731) to work on /opt/airflow/dags/parallel_dag.py
[2024-05-07T19:33:17.807+0000] {processor.py:756} INFO - Processing file /opt/airflow/dags/parallel_dag.py for tasks to queue
[2024-05-07T19:33:17.808+0000] {logging_mixin.py:120} INFO - [2024-05-07T19:33:17.808+0000] {dagbag.py:537} INFO - Filling up the DagBag from /opt/airflow/dags/parallel_dag.py
[2024-05-07T19:33:17.840+0000] {processor.py:766} INFO - DAG(s) dict_keys(['parallel_dag']) retrieved from /opt/airflow/dags/parallel_dag.py
[2024-05-07T19:33:17.930+0000] {logging_mixin.py:120} INFO - [2024-05-07T19:33:17.929+0000] {dag.py:2585} INFO - Sync 1 DAGs
[2024-05-07T19:33:17.955+0000] {logging_mixin.py:120} INFO - [2024-05-07T19:33:17.955+0000] {dag.py:3340} INFO - Setting next_dagrun for parallel_dag to 2024-05-06T00:00:00+00:00, run_after=2024-05-07T00:00:00+00:00
[2024-05-07T19:33:17.989+0000] {processor.py:176} INFO - Processing /opt/airflow/dags/parallel_dag.py took 0.186 seconds
[2024-05-07T19:33:48.071+0000] {processor.py:154} INFO - Started process (PID=758) to work on /opt/airflow/dags/parallel_dag.py
[2024-05-07T19:33:48.072+0000] {processor.py:756} INFO - Processing file /opt/airflow/dags/parallel_dag.py for tasks to queue
[2024-05-07T19:33:48.072+0000] {logging_mixin.py:120} INFO - [2024-05-07T19:33:48.072+0000] {dagbag.py:537} INFO - Filling up the DagBag from /opt/airflow/dags/parallel_dag.py
[2024-05-07T19:33:48.084+0000] {processor.py:766} INFO - DAG(s) dict_keys(['parallel_dag']) retrieved from /opt/airflow/dags/parallel_dag.py
[2024-05-07T19:33:48.115+0000] {logging_mixin.py:120} INFO - [2024-05-07T19:33:48.115+0000] {dag.py:2585} INFO - Sync 1 DAGs
[2024-05-07T19:33:48.129+0000] {logging_mixin.py:120} INFO - [2024-05-07T19:33:48.129+0000] {dag.py:3340} INFO - Setting next_dagrun for parallel_dag to 2024-05-06T00:00:00+00:00, run_after=2024-05-07T00:00:00+00:00
[2024-05-07T19:33:48.139+0000] {processor.py:176} INFO - Processing /opt/airflow/dags/parallel_dag.py took 0.070 seconds
[2024-05-07T19:34:18.902+0000] {processor.py:154} INFO - Started process (PID=792) to work on /opt/airflow/dags/parallel_dag.py
[2024-05-07T19:34:18.903+0000] {processor.py:756} INFO - Processing file /opt/airflow/dags/parallel_dag.py for tasks to queue
[2024-05-07T19:34:18.904+0000] {logging_mixin.py:120} INFO - [2024-05-07T19:34:18.904+0000] {dagbag.py:537} INFO - Filling up the DagBag from /opt/airflow/dags/parallel_dag.py
[2024-05-07T19:34:18.936+0000] {processor.py:766} INFO - DAG(s) dict_keys(['parallel_dag']) retrieved from /opt/airflow/dags/parallel_dag.py
[2024-05-07T19:34:18.966+0000] {logging_mixin.py:120} INFO - [2024-05-07T19:34:18.966+0000] {dag.py:2585} INFO - Sync 1 DAGs
[2024-05-07T19:34:19.006+0000] {logging_mixin.py:120} INFO - [2024-05-07T19:34:19.005+0000] {dag.py:3340} INFO - Setting next_dagrun for parallel_dag to 2024-05-06T00:00:00+00:00, run_after=2024-05-07T00:00:00+00:00
[2024-05-07T19:34:19.037+0000] {processor.py:176} INFO - Processing /opt/airflow/dags/parallel_dag.py took 0.137 seconds
[2024-05-07T19:34:49.976+0000] {processor.py:154} INFO - Started process (PID=820) to work on /opt/airflow/dags/parallel_dag.py
[2024-05-07T19:34:49.978+0000] {processor.py:756} INFO - Processing file /opt/airflow/dags/parallel_dag.py for tasks to queue
[2024-05-07T19:34:49.978+0000] {logging_mixin.py:120} INFO - [2024-05-07T19:34:49.978+0000] {dagbag.py:537} INFO - Filling up the DagBag from /opt/airflow/dags/parallel_dag.py
[2024-05-07T19:34:49.992+0000] {processor.py:766} INFO - DAG(s) dict_keys(['parallel_dag']) retrieved from /opt/airflow/dags/parallel_dag.py
[2024-05-07T19:34:50.016+0000] {logging_mixin.py:120} INFO - [2024-05-07T19:34:50.016+0000] {dag.py:2585} INFO - Sync 1 DAGs
[2024-05-07T19:34:50.031+0000] {logging_mixin.py:120} INFO - [2024-05-07T19:34:50.031+0000] {dag.py:3340} INFO - Setting next_dagrun for parallel_dag to 2024-05-06T00:00:00+00:00, run_after=2024-05-07T00:00:00+00:00
[2024-05-07T19:34:50.046+0000] {processor.py:176} INFO - Processing /opt/airflow/dags/parallel_dag.py took 0.072 seconds
[2024-05-07T19:35:22.525+0000] {processor.py:154} INFO - Started process (PID=856) to work on /opt/airflow/dags/parallel_dag.py
[2024-05-07T19:35:22.531+0000] {processor.py:756} INFO - Processing file /opt/airflow/dags/parallel_dag.py for tasks to queue
[2024-05-07T19:35:22.534+0000] {logging_mixin.py:120} INFO - [2024-05-07T19:35:22.534+0000] {dagbag.py:537} INFO - Filling up the DagBag from /opt/airflow/dags/parallel_dag.py
[2024-05-07T19:35:22.594+0000] {processor.py:766} INFO - DAG(s) dict_keys(['parallel_dag']) retrieved from /opt/airflow/dags/parallel_dag.py
[2024-05-07T19:35:22.689+0000] {logging_mixin.py:120} INFO - [2024-05-07T19:35:22.689+0000] {dag.py:2585} INFO - Sync 1 DAGs
[2024-05-07T19:35:22.730+0000] {logging_mixin.py:120} INFO - [2024-05-07T19:35:22.730+0000] {dag.py:3340} INFO - Setting next_dagrun for parallel_dag to 2024-05-06T00:00:00+00:00, run_after=2024-05-07T00:00:00+00:00
[2024-05-07T19:35:22.752+0000] {processor.py:176} INFO - Processing /opt/airflow/dags/parallel_dag.py took 0.251 seconds
[2024-05-07T19:35:53.174+0000] {processor.py:154} INFO - Started process (PID=892) to work on /opt/airflow/dags/parallel_dag.py
[2024-05-07T19:35:53.180+0000] {processor.py:756} INFO - Processing file /opt/airflow/dags/parallel_dag.py for tasks to queue
[2024-05-07T19:35:53.181+0000] {logging_mixin.py:120} INFO - [2024-05-07T19:35:53.181+0000] {dagbag.py:537} INFO - Filling up the DagBag from /opt/airflow/dags/parallel_dag.py
[2024-05-07T19:35:53.244+0000] {processor.py:766} INFO - DAG(s) dict_keys(['parallel_dag']) retrieved from /opt/airflow/dags/parallel_dag.py
[2024-05-07T19:35:53.352+0000] {logging_mixin.py:120} INFO - [2024-05-07T19:35:53.352+0000] {dag.py:2585} INFO - Sync 1 DAGs
[2024-05-07T19:35:53.403+0000] {logging_mixin.py:120} INFO - [2024-05-07T19:35:53.403+0000] {dag.py:3340} INFO - Setting next_dagrun for parallel_dag to 2024-05-06T00:00:00+00:00, run_after=2024-05-07T00:00:00+00:00
[2024-05-07T19:35:53.474+0000] {processor.py:176} INFO - Processing /opt/airflow/dags/parallel_dag.py took 0.315 seconds
[2024-05-07T19:36:24.327+0000] {processor.py:154} INFO - Started process (PID=920) to work on /opt/airflow/dags/parallel_dag.py
[2024-05-07T19:36:24.338+0000] {processor.py:756} INFO - Processing file /opt/airflow/dags/parallel_dag.py for tasks to queue
[2024-05-07T19:36:24.343+0000] {logging_mixin.py:120} INFO - [2024-05-07T19:36:24.342+0000] {dagbag.py:537} INFO - Filling up the DagBag from /opt/airflow/dags/parallel_dag.py
[2024-05-07T19:36:24.431+0000] {processor.py:766} INFO - DAG(s) dict_keys(['parallel_dag']) retrieved from /opt/airflow/dags/parallel_dag.py
[2024-05-07T19:36:24.569+0000] {logging_mixin.py:120} INFO - [2024-05-07T19:36:24.569+0000] {dag.py:2585} INFO - Sync 1 DAGs
[2024-05-07T19:36:24.626+0000] {logging_mixin.py:120} INFO - [2024-05-07T19:36:24.626+0000] {dag.py:3340} INFO - Setting next_dagrun for parallel_dag to 2024-05-06T00:00:00+00:00, run_after=2024-05-07T00:00:00+00:00
[2024-05-07T19:36:24.653+0000] {processor.py:176} INFO - Processing /opt/airflow/dags/parallel_dag.py took 0.336 seconds
[2024-05-07T19:36:57.558+0000] {processor.py:154} INFO - Started process (PID=954) to work on /opt/airflow/dags/parallel_dag.py
[2024-05-07T19:36:57.564+0000] {processor.py:756} INFO - Processing file /opt/airflow/dags/parallel_dag.py for tasks to queue
[2024-05-07T19:36:57.576+0000] {logging_mixin.py:120} INFO - [2024-05-07T19:36:57.575+0000] {dagbag.py:537} INFO - Filling up the DagBag from /opt/airflow/dags/parallel_dag.py
[2024-05-07T19:36:57.888+0000] {processor.py:766} INFO - DAG(s) dict_keys(['parallel_dag']) retrieved from /opt/airflow/dags/parallel_dag.py
[2024-05-07T19:36:58.101+0000] {logging_mixin.py:120} INFO - [2024-05-07T19:36:58.101+0000] {dag.py:2585} INFO - Sync 1 DAGs
[2024-05-07T19:36:58.186+0000] {logging_mixin.py:120} INFO - [2024-05-07T19:36:58.186+0000] {dag.py:3340} INFO - Setting next_dagrun for parallel_dag to 2024-05-06T00:00:00+00:00, run_after=2024-05-07T00:00:00+00:00
[2024-05-07T19:36:58.235+0000] {processor.py:176} INFO - Processing /opt/airflow/dags/parallel_dag.py took 0.673 seconds
[2024-05-07T19:37:28.630+0000] {processor.py:154} INFO - Started process (PID=982) to work on /opt/airflow/dags/parallel_dag.py
[2024-05-07T19:37:28.633+0000] {processor.py:756} INFO - Processing file /opt/airflow/dags/parallel_dag.py for tasks to queue
[2024-05-07T19:37:28.640+0000] {logging_mixin.py:120} INFO - [2024-05-07T19:37:28.636+0000] {dagbag.py:537} INFO - Filling up the DagBag from /opt/airflow/dags/parallel_dag.py
[2024-05-07T19:37:28.685+0000] {processor.py:766} INFO - DAG(s) dict_keys(['parallel_dag']) retrieved from /opt/airflow/dags/parallel_dag.py
[2024-05-07T19:37:28.861+0000] {logging_mixin.py:120} INFO - [2024-05-07T19:37:28.860+0000] {dag.py:2585} INFO - Sync 1 DAGs
[2024-05-07T19:37:28.934+0000] {logging_mixin.py:120} INFO - [2024-05-07T19:37:28.933+0000] {dag.py:3340} INFO - Setting next_dagrun for parallel_dag to 2024-05-06T00:00:00+00:00, run_after=2024-05-07T00:00:00+00:00
[2024-05-07T19:37:29.033+0000] {processor.py:176} INFO - Processing /opt/airflow/dags/parallel_dag.py took 0.407 seconds
[2024-05-07T19:37:59.509+0000] {processor.py:154} INFO - Started process (PID=1009) to work on /opt/airflow/dags/parallel_dag.py
[2024-05-07T19:37:59.510+0000] {processor.py:756} INFO - Processing file /opt/airflow/dags/parallel_dag.py for tasks to queue
[2024-05-07T19:37:59.510+0000] {logging_mixin.py:120} INFO - [2024-05-07T19:37:59.510+0000] {dagbag.py:537} INFO - Filling up the DagBag from /opt/airflow/dags/parallel_dag.py
[2024-05-07T19:37:59.524+0000] {processor.py:766} INFO - DAG(s) dict_keys(['parallel_dag']) retrieved from /opt/airflow/dags/parallel_dag.py
[2024-05-07T19:37:59.548+0000] {logging_mixin.py:120} INFO - [2024-05-07T19:37:59.548+0000] {dag.py:2585} INFO - Sync 1 DAGs
[2024-05-07T19:37:59.562+0000] {logging_mixin.py:120} INFO - [2024-05-07T19:37:59.562+0000] {dag.py:3340} INFO - Setting next_dagrun for parallel_dag to 2024-05-06T00:00:00+00:00, run_after=2024-05-07T00:00:00+00:00
[2024-05-07T19:37:59.575+0000] {processor.py:176} INFO - Processing /opt/airflow/dags/parallel_dag.py took 0.069 seconds
[2024-05-07T19:38:30.288+0000] {processor.py:154} INFO - Started process (PID=1044) to work on /opt/airflow/dags/parallel_dag.py
[2024-05-07T19:38:30.288+0000] {processor.py:756} INFO - Processing file /opt/airflow/dags/parallel_dag.py for tasks to queue
[2024-05-07T19:38:30.289+0000] {logging_mixin.py:120} INFO - [2024-05-07T19:38:30.289+0000] {dagbag.py:537} INFO - Filling up the DagBag from /opt/airflow/dags/parallel_dag.py
[2024-05-07T19:38:30.304+0000] {processor.py:766} INFO - DAG(s) dict_keys(['parallel_dag']) retrieved from /opt/airflow/dags/parallel_dag.py
[2024-05-07T19:38:30.360+0000] {logging_mixin.py:120} INFO - [2024-05-07T19:38:30.360+0000] {dag.py:2585} INFO - Sync 1 DAGs
[2024-05-07T19:38:30.374+0000] {logging_mixin.py:120} INFO - [2024-05-07T19:38:30.374+0000] {dag.py:3340} INFO - Setting next_dagrun for parallel_dag to 2024-05-06T00:00:00+00:00, run_after=2024-05-07T00:00:00+00:00
[2024-05-07T19:38:30.384+0000] {processor.py:176} INFO - Processing /opt/airflow/dags/parallel_dag.py took 0.099 seconds
[2024-05-07T19:39:00.821+0000] {processor.py:154} INFO - Started process (PID=1071) to work on /opt/airflow/dags/parallel_dag.py
[2024-05-07T19:39:00.824+0000] {processor.py:756} INFO - Processing file /opt/airflow/dags/parallel_dag.py for tasks to queue
[2024-05-07T19:39:00.825+0000] {logging_mixin.py:120} INFO - [2024-05-07T19:39:00.825+0000] {dagbag.py:537} INFO - Filling up the DagBag from /opt/airflow/dags/parallel_dag.py
[2024-05-07T19:39:00.840+0000] {processor.py:766} INFO - DAG(s) dict_keys(['parallel_dag']) retrieved from /opt/airflow/dags/parallel_dag.py
[2024-05-07T19:39:00.984+0000] {logging_mixin.py:120} INFO - [2024-05-07T19:39:00.983+0000] {dag.py:2585} INFO - Sync 1 DAGs
[2024-05-07T19:39:01.050+0000] {logging_mixin.py:120} INFO - [2024-05-07T19:39:01.050+0000] {dag.py:3340} INFO - Setting next_dagrun for parallel_dag to 2024-05-06T00:00:00+00:00, run_after=2024-05-07T00:00:00+00:00
[2024-05-07T19:39:01.094+0000] {processor.py:176} INFO - Processing /opt/airflow/dags/parallel_dag.py took 0.275 seconds
[2024-05-07T19:39:31.415+0000] {processor.py:154} INFO - Started process (PID=1108) to work on /opt/airflow/dags/parallel_dag.py
[2024-05-07T19:39:31.417+0000] {processor.py:756} INFO - Processing file /opt/airflow/dags/parallel_dag.py for tasks to queue
[2024-05-07T19:39:31.418+0000] {logging_mixin.py:120} INFO - [2024-05-07T19:39:31.418+0000] {dagbag.py:537} INFO - Filling up the DagBag from /opt/airflow/dags/parallel_dag.py
[2024-05-07T19:39:31.446+0000] {processor.py:766} INFO - DAG(s) dict_keys(['parallel_dag']) retrieved from /opt/airflow/dags/parallel_dag.py
[2024-05-07T19:39:31.476+0000] {logging_mixin.py:120} INFO - [2024-05-07T19:39:31.476+0000] {dag.py:2585} INFO - Sync 1 DAGs
[2024-05-07T19:39:31.505+0000] {logging_mixin.py:120} INFO - [2024-05-07T19:39:31.505+0000] {dag.py:3340} INFO - Setting next_dagrun for parallel_dag to 2024-05-06T00:00:00+00:00, run_after=2024-05-07T00:00:00+00:00
[2024-05-07T19:39:31.523+0000] {processor.py:176} INFO - Processing /opt/airflow/dags/parallel_dag.py took 0.111 seconds
[2024-05-07T19:40:02.263+0000] {processor.py:154} INFO - Started process (PID=1142) to work on /opt/airflow/dags/parallel_dag.py
[2024-05-07T19:40:02.264+0000] {processor.py:756} INFO - Processing file /opt/airflow/dags/parallel_dag.py for tasks to queue
[2024-05-07T19:40:02.265+0000] {logging_mixin.py:120} INFO - [2024-05-07T19:40:02.265+0000] {dagbag.py:537} INFO - Filling up the DagBag from /opt/airflow/dags/parallel_dag.py
[2024-05-07T19:40:02.278+0000] {processor.py:766} INFO - DAG(s) dict_keys(['parallel_dag']) retrieved from /opt/airflow/dags/parallel_dag.py
[2024-05-07T19:40:02.313+0000] {logging_mixin.py:120} INFO - [2024-05-07T19:40:02.313+0000] {dag.py:2585} INFO - Sync 1 DAGs
[2024-05-07T19:40:02.332+0000] {logging_mixin.py:120} INFO - [2024-05-07T19:40:02.332+0000] {dag.py:3340} INFO - Setting next_dagrun for parallel_dag to 2024-05-06T00:00:00+00:00, run_after=2024-05-07T00:00:00+00:00
[2024-05-07T19:40:02.344+0000] {processor.py:176} INFO - Processing /opt/airflow/dags/parallel_dag.py took 0.083 seconds
[2024-05-07T19:40:32.680+0000] {processor.py:154} INFO - Started process (PID=1172) to work on /opt/airflow/dags/parallel_dag.py
[2024-05-07T19:40:32.681+0000] {processor.py:756} INFO - Processing file /opt/airflow/dags/parallel_dag.py for tasks to queue
[2024-05-07T19:40:32.681+0000] {logging_mixin.py:120} INFO - [2024-05-07T19:40:32.681+0000] {dagbag.py:537} INFO - Filling up the DagBag from /opt/airflow/dags/parallel_dag.py
[2024-05-07T19:40:32.695+0000] {processor.py:766} INFO - DAG(s) dict_keys(['parallel_dag']) retrieved from /opt/airflow/dags/parallel_dag.py
[2024-05-07T19:40:32.726+0000] {logging_mixin.py:120} INFO - [2024-05-07T19:40:32.726+0000] {dag.py:2585} INFO - Sync 1 DAGs
[2024-05-07T19:40:32.741+0000] {logging_mixin.py:120} INFO - [2024-05-07T19:40:32.740+0000] {dag.py:3340} INFO - Setting next_dagrun for parallel_dag to 2024-05-06T00:00:00+00:00, run_after=2024-05-07T00:00:00+00:00
[2024-05-07T19:40:32.752+0000] {processor.py:176} INFO - Processing /opt/airflow/dags/parallel_dag.py took 0.075 seconds
[2024-05-07T19:41:03.196+0000] {processor.py:154} INFO - Started process (PID=1209) to work on /opt/airflow/dags/parallel_dag.py
[2024-05-07T19:41:03.197+0000] {processor.py:756} INFO - Processing file /opt/airflow/dags/parallel_dag.py for tasks to queue
[2024-05-07T19:41:03.198+0000] {logging_mixin.py:120} INFO - [2024-05-07T19:41:03.198+0000] {dagbag.py:537} INFO - Filling up the DagBag from /opt/airflow/dags/parallel_dag.py
[2024-05-07T19:41:03.209+0000] {processor.py:766} INFO - DAG(s) dict_keys(['parallel_dag']) retrieved from /opt/airflow/dags/parallel_dag.py
[2024-05-07T19:41:03.230+0000] {logging_mixin.py:120} INFO - [2024-05-07T19:41:03.230+0000] {dag.py:2585} INFO - Sync 1 DAGs
[2024-05-07T19:41:03.244+0000] {logging_mixin.py:120} INFO - [2024-05-07T19:41:03.243+0000] {dag.py:3340} INFO - Setting next_dagrun for parallel_dag to 2024-05-06T00:00:00+00:00, run_after=2024-05-07T00:00:00+00:00
[2024-05-07T19:41:03.253+0000] {processor.py:176} INFO - Processing /opt/airflow/dags/parallel_dag.py took 0.059 seconds
[2024-05-07T19:41:33.469+0000] {processor.py:154} INFO - Started process (PID=1237) to work on /opt/airflow/dags/parallel_dag.py
[2024-05-07T19:41:33.470+0000] {processor.py:756} INFO - Processing file /opt/airflow/dags/parallel_dag.py for tasks to queue
[2024-05-07T19:41:33.471+0000] {logging_mixin.py:120} INFO - [2024-05-07T19:41:33.471+0000] {dagbag.py:537} INFO - Filling up the DagBag from /opt/airflow/dags/parallel_dag.py
[2024-05-07T19:41:33.484+0000] {processor.py:766} INFO - DAG(s) dict_keys(['parallel_dag']) retrieved from /opt/airflow/dags/parallel_dag.py
[2024-05-07T19:41:33.538+0000] {logging_mixin.py:120} INFO - [2024-05-07T19:41:33.538+0000] {dag.py:2585} INFO - Sync 1 DAGs
[2024-05-07T19:41:33.555+0000] {logging_mixin.py:120} INFO - [2024-05-07T19:41:33.555+0000] {dag.py:3340} INFO - Setting next_dagrun for parallel_dag to 2024-05-06T00:00:00+00:00, run_after=2024-05-07T00:00:00+00:00
[2024-05-07T19:41:33.569+0000] {processor.py:176} INFO - Processing /opt/airflow/dags/parallel_dag.py took 0.102 seconds
[2024-05-07T19:42:04.019+0000] {processor.py:154} INFO - Started process (PID=1273) to work on /opt/airflow/dags/parallel_dag.py
[2024-05-07T19:42:04.020+0000] {processor.py:756} INFO - Processing file /opt/airflow/dags/parallel_dag.py for tasks to queue
[2024-05-07T19:42:04.021+0000] {logging_mixin.py:120} INFO - [2024-05-07T19:42:04.021+0000] {dagbag.py:537} INFO - Filling up the DagBag from /opt/airflow/dags/parallel_dag.py
[2024-05-07T19:42:04.037+0000] {processor.py:766} INFO - DAG(s) dict_keys(['parallel_dag']) retrieved from /opt/airflow/dags/parallel_dag.py
[2024-05-07T19:42:04.083+0000] {logging_mixin.py:120} INFO - [2024-05-07T19:42:04.083+0000] {dag.py:2585} INFO - Sync 1 DAGs
[2024-05-07T19:42:04.104+0000] {logging_mixin.py:120} INFO - [2024-05-07T19:42:04.104+0000] {dag.py:3340} INFO - Setting next_dagrun for parallel_dag to 2024-05-06T00:00:00+00:00, run_after=2024-05-07T00:00:00+00:00
[2024-05-07T19:42:04.117+0000] {processor.py:176} INFO - Processing /opt/airflow/dags/parallel_dag.py took 0.100 seconds
[2024-05-07T19:42:35.652+0000] {processor.py:154} INFO - Started process (PID=1311) to work on /opt/airflow/dags/parallel_dag.py
[2024-05-07T19:42:35.654+0000] {processor.py:756} INFO - Processing file /opt/airflow/dags/parallel_dag.py for tasks to queue
[2024-05-07T19:42:35.655+0000] {logging_mixin.py:120} INFO - [2024-05-07T19:42:35.655+0000] {dagbag.py:537} INFO - Filling up the DagBag from /opt/airflow/dags/parallel_dag.py
[2024-05-07T19:42:35.686+0000] {processor.py:766} INFO - DAG(s) dict_keys(['parallel_dag']) retrieved from /opt/airflow/dags/parallel_dag.py
[2024-05-07T19:42:35.763+0000] {logging_mixin.py:120} INFO - [2024-05-07T19:42:35.763+0000] {dag.py:2585} INFO - Sync 1 DAGs
[2024-05-07T19:42:35.815+0000] {logging_mixin.py:120} INFO - [2024-05-07T19:42:35.815+0000] {dag.py:3340} INFO - Setting next_dagrun for parallel_dag to 2024-05-06T00:00:00+00:00, run_after=2024-05-07T00:00:00+00:00
[2024-05-07T19:42:35.830+0000] {processor.py:176} INFO - Processing /opt/airflow/dags/parallel_dag.py took 0.187 seconds
[2024-05-07T19:43:07.794+0000] {processor.py:154} INFO - Started process (PID=1338) to work on /opt/airflow/dags/parallel_dag.py
[2024-05-07T19:43:07.795+0000] {processor.py:756} INFO - Processing file /opt/airflow/dags/parallel_dag.py for tasks to queue
[2024-05-07T19:43:07.796+0000] {logging_mixin.py:120} INFO - [2024-05-07T19:43:07.795+0000] {dagbag.py:537} INFO - Filling up the DagBag from /opt/airflow/dags/parallel_dag.py
[2024-05-07T19:43:07.838+0000] {processor.py:766} INFO - DAG(s) dict_keys(['parallel_dag']) retrieved from /opt/airflow/dags/parallel_dag.py
[2024-05-07T19:43:07.955+0000] {logging_mixin.py:120} INFO - [2024-05-07T19:43:07.954+0000] {dag.py:2585} INFO - Sync 1 DAGs
[2024-05-07T19:43:07.974+0000] {logging_mixin.py:120} INFO - [2024-05-07T19:43:07.974+0000] {dag.py:3340} INFO - Setting next_dagrun for parallel_dag to 2024-05-06T00:00:00+00:00, run_after=2024-05-07T00:00:00+00:00
[2024-05-07T19:43:07.986+0000] {processor.py:176} INFO - Processing /opt/airflow/dags/parallel_dag.py took 0.197 seconds
[2024-05-07T19:43:38.142+0000] {processor.py:154} INFO - Started process (PID=1374) to work on /opt/airflow/dags/parallel_dag.py
[2024-05-07T19:43:38.143+0000] {processor.py:756} INFO - Processing file /opt/airflow/dags/parallel_dag.py for tasks to queue
[2024-05-07T19:43:38.144+0000] {logging_mixin.py:120} INFO - [2024-05-07T19:43:38.144+0000] {dagbag.py:537} INFO - Filling up the DagBag from /opt/airflow/dags/parallel_dag.py
[2024-05-07T19:43:38.169+0000] {processor.py:766} INFO - DAG(s) dict_keys(['parallel_dag']) retrieved from /opt/airflow/dags/parallel_dag.py
[2024-05-07T19:43:38.215+0000] {logging_mixin.py:120} INFO - [2024-05-07T19:43:38.215+0000] {dag.py:2585} INFO - Sync 1 DAGs
[2024-05-07T19:43:38.233+0000] {logging_mixin.py:120} INFO - [2024-05-07T19:43:38.233+0000] {dag.py:3340} INFO - Setting next_dagrun for parallel_dag to 2024-05-06T00:00:00+00:00, run_after=2024-05-07T00:00:00+00:00
[2024-05-07T19:43:38.245+0000] {processor.py:176} INFO - Processing /opt/airflow/dags/parallel_dag.py took 0.106 seconds
[2024-05-07T19:44:08.508+0000] {processor.py:154} INFO - Started process (PID=1411) to work on /opt/airflow/dags/parallel_dag.py
[2024-05-07T19:44:08.510+0000] {processor.py:756} INFO - Processing file /opt/airflow/dags/parallel_dag.py for tasks to queue
[2024-05-07T19:44:08.511+0000] {logging_mixin.py:120} INFO - [2024-05-07T19:44:08.511+0000] {dagbag.py:537} INFO - Filling up the DagBag from /opt/airflow/dags/parallel_dag.py
[2024-05-07T19:44:08.535+0000] {processor.py:766} INFO - DAG(s) dict_keys(['parallel_dag']) retrieved from /opt/airflow/dags/parallel_dag.py
[2024-05-07T19:44:08.620+0000] {logging_mixin.py:120} INFO - [2024-05-07T19:44:08.620+0000] {dag.py:2585} INFO - Sync 1 DAGs
[2024-05-07T19:44:08.690+0000] {logging_mixin.py:120} INFO - [2024-05-07T19:44:08.689+0000] {dag.py:3340} INFO - Setting next_dagrun for parallel_dag to 2024-05-06T00:00:00+00:00, run_after=2024-05-07T00:00:00+00:00
[2024-05-07T19:44:08.705+0000] {processor.py:176} INFO - Processing /opt/airflow/dags/parallel_dag.py took 0.203 seconds
[2024-05-07T19:44:39.139+0000] {processor.py:154} INFO - Started process (PID=1447) to work on /opt/airflow/dags/parallel_dag.py
[2024-05-07T19:44:39.140+0000] {processor.py:756} INFO - Processing file /opt/airflow/dags/parallel_dag.py for tasks to queue
[2024-05-07T19:44:39.141+0000] {logging_mixin.py:120} INFO - [2024-05-07T19:44:39.141+0000] {dagbag.py:537} INFO - Filling up the DagBag from /opt/airflow/dags/parallel_dag.py
[2024-05-07T19:44:39.169+0000] {processor.py:766} INFO - DAG(s) dict_keys(['parallel_dag']) retrieved from /opt/airflow/dags/parallel_dag.py
[2024-05-07T19:44:39.217+0000] {logging_mixin.py:120} INFO - [2024-05-07T19:44:39.216+0000] {dag.py:2585} INFO - Sync 1 DAGs
[2024-05-07T19:44:39.233+0000] {logging_mixin.py:120} INFO - [2024-05-07T19:44:39.233+0000] {dag.py:3340} INFO - Setting next_dagrun for parallel_dag to 2024-05-06T00:00:00+00:00, run_after=2024-05-07T00:00:00+00:00
[2024-05-07T19:44:39.244+0000] {processor.py:176} INFO - Processing /opt/airflow/dags/parallel_dag.py took 0.111 seconds
[2024-05-07T19:45:09.401+0000] {processor.py:154} INFO - Started process (PID=1475) to work on /opt/airflow/dags/parallel_dag.py
[2024-05-07T19:45:09.402+0000] {processor.py:756} INFO - Processing file /opt/airflow/dags/parallel_dag.py for tasks to queue
[2024-05-07T19:45:09.402+0000] {logging_mixin.py:120} INFO - [2024-05-07T19:45:09.402+0000] {dagbag.py:537} INFO - Filling up the DagBag from /opt/airflow/dags/parallel_dag.py
[2024-05-07T19:45:09.424+0000] {processor.py:766} INFO - DAG(s) dict_keys(['parallel_dag']) retrieved from /opt/airflow/dags/parallel_dag.py
[2024-05-07T19:45:09.455+0000] {logging_mixin.py:120} INFO - [2024-05-07T19:45:09.455+0000] {dag.py:2585} INFO - Sync 1 DAGs
[2024-05-07T19:45:09.471+0000] {logging_mixin.py:120} INFO - [2024-05-07T19:45:09.471+0000] {dag.py:3340} INFO - Setting next_dagrun for parallel_dag to 2024-05-06T00:00:00+00:00, run_after=2024-05-07T00:00:00+00:00
[2024-05-07T19:45:09.489+0000] {processor.py:176} INFO - Processing /opt/airflow/dags/parallel_dag.py took 0.092 seconds
[2024-05-07T19:45:40.070+0000] {processor.py:154} INFO - Started process (PID=1512) to work on /opt/airflow/dags/parallel_dag.py
[2024-05-07T19:45:40.074+0000] {processor.py:756} INFO - Processing file /opt/airflow/dags/parallel_dag.py for tasks to queue
[2024-05-07T19:45:40.077+0000] {logging_mixin.py:120} INFO - [2024-05-07T19:45:40.077+0000] {dagbag.py:537} INFO - Filling up the DagBag from /opt/airflow/dags/parallel_dag.py
[2024-05-07T19:45:40.110+0000] {processor.py:766} INFO - DAG(s) dict_keys(['parallel_dag']) retrieved from /opt/airflow/dags/parallel_dag.py
[2024-05-07T19:45:40.154+0000] {logging_mixin.py:120} INFO - [2024-05-07T19:45:40.154+0000] {dag.py:2585} INFO - Sync 1 DAGs
[2024-05-07T19:45:40.186+0000] {logging_mixin.py:120} INFO - [2024-05-07T19:45:40.186+0000] {dag.py:3340} INFO - Setting next_dagrun for parallel_dag to 2024-05-06T00:00:00+00:00, run_after=2024-05-07T00:00:00+00:00
[2024-05-07T19:45:40.197+0000] {processor.py:176} INFO - Processing /opt/airflow/dags/parallel_dag.py took 0.135 seconds
[2024-05-07T19:46:10.600+0000] {processor.py:154} INFO - Started process (PID=1540) to work on /opt/airflow/dags/parallel_dag.py
[2024-05-07T19:46:10.602+0000] {processor.py:756} INFO - Processing file /opt/airflow/dags/parallel_dag.py for tasks to queue
[2024-05-07T19:46:10.604+0000] {logging_mixin.py:120} INFO - [2024-05-07T19:46:10.603+0000] {dagbag.py:537} INFO - Filling up the DagBag from /opt/airflow/dags/parallel_dag.py
[2024-05-07T19:46:10.632+0000] {processor.py:766} INFO - DAG(s) dict_keys(['parallel_dag']) retrieved from /opt/airflow/dags/parallel_dag.py
[2024-05-07T19:46:10.667+0000] {logging_mixin.py:120} INFO - [2024-05-07T19:46:10.666+0000] {dag.py:2585} INFO - Sync 1 DAGs
[2024-05-07T19:46:10.681+0000] {logging_mixin.py:120} INFO - [2024-05-07T19:46:10.681+0000] {dag.py:3340} INFO - Setting next_dagrun for parallel_dag to 2024-05-06T00:00:00+00:00, run_after=2024-05-07T00:00:00+00:00
[2024-05-07T19:46:10.692+0000] {processor.py:176} INFO - Processing /opt/airflow/dags/parallel_dag.py took 0.105 seconds
[2024-05-07T19:46:40.842+0000] {processor.py:154} INFO - Started process (PID=1577) to work on /opt/airflow/dags/parallel_dag.py
[2024-05-07T19:46:40.845+0000] {processor.py:756} INFO - Processing file /opt/airflow/dags/parallel_dag.py for tasks to queue
[2024-05-07T19:46:40.847+0000] {logging_mixin.py:120} INFO - [2024-05-07T19:46:40.847+0000] {dagbag.py:537} INFO - Filling up the DagBag from /opt/airflow/dags/parallel_dag.py
[2024-05-07T19:46:40.916+0000] {processor.py:766} INFO - DAG(s) dict_keys(['parallel_dag']) retrieved from /opt/airflow/dags/parallel_dag.py
[2024-05-07T19:46:40.963+0000] {logging_mixin.py:120} INFO - [2024-05-07T19:46:40.963+0000] {dag.py:2585} INFO - Sync 1 DAGs
[2024-05-07T19:46:40.993+0000] {logging_mixin.py:120} INFO - [2024-05-07T19:46:40.993+0000] {dag.py:3340} INFO - Setting next_dagrun for parallel_dag to 2024-05-06T00:00:00+00:00, run_after=2024-05-07T00:00:00+00:00
[2024-05-07T19:46:41.057+0000] {processor.py:176} INFO - Processing /opt/airflow/dags/parallel_dag.py took 0.219 seconds
[2024-05-07T19:47:12.005+0000] {processor.py:154} INFO - Started process (PID=1605) to work on /opt/airflow/dags/parallel_dag.py
[2024-05-07T19:47:12.006+0000] {processor.py:756} INFO - Processing file /opt/airflow/dags/parallel_dag.py for tasks to queue
[2024-05-07T19:47:12.007+0000] {logging_mixin.py:120} INFO - [2024-05-07T19:47:12.007+0000] {dagbag.py:537} INFO - Filling up the DagBag from /opt/airflow/dags/parallel_dag.py
[2024-05-07T19:47:12.023+0000] {processor.py:766} INFO - DAG(s) dict_keys(['parallel_dag']) retrieved from /opt/airflow/dags/parallel_dag.py
[2024-05-07T19:47:12.047+0000] {logging_mixin.py:120} INFO - [2024-05-07T19:47:12.047+0000] {dag.py:2585} INFO - Sync 1 DAGs
[2024-05-07T19:47:12.062+0000] {logging_mixin.py:120} INFO - [2024-05-07T19:47:12.062+0000] {dag.py:3340} INFO - Setting next_dagrun for parallel_dag to 2024-05-06T00:00:00+00:00, run_after=2024-05-07T00:00:00+00:00
[2024-05-07T19:47:12.071+0000] {processor.py:176} INFO - Processing /opt/airflow/dags/parallel_dag.py took 0.069 seconds
[2024-05-07T19:47:42.422+0000] {processor.py:154} INFO - Started process (PID=1641) to work on /opt/airflow/dags/parallel_dag.py
[2024-05-07T19:47:42.423+0000] {processor.py:756} INFO - Processing file /opt/airflow/dags/parallel_dag.py for tasks to queue
[2024-05-07T19:47:42.424+0000] {logging_mixin.py:120} INFO - [2024-05-07T19:47:42.424+0000] {dagbag.py:537} INFO - Filling up the DagBag from /opt/airflow/dags/parallel_dag.py
[2024-05-07T19:47:42.436+0000] {processor.py:766} INFO - DAG(s) dict_keys(['parallel_dag']) retrieved from /opt/airflow/dags/parallel_dag.py
[2024-05-07T19:47:42.460+0000] {logging_mixin.py:120} INFO - [2024-05-07T19:47:42.460+0000] {dag.py:2585} INFO - Sync 1 DAGs
[2024-05-07T19:47:42.474+0000] {logging_mixin.py:120} INFO - [2024-05-07T19:47:42.474+0000] {dag.py:3340} INFO - Setting next_dagrun for parallel_dag to 2024-05-06T00:00:00+00:00, run_after=2024-05-07T00:00:00+00:00
[2024-05-07T19:47:42.484+0000] {processor.py:176} INFO - Processing /opt/airflow/dags/parallel_dag.py took 0.065 seconds
[2024-05-07T19:48:13.140+0000] {processor.py:154} INFO - Started process (PID=1678) to work on /opt/airflow/dags/parallel_dag.py
[2024-05-07T19:48:13.141+0000] {processor.py:756} INFO - Processing file /opt/airflow/dags/parallel_dag.py for tasks to queue
[2024-05-07T19:48:13.141+0000] {logging_mixin.py:120} INFO - [2024-05-07T19:48:13.141+0000] {dagbag.py:537} INFO - Filling up the DagBag from /opt/airflow/dags/parallel_dag.py
[2024-05-07T19:48:13.151+0000] {processor.py:766} INFO - DAG(s) dict_keys(['parallel_dag']) retrieved from /opt/airflow/dags/parallel_dag.py
[2024-05-07T19:48:13.177+0000] {logging_mixin.py:120} INFO - [2024-05-07T19:48:13.177+0000] {dag.py:2585} INFO - Sync 1 DAGs
[2024-05-07T19:48:13.192+0000] {logging_mixin.py:120} INFO - [2024-05-07T19:48:13.192+0000] {dag.py:3340} INFO - Setting next_dagrun for parallel_dag to 2024-05-06T00:00:00+00:00, run_after=2024-05-07T00:00:00+00:00
[2024-05-07T19:48:13.201+0000] {processor.py:176} INFO - Processing /opt/airflow/dags/parallel_dag.py took 0.063 seconds
[2024-05-07T19:48:43.271+0000] {processor.py:154} INFO - Started process (PID=1714) to work on /opt/airflow/dags/parallel_dag.py
[2024-05-07T19:48:43.273+0000] {processor.py:756} INFO - Processing file /opt/airflow/dags/parallel_dag.py for tasks to queue
[2024-05-07T19:48:43.273+0000] {logging_mixin.py:120} INFO - [2024-05-07T19:48:43.273+0000] {dagbag.py:537} INFO - Filling up the DagBag from /opt/airflow/dags/parallel_dag.py
[2024-05-07T19:48:43.289+0000] {processor.py:766} INFO - DAG(s) dict_keys(['parallel_dag']) retrieved from /opt/airflow/dags/parallel_dag.py
[2024-05-07T19:48:43.316+0000] {logging_mixin.py:120} INFO - [2024-05-07T19:48:43.316+0000] {dag.py:2585} INFO - Sync 1 DAGs
[2024-05-07T19:48:43.337+0000] {logging_mixin.py:120} INFO - [2024-05-07T19:48:43.337+0000] {dag.py:3340} INFO - Setting next_dagrun for parallel_dag to 2024-05-06T00:00:00+00:00, run_after=2024-05-07T00:00:00+00:00
[2024-05-07T19:48:43.351+0000] {processor.py:176} INFO - Processing /opt/airflow/dags/parallel_dag.py took 0.082 seconds
[2024-05-07T19:49:13.590+0000] {processor.py:154} INFO - Started process (PID=1741) to work on /opt/airflow/dags/parallel_dag.py
[2024-05-07T19:49:13.591+0000] {processor.py:756} INFO - Processing file /opt/airflow/dags/parallel_dag.py for tasks to queue
[2024-05-07T19:49:13.592+0000] {logging_mixin.py:120} INFO - [2024-05-07T19:49:13.592+0000] {dagbag.py:537} INFO - Filling up the DagBag from /opt/airflow/dags/parallel_dag.py
[2024-05-07T19:49:13.610+0000] {processor.py:766} INFO - DAG(s) dict_keys(['parallel_dag']) retrieved from /opt/airflow/dags/parallel_dag.py
[2024-05-07T19:49:13.647+0000] {logging_mixin.py:120} INFO - [2024-05-07T19:49:13.647+0000] {dag.py:2585} INFO - Sync 1 DAGs
[2024-05-07T19:49:13.663+0000] {logging_mixin.py:120} INFO - [2024-05-07T19:49:13.662+0000] {dag.py:3340} INFO - Setting next_dagrun for parallel_dag to 2024-05-06T00:00:00+00:00, run_after=2024-05-07T00:00:00+00:00
[2024-05-07T19:49:13.674+0000] {processor.py:176} INFO - Processing /opt/airflow/dags/parallel_dag.py took 0.086 seconds
[2024-05-07T19:49:44.286+0000] {processor.py:154} INFO - Started process (PID=1777) to work on /opt/airflow/dags/parallel_dag.py
[2024-05-07T19:49:44.287+0000] {processor.py:756} INFO - Processing file /opt/airflow/dags/parallel_dag.py for tasks to queue
[2024-05-07T19:49:44.288+0000] {logging_mixin.py:120} INFO - [2024-05-07T19:49:44.287+0000] {dagbag.py:537} INFO - Filling up the DagBag from /opt/airflow/dags/parallel_dag.py
[2024-05-07T19:49:44.302+0000] {processor.py:766} INFO - DAG(s) dict_keys(['parallel_dag']) retrieved from /opt/airflow/dags/parallel_dag.py
[2024-05-07T19:49:44.328+0000] {logging_mixin.py:120} INFO - [2024-05-07T19:49:44.328+0000] {dag.py:2585} INFO - Sync 1 DAGs
[2024-05-07T19:49:44.345+0000] {logging_mixin.py:120} INFO - [2024-05-07T19:49:44.344+0000] {dag.py:3340} INFO - Setting next_dagrun for parallel_dag to 2024-05-06T00:00:00+00:00, run_after=2024-05-07T00:00:00+00:00
[2024-05-07T19:49:44.355+0000] {processor.py:176} INFO - Processing /opt/airflow/dags/parallel_dag.py took 0.071 seconds
[2024-05-07T19:50:20.475+0000] {processor.py:154} INFO - Started process (PID=1814) to work on /opt/airflow/dags/parallel_dag.py
[2024-05-07T19:50:20.504+0000] {processor.py:756} INFO - Processing file /opt/airflow/dags/parallel_dag.py for tasks to queue
[2024-05-07T19:50:20.512+0000] {logging_mixin.py:120} INFO - [2024-05-07T19:50:20.511+0000] {dagbag.py:537} INFO - Filling up the DagBag from /opt/airflow/dags/parallel_dag.py
[2024-05-07T19:50:21.037+0000] {processor.py:766} INFO - DAG(s) dict_keys(['parallel_dag']) retrieved from /opt/airflow/dags/parallel_dag.py
[2024-05-07T19:50:21.869+0000] {logging_mixin.py:120} INFO - [2024-05-07T19:50:21.868+0000] {dag.py:2585} INFO - Sync 1 DAGs
[2024-05-07T19:50:23.309+0000] {logging_mixin.py:120} INFO - [2024-05-07T19:50:23.304+0000] {dag.py:3340} INFO - Setting next_dagrun for parallel_dag to 2024-05-06T00:00:00+00:00, run_after=2024-05-07T00:00:00+00:00
[2024-05-07T19:50:23.404+0000] {processor.py:176} INFO - Processing /opt/airflow/dags/parallel_dag.py took 3.004 seconds
[2024-05-07T19:50:54.126+0000] {processor.py:154} INFO - Started process (PID=1843) to work on /opt/airflow/dags/parallel_dag.py
[2024-05-07T19:50:54.128+0000] {processor.py:756} INFO - Processing file /opt/airflow/dags/parallel_dag.py for tasks to queue
[2024-05-07T19:50:54.129+0000] {logging_mixin.py:120} INFO - [2024-05-07T19:50:54.129+0000] {dagbag.py:537} INFO - Filling up the DagBag from /opt/airflow/dags/parallel_dag.py
[2024-05-07T19:50:54.175+0000] {processor.py:766} INFO - DAG(s) dict_keys(['parallel_dag']) retrieved from /opt/airflow/dags/parallel_dag.py
[2024-05-07T19:50:54.247+0000] {logging_mixin.py:120} INFO - [2024-05-07T19:50:54.247+0000] {dag.py:2585} INFO - Sync 1 DAGs
[2024-05-07T19:50:54.269+0000] {logging_mixin.py:120} INFO - [2024-05-07T19:50:54.268+0000] {dag.py:3340} INFO - Setting next_dagrun for parallel_dag to 2024-05-06T00:00:00+00:00, run_after=2024-05-07T00:00:00+00:00
[2024-05-07T19:50:54.282+0000] {processor.py:176} INFO - Processing /opt/airflow/dags/parallel_dag.py took 0.163 seconds
[2024-05-07T19:51:24.416+0000] {processor.py:154} INFO - Started process (PID=1880) to work on /opt/airflow/dags/parallel_dag.py
[2024-05-07T19:51:24.420+0000] {processor.py:756} INFO - Processing file /opt/airflow/dags/parallel_dag.py for tasks to queue
[2024-05-07T19:51:24.421+0000] {logging_mixin.py:120} INFO - [2024-05-07T19:51:24.421+0000] {dagbag.py:537} INFO - Filling up the DagBag from /opt/airflow/dags/parallel_dag.py
[2024-05-07T19:51:24.463+0000] {processor.py:766} INFO - DAG(s) dict_keys(['parallel_dag']) retrieved from /opt/airflow/dags/parallel_dag.py
[2024-05-07T19:51:24.533+0000] {logging_mixin.py:120} INFO - [2024-05-07T19:51:24.532+0000] {dag.py:2585} INFO - Sync 1 DAGs
[2024-05-07T19:51:24.551+0000] {logging_mixin.py:120} INFO - [2024-05-07T19:51:24.551+0000] {dag.py:3340} INFO - Setting next_dagrun for parallel_dag to 2024-05-06T00:00:00+00:00, run_after=2024-05-07T00:00:00+00:00
[2024-05-07T19:51:24.562+0000] {processor.py:176} INFO - Processing /opt/airflow/dags/parallel_dag.py took 0.166 seconds
[2024-05-07T19:51:55.391+0000] {processor.py:154} INFO - Started process (PID=1917) to work on /opt/airflow/dags/parallel_dag.py
[2024-05-07T19:51:55.393+0000] {processor.py:756} INFO - Processing file /opt/airflow/dags/parallel_dag.py for tasks to queue
[2024-05-07T19:51:55.394+0000] {logging_mixin.py:120} INFO - [2024-05-07T19:51:55.394+0000] {dagbag.py:537} INFO - Filling up the DagBag from /opt/airflow/dags/parallel_dag.py
[2024-05-07T19:51:55.441+0000] {processor.py:766} INFO - DAG(s) dict_keys(['parallel_dag']) retrieved from /opt/airflow/dags/parallel_dag.py
[2024-05-07T19:51:55.500+0000] {logging_mixin.py:120} INFO - [2024-05-07T19:51:55.499+0000] {dag.py:2585} INFO - Sync 1 DAGs
[2024-05-07T19:51:55.521+0000] {logging_mixin.py:120} INFO - [2024-05-07T19:51:55.521+0000] {dag.py:3340} INFO - Setting next_dagrun for parallel_dag to 2024-05-06T00:00:00+00:00, run_after=2024-05-07T00:00:00+00:00
[2024-05-07T19:51:55.535+0000] {processor.py:176} INFO - Processing /opt/airflow/dags/parallel_dag.py took 0.150 seconds
[2024-05-07T19:52:26.391+0000] {processor.py:154} INFO - Started process (PID=1953) to work on /opt/airflow/dags/parallel_dag.py
[2024-05-07T19:52:26.393+0000] {processor.py:756} INFO - Processing file /opt/airflow/dags/parallel_dag.py for tasks to queue
[2024-05-07T19:52:26.394+0000] {logging_mixin.py:120} INFO - [2024-05-07T19:52:26.394+0000] {dagbag.py:537} INFO - Filling up the DagBag from /opt/airflow/dags/parallel_dag.py
[2024-05-07T19:52:26.438+0000] {processor.py:766} INFO - DAG(s) dict_keys(['parallel_dag']) retrieved from /opt/airflow/dags/parallel_dag.py
[2024-05-07T19:52:26.505+0000] {logging_mixin.py:120} INFO - [2024-05-07T19:52:26.505+0000] {dag.py:2585} INFO - Sync 1 DAGs
[2024-05-07T19:52:26.527+0000] {logging_mixin.py:120} INFO - [2024-05-07T19:52:26.527+0000] {dag.py:3340} INFO - Setting next_dagrun for parallel_dag to 2024-05-06T00:00:00+00:00, run_after=2024-05-07T00:00:00+00:00
[2024-05-07T19:52:26.538+0000] {processor.py:176} INFO - Processing /opt/airflow/dags/parallel_dag.py took 0.156 seconds
[2024-05-07T19:52:56.975+0000] {processor.py:154} INFO - Started process (PID=1981) to work on /opt/airflow/dags/parallel_dag.py
[2024-05-07T19:52:56.979+0000] {processor.py:756} INFO - Processing file /opt/airflow/dags/parallel_dag.py for tasks to queue
[2024-05-07T19:52:56.983+0000] {logging_mixin.py:120} INFO - [2024-05-07T19:52:56.983+0000] {dagbag.py:537} INFO - Filling up the DagBag from /opt/airflow/dags/parallel_dag.py
[2024-05-07T19:52:57.055+0000] {processor.py:766} INFO - DAG(s) dict_keys(['parallel_dag']) retrieved from /opt/airflow/dags/parallel_dag.py
[2024-05-07T19:52:57.118+0000] {logging_mixin.py:120} INFO - [2024-05-07T19:52:57.118+0000] {dag.py:2585} INFO - Sync 1 DAGs
[2024-05-07T19:52:57.149+0000] {logging_mixin.py:120} INFO - [2024-05-07T19:52:57.149+0000] {dag.py:3340} INFO - Setting next_dagrun for parallel_dag to 2024-05-06T00:00:00+00:00, run_after=2024-05-07T00:00:00+00:00
[2024-05-07T19:52:57.180+0000] {processor.py:176} INFO - Processing /opt/airflow/dags/parallel_dag.py took 0.243 seconds
[2024-05-07T19:53:27.290+0000] {processor.py:154} INFO - Started process (PID=2018) to work on /opt/airflow/dags/parallel_dag.py
[2024-05-07T19:53:27.293+0000] {processor.py:756} INFO - Processing file /opt/airflow/dags/parallel_dag.py for tasks to queue
[2024-05-07T19:53:27.295+0000] {logging_mixin.py:120} INFO - [2024-05-07T19:53:27.294+0000] {dagbag.py:537} INFO - Filling up the DagBag from /opt/airflow/dags/parallel_dag.py
[2024-05-07T19:53:27.326+0000] {processor.py:766} INFO - DAG(s) dict_keys(['parallel_dag']) retrieved from /opt/airflow/dags/parallel_dag.py
[2024-05-07T19:53:27.372+0000] {logging_mixin.py:120} INFO - [2024-05-07T19:53:27.372+0000] {dag.py:2585} INFO - Sync 1 DAGs
[2024-05-07T19:53:27.391+0000] {logging_mixin.py:120} INFO - [2024-05-07T19:53:27.391+0000] {dag.py:3340} INFO - Setting next_dagrun for parallel_dag to 2024-05-06T00:00:00+00:00, run_after=2024-05-07T00:00:00+00:00
[2024-05-07T19:53:27.402+0000] {processor.py:176} INFO - Processing /opt/airflow/dags/parallel_dag.py took 0.122 seconds
[2024-05-07T19:53:57.718+0000] {processor.py:154} INFO - Started process (PID=2056) to work on /opt/airflow/dags/parallel_dag.py
[2024-05-07T19:53:57.721+0000] {processor.py:756} INFO - Processing file /opt/airflow/dags/parallel_dag.py for tasks to queue
[2024-05-07T19:53:57.722+0000] {logging_mixin.py:120} INFO - [2024-05-07T19:53:57.722+0000] {dagbag.py:537} INFO - Filling up the DagBag from /opt/airflow/dags/parallel_dag.py
[2024-05-07T19:53:57.754+0000] {processor.py:766} INFO - DAG(s) dict_keys(['parallel_dag']) retrieved from /opt/airflow/dags/parallel_dag.py
[2024-05-07T19:53:57.788+0000] {logging_mixin.py:120} INFO - [2024-05-07T19:53:57.788+0000] {dag.py:2585} INFO - Sync 1 DAGs
[2024-05-07T19:53:57.804+0000] {logging_mixin.py:120} INFO - [2024-05-07T19:53:57.804+0000] {dag.py:3340} INFO - Setting next_dagrun for parallel_dag to 2024-05-06T00:00:00+00:00, run_after=2024-05-07T00:00:00+00:00
[2024-05-07T19:53:57.815+0000] {processor.py:176} INFO - Processing /opt/airflow/dags/parallel_dag.py took 0.103 seconds
[2024-05-07T19:54:28.164+0000] {processor.py:154} INFO - Started process (PID=2092) to work on /opt/airflow/dags/parallel_dag.py
[2024-05-07T19:54:28.167+0000] {processor.py:756} INFO - Processing file /opt/airflow/dags/parallel_dag.py for tasks to queue
[2024-05-07T19:54:28.168+0000] {logging_mixin.py:120} INFO - [2024-05-07T19:54:28.167+0000] {dagbag.py:537} INFO - Filling up the DagBag from /opt/airflow/dags/parallel_dag.py
[2024-05-07T19:54:28.201+0000] {processor.py:766} INFO - DAG(s) dict_keys(['parallel_dag']) retrieved from /opt/airflow/dags/parallel_dag.py
[2024-05-07T19:54:28.267+0000] {logging_mixin.py:120} INFO - [2024-05-07T19:54:28.267+0000] {dag.py:2585} INFO - Sync 1 DAGs
[2024-05-07T19:54:28.303+0000] {logging_mixin.py:120} INFO - [2024-05-07T19:54:28.303+0000] {dag.py:3340} INFO - Setting next_dagrun for parallel_dag to 2024-05-06T00:00:00+00:00, run_after=2024-05-07T00:00:00+00:00
[2024-05-07T19:54:28.316+0000] {processor.py:176} INFO - Processing /opt/airflow/dags/parallel_dag.py took 0.167 seconds
[2024-05-07T19:54:58.478+0000] {processor.py:154} INFO - Started process (PID=2128) to work on /opt/airflow/dags/parallel_dag.py
[2024-05-07T19:54:58.480+0000] {processor.py:756} INFO - Processing file /opt/airflow/dags/parallel_dag.py for tasks to queue
[2024-05-07T19:54:58.481+0000] {logging_mixin.py:120} INFO - [2024-05-07T19:54:58.481+0000] {dagbag.py:537} INFO - Filling up the DagBag from /opt/airflow/dags/parallel_dag.py
[2024-05-07T19:54:58.505+0000] {processor.py:766} INFO - DAG(s) dict_keys(['parallel_dag']) retrieved from /opt/airflow/dags/parallel_dag.py
[2024-05-07T19:54:58.538+0000] {logging_mixin.py:120} INFO - [2024-05-07T19:54:58.538+0000] {dag.py:2585} INFO - Sync 1 DAGs
[2024-05-07T19:54:58.560+0000] {logging_mixin.py:120} INFO - [2024-05-07T19:54:58.560+0000] {dag.py:3340} INFO - Setting next_dagrun for parallel_dag to 2024-05-06T00:00:00+00:00, run_after=2024-05-07T00:00:00+00:00
[2024-05-07T19:54:58.577+0000] {processor.py:176} INFO - Processing /opt/airflow/dags/parallel_dag.py took 0.106 seconds
[2024-05-07T19:55:29.222+0000] {processor.py:154} INFO - Started process (PID=2155) to work on /opt/airflow/dags/parallel_dag.py
[2024-05-07T19:55:29.225+0000] {processor.py:756} INFO - Processing file /opt/airflow/dags/parallel_dag.py for tasks to queue
[2024-05-07T19:55:29.226+0000] {logging_mixin.py:120} INFO - [2024-05-07T19:55:29.225+0000] {dagbag.py:537} INFO - Filling up the DagBag from /opt/airflow/dags/parallel_dag.py
[2024-05-07T19:55:29.278+0000] {processor.py:766} INFO - DAG(s) dict_keys(['parallel_dag']) retrieved from /opt/airflow/dags/parallel_dag.py
[2024-05-07T19:55:29.320+0000] {logging_mixin.py:120} INFO - [2024-05-07T19:55:29.320+0000] {dag.py:2585} INFO - Sync 1 DAGs
[2024-05-07T19:55:29.339+0000] {logging_mixin.py:120} INFO - [2024-05-07T19:55:29.339+0000] {dag.py:3340} INFO - Setting next_dagrun for parallel_dag to 2024-05-06T00:00:00+00:00, run_after=2024-05-07T00:00:00+00:00
[2024-05-07T19:55:29.352+0000] {processor.py:176} INFO - Processing /opt/airflow/dags/parallel_dag.py took 0.136 seconds
[2024-05-07T19:56:00.066+0000] {processor.py:154} INFO - Started process (PID=2192) to work on /opt/airflow/dags/parallel_dag.py
[2024-05-07T19:56:00.072+0000] {processor.py:756} INFO - Processing file /opt/airflow/dags/parallel_dag.py for tasks to queue
[2024-05-07T19:56:00.075+0000] {logging_mixin.py:120} INFO - [2024-05-07T19:56:00.075+0000] {dagbag.py:537} INFO - Filling up the DagBag from /opt/airflow/dags/parallel_dag.py
[2024-05-07T19:56:00.115+0000] {processor.py:766} INFO - DAG(s) dict_keys(['parallel_dag']) retrieved from /opt/airflow/dags/parallel_dag.py
[2024-05-07T19:56:00.152+0000] {logging_mixin.py:120} INFO - [2024-05-07T19:56:00.152+0000] {dag.py:2585} INFO - Sync 1 DAGs
[2024-05-07T19:56:00.173+0000] {logging_mixin.py:120} INFO - [2024-05-07T19:56:00.173+0000] {dag.py:3340} INFO - Setting next_dagrun for parallel_dag to 2024-05-06T00:00:00+00:00, run_after=2024-05-07T00:00:00+00:00
[2024-05-07T19:56:00.189+0000] {processor.py:176} INFO - Processing /opt/airflow/dags/parallel_dag.py took 0.137 seconds
[2024-05-07T19:56:30.264+0000] {processor.py:154} INFO - Started process (PID=2228) to work on /opt/airflow/dags/parallel_dag.py
[2024-05-07T19:56:30.266+0000] {processor.py:756} INFO - Processing file /opt/airflow/dags/parallel_dag.py for tasks to queue
[2024-05-07T19:56:30.268+0000] {logging_mixin.py:120} INFO - [2024-05-07T19:56:30.268+0000] {dagbag.py:537} INFO - Filling up the DagBag from /opt/airflow/dags/parallel_dag.py
[2024-05-07T19:56:30.289+0000] {processor.py:766} INFO - DAG(s) dict_keys(['parallel_dag']) retrieved from /opt/airflow/dags/parallel_dag.py
[2024-05-07T19:56:30.324+0000] {logging_mixin.py:120} INFO - [2024-05-07T19:56:30.324+0000] {dag.py:2585} INFO - Sync 1 DAGs
[2024-05-07T19:56:30.342+0000] {logging_mixin.py:120} INFO - [2024-05-07T19:56:30.342+0000] {dag.py:3340} INFO - Setting next_dagrun for parallel_dag to 2024-05-06T00:00:00+00:00, run_after=2024-05-07T00:00:00+00:00
[2024-05-07T19:56:30.353+0000] {processor.py:176} INFO - Processing /opt/airflow/dags/parallel_dag.py took 0.111 seconds
[2024-05-07T19:57:00.709+0000] {processor.py:154} INFO - Started process (PID=2264) to work on /opt/airflow/dags/parallel_dag.py
[2024-05-07T19:57:00.712+0000] {processor.py:756} INFO - Processing file /opt/airflow/dags/parallel_dag.py for tasks to queue
[2024-05-07T19:57:00.714+0000] {logging_mixin.py:120} INFO - [2024-05-07T19:57:00.714+0000] {dagbag.py:537} INFO - Filling up the DagBag from /opt/airflow/dags/parallel_dag.py
[2024-05-07T19:57:00.745+0000] {processor.py:766} INFO - DAG(s) dict_keys(['parallel_dag']) retrieved from /opt/airflow/dags/parallel_dag.py
[2024-05-07T19:57:00.788+0000] {logging_mixin.py:120} INFO - [2024-05-07T19:57:00.788+0000] {dag.py:2585} INFO - Sync 1 DAGs
[2024-05-07T19:57:00.806+0000] {logging_mixin.py:120} INFO - [2024-05-07T19:57:00.806+0000] {dag.py:3340} INFO - Setting next_dagrun for parallel_dag to 2024-05-06T00:00:00+00:00, run_after=2024-05-07T00:00:00+00:00
[2024-05-07T19:57:00.818+0000] {processor.py:176} INFO - Processing /opt/airflow/dags/parallel_dag.py took 0.117 seconds
[2024-05-07T19:57:30.892+0000] {processor.py:154} INFO - Started process (PID=2300) to work on /opt/airflow/dags/parallel_dag.py
[2024-05-07T19:57:30.894+0000] {processor.py:756} INFO - Processing file /opt/airflow/dags/parallel_dag.py for tasks to queue
[2024-05-07T19:57:30.895+0000] {logging_mixin.py:120} INFO - [2024-05-07T19:57:30.895+0000] {dagbag.py:537} INFO - Filling up the DagBag from /opt/airflow/dags/parallel_dag.py
[2024-05-07T19:57:30.920+0000] {processor.py:766} INFO - DAG(s) dict_keys(['parallel_dag']) retrieved from /opt/airflow/dags/parallel_dag.py
[2024-05-07T19:57:30.948+0000] {logging_mixin.py:120} INFO - [2024-05-07T19:57:30.948+0000] {dag.py:2585} INFO - Sync 1 DAGs
[2024-05-07T19:57:30.963+0000] {logging_mixin.py:120} INFO - [2024-05-07T19:57:30.963+0000] {dag.py:3340} INFO - Setting next_dagrun for parallel_dag to 2024-05-06T00:00:00+00:00, run_after=2024-05-07T00:00:00+00:00
[2024-05-07T19:57:30.972+0000] {processor.py:176} INFO - Processing /opt/airflow/dags/parallel_dag.py took 0.087 seconds
[2024-05-07T19:58:01.495+0000] {processor.py:154} INFO - Started process (PID=2328) to work on /opt/airflow/dags/parallel_dag.py
[2024-05-07T19:58:01.497+0000] {processor.py:756} INFO - Processing file /opt/airflow/dags/parallel_dag.py for tasks to queue
[2024-05-07T19:58:01.498+0000] {logging_mixin.py:120} INFO - [2024-05-07T19:58:01.498+0000] {dagbag.py:537} INFO - Filling up the DagBag from /opt/airflow/dags/parallel_dag.py
[2024-05-07T19:58:01.527+0000] {processor.py:766} INFO - DAG(s) dict_keys(['parallel_dag']) retrieved from /opt/airflow/dags/parallel_dag.py
[2024-05-07T19:58:01.565+0000] {logging_mixin.py:120} INFO - [2024-05-07T19:58:01.565+0000] {dag.py:2585} INFO - Sync 1 DAGs
[2024-05-07T19:58:01.612+0000] {logging_mixin.py:120} INFO - [2024-05-07T19:58:01.611+0000] {dag.py:3340} INFO - Setting next_dagrun for parallel_dag to 2024-05-06T00:00:00+00:00, run_after=2024-05-07T00:00:00+00:00
[2024-05-07T19:58:01.632+0000] {processor.py:176} INFO - Processing /opt/airflow/dags/parallel_dag.py took 0.144 seconds
[2024-05-07T19:58:31.831+0000] {processor.py:154} INFO - Started process (PID=2364) to work on /opt/airflow/dags/parallel_dag.py
[2024-05-07T19:58:31.832+0000] {processor.py:756} INFO - Processing file /opt/airflow/dags/parallel_dag.py for tasks to queue
[2024-05-07T19:58:31.834+0000] {logging_mixin.py:120} INFO - [2024-05-07T19:58:31.833+0000] {dagbag.py:537} INFO - Filling up the DagBag from /opt/airflow/dags/parallel_dag.py
[2024-05-07T19:58:31.855+0000] {processor.py:766} INFO - DAG(s) dict_keys(['parallel_dag']) retrieved from /opt/airflow/dags/parallel_dag.py
[2024-05-07T19:58:31.893+0000] {logging_mixin.py:120} INFO - [2024-05-07T19:58:31.893+0000] {dag.py:2585} INFO - Sync 1 DAGs
[2024-05-07T19:58:31.909+0000] {logging_mixin.py:120} INFO - [2024-05-07T19:58:31.909+0000] {dag.py:3340} INFO - Setting next_dagrun for parallel_dag to 2024-05-06T00:00:00+00:00, run_after=2024-05-07T00:00:00+00:00
[2024-05-07T19:58:31.921+0000] {processor.py:176} INFO - Processing /opt/airflow/dags/parallel_dag.py took 0.096 seconds
[2024-05-07T19:59:02.683+0000] {processor.py:154} INFO - Started process (PID=2401) to work on /opt/airflow/dags/parallel_dag.py
[2024-05-07T19:59:02.686+0000] {processor.py:756} INFO - Processing file /opt/airflow/dags/parallel_dag.py for tasks to queue
[2024-05-07T19:59:02.687+0000] {logging_mixin.py:120} INFO - [2024-05-07T19:59:02.687+0000] {dagbag.py:537} INFO - Filling up the DagBag from /opt/airflow/dags/parallel_dag.py
[2024-05-07T19:59:02.709+0000] {processor.py:766} INFO - DAG(s) dict_keys(['parallel_dag']) retrieved from /opt/airflow/dags/parallel_dag.py
[2024-05-07T19:59:02.740+0000] {logging_mixin.py:120} INFO - [2024-05-07T19:59:02.740+0000] {dag.py:2585} INFO - Sync 1 DAGs
[2024-05-07T19:59:02.755+0000] {logging_mixin.py:120} INFO - [2024-05-07T19:59:02.755+0000] {dag.py:3340} INFO - Setting next_dagrun for parallel_dag to 2024-05-06T00:00:00+00:00, run_after=2024-05-07T00:00:00+00:00
[2024-05-07T19:59:02.765+0000] {processor.py:176} INFO - Processing /opt/airflow/dags/parallel_dag.py took 0.088 seconds
[2024-05-07T19:59:33.548+0000] {processor.py:154} INFO - Started process (PID=2438) to work on /opt/airflow/dags/parallel_dag.py
[2024-05-07T19:59:33.550+0000] {processor.py:756} INFO - Processing file /opt/airflow/dags/parallel_dag.py for tasks to queue
[2024-05-07T19:59:33.551+0000] {logging_mixin.py:120} INFO - [2024-05-07T19:59:33.551+0000] {dagbag.py:537} INFO - Filling up the DagBag from /opt/airflow/dags/parallel_dag.py
[2024-05-07T19:59:33.578+0000] {processor.py:766} INFO - DAG(s) dict_keys(['parallel_dag']) retrieved from /opt/airflow/dags/parallel_dag.py
[2024-05-07T19:59:33.609+0000] {logging_mixin.py:120} INFO - [2024-05-07T19:59:33.609+0000] {dag.py:2585} INFO - Sync 1 DAGs
[2024-05-07T19:59:33.629+0000] {logging_mixin.py:120} INFO - [2024-05-07T19:59:33.628+0000] {dag.py:3340} INFO - Setting next_dagrun for parallel_dag to 2024-05-06T00:00:00+00:00, run_after=2024-05-07T00:00:00+00:00
[2024-05-07T19:59:33.642+0000] {processor.py:176} INFO - Processing /opt/airflow/dags/parallel_dag.py took 0.101 seconds
[2024-05-07T20:00:03.884+0000] {processor.py:154} INFO - Started process (PID=2475) to work on /opt/airflow/dags/parallel_dag.py
[2024-05-07T20:00:03.886+0000] {processor.py:756} INFO - Processing file /opt/airflow/dags/parallel_dag.py for tasks to queue
[2024-05-07T20:00:03.887+0000] {logging_mixin.py:120} INFO - [2024-05-07T20:00:03.887+0000] {dagbag.py:537} INFO - Filling up the DagBag from /opt/airflow/dags/parallel_dag.py
[2024-05-07T20:00:03.946+0000] {processor.py:766} INFO - DAG(s) dict_keys(['parallel_dag']) retrieved from /opt/airflow/dags/parallel_dag.py
[2024-05-07T20:00:04.010+0000] {logging_mixin.py:120} INFO - [2024-05-07T20:00:04.010+0000] {dag.py:2585} INFO - Sync 1 DAGs
[2024-05-07T20:00:04.050+0000] {logging_mixin.py:120} INFO - [2024-05-07T20:00:04.050+0000] {dag.py:3340} INFO - Setting next_dagrun for parallel_dag to 2024-05-06T00:00:00+00:00, run_after=2024-05-07T00:00:00+00:00
[2024-05-07T20:00:04.068+0000] {processor.py:176} INFO - Processing /opt/airflow/dags/parallel_dag.py took 0.190 seconds
[2024-05-07T20:00:34.221+0000] {processor.py:154} INFO - Started process (PID=2511) to work on /opt/airflow/dags/parallel_dag.py
[2024-05-07T20:00:34.222+0000] {processor.py:756} INFO - Processing file /opt/airflow/dags/parallel_dag.py for tasks to queue
[2024-05-07T20:00:34.223+0000] {logging_mixin.py:120} INFO - [2024-05-07T20:00:34.223+0000] {dagbag.py:537} INFO - Filling up the DagBag from /opt/airflow/dags/parallel_dag.py
[2024-05-07T20:00:34.272+0000] {processor.py:766} INFO - DAG(s) dict_keys(['parallel_dag']) retrieved from /opt/airflow/dags/parallel_dag.py
[2024-05-07T20:00:34.317+0000] {logging_mixin.py:120} INFO - [2024-05-07T20:00:34.317+0000] {dag.py:2585} INFO - Sync 1 DAGs
[2024-05-07T20:00:34.337+0000] {logging_mixin.py:120} INFO - [2024-05-07T20:00:34.337+0000] {dag.py:3340} INFO - Setting next_dagrun for parallel_dag to 2024-05-06T00:00:00+00:00, run_after=2024-05-07T00:00:00+00:00
[2024-05-07T20:00:34.351+0000] {processor.py:176} INFO - Processing /opt/airflow/dags/parallel_dag.py took 0.132 seconds
[2024-05-07T20:01:04.601+0000] {processor.py:154} INFO - Started process (PID=2538) to work on /opt/airflow/dags/parallel_dag.py
[2024-05-07T20:01:04.604+0000] {processor.py:756} INFO - Processing file /opt/airflow/dags/parallel_dag.py for tasks to queue
[2024-05-07T20:01:04.606+0000] {logging_mixin.py:120} INFO - [2024-05-07T20:01:04.605+0000] {dagbag.py:537} INFO - Filling up the DagBag from /opt/airflow/dags/parallel_dag.py
[2024-05-07T20:01:04.633+0000] {processor.py:766} INFO - DAG(s) dict_keys(['parallel_dag']) retrieved from /opt/airflow/dags/parallel_dag.py
[2024-05-07T20:01:04.676+0000] {logging_mixin.py:120} INFO - [2024-05-07T20:01:04.675+0000] {dag.py:2585} INFO - Sync 1 DAGs
[2024-05-07T20:01:04.692+0000] {logging_mixin.py:120} INFO - [2024-05-07T20:01:04.692+0000] {dag.py:3340} INFO - Setting next_dagrun for parallel_dag to 2024-05-06T00:00:00+00:00, run_after=2024-05-07T00:00:00+00:00
[2024-05-07T20:01:04.701+0000] {processor.py:176} INFO - Processing /opt/airflow/dags/parallel_dag.py took 0.107 seconds
[2024-05-07T20:01:34.822+0000] {processor.py:154} INFO - Started process (PID=2574) to work on /opt/airflow/dags/parallel_dag.py
[2024-05-07T20:01:34.823+0000] {processor.py:756} INFO - Processing file /opt/airflow/dags/parallel_dag.py for tasks to queue
[2024-05-07T20:01:34.824+0000] {logging_mixin.py:120} INFO - [2024-05-07T20:01:34.824+0000] {dagbag.py:537} INFO - Filling up the DagBag from /opt/airflow/dags/parallel_dag.py
[2024-05-07T20:01:34.838+0000] {processor.py:766} INFO - DAG(s) dict_keys(['parallel_dag']) retrieved from /opt/airflow/dags/parallel_dag.py
[2024-05-07T20:01:34.868+0000] {logging_mixin.py:120} INFO - [2024-05-07T20:01:34.868+0000] {dag.py:2585} INFO - Sync 1 DAGs
[2024-05-07T20:01:34.886+0000] {logging_mixin.py:120} INFO - [2024-05-07T20:01:34.886+0000] {dag.py:3340} INFO - Setting next_dagrun for parallel_dag to 2024-05-06T00:00:00+00:00, run_after=2024-05-07T00:00:00+00:00
[2024-05-07T20:01:34.900+0000] {processor.py:176} INFO - Processing /opt/airflow/dags/parallel_dag.py took 0.081 seconds
