[2024-05-07T19:22:47.448+0000] {processor.py:154} INFO - Started process (PID=55) to work on /opt/airflow/dags/xcom_dag.py
[2024-05-07T19:22:47.450+0000] {processor.py:756} INFO - Processing file /opt/airflow/dags/xcom_dag.py for tasks to queue
[2024-05-07T19:22:47.451+0000] {logging_mixin.py:120} INFO - [2024-05-07T19:22:47.451+0000] {dagbag.py:537} INFO - Filling up the DagBag from /opt/airflow/dags/xcom_dag.py
[2024-05-07T19:22:47.507+0000] {processor.py:766} INFO - DAG(s) dict_keys(['xcom_dag']) retrieved from /opt/airflow/dags/xcom_dag.py
[2024-05-07T19:22:47.674+0000] {logging_mixin.py:120} INFO - [2024-05-07T19:22:47.674+0000] {dag.py:2585} INFO - Sync 1 DAGs
[2024-05-07T19:22:47.750+0000] {logging_mixin.py:120} INFO - [2024-05-07T19:22:47.749+0000] {dag.py:3340} INFO - Setting next_dagrun for xcom_dag to 2024-05-06T00:00:00+00:00, run_after=2024-05-07T00:00:00+00:00
[2024-05-07T19:22:47.785+0000] {processor.py:176} INFO - Processing /opt/airflow/dags/xcom_dag.py took 0.340 seconds
[2024-05-07T19:23:23.786+0000] {processor.py:154} INFO - Started process (PID=82) to work on /opt/airflow/dags/xcom_dag.py
[2024-05-07T19:23:23.791+0000] {processor.py:756} INFO - Processing file /opt/airflow/dags/xcom_dag.py for tasks to queue
[2024-05-07T19:23:23.799+0000] {logging_mixin.py:120} INFO - [2024-05-07T19:23:23.798+0000] {dagbag.py:537} INFO - Filling up the DagBag from /opt/airflow/dags/xcom_dag.py
[2024-05-07T19:23:23.888+0000] {processor.py:766} INFO - DAG(s) dict_keys(['xcom_dag']) retrieved from /opt/airflow/dags/xcom_dag.py
[2024-05-07T19:23:24.078+0000] {logging_mixin.py:120} INFO - [2024-05-07T19:23:24.078+0000] {dag.py:2585} INFO - Sync 1 DAGs
[2024-05-07T19:23:24.218+0000] {logging_mixin.py:120} INFO - [2024-05-07T19:23:24.218+0000] {dag.py:3340} INFO - Setting next_dagrun for xcom_dag to 2024-05-06T00:00:00+00:00, run_after=2024-05-07T00:00:00+00:00
[2024-05-07T19:23:24.239+0000] {processor.py:176} INFO - Processing /opt/airflow/dags/xcom_dag.py took 0.463 seconds
[2024-05-07T19:23:55.667+0000] {processor.py:154} INFO - Started process (PID=120) to work on /opt/airflow/dags/xcom_dag.py
[2024-05-07T19:23:55.668+0000] {processor.py:756} INFO - Processing file /opt/airflow/dags/xcom_dag.py for tasks to queue
[2024-05-07T19:23:55.669+0000] {logging_mixin.py:120} INFO - [2024-05-07T19:23:55.669+0000] {dagbag.py:537} INFO - Filling up the DagBag from /opt/airflow/dags/xcom_dag.py
[2024-05-07T19:23:55.713+0000] {processor.py:766} INFO - DAG(s) dict_keys(['xcom_dag']) retrieved from /opt/airflow/dags/xcom_dag.py
[2024-05-07T19:23:55.806+0000] {logging_mixin.py:120} INFO - [2024-05-07T19:23:55.806+0000] {dag.py:2585} INFO - Sync 1 DAGs
[2024-05-07T19:23:55.834+0000] {logging_mixin.py:120} INFO - [2024-05-07T19:23:55.834+0000] {dag.py:3340} INFO - Setting next_dagrun for xcom_dag to 2024-05-06T00:00:00+00:00, run_after=2024-05-07T00:00:00+00:00
[2024-05-07T19:23:55.854+0000] {processor.py:176} INFO - Processing /opt/airflow/dags/xcom_dag.py took 0.192 seconds
[2024-05-07T19:24:28.808+0000] {processor.py:154} INFO - Started process (PID=156) to work on /opt/airflow/dags/xcom_dag.py
[2024-05-07T19:24:28.811+0000] {processor.py:756} INFO - Processing file /opt/airflow/dags/xcom_dag.py for tasks to queue
[2024-05-07T19:24:28.817+0000] {logging_mixin.py:120} INFO - [2024-05-07T19:24:28.816+0000] {dagbag.py:537} INFO - Filling up the DagBag from /opt/airflow/dags/xcom_dag.py
[2024-05-07T19:24:28.938+0000] {processor.py:766} INFO - DAG(s) dict_keys(['xcom_dag']) retrieved from /opt/airflow/dags/xcom_dag.py
[2024-05-07T19:24:29.114+0000] {logging_mixin.py:120} INFO - [2024-05-07T19:24:29.114+0000] {dag.py:2585} INFO - Sync 1 DAGs
[2024-05-07T19:24:29.160+0000] {logging_mixin.py:120} INFO - [2024-05-07T19:24:29.158+0000] {dag.py:3340} INFO - Setting next_dagrun for xcom_dag to 2024-05-06T00:00:00+00:00, run_after=2024-05-07T00:00:00+00:00
[2024-05-07T19:24:29.215+0000] {processor.py:176} INFO - Processing /opt/airflow/dags/xcom_dag.py took 0.412 seconds
[2024-05-07T19:25:00.370+0000] {processor.py:154} INFO - Started process (PID=183) to work on /opt/airflow/dags/xcom_dag.py
[2024-05-07T19:25:00.371+0000] {processor.py:756} INFO - Processing file /opt/airflow/dags/xcom_dag.py for tasks to queue
[2024-05-07T19:25:00.372+0000] {logging_mixin.py:120} INFO - [2024-05-07T19:25:00.372+0000] {dagbag.py:537} INFO - Filling up the DagBag from /opt/airflow/dags/xcom_dag.py
[2024-05-07T19:25:00.393+0000] {processor.py:766} INFO - DAG(s) dict_keys(['xcom_dag']) retrieved from /opt/airflow/dags/xcom_dag.py
[2024-05-07T19:25:00.431+0000] {logging_mixin.py:120} INFO - [2024-05-07T19:25:00.431+0000] {dag.py:2585} INFO - Sync 1 DAGs
[2024-05-07T19:25:00.448+0000] {logging_mixin.py:120} INFO - [2024-05-07T19:25:00.448+0000] {dag.py:3340} INFO - Setting next_dagrun for xcom_dag to 2024-05-06T00:00:00+00:00, run_after=2024-05-07T00:00:00+00:00
[2024-05-07T19:25:00.459+0000] {processor.py:176} INFO - Processing /opt/airflow/dags/xcom_dag.py took 0.093 seconds
[2024-05-07T19:25:31.758+0000] {processor.py:154} INFO - Started process (PID=220) to work on /opt/airflow/dags/xcom_dag.py
[2024-05-07T19:25:31.758+0000] {processor.py:756} INFO - Processing file /opt/airflow/dags/xcom_dag.py for tasks to queue
[2024-05-07T19:25:31.759+0000] {logging_mixin.py:120} INFO - [2024-05-07T19:25:31.759+0000] {dagbag.py:537} INFO - Filling up the DagBag from /opt/airflow/dags/xcom_dag.py
[2024-05-07T19:25:31.794+0000] {processor.py:766} INFO - DAG(s) dict_keys(['xcom_dag']) retrieved from /opt/airflow/dags/xcom_dag.py
[2024-05-07T19:25:31.826+0000] {logging_mixin.py:120} INFO - [2024-05-07T19:25:31.826+0000] {dag.py:2585} INFO - Sync 1 DAGs
[2024-05-07T19:25:31.844+0000] {logging_mixin.py:120} INFO - [2024-05-07T19:25:31.844+0000] {dag.py:3340} INFO - Setting next_dagrun for xcom_dag to 2024-05-06T00:00:00+00:00, run_after=2024-05-07T00:00:00+00:00
[2024-05-07T19:25:31.854+0000] {processor.py:176} INFO - Processing /opt/airflow/dags/xcom_dag.py took 0.098 seconds
[2024-05-07T19:26:03.116+0000] {processor.py:154} INFO - Started process (PID=257) to work on /opt/airflow/dags/xcom_dag.py
[2024-05-07T19:26:03.117+0000] {processor.py:756} INFO - Processing file /opt/airflow/dags/xcom_dag.py for tasks to queue
[2024-05-07T19:26:03.118+0000] {logging_mixin.py:120} INFO - [2024-05-07T19:26:03.118+0000] {dagbag.py:537} INFO - Filling up the DagBag from /opt/airflow/dags/xcom_dag.py
[2024-05-07T19:26:03.138+0000] {processor.py:766} INFO - DAG(s) dict_keys(['xcom_dag']) retrieved from /opt/airflow/dags/xcom_dag.py
[2024-05-07T19:26:03.165+0000] {logging_mixin.py:120} INFO - [2024-05-07T19:26:03.165+0000] {dag.py:2585} INFO - Sync 1 DAGs
[2024-05-07T19:26:03.179+0000] {logging_mixin.py:120} INFO - [2024-05-07T19:26:03.179+0000] {dag.py:3340} INFO - Setting next_dagrun for xcom_dag to 2024-05-06T00:00:00+00:00, run_after=2024-05-07T00:00:00+00:00
[2024-05-07T19:26:03.192+0000] {processor.py:176} INFO - Processing /opt/airflow/dags/xcom_dag.py took 0.080 seconds
[2024-05-07T19:26:33.587+0000] {processor.py:154} INFO - Started process (PID=293) to work on /opt/airflow/dags/xcom_dag.py
[2024-05-07T19:26:33.588+0000] {processor.py:756} INFO - Processing file /opt/airflow/dags/xcom_dag.py for tasks to queue
[2024-05-07T19:26:33.588+0000] {logging_mixin.py:120} INFO - [2024-05-07T19:26:33.588+0000] {dagbag.py:537} INFO - Filling up the DagBag from /opt/airflow/dags/xcom_dag.py
[2024-05-07T19:26:33.604+0000] {processor.py:766} INFO - DAG(s) dict_keys(['xcom_dag']) retrieved from /opt/airflow/dags/xcom_dag.py
[2024-05-07T19:26:33.650+0000] {logging_mixin.py:120} INFO - [2024-05-07T19:26:33.650+0000] {dag.py:2585} INFO - Sync 1 DAGs
[2024-05-07T19:26:33.668+0000] {logging_mixin.py:120} INFO - [2024-05-07T19:26:33.668+0000] {dag.py:3340} INFO - Setting next_dagrun for xcom_dag to 2024-05-06T00:00:00+00:00, run_after=2024-05-07T00:00:00+00:00
[2024-05-07T19:26:33.678+0000] {processor.py:176} INFO - Processing /opt/airflow/dags/xcom_dag.py took 0.095 seconds
[2024-05-07T19:27:04.138+0000] {processor.py:154} INFO - Started process (PID=318) to work on /opt/airflow/dags/xcom_dag.py
[2024-05-07T19:27:04.140+0000] {processor.py:756} INFO - Processing file /opt/airflow/dags/xcom_dag.py for tasks to queue
[2024-05-07T19:27:04.141+0000] {logging_mixin.py:120} INFO - [2024-05-07T19:27:04.140+0000] {dagbag.py:537} INFO - Filling up the DagBag from /opt/airflow/dags/xcom_dag.py
[2024-05-07T19:27:04.207+0000] {processor.py:766} INFO - DAG(s) dict_keys(['xcom_dag']) retrieved from /opt/airflow/dags/xcom_dag.py
[2024-05-07T19:27:04.331+0000] {logging_mixin.py:120} INFO - [2024-05-07T19:27:04.330+0000] {dag.py:2585} INFO - Sync 1 DAGs
[2024-05-07T19:27:04.365+0000] {logging_mixin.py:120} INFO - [2024-05-07T19:27:04.365+0000] {dag.py:3340} INFO - Setting next_dagrun for xcom_dag to 2024-05-06T00:00:00+00:00, run_after=2024-05-07T00:00:00+00:00
[2024-05-07T19:27:04.380+0000] {processor.py:176} INFO - Processing /opt/airflow/dags/xcom_dag.py took 0.246 seconds
[2024-05-07T19:27:34.993+0000] {processor.py:154} INFO - Started process (PID=353) to work on /opt/airflow/dags/xcom_dag.py
[2024-05-07T19:27:34.999+0000] {processor.py:756} INFO - Processing file /opt/airflow/dags/xcom_dag.py for tasks to queue
[2024-05-07T19:27:35.000+0000] {logging_mixin.py:120} INFO - [2024-05-07T19:27:35.000+0000] {dagbag.py:537} INFO - Filling up the DagBag from /opt/airflow/dags/xcom_dag.py
[2024-05-07T19:27:35.055+0000] {processor.py:766} INFO - DAG(s) dict_keys(['xcom_dag']) retrieved from /opt/airflow/dags/xcom_dag.py
[2024-05-07T19:27:35.122+0000] {logging_mixin.py:120} INFO - [2024-05-07T19:27:35.122+0000] {dag.py:2585} INFO - Sync 1 DAGs
[2024-05-07T19:27:35.155+0000] {logging_mixin.py:120} INFO - [2024-05-07T19:27:35.155+0000] {dag.py:3340} INFO - Setting next_dagrun for xcom_dag to 2024-05-06T00:00:00+00:00, run_after=2024-05-07T00:00:00+00:00
[2024-05-07T19:27:35.176+0000] {processor.py:176} INFO - Processing /opt/airflow/dags/xcom_dag.py took 0.197 seconds
[2024-05-07T19:28:06.144+0000] {processor.py:154} INFO - Started process (PID=389) to work on /opt/airflow/dags/xcom_dag.py
[2024-05-07T19:28:06.147+0000] {processor.py:756} INFO - Processing file /opt/airflow/dags/xcom_dag.py for tasks to queue
[2024-05-07T19:28:06.148+0000] {logging_mixin.py:120} INFO - [2024-05-07T19:28:06.148+0000] {dagbag.py:537} INFO - Filling up the DagBag from /opt/airflow/dags/xcom_dag.py
[2024-05-07T19:28:06.490+0000] {processor.py:766} INFO - DAG(s) dict_keys(['xcom_dag']) retrieved from /opt/airflow/dags/xcom_dag.py
[2024-05-07T19:28:06.819+0000] {logging_mixin.py:120} INFO - [2024-05-07T19:28:06.818+0000] {dag.py:2585} INFO - Sync 1 DAGs
[2024-05-07T19:28:06.917+0000] {logging_mixin.py:120} INFO - [2024-05-07T19:28:06.917+0000] {dag.py:3340} INFO - Setting next_dagrun for xcom_dag to 2024-05-06T00:00:00+00:00, run_after=2024-05-07T00:00:00+00:00
[2024-05-07T19:28:06.972+0000] {processor.py:176} INFO - Processing /opt/airflow/dags/xcom_dag.py took 0.845 seconds
[2024-05-07T19:28:37.417+0000] {processor.py:154} INFO - Started process (PID=424) to work on /opt/airflow/dags/xcom_dag.py
[2024-05-07T19:28:37.419+0000] {processor.py:756} INFO - Processing file /opt/airflow/dags/xcom_dag.py for tasks to queue
[2024-05-07T19:28:37.420+0000] {logging_mixin.py:120} INFO - [2024-05-07T19:28:37.420+0000] {dagbag.py:537} INFO - Filling up the DagBag from /opt/airflow/dags/xcom_dag.py
[2024-05-07T19:28:37.465+0000] {processor.py:766} INFO - DAG(s) dict_keys(['xcom_dag']) retrieved from /opt/airflow/dags/xcom_dag.py
[2024-05-07T19:28:37.665+0000] {logging_mixin.py:120} INFO - [2024-05-07T19:28:37.665+0000] {dag.py:2585} INFO - Sync 1 DAGs
[2024-05-07T19:28:37.723+0000] {logging_mixin.py:120} INFO - [2024-05-07T19:28:37.722+0000] {dag.py:3340} INFO - Setting next_dagrun for xcom_dag to 2024-05-06T00:00:00+00:00, run_after=2024-05-07T00:00:00+00:00
[2024-05-07T19:28:37.745+0000] {processor.py:176} INFO - Processing /opt/airflow/dags/xcom_dag.py took 0.335 seconds
[2024-05-07T19:29:07.899+0000] {processor.py:154} INFO - Started process (PID=451) to work on /opt/airflow/dags/xcom_dag.py
[2024-05-07T19:29:07.902+0000] {processor.py:756} INFO - Processing file /opt/airflow/dags/xcom_dag.py for tasks to queue
[2024-05-07T19:29:07.905+0000] {logging_mixin.py:120} INFO - [2024-05-07T19:29:07.904+0000] {dagbag.py:537} INFO - Filling up the DagBag from /opt/airflow/dags/xcom_dag.py
[2024-05-07T19:29:07.958+0000] {processor.py:766} INFO - DAG(s) dict_keys(['xcom_dag']) retrieved from /opt/airflow/dags/xcom_dag.py
[2024-05-07T19:29:08.087+0000] {logging_mixin.py:120} INFO - [2024-05-07T19:29:08.086+0000] {dag.py:2585} INFO - Sync 1 DAGs
[2024-05-07T19:29:08.119+0000] {logging_mixin.py:120} INFO - [2024-05-07T19:29:08.119+0000] {dag.py:3340} INFO - Setting next_dagrun for xcom_dag to 2024-05-06T00:00:00+00:00, run_after=2024-05-07T00:00:00+00:00
[2024-05-07T19:29:08.134+0000] {processor.py:176} INFO - Processing /opt/airflow/dags/xcom_dag.py took 0.245 seconds
[2024-05-07T19:29:38.802+0000] {processor.py:154} INFO - Started process (PID=488) to work on /opt/airflow/dags/xcom_dag.py
[2024-05-07T19:29:38.804+0000] {processor.py:756} INFO - Processing file /opt/airflow/dags/xcom_dag.py for tasks to queue
[2024-05-07T19:29:38.805+0000] {logging_mixin.py:120} INFO - [2024-05-07T19:29:38.805+0000] {dagbag.py:537} INFO - Filling up the DagBag from /opt/airflow/dags/xcom_dag.py
[2024-05-07T19:29:38.839+0000] {processor.py:766} INFO - DAG(s) dict_keys(['xcom_dag']) retrieved from /opt/airflow/dags/xcom_dag.py
[2024-05-07T19:29:38.924+0000] {logging_mixin.py:120} INFO - [2024-05-07T19:29:38.924+0000] {dag.py:2585} INFO - Sync 1 DAGs
[2024-05-07T19:29:38.946+0000] {logging_mixin.py:120} INFO - [2024-05-07T19:29:38.946+0000] {dag.py:3340} INFO - Setting next_dagrun for xcom_dag to 2024-05-06T00:00:00+00:00, run_after=2024-05-07T00:00:00+00:00
[2024-05-07T19:29:38.958+0000] {processor.py:176} INFO - Processing /opt/airflow/dags/xcom_dag.py took 0.163 seconds
[2024-05-07T19:30:09.804+0000] {processor.py:154} INFO - Started process (PID=525) to work on /opt/airflow/dags/xcom_dag.py
[2024-05-07T19:30:09.807+0000] {processor.py:756} INFO - Processing file /opt/airflow/dags/xcom_dag.py for tasks to queue
[2024-05-07T19:30:09.809+0000] {logging_mixin.py:120} INFO - [2024-05-07T19:30:09.809+0000] {dagbag.py:537} INFO - Filling up the DagBag from /opt/airflow/dags/xcom_dag.py
[2024-05-07T19:30:09.981+0000] {processor.py:766} INFO - DAG(s) dict_keys(['xcom_dag']) retrieved from /opt/airflow/dags/xcom_dag.py
[2024-05-07T19:30:10.106+0000] {logging_mixin.py:120} INFO - [2024-05-07T19:30:10.105+0000] {dag.py:2585} INFO - Sync 1 DAGs
[2024-05-07T19:30:10.141+0000] {logging_mixin.py:120} INFO - [2024-05-07T19:30:10.141+0000] {dag.py:3340} INFO - Setting next_dagrun for xcom_dag to 2024-05-06T00:00:00+00:00, run_after=2024-05-07T00:00:00+00:00
[2024-05-07T19:30:10.159+0000] {processor.py:176} INFO - Processing /opt/airflow/dags/xcom_dag.py took 0.373 seconds
[2024-05-07T19:30:41.010+0000] {processor.py:154} INFO - Started process (PID=562) to work on /opt/airflow/dags/xcom_dag.py
[2024-05-07T19:30:41.012+0000] {processor.py:756} INFO - Processing file /opt/airflow/dags/xcom_dag.py for tasks to queue
[2024-05-07T19:30:41.013+0000] {logging_mixin.py:120} INFO - [2024-05-07T19:30:41.013+0000] {dagbag.py:537} INFO - Filling up the DagBag from /opt/airflow/dags/xcom_dag.py
[2024-05-07T19:30:41.050+0000] {processor.py:766} INFO - DAG(s) dict_keys(['xcom_dag']) retrieved from /opt/airflow/dags/xcom_dag.py
[2024-05-07T19:30:41.231+0000] {logging_mixin.py:120} INFO - [2024-05-07T19:30:41.230+0000] {dag.py:2585} INFO - Sync 1 DAGs
[2024-05-07T19:30:41.282+0000] {logging_mixin.py:120} INFO - [2024-05-07T19:30:41.282+0000] {dag.py:3340} INFO - Setting next_dagrun for xcom_dag to 2024-05-06T00:00:00+00:00, run_after=2024-05-07T00:00:00+00:00
[2024-05-07T19:30:41.320+0000] {processor.py:176} INFO - Processing /opt/airflow/dags/xcom_dag.py took 0.317 seconds
[2024-05-07T19:31:12.240+0000] {processor.py:154} INFO - Started process (PID=591) to work on /opt/airflow/dags/xcom_dag.py
[2024-05-07T19:31:12.244+0000] {processor.py:756} INFO - Processing file /opt/airflow/dags/xcom_dag.py for tasks to queue
[2024-05-07T19:31:12.246+0000] {logging_mixin.py:120} INFO - [2024-05-07T19:31:12.246+0000] {dagbag.py:537} INFO - Filling up the DagBag from /opt/airflow/dags/xcom_dag.py
[2024-05-07T19:31:12.383+0000] {processor.py:766} INFO - DAG(s) dict_keys(['xcom_dag']) retrieved from /opt/airflow/dags/xcom_dag.py
[2024-05-07T19:31:13.526+0000] {logging_mixin.py:120} INFO - [2024-05-07T19:31:13.519+0000] {dag.py:2585} INFO - Sync 1 DAGs
[2024-05-07T19:31:13.703+0000] {logging_mixin.py:120} INFO - [2024-05-07T19:31:13.701+0000] {dag.py:3340} INFO - Setting next_dagrun for xcom_dag to 2024-05-06T00:00:00+00:00, run_after=2024-05-07T00:00:00+00:00
[2024-05-07T19:31:13.797+0000] {processor.py:176} INFO - Processing /opt/airflow/dags/xcom_dag.py took 1.563 seconds
[2024-05-07T19:31:44.777+0000] {processor.py:154} INFO - Started process (PID=626) to work on /opt/airflow/dags/xcom_dag.py
[2024-05-07T19:31:44.780+0000] {processor.py:756} INFO - Processing file /opt/airflow/dags/xcom_dag.py for tasks to queue
[2024-05-07T19:31:44.781+0000] {logging_mixin.py:120} INFO - [2024-05-07T19:31:44.781+0000] {dagbag.py:537} INFO - Filling up the DagBag from /opt/airflow/dags/xcom_dag.py
[2024-05-07T19:31:44.819+0000] {processor.py:766} INFO - DAG(s) dict_keys(['xcom_dag']) retrieved from /opt/airflow/dags/xcom_dag.py
[2024-05-07T19:31:44.910+0000] {logging_mixin.py:120} INFO - [2024-05-07T19:31:44.910+0000] {dag.py:2585} INFO - Sync 1 DAGs
[2024-05-07T19:31:44.956+0000] {logging_mixin.py:120} INFO - [2024-05-07T19:31:44.956+0000] {dag.py:3340} INFO - Setting next_dagrun for xcom_dag to 2024-05-06T00:00:00+00:00, run_after=2024-05-07T00:00:00+00:00
[2024-05-07T19:31:44.973+0000] {processor.py:176} INFO - Processing /opt/airflow/dags/xcom_dag.py took 0.202 seconds
[2024-05-07T19:32:15.148+0000] {processor.py:154} INFO - Started process (PID=654) to work on /opt/airflow/dags/xcom_dag.py
[2024-05-07T19:32:15.149+0000] {processor.py:756} INFO - Processing file /opt/airflow/dags/xcom_dag.py for tasks to queue
[2024-05-07T19:32:15.150+0000] {logging_mixin.py:120} INFO - [2024-05-07T19:32:15.150+0000] {dagbag.py:537} INFO - Filling up the DagBag from /opt/airflow/dags/xcom_dag.py
[2024-05-07T19:32:15.198+0000] {processor.py:766} INFO - DAG(s) dict_keys(['xcom_dag']) retrieved from /opt/airflow/dags/xcom_dag.py
[2024-05-07T19:32:15.268+0000] {logging_mixin.py:120} INFO - [2024-05-07T19:32:15.268+0000] {dag.py:2585} INFO - Sync 1 DAGs
[2024-05-07T19:32:15.296+0000] {logging_mixin.py:120} INFO - [2024-05-07T19:32:15.296+0000] {dag.py:3340} INFO - Setting next_dagrun for xcom_dag to 2024-05-06T00:00:00+00:00, run_after=2024-05-07T00:00:00+00:00
[2024-05-07T19:32:15.314+0000] {processor.py:176} INFO - Processing /opt/airflow/dags/xcom_dag.py took 0.172 seconds
[2024-05-07T19:32:46.050+0000] {processor.py:154} INFO - Started process (PID=691) to work on /opt/airflow/dags/xcom_dag.py
[2024-05-07T19:32:46.051+0000] {processor.py:756} INFO - Processing file /opt/airflow/dags/xcom_dag.py for tasks to queue
[2024-05-07T19:32:46.052+0000] {logging_mixin.py:120} INFO - [2024-05-07T19:32:46.052+0000] {dagbag.py:537} INFO - Filling up the DagBag from /opt/airflow/dags/xcom_dag.py
[2024-05-07T19:32:46.101+0000] {processor.py:766} INFO - DAG(s) dict_keys(['xcom_dag']) retrieved from /opt/airflow/dags/xcom_dag.py
[2024-05-07T19:32:46.168+0000] {logging_mixin.py:120} INFO - [2024-05-07T19:32:46.168+0000] {dag.py:2585} INFO - Sync 1 DAGs
[2024-05-07T19:32:46.189+0000] {logging_mixin.py:120} INFO - [2024-05-07T19:32:46.189+0000] {dag.py:3340} INFO - Setting next_dagrun for xcom_dag to 2024-05-06T00:00:00+00:00, run_after=2024-05-07T00:00:00+00:00
[2024-05-07T19:32:46.201+0000] {processor.py:176} INFO - Processing /opt/airflow/dags/xcom_dag.py took 0.157 seconds
[2024-05-07T19:33:17.300+0000] {processor.py:154} INFO - Started process (PID=726) to work on /opt/airflow/dags/xcom_dag.py
[2024-05-07T19:33:17.305+0000] {processor.py:756} INFO - Processing file /opt/airflow/dags/xcom_dag.py for tasks to queue
[2024-05-07T19:33:17.309+0000] {logging_mixin.py:120} INFO - [2024-05-07T19:33:17.309+0000] {dagbag.py:537} INFO - Filling up the DagBag from /opt/airflow/dags/xcom_dag.py
[2024-05-07T19:33:17.438+0000] {processor.py:766} INFO - DAG(s) dict_keys(['xcom_dag']) retrieved from /opt/airflow/dags/xcom_dag.py
[2024-05-07T19:33:17.664+0000] {logging_mixin.py:120} INFO - [2024-05-07T19:33:17.664+0000] {dag.py:2585} INFO - Sync 1 DAGs
[2024-05-07T19:33:17.729+0000] {logging_mixin.py:120} INFO - [2024-05-07T19:33:17.728+0000] {dag.py:3340} INFO - Setting next_dagrun for xcom_dag to 2024-05-06T00:00:00+00:00, run_after=2024-05-07T00:00:00+00:00
[2024-05-07T19:33:17.755+0000] {processor.py:176} INFO - Processing /opt/airflow/dags/xcom_dag.py took 0.496 seconds
[2024-05-07T19:33:47.878+0000] {processor.py:154} INFO - Started process (PID=755) to work on /opt/airflow/dags/xcom_dag.py
[2024-05-07T19:33:47.880+0000] {processor.py:756} INFO - Processing file /opt/airflow/dags/xcom_dag.py for tasks to queue
[2024-05-07T19:33:47.881+0000] {logging_mixin.py:120} INFO - [2024-05-07T19:33:47.881+0000] {dagbag.py:537} INFO - Filling up the DagBag from /opt/airflow/dags/xcom_dag.py
[2024-05-07T19:33:47.942+0000] {processor.py:766} INFO - DAG(s) dict_keys(['xcom_dag']) retrieved from /opt/airflow/dags/xcom_dag.py
[2024-05-07T19:33:48.008+0000] {logging_mixin.py:120} INFO - [2024-05-07T19:33:48.008+0000] {dag.py:2585} INFO - Sync 1 DAGs
[2024-05-07T19:33:48.044+0000] {logging_mixin.py:120} INFO - [2024-05-07T19:33:48.044+0000] {dag.py:3340} INFO - Setting next_dagrun for xcom_dag to 2024-05-06T00:00:00+00:00, run_after=2024-05-07T00:00:00+00:00
[2024-05-07T19:33:48.056+0000] {processor.py:176} INFO - Processing /opt/airflow/dags/xcom_dag.py took 0.186 seconds
[2024-05-07T19:34:18.232+0000] {processor.py:154} INFO - Started process (PID=789) to work on /opt/airflow/dags/xcom_dag.py
[2024-05-07T19:34:18.239+0000] {processor.py:756} INFO - Processing file /opt/airflow/dags/xcom_dag.py for tasks to queue
[2024-05-07T19:34:18.243+0000] {logging_mixin.py:120} INFO - [2024-05-07T19:34:18.242+0000] {dagbag.py:537} INFO - Filling up the DagBag from /opt/airflow/dags/xcom_dag.py
[2024-05-07T19:34:18.377+0000] {processor.py:766} INFO - DAG(s) dict_keys(['xcom_dag']) retrieved from /opt/airflow/dags/xcom_dag.py
[2024-05-07T19:34:18.613+0000] {logging_mixin.py:120} INFO - [2024-05-07T19:34:18.613+0000] {dag.py:2585} INFO - Sync 1 DAGs
[2024-05-07T19:34:18.657+0000] {logging_mixin.py:120} INFO - [2024-05-07T19:34:18.657+0000] {dag.py:3340} INFO - Setting next_dagrun for xcom_dag to 2024-05-06T00:00:00+00:00, run_after=2024-05-07T00:00:00+00:00
[2024-05-07T19:34:18.684+0000] {processor.py:176} INFO - Processing /opt/airflow/dags/xcom_dag.py took 0.481 seconds
[2024-05-07T19:34:49.480+0000] {processor.py:154} INFO - Started process (PID=817) to work on /opt/airflow/dags/xcom_dag.py
[2024-05-07T19:34:49.484+0000] {processor.py:756} INFO - Processing file /opt/airflow/dags/xcom_dag.py for tasks to queue
[2024-05-07T19:34:49.487+0000] {logging_mixin.py:120} INFO - [2024-05-07T19:34:49.486+0000] {dagbag.py:537} INFO - Filling up the DagBag from /opt/airflow/dags/xcom_dag.py
[2024-05-07T19:34:49.535+0000] {processor.py:766} INFO - DAG(s) dict_keys(['xcom_dag']) retrieved from /opt/airflow/dags/xcom_dag.py
[2024-05-07T19:34:49.770+0000] {logging_mixin.py:120} INFO - [2024-05-07T19:34:49.770+0000] {dag.py:2585} INFO - Sync 1 DAGs
[2024-05-07T19:34:49.800+0000] {logging_mixin.py:120} INFO - [2024-05-07T19:34:49.799+0000] {dag.py:3340} INFO - Setting next_dagrun for xcom_dag to 2024-05-06T00:00:00+00:00, run_after=2024-05-07T00:00:00+00:00
[2024-05-07T19:34:49.816+0000] {processor.py:176} INFO - Processing /opt/airflow/dags/xcom_dag.py took 0.352 seconds
[2024-05-07T19:35:21.091+0000] {processor.py:154} INFO - Started process (PID=853) to work on /opt/airflow/dags/xcom_dag.py
[2024-05-07T19:35:21.096+0000] {processor.py:756} INFO - Processing file /opt/airflow/dags/xcom_dag.py for tasks to queue
[2024-05-07T19:35:21.097+0000] {logging_mixin.py:120} INFO - [2024-05-07T19:35:21.097+0000] {dagbag.py:537} INFO - Filling up the DagBag from /opt/airflow/dags/xcom_dag.py
[2024-05-07T19:35:21.197+0000] {processor.py:766} INFO - DAG(s) dict_keys(['xcom_dag']) retrieved from /opt/airflow/dags/xcom_dag.py
[2024-05-07T19:35:21.730+0000] {logging_mixin.py:120} INFO - [2024-05-07T19:35:21.729+0000] {dag.py:2585} INFO - Sync 1 DAGs
[2024-05-07T19:35:21.968+0000] {logging_mixin.py:120} INFO - [2024-05-07T19:35:21.968+0000] {dag.py:3340} INFO - Setting next_dagrun for xcom_dag to 2024-05-06T00:00:00+00:00, run_after=2024-05-07T00:00:00+00:00
[2024-05-07T19:35:22.103+0000] {processor.py:176} INFO - Processing /opt/airflow/dags/xcom_dag.py took 1.030 seconds
[2024-05-07T19:35:52.853+0000] {processor.py:154} INFO - Started process (PID=889) to work on /opt/airflow/dags/xcom_dag.py
[2024-05-07T19:35:52.860+0000] {processor.py:756} INFO - Processing file /opt/airflow/dags/xcom_dag.py for tasks to queue
[2024-05-07T19:35:52.863+0000] {logging_mixin.py:120} INFO - [2024-05-07T19:35:52.862+0000] {dagbag.py:537} INFO - Filling up the DagBag from /opt/airflow/dags/xcom_dag.py
[2024-05-07T19:35:52.945+0000] {processor.py:766} INFO - DAG(s) dict_keys(['xcom_dag']) retrieved from /opt/airflow/dags/xcom_dag.py
[2024-05-07T19:35:53.079+0000] {logging_mixin.py:120} INFO - [2024-05-07T19:35:53.079+0000] {dag.py:2585} INFO - Sync 1 DAGs
[2024-05-07T19:35:53.117+0000] {logging_mixin.py:120} INFO - [2024-05-07T19:35:53.117+0000] {dag.py:3340} INFO - Setting next_dagrun for xcom_dag to 2024-05-06T00:00:00+00:00, run_after=2024-05-07T00:00:00+00:00
[2024-05-07T19:35:53.142+0000] {processor.py:176} INFO - Processing /opt/airflow/dags/xcom_dag.py took 0.317 seconds
[2024-05-07T19:36:23.587+0000] {processor.py:154} INFO - Started process (PID=917) to work on /opt/airflow/dags/xcom_dag.py
[2024-05-07T19:36:23.590+0000] {processor.py:756} INFO - Processing file /opt/airflow/dags/xcom_dag.py for tasks to queue
[2024-05-07T19:36:23.591+0000] {logging_mixin.py:120} INFO - [2024-05-07T19:36:23.591+0000] {dagbag.py:537} INFO - Filling up the DagBag from /opt/airflow/dags/xcom_dag.py
[2024-05-07T19:36:23.674+0000] {processor.py:766} INFO - DAG(s) dict_keys(['xcom_dag']) retrieved from /opt/airflow/dags/xcom_dag.py
[2024-05-07T19:36:23.814+0000] {logging_mixin.py:120} INFO - [2024-05-07T19:36:23.814+0000] {dag.py:2585} INFO - Sync 1 DAGs
[2024-05-07T19:36:23.851+0000] {logging_mixin.py:120} INFO - [2024-05-07T19:36:23.851+0000] {dag.py:3340} INFO - Setting next_dagrun for xcom_dag to 2024-05-06T00:00:00+00:00, run_after=2024-05-07T00:00:00+00:00
[2024-05-07T19:36:23.943+0000] {processor.py:176} INFO - Processing /opt/airflow/dags/xcom_dag.py took 0.376 seconds
[2024-05-07T19:36:54.207+0000] {processor.py:154} INFO - Started process (PID=943) to work on /opt/airflow/dags/xcom_dag.py
[2024-05-07T19:36:54.209+0000] {processor.py:756} INFO - Processing file /opt/airflow/dags/xcom_dag.py for tasks to queue
[2024-05-07T19:36:54.210+0000] {logging_mixin.py:120} INFO - [2024-05-07T19:36:54.210+0000] {dagbag.py:537} INFO - Filling up the DagBag from /opt/airflow/dags/xcom_dag.py
[2024-05-07T19:36:54.318+0000] {processor.py:766} INFO - DAG(s) dict_keys(['xcom_dag']) retrieved from /opt/airflow/dags/xcom_dag.py
[2024-05-07T19:36:55.900+0000] {logging_mixin.py:120} INFO - [2024-05-07T19:36:55.895+0000] {dag.py:2585} INFO - Sync 1 DAGs
[2024-05-07T19:36:56.238+0000] {logging_mixin.py:120} INFO - [2024-05-07T19:36:56.237+0000] {dag.py:3340} INFO - Setting next_dagrun for xcom_dag to 2024-05-06T00:00:00+00:00, run_after=2024-05-07T00:00:00+00:00
[2024-05-07T19:36:56.511+0000] {processor.py:176} INFO - Processing /opt/airflow/dags/xcom_dag.py took 2.318 seconds
[2024-05-07T19:37:26.748+0000] {processor.py:154} INFO - Started process (PID=979) to work on /opt/airflow/dags/xcom_dag.py
[2024-05-07T19:37:26.755+0000] {processor.py:756} INFO - Processing file /opt/airflow/dags/xcom_dag.py for tasks to queue
[2024-05-07T19:37:26.761+0000] {logging_mixin.py:120} INFO - [2024-05-07T19:37:26.760+0000] {dagbag.py:537} INFO - Filling up the DagBag from /opt/airflow/dags/xcom_dag.py
[2024-05-07T19:37:27.018+0000] {processor.py:766} INFO - DAG(s) dict_keys(['xcom_dag']) retrieved from /opt/airflow/dags/xcom_dag.py
[2024-05-07T19:37:27.817+0000] {logging_mixin.py:120} INFO - [2024-05-07T19:37:27.816+0000] {dag.py:2585} INFO - Sync 1 DAGs
[2024-05-07T19:37:28.144+0000] {logging_mixin.py:120} INFO - [2024-05-07T19:37:28.143+0000] {dag.py:3340} INFO - Setting next_dagrun for xcom_dag to 2024-05-06T00:00:00+00:00, run_after=2024-05-07T00:00:00+00:00
[2024-05-07T19:37:28.238+0000] {processor.py:176} INFO - Processing /opt/airflow/dags/xcom_dag.py took 1.484 seconds
[2024-05-07T19:37:59.223+0000] {processor.py:154} INFO - Started process (PID=1006) to work on /opt/airflow/dags/xcom_dag.py
[2024-05-07T19:37:59.225+0000] {processor.py:756} INFO - Processing file /opt/airflow/dags/xcom_dag.py for tasks to queue
[2024-05-07T19:37:59.226+0000] {logging_mixin.py:120} INFO - [2024-05-07T19:37:59.226+0000] {dagbag.py:537} INFO - Filling up the DagBag from /opt/airflow/dags/xcom_dag.py
[2024-05-07T19:37:59.285+0000] {processor.py:766} INFO - DAG(s) dict_keys(['xcom_dag']) retrieved from /opt/airflow/dags/xcom_dag.py
[2024-05-07T19:37:59.363+0000] {logging_mixin.py:120} INFO - [2024-05-07T19:37:59.363+0000] {dag.py:2585} INFO - Sync 1 DAGs
[2024-05-07T19:37:59.395+0000] {logging_mixin.py:120} INFO - [2024-05-07T19:37:59.395+0000] {dag.py:3340} INFO - Setting next_dagrun for xcom_dag to 2024-05-06T00:00:00+00:00, run_after=2024-05-07T00:00:00+00:00
[2024-05-07T19:37:59.414+0000] {processor.py:176} INFO - Processing /opt/airflow/dags/xcom_dag.py took 0.199 seconds
[2024-05-07T19:38:29.546+0000] {processor.py:154} INFO - Started process (PID=1041) to work on /opt/airflow/dags/xcom_dag.py
[2024-05-07T19:38:29.548+0000] {processor.py:756} INFO - Processing file /opt/airflow/dags/xcom_dag.py for tasks to queue
[2024-05-07T19:38:29.550+0000] {logging_mixin.py:120} INFO - [2024-05-07T19:38:29.550+0000] {dagbag.py:537} INFO - Filling up the DagBag from /opt/airflow/dags/xcom_dag.py
[2024-05-07T19:38:29.718+0000] {processor.py:766} INFO - DAG(s) dict_keys(['xcom_dag']) retrieved from /opt/airflow/dags/xcom_dag.py
[2024-05-07T19:38:30.010+0000] {logging_mixin.py:120} INFO - [2024-05-07T19:38:30.010+0000] {dag.py:2585} INFO - Sync 1 DAGs
[2024-05-07T19:38:30.064+0000] {logging_mixin.py:120} INFO - [2024-05-07T19:38:30.064+0000] {dag.py:3340} INFO - Setting next_dagrun for xcom_dag to 2024-05-06T00:00:00+00:00, run_after=2024-05-07T00:00:00+00:00
[2024-05-07T19:38:30.111+0000] {processor.py:176} INFO - Processing /opt/airflow/dags/xcom_dag.py took 0.574 seconds
[2024-05-07T19:39:00.601+0000] {processor.py:154} INFO - Started process (PID=1068) to work on /opt/airflow/dags/xcom_dag.py
[2024-05-07T19:39:00.612+0000] {processor.py:756} INFO - Processing file /opt/airflow/dags/xcom_dag.py for tasks to queue
[2024-05-07T19:39:00.614+0000] {logging_mixin.py:120} INFO - [2024-05-07T19:39:00.614+0000] {dagbag.py:537} INFO - Filling up the DagBag from /opt/airflow/dags/xcom_dag.py
[2024-05-07T19:39:00.683+0000] {processor.py:766} INFO - DAG(s) dict_keys(['xcom_dag']) retrieved from /opt/airflow/dags/xcom_dag.py
[2024-05-07T19:39:00.757+0000] {logging_mixin.py:120} INFO - [2024-05-07T19:39:00.757+0000] {dag.py:2585} INFO - Sync 1 DAGs
[2024-05-07T19:39:00.780+0000] {logging_mixin.py:120} INFO - [2024-05-07T19:39:00.780+0000] {dag.py:3340} INFO - Setting next_dagrun for xcom_dag to 2024-05-06T00:00:00+00:00, run_after=2024-05-07T00:00:00+00:00
[2024-05-07T19:39:00.804+0000] {processor.py:176} INFO - Processing /opt/airflow/dags/xcom_dag.py took 0.211 seconds
[2024-05-07T19:39:31.170+0000] {processor.py:154} INFO - Started process (PID=1105) to work on /opt/airflow/dags/xcom_dag.py
[2024-05-07T19:39:31.174+0000] {processor.py:756} INFO - Processing file /opt/airflow/dags/xcom_dag.py for tasks to queue
[2024-05-07T19:39:31.175+0000] {logging_mixin.py:120} INFO - [2024-05-07T19:39:31.175+0000] {dagbag.py:537} INFO - Filling up the DagBag from /opt/airflow/dags/xcom_dag.py
[2024-05-07T19:39:31.213+0000] {processor.py:766} INFO - DAG(s) dict_keys(['xcom_dag']) retrieved from /opt/airflow/dags/xcom_dag.py
[2024-05-07T19:39:31.327+0000] {logging_mixin.py:120} INFO - [2024-05-07T19:39:31.327+0000] {dag.py:2585} INFO - Sync 1 DAGs
[2024-05-07T19:39:31.380+0000] {logging_mixin.py:120} INFO - [2024-05-07T19:39:31.379+0000] {dag.py:3340} INFO - Setting next_dagrun for xcom_dag to 2024-05-06T00:00:00+00:00, run_after=2024-05-07T00:00:00+00:00
[2024-05-07T19:39:31.397+0000] {processor.py:176} INFO - Processing /opt/airflow/dags/xcom_dag.py took 0.256 seconds
[2024-05-07T19:40:01.958+0000] {processor.py:154} INFO - Started process (PID=1132) to work on /opt/airflow/dags/xcom_dag.py
[2024-05-07T19:40:01.959+0000] {processor.py:756} INFO - Processing file /opt/airflow/dags/xcom_dag.py for tasks to queue
[2024-05-07T19:40:01.961+0000] {logging_mixin.py:120} INFO - [2024-05-07T19:40:01.960+0000] {dagbag.py:537} INFO - Filling up the DagBag from /opt/airflow/dags/xcom_dag.py
[2024-05-07T19:40:02.014+0000] {processor.py:766} INFO - DAG(s) dict_keys(['xcom_dag']) retrieved from /opt/airflow/dags/xcom_dag.py
[2024-05-07T19:40:02.082+0000] {logging_mixin.py:120} INFO - [2024-05-07T19:40:02.082+0000] {dag.py:2585} INFO - Sync 1 DAGs
[2024-05-07T19:40:02.102+0000] {logging_mixin.py:120} INFO - [2024-05-07T19:40:02.102+0000] {dag.py:3340} INFO - Setting next_dagrun for xcom_dag to 2024-05-06T00:00:00+00:00, run_after=2024-05-07T00:00:00+00:00
[2024-05-07T19:40:02.122+0000] {processor.py:176} INFO - Processing /opt/airflow/dags/xcom_dag.py took 0.171 seconds
[2024-05-07T19:40:32.481+0000] {processor.py:154} INFO - Started process (PID=1169) to work on /opt/airflow/dags/xcom_dag.py
[2024-05-07T19:40:32.483+0000] {processor.py:756} INFO - Processing file /opt/airflow/dags/xcom_dag.py for tasks to queue
[2024-05-07T19:40:32.484+0000] {logging_mixin.py:120} INFO - [2024-05-07T19:40:32.484+0000] {dagbag.py:537} INFO - Filling up the DagBag from /opt/airflow/dags/xcom_dag.py
[2024-05-07T19:40:32.530+0000] {processor.py:766} INFO - DAG(s) dict_keys(['xcom_dag']) retrieved from /opt/airflow/dags/xcom_dag.py
[2024-05-07T19:40:32.612+0000] {logging_mixin.py:120} INFO - [2024-05-07T19:40:32.612+0000] {dag.py:2585} INFO - Sync 1 DAGs
[2024-05-07T19:40:32.650+0000] {logging_mixin.py:120} INFO - [2024-05-07T19:40:32.650+0000] {dag.py:3340} INFO - Setting next_dagrun for xcom_dag to 2024-05-06T00:00:00+00:00, run_after=2024-05-07T00:00:00+00:00
[2024-05-07T19:40:32.663+0000] {processor.py:176} INFO - Processing /opt/airflow/dags/xcom_dag.py took 0.191 seconds
[2024-05-07T19:41:02.991+0000] {processor.py:154} INFO - Started process (PID=1206) to work on /opt/airflow/dags/xcom_dag.py
[2024-05-07T19:41:02.994+0000] {processor.py:756} INFO - Processing file /opt/airflow/dags/xcom_dag.py for tasks to queue
[2024-05-07T19:41:02.996+0000] {logging_mixin.py:120} INFO - [2024-05-07T19:41:02.996+0000] {dagbag.py:537} INFO - Filling up the DagBag from /opt/airflow/dags/xcom_dag.py
[2024-05-07T19:41:03.054+0000] {processor.py:766} INFO - DAG(s) dict_keys(['xcom_dag']) retrieved from /opt/airflow/dags/xcom_dag.py
[2024-05-07T19:41:03.126+0000] {logging_mixin.py:120} INFO - [2024-05-07T19:41:03.126+0000] {dag.py:2585} INFO - Sync 1 DAGs
[2024-05-07T19:41:03.155+0000] {logging_mixin.py:120} INFO - [2024-05-07T19:41:03.155+0000] {dag.py:3340} INFO - Setting next_dagrun for xcom_dag to 2024-05-06T00:00:00+00:00, run_after=2024-05-07T00:00:00+00:00
[2024-05-07T19:41:03.169+0000] {processor.py:176} INFO - Processing /opt/airflow/dags/xcom_dag.py took 0.188 seconds
[2024-05-07T19:41:33.222+0000] {processor.py:154} INFO - Started process (PID=1234) to work on /opt/airflow/dags/xcom_dag.py
[2024-05-07T19:41:33.224+0000] {processor.py:756} INFO - Processing file /opt/airflow/dags/xcom_dag.py for tasks to queue
[2024-05-07T19:41:33.225+0000] {logging_mixin.py:120} INFO - [2024-05-07T19:41:33.225+0000] {dagbag.py:537} INFO - Filling up the DagBag from /opt/airflow/dags/xcom_dag.py
[2024-05-07T19:41:33.262+0000] {processor.py:766} INFO - DAG(s) dict_keys(['xcom_dag']) retrieved from /opt/airflow/dags/xcom_dag.py
[2024-05-07T19:41:33.326+0000] {logging_mixin.py:120} INFO - [2024-05-07T19:41:33.326+0000] {dag.py:2585} INFO - Sync 1 DAGs
[2024-05-07T19:41:33.346+0000] {logging_mixin.py:120} INFO - [2024-05-07T19:41:33.346+0000] {dag.py:3340} INFO - Setting next_dagrun for xcom_dag to 2024-05-06T00:00:00+00:00, run_after=2024-05-07T00:00:00+00:00
[2024-05-07T19:41:33.368+0000] {processor.py:176} INFO - Processing /opt/airflow/dags/xcom_dag.py took 0.155 seconds
[2024-05-07T19:42:03.581+0000] {processor.py:154} INFO - Started process (PID=1269) to work on /opt/airflow/dags/xcom_dag.py
[2024-05-07T19:42:03.583+0000] {processor.py:756} INFO - Processing file /opt/airflow/dags/xcom_dag.py for tasks to queue
[2024-05-07T19:42:03.584+0000] {logging_mixin.py:120} INFO - [2024-05-07T19:42:03.584+0000] {dagbag.py:537} INFO - Filling up the DagBag from /opt/airflow/dags/xcom_dag.py
[2024-05-07T19:42:03.636+0000] {processor.py:766} INFO - DAG(s) dict_keys(['xcom_dag']) retrieved from /opt/airflow/dags/xcom_dag.py
[2024-05-07T19:42:03.709+0000] {logging_mixin.py:120} INFO - [2024-05-07T19:42:03.709+0000] {dag.py:2585} INFO - Sync 1 DAGs
[2024-05-07T19:42:03.741+0000] {logging_mixin.py:120} INFO - [2024-05-07T19:42:03.741+0000] {dag.py:3340} INFO - Setting next_dagrun for xcom_dag to 2024-05-06T00:00:00+00:00, run_after=2024-05-07T00:00:00+00:00
[2024-05-07T19:42:03.756+0000] {processor.py:176} INFO - Processing /opt/airflow/dags/xcom_dag.py took 0.178 seconds
[2024-05-07T19:42:34.680+0000] {processor.py:154} INFO - Started process (PID=1307) to work on /opt/airflow/dags/xcom_dag.py
[2024-05-07T19:42:34.682+0000] {processor.py:756} INFO - Processing file /opt/airflow/dags/xcom_dag.py for tasks to queue
[2024-05-07T19:42:34.685+0000] {logging_mixin.py:120} INFO - [2024-05-07T19:42:34.685+0000] {dagbag.py:537} INFO - Filling up the DagBag from /opt/airflow/dags/xcom_dag.py
[2024-05-07T19:42:34.752+0000] {processor.py:766} INFO - DAG(s) dict_keys(['xcom_dag']) retrieved from /opt/airflow/dags/xcom_dag.py
[2024-05-07T19:42:34.844+0000] {logging_mixin.py:120} INFO - [2024-05-07T19:42:34.844+0000] {dag.py:2585} INFO - Sync 1 DAGs
[2024-05-07T19:42:34.879+0000] {logging_mixin.py:120} INFO - [2024-05-07T19:42:34.879+0000] {dag.py:3340} INFO - Setting next_dagrun for xcom_dag to 2024-05-06T00:00:00+00:00, run_after=2024-05-07T00:00:00+00:00
[2024-05-07T19:42:34.932+0000] {processor.py:176} INFO - Processing /opt/airflow/dags/xcom_dag.py took 0.261 seconds
[2024-05-07T19:43:05.723+0000] {processor.py:154} INFO - Started process (PID=1334) to work on /opt/airflow/dags/xcom_dag.py
[2024-05-07T19:43:05.743+0000] {processor.py:756} INFO - Processing file /opt/airflow/dags/xcom_dag.py for tasks to queue
[2024-05-07T19:43:05.764+0000] {logging_mixin.py:120} INFO - [2024-05-07T19:43:05.759+0000] {dagbag.py:537} INFO - Filling up the DagBag from /opt/airflow/dags/xcom_dag.py
[2024-05-07T19:43:06.289+0000] {processor.py:766} INFO - DAG(s) dict_keys(['xcom_dag']) retrieved from /opt/airflow/dags/xcom_dag.py
[2024-05-07T19:43:06.688+0000] {logging_mixin.py:120} INFO - [2024-05-07T19:43:06.687+0000] {dag.py:2585} INFO - Sync 1 DAGs
[2024-05-07T19:43:06.781+0000] {logging_mixin.py:120} INFO - [2024-05-07T19:43:06.780+0000] {dag.py:3340} INFO - Setting next_dagrun for xcom_dag to 2024-05-06T00:00:00+00:00, run_after=2024-05-07T00:00:00+00:00
[2024-05-07T19:43:06.841+0000] {processor.py:176} INFO - Processing /opt/airflow/dags/xcom_dag.py took 1.179 seconds
[2024-05-07T19:43:37.127+0000] {processor.py:154} INFO - Started process (PID=1371) to work on /opt/airflow/dags/xcom_dag.py
[2024-05-07T19:43:37.130+0000] {processor.py:756} INFO - Processing file /opt/airflow/dags/xcom_dag.py for tasks to queue
[2024-05-07T19:43:37.131+0000] {logging_mixin.py:120} INFO - [2024-05-07T19:43:37.131+0000] {dagbag.py:537} INFO - Filling up the DagBag from /opt/airflow/dags/xcom_dag.py
[2024-05-07T19:43:37.216+0000] {processor.py:766} INFO - DAG(s) dict_keys(['xcom_dag']) retrieved from /opt/airflow/dags/xcom_dag.py
[2024-05-07T19:43:37.266+0000] {logging_mixin.py:120} INFO - [2024-05-07T19:43:37.266+0000] {dag.py:2585} INFO - Sync 1 DAGs
[2024-05-07T19:43:37.294+0000] {logging_mixin.py:120} INFO - [2024-05-07T19:43:37.294+0000] {dag.py:3340} INFO - Setting next_dagrun for xcom_dag to 2024-05-06T00:00:00+00:00, run_after=2024-05-07T00:00:00+00:00
[2024-05-07T19:43:37.311+0000] {processor.py:176} INFO - Processing /opt/airflow/dags/xcom_dag.py took 0.191 seconds
[2024-05-07T19:44:07.431+0000] {processor.py:154} INFO - Started process (PID=1408) to work on /opt/airflow/dags/xcom_dag.py
[2024-05-07T19:44:07.437+0000] {processor.py:756} INFO - Processing file /opt/airflow/dags/xcom_dag.py for tasks to queue
[2024-05-07T19:44:07.438+0000] {logging_mixin.py:120} INFO - [2024-05-07T19:44:07.438+0000] {dagbag.py:537} INFO - Filling up the DagBag from /opt/airflow/dags/xcom_dag.py
[2024-05-07T19:44:07.473+0000] {processor.py:766} INFO - DAG(s) dict_keys(['xcom_dag']) retrieved from /opt/airflow/dags/xcom_dag.py
[2024-05-07T19:44:07.541+0000] {logging_mixin.py:120} INFO - [2024-05-07T19:44:07.541+0000] {dag.py:2585} INFO - Sync 1 DAGs
[2024-05-07T19:44:07.579+0000] {logging_mixin.py:120} INFO - [2024-05-07T19:44:07.579+0000] {dag.py:3340} INFO - Setting next_dagrun for xcom_dag to 2024-05-06T00:00:00+00:00, run_after=2024-05-07T00:00:00+00:00
[2024-05-07T19:44:07.637+0000] {processor.py:176} INFO - Processing /opt/airflow/dags/xcom_dag.py took 0.217 seconds
[2024-05-07T19:44:38.115+0000] {processor.py:154} INFO - Started process (PID=1435) to work on /opt/airflow/dags/xcom_dag.py
[2024-05-07T19:44:38.118+0000] {processor.py:756} INFO - Processing file /opt/airflow/dags/xcom_dag.py for tasks to queue
[2024-05-07T19:44:38.120+0000] {logging_mixin.py:120} INFO - [2024-05-07T19:44:38.120+0000] {dagbag.py:537} INFO - Filling up the DagBag from /opt/airflow/dags/xcom_dag.py
[2024-05-07T19:44:38.153+0000] {processor.py:766} INFO - DAG(s) dict_keys(['xcom_dag']) retrieved from /opt/airflow/dags/xcom_dag.py
[2024-05-07T19:44:38.198+0000] {logging_mixin.py:120} INFO - [2024-05-07T19:44:38.198+0000] {dag.py:2585} INFO - Sync 1 DAGs
[2024-05-07T19:44:38.239+0000] {logging_mixin.py:120} INFO - [2024-05-07T19:44:38.239+0000] {dag.py:3340} INFO - Setting next_dagrun for xcom_dag to 2024-05-06T00:00:00+00:00, run_after=2024-05-07T00:00:00+00:00
[2024-05-07T19:44:38.278+0000] {processor.py:176} INFO - Processing /opt/airflow/dags/xcom_dag.py took 0.175 seconds
[2024-05-07T19:45:08.370+0000] {processor.py:154} INFO - Started process (PID=1472) to work on /opt/airflow/dags/xcom_dag.py
[2024-05-07T19:45:08.373+0000] {processor.py:756} INFO - Processing file /opt/airflow/dags/xcom_dag.py for tasks to queue
[2024-05-07T19:45:08.374+0000] {logging_mixin.py:120} INFO - [2024-05-07T19:45:08.374+0000] {dagbag.py:537} INFO - Filling up the DagBag from /opt/airflow/dags/xcom_dag.py
[2024-05-07T19:45:08.405+0000] {processor.py:766} INFO - DAG(s) dict_keys(['xcom_dag']) retrieved from /opt/airflow/dags/xcom_dag.py
[2024-05-07T19:45:08.461+0000] {logging_mixin.py:120} INFO - [2024-05-07T19:45:08.461+0000] {dag.py:2585} INFO - Sync 1 DAGs
[2024-05-07T19:45:08.499+0000] {logging_mixin.py:120} INFO - [2024-05-07T19:45:08.499+0000] {dag.py:3340} INFO - Setting next_dagrun for xcom_dag to 2024-05-06T00:00:00+00:00, run_after=2024-05-07T00:00:00+00:00
[2024-05-07T19:45:08.513+0000] {processor.py:176} INFO - Processing /opt/airflow/dags/xcom_dag.py took 0.156 seconds
[2024-05-07T19:45:39.015+0000] {processor.py:154} INFO - Started process (PID=1509) to work on /opt/airflow/dags/xcom_dag.py
[2024-05-07T19:45:39.023+0000] {processor.py:756} INFO - Processing file /opt/airflow/dags/xcom_dag.py for tasks to queue
[2024-05-07T19:45:39.025+0000] {logging_mixin.py:120} INFO - [2024-05-07T19:45:39.024+0000] {dagbag.py:537} INFO - Filling up the DagBag from /opt/airflow/dags/xcom_dag.py
[2024-05-07T19:45:39.084+0000] {processor.py:766} INFO - DAG(s) dict_keys(['xcom_dag']) retrieved from /opt/airflow/dags/xcom_dag.py
[2024-05-07T19:45:39.168+0000] {logging_mixin.py:120} INFO - [2024-05-07T19:45:39.168+0000] {dag.py:2585} INFO - Sync 1 DAGs
[2024-05-07T19:45:39.197+0000] {logging_mixin.py:120} INFO - [2024-05-07T19:45:39.196+0000] {dag.py:3340} INFO - Setting next_dagrun for xcom_dag to 2024-05-06T00:00:00+00:00, run_after=2024-05-07T00:00:00+00:00
[2024-05-07T19:45:39.210+0000] {processor.py:176} INFO - Processing /opt/airflow/dags/xcom_dag.py took 0.214 seconds
[2024-05-07T19:46:10.076+0000] {processor.py:154} INFO - Started process (PID=1537) to work on /opt/airflow/dags/xcom_dag.py
[2024-05-07T19:46:10.079+0000] {processor.py:756} INFO - Processing file /opt/airflow/dags/xcom_dag.py for tasks to queue
[2024-05-07T19:46:10.082+0000] {logging_mixin.py:120} INFO - [2024-05-07T19:46:10.082+0000] {dagbag.py:537} INFO - Filling up the DagBag from /opt/airflow/dags/xcom_dag.py
[2024-05-07T19:46:10.192+0000] {processor.py:766} INFO - DAG(s) dict_keys(['xcom_dag']) retrieved from /opt/airflow/dags/xcom_dag.py
[2024-05-07T19:46:10.504+0000] {logging_mixin.py:120} INFO - [2024-05-07T19:46:10.504+0000] {dag.py:2585} INFO - Sync 1 DAGs
[2024-05-07T19:46:10.536+0000] {logging_mixin.py:120} INFO - [2024-05-07T19:46:10.536+0000] {dag.py:3340} INFO - Setting next_dagrun for xcom_dag to 2024-05-06T00:00:00+00:00, run_after=2024-05-07T00:00:00+00:00
[2024-05-07T19:46:10.551+0000] {processor.py:176} INFO - Processing /opt/airflow/dags/xcom_dag.py took 0.484 seconds
[2024-05-07T19:46:40.678+0000] {processor.py:154} INFO - Started process (PID=1574) to work on /opt/airflow/dags/xcom_dag.py
[2024-05-07T19:46:40.680+0000] {processor.py:756} INFO - Processing file /opt/airflow/dags/xcom_dag.py for tasks to queue
[2024-05-07T19:46:40.680+0000] {logging_mixin.py:120} INFO - [2024-05-07T19:46:40.680+0000] {dagbag.py:537} INFO - Filling up the DagBag from /opt/airflow/dags/xcom_dag.py
[2024-05-07T19:46:40.714+0000] {processor.py:766} INFO - DAG(s) dict_keys(['xcom_dag']) retrieved from /opt/airflow/dags/xcom_dag.py
[2024-05-07T19:46:40.776+0000] {logging_mixin.py:120} INFO - [2024-05-07T19:46:40.776+0000] {dag.py:2585} INFO - Sync 1 DAGs
[2024-05-07T19:46:40.800+0000] {logging_mixin.py:120} INFO - [2024-05-07T19:46:40.800+0000] {dag.py:3340} INFO - Setting next_dagrun for xcom_dag to 2024-05-06T00:00:00+00:00, run_after=2024-05-07T00:00:00+00:00
[2024-05-07T19:46:40.815+0000] {processor.py:176} INFO - Processing /opt/airflow/dags/xcom_dag.py took 0.140 seconds
[2024-05-07T19:47:11.756+0000] {processor.py:154} INFO - Started process (PID=1602) to work on /opt/airflow/dags/xcom_dag.py
[2024-05-07T19:47:11.758+0000] {processor.py:756} INFO - Processing file /opt/airflow/dags/xcom_dag.py for tasks to queue
[2024-05-07T19:47:11.759+0000] {logging_mixin.py:120} INFO - [2024-05-07T19:47:11.758+0000] {dagbag.py:537} INFO - Filling up the DagBag from /opt/airflow/dags/xcom_dag.py
[2024-05-07T19:47:11.798+0000] {processor.py:766} INFO - DAG(s) dict_keys(['xcom_dag']) retrieved from /opt/airflow/dags/xcom_dag.py
[2024-05-07T19:47:11.859+0000] {logging_mixin.py:120} INFO - [2024-05-07T19:47:11.859+0000] {dag.py:2585} INFO - Sync 1 DAGs
[2024-05-07T19:47:11.904+0000] {logging_mixin.py:120} INFO - [2024-05-07T19:47:11.904+0000] {dag.py:3340} INFO - Setting next_dagrun for xcom_dag to 2024-05-06T00:00:00+00:00, run_after=2024-05-07T00:00:00+00:00
[2024-05-07T19:47:11.916+0000] {processor.py:176} INFO - Processing /opt/airflow/dags/xcom_dag.py took 0.164 seconds
[2024-05-07T19:47:42.158+0000] {processor.py:154} INFO - Started process (PID=1638) to work on /opt/airflow/dags/xcom_dag.py
[2024-05-07T19:47:42.160+0000] {processor.py:756} INFO - Processing file /opt/airflow/dags/xcom_dag.py for tasks to queue
[2024-05-07T19:47:42.161+0000] {logging_mixin.py:120} INFO - [2024-05-07T19:47:42.161+0000] {dagbag.py:537} INFO - Filling up the DagBag from /opt/airflow/dags/xcom_dag.py
[2024-05-07T19:47:42.205+0000] {processor.py:766} INFO - DAG(s) dict_keys(['xcom_dag']) retrieved from /opt/airflow/dags/xcom_dag.py
[2024-05-07T19:47:42.290+0000] {logging_mixin.py:120} INFO - [2024-05-07T19:47:42.290+0000] {dag.py:2585} INFO - Sync 1 DAGs
[2024-05-07T19:47:42.310+0000] {logging_mixin.py:120} INFO - [2024-05-07T19:47:42.310+0000] {dag.py:3340} INFO - Setting next_dagrun for xcom_dag to 2024-05-06T00:00:00+00:00, run_after=2024-05-07T00:00:00+00:00
[2024-05-07T19:47:42.322+0000] {processor.py:176} INFO - Processing /opt/airflow/dags/xcom_dag.py took 0.176 seconds
[2024-05-07T19:48:12.845+0000] {processor.py:154} INFO - Started process (PID=1675) to work on /opt/airflow/dags/xcom_dag.py
[2024-05-07T19:48:12.848+0000] {processor.py:756} INFO - Processing file /opt/airflow/dags/xcom_dag.py for tasks to queue
[2024-05-07T19:48:12.849+0000] {logging_mixin.py:120} INFO - [2024-05-07T19:48:12.849+0000] {dagbag.py:537} INFO - Filling up the DagBag from /opt/airflow/dags/xcom_dag.py
[2024-05-07T19:48:12.926+0000] {processor.py:766} INFO - DAG(s) dict_keys(['xcom_dag']) retrieved from /opt/airflow/dags/xcom_dag.py
[2024-05-07T19:48:12.999+0000] {logging_mixin.py:120} INFO - [2024-05-07T19:48:12.999+0000] {dag.py:2585} INFO - Sync 1 DAGs
[2024-05-07T19:48:13.020+0000] {logging_mixin.py:120} INFO - [2024-05-07T19:48:13.020+0000] {dag.py:3340} INFO - Setting next_dagrun for xcom_dag to 2024-05-06T00:00:00+00:00, run_after=2024-05-07T00:00:00+00:00
[2024-05-07T19:48:13.032+0000] {processor.py:176} INFO - Processing /opt/airflow/dags/xcom_dag.py took 0.193 seconds
[2024-05-07T19:48:43.119+0000] {processor.py:154} INFO - Started process (PID=1709) to work on /opt/airflow/dags/xcom_dag.py
[2024-05-07T19:48:43.120+0000] {processor.py:756} INFO - Processing file /opt/airflow/dags/xcom_dag.py for tasks to queue
[2024-05-07T19:48:43.121+0000] {logging_mixin.py:120} INFO - [2024-05-07T19:48:43.121+0000] {dagbag.py:537} INFO - Filling up the DagBag from /opt/airflow/dags/xcom_dag.py
[2024-05-07T19:48:43.158+0000] {processor.py:766} INFO - DAG(s) dict_keys(['xcom_dag']) retrieved from /opt/airflow/dags/xcom_dag.py
[2024-05-07T19:48:43.209+0000] {logging_mixin.py:120} INFO - [2024-05-07T19:48:43.209+0000] {dag.py:2585} INFO - Sync 1 DAGs
[2024-05-07T19:48:43.236+0000] {logging_mixin.py:120} INFO - [2024-05-07T19:48:43.235+0000] {dag.py:3340} INFO - Setting next_dagrun for xcom_dag to 2024-05-06T00:00:00+00:00, run_after=2024-05-07T00:00:00+00:00
[2024-05-07T19:48:43.252+0000] {processor.py:176} INFO - Processing /opt/airflow/dags/xcom_dag.py took 0.138 seconds
[2024-05-07T19:49:13.488+0000] {processor.py:154} INFO - Started process (PID=1738) to work on /opt/airflow/dags/xcom_dag.py
[2024-05-07T19:49:13.490+0000] {processor.py:756} INFO - Processing file /opt/airflow/dags/xcom_dag.py for tasks to queue
[2024-05-07T19:49:13.490+0000] {logging_mixin.py:120} INFO - [2024-05-07T19:49:13.490+0000] {dagbag.py:537} INFO - Filling up the DagBag from /opt/airflow/dags/xcom_dag.py
[2024-05-07T19:49:13.520+0000] {processor.py:766} INFO - DAG(s) dict_keys(['xcom_dag']) retrieved from /opt/airflow/dags/xcom_dag.py
[2024-05-07T19:49:13.551+0000] {logging_mixin.py:120} INFO - [2024-05-07T19:49:13.551+0000] {dag.py:2585} INFO - Sync 1 DAGs
[2024-05-07T19:49:13.565+0000] {logging_mixin.py:120} INFO - [2024-05-07T19:49:13.565+0000] {dag.py:3340} INFO - Setting next_dagrun for xcom_dag to 2024-05-06T00:00:00+00:00, run_after=2024-05-07T00:00:00+00:00
[2024-05-07T19:49:13.575+0000] {processor.py:176} INFO - Processing /opt/airflow/dags/xcom_dag.py took 0.089 seconds
[2024-05-07T19:49:43.877+0000] {processor.py:154} INFO - Started process (PID=1773) to work on /opt/airflow/dags/xcom_dag.py
[2024-05-07T19:49:43.878+0000] {processor.py:756} INFO - Processing file /opt/airflow/dags/xcom_dag.py for tasks to queue
[2024-05-07T19:49:43.879+0000] {logging_mixin.py:120} INFO - [2024-05-07T19:49:43.879+0000] {dagbag.py:537} INFO - Filling up the DagBag from /opt/airflow/dags/xcom_dag.py
[2024-05-07T19:49:43.915+0000] {processor.py:766} INFO - DAG(s) dict_keys(['xcom_dag']) retrieved from /opt/airflow/dags/xcom_dag.py
[2024-05-07T19:49:43.985+0000] {logging_mixin.py:120} INFO - [2024-05-07T19:49:43.985+0000] {dag.py:2585} INFO - Sync 1 DAGs
[2024-05-07T19:49:44.021+0000] {logging_mixin.py:120} INFO - [2024-05-07T19:49:44.021+0000] {dag.py:3340} INFO - Setting next_dagrun for xcom_dag to 2024-05-06T00:00:00+00:00, run_after=2024-05-07T00:00:00+00:00
[2024-05-07T19:49:44.046+0000] {processor.py:176} INFO - Processing /opt/airflow/dags/xcom_dag.py took 0.176 seconds
[2024-05-07T19:50:14.836+0000] {processor.py:154} INFO - Started process (PID=1808) to work on /opt/airflow/dags/xcom_dag.py
[2024-05-07T19:50:14.840+0000] {processor.py:756} INFO - Processing file /opt/airflow/dags/xcom_dag.py for tasks to queue
[2024-05-07T19:50:14.843+0000] {logging_mixin.py:120} INFO - [2024-05-07T19:50:14.843+0000] {dagbag.py:537} INFO - Filling up the DagBag from /opt/airflow/dags/xcom_dag.py
[2024-05-07T19:50:15.492+0000] {processor.py:766} INFO - DAG(s) dict_keys(['xcom_dag']) retrieved from /opt/airflow/dags/xcom_dag.py
[2024-05-07T19:50:15.898+0000] {logging_mixin.py:120} INFO - [2024-05-07T19:50:15.898+0000] {dag.py:2585} INFO - Sync 1 DAGs
[2024-05-07T19:50:15.972+0000] {logging_mixin.py:120} INFO - [2024-05-07T19:50:15.972+0000] {dag.py:3340} INFO - Setting next_dagrun for xcom_dag to 2024-05-06T00:00:00+00:00, run_after=2024-05-07T00:00:00+00:00
[2024-05-07T19:50:16.072+0000] {processor.py:176} INFO - Processing /opt/airflow/dags/xcom_dag.py took 1.253 seconds
[2024-05-07T19:50:46.324+0000] {processor.py:154} INFO - Started process (PID=1838) to work on /opt/airflow/dags/xcom_dag.py
[2024-05-07T19:50:46.333+0000] {processor.py:756} INFO - Processing file /opt/airflow/dags/xcom_dag.py for tasks to queue
[2024-05-07T19:50:46.335+0000] {logging_mixin.py:120} INFO - [2024-05-07T19:50:46.335+0000] {dagbag.py:537} INFO - Filling up the DagBag from /opt/airflow/dags/xcom_dag.py
[2024-05-07T19:50:46.371+0000] {processor.py:766} INFO - DAG(s) dict_keys(['xcom_dag']) retrieved from /opt/airflow/dags/xcom_dag.py
[2024-05-07T19:50:46.442+0000] {logging_mixin.py:120} INFO - [2024-05-07T19:50:46.442+0000] {dag.py:2585} INFO - Sync 1 DAGs
[2024-05-07T19:50:46.466+0000] {logging_mixin.py:120} INFO - [2024-05-07T19:50:46.466+0000] {dag.py:3340} INFO - Setting next_dagrun for xcom_dag to 2024-05-06T00:00:00+00:00, run_after=2024-05-07T00:00:00+00:00
[2024-05-07T19:50:46.479+0000] {processor.py:176} INFO - Processing /opt/airflow/dags/xcom_dag.py took 0.165 seconds
[2024-05-07T19:51:16.787+0000] {processor.py:154} INFO - Started process (PID=1875) to work on /opt/airflow/dags/xcom_dag.py
[2024-05-07T19:51:16.797+0000] {processor.py:756} INFO - Processing file /opt/airflow/dags/xcom_dag.py for tasks to queue
[2024-05-07T19:51:16.802+0000] {logging_mixin.py:120} INFO - [2024-05-07T19:51:16.802+0000] {dagbag.py:537} INFO - Filling up the DagBag from /opt/airflow/dags/xcom_dag.py
[2024-05-07T19:51:16.854+0000] {processor.py:766} INFO - DAG(s) dict_keys(['xcom_dag']) retrieved from /opt/airflow/dags/xcom_dag.py
[2024-05-07T19:51:16.901+0000] {logging_mixin.py:120} INFO - [2024-05-07T19:51:16.901+0000] {dag.py:2585} INFO - Sync 1 DAGs
[2024-05-07T19:51:16.925+0000] {logging_mixin.py:120} INFO - [2024-05-07T19:51:16.924+0000] {dag.py:3340} INFO - Setting next_dagrun for xcom_dag to 2024-05-06T00:00:00+00:00, run_after=2024-05-07T00:00:00+00:00
[2024-05-07T19:51:16.958+0000] {processor.py:176} INFO - Processing /opt/airflow/dags/xcom_dag.py took 0.183 seconds
[2024-05-07T19:51:47.890+0000] {processor.py:154} INFO - Started process (PID=1903) to work on /opt/airflow/dags/xcom_dag.py
[2024-05-07T19:51:47.916+0000] {processor.py:756} INFO - Processing file /opt/airflow/dags/xcom_dag.py for tasks to queue
[2024-05-07T19:51:47.925+0000] {logging_mixin.py:120} INFO - [2024-05-07T19:51:47.925+0000] {dagbag.py:537} INFO - Filling up the DagBag from /opt/airflow/dags/xcom_dag.py
[2024-05-07T19:51:48.368+0000] {processor.py:766} INFO - DAG(s) dict_keys(['xcom_dag']) retrieved from /opt/airflow/dags/xcom_dag.py
[2024-05-07T19:51:48.505+0000] {logging_mixin.py:120} INFO - [2024-05-07T19:51:48.505+0000] {dag.py:2585} INFO - Sync 1 DAGs
[2024-05-07T19:51:48.535+0000] {logging_mixin.py:120} INFO - [2024-05-07T19:51:48.535+0000] {dag.py:3340} INFO - Setting next_dagrun for xcom_dag to 2024-05-06T00:00:00+00:00, run_after=2024-05-07T00:00:00+00:00
[2024-05-07T19:51:48.550+0000] {processor.py:176} INFO - Processing /opt/airflow/dags/xcom_dag.py took 0.764 seconds
[2024-05-07T19:52:18.808+0000] {processor.py:154} INFO - Started process (PID=1939) to work on /opt/airflow/dags/xcom_dag.py
[2024-05-07T19:52:18.810+0000] {processor.py:756} INFO - Processing file /opt/airflow/dags/xcom_dag.py for tasks to queue
[2024-05-07T19:52:18.811+0000] {logging_mixin.py:120} INFO - [2024-05-07T19:52:18.811+0000] {dagbag.py:537} INFO - Filling up the DagBag from /opt/airflow/dags/xcom_dag.py
[2024-05-07T19:52:18.861+0000] {processor.py:766} INFO - DAG(s) dict_keys(['xcom_dag']) retrieved from /opt/airflow/dags/xcom_dag.py
[2024-05-07T19:52:18.911+0000] {logging_mixin.py:120} INFO - [2024-05-07T19:52:18.910+0000] {dag.py:2585} INFO - Sync 1 DAGs
[2024-05-07T19:52:18.929+0000] {logging_mixin.py:120} INFO - [2024-05-07T19:52:18.929+0000] {dag.py:3340} INFO - Setting next_dagrun for xcom_dag to 2024-05-06T00:00:00+00:00, run_after=2024-05-07T00:00:00+00:00
[2024-05-07T19:52:18.941+0000] {processor.py:176} INFO - Processing /opt/airflow/dags/xcom_dag.py took 0.141 seconds
[2024-05-07T19:52:49.343+0000] {processor.py:154} INFO - Started process (PID=1976) to work on /opt/airflow/dags/xcom_dag.py
[2024-05-07T19:52:49.345+0000] {processor.py:756} INFO - Processing file /opt/airflow/dags/xcom_dag.py for tasks to queue
[2024-05-07T19:52:49.346+0000] {logging_mixin.py:120} INFO - [2024-05-07T19:52:49.346+0000] {dagbag.py:537} INFO - Filling up the DagBag from /opt/airflow/dags/xcom_dag.py
[2024-05-07T19:52:49.377+0000] {processor.py:766} INFO - DAG(s) dict_keys(['xcom_dag']) retrieved from /opt/airflow/dags/xcom_dag.py
[2024-05-07T19:52:49.429+0000] {logging_mixin.py:120} INFO - [2024-05-07T19:52:49.429+0000] {dag.py:2585} INFO - Sync 1 DAGs
[2024-05-07T19:52:49.451+0000] {logging_mixin.py:120} INFO - [2024-05-07T19:52:49.451+0000] {dag.py:3340} INFO - Setting next_dagrun for xcom_dag to 2024-05-06T00:00:00+00:00, run_after=2024-05-07T00:00:00+00:00
[2024-05-07T19:52:49.465+0000] {processor.py:176} INFO - Processing /opt/airflow/dags/xcom_dag.py took 0.128 seconds
[2024-05-07T19:53:19.757+0000] {processor.py:154} INFO - Started process (PID=2013) to work on /opt/airflow/dags/xcom_dag.py
[2024-05-07T19:53:19.758+0000] {processor.py:756} INFO - Processing file /opt/airflow/dags/xcom_dag.py for tasks to queue
[2024-05-07T19:53:19.760+0000] {logging_mixin.py:120} INFO - [2024-05-07T19:53:19.759+0000] {dagbag.py:537} INFO - Filling up the DagBag from /opt/airflow/dags/xcom_dag.py
[2024-05-07T19:53:19.798+0000] {processor.py:766} INFO - DAG(s) dict_keys(['xcom_dag']) retrieved from /opt/airflow/dags/xcom_dag.py
[2024-05-07T19:53:19.964+0000] {logging_mixin.py:120} INFO - [2024-05-07T19:53:19.963+0000] {dag.py:2585} INFO - Sync 1 DAGs
[2024-05-07T19:53:20.066+0000] {logging_mixin.py:120} INFO - [2024-05-07T19:53:20.066+0000] {dag.py:3340} INFO - Setting next_dagrun for xcom_dag to 2024-05-06T00:00:00+00:00, run_after=2024-05-07T00:00:00+00:00
[2024-05-07T19:53:20.109+0000] {processor.py:176} INFO - Processing /opt/airflow/dags/xcom_dag.py took 0.356 seconds
[2024-05-07T19:53:50.259+0000] {processor.py:154} INFO - Started process (PID=2042) to work on /opt/airflow/dags/xcom_dag.py
[2024-05-07T19:53:50.262+0000] {processor.py:756} INFO - Processing file /opt/airflow/dags/xcom_dag.py for tasks to queue
[2024-05-07T19:53:50.264+0000] {logging_mixin.py:120} INFO - [2024-05-07T19:53:50.264+0000] {dagbag.py:537} INFO - Filling up the DagBag from /opt/airflow/dags/xcom_dag.py
[2024-05-07T19:53:50.299+0000] {processor.py:766} INFO - DAG(s) dict_keys(['xcom_dag']) retrieved from /opt/airflow/dags/xcom_dag.py
[2024-05-07T19:53:50.339+0000] {logging_mixin.py:120} INFO - [2024-05-07T19:53:50.339+0000] {dag.py:2585} INFO - Sync 1 DAGs
[2024-05-07T19:53:50.356+0000] {logging_mixin.py:120} INFO - [2024-05-07T19:53:50.356+0000] {dag.py:3340} INFO - Setting next_dagrun for xcom_dag to 2024-05-06T00:00:00+00:00, run_after=2024-05-07T00:00:00+00:00
[2024-05-07T19:53:50.368+0000] {processor.py:176} INFO - Processing /opt/airflow/dags/xcom_dag.py took 0.146 seconds
[2024-05-07T19:54:20.771+0000] {processor.py:154} INFO - Started process (PID=2078) to work on /opt/airflow/dags/xcom_dag.py
[2024-05-07T19:54:20.775+0000] {processor.py:756} INFO - Processing file /opt/airflow/dags/xcom_dag.py for tasks to queue
[2024-05-07T19:54:20.776+0000] {logging_mixin.py:120} INFO - [2024-05-07T19:54:20.776+0000] {dagbag.py:537} INFO - Filling up the DagBag from /opt/airflow/dags/xcom_dag.py
[2024-05-07T19:54:20.826+0000] {processor.py:766} INFO - DAG(s) dict_keys(['xcom_dag']) retrieved from /opt/airflow/dags/xcom_dag.py
[2024-05-07T19:54:20.902+0000] {logging_mixin.py:120} INFO - [2024-05-07T19:54:20.902+0000] {dag.py:2585} INFO - Sync 1 DAGs
[2024-05-07T19:54:20.936+0000] {logging_mixin.py:120} INFO - [2024-05-07T19:54:20.936+0000] {dag.py:3340} INFO - Setting next_dagrun for xcom_dag to 2024-05-06T00:00:00+00:00, run_after=2024-05-07T00:00:00+00:00
[2024-05-07T19:54:20.950+0000] {processor.py:176} INFO - Processing /opt/airflow/dags/xcom_dag.py took 0.192 seconds
[2024-05-07T19:54:51.170+0000] {processor.py:154} INFO - Started process (PID=2115) to work on /opt/airflow/dags/xcom_dag.py
[2024-05-07T19:54:51.177+0000] {processor.py:756} INFO - Processing file /opt/airflow/dags/xcom_dag.py for tasks to queue
[2024-05-07T19:54:51.178+0000] {logging_mixin.py:120} INFO - [2024-05-07T19:54:51.178+0000] {dagbag.py:537} INFO - Filling up the DagBag from /opt/airflow/dags/xcom_dag.py
[2024-05-07T19:54:51.200+0000] {processor.py:766} INFO - DAG(s) dict_keys(['xcom_dag']) retrieved from /opt/airflow/dags/xcom_dag.py
[2024-05-07T19:54:51.232+0000] {logging_mixin.py:120} INFO - [2024-05-07T19:54:51.232+0000] {dag.py:2585} INFO - Sync 1 DAGs
[2024-05-07T19:54:51.254+0000] {logging_mixin.py:120} INFO - [2024-05-07T19:54:51.254+0000] {dag.py:3340} INFO - Setting next_dagrun for xcom_dag to 2024-05-06T00:00:00+00:00, run_after=2024-05-07T00:00:00+00:00
[2024-05-07T19:54:51.271+0000] {processor.py:176} INFO - Processing /opt/airflow/dags/xcom_dag.py took 0.115 seconds
[2024-05-07T19:55:21.809+0000] {processor.py:154} INFO - Started process (PID=2150) to work on /opt/airflow/dags/xcom_dag.py
[2024-05-07T19:55:21.816+0000] {processor.py:756} INFO - Processing file /opt/airflow/dags/xcom_dag.py for tasks to queue
[2024-05-07T19:55:21.820+0000] {logging_mixin.py:120} INFO - [2024-05-07T19:55:21.819+0000] {dagbag.py:537} INFO - Filling up the DagBag from /opt/airflow/dags/xcom_dag.py
[2024-05-07T19:55:21.864+0000] {processor.py:766} INFO - DAG(s) dict_keys(['xcom_dag']) retrieved from /opt/airflow/dags/xcom_dag.py
[2024-05-07T19:55:21.951+0000] {logging_mixin.py:120} INFO - [2024-05-07T19:55:21.951+0000] {dag.py:2585} INFO - Sync 1 DAGs
[2024-05-07T19:55:21.969+0000] {logging_mixin.py:120} INFO - [2024-05-07T19:55:21.969+0000] {dag.py:3340} INFO - Setting next_dagrun for xcom_dag to 2024-05-06T00:00:00+00:00, run_after=2024-05-07T00:00:00+00:00
[2024-05-07T19:55:21.982+0000] {processor.py:176} INFO - Processing /opt/airflow/dags/xcom_dag.py took 0.188 seconds
[2024-05-07T19:55:52.668+0000] {processor.py:154} INFO - Started process (PID=2187) to work on /opt/airflow/dags/xcom_dag.py
[2024-05-07T19:55:52.669+0000] {processor.py:756} INFO - Processing file /opt/airflow/dags/xcom_dag.py for tasks to queue
[2024-05-07T19:55:52.670+0000] {logging_mixin.py:120} INFO - [2024-05-07T19:55:52.670+0000] {dagbag.py:537} INFO - Filling up the DagBag from /opt/airflow/dags/xcom_dag.py
[2024-05-07T19:55:52.689+0000] {processor.py:766} INFO - DAG(s) dict_keys(['xcom_dag']) retrieved from /opt/airflow/dags/xcom_dag.py
[2024-05-07T19:55:52.728+0000] {logging_mixin.py:120} INFO - [2024-05-07T19:55:52.728+0000] {dag.py:2585} INFO - Sync 1 DAGs
[2024-05-07T19:55:52.746+0000] {logging_mixin.py:120} INFO - [2024-05-07T19:55:52.746+0000] {dag.py:3340} INFO - Setting next_dagrun for xcom_dag to 2024-05-06T00:00:00+00:00, run_after=2024-05-07T00:00:00+00:00
[2024-05-07T19:55:52.757+0000] {processor.py:176} INFO - Processing /opt/airflow/dags/xcom_dag.py took 0.092 seconds
[2024-05-07T19:56:23.633+0000] {processor.py:154} INFO - Started process (PID=2214) to work on /opt/airflow/dags/xcom_dag.py
[2024-05-07T19:56:23.641+0000] {processor.py:756} INFO - Processing file /opt/airflow/dags/xcom_dag.py for tasks to queue
[2024-05-07T19:56:23.643+0000] {logging_mixin.py:120} INFO - [2024-05-07T19:56:23.643+0000] {dagbag.py:537} INFO - Filling up the DagBag from /opt/airflow/dags/xcom_dag.py
[2024-05-07T19:56:23.677+0000] {processor.py:766} INFO - DAG(s) dict_keys(['xcom_dag']) retrieved from /opt/airflow/dags/xcom_dag.py
[2024-05-07T19:56:23.732+0000] {logging_mixin.py:120} INFO - [2024-05-07T19:56:23.731+0000] {dag.py:2585} INFO - Sync 1 DAGs
[2024-05-07T19:56:23.752+0000] {logging_mixin.py:120} INFO - [2024-05-07T19:56:23.752+0000] {dag.py:3340} INFO - Setting next_dagrun for xcom_dag to 2024-05-06T00:00:00+00:00, run_after=2024-05-07T00:00:00+00:00
[2024-05-07T19:56:23.764+0000] {processor.py:176} INFO - Processing /opt/airflow/dags/xcom_dag.py took 0.151 seconds
[2024-05-07T19:56:53.848+0000] {processor.py:154} INFO - Started process (PID=2248) to work on /opt/airflow/dags/xcom_dag.py
[2024-05-07T19:56:53.851+0000] {processor.py:756} INFO - Processing file /opt/airflow/dags/xcom_dag.py for tasks to queue
[2024-05-07T19:56:53.852+0000] {logging_mixin.py:120} INFO - [2024-05-07T19:56:53.852+0000] {dagbag.py:537} INFO - Filling up the DagBag from /opt/airflow/dags/xcom_dag.py
[2024-05-07T19:56:53.887+0000] {processor.py:766} INFO - DAG(s) dict_keys(['xcom_dag']) retrieved from /opt/airflow/dags/xcom_dag.py
[2024-05-07T19:56:53.952+0000] {logging_mixin.py:120} INFO - [2024-05-07T19:56:53.952+0000] {dag.py:2585} INFO - Sync 1 DAGs
[2024-05-07T19:56:53.970+0000] {logging_mixin.py:120} INFO - [2024-05-07T19:56:53.970+0000] {dag.py:3340} INFO - Setting next_dagrun for xcom_dag to 2024-05-06T00:00:00+00:00, run_after=2024-05-07T00:00:00+00:00
[2024-05-07T19:56:53.984+0000] {processor.py:176} INFO - Processing /opt/airflow/dags/xcom_dag.py took 0.144 seconds
[2024-05-07T19:57:24.179+0000] {processor.py:154} INFO - Started process (PID=2285) to work on /opt/airflow/dags/xcom_dag.py
[2024-05-07T19:57:24.181+0000] {processor.py:756} INFO - Processing file /opt/airflow/dags/xcom_dag.py for tasks to queue
[2024-05-07T19:57:24.182+0000] {logging_mixin.py:120} INFO - [2024-05-07T19:57:24.181+0000] {dagbag.py:537} INFO - Filling up the DagBag from /opt/airflow/dags/xcom_dag.py
[2024-05-07T19:57:24.203+0000] {processor.py:766} INFO - DAG(s) dict_keys(['xcom_dag']) retrieved from /opt/airflow/dags/xcom_dag.py
[2024-05-07T19:57:24.252+0000] {logging_mixin.py:120} INFO - [2024-05-07T19:57:24.252+0000] {dag.py:2585} INFO - Sync 1 DAGs
[2024-05-07T19:57:24.270+0000] {logging_mixin.py:120} INFO - [2024-05-07T19:57:24.270+0000] {dag.py:3340} INFO - Setting next_dagrun for xcom_dag to 2024-05-06T00:00:00+00:00, run_after=2024-05-07T00:00:00+00:00
[2024-05-07T19:57:24.314+0000] {processor.py:176} INFO - Processing /opt/airflow/dags/xcom_dag.py took 0.140 seconds
[2024-05-07T19:57:54.407+0000] {processor.py:154} INFO - Started process (PID=2321) to work on /opt/airflow/dags/xcom_dag.py
[2024-05-07T19:57:54.412+0000] {processor.py:756} INFO - Processing file /opt/airflow/dags/xcom_dag.py for tasks to queue
[2024-05-07T19:57:54.415+0000] {logging_mixin.py:120} INFO - [2024-05-07T19:57:54.414+0000] {dagbag.py:537} INFO - Filling up the DagBag from /opt/airflow/dags/xcom_dag.py
[2024-05-07T19:57:54.459+0000] {processor.py:766} INFO - DAG(s) dict_keys(['xcom_dag']) retrieved from /opt/airflow/dags/xcom_dag.py
[2024-05-07T19:57:54.510+0000] {logging_mixin.py:120} INFO - [2024-05-07T19:57:54.510+0000] {dag.py:2585} INFO - Sync 1 DAGs
[2024-05-07T19:57:54.529+0000] {logging_mixin.py:120} INFO - [2024-05-07T19:57:54.529+0000] {dag.py:3340} INFO - Setting next_dagrun for xcom_dag to 2024-05-06T00:00:00+00:00, run_after=2024-05-07T00:00:00+00:00
[2024-05-07T19:57:54.540+0000] {processor.py:176} INFO - Processing /opt/airflow/dags/xcom_dag.py took 0.140 seconds
[2024-05-07T19:58:25.069+0000] {processor.py:154} INFO - Started process (PID=2357) to work on /opt/airflow/dags/xcom_dag.py
[2024-05-07T19:58:25.071+0000] {processor.py:756} INFO - Processing file /opt/airflow/dags/xcom_dag.py for tasks to queue
[2024-05-07T19:58:25.072+0000] {logging_mixin.py:120} INFO - [2024-05-07T19:58:25.072+0000] {dagbag.py:537} INFO - Filling up the DagBag from /opt/airflow/dags/xcom_dag.py
[2024-05-07T19:58:25.097+0000] {processor.py:766} INFO - DAG(s) dict_keys(['xcom_dag']) retrieved from /opt/airflow/dags/xcom_dag.py
[2024-05-07T19:58:25.138+0000] {logging_mixin.py:120} INFO - [2024-05-07T19:58:25.138+0000] {dag.py:2585} INFO - Sync 1 DAGs
[2024-05-07T19:58:25.154+0000] {logging_mixin.py:120} INFO - [2024-05-07T19:58:25.154+0000] {dag.py:3340} INFO - Setting next_dagrun for xcom_dag to 2024-05-06T00:00:00+00:00, run_after=2024-05-07T00:00:00+00:00
[2024-05-07T19:58:25.165+0000] {processor.py:176} INFO - Processing /opt/airflow/dags/xcom_dag.py took 0.102 seconds
[2024-05-07T19:58:55.354+0000] {processor.py:154} INFO - Started process (PID=2385) to work on /opt/airflow/dags/xcom_dag.py
[2024-05-07T19:58:55.357+0000] {processor.py:756} INFO - Processing file /opt/airflow/dags/xcom_dag.py for tasks to queue
[2024-05-07T19:58:55.359+0000] {logging_mixin.py:120} INFO - [2024-05-07T19:58:55.359+0000] {dagbag.py:537} INFO - Filling up the DagBag from /opt/airflow/dags/xcom_dag.py
[2024-05-07T19:58:55.411+0000] {processor.py:766} INFO - DAG(s) dict_keys(['xcom_dag']) retrieved from /opt/airflow/dags/xcom_dag.py
[2024-05-07T19:58:55.446+0000] {logging_mixin.py:120} INFO - [2024-05-07T19:58:55.446+0000] {dag.py:2585} INFO - Sync 1 DAGs
[2024-05-07T19:58:55.464+0000] {logging_mixin.py:120} INFO - [2024-05-07T19:58:55.463+0000] {dag.py:3340} INFO - Setting next_dagrun for xcom_dag to 2024-05-06T00:00:00+00:00, run_after=2024-05-07T00:00:00+00:00
[2024-05-07T19:58:55.481+0000] {processor.py:176} INFO - Processing /opt/airflow/dags/xcom_dag.py took 0.137 seconds
[2024-05-07T19:59:26.291+0000] {processor.py:154} INFO - Started process (PID=2422) to work on /opt/airflow/dags/xcom_dag.py
[2024-05-07T19:59:26.294+0000] {processor.py:756} INFO - Processing file /opt/airflow/dags/xcom_dag.py for tasks to queue
[2024-05-07T19:59:26.296+0000] {logging_mixin.py:120} INFO - [2024-05-07T19:59:26.295+0000] {dagbag.py:537} INFO - Filling up the DagBag from /opt/airflow/dags/xcom_dag.py
[2024-05-07T19:59:26.322+0000] {processor.py:766} INFO - DAG(s) dict_keys(['xcom_dag']) retrieved from /opt/airflow/dags/xcom_dag.py
[2024-05-07T19:59:26.355+0000] {logging_mixin.py:120} INFO - [2024-05-07T19:59:26.355+0000] {dag.py:2585} INFO - Sync 1 DAGs
[2024-05-07T19:59:26.373+0000] {logging_mixin.py:120} INFO - [2024-05-07T19:59:26.372+0000] {dag.py:3340} INFO - Setting next_dagrun for xcom_dag to 2024-05-06T00:00:00+00:00, run_after=2024-05-07T00:00:00+00:00
[2024-05-07T19:59:26.385+0000] {processor.py:176} INFO - Processing /opt/airflow/dags/xcom_dag.py took 0.106 seconds
[2024-05-07T19:59:56.948+0000] {processor.py:154} INFO - Started process (PID=2459) to work on /opt/airflow/dags/xcom_dag.py
[2024-05-07T19:59:56.952+0000] {processor.py:756} INFO - Processing file /opt/airflow/dags/xcom_dag.py for tasks to queue
[2024-05-07T19:59:56.953+0000] {logging_mixin.py:120} INFO - [2024-05-07T19:59:56.953+0000] {dagbag.py:537} INFO - Filling up the DagBag from /opt/airflow/dags/xcom_dag.py
[2024-05-07T19:59:56.988+0000] {processor.py:766} INFO - DAG(s) dict_keys(['xcom_dag']) retrieved from /opt/airflow/dags/xcom_dag.py
[2024-05-07T19:59:57.017+0000] {logging_mixin.py:120} INFO - [2024-05-07T19:59:57.017+0000] {dag.py:2585} INFO - Sync 1 DAGs
[2024-05-07T19:59:57.033+0000] {logging_mixin.py:120} INFO - [2024-05-07T19:59:57.033+0000] {dag.py:3340} INFO - Setting next_dagrun for xcom_dag to 2024-05-06T00:00:00+00:00, run_after=2024-05-07T00:00:00+00:00
[2024-05-07T19:59:57.044+0000] {processor.py:176} INFO - Processing /opt/airflow/dags/xcom_dag.py took 0.107 seconds
[2024-05-07T20:00:27.473+0000] {processor.py:154} INFO - Started process (PID=2496) to work on /opt/airflow/dags/xcom_dag.py
[2024-05-07T20:00:27.476+0000] {processor.py:756} INFO - Processing file /opt/airflow/dags/xcom_dag.py for tasks to queue
[2024-05-07T20:00:27.477+0000] {logging_mixin.py:120} INFO - [2024-05-07T20:00:27.477+0000] {dagbag.py:537} INFO - Filling up the DagBag from /opt/airflow/dags/xcom_dag.py
[2024-05-07T20:00:27.518+0000] {processor.py:766} INFO - DAG(s) dict_keys(['xcom_dag']) retrieved from /opt/airflow/dags/xcom_dag.py
[2024-05-07T20:00:27.560+0000] {logging_mixin.py:120} INFO - [2024-05-07T20:00:27.560+0000] {dag.py:2585} INFO - Sync 1 DAGs
[2024-05-07T20:00:27.580+0000] {logging_mixin.py:120} INFO - [2024-05-07T20:00:27.580+0000] {dag.py:3340} INFO - Setting next_dagrun for xcom_dag to 2024-05-06T00:00:00+00:00, run_after=2024-05-07T00:00:00+00:00
[2024-05-07T20:00:27.604+0000] {processor.py:176} INFO - Processing /opt/airflow/dags/xcom_dag.py took 0.139 seconds
[2024-05-07T20:00:58.321+0000] {processor.py:154} INFO - Started process (PID=2533) to work on /opt/airflow/dags/xcom_dag.py
[2024-05-07T20:00:58.324+0000] {processor.py:756} INFO - Processing file /opt/airflow/dags/xcom_dag.py for tasks to queue
[2024-05-07T20:00:58.325+0000] {logging_mixin.py:120} INFO - [2024-05-07T20:00:58.325+0000] {dagbag.py:537} INFO - Filling up the DagBag from /opt/airflow/dags/xcom_dag.py
[2024-05-07T20:00:58.349+0000] {processor.py:766} INFO - DAG(s) dict_keys(['xcom_dag']) retrieved from /opt/airflow/dags/xcom_dag.py
[2024-05-07T20:00:58.393+0000] {logging_mixin.py:120} INFO - [2024-05-07T20:00:58.393+0000] {dag.py:2585} INFO - Sync 1 DAGs
[2024-05-07T20:00:58.412+0000] {logging_mixin.py:120} INFO - [2024-05-07T20:00:58.412+0000] {dag.py:3340} INFO - Setting next_dagrun for xcom_dag to 2024-05-06T00:00:00+00:00, run_after=2024-05-07T00:00:00+00:00
[2024-05-07T20:00:58.422+0000] {processor.py:176} INFO - Processing /opt/airflow/dags/xcom_dag.py took 0.108 seconds
[2024-05-07T20:01:29.321+0000] {processor.py:154} INFO - Started process (PID=2567) to work on /opt/airflow/dags/xcom_dag.py
[2024-05-07T20:01:29.344+0000] {processor.py:756} INFO - Processing file /opt/airflow/dags/xcom_dag.py for tasks to queue
[2024-05-07T20:01:29.349+0000] {logging_mixin.py:120} INFO - [2024-05-07T20:01:29.348+0000] {dagbag.py:537} INFO - Filling up the DagBag from /opt/airflow/dags/xcom_dag.py
[2024-05-07T20:01:29.396+0000] {processor.py:766} INFO - DAG(s) dict_keys(['xcom_dag']) retrieved from /opt/airflow/dags/xcom_dag.py
[2024-05-07T20:01:29.469+0000] {logging_mixin.py:120} INFO - [2024-05-07T20:01:29.468+0000] {dag.py:2585} INFO - Sync 1 DAGs
[2024-05-07T20:01:29.510+0000] {logging_mixin.py:120} INFO - [2024-05-07T20:01:29.510+0000] {dag.py:3340} INFO - Setting next_dagrun for xcom_dag to 2024-05-06T00:00:00+00:00, run_after=2024-05-07T00:00:00+00:00
[2024-05-07T20:01:29.525+0000] {processor.py:176} INFO - Processing /opt/airflow/dags/xcom_dag.py took 0.221 seconds
