[2023-09-05T11:35:44.318+0000] {taskinstance.py:1165} INFO - Dependencies all met for <TaskInstance: producer.update_dataset scheduled__2023-09-04T00:00:00+00:00 [queued]>
[2023-09-05T11:35:44.404+0000] {taskinstance.py:1165} INFO - Dependencies all met for <TaskInstance: producer.update_dataset scheduled__2023-09-04T00:00:00+00:00 [queued]>
[2023-09-05T11:35:44.405+0000] {taskinstance.py:1362} INFO - 
--------------------------------------------------------------------------------
[2023-09-05T11:35:44.405+0000] {taskinstance.py:1363} INFO - Starting attempt 1 of 1
[2023-09-05T11:35:44.406+0000] {taskinstance.py:1364} INFO - 
--------------------------------------------------------------------------------
[2023-09-05T11:35:44.641+0000] {taskinstance.py:1383} INFO - Executing <Task(_PythonDecoratedOperator): update_dataset> on 2023-09-04 00:00:00+00:00
[2023-09-05T11:35:44.655+0000] {standard_task_runner.py:55} INFO - Started process 73 to run task
[2023-09-05T11:35:44.676+0000] {standard_task_runner.py:82} INFO - Running: ['***', 'tasks', 'run', 'producer', 'update_dataset', 'scheduled__2023-09-04T00:00:00+00:00', '--job-id', '84', '--raw', '--subdir', 'DAGS_FOLDER/producer.py', '--cfg-path', '/tmp/tmp5t7gdzda']
[2023-09-05T11:35:44.688+0000] {standard_task_runner.py:83} INFO - Job 84: Subtask update_dataset
[2023-09-05T11:35:45.196+0000] {task_command.py:376} INFO - Running <TaskInstance: producer.update_dataset scheduled__2023-09-04T00:00:00+00:00 [running]> on host 993b415b7ab0
[2023-09-05T11:35:45.584+0000] {taskinstance.py:1592} INFO - Exporting the following env vars:
AIRFLOW_CTX_DAG_OWNER=***
AIRFLOW_CTX_DAG_ID=producer
AIRFLOW_CTX_TASK_ID=update_dataset
AIRFLOW_CTX_EXECUTION_DATE=2023-09-04T00:00:00+00:00
AIRFLOW_CTX_TRY_NUMBER=1
AIRFLOW_CTX_DAG_RUN_ID=scheduled__2023-09-04T00:00:00+00:00
[2023-09-05T11:35:45.608+0000] {python.py:177} INFO - Done. Returned value was: None
[2023-09-05T11:35:45.669+0000] {warnings.py:110} WARNING - /home/***/.local/lib/python3.7/site-packages/***/models/baseoperator.py:1390: RemovedInAirflow3Warning: Passing 'execution_date' to 'TaskInstance.xcom_push()' is deprecated.
  context['ti'].xcom_push(key=key, value=value, execution_date=execution_date)

[2023-09-05T11:35:45.889+0000] {taskinstance.py:1406} INFO - Marking task as SUCCESS. dag_id=producer, task_id=update_dataset, execution_date=20230904T000000, start_date=20230905T113544, end_date=20230905T113545
[2023-09-05T11:35:46.137+0000] {local_task_job.py:164} INFO - Task exited with return code 0
[2023-09-05T11:35:46.274+0000] {local_task_job.py:273} INFO - 1 downstream tasks scheduled from follow-on schedule check
