[2024-05-25T01:20:58.995+0000] {processor.py:154} INFO - Started process (PID=352) to work on /opt/airflow/dags/consumer.py
[2024-05-25T01:20:58.997+0000] {processor.py:756} INFO - Processing file /opt/airflow/dags/consumer.py for tasks to queue
[2024-05-25T01:20:58.998+0000] {logging_mixin.py:120} INFO - [2024-05-25T01:20:58.998+0000] {dagbag.py:537} INFO - Filling up the DagBag from /opt/airflow/dags/consumer.py
[2024-05-25T01:20:59.126+0000] {processor.py:766} INFO - DAG(s) dict_keys(['consumer']) retrieved from /opt/airflow/dags/consumer.py
[2024-05-25T01:20:59.454+0000] {logging_mixin.py:120} INFO - [2024-05-25T01:20:59.453+0000] {dag.py:2585} INFO - Sync 1 DAGs
[2024-05-25T01:20:59.504+0000] {logging_mixin.py:120} INFO - [2024-05-25T01:20:59.504+0000] {dag.py:3340} INFO - Setting next_dagrun for consumer to None, run_after=None
[2024-05-25T01:20:59.598+0000] {processor.py:176} INFO - Processing /opt/airflow/dags/consumer.py took 0.608 seconds
[2024-05-25T02:42:36.919+0000] {processor.py:154} INFO - Started process (PID=377) to work on /opt/airflow/dags/consumer.py
[2024-05-25T02:42:36.921+0000] {processor.py:756} INFO - Processing file /opt/airflow/dags/consumer.py for tasks to queue
[2024-05-25T02:42:36.925+0000] {logging_mixin.py:120} INFO - [2024-05-25T02:42:36.925+0000] {dagbag.py:537} INFO - Filling up the DagBag from /opt/airflow/dags/consumer.py
[2024-05-25T02:42:36.980+0000] {processor.py:766} INFO - DAG(s) dict_keys(['consumer']) retrieved from /opt/airflow/dags/consumer.py
[2024-05-25T02:42:37.142+0000] {logging_mixin.py:120} INFO - [2024-05-25T02:42:37.140+0000] {dag.py:2585} INFO - Sync 1 DAGs
[2024-05-25T02:42:37.239+0000] {logging_mixin.py:120} INFO - [2024-05-25T02:42:37.239+0000] {dag.py:3340} INFO - Setting next_dagrun for consumer to None, run_after=None
[2024-05-25T02:42:37.304+0000] {processor.py:176} INFO - Processing /opt/airflow/dags/consumer.py took 0.394 seconds
[2024-05-25T04:05:24.953+0000] {processor.py:154} INFO - Started process (PID=398) to work on /opt/airflow/dags/consumer.py
[2024-05-25T04:05:24.956+0000] {processor.py:756} INFO - Processing file /opt/airflow/dags/consumer.py for tasks to queue
[2024-05-25T04:05:24.957+0000] {logging_mixin.py:120} INFO - [2024-05-25T04:05:24.957+0000] {dagbag.py:537} INFO - Filling up the DagBag from /opt/airflow/dags/consumer.py
[2024-05-25T04:05:24.989+0000] {processor.py:766} INFO - DAG(s) dict_keys(['consumer']) retrieved from /opt/airflow/dags/consumer.py
[2024-05-25T04:05:25.032+0000] {logging_mixin.py:120} INFO - [2024-05-25T04:05:25.031+0000] {dag.py:2585} INFO - Sync 1 DAGs
[2024-05-25T04:05:25.838+0000] {logging_mixin.py:120} INFO - [2024-05-25T04:05:25.837+0000] {dag.py:3340} INFO - Setting next_dagrun for consumer to None, run_after=None
[2024-05-25T04:05:26.014+0000] {processor.py:176} INFO - Processing /opt/airflow/dags/consumer.py took 1.064 seconds
[2024-05-25T05:45:22.271+0000] {processor.py:154} INFO - Started process (PID=434) to work on /opt/airflow/dags/consumer.py
[2024-05-25T05:45:22.278+0000] {processor.py:756} INFO - Processing file /opt/airflow/dags/consumer.py for tasks to queue
[2024-05-25T05:45:22.280+0000] {logging_mixin.py:120} INFO - [2024-05-25T05:45:22.279+0000] {dagbag.py:537} INFO - Filling up the DagBag from /opt/airflow/dags/consumer.py
[2024-05-25T05:45:22.392+0000] {processor.py:766} INFO - DAG(s) dict_keys(['consumer']) retrieved from /opt/airflow/dags/consumer.py
[2024-05-25T05:45:22.650+0000] {logging_mixin.py:120} INFO - [2024-05-25T05:45:22.650+0000] {dag.py:2585} INFO - Sync 1 DAGs
[2024-05-25T05:45:22.763+0000] {logging_mixin.py:120} INFO - [2024-05-25T05:45:22.762+0000] {dag.py:3340} INFO - Setting next_dagrun for consumer to None, run_after=None
[2024-05-25T05:45:22.861+0000] {processor.py:176} INFO - Processing /opt/airflow/dags/consumer.py took 0.602 seconds
[2024-05-25T05:49:11.267+0000] {processor.py:154} INFO - Started process (PID=461) to work on /opt/airflow/dags/consumer.py
[2024-05-25T05:49:11.312+0000] {processor.py:756} INFO - Processing file /opt/airflow/dags/consumer.py for tasks to queue
[2024-05-25T05:49:11.345+0000] {logging_mixin.py:120} INFO - [2024-05-25T05:49:11.343+0000] {dagbag.py:537} INFO - Filling up the DagBag from /opt/airflow/dags/consumer.py
[2024-05-25T05:49:11.922+0000] {processor.py:766} INFO - DAG(s) dict_keys(['consumer']) retrieved from /opt/airflow/dags/consumer.py
[2024-05-25T05:49:12.163+0000] {logging_mixin.py:120} INFO - [2024-05-25T05:49:12.162+0000] {dag.py:2585} INFO - Sync 1 DAGs
[2024-05-25T05:49:12.217+0000] {logging_mixin.py:120} INFO - [2024-05-25T05:49:12.217+0000] {dag.py:3340} INFO - Setting next_dagrun for consumer to None, run_after=None
[2024-05-25T05:49:12.341+0000] {processor.py:176} INFO - Processing /opt/airflow/dags/consumer.py took 1.423 seconds
[2024-05-25T06:50:05.050+0000] {processor.py:154} INFO - Started process (PID=489) to work on /opt/airflow/dags/consumer.py
[2024-05-25T06:50:05.053+0000] {processor.py:756} INFO - Processing file /opt/airflow/dags/consumer.py for tasks to queue
[2024-05-25T06:50:05.057+0000] {logging_mixin.py:120} INFO - [2024-05-25T06:50:05.057+0000] {dagbag.py:537} INFO - Filling up the DagBag from /opt/airflow/dags/consumer.py
[2024-05-25T06:50:05.169+0000] {processor.py:766} INFO - DAG(s) dict_keys(['consumer']) retrieved from /opt/airflow/dags/consumer.py
[2024-05-25T06:50:05.311+0000] {logging_mixin.py:120} INFO - [2024-05-25T06:50:05.311+0000] {dag.py:2585} INFO - Sync 1 DAGs
[2024-05-25T06:50:05.403+0000] {logging_mixin.py:120} INFO - [2024-05-25T06:50:05.403+0000] {dag.py:3340} INFO - Setting next_dagrun for consumer to None, run_after=None
[2024-05-25T06:50:05.550+0000] {processor.py:176} INFO - Processing /opt/airflow/dags/consumer.py took 0.537 seconds
[2024-05-25T07:35:22.423+0000] {processor.py:154} INFO - Started process (PID=508) to work on /opt/airflow/dags/consumer.py
[2024-05-25T07:35:22.428+0000] {processor.py:756} INFO - Processing file /opt/airflow/dags/consumer.py for tasks to queue
[2024-05-25T07:35:22.431+0000] {logging_mixin.py:120} INFO - [2024-05-25T07:35:22.431+0000] {dagbag.py:537} INFO - Filling up the DagBag from /opt/airflow/dags/consumer.py
[2024-05-25T07:35:22.497+0000] {processor.py:766} INFO - DAG(s) dict_keys(['consumer']) retrieved from /opt/airflow/dags/consumer.py
[2024-05-25T07:35:22.567+0000] {logging_mixin.py:120} INFO - [2024-05-25T07:35:22.567+0000] {dag.py:2585} INFO - Sync 1 DAGs
[2024-05-25T07:35:22.598+0000] {logging_mixin.py:120} INFO - [2024-05-25T07:35:22.598+0000] {dag.py:3340} INFO - Setting next_dagrun for consumer to None, run_after=None
[2024-05-25T07:35:22.641+0000] {processor.py:176} INFO - Processing /opt/airflow/dags/consumer.py took 0.228 seconds
[2024-05-25T08:13:01.656+0000] {processor.py:154} INFO - Started process (PID=544) to work on /opt/airflow/dags/consumer.py
[2024-05-25T08:13:01.658+0000] {processor.py:756} INFO - Processing file /opt/airflow/dags/consumer.py for tasks to queue
[2024-05-25T08:13:01.659+0000] {logging_mixin.py:120} INFO - [2024-05-25T08:13:01.659+0000] {dagbag.py:537} INFO - Filling up the DagBag from /opt/airflow/dags/consumer.py
[2024-05-25T08:13:01.920+0000] {processor.py:766} INFO - DAG(s) dict_keys(['consumer']) retrieved from /opt/airflow/dags/consumer.py
[2024-05-25T08:13:02.976+0000] {logging_mixin.py:120} INFO - [2024-05-25T08:13:02.972+0000] {dag.py:2585} INFO - Sync 1 DAGs
[2024-05-25T08:13:03.124+0000] {logging_mixin.py:120} INFO - [2024-05-25T08:13:03.113+0000] {dag.py:3340} INFO - Setting next_dagrun for consumer to None, run_after=None
[2024-05-25T08:13:03.284+0000] {processor.py:176} INFO - Processing /opt/airflow/dags/consumer.py took 1.715 seconds
[2024-05-25T08:19:37.079+0000] {processor.py:154} INFO - Started process (PID=562) to work on /opt/airflow/dags/consumer.py
[2024-05-25T08:19:37.091+0000] {processor.py:756} INFO - Processing file /opt/airflow/dags/consumer.py for tasks to queue
[2024-05-25T08:19:37.095+0000] {logging_mixin.py:120} INFO - [2024-05-25T08:19:37.094+0000] {dagbag.py:537} INFO - Filling up the DagBag from /opt/airflow/dags/consumer.py
[2024-05-25T08:19:37.325+0000] {processor.py:766} INFO - DAG(s) dict_keys(['consumer']) retrieved from /opt/airflow/dags/consumer.py
[2024-05-25T08:19:37.497+0000] {logging_mixin.py:120} INFO - [2024-05-25T08:19:37.496+0000] {dag.py:2585} INFO - Sync 1 DAGs
[2024-05-25T08:19:37.631+0000] {logging_mixin.py:120} INFO - [2024-05-25T08:19:37.631+0000] {dag.py:3340} INFO - Setting next_dagrun for consumer to None, run_after=None
[2024-05-25T08:19:37.727+0000] {processor.py:176} INFO - Processing /opt/airflow/dags/consumer.py took 0.690 seconds
[2024-05-25T08:46:43.333+0000] {processor.py:154} INFO - Started process (PID=590) to work on /opt/airflow/dags/consumer.py
[2024-05-25T08:46:43.342+0000] {processor.py:756} INFO - Processing file /opt/airflow/dags/consumer.py for tasks to queue
[2024-05-25T08:46:43.344+0000] {logging_mixin.py:120} INFO - [2024-05-25T08:46:43.344+0000] {dagbag.py:537} INFO - Filling up the DagBag from /opt/airflow/dags/consumer.py
[2024-05-25T08:46:43.494+0000] {processor.py:766} INFO - DAG(s) dict_keys(['consumer']) retrieved from /opt/airflow/dags/consumer.py
[2024-05-25T08:46:43.608+0000] {logging_mixin.py:120} INFO - [2024-05-25T08:46:43.608+0000] {dag.py:2585} INFO - Sync 1 DAGs
[2024-05-25T08:46:43.671+0000] {logging_mixin.py:120} INFO - [2024-05-25T08:46:43.670+0000] {dag.py:3340} INFO - Setting next_dagrun for consumer to None, run_after=None
[2024-05-25T08:46:43.697+0000] {processor.py:176} INFO - Processing /opt/airflow/dags/consumer.py took 0.370 seconds
[2024-05-25T09:08:08.325+0000] {processor.py:154} INFO - Started process (PID=617) to work on /opt/airflow/dags/consumer.py
[2024-05-25T09:08:08.329+0000] {processor.py:756} INFO - Processing file /opt/airflow/dags/consumer.py for tasks to queue
[2024-05-25T09:08:08.330+0000] {logging_mixin.py:120} INFO - [2024-05-25T09:08:08.330+0000] {dagbag.py:537} INFO - Filling up the DagBag from /opt/airflow/dags/consumer.py
[2024-05-25T09:08:08.785+0000] {processor.py:766} INFO - DAG(s) dict_keys(['consumer']) retrieved from /opt/airflow/dags/consumer.py
[2024-05-25T09:08:09.109+0000] {logging_mixin.py:120} INFO - [2024-05-25T09:08:09.109+0000] {dag.py:2585} INFO - Sync 1 DAGs
[2024-05-25T09:08:09.204+0000] {logging_mixin.py:120} INFO - [2024-05-25T09:08:09.204+0000] {dag.py:3340} INFO - Setting next_dagrun for consumer to None, run_after=None
[2024-05-25T09:08:09.267+0000] {processor.py:176} INFO - Processing /opt/airflow/dags/consumer.py took 0.965 seconds
[2024-05-25T09:53:01.840+0000] {processor.py:154} INFO - Started process (PID=636) to work on /opt/airflow/dags/consumer.py
[2024-05-25T09:53:01.849+0000] {processor.py:756} INFO - Processing file /opt/airflow/dags/consumer.py for tasks to queue
[2024-05-25T09:53:01.869+0000] {logging_mixin.py:120} INFO - [2024-05-25T09:53:01.868+0000] {dagbag.py:537} INFO - Filling up the DagBag from /opt/airflow/dags/consumer.py
[2024-05-25T09:53:01.972+0000] {processor.py:766} INFO - DAG(s) dict_keys(['consumer']) retrieved from /opt/airflow/dags/consumer.py
[2024-05-25T09:53:02.055+0000] {logging_mixin.py:120} INFO - [2024-05-25T09:53:02.055+0000] {dag.py:2585} INFO - Sync 1 DAGs
[2024-05-25T09:53:02.114+0000] {logging_mixin.py:120} INFO - [2024-05-25T09:53:02.114+0000] {dag.py:3340} INFO - Setting next_dagrun for consumer to None, run_after=None
[2024-05-25T09:53:02.142+0000] {processor.py:176} INFO - Processing /opt/airflow/dags/consumer.py took 0.305 seconds
[2024-05-25T10:43:47.212+0000] {processor.py:154} INFO - Started process (PID=663) to work on /opt/airflow/dags/consumer.py
[2024-05-25T10:43:47.214+0000] {processor.py:756} INFO - Processing file /opt/airflow/dags/consumer.py for tasks to queue
[2024-05-25T10:43:47.216+0000] {logging_mixin.py:120} INFO - [2024-05-25T10:43:47.216+0000] {dagbag.py:537} INFO - Filling up the DagBag from /opt/airflow/dags/consumer.py
[2024-05-25T10:43:47.295+0000] {processor.py:766} INFO - DAG(s) dict_keys(['consumer']) retrieved from /opt/airflow/dags/consumer.py
[2024-05-25T10:43:47.601+0000] {logging_mixin.py:120} INFO - [2024-05-25T10:43:47.599+0000] {dag.py:2585} INFO - Sync 1 DAGs
[2024-05-25T10:43:47.765+0000] {logging_mixin.py:120} INFO - [2024-05-25T10:43:47.764+0000] {dag.py:3340} INFO - Setting next_dagrun for consumer to None, run_after=None
[2024-05-25T10:43:48.990+0000] {processor.py:176} INFO - Processing /opt/airflow/dags/consumer.py took 1.783 seconds
[2024-05-25T10:59:34.660+0000] {processor.py:154} INFO - Started process (PID=690) to work on /opt/airflow/dags/consumer.py
[2024-05-25T10:59:34.663+0000] {processor.py:756} INFO - Processing file /opt/airflow/dags/consumer.py for tasks to queue
[2024-05-25T10:59:34.666+0000] {logging_mixin.py:120} INFO - [2024-05-25T10:59:34.666+0000] {dagbag.py:537} INFO - Filling up the DagBag from /opt/airflow/dags/consumer.py
[2024-05-25T10:59:34.991+0000] {processor.py:766} INFO - DAG(s) dict_keys(['consumer']) retrieved from /opt/airflow/dags/consumer.py
[2024-05-25T10:59:35.230+0000] {logging_mixin.py:120} INFO - [2024-05-25T10:59:35.229+0000] {dag.py:2585} INFO - Sync 1 DAGs
[2024-05-25T10:59:35.296+0000] {logging_mixin.py:120} INFO - [2024-05-25T10:59:35.296+0000] {dag.py:3340} INFO - Setting next_dagrun for consumer to None, run_after=None
[2024-05-25T10:59:35.346+0000] {processor.py:176} INFO - Processing /opt/airflow/dags/consumer.py took 0.754 seconds
[2024-05-25T11:44:05.836+0000] {processor.py:154} INFO - Started process (PID=717) to work on /opt/airflow/dags/consumer.py
[2024-05-25T11:44:05.842+0000] {processor.py:756} INFO - Processing file /opt/airflow/dags/consumer.py for tasks to queue
[2024-05-25T11:44:05.844+0000] {logging_mixin.py:120} INFO - [2024-05-25T11:44:05.844+0000] {dagbag.py:537} INFO - Filling up the DagBag from /opt/airflow/dags/consumer.py
[2024-05-25T11:44:05.886+0000] {processor.py:766} INFO - DAG(s) dict_keys(['consumer']) retrieved from /opt/airflow/dags/consumer.py
[2024-05-25T11:44:05.992+0000] {logging_mixin.py:120} INFO - [2024-05-25T11:44:05.992+0000] {dag.py:2585} INFO - Sync 1 DAGs
[2024-05-25T11:44:06.071+0000] {logging_mixin.py:120} INFO - [2024-05-25T11:44:06.071+0000] {dag.py:3340} INFO - Setting next_dagrun for consumer to None, run_after=None
[2024-05-25T11:44:06.152+0000] {processor.py:176} INFO - Processing /opt/airflow/dags/consumer.py took 0.321 seconds
[2024-05-25T11:50:07.397+0000] {processor.py:154} INFO - Started process (PID=736) to work on /opt/airflow/dags/consumer.py
[2024-05-25T11:50:07.399+0000] {processor.py:756} INFO - Processing file /opt/airflow/dags/consumer.py for tasks to queue
[2024-05-25T11:50:07.400+0000] {logging_mixin.py:120} INFO - [2024-05-25T11:50:07.400+0000] {dagbag.py:537} INFO - Filling up the DagBag from /opt/airflow/dags/consumer.py
[2024-05-25T11:50:07.455+0000] {processor.py:766} INFO - DAG(s) dict_keys(['consumer']) retrieved from /opt/airflow/dags/consumer.py
[2024-05-25T11:50:07.579+0000] {logging_mixin.py:120} INFO - [2024-05-25T11:50:07.579+0000] {dag.py:2585} INFO - Sync 1 DAGs
[2024-05-25T11:50:07.631+0000] {logging_mixin.py:120} INFO - [2024-05-25T11:50:07.631+0000] {dag.py:3340} INFO - Setting next_dagrun for consumer to None, run_after=None
[2024-05-25T11:50:07.706+0000] {processor.py:176} INFO - Processing /opt/airflow/dags/consumer.py took 0.313 seconds
[2024-05-25T12:09:07.486+0000] {processor.py:154} INFO - Started process (PID=771) to work on /opt/airflow/dags/consumer.py
[2024-05-25T12:09:07.502+0000] {processor.py:756} INFO - Processing file /opt/airflow/dags/consumer.py for tasks to queue
[2024-05-25T12:09:07.507+0000] {logging_mixin.py:120} INFO - [2024-05-25T12:09:07.506+0000] {dagbag.py:537} INFO - Filling up the DagBag from /opt/airflow/dags/consumer.py
[2024-05-25T12:09:07.603+0000] {processor.py:766} INFO - DAG(s) dict_keys(['consumer']) retrieved from /opt/airflow/dags/consumer.py
[2024-05-25T12:09:07.808+0000] {logging_mixin.py:120} INFO - [2024-05-25T12:09:07.807+0000] {dag.py:2585} INFO - Sync 1 DAGs
[2024-05-25T12:09:07.896+0000] {logging_mixin.py:120} INFO - [2024-05-25T12:09:07.896+0000] {dag.py:3340} INFO - Setting next_dagrun for consumer to None, run_after=None
[2024-05-25T12:09:07.955+0000] {processor.py:176} INFO - Processing /opt/airflow/dags/consumer.py took 0.506 seconds
[2024-05-25T12:36:59.493+0000] {processor.py:154} INFO - Started process (PID=799) to work on /opt/airflow/dags/consumer.py
[2024-05-25T12:36:59.509+0000] {processor.py:756} INFO - Processing file /opt/airflow/dags/consumer.py for tasks to queue
[2024-05-25T12:36:59.524+0000] {logging_mixin.py:120} INFO - [2024-05-25T12:36:59.524+0000] {dagbag.py:537} INFO - Filling up the DagBag from /opt/airflow/dags/consumer.py
[2024-05-25T12:36:59.670+0000] {processor.py:766} INFO - DAG(s) dict_keys(['consumer']) retrieved from /opt/airflow/dags/consumer.py
[2024-05-25T12:36:59.796+0000] {logging_mixin.py:120} INFO - [2024-05-25T12:36:59.796+0000] {dag.py:2585} INFO - Sync 1 DAGs
[2024-05-25T12:36:59.921+0000] {logging_mixin.py:120} INFO - [2024-05-25T12:36:59.921+0000] {dag.py:3340} INFO - Setting next_dagrun for consumer to None, run_after=None
[2024-05-25T12:36:59.979+0000] {processor.py:176} INFO - Processing /opt/airflow/dags/consumer.py took 0.506 seconds
[2024-05-25T12:42:44.900+0000] {processor.py:154} INFO - Started process (PID=827) to work on /opt/airflow/dags/consumer.py
[2024-05-25T12:42:44.901+0000] {processor.py:756} INFO - Processing file /opt/airflow/dags/consumer.py for tasks to queue
[2024-05-25T12:42:44.903+0000] {logging_mixin.py:120} INFO - [2024-05-25T12:42:44.903+0000] {dagbag.py:537} INFO - Filling up the DagBag from /opt/airflow/dags/consumer.py
[2024-05-25T12:42:44.933+0000] {processor.py:766} INFO - DAG(s) dict_keys(['consumer']) retrieved from /opt/airflow/dags/consumer.py
[2024-05-25T12:42:44.974+0000] {logging_mixin.py:120} INFO - [2024-05-25T12:42:44.974+0000] {dag.py:2585} INFO - Sync 1 DAGs
[2024-05-25T12:42:45.005+0000] {logging_mixin.py:120} INFO - [2024-05-25T12:42:45.005+0000] {dag.py:3340} INFO - Setting next_dagrun for consumer to None, run_after=None
[2024-05-25T12:42:45.025+0000] {processor.py:176} INFO - Processing /opt/airflow/dags/consumer.py took 0.133 seconds
[2024-05-25T13:44:01.391+0000] {processor.py:154} INFO - Started process (PID=855) to work on /opt/airflow/dags/consumer.py
[2024-05-25T13:44:01.393+0000] {processor.py:756} INFO - Processing file /opt/airflow/dags/consumer.py for tasks to queue
[2024-05-25T13:44:01.395+0000] {logging_mixin.py:120} INFO - [2024-05-25T13:44:01.395+0000] {dagbag.py:537} INFO - Filling up the DagBag from /opt/airflow/dags/consumer.py
[2024-05-25T13:44:01.446+0000] {processor.py:766} INFO - DAG(s) dict_keys(['consumer']) retrieved from /opt/airflow/dags/consumer.py
[2024-05-25T13:44:01.504+0000] {logging_mixin.py:120} INFO - [2024-05-25T13:44:01.504+0000] {dag.py:2585} INFO - Sync 1 DAGs
[2024-05-25T13:44:01.561+0000] {logging_mixin.py:120} INFO - [2024-05-25T13:44:01.560+0000] {dag.py:3340} INFO - Setting next_dagrun for consumer to None, run_after=None
[2024-05-25T13:44:01.656+0000] {processor.py:176} INFO - Processing /opt/airflow/dags/consumer.py took 0.269 seconds
[2024-05-25T14:57:56.541+0000] {processor.py:154} INFO - Started process (PID=883) to work on /opt/airflow/dags/consumer.py
[2024-05-25T14:57:56.545+0000] {processor.py:756} INFO - Processing file /opt/airflow/dags/consumer.py for tasks to queue
[2024-05-25T14:57:56.547+0000] {logging_mixin.py:120} INFO - [2024-05-25T14:57:56.547+0000] {dagbag.py:537} INFO - Filling up the DagBag from /opt/airflow/dags/consumer.py
[2024-05-25T14:57:56.720+0000] {processor.py:766} INFO - DAG(s) dict_keys(['consumer']) retrieved from /opt/airflow/dags/consumer.py
[2024-05-25T14:57:56.781+0000] {logging_mixin.py:120} INFO - [2024-05-25T14:57:56.781+0000] {dag.py:2585} INFO - Sync 1 DAGs
[2024-05-25T14:57:56.836+0000] {logging_mixin.py:120} INFO - [2024-05-25T14:57:56.835+0000] {dag.py:3340} INFO - Setting next_dagrun for consumer to None, run_after=None
[2024-05-25T14:57:56.932+0000] {processor.py:176} INFO - Processing /opt/airflow/dags/consumer.py took 0.396 seconds
[2024-05-25T16:14:15.552+0000] {processor.py:154} INFO - Started process (PID=902) to work on /opt/airflow/dags/consumer.py
[2024-05-25T16:14:15.554+0000] {processor.py:756} INFO - Processing file /opt/airflow/dags/consumer.py for tasks to queue
[2024-05-25T16:14:15.559+0000] {logging_mixin.py:120} INFO - [2024-05-25T16:14:15.558+0000] {dagbag.py:537} INFO - Filling up the DagBag from /opt/airflow/dags/consumer.py
[2024-05-25T16:14:15.634+0000] {processor.py:766} INFO - DAG(s) dict_keys(['consumer']) retrieved from /opt/airflow/dags/consumer.py
[2024-05-25T16:14:15.722+0000] {logging_mixin.py:120} INFO - [2024-05-25T16:14:15.721+0000] {dag.py:2585} INFO - Sync 1 DAGs
[2024-05-25T16:14:15.774+0000] {logging_mixin.py:120} INFO - [2024-05-25T16:14:15.774+0000] {dag.py:3340} INFO - Setting next_dagrun for consumer to None, run_after=None
[2024-05-25T16:14:15.852+0000] {processor.py:176} INFO - Processing /opt/airflow/dags/consumer.py took 0.309 seconds
[2024-05-25T16:55:01.380+0000] {processor.py:154} INFO - Started process (PID=930) to work on /opt/airflow/dags/consumer.py
[2024-05-25T16:55:01.381+0000] {processor.py:756} INFO - Processing file /opt/airflow/dags/consumer.py for tasks to queue
[2024-05-25T16:55:01.384+0000] {logging_mixin.py:120} INFO - [2024-05-25T16:55:01.384+0000] {dagbag.py:537} INFO - Filling up the DagBag from /opt/airflow/dags/consumer.py
[2024-05-25T16:55:01.476+0000] {processor.py:766} INFO - DAG(s) dict_keys(['consumer']) retrieved from /opt/airflow/dags/consumer.py
[2024-05-25T16:55:01.570+0000] {logging_mixin.py:120} INFO - [2024-05-25T16:55:01.570+0000] {dag.py:2585} INFO - Sync 1 DAGs
[2024-05-25T16:55:01.642+0000] {logging_mixin.py:120} INFO - [2024-05-25T16:55:01.642+0000] {dag.py:3340} INFO - Setting next_dagrun for consumer to None, run_after=None
[2024-05-25T16:55:01.697+0000] {processor.py:176} INFO - Processing /opt/airflow/dags/consumer.py took 0.322 seconds
[2024-05-25T17:33:24.088+0000] {processor.py:154} INFO - Started process (PID=949) to work on /opt/airflow/dags/consumer.py
[2024-05-25T17:33:24.090+0000] {processor.py:756} INFO - Processing file /opt/airflow/dags/consumer.py for tasks to queue
[2024-05-25T17:33:24.093+0000] {logging_mixin.py:120} INFO - [2024-05-25T17:33:24.093+0000] {dagbag.py:537} INFO - Filling up the DagBag from /opt/airflow/dags/consumer.py
[2024-05-25T17:33:24.163+0000] {processor.py:766} INFO - DAG(s) dict_keys(['consumer']) retrieved from /opt/airflow/dags/consumer.py
[2024-05-25T17:33:24.224+0000] {logging_mixin.py:120} INFO - [2024-05-25T17:33:24.224+0000] {dag.py:2585} INFO - Sync 1 DAGs
[2024-05-25T17:33:24.249+0000] {logging_mixin.py:120} INFO - [2024-05-25T17:33:24.249+0000] {dag.py:3340} INFO - Setting next_dagrun for consumer to None, run_after=None
[2024-05-25T17:33:24.278+0000] {processor.py:176} INFO - Processing /opt/airflow/dags/consumer.py took 0.194 seconds
[2024-05-25T18:33:55.436+0000] {processor.py:154} INFO - Started process (PID=977) to work on /opt/airflow/dags/consumer.py
[2024-05-25T18:33:55.441+0000] {processor.py:756} INFO - Processing file /opt/airflow/dags/consumer.py for tasks to queue
[2024-05-25T18:33:55.443+0000] {logging_mixin.py:120} INFO - [2024-05-25T18:33:55.443+0000] {dagbag.py:537} INFO - Filling up the DagBag from /opt/airflow/dags/consumer.py
[2024-05-25T18:33:55.554+0000] {processor.py:766} INFO - DAG(s) dict_keys(['consumer']) retrieved from /opt/airflow/dags/consumer.py
[2024-05-25T18:33:55.747+0000] {logging_mixin.py:120} INFO - [2024-05-25T18:33:55.745+0000] {dag.py:2585} INFO - Sync 1 DAGs
[2024-05-25T18:33:56.030+0000] {logging_mixin.py:120} INFO - [2024-05-25T18:33:56.022+0000] {dag.py:3340} INFO - Setting next_dagrun for consumer to None, run_after=None
[2024-05-25T18:33:56.219+0000] {processor.py:176} INFO - Processing /opt/airflow/dags/consumer.py took 0.812 seconds
[2024-05-25T19:02:03.007+0000] {processor.py:154} INFO - Started process (PID=1014) to work on /opt/airflow/dags/consumer.py
[2024-05-25T19:02:03.011+0000] {processor.py:756} INFO - Processing file /opt/airflow/dags/consumer.py for tasks to queue
[2024-05-25T19:02:03.017+0000] {logging_mixin.py:120} INFO - [2024-05-25T19:02:03.016+0000] {dagbag.py:537} INFO - Filling up the DagBag from /opt/airflow/dags/consumer.py
[2024-05-25T19:02:03.070+0000] {processor.py:766} INFO - DAG(s) dict_keys(['consumer']) retrieved from /opt/airflow/dags/consumer.py
[2024-05-25T19:02:03.197+0000] {logging_mixin.py:120} INFO - [2024-05-25T19:02:03.197+0000] {dag.py:2585} INFO - Sync 1 DAGs
[2024-05-25T19:02:03.271+0000] {logging_mixin.py:120} INFO - [2024-05-25T19:02:03.271+0000] {dag.py:3340} INFO - Setting next_dagrun for consumer to None, run_after=None
[2024-05-25T19:02:03.313+0000] {processor.py:176} INFO - Processing /opt/airflow/dags/consumer.py took 0.316 seconds
[2024-05-25T19:43:17.086+0000] {processor.py:154} INFO - Started process (PID=1041) to work on /opt/airflow/dags/consumer.py
[2024-05-25T19:43:17.090+0000] {processor.py:756} INFO - Processing file /opt/airflow/dags/consumer.py for tasks to queue
[2024-05-25T19:43:17.095+0000] {logging_mixin.py:120} INFO - [2024-05-25T19:43:17.094+0000] {dagbag.py:537} INFO - Filling up the DagBag from /opt/airflow/dags/consumer.py
[2024-05-25T19:43:17.148+0000] {processor.py:766} INFO - DAG(s) dict_keys(['consumer']) retrieved from /opt/airflow/dags/consumer.py
[2024-05-25T19:43:17.227+0000] {logging_mixin.py:120} INFO - [2024-05-25T19:43:17.227+0000] {dag.py:2585} INFO - Sync 1 DAGs
[2024-05-25T19:43:17.252+0000] {logging_mixin.py:120} INFO - [2024-05-25T19:43:17.252+0000] {dag.py:3340} INFO - Setting next_dagrun for consumer to None, run_after=None
[2024-05-25T19:43:17.291+0000] {processor.py:176} INFO - Processing /opt/airflow/dags/consumer.py took 0.210 seconds
[2024-05-25T20:15:42.472+0000] {processor.py:154} INFO - Started process (PID=1059) to work on /opt/airflow/dags/consumer.py
[2024-05-25T20:15:42.477+0000] {processor.py:756} INFO - Processing file /opt/airflow/dags/consumer.py for tasks to queue
[2024-05-25T20:15:42.488+0000] {logging_mixin.py:120} INFO - [2024-05-25T20:15:42.487+0000] {dagbag.py:537} INFO - Filling up the DagBag from /opt/airflow/dags/consumer.py
[2024-05-25T20:15:42.753+0000] {processor.py:766} INFO - DAG(s) dict_keys(['consumer']) retrieved from /opt/airflow/dags/consumer.py
[2024-05-25T20:15:43.171+0000] {logging_mixin.py:120} INFO - [2024-05-25T20:15:43.170+0000] {dag.py:2585} INFO - Sync 1 DAGs
[2024-05-25T20:15:43.248+0000] {logging_mixin.py:120} INFO - [2024-05-25T20:15:43.247+0000] {dag.py:3340} INFO - Setting next_dagrun for consumer to None, run_after=None
[2024-05-25T20:15:43.286+0000] {processor.py:176} INFO - Processing /opt/airflow/dags/consumer.py took 0.821 seconds
