[2024-05-25T01:20:59.094+0000] {processor.py:154} INFO - Started process (PID=353) to work on /opt/airflow/dags/producer.py
[2024-05-25T01:20:59.097+0000] {processor.py:756} INFO - Processing file /opt/airflow/dags/producer.py for tasks to queue
[2024-05-25T01:20:59.098+0000] {logging_mixin.py:120} INFO - [2024-05-25T01:20:59.098+0000] {dagbag.py:537} INFO - Filling up the DagBag from /opt/airflow/dags/producer.py
[2024-05-25T01:20:59.154+0000] {processor.py:766} INFO - DAG(s) dict_keys(['producer']) retrieved from /opt/airflow/dags/producer.py
[2024-05-25T01:20:59.425+0000] {logging_mixin.py:120} INFO - [2024-05-25T01:20:59.425+0000] {dag.py:2585} INFO - Sync 1 DAGs
[2024-05-25T01:20:59.512+0000] {logging_mixin.py:120} INFO - [2024-05-25T01:20:59.508+0000] {dag.py:3340} INFO - Setting next_dagrun for producer to 2024-05-24T00:00:00+00:00, run_after=2024-05-25T00:00:00+00:00
[2024-05-25T01:20:59.599+0000] {processor.py:176} INFO - Processing /opt/airflow/dags/producer.py took 0.513 seconds
[2024-05-25T02:42:37.270+0000] {processor.py:154} INFO - Started process (PID=380) to work on /opt/airflow/dags/producer.py
[2024-05-25T02:42:37.271+0000] {processor.py:756} INFO - Processing file /opt/airflow/dags/producer.py for tasks to queue
[2024-05-25T02:42:37.273+0000] {logging_mixin.py:120} INFO - [2024-05-25T02:42:37.273+0000] {dagbag.py:537} INFO - Filling up the DagBag from /opt/airflow/dags/producer.py
[2024-05-25T02:42:37.353+0000] {processor.py:766} INFO - DAG(s) dict_keys(['producer']) retrieved from /opt/airflow/dags/producer.py
[2024-05-25T02:42:37.463+0000] {logging_mixin.py:120} INFO - [2024-05-25T02:42:37.463+0000] {dag.py:2585} INFO - Sync 1 DAGs
[2024-05-25T02:42:37.492+0000] {logging_mixin.py:120} INFO - [2024-05-25T02:42:37.492+0000] {dag.py:3340} INFO - Setting next_dagrun for producer to 2024-05-24T00:00:00+00:00, run_after=2024-05-25T00:00:00+00:00
[2024-05-25T02:42:37.512+0000] {processor.py:176} INFO - Processing /opt/airflow/dags/producer.py took 0.260 seconds
[2024-05-25T04:05:24.953+0000] {processor.py:154} INFO - Started process (PID=399) to work on /opt/airflow/dags/producer.py
[2024-05-25T04:05:24.956+0000] {processor.py:756} INFO - Processing file /opt/airflow/dags/producer.py for tasks to queue
[2024-05-25T04:05:24.957+0000] {logging_mixin.py:120} INFO - [2024-05-25T04:05:24.957+0000] {dagbag.py:537} INFO - Filling up the DagBag from /opt/airflow/dags/producer.py
[2024-05-25T04:05:24.987+0000] {processor.py:766} INFO - DAG(s) dict_keys(['producer']) retrieved from /opt/airflow/dags/producer.py
[2024-05-25T04:05:25.047+0000] {logging_mixin.py:120} INFO - [2024-05-25T04:05:25.047+0000] {dag.py:2585} INFO - Sync 1 DAGs
[2024-05-25T04:05:25.737+0000] {logging_mixin.py:120} INFO - [2024-05-25T04:05:25.730+0000] {dag.py:3340} INFO - Setting next_dagrun for producer to 2024-05-24T00:00:00+00:00, run_after=2024-05-25T00:00:00+00:00
[2024-05-25T04:05:25.895+0000] {processor.py:176} INFO - Processing /opt/airflow/dags/producer.py took 0.946 seconds
[2024-05-25T05:45:22.915+0000] {processor.py:154} INFO - Started process (PID=435) to work on /opt/airflow/dags/producer.py
[2024-05-25T05:45:22.929+0000] {processor.py:756} INFO - Processing file /opt/airflow/dags/producer.py for tasks to queue
[2024-05-25T05:45:22.951+0000] {logging_mixin.py:120} INFO - [2024-05-25T05:45:22.936+0000] {dagbag.py:537} INFO - Filling up the DagBag from /opt/airflow/dags/producer.py
[2024-05-25T05:45:23.137+0000] {processor.py:766} INFO - DAG(s) dict_keys(['producer']) retrieved from /opt/airflow/dags/producer.py
[2024-05-25T05:45:23.378+0000] {logging_mixin.py:120} INFO - [2024-05-25T05:45:23.378+0000] {dag.py:2585} INFO - Sync 1 DAGs
[2024-05-25T05:45:23.474+0000] {logging_mixin.py:120} INFO - [2024-05-25T05:45:23.474+0000] {dag.py:3340} INFO - Setting next_dagrun for producer to 2024-05-24T00:00:00+00:00, run_after=2024-05-25T00:00:00+00:00
[2024-05-25T05:45:23.742+0000] {processor.py:176} INFO - Processing /opt/airflow/dags/producer.py took 0.838 seconds
[2024-05-25T05:49:12.305+0000] {processor.py:154} INFO - Started process (PID=462) to work on /opt/airflow/dags/producer.py
[2024-05-25T05:49:12.309+0000] {processor.py:756} INFO - Processing file /opt/airflow/dags/producer.py for tasks to queue
[2024-05-25T05:49:12.314+0000] {logging_mixin.py:120} INFO - [2024-05-25T05:49:12.314+0000] {dagbag.py:537} INFO - Filling up the DagBag from /opt/airflow/dags/producer.py
[2024-05-25T05:49:12.421+0000] {processor.py:766} INFO - DAG(s) dict_keys(['producer']) retrieved from /opt/airflow/dags/producer.py
[2024-05-25T05:49:12.595+0000] {logging_mixin.py:120} INFO - [2024-05-25T05:49:12.595+0000] {dag.py:2585} INFO - Sync 1 DAGs
[2024-05-25T05:49:12.643+0000] {logging_mixin.py:120} INFO - [2024-05-25T05:49:12.643+0000] {dag.py:3340} INFO - Setting next_dagrun for producer to 2024-05-24T00:00:00+00:00, run_after=2024-05-25T00:00:00+00:00
[2024-05-25T05:49:12.712+0000] {processor.py:176} INFO - Processing /opt/airflow/dags/producer.py took 0.420 seconds
[2024-05-25T06:50:05.255+0000] {processor.py:154} INFO - Started process (PID=490) to work on /opt/airflow/dags/producer.py
[2024-05-25T06:50:05.261+0000] {processor.py:756} INFO - Processing file /opt/airflow/dags/producer.py for tasks to queue
[2024-05-25T06:50:05.265+0000] {logging_mixin.py:120} INFO - [2024-05-25T06:50:05.265+0000] {dagbag.py:537} INFO - Filling up the DagBag from /opt/airflow/dags/producer.py
[2024-05-25T06:50:05.367+0000] {processor.py:766} INFO - DAG(s) dict_keys(['producer']) retrieved from /opt/airflow/dags/producer.py
[2024-05-25T06:50:05.484+0000] {logging_mixin.py:120} INFO - [2024-05-25T06:50:05.483+0000] {dag.py:2585} INFO - Sync 1 DAGs
[2024-05-25T06:50:05.526+0000] {logging_mixin.py:120} INFO - [2024-05-25T06:50:05.526+0000] {dag.py:3340} INFO - Setting next_dagrun for producer to 2024-05-24T00:00:00+00:00, run_after=2024-05-25T00:00:00+00:00
[2024-05-25T06:50:05.567+0000] {processor.py:176} INFO - Processing /opt/airflow/dags/producer.py took 0.322 seconds
[2024-05-25T07:35:22.594+0000] {processor.py:154} INFO - Started process (PID=509) to work on /opt/airflow/dags/producer.py
[2024-05-25T07:35:22.595+0000] {processor.py:756} INFO - Processing file /opt/airflow/dags/producer.py for tasks to queue
[2024-05-25T07:35:22.596+0000] {logging_mixin.py:120} INFO - [2024-05-25T07:35:22.596+0000] {dagbag.py:537} INFO - Filling up the DagBag from /opt/airflow/dags/producer.py
[2024-05-25T07:35:22.642+0000] {processor.py:766} INFO - DAG(s) dict_keys(['producer']) retrieved from /opt/airflow/dags/producer.py
[2024-05-25T07:35:22.691+0000] {logging_mixin.py:120} INFO - [2024-05-25T07:35:22.691+0000] {dag.py:2585} INFO - Sync 1 DAGs
[2024-05-25T07:35:22.714+0000] {logging_mixin.py:120} INFO - [2024-05-25T07:35:22.714+0000] {dag.py:3340} INFO - Setting next_dagrun for producer to 2024-05-24T00:00:00+00:00, run_after=2024-05-25T00:00:00+00:00
[2024-05-25T07:35:22.764+0000] {processor.py:176} INFO - Processing /opt/airflow/dags/producer.py took 0.176 seconds
[2024-05-25T08:13:02.410+0000] {processor.py:154} INFO - Started process (PID=545) to work on /opt/airflow/dags/producer.py
[2024-05-25T08:13:02.473+0000] {processor.py:756} INFO - Processing file /opt/airflow/dags/producer.py for tasks to queue
[2024-05-25T08:13:02.481+0000] {logging_mixin.py:120} INFO - [2024-05-25T08:13:02.480+0000] {dagbag.py:537} INFO - Filling up the DagBag from /opt/airflow/dags/producer.py
[2024-05-25T08:13:02.929+0000] {processor.py:766} INFO - DAG(s) dict_keys(['producer']) retrieved from /opt/airflow/dags/producer.py
[2024-05-25T08:13:03.569+0000] {logging_mixin.py:120} INFO - [2024-05-25T08:13:03.569+0000] {dag.py:2585} INFO - Sync 1 DAGs
[2024-05-25T08:13:03.854+0000] {logging_mixin.py:120} INFO - [2024-05-25T08:13:03.853+0000] {dag.py:3340} INFO - Setting next_dagrun for producer to 2024-05-24T00:00:00+00:00, run_after=2024-05-25T00:00:00+00:00
[2024-05-25T08:13:04.025+0000] {processor.py:176} INFO - Processing /opt/airflow/dags/producer.py took 1.689 seconds
[2024-05-25T08:19:37.734+0000] {processor.py:154} INFO - Started process (PID=563) to work on /opt/airflow/dags/producer.py
[2024-05-25T08:19:37.736+0000] {processor.py:756} INFO - Processing file /opt/airflow/dags/producer.py for tasks to queue
[2024-05-25T08:19:37.738+0000] {logging_mixin.py:120} INFO - [2024-05-25T08:19:37.737+0000] {dagbag.py:537} INFO - Filling up the DagBag from /opt/airflow/dags/producer.py
[2024-05-25T08:19:37.786+0000] {processor.py:766} INFO - DAG(s) dict_keys(['producer']) retrieved from /opt/airflow/dags/producer.py
[2024-05-25T08:19:37.851+0000] {logging_mixin.py:120} INFO - [2024-05-25T08:19:37.851+0000] {dag.py:2585} INFO - Sync 1 DAGs
[2024-05-25T08:19:37.886+0000] {logging_mixin.py:120} INFO - [2024-05-25T08:19:37.886+0000] {dag.py:3340} INFO - Setting next_dagrun for producer to 2024-05-24T00:00:00+00:00, run_after=2024-05-25T00:00:00+00:00
[2024-05-25T08:19:37.921+0000] {processor.py:176} INFO - Processing /opt/airflow/dags/producer.py took 0.194 seconds
[2024-05-25T08:46:43.692+0000] {processor.py:154} INFO - Started process (PID=591) to work on /opt/airflow/dags/producer.py
[2024-05-25T08:46:43.693+0000] {processor.py:756} INFO - Processing file /opt/airflow/dags/producer.py for tasks to queue
[2024-05-25T08:46:43.695+0000] {logging_mixin.py:120} INFO - [2024-05-25T08:46:43.695+0000] {dagbag.py:537} INFO - Filling up the DagBag from /opt/airflow/dags/producer.py
[2024-05-25T08:46:43.754+0000] {processor.py:766} INFO - DAG(s) dict_keys(['producer']) retrieved from /opt/airflow/dags/producer.py
[2024-05-25T08:46:43.817+0000] {logging_mixin.py:120} INFO - [2024-05-25T08:46:43.817+0000] {dag.py:2585} INFO - Sync 1 DAGs
[2024-05-25T08:46:43.873+0000] {logging_mixin.py:120} INFO - [2024-05-25T08:46:43.873+0000] {dag.py:3340} INFO - Setting next_dagrun for producer to 2024-05-24T00:00:00+00:00, run_after=2024-05-25T00:00:00+00:00
[2024-05-25T08:46:43.930+0000] {processor.py:176} INFO - Processing /opt/airflow/dags/producer.py took 0.243 seconds
[2024-05-25T09:08:08.765+0000] {processor.py:154} INFO - Started process (PID=618) to work on /opt/airflow/dags/producer.py
[2024-05-25T09:08:08.768+0000] {processor.py:756} INFO - Processing file /opt/airflow/dags/producer.py for tasks to queue
[2024-05-25T09:08:08.786+0000] {logging_mixin.py:120} INFO - [2024-05-25T09:08:08.785+0000] {dagbag.py:537} INFO - Filling up the DagBag from /opt/airflow/dags/producer.py
[2024-05-25T09:08:09.029+0000] {processor.py:766} INFO - DAG(s) dict_keys(['producer']) retrieved from /opt/airflow/dags/producer.py
[2024-05-25T09:08:09.316+0000] {logging_mixin.py:120} INFO - [2024-05-25T09:08:09.315+0000] {dag.py:2585} INFO - Sync 1 DAGs
[2024-05-25T09:08:09.407+0000] {logging_mixin.py:120} INFO - [2024-05-25T09:08:09.407+0000] {dag.py:3340} INFO - Setting next_dagrun for producer to 2024-05-24T00:00:00+00:00, run_after=2024-05-25T00:00:00+00:00
[2024-05-25T09:08:09.529+0000] {processor.py:176} INFO - Processing /opt/airflow/dags/producer.py took 0.778 seconds
[2024-05-25T09:53:01.843+0000] {processor.py:154} INFO - Started process (PID=637) to work on /opt/airflow/dags/producer.py
[2024-05-25T09:53:01.845+0000] {processor.py:756} INFO - Processing file /opt/airflow/dags/producer.py for tasks to queue
[2024-05-25T09:53:01.847+0000] {logging_mixin.py:120} INFO - [2024-05-25T09:53:01.847+0000] {dagbag.py:537} INFO - Filling up the DagBag from /opt/airflow/dags/producer.py
[2024-05-25T09:53:01.977+0000] {processor.py:766} INFO - DAG(s) dict_keys(['producer']) retrieved from /opt/airflow/dags/producer.py
[2024-05-25T09:53:02.055+0000] {logging_mixin.py:120} INFO - [2024-05-25T09:53:02.055+0000] {dag.py:2585} INFO - Sync 1 DAGs
[2024-05-25T09:53:02.115+0000] {logging_mixin.py:120} INFO - [2024-05-25T09:53:02.115+0000] {dag.py:3340} INFO - Setting next_dagrun for producer to 2024-05-24T00:00:00+00:00, run_after=2024-05-25T00:00:00+00:00
[2024-05-25T09:53:02.134+0000] {processor.py:176} INFO - Processing /opt/airflow/dags/producer.py took 0.293 seconds
[2024-05-25T10:43:47.261+0000] {processor.py:154} INFO - Started process (PID=664) to work on /opt/airflow/dags/producer.py
[2024-05-25T10:43:47.263+0000] {processor.py:756} INFO - Processing file /opt/airflow/dags/producer.py for tasks to queue
[2024-05-25T10:43:47.265+0000] {logging_mixin.py:120} INFO - [2024-05-25T10:43:47.264+0000] {dagbag.py:537} INFO - Filling up the DagBag from /opt/airflow/dags/producer.py
[2024-05-25T10:43:47.295+0000] {processor.py:766} INFO - DAG(s) dict_keys(['producer']) retrieved from /opt/airflow/dags/producer.py
[2024-05-25T10:43:47.601+0000] {logging_mixin.py:120} INFO - [2024-05-25T10:43:47.598+0000] {dag.py:2585} INFO - Sync 1 DAGs
[2024-05-25T10:43:47.833+0000] {logging_mixin.py:120} INFO - [2024-05-25T10:43:47.807+0000] {dag.py:3340} INFO - Setting next_dagrun for producer to 2024-05-24T00:00:00+00:00, run_after=2024-05-25T00:00:00+00:00
[2024-05-25T10:43:48.960+0000] {processor.py:176} INFO - Processing /opt/airflow/dags/producer.py took 1.702 seconds
[2024-05-25T10:59:35.224+0000] {processor.py:154} INFO - Started process (PID=691) to work on /opt/airflow/dags/producer.py
[2024-05-25T10:59:35.233+0000] {processor.py:756} INFO - Processing file /opt/airflow/dags/producer.py for tasks to queue
[2024-05-25T10:59:35.236+0000] {logging_mixin.py:120} INFO - [2024-05-25T10:59:35.235+0000] {dagbag.py:537} INFO - Filling up the DagBag from /opt/airflow/dags/producer.py
[2024-05-25T10:59:35.308+0000] {processor.py:766} INFO - DAG(s) dict_keys(['producer']) retrieved from /opt/airflow/dags/producer.py
[2024-05-25T10:59:35.440+0000] {logging_mixin.py:120} INFO - [2024-05-25T10:59:35.440+0000] {dag.py:2585} INFO - Sync 1 DAGs
[2024-05-25T10:59:35.492+0000] {logging_mixin.py:120} INFO - [2024-05-25T10:59:35.492+0000] {dag.py:3340} INFO - Setting next_dagrun for producer to 2024-05-24T00:00:00+00:00, run_after=2024-05-25T00:00:00+00:00
[2024-05-25T10:59:35.537+0000] {processor.py:176} INFO - Processing /opt/airflow/dags/producer.py took 0.334 seconds
[2024-05-25T11:44:06.120+0000] {processor.py:154} INFO - Started process (PID=718) to work on /opt/airflow/dags/producer.py
[2024-05-25T11:44:06.125+0000] {processor.py:756} INFO - Processing file /opt/airflow/dags/producer.py for tasks to queue
[2024-05-25T11:44:06.127+0000] {logging_mixin.py:120} INFO - [2024-05-25T11:44:06.126+0000] {dagbag.py:537} INFO - Filling up the DagBag from /opt/airflow/dags/producer.py
[2024-05-25T11:44:06.166+0000] {processor.py:766} INFO - DAG(s) dict_keys(['producer']) retrieved from /opt/airflow/dags/producer.py
[2024-05-25T11:44:06.238+0000] {logging_mixin.py:120} INFO - [2024-05-25T11:44:06.238+0000] {dag.py:2585} INFO - Sync 1 DAGs
[2024-05-25T11:44:06.282+0000] {logging_mixin.py:120} INFO - [2024-05-25T11:44:06.282+0000] {dag.py:3340} INFO - Setting next_dagrun for producer to 2024-05-24T00:00:00+00:00, run_after=2024-05-25T00:00:00+00:00
[2024-05-25T11:44:06.316+0000] {processor.py:176} INFO - Processing /opt/airflow/dags/producer.py took 0.213 seconds
[2024-05-25T11:50:07.605+0000] {processor.py:154} INFO - Started process (PID=737) to work on /opt/airflow/dags/producer.py
[2024-05-25T11:50:07.611+0000] {processor.py:756} INFO - Processing file /opt/airflow/dags/producer.py for tasks to queue
[2024-05-25T11:50:07.621+0000] {logging_mixin.py:120} INFO - [2024-05-25T11:50:07.620+0000] {dagbag.py:537} INFO - Filling up the DagBag from /opt/airflow/dags/producer.py
[2024-05-25T11:50:07.738+0000] {processor.py:766} INFO - DAG(s) dict_keys(['producer']) retrieved from /opt/airflow/dags/producer.py
[2024-05-25T11:50:07.895+0000] {logging_mixin.py:120} INFO - [2024-05-25T11:50:07.894+0000] {dag.py:2585} INFO - Sync 1 DAGs
[2024-05-25T11:50:07.991+0000] {logging_mixin.py:120} INFO - [2024-05-25T11:50:07.990+0000] {dag.py:3340} INFO - Setting next_dagrun for producer to 2024-05-24T00:00:00+00:00, run_after=2024-05-25T00:00:00+00:00
[2024-05-25T11:50:08.993+0000] {processor.py:176} INFO - Processing /opt/airflow/dags/producer.py took 1.393 seconds
[2024-05-25T12:09:07.568+0000] {processor.py:154} INFO - Started process (PID=772) to work on /opt/airflow/dags/producer.py
[2024-05-25T12:09:07.574+0000] {processor.py:756} INFO - Processing file /opt/airflow/dags/producer.py for tasks to queue
[2024-05-25T12:09:07.579+0000] {logging_mixin.py:120} INFO - [2024-05-25T12:09:07.579+0000] {dagbag.py:537} INFO - Filling up the DagBag from /opt/airflow/dags/producer.py
[2024-05-25T12:09:07.701+0000] {processor.py:766} INFO - DAG(s) dict_keys(['producer']) retrieved from /opt/airflow/dags/producer.py
[2024-05-25T12:09:07.799+0000] {logging_mixin.py:120} INFO - [2024-05-25T12:09:07.798+0000] {dag.py:2585} INFO - Sync 1 DAGs
[2024-05-25T12:09:07.848+0000] {logging_mixin.py:120} INFO - [2024-05-25T12:09:07.848+0000] {dag.py:3340} INFO - Setting next_dagrun for producer to 2024-05-24T00:00:00+00:00, run_after=2024-05-25T00:00:00+00:00
[2024-05-25T12:09:07.891+0000] {processor.py:176} INFO - Processing /opt/airflow/dags/producer.py took 0.336 seconds
[2024-05-25T12:36:59.522+0000] {processor.py:154} INFO - Started process (PID=800) to work on /opt/airflow/dags/producer.py
[2024-05-25T12:36:59.531+0000] {processor.py:756} INFO - Processing file /opt/airflow/dags/producer.py for tasks to queue
[2024-05-25T12:36:59.533+0000] {logging_mixin.py:120} INFO - [2024-05-25T12:36:59.533+0000] {dagbag.py:537} INFO - Filling up the DagBag from /opt/airflow/dags/producer.py
[2024-05-25T12:36:59.660+0000] {processor.py:766} INFO - DAG(s) dict_keys(['producer']) retrieved from /opt/airflow/dags/producer.py
[2024-05-25T12:36:59.785+0000] {logging_mixin.py:120} INFO - [2024-05-25T12:36:59.784+0000] {dag.py:2585} INFO - Sync 1 DAGs
[2024-05-25T12:36:59.874+0000] {logging_mixin.py:120} INFO - [2024-05-25T12:36:59.874+0000] {dag.py:3340} INFO - Setting next_dagrun for producer to 2024-05-24T00:00:00+00:00, run_after=2024-05-25T00:00:00+00:00
[2024-05-25T12:36:59.975+0000] {processor.py:176} INFO - Processing /opt/airflow/dags/producer.py took 0.490 seconds
[2024-05-25T12:42:44.999+0000] {processor.py:154} INFO - Started process (PID=828) to work on /opt/airflow/dags/producer.py
[2024-05-25T12:42:45.001+0000] {processor.py:756} INFO - Processing file /opt/airflow/dags/producer.py for tasks to queue
[2024-05-25T12:42:45.003+0000] {logging_mixin.py:120} INFO - [2024-05-25T12:42:45.002+0000] {dagbag.py:537} INFO - Filling up the DagBag from /opt/airflow/dags/producer.py
[2024-05-25T12:42:45.024+0000] {processor.py:766} INFO - DAG(s) dict_keys(['producer']) retrieved from /opt/airflow/dags/producer.py
[2024-05-25T12:42:45.069+0000] {logging_mixin.py:120} INFO - [2024-05-25T12:42:45.068+0000] {dag.py:2585} INFO - Sync 1 DAGs
[2024-05-25T12:42:45.116+0000] {logging_mixin.py:120} INFO - [2024-05-25T12:42:45.116+0000] {dag.py:3340} INFO - Setting next_dagrun for producer to 2024-05-24T00:00:00+00:00, run_after=2024-05-25T00:00:00+00:00
[2024-05-25T12:42:45.168+0000] {processor.py:176} INFO - Processing /opt/airflow/dags/producer.py took 0.175 seconds
[2024-05-25T13:44:01.766+0000] {processor.py:154} INFO - Started process (PID=856) to work on /opt/airflow/dags/producer.py
[2024-05-25T13:44:01.773+0000] {processor.py:756} INFO - Processing file /opt/airflow/dags/producer.py for tasks to queue
[2024-05-25T13:44:01.777+0000] {logging_mixin.py:120} INFO - [2024-05-25T13:44:01.777+0000] {dagbag.py:537} INFO - Filling up the DagBag from /opt/airflow/dags/producer.py
[2024-05-25T13:44:01.850+0000] {processor.py:766} INFO - DAG(s) dict_keys(['producer']) retrieved from /opt/airflow/dags/producer.py
[2024-05-25T13:44:02.005+0000] {logging_mixin.py:120} INFO - [2024-05-25T13:44:02.005+0000] {dag.py:2585} INFO - Sync 1 DAGs
[2024-05-25T13:44:02.056+0000] {logging_mixin.py:120} INFO - [2024-05-25T13:44:02.056+0000] {dag.py:3340} INFO - Setting next_dagrun for producer to 2024-05-24T00:00:00+00:00, run_after=2024-05-25T00:00:00+00:00
[2024-05-25T13:44:02.082+0000] {processor.py:176} INFO - Processing /opt/airflow/dags/producer.py took 0.368 seconds
[2024-05-25T14:57:56.779+0000] {processor.py:154} INFO - Started process (PID=884) to work on /opt/airflow/dags/producer.py
[2024-05-25T14:57:56.782+0000] {processor.py:756} INFO - Processing file /opt/airflow/dags/producer.py for tasks to queue
[2024-05-25T14:57:56.786+0000] {logging_mixin.py:120} INFO - [2024-05-25T14:57:56.786+0000] {dagbag.py:537} INFO - Filling up the DagBag from /opt/airflow/dags/producer.py
[2024-05-25T14:57:56.860+0000] {processor.py:766} INFO - DAG(s) dict_keys(['producer']) retrieved from /opt/airflow/dags/producer.py
[2024-05-25T14:57:56.959+0000] {logging_mixin.py:120} INFO - [2024-05-25T14:57:56.959+0000] {dag.py:2585} INFO - Sync 1 DAGs
[2024-05-25T14:57:57.022+0000] {logging_mixin.py:120} INFO - [2024-05-25T14:57:57.020+0000] {dag.py:3340} INFO - Setting next_dagrun for producer to 2024-05-24T00:00:00+00:00, run_after=2024-05-25T00:00:00+00:00
[2024-05-25T14:57:57.079+0000] {processor.py:176} INFO - Processing /opt/airflow/dags/producer.py took 0.319 seconds
[2024-05-25T16:14:15.702+0000] {processor.py:154} INFO - Started process (PID=903) to work on /opt/airflow/dags/producer.py
[2024-05-25T16:14:15.706+0000] {processor.py:756} INFO - Processing file /opt/airflow/dags/producer.py for tasks to queue
[2024-05-25T16:14:15.708+0000] {logging_mixin.py:120} INFO - [2024-05-25T16:14:15.708+0000] {dagbag.py:537} INFO - Filling up the DagBag from /opt/airflow/dags/producer.py
[2024-05-25T16:14:15.747+0000] {processor.py:766} INFO - DAG(s) dict_keys(['producer']) retrieved from /opt/airflow/dags/producer.py
[2024-05-25T16:14:15.802+0000] {logging_mixin.py:120} INFO - [2024-05-25T16:14:15.802+0000] {dag.py:2585} INFO - Sync 1 DAGs
[2024-05-25T16:14:15.892+0000] {logging_mixin.py:120} INFO - [2024-05-25T16:14:15.891+0000] {dag.py:3340} INFO - Setting next_dagrun for producer to 2024-05-24T00:00:00+00:00, run_after=2024-05-25T00:00:00+00:00
[2024-05-25T16:14:15.938+0000] {processor.py:176} INFO - Processing /opt/airflow/dags/producer.py took 0.243 seconds
[2024-05-25T16:55:01.647+0000] {processor.py:154} INFO - Started process (PID=931) to work on /opt/airflow/dags/producer.py
[2024-05-25T16:55:01.652+0000] {processor.py:756} INFO - Processing file /opt/airflow/dags/producer.py for tasks to queue
[2024-05-25T16:55:01.654+0000] {logging_mixin.py:120} INFO - [2024-05-25T16:55:01.654+0000] {dagbag.py:537} INFO - Filling up the DagBag from /opt/airflow/dags/producer.py
[2024-05-25T16:55:01.729+0000] {processor.py:766} INFO - DAG(s) dict_keys(['producer']) retrieved from /opt/airflow/dags/producer.py
[2024-05-25T16:55:01.822+0000] {logging_mixin.py:120} INFO - [2024-05-25T16:55:01.822+0000] {dag.py:2585} INFO - Sync 1 DAGs
[2024-05-25T16:55:01.902+0000] {logging_mixin.py:120} INFO - [2024-05-25T16:55:01.901+0000] {dag.py:3340} INFO - Setting next_dagrun for producer to 2024-05-24T00:00:00+00:00, run_after=2024-05-25T00:00:00+00:00
[2024-05-25T16:55:01.961+0000] {processor.py:176} INFO - Processing /opt/airflow/dags/producer.py took 0.321 seconds
[2024-05-25T17:33:24.126+0000] {processor.py:154} INFO - Started process (PID=950) to work on /opt/airflow/dags/producer.py
[2024-05-25T17:33:24.132+0000] {processor.py:756} INFO - Processing file /opt/airflow/dags/producer.py for tasks to queue
[2024-05-25T17:33:24.139+0000] {logging_mixin.py:120} INFO - [2024-05-25T17:33:24.139+0000] {dagbag.py:537} INFO - Filling up the DagBag from /opt/airflow/dags/producer.py
[2024-05-25T17:33:24.179+0000] {processor.py:766} INFO - DAG(s) dict_keys(['producer']) retrieved from /opt/airflow/dags/producer.py
[2024-05-25T17:33:24.218+0000] {logging_mixin.py:120} INFO - [2024-05-25T17:33:24.218+0000] {dag.py:2585} INFO - Sync 1 DAGs
[2024-05-25T17:33:24.241+0000] {logging_mixin.py:120} INFO - [2024-05-25T17:33:24.241+0000] {dag.py:3340} INFO - Setting next_dagrun for producer to 2024-05-24T00:00:00+00:00, run_after=2024-05-25T00:00:00+00:00
[2024-05-25T17:33:24.267+0000] {processor.py:176} INFO - Processing /opt/airflow/dags/producer.py took 0.144 seconds
[2024-05-25T18:33:56.439+0000] {processor.py:154} INFO - Started process (PID=985) to work on /opt/airflow/dags/producer.py
[2024-05-25T18:33:56.444+0000] {processor.py:756} INFO - Processing file /opt/airflow/dags/producer.py for tasks to queue
[2024-05-25T18:33:56.451+0000] {logging_mixin.py:120} INFO - [2024-05-25T18:33:56.451+0000] {dagbag.py:537} INFO - Filling up the DagBag from /opt/airflow/dags/producer.py
[2024-05-25T18:33:56.635+0000] {processor.py:766} INFO - DAG(s) dict_keys(['producer']) retrieved from /opt/airflow/dags/producer.py
[2024-05-25T18:33:56.918+0000] {logging_mixin.py:120} INFO - [2024-05-25T18:33:56.917+0000] {dag.py:2585} INFO - Sync 1 DAGs
[2024-05-25T18:33:57.084+0000] {logging_mixin.py:120} INFO - [2024-05-25T18:33:57.084+0000] {dag.py:3340} INFO - Setting next_dagrun for producer to 2024-05-24T00:00:00+00:00, run_after=2024-05-25T00:00:00+00:00
[2024-05-25T18:33:57.221+0000] {processor.py:176} INFO - Processing /opt/airflow/dags/producer.py took 0.803 seconds
[2024-05-25T19:02:03.355+0000] {processor.py:154} INFO - Started process (PID=1015) to work on /opt/airflow/dags/producer.py
[2024-05-25T19:02:03.364+0000] {processor.py:756} INFO - Processing file /opt/airflow/dags/producer.py for tasks to queue
[2024-05-25T19:02:03.375+0000] {logging_mixin.py:120} INFO - [2024-05-25T19:02:03.375+0000] {dagbag.py:537} INFO - Filling up the DagBag from /opt/airflow/dags/producer.py
[2024-05-25T19:02:03.442+0000] {processor.py:766} INFO - DAG(s) dict_keys(['producer']) retrieved from /opt/airflow/dags/producer.py
[2024-05-25T19:02:03.492+0000] {logging_mixin.py:120} INFO - [2024-05-25T19:02:03.492+0000] {dag.py:2585} INFO - Sync 1 DAGs
[2024-05-25T19:02:03.548+0000] {logging_mixin.py:120} INFO - [2024-05-25T19:02:03.548+0000] {dag.py:3340} INFO - Setting next_dagrun for producer to 2024-05-24T00:00:00+00:00, run_after=2024-05-25T00:00:00+00:00
[2024-05-25T19:02:03.594+0000] {processor.py:176} INFO - Processing /opt/airflow/dags/producer.py took 0.248 seconds
[2024-05-25T19:43:17.191+0000] {processor.py:154} INFO - Started process (PID=1042) to work on /opt/airflow/dags/producer.py
[2024-05-25T19:43:17.192+0000] {processor.py:756} INFO - Processing file /opt/airflow/dags/producer.py for tasks to queue
[2024-05-25T19:43:17.196+0000] {logging_mixin.py:120} INFO - [2024-05-25T19:43:17.196+0000] {dagbag.py:537} INFO - Filling up the DagBag from /opt/airflow/dags/producer.py
[2024-05-25T19:43:17.233+0000] {processor.py:766} INFO - DAG(s) dict_keys(['producer']) retrieved from /opt/airflow/dags/producer.py
[2024-05-25T19:43:17.315+0000] {logging_mixin.py:120} INFO - [2024-05-25T19:43:17.315+0000] {dag.py:2585} INFO - Sync 1 DAGs
[2024-05-25T19:43:17.357+0000] {logging_mixin.py:120} INFO - [2024-05-25T19:43:17.357+0000] {dag.py:3340} INFO - Setting next_dagrun for producer to 2024-05-24T00:00:00+00:00, run_after=2024-05-25T00:00:00+00:00
[2024-05-25T19:43:17.394+0000] {processor.py:176} INFO - Processing /opt/airflow/dags/producer.py took 0.207 seconds
[2024-05-25T20:15:43.397+0000] {processor.py:154} INFO - Started process (PID=1060) to work on /opt/airflow/dags/producer.py
[2024-05-25T20:15:43.401+0000] {processor.py:756} INFO - Processing file /opt/airflow/dags/producer.py for tasks to queue
[2024-05-25T20:15:43.402+0000] {logging_mixin.py:120} INFO - [2024-05-25T20:15:43.402+0000] {dagbag.py:537} INFO - Filling up the DagBag from /opt/airflow/dags/producer.py
[2024-05-25T20:15:43.457+0000] {processor.py:766} INFO - DAG(s) dict_keys(['producer']) retrieved from /opt/airflow/dags/producer.py
[2024-05-25T20:15:43.819+0000] {logging_mixin.py:120} INFO - [2024-05-25T20:15:43.818+0000] {dag.py:2585} INFO - Sync 1 DAGs
[2024-05-25T20:15:43.940+0000] {logging_mixin.py:120} INFO - [2024-05-25T20:15:43.939+0000] {dag.py:3340} INFO - Setting next_dagrun for producer to 2024-05-24T00:00:00+00:00, run_after=2024-05-25T00:00:00+00:00
[2024-05-25T20:15:44.059+0000] {processor.py:176} INFO - Processing /opt/airflow/dags/producer.py took 0.672 seconds
