[2024-05-25T01:20:52.408+0000] {processor.py:154} INFO - Started process (PID=335) to work on /opt/airflow/dags/user_processing.py
[2024-05-25T01:20:52.413+0000] {processor.py:756} INFO - Processing file /opt/airflow/dags/user_processing.py for tasks to queue
[2024-05-25T01:20:52.416+0000] {logging_mixin.py:120} INFO - [2024-05-25T01:20:52.415+0000] {dagbag.py:537} INFO - Filling up the DagBag from /opt/airflow/dags/user_processing.py
[2024-05-25T01:20:54.198+0000] {processor.py:766} INFO - DAG(s) dict_keys(['user_processing']) retrieved from /opt/airflow/dags/user_processing.py
[2024-05-25T01:20:57.453+0000] {logging_mixin.py:120} INFO - [2024-05-25T01:20:57.451+0000] {dag.py:2585} INFO - Sync 1 DAGs
[2024-05-25T01:20:57.778+0000] {logging_mixin.py:120} INFO - [2024-05-25T01:20:57.774+0000] {dag.py:3340} INFO - Setting next_dagrun for user_processing to 2024-05-24T00:00:00+00:00, run_after=2024-05-25T00:00:00+00:00
[2024-05-25T01:20:57.939+0000] {processor.py:176} INFO - Processing /opt/airflow/dags/user_processing.py took 5.566 seconds
[2024-05-25T02:42:31.325+0000] {processor.py:154} INFO - Started process (PID=363) to work on /opt/airflow/dags/user_processing.py
[2024-05-25T02:42:31.329+0000] {processor.py:756} INFO - Processing file /opt/airflow/dags/user_processing.py for tasks to queue
[2024-05-25T02:42:31.332+0000] {logging_mixin.py:120} INFO - [2024-05-25T02:42:31.331+0000] {dagbag.py:537} INFO - Filling up the DagBag from /opt/airflow/dags/user_processing.py
[2024-05-25T02:42:33.164+0000] {processor.py:766} INFO - DAG(s) dict_keys(['user_processing']) retrieved from /opt/airflow/dags/user_processing.py
[2024-05-25T02:42:35.661+0000] {logging_mixin.py:120} INFO - [2024-05-25T02:42:35.632+0000] {dag.py:2585} INFO - Sync 1 DAGs
[2024-05-25T02:42:35.925+0000] {logging_mixin.py:120} INFO - [2024-05-25T02:42:35.925+0000] {dag.py:3340} INFO - Setting next_dagrun for user_processing to 2024-05-24T00:00:00+00:00, run_after=2024-05-25T00:00:00+00:00
[2024-05-25T02:42:36.058+0000] {processor.py:176} INFO - Processing /opt/airflow/dags/user_processing.py took 4.746 seconds
[2024-05-25T04:05:20.842+0000] {processor.py:154} INFO - Started process (PID=390) to work on /opt/airflow/dags/user_processing.py
[2024-05-25T04:05:20.843+0000] {processor.py:756} INFO - Processing file /opt/airflow/dags/user_processing.py for tasks to queue
[2024-05-25T04:05:20.848+0000] {logging_mixin.py:120} INFO - [2024-05-25T04:05:20.847+0000] {dagbag.py:537} INFO - Filling up the DagBag from /opt/airflow/dags/user_processing.py
[2024-05-25T04:05:22.666+0000] {processor.py:766} INFO - DAG(s) dict_keys(['user_processing']) retrieved from /opt/airflow/dags/user_processing.py
[2024-05-25T04:05:24.522+0000] {logging_mixin.py:120} INFO - [2024-05-25T04:05:24.520+0000] {dag.py:2585} INFO - Sync 1 DAGs
[2024-05-25T04:05:24.581+0000] {logging_mixin.py:120} INFO - [2024-05-25T04:05:24.580+0000] {dag.py:3340} INFO - Setting next_dagrun for user_processing to 2024-05-24T00:00:00+00:00, run_after=2024-05-25T00:00:00+00:00
[2024-05-25T04:05:24.658+0000] {processor.py:176} INFO - Processing /opt/airflow/dags/user_processing.py took 3.925 seconds
[2024-05-25T05:45:14.466+0000] {processor.py:154} INFO - Started process (PID=417) to work on /opt/airflow/dags/user_processing.py
[2024-05-25T05:45:14.474+0000] {processor.py:756} INFO - Processing file /opt/airflow/dags/user_processing.py for tasks to queue
[2024-05-25T05:45:14.478+0000] {logging_mixin.py:120} INFO - [2024-05-25T05:45:14.477+0000] {dagbag.py:537} INFO - Filling up the DagBag from /opt/airflow/dags/user_processing.py
[2024-05-25T05:45:16.723+0000] {processor.py:766} INFO - DAG(s) dict_keys(['user_processing']) retrieved from /opt/airflow/dags/user_processing.py
[2024-05-25T05:45:21.090+0000] {logging_mixin.py:120} INFO - [2024-05-25T05:45:21.082+0000] {dag.py:2585} INFO - Sync 1 DAGs
[2024-05-25T05:45:21.336+0000] {logging_mixin.py:120} INFO - [2024-05-25T05:45:21.336+0000] {dag.py:3340} INFO - Setting next_dagrun for user_processing to 2024-05-24T00:00:00+00:00, run_after=2024-05-25T00:00:00+00:00
[2024-05-25T05:45:21.615+0000] {processor.py:176} INFO - Processing /opt/airflow/dags/user_processing.py took 7.171 seconds
[2024-05-25T05:49:02.950+0000] {processor.py:154} INFO - Started process (PID=445) to work on /opt/airflow/dags/user_processing.py
[2024-05-25T05:49:02.964+0000] {processor.py:756} INFO - Processing file /opt/airflow/dags/user_processing.py for tasks to queue
[2024-05-25T05:49:02.968+0000] {logging_mixin.py:120} INFO - [2024-05-25T05:49:02.968+0000] {dagbag.py:537} INFO - Filling up the DagBag from /opt/airflow/dags/user_processing.py
[2024-05-25T05:49:05.320+0000] {processor.py:766} INFO - DAG(s) dict_keys(['user_processing']) retrieved from /opt/airflow/dags/user_processing.py
[2024-05-25T05:49:09.408+0000] {logging_mixin.py:120} INFO - [2024-05-25T05:49:09.403+0000] {dag.py:2585} INFO - Sync 1 DAGs
[2024-05-25T05:49:09.782+0000] {logging_mixin.py:120} INFO - [2024-05-25T05:49:09.781+0000] {dag.py:3340} INFO - Setting next_dagrun for user_processing to 2024-05-24T00:00:00+00:00, run_after=2024-05-25T00:00:00+00:00
[2024-05-25T05:49:10.090+0000] {processor.py:176} INFO - Processing /opt/airflow/dags/user_processing.py took 7.162 seconds
[2024-05-25T06:49:54.938+0000] {processor.py:154} INFO - Started process (PID=472) to work on /opt/airflow/dags/user_processing.py
[2024-05-25T06:49:54.953+0000] {processor.py:756} INFO - Processing file /opt/airflow/dags/user_processing.py for tasks to queue
[2024-05-25T06:49:54.964+0000] {logging_mixin.py:120} INFO - [2024-05-25T06:49:54.959+0000] {dagbag.py:537} INFO - Filling up the DagBag from /opt/airflow/dags/user_processing.py
[2024-05-25T06:49:58.319+0000] {processor.py:766} INFO - DAG(s) dict_keys(['user_processing']) retrieved from /opt/airflow/dags/user_processing.py
[2024-05-25T06:50:02.060+0000] {logging_mixin.py:120} INFO - [2024-05-25T06:50:02.053+0000] {dag.py:2585} INFO - Sync 1 DAGs
[2024-05-25T06:50:04.808+0000] {logging_mixin.py:120} INFO - [2024-05-25T06:50:04.808+0000] {dag.py:3340} INFO - Setting next_dagrun for user_processing to 2024-05-24T00:00:00+00:00, run_after=2024-05-25T00:00:00+00:00
[2024-05-25T06:50:04.891+0000] {processor.py:176} INFO - Processing /opt/airflow/dags/user_processing.py took 10.027 seconds
[2024-05-25T07:35:18.994+0000] {processor.py:154} INFO - Started process (PID=500) to work on /opt/airflow/dags/user_processing.py
[2024-05-25T07:35:18.997+0000] {processor.py:756} INFO - Processing file /opt/airflow/dags/user_processing.py for tasks to queue
[2024-05-25T07:35:18.999+0000] {logging_mixin.py:120} INFO - [2024-05-25T07:35:18.999+0000] {dagbag.py:537} INFO - Filling up the DagBag from /opt/airflow/dags/user_processing.py
[2024-05-25T07:35:20.984+0000] {processor.py:766} INFO - DAG(s) dict_keys(['user_processing']) retrieved from /opt/airflow/dags/user_processing.py
[2024-05-25T07:35:21.924+0000] {logging_mixin.py:120} INFO - [2024-05-25T07:35:21.921+0000] {dag.py:2585} INFO - Sync 1 DAGs
[2024-05-25T07:35:22.035+0000] {logging_mixin.py:120} INFO - [2024-05-25T07:35:22.035+0000] {dag.py:3340} INFO - Setting next_dagrun for user_processing to 2024-05-24T00:00:00+00:00, run_after=2024-05-25T00:00:00+00:00
[2024-05-25T07:35:22.123+0000] {processor.py:176} INFO - Processing /opt/airflow/dags/user_processing.py took 3.146 seconds
[2024-05-25T08:12:45.882+0000] {processor.py:154} INFO - Started process (PID=527) to work on /opt/airflow/dags/user_processing.py
[2024-05-25T08:12:45.896+0000] {processor.py:756} INFO - Processing file /opt/airflow/dags/user_processing.py for tasks to queue
[2024-05-25T08:12:45.920+0000] {logging_mixin.py:120} INFO - [2024-05-25T08:12:45.919+0000] {dagbag.py:537} INFO - Filling up the DagBag from /opt/airflow/dags/user_processing.py
[2024-05-25T08:12:50.279+0000] {processor.py:766} INFO - DAG(s) dict_keys(['user_processing']) retrieved from /opt/airflow/dags/user_processing.py
[2024-05-25T08:12:56.853+0000] {logging_mixin.py:120} INFO - [2024-05-25T08:12:56.850+0000] {dag.py:2585} INFO - Sync 1 DAGs
[2024-05-25T08:12:57.148+0000] {logging_mixin.py:120} INFO - [2024-05-25T08:12:57.139+0000] {dag.py:3340} INFO - Setting next_dagrun for user_processing to 2024-05-24T00:00:00+00:00, run_after=2024-05-25T00:00:00+00:00
[2024-05-25T08:12:57.382+0000] {processor.py:176} INFO - Processing /opt/airflow/dags/user_processing.py took 11.527 seconds
[2024-05-25T08:19:27.269+0000] {processor.py:154} INFO - Started process (PID=554) to work on /opt/airflow/dags/user_processing.py
[2024-05-25T08:19:27.271+0000] {processor.py:756} INFO - Processing file /opt/airflow/dags/user_processing.py for tasks to queue
[2024-05-25T08:19:27.272+0000] {logging_mixin.py:120} INFO - [2024-05-25T08:19:27.272+0000] {dagbag.py:537} INFO - Filling up the DagBag from /opt/airflow/dags/user_processing.py
[2024-05-25T08:19:30.707+0000] {processor.py:766} INFO - DAG(s) dict_keys(['user_processing']) retrieved from /opt/airflow/dags/user_processing.py
[2024-05-25T08:19:33.403+0000] {logging_mixin.py:120} INFO - [2024-05-25T08:19:33.288+0000] {dag.py:2585} INFO - Sync 1 DAGs
[2024-05-25T08:19:35.375+0000] {logging_mixin.py:120} INFO - [2024-05-25T08:19:35.373+0000] {dag.py:3340} INFO - Setting next_dagrun for user_processing to 2024-05-24T00:00:00+00:00, run_after=2024-05-25T00:00:00+00:00
[2024-05-25T08:19:35.592+0000] {processor.py:176} INFO - Processing /opt/airflow/dags/user_processing.py took 8.326 seconds
[2024-05-25T08:46:33.974+0000] {processor.py:154} INFO - Started process (PID=582) to work on /opt/airflow/dags/user_processing.py
[2024-05-25T08:46:33.982+0000] {processor.py:756} INFO - Processing file /opt/airflow/dags/user_processing.py for tasks to queue
[2024-05-25T08:46:33.989+0000] {logging_mixin.py:120} INFO - [2024-05-25T08:46:33.989+0000] {dagbag.py:537} INFO - Filling up the DagBag from /opt/airflow/dags/user_processing.py
[2024-05-25T08:46:38.517+0000] {processor.py:766} INFO - DAG(s) dict_keys(['user_processing']) retrieved from /opt/airflow/dags/user_processing.py
[2024-05-25T08:46:42.608+0000] {logging_mixin.py:120} INFO - [2024-05-25T08:46:42.606+0000] {dag.py:2585} INFO - Sync 1 DAGs
[2024-05-25T08:46:42.695+0000] {logging_mixin.py:120} INFO - [2024-05-25T08:46:42.695+0000] {dag.py:3340} INFO - Setting next_dagrun for user_processing to 2024-05-24T00:00:00+00:00, run_after=2024-05-25T00:00:00+00:00
[2024-05-25T08:46:42.827+0000] {processor.py:176} INFO - Processing /opt/airflow/dags/user_processing.py took 8.865 seconds
[2024-05-25T09:07:59.370+0000] {processor.py:154} INFO - Started process (PID=606) to work on /opt/airflow/dags/user_processing.py
[2024-05-25T09:07:59.372+0000] {processor.py:756} INFO - Processing file /opt/airflow/dags/user_processing.py for tasks to queue
[2024-05-25T09:07:59.374+0000] {logging_mixin.py:120} INFO - [2024-05-25T09:07:59.373+0000] {dagbag.py:537} INFO - Filling up the DagBag from /opt/airflow/dags/user_processing.py
[2024-05-25T09:08:03.398+0000] {processor.py:766} INFO - DAG(s) dict_keys(['user_processing']) retrieved from /opt/airflow/dags/user_processing.py
[2024-05-25T09:08:06.874+0000] {logging_mixin.py:120} INFO - [2024-05-25T09:08:06.871+0000] {dag.py:2585} INFO - Sync 1 DAGs
[2024-05-25T09:08:06.987+0000] {logging_mixin.py:120} INFO - [2024-05-25T09:08:06.986+0000] {dag.py:3340} INFO - Setting next_dagrun for user_processing to 2024-05-24T00:00:00+00:00, run_after=2024-05-25T00:00:00+00:00
[2024-05-25T09:08:07.092+0000] {processor.py:176} INFO - Processing /opt/airflow/dags/user_processing.py took 7.807 seconds
[2024-05-25T09:52:51.779+0000] {processor.py:154} INFO - Started process (PID=628) to work on /opt/airflow/dags/user_processing.py
[2024-05-25T09:52:51.784+0000] {processor.py:756} INFO - Processing file /opt/airflow/dags/user_processing.py for tasks to queue
[2024-05-25T09:52:51.786+0000] {logging_mixin.py:120} INFO - [2024-05-25T09:52:51.786+0000] {dagbag.py:537} INFO - Filling up the DagBag from /opt/airflow/dags/user_processing.py
[2024-05-25T09:52:55.604+0000] {processor.py:766} INFO - DAG(s) dict_keys(['user_processing']) retrieved from /opt/airflow/dags/user_processing.py
[2024-05-25T09:52:57.754+0000] {logging_mixin.py:120} INFO - [2024-05-25T09:52:57.753+0000] {dag.py:2585} INFO - Sync 1 DAGs
[2024-05-25T09:52:58.143+0000] {logging_mixin.py:120} INFO - [2024-05-25T09:52:58.142+0000] {dag.py:3340} INFO - Setting next_dagrun for user_processing to 2024-05-24T00:00:00+00:00, run_after=2024-05-25T00:00:00+00:00
[2024-05-25T09:53:01.031+0000] {processor.py:176} INFO - Processing /opt/airflow/dags/user_processing.py took 9.257 seconds
[2024-05-25T10:43:40.726+0000] {processor.py:154} INFO - Started process (PID=655) to work on /opt/airflow/dags/user_processing.py
[2024-05-25T10:43:40.731+0000] {processor.py:756} INFO - Processing file /opt/airflow/dags/user_processing.py for tasks to queue
[2024-05-25T10:43:40.733+0000] {logging_mixin.py:120} INFO - [2024-05-25T10:43:40.733+0000] {dagbag.py:537} INFO - Filling up the DagBag from /opt/airflow/dags/user_processing.py
[2024-05-25T10:43:43.156+0000] {processor.py:766} INFO - DAG(s) dict_keys(['user_processing']) retrieved from /opt/airflow/dags/user_processing.py
[2024-05-25T10:43:45.388+0000] {logging_mixin.py:120} INFO - [2024-05-25T10:43:45.384+0000] {dag.py:2585} INFO - Sync 1 DAGs
[2024-05-25T10:43:45.631+0000] {logging_mixin.py:120} INFO - [2024-05-25T10:43:45.631+0000] {dag.py:3340} INFO - Setting next_dagrun for user_processing to 2024-05-24T00:00:00+00:00, run_after=2024-05-25T00:00:00+00:00
[2024-05-25T10:43:45.791+0000] {processor.py:176} INFO - Processing /opt/airflow/dags/user_processing.py took 5.072 seconds
[2024-05-25T10:59:26.304+0000] {processor.py:154} INFO - Started process (PID=682) to work on /opt/airflow/dags/user_processing.py
[2024-05-25T10:59:26.307+0000] {processor.py:756} INFO - Processing file /opt/airflow/dags/user_processing.py for tasks to queue
[2024-05-25T10:59:26.312+0000] {logging_mixin.py:120} INFO - [2024-05-25T10:59:26.312+0000] {dagbag.py:537} INFO - Filling up the DagBag from /opt/airflow/dags/user_processing.py
[2024-05-25T10:59:28.803+0000] {processor.py:766} INFO - DAG(s) dict_keys(['user_processing']) retrieved from /opt/airflow/dags/user_processing.py
[2024-05-25T10:59:31.577+0000] {logging_mixin.py:120} INFO - [2024-05-25T10:59:31.553+0000] {dag.py:2585} INFO - Sync 1 DAGs
[2024-05-25T10:59:32.430+0000] {logging_mixin.py:120} INFO - [2024-05-25T10:59:32.423+0000] {dag.py:3340} INFO - Setting next_dagrun for user_processing to 2024-05-24T00:00:00+00:00, run_after=2024-05-25T00:00:00+00:00
[2024-05-25T10:59:32.962+0000] {processor.py:176} INFO - Processing /opt/airflow/dags/user_processing.py took 6.667 seconds
[2024-05-25T11:43:56.916+0000] {processor.py:154} INFO - Started process (PID=709) to work on /opt/airflow/dags/user_processing.py
[2024-05-25T11:43:56.919+0000] {processor.py:756} INFO - Processing file /opt/airflow/dags/user_processing.py for tasks to queue
[2024-05-25T11:43:56.942+0000] {logging_mixin.py:120} INFO - [2024-05-25T11:43:56.942+0000] {dagbag.py:537} INFO - Filling up the DagBag from /opt/airflow/dags/user_processing.py
[2024-05-25T11:44:00.837+0000] {processor.py:766} INFO - DAG(s) dict_keys(['user_processing']) retrieved from /opt/airflow/dags/user_processing.py
[2024-05-25T11:44:04.848+0000] {logging_mixin.py:120} INFO - [2024-05-25T11:44:04.831+0000] {dag.py:2585} INFO - Sync 1 DAGs
[2024-05-25T11:44:04.969+0000] {logging_mixin.py:120} INFO - [2024-05-25T11:44:04.969+0000] {dag.py:3340} INFO - Setting next_dagrun for user_processing to 2024-05-24T00:00:00+00:00, run_after=2024-05-25T00:00:00+00:00
[2024-05-25T11:44:05.133+0000] {processor.py:176} INFO - Processing /opt/airflow/dags/user_processing.py took 8.243 seconds
[2024-05-25T11:50:04.713+0000] {processor.py:154} INFO - Started process (PID=728) to work on /opt/airflow/dags/user_processing.py
[2024-05-25T11:50:04.721+0000] {processor.py:756} INFO - Processing file /opt/airflow/dags/user_processing.py for tasks to queue
[2024-05-25T11:50:04.725+0000] {logging_mixin.py:120} INFO - [2024-05-25T11:50:04.725+0000] {dagbag.py:537} INFO - Filling up the DagBag from /opt/airflow/dags/user_processing.py
[2024-05-25T11:50:05.577+0000] {processor.py:766} INFO - DAG(s) dict_keys(['user_processing']) retrieved from /opt/airflow/dags/user_processing.py
[2024-05-25T11:50:07.241+0000] {logging_mixin.py:120} INFO - [2024-05-25T11:50:07.239+0000] {dag.py:2585} INFO - Sync 1 DAGs
[2024-05-25T11:50:07.287+0000] {logging_mixin.py:120} INFO - [2024-05-25T11:50:07.287+0000] {dag.py:3340} INFO - Setting next_dagrun for user_processing to 2024-05-24T00:00:00+00:00, run_after=2024-05-25T00:00:00+00:00
[2024-05-25T11:50:07.337+0000] {processor.py:176} INFO - Processing /opt/airflow/dags/user_processing.py took 2.642 seconds
[2024-05-25T12:08:59.148+0000] {processor.py:154} INFO - Started process (PID=755) to work on /opt/airflow/dags/user_processing.py
[2024-05-25T12:08:59.156+0000] {processor.py:756} INFO - Processing file /opt/airflow/dags/user_processing.py for tasks to queue
[2024-05-25T12:08:59.162+0000] {logging_mixin.py:120} INFO - [2024-05-25T12:08:59.162+0000] {dagbag.py:537} INFO - Filling up the DagBag from /opt/airflow/dags/user_processing.py
[2024-05-25T12:09:02.015+0000] {processor.py:766} INFO - DAG(s) dict_keys(['user_processing']) retrieved from /opt/airflow/dags/user_processing.py
[2024-05-25T12:09:05.847+0000] {logging_mixin.py:120} INFO - [2024-05-25T12:09:05.836+0000] {dag.py:2585} INFO - Sync 1 DAGs
[2024-05-25T12:09:05.982+0000] {logging_mixin.py:120} INFO - [2024-05-25T12:09:05.982+0000] {dag.py:3340} INFO - Setting next_dagrun for user_processing to 2024-05-24T00:00:00+00:00, run_after=2024-05-25T00:00:00+00:00
[2024-05-25T12:09:06.116+0000] {processor.py:176} INFO - Processing /opt/airflow/dags/user_processing.py took 7.021 seconds
[2024-05-25T12:36:52.536+0000] {processor.py:154} INFO - Started process (PID=782) to work on /opt/airflow/dags/user_processing.py
[2024-05-25T12:36:52.539+0000] {processor.py:756} INFO - Processing file /opt/airflow/dags/user_processing.py for tasks to queue
[2024-05-25T12:36:52.541+0000] {logging_mixin.py:120} INFO - [2024-05-25T12:36:52.541+0000] {dagbag.py:537} INFO - Filling up the DagBag from /opt/airflow/dags/user_processing.py
[2024-05-25T12:36:54.743+0000] {processor.py:766} INFO - DAG(s) dict_keys(['user_processing']) retrieved from /opt/airflow/dags/user_processing.py
[2024-05-25T12:36:57.535+0000] {logging_mixin.py:120} INFO - [2024-05-25T12:36:57.529+0000] {dag.py:2585} INFO - Sync 1 DAGs
[2024-05-25T12:36:57.668+0000] {logging_mixin.py:120} INFO - [2024-05-25T12:36:57.667+0000] {dag.py:3340} INFO - Setting next_dagrun for user_processing to 2024-05-24T00:00:00+00:00, run_after=2024-05-25T00:00:00+00:00
[2024-05-25T12:36:57.939+0000] {processor.py:176} INFO - Processing /opt/airflow/dags/user_processing.py took 5.400 seconds
[2024-05-25T12:42:38.229+0000] {processor.py:154} INFO - Started process (PID=817) to work on /opt/airflow/dags/user_processing.py
[2024-05-25T12:42:38.256+0000] {processor.py:756} INFO - Processing file /opt/airflow/dags/user_processing.py for tasks to queue
[2024-05-25T12:42:38.291+0000] {logging_mixin.py:120} INFO - [2024-05-25T12:42:38.290+0000] {dagbag.py:537} INFO - Filling up the DagBag from /opt/airflow/dags/user_processing.py
[2024-05-25T12:42:39.969+0000] {processor.py:766} INFO - DAG(s) dict_keys(['user_processing']) retrieved from /opt/airflow/dags/user_processing.py
[2024-05-25T12:42:43.805+0000] {logging_mixin.py:120} INFO - [2024-05-25T12:42:43.802+0000] {dag.py:2585} INFO - Sync 1 DAGs
[2024-05-25T12:42:44.721+0000] {logging_mixin.py:120} INFO - [2024-05-25T12:42:44.721+0000] {dag.py:3340} INFO - Setting next_dagrun for user_processing to 2024-05-24T00:00:00+00:00, run_after=2024-05-25T00:00:00+00:00
[2024-05-25T12:42:44.759+0000] {processor.py:176} INFO - Processing /opt/airflow/dags/user_processing.py took 6.543 seconds
[2024-05-25T13:43:56.317+0000] {processor.py:154} INFO - Started process (PID=838) to work on /opt/airflow/dags/user_processing.py
[2024-05-25T13:43:56.323+0000] {processor.py:756} INFO - Processing file /opt/airflow/dags/user_processing.py for tasks to queue
[2024-05-25T13:43:56.336+0000] {logging_mixin.py:120} INFO - [2024-05-25T13:43:56.335+0000] {dagbag.py:537} INFO - Filling up the DagBag from /opt/airflow/dags/user_processing.py
[2024-05-25T13:43:57.666+0000] {processor.py:766} INFO - DAG(s) dict_keys(['user_processing']) retrieved from /opt/airflow/dags/user_processing.py
[2024-05-25T13:44:00.448+0000] {logging_mixin.py:120} INFO - [2024-05-25T13:44:00.425+0000] {dag.py:2585} INFO - Sync 1 DAGs
[2024-05-25T13:44:00.655+0000] {logging_mixin.py:120} INFO - [2024-05-25T13:44:00.654+0000] {dag.py:3340} INFO - Setting next_dagrun for user_processing to 2024-05-24T00:00:00+00:00, run_after=2024-05-25T00:00:00+00:00
[2024-05-25T13:44:00.828+0000] {processor.py:176} INFO - Processing /opt/airflow/dags/user_processing.py took 4.526 seconds
[2024-05-25T14:57:52.339+0000] {processor.py:154} INFO - Started process (PID=866) to work on /opt/airflow/dags/user_processing.py
[2024-05-25T14:57:52.345+0000] {processor.py:756} INFO - Processing file /opt/airflow/dags/user_processing.py for tasks to queue
[2024-05-25T14:57:52.354+0000] {logging_mixin.py:120} INFO - [2024-05-25T14:57:52.353+0000] {dagbag.py:537} INFO - Filling up the DagBag from /opt/airflow/dags/user_processing.py
[2024-05-25T14:57:53.733+0000] {processor.py:766} INFO - DAG(s) dict_keys(['user_processing']) retrieved from /opt/airflow/dags/user_processing.py
[2024-05-25T14:57:55.912+0000] {logging_mixin.py:120} INFO - [2024-05-25T14:57:55.910+0000] {dag.py:2585} INFO - Sync 1 DAGs
[2024-05-25T14:57:56.052+0000] {logging_mixin.py:120} INFO - [2024-05-25T14:57:56.052+0000] {dag.py:3340} INFO - Setting next_dagrun for user_processing to 2024-05-24T00:00:00+00:00, run_after=2024-05-25T00:00:00+00:00
[2024-05-25T14:57:56.158+0000] {processor.py:176} INFO - Processing /opt/airflow/dags/user_processing.py took 3.827 seconds
[2024-05-25T16:14:10.334+0000] {processor.py:154} INFO - Started process (PID=894) to work on /opt/airflow/dags/user_processing.py
[2024-05-25T16:14:10.342+0000] {processor.py:756} INFO - Processing file /opt/airflow/dags/user_processing.py for tasks to queue
[2024-05-25T16:14:10.348+0000] {logging_mixin.py:120} INFO - [2024-05-25T16:14:10.347+0000] {dagbag.py:537} INFO - Filling up the DagBag from /opt/airflow/dags/user_processing.py
[2024-05-25T16:14:12.266+0000] {processor.py:766} INFO - DAG(s) dict_keys(['user_processing']) retrieved from /opt/airflow/dags/user_processing.py
[2024-05-25T16:14:15.146+0000] {logging_mixin.py:120} INFO - [2024-05-25T16:14:15.143+0000] {dag.py:2585} INFO - Sync 1 DAGs
[2024-05-25T16:14:15.217+0000] {logging_mixin.py:120} INFO - [2024-05-25T16:14:15.216+0000] {dag.py:3340} INFO - Setting next_dagrun for user_processing to 2024-05-24T00:00:00+00:00, run_after=2024-05-25T00:00:00+00:00
[2024-05-25T16:14:15.286+0000] {processor.py:176} INFO - Processing /opt/airflow/dags/user_processing.py took 4.993 seconds
[2024-05-25T16:54:48.602+0000] {processor.py:154} INFO - Started process (PID=922) to work on /opt/airflow/dags/user_processing.py
[2024-05-25T16:54:48.614+0000] {processor.py:756} INFO - Processing file /opt/airflow/dags/user_processing.py for tasks to queue
[2024-05-25T16:54:48.628+0000] {logging_mixin.py:120} INFO - [2024-05-25T16:54:48.628+0000] {dagbag.py:537} INFO - Filling up the DagBag from /opt/airflow/dags/user_processing.py
[2024-05-25T16:54:53.261+0000] {processor.py:766} INFO - DAG(s) dict_keys(['user_processing']) retrieved from /opt/airflow/dags/user_processing.py
[2024-05-25T16:55:00.430+0000] {logging_mixin.py:120} INFO - [2024-05-25T16:55:00.428+0000] {dag.py:2585} INFO - Sync 1 DAGs
[2024-05-25T16:55:00.498+0000] {logging_mixin.py:120} INFO - [2024-05-25T16:55:00.498+0000] {dag.py:3340} INFO - Setting next_dagrun for user_processing to 2024-05-24T00:00:00+00:00, run_after=2024-05-25T00:00:00+00:00
[2024-05-25T16:55:00.756+0000] {processor.py:176} INFO - Processing /opt/airflow/dags/user_processing.py took 12.210 seconds
[2024-05-25T17:33:18.995+0000] {processor.py:154} INFO - Started process (PID=941) to work on /opt/airflow/dags/user_processing.py
[2024-05-25T17:33:18.997+0000] {processor.py:756} INFO - Processing file /opt/airflow/dags/user_processing.py for tasks to queue
[2024-05-25T17:33:19.001+0000] {logging_mixin.py:120} INFO - [2024-05-25T17:33:19.000+0000] {dagbag.py:537} INFO - Filling up the DagBag from /opt/airflow/dags/user_processing.py
[2024-05-25T17:33:20.975+0000] {processor.py:766} INFO - DAG(s) dict_keys(['user_processing']) retrieved from /opt/airflow/dags/user_processing.py
[2024-05-25T17:33:23.596+0000] {logging_mixin.py:120} INFO - [2024-05-25T17:33:23.589+0000] {dag.py:2585} INFO - Sync 1 DAGs
[2024-05-25T17:33:23.714+0000] {logging_mixin.py:120} INFO - [2024-05-25T17:33:23.714+0000] {dag.py:3340} INFO - Setting next_dagrun for user_processing to 2024-05-24T00:00:00+00:00, run_after=2024-05-25T00:00:00+00:00
[2024-05-25T17:33:23.787+0000] {processor.py:176} INFO - Processing /opt/airflow/dags/user_processing.py took 4.797 seconds
[2024-05-25T18:33:50.930+0000] {processor.py:154} INFO - Started process (PID=969) to work on /opt/airflow/dags/user_processing.py
[2024-05-25T18:33:50.934+0000] {processor.py:756} INFO - Processing file /opt/airflow/dags/user_processing.py for tasks to queue
[2024-05-25T18:33:50.937+0000] {logging_mixin.py:120} INFO - [2024-05-25T18:33:50.937+0000] {dagbag.py:537} INFO - Filling up the DagBag from /opt/airflow/dags/user_processing.py
[2024-05-25T18:33:51.582+0000] {processor.py:766} INFO - DAG(s) dict_keys(['user_processing']) retrieved from /opt/airflow/dags/user_processing.py
[2024-05-25T18:33:53.234+0000] {logging_mixin.py:120} INFO - [2024-05-25T18:33:53.231+0000] {dag.py:2585} INFO - Sync 1 DAGs
[2024-05-25T18:33:53.296+0000] {logging_mixin.py:120} INFO - [2024-05-25T18:33:53.296+0000] {dag.py:3340} INFO - Setting next_dagrun for user_processing to 2024-05-24T00:00:00+00:00, run_after=2024-05-25T00:00:00+00:00
[2024-05-25T18:33:56.536+0000] {processor.py:176} INFO - Processing /opt/airflow/dags/user_processing.py took 5.626 seconds
[2024-05-25T19:01:55.969+0000] {processor.py:154} INFO - Started process (PID=997) to work on /opt/airflow/dags/user_processing.py
[2024-05-25T19:01:55.972+0000] {processor.py:756} INFO - Processing file /opt/airflow/dags/user_processing.py for tasks to queue
[2024-05-25T19:01:55.974+0000] {logging_mixin.py:120} INFO - [2024-05-25T19:01:55.974+0000] {dagbag.py:537} INFO - Filling up the DagBag from /opt/airflow/dags/user_processing.py
[2024-05-25T19:01:57.398+0000] {processor.py:766} INFO - DAG(s) dict_keys(['user_processing']) retrieved from /opt/airflow/dags/user_processing.py
[2024-05-25T19:02:00.295+0000] {logging_mixin.py:120} INFO - [2024-05-25T19:02:00.284+0000] {dag.py:2585} INFO - Sync 1 DAGs
[2024-05-25T19:02:02.839+0000] {logging_mixin.py:120} INFO - [2024-05-25T19:02:02.838+0000] {dag.py:3340} INFO - Setting next_dagrun for user_processing to 2024-05-24T00:00:00+00:00, run_after=2024-05-25T00:00:00+00:00
[2024-05-25T19:02:02.941+0000] {processor.py:176} INFO - Processing /opt/airflow/dags/user_processing.py took 6.984 seconds
[2024-05-25T19:43:06.073+0000] {processor.py:154} INFO - Started process (PID=1031) to work on /opt/airflow/dags/user_processing.py
[2024-05-25T19:43:06.096+0000] {processor.py:756} INFO - Processing file /opt/airflow/dags/user_processing.py for tasks to queue
[2024-05-25T19:43:06.107+0000] {logging_mixin.py:120} INFO - [2024-05-25T19:43:06.104+0000] {dagbag.py:537} INFO - Filling up the DagBag from /opt/airflow/dags/user_processing.py
[2024-05-25T19:43:11.100+0000] {processor.py:766} INFO - DAG(s) dict_keys(['user_processing']) retrieved from /opt/airflow/dags/user_processing.py
[2024-05-25T19:43:16.695+0000] {logging_mixin.py:120} INFO - [2024-05-25T19:43:16.689+0000] {dag.py:2585} INFO - Sync 1 DAGs
[2024-05-25T19:43:16.778+0000] {logging_mixin.py:120} INFO - [2024-05-25T19:43:16.777+0000] {dag.py:3340} INFO - Setting next_dagrun for user_processing to 2024-05-24T00:00:00+00:00, run_after=2024-05-25T00:00:00+00:00
[2024-05-25T19:43:16.851+0000] {processor.py:176} INFO - Processing /opt/airflow/dags/user_processing.py took 10.864 seconds
[2024-05-25T20:15:27.679+0000] {processor.py:154} INFO - Started process (PID=1049) to work on /opt/airflow/dags/user_processing.py
[2024-05-25T20:15:27.690+0000] {processor.py:756} INFO - Processing file /opt/airflow/dags/user_processing.py for tasks to queue
[2024-05-25T20:15:27.693+0000] {logging_mixin.py:120} INFO - [2024-05-25T20:15:27.693+0000] {dagbag.py:537} INFO - Filling up the DagBag from /opt/airflow/dags/user_processing.py
[2024-05-25T20:15:32.697+0000] {processor.py:766} INFO - DAG(s) dict_keys(['user_processing']) retrieved from /opt/airflow/dags/user_processing.py
[2024-05-25T20:15:39.643+0000] {logging_mixin.py:120} INFO - [2024-05-25T20:15:39.631+0000] {dag.py:2585} INFO - Sync 1 DAGs
[2024-05-25T20:15:40.235+0000] {logging_mixin.py:120} INFO - [2024-05-25T20:15:40.099+0000] {dag.py:3340} INFO - Setting next_dagrun for user_processing to 2024-05-24T00:00:00+00:00, run_after=2024-05-25T00:00:00+00:00
[2024-05-25T20:15:40.810+0000] {processor.py:176} INFO - Processing /opt/airflow/dags/user_processing.py took 13.179 seconds
