[2024-05-25T01:20:55.208+0000] {processor.py:154} INFO - Started process (PID=339) to work on /opt/airflow/dags/xcom_dag.py
[2024-05-25T01:20:55.213+0000] {processor.py:756} INFO - Processing file /opt/airflow/dags/xcom_dag.py for tasks to queue
[2024-05-25T01:20:55.217+0000] {logging_mixin.py:120} INFO - [2024-05-25T01:20:55.216+0000] {dagbag.py:537} INFO - Filling up the DagBag from /opt/airflow/dags/xcom_dag.py
[2024-05-25T01:20:55.578+0000] {processor.py:766} INFO - DAG(s) dict_keys(['xcom_dag']) retrieved from /opt/airflow/dags/xcom_dag.py
[2024-05-25T01:20:56.226+0000] {logging_mixin.py:120} INFO - [2024-05-25T01:20:56.225+0000] {dag.py:2585} INFO - Sync 1 DAGs
[2024-05-25T01:20:56.652+0000] {logging_mixin.py:120} INFO - [2024-05-25T01:20:56.652+0000] {dag.py:3340} INFO - Setting next_dagrun for xcom_dag to 2024-05-24T00:00:00+00:00, run_after=2024-05-25T00:00:00+00:00
[2024-05-25T01:20:56.693+0000] {processor.py:176} INFO - Processing /opt/airflow/dags/xcom_dag.py took 1.530 seconds
[2024-05-25T02:42:34.215+0000] {processor.py:154} INFO - Started process (PID=367) to work on /opt/airflow/dags/xcom_dag.py
[2024-05-25T02:42:34.229+0000] {processor.py:756} INFO - Processing file /opt/airflow/dags/xcom_dag.py for tasks to queue
[2024-05-25T02:42:34.234+0000] {logging_mixin.py:120} INFO - [2024-05-25T02:42:34.233+0000] {dagbag.py:537} INFO - Filling up the DagBag from /opt/airflow/dags/xcom_dag.py
[2024-05-25T02:42:34.453+0000] {processor.py:766} INFO - DAG(s) dict_keys(['xcom_dag']) retrieved from /opt/airflow/dags/xcom_dag.py
[2024-05-25T02:42:34.896+0000] {logging_mixin.py:120} INFO - [2024-05-25T02:42:34.893+0000] {dag.py:2585} INFO - Sync 1 DAGs
[2024-05-25T02:42:35.071+0000] {logging_mixin.py:120} INFO - [2024-05-25T02:42:35.069+0000] {dag.py:3340} INFO - Setting next_dagrun for xcom_dag to 2024-05-24T00:00:00+00:00, run_after=2024-05-25T00:00:00+00:00
[2024-05-25T02:42:35.168+0000] {processor.py:176} INFO - Processing /opt/airflow/dags/xcom_dag.py took 0.968 seconds
[2024-05-25T04:05:23.675+0000] {processor.py:154} INFO - Started process (PID=394) to work on /opt/airflow/dags/xcom_dag.py
[2024-05-25T04:05:23.681+0000] {processor.py:756} INFO - Processing file /opt/airflow/dags/xcom_dag.py for tasks to queue
[2024-05-25T04:05:23.687+0000] {logging_mixin.py:120} INFO - [2024-05-25T04:05:23.686+0000] {dagbag.py:537} INFO - Filling up the DagBag from /opt/airflow/dags/xcom_dag.py
[2024-05-25T04:05:23.861+0000] {processor.py:766} INFO - DAG(s) dict_keys(['xcom_dag']) retrieved from /opt/airflow/dags/xcom_dag.py
[2024-05-25T04:05:24.205+0000] {logging_mixin.py:120} INFO - [2024-05-25T04:05:24.204+0000] {dag.py:2585} INFO - Sync 1 DAGs
[2024-05-25T04:05:24.319+0000] {logging_mixin.py:120} INFO - [2024-05-25T04:05:24.319+0000] {dag.py:3340} INFO - Setting next_dagrun for xcom_dag to 2024-05-24T00:00:00+00:00, run_after=2024-05-25T00:00:00+00:00
[2024-05-25T04:05:24.398+0000] {processor.py:176} INFO - Processing /opt/airflow/dags/xcom_dag.py took 0.742 seconds
[2024-05-25T05:45:18.491+0000] {processor.py:154} INFO - Started process (PID=421) to work on /opt/airflow/dags/xcom_dag.py
[2024-05-25T05:45:18.500+0000] {processor.py:756} INFO - Processing file /opt/airflow/dags/xcom_dag.py for tasks to queue
[2024-05-25T05:45:18.503+0000] {logging_mixin.py:120} INFO - [2024-05-25T05:45:18.502+0000] {dagbag.py:537} INFO - Filling up the DagBag from /opt/airflow/dags/xcom_dag.py
[2024-05-25T05:45:18.997+0000] {processor.py:766} INFO - DAG(s) dict_keys(['xcom_dag']) retrieved from /opt/airflow/dags/xcom_dag.py
[2024-05-25T05:45:19.932+0000] {logging_mixin.py:120} INFO - [2024-05-25T05:45:19.931+0000] {dag.py:2585} INFO - Sync 1 DAGs
[2024-05-25T05:45:20.178+0000] {logging_mixin.py:120} INFO - [2024-05-25T05:45:20.178+0000] {dag.py:3340} INFO - Setting next_dagrun for xcom_dag to 2024-05-24T00:00:00+00:00, run_after=2024-05-25T00:00:00+00:00
[2024-05-25T05:45:20.270+0000] {processor.py:176} INFO - Processing /opt/airflow/dags/xcom_dag.py took 1.805 seconds
[2024-05-25T05:49:06.898+0000] {processor.py:154} INFO - Started process (PID=449) to work on /opt/airflow/dags/xcom_dag.py
[2024-05-25T05:49:06.910+0000] {processor.py:756} INFO - Processing file /opt/airflow/dags/xcom_dag.py for tasks to queue
[2024-05-25T05:49:06.916+0000] {logging_mixin.py:120} INFO - [2024-05-25T05:49:06.916+0000] {dagbag.py:537} INFO - Filling up the DagBag from /opt/airflow/dags/xcom_dag.py
[2024-05-25T05:49:07.053+0000] {processor.py:766} INFO - DAG(s) dict_keys(['xcom_dag']) retrieved from /opt/airflow/dags/xcom_dag.py
[2024-05-25T05:49:07.225+0000] {logging_mixin.py:120} INFO - [2024-05-25T05:49:07.224+0000] {dag.py:2585} INFO - Sync 1 DAGs
[2024-05-25T05:49:07.341+0000] {logging_mixin.py:120} INFO - [2024-05-25T05:49:07.338+0000] {dag.py:3340} INFO - Setting next_dagrun for xcom_dag to 2024-05-24T00:00:00+00:00, run_after=2024-05-25T00:00:00+00:00
[2024-05-25T05:49:07.439+0000] {processor.py:176} INFO - Processing /opt/airflow/dags/xcom_dag.py took 0.589 seconds
[2024-05-25T06:49:58.975+0000] {processor.py:154} INFO - Started process (PID=476) to work on /opt/airflow/dags/xcom_dag.py
[2024-05-25T06:49:58.982+0000] {processor.py:756} INFO - Processing file /opt/airflow/dags/xcom_dag.py for tasks to queue
[2024-05-25T06:49:58.989+0000] {logging_mixin.py:120} INFO - [2024-05-25T06:49:58.989+0000] {dagbag.py:537} INFO - Filling up the DagBag from /opt/airflow/dags/xcom_dag.py
[2024-05-25T06:49:59.142+0000] {processor.py:766} INFO - DAG(s) dict_keys(['xcom_dag']) retrieved from /opt/airflow/dags/xcom_dag.py
[2024-05-25T06:49:59.434+0000] {logging_mixin.py:120} INFO - [2024-05-25T06:49:59.434+0000] {dag.py:2585} INFO - Sync 1 DAGs
[2024-05-25T06:49:59.546+0000] {logging_mixin.py:120} INFO - [2024-05-25T06:49:59.546+0000] {dag.py:3340} INFO - Setting next_dagrun for xcom_dag to 2024-05-24T00:00:00+00:00, run_after=2024-05-25T00:00:00+00:00
[2024-05-25T06:49:59.622+0000] {processor.py:176} INFO - Processing /opt/airflow/dags/xcom_dag.py took 0.675 seconds
[2024-05-25T07:35:21.349+0000] {processor.py:154} INFO - Started process (PID=504) to work on /opt/airflow/dags/xcom_dag.py
[2024-05-25T07:35:21.361+0000] {processor.py:756} INFO - Processing file /opt/airflow/dags/xcom_dag.py for tasks to queue
[2024-05-25T07:35:21.364+0000] {logging_mixin.py:120} INFO - [2024-05-25T07:35:21.364+0000] {dagbag.py:537} INFO - Filling up the DagBag from /opt/airflow/dags/xcom_dag.py
[2024-05-25T07:35:21.391+0000] {processor.py:766} INFO - DAG(s) dict_keys(['xcom_dag']) retrieved from /opt/airflow/dags/xcom_dag.py
[2024-05-25T07:35:21.459+0000] {logging_mixin.py:120} INFO - [2024-05-25T07:35:21.459+0000] {dag.py:2585} INFO - Sync 1 DAGs
[2024-05-25T07:35:21.498+0000] {logging_mixin.py:120} INFO - [2024-05-25T07:35:21.497+0000] {dag.py:3340} INFO - Setting next_dagrun for xcom_dag to 2024-05-24T00:00:00+00:00, run_after=2024-05-25T00:00:00+00:00
[2024-05-25T07:35:21.515+0000] {processor.py:176} INFO - Processing /opt/airflow/dags/xcom_dag.py took 0.179 seconds
[2024-05-25T08:12:53.257+0000] {processor.py:154} INFO - Started process (PID=538) to work on /opt/airflow/dags/xcom_dag.py
[2024-05-25T08:12:53.316+0000] {processor.py:756} INFO - Processing file /opt/airflow/dags/xcom_dag.py for tasks to queue
[2024-05-25T08:12:53.340+0000] {logging_mixin.py:120} INFO - [2024-05-25T08:12:53.338+0000] {dagbag.py:537} INFO - Filling up the DagBag from /opt/airflow/dags/xcom_dag.py
[2024-05-25T08:12:53.983+0000] {processor.py:766} INFO - DAG(s) dict_keys(['xcom_dag']) retrieved from /opt/airflow/dags/xcom_dag.py
[2024-05-25T08:12:54.926+0000] {logging_mixin.py:120} INFO - [2024-05-25T08:12:54.925+0000] {dag.py:2585} INFO - Sync 1 DAGs
[2024-05-25T08:12:55.063+0000] {logging_mixin.py:120} INFO - [2024-05-25T08:12:55.063+0000] {dag.py:3340} INFO - Setting next_dagrun for xcom_dag to 2024-05-24T00:00:00+00:00, run_after=2024-05-25T00:00:00+00:00
[2024-05-25T08:12:55.277+0000] {processor.py:176} INFO - Processing /opt/airflow/dags/xcom_dag.py took 2.063 seconds
[2024-05-25T08:19:31.526+0000] {processor.py:154} INFO - Started process (PID=558) to work on /opt/airflow/dags/xcom_dag.py
[2024-05-25T08:19:31.533+0000] {processor.py:756} INFO - Processing file /opt/airflow/dags/xcom_dag.py for tasks to queue
[2024-05-25T08:19:31.539+0000] {logging_mixin.py:120} INFO - [2024-05-25T08:19:31.538+0000] {dagbag.py:537} INFO - Filling up the DagBag from /opt/airflow/dags/xcom_dag.py
[2024-05-25T08:19:31.953+0000] {processor.py:766} INFO - DAG(s) dict_keys(['xcom_dag']) retrieved from /opt/airflow/dags/xcom_dag.py
[2024-05-25T08:19:34.998+0000] {logging_mixin.py:120} INFO - [2024-05-25T08:19:34.636+0000] {dag.py:2585} INFO - Sync 1 DAGs
[2024-05-25T08:19:35.231+0000] {logging_mixin.py:120} INFO - [2024-05-25T08:19:35.230+0000] {dag.py:3340} INFO - Setting next_dagrun for xcom_dag to 2024-05-24T00:00:00+00:00, run_after=2024-05-25T00:00:00+00:00
[2024-05-25T08:19:35.467+0000] {processor.py:176} INFO - Processing /opt/airflow/dags/xcom_dag.py took 3.983 seconds
[2024-05-25T08:46:41.668+0000] {processor.py:154} INFO - Started process (PID=586) to work on /opt/airflow/dags/xcom_dag.py
[2024-05-25T08:46:41.674+0000] {processor.py:756} INFO - Processing file /opt/airflow/dags/xcom_dag.py for tasks to queue
[2024-05-25T08:46:41.684+0000] {logging_mixin.py:120} INFO - [2024-05-25T08:46:41.683+0000] {dagbag.py:537} INFO - Filling up the DagBag from /opt/airflow/dags/xcom_dag.py
[2024-05-25T08:46:41.867+0000] {processor.py:766} INFO - DAG(s) dict_keys(['xcom_dag']) retrieved from /opt/airflow/dags/xcom_dag.py
[2024-05-25T08:46:42.134+0000] {logging_mixin.py:120} INFO - [2024-05-25T08:46:42.134+0000] {dag.py:2585} INFO - Sync 1 DAGs
[2024-05-25T08:46:42.207+0000] {logging_mixin.py:120} INFO - [2024-05-25T08:46:42.207+0000] {dag.py:3340} INFO - Setting next_dagrun for xcom_dag to 2024-05-24T00:00:00+00:00, run_after=2024-05-25T00:00:00+00:00
[2024-05-25T08:46:42.318+0000] {processor.py:176} INFO - Processing /opt/airflow/dags/xcom_dag.py took 0.674 seconds
[2024-05-25T09:08:05.484+0000] {processor.py:154} INFO - Started process (PID=613) to work on /opt/airflow/dags/xcom_dag.py
[2024-05-25T09:08:05.491+0000] {processor.py:756} INFO - Processing file /opt/airflow/dags/xcom_dag.py for tasks to queue
[2024-05-25T09:08:05.496+0000] {logging_mixin.py:120} INFO - [2024-05-25T09:08:05.495+0000] {dagbag.py:537} INFO - Filling up the DagBag from /opt/airflow/dags/xcom_dag.py
[2024-05-25T09:08:06.194+0000] {processor.py:766} INFO - DAG(s) dict_keys(['xcom_dag']) retrieved from /opt/airflow/dags/xcom_dag.py
[2024-05-25T09:08:06.884+0000] {logging_mixin.py:120} INFO - [2024-05-25T09:08:06.883+0000] {dag.py:2585} INFO - Sync 1 DAGs
[2024-05-25T09:08:06.997+0000] {logging_mixin.py:120} INFO - [2024-05-25T09:08:06.996+0000] {dag.py:3340} INFO - Setting next_dagrun for xcom_dag to 2024-05-24T00:00:00+00:00, run_after=2024-05-25T00:00:00+00:00
[2024-05-25T09:08:07.072+0000] {processor.py:176} INFO - Processing /opt/airflow/dags/xcom_dag.py took 1.618 seconds
[2024-05-25T09:52:56.356+0000] {processor.py:154} INFO - Started process (PID=632) to work on /opt/airflow/dags/xcom_dag.py
[2024-05-25T09:52:56.362+0000] {processor.py:756} INFO - Processing file /opt/airflow/dags/xcom_dag.py for tasks to queue
[2024-05-25T09:52:56.369+0000] {logging_mixin.py:120} INFO - [2024-05-25T09:52:56.369+0000] {dagbag.py:537} INFO - Filling up the DagBag from /opt/airflow/dags/xcom_dag.py
[2024-05-25T09:52:56.668+0000] {processor.py:766} INFO - DAG(s) dict_keys(['xcom_dag']) retrieved from /opt/airflow/dags/xcom_dag.py
[2024-05-25T09:52:57.654+0000] {logging_mixin.py:120} INFO - [2024-05-25T09:52:57.647+0000] {dag.py:2585} INFO - Sync 1 DAGs
[2024-05-25T09:52:57.907+0000] {logging_mixin.py:120} INFO - [2024-05-25T09:52:57.907+0000] {dag.py:3340} INFO - Setting next_dagrun for xcom_dag to 2024-05-24T00:00:00+00:00, run_after=2024-05-25T00:00:00+00:00
[2024-05-25T09:52:58.124+0000] {processor.py:176} INFO - Processing /opt/airflow/dags/xcom_dag.py took 1.789 seconds
[2024-05-25T10:43:43.731+0000] {processor.py:154} INFO - Started process (PID=659) to work on /opt/airflow/dags/xcom_dag.py
[2024-05-25T10:43:43.734+0000] {processor.py:756} INFO - Processing file /opt/airflow/dags/xcom_dag.py for tasks to queue
[2024-05-25T10:43:43.738+0000] {logging_mixin.py:120} INFO - [2024-05-25T10:43:43.737+0000] {dagbag.py:537} INFO - Filling up the DagBag from /opt/airflow/dags/xcom_dag.py
[2024-05-25T10:43:43.882+0000] {processor.py:766} INFO - DAG(s) dict_keys(['xcom_dag']) retrieved from /opt/airflow/dags/xcom_dag.py
[2024-05-25T10:43:44.621+0000] {logging_mixin.py:120} INFO - [2024-05-25T10:43:44.616+0000] {dag.py:2585} INFO - Sync 1 DAGs
[2024-05-25T10:43:44.765+0000] {logging_mixin.py:120} INFO - [2024-05-25T10:43:44.765+0000] {dag.py:3340} INFO - Setting next_dagrun for xcom_dag to 2024-05-24T00:00:00+00:00, run_after=2024-05-25T00:00:00+00:00
[2024-05-25T10:43:44.915+0000] {processor.py:176} INFO - Processing /opt/airflow/dags/xcom_dag.py took 1.196 seconds
[2024-05-25T10:59:29.532+0000] {processor.py:154} INFO - Started process (PID=686) to work on /opt/airflow/dags/xcom_dag.py
[2024-05-25T10:59:29.537+0000] {processor.py:756} INFO - Processing file /opt/airflow/dags/xcom_dag.py for tasks to queue
[2024-05-25T10:59:29.540+0000] {logging_mixin.py:120} INFO - [2024-05-25T10:59:29.540+0000] {dagbag.py:537} INFO - Filling up the DagBag from /opt/airflow/dags/xcom_dag.py
[2024-05-25T10:59:29.641+0000] {processor.py:766} INFO - DAG(s) dict_keys(['xcom_dag']) retrieved from /opt/airflow/dags/xcom_dag.py
[2024-05-25T10:59:29.851+0000] {logging_mixin.py:120} INFO - [2024-05-25T10:59:29.850+0000] {dag.py:2585} INFO - Sync 1 DAGs
[2024-05-25T10:59:29.950+0000] {logging_mixin.py:120} INFO - [2024-05-25T10:59:29.948+0000] {dag.py:3340} INFO - Setting next_dagrun for xcom_dag to 2024-05-24T00:00:00+00:00, run_after=2024-05-25T00:00:00+00:00
[2024-05-25T10:59:30.011+0000] {processor.py:176} INFO - Processing /opt/airflow/dags/xcom_dag.py took 0.487 seconds
[2024-05-25T11:44:02.113+0000] {processor.py:154} INFO - Started process (PID=713) to work on /opt/airflow/dags/xcom_dag.py
[2024-05-25T11:44:02.117+0000] {processor.py:756} INFO - Processing file /opt/airflow/dags/xcom_dag.py for tasks to queue
[2024-05-25T11:44:02.121+0000] {logging_mixin.py:120} INFO - [2024-05-25T11:44:02.121+0000] {dagbag.py:537} INFO - Filling up the DagBag from /opt/airflow/dags/xcom_dag.py
[2024-05-25T11:44:02.534+0000] {processor.py:766} INFO - DAG(s) dict_keys(['xcom_dag']) retrieved from /opt/airflow/dags/xcom_dag.py
[2024-05-25T11:44:03.776+0000] {logging_mixin.py:120} INFO - [2024-05-25T11:44:03.446+0000] {dag.py:2585} INFO - Sync 1 DAGs
[2024-05-25T11:44:04.212+0000] {logging_mixin.py:120} INFO - [2024-05-25T11:44:04.207+0000] {dag.py:3340} INFO - Setting next_dagrun for xcom_dag to 2024-05-24T00:00:00+00:00, run_after=2024-05-25T00:00:00+00:00
[2024-05-25T11:44:04.456+0000] {processor.py:176} INFO - Processing /opt/airflow/dags/xcom_dag.py took 2.356 seconds
[2024-05-25T11:50:06.318+0000] {processor.py:154} INFO - Started process (PID=732) to work on /opt/airflow/dags/xcom_dag.py
[2024-05-25T11:50:06.324+0000] {processor.py:756} INFO - Processing file /opt/airflow/dags/xcom_dag.py for tasks to queue
[2024-05-25T11:50:06.328+0000] {logging_mixin.py:120} INFO - [2024-05-25T11:50:06.327+0000] {dagbag.py:537} INFO - Filling up the DagBag from /opt/airflow/dags/xcom_dag.py
[2024-05-25T11:50:06.505+0000] {processor.py:766} INFO - DAG(s) dict_keys(['xcom_dag']) retrieved from /opt/airflow/dags/xcom_dag.py
[2024-05-25T11:50:06.693+0000] {logging_mixin.py:120} INFO - [2024-05-25T11:50:06.692+0000] {dag.py:2585} INFO - Sync 1 DAGs
[2024-05-25T11:50:06.746+0000] {logging_mixin.py:120} INFO - [2024-05-25T11:50:06.745+0000] {dag.py:3340} INFO - Setting next_dagrun for xcom_dag to 2024-05-24T00:00:00+00:00, run_after=2024-05-25T00:00:00+00:00
[2024-05-25T11:50:06.774+0000] {processor.py:176} INFO - Processing /opt/airflow/dags/xcom_dag.py took 0.486 seconds
[2024-05-25T12:09:03.730+0000] {processor.py:154} INFO - Started process (PID=767) to work on /opt/airflow/dags/xcom_dag.py
[2024-05-25T12:09:03.744+0000] {processor.py:756} INFO - Processing file /opt/airflow/dags/xcom_dag.py for tasks to queue
[2024-05-25T12:09:03.748+0000] {logging_mixin.py:120} INFO - [2024-05-25T12:09:03.748+0000] {dagbag.py:537} INFO - Filling up the DagBag from /opt/airflow/dags/xcom_dag.py
[2024-05-25T12:09:04.202+0000] {processor.py:766} INFO - DAG(s) dict_keys(['xcom_dag']) retrieved from /opt/airflow/dags/xcom_dag.py
[2024-05-25T12:09:04.518+0000] {logging_mixin.py:120} INFO - [2024-05-25T12:09:04.517+0000] {dag.py:2585} INFO - Sync 1 DAGs
[2024-05-25T12:09:04.821+0000] {logging_mixin.py:120} INFO - [2024-05-25T12:09:04.814+0000] {dag.py:3340} INFO - Setting next_dagrun for xcom_dag to 2024-05-24T00:00:00+00:00, run_after=2024-05-25T00:00:00+00:00
[2024-05-25T12:09:04.979+0000] {processor.py:176} INFO - Processing /opt/airflow/dags/xcom_dag.py took 1.303 seconds
[2024-05-25T12:36:55.187+0000] {processor.py:154} INFO - Started process (PID=795) to work on /opt/airflow/dags/xcom_dag.py
[2024-05-25T12:36:55.189+0000] {processor.py:756} INFO - Processing file /opt/airflow/dags/xcom_dag.py for tasks to queue
[2024-05-25T12:36:55.190+0000] {logging_mixin.py:120} INFO - [2024-05-25T12:36:55.190+0000] {dagbag.py:537} INFO - Filling up the DagBag from /opt/airflow/dags/xcom_dag.py
[2024-05-25T12:36:55.289+0000] {processor.py:766} INFO - DAG(s) dict_keys(['xcom_dag']) retrieved from /opt/airflow/dags/xcom_dag.py
[2024-05-25T12:36:55.703+0000] {logging_mixin.py:120} INFO - [2024-05-25T12:36:55.700+0000] {dag.py:2585} INFO - Sync 1 DAGs
[2024-05-25T12:36:55.835+0000] {logging_mixin.py:120} INFO - [2024-05-25T12:36:55.831+0000] {dag.py:3340} INFO - Setting next_dagrun for xcom_dag to 2024-05-24T00:00:00+00:00, run_after=2024-05-25T00:00:00+00:00
[2024-05-25T12:36:55.933+0000] {processor.py:176} INFO - Processing /opt/airflow/dags/xcom_dag.py took 0.753 seconds
[2024-05-25T12:42:42.036+0000] {processor.py:154} INFO - Started process (PID=823) to work on /opt/airflow/dags/xcom_dag.py
[2024-05-25T12:42:42.238+0000] {processor.py:756} INFO - Processing file /opt/airflow/dags/xcom_dag.py for tasks to queue
[2024-05-25T12:42:42.275+0000] {logging_mixin.py:120} INFO - [2024-05-25T12:42:42.274+0000] {dagbag.py:537} INFO - Filling up the DagBag from /opt/airflow/dags/xcom_dag.py
[2024-05-25T12:42:42.702+0000] {processor.py:766} INFO - DAG(s) dict_keys(['xcom_dag']) retrieved from /opt/airflow/dags/xcom_dag.py
[2024-05-25T12:42:43.116+0000] {logging_mixin.py:120} INFO - [2024-05-25T12:42:43.115+0000] {dag.py:2585} INFO - Sync 1 DAGs
[2024-05-25T12:42:43.397+0000] {logging_mixin.py:120} INFO - [2024-05-25T12:42:43.396+0000] {dag.py:3340} INFO - Setting next_dagrun for xcom_dag to 2024-05-24T00:00:00+00:00, run_after=2024-05-25T00:00:00+00:00
[2024-05-25T12:42:43.472+0000] {processor.py:176} INFO - Processing /opt/airflow/dags/xcom_dag.py took 1.843 seconds
[2024-05-25T13:43:58.082+0000] {processor.py:154} INFO - Started process (PID=842) to work on /opt/airflow/dags/xcom_dag.py
[2024-05-25T13:43:58.088+0000] {processor.py:756} INFO - Processing file /opt/airflow/dags/xcom_dag.py for tasks to queue
[2024-05-25T13:43:58.091+0000] {logging_mixin.py:120} INFO - [2024-05-25T13:43:58.090+0000] {dagbag.py:537} INFO - Filling up the DagBag from /opt/airflow/dags/xcom_dag.py
[2024-05-25T13:43:58.136+0000] {processor.py:766} INFO - DAG(s) dict_keys(['xcom_dag']) retrieved from /opt/airflow/dags/xcom_dag.py
[2024-05-25T13:43:58.217+0000] {logging_mixin.py:120} INFO - [2024-05-25T13:43:58.216+0000] {dag.py:2585} INFO - Sync 1 DAGs
[2024-05-25T13:43:58.357+0000] {logging_mixin.py:120} INFO - [2024-05-25T13:43:58.356+0000] {dag.py:3340} INFO - Setting next_dagrun for xcom_dag to 2024-05-24T00:00:00+00:00, run_after=2024-05-25T00:00:00+00:00
[2024-05-25T13:43:58.464+0000] {processor.py:176} INFO - Processing /opt/airflow/dags/xcom_dag.py took 0.406 seconds
[2024-05-25T14:57:54.157+0000] {processor.py:154} INFO - Started process (PID=877) to work on /opt/airflow/dags/xcom_dag.py
[2024-05-25T14:57:54.165+0000] {processor.py:756} INFO - Processing file /opt/airflow/dags/xcom_dag.py for tasks to queue
[2024-05-25T14:57:54.172+0000] {logging_mixin.py:120} INFO - [2024-05-25T14:57:54.171+0000] {dagbag.py:537} INFO - Filling up the DagBag from /opt/airflow/dags/xcom_dag.py
[2024-05-25T14:57:54.238+0000] {processor.py:766} INFO - DAG(s) dict_keys(['xcom_dag']) retrieved from /opt/airflow/dags/xcom_dag.py
[2024-05-25T14:57:54.305+0000] {logging_mixin.py:120} INFO - [2024-05-25T14:57:54.305+0000] {dag.py:2585} INFO - Sync 1 DAGs
[2024-05-25T14:57:54.366+0000] {logging_mixin.py:120} INFO - [2024-05-25T14:57:54.366+0000] {dag.py:3340} INFO - Setting next_dagrun for xcom_dag to 2024-05-24T00:00:00+00:00, run_after=2024-05-25T00:00:00+00:00
[2024-05-25T14:57:54.499+0000] {processor.py:176} INFO - Processing /opt/airflow/dags/xcom_dag.py took 0.355 seconds
[2024-05-25T16:14:12.860+0000] {processor.py:154} INFO - Started process (PID=898) to work on /opt/airflow/dags/xcom_dag.py
[2024-05-25T16:14:12.881+0000] {processor.py:756} INFO - Processing file /opt/airflow/dags/xcom_dag.py for tasks to queue
[2024-05-25T16:14:12.903+0000] {logging_mixin.py:120} INFO - [2024-05-25T16:14:12.902+0000] {dagbag.py:537} INFO - Filling up the DagBag from /opt/airflow/dags/xcom_dag.py
[2024-05-25T16:14:13.244+0000] {processor.py:766} INFO - DAG(s) dict_keys(['xcom_dag']) retrieved from /opt/airflow/dags/xcom_dag.py
[2024-05-25T16:14:13.714+0000] {logging_mixin.py:120} INFO - [2024-05-25T16:14:13.713+0000] {dag.py:2585} INFO - Sync 1 DAGs
[2024-05-25T16:14:14.365+0000] {logging_mixin.py:120} INFO - [2024-05-25T16:14:14.364+0000] {dag.py:3340} INFO - Setting next_dagrun for xcom_dag to 2024-05-24T00:00:00+00:00, run_after=2024-05-25T00:00:00+00:00
[2024-05-25T16:14:14.457+0000] {processor.py:176} INFO - Processing /opt/airflow/dags/xcom_dag.py took 1.640 seconds
[2024-05-25T16:54:57.876+0000] {processor.py:154} INFO - Started process (PID=926) to work on /opt/airflow/dags/xcom_dag.py
[2024-05-25T16:54:57.889+0000] {processor.py:756} INFO - Processing file /opt/airflow/dags/xcom_dag.py for tasks to queue
[2024-05-25T16:54:57.896+0000] {logging_mixin.py:120} INFO - [2024-05-25T16:54:57.896+0000] {dagbag.py:537} INFO - Filling up the DagBag from /opt/airflow/dags/xcom_dag.py
[2024-05-25T16:54:59.620+0000] {processor.py:766} INFO - DAG(s) dict_keys(['xcom_dag']) retrieved from /opt/airflow/dags/xcom_dag.py
[2024-05-25T16:55:00.116+0000] {logging_mixin.py:120} INFO - [2024-05-25T16:55:00.113+0000] {dag.py:2585} INFO - Sync 1 DAGs
[2024-05-25T16:55:00.226+0000] {logging_mixin.py:120} INFO - [2024-05-25T16:55:00.226+0000] {dag.py:3340} INFO - Setting next_dagrun for xcom_dag to 2024-05-24T00:00:00+00:00, run_after=2024-05-25T00:00:00+00:00
[2024-05-25T16:55:00.342+0000] {processor.py:176} INFO - Processing /opt/airflow/dags/xcom_dag.py took 2.501 seconds
[2024-05-25T17:33:22.378+0000] {processor.py:154} INFO - Started process (PID=945) to work on /opt/airflow/dags/xcom_dag.py
[2024-05-25T17:33:22.404+0000] {processor.py:756} INFO - Processing file /opt/airflow/dags/xcom_dag.py for tasks to queue
[2024-05-25T17:33:22.424+0000] {logging_mixin.py:120} INFO - [2024-05-25T17:33:22.423+0000] {dagbag.py:537} INFO - Filling up the DagBag from /opt/airflow/dags/xcom_dag.py
[2024-05-25T17:33:22.662+0000] {processor.py:766} INFO - DAG(s) dict_keys(['xcom_dag']) retrieved from /opt/airflow/dags/xcom_dag.py
[2024-05-25T17:33:22.972+0000] {logging_mixin.py:120} INFO - [2024-05-25T17:33:22.971+0000] {dag.py:2585} INFO - Sync 1 DAGs
[2024-05-25T17:33:23.177+0000] {logging_mixin.py:120} INFO - [2024-05-25T17:33:23.174+0000] {dag.py:3340} INFO - Setting next_dagrun for xcom_dag to 2024-05-24T00:00:00+00:00, run_after=2024-05-25T00:00:00+00:00
[2024-05-25T17:33:23.338+0000] {processor.py:176} INFO - Processing /opt/airflow/dags/xcom_dag.py took 1.009 seconds
[2024-05-25T18:33:52.256+0000] {processor.py:154} INFO - Started process (PID=973) to work on /opt/airflow/dags/xcom_dag.py
[2024-05-25T18:33:52.265+0000] {processor.py:756} INFO - Processing file /opt/airflow/dags/xcom_dag.py for tasks to queue
[2024-05-25T18:33:52.269+0000] {logging_mixin.py:120} INFO - [2024-05-25T18:33:52.268+0000] {dagbag.py:537} INFO - Filling up the DagBag from /opt/airflow/dags/xcom_dag.py
[2024-05-25T18:33:52.419+0000] {processor.py:766} INFO - DAG(s) dict_keys(['xcom_dag']) retrieved from /opt/airflow/dags/xcom_dag.py
[2024-05-25T18:33:52.648+0000] {logging_mixin.py:120} INFO - [2024-05-25T18:33:52.647+0000] {dag.py:2585} INFO - Sync 1 DAGs
[2024-05-25T18:33:52.707+0000] {logging_mixin.py:120} INFO - [2024-05-25T18:33:52.707+0000] {dag.py:3340} INFO - Setting next_dagrun for xcom_dag to 2024-05-24T00:00:00+00:00, run_after=2024-05-25T00:00:00+00:00
[2024-05-25T18:33:52.764+0000] {processor.py:176} INFO - Processing /opt/airflow/dags/xcom_dag.py took 0.548 seconds
[2024-05-25T19:01:58.345+0000] {processor.py:154} INFO - Started process (PID=1010) to work on /opt/airflow/dags/xcom_dag.py
[2024-05-25T19:01:58.351+0000] {processor.py:756} INFO - Processing file /opt/airflow/dags/xcom_dag.py for tasks to queue
[2024-05-25T19:01:58.357+0000] {logging_mixin.py:120} INFO - [2024-05-25T19:01:58.356+0000] {dagbag.py:537} INFO - Filling up the DagBag from /opt/airflow/dags/xcom_dag.py
[2024-05-25T19:01:58.449+0000] {processor.py:766} INFO - DAG(s) dict_keys(['xcom_dag']) retrieved from /opt/airflow/dags/xcom_dag.py
[2024-05-25T19:01:58.679+0000] {logging_mixin.py:120} INFO - [2024-05-25T19:01:58.678+0000] {dag.py:2585} INFO - Sync 1 DAGs
[2024-05-25T19:01:58.786+0000] {logging_mixin.py:120} INFO - [2024-05-25T19:01:58.785+0000] {dag.py:3340} INFO - Setting next_dagrun for xcom_dag to 2024-05-24T00:00:00+00:00, run_after=2024-05-25T00:00:00+00:00
[2024-05-25T19:01:59.002+0000] {processor.py:176} INFO - Processing /opt/airflow/dags/xcom_dag.py took 0.673 seconds
[2024-05-25T19:43:14.733+0000] {processor.py:154} INFO - Started process (PID=1037) to work on /opt/airflow/dags/xcom_dag.py
[2024-05-25T19:43:14.756+0000] {processor.py:756} INFO - Processing file /opt/airflow/dags/xcom_dag.py for tasks to queue
[2024-05-25T19:43:14.774+0000] {logging_mixin.py:120} INFO - [2024-05-25T19:43:14.773+0000] {dagbag.py:537} INFO - Filling up the DagBag from /opt/airflow/dags/xcom_dag.py
[2024-05-25T19:43:15.343+0000] {processor.py:766} INFO - DAG(s) dict_keys(['xcom_dag']) retrieved from /opt/airflow/dags/xcom_dag.py
[2024-05-25T19:43:15.902+0000] {logging_mixin.py:120} INFO - [2024-05-25T19:43:15.885+0000] {dag.py:2585} INFO - Sync 1 DAGs
[2024-05-25T19:43:15.996+0000] {logging_mixin.py:120} INFO - [2024-05-25T19:43:15.996+0000] {dag.py:3340} INFO - Setting next_dagrun for xcom_dag to 2024-05-24T00:00:00+00:00, run_after=2024-05-25T00:00:00+00:00
[2024-05-25T19:43:16.072+0000] {processor.py:176} INFO - Processing /opt/airflow/dags/xcom_dag.py took 1.386 seconds
[2024-05-25T20:15:36.371+0000] {processor.py:154} INFO - Started process (PID=1055) to work on /opt/airflow/dags/xcom_dag.py
[2024-05-25T20:15:36.406+0000] {processor.py:756} INFO - Processing file /opt/airflow/dags/xcom_dag.py for tasks to queue
[2024-05-25T20:15:36.425+0000] {logging_mixin.py:120} INFO - [2024-05-25T20:15:36.416+0000] {dagbag.py:537} INFO - Filling up the DagBag from /opt/airflow/dags/xcom_dag.py
[2024-05-25T20:15:37.333+0000] {processor.py:766} INFO - DAG(s) dict_keys(['xcom_dag']) retrieved from /opt/airflow/dags/xcom_dag.py
[2024-05-25T20:15:38.513+0000] {logging_mixin.py:120} INFO - [2024-05-25T20:15:38.501+0000] {dag.py:2585} INFO - Sync 1 DAGs
[2024-05-25T20:15:38.773+0000] {logging_mixin.py:120} INFO - [2024-05-25T20:15:38.772+0000] {dag.py:3340} INFO - Setting next_dagrun for xcom_dag to 2024-05-24T00:00:00+00:00, run_after=2024-05-25T00:00:00+00:00
[2024-05-25T20:15:38.979+0000] {processor.py:176} INFO - Processing /opt/airflow/dags/xcom_dag.py took 2.671 seconds
