[2023-09-05T11:35:51.191+0000] {taskinstance.py:1165} INFO - Dependencies all met for <TaskInstance: consumer.read_dataset_2 dataset_triggered__2023-09-05T11:35:48.043523+00:00 [queued]>
[2023-09-05T11:35:51.199+0000] {taskinstance.py:1165} INFO - Dependencies all met for <TaskInstance: consumer.read_dataset_2 dataset_triggered__2023-09-05T11:35:48.043523+00:00 [queued]>
[2023-09-05T11:35:51.199+0000] {taskinstance.py:1362} INFO - 
--------------------------------------------------------------------------------
[2023-09-05T11:35:51.199+0000] {taskinstance.py:1363} INFO - Starting attempt 1 of 1
[2023-09-05T11:35:51.199+0000] {taskinstance.py:1364} INFO - 
--------------------------------------------------------------------------------
[2023-09-05T11:35:51.212+0000] {taskinstance.py:1383} INFO - Executing <Task(_PythonDecoratedOperator): read_dataset_2> on 2023-09-05 11:35:48.043523+00:00
[2023-09-05T11:35:51.217+0000] {standard_task_runner.py:55} INFO - Started process 108 to run task
[2023-09-05T11:35:51.224+0000] {standard_task_runner.py:82} INFO - Running: ['***', 'tasks', 'run', 'consumer', 'read_dataset_2', 'dataset_triggered__2023-09-05T11:35:48.043523+00:00', '--job-id', '98', '--raw', '--subdir', 'DAGS_FOLDER/consumer.py', '--cfg-path', '/tmp/tmp36046i9z']
[2023-09-05T11:35:51.225+0000] {standard_task_runner.py:83} INFO - Job 98: Subtask read_dataset_2
[2023-09-05T11:35:51.350+0000] {task_command.py:376} INFO - Running <TaskInstance: consumer.read_dataset_2 dataset_triggered__2023-09-05T11:35:48.043523+00:00 [running]> on host 993b415b7ab0
[2023-09-05T11:35:51.444+0000] {taskinstance.py:1592} INFO - Exporting the following env vars:
AIRFLOW_CTX_DAG_OWNER=***
AIRFLOW_CTX_DAG_ID=consumer
AIRFLOW_CTX_TASK_ID=read_dataset_2
AIRFLOW_CTX_EXECUTION_DATE=2023-09-05T11:35:48.043523+00:00
AIRFLOW_CTX_TRY_NUMBER=1
AIRFLOW_CTX_DAG_RUN_ID=dataset_triggered__2023-09-05T11:35:48.043523+00:00
[2023-09-05T11:35:51.450+0000] {logging_mixin.py:120} INFO - another producer updateanother producer update
[2023-09-05T11:35:51.453+0000] {python.py:177} INFO - Done. Returned value was: None
[2023-09-05T11:35:51.480+0000] {taskinstance.py:1406} INFO - Marking task as SUCCESS. dag_id=consumer, task_id=read_dataset_2, execution_date=20230905T113548, start_date=20230905T113551, end_date=20230905T113551
[2023-09-05T11:35:51.514+0000] {local_task_job.py:164} INFO - Task exited with return code 0
[2023-09-05T11:35:51.543+0000] {local_task_job.py:273} INFO - 0 downstream tasks scheduled from follow-on schedule check
