[2023-09-05T11:35:49.837+0000] {taskinstance.py:1165} INFO - Dependencies all met for <TaskInstance: consumer.read_dataset dataset_triggered__2023-09-05T11:35:48.043523+00:00 [queued]>
[2023-09-05T11:35:49.853+0000] {taskinstance.py:1165} INFO - Dependencies all met for <TaskInstance: consumer.read_dataset dataset_triggered__2023-09-05T11:35:48.043523+00:00 [queued]>
[2023-09-05T11:35:49.853+0000] {taskinstance.py:1362} INFO - 
--------------------------------------------------------------------------------
[2023-09-05T11:35:49.854+0000] {taskinstance.py:1363} INFO - Starting attempt 1 of 1
[2023-09-05T11:35:49.854+0000] {taskinstance.py:1364} INFO - 
--------------------------------------------------------------------------------
[2023-09-05T11:35:49.879+0000] {taskinstance.py:1383} INFO - Executing <Task(_PythonDecoratedOperator): read_dataset> on 2023-09-05 11:35:48.043523+00:00
[2023-09-05T11:35:49.883+0000] {standard_task_runner.py:55} INFO - Started process 102 to run task
[2023-09-05T11:35:49.887+0000] {standard_task_runner.py:82} INFO - Running: ['***', 'tasks', 'run', 'consumer', 'read_dataset', 'dataset_triggered__2023-09-05T11:35:48.043523+00:00', '--job-id', '97', '--raw', '--subdir', 'DAGS_FOLDER/consumer.py', '--cfg-path', '/tmp/tmpw1g6nw5n']
[2023-09-05T11:35:49.888+0000] {standard_task_runner.py:83} INFO - Job 97: Subtask read_dataset
[2023-09-05T11:35:50.008+0000] {task_command.py:376} INFO - Running <TaskInstance: consumer.read_dataset dataset_triggered__2023-09-05T11:35:48.043523+00:00 [running]> on host 993b415b7ab0
[2023-09-05T11:35:50.120+0000] {taskinstance.py:1592} INFO - Exporting the following env vars:
AIRFLOW_CTX_DAG_OWNER=***
AIRFLOW_CTX_DAG_ID=consumer
AIRFLOW_CTX_TASK_ID=read_dataset
AIRFLOW_CTX_EXECUTION_DATE=2023-09-05T11:35:48.043523+00:00
AIRFLOW_CTX_TRY_NUMBER=1
AIRFLOW_CTX_DAG_RUN_ID=dataset_triggered__2023-09-05T11:35:48.043523+00:00
[2023-09-05T11:35:50.121+0000] {logging_mixin.py:120} INFO - producer updateproducer update
[2023-09-05T11:35:50.122+0000] {python.py:177} INFO - Done. Returned value was: None
[2023-09-05T11:35:50.130+0000] {taskinstance.py:1406} INFO - Marking task as SUCCESS. dag_id=consumer, task_id=read_dataset, execution_date=20230905T113548, start_date=20230905T113549, end_date=20230905T113550
[2023-09-05T11:35:50.151+0000] {local_task_job.py:164} INFO - Task exited with return code 0
[2023-09-05T11:35:50.174+0000] {local_task_job.py:273} INFO - 1 downstream tasks scheduled from follow-on schedule check
