[2024-05-28T10:33:06.109+0000] {processor.py:154} INFO - Started process (PID=59) to work on /opt/airflow/dags/consumer.py
[2024-05-28T10:33:06.111+0000] {processor.py:756} INFO - Processing file /opt/airflow/dags/consumer.py for tasks to queue
[2024-05-28T10:33:06.112+0000] {logging_mixin.py:120} INFO - [2024-05-28T10:33:06.112+0000] {dagbag.py:537} INFO - Filling up the DagBag from /opt/airflow/dags/consumer.py
[2024-05-28T10:33:06.174+0000] {processor.py:766} INFO - DAG(s) dict_keys(['consumer']) retrieved from /opt/airflow/dags/consumer.py
[2024-05-28T10:33:06.287+0000] {logging_mixin.py:120} INFO - [2024-05-28T10:33:06.287+0000] {dag.py:2585} INFO - Sync 1 DAGs
[2024-05-28T10:33:06.322+0000] {logging_mixin.py:120} INFO - [2024-05-28T10:33:06.321+0000] {dag.py:3340} INFO - Setting next_dagrun for consumer to None, run_after=None
[2024-05-28T10:33:06.357+0000] {processor.py:176} INFO - Processing /opt/airflow/dags/consumer.py took 0.253 seconds
[2024-05-28T11:10:18.862+0000] {processor.py:154} INFO - Started process (PID=58) to work on /opt/airflow/dags/consumer.py
[2024-05-28T11:10:18.863+0000] {processor.py:756} INFO - Processing file /opt/airflow/dags/consumer.py for tasks to queue
[2024-05-28T11:10:18.866+0000] {logging_mixin.py:120} INFO - [2024-05-28T11:10:18.866+0000] {dagbag.py:537} INFO - Filling up the DagBag from /opt/airflow/dags/consumer.py
[2024-05-28T11:10:18.907+0000] {processor.py:766} INFO - DAG(s) dict_keys(['consumer']) retrieved from /opt/airflow/dags/consumer.py
[2024-05-28T11:10:18.997+0000] {logging_mixin.py:120} INFO - [2024-05-28T11:10:18.997+0000] {dag.py:2585} INFO - Sync 1 DAGs
[2024-05-28T11:10:19.018+0000] {logging_mixin.py:120} INFO - [2024-05-28T11:10:19.018+0000] {dag.py:3340} INFO - Setting next_dagrun for consumer to None, run_after=None
[2024-05-28T11:10:19.071+0000] {processor.py:176} INFO - Processing /opt/airflow/dags/consumer.py took 0.211 seconds
[2024-05-28T11:10:49.399+0000] {processor.py:154} INFO - Started process (PID=86) to work on /opt/airflow/dags/consumer.py
[2024-05-28T11:10:49.400+0000] {processor.py:756} INFO - Processing file /opt/airflow/dags/consumer.py for tasks to queue
[2024-05-28T11:10:49.401+0000] {logging_mixin.py:120} INFO - [2024-05-28T11:10:49.400+0000] {dagbag.py:537} INFO - Filling up the DagBag from /opt/airflow/dags/consumer.py
[2024-05-28T11:10:49.418+0000] {processor.py:766} INFO - DAG(s) dict_keys(['consumer']) retrieved from /opt/airflow/dags/consumer.py
[2024-05-28T11:10:49.444+0000] {logging_mixin.py:120} INFO - [2024-05-28T11:10:49.444+0000] {dag.py:2585} INFO - Sync 1 DAGs
[2024-05-28T11:10:49.467+0000] {logging_mixin.py:120} INFO - [2024-05-28T11:10:49.467+0000] {dag.py:3340} INFO - Setting next_dagrun for consumer to None, run_after=None
[2024-05-28T11:10:49.481+0000] {processor.py:176} INFO - Processing /opt/airflow/dags/consumer.py took 0.084 seconds
[2024-05-28T11:11:21.134+0000] {processor.py:154} INFO - Started process (PID=125) to work on /opt/airflow/dags/consumer.py
[2024-05-28T11:11:21.135+0000] {processor.py:756} INFO - Processing file /opt/airflow/dags/consumer.py for tasks to queue
[2024-05-28T11:11:21.137+0000] {logging_mixin.py:120} INFO - [2024-05-28T11:11:21.137+0000] {dagbag.py:537} INFO - Filling up the DagBag from /opt/airflow/dags/consumer.py
[2024-05-28T11:11:21.156+0000] {processor.py:766} INFO - DAG(s) dict_keys(['consumer']) retrieved from /opt/airflow/dags/consumer.py
[2024-05-28T11:11:21.205+0000] {logging_mixin.py:120} INFO - [2024-05-28T11:11:21.204+0000] {dag.py:2585} INFO - Sync 1 DAGs
[2024-05-28T11:11:21.230+0000] {logging_mixin.py:120} INFO - [2024-05-28T11:11:21.230+0000] {dag.py:3340} INFO - Setting next_dagrun for consumer to None, run_after=None
[2024-05-28T11:11:21.261+0000] {processor.py:176} INFO - Processing /opt/airflow/dags/consumer.py took 0.129 seconds
[2024-05-28T11:11:52.341+0000] {processor.py:154} INFO - Started process (PID=162) to work on /opt/airflow/dags/consumer.py
[2024-05-28T11:11:52.342+0000] {processor.py:756} INFO - Processing file /opt/airflow/dags/consumer.py for tasks to queue
[2024-05-28T11:11:52.343+0000] {logging_mixin.py:120} INFO - [2024-05-28T11:11:52.343+0000] {dagbag.py:537} INFO - Filling up the DagBag from /opt/airflow/dags/consumer.py
[2024-05-28T11:11:52.364+0000] {processor.py:766} INFO - DAG(s) dict_keys(['consumer']) retrieved from /opt/airflow/dags/consumer.py
[2024-05-28T11:11:52.387+0000] {logging_mixin.py:120} INFO - [2024-05-28T11:11:52.387+0000] {dag.py:2585} INFO - Sync 1 DAGs
[2024-05-28T11:11:52.402+0000] {logging_mixin.py:120} INFO - [2024-05-28T11:11:52.402+0000] {dag.py:3340} INFO - Setting next_dagrun for consumer to None, run_after=None
[2024-05-28T11:11:52.422+0000] {processor.py:176} INFO - Processing /opt/airflow/dags/consumer.py took 0.082 seconds
[2024-05-28T11:13:51.325+0000] {processor.py:154} INFO - Started process (PID=198) to work on /opt/airflow/dags/consumer.py
[2024-05-28T11:13:51.329+0000] {processor.py:756} INFO - Processing file /opt/airflow/dags/consumer.py for tasks to queue
[2024-05-28T11:13:51.334+0000] {logging_mixin.py:120} INFO - [2024-05-28T11:13:51.333+0000] {dagbag.py:537} INFO - Filling up the DagBag from /opt/airflow/dags/consumer.py
[2024-05-28T11:13:51.496+0000] {processor.py:766} INFO - DAG(s) dict_keys(['consumer']) retrieved from /opt/airflow/dags/consumer.py
[2024-05-28T11:13:52.319+0000] {logging_mixin.py:120} INFO - [2024-05-28T11:13:52.318+0000] {dag.py:2585} INFO - Sync 1 DAGs
[2024-05-28T11:13:52.408+0000] {logging_mixin.py:120} INFO - [2024-05-28T11:13:52.408+0000] {dag.py:3340} INFO - Setting next_dagrun for consumer to None, run_after=None
[2024-05-28T11:13:53.127+0000] {processor.py:176} INFO - Processing /opt/airflow/dags/consumer.py took 1.806 seconds
[2024-05-28T11:14:23.999+0000] {processor.py:154} INFO - Started process (PID=225) to work on /opt/airflow/dags/consumer.py
[2024-05-28T11:14:24.004+0000] {processor.py:756} INFO - Processing file /opt/airflow/dags/consumer.py for tasks to queue
[2024-05-28T11:14:24.004+0000] {logging_mixin.py:120} INFO - [2024-05-28T11:14:24.004+0000] {dagbag.py:537} INFO - Filling up the DagBag from /opt/airflow/dags/consumer.py
[2024-05-28T11:14:24.051+0000] {processor.py:766} INFO - DAG(s) dict_keys(['consumer']) retrieved from /opt/airflow/dags/consumer.py
[2024-05-28T11:14:24.084+0000] {logging_mixin.py:120} INFO - [2024-05-28T11:14:24.084+0000] {dag.py:2585} INFO - Sync 1 DAGs
[2024-05-28T11:14:24.104+0000] {logging_mixin.py:120} INFO - [2024-05-28T11:14:24.104+0000] {dag.py:3340} INFO - Setting next_dagrun for consumer to None, run_after=None
[2024-05-28T11:14:24.160+0000] {processor.py:176} INFO - Processing /opt/airflow/dags/consumer.py took 0.163 seconds
[2024-05-28T11:14:59.916+0000] {processor.py:154} INFO - Started process (PID=251) to work on /opt/airflow/dags/consumer.py
[2024-05-28T11:14:59.921+0000] {processor.py:756} INFO - Processing file /opt/airflow/dags/consumer.py for tasks to queue
[2024-05-28T11:14:59.922+0000] {logging_mixin.py:120} INFO - [2024-05-28T11:14:59.922+0000] {dagbag.py:537} INFO - Filling up the DagBag from /opt/airflow/dags/consumer.py
[2024-05-28T11:15:00.232+0000] {processor.py:766} INFO - DAG(s) dict_keys(['consumer']) retrieved from /opt/airflow/dags/consumer.py
[2024-05-28T11:15:00.371+0000] {logging_mixin.py:120} INFO - [2024-05-28T11:15:00.371+0000] {dag.py:2585} INFO - Sync 1 DAGs
[2024-05-28T11:15:00.451+0000] {logging_mixin.py:120} INFO - [2024-05-28T11:15:00.451+0000] {dag.py:3340} INFO - Setting next_dagrun for consumer to None, run_after=None
[2024-05-28T11:15:00.563+0000] {processor.py:176} INFO - Processing /opt/airflow/dags/consumer.py took 0.650 seconds
[2024-05-28T11:15:36.772+0000] {processor.py:154} INFO - Started process (PID=288) to work on /opt/airflow/dags/consumer.py
[2024-05-28T11:15:37.268+0000] {processor.py:756} INFO - Processing file /opt/airflow/dags/consumer.py for tasks to queue
[2024-05-28T11:15:37.283+0000] {logging_mixin.py:120} INFO - [2024-05-28T11:15:37.283+0000] {dagbag.py:537} INFO - Filling up the DagBag from /opt/airflow/dags/consumer.py
[2024-05-28T11:15:39.370+0000] {processor.py:766} INFO - DAG(s) dict_keys(['consumer']) retrieved from /opt/airflow/dags/consumer.py
[2024-05-28T11:15:39.873+0000] {logging_mixin.py:120} INFO - [2024-05-28T11:15:39.872+0000] {dag.py:2585} INFO - Sync 1 DAGs
[2024-05-28T11:15:39.982+0000] {logging_mixin.py:120} INFO - [2024-05-28T11:15:39.981+0000] {dag.py:3340} INFO - Setting next_dagrun for consumer to None, run_after=None
[2024-05-28T11:15:40.076+0000] {processor.py:176} INFO - Processing /opt/airflow/dags/consumer.py took 3.309 seconds
[2024-05-28T11:16:14.972+0000] {processor.py:154} INFO - Started process (PID=316) to work on /opt/airflow/dags/consumer.py
[2024-05-28T11:16:14.981+0000] {processor.py:756} INFO - Processing file /opt/airflow/dags/consumer.py for tasks to queue
[2024-05-28T11:16:14.985+0000] {logging_mixin.py:120} INFO - [2024-05-28T11:16:14.984+0000] {dagbag.py:537} INFO - Filling up the DagBag from /opt/airflow/dags/consumer.py
[2024-05-28T11:16:15.374+0000] {processor.py:766} INFO - DAG(s) dict_keys(['consumer']) retrieved from /opt/airflow/dags/consumer.py
[2024-05-28T11:16:15.984+0000] {logging_mixin.py:120} INFO - [2024-05-28T11:16:15.984+0000] {dag.py:2585} INFO - Sync 1 DAGs
[2024-05-28T11:16:16.060+0000] {logging_mixin.py:120} INFO - [2024-05-28T11:16:16.060+0000] {dag.py:3340} INFO - Setting next_dagrun for consumer to None, run_after=None
[2024-05-28T11:16:16.278+0000] {processor.py:176} INFO - Processing /opt/airflow/dags/consumer.py took 1.332 seconds
