[2024-05-28T10:33:04.343+0000] {processor.py:154} INFO - Started process (PID=52) to work on /opt/airflow/dags/elastic_dag.py
[2024-05-28T10:33:04.346+0000] {processor.py:756} INFO - Processing file /opt/airflow/dags/elastic_dag.py for tasks to queue
[2024-05-28T10:33:04.349+0000] {logging_mixin.py:120} INFO - [2024-05-28T10:33:04.349+0000] {dagbag.py:537} INFO - Filling up the DagBag from /opt/airflow/dags/elastic_dag.py
[2024-05-28T10:33:05.329+0000] {processor.py:766} INFO - DAG(s) dict_keys(['elastic_dag']) retrieved from /opt/airflow/dags/elastic_dag.py
[2024-05-28T10:33:05.433+0000] {logging_mixin.py:120} INFO - [2024-05-28T10:33:05.432+0000] {dag.py:2585} INFO - Sync 1 DAGs
[2024-05-28T10:33:05.479+0000] {logging_mixin.py:120} INFO - [2024-05-28T10:33:05.479+0000] {dag.py:3340} INFO - Setting next_dagrun for elastic_dag to 2024-05-27T00:00:00+00:00, run_after=2024-05-28T00:00:00+00:00
[2024-05-28T10:33:05.537+0000] {processor.py:176} INFO - Processing /opt/airflow/dags/elastic_dag.py took 1.196 seconds
[2024-05-28T11:10:16.957+0000] {processor.py:154} INFO - Started process (PID=51) to work on /opt/airflow/dags/elastic_dag.py
[2024-05-28T11:10:16.961+0000] {processor.py:756} INFO - Processing file /opt/airflow/dags/elastic_dag.py for tasks to queue
[2024-05-28T11:10:16.970+0000] {logging_mixin.py:120} INFO - [2024-05-28T11:10:16.970+0000] {dagbag.py:537} INFO - Filling up the DagBag from /opt/airflow/dags/elastic_dag.py
[2024-05-28T11:10:18.187+0000] {processor.py:766} INFO - DAG(s) dict_keys(['elastic_dag']) retrieved from /opt/airflow/dags/elastic_dag.py
[2024-05-28T11:10:18.307+0000] {logging_mixin.py:120} INFO - [2024-05-28T11:10:18.305+0000] {dag.py:2585} INFO - Sync 1 DAGs
[2024-05-28T11:10:18.370+0000] {logging_mixin.py:120} INFO - [2024-05-28T11:10:18.370+0000] {dag.py:3340} INFO - Setting next_dagrun for elastic_dag to 2024-05-27T00:00:00+00:00, run_after=2024-05-28T00:00:00+00:00
[2024-05-28T11:10:18.444+0000] {processor.py:176} INFO - Processing /opt/airflow/dags/elastic_dag.py took 1.489 seconds
[2024-05-28T11:10:48.706+0000] {processor.py:154} INFO - Started process (PID=79) to work on /opt/airflow/dags/elastic_dag.py
[2024-05-28T11:10:48.708+0000] {processor.py:756} INFO - Processing file /opt/airflow/dags/elastic_dag.py for tasks to queue
[2024-05-28T11:10:48.710+0000] {logging_mixin.py:120} INFO - [2024-05-28T11:10:48.710+0000] {dagbag.py:537} INFO - Filling up the DagBag from /opt/airflow/dags/elastic_dag.py
[2024-05-28T11:10:49.105+0000] {processor.py:766} INFO - DAG(s) dict_keys(['elastic_dag']) retrieved from /opt/airflow/dags/elastic_dag.py
[2024-05-28T11:10:49.130+0000] {logging_mixin.py:120} INFO - [2024-05-28T11:10:49.130+0000] {dag.py:2585} INFO - Sync 1 DAGs
[2024-05-28T11:10:49.159+0000] {logging_mixin.py:120} INFO - [2024-05-28T11:10:49.159+0000] {dag.py:3340} INFO - Setting next_dagrun for elastic_dag to 2024-05-27T00:00:00+00:00, run_after=2024-05-28T00:00:00+00:00
[2024-05-28T11:10:49.171+0000] {processor.py:176} INFO - Processing /opt/airflow/dags/elastic_dag.py took 0.474 seconds
[2024-05-28T11:11:19.990+0000] {processor.py:154} INFO - Started process (PID=118) to work on /opt/airflow/dags/elastic_dag.py
[2024-05-28T11:11:19.991+0000] {processor.py:756} INFO - Processing file /opt/airflow/dags/elastic_dag.py for tasks to queue
[2024-05-28T11:11:19.992+0000] {logging_mixin.py:120} INFO - [2024-05-28T11:11:19.992+0000] {dagbag.py:537} INFO - Filling up the DagBag from /opt/airflow/dags/elastic_dag.py
[2024-05-28T11:11:20.595+0000] {processor.py:766} INFO - DAG(s) dict_keys(['elastic_dag']) retrieved from /opt/airflow/dags/elastic_dag.py
[2024-05-28T11:11:20.642+0000] {logging_mixin.py:120} INFO - [2024-05-28T11:11:20.642+0000] {dag.py:2585} INFO - Sync 1 DAGs
[2024-05-28T11:11:20.693+0000] {logging_mixin.py:120} INFO - [2024-05-28T11:11:20.693+0000] {dag.py:3340} INFO - Setting next_dagrun for elastic_dag to 2024-05-27T00:00:00+00:00, run_after=2024-05-28T00:00:00+00:00
[2024-05-28T11:11:20.736+0000] {processor.py:176} INFO - Processing /opt/airflow/dags/elastic_dag.py took 0.751 seconds
[2024-05-28T11:11:51.789+0000] {processor.py:154} INFO - Started process (PID=155) to work on /opt/airflow/dags/elastic_dag.py
[2024-05-28T11:11:51.795+0000] {processor.py:756} INFO - Processing file /opt/airflow/dags/elastic_dag.py for tasks to queue
[2024-05-28T11:11:51.796+0000] {logging_mixin.py:120} INFO - [2024-05-28T11:11:51.796+0000] {dagbag.py:537} INFO - Filling up the DagBag from /opt/airflow/dags/elastic_dag.py
[2024-05-28T11:11:52.039+0000] {processor.py:766} INFO - DAG(s) dict_keys(['elastic_dag']) retrieved from /opt/airflow/dags/elastic_dag.py
[2024-05-28T11:11:52.070+0000] {logging_mixin.py:120} INFO - [2024-05-28T11:11:52.070+0000] {dag.py:2585} INFO - Sync 1 DAGs
[2024-05-28T11:11:52.095+0000] {logging_mixin.py:120} INFO - [2024-05-28T11:11:52.093+0000] {dag.py:3340} INFO - Setting next_dagrun for elastic_dag to 2024-05-27T00:00:00+00:00, run_after=2024-05-28T00:00:00+00:00
[2024-05-28T11:11:52.153+0000] {processor.py:176} INFO - Processing /opt/airflow/dags/elastic_dag.py took 0.368 seconds
[2024-05-28T11:12:22.805+0000] {processor.py:154} INFO - Started process (PID=182) to work on /opt/airflow/dags/elastic_dag.py
[2024-05-28T11:12:23.126+0000] {processor.py:756} INFO - Processing file /opt/airflow/dags/elastic_dag.py for tasks to queue
[2024-05-28T11:12:23.437+0000] {logging_mixin.py:120} INFO - [2024-05-28T11:12:23.437+0000] {dagbag.py:537} INFO - Filling up the DagBag from /opt/airflow/dags/elastic_dag.py
[2024-05-28T11:12:31.987+0000] {processor.py:766} INFO - DAG(s) dict_keys(['elastic_dag']) retrieved from /opt/airflow/dags/elastic_dag.py
[2024-05-28T11:12:33.977+0000] {logging_mixin.py:120} INFO - [2024-05-28T11:12:33.965+0000] {dag.py:2585} INFO - Sync 1 DAGs
[2024-05-28T11:12:34.374+0000] {logging_mixin.py:120} INFO - [2024-05-28T11:12:34.374+0000] {dag.py:3340} INFO - Setting next_dagrun for elastic_dag to 2024-05-27T00:00:00+00:00, run_after=2024-05-28T00:00:00+00:00
[2024-05-28T11:12:35.116+0000] {processor.py:176} INFO - Processing /opt/airflow/dags/elastic_dag.py took 12.350 seconds
[2024-05-28T11:13:53.532+0000] {processor.py:154} INFO - Started process (PID=201) to work on /opt/airflow/dags/elastic_dag.py
[2024-05-28T11:13:53.534+0000] {processor.py:756} INFO - Processing file /opt/airflow/dags/elastic_dag.py for tasks to queue
[2024-05-28T11:13:53.535+0000] {logging_mixin.py:120} INFO - [2024-05-28T11:13:53.535+0000] {dagbag.py:537} INFO - Filling up the DagBag from /opt/airflow/dags/elastic_dag.py
[2024-05-28T11:13:57.809+0000] {processor.py:766} INFO - DAG(s) dict_keys(['elastic_dag']) retrieved from /opt/airflow/dags/elastic_dag.py
[2024-05-28T11:13:58.127+0000] {logging_mixin.py:120} INFO - [2024-05-28T11:13:58.125+0000] {dag.py:2585} INFO - Sync 1 DAGs
[2024-05-28T11:13:58.344+0000] {logging_mixin.py:120} INFO - [2024-05-28T11:13:58.344+0000] {dag.py:3340} INFO - Setting next_dagrun for elastic_dag to 2024-05-27T00:00:00+00:00, run_after=2024-05-28T00:00:00+00:00
[2024-05-28T11:13:58.423+0000] {processor.py:176} INFO - Processing /opt/airflow/dags/elastic_dag.py took 4.897 seconds
[2024-05-28T11:14:29.236+0000] {processor.py:154} INFO - Started process (PID=228) to work on /opt/airflow/dags/elastic_dag.py
[2024-05-28T11:14:29.258+0000] {processor.py:756} INFO - Processing file /opt/airflow/dags/elastic_dag.py for tasks to queue
[2024-05-28T11:14:29.261+0000] {logging_mixin.py:120} INFO - [2024-05-28T11:14:29.261+0000] {dagbag.py:537} INFO - Filling up the DagBag from /opt/airflow/dags/elastic_dag.py
[2024-05-28T11:14:34.093+0000] {processor.py:766} INFO - DAG(s) dict_keys(['elastic_dag']) retrieved from /opt/airflow/dags/elastic_dag.py
[2024-05-28T11:14:34.628+0000] {logging_mixin.py:120} INFO - [2024-05-28T11:14:34.627+0000] {dag.py:2585} INFO - Sync 1 DAGs
[2024-05-28T11:14:34.824+0000] {logging_mixin.py:120} INFO - [2024-05-28T11:14:34.824+0000] {dag.py:3340} INFO - Setting next_dagrun for elastic_dag to 2024-05-27T00:00:00+00:00, run_after=2024-05-28T00:00:00+00:00
[2024-05-28T11:14:34.915+0000] {processor.py:176} INFO - Processing /opt/airflow/dags/elastic_dag.py took 5.685 seconds
[2024-05-28T11:15:05.791+0000] {processor.py:154} INFO - Started process (PID=263) to work on /opt/airflow/dags/elastic_dag.py
[2024-05-28T11:15:05.805+0000] {processor.py:756} INFO - Processing file /opt/airflow/dags/elastic_dag.py for tasks to queue
[2024-05-28T11:15:05.806+0000] {logging_mixin.py:120} INFO - [2024-05-28T11:15:05.806+0000] {dagbag.py:537} INFO - Filling up the DagBag from /opt/airflow/dags/elastic_dag.py
[2024-05-28T11:15:08.458+0000] {processor.py:766} INFO - DAG(s) dict_keys(['elastic_dag']) retrieved from /opt/airflow/dags/elastic_dag.py
[2024-05-28T11:15:08.758+0000] {logging_mixin.py:120} INFO - [2024-05-28T11:15:08.754+0000] {dag.py:2585} INFO - Sync 1 DAGs
[2024-05-28T11:15:09.032+0000] {logging_mixin.py:120} INFO - [2024-05-28T11:15:09.032+0000] {dag.py:3340} INFO - Setting next_dagrun for elastic_dag to 2024-05-27T00:00:00+00:00, run_after=2024-05-28T00:00:00+00:00
[2024-05-28T11:15:09.157+0000] {processor.py:176} INFO - Processing /opt/airflow/dags/elastic_dag.py took 3.392 seconds
[2024-05-28T11:15:40.479+0000] {processor.py:154} INFO - Started process (PID=291) to work on /opt/airflow/dags/elastic_dag.py
[2024-05-28T11:15:40.492+0000] {processor.py:756} INFO - Processing file /opt/airflow/dags/elastic_dag.py for tasks to queue
[2024-05-28T11:15:40.510+0000] {logging_mixin.py:120} INFO - [2024-05-28T11:15:40.510+0000] {dagbag.py:537} INFO - Filling up the DagBag from /opt/airflow/dags/elastic_dag.py
[2024-05-28T11:15:45.842+0000] {processor.py:766} INFO - DAG(s) dict_keys(['elastic_dag']) retrieved from /opt/airflow/dags/elastic_dag.py
[2024-05-28T11:15:46.086+0000] {logging_mixin.py:120} INFO - [2024-05-28T11:15:46.084+0000] {dag.py:2585} INFO - Sync 1 DAGs
[2024-05-28T11:15:47.092+0000] {logging_mixin.py:120} INFO - [2024-05-28T11:15:47.091+0000] {dag.py:3340} INFO - Setting next_dagrun for elastic_dag to 2024-05-27T00:00:00+00:00, run_after=2024-05-28T00:00:00+00:00
[2024-05-28T11:15:48.493+0000] {processor.py:176} INFO - Processing /opt/airflow/dags/elastic_dag.py took 8.016 seconds
[2024-05-28T11:16:19.288+0000] {processor.py:154} INFO - Started process (PID=319) to work on /opt/airflow/dags/elastic_dag.py
[2024-05-28T11:16:19.293+0000] {processor.py:756} INFO - Processing file /opt/airflow/dags/elastic_dag.py for tasks to queue
[2024-05-28T11:16:19.312+0000] {logging_mixin.py:120} INFO - [2024-05-28T11:16:19.311+0000] {dagbag.py:537} INFO - Filling up the DagBag from /opt/airflow/dags/elastic_dag.py
[2024-05-28T11:16:31.222+0000] {processor.py:766} INFO - DAG(s) dict_keys(['elastic_dag']) retrieved from /opt/airflow/dags/elastic_dag.py
[2024-05-28T11:16:32.625+0000] {logging_mixin.py:120} INFO - [2024-05-28T11:16:32.615+0000] {dag.py:2585} INFO - Sync 1 DAGs
[2024-05-28T11:16:33.794+0000] {logging_mixin.py:120} INFO - [2024-05-28T11:16:33.792+0000] {dag.py:3340} INFO - Setting next_dagrun for elastic_dag to 2024-05-27T00:00:00+00:00, run_after=2024-05-28T00:00:00+00:00
[2024-05-28T11:16:34.600+0000] {processor.py:176} INFO - Processing /opt/airflow/dags/elastic_dag.py took 15.224 seconds
