[2024-05-28T10:33:05.890+0000] {processor.py:154} INFO - Started process (PID=57) to work on /opt/airflow/dags/group_dag.py
[2024-05-28T10:33:05.891+0000] {processor.py:756} INFO - Processing file /opt/airflow/dags/group_dag.py for tasks to queue
[2024-05-28T10:33:05.893+0000] {logging_mixin.py:120} INFO - [2024-05-28T10:33:05.892+0000] {dagbag.py:537} INFO - Filling up the DagBag from /opt/airflow/dags/group_dag.py
[2024-05-28T10:33:05.939+0000] {processor.py:766} INFO - DAG(s) dict_keys(['group_dag']) retrieved from /opt/airflow/dags/group_dag.py
[2024-05-28T10:33:06.004+0000] {logging_mixin.py:120} INFO - [2024-05-28T10:33:06.004+0000] {dag.py:2585} INFO - Sync 1 DAGs
[2024-05-28T10:33:06.044+0000] {logging_mixin.py:120} INFO - [2024-05-28T10:33:06.043+0000] {dag.py:3340} INFO - Setting next_dagrun for group_dag to 2024-05-27T00:00:00+00:00, run_after=2024-05-28T00:00:00+00:00
[2024-05-28T10:33:06.073+0000] {processor.py:176} INFO - Processing /opt/airflow/dags/group_dag.py took 0.188 seconds
[2024-05-28T11:10:18.720+0000] {processor.py:154} INFO - Started process (PID=56) to work on /opt/airflow/dags/group_dag.py
[2024-05-28T11:10:18.726+0000] {processor.py:756} INFO - Processing file /opt/airflow/dags/group_dag.py for tasks to queue
[2024-05-28T11:10:18.733+0000] {logging_mixin.py:120} INFO - [2024-05-28T11:10:18.733+0000] {dagbag.py:537} INFO - Filling up the DagBag from /opt/airflow/dags/group_dag.py
[2024-05-28T11:10:18.758+0000] {processor.py:766} INFO - DAG(s) dict_keys(['group_dag']) retrieved from /opt/airflow/dags/group_dag.py
[2024-05-28T11:10:18.809+0000] {logging_mixin.py:120} INFO - [2024-05-28T11:10:18.809+0000] {dag.py:2585} INFO - Sync 1 DAGs
[2024-05-28T11:10:18.828+0000] {logging_mixin.py:120} INFO - [2024-05-28T11:10:18.827+0000] {dag.py:3340} INFO - Setting next_dagrun for group_dag to 2024-05-27T00:00:00+00:00, run_after=2024-05-28T00:00:00+00:00
[2024-05-28T11:10:18.845+0000] {processor.py:176} INFO - Processing /opt/airflow/dags/group_dag.py took 0.131 seconds
[2024-05-28T11:10:49.321+0000] {processor.py:154} INFO - Started process (PID=84) to work on /opt/airflow/dags/group_dag.py
[2024-05-28T11:10:49.322+0000] {processor.py:756} INFO - Processing file /opt/airflow/dags/group_dag.py for tasks to queue
[2024-05-28T11:10:49.322+0000] {logging_mixin.py:120} INFO - [2024-05-28T11:10:49.322+0000] {dagbag.py:537} INFO - Filling up the DagBag from /opt/airflow/dags/group_dag.py
[2024-05-28T11:10:49.334+0000] {processor.py:766} INFO - DAG(s) dict_keys(['group_dag']) retrieved from /opt/airflow/dags/group_dag.py
[2024-05-28T11:10:49.352+0000] {logging_mixin.py:120} INFO - [2024-05-28T11:10:49.352+0000] {dag.py:2585} INFO - Sync 1 DAGs
[2024-05-28T11:10:49.370+0000] {logging_mixin.py:120} INFO - [2024-05-28T11:10:49.370+0000] {dag.py:3340} INFO - Setting next_dagrun for group_dag to 2024-05-27T00:00:00+00:00, run_after=2024-05-28T00:00:00+00:00
[2024-05-28T11:10:49.384+0000] {processor.py:176} INFO - Processing /opt/airflow/dags/group_dag.py took 0.065 seconds
[2024-05-28T11:11:20.973+0000] {processor.py:154} INFO - Started process (PID=123) to work on /opt/airflow/dags/group_dag.py
[2024-05-28T11:11:20.977+0000] {processor.py:756} INFO - Processing file /opt/airflow/dags/group_dag.py for tasks to queue
[2024-05-28T11:11:20.981+0000] {logging_mixin.py:120} INFO - [2024-05-28T11:11:20.980+0000] {dagbag.py:537} INFO - Filling up the DagBag from /opt/airflow/dags/group_dag.py
[2024-05-28T11:11:21.035+0000] {processor.py:766} INFO - DAG(s) dict_keys(['group_dag']) retrieved from /opt/airflow/dags/group_dag.py
[2024-05-28T11:11:21.074+0000] {logging_mixin.py:120} INFO - [2024-05-28T11:11:21.074+0000] {dag.py:2585} INFO - Sync 1 DAGs
[2024-05-28T11:11:21.096+0000] {logging_mixin.py:120} INFO - [2024-05-28T11:11:21.096+0000] {dag.py:3340} INFO - Setting next_dagrun for group_dag to 2024-05-27T00:00:00+00:00, run_after=2024-05-28T00:00:00+00:00
[2024-05-28T11:11:21.115+0000] {processor.py:176} INFO - Processing /opt/airflow/dags/group_dag.py took 0.144 seconds
[2024-05-28T11:11:52.258+0000] {processor.py:154} INFO - Started process (PID=160) to work on /opt/airflow/dags/group_dag.py
[2024-05-28T11:11:52.260+0000] {processor.py:756} INFO - Processing file /opt/airflow/dags/group_dag.py for tasks to queue
[2024-05-28T11:11:52.261+0000] {logging_mixin.py:120} INFO - [2024-05-28T11:11:52.260+0000] {dagbag.py:537} INFO - Filling up the DagBag from /opt/airflow/dags/group_dag.py
[2024-05-28T11:11:52.284+0000] {processor.py:766} INFO - DAG(s) dict_keys(['group_dag']) retrieved from /opt/airflow/dags/group_dag.py
[2024-05-28T11:11:52.306+0000] {logging_mixin.py:120} INFO - [2024-05-28T11:11:52.306+0000] {dag.py:2585} INFO - Sync 1 DAGs
[2024-05-28T11:11:52.320+0000] {logging_mixin.py:120} INFO - [2024-05-28T11:11:52.319+0000] {dag.py:3340} INFO - Setting next_dagrun for group_dag to 2024-05-27T00:00:00+00:00, run_after=2024-05-28T00:00:00+00:00
[2024-05-28T11:11:52.330+0000] {processor.py:176} INFO - Processing /opt/airflow/dags/group_dag.py took 0.074 seconds
[2024-05-28T11:13:50.720+0000] {processor.py:154} INFO - Started process (PID=196) to work on /opt/airflow/dags/group_dag.py
[2024-05-28T11:13:50.727+0000] {processor.py:756} INFO - Processing file /opt/airflow/dags/group_dag.py for tasks to queue
[2024-05-28T11:13:50.730+0000] {logging_mixin.py:120} INFO - [2024-05-28T11:13:50.730+0000] {dagbag.py:537} INFO - Filling up the DagBag from /opt/airflow/dags/group_dag.py
[2024-05-28T11:13:51.002+0000] {processor.py:766} INFO - DAG(s) dict_keys(['group_dag']) retrieved from /opt/airflow/dags/group_dag.py
[2024-05-28T11:13:51.190+0000] {logging_mixin.py:120} INFO - [2024-05-28T11:13:51.190+0000] {dag.py:2585} INFO - Sync 1 DAGs
[2024-05-28T11:13:51.333+0000] {logging_mixin.py:120} INFO - [2024-05-28T11:13:51.333+0000] {dag.py:3340} INFO - Setting next_dagrun for group_dag to 2024-05-27T00:00:00+00:00, run_after=2024-05-28T00:00:00+00:00
[2024-05-28T11:13:52.164+0000] {processor.py:176} INFO - Processing /opt/airflow/dags/group_dag.py took 1.452 seconds
[2024-05-28T11:14:23.865+0000] {processor.py:154} INFO - Started process (PID=224) to work on /opt/airflow/dags/group_dag.py
[2024-05-28T11:14:23.868+0000] {processor.py:756} INFO - Processing file /opt/airflow/dags/group_dag.py for tasks to queue
[2024-05-28T11:14:23.869+0000] {logging_mixin.py:120} INFO - [2024-05-28T11:14:23.869+0000] {dagbag.py:537} INFO - Filling up the DagBag from /opt/airflow/dags/group_dag.py
[2024-05-28T11:14:23.904+0000] {processor.py:766} INFO - DAG(s) dict_keys(['group_dag']) retrieved from /opt/airflow/dags/group_dag.py
[2024-05-28T11:14:23.944+0000] {logging_mixin.py:120} INFO - [2024-05-28T11:14:23.944+0000] {dag.py:2585} INFO - Sync 1 DAGs
[2024-05-28T11:14:23.971+0000] {logging_mixin.py:120} INFO - [2024-05-28T11:14:23.971+0000] {dag.py:3340} INFO - Setting next_dagrun for group_dag to 2024-05-27T00:00:00+00:00, run_after=2024-05-28T00:00:00+00:00
[2024-05-28T11:14:23.985+0000] {processor.py:176} INFO - Processing /opt/airflow/dags/group_dag.py took 0.125 seconds
[2024-05-28T11:14:55.427+0000] {processor.py:154} INFO - Started process (PID=249) to work on /opt/airflow/dags/group_dag.py
[2024-05-28T11:14:55.441+0000] {processor.py:756} INFO - Processing file /opt/airflow/dags/group_dag.py for tasks to queue
[2024-05-28T11:14:55.446+0000] {logging_mixin.py:120} INFO - [2024-05-28T11:14:55.445+0000] {dagbag.py:537} INFO - Filling up the DagBag from /opt/airflow/dags/group_dag.py
[2024-05-28T11:14:57.570+0000] {processor.py:766} INFO - DAG(s) dict_keys(['group_dag']) retrieved from /opt/airflow/dags/group_dag.py
[2024-05-28T11:14:59.083+0000] {logging_mixin.py:120} INFO - [2024-05-28T11:14:59.079+0000] {dag.py:2585} INFO - Sync 1 DAGs
[2024-05-28T11:14:59.588+0000] {logging_mixin.py:120} INFO - [2024-05-28T11:14:59.585+0000] {dag.py:3340} INFO - Setting next_dagrun for group_dag to 2024-05-27T00:00:00+00:00, run_after=2024-05-28T00:00:00+00:00
[2024-05-28T11:14:59.779+0000] {processor.py:176} INFO - Processing /opt/airflow/dags/group_dag.py took 4.421 seconds
[2024-05-28T11:15:31.295+0000] {processor.py:154} INFO - Started process (PID=284) to work on /opt/airflow/dags/group_dag.py
[2024-05-28T11:15:31.363+0000] {processor.py:756} INFO - Processing file /opt/airflow/dags/group_dag.py for tasks to queue
[2024-05-28T11:15:31.367+0000] {logging_mixin.py:120} INFO - [2024-05-28T11:15:31.367+0000] {dagbag.py:537} INFO - Filling up the DagBag from /opt/airflow/dags/group_dag.py
[2024-05-28T11:15:32.345+0000] {processor.py:766} INFO - DAG(s) dict_keys(['group_dag']) retrieved from /opt/airflow/dags/group_dag.py
[2024-05-28T11:15:33.290+0000] {logging_mixin.py:120} INFO - [2024-05-28T11:15:33.287+0000] {dag.py:2585} INFO - Sync 1 DAGs
[2024-05-28T11:15:34.229+0000] {logging_mixin.py:120} INFO - [2024-05-28T11:15:34.227+0000] {dag.py:3340} INFO - Setting next_dagrun for group_dag to 2024-05-27T00:00:00+00:00, run_after=2024-05-28T00:00:00+00:00
[2024-05-28T11:15:36.084+0000] {processor.py:176} INFO - Processing /opt/airflow/dags/group_dag.py took 4.879 seconds
[2024-05-28T11:16:06.963+0000] {processor.py:154} INFO - Started process (PID=314) to work on /opt/airflow/dags/group_dag.py
[2024-05-28T11:16:06.993+0000] {processor.py:756} INFO - Processing file /opt/airflow/dags/group_dag.py for tasks to queue
[2024-05-28T11:16:07.027+0000] {logging_mixin.py:120} INFO - [2024-05-28T11:16:07.026+0000] {dagbag.py:537} INFO - Filling up the DagBag from /opt/airflow/dags/group_dag.py
[2024-05-28T11:16:09.620+0000] {processor.py:766} INFO - DAG(s) dict_keys(['group_dag']) retrieved from /opt/airflow/dags/group_dag.py
[2024-05-28T11:16:14.010+0000] {logging_mixin.py:120} INFO - [2024-05-28T11:16:14.007+0000] {dag.py:2585} INFO - Sync 1 DAGs
[2024-05-28T11:16:14.522+0000] {logging_mixin.py:120} INFO - [2024-05-28T11:16:14.520+0000] {dag.py:3340} INFO - Setting next_dagrun for group_dag to 2024-05-27T00:00:00+00:00, run_after=2024-05-28T00:00:00+00:00
[2024-05-28T11:16:14.799+0000] {processor.py:176} INFO - Processing /opt/airflow/dags/group_dag.py took 8.025 seconds
