[2024-05-28T10:33:06.033+0000] {processor.py:154} INFO - Started process (PID=58) to work on /opt/airflow/dags/parallel_dag.py
[2024-05-28T10:33:06.036+0000] {processor.py:756} INFO - Processing file /opt/airflow/dags/parallel_dag.py for tasks to queue
[2024-05-28T10:33:06.040+0000] {logging_mixin.py:120} INFO - [2024-05-28T10:33:06.040+0000] {dagbag.py:537} INFO - Filling up the DagBag from /opt/airflow/dags/parallel_dag.py
[2024-05-28T10:33:06.073+0000] {processor.py:766} INFO - DAG(s) dict_keys(['parallel_dag']) retrieved from /opt/airflow/dags/parallel_dag.py
[2024-05-28T10:33:06.128+0000] {logging_mixin.py:120} INFO - [2024-05-28T10:33:06.127+0000] {dag.py:2585} INFO - Sync 1 DAGs
[2024-05-28T10:33:06.172+0000] {logging_mixin.py:120} INFO - [2024-05-28T10:33:06.172+0000] {dag.py:3340} INFO - Setting next_dagrun for parallel_dag to 2024-05-27T00:00:00+00:00, run_after=2024-05-28T00:00:00+00:00
[2024-05-28T10:33:06.236+0000] {processor.py:176} INFO - Processing /opt/airflow/dags/parallel_dag.py took 0.207 seconds
[2024-05-28T11:10:18.788+0000] {processor.py:154} INFO - Started process (PID=57) to work on /opt/airflow/dags/parallel_dag.py
[2024-05-28T11:10:18.790+0000] {processor.py:756} INFO - Processing file /opt/airflow/dags/parallel_dag.py for tasks to queue
[2024-05-28T11:10:18.791+0000] {logging_mixin.py:120} INFO - [2024-05-28T11:10:18.791+0000] {dagbag.py:537} INFO - Filling up the DagBag from /opt/airflow/dags/parallel_dag.py
[2024-05-28T11:10:18.807+0000] {processor.py:766} INFO - DAG(s) dict_keys(['parallel_dag']) retrieved from /opt/airflow/dags/parallel_dag.py
[2024-05-28T11:10:18.844+0000] {logging_mixin.py:120} INFO - [2024-05-28T11:10:18.844+0000] {dag.py:2585} INFO - Sync 1 DAGs
[2024-05-28T11:10:18.869+0000] {logging_mixin.py:120} INFO - [2024-05-28T11:10:18.868+0000] {dag.py:3340} INFO - Setting next_dagrun for parallel_dag to 2024-05-27T00:00:00+00:00, run_after=2024-05-28T00:00:00+00:00
[2024-05-28T11:10:18.899+0000] {processor.py:176} INFO - Processing /opt/airflow/dags/parallel_dag.py took 0.119 seconds
[2024-05-28T11:10:49.321+0000] {processor.py:154} INFO - Started process (PID=85) to work on /opt/airflow/dags/parallel_dag.py
[2024-05-28T11:10:49.322+0000] {processor.py:756} INFO - Processing file /opt/airflow/dags/parallel_dag.py for tasks to queue
[2024-05-28T11:10:49.322+0000] {logging_mixin.py:120} INFO - [2024-05-28T11:10:49.322+0000] {dagbag.py:537} INFO - Filling up the DagBag from /opt/airflow/dags/parallel_dag.py
[2024-05-28T11:10:49.333+0000] {processor.py:766} INFO - DAG(s) dict_keys(['parallel_dag']) retrieved from /opt/airflow/dags/parallel_dag.py
[2024-05-28T11:10:49.352+0000] {logging_mixin.py:120} INFO - [2024-05-28T11:10:49.352+0000] {dag.py:2585} INFO - Sync 1 DAGs
[2024-05-28T11:10:49.374+0000] {logging_mixin.py:120} INFO - [2024-05-28T11:10:49.374+0000] {dag.py:3340} INFO - Setting next_dagrun for parallel_dag to 2024-05-27T00:00:00+00:00, run_after=2024-05-28T00:00:00+00:00
[2024-05-28T11:10:49.388+0000] {processor.py:176} INFO - Processing /opt/airflow/dags/parallel_dag.py took 0.068 seconds
[2024-05-28T11:11:21.130+0000] {processor.py:154} INFO - Started process (PID=124) to work on /opt/airflow/dags/parallel_dag.py
[2024-05-28T11:11:21.132+0000] {processor.py:756} INFO - Processing file /opt/airflow/dags/parallel_dag.py for tasks to queue
[2024-05-28T11:11:21.134+0000] {logging_mixin.py:120} INFO - [2024-05-28T11:11:21.133+0000] {dagbag.py:537} INFO - Filling up the DagBag from /opt/airflow/dags/parallel_dag.py
[2024-05-28T11:11:21.152+0000] {processor.py:766} INFO - DAG(s) dict_keys(['parallel_dag']) retrieved from /opt/airflow/dags/parallel_dag.py
[2024-05-28T11:11:21.196+0000] {logging_mixin.py:120} INFO - [2024-05-28T11:11:21.196+0000] {dag.py:2585} INFO - Sync 1 DAGs
[2024-05-28T11:11:21.225+0000] {logging_mixin.py:120} INFO - [2024-05-28T11:11:21.225+0000] {dag.py:3340} INFO - Setting next_dagrun for parallel_dag to 2024-05-27T00:00:00+00:00, run_after=2024-05-28T00:00:00+00:00
[2024-05-28T11:11:21.259+0000] {processor.py:176} INFO - Processing /opt/airflow/dags/parallel_dag.py took 0.131 seconds
[2024-05-28T11:11:52.285+0000] {processor.py:154} INFO - Started process (PID=161) to work on /opt/airflow/dags/parallel_dag.py
[2024-05-28T11:11:52.287+0000] {processor.py:756} INFO - Processing file /opt/airflow/dags/parallel_dag.py for tasks to queue
[2024-05-28T11:11:52.287+0000] {logging_mixin.py:120} INFO - [2024-05-28T11:11:52.287+0000] {dagbag.py:537} INFO - Filling up the DagBag from /opt/airflow/dags/parallel_dag.py
[2024-05-28T11:11:52.303+0000] {processor.py:766} INFO - DAG(s) dict_keys(['parallel_dag']) retrieved from /opt/airflow/dags/parallel_dag.py
[2024-05-28T11:11:52.324+0000] {logging_mixin.py:120} INFO - [2024-05-28T11:11:52.323+0000] {dag.py:2585} INFO - Sync 1 DAGs
[2024-05-28T11:11:52.337+0000] {logging_mixin.py:120} INFO - [2024-05-28T11:11:52.337+0000] {dag.py:3340} INFO - Setting next_dagrun for parallel_dag to 2024-05-27T00:00:00+00:00, run_after=2024-05-28T00:00:00+00:00
[2024-05-28T11:11:52.348+0000] {processor.py:176} INFO - Processing /opt/airflow/dags/parallel_dag.py took 0.065 seconds
[2024-05-28T11:13:50.769+0000] {processor.py:154} INFO - Started process (PID=197) to work on /opt/airflow/dags/parallel_dag.py
[2024-05-28T11:13:50.789+0000] {processor.py:756} INFO - Processing file /opt/airflow/dags/parallel_dag.py for tasks to queue
[2024-05-28T11:13:50.806+0000] {logging_mixin.py:120} INFO - [2024-05-28T11:13:50.806+0000] {dagbag.py:537} INFO - Filling up the DagBag from /opt/airflow/dags/parallel_dag.py
[2024-05-28T11:13:50.920+0000] {processor.py:766} INFO - DAG(s) dict_keys(['parallel_dag']) retrieved from /opt/airflow/dags/parallel_dag.py
[2024-05-28T11:13:51.061+0000] {logging_mixin.py:120} INFO - [2024-05-28T11:13:51.060+0000] {dag.py:2585} INFO - Sync 1 DAGs
[2024-05-28T11:13:51.149+0000] {logging_mixin.py:120} INFO - [2024-05-28T11:13:51.149+0000] {dag.py:3340} INFO - Setting next_dagrun for parallel_dag to 2024-05-27T00:00:00+00:00, run_after=2024-05-28T00:00:00+00:00
[2024-05-28T11:13:51.277+0000] {processor.py:176} INFO - Processing /opt/airflow/dags/parallel_dag.py took 0.549 seconds
[2024-05-28T11:14:22.124+0000] {processor.py:154} INFO - Started process (PID=223) to work on /opt/airflow/dags/parallel_dag.py
[2024-05-28T11:14:22.166+0000] {processor.py:756} INFO - Processing file /opt/airflow/dags/parallel_dag.py for tasks to queue
[2024-05-28T11:14:22.200+0000] {logging_mixin.py:120} INFO - [2024-05-28T11:14:22.200+0000] {dagbag.py:537} INFO - Filling up the DagBag from /opt/airflow/dags/parallel_dag.py
[2024-05-28T11:14:23.259+0000] {processor.py:766} INFO - DAG(s) dict_keys(['parallel_dag']) retrieved from /opt/airflow/dags/parallel_dag.py
[2024-05-28T11:14:23.578+0000] {logging_mixin.py:120} INFO - [2024-05-28T11:14:23.577+0000] {dag.py:2585} INFO - Sync 1 DAGs
[2024-05-28T11:14:23.763+0000] {logging_mixin.py:120} INFO - [2024-05-28T11:14:23.761+0000] {dag.py:3340} INFO - Setting next_dagrun for parallel_dag to 2024-05-27T00:00:00+00:00, run_after=2024-05-28T00:00:00+00:00
[2024-05-28T11:14:23.831+0000] {processor.py:176} INFO - Processing /opt/airflow/dags/parallel_dag.py took 1.850 seconds
[2024-05-28T11:14:59.917+0000] {processor.py:154} INFO - Started process (PID=250) to work on /opt/airflow/dags/parallel_dag.py
[2024-05-28T11:14:59.920+0000] {processor.py:756} INFO - Processing file /opt/airflow/dags/parallel_dag.py for tasks to queue
[2024-05-28T11:14:59.921+0000] {logging_mixin.py:120} INFO - [2024-05-28T11:14:59.921+0000] {dagbag.py:537} INFO - Filling up the DagBag from /opt/airflow/dags/parallel_dag.py
[2024-05-28T11:15:00.235+0000] {processor.py:766} INFO - DAG(s) dict_keys(['parallel_dag']) retrieved from /opt/airflow/dags/parallel_dag.py
[2024-05-28T11:15:00.376+0000] {logging_mixin.py:120} INFO - [2024-05-28T11:15:00.376+0000] {dag.py:2585} INFO - Sync 1 DAGs
[2024-05-28T11:15:00.448+0000] {logging_mixin.py:120} INFO - [2024-05-28T11:15:00.448+0000] {dag.py:3340} INFO - Setting next_dagrun for parallel_dag to 2024-05-27T00:00:00+00:00, run_after=2024-05-28T00:00:00+00:00
[2024-05-28T11:15:00.563+0000] {processor.py:176} INFO - Processing /opt/airflow/dags/parallel_dag.py took 0.650 seconds
[2024-05-28T11:15:36.359+0000] {processor.py:154} INFO - Started process (PID=287) to work on /opt/airflow/dags/parallel_dag.py
[2024-05-28T11:15:36.476+0000] {processor.py:756} INFO - Processing file /opt/airflow/dags/parallel_dag.py for tasks to queue
[2024-05-28T11:15:36.782+0000] {logging_mixin.py:120} INFO - [2024-05-28T11:15:36.781+0000] {dagbag.py:537} INFO - Filling up the DagBag from /opt/airflow/dags/parallel_dag.py
[2024-05-28T11:15:39.225+0000] {processor.py:766} INFO - DAG(s) dict_keys(['parallel_dag']) retrieved from /opt/airflow/dags/parallel_dag.py
[2024-05-28T11:15:39.388+0000] {logging_mixin.py:120} INFO - [2024-05-28T11:15:39.388+0000] {dag.py:2585} INFO - Sync 1 DAGs
[2024-05-28T11:15:39.705+0000] {logging_mixin.py:120} INFO - [2024-05-28T11:15:39.704+0000] {dag.py:3340} INFO - Setting next_dagrun for parallel_dag to 2024-05-27T00:00:00+00:00, run_after=2024-05-28T00:00:00+00:00
[2024-05-28T11:15:39.896+0000] {processor.py:176} INFO - Processing /opt/airflow/dags/parallel_dag.py took 3.554 seconds
[2024-05-28T11:16:14.973+0000] {processor.py:154} INFO - Started process (PID=315) to work on /opt/airflow/dags/parallel_dag.py
[2024-05-28T11:16:14.993+0000] {processor.py:756} INFO - Processing file /opt/airflow/dags/parallel_dag.py for tasks to queue
[2024-05-28T11:16:15.005+0000] {logging_mixin.py:120} INFO - [2024-05-28T11:16:15.005+0000] {dagbag.py:537} INFO - Filling up the DagBag from /opt/airflow/dags/parallel_dag.py
[2024-05-28T11:16:15.378+0000] {processor.py:766} INFO - DAG(s) dict_keys(['parallel_dag']) retrieved from /opt/airflow/dags/parallel_dag.py
[2024-05-28T11:16:15.985+0000] {logging_mixin.py:120} INFO - [2024-05-28T11:16:15.985+0000] {dag.py:2585} INFO - Sync 1 DAGs
[2024-05-28T11:16:16.079+0000] {logging_mixin.py:120} INFO - [2024-05-28T11:16:16.079+0000] {dag.py:3340} INFO - Setting next_dagrun for parallel_dag to 2024-05-27T00:00:00+00:00, run_after=2024-05-28T00:00:00+00:00
[2024-05-28T11:16:16.157+0000] {processor.py:176} INFO - Processing /opt/airflow/dags/parallel_dag.py took 1.210 seconds
