[2024-05-28T10:33:06.288+0000] {processor.py:154} INFO - Started process (PID=60) to work on /opt/airflow/dags/producer.py
[2024-05-28T10:33:06.289+0000] {processor.py:756} INFO - Processing file /opt/airflow/dags/producer.py for tasks to queue
[2024-05-28T10:33:06.291+0000] {logging_mixin.py:120} INFO - [2024-05-28T10:33:06.291+0000] {dagbag.py:537} INFO - Filling up the DagBag from /opt/airflow/dags/producer.py
[2024-05-28T10:33:06.334+0000] {processor.py:766} INFO - DAG(s) dict_keys(['producer']) retrieved from /opt/airflow/dags/producer.py
[2024-05-28T10:33:06.441+0000] {logging_mixin.py:120} INFO - [2024-05-28T10:33:06.441+0000] {dag.py:2585} INFO - Sync 1 DAGs
[2024-05-28T10:33:06.475+0000] {logging_mixin.py:120} INFO - [2024-05-28T10:33:06.474+0000] {dag.py:3340} INFO - Setting next_dagrun for producer to 2024-05-27T00:00:00+00:00, run_after=2024-05-28T00:00:00+00:00
[2024-05-28T10:33:06.522+0000] {processor.py:176} INFO - Processing /opt/airflow/dags/producer.py took 0.240 seconds
[2024-05-28T11:10:18.918+0000] {processor.py:154} INFO - Started process (PID=59) to work on /opt/airflow/dags/producer.py
[2024-05-28T11:10:18.919+0000] {processor.py:756} INFO - Processing file /opt/airflow/dags/producer.py for tasks to queue
[2024-05-28T11:10:18.920+0000] {logging_mixin.py:120} INFO - [2024-05-28T11:10:18.920+0000] {dagbag.py:537} INFO - Filling up the DagBag from /opt/airflow/dags/producer.py
[2024-05-28T11:10:18.940+0000] {processor.py:766} INFO - DAG(s) dict_keys(['producer']) retrieved from /opt/airflow/dags/producer.py
[2024-05-28T11:10:19.052+0000] {logging_mixin.py:120} INFO - [2024-05-28T11:10:19.052+0000] {dag.py:2585} INFO - Sync 1 DAGs
[2024-05-28T11:10:19.106+0000] {logging_mixin.py:120} INFO - [2024-05-28T11:10:19.105+0000] {dag.py:3340} INFO - Setting next_dagrun for producer to 2024-05-27T00:00:00+00:00, run_after=2024-05-28T00:00:00+00:00
[2024-05-28T11:10:19.172+0000] {processor.py:176} INFO - Processing /opt/airflow/dags/producer.py took 0.257 seconds
[2024-05-28T11:10:49.495+0000] {processor.py:154} INFO - Started process (PID=87) to work on /opt/airflow/dags/producer.py
[2024-05-28T11:10:49.496+0000] {processor.py:756} INFO - Processing file /opt/airflow/dags/producer.py for tasks to queue
[2024-05-28T11:10:49.497+0000] {logging_mixin.py:120} INFO - [2024-05-28T11:10:49.497+0000] {dagbag.py:537} INFO - Filling up the DagBag from /opt/airflow/dags/producer.py
[2024-05-28T11:10:49.510+0000] {processor.py:766} INFO - DAG(s) dict_keys(['producer']) retrieved from /opt/airflow/dags/producer.py
[2024-05-28T11:10:49.531+0000] {logging_mixin.py:120} INFO - [2024-05-28T11:10:49.531+0000] {dag.py:2585} INFO - Sync 1 DAGs
[2024-05-28T11:10:49.544+0000] {logging_mixin.py:120} INFO - [2024-05-28T11:10:49.544+0000] {dag.py:3340} INFO - Setting next_dagrun for producer to 2024-05-27T00:00:00+00:00, run_after=2024-05-28T00:00:00+00:00
[2024-05-28T11:10:49.555+0000] {processor.py:176} INFO - Processing /opt/airflow/dags/producer.py took 0.062 seconds
[2024-05-28T11:11:21.297+0000] {processor.py:154} INFO - Started process (PID=126) to work on /opt/airflow/dags/producer.py
[2024-05-28T11:11:21.299+0000] {processor.py:756} INFO - Processing file /opt/airflow/dags/producer.py for tasks to queue
[2024-05-28T11:11:21.300+0000] {logging_mixin.py:120} INFO - [2024-05-28T11:11:21.300+0000] {dagbag.py:537} INFO - Filling up the DagBag from /opt/airflow/dags/producer.py
[2024-05-28T11:11:21.344+0000] {processor.py:766} INFO - DAG(s) dict_keys(['producer']) retrieved from /opt/airflow/dags/producer.py
[2024-05-28T11:11:21.384+0000] {logging_mixin.py:120} INFO - [2024-05-28T11:11:21.384+0000] {dag.py:2585} INFO - Sync 1 DAGs
[2024-05-28T11:11:21.406+0000] {logging_mixin.py:120} INFO - [2024-05-28T11:11:21.405+0000] {dag.py:3340} INFO - Setting next_dagrun for producer to 2024-05-27T00:00:00+00:00, run_after=2024-05-28T00:00:00+00:00
[2024-05-28T11:11:21.450+0000] {processor.py:176} INFO - Processing /opt/airflow/dags/producer.py took 0.156 seconds
[2024-05-28T11:11:52.362+0000] {processor.py:154} INFO - Started process (PID=163) to work on /opt/airflow/dags/producer.py
[2024-05-28T11:11:52.363+0000] {processor.py:756} INFO - Processing file /opt/airflow/dags/producer.py for tasks to queue
[2024-05-28T11:11:52.364+0000] {logging_mixin.py:120} INFO - [2024-05-28T11:11:52.364+0000] {dagbag.py:537} INFO - Filling up the DagBag from /opt/airflow/dags/producer.py
[2024-05-28T11:11:52.379+0000] {processor.py:766} INFO - DAG(s) dict_keys(['producer']) retrieved from /opt/airflow/dags/producer.py
[2024-05-28T11:11:52.403+0000] {logging_mixin.py:120} INFO - [2024-05-28T11:11:52.403+0000] {dag.py:2585} INFO - Sync 1 DAGs
[2024-05-28T11:11:52.429+0000] {logging_mixin.py:120} INFO - [2024-05-28T11:11:52.429+0000] {dag.py:3340} INFO - Setting next_dagrun for producer to 2024-05-27T00:00:00+00:00, run_after=2024-05-28T00:00:00+00:00
[2024-05-28T11:11:52.497+0000] {processor.py:176} INFO - Processing /opt/airflow/dags/producer.py took 0.137 seconds
[2024-05-28T11:13:52.364+0000] {processor.py:154} INFO - Started process (PID=199) to work on /opt/airflow/dags/producer.py
[2024-05-28T11:13:52.369+0000] {processor.py:756} INFO - Processing file /opt/airflow/dags/producer.py for tasks to queue
[2024-05-28T11:13:52.374+0000] {logging_mixin.py:120} INFO - [2024-05-28T11:13:52.373+0000] {dagbag.py:537} INFO - Filling up the DagBag from /opt/airflow/dags/producer.py
[2024-05-28T11:13:52.553+0000] {processor.py:766} INFO - DAG(s) dict_keys(['producer']) retrieved from /opt/airflow/dags/producer.py
[2024-05-28T11:13:52.865+0000] {logging_mixin.py:120} INFO - [2024-05-28T11:13:52.865+0000] {dag.py:2585} INFO - Sync 1 DAGs
[2024-05-28T11:13:53.284+0000] {logging_mixin.py:120} INFO - [2024-05-28T11:13:53.283+0000] {dag.py:3340} INFO - Setting next_dagrun for producer to 2024-05-27T00:00:00+00:00, run_after=2024-05-28T00:00:00+00:00
[2024-05-28T11:13:53.490+0000] {processor.py:176} INFO - Processing /opt/airflow/dags/producer.py took 1.152 seconds
[2024-05-28T11:14:24.000+0000] {processor.py:154} INFO - Started process (PID=226) to work on /opt/airflow/dags/producer.py
[2024-05-28T11:14:24.003+0000] {processor.py:756} INFO - Processing file /opt/airflow/dags/producer.py for tasks to queue
[2024-05-28T11:14:24.004+0000] {logging_mixin.py:120} INFO - [2024-05-28T11:14:24.004+0000] {dagbag.py:537} INFO - Filling up the DagBag from /opt/airflow/dags/producer.py
[2024-05-28T11:14:24.051+0000] {processor.py:766} INFO - DAG(s) dict_keys(['producer']) retrieved from /opt/airflow/dags/producer.py
[2024-05-28T11:14:24.084+0000] {logging_mixin.py:120} INFO - [2024-05-28T11:14:24.084+0000] {dag.py:2585} INFO - Sync 1 DAGs
[2024-05-28T11:14:24.103+0000] {logging_mixin.py:120} INFO - [2024-05-28T11:14:24.102+0000] {dag.py:3340} INFO - Setting next_dagrun for producer to 2024-05-27T00:00:00+00:00, run_after=2024-05-28T00:00:00+00:00
[2024-05-28T11:14:24.161+0000] {processor.py:176} INFO - Processing /opt/airflow/dags/producer.py took 0.164 seconds
[2024-05-28T11:15:00.591+0000] {processor.py:154} INFO - Started process (PID=252) to work on /opt/airflow/dags/producer.py
[2024-05-28T11:15:00.595+0000] {processor.py:756} INFO - Processing file /opt/airflow/dags/producer.py for tasks to queue
[2024-05-28T11:15:00.598+0000] {logging_mixin.py:120} INFO - [2024-05-28T11:15:00.598+0000] {dagbag.py:537} INFO - Filling up the DagBag from /opt/airflow/dags/producer.py
[2024-05-28T11:15:00.634+0000] {processor.py:766} INFO - DAG(s) dict_keys(['producer']) retrieved from /opt/airflow/dags/producer.py
[2024-05-28T11:15:00.683+0000] {logging_mixin.py:120} INFO - [2024-05-28T11:15:00.683+0000] {dag.py:2585} INFO - Sync 1 DAGs
[2024-05-28T11:15:00.707+0000] {logging_mixin.py:120} INFO - [2024-05-28T11:15:00.707+0000] {dag.py:3340} INFO - Setting next_dagrun for producer to 2024-05-27T00:00:00+00:00, run_after=2024-05-28T00:00:00+00:00
[2024-05-28T11:15:00.743+0000] {processor.py:176} INFO - Processing /opt/airflow/dags/producer.py took 0.155 seconds
[2024-05-28T11:15:40.089+0000] {processor.py:154} INFO - Started process (PID=289) to work on /opt/airflow/dags/producer.py
[2024-05-28T11:15:40.097+0000] {processor.py:756} INFO - Processing file /opt/airflow/dags/producer.py for tasks to queue
[2024-05-28T11:15:40.101+0000] {logging_mixin.py:120} INFO - [2024-05-28T11:15:40.100+0000] {dagbag.py:537} INFO - Filling up the DagBag from /opt/airflow/dags/producer.py
[2024-05-28T11:15:40.204+0000] {processor.py:766} INFO - DAG(s) dict_keys(['producer']) retrieved from /opt/airflow/dags/producer.py
[2024-05-28T11:15:40.320+0000] {logging_mixin.py:120} INFO - [2024-05-28T11:15:40.320+0000] {dag.py:2585} INFO - Sync 1 DAGs
[2024-05-28T11:15:40.379+0000] {logging_mixin.py:120} INFO - [2024-05-28T11:15:40.379+0000] {dag.py:3340} INFO - Setting next_dagrun for producer to 2024-05-27T00:00:00+00:00, run_after=2024-05-28T00:00:00+00:00
[2024-05-28T11:15:40.447+0000] {processor.py:176} INFO - Processing /opt/airflow/dags/producer.py took 0.371 seconds
[2024-05-28T11:16:16.195+0000] {processor.py:154} INFO - Started process (PID=317) to work on /opt/airflow/dags/producer.py
[2024-05-28T11:16:16.207+0000] {processor.py:756} INFO - Processing file /opt/airflow/dags/producer.py for tasks to queue
[2024-05-28T11:16:16.225+0000] {logging_mixin.py:120} INFO - [2024-05-28T11:16:16.225+0000] {dagbag.py:537} INFO - Filling up the DagBag from /opt/airflow/dags/producer.py
[2024-05-28T11:16:16.407+0000] {processor.py:766} INFO - DAG(s) dict_keys(['producer']) retrieved from /opt/airflow/dags/producer.py
[2024-05-28T11:16:16.632+0000] {logging_mixin.py:120} INFO - [2024-05-28T11:16:16.631+0000] {dag.py:2585} INFO - Sync 1 DAGs
[2024-05-28T11:16:16.744+0000] {logging_mixin.py:120} INFO - [2024-05-28T11:16:16.743+0000] {dag.py:3340} INFO - Setting next_dagrun for producer to 2024-05-27T00:00:00+00:00, run_after=2024-05-28T00:00:00+00:00
[2024-05-28T11:16:17.017+0000] {processor.py:176} INFO - Processing /opt/airflow/dags/producer.py took 0.827 seconds
