[2024-05-28T10:33:04.344+0000] {processor.py:154} INFO - Started process (PID=51) to work on /opt/airflow/dags/user_processing.py
[2024-05-28T10:33:04.347+0000] {processor.py:756} INFO - Processing file /opt/airflow/dags/user_processing.py for tasks to queue
[2024-05-28T10:33:04.350+0000] {logging_mixin.py:120} INFO - [2024-05-28T10:33:04.350+0000] {dagbag.py:537} INFO - Filling up the DagBag from /opt/airflow/dags/user_processing.py
[2024-05-28T10:33:05.257+0000] {processor.py:766} INFO - DAG(s) dict_keys(['user_processing']) retrieved from /opt/airflow/dags/user_processing.py
[2024-05-28T10:33:05.592+0000] {logging_mixin.py:120} INFO - [2024-05-28T10:33:05.590+0000] {dag.py:2585} INFO - Sync 1 DAGs
[2024-05-28T10:33:05.679+0000] {logging_mixin.py:120} INFO - [2024-05-28T10:33:05.679+0000] {dag.py:3340} INFO - Setting next_dagrun for user_processing to 2024-05-27T00:00:00+00:00, run_after=2024-05-28T00:00:00+00:00
[2024-05-28T10:33:05.757+0000] {processor.py:176} INFO - Processing /opt/airflow/dags/user_processing.py took 1.417 seconds
[2024-05-28T11:10:16.944+0000] {processor.py:154} INFO - Started process (PID=50) to work on /opt/airflow/dags/user_processing.py
[2024-05-28T11:10:16.953+0000] {processor.py:756} INFO - Processing file /opt/airflow/dags/user_processing.py for tasks to queue
[2024-05-28T11:10:16.956+0000] {logging_mixin.py:120} INFO - [2024-05-28T11:10:16.955+0000] {dagbag.py:537} INFO - Filling up the DagBag from /opt/airflow/dags/user_processing.py
[2024-05-28T11:10:18.085+0000] {processor.py:766} INFO - DAG(s) dict_keys(['user_processing']) retrieved from /opt/airflow/dags/user_processing.py
[2024-05-28T11:10:18.455+0000] {logging_mixin.py:120} INFO - [2024-05-28T11:10:18.454+0000] {dag.py:2585} INFO - Sync 1 DAGs
[2024-05-28T11:10:18.532+0000] {logging_mixin.py:120} INFO - [2024-05-28T11:10:18.532+0000] {dag.py:3340} INFO - Setting next_dagrun for user_processing to 2024-05-27T00:00:00+00:00, run_after=2024-05-28T00:00:00+00:00
[2024-05-28T11:10:18.589+0000] {processor.py:176} INFO - Processing /opt/airflow/dags/user_processing.py took 1.650 seconds
[2024-05-28T11:10:48.707+0000] {processor.py:154} INFO - Started process (PID=78) to work on /opt/airflow/dags/user_processing.py
[2024-05-28T11:10:48.709+0000] {processor.py:756} INFO - Processing file /opt/airflow/dags/user_processing.py for tasks to queue
[2024-05-28T11:10:48.710+0000] {logging_mixin.py:120} INFO - [2024-05-28T11:10:48.710+0000] {dagbag.py:537} INFO - Filling up the DagBag from /opt/airflow/dags/user_processing.py
[2024-05-28T11:10:49.090+0000] {processor.py:766} INFO - DAG(s) dict_keys(['user_processing']) retrieved from /opt/airflow/dags/user_processing.py
[2024-05-28T11:10:49.223+0000] {logging_mixin.py:120} INFO - [2024-05-28T11:10:49.223+0000] {dag.py:2585} INFO - Sync 1 DAGs
[2024-05-28T11:10:49.236+0000] {logging_mixin.py:120} INFO - [2024-05-28T11:10:49.236+0000] {dag.py:3340} INFO - Setting next_dagrun for user_processing to 2024-05-27T00:00:00+00:00, run_after=2024-05-28T00:00:00+00:00
[2024-05-28T11:10:49.245+0000] {processor.py:176} INFO - Processing /opt/airflow/dags/user_processing.py took 0.547 seconds
[2024-05-28T11:11:19.988+0000] {processor.py:154} INFO - Started process (PID=117) to work on /opt/airflow/dags/user_processing.py
[2024-05-28T11:11:19.991+0000] {processor.py:756} INFO - Processing file /opt/airflow/dags/user_processing.py for tasks to queue
[2024-05-28T11:11:19.992+0000] {logging_mixin.py:120} INFO - [2024-05-28T11:11:19.992+0000] {dagbag.py:537} INFO - Filling up the DagBag from /opt/airflow/dags/user_processing.py
[2024-05-28T11:11:20.483+0000] {processor.py:766} INFO - DAG(s) dict_keys(['user_processing']) retrieved from /opt/airflow/dags/user_processing.py
[2024-05-28T11:11:20.719+0000] {logging_mixin.py:120} INFO - [2024-05-28T11:11:20.718+0000] {dag.py:2585} INFO - Sync 1 DAGs
[2024-05-28T11:11:20.739+0000] {logging_mixin.py:120} INFO - [2024-05-28T11:11:20.739+0000] {dag.py:3340} INFO - Setting next_dagrun for user_processing to 2024-05-27T00:00:00+00:00, run_after=2024-05-28T00:00:00+00:00
[2024-05-28T11:11:20.758+0000] {processor.py:176} INFO - Processing /opt/airflow/dags/user_processing.py took 0.775 seconds
[2024-05-28T11:11:51.789+0000] {processor.py:154} INFO - Started process (PID=154) to work on /opt/airflow/dags/user_processing.py
[2024-05-28T11:11:51.795+0000] {processor.py:756} INFO - Processing file /opt/airflow/dags/user_processing.py for tasks to queue
[2024-05-28T11:11:51.796+0000] {logging_mixin.py:120} INFO - [2024-05-28T11:11:51.796+0000] {dagbag.py:537} INFO - Filling up the DagBag from /opt/airflow/dags/user_processing.py
[2024-05-28T11:11:52.036+0000] {processor.py:766} INFO - DAG(s) dict_keys(['user_processing']) retrieved from /opt/airflow/dags/user_processing.py
[2024-05-28T11:11:52.159+0000] {logging_mixin.py:120} INFO - [2024-05-28T11:11:52.158+0000] {dag.py:2585} INFO - Sync 1 DAGs
[2024-05-28T11:11:52.176+0000] {logging_mixin.py:120} INFO - [2024-05-28T11:11:52.176+0000] {dag.py:3340} INFO - Setting next_dagrun for user_processing to 2024-05-27T00:00:00+00:00, run_after=2024-05-28T00:00:00+00:00
[2024-05-28T11:11:52.190+0000] {processor.py:176} INFO - Processing /opt/airflow/dags/user_processing.py took 0.405 seconds
[2024-05-28T11:12:22.805+0000] {processor.py:154} INFO - Started process (PID=183) to work on /opt/airflow/dags/user_processing.py
[2024-05-28T11:12:23.126+0000] {processor.py:756} INFO - Processing file /opt/airflow/dags/user_processing.py for tasks to queue
[2024-05-28T11:12:23.437+0000] {logging_mixin.py:120} INFO - [2024-05-28T11:12:23.437+0000] {dagbag.py:537} INFO - Filling up the DagBag from /opt/airflow/dags/user_processing.py
[2024-05-28T11:12:31.994+0000] {processor.py:766} INFO - DAG(s) dict_keys(['user_processing']) retrieved from /opt/airflow/dags/user_processing.py
[2024-05-28T11:12:35.142+0000] {logging_mixin.py:120} INFO - [2024-05-28T11:12:35.138+0000] {dag.py:2585} INFO - Sync 1 DAGs
[2024-05-28T11:12:35.264+0000] {logging_mixin.py:120} INFO - [2024-05-28T11:12:35.264+0000] {dag.py:3340} INFO - Setting next_dagrun for user_processing to 2024-05-27T00:00:00+00:00, run_after=2024-05-28T00:00:00+00:00
[2024-05-28T11:12:35.443+0000] {processor.py:176} INFO - Processing /opt/airflow/dags/user_processing.py took 12.665 seconds
[2024-05-28T11:13:53.505+0000] {processor.py:154} INFO - Started process (PID=200) to work on /opt/airflow/dags/user_processing.py
[2024-05-28T11:13:53.507+0000] {processor.py:756} INFO - Processing file /opt/airflow/dags/user_processing.py for tasks to queue
[2024-05-28T11:13:53.508+0000] {logging_mixin.py:120} INFO - [2024-05-28T11:13:53.508+0000] {dagbag.py:537} INFO - Filling up the DagBag from /opt/airflow/dags/user_processing.py
[2024-05-28T11:13:57.721+0000] {processor.py:766} INFO - DAG(s) dict_keys(['user_processing']) retrieved from /opt/airflow/dags/user_processing.py
[2024-05-28T11:13:58.697+0000] {logging_mixin.py:120} INFO - [2024-05-28T11:13:58.694+0000] {dag.py:2585} INFO - Sync 1 DAGs
[2024-05-28T11:13:58.793+0000] {logging_mixin.py:120} INFO - [2024-05-28T11:13:58.792+0000] {dag.py:3340} INFO - Setting next_dagrun for user_processing to 2024-05-27T00:00:00+00:00, run_after=2024-05-28T00:00:00+00:00
[2024-05-28T11:13:58.922+0000] {processor.py:176} INFO - Processing /opt/airflow/dags/user_processing.py took 5.524 seconds
[2024-05-28T11:14:29.235+0000] {processor.py:154} INFO - Started process (PID=227) to work on /opt/airflow/dags/user_processing.py
[2024-05-28T11:14:29.249+0000] {processor.py:756} INFO - Processing file /opt/airflow/dags/user_processing.py for tasks to queue
[2024-05-28T11:14:29.251+0000] {logging_mixin.py:120} INFO - [2024-05-28T11:14:29.251+0000] {dagbag.py:537} INFO - Filling up the DagBag from /opt/airflow/dags/user_processing.py
[2024-05-28T11:14:33.812+0000] {processor.py:766} INFO - DAG(s) dict_keys(['user_processing']) retrieved from /opt/airflow/dags/user_processing.py
[2024-05-28T11:14:34.931+0000] {logging_mixin.py:120} INFO - [2024-05-28T11:14:34.930+0000] {dag.py:2585} INFO - Sync 1 DAGs
[2024-05-28T11:14:34.978+0000] {logging_mixin.py:120} INFO - [2024-05-28T11:14:34.977+0000] {dag.py:3340} INFO - Setting next_dagrun for user_processing to 2024-05-27T00:00:00+00:00, run_after=2024-05-28T00:00:00+00:00
[2024-05-28T11:14:35.088+0000] {processor.py:176} INFO - Processing /opt/airflow/dags/user_processing.py took 5.868 seconds
[2024-05-28T11:15:05.791+0000] {processor.py:154} INFO - Started process (PID=262) to work on /opt/airflow/dags/user_processing.py
[2024-05-28T11:15:05.805+0000] {processor.py:756} INFO - Processing file /opt/airflow/dags/user_processing.py for tasks to queue
[2024-05-28T11:15:05.806+0000] {logging_mixin.py:120} INFO - [2024-05-28T11:15:05.806+0000] {dagbag.py:537} INFO - Filling up the DagBag from /opt/airflow/dags/user_processing.py
[2024-05-28T11:15:08.404+0000] {processor.py:766} INFO - DAG(s) dict_keys(['user_processing']) retrieved from /opt/airflow/dags/user_processing.py
[2024-05-28T11:15:09.226+0000] {logging_mixin.py:120} INFO - [2024-05-28T11:15:09.223+0000] {dag.py:2585} INFO - Sync 1 DAGs
[2024-05-28T11:15:09.343+0000] {logging_mixin.py:120} INFO - [2024-05-28T11:15:09.343+0000] {dag.py:3340} INFO - Setting next_dagrun for user_processing to 2024-05-27T00:00:00+00:00, run_after=2024-05-28T00:00:00+00:00
[2024-05-28T11:15:09.388+0000] {processor.py:176} INFO - Processing /opt/airflow/dags/user_processing.py took 3.641 seconds
[2024-05-28T11:15:40.171+0000] {processor.py:154} INFO - Started process (PID=290) to work on /opt/airflow/dags/user_processing.py
[2024-05-28T11:15:40.177+0000] {processor.py:756} INFO - Processing file /opt/airflow/dags/user_processing.py for tasks to queue
[2024-05-28T11:15:40.179+0000] {logging_mixin.py:120} INFO - [2024-05-28T11:15:40.179+0000] {dagbag.py:537} INFO - Filling up the DagBag from /opt/airflow/dags/user_processing.py
[2024-05-28T11:15:45.765+0000] {processor.py:766} INFO - DAG(s) dict_keys(['user_processing']) retrieved from /opt/airflow/dags/user_processing.py
[2024-05-28T11:15:46.498+0000] {logging_mixin.py:120} INFO - [2024-05-28T11:15:46.497+0000] {dag.py:2585} INFO - Sync 1 DAGs
[2024-05-28T11:15:47.086+0000] {logging_mixin.py:120} INFO - [2024-05-28T11:15:47.079+0000] {dag.py:3340} INFO - Setting next_dagrun for user_processing to 2024-05-27T00:00:00+00:00, run_after=2024-05-28T00:00:00+00:00
[2024-05-28T11:15:48.607+0000] {processor.py:176} INFO - Processing /opt/airflow/dags/user_processing.py took 8.443 seconds
[2024-05-28T11:16:19.282+0000] {processor.py:154} INFO - Started process (PID=318) to work on /opt/airflow/dags/user_processing.py
[2024-05-28T11:16:19.289+0000] {processor.py:756} INFO - Processing file /opt/airflow/dags/user_processing.py for tasks to queue
[2024-05-28T11:16:19.307+0000] {logging_mixin.py:120} INFO - [2024-05-28T11:16:19.307+0000] {dagbag.py:537} INFO - Filling up the DagBag from /opt/airflow/dags/user_processing.py
[2024-05-28T11:16:30.141+0000] {processor.py:766} INFO - DAG(s) dict_keys(['user_processing']) retrieved from /opt/airflow/dags/user_processing.py
[2024-05-28T11:16:40.557+0000] {logging_mixin.py:120} INFO - [2024-05-28T11:16:40.553+0000] {dag.py:2585} INFO - Sync 1 DAGs
[2024-05-28T11:16:40.671+0000] {logging_mixin.py:120} INFO - [2024-05-28T11:16:40.670+0000] {dag.py:3340} INFO - Setting next_dagrun for user_processing to 2024-05-27T00:00:00+00:00, run_after=2024-05-28T00:00:00+00:00
[2024-05-28T11:16:40.730+0000] {processor.py:176} INFO - Processing /opt/airflow/dags/user_processing.py took 21.361 seconds
