[2024-03-21T17:09:08.373+0000] {processor.py:154} INFO - Started process (PID=56) to work on /opt/airflow/dags/inside_group_dag.py
[2024-03-21T17:09:08.374+0000] {processor.py:756} INFO - Processing file /opt/airflow/dags/inside_group_dag.py for tasks to queue
[2024-03-21T17:09:08.375+0000] {logging_mixin.py:120} INFO - [2024-03-21T17:09:08.375+0000] {dagbag.py:537} INFO - Filling up the DagBag from /opt/airflow/dags/inside_group_dag.py
[2024-03-21T17:09:08.409+0000] {processor.py:766} INFO - DAG(s) dict_keys(['inside_group_dag']) retrieved from /opt/airflow/dags/inside_group_dag.py
[2024-03-21T17:09:08.454+0000] {logging_mixin.py:120} INFO - [2024-03-21T17:09:08.454+0000] {dag.py:2585} INFO - Sync 1 DAGs
[2024-03-21T17:09:08.489+0000] {logging_mixin.py:120} INFO - [2024-03-21T17:09:08.489+0000] {dag.py:3340} INFO - Setting next_dagrun for inside_group_dag to 2024-03-20T00:00:00+00:00, run_after=2024-03-21T00:00:00+00:00
[2024-03-21T17:09:08.514+0000] {processor.py:176} INFO - Processing /opt/airflow/dags/inside_group_dag.py took 0.144 seconds
[2024-03-21T17:09:38.675+0000] {processor.py:154} INFO - Started process (PID=91) to work on /opt/airflow/dags/inside_group_dag.py
[2024-03-21T17:09:38.676+0000] {processor.py:756} INFO - Processing file /opt/airflow/dags/inside_group_dag.py for tasks to queue
[2024-03-21T17:09:38.676+0000] {logging_mixin.py:120} INFO - [2024-03-21T17:09:38.676+0000] {dagbag.py:537} INFO - Filling up the DagBag from /opt/airflow/dags/inside_group_dag.py
[2024-03-21T17:09:38.692+0000] {processor.py:766} INFO - DAG(s) dict_keys(['inside_group_dag']) retrieved from /opt/airflow/dags/inside_group_dag.py
[2024-03-21T17:09:38.712+0000] {logging_mixin.py:120} INFO - [2024-03-21T17:09:38.712+0000] {dag.py:2585} INFO - Sync 1 DAGs
[2024-03-21T17:09:38.727+0000] {logging_mixin.py:120} INFO - [2024-03-21T17:09:38.727+0000] {dag.py:3340} INFO - Setting next_dagrun for inside_group_dag to 2024-03-20T00:00:00+00:00, run_after=2024-03-21T00:00:00+00:00
[2024-03-21T17:09:38.737+0000] {processor.py:176} INFO - Processing /opt/airflow/dags/inside_group_dag.py took 0.064 seconds
[2024-03-21T17:10:09.965+0000] {processor.py:154} INFO - Started process (PID=128) to work on /opt/airflow/dags/inside_group_dag.py
[2024-03-21T17:10:09.966+0000] {processor.py:756} INFO - Processing file /opt/airflow/dags/inside_group_dag.py for tasks to queue
[2024-03-21T17:10:09.966+0000] {logging_mixin.py:120} INFO - [2024-03-21T17:10:09.966+0000] {dagbag.py:537} INFO - Filling up the DagBag from /opt/airflow/dags/inside_group_dag.py
[2024-03-21T17:10:09.991+0000] {processor.py:766} INFO - DAG(s) dict_keys(['inside_group_dag']) retrieved from /opt/airflow/dags/inside_group_dag.py
[2024-03-21T17:10:10.020+0000] {logging_mixin.py:120} INFO - [2024-03-21T17:10:10.020+0000] {dag.py:2585} INFO - Sync 1 DAGs
[2024-03-21T17:10:10.054+0000] {logging_mixin.py:120} INFO - [2024-03-21T17:10:10.054+0000] {dag.py:3340} INFO - Setting next_dagrun for inside_group_dag to 2024-03-20T00:00:00+00:00, run_after=2024-03-21T00:00:00+00:00
[2024-03-21T17:10:10.068+0000] {processor.py:176} INFO - Processing /opt/airflow/dags/inside_group_dag.py took 0.105 seconds
[2024-03-21T17:10:40.925+0000] {processor.py:154} INFO - Started process (PID=158) to work on /opt/airflow/dags/inside_group_dag.py
[2024-03-21T17:10:40.926+0000] {processor.py:756} INFO - Processing file /opt/airflow/dags/inside_group_dag.py for tasks to queue
[2024-03-21T17:10:40.926+0000] {logging_mixin.py:120} INFO - [2024-03-21T17:10:40.926+0000] {dagbag.py:537} INFO - Filling up the DagBag from /opt/airflow/dags/inside_group_dag.py
[2024-03-21T17:10:40.937+0000] {processor.py:766} INFO - DAG(s) dict_keys(['inside_group_dag']) retrieved from /opt/airflow/dags/inside_group_dag.py
[2024-03-21T17:10:40.961+0000] {logging_mixin.py:120} INFO - [2024-03-21T17:10:40.961+0000] {dag.py:2585} INFO - Sync 1 DAGs
[2024-03-21T17:10:40.975+0000] {logging_mixin.py:120} INFO - [2024-03-21T17:10:40.975+0000] {dag.py:3340} INFO - Setting next_dagrun for inside_group_dag to 2024-03-20T00:00:00+00:00, run_after=2024-03-21T00:00:00+00:00
[2024-03-21T17:10:40.984+0000] {processor.py:176} INFO - Processing /opt/airflow/dags/inside_group_dag.py took 0.060 seconds
