[2024-03-21T17:09:08.725+0000] {processor.py:154} INFO - Started process (PID=60) to work on /opt/airflow/dags/producer.py
[2024-03-21T17:09:08.730+0000] {processor.py:756} INFO - Processing file /opt/airflow/dags/producer.py for tasks to queue
[2024-03-21T17:09:08.739+0000] {logging_mixin.py:120} INFO - [2024-03-21T17:09:08.738+0000] {dagbag.py:537} INFO - Filling up the DagBag from /opt/airflow/dags/producer.py
[2024-03-21T17:09:08.804+0000] {processor.py:766} INFO - DAG(s) dict_keys(['producer']) retrieved from /opt/airflow/dags/producer.py
[2024-03-21T17:09:08.873+0000] {logging_mixin.py:120} INFO - [2024-03-21T17:09:08.872+0000] {dag.py:2585} INFO - Sync 1 DAGs
[2024-03-21T17:09:08.903+0000] {logging_mixin.py:120} INFO - [2024-03-21T17:09:08.903+0000] {dag.py:3340} INFO - Setting next_dagrun for producer to 2024-03-20T00:00:00+00:00, run_after=2024-03-21T00:00:00+00:00
[2024-03-21T17:09:08.923+0000] {processor.py:176} INFO - Processing /opt/airflow/dags/producer.py took 0.203 seconds
[2024-03-21T17:09:39.009+0000] {processor.py:154} INFO - Started process (PID=96) to work on /opt/airflow/dags/producer.py
[2024-03-21T17:09:39.010+0000] {processor.py:756} INFO - Processing file /opt/airflow/dags/producer.py for tasks to queue
[2024-03-21T17:09:39.010+0000] {logging_mixin.py:120} INFO - [2024-03-21T17:09:39.010+0000] {dagbag.py:537} INFO - Filling up the DagBag from /opt/airflow/dags/producer.py
[2024-03-21T17:09:39.026+0000] {processor.py:766} INFO - DAG(s) dict_keys(['producer']) retrieved from /opt/airflow/dags/producer.py
[2024-03-21T17:09:39.051+0000] {logging_mixin.py:120} INFO - [2024-03-21T17:09:39.051+0000] {dag.py:2585} INFO - Sync 1 DAGs
[2024-03-21T17:09:39.084+0000] {logging_mixin.py:120} INFO - [2024-03-21T17:09:39.084+0000] {dag.py:3340} INFO - Setting next_dagrun for producer to 2024-03-20T00:00:00+00:00, run_after=2024-03-21T00:00:00+00:00
[2024-03-21T17:09:39.104+0000] {processor.py:176} INFO - Processing /opt/airflow/dags/producer.py took 0.098 seconds
[2024-03-21T17:10:10.191+0000] {processor.py:154} INFO - Started process (PID=134) to work on /opt/airflow/dags/producer.py
[2024-03-21T17:10:10.193+0000] {processor.py:756} INFO - Processing file /opt/airflow/dags/producer.py for tasks to queue
[2024-03-21T17:10:10.193+0000] {logging_mixin.py:120} INFO - [2024-03-21T17:10:10.193+0000] {dagbag.py:537} INFO - Filling up the DagBag from /opt/airflow/dags/producer.py
[2024-03-21T17:10:10.207+0000] {processor.py:766} INFO - DAG(s) dict_keys(['producer']) retrieved from /opt/airflow/dags/producer.py
[2024-03-21T17:10:10.236+0000] {logging_mixin.py:120} INFO - [2024-03-21T17:10:10.236+0000] {dag.py:2585} INFO - Sync 1 DAGs
[2024-03-21T17:10:10.250+0000] {logging_mixin.py:120} INFO - [2024-03-21T17:10:10.250+0000] {dag.py:3340} INFO - Setting next_dagrun for producer to 2024-03-20T00:00:00+00:00, run_after=2024-03-21T00:00:00+00:00
[2024-03-21T17:10:10.267+0000] {processor.py:176} INFO - Processing /opt/airflow/dags/producer.py took 0.077 seconds
[2024-03-21T17:10:41.058+0000] {processor.py:154} INFO - Started process (PID=162) to work on /opt/airflow/dags/producer.py
[2024-03-21T17:10:41.058+0000] {processor.py:756} INFO - Processing file /opt/airflow/dags/producer.py for tasks to queue
[2024-03-21T17:10:41.059+0000] {logging_mixin.py:120} INFO - [2024-03-21T17:10:41.059+0000] {dagbag.py:537} INFO - Filling up the DagBag from /opt/airflow/dags/producer.py
[2024-03-21T17:10:41.071+0000] {processor.py:766} INFO - DAG(s) dict_keys(['producer']) retrieved from /opt/airflow/dags/producer.py
[2024-03-21T17:10:41.095+0000] {logging_mixin.py:120} INFO - [2024-03-21T17:10:41.095+0000] {dag.py:2585} INFO - Sync 1 DAGs
[2024-03-21T17:10:41.108+0000] {logging_mixin.py:120} INFO - [2024-03-21T17:10:41.108+0000] {dag.py:3340} INFO - Setting next_dagrun for producer to 2024-03-20T00:00:00+00:00, run_after=2024-03-21T00:00:00+00:00
[2024-03-21T17:10:41.118+0000] {processor.py:176} INFO - Processing /opt/airflow/dags/producer.py took 0.062 seconds
