[2024-03-21T17:09:08.054+0000] {processor.py:154} INFO - Started process (PID=55) to work on /opt/airflow/dags/xcom_dag.py
[2024-03-21T17:09:08.055+0000] {processor.py:756} INFO - Processing file /opt/airflow/dags/xcom_dag.py for tasks to queue
[2024-03-21T17:09:08.055+0000] {logging_mixin.py:120} INFO - [2024-03-21T17:09:08.055+0000] {dagbag.py:537} INFO - Filling up the DagBag from /opt/airflow/dags/xcom_dag.py
[2024-03-21T17:09:08.118+0000] {processor.py:766} INFO - DAG(s) dict_keys(['xcom_dag']) retrieved from /opt/airflow/dags/xcom_dag.py
[2024-03-21T17:09:08.311+0000] {logging_mixin.py:120} INFO - [2024-03-21T17:09:08.311+0000] {dag.py:2585} INFO - Sync 1 DAGs
[2024-03-21T17:09:08.347+0000] {logging_mixin.py:120} INFO - [2024-03-21T17:09:08.347+0000] {dag.py:3340} INFO - Setting next_dagrun for xcom_dag to 2024-03-20T00:00:00+00:00, run_after=2024-03-21T00:00:00+00:00
[2024-03-21T17:09:08.372+0000] {processor.py:176} INFO - Processing /opt/airflow/dags/xcom_dag.py took 0.323 seconds
[2024-03-21T17:09:38.603+0000] {processor.py:154} INFO - Started process (PID=90) to work on /opt/airflow/dags/xcom_dag.py
[2024-03-21T17:09:38.603+0000] {processor.py:756} INFO - Processing file /opt/airflow/dags/xcom_dag.py for tasks to queue
[2024-03-21T17:09:38.604+0000] {logging_mixin.py:120} INFO - [2024-03-21T17:09:38.604+0000] {dagbag.py:537} INFO - Filling up the DagBag from /opt/airflow/dags/xcom_dag.py
[2024-03-21T17:09:38.616+0000] {processor.py:766} INFO - DAG(s) dict_keys(['xcom_dag']) retrieved from /opt/airflow/dags/xcom_dag.py
[2024-03-21T17:09:38.636+0000] {logging_mixin.py:120} INFO - [2024-03-21T17:09:38.636+0000] {dag.py:2585} INFO - Sync 1 DAGs
[2024-03-21T17:09:38.652+0000] {logging_mixin.py:120} INFO - [2024-03-21T17:09:38.652+0000] {dag.py:3340} INFO - Setting next_dagrun for xcom_dag to 2024-03-20T00:00:00+00:00, run_after=2024-03-21T00:00:00+00:00
[2024-03-21T17:09:38.663+0000] {processor.py:176} INFO - Processing /opt/airflow/dags/xcom_dag.py took 0.062 seconds
[2024-03-21T17:10:09.886+0000] {processor.py:154} INFO - Started process (PID=127) to work on /opt/airflow/dags/xcom_dag.py
[2024-03-21T17:10:09.888+0000] {processor.py:756} INFO - Processing file /opt/airflow/dags/xcom_dag.py for tasks to queue
[2024-03-21T17:10:09.890+0000] {logging_mixin.py:120} INFO - [2024-03-21T17:10:09.889+0000] {dagbag.py:537} INFO - Filling up the DagBag from /opt/airflow/dags/xcom_dag.py
[2024-03-21T17:10:09.905+0000] {processor.py:766} INFO - DAG(s) dict_keys(['xcom_dag']) retrieved from /opt/airflow/dags/xcom_dag.py
[2024-03-21T17:10:09.927+0000] {logging_mixin.py:120} INFO - [2024-03-21T17:10:09.927+0000] {dag.py:2585} INFO - Sync 1 DAGs
[2024-03-21T17:10:09.949+0000] {logging_mixin.py:120} INFO - [2024-03-21T17:10:09.949+0000] {dag.py:3340} INFO - Setting next_dagrun for xcom_dag to 2024-03-20T00:00:00+00:00, run_after=2024-03-21T00:00:00+00:00
[2024-03-21T17:10:09.966+0000] {processor.py:176} INFO - Processing /opt/airflow/dags/xcom_dag.py took 0.083 seconds
[2024-03-21T17:10:40.857+0000] {processor.py:154} INFO - Started process (PID=157) to work on /opt/airflow/dags/xcom_dag.py
[2024-03-21T17:10:40.857+0000] {processor.py:756} INFO - Processing file /opt/airflow/dags/xcom_dag.py for tasks to queue
[2024-03-21T17:10:40.858+0000] {logging_mixin.py:120} INFO - [2024-03-21T17:10:40.858+0000] {dagbag.py:537} INFO - Filling up the DagBag from /opt/airflow/dags/xcom_dag.py
[2024-03-21T17:10:40.869+0000] {processor.py:766} INFO - DAG(s) dict_keys(['xcom_dag']) retrieved from /opt/airflow/dags/xcom_dag.py
[2024-03-21T17:10:40.893+0000] {logging_mixin.py:120} INFO - [2024-03-21T17:10:40.893+0000] {dag.py:2585} INFO - Sync 1 DAGs
[2024-03-21T17:10:40.906+0000] {logging_mixin.py:120} INFO - [2024-03-21T17:10:40.906+0000] {dag.py:3340} INFO - Setting next_dagrun for xcom_dag to 2024-03-20T00:00:00+00:00, run_after=2024-03-21T00:00:00+00:00
[2024-03-21T17:10:40.915+0000] {processor.py:176} INFO - Processing /opt/airflow/dags/xcom_dag.py took 0.059 seconds
