[2023-09-06T09:36:32.726+0000] {taskinstance.py:1165} INFO - Dependencies all met for <TaskInstance: parallel_dag.load_a scheduled__2023-09-05T00:00:00+00:00 [queued]>
[2023-09-06T09:36:32.778+0000] {taskinstance.py:1165} INFO - Dependencies all met for <TaskInstance: parallel_dag.load_a scheduled__2023-09-05T00:00:00+00:00 [queued]>
[2023-09-06T09:36:32.779+0000] {taskinstance.py:1362} INFO - 
--------------------------------------------------------------------------------
[2023-09-06T09:36:32.779+0000] {taskinstance.py:1363} INFO - Starting attempt 1 of 1
[2023-09-06T09:36:32.780+0000] {taskinstance.py:1364} INFO - 
--------------------------------------------------------------------------------
[2023-09-06T09:36:32.818+0000] {taskinstance.py:1383} INFO - Executing <Task(BashOperator): load_a> on 2023-09-05 00:00:00+00:00
[2023-09-06T09:36:32.856+0000] {standard_task_runner.py:55} INFO - Started process 138 to run task
[2023-09-06T09:36:32.871+0000] {standard_task_runner.py:82} INFO - Running: ['***', 'tasks', 'run', 'parallel_dag', 'load_a', 'scheduled__2023-09-05T00:00:00+00:00', '--job-id', '152', '--raw', '--subdir', 'DAGS_FOLDER/parallel_dag.py', '--cfg-path', '/tmp/tmpe16flgri']
[2023-09-06T09:36:32.875+0000] {standard_task_runner.py:83} INFO - Job 152: Subtask load_a
[2023-09-06T09:36:33.310+0000] {task_command.py:376} INFO - Running <TaskInstance: parallel_dag.load_a scheduled__2023-09-05T00:00:00+00:00 [running]> on host c5447ba0ef6d
[2023-09-06T09:36:33.658+0000] {taskinstance.py:1592} INFO - Exporting the following env vars:
AIRFLOW_CTX_DAG_OWNER=***
AIRFLOW_CTX_DAG_ID=parallel_dag
AIRFLOW_CTX_TASK_ID=load_a
AIRFLOW_CTX_EXECUTION_DATE=2023-09-05T00:00:00+00:00
AIRFLOW_CTX_TRY_NUMBER=1
AIRFLOW_CTX_DAG_RUN_ID=scheduled__2023-09-05T00:00:00+00:00
[2023-09-06T09:36:33.680+0000] {subprocess.py:63} INFO - Tmp dir root location: 
 /tmp
[2023-09-06T09:36:33.699+0000] {subprocess.py:75} INFO - Running command: ['/bin/bash', '-c', 'sleep 10']
[2023-09-06T09:36:33.749+0000] {subprocess.py:86} INFO - Output:
[2023-09-06T09:36:43.789+0000] {subprocess.py:97} INFO - Command exited with return code 0
[2023-09-06T09:36:43.885+0000] {taskinstance.py:1406} INFO - Marking task as SUCCESS. dag_id=parallel_dag, task_id=load_a, execution_date=20230905T000000, start_date=20230906T093632, end_date=20230906T093643
[2023-09-06T09:36:43.962+0000] {local_task_job.py:164} INFO - Task exited with return code 0
[2023-09-06T09:36:43.992+0000] {local_task_job.py:273} INFO - 1 downstream tasks scheduled from follow-on schedule check
