[2023-09-03T14:54:06.378+0000] {processor.py:154} INFO - Started process (PID=83) to work on /home/airflow/.local/lib/python3.7/site-packages/airflow/example_dags/subdags/subdag.py
[2023-09-03T14:54:06.379+0000] {processor.py:756} INFO - Processing file /home/airflow/.local/lib/python3.7/site-packages/airflow/example_dags/subdags/subdag.py for tasks to queue
[2023-09-03T14:54:06.381+0000] {logging_mixin.py:120} INFO - [2023-09-03T14:54:06.381+0000] {dagbag.py:537} INFO - Filling up the DagBag from /home/airflow/.local/lib/python3.7/site-packages/airflow/example_dags/subdags/subdag.py
[2023-09-03T14:54:06.383+0000] {processor.py:768} WARNING - No viable dags retrieved from /home/airflow/.local/lib/python3.7/site-packages/airflow/example_dags/subdags/subdag.py
[2023-09-03T14:54:06.411+0000] {processor.py:176} INFO - Processing /home/airflow/.local/lib/python3.7/site-packages/airflow/example_dags/subdags/subdag.py took 0.036 seconds
[2023-09-03T14:54:36.740+0000] {processor.py:154} INFO - Started process (PID=152) to work on /home/airflow/.local/lib/python3.7/site-packages/airflow/example_dags/subdags/subdag.py
[2023-09-03T14:54:36.744+0000] {processor.py:756} INFO - Processing file /home/airflow/.local/lib/python3.7/site-packages/airflow/example_dags/subdags/subdag.py for tasks to queue
[2023-09-03T14:54:36.751+0000] {logging_mixin.py:120} INFO - [2023-09-03T14:54:36.751+0000] {dagbag.py:537} INFO - Filling up the DagBag from /home/airflow/.local/lib/python3.7/site-packages/airflow/example_dags/subdags/subdag.py
[2023-09-03T14:54:36.762+0000] {processor.py:768} WARNING - No viable dags retrieved from /home/airflow/.local/lib/python3.7/site-packages/airflow/example_dags/subdags/subdag.py
[2023-09-03T14:54:36.805+0000] {processor.py:176} INFO - Processing /home/airflow/.local/lib/python3.7/site-packages/airflow/example_dags/subdags/subdag.py took 0.071 seconds
[2023-09-03T14:55:07.573+0000] {processor.py:154} INFO - Started process (PID=213) to work on /home/airflow/.local/lib/python3.7/site-packages/airflow/example_dags/subdags/subdag.py
[2023-09-03T14:55:07.574+0000] {processor.py:756} INFO - Processing file /home/airflow/.local/lib/python3.7/site-packages/airflow/example_dags/subdags/subdag.py for tasks to queue
[2023-09-03T14:55:07.574+0000] {logging_mixin.py:120} INFO - [2023-09-03T14:55:07.574+0000] {dagbag.py:537} INFO - Filling up the DagBag from /home/airflow/.local/lib/python3.7/site-packages/airflow/example_dags/subdags/subdag.py
[2023-09-03T14:55:07.576+0000] {processor.py:768} WARNING - No viable dags retrieved from /home/airflow/.local/lib/python3.7/site-packages/airflow/example_dags/subdags/subdag.py
[2023-09-03T14:55:07.588+0000] {processor.py:176} INFO - Processing /home/airflow/.local/lib/python3.7/site-packages/airflow/example_dags/subdags/subdag.py took 0.016 seconds
[2023-09-03T14:55:38.160+0000] {processor.py:154} INFO - Started process (PID=281) to work on /home/airflow/.local/lib/python3.7/site-packages/airflow/example_dags/subdags/subdag.py
[2023-09-03T14:55:38.161+0000] {processor.py:756} INFO - Processing file /home/airflow/.local/lib/python3.7/site-packages/airflow/example_dags/subdags/subdag.py for tasks to queue
[2023-09-03T14:55:38.162+0000] {logging_mixin.py:120} INFO - [2023-09-03T14:55:38.162+0000] {dagbag.py:537} INFO - Filling up the DagBag from /home/airflow/.local/lib/python3.7/site-packages/airflow/example_dags/subdags/subdag.py
[2023-09-03T14:55:38.164+0000] {processor.py:768} WARNING - No viable dags retrieved from /home/airflow/.local/lib/python3.7/site-packages/airflow/example_dags/subdags/subdag.py
[2023-09-03T14:55:38.175+0000] {processor.py:176} INFO - Processing /home/airflow/.local/lib/python3.7/site-packages/airflow/example_dags/subdags/subdag.py took 0.017 seconds
