[2024-02-20T22:28:08.082+0000] {processor.py:154} INFO - Started process (PID=57) to work on /opt/airflow/dags/consumer.py
[2024-02-20T22:28:08.084+0000] {processor.py:756} INFO - Processing file /opt/airflow/dags/consumer.py for tasks to queue
[2024-02-20T22:28:08.087+0000] {logging_mixin.py:120} INFO - [2024-02-20T22:28:08.087+0000] {dagbag.py:537} INFO - Filling up the DagBag from /opt/airflow/dags/consumer.py
[2024-02-20T22:28:08.142+0000] {processor.py:766} INFO - DAG(s) dict_keys(['consumer']) retrieved from /opt/airflow/dags/consumer.py
[2024-02-20T22:28:08.211+0000] {logging_mixin.py:120} INFO - [2024-02-20T22:28:08.211+0000] {dag.py:2585} INFO - Sync 1 DAGs
[2024-02-20T22:28:08.246+0000] {logging_mixin.py:120} INFO - [2024-02-20T22:28:08.246+0000] {dag.py:3340} INFO - Setting next_dagrun for consumer to None, run_after=None
[2024-02-20T22:28:08.324+0000] {processor.py:176} INFO - Processing /opt/airflow/dags/consumer.py took 0.260 seconds
[2024-02-20T22:28:38.799+0000] {processor.py:154} INFO - Started process (PID=94) to work on /opt/airflow/dags/consumer.py
[2024-02-20T22:28:38.799+0000] {processor.py:756} INFO - Processing file /opt/airflow/dags/consumer.py for tasks to queue
[2024-02-20T22:28:38.800+0000] {logging_mixin.py:120} INFO - [2024-02-20T22:28:38.800+0000] {dagbag.py:537} INFO - Filling up the DagBag from /opt/airflow/dags/consumer.py
[2024-02-20T22:28:38.816+0000] {processor.py:766} INFO - DAG(s) dict_keys(['consumer']) retrieved from /opt/airflow/dags/consumer.py
[2024-02-20T22:28:38.843+0000] {logging_mixin.py:120} INFO - [2024-02-20T22:28:38.843+0000] {dag.py:2585} INFO - Sync 1 DAGs
[2024-02-20T22:28:38.863+0000] {logging_mixin.py:120} INFO - [2024-02-20T22:28:38.863+0000] {dag.py:3340} INFO - Setting next_dagrun for consumer to None, run_after=None
[2024-02-20T22:28:38.882+0000] {processor.py:176} INFO - Processing /opt/airflow/dags/consumer.py took 0.086 seconds
[2024-02-20T22:29:09.893+0000] {processor.py:154} INFO - Started process (PID=131) to work on /opt/airflow/dags/consumer.py
[2024-02-20T22:29:09.894+0000] {processor.py:756} INFO - Processing file /opt/airflow/dags/consumer.py for tasks to queue
[2024-02-20T22:29:09.895+0000] {logging_mixin.py:120} INFO - [2024-02-20T22:29:09.895+0000] {dagbag.py:537} INFO - Filling up the DagBag from /opt/airflow/dags/consumer.py
[2024-02-20T22:29:09.915+0000] {processor.py:766} INFO - DAG(s) dict_keys(['consumer']) retrieved from /opt/airflow/dags/consumer.py
[2024-02-20T22:29:09.942+0000] {logging_mixin.py:120} INFO - [2024-02-20T22:29:09.942+0000] {dag.py:2585} INFO - Sync 1 DAGs
[2024-02-20T22:29:09.958+0000] {logging_mixin.py:120} INFO - [2024-02-20T22:29:09.958+0000] {dag.py:3340} INFO - Setting next_dagrun for consumer to None, run_after=None
[2024-02-20T22:29:09.974+0000] {processor.py:176} INFO - Processing /opt/airflow/dags/consumer.py took 0.083 seconds
[2024-02-20T22:29:40.918+0000] {processor.py:154} INFO - Started process (PID=159) to work on /opt/airflow/dags/consumer.py
[2024-02-20T22:29:40.919+0000] {processor.py:756} INFO - Processing file /opt/airflow/dags/consumer.py for tasks to queue
[2024-02-20T22:29:40.920+0000] {logging_mixin.py:120} INFO - [2024-02-20T22:29:40.920+0000] {dagbag.py:537} INFO - Filling up the DagBag from /opt/airflow/dags/consumer.py
[2024-02-20T22:29:40.932+0000] {processor.py:766} INFO - DAG(s) dict_keys(['consumer']) retrieved from /opt/airflow/dags/consumer.py
[2024-02-20T22:29:40.954+0000] {logging_mixin.py:120} INFO - [2024-02-20T22:29:40.954+0000] {dag.py:2585} INFO - Sync 1 DAGs
[2024-02-20T22:29:40.968+0000] {logging_mixin.py:120} INFO - [2024-02-20T22:29:40.967+0000] {dag.py:3340} INFO - Setting next_dagrun for consumer to None, run_after=None
[2024-02-20T22:29:40.979+0000] {processor.py:176} INFO - Processing /opt/airflow/dags/consumer.py took 0.062 seconds
[2024-02-20T22:30:11.953+0000] {processor.py:154} INFO - Started process (PID=196) to work on /opt/airflow/dags/consumer.py
[2024-02-20T22:30:11.954+0000] {processor.py:756} INFO - Processing file /opt/airflow/dags/consumer.py for tasks to queue
[2024-02-20T22:30:11.954+0000] {logging_mixin.py:120} INFO - [2024-02-20T22:30:11.954+0000] {dagbag.py:537} INFO - Filling up the DagBag from /opt/airflow/dags/consumer.py
[2024-02-20T22:30:11.969+0000] {processor.py:766} INFO - DAG(s) dict_keys(['consumer']) retrieved from /opt/airflow/dags/consumer.py
[2024-02-20T22:30:11.995+0000] {logging_mixin.py:120} INFO - [2024-02-20T22:30:11.995+0000] {dag.py:2585} INFO - Sync 1 DAGs
[2024-02-20T22:30:12.011+0000] {logging_mixin.py:120} INFO - [2024-02-20T22:30:12.011+0000] {dag.py:3340} INFO - Setting next_dagrun for consumer to None, run_after=None
[2024-02-20T22:30:12.023+0000] {processor.py:176} INFO - Processing /opt/airflow/dags/consumer.py took 0.072 seconds
[2024-02-20T22:30:42.836+0000] {processor.py:154} INFO - Started process (PID=232) to work on /opt/airflow/dags/consumer.py
[2024-02-20T22:30:42.837+0000] {processor.py:756} INFO - Processing file /opt/airflow/dags/consumer.py for tasks to queue
[2024-02-20T22:30:42.837+0000] {logging_mixin.py:120} INFO - [2024-02-20T22:30:42.837+0000] {dagbag.py:537} INFO - Filling up the DagBag from /opt/airflow/dags/consumer.py
[2024-02-20T22:30:42.851+0000] {processor.py:766} INFO - DAG(s) dict_keys(['consumer']) retrieved from /opt/airflow/dags/consumer.py
[2024-02-20T22:30:42.873+0000] {logging_mixin.py:120} INFO - [2024-02-20T22:30:42.873+0000] {dag.py:2585} INFO - Sync 1 DAGs
[2024-02-20T22:30:42.887+0000] {logging_mixin.py:120} INFO - [2024-02-20T22:30:42.887+0000] {dag.py:3340} INFO - Setting next_dagrun for consumer to None, run_after=None
[2024-02-20T22:30:42.900+0000] {processor.py:176} INFO - Processing /opt/airflow/dags/consumer.py took 0.066 seconds
[2024-02-20T22:31:13.898+0000] {processor.py:154} INFO - Started process (PID=269) to work on /opt/airflow/dags/consumer.py
[2024-02-20T22:31:13.899+0000] {processor.py:756} INFO - Processing file /opt/airflow/dags/consumer.py for tasks to queue
[2024-02-20T22:31:13.900+0000] {logging_mixin.py:120} INFO - [2024-02-20T22:31:13.900+0000] {dagbag.py:537} INFO - Filling up the DagBag from /opt/airflow/dags/consumer.py
[2024-02-20T22:31:13.916+0000] {processor.py:766} INFO - DAG(s) dict_keys(['consumer']) retrieved from /opt/airflow/dags/consumer.py
[2024-02-20T22:31:14.014+0000] {logging_mixin.py:120} INFO - [2024-02-20T22:31:14.014+0000] {dag.py:2585} INFO - Sync 1 DAGs
[2024-02-20T22:31:14.031+0000] {logging_mixin.py:120} INFO - [2024-02-20T22:31:14.031+0000] {dag.py:3340} INFO - Setting next_dagrun for consumer to None, run_after=None
[2024-02-20T22:31:14.043+0000] {processor.py:176} INFO - Processing /opt/airflow/dags/consumer.py took 0.147 seconds
[2024-02-20T22:31:46.787+0000] {processor.py:154} INFO - Started process (PID=306) to work on /opt/airflow/dags/consumer.py
[2024-02-20T22:31:46.789+0000] {processor.py:756} INFO - Processing file /opt/airflow/dags/consumer.py for tasks to queue
[2024-02-20T22:31:46.790+0000] {logging_mixin.py:120} INFO - [2024-02-20T22:31:46.790+0000] {dagbag.py:537} INFO - Filling up the DagBag from /opt/airflow/dags/consumer.py
[2024-02-20T22:31:46.806+0000] {processor.py:766} INFO - DAG(s) dict_keys(['consumer']) retrieved from /opt/airflow/dags/consumer.py
[2024-02-20T22:31:46.837+0000] {logging_mixin.py:120} INFO - [2024-02-20T22:31:46.837+0000] {dag.py:2585} INFO - Sync 1 DAGs
[2024-02-20T22:31:46.855+0000] {logging_mixin.py:120} INFO - [2024-02-20T22:31:46.855+0000] {dag.py:3340} INFO - Setting next_dagrun for consumer to None, run_after=None
[2024-02-20T22:31:46.869+0000] {processor.py:176} INFO - Processing /opt/airflow/dags/consumer.py took 0.085 seconds
[2024-02-20T22:32:16.892+0000] {processor.py:154} INFO - Started process (PID=334) to work on /opt/airflow/dags/consumer.py
[2024-02-20T22:32:16.892+0000] {processor.py:756} INFO - Processing file /opt/airflow/dags/consumer.py for tasks to queue
[2024-02-20T22:32:16.893+0000] {logging_mixin.py:120} INFO - [2024-02-20T22:32:16.893+0000] {dagbag.py:537} INFO - Filling up the DagBag from /opt/airflow/dags/consumer.py
[2024-02-20T22:32:16.906+0000] {processor.py:766} INFO - DAG(s) dict_keys(['consumer']) retrieved from /opt/airflow/dags/consumer.py
[2024-02-20T22:32:16.979+0000] {logging_mixin.py:120} INFO - [2024-02-20T22:32:16.979+0000] {dag.py:2585} INFO - Sync 1 DAGs
[2024-02-20T22:32:17.003+0000] {logging_mixin.py:120} INFO - [2024-02-20T22:32:17.002+0000] {dag.py:3340} INFO - Setting next_dagrun for consumer to None, run_after=None
[2024-02-20T22:32:17.018+0000] {processor.py:176} INFO - Processing /opt/airflow/dags/consumer.py took 0.130 seconds
[2024-02-20T22:32:47.984+0000] {processor.py:154} INFO - Started process (PID=371) to work on /opt/airflow/dags/consumer.py
[2024-02-20T22:32:47.985+0000] {processor.py:756} INFO - Processing file /opt/airflow/dags/consumer.py for tasks to queue
[2024-02-20T22:32:47.985+0000] {logging_mixin.py:120} INFO - [2024-02-20T22:32:47.985+0000] {dagbag.py:537} INFO - Filling up the DagBag from /opt/airflow/dags/consumer.py
[2024-02-20T22:32:47.999+0000] {processor.py:766} INFO - DAG(s) dict_keys(['consumer']) retrieved from /opt/airflow/dags/consumer.py
[2024-02-20T22:32:48.026+0000] {logging_mixin.py:120} INFO - [2024-02-20T22:32:48.026+0000] {dag.py:2585} INFO - Sync 1 DAGs
[2024-02-20T22:32:48.042+0000] {logging_mixin.py:120} INFO - [2024-02-20T22:32:48.042+0000] {dag.py:3340} INFO - Setting next_dagrun for consumer to None, run_after=None
[2024-02-20T22:32:48.062+0000] {processor.py:176} INFO - Processing /opt/airflow/dags/consumer.py took 0.080 seconds
[2024-02-20T22:33:19.039+0000] {processor.py:154} INFO - Started process (PID=408) to work on /opt/airflow/dags/consumer.py
[2024-02-20T22:33:19.040+0000] {processor.py:756} INFO - Processing file /opt/airflow/dags/consumer.py for tasks to queue
[2024-02-20T22:33:19.041+0000] {logging_mixin.py:120} INFO - [2024-02-20T22:33:19.041+0000] {dagbag.py:537} INFO - Filling up the DagBag from /opt/airflow/dags/consumer.py
[2024-02-20T22:33:19.055+0000] {processor.py:766} INFO - DAG(s) dict_keys(['consumer']) retrieved from /opt/airflow/dags/consumer.py
[2024-02-20T22:33:19.079+0000] {logging_mixin.py:120} INFO - [2024-02-20T22:33:19.078+0000] {dag.py:2585} INFO - Sync 1 DAGs
[2024-02-20T22:33:19.093+0000] {logging_mixin.py:120} INFO - [2024-02-20T22:33:19.093+0000] {dag.py:3340} INFO - Setting next_dagrun for consumer to None, run_after=None
[2024-02-20T22:33:19.104+0000] {processor.py:176} INFO - Processing /opt/airflow/dags/consumer.py took 0.067 seconds
[2024-02-20T22:33:50.733+0000] {processor.py:154} INFO - Started process (PID=445) to work on /opt/airflow/dags/consumer.py
[2024-02-20T22:33:50.734+0000] {processor.py:756} INFO - Processing file /opt/airflow/dags/consumer.py for tasks to queue
[2024-02-20T22:33:50.734+0000] {logging_mixin.py:120} INFO - [2024-02-20T22:33:50.734+0000] {dagbag.py:537} INFO - Filling up the DagBag from /opt/airflow/dags/consumer.py
[2024-02-20T22:33:50.748+0000] {processor.py:766} INFO - DAG(s) dict_keys(['consumer']) retrieved from /opt/airflow/dags/consumer.py
[2024-02-20T22:33:50.783+0000] {logging_mixin.py:120} INFO - [2024-02-20T22:33:50.782+0000] {dag.py:2585} INFO - Sync 1 DAGs
[2024-02-20T22:33:50.797+0000] {logging_mixin.py:120} INFO - [2024-02-20T22:33:50.796+0000] {dag.py:3340} INFO - Setting next_dagrun for consumer to None, run_after=None
[2024-02-20T22:33:50.816+0000] {processor.py:176} INFO - Processing /opt/airflow/dags/consumer.py took 0.085 seconds
[2024-02-20T22:34:21.730+0000] {processor.py:154} INFO - Started process (PID=482) to work on /opt/airflow/dags/consumer.py
[2024-02-20T22:34:21.731+0000] {processor.py:756} INFO - Processing file /opt/airflow/dags/consumer.py for tasks to queue
[2024-02-20T22:34:21.732+0000] {logging_mixin.py:120} INFO - [2024-02-20T22:34:21.732+0000] {dagbag.py:537} INFO - Filling up the DagBag from /opt/airflow/dags/consumer.py
[2024-02-20T22:34:21.746+0000] {processor.py:766} INFO - DAG(s) dict_keys(['consumer']) retrieved from /opt/airflow/dags/consumer.py
[2024-02-20T22:34:21.768+0000] {logging_mixin.py:120} INFO - [2024-02-20T22:34:21.768+0000] {dag.py:2585} INFO - Sync 1 DAGs
[2024-02-20T22:34:21.783+0000] {logging_mixin.py:120} INFO - [2024-02-20T22:34:21.783+0000] {dag.py:3340} INFO - Setting next_dagrun for consumer to None, run_after=None
[2024-02-20T22:34:21.795+0000] {processor.py:176} INFO - Processing /opt/airflow/dags/consumer.py took 0.069 seconds
[2024-02-20T22:34:53.626+0000] {processor.py:154} INFO - Started process (PID=519) to work on /opt/airflow/dags/consumer.py
[2024-02-20T22:34:53.628+0000] {processor.py:756} INFO - Processing file /opt/airflow/dags/consumer.py for tasks to queue
[2024-02-20T22:34:53.628+0000] {logging_mixin.py:120} INFO - [2024-02-20T22:34:53.628+0000] {dagbag.py:537} INFO - Filling up the DagBag from /opt/airflow/dags/consumer.py
[2024-02-20T22:34:53.648+0000] {processor.py:766} INFO - DAG(s) dict_keys(['consumer']) retrieved from /opt/airflow/dags/consumer.py
[2024-02-20T22:34:53.676+0000] {logging_mixin.py:120} INFO - [2024-02-20T22:34:53.676+0000] {dag.py:2585} INFO - Sync 1 DAGs
[2024-02-20T22:34:53.691+0000] {logging_mixin.py:120} INFO - [2024-02-20T22:34:53.691+0000] {dag.py:3340} INFO - Setting next_dagrun for consumer to None, run_after=None
[2024-02-20T22:34:53.704+0000] {processor.py:176} INFO - Processing /opt/airflow/dags/consumer.py took 0.083 seconds
[2024-02-20T22:35:24.527+0000] {processor.py:154} INFO - Started process (PID=547) to work on /opt/airflow/dags/consumer.py
[2024-02-20T22:35:24.528+0000] {processor.py:756} INFO - Processing file /opt/airflow/dags/consumer.py for tasks to queue
[2024-02-20T22:35:24.529+0000] {logging_mixin.py:120} INFO - [2024-02-20T22:35:24.529+0000] {dagbag.py:537} INFO - Filling up the DagBag from /opt/airflow/dags/consumer.py
[2024-02-20T22:35:24.542+0000] {processor.py:766} INFO - DAG(s) dict_keys(['consumer']) retrieved from /opt/airflow/dags/consumer.py
[2024-02-20T22:35:24.569+0000] {logging_mixin.py:120} INFO - [2024-02-20T22:35:24.569+0000] {dag.py:2585} INFO - Sync 1 DAGs
[2024-02-20T22:35:24.583+0000] {logging_mixin.py:120} INFO - [2024-02-20T22:35:24.583+0000] {dag.py:3340} INFO - Setting next_dagrun for consumer to None, run_after=None
[2024-02-20T22:35:24.597+0000] {processor.py:176} INFO - Processing /opt/airflow/dags/consumer.py took 0.072 seconds
[2024-02-20T22:35:55.515+0000] {processor.py:154} INFO - Started process (PID=584) to work on /opt/airflow/dags/consumer.py
[2024-02-20T22:35:55.516+0000] {processor.py:756} INFO - Processing file /opt/airflow/dags/consumer.py for tasks to queue
[2024-02-20T22:35:55.516+0000] {logging_mixin.py:120} INFO - [2024-02-20T22:35:55.516+0000] {dagbag.py:537} INFO - Filling up the DagBag from /opt/airflow/dags/consumer.py
[2024-02-20T22:35:55.530+0000] {processor.py:766} INFO - DAG(s) dict_keys(['consumer']) retrieved from /opt/airflow/dags/consumer.py
[2024-02-20T22:35:55.556+0000] {logging_mixin.py:120} INFO - [2024-02-20T22:35:55.555+0000] {dag.py:2585} INFO - Sync 1 DAGs
[2024-02-20T22:35:55.570+0000] {logging_mixin.py:120} INFO - [2024-02-20T22:35:55.570+0000] {dag.py:3340} INFO - Setting next_dagrun for consumer to None, run_after=None
[2024-02-20T22:35:55.582+0000] {processor.py:176} INFO - Processing /opt/airflow/dags/consumer.py took 0.069 seconds
[2024-02-20T22:36:26.594+0000] {processor.py:154} INFO - Started process (PID=621) to work on /opt/airflow/dags/consumer.py
[2024-02-20T22:36:26.596+0000] {processor.py:756} INFO - Processing file /opt/airflow/dags/consumer.py for tasks to queue
[2024-02-20T22:36:26.596+0000] {logging_mixin.py:120} INFO - [2024-02-20T22:36:26.596+0000] {dagbag.py:537} INFO - Filling up the DagBag from /opt/airflow/dags/consumer.py
[2024-02-20T22:36:26.616+0000] {processor.py:766} INFO - DAG(s) dict_keys(['consumer']) retrieved from /opt/airflow/dags/consumer.py
[2024-02-20T22:36:26.654+0000] {logging_mixin.py:120} INFO - [2024-02-20T22:36:26.653+0000] {dag.py:2585} INFO - Sync 1 DAGs
[2024-02-20T22:36:26.669+0000] {logging_mixin.py:120} INFO - [2024-02-20T22:36:26.668+0000] {dag.py:3340} INFO - Setting next_dagrun for consumer to None, run_after=None
[2024-02-20T22:36:26.682+0000] {processor.py:176} INFO - Processing /opt/airflow/dags/consumer.py took 0.092 seconds
[2024-02-20T22:36:57.507+0000] {processor.py:154} INFO - Started process (PID=658) to work on /opt/airflow/dags/consumer.py
[2024-02-20T22:36:57.508+0000] {processor.py:756} INFO - Processing file /opt/airflow/dags/consumer.py for tasks to queue
[2024-02-20T22:36:57.509+0000] {logging_mixin.py:120} INFO - [2024-02-20T22:36:57.509+0000] {dagbag.py:537} INFO - Filling up the DagBag from /opt/airflow/dags/consumer.py
[2024-02-20T22:36:57.522+0000] {processor.py:766} INFO - DAG(s) dict_keys(['consumer']) retrieved from /opt/airflow/dags/consumer.py
[2024-02-20T22:36:57.547+0000] {logging_mixin.py:120} INFO - [2024-02-20T22:36:57.547+0000] {dag.py:2585} INFO - Sync 1 DAGs
[2024-02-20T22:36:57.565+0000] {logging_mixin.py:120} INFO - [2024-02-20T22:36:57.564+0000] {dag.py:3340} INFO - Setting next_dagrun for consumer to None, run_after=None
[2024-02-20T22:36:57.578+0000] {processor.py:176} INFO - Processing /opt/airflow/dags/consumer.py took 0.073 seconds
[2024-02-20T22:37:27.626+0000] {processor.py:154} INFO - Started process (PID=693) to work on /opt/airflow/dags/consumer.py
[2024-02-20T22:37:27.627+0000] {processor.py:756} INFO - Processing file /opt/airflow/dags/consumer.py for tasks to queue
[2024-02-20T22:37:27.628+0000] {logging_mixin.py:120} INFO - [2024-02-20T22:37:27.627+0000] {dagbag.py:537} INFO - Filling up the DagBag from /opt/airflow/dags/consumer.py
[2024-02-20T22:37:27.642+0000] {processor.py:766} INFO - DAG(s) dict_keys(['consumer']) retrieved from /opt/airflow/dags/consumer.py
[2024-02-20T22:37:27.665+0000] {logging_mixin.py:120} INFO - [2024-02-20T22:37:27.665+0000] {dag.py:2585} INFO - Sync 1 DAGs
[2024-02-20T22:37:27.680+0000] {logging_mixin.py:120} INFO - [2024-02-20T22:37:27.680+0000] {dag.py:3340} INFO - Setting next_dagrun for consumer to None, run_after=None
[2024-02-20T22:37:27.700+0000] {processor.py:176} INFO - Processing /opt/airflow/dags/consumer.py took 0.076 seconds
[2024-02-20T22:37:58.826+0000] {processor.py:154} INFO - Started process (PID=723) to work on /opt/airflow/dags/consumer.py
[2024-02-20T22:37:58.827+0000] {processor.py:756} INFO - Processing file /opt/airflow/dags/consumer.py for tasks to queue
[2024-02-20T22:37:58.828+0000] {logging_mixin.py:120} INFO - [2024-02-20T22:37:58.827+0000] {dagbag.py:537} INFO - Filling up the DagBag from /opt/airflow/dags/consumer.py
[2024-02-20T22:37:58.841+0000] {processor.py:766} INFO - DAG(s) dict_keys(['consumer']) retrieved from /opt/airflow/dags/consumer.py
[2024-02-20T22:37:58.863+0000] {logging_mixin.py:120} INFO - [2024-02-20T22:37:58.863+0000] {dag.py:2585} INFO - Sync 1 DAGs
[2024-02-20T22:37:58.879+0000] {logging_mixin.py:120} INFO - [2024-02-20T22:37:58.878+0000] {dag.py:3340} INFO - Setting next_dagrun for consumer to None, run_after=None
[2024-02-20T22:37:58.898+0000] {processor.py:176} INFO - Processing /opt/airflow/dags/consumer.py took 0.073 seconds
[2024-02-20T22:38:29.933+0000] {processor.py:154} INFO - Started process (PID=760) to work on /opt/airflow/dags/consumer.py
[2024-02-20T22:38:29.934+0000] {processor.py:756} INFO - Processing file /opt/airflow/dags/consumer.py for tasks to queue
[2024-02-20T22:38:29.934+0000] {logging_mixin.py:120} INFO - [2024-02-20T22:38:29.934+0000] {dagbag.py:537} INFO - Filling up the DagBag from /opt/airflow/dags/consumer.py
[2024-02-20T22:38:29.950+0000] {processor.py:766} INFO - DAG(s) dict_keys(['consumer']) retrieved from /opt/airflow/dags/consumer.py
[2024-02-20T22:38:29.975+0000] {logging_mixin.py:120} INFO - [2024-02-20T22:38:29.975+0000] {dag.py:2585} INFO - Sync 1 DAGs
[2024-02-20T22:38:29.990+0000] {logging_mixin.py:120} INFO - [2024-02-20T22:38:29.990+0000] {dag.py:3340} INFO - Setting next_dagrun for consumer to None, run_after=None
[2024-02-20T22:38:30.002+0000] {processor.py:176} INFO - Processing /opt/airflow/dags/consumer.py took 0.072 seconds
[2024-02-20T22:39:00.933+0000] {processor.py:154} INFO - Started process (PID=797) to work on /opt/airflow/dags/consumer.py
[2024-02-20T22:39:00.934+0000] {processor.py:756} INFO - Processing file /opt/airflow/dags/consumer.py for tasks to queue
[2024-02-20T22:39:00.935+0000] {logging_mixin.py:120} INFO - [2024-02-20T22:39:00.935+0000] {dagbag.py:537} INFO - Filling up the DagBag from /opt/airflow/dags/consumer.py
[2024-02-20T22:39:00.957+0000] {processor.py:766} INFO - DAG(s) dict_keys(['consumer']) retrieved from /opt/airflow/dags/consumer.py
[2024-02-20T22:39:00.982+0000] {logging_mixin.py:120} INFO - [2024-02-20T22:39:00.982+0000] {dag.py:2585} INFO - Sync 1 DAGs
[2024-02-20T22:39:00.996+0000] {logging_mixin.py:120} INFO - [2024-02-20T22:39:00.996+0000] {dag.py:3340} INFO - Setting next_dagrun for consumer to None, run_after=None
[2024-02-20T22:39:01.008+0000] {processor.py:176} INFO - Processing /opt/airflow/dags/consumer.py took 0.077 seconds
[2024-02-20T22:39:31.980+0000] {processor.py:154} INFO - Started process (PID=834) to work on /opt/airflow/dags/consumer.py
[2024-02-20T22:39:31.980+0000] {processor.py:756} INFO - Processing file /opt/airflow/dags/consumer.py for tasks to queue
[2024-02-20T22:39:31.981+0000] {logging_mixin.py:120} INFO - [2024-02-20T22:39:31.981+0000] {dagbag.py:537} INFO - Filling up the DagBag from /opt/airflow/dags/consumer.py
[2024-02-20T22:39:31.994+0000] {processor.py:766} INFO - DAG(s) dict_keys(['consumer']) retrieved from /opt/airflow/dags/consumer.py
[2024-02-20T22:39:32.016+0000] {logging_mixin.py:120} INFO - [2024-02-20T22:39:32.016+0000] {dag.py:2585} INFO - Sync 1 DAGs
[2024-02-20T22:39:32.031+0000] {logging_mixin.py:120} INFO - [2024-02-20T22:39:32.031+0000] {dag.py:3340} INFO - Setting next_dagrun for consumer to None, run_after=None
[2024-02-20T22:39:32.045+0000] {processor.py:176} INFO - Processing /opt/airflow/dags/consumer.py took 0.067 seconds
[2024-02-20T22:40:02.935+0000] {processor.py:154} INFO - Started process (PID=871) to work on /opt/airflow/dags/consumer.py
[2024-02-20T22:40:02.936+0000] {processor.py:756} INFO - Processing file /opt/airflow/dags/consumer.py for tasks to queue
[2024-02-20T22:40:02.936+0000] {logging_mixin.py:120} INFO - [2024-02-20T22:40:02.936+0000] {dagbag.py:537} INFO - Filling up the DagBag from /opt/airflow/dags/consumer.py
[2024-02-20T22:40:02.949+0000] {processor.py:766} INFO - DAG(s) dict_keys(['consumer']) retrieved from /opt/airflow/dags/consumer.py
[2024-02-20T22:40:02.971+0000] {logging_mixin.py:120} INFO - [2024-02-20T22:40:02.971+0000] {dag.py:2585} INFO - Sync 1 DAGs
[2024-02-20T22:40:02.985+0000] {logging_mixin.py:120} INFO - [2024-02-20T22:40:02.985+0000] {dag.py:3340} INFO - Setting next_dagrun for consumer to None, run_after=None
[2024-02-20T22:40:02.997+0000] {processor.py:176} INFO - Processing /opt/airflow/dags/consumer.py took 0.064 seconds
[2024-02-20T22:40:33.878+0000] {processor.py:154} INFO - Started process (PID=908) to work on /opt/airflow/dags/consumer.py
[2024-02-20T22:40:33.879+0000] {processor.py:756} INFO - Processing file /opt/airflow/dags/consumer.py for tasks to queue
[2024-02-20T22:40:33.879+0000] {logging_mixin.py:120} INFO - [2024-02-20T22:40:33.879+0000] {dagbag.py:537} INFO - Filling up the DagBag from /opt/airflow/dags/consumer.py
[2024-02-20T22:40:33.893+0000] {processor.py:766} INFO - DAG(s) dict_keys(['consumer']) retrieved from /opt/airflow/dags/consumer.py
[2024-02-20T22:40:33.915+0000] {logging_mixin.py:120} INFO - [2024-02-20T22:40:33.915+0000] {dag.py:2585} INFO - Sync 1 DAGs
[2024-02-20T22:40:33.931+0000] {logging_mixin.py:120} INFO - [2024-02-20T22:40:33.931+0000] {dag.py:3340} INFO - Setting next_dagrun for consumer to None, run_after=None
[2024-02-20T22:40:33.942+0000] {processor.py:176} INFO - Processing /opt/airflow/dags/consumer.py took 0.066 seconds
[2024-02-20T22:41:05.240+0000] {processor.py:154} INFO - Started process (PID=945) to work on /opt/airflow/dags/consumer.py
[2024-02-20T22:41:05.242+0000] {processor.py:756} INFO - Processing file /opt/airflow/dags/consumer.py for tasks to queue
[2024-02-20T22:41:05.243+0000] {logging_mixin.py:120} INFO - [2024-02-20T22:41:05.243+0000] {dagbag.py:537} INFO - Filling up the DagBag from /opt/airflow/dags/consumer.py
[2024-02-20T22:41:05.263+0000] {processor.py:766} INFO - DAG(s) dict_keys(['consumer']) retrieved from /opt/airflow/dags/consumer.py
[2024-02-20T22:41:05.304+0000] {logging_mixin.py:120} INFO - [2024-02-20T22:41:05.304+0000] {dag.py:2585} INFO - Sync 1 DAGs
[2024-02-20T22:41:05.340+0000] {logging_mixin.py:120} INFO - [2024-02-20T22:41:05.339+0000] {dag.py:3340} INFO - Setting next_dagrun for consumer to None, run_after=None
[2024-02-20T22:41:05.375+0000] {processor.py:176} INFO - Processing /opt/airflow/dags/consumer.py took 0.140 seconds
[2024-02-20T22:41:35.567+0000] {processor.py:154} INFO - Started process (PID=973) to work on /opt/airflow/dags/consumer.py
[2024-02-20T22:41:35.568+0000] {processor.py:756} INFO - Processing file /opt/airflow/dags/consumer.py for tasks to queue
[2024-02-20T22:41:35.569+0000] {logging_mixin.py:120} INFO - [2024-02-20T22:41:35.569+0000] {dagbag.py:537} INFO - Filling up the DagBag from /opt/airflow/dags/consumer.py
[2024-02-20T22:41:35.586+0000] {processor.py:766} INFO - DAG(s) dict_keys(['consumer']) retrieved from /opt/airflow/dags/consumer.py
[2024-02-20T22:41:35.636+0000] {logging_mixin.py:120} INFO - [2024-02-20T22:41:35.636+0000] {dag.py:2585} INFO - Sync 1 DAGs
[2024-02-20T22:41:35.659+0000] {logging_mixin.py:120} INFO - [2024-02-20T22:41:35.659+0000] {dag.py:3340} INFO - Setting next_dagrun for consumer to None, run_after=None
[2024-02-20T22:41:35.674+0000] {processor.py:176} INFO - Processing /opt/airflow/dags/consumer.py took 0.109 seconds
[2024-02-20T22:42:06.618+0000] {processor.py:154} INFO - Started process (PID=1009) to work on /opt/airflow/dags/consumer.py
[2024-02-20T22:42:06.619+0000] {processor.py:756} INFO - Processing file /opt/airflow/dags/consumer.py for tasks to queue
[2024-02-20T22:42:06.619+0000] {logging_mixin.py:120} INFO - [2024-02-20T22:42:06.619+0000] {dagbag.py:537} INFO - Filling up the DagBag from /opt/airflow/dags/consumer.py
[2024-02-20T22:42:06.632+0000] {processor.py:766} INFO - DAG(s) dict_keys(['consumer']) retrieved from /opt/airflow/dags/consumer.py
[2024-02-20T22:42:06.659+0000] {logging_mixin.py:120} INFO - [2024-02-20T22:42:06.659+0000] {dag.py:2585} INFO - Sync 1 DAGs
[2024-02-20T22:42:06.674+0000] {logging_mixin.py:120} INFO - [2024-02-20T22:42:06.673+0000] {dag.py:3340} INFO - Setting next_dagrun for consumer to None, run_after=None
[2024-02-20T22:42:06.686+0000] {processor.py:176} INFO - Processing /opt/airflow/dags/consumer.py took 0.070 seconds
[2024-02-20T22:42:37.568+0000] {processor.py:154} INFO - Started process (PID=1045) to work on /opt/airflow/dags/consumer.py
[2024-02-20T22:42:37.569+0000] {processor.py:756} INFO - Processing file /opt/airflow/dags/consumer.py for tasks to queue
[2024-02-20T22:42:37.569+0000] {logging_mixin.py:120} INFO - [2024-02-20T22:42:37.569+0000] {dagbag.py:537} INFO - Filling up the DagBag from /opt/airflow/dags/consumer.py
[2024-02-20T22:42:37.583+0000] {processor.py:766} INFO - DAG(s) dict_keys(['consumer']) retrieved from /opt/airflow/dags/consumer.py
[2024-02-20T22:42:37.605+0000] {logging_mixin.py:120} INFO - [2024-02-20T22:42:37.605+0000] {dag.py:2585} INFO - Sync 1 DAGs
[2024-02-20T22:42:37.619+0000] {logging_mixin.py:120} INFO - [2024-02-20T22:42:37.619+0000] {dag.py:3340} INFO - Setting next_dagrun for consumer to None, run_after=None
[2024-02-20T22:42:37.632+0000] {processor.py:176} INFO - Processing /opt/airflow/dags/consumer.py took 0.066 seconds
[2024-02-20T22:43:08.684+0000] {processor.py:154} INFO - Started process (PID=1082) to work on /opt/airflow/dags/consumer.py
[2024-02-20T22:43:08.685+0000] {processor.py:756} INFO - Processing file /opt/airflow/dags/consumer.py for tasks to queue
[2024-02-20T22:43:08.686+0000] {logging_mixin.py:120} INFO - [2024-02-20T22:43:08.686+0000] {dagbag.py:537} INFO - Filling up the DagBag from /opt/airflow/dags/consumer.py
[2024-02-20T22:43:08.704+0000] {processor.py:766} INFO - DAG(s) dict_keys(['consumer']) retrieved from /opt/airflow/dags/consumer.py
[2024-02-20T22:43:08.741+0000] {logging_mixin.py:120} INFO - [2024-02-20T22:43:08.740+0000] {dag.py:2585} INFO - Sync 1 DAGs
[2024-02-20T22:43:08.765+0000] {logging_mixin.py:120} INFO - [2024-02-20T22:43:08.765+0000] {dag.py:3340} INFO - Setting next_dagrun for consumer to None, run_after=None
[2024-02-20T22:43:08.795+0000] {processor.py:176} INFO - Processing /opt/airflow/dags/consumer.py took 0.114 seconds
[2024-02-20T22:43:40.070+0000] {processor.py:154} INFO - Started process (PID=1119) to work on /opt/airflow/dags/consumer.py
[2024-02-20T22:43:40.071+0000] {processor.py:756} INFO - Processing file /opt/airflow/dags/consumer.py for tasks to queue
[2024-02-20T22:43:40.072+0000] {logging_mixin.py:120} INFO - [2024-02-20T22:43:40.072+0000] {dagbag.py:537} INFO - Filling up the DagBag from /opt/airflow/dags/consumer.py
[2024-02-20T22:43:40.088+0000] {processor.py:766} INFO - DAG(s) dict_keys(['consumer']) retrieved from /opt/airflow/dags/consumer.py
[2024-02-20T22:43:40.111+0000] {logging_mixin.py:120} INFO - [2024-02-20T22:43:40.111+0000] {dag.py:2585} INFO - Sync 1 DAGs
[2024-02-20T22:43:40.125+0000] {logging_mixin.py:120} INFO - [2024-02-20T22:43:40.125+0000] {dag.py:3340} INFO - Setting next_dagrun for consumer to None, run_after=None
[2024-02-20T22:43:40.140+0000] {processor.py:176} INFO - Processing /opt/airflow/dags/consumer.py took 0.072 seconds
[2024-02-20T22:44:11.315+0000] {processor.py:154} INFO - Started process (PID=1156) to work on /opt/airflow/dags/consumer.py
[2024-02-20T22:44:11.317+0000] {processor.py:756} INFO - Processing file /opt/airflow/dags/consumer.py for tasks to queue
[2024-02-20T22:44:11.317+0000] {logging_mixin.py:120} INFO - [2024-02-20T22:44:11.317+0000] {dagbag.py:537} INFO - Filling up the DagBag from /opt/airflow/dags/consumer.py
[2024-02-20T22:44:11.332+0000] {processor.py:766} INFO - DAG(s) dict_keys(['consumer']) retrieved from /opt/airflow/dags/consumer.py
[2024-02-20T22:44:11.359+0000] {logging_mixin.py:120} INFO - [2024-02-20T22:44:11.359+0000] {dag.py:2585} INFO - Sync 1 DAGs
[2024-02-20T22:44:11.377+0000] {logging_mixin.py:120} INFO - [2024-02-20T22:44:11.376+0000] {dag.py:3340} INFO - Setting next_dagrun for consumer to None, run_after=None
[2024-02-20T22:44:11.397+0000] {processor.py:176} INFO - Processing /opt/airflow/dags/consumer.py took 0.084 seconds
[2024-02-20T22:44:42.277+0000] {processor.py:154} INFO - Started process (PID=1184) to work on /opt/airflow/dags/consumer.py
[2024-02-20T22:44:42.278+0000] {processor.py:756} INFO - Processing file /opt/airflow/dags/consumer.py for tasks to queue
[2024-02-20T22:44:42.279+0000] {logging_mixin.py:120} INFO - [2024-02-20T22:44:42.279+0000] {dagbag.py:537} INFO - Filling up the DagBag from /opt/airflow/dags/consumer.py
[2024-02-20T22:44:42.298+0000] {processor.py:766} INFO - DAG(s) dict_keys(['consumer']) retrieved from /opt/airflow/dags/consumer.py
[2024-02-20T22:44:42.323+0000] {logging_mixin.py:120} INFO - [2024-02-20T22:44:42.323+0000] {dag.py:2585} INFO - Sync 1 DAGs
[2024-02-20T22:44:42.336+0000] {logging_mixin.py:120} INFO - [2024-02-20T22:44:42.336+0000] {dag.py:3340} INFO - Setting next_dagrun for consumer to None, run_after=None
[2024-02-20T22:44:42.348+0000] {processor.py:176} INFO - Processing /opt/airflow/dags/consumer.py took 0.073 seconds
[2024-02-20T22:45:13.274+0000] {processor.py:154} INFO - Started process (PID=1221) to work on /opt/airflow/dags/consumer.py
[2024-02-20T22:45:13.275+0000] {processor.py:756} INFO - Processing file /opt/airflow/dags/consumer.py for tasks to queue
[2024-02-20T22:45:13.276+0000] {logging_mixin.py:120} INFO - [2024-02-20T22:45:13.276+0000] {dagbag.py:537} INFO - Filling up the DagBag from /opt/airflow/dags/consumer.py
[2024-02-20T22:45:13.292+0000] {processor.py:766} INFO - DAG(s) dict_keys(['consumer']) retrieved from /opt/airflow/dags/consumer.py
[2024-02-20T22:45:13.316+0000] {logging_mixin.py:120} INFO - [2024-02-20T22:45:13.316+0000] {dag.py:2585} INFO - Sync 1 DAGs
[2024-02-20T22:45:13.330+0000] {logging_mixin.py:120} INFO - [2024-02-20T22:45:13.330+0000] {dag.py:3340} INFO - Setting next_dagrun for consumer to None, run_after=None
[2024-02-20T22:45:13.343+0000] {processor.py:176} INFO - Processing /opt/airflow/dags/consumer.py took 0.071 seconds
[2024-02-20T22:45:44.172+0000] {processor.py:154} INFO - Started process (PID=1258) to work on /opt/airflow/dags/consumer.py
[2024-02-20T22:45:44.173+0000] {processor.py:756} INFO - Processing file /opt/airflow/dags/consumer.py for tasks to queue
[2024-02-20T22:45:44.173+0000] {logging_mixin.py:120} INFO - [2024-02-20T22:45:44.173+0000] {dagbag.py:537} INFO - Filling up the DagBag from /opt/airflow/dags/consumer.py
[2024-02-20T22:45:44.187+0000] {processor.py:766} INFO - DAG(s) dict_keys(['consumer']) retrieved from /opt/airflow/dags/consumer.py
[2024-02-20T22:45:44.210+0000] {logging_mixin.py:120} INFO - [2024-02-20T22:45:44.210+0000] {dag.py:2585} INFO - Sync 1 DAGs
[2024-02-20T22:45:44.223+0000] {logging_mixin.py:120} INFO - [2024-02-20T22:45:44.223+0000] {dag.py:3340} INFO - Setting next_dagrun for consumer to None, run_after=None
[2024-02-20T22:45:44.237+0000] {processor.py:176} INFO - Processing /opt/airflow/dags/consumer.py took 0.067 seconds
[2024-02-20T22:46:15.233+0000] {processor.py:154} INFO - Started process (PID=1295) to work on /opt/airflow/dags/consumer.py
[2024-02-20T22:46:15.233+0000] {processor.py:756} INFO - Processing file /opt/airflow/dags/consumer.py for tasks to queue
[2024-02-20T22:46:15.234+0000] {logging_mixin.py:120} INFO - [2024-02-20T22:46:15.234+0000] {dagbag.py:537} INFO - Filling up the DagBag from /opt/airflow/dags/consumer.py
[2024-02-20T22:46:15.247+0000] {processor.py:766} INFO - DAG(s) dict_keys(['consumer']) retrieved from /opt/airflow/dags/consumer.py
[2024-02-20T22:46:15.269+0000] {logging_mixin.py:120} INFO - [2024-02-20T22:46:15.269+0000] {dag.py:2585} INFO - Sync 1 DAGs
[2024-02-20T22:46:15.283+0000] {logging_mixin.py:120} INFO - [2024-02-20T22:46:15.283+0000] {dag.py:3340} INFO - Setting next_dagrun for consumer to None, run_after=None
[2024-02-20T22:46:15.297+0000] {processor.py:176} INFO - Processing /opt/airflow/dags/consumer.py took 0.066 seconds
[2024-02-20T22:46:46.116+0000] {processor.py:154} INFO - Started process (PID=1331) to work on /opt/airflow/dags/consumer.py
[2024-02-20T22:46:46.117+0000] {processor.py:756} INFO - Processing file /opt/airflow/dags/consumer.py for tasks to queue
[2024-02-20T22:46:46.117+0000] {logging_mixin.py:120} INFO - [2024-02-20T22:46:46.117+0000] {dagbag.py:537} INFO - Filling up the DagBag from /opt/airflow/dags/consumer.py
[2024-02-20T22:46:46.130+0000] {processor.py:766} INFO - DAG(s) dict_keys(['consumer']) retrieved from /opt/airflow/dags/consumer.py
[2024-02-20T22:46:46.151+0000] {logging_mixin.py:120} INFO - [2024-02-20T22:46:46.151+0000] {dag.py:2585} INFO - Sync 1 DAGs
[2024-02-20T22:46:46.165+0000] {logging_mixin.py:120} INFO - [2024-02-20T22:46:46.165+0000] {dag.py:3340} INFO - Setting next_dagrun for consumer to None, run_after=None
[2024-02-20T22:46:46.177+0000] {processor.py:176} INFO - Processing /opt/airflow/dags/consumer.py took 0.063 seconds
[2024-02-20T22:47:17.152+0000] {processor.py:154} INFO - Started process (PID=1368) to work on /opt/airflow/dags/consumer.py
[2024-02-20T22:47:17.153+0000] {processor.py:756} INFO - Processing file /opt/airflow/dags/consumer.py for tasks to queue
[2024-02-20T22:47:17.154+0000] {logging_mixin.py:120} INFO - [2024-02-20T22:47:17.154+0000] {dagbag.py:537} INFO - Filling up the DagBag from /opt/airflow/dags/consumer.py
[2024-02-20T22:47:17.169+0000] {processor.py:766} INFO - DAG(s) dict_keys(['consumer']) retrieved from /opt/airflow/dags/consumer.py
[2024-02-20T22:47:17.202+0000] {logging_mixin.py:120} INFO - [2024-02-20T22:47:17.202+0000] {dag.py:2585} INFO - Sync 1 DAGs
[2024-02-20T22:47:17.216+0000] {logging_mixin.py:120} INFO - [2024-02-20T22:47:17.216+0000] {dag.py:3340} INFO - Setting next_dagrun for consumer to None, run_after=None
[2024-02-20T22:47:17.228+0000] {processor.py:176} INFO - Processing /opt/airflow/dags/consumer.py took 0.080 seconds
[2024-02-20T22:47:48.067+0000] {processor.py:154} INFO - Started process (PID=1395) to work on /opt/airflow/dags/consumer.py
[2024-02-20T22:47:48.068+0000] {processor.py:756} INFO - Processing file /opt/airflow/dags/consumer.py for tasks to queue
[2024-02-20T22:47:48.068+0000] {logging_mixin.py:120} INFO - [2024-02-20T22:47:48.068+0000] {dagbag.py:537} INFO - Filling up the DagBag from /opt/airflow/dags/consumer.py
[2024-02-20T22:47:48.081+0000] {processor.py:766} INFO - DAG(s) dict_keys(['consumer']) retrieved from /opt/airflow/dags/consumer.py
[2024-02-20T22:47:48.105+0000] {logging_mixin.py:120} INFO - [2024-02-20T22:47:48.105+0000] {dag.py:2585} INFO - Sync 1 DAGs
[2024-02-20T22:47:48.120+0000] {logging_mixin.py:120} INFO - [2024-02-20T22:47:48.120+0000] {dag.py:3340} INFO - Setting next_dagrun for consumer to None, run_after=None
[2024-02-20T22:47:48.132+0000] {processor.py:176} INFO - Processing /opt/airflow/dags/consumer.py took 0.067 seconds
[2024-02-20T22:48:19.005+0000] {processor.py:154} INFO - Started process (PID=1432) to work on /opt/airflow/dags/consumer.py
[2024-02-20T22:48:19.006+0000] {processor.py:756} INFO - Processing file /opt/airflow/dags/consumer.py for tasks to queue
[2024-02-20T22:48:19.006+0000] {logging_mixin.py:120} INFO - [2024-02-20T22:48:19.006+0000] {dagbag.py:537} INFO - Filling up the DagBag from /opt/airflow/dags/consumer.py
[2024-02-20T22:48:19.020+0000] {processor.py:766} INFO - DAG(s) dict_keys(['consumer']) retrieved from /opt/airflow/dags/consumer.py
[2024-02-20T22:48:19.043+0000] {logging_mixin.py:120} INFO - [2024-02-20T22:48:19.043+0000] {dag.py:2585} INFO - Sync 1 DAGs
[2024-02-20T22:48:19.057+0000] {logging_mixin.py:120} INFO - [2024-02-20T22:48:19.057+0000] {dag.py:3340} INFO - Setting next_dagrun for consumer to None, run_after=None
[2024-02-20T22:48:19.069+0000] {processor.py:176} INFO - Processing /opt/airflow/dags/consumer.py took 0.068 seconds
[2024-02-20T22:48:49.964+0000] {processor.py:154} INFO - Started process (PID=1469) to work on /opt/airflow/dags/consumer.py
[2024-02-20T22:48:49.965+0000] {processor.py:756} INFO - Processing file /opt/airflow/dags/consumer.py for tasks to queue
[2024-02-20T22:48:49.966+0000] {logging_mixin.py:120} INFO - [2024-02-20T22:48:49.965+0000] {dagbag.py:537} INFO - Filling up the DagBag from /opt/airflow/dags/consumer.py
[2024-02-20T22:48:49.979+0000] {processor.py:766} INFO - DAG(s) dict_keys(['consumer']) retrieved from /opt/airflow/dags/consumer.py
[2024-02-20T22:48:50.001+0000] {logging_mixin.py:120} INFO - [2024-02-20T22:48:50.001+0000] {dag.py:2585} INFO - Sync 1 DAGs
[2024-02-20T22:48:50.015+0000] {logging_mixin.py:120} INFO - [2024-02-20T22:48:50.015+0000] {dag.py:3340} INFO - Setting next_dagrun for consumer to None, run_after=None
[2024-02-20T22:48:50.026+0000] {processor.py:176} INFO - Processing /opt/airflow/dags/consumer.py took 0.065 seconds
[2024-02-20T22:49:20.892+0000] {processor.py:154} INFO - Started process (PID=1506) to work on /opt/airflow/dags/consumer.py
[2024-02-20T22:49:20.893+0000] {processor.py:756} INFO - Processing file /opt/airflow/dags/consumer.py for tasks to queue
[2024-02-20T22:49:20.893+0000] {logging_mixin.py:120} INFO - [2024-02-20T22:49:20.893+0000] {dagbag.py:537} INFO - Filling up the DagBag from /opt/airflow/dags/consumer.py
[2024-02-20T22:49:20.908+0000] {processor.py:766} INFO - DAG(s) dict_keys(['consumer']) retrieved from /opt/airflow/dags/consumer.py
[2024-02-20T22:49:20.929+0000] {logging_mixin.py:120} INFO - [2024-02-20T22:49:20.929+0000] {dag.py:2585} INFO - Sync 1 DAGs
[2024-02-20T22:49:20.943+0000] {logging_mixin.py:120} INFO - [2024-02-20T22:49:20.943+0000] {dag.py:3340} INFO - Setting next_dagrun for consumer to None, run_after=None
[2024-02-20T22:49:20.955+0000] {processor.py:176} INFO - Processing /opt/airflow/dags/consumer.py took 0.065 seconds
[2024-02-20T22:49:51.958+0000] {processor.py:154} INFO - Started process (PID=1543) to work on /opt/airflow/dags/consumer.py
[2024-02-20T22:49:51.959+0000] {processor.py:756} INFO - Processing file /opt/airflow/dags/consumer.py for tasks to queue
[2024-02-20T22:49:51.960+0000] {logging_mixin.py:120} INFO - [2024-02-20T22:49:51.960+0000] {dagbag.py:537} INFO - Filling up the DagBag from /opt/airflow/dags/consumer.py
[2024-02-20T22:49:51.975+0000] {processor.py:766} INFO - DAG(s) dict_keys(['consumer']) retrieved from /opt/airflow/dags/consumer.py
[2024-02-20T22:49:52.001+0000] {logging_mixin.py:120} INFO - [2024-02-20T22:49:52.001+0000] {dag.py:2585} INFO - Sync 1 DAGs
[2024-02-20T22:49:52.013+0000] {logging_mixin.py:120} INFO - [2024-02-20T22:49:52.013+0000] {dag.py:3340} INFO - Setting next_dagrun for consumer to None, run_after=None
[2024-02-20T22:49:52.025+0000] {processor.py:176} INFO - Processing /opt/airflow/dags/consumer.py took 0.070 seconds
[2024-02-20T22:50:22.931+0000] {processor.py:154} INFO - Started process (PID=1580) to work on /opt/airflow/dags/consumer.py
[2024-02-20T22:50:22.932+0000] {processor.py:756} INFO - Processing file /opt/airflow/dags/consumer.py for tasks to queue
[2024-02-20T22:50:22.932+0000] {logging_mixin.py:120} INFO - [2024-02-20T22:50:22.932+0000] {dagbag.py:537} INFO - Filling up the DagBag from /opt/airflow/dags/consumer.py
[2024-02-20T22:50:22.946+0000] {processor.py:766} INFO - DAG(s) dict_keys(['consumer']) retrieved from /opt/airflow/dags/consumer.py
[2024-02-20T22:50:22.974+0000] {logging_mixin.py:120} INFO - [2024-02-20T22:50:22.974+0000] {dag.py:2585} INFO - Sync 1 DAGs
[2024-02-20T22:50:22.988+0000] {logging_mixin.py:120} INFO - [2024-02-20T22:50:22.988+0000] {dag.py:3340} INFO - Setting next_dagrun for consumer to None, run_after=None
[2024-02-20T22:50:23.001+0000] {processor.py:176} INFO - Processing /opt/airflow/dags/consumer.py took 0.072 seconds
[2024-02-20T22:50:53.895+0000] {processor.py:154} INFO - Started process (PID=1617) to work on /opt/airflow/dags/consumer.py
[2024-02-20T22:50:53.897+0000] {processor.py:756} INFO - Processing file /opt/airflow/dags/consumer.py for tasks to queue
[2024-02-20T22:50:53.897+0000] {logging_mixin.py:120} INFO - [2024-02-20T22:50:53.897+0000] {dagbag.py:537} INFO - Filling up the DagBag from /opt/airflow/dags/consumer.py
[2024-02-20T22:50:53.911+0000] {processor.py:766} INFO - DAG(s) dict_keys(['consumer']) retrieved from /opt/airflow/dags/consumer.py
[2024-02-20T22:50:53.934+0000] {logging_mixin.py:120} INFO - [2024-02-20T22:50:53.934+0000] {dag.py:2585} INFO - Sync 1 DAGs
[2024-02-20T22:50:53.947+0000] {logging_mixin.py:120} INFO - [2024-02-20T22:50:53.947+0000] {dag.py:3340} INFO - Setting next_dagrun for consumer to None, run_after=None
[2024-02-20T22:50:53.960+0000] {processor.py:176} INFO - Processing /opt/airflow/dags/consumer.py took 0.067 seconds
[2024-02-20T22:51:24.849+0000] {processor.py:154} INFO - Started process (PID=1644) to work on /opt/airflow/dags/consumer.py
[2024-02-20T22:51:24.850+0000] {processor.py:756} INFO - Processing file /opt/airflow/dags/consumer.py for tasks to queue
[2024-02-20T22:51:24.850+0000] {logging_mixin.py:120} INFO - [2024-02-20T22:51:24.850+0000] {dagbag.py:537} INFO - Filling up the DagBag from /opt/airflow/dags/consumer.py
[2024-02-20T22:51:24.863+0000] {processor.py:766} INFO - DAG(s) dict_keys(['consumer']) retrieved from /opt/airflow/dags/consumer.py
[2024-02-20T22:51:24.885+0000] {logging_mixin.py:120} INFO - [2024-02-20T22:51:24.885+0000] {dag.py:2585} INFO - Sync 1 DAGs
[2024-02-20T22:51:24.899+0000] {logging_mixin.py:120} INFO - [2024-02-20T22:51:24.899+0000] {dag.py:3340} INFO - Setting next_dagrun for consumer to None, run_after=None
[2024-02-20T22:51:24.912+0000] {processor.py:176} INFO - Processing /opt/airflow/dags/consumer.py took 0.064 seconds
[2024-02-20T22:51:55.742+0000] {processor.py:154} INFO - Started process (PID=1681) to work on /opt/airflow/dags/consumer.py
[2024-02-20T22:51:55.743+0000] {processor.py:756} INFO - Processing file /opt/airflow/dags/consumer.py for tasks to queue
[2024-02-20T22:51:55.744+0000] {logging_mixin.py:120} INFO - [2024-02-20T22:51:55.744+0000] {dagbag.py:537} INFO - Filling up the DagBag from /opt/airflow/dags/consumer.py
[2024-02-20T22:51:55.757+0000] {processor.py:766} INFO - DAG(s) dict_keys(['consumer']) retrieved from /opt/airflow/dags/consumer.py
[2024-02-20T22:51:55.778+0000] {logging_mixin.py:120} INFO - [2024-02-20T22:51:55.778+0000] {dag.py:2585} INFO - Sync 1 DAGs
[2024-02-20T22:51:55.793+0000] {logging_mixin.py:120} INFO - [2024-02-20T22:51:55.793+0000] {dag.py:3340} INFO - Setting next_dagrun for consumer to None, run_after=None
[2024-02-20T22:51:55.805+0000] {processor.py:176} INFO - Processing /opt/airflow/dags/consumer.py took 0.064 seconds
[2024-02-20T22:52:26.609+0000] {processor.py:154} INFO - Started process (PID=1717) to work on /opt/airflow/dags/consumer.py
[2024-02-20T22:52:26.609+0000] {processor.py:756} INFO - Processing file /opt/airflow/dags/consumer.py for tasks to queue
[2024-02-20T22:52:26.610+0000] {logging_mixin.py:120} INFO - [2024-02-20T22:52:26.610+0000] {dagbag.py:537} INFO - Filling up the DagBag from /opt/airflow/dags/consumer.py
[2024-02-20T22:52:26.622+0000] {processor.py:766} INFO - DAG(s) dict_keys(['consumer']) retrieved from /opt/airflow/dags/consumer.py
[2024-02-20T22:52:26.649+0000] {logging_mixin.py:120} INFO - [2024-02-20T22:52:26.649+0000] {dag.py:2585} INFO - Sync 1 DAGs
[2024-02-20T22:52:26.664+0000] {logging_mixin.py:120} INFO - [2024-02-20T22:52:26.663+0000] {dag.py:3340} INFO - Setting next_dagrun for consumer to None, run_after=None
[2024-02-20T22:52:26.676+0000] {processor.py:176} INFO - Processing /opt/airflow/dags/consumer.py took 0.069 seconds
[2024-02-20T22:52:57.640+0000] {processor.py:154} INFO - Started process (PID=1755) to work on /opt/airflow/dags/consumer.py
[2024-02-20T22:52:57.641+0000] {processor.py:756} INFO - Processing file /opt/airflow/dags/consumer.py for tasks to queue
[2024-02-20T22:52:57.641+0000] {logging_mixin.py:120} INFO - [2024-02-20T22:52:57.641+0000] {dagbag.py:537} INFO - Filling up the DagBag from /opt/airflow/dags/consumer.py
[2024-02-20T22:52:57.653+0000] {processor.py:766} INFO - DAG(s) dict_keys(['consumer']) retrieved from /opt/airflow/dags/consumer.py
[2024-02-20T22:52:57.677+0000] {logging_mixin.py:120} INFO - [2024-02-20T22:52:57.677+0000] {dag.py:2585} INFO - Sync 1 DAGs
[2024-02-20T22:52:57.689+0000] {logging_mixin.py:120} INFO - [2024-02-20T22:52:57.689+0000] {dag.py:3340} INFO - Setting next_dagrun for consumer to None, run_after=None
[2024-02-20T22:52:57.701+0000] {processor.py:176} INFO - Processing /opt/airflow/dags/consumer.py took 0.063 seconds
[2024-02-20T22:53:28.528+0000] {processor.py:154} INFO - Started process (PID=1792) to work on /opt/airflow/dags/consumer.py
[2024-02-20T22:53:28.529+0000] {processor.py:756} INFO - Processing file /opt/airflow/dags/consumer.py for tasks to queue
[2024-02-20T22:53:28.529+0000] {logging_mixin.py:120} INFO - [2024-02-20T22:53:28.529+0000] {dagbag.py:537} INFO - Filling up the DagBag from /opt/airflow/dags/consumer.py
[2024-02-20T22:53:28.542+0000] {processor.py:766} INFO - DAG(s) dict_keys(['consumer']) retrieved from /opt/airflow/dags/consumer.py
[2024-02-20T22:53:28.568+0000] {logging_mixin.py:120} INFO - [2024-02-20T22:53:28.567+0000] {dag.py:2585} INFO - Sync 1 DAGs
[2024-02-20T22:53:28.582+0000] {logging_mixin.py:120} INFO - [2024-02-20T22:53:28.582+0000] {dag.py:3340} INFO - Setting next_dagrun for consumer to None, run_after=None
[2024-02-20T22:53:28.600+0000] {processor.py:176} INFO - Processing /opt/airflow/dags/consumer.py took 0.073 seconds
[2024-02-20T22:53:59.491+0000] {processor.py:154} INFO - Started process (PID=1829) to work on /opt/airflow/dags/consumer.py
[2024-02-20T22:53:59.492+0000] {processor.py:756} INFO - Processing file /opt/airflow/dags/consumer.py for tasks to queue
[2024-02-20T22:53:59.492+0000] {logging_mixin.py:120} INFO - [2024-02-20T22:53:59.492+0000] {dagbag.py:537} INFO - Filling up the DagBag from /opt/airflow/dags/consumer.py
[2024-02-20T22:53:59.507+0000] {processor.py:766} INFO - DAG(s) dict_keys(['consumer']) retrieved from /opt/airflow/dags/consumer.py
[2024-02-20T22:53:59.530+0000] {logging_mixin.py:120} INFO - [2024-02-20T22:53:59.530+0000] {dag.py:2585} INFO - Sync 1 DAGs
[2024-02-20T22:53:59.544+0000] {logging_mixin.py:120} INFO - [2024-02-20T22:53:59.543+0000] {dag.py:3340} INFO - Setting next_dagrun for consumer to None, run_after=None
[2024-02-20T22:53:59.555+0000] {processor.py:176} INFO - Processing /opt/airflow/dags/consumer.py took 0.068 seconds
[2024-02-20T22:54:31.435+0000] {processor.py:154} INFO - Started process (PID=1866) to work on /opt/airflow/dags/consumer.py
[2024-02-20T22:54:31.436+0000] {processor.py:756} INFO - Processing file /opt/airflow/dags/consumer.py for tasks to queue
[2024-02-20T22:54:31.436+0000] {logging_mixin.py:120} INFO - [2024-02-20T22:54:31.436+0000] {dagbag.py:537} INFO - Filling up the DagBag from /opt/airflow/dags/consumer.py
[2024-02-20T22:54:31.451+0000] {processor.py:766} INFO - DAG(s) dict_keys(['consumer']) retrieved from /opt/airflow/dags/consumer.py
[2024-02-20T22:54:31.487+0000] {logging_mixin.py:120} INFO - [2024-02-20T22:54:31.487+0000] {dag.py:2585} INFO - Sync 1 DAGs
[2024-02-20T22:54:31.511+0000] {logging_mixin.py:120} INFO - [2024-02-20T22:54:31.511+0000] {dag.py:3340} INFO - Setting next_dagrun for consumer to None, run_after=None
[2024-02-20T22:54:31.532+0000] {processor.py:176} INFO - Processing /opt/airflow/dags/consumer.py took 0.100 seconds
[2024-02-20T23:24:17.992+0000] {processor.py:154} INFO - Started process (PID=59) to work on /opt/airflow/dags/consumer.py
[2024-02-20T23:24:17.995+0000] {processor.py:756} INFO - Processing file /opt/airflow/dags/consumer.py for tasks to queue
[2024-02-20T23:24:17.997+0000] {logging_mixin.py:120} INFO - [2024-02-20T23:24:17.996+0000] {dagbag.py:537} INFO - Filling up the DagBag from /opt/airflow/dags/consumer.py
[2024-02-20T23:24:18.060+0000] {processor.py:766} INFO - DAG(s) dict_keys(['consumer']) retrieved from /opt/airflow/dags/consumer.py
[2024-02-20T23:24:18.261+0000] {logging_mixin.py:120} INFO - [2024-02-20T23:24:18.260+0000] {dag.py:2585} INFO - Sync 1 DAGs
[2024-02-20T23:24:18.315+0000] {logging_mixin.py:120} INFO - [2024-02-20T23:24:18.315+0000] {dag.py:3340} INFO - Setting next_dagrun for consumer to None, run_after=None
[2024-02-20T23:24:18.363+0000] {processor.py:176} INFO - Processing /opt/airflow/dags/consumer.py took 0.376 seconds
[2024-02-20T23:24:50.245+0000] {processor.py:154} INFO - Started process (PID=87) to work on /opt/airflow/dags/consumer.py
[2024-02-20T23:24:50.246+0000] {processor.py:756} INFO - Processing file /opt/airflow/dags/consumer.py for tasks to queue
[2024-02-20T23:24:50.247+0000] {logging_mixin.py:120} INFO - [2024-02-20T23:24:50.247+0000] {dagbag.py:537} INFO - Filling up the DagBag from /opt/airflow/dags/consumer.py
[2024-02-20T23:24:50.280+0000] {processor.py:766} INFO - DAG(s) dict_keys(['consumer']) retrieved from /opt/airflow/dags/consumer.py
[2024-02-20T23:24:50.336+0000] {logging_mixin.py:120} INFO - [2024-02-20T23:24:50.336+0000] {dag.py:2585} INFO - Sync 1 DAGs
[2024-02-20T23:24:50.366+0000] {logging_mixin.py:120} INFO - [2024-02-20T23:24:50.366+0000] {dag.py:3340} INFO - Setting next_dagrun for consumer to None, run_after=None
[2024-02-20T23:24:50.404+0000] {processor.py:176} INFO - Processing /opt/airflow/dags/consumer.py took 0.162 seconds
[2024-02-20T23:25:20.474+0000] {processor.py:154} INFO - Started process (PID=125) to work on /opt/airflow/dags/consumer.py
[2024-02-20T23:25:20.475+0000] {processor.py:756} INFO - Processing file /opt/airflow/dags/consumer.py for tasks to queue
[2024-02-20T23:25:20.475+0000] {logging_mixin.py:120} INFO - [2024-02-20T23:25:20.475+0000] {dagbag.py:537} INFO - Filling up the DagBag from /opt/airflow/dags/consumer.py
[2024-02-20T23:25:20.489+0000] {processor.py:766} INFO - DAG(s) dict_keys(['consumer']) retrieved from /opt/airflow/dags/consumer.py
[2024-02-20T23:25:20.514+0000] {logging_mixin.py:120} INFO - [2024-02-20T23:25:20.514+0000] {dag.py:2585} INFO - Sync 1 DAGs
[2024-02-20T23:25:20.551+0000] {logging_mixin.py:120} INFO - [2024-02-20T23:25:20.551+0000] {dag.py:3340} INFO - Setting next_dagrun for consumer to None, run_after=None
[2024-02-20T23:25:20.582+0000] {processor.py:176} INFO - Processing /opt/airflow/dags/consumer.py took 0.109 seconds
[2024-02-20T23:25:51.529+0000] {processor.py:154} INFO - Started process (PID=161) to work on /opt/airflow/dags/consumer.py
[2024-02-20T23:25:51.530+0000] {processor.py:756} INFO - Processing file /opt/airflow/dags/consumer.py for tasks to queue
[2024-02-20T23:25:51.530+0000] {logging_mixin.py:120} INFO - [2024-02-20T23:25:51.530+0000] {dagbag.py:537} INFO - Filling up the DagBag from /opt/airflow/dags/consumer.py
[2024-02-20T23:25:51.542+0000] {processor.py:766} INFO - DAG(s) dict_keys(['consumer']) retrieved from /opt/airflow/dags/consumer.py
[2024-02-20T23:25:51.563+0000] {logging_mixin.py:120} INFO - [2024-02-20T23:25:51.563+0000] {dag.py:2585} INFO - Sync 1 DAGs
[2024-02-20T23:25:51.576+0000] {logging_mixin.py:120} INFO - [2024-02-20T23:25:51.576+0000] {dag.py:3340} INFO - Setting next_dagrun for consumer to None, run_after=None
[2024-02-20T23:25:51.586+0000] {processor.py:176} INFO - Processing /opt/airflow/dags/consumer.py took 0.059 seconds
[2024-02-20T23:26:22.463+0000] {processor.py:154} INFO - Started process (PID=197) to work on /opt/airflow/dags/consumer.py
[2024-02-20T23:26:22.463+0000] {processor.py:756} INFO - Processing file /opt/airflow/dags/consumer.py for tasks to queue
[2024-02-20T23:26:22.464+0000] {logging_mixin.py:120} INFO - [2024-02-20T23:26:22.464+0000] {dagbag.py:537} INFO - Filling up the DagBag from /opt/airflow/dags/consumer.py
[2024-02-20T23:26:22.476+0000] {processor.py:766} INFO - DAG(s) dict_keys(['consumer']) retrieved from /opt/airflow/dags/consumer.py
[2024-02-20T23:26:22.496+0000] {logging_mixin.py:120} INFO - [2024-02-20T23:26:22.496+0000] {dag.py:2585} INFO - Sync 1 DAGs
[2024-02-20T23:26:22.509+0000] {logging_mixin.py:120} INFO - [2024-02-20T23:26:22.509+0000] {dag.py:3340} INFO - Setting next_dagrun for consumer to None, run_after=None
[2024-02-20T23:26:22.521+0000] {processor.py:176} INFO - Processing /opt/airflow/dags/consumer.py took 0.061 seconds
[2024-02-20T23:26:53.384+0000] {processor.py:154} INFO - Started process (PID=233) to work on /opt/airflow/dags/consumer.py
[2024-02-20T23:26:53.385+0000] {processor.py:756} INFO - Processing file /opt/airflow/dags/consumer.py for tasks to queue
[2024-02-20T23:26:53.385+0000] {logging_mixin.py:120} INFO - [2024-02-20T23:26:53.385+0000] {dagbag.py:537} INFO - Filling up the DagBag from /opt/airflow/dags/consumer.py
[2024-02-20T23:26:53.397+0000] {processor.py:766} INFO - DAG(s) dict_keys(['consumer']) retrieved from /opt/airflow/dags/consumer.py
[2024-02-20T23:26:53.423+0000] {logging_mixin.py:120} INFO - [2024-02-20T23:26:53.423+0000] {dag.py:2585} INFO - Sync 1 DAGs
[2024-02-20T23:26:53.436+0000] {logging_mixin.py:120} INFO - [2024-02-20T23:26:53.436+0000] {dag.py:3340} INFO - Setting next_dagrun for consumer to None, run_after=None
[2024-02-20T23:26:53.447+0000] {processor.py:176} INFO - Processing /opt/airflow/dags/consumer.py took 0.065 seconds
[2024-02-20T23:27:24.310+0000] {processor.py:154} INFO - Started process (PID=269) to work on /opt/airflow/dags/consumer.py
[2024-02-20T23:27:24.311+0000] {processor.py:756} INFO - Processing file /opt/airflow/dags/consumer.py for tasks to queue
[2024-02-20T23:27:24.312+0000] {logging_mixin.py:120} INFO - [2024-02-20T23:27:24.311+0000] {dagbag.py:537} INFO - Filling up the DagBag from /opt/airflow/dags/consumer.py
[2024-02-20T23:27:24.324+0000] {processor.py:766} INFO - DAG(s) dict_keys(['consumer']) retrieved from /opt/airflow/dags/consumer.py
[2024-02-20T23:27:24.346+0000] {logging_mixin.py:120} INFO - [2024-02-20T23:27:24.346+0000] {dag.py:2585} INFO - Sync 1 DAGs
[2024-02-20T23:27:24.360+0000] {logging_mixin.py:120} INFO - [2024-02-20T23:27:24.360+0000] {dag.py:3340} INFO - Setting next_dagrun for consumer to None, run_after=None
[2024-02-20T23:27:24.371+0000] {processor.py:176} INFO - Processing /opt/airflow/dags/consumer.py took 0.063 seconds
