[2024-02-20T22:28:05.805+0000] {processor.py:154} INFO - Started process (PID=50) to work on /opt/airflow/dags/elastic_dag.py
[2024-02-20T22:28:05.807+0000] {processor.py:756} INFO - Processing file /opt/airflow/dags/elastic_dag.py for tasks to queue
[2024-02-20T22:28:05.808+0000] {logging_mixin.py:120} INFO - [2024-02-20T22:28:05.808+0000] {dagbag.py:537} INFO - Filling up the DagBag from /opt/airflow/dags/elastic_dag.py
[2024-02-20T22:28:06.958+0000] {processor.py:766} INFO - DAG(s) dict_keys(['elastic_dag']) retrieved from /opt/airflow/dags/elastic_dag.py
[2024-02-20T22:28:07.017+0000] {logging_mixin.py:120} INFO - [2024-02-20T22:28:07.016+0000] {dag.py:2585} INFO - Sync 1 DAGs
[2024-02-20T22:28:07.056+0000] {logging_mixin.py:120} INFO - [2024-02-20T22:28:07.056+0000] {dag.py:3340} INFO - Setting next_dagrun for elastic_dag to 2024-02-19T00:00:00+00:00, run_after=2024-02-20T00:00:00+00:00
[2024-02-20T22:28:07.103+0000] {processor.py:176} INFO - Processing /opt/airflow/dags/elastic_dag.py took 1.303 seconds
[2024-02-20T22:28:38.151+0000] {processor.py:154} INFO - Started process (PID=87) to work on /opt/airflow/dags/elastic_dag.py
[2024-02-20T22:28:38.152+0000] {processor.py:756} INFO - Processing file /opt/airflow/dags/elastic_dag.py for tasks to queue
[2024-02-20T22:28:38.155+0000] {logging_mixin.py:120} INFO - [2024-02-20T22:28:38.155+0000] {dagbag.py:537} INFO - Filling up the DagBag from /opt/airflow/dags/elastic_dag.py
[2024-02-20T22:28:38.476+0000] {processor.py:766} INFO - DAG(s) dict_keys(['elastic_dag']) retrieved from /opt/airflow/dags/elastic_dag.py
[2024-02-20T22:28:38.506+0000] {logging_mixin.py:120} INFO - [2024-02-20T22:28:38.506+0000] {dag.py:2585} INFO - Sync 1 DAGs
[2024-02-20T22:28:38.537+0000] {logging_mixin.py:120} INFO - [2024-02-20T22:28:38.537+0000] {dag.py:3340} INFO - Setting next_dagrun for elastic_dag to 2024-02-19T00:00:00+00:00, run_after=2024-02-20T00:00:00+00:00
[2024-02-20T22:28:38.548+0000] {processor.py:176} INFO - Processing /opt/airflow/dags/elastic_dag.py took 0.400 seconds
[2024-02-20T22:29:09.256+0000] {processor.py:154} INFO - Started process (PID=115) to work on /opt/airflow/dags/elastic_dag.py
[2024-02-20T22:29:09.257+0000] {processor.py:756} INFO - Processing file /opt/airflow/dags/elastic_dag.py for tasks to queue
[2024-02-20T22:29:09.257+0000] {logging_mixin.py:120} INFO - [2024-02-20T22:29:09.257+0000] {dagbag.py:537} INFO - Filling up the DagBag from /opt/airflow/dags/elastic_dag.py
[2024-02-20T22:29:09.497+0000] {processor.py:766} INFO - DAG(s) dict_keys(['elastic_dag']) retrieved from /opt/airflow/dags/elastic_dag.py
[2024-02-20T22:29:09.613+0000] {logging_mixin.py:120} INFO - [2024-02-20T22:29:09.613+0000] {dag.py:2585} INFO - Sync 1 DAGs
[2024-02-20T22:29:09.638+0000] {logging_mixin.py:120} INFO - [2024-02-20T22:29:09.638+0000] {dag.py:3340} INFO - Setting next_dagrun for elastic_dag to 2024-02-19T00:00:00+00:00, run_after=2024-02-20T00:00:00+00:00
[2024-02-20T22:29:09.651+0000] {processor.py:176} INFO - Processing /opt/airflow/dags/elastic_dag.py took 0.399 seconds
[2024-02-20T22:29:40.431+0000] {processor.py:154} INFO - Started process (PID=152) to work on /opt/airflow/dags/elastic_dag.py
[2024-02-20T22:29:40.433+0000] {processor.py:756} INFO - Processing file /opt/airflow/dags/elastic_dag.py for tasks to queue
[2024-02-20T22:29:40.434+0000] {logging_mixin.py:120} INFO - [2024-02-20T22:29:40.434+0000] {dagbag.py:537} INFO - Filling up the DagBag from /opt/airflow/dags/elastic_dag.py
[2024-02-20T22:29:40.667+0000] {processor.py:766} INFO - DAG(s) dict_keys(['elastic_dag']) retrieved from /opt/airflow/dags/elastic_dag.py
[2024-02-20T22:29:40.695+0000] {logging_mixin.py:120} INFO - [2024-02-20T22:29:40.695+0000] {dag.py:2585} INFO - Sync 1 DAGs
[2024-02-20T22:29:40.726+0000] {logging_mixin.py:120} INFO - [2024-02-20T22:29:40.726+0000] {dag.py:3340} INFO - Setting next_dagrun for elastic_dag to 2024-02-19T00:00:00+00:00, run_after=2024-02-20T00:00:00+00:00
[2024-02-20T22:29:40.740+0000] {processor.py:176} INFO - Processing /opt/airflow/dags/elastic_dag.py took 0.315 seconds
[2024-02-20T22:30:11.448+0000] {processor.py:154} INFO - Started process (PID=189) to work on /opt/airflow/dags/elastic_dag.py
[2024-02-20T22:30:11.450+0000] {processor.py:756} INFO - Processing file /opt/airflow/dags/elastic_dag.py for tasks to queue
[2024-02-20T22:30:11.451+0000] {logging_mixin.py:120} INFO - [2024-02-20T22:30:11.451+0000] {dagbag.py:537} INFO - Filling up the DagBag from /opt/airflow/dags/elastic_dag.py
[2024-02-20T22:30:11.665+0000] {processor.py:766} INFO - DAG(s) dict_keys(['elastic_dag']) retrieved from /opt/airflow/dags/elastic_dag.py
[2024-02-20T22:30:11.723+0000] {logging_mixin.py:120} INFO - [2024-02-20T22:30:11.723+0000] {dag.py:2585} INFO - Sync 1 DAGs
[2024-02-20T22:30:11.744+0000] {logging_mixin.py:120} INFO - [2024-02-20T22:30:11.744+0000] {dag.py:3340} INFO - Setting next_dagrun for elastic_dag to 2024-02-19T00:00:00+00:00, run_after=2024-02-20T00:00:00+00:00
[2024-02-20T22:30:11.758+0000] {processor.py:176} INFO - Processing /opt/airflow/dags/elastic_dag.py took 0.320 seconds
[2024-02-20T22:30:42.413+0000] {processor.py:154} INFO - Started process (PID=225) to work on /opt/airflow/dags/elastic_dag.py
[2024-02-20T22:30:42.414+0000] {processor.py:756} INFO - Processing file /opt/airflow/dags/elastic_dag.py for tasks to queue
[2024-02-20T22:30:42.415+0000] {logging_mixin.py:120} INFO - [2024-02-20T22:30:42.415+0000] {dagbag.py:537} INFO - Filling up the DagBag from /opt/airflow/dags/elastic_dag.py
[2024-02-20T22:30:42.578+0000] {processor.py:766} INFO - DAG(s) dict_keys(['elastic_dag']) retrieved from /opt/airflow/dags/elastic_dag.py
[2024-02-20T22:30:42.603+0000] {logging_mixin.py:120} INFO - [2024-02-20T22:30:42.603+0000] {dag.py:2585} INFO - Sync 1 DAGs
[2024-02-20T22:30:42.629+0000] {logging_mixin.py:120} INFO - [2024-02-20T22:30:42.629+0000] {dag.py:3340} INFO - Setting next_dagrun for elastic_dag to 2024-02-19T00:00:00+00:00, run_after=2024-02-20T00:00:00+00:00
[2024-02-20T22:30:42.645+0000] {processor.py:176} INFO - Processing /opt/airflow/dags/elastic_dag.py took 0.238 seconds
[2024-02-20T22:31:13.329+0000] {processor.py:154} INFO - Started process (PID=262) to work on /opt/airflow/dags/elastic_dag.py
[2024-02-20T22:31:13.332+0000] {processor.py:756} INFO - Processing file /opt/airflow/dags/elastic_dag.py for tasks to queue
[2024-02-20T22:31:13.334+0000] {logging_mixin.py:120} INFO - [2024-02-20T22:31:13.333+0000] {dagbag.py:537} INFO - Filling up the DagBag from /opt/airflow/dags/elastic_dag.py
[2024-02-20T22:31:13.558+0000] {processor.py:766} INFO - DAG(s) dict_keys(['elastic_dag']) retrieved from /opt/airflow/dags/elastic_dag.py
[2024-02-20T22:31:13.585+0000] {logging_mixin.py:120} INFO - [2024-02-20T22:31:13.585+0000] {dag.py:2585} INFO - Sync 1 DAGs
[2024-02-20T22:31:13.614+0000] {logging_mixin.py:120} INFO - [2024-02-20T22:31:13.614+0000] {dag.py:3340} INFO - Setting next_dagrun for elastic_dag to 2024-02-19T00:00:00+00:00, run_after=2024-02-20T00:00:00+00:00
[2024-02-20T22:31:13.636+0000] {processor.py:176} INFO - Processing /opt/airflow/dags/elastic_dag.py took 0.323 seconds
[2024-02-20T22:31:44.500+0000] {processor.py:154} INFO - Started process (PID=299) to work on /opt/airflow/dags/elastic_dag.py
[2024-02-20T22:31:44.502+0000] {processor.py:756} INFO - Processing file /opt/airflow/dags/elastic_dag.py for tasks to queue
[2024-02-20T22:31:44.503+0000] {logging_mixin.py:120} INFO - [2024-02-20T22:31:44.502+0000] {dagbag.py:537} INFO - Filling up the DagBag from /opt/airflow/dags/elastic_dag.py
[2024-02-20T22:31:44.915+0000] {processor.py:766} INFO - DAG(s) dict_keys(['elastic_dag']) retrieved from /opt/airflow/dags/elastic_dag.py
[2024-02-20T22:31:45.034+0000] {logging_mixin.py:120} INFO - [2024-02-20T22:31:45.033+0000] {dag.py:2585} INFO - Sync 1 DAGs
[2024-02-20T22:31:45.345+0000] {logging_mixin.py:120} INFO - [2024-02-20T22:31:45.344+0000] {dag.py:3340} INFO - Setting next_dagrun for elastic_dag to 2024-02-19T00:00:00+00:00, run_after=2024-02-20T00:00:00+00:00
[2024-02-20T22:31:45.474+0000] {processor.py:176} INFO - Processing /opt/airflow/dags/elastic_dag.py took 0.980 seconds
[2024-02-20T22:32:16.307+0000] {processor.py:154} INFO - Started process (PID=327) to work on /opt/airflow/dags/elastic_dag.py
[2024-02-20T22:32:16.308+0000] {processor.py:756} INFO - Processing file /opt/airflow/dags/elastic_dag.py for tasks to queue
[2024-02-20T22:32:16.309+0000] {logging_mixin.py:120} INFO - [2024-02-20T22:32:16.309+0000] {dagbag.py:537} INFO - Filling up the DagBag from /opt/airflow/dags/elastic_dag.py
[2024-02-20T22:32:16.577+0000] {processor.py:766} INFO - DAG(s) dict_keys(['elastic_dag']) retrieved from /opt/airflow/dags/elastic_dag.py
[2024-02-20T22:32:16.610+0000] {logging_mixin.py:120} INFO - [2024-02-20T22:32:16.610+0000] {dag.py:2585} INFO - Sync 1 DAGs
[2024-02-20T22:32:16.629+0000] {logging_mixin.py:120} INFO - [2024-02-20T22:32:16.629+0000] {dag.py:3340} INFO - Setting next_dagrun for elastic_dag to 2024-02-19T00:00:00+00:00, run_after=2024-02-20T00:00:00+00:00
[2024-02-20T22:32:16.640+0000] {processor.py:176} INFO - Processing /opt/airflow/dags/elastic_dag.py took 0.340 seconds
[2024-02-20T22:32:47.438+0000] {processor.py:154} INFO - Started process (PID=364) to work on /opt/airflow/dags/elastic_dag.py
[2024-02-20T22:32:47.440+0000] {processor.py:756} INFO - Processing file /opt/airflow/dags/elastic_dag.py for tasks to queue
[2024-02-20T22:32:47.444+0000] {logging_mixin.py:120} INFO - [2024-02-20T22:32:47.444+0000] {dagbag.py:537} INFO - Filling up the DagBag from /opt/airflow/dags/elastic_dag.py
[2024-02-20T22:32:47.715+0000] {processor.py:766} INFO - DAG(s) dict_keys(['elastic_dag']) retrieved from /opt/airflow/dags/elastic_dag.py
[2024-02-20T22:32:47.746+0000] {logging_mixin.py:120} INFO - [2024-02-20T22:32:47.746+0000] {dag.py:2585} INFO - Sync 1 DAGs
[2024-02-20T22:32:47.768+0000] {logging_mixin.py:120} INFO - [2024-02-20T22:32:47.768+0000] {dag.py:3340} INFO - Setting next_dagrun for elastic_dag to 2024-02-19T00:00:00+00:00, run_after=2024-02-20T00:00:00+00:00
[2024-02-20T22:32:47.794+0000] {processor.py:176} INFO - Processing /opt/airflow/dags/elastic_dag.py took 0.363 seconds
[2024-02-20T22:33:18.529+0000] {processor.py:154} INFO - Started process (PID=401) to work on /opt/airflow/dags/elastic_dag.py
[2024-02-20T22:33:18.532+0000] {processor.py:756} INFO - Processing file /opt/airflow/dags/elastic_dag.py for tasks to queue
[2024-02-20T22:33:18.538+0000] {logging_mixin.py:120} INFO - [2024-02-20T22:33:18.537+0000] {dagbag.py:537} INFO - Filling up the DagBag from /opt/airflow/dags/elastic_dag.py
[2024-02-20T22:33:18.782+0000] {processor.py:766} INFO - DAG(s) dict_keys(['elastic_dag']) retrieved from /opt/airflow/dags/elastic_dag.py
[2024-02-20T22:33:18.810+0000] {logging_mixin.py:120} INFO - [2024-02-20T22:33:18.810+0000] {dag.py:2585} INFO - Sync 1 DAGs
[2024-02-20T22:33:18.828+0000] {logging_mixin.py:120} INFO - [2024-02-20T22:33:18.828+0000] {dag.py:3340} INFO - Setting next_dagrun for elastic_dag to 2024-02-19T00:00:00+00:00, run_after=2024-02-20T00:00:00+00:00
[2024-02-20T22:33:18.839+0000] {processor.py:176} INFO - Processing /opt/airflow/dags/elastic_dag.py took 0.318 seconds
[2024-02-20T22:33:49.733+0000] {processor.py:154} INFO - Started process (PID=438) to work on /opt/airflow/dags/elastic_dag.py
[2024-02-20T22:33:49.736+0000] {processor.py:756} INFO - Processing file /opt/airflow/dags/elastic_dag.py for tasks to queue
[2024-02-20T22:33:49.738+0000] {logging_mixin.py:120} INFO - [2024-02-20T22:33:49.738+0000] {dagbag.py:537} INFO - Filling up the DagBag from /opt/airflow/dags/elastic_dag.py
[2024-02-20T22:33:50.372+0000] {processor.py:766} INFO - DAG(s) dict_keys(['elastic_dag']) retrieved from /opt/airflow/dags/elastic_dag.py
[2024-02-20T22:33:50.435+0000] {logging_mixin.py:120} INFO - [2024-02-20T22:33:50.435+0000] {dag.py:2585} INFO - Sync 1 DAGs
[2024-02-20T22:33:50.469+0000] {logging_mixin.py:120} INFO - [2024-02-20T22:33:50.469+0000] {dag.py:3340} INFO - Setting next_dagrun for elastic_dag to 2024-02-19T00:00:00+00:00, run_after=2024-02-20T00:00:00+00:00
[2024-02-20T22:33:50.483+0000] {processor.py:176} INFO - Processing /opt/airflow/dags/elastic_dag.py took 0.765 seconds
[2024-02-20T22:34:21.253+0000] {processor.py:154} INFO - Started process (PID=475) to work on /opt/airflow/dags/elastic_dag.py
[2024-02-20T22:34:21.255+0000] {processor.py:756} INFO - Processing file /opt/airflow/dags/elastic_dag.py for tasks to queue
[2024-02-20T22:34:21.256+0000] {logging_mixin.py:120} INFO - [2024-02-20T22:34:21.256+0000] {dagbag.py:537} INFO - Filling up the DagBag from /opt/airflow/dags/elastic_dag.py
[2024-02-20T22:34:21.476+0000] {processor.py:766} INFO - DAG(s) dict_keys(['elastic_dag']) retrieved from /opt/airflow/dags/elastic_dag.py
[2024-02-20T22:34:21.511+0000] {logging_mixin.py:120} INFO - [2024-02-20T22:34:21.511+0000] {dag.py:2585} INFO - Sync 1 DAGs
[2024-02-20T22:34:21.529+0000] {logging_mixin.py:120} INFO - [2024-02-20T22:34:21.529+0000] {dag.py:3340} INFO - Setting next_dagrun for elastic_dag to 2024-02-19T00:00:00+00:00, run_after=2024-02-20T00:00:00+00:00
[2024-02-20T22:34:21.540+0000] {processor.py:176} INFO - Processing /opt/airflow/dags/elastic_dag.py took 0.296 seconds
[2024-02-20T22:34:52.292+0000] {processor.py:154} INFO - Started process (PID=512) to work on /opt/airflow/dags/elastic_dag.py
[2024-02-20T22:34:52.293+0000] {processor.py:756} INFO - Processing file /opt/airflow/dags/elastic_dag.py for tasks to queue
[2024-02-20T22:34:52.294+0000] {logging_mixin.py:120} INFO - [2024-02-20T22:34:52.293+0000] {dagbag.py:537} INFO - Filling up the DagBag from /opt/airflow/dags/elastic_dag.py
[2024-02-20T22:34:52.665+0000] {processor.py:766} INFO - DAG(s) dict_keys(['elastic_dag']) retrieved from /opt/airflow/dags/elastic_dag.py
[2024-02-20T22:34:52.729+0000] {logging_mixin.py:120} INFO - [2024-02-20T22:34:52.729+0000] {dag.py:2585} INFO - Sync 1 DAGs
[2024-02-20T22:34:52.792+0000] {logging_mixin.py:120} INFO - [2024-02-20T22:34:52.792+0000] {dag.py:3340} INFO - Setting next_dagrun for elastic_dag to 2024-02-19T00:00:00+00:00, run_after=2024-02-20T00:00:00+00:00
[2024-02-20T22:34:52.814+0000] {processor.py:176} INFO - Processing /opt/airflow/dags/elastic_dag.py took 0.528 seconds
[2024-02-20T22:35:23.128+0000] {processor.py:154} INFO - Started process (PID=539) to work on /opt/airflow/dags/elastic_dag.py
[2024-02-20T22:35:23.130+0000] {processor.py:756} INFO - Processing file /opt/airflow/dags/elastic_dag.py for tasks to queue
[2024-02-20T22:35:23.132+0000] {logging_mixin.py:120} INFO - [2024-02-20T22:35:23.132+0000] {dagbag.py:537} INFO - Filling up the DagBag from /opt/airflow/dags/elastic_dag.py
[2024-02-20T22:35:23.355+0000] {processor.py:766} INFO - DAG(s) dict_keys(['elastic_dag']) retrieved from /opt/airflow/dags/elastic_dag.py
[2024-02-20T22:35:23.376+0000] {logging_mixin.py:120} INFO - [2024-02-20T22:35:23.376+0000] {dag.py:2585} INFO - Sync 1 DAGs
[2024-02-20T22:35:23.389+0000] {logging_mixin.py:120} INFO - [2024-02-20T22:35:23.389+0000] {dag.py:3340} INFO - Setting next_dagrun for elastic_dag to 2024-02-19T00:00:00+00:00, run_after=2024-02-20T00:00:00+00:00
[2024-02-20T22:35:23.397+0000] {processor.py:176} INFO - Processing /opt/airflow/dags/elastic_dag.py took 0.277 seconds
[2024-02-20T22:35:54.044+0000] {processor.py:154} INFO - Started process (PID=576) to work on /opt/airflow/dags/elastic_dag.py
[2024-02-20T22:35:54.047+0000] {processor.py:756} INFO - Processing file /opt/airflow/dags/elastic_dag.py for tasks to queue
[2024-02-20T22:35:54.049+0000] {logging_mixin.py:120} INFO - [2024-02-20T22:35:54.049+0000] {dagbag.py:537} INFO - Filling up the DagBag from /opt/airflow/dags/elastic_dag.py
[2024-02-20T22:35:54.284+0000] {processor.py:766} INFO - DAG(s) dict_keys(['elastic_dag']) retrieved from /opt/airflow/dags/elastic_dag.py
[2024-02-20T22:35:54.306+0000] {logging_mixin.py:120} INFO - [2024-02-20T22:35:54.306+0000] {dag.py:2585} INFO - Sync 1 DAGs
[2024-02-20T22:35:54.323+0000] {logging_mixin.py:120} INFO - [2024-02-20T22:35:54.323+0000] {dag.py:3340} INFO - Setting next_dagrun for elastic_dag to 2024-02-19T00:00:00+00:00, run_after=2024-02-20T00:00:00+00:00
[2024-02-20T22:35:54.336+0000] {processor.py:176} INFO - Processing /opt/airflow/dags/elastic_dag.py took 0.303 seconds
[2024-02-20T22:36:25.096+0000] {processor.py:154} INFO - Started process (PID=613) to work on /opt/airflow/dags/elastic_dag.py
[2024-02-20T22:36:25.104+0000] {processor.py:756} INFO - Processing file /opt/airflow/dags/elastic_dag.py for tasks to queue
[2024-02-20T22:36:25.105+0000] {logging_mixin.py:120} INFO - [2024-02-20T22:36:25.105+0000] {dagbag.py:537} INFO - Filling up the DagBag from /opt/airflow/dags/elastic_dag.py
[2024-02-20T22:36:25.346+0000] {processor.py:766} INFO - DAG(s) dict_keys(['elastic_dag']) retrieved from /opt/airflow/dags/elastic_dag.py
[2024-02-20T22:36:25.366+0000] {logging_mixin.py:120} INFO - [2024-02-20T22:36:25.366+0000] {dag.py:2585} INFO - Sync 1 DAGs
[2024-02-20T22:36:25.379+0000] {logging_mixin.py:120} INFO - [2024-02-20T22:36:25.379+0000] {dag.py:3340} INFO - Setting next_dagrun for elastic_dag to 2024-02-19T00:00:00+00:00, run_after=2024-02-20T00:00:00+00:00
[2024-02-20T22:36:25.387+0000] {processor.py:176} INFO - Processing /opt/airflow/dags/elastic_dag.py took 0.309 seconds
[2024-02-20T22:36:56.085+0000] {processor.py:154} INFO - Started process (PID=650) to work on /opt/airflow/dags/elastic_dag.py
[2024-02-20T22:36:56.086+0000] {processor.py:756} INFO - Processing file /opt/airflow/dags/elastic_dag.py for tasks to queue
[2024-02-20T22:36:56.087+0000] {logging_mixin.py:120} INFO - [2024-02-20T22:36:56.087+0000] {dagbag.py:537} INFO - Filling up the DagBag from /opt/airflow/dags/elastic_dag.py
[2024-02-20T22:36:56.297+0000] {processor.py:766} INFO - DAG(s) dict_keys(['elastic_dag']) retrieved from /opt/airflow/dags/elastic_dag.py
[2024-02-20T22:36:56.325+0000] {logging_mixin.py:120} INFO - [2024-02-20T22:36:56.325+0000] {dag.py:2585} INFO - Sync 1 DAGs
[2024-02-20T22:36:56.341+0000] {logging_mixin.py:120} INFO - [2024-02-20T22:36:56.341+0000] {dag.py:3340} INFO - Setting next_dagrun for elastic_dag to 2024-02-19T00:00:00+00:00, run_after=2024-02-20T00:00:00+00:00
[2024-02-20T22:36:56.350+0000] {processor.py:176} INFO - Processing /opt/airflow/dags/elastic_dag.py took 0.272 seconds
[2024-02-20T22:37:27.044+0000] {processor.py:154} INFO - Started process (PID=687) to work on /opt/airflow/dags/elastic_dag.py
[2024-02-20T22:37:27.048+0000] {processor.py:756} INFO - Processing file /opt/airflow/dags/elastic_dag.py for tasks to queue
[2024-02-20T22:37:27.051+0000] {logging_mixin.py:120} INFO - [2024-02-20T22:37:27.051+0000] {dagbag.py:537} INFO - Filling up the DagBag from /opt/airflow/dags/elastic_dag.py
[2024-02-20T22:37:27.404+0000] {processor.py:766} INFO - DAG(s) dict_keys(['elastic_dag']) retrieved from /opt/airflow/dags/elastic_dag.py
[2024-02-20T22:37:27.426+0000] {logging_mixin.py:120} INFO - [2024-02-20T22:37:27.426+0000] {dag.py:2585} INFO - Sync 1 DAGs
[2024-02-20T22:37:27.439+0000] {logging_mixin.py:120} INFO - [2024-02-20T22:37:27.439+0000] {dag.py:3340} INFO - Setting next_dagrun for elastic_dag to 2024-02-19T00:00:00+00:00, run_after=2024-02-20T00:00:00+00:00
[2024-02-20T22:37:27.448+0000] {processor.py:176} INFO - Processing /opt/airflow/dags/elastic_dag.py took 0.412 seconds
[2024-02-20T22:37:58.162+0000] {processor.py:154} INFO - Started process (PID=716) to work on /opt/airflow/dags/elastic_dag.py
[2024-02-20T22:37:58.163+0000] {processor.py:756} INFO - Processing file /opt/airflow/dags/elastic_dag.py for tasks to queue
[2024-02-20T22:37:58.164+0000] {logging_mixin.py:120} INFO - [2024-02-20T22:37:58.164+0000] {dagbag.py:537} INFO - Filling up the DagBag from /opt/airflow/dags/elastic_dag.py
[2024-02-20T22:37:58.404+0000] {processor.py:766} INFO - DAG(s) dict_keys(['elastic_dag']) retrieved from /opt/airflow/dags/elastic_dag.py
[2024-02-20T22:37:58.431+0000] {logging_mixin.py:120} INFO - [2024-02-20T22:37:58.431+0000] {dag.py:2585} INFO - Sync 1 DAGs
[2024-02-20T22:37:58.449+0000] {logging_mixin.py:120} INFO - [2024-02-20T22:37:58.449+0000] {dag.py:3340} INFO - Setting next_dagrun for elastic_dag to 2024-02-19T00:00:00+00:00, run_after=2024-02-20T00:00:00+00:00
[2024-02-20T22:37:58.461+0000] {processor.py:176} INFO - Processing /opt/airflow/dags/elastic_dag.py took 0.302 seconds
[2024-02-20T22:38:29.388+0000] {processor.py:154} INFO - Started process (PID=753) to work on /opt/airflow/dags/elastic_dag.py
[2024-02-20T22:38:29.389+0000] {processor.py:756} INFO - Processing file /opt/airflow/dags/elastic_dag.py for tasks to queue
[2024-02-20T22:38:29.389+0000] {logging_mixin.py:120} INFO - [2024-02-20T22:38:29.389+0000] {dagbag.py:537} INFO - Filling up the DagBag from /opt/airflow/dags/elastic_dag.py
[2024-02-20T22:38:29.608+0000] {processor.py:766} INFO - DAG(s) dict_keys(['elastic_dag']) retrieved from /opt/airflow/dags/elastic_dag.py
[2024-02-20T22:38:29.646+0000] {logging_mixin.py:120} INFO - [2024-02-20T22:38:29.646+0000] {dag.py:2585} INFO - Sync 1 DAGs
[2024-02-20T22:38:29.664+0000] {logging_mixin.py:120} INFO - [2024-02-20T22:38:29.664+0000] {dag.py:3340} INFO - Setting next_dagrun for elastic_dag to 2024-02-19T00:00:00+00:00, run_after=2024-02-20T00:00:00+00:00
[2024-02-20T22:38:29.675+0000] {processor.py:176} INFO - Processing /opt/airflow/dags/elastic_dag.py took 0.292 seconds
[2024-02-20T22:39:00.432+0000] {processor.py:154} INFO - Started process (PID=790) to work on /opt/airflow/dags/elastic_dag.py
[2024-02-20T22:39:00.434+0000] {processor.py:756} INFO - Processing file /opt/airflow/dags/elastic_dag.py for tasks to queue
[2024-02-20T22:39:00.435+0000] {logging_mixin.py:120} INFO - [2024-02-20T22:39:00.435+0000] {dagbag.py:537} INFO - Filling up the DagBag from /opt/airflow/dags/elastic_dag.py
[2024-02-20T22:39:00.664+0000] {processor.py:766} INFO - DAG(s) dict_keys(['elastic_dag']) retrieved from /opt/airflow/dags/elastic_dag.py
[2024-02-20T22:39:00.706+0000] {logging_mixin.py:120} INFO - [2024-02-20T22:39:00.706+0000] {dag.py:2585} INFO - Sync 1 DAGs
[2024-02-20T22:39:00.728+0000] {logging_mixin.py:120} INFO - [2024-02-20T22:39:00.728+0000] {dag.py:3340} INFO - Setting next_dagrun for elastic_dag to 2024-02-19T00:00:00+00:00, run_after=2024-02-20T00:00:00+00:00
[2024-02-20T22:39:00.739+0000] {processor.py:176} INFO - Processing /opt/airflow/dags/elastic_dag.py took 0.313 seconds
[2024-02-20T22:39:31.462+0000] {processor.py:154} INFO - Started process (PID=827) to work on /opt/airflow/dags/elastic_dag.py
[2024-02-20T22:39:31.463+0000] {processor.py:756} INFO - Processing file /opt/airflow/dags/elastic_dag.py for tasks to queue
[2024-02-20T22:39:31.464+0000] {logging_mixin.py:120} INFO - [2024-02-20T22:39:31.464+0000] {dagbag.py:537} INFO - Filling up the DagBag from /opt/airflow/dags/elastic_dag.py
[2024-02-20T22:39:31.727+0000] {processor.py:766} INFO - DAG(s) dict_keys(['elastic_dag']) retrieved from /opt/airflow/dags/elastic_dag.py
[2024-02-20T22:39:31.753+0000] {logging_mixin.py:120} INFO - [2024-02-20T22:39:31.753+0000] {dag.py:2585} INFO - Sync 1 DAGs
[2024-02-20T22:39:31.771+0000] {logging_mixin.py:120} INFO - [2024-02-20T22:39:31.771+0000] {dag.py:3340} INFO - Setting next_dagrun for elastic_dag to 2024-02-19T00:00:00+00:00, run_after=2024-02-20T00:00:00+00:00
[2024-02-20T22:39:31.782+0000] {processor.py:176} INFO - Processing /opt/airflow/dags/elastic_dag.py took 0.326 seconds
[2024-02-20T22:40:02.488+0000] {processor.py:154} INFO - Started process (PID=864) to work on /opt/airflow/dags/elastic_dag.py
[2024-02-20T22:40:02.490+0000] {processor.py:756} INFO - Processing file /opt/airflow/dags/elastic_dag.py for tasks to queue
[2024-02-20T22:40:02.492+0000] {logging_mixin.py:120} INFO - [2024-02-20T22:40:02.492+0000] {dagbag.py:537} INFO - Filling up the DagBag from /opt/airflow/dags/elastic_dag.py
[2024-02-20T22:40:02.701+0000] {processor.py:766} INFO - DAG(s) dict_keys(['elastic_dag']) retrieved from /opt/airflow/dags/elastic_dag.py
[2024-02-20T22:40:02.725+0000] {logging_mixin.py:120} INFO - [2024-02-20T22:40:02.725+0000] {dag.py:2585} INFO - Sync 1 DAGs
[2024-02-20T22:40:02.741+0000] {logging_mixin.py:120} INFO - [2024-02-20T22:40:02.741+0000] {dag.py:3340} INFO - Setting next_dagrun for elastic_dag to 2024-02-19T00:00:00+00:00, run_after=2024-02-20T00:00:00+00:00
[2024-02-20T22:40:02.752+0000] {processor.py:176} INFO - Processing /opt/airflow/dags/elastic_dag.py took 0.269 seconds
[2024-02-20T22:40:33.401+0000] {processor.py:154} INFO - Started process (PID=901) to work on /opt/airflow/dags/elastic_dag.py
[2024-02-20T22:40:33.403+0000] {processor.py:756} INFO - Processing file /opt/airflow/dags/elastic_dag.py for tasks to queue
[2024-02-20T22:40:33.404+0000] {logging_mixin.py:120} INFO - [2024-02-20T22:40:33.404+0000] {dagbag.py:537} INFO - Filling up the DagBag from /opt/airflow/dags/elastic_dag.py
[2024-02-20T22:40:33.626+0000] {processor.py:766} INFO - DAG(s) dict_keys(['elastic_dag']) retrieved from /opt/airflow/dags/elastic_dag.py
[2024-02-20T22:40:33.652+0000] {logging_mixin.py:120} INFO - [2024-02-20T22:40:33.652+0000] {dag.py:2585} INFO - Sync 1 DAGs
[2024-02-20T22:40:33.669+0000] {logging_mixin.py:120} INFO - [2024-02-20T22:40:33.669+0000] {dag.py:3340} INFO - Setting next_dagrun for elastic_dag to 2024-02-19T00:00:00+00:00, run_after=2024-02-20T00:00:00+00:00
[2024-02-20T22:40:33.679+0000] {processor.py:176} INFO - Processing /opt/airflow/dags/elastic_dag.py took 0.281 seconds
[2024-02-20T22:41:04.319+0000] {processor.py:154} INFO - Started process (PID=929) to work on /opt/airflow/dags/elastic_dag.py
[2024-02-20T22:41:04.330+0000] {processor.py:756} INFO - Processing file /opt/airflow/dags/elastic_dag.py for tasks to queue
[2024-02-20T22:41:04.332+0000] {logging_mixin.py:120} INFO - [2024-02-20T22:41:04.332+0000] {dagbag.py:537} INFO - Filling up the DagBag from /opt/airflow/dags/elastic_dag.py
[2024-02-20T22:41:04.581+0000] {processor.py:766} INFO - DAG(s) dict_keys(['elastic_dag']) retrieved from /opt/airflow/dags/elastic_dag.py
[2024-02-20T22:41:04.624+0000] {logging_mixin.py:120} INFO - [2024-02-20T22:41:04.623+0000] {dag.py:2585} INFO - Sync 1 DAGs
[2024-02-20T22:41:04.674+0000] {logging_mixin.py:120} INFO - [2024-02-20T22:41:04.674+0000] {dag.py:3340} INFO - Setting next_dagrun for elastic_dag to 2024-02-19T00:00:00+00:00, run_after=2024-02-20T00:00:00+00:00
[2024-02-20T22:41:04.701+0000] {processor.py:176} INFO - Processing /opt/airflow/dags/elastic_dag.py took 0.393 seconds
[2024-02-20T22:41:34.853+0000] {processor.py:154} INFO - Started process (PID=965) to work on /opt/airflow/dags/elastic_dag.py
[2024-02-20T22:41:34.855+0000] {processor.py:756} INFO - Processing file /opt/airflow/dags/elastic_dag.py for tasks to queue
[2024-02-20T22:41:34.856+0000] {logging_mixin.py:120} INFO - [2024-02-20T22:41:34.856+0000] {dagbag.py:537} INFO - Filling up the DagBag from /opt/airflow/dags/elastic_dag.py
[2024-02-20T22:41:35.139+0000] {processor.py:766} INFO - DAG(s) dict_keys(['elastic_dag']) retrieved from /opt/airflow/dags/elastic_dag.py
[2024-02-20T22:41:35.177+0000] {logging_mixin.py:120} INFO - [2024-02-20T22:41:35.177+0000] {dag.py:2585} INFO - Sync 1 DAGs
[2024-02-20T22:41:35.203+0000] {logging_mixin.py:120} INFO - [2024-02-20T22:41:35.203+0000] {dag.py:3340} INFO - Setting next_dagrun for elastic_dag to 2024-02-19T00:00:00+00:00, run_after=2024-02-20T00:00:00+00:00
[2024-02-20T22:41:35.216+0000] {processor.py:176} INFO - Processing /opt/airflow/dags/elastic_dag.py took 0.370 seconds
[2024-02-20T22:42:06.154+0000] {processor.py:154} INFO - Started process (PID=1002) to work on /opt/airflow/dags/elastic_dag.py
[2024-02-20T22:42:06.155+0000] {processor.py:756} INFO - Processing file /opt/airflow/dags/elastic_dag.py for tasks to queue
[2024-02-20T22:42:06.156+0000] {logging_mixin.py:120} INFO - [2024-02-20T22:42:06.156+0000] {dagbag.py:537} INFO - Filling up the DagBag from /opt/airflow/dags/elastic_dag.py
[2024-02-20T22:42:06.373+0000] {processor.py:766} INFO - DAG(s) dict_keys(['elastic_dag']) retrieved from /opt/airflow/dags/elastic_dag.py
[2024-02-20T22:42:06.406+0000] {logging_mixin.py:120} INFO - [2024-02-20T22:42:06.405+0000] {dag.py:2585} INFO - Sync 1 DAGs
[2024-02-20T22:42:06.427+0000] {logging_mixin.py:120} INFO - [2024-02-20T22:42:06.427+0000] {dag.py:3340} INFO - Setting next_dagrun for elastic_dag to 2024-02-19T00:00:00+00:00, run_after=2024-02-20T00:00:00+00:00
[2024-02-20T22:42:06.439+0000] {processor.py:176} INFO - Processing /opt/airflow/dags/elastic_dag.py took 0.290 seconds
[2024-02-20T22:42:37.105+0000] {processor.py:154} INFO - Started process (PID=1038) to work on /opt/airflow/dags/elastic_dag.py
[2024-02-20T22:42:37.107+0000] {processor.py:756} INFO - Processing file /opt/airflow/dags/elastic_dag.py for tasks to queue
[2024-02-20T22:42:37.108+0000] {logging_mixin.py:120} INFO - [2024-02-20T22:42:37.108+0000] {dagbag.py:537} INFO - Filling up the DagBag from /opt/airflow/dags/elastic_dag.py
[2024-02-20T22:42:37.313+0000] {processor.py:766} INFO - DAG(s) dict_keys(['elastic_dag']) retrieved from /opt/airflow/dags/elastic_dag.py
[2024-02-20T22:42:37.336+0000] {logging_mixin.py:120} INFO - [2024-02-20T22:42:37.336+0000] {dag.py:2585} INFO - Sync 1 DAGs
[2024-02-20T22:42:37.353+0000] {logging_mixin.py:120} INFO - [2024-02-20T22:42:37.353+0000] {dag.py:3340} INFO - Setting next_dagrun for elastic_dag to 2024-02-19T00:00:00+00:00, run_after=2024-02-20T00:00:00+00:00
[2024-02-20T22:42:37.366+0000] {processor.py:176} INFO - Processing /opt/airflow/dags/elastic_dag.py took 0.266 seconds
[2024-02-20T22:43:08.068+0000] {processor.py:154} INFO - Started process (PID=1075) to work on /opt/airflow/dags/elastic_dag.py
[2024-02-20T22:43:08.069+0000] {processor.py:756} INFO - Processing file /opt/airflow/dags/elastic_dag.py for tasks to queue
[2024-02-20T22:43:08.070+0000] {logging_mixin.py:120} INFO - [2024-02-20T22:43:08.070+0000] {dagbag.py:537} INFO - Filling up the DagBag from /opt/airflow/dags/elastic_dag.py
[2024-02-20T22:43:08.276+0000] {processor.py:766} INFO - DAG(s) dict_keys(['elastic_dag']) retrieved from /opt/airflow/dags/elastic_dag.py
[2024-02-20T22:43:08.338+0000] {logging_mixin.py:120} INFO - [2024-02-20T22:43:08.338+0000] {dag.py:2585} INFO - Sync 1 DAGs
[2024-02-20T22:43:08.363+0000] {logging_mixin.py:120} INFO - [2024-02-20T22:43:08.363+0000] {dag.py:3340} INFO - Setting next_dagrun for elastic_dag to 2024-02-19T00:00:00+00:00, run_after=2024-02-20T00:00:00+00:00
[2024-02-20T22:43:08.379+0000] {processor.py:176} INFO - Processing /opt/airflow/dags/elastic_dag.py took 0.313 seconds
[2024-02-20T22:43:39.190+0000] {processor.py:154} INFO - Started process (PID=1112) to work on /opt/airflow/dags/elastic_dag.py
[2024-02-20T22:43:39.191+0000] {processor.py:756} INFO - Processing file /opt/airflow/dags/elastic_dag.py for tasks to queue
[2024-02-20T22:43:39.192+0000] {logging_mixin.py:120} INFO - [2024-02-20T22:43:39.192+0000] {dagbag.py:537} INFO - Filling up the DagBag from /opt/airflow/dags/elastic_dag.py
[2024-02-20T22:43:39.450+0000] {processor.py:766} INFO - DAG(s) dict_keys(['elastic_dag']) retrieved from /opt/airflow/dags/elastic_dag.py
[2024-02-20T22:43:39.516+0000] {logging_mixin.py:120} INFO - [2024-02-20T22:43:39.515+0000] {dag.py:2585} INFO - Sync 1 DAGs
[2024-02-20T22:43:39.594+0000] {logging_mixin.py:120} INFO - [2024-02-20T22:43:39.594+0000] {dag.py:3340} INFO - Setting next_dagrun for elastic_dag to 2024-02-19T00:00:00+00:00, run_after=2024-02-20T00:00:00+00:00
[2024-02-20T22:43:39.676+0000] {processor.py:176} INFO - Processing /opt/airflow/dags/elastic_dag.py took 0.489 seconds
[2024-02-20T22:44:10.548+0000] {processor.py:154} INFO - Started process (PID=1140) to work on /opt/airflow/dags/elastic_dag.py
[2024-02-20T22:44:10.551+0000] {processor.py:756} INFO - Processing file /opt/airflow/dags/elastic_dag.py for tasks to queue
[2024-02-20T22:44:10.552+0000] {logging_mixin.py:120} INFO - [2024-02-20T22:44:10.552+0000] {dagbag.py:537} INFO - Filling up the DagBag from /opt/airflow/dags/elastic_dag.py
[2024-02-20T22:44:10.818+0000] {processor.py:766} INFO - DAG(s) dict_keys(['elastic_dag']) retrieved from /opt/airflow/dags/elastic_dag.py
[2024-02-20T22:44:10.847+0000] {logging_mixin.py:120} INFO - [2024-02-20T22:44:10.847+0000] {dag.py:2585} INFO - Sync 1 DAGs
[2024-02-20T22:44:10.867+0000] {logging_mixin.py:120} INFO - [2024-02-20T22:44:10.866+0000] {dag.py:3340} INFO - Setting next_dagrun for elastic_dag to 2024-02-19T00:00:00+00:00, run_after=2024-02-20T00:00:00+00:00
[2024-02-20T22:44:10.877+0000] {processor.py:176} INFO - Processing /opt/airflow/dags/elastic_dag.py took 0.338 seconds
[2024-02-20T22:44:41.794+0000] {processor.py:154} INFO - Started process (PID=1177) to work on /opt/airflow/dags/elastic_dag.py
[2024-02-20T22:44:41.798+0000] {processor.py:756} INFO - Processing file /opt/airflow/dags/elastic_dag.py for tasks to queue
[2024-02-20T22:44:41.799+0000] {logging_mixin.py:120} INFO - [2024-02-20T22:44:41.799+0000] {dagbag.py:537} INFO - Filling up the DagBag from /opt/airflow/dags/elastic_dag.py
[2024-02-20T22:44:42.033+0000] {processor.py:766} INFO - DAG(s) dict_keys(['elastic_dag']) retrieved from /opt/airflow/dags/elastic_dag.py
[2024-02-20T22:44:42.070+0000] {logging_mixin.py:120} INFO - [2024-02-20T22:44:42.069+0000] {dag.py:2585} INFO - Sync 1 DAGs
[2024-02-20T22:44:42.090+0000] {logging_mixin.py:120} INFO - [2024-02-20T22:44:42.090+0000] {dag.py:3340} INFO - Setting next_dagrun for elastic_dag to 2024-02-19T00:00:00+00:00, run_after=2024-02-20T00:00:00+00:00
[2024-02-20T22:44:42.102+0000] {processor.py:176} INFO - Processing /opt/airflow/dags/elastic_dag.py took 0.315 seconds
[2024-02-20T22:45:12.772+0000] {processor.py:154} INFO - Started process (PID=1214) to work on /opt/airflow/dags/elastic_dag.py
[2024-02-20T22:45:12.777+0000] {processor.py:756} INFO - Processing file /opt/airflow/dags/elastic_dag.py for tasks to queue
[2024-02-20T22:45:12.781+0000] {logging_mixin.py:120} INFO - [2024-02-20T22:45:12.780+0000] {dagbag.py:537} INFO - Filling up the DagBag from /opt/airflow/dags/elastic_dag.py
[2024-02-20T22:45:13.027+0000] {processor.py:766} INFO - DAG(s) dict_keys(['elastic_dag']) retrieved from /opt/airflow/dags/elastic_dag.py
[2024-02-20T22:45:13.062+0000] {logging_mixin.py:120} INFO - [2024-02-20T22:45:13.062+0000] {dag.py:2585} INFO - Sync 1 DAGs
[2024-02-20T22:45:13.082+0000] {logging_mixin.py:120} INFO - [2024-02-20T22:45:13.082+0000] {dag.py:3340} INFO - Setting next_dagrun for elastic_dag to 2024-02-19T00:00:00+00:00, run_after=2024-02-20T00:00:00+00:00
[2024-02-20T22:45:13.093+0000] {processor.py:176} INFO - Processing /opt/airflow/dags/elastic_dag.py took 0.326 seconds
[2024-02-20T22:45:43.677+0000] {processor.py:154} INFO - Started process (PID=1251) to work on /opt/airflow/dags/elastic_dag.py
[2024-02-20T22:45:43.678+0000] {processor.py:756} INFO - Processing file /opt/airflow/dags/elastic_dag.py for tasks to queue
[2024-02-20T22:45:43.679+0000] {logging_mixin.py:120} INFO - [2024-02-20T22:45:43.679+0000] {dagbag.py:537} INFO - Filling up the DagBag from /opt/airflow/dags/elastic_dag.py
[2024-02-20T22:45:43.900+0000] {processor.py:766} INFO - DAG(s) dict_keys(['elastic_dag']) retrieved from /opt/airflow/dags/elastic_dag.py
[2024-02-20T22:45:43.946+0000] {logging_mixin.py:120} INFO - [2024-02-20T22:45:43.945+0000] {dag.py:2585} INFO - Sync 1 DAGs
[2024-02-20T22:45:43.964+0000] {logging_mixin.py:120} INFO - [2024-02-20T22:45:43.964+0000] {dag.py:3340} INFO - Setting next_dagrun for elastic_dag to 2024-02-19T00:00:00+00:00, run_after=2024-02-20T00:00:00+00:00
[2024-02-20T22:45:43.976+0000] {processor.py:176} INFO - Processing /opt/airflow/dags/elastic_dag.py took 0.303 seconds
[2024-02-20T22:46:14.732+0000] {processor.py:154} INFO - Started process (PID=1288) to work on /opt/airflow/dags/elastic_dag.py
[2024-02-20T22:46:14.733+0000] {processor.py:756} INFO - Processing file /opt/airflow/dags/elastic_dag.py for tasks to queue
[2024-02-20T22:46:14.735+0000] {logging_mixin.py:120} INFO - [2024-02-20T22:46:14.734+0000] {dagbag.py:537} INFO - Filling up the DagBag from /opt/airflow/dags/elastic_dag.py
[2024-02-20T22:46:14.970+0000] {processor.py:766} INFO - DAG(s) dict_keys(['elastic_dag']) retrieved from /opt/airflow/dags/elastic_dag.py
[2024-02-20T22:46:14.998+0000] {logging_mixin.py:120} INFO - [2024-02-20T22:46:14.998+0000] {dag.py:2585} INFO - Sync 1 DAGs
[2024-02-20T22:46:15.015+0000] {logging_mixin.py:120} INFO - [2024-02-20T22:46:15.015+0000] {dag.py:3340} INFO - Setting next_dagrun for elastic_dag to 2024-02-19T00:00:00+00:00, run_after=2024-02-20T00:00:00+00:00
[2024-02-20T22:46:15.025+0000] {processor.py:176} INFO - Processing /opt/airflow/dags/elastic_dag.py took 0.299 seconds
[2024-02-20T22:46:45.659+0000] {processor.py:154} INFO - Started process (PID=1324) to work on /opt/airflow/dags/elastic_dag.py
[2024-02-20T22:46:45.660+0000] {processor.py:756} INFO - Processing file /opt/airflow/dags/elastic_dag.py for tasks to queue
[2024-02-20T22:46:45.661+0000] {logging_mixin.py:120} INFO - [2024-02-20T22:46:45.661+0000] {dagbag.py:537} INFO - Filling up the DagBag from /opt/airflow/dags/elastic_dag.py
[2024-02-20T22:46:45.885+0000] {processor.py:766} INFO - DAG(s) dict_keys(['elastic_dag']) retrieved from /opt/airflow/dags/elastic_dag.py
[2024-02-20T22:46:45.908+0000] {logging_mixin.py:120} INFO - [2024-02-20T22:46:45.908+0000] {dag.py:2585} INFO - Sync 1 DAGs
[2024-02-20T22:46:45.924+0000] {logging_mixin.py:120} INFO - [2024-02-20T22:46:45.924+0000] {dag.py:3340} INFO - Setting next_dagrun for elastic_dag to 2024-02-19T00:00:00+00:00, run_after=2024-02-20T00:00:00+00:00
[2024-02-20T22:46:45.935+0000] {processor.py:176} INFO - Processing /opt/airflow/dags/elastic_dag.py took 0.280 seconds
[2024-02-20T22:47:16.483+0000] {processor.py:154} INFO - Started process (PID=1361) to work on /opt/airflow/dags/elastic_dag.py
[2024-02-20T22:47:16.484+0000] {processor.py:756} INFO - Processing file /opt/airflow/dags/elastic_dag.py for tasks to queue
[2024-02-20T22:47:16.485+0000] {logging_mixin.py:120} INFO - [2024-02-20T22:47:16.485+0000] {dagbag.py:537} INFO - Filling up the DagBag from /opt/airflow/dags/elastic_dag.py
[2024-02-20T22:47:16.765+0000] {processor.py:766} INFO - DAG(s) dict_keys(['elastic_dag']) retrieved from /opt/airflow/dags/elastic_dag.py
[2024-02-20T22:47:16.799+0000] {logging_mixin.py:120} INFO - [2024-02-20T22:47:16.798+0000] {dag.py:2585} INFO - Sync 1 DAGs
[2024-02-20T22:47:16.816+0000] {logging_mixin.py:120} INFO - [2024-02-20T22:47:16.816+0000] {dag.py:3340} INFO - Setting next_dagrun for elastic_dag to 2024-02-19T00:00:00+00:00, run_after=2024-02-20T00:00:00+00:00
[2024-02-20T22:47:16.827+0000] {processor.py:176} INFO - Processing /opt/airflow/dags/elastic_dag.py took 0.346 seconds
[2024-02-20T22:47:47.580+0000] {processor.py:154} INFO - Started process (PID=1388) to work on /opt/airflow/dags/elastic_dag.py
[2024-02-20T22:47:47.581+0000] {processor.py:756} INFO - Processing file /opt/airflow/dags/elastic_dag.py for tasks to queue
[2024-02-20T22:47:47.581+0000] {logging_mixin.py:120} INFO - [2024-02-20T22:47:47.581+0000] {dagbag.py:537} INFO - Filling up the DagBag from /opt/airflow/dags/elastic_dag.py
[2024-02-20T22:47:47.820+0000] {processor.py:766} INFO - DAG(s) dict_keys(['elastic_dag']) retrieved from /opt/airflow/dags/elastic_dag.py
[2024-02-20T22:47:47.849+0000] {logging_mixin.py:120} INFO - [2024-02-20T22:47:47.849+0000] {dag.py:2585} INFO - Sync 1 DAGs
[2024-02-20T22:47:47.869+0000] {logging_mixin.py:120} INFO - [2024-02-20T22:47:47.868+0000] {dag.py:3340} INFO - Setting next_dagrun for elastic_dag to 2024-02-19T00:00:00+00:00, run_after=2024-02-20T00:00:00+00:00
[2024-02-20T22:47:47.880+0000] {processor.py:176} INFO - Processing /opt/airflow/dags/elastic_dag.py took 0.303 seconds
[2024-02-20T22:48:18.534+0000] {processor.py:154} INFO - Started process (PID=1425) to work on /opt/airflow/dags/elastic_dag.py
[2024-02-20T22:48:18.535+0000] {processor.py:756} INFO - Processing file /opt/airflow/dags/elastic_dag.py for tasks to queue
[2024-02-20T22:48:18.536+0000] {logging_mixin.py:120} INFO - [2024-02-20T22:48:18.536+0000] {dagbag.py:537} INFO - Filling up the DagBag from /opt/airflow/dags/elastic_dag.py
[2024-02-20T22:48:18.747+0000] {processor.py:766} INFO - DAG(s) dict_keys(['elastic_dag']) retrieved from /opt/airflow/dags/elastic_dag.py
[2024-02-20T22:48:18.779+0000] {logging_mixin.py:120} INFO - [2024-02-20T22:48:18.779+0000] {dag.py:2585} INFO - Sync 1 DAGs
[2024-02-20T22:48:18.798+0000] {logging_mixin.py:120} INFO - [2024-02-20T22:48:18.798+0000] {dag.py:3340} INFO - Setting next_dagrun for elastic_dag to 2024-02-19T00:00:00+00:00, run_after=2024-02-20T00:00:00+00:00
[2024-02-20T22:48:18.808+0000] {processor.py:176} INFO - Processing /opt/airflow/dags/elastic_dag.py took 0.277 seconds
[2024-02-20T22:48:49.435+0000] {processor.py:154} INFO - Started process (PID=1462) to work on /opt/airflow/dags/elastic_dag.py
[2024-02-20T22:48:49.437+0000] {processor.py:756} INFO - Processing file /opt/airflow/dags/elastic_dag.py for tasks to queue
[2024-02-20T22:48:49.438+0000] {logging_mixin.py:120} INFO - [2024-02-20T22:48:49.438+0000] {dagbag.py:537} INFO - Filling up the DagBag from /opt/airflow/dags/elastic_dag.py
[2024-02-20T22:48:49.672+0000] {processor.py:766} INFO - DAG(s) dict_keys(['elastic_dag']) retrieved from /opt/airflow/dags/elastic_dag.py
[2024-02-20T22:48:49.717+0000] {logging_mixin.py:120} INFO - [2024-02-20T22:48:49.717+0000] {dag.py:2585} INFO - Sync 1 DAGs
[2024-02-20T22:48:49.735+0000] {logging_mixin.py:120} INFO - [2024-02-20T22:48:49.735+0000] {dag.py:3340} INFO - Setting next_dagrun for elastic_dag to 2024-02-19T00:00:00+00:00, run_after=2024-02-20T00:00:00+00:00
[2024-02-20T22:48:49.746+0000] {processor.py:176} INFO - Processing /opt/airflow/dags/elastic_dag.py took 0.316 seconds
[2024-02-20T22:49:20.432+0000] {processor.py:154} INFO - Started process (PID=1499) to work on /opt/airflow/dags/elastic_dag.py
[2024-02-20T22:49:20.433+0000] {processor.py:756} INFO - Processing file /opt/airflow/dags/elastic_dag.py for tasks to queue
[2024-02-20T22:49:20.434+0000] {logging_mixin.py:120} INFO - [2024-02-20T22:49:20.434+0000] {dagbag.py:537} INFO - Filling up the DagBag from /opt/airflow/dags/elastic_dag.py
[2024-02-20T22:49:20.644+0000] {processor.py:766} INFO - DAG(s) dict_keys(['elastic_dag']) retrieved from /opt/airflow/dags/elastic_dag.py
[2024-02-20T22:49:20.668+0000] {logging_mixin.py:120} INFO - [2024-02-20T22:49:20.668+0000] {dag.py:2585} INFO - Sync 1 DAGs
[2024-02-20T22:49:20.685+0000] {logging_mixin.py:120} INFO - [2024-02-20T22:49:20.685+0000] {dag.py:3340} INFO - Setting next_dagrun for elastic_dag to 2024-02-19T00:00:00+00:00, run_after=2024-02-20T00:00:00+00:00
[2024-02-20T22:49:20.695+0000] {processor.py:176} INFO - Processing /opt/airflow/dags/elastic_dag.py took 0.270 seconds
[2024-02-20T22:49:51.354+0000] {processor.py:154} INFO - Started process (PID=1536) to work on /opt/airflow/dags/elastic_dag.py
[2024-02-20T22:49:51.356+0000] {processor.py:756} INFO - Processing file /opt/airflow/dags/elastic_dag.py for tasks to queue
[2024-02-20T22:49:51.357+0000] {logging_mixin.py:120} INFO - [2024-02-20T22:49:51.357+0000] {dagbag.py:537} INFO - Filling up the DagBag from /opt/airflow/dags/elastic_dag.py
[2024-02-20T22:49:51.550+0000] {processor.py:766} INFO - DAG(s) dict_keys(['elastic_dag']) retrieved from /opt/airflow/dags/elastic_dag.py
[2024-02-20T22:49:51.574+0000] {logging_mixin.py:120} INFO - [2024-02-20T22:49:51.574+0000] {dag.py:2585} INFO - Sync 1 DAGs
[2024-02-20T22:49:51.591+0000] {logging_mixin.py:120} INFO - [2024-02-20T22:49:51.591+0000] {dag.py:3340} INFO - Setting next_dagrun for elastic_dag to 2024-02-19T00:00:00+00:00, run_after=2024-02-20T00:00:00+00:00
[2024-02-20T22:49:51.602+0000] {processor.py:176} INFO - Processing /opt/airflow/dags/elastic_dag.py took 0.254 seconds
[2024-02-20T22:50:22.324+0000] {processor.py:154} INFO - Started process (PID=1573) to work on /opt/airflow/dags/elastic_dag.py
[2024-02-20T22:50:22.325+0000] {processor.py:756} INFO - Processing file /opt/airflow/dags/elastic_dag.py for tasks to queue
[2024-02-20T22:50:22.325+0000] {logging_mixin.py:120} INFO - [2024-02-20T22:50:22.325+0000] {dagbag.py:537} INFO - Filling up the DagBag from /opt/airflow/dags/elastic_dag.py
[2024-02-20T22:50:22.523+0000] {processor.py:766} INFO - DAG(s) dict_keys(['elastic_dag']) retrieved from /opt/airflow/dags/elastic_dag.py
[2024-02-20T22:50:22.555+0000] {logging_mixin.py:120} INFO - [2024-02-20T22:50:22.554+0000] {dag.py:2585} INFO - Sync 1 DAGs
[2024-02-20T22:50:22.573+0000] {logging_mixin.py:120} INFO - [2024-02-20T22:50:22.573+0000] {dag.py:3340} INFO - Setting next_dagrun for elastic_dag to 2024-02-19T00:00:00+00:00, run_after=2024-02-20T00:00:00+00:00
[2024-02-20T22:50:22.584+0000] {processor.py:176} INFO - Processing /opt/airflow/dags/elastic_dag.py took 0.262 seconds
[2024-02-20T22:50:53.404+0000] {processor.py:154} INFO - Started process (PID=1610) to work on /opt/airflow/dags/elastic_dag.py
[2024-02-20T22:50:53.409+0000] {processor.py:756} INFO - Processing file /opt/airflow/dags/elastic_dag.py for tasks to queue
[2024-02-20T22:50:53.411+0000] {logging_mixin.py:120} INFO - [2024-02-20T22:50:53.410+0000] {dagbag.py:537} INFO - Filling up the DagBag from /opt/airflow/dags/elastic_dag.py
[2024-02-20T22:50:53.633+0000] {processor.py:766} INFO - DAG(s) dict_keys(['elastic_dag']) retrieved from /opt/airflow/dags/elastic_dag.py
[2024-02-20T22:50:53.658+0000] {logging_mixin.py:120} INFO - [2024-02-20T22:50:53.658+0000] {dag.py:2585} INFO - Sync 1 DAGs
[2024-02-20T22:50:53.688+0000] {logging_mixin.py:120} INFO - [2024-02-20T22:50:53.688+0000] {dag.py:3340} INFO - Setting next_dagrun for elastic_dag to 2024-02-19T00:00:00+00:00, run_after=2024-02-20T00:00:00+00:00
[2024-02-20T22:50:53.699+0000] {processor.py:176} INFO - Processing /opt/airflow/dags/elastic_dag.py took 0.303 seconds
[2024-02-20T22:51:24.377+0000] {processor.py:154} INFO - Started process (PID=1637) to work on /opt/airflow/dags/elastic_dag.py
[2024-02-20T22:51:24.378+0000] {processor.py:756} INFO - Processing file /opt/airflow/dags/elastic_dag.py for tasks to queue
[2024-02-20T22:51:24.379+0000] {logging_mixin.py:120} INFO - [2024-02-20T22:51:24.379+0000] {dagbag.py:537} INFO - Filling up the DagBag from /opt/airflow/dags/elastic_dag.py
[2024-02-20T22:51:24.594+0000] {processor.py:766} INFO - DAG(s) dict_keys(['elastic_dag']) retrieved from /opt/airflow/dags/elastic_dag.py
[2024-02-20T22:51:24.623+0000] {logging_mixin.py:120} INFO - [2024-02-20T22:51:24.622+0000] {dag.py:2585} INFO - Sync 1 DAGs
[2024-02-20T22:51:24.659+0000] {logging_mixin.py:120} INFO - [2024-02-20T22:51:24.659+0000] {dag.py:3340} INFO - Setting next_dagrun for elastic_dag to 2024-02-19T00:00:00+00:00, run_after=2024-02-20T00:00:00+00:00
[2024-02-20T22:51:24.670+0000] {processor.py:176} INFO - Processing /opt/airflow/dags/elastic_dag.py took 0.297 seconds
[2024-02-20T22:51:55.307+0000] {processor.py:154} INFO - Started process (PID=1674) to work on /opt/airflow/dags/elastic_dag.py
[2024-02-20T22:51:55.308+0000] {processor.py:756} INFO - Processing file /opt/airflow/dags/elastic_dag.py for tasks to queue
[2024-02-20T22:51:55.309+0000] {logging_mixin.py:120} INFO - [2024-02-20T22:51:55.309+0000] {dagbag.py:537} INFO - Filling up the DagBag from /opt/airflow/dags/elastic_dag.py
[2024-02-20T22:51:55.500+0000] {processor.py:766} INFO - DAG(s) dict_keys(['elastic_dag']) retrieved from /opt/airflow/dags/elastic_dag.py
[2024-02-20T22:51:55.526+0000] {logging_mixin.py:120} INFO - [2024-02-20T22:51:55.526+0000] {dag.py:2585} INFO - Sync 1 DAGs
[2024-02-20T22:51:55.543+0000] {logging_mixin.py:120} INFO - [2024-02-20T22:51:55.543+0000] {dag.py:3340} INFO - Setting next_dagrun for elastic_dag to 2024-02-19T00:00:00+00:00, run_after=2024-02-20T00:00:00+00:00
[2024-02-20T22:51:55.554+0000] {processor.py:176} INFO - Processing /opt/airflow/dags/elastic_dag.py took 0.251 seconds
[2024-02-20T22:52:26.177+0000] {processor.py:154} INFO - Started process (PID=1710) to work on /opt/airflow/dags/elastic_dag.py
[2024-02-20T22:52:26.179+0000] {processor.py:756} INFO - Processing file /opt/airflow/dags/elastic_dag.py for tasks to queue
[2024-02-20T22:52:26.179+0000] {logging_mixin.py:120} INFO - [2024-02-20T22:52:26.179+0000] {dagbag.py:537} INFO - Filling up the DagBag from /opt/airflow/dags/elastic_dag.py
[2024-02-20T22:52:26.384+0000] {processor.py:766} INFO - DAG(s) dict_keys(['elastic_dag']) retrieved from /opt/airflow/dags/elastic_dag.py
[2024-02-20T22:52:26.410+0000] {logging_mixin.py:120} INFO - [2024-02-20T22:52:26.410+0000] {dag.py:2585} INFO - Sync 1 DAGs
[2024-02-20T22:52:26.427+0000] {logging_mixin.py:120} INFO - [2024-02-20T22:52:26.427+0000] {dag.py:3340} INFO - Setting next_dagrun for elastic_dag to 2024-02-19T00:00:00+00:00, run_after=2024-02-20T00:00:00+00:00
[2024-02-20T22:52:26.438+0000] {processor.py:176} INFO - Processing /opt/airflow/dags/elastic_dag.py took 0.265 seconds
[2024-02-20T22:52:57.042+0000] {processor.py:154} INFO - Started process (PID=1748) to work on /opt/airflow/dags/elastic_dag.py
[2024-02-20T22:52:57.043+0000] {processor.py:756} INFO - Processing file /opt/airflow/dags/elastic_dag.py for tasks to queue
[2024-02-20T22:52:57.044+0000] {logging_mixin.py:120} INFO - [2024-02-20T22:52:57.044+0000] {dagbag.py:537} INFO - Filling up the DagBag from /opt/airflow/dags/elastic_dag.py
[2024-02-20T22:52:57.242+0000] {processor.py:766} INFO - DAG(s) dict_keys(['elastic_dag']) retrieved from /opt/airflow/dags/elastic_dag.py
[2024-02-20T22:52:57.266+0000] {logging_mixin.py:120} INFO - [2024-02-20T22:52:57.266+0000] {dag.py:2585} INFO - Sync 1 DAGs
[2024-02-20T22:52:57.292+0000] {logging_mixin.py:120} INFO - [2024-02-20T22:52:57.290+0000] {dag.py:3340} INFO - Setting next_dagrun for elastic_dag to 2024-02-19T00:00:00+00:00, run_after=2024-02-20T00:00:00+00:00
[2024-02-20T22:52:57.308+0000] {processor.py:176} INFO - Processing /opt/airflow/dags/elastic_dag.py took 0.270 seconds
[2024-02-20T22:53:28.108+0000] {processor.py:154} INFO - Started process (PID=1785) to work on /opt/airflow/dags/elastic_dag.py
[2024-02-20T22:53:28.109+0000] {processor.py:756} INFO - Processing file /opt/airflow/dags/elastic_dag.py for tasks to queue
[2024-02-20T22:53:28.110+0000] {logging_mixin.py:120} INFO - [2024-02-20T22:53:28.110+0000] {dagbag.py:537} INFO - Filling up the DagBag from /opt/airflow/dags/elastic_dag.py
[2024-02-20T22:53:28.296+0000] {processor.py:766} INFO - DAG(s) dict_keys(['elastic_dag']) retrieved from /opt/airflow/dags/elastic_dag.py
[2024-02-20T22:53:28.321+0000] {logging_mixin.py:120} INFO - [2024-02-20T22:53:28.321+0000] {dag.py:2585} INFO - Sync 1 DAGs
[2024-02-20T22:53:28.338+0000] {logging_mixin.py:120} INFO - [2024-02-20T22:53:28.338+0000] {dag.py:3340} INFO - Setting next_dagrun for elastic_dag to 2024-02-19T00:00:00+00:00, run_after=2024-02-20T00:00:00+00:00
[2024-02-20T22:53:28.349+0000] {processor.py:176} INFO - Processing /opt/airflow/dags/elastic_dag.py took 0.246 seconds
[2024-02-20T22:53:59.059+0000] {processor.py:154} INFO - Started process (PID=1822) to work on /opt/airflow/dags/elastic_dag.py
[2024-02-20T22:53:59.060+0000] {processor.py:756} INFO - Processing file /opt/airflow/dags/elastic_dag.py for tasks to queue
[2024-02-20T22:53:59.061+0000] {logging_mixin.py:120} INFO - [2024-02-20T22:53:59.061+0000] {dagbag.py:537} INFO - Filling up the DagBag from /opt/airflow/dags/elastic_dag.py
[2024-02-20T22:53:59.246+0000] {processor.py:766} INFO - DAG(s) dict_keys(['elastic_dag']) retrieved from /opt/airflow/dags/elastic_dag.py
[2024-02-20T22:53:59.270+0000] {logging_mixin.py:120} INFO - [2024-02-20T22:53:59.270+0000] {dag.py:2585} INFO - Sync 1 DAGs
[2024-02-20T22:53:59.289+0000] {logging_mixin.py:120} INFO - [2024-02-20T22:53:59.289+0000] {dag.py:3340} INFO - Setting next_dagrun for elastic_dag to 2024-02-19T00:00:00+00:00, run_after=2024-02-20T00:00:00+00:00
[2024-02-20T22:53:59.302+0000] {processor.py:176} INFO - Processing /opt/airflow/dags/elastic_dag.py took 0.249 seconds
[2024-02-20T22:54:30.065+0000] {processor.py:154} INFO - Started process (PID=1859) to work on /opt/airflow/dags/elastic_dag.py
[2024-02-20T22:54:30.068+0000] {processor.py:756} INFO - Processing file /opt/airflow/dags/elastic_dag.py for tasks to queue
[2024-02-20T22:54:30.069+0000] {logging_mixin.py:120} INFO - [2024-02-20T22:54:30.069+0000] {dagbag.py:537} INFO - Filling up the DagBag from /opt/airflow/dags/elastic_dag.py
[2024-02-20T22:54:31.124+0000] {processor.py:766} INFO - DAG(s) dict_keys(['elastic_dag']) retrieved from /opt/airflow/dags/elastic_dag.py
[2024-02-20T22:54:31.180+0000] {logging_mixin.py:120} INFO - [2024-02-20T22:54:31.180+0000] {dag.py:2585} INFO - Sync 1 DAGs
[2024-02-20T22:54:31.204+0000] {logging_mixin.py:120} INFO - [2024-02-20T22:54:31.204+0000] {dag.py:3340} INFO - Setting next_dagrun for elastic_dag to 2024-02-19T00:00:00+00:00, run_after=2024-02-20T00:00:00+00:00
[2024-02-20T22:54:31.220+0000] {processor.py:176} INFO - Processing /opt/airflow/dags/elastic_dag.py took 1.158 seconds
[2024-02-20T23:24:16.147+0000] {processor.py:154} INFO - Started process (PID=52) to work on /opt/airflow/dags/elastic_dag.py
[2024-02-20T23:24:16.149+0000] {processor.py:756} INFO - Processing file /opt/airflow/dags/elastic_dag.py for tasks to queue
[2024-02-20T23:24:16.150+0000] {logging_mixin.py:120} INFO - [2024-02-20T23:24:16.150+0000] {dagbag.py:537} INFO - Filling up the DagBag from /opt/airflow/dags/elastic_dag.py
[2024-02-20T23:24:16.953+0000] {processor.py:766} INFO - DAG(s) dict_keys(['elastic_dag']) retrieved from /opt/airflow/dags/elastic_dag.py
[2024-02-20T23:24:17.034+0000] {logging_mixin.py:120} INFO - [2024-02-20T23:24:17.034+0000] {dag.py:2585} INFO - Sync 1 DAGs
[2024-02-20T23:24:17.102+0000] {logging_mixin.py:120} INFO - [2024-02-20T23:24:17.102+0000] {dag.py:3340} INFO - Setting next_dagrun for elastic_dag to 2024-02-19T00:00:00+00:00, run_after=2024-02-20T00:00:00+00:00
[2024-02-20T23:24:17.154+0000] {processor.py:176} INFO - Processing /opt/airflow/dags/elastic_dag.py took 1.012 seconds
[2024-02-20T23:24:47.850+0000] {processor.py:154} INFO - Started process (PID=80) to work on /opt/airflow/dags/elastic_dag.py
[2024-02-20T23:24:47.853+0000] {processor.py:756} INFO - Processing file /opt/airflow/dags/elastic_dag.py for tasks to queue
[2024-02-20T23:24:47.857+0000] {logging_mixin.py:120} INFO - [2024-02-20T23:24:47.856+0000] {dagbag.py:537} INFO - Filling up the DagBag from /opt/airflow/dags/elastic_dag.py
[2024-02-20T23:24:49.059+0000] {processor.py:766} INFO - DAG(s) dict_keys(['elastic_dag']) retrieved from /opt/airflow/dags/elastic_dag.py
[2024-02-20T23:24:49.143+0000] {logging_mixin.py:120} INFO - [2024-02-20T23:24:49.142+0000] {dag.py:2585} INFO - Sync 1 DAGs
[2024-02-20T23:24:49.374+0000] {logging_mixin.py:120} INFO - [2024-02-20T23:24:49.374+0000] {dag.py:3340} INFO - Setting next_dagrun for elastic_dag to 2024-02-19T00:00:00+00:00, run_after=2024-02-20T00:00:00+00:00
[2024-02-20T23:24:49.425+0000] {processor.py:176} INFO - Processing /opt/airflow/dags/elastic_dag.py took 1.587 seconds
[2024-02-20T23:25:19.867+0000] {processor.py:154} INFO - Started process (PID=118) to work on /opt/airflow/dags/elastic_dag.py
[2024-02-20T23:25:19.872+0000] {processor.py:756} INFO - Processing file /opt/airflow/dags/elastic_dag.py for tasks to queue
[2024-02-20T23:25:19.873+0000] {logging_mixin.py:120} INFO - [2024-02-20T23:25:19.873+0000] {dagbag.py:537} INFO - Filling up the DagBag from /opt/airflow/dags/elastic_dag.py
[2024-02-20T23:25:20.111+0000] {processor.py:766} INFO - DAG(s) dict_keys(['elastic_dag']) retrieved from /opt/airflow/dags/elastic_dag.py
[2024-02-20T23:25:20.166+0000] {logging_mixin.py:120} INFO - [2024-02-20T23:25:20.166+0000] {dag.py:2585} INFO - Sync 1 DAGs
[2024-02-20T23:25:20.199+0000] {logging_mixin.py:120} INFO - [2024-02-20T23:25:20.199+0000] {dag.py:3340} INFO - Setting next_dagrun for elastic_dag to 2024-02-19T00:00:00+00:00, run_after=2024-02-20T00:00:00+00:00
[2024-02-20T23:25:20.219+0000] {processor.py:176} INFO - Processing /opt/airflow/dags/elastic_dag.py took 0.359 seconds
[2024-02-20T23:25:50.963+0000] {processor.py:154} INFO - Started process (PID=154) to work on /opt/airflow/dags/elastic_dag.py
[2024-02-20T23:25:50.965+0000] {processor.py:756} INFO - Processing file /opt/airflow/dags/elastic_dag.py for tasks to queue
[2024-02-20T23:25:50.968+0000] {logging_mixin.py:120} INFO - [2024-02-20T23:25:50.968+0000] {dagbag.py:537} INFO - Filling up the DagBag from /opt/airflow/dags/elastic_dag.py
[2024-02-20T23:25:51.178+0000] {processor.py:766} INFO - DAG(s) dict_keys(['elastic_dag']) retrieved from /opt/airflow/dags/elastic_dag.py
[2024-02-20T23:25:51.212+0000] {logging_mixin.py:120} INFO - [2024-02-20T23:25:51.212+0000] {dag.py:2585} INFO - Sync 1 DAGs
[2024-02-20T23:25:51.235+0000] {logging_mixin.py:120} INFO - [2024-02-20T23:25:51.235+0000] {dag.py:3340} INFO - Setting next_dagrun for elastic_dag to 2024-02-19T00:00:00+00:00, run_after=2024-02-20T00:00:00+00:00
[2024-02-20T23:25:51.286+0000] {processor.py:176} INFO - Processing /opt/airflow/dags/elastic_dag.py took 0.329 seconds
[2024-02-20T23:26:21.940+0000] {processor.py:154} INFO - Started process (PID=190) to work on /opt/airflow/dags/elastic_dag.py
[2024-02-20T23:26:21.942+0000] {processor.py:756} INFO - Processing file /opt/airflow/dags/elastic_dag.py for tasks to queue
[2024-02-20T23:26:21.944+0000] {logging_mixin.py:120} INFO - [2024-02-20T23:26:21.944+0000] {dagbag.py:537} INFO - Filling up the DagBag from /opt/airflow/dags/elastic_dag.py
[2024-02-20T23:26:22.176+0000] {processor.py:766} INFO - DAG(s) dict_keys(['elastic_dag']) retrieved from /opt/airflow/dags/elastic_dag.py
[2024-02-20T23:26:22.211+0000] {logging_mixin.py:120} INFO - [2024-02-20T23:26:22.211+0000] {dag.py:2585} INFO - Sync 1 DAGs
[2024-02-20T23:26:22.237+0000] {logging_mixin.py:120} INFO - [2024-02-20T23:26:22.237+0000] {dag.py:3340} INFO - Setting next_dagrun for elastic_dag to 2024-02-19T00:00:00+00:00, run_after=2024-02-20T00:00:00+00:00
[2024-02-20T23:26:22.249+0000] {processor.py:176} INFO - Processing /opt/airflow/dags/elastic_dag.py took 0.312 seconds
[2024-02-20T23:26:52.820+0000] {processor.py:154} INFO - Started process (PID=226) to work on /opt/airflow/dags/elastic_dag.py
[2024-02-20T23:26:52.820+0000] {processor.py:756} INFO - Processing file /opt/airflow/dags/elastic_dag.py for tasks to queue
[2024-02-20T23:26:52.821+0000] {logging_mixin.py:120} INFO - [2024-02-20T23:26:52.821+0000] {dagbag.py:537} INFO - Filling up the DagBag from /opt/airflow/dags/elastic_dag.py
[2024-02-20T23:26:52.997+0000] {processor.py:766} INFO - DAG(s) dict_keys(['elastic_dag']) retrieved from /opt/airflow/dags/elastic_dag.py
[2024-02-20T23:26:53.047+0000] {logging_mixin.py:120} INFO - [2024-02-20T23:26:53.046+0000] {dag.py:2585} INFO - Sync 1 DAGs
[2024-02-20T23:26:53.101+0000] {logging_mixin.py:120} INFO - [2024-02-20T23:26:53.101+0000] {dag.py:3340} INFO - Setting next_dagrun for elastic_dag to 2024-02-19T00:00:00+00:00, run_after=2024-02-20T00:00:00+00:00
[2024-02-20T23:26:53.125+0000] {processor.py:176} INFO - Processing /opt/airflow/dags/elastic_dag.py took 0.307 seconds
[2024-02-20T23:27:23.739+0000] {processor.py:154} INFO - Started process (PID=262) to work on /opt/airflow/dags/elastic_dag.py
[2024-02-20T23:27:23.741+0000] {processor.py:756} INFO - Processing file /opt/airflow/dags/elastic_dag.py for tasks to queue
[2024-02-20T23:27:23.742+0000] {logging_mixin.py:120} INFO - [2024-02-20T23:27:23.742+0000] {dagbag.py:537} INFO - Filling up the DagBag from /opt/airflow/dags/elastic_dag.py
[2024-02-20T23:27:23.970+0000] {processor.py:766} INFO - DAG(s) dict_keys(['elastic_dag']) retrieved from /opt/airflow/dags/elastic_dag.py
[2024-02-20T23:27:24.033+0000] {logging_mixin.py:120} INFO - [2024-02-20T23:27:24.032+0000] {dag.py:2585} INFO - Sync 1 DAGs
[2024-02-20T23:27:24.076+0000] {logging_mixin.py:120} INFO - [2024-02-20T23:27:24.076+0000] {dag.py:3340} INFO - Setting next_dagrun for elastic_dag to 2024-02-19T00:00:00+00:00, run_after=2024-02-20T00:00:00+00:00
[2024-02-20T23:27:24.096+0000] {processor.py:176} INFO - Processing /opt/airflow/dags/elastic_dag.py took 0.360 seconds
