[2024-02-20T22:28:07.606+0000] {processor.py:154} INFO - Started process (PID=55) to work on /opt/airflow/dags/group_dag.py
[2024-02-20T22:28:07.608+0000] {processor.py:756} INFO - Processing file /opt/airflow/dags/group_dag.py for tasks to queue
[2024-02-20T22:28:07.609+0000] {logging_mixin.py:120} INFO - [2024-02-20T22:28:07.609+0000] {dagbag.py:537} INFO - Filling up the DagBag from /opt/airflow/dags/group_dag.py
[2024-02-20T22:28:07.647+0000] {processor.py:766} INFO - DAG(s) dict_keys(['group_dag']) retrieved from /opt/airflow/dags/group_dag.py
[2024-02-20T22:28:07.712+0000] {logging_mixin.py:120} INFO - [2024-02-20T22:28:07.711+0000] {dag.py:2585} INFO - Sync 1 DAGs
[2024-02-20T22:28:07.787+0000] {logging_mixin.py:120} INFO - [2024-02-20T22:28:07.786+0000] {dag.py:3340} INFO - Setting next_dagrun for group_dag to 2024-02-19T00:00:00+00:00, run_after=2024-02-20T00:00:00+00:00
[2024-02-20T22:28:07.909+0000] {processor.py:176} INFO - Processing /opt/airflow/dags/group_dag.py took 0.306 seconds
[2024-02-20T22:28:38.726+0000] {processor.py:154} INFO - Started process (PID=92) to work on /opt/airflow/dags/group_dag.py
[2024-02-20T22:28:38.727+0000] {processor.py:756} INFO - Processing file /opt/airflow/dags/group_dag.py for tasks to queue
[2024-02-20T22:28:38.727+0000] {logging_mixin.py:120} INFO - [2024-02-20T22:28:38.727+0000] {dagbag.py:537} INFO - Filling up the DagBag from /opt/airflow/dags/group_dag.py
[2024-02-20T22:28:38.741+0000] {processor.py:766} INFO - DAG(s) dict_keys(['group_dag']) retrieved from /opt/airflow/dags/group_dag.py
[2024-02-20T22:28:38.762+0000] {logging_mixin.py:120} INFO - [2024-02-20T22:28:38.761+0000] {dag.py:2585} INFO - Sync 1 DAGs
[2024-02-20T22:28:38.775+0000] {logging_mixin.py:120} INFO - [2024-02-20T22:28:38.775+0000] {dag.py:3340} INFO - Setting next_dagrun for group_dag to 2024-02-19T00:00:00+00:00, run_after=2024-02-20T00:00:00+00:00
[2024-02-20T22:28:38.784+0000] {processor.py:176} INFO - Processing /opt/airflow/dags/group_dag.py took 0.061 seconds
[2024-02-20T22:29:09.809+0000] {processor.py:154} INFO - Started process (PID=129) to work on /opt/airflow/dags/group_dag.py
[2024-02-20T22:29:09.810+0000] {processor.py:756} INFO - Processing file /opt/airflow/dags/group_dag.py for tasks to queue
[2024-02-20T22:29:09.810+0000] {logging_mixin.py:120} INFO - [2024-02-20T22:29:09.810+0000] {dagbag.py:537} INFO - Filling up the DagBag from /opt/airflow/dags/group_dag.py
[2024-02-20T22:29:09.826+0000] {processor.py:766} INFO - DAG(s) dict_keys(['group_dag']) retrieved from /opt/airflow/dags/group_dag.py
[2024-02-20T22:29:09.850+0000] {logging_mixin.py:120} INFO - [2024-02-20T22:29:09.850+0000] {dag.py:2585} INFO - Sync 1 DAGs
[2024-02-20T22:29:09.866+0000] {logging_mixin.py:120} INFO - [2024-02-20T22:29:09.866+0000] {dag.py:3340} INFO - Setting next_dagrun for group_dag to 2024-02-19T00:00:00+00:00, run_after=2024-02-20T00:00:00+00:00
[2024-02-20T22:29:09.879+0000] {processor.py:176} INFO - Processing /opt/airflow/dags/group_dag.py took 0.072 seconds
[2024-02-20T22:29:40.847+0000] {processor.py:154} INFO - Started process (PID=157) to work on /opt/airflow/dags/group_dag.py
[2024-02-20T22:29:40.848+0000] {processor.py:756} INFO - Processing file /opt/airflow/dags/group_dag.py for tasks to queue
[2024-02-20T22:29:40.848+0000] {logging_mixin.py:120} INFO - [2024-02-20T22:29:40.848+0000] {dagbag.py:537} INFO - Filling up the DagBag from /opt/airflow/dags/group_dag.py
[2024-02-20T22:29:40.861+0000] {processor.py:766} INFO - DAG(s) dict_keys(['group_dag']) retrieved from /opt/airflow/dags/group_dag.py
[2024-02-20T22:29:40.883+0000] {logging_mixin.py:120} INFO - [2024-02-20T22:29:40.882+0000] {dag.py:2585} INFO - Sync 1 DAGs
[2024-02-20T22:29:40.896+0000] {logging_mixin.py:120} INFO - [2024-02-20T22:29:40.896+0000] {dag.py:3340} INFO - Setting next_dagrun for group_dag to 2024-02-19T00:00:00+00:00, run_after=2024-02-20T00:00:00+00:00
[2024-02-20T22:29:40.906+0000] {processor.py:176} INFO - Processing /opt/airflow/dags/group_dag.py took 0.061 seconds
[2024-02-20T22:30:11.878+0000] {processor.py:154} INFO - Started process (PID=194) to work on /opt/airflow/dags/group_dag.py
[2024-02-20T22:30:11.879+0000] {processor.py:756} INFO - Processing file /opt/airflow/dags/group_dag.py for tasks to queue
[2024-02-20T22:30:11.879+0000] {logging_mixin.py:120} INFO - [2024-02-20T22:30:11.879+0000] {dagbag.py:537} INFO - Filling up the DagBag from /opt/airflow/dags/group_dag.py
[2024-02-20T22:30:11.893+0000] {processor.py:766} INFO - DAG(s) dict_keys(['group_dag']) retrieved from /opt/airflow/dags/group_dag.py
[2024-02-20T22:30:11.916+0000] {logging_mixin.py:120} INFO - [2024-02-20T22:30:11.915+0000] {dag.py:2585} INFO - Sync 1 DAGs
[2024-02-20T22:30:11.930+0000] {logging_mixin.py:120} INFO - [2024-02-20T22:30:11.930+0000] {dag.py:3340} INFO - Setting next_dagrun for group_dag to 2024-02-19T00:00:00+00:00, run_after=2024-02-20T00:00:00+00:00
[2024-02-20T22:30:11.940+0000] {processor.py:176} INFO - Processing /opt/airflow/dags/group_dag.py took 0.064 seconds
[2024-02-20T22:30:42.763+0000] {processor.py:154} INFO - Started process (PID=230) to work on /opt/airflow/dags/group_dag.py
[2024-02-20T22:30:42.764+0000] {processor.py:756} INFO - Processing file /opt/airflow/dags/group_dag.py for tasks to queue
[2024-02-20T22:30:42.765+0000] {logging_mixin.py:120} INFO - [2024-02-20T22:30:42.765+0000] {dagbag.py:537} INFO - Filling up the DagBag from /opt/airflow/dags/group_dag.py
[2024-02-20T22:30:42.777+0000] {processor.py:766} INFO - DAG(s) dict_keys(['group_dag']) retrieved from /opt/airflow/dags/group_dag.py
[2024-02-20T22:30:42.799+0000] {logging_mixin.py:120} INFO - [2024-02-20T22:30:42.799+0000] {dag.py:2585} INFO - Sync 1 DAGs
[2024-02-20T22:30:42.812+0000] {logging_mixin.py:120} INFO - [2024-02-20T22:30:42.812+0000] {dag.py:3340} INFO - Setting next_dagrun for group_dag to 2024-02-19T00:00:00+00:00, run_after=2024-02-20T00:00:00+00:00
[2024-02-20T22:30:42.823+0000] {processor.py:176} INFO - Processing /opt/airflow/dags/group_dag.py took 0.062 seconds
[2024-02-20T22:31:13.827+0000] {processor.py:154} INFO - Started process (PID=267) to work on /opt/airflow/dags/group_dag.py
[2024-02-20T22:31:13.828+0000] {processor.py:756} INFO - Processing file /opt/airflow/dags/group_dag.py for tasks to queue
[2024-02-20T22:31:13.829+0000] {logging_mixin.py:120} INFO - [2024-02-20T22:31:13.829+0000] {dagbag.py:537} INFO - Filling up the DagBag from /opt/airflow/dags/group_dag.py
[2024-02-20T22:31:13.842+0000] {processor.py:766} INFO - DAG(s) dict_keys(['group_dag']) retrieved from /opt/airflow/dags/group_dag.py
[2024-02-20T22:31:13.863+0000] {logging_mixin.py:120} INFO - [2024-02-20T22:31:13.863+0000] {dag.py:2585} INFO - Sync 1 DAGs
[2024-02-20T22:31:13.876+0000] {logging_mixin.py:120} INFO - [2024-02-20T22:31:13.876+0000] {dag.py:3340} INFO - Setting next_dagrun for group_dag to 2024-02-19T00:00:00+00:00, run_after=2024-02-20T00:00:00+00:00
[2024-02-20T22:31:13.886+0000] {processor.py:176} INFO - Processing /opt/airflow/dags/group_dag.py took 0.062 seconds
[2024-02-20T22:31:46.708+0000] {processor.py:154} INFO - Started process (PID=304) to work on /opt/airflow/dags/group_dag.py
[2024-02-20T22:31:46.709+0000] {processor.py:756} INFO - Processing file /opt/airflow/dags/group_dag.py for tasks to queue
[2024-02-20T22:31:46.710+0000] {logging_mixin.py:120} INFO - [2024-02-20T22:31:46.710+0000] {dagbag.py:537} INFO - Filling up the DagBag from /opt/airflow/dags/group_dag.py
[2024-02-20T22:31:46.723+0000] {processor.py:766} INFO - DAG(s) dict_keys(['group_dag']) retrieved from /opt/airflow/dags/group_dag.py
[2024-02-20T22:31:46.748+0000] {logging_mixin.py:120} INFO - [2024-02-20T22:31:46.747+0000] {dag.py:2585} INFO - Sync 1 DAGs
[2024-02-20T22:31:46.763+0000] {logging_mixin.py:120} INFO - [2024-02-20T22:31:46.763+0000] {dag.py:3340} INFO - Setting next_dagrun for group_dag to 2024-02-19T00:00:00+00:00, run_after=2024-02-20T00:00:00+00:00
[2024-02-20T22:31:46.772+0000] {processor.py:176} INFO - Processing /opt/airflow/dags/group_dag.py took 0.069 seconds
[2024-02-20T22:32:16.813+0000] {processor.py:154} INFO - Started process (PID=332) to work on /opt/airflow/dags/group_dag.py
[2024-02-20T22:32:16.814+0000] {processor.py:756} INFO - Processing file /opt/airflow/dags/group_dag.py for tasks to queue
[2024-02-20T22:32:16.814+0000] {logging_mixin.py:120} INFO - [2024-02-20T22:32:16.814+0000] {dagbag.py:537} INFO - Filling up the DagBag from /opt/airflow/dags/group_dag.py
[2024-02-20T22:32:16.828+0000] {processor.py:766} INFO - DAG(s) dict_keys(['group_dag']) retrieved from /opt/airflow/dags/group_dag.py
[2024-02-20T22:32:16.851+0000] {logging_mixin.py:120} INFO - [2024-02-20T22:32:16.851+0000] {dag.py:2585} INFO - Sync 1 DAGs
[2024-02-20T22:32:16.864+0000] {logging_mixin.py:120} INFO - [2024-02-20T22:32:16.864+0000] {dag.py:3340} INFO - Setting next_dagrun for group_dag to 2024-02-19T00:00:00+00:00, run_after=2024-02-20T00:00:00+00:00
[2024-02-20T22:32:16.872+0000] {processor.py:176} INFO - Processing /opt/airflow/dags/group_dag.py took 0.061 seconds
[2024-02-20T22:32:47.904+0000] {processor.py:154} INFO - Started process (PID=369) to work on /opt/airflow/dags/group_dag.py
[2024-02-20T22:32:47.906+0000] {processor.py:756} INFO - Processing file /opt/airflow/dags/group_dag.py for tasks to queue
[2024-02-20T22:32:47.906+0000] {logging_mixin.py:120} INFO - [2024-02-20T22:32:47.906+0000] {dagbag.py:537} INFO - Filling up the DagBag from /opt/airflow/dags/group_dag.py
[2024-02-20T22:32:47.924+0000] {processor.py:766} INFO - DAG(s) dict_keys(['group_dag']) retrieved from /opt/airflow/dags/group_dag.py
[2024-02-20T22:32:47.947+0000] {logging_mixin.py:120} INFO - [2024-02-20T22:32:47.946+0000] {dag.py:2585} INFO - Sync 1 DAGs
[2024-02-20T22:32:47.960+0000] {logging_mixin.py:120} INFO - [2024-02-20T22:32:47.960+0000] {dag.py:3340} INFO - Setting next_dagrun for group_dag to 2024-02-19T00:00:00+00:00, run_after=2024-02-20T00:00:00+00:00
[2024-02-20T22:32:47.970+0000] {processor.py:176} INFO - Processing /opt/airflow/dags/group_dag.py took 0.068 seconds
[2024-02-20T22:33:18.958+0000] {processor.py:154} INFO - Started process (PID=406) to work on /opt/airflow/dags/group_dag.py
[2024-02-20T22:33:18.959+0000] {processor.py:756} INFO - Processing file /opt/airflow/dags/group_dag.py for tasks to queue
[2024-02-20T22:33:18.960+0000] {logging_mixin.py:120} INFO - [2024-02-20T22:33:18.960+0000] {dagbag.py:537} INFO - Filling up the DagBag from /opt/airflow/dags/group_dag.py
[2024-02-20T22:33:18.974+0000] {processor.py:766} INFO - DAG(s) dict_keys(['group_dag']) retrieved from /opt/airflow/dags/group_dag.py
[2024-02-20T22:33:18.997+0000] {logging_mixin.py:120} INFO - [2024-02-20T22:33:18.997+0000] {dag.py:2585} INFO - Sync 1 DAGs
[2024-02-20T22:33:19.014+0000] {logging_mixin.py:120} INFO - [2024-02-20T22:33:19.014+0000] {dag.py:3340} INFO - Setting next_dagrun for group_dag to 2024-02-19T00:00:00+00:00, run_after=2024-02-20T00:00:00+00:00
[2024-02-20T22:33:19.025+0000] {processor.py:176} INFO - Processing /opt/airflow/dags/group_dag.py took 0.068 seconds
[2024-02-20T22:33:50.647+0000] {processor.py:154} INFO - Started process (PID=443) to work on /opt/airflow/dags/group_dag.py
[2024-02-20T22:33:50.648+0000] {processor.py:756} INFO - Processing file /opt/airflow/dags/group_dag.py for tasks to queue
[2024-02-20T22:33:50.649+0000] {logging_mixin.py:120} INFO - [2024-02-20T22:33:50.649+0000] {dagbag.py:537} INFO - Filling up the DagBag from /opt/airflow/dags/group_dag.py
[2024-02-20T22:33:50.665+0000] {processor.py:766} INFO - DAG(s) dict_keys(['group_dag']) retrieved from /opt/airflow/dags/group_dag.py
[2024-02-20T22:33:50.692+0000] {logging_mixin.py:120} INFO - [2024-02-20T22:33:50.692+0000] {dag.py:2585} INFO - Sync 1 DAGs
[2024-02-20T22:33:50.707+0000] {logging_mixin.py:120} INFO - [2024-02-20T22:33:50.707+0000] {dag.py:3340} INFO - Setting next_dagrun for group_dag to 2024-02-19T00:00:00+00:00, run_after=2024-02-20T00:00:00+00:00
[2024-02-20T22:33:50.718+0000] {processor.py:176} INFO - Processing /opt/airflow/dags/group_dag.py took 0.073 seconds
[2024-02-20T22:34:21.647+0000] {processor.py:154} INFO - Started process (PID=480) to work on /opt/airflow/dags/group_dag.py
[2024-02-20T22:34:21.648+0000] {processor.py:756} INFO - Processing file /opt/airflow/dags/group_dag.py for tasks to queue
[2024-02-20T22:34:21.649+0000] {logging_mixin.py:120} INFO - [2024-02-20T22:34:21.649+0000] {dagbag.py:537} INFO - Filling up the DagBag from /opt/airflow/dags/group_dag.py
[2024-02-20T22:34:21.663+0000] {processor.py:766} INFO - DAG(s) dict_keys(['group_dag']) retrieved from /opt/airflow/dags/group_dag.py
[2024-02-20T22:34:21.684+0000] {logging_mixin.py:120} INFO - [2024-02-20T22:34:21.684+0000] {dag.py:2585} INFO - Sync 1 DAGs
[2024-02-20T22:34:21.700+0000] {logging_mixin.py:120} INFO - [2024-02-20T22:34:21.700+0000] {dag.py:3340} INFO - Setting next_dagrun for group_dag to 2024-02-19T00:00:00+00:00, run_after=2024-02-20T00:00:00+00:00
[2024-02-20T22:34:21.712+0000] {processor.py:176} INFO - Processing /opt/airflow/dags/group_dag.py took 0.067 seconds
[2024-02-20T22:34:53.287+0000] {processor.py:154} INFO - Started process (PID=517) to work on /opt/airflow/dags/group_dag.py
[2024-02-20T22:34:53.291+0000] {processor.py:756} INFO - Processing file /opt/airflow/dags/group_dag.py for tasks to queue
[2024-02-20T22:34:53.293+0000] {logging_mixin.py:120} INFO - [2024-02-20T22:34:53.293+0000] {dagbag.py:537} INFO - Filling up the DagBag from /opt/airflow/dags/group_dag.py
[2024-02-20T22:34:53.358+0000] {processor.py:766} INFO - DAG(s) dict_keys(['group_dag']) retrieved from /opt/airflow/dags/group_dag.py
[2024-02-20T22:34:53.414+0000] {logging_mixin.py:120} INFO - [2024-02-20T22:34:53.414+0000] {dag.py:2585} INFO - Sync 1 DAGs
[2024-02-20T22:34:53.437+0000] {logging_mixin.py:120} INFO - [2024-02-20T22:34:53.437+0000] {dag.py:3340} INFO - Setting next_dagrun for group_dag to 2024-02-19T00:00:00+00:00, run_after=2024-02-20T00:00:00+00:00
[2024-02-20T22:34:53.455+0000] {processor.py:176} INFO - Processing /opt/airflow/dags/group_dag.py took 0.175 seconds
[2024-02-20T22:35:24.374+0000] {processor.py:154} INFO - Started process (PID=544) to work on /opt/airflow/dags/group_dag.py
[2024-02-20T22:35:24.375+0000] {processor.py:756} INFO - Processing file /opt/airflow/dags/group_dag.py for tasks to queue
[2024-02-20T22:35:24.376+0000] {logging_mixin.py:120} INFO - [2024-02-20T22:35:24.375+0000] {dagbag.py:537} INFO - Filling up the DagBag from /opt/airflow/dags/group_dag.py
[2024-02-20T22:35:24.394+0000] {processor.py:766} INFO - DAG(s) dict_keys(['group_dag']) retrieved from /opt/airflow/dags/group_dag.py
[2024-02-20T22:35:24.418+0000] {logging_mixin.py:120} INFO - [2024-02-20T22:35:24.418+0000] {dag.py:2585} INFO - Sync 1 DAGs
[2024-02-20T22:35:24.434+0000] {logging_mixin.py:120} INFO - [2024-02-20T22:35:24.434+0000] {dag.py:3340} INFO - Setting next_dagrun for group_dag to 2024-02-19T00:00:00+00:00, run_after=2024-02-20T00:00:00+00:00
[2024-02-20T22:35:24.443+0000] {processor.py:176} INFO - Processing /opt/airflow/dags/group_dag.py took 0.074 seconds
[2024-02-20T22:35:55.319+0000] {processor.py:154} INFO - Started process (PID=581) to work on /opt/airflow/dags/group_dag.py
[2024-02-20T22:35:55.321+0000] {processor.py:756} INFO - Processing file /opt/airflow/dags/group_dag.py for tasks to queue
[2024-02-20T22:35:55.322+0000] {logging_mixin.py:120} INFO - [2024-02-20T22:35:55.322+0000] {dagbag.py:537} INFO - Filling up the DagBag from /opt/airflow/dags/group_dag.py
[2024-02-20T22:35:55.347+0000] {processor.py:766} INFO - DAG(s) dict_keys(['group_dag']) retrieved from /opt/airflow/dags/group_dag.py
[2024-02-20T22:35:55.377+0000] {logging_mixin.py:120} INFO - [2024-02-20T22:35:55.377+0000] {dag.py:2585} INFO - Sync 1 DAGs
[2024-02-20T22:35:55.392+0000] {logging_mixin.py:120} INFO - [2024-02-20T22:35:55.392+0000] {dag.py:3340} INFO - Setting next_dagrun for group_dag to 2024-02-19T00:00:00+00:00, run_after=2024-02-20T00:00:00+00:00
[2024-02-20T22:35:55.402+0000] {processor.py:176} INFO - Processing /opt/airflow/dags/group_dag.py took 0.088 seconds
[2024-02-20T22:36:26.397+0000] {processor.py:154} INFO - Started process (PID=618) to work on /opt/airflow/dags/group_dag.py
[2024-02-20T22:36:26.399+0000] {processor.py:756} INFO - Processing file /opt/airflow/dags/group_dag.py for tasks to queue
[2024-02-20T22:36:26.401+0000] {logging_mixin.py:120} INFO - [2024-02-20T22:36:26.401+0000] {dagbag.py:537} INFO - Filling up the DagBag from /opt/airflow/dags/group_dag.py
[2024-02-20T22:36:26.426+0000] {processor.py:766} INFO - DAG(s) dict_keys(['group_dag']) retrieved from /opt/airflow/dags/group_dag.py
[2024-02-20T22:36:26.454+0000] {logging_mixin.py:120} INFO - [2024-02-20T22:36:26.454+0000] {dag.py:2585} INFO - Sync 1 DAGs
[2024-02-20T22:36:26.469+0000] {logging_mixin.py:120} INFO - [2024-02-20T22:36:26.469+0000] {dag.py:3340} INFO - Setting next_dagrun for group_dag to 2024-02-19T00:00:00+00:00, run_after=2024-02-20T00:00:00+00:00
[2024-02-20T22:36:26.479+0000] {processor.py:176} INFO - Processing /opt/airflow/dags/group_dag.py took 0.092 seconds
[2024-02-20T22:36:57.333+0000] {processor.py:154} INFO - Started process (PID=655) to work on /opt/airflow/dags/group_dag.py
[2024-02-20T22:36:57.334+0000] {processor.py:756} INFO - Processing file /opt/airflow/dags/group_dag.py for tasks to queue
[2024-02-20T22:36:57.335+0000] {logging_mixin.py:120} INFO - [2024-02-20T22:36:57.335+0000] {dagbag.py:537} INFO - Filling up the DagBag from /opt/airflow/dags/group_dag.py
[2024-02-20T22:36:57.358+0000] {processor.py:766} INFO - DAG(s) dict_keys(['group_dag']) retrieved from /opt/airflow/dags/group_dag.py
[2024-02-20T22:36:57.385+0000] {logging_mixin.py:120} INFO - [2024-02-20T22:36:57.385+0000] {dag.py:2585} INFO - Sync 1 DAGs
[2024-02-20T22:36:57.399+0000] {logging_mixin.py:120} INFO - [2024-02-20T22:36:57.399+0000] {dag.py:3340} INFO - Setting next_dagrun for group_dag to 2024-02-19T00:00:00+00:00, run_after=2024-02-20T00:00:00+00:00
[2024-02-20T22:36:57.409+0000] {processor.py:176} INFO - Processing /opt/airflow/dags/group_dag.py took 0.081 seconds
[2024-02-20T22:37:27.463+0000] {processor.py:154} INFO - Started process (PID=691) to work on /opt/airflow/dags/group_dag.py
[2024-02-20T22:37:27.464+0000] {processor.py:756} INFO - Processing file /opt/airflow/dags/group_dag.py for tasks to queue
[2024-02-20T22:37:27.465+0000] {logging_mixin.py:120} INFO - [2024-02-20T22:37:27.464+0000] {dagbag.py:537} INFO - Filling up the DagBag from /opt/airflow/dags/group_dag.py
[2024-02-20T22:37:27.478+0000] {processor.py:766} INFO - DAG(s) dict_keys(['group_dag']) retrieved from /opt/airflow/dags/group_dag.py
[2024-02-20T22:37:27.500+0000] {logging_mixin.py:120} INFO - [2024-02-20T22:37:27.500+0000] {dag.py:2585} INFO - Sync 1 DAGs
[2024-02-20T22:37:27.514+0000] {logging_mixin.py:120} INFO - [2024-02-20T22:37:27.514+0000] {dag.py:3340} INFO - Setting next_dagrun for group_dag to 2024-02-19T00:00:00+00:00, run_after=2024-02-20T00:00:00+00:00
[2024-02-20T22:37:27.526+0000] {processor.py:176} INFO - Processing /opt/airflow/dags/group_dag.py took 0.064 seconds
[2024-02-20T22:37:58.662+0000] {processor.py:154} INFO - Started process (PID=721) to work on /opt/airflow/dags/group_dag.py
[2024-02-20T22:37:58.663+0000] {processor.py:756} INFO - Processing file /opt/airflow/dags/group_dag.py for tasks to queue
[2024-02-20T22:37:58.664+0000] {logging_mixin.py:120} INFO - [2024-02-20T22:37:58.664+0000] {dagbag.py:537} INFO - Filling up the DagBag from /opt/airflow/dags/group_dag.py
[2024-02-20T22:37:58.682+0000] {processor.py:766} INFO - DAG(s) dict_keys(['group_dag']) retrieved from /opt/airflow/dags/group_dag.py
[2024-02-20T22:37:58.711+0000] {logging_mixin.py:120} INFO - [2024-02-20T22:37:58.711+0000] {dag.py:2585} INFO - Sync 1 DAGs
[2024-02-20T22:37:58.728+0000] {logging_mixin.py:120} INFO - [2024-02-20T22:37:58.728+0000] {dag.py:3340} INFO - Setting next_dagrun for group_dag to 2024-02-19T00:00:00+00:00, run_after=2024-02-20T00:00:00+00:00
[2024-02-20T22:37:58.740+0000] {processor.py:176} INFO - Processing /opt/airflow/dags/group_dag.py took 0.081 seconds
[2024-02-20T22:38:29.795+0000] {processor.py:154} INFO - Started process (PID=758) to work on /opt/airflow/dags/group_dag.py
[2024-02-20T22:38:29.797+0000] {processor.py:756} INFO - Processing file /opt/airflow/dags/group_dag.py for tasks to queue
[2024-02-20T22:38:29.799+0000] {logging_mixin.py:120} INFO - [2024-02-20T22:38:29.799+0000] {dagbag.py:537} INFO - Filling up the DagBag from /opt/airflow/dags/group_dag.py
[2024-02-20T22:38:29.835+0000] {processor.py:766} INFO - DAG(s) dict_keys(['group_dag']) retrieved from /opt/airflow/dags/group_dag.py
[2024-02-20T22:38:29.874+0000] {logging_mixin.py:120} INFO - [2024-02-20T22:38:29.874+0000] {dag.py:2585} INFO - Sync 1 DAGs
[2024-02-20T22:38:29.908+0000] {logging_mixin.py:120} INFO - [2024-02-20T22:38:29.908+0000] {dag.py:3340} INFO - Setting next_dagrun for group_dag to 2024-02-19T00:00:00+00:00, run_after=2024-02-20T00:00:00+00:00
[2024-02-20T22:38:29.919+0000] {processor.py:176} INFO - Processing /opt/airflow/dags/group_dag.py took 0.127 seconds
[2024-02-20T22:39:00.857+0000] {processor.py:154} INFO - Started process (PID=795) to work on /opt/airflow/dags/group_dag.py
[2024-02-20T22:39:00.858+0000] {processor.py:756} INFO - Processing file /opt/airflow/dags/group_dag.py for tasks to queue
[2024-02-20T22:39:00.859+0000] {logging_mixin.py:120} INFO - [2024-02-20T22:39:00.859+0000] {dagbag.py:537} INFO - Filling up the DagBag from /opt/airflow/dags/group_dag.py
[2024-02-20T22:39:00.873+0000] {processor.py:766} INFO - DAG(s) dict_keys(['group_dag']) retrieved from /opt/airflow/dags/group_dag.py
[2024-02-20T22:39:00.894+0000] {logging_mixin.py:120} INFO - [2024-02-20T22:39:00.894+0000] {dag.py:2585} INFO - Sync 1 DAGs
[2024-02-20T22:39:00.908+0000] {logging_mixin.py:120} INFO - [2024-02-20T22:39:00.908+0000] {dag.py:3340} INFO - Setting next_dagrun for group_dag to 2024-02-19T00:00:00+00:00, run_after=2024-02-20T00:00:00+00:00
[2024-02-20T22:39:00.919+0000] {processor.py:176} INFO - Processing /opt/airflow/dags/group_dag.py took 0.063 seconds
[2024-02-20T22:39:31.902+0000] {processor.py:154} INFO - Started process (PID=832) to work on /opt/airflow/dags/group_dag.py
[2024-02-20T22:39:31.903+0000] {processor.py:756} INFO - Processing file /opt/airflow/dags/group_dag.py for tasks to queue
[2024-02-20T22:39:31.903+0000] {logging_mixin.py:120} INFO - [2024-02-20T22:39:31.903+0000] {dagbag.py:537} INFO - Filling up the DagBag from /opt/airflow/dags/group_dag.py
[2024-02-20T22:39:31.917+0000] {processor.py:766} INFO - DAG(s) dict_keys(['group_dag']) retrieved from /opt/airflow/dags/group_dag.py
[2024-02-20T22:39:31.942+0000] {logging_mixin.py:120} INFO - [2024-02-20T22:39:31.942+0000] {dag.py:2585} INFO - Sync 1 DAGs
[2024-02-20T22:39:31.956+0000] {logging_mixin.py:120} INFO - [2024-02-20T22:39:31.956+0000] {dag.py:3340} INFO - Setting next_dagrun for group_dag to 2024-02-19T00:00:00+00:00, run_after=2024-02-20T00:00:00+00:00
[2024-02-20T22:39:31.966+0000] {processor.py:176} INFO - Processing /opt/airflow/dags/group_dag.py took 0.067 seconds
[2024-02-20T22:40:02.861+0000] {processor.py:154} INFO - Started process (PID=869) to work on /opt/airflow/dags/group_dag.py
[2024-02-20T22:40:02.862+0000] {processor.py:756} INFO - Processing file /opt/airflow/dags/group_dag.py for tasks to queue
[2024-02-20T22:40:02.862+0000] {logging_mixin.py:120} INFO - [2024-02-20T22:40:02.862+0000] {dagbag.py:537} INFO - Filling up the DagBag from /opt/airflow/dags/group_dag.py
[2024-02-20T22:40:02.876+0000] {processor.py:766} INFO - DAG(s) dict_keys(['group_dag']) retrieved from /opt/airflow/dags/group_dag.py
[2024-02-20T22:40:02.897+0000] {logging_mixin.py:120} INFO - [2024-02-20T22:40:02.897+0000] {dag.py:2585} INFO - Sync 1 DAGs
[2024-02-20T22:40:02.911+0000] {logging_mixin.py:120} INFO - [2024-02-20T22:40:02.911+0000] {dag.py:3340} INFO - Setting next_dagrun for group_dag to 2024-02-19T00:00:00+00:00, run_after=2024-02-20T00:00:00+00:00
[2024-02-20T22:40:02.922+0000] {processor.py:176} INFO - Processing /opt/airflow/dags/group_dag.py took 0.063 seconds
[2024-02-20T22:40:33.798+0000] {processor.py:154} INFO - Started process (PID=906) to work on /opt/airflow/dags/group_dag.py
[2024-02-20T22:40:33.799+0000] {processor.py:756} INFO - Processing file /opt/airflow/dags/group_dag.py for tasks to queue
[2024-02-20T22:40:33.800+0000] {logging_mixin.py:120} INFO - [2024-02-20T22:40:33.800+0000] {dagbag.py:537} INFO - Filling up the DagBag from /opt/airflow/dags/group_dag.py
[2024-02-20T22:40:33.814+0000] {processor.py:766} INFO - DAG(s) dict_keys(['group_dag']) retrieved from /opt/airflow/dags/group_dag.py
[2024-02-20T22:40:33.837+0000] {logging_mixin.py:120} INFO - [2024-02-20T22:40:33.837+0000] {dag.py:2585} INFO - Sync 1 DAGs
[2024-02-20T22:40:33.853+0000] {logging_mixin.py:120} INFO - [2024-02-20T22:40:33.852+0000] {dag.py:3340} INFO - Setting next_dagrun for group_dag to 2024-02-19T00:00:00+00:00, run_after=2024-02-20T00:00:00+00:00
[2024-02-20T22:40:33.864+0000] {processor.py:176} INFO - Processing /opt/airflow/dags/group_dag.py took 0.068 seconds
[2024-02-20T22:41:05.062+0000] {processor.py:154} INFO - Started process (PID=943) to work on /opt/airflow/dags/group_dag.py
[2024-02-20T22:41:05.064+0000] {processor.py:756} INFO - Processing file /opt/airflow/dags/group_dag.py for tasks to queue
[2024-02-20T22:41:05.065+0000] {logging_mixin.py:120} INFO - [2024-02-20T22:41:05.065+0000] {dagbag.py:537} INFO - Filling up the DagBag from /opt/airflow/dags/group_dag.py
[2024-02-20T22:41:05.097+0000] {processor.py:766} INFO - DAG(s) dict_keys(['group_dag']) retrieved from /opt/airflow/dags/group_dag.py
[2024-02-20T22:41:05.169+0000] {logging_mixin.py:120} INFO - [2024-02-20T22:41:05.168+0000] {dag.py:2585} INFO - Sync 1 DAGs
[2024-02-20T22:41:05.194+0000] {logging_mixin.py:120} INFO - [2024-02-20T22:41:05.194+0000] {dag.py:3340} INFO - Setting next_dagrun for group_dag to 2024-02-19T00:00:00+00:00, run_after=2024-02-20T00:00:00+00:00
[2024-02-20T22:41:05.217+0000] {processor.py:176} INFO - Processing /opt/airflow/dags/group_dag.py took 0.160 seconds
[2024-02-20T22:41:35.407+0000] {processor.py:154} INFO - Started process (PID=971) to work on /opt/airflow/dags/group_dag.py
[2024-02-20T22:41:35.408+0000] {processor.py:756} INFO - Processing file /opt/airflow/dags/group_dag.py for tasks to queue
[2024-02-20T22:41:35.408+0000] {logging_mixin.py:120} INFO - [2024-02-20T22:41:35.408+0000] {dagbag.py:537} INFO - Filling up the DagBag from /opt/airflow/dags/group_dag.py
[2024-02-20T22:41:35.421+0000] {processor.py:766} INFO - DAG(s) dict_keys(['group_dag']) retrieved from /opt/airflow/dags/group_dag.py
[2024-02-20T22:41:35.446+0000] {logging_mixin.py:120} INFO - [2024-02-20T22:41:35.446+0000] {dag.py:2585} INFO - Sync 1 DAGs
[2024-02-20T22:41:35.461+0000] {logging_mixin.py:120} INFO - [2024-02-20T22:41:35.461+0000] {dag.py:3340} INFO - Setting next_dagrun for group_dag to 2024-02-19T00:00:00+00:00, run_after=2024-02-20T00:00:00+00:00
[2024-02-20T22:41:35.471+0000] {processor.py:176} INFO - Processing /opt/airflow/dags/group_dag.py took 0.065 seconds
[2024-02-20T22:42:06.544+0000] {processor.py:154} INFO - Started process (PID=1007) to work on /opt/airflow/dags/group_dag.py
[2024-02-20T22:42:06.545+0000] {processor.py:756} INFO - Processing file /opt/airflow/dags/group_dag.py for tasks to queue
[2024-02-20T22:42:06.545+0000] {logging_mixin.py:120} INFO - [2024-02-20T22:42:06.545+0000] {dagbag.py:537} INFO - Filling up the DagBag from /opt/airflow/dags/group_dag.py
[2024-02-20T22:42:06.559+0000] {processor.py:766} INFO - DAG(s) dict_keys(['group_dag']) retrieved from /opt/airflow/dags/group_dag.py
[2024-02-20T22:42:06.581+0000] {logging_mixin.py:120} INFO - [2024-02-20T22:42:06.581+0000] {dag.py:2585} INFO - Sync 1 DAGs
[2024-02-20T22:42:06.594+0000] {logging_mixin.py:120} INFO - [2024-02-20T22:42:06.594+0000] {dag.py:3340} INFO - Setting next_dagrun for group_dag to 2024-02-19T00:00:00+00:00, run_after=2024-02-20T00:00:00+00:00
[2024-02-20T22:42:06.605+0000] {processor.py:176} INFO - Processing /opt/airflow/dags/group_dag.py took 0.063 seconds
[2024-02-20T22:42:37.491+0000] {processor.py:154} INFO - Started process (PID=1043) to work on /opt/airflow/dags/group_dag.py
[2024-02-20T22:42:37.492+0000] {processor.py:756} INFO - Processing file /opt/airflow/dags/group_dag.py for tasks to queue
[2024-02-20T22:42:37.493+0000] {logging_mixin.py:120} INFO - [2024-02-20T22:42:37.492+0000] {dagbag.py:537} INFO - Filling up the DagBag from /opt/airflow/dags/group_dag.py
[2024-02-20T22:42:37.507+0000] {processor.py:766} INFO - DAG(s) dict_keys(['group_dag']) retrieved from /opt/airflow/dags/group_dag.py
[2024-02-20T22:42:37.529+0000] {logging_mixin.py:120} INFO - [2024-02-20T22:42:37.529+0000] {dag.py:2585} INFO - Sync 1 DAGs
[2024-02-20T22:42:37.543+0000] {logging_mixin.py:120} INFO - [2024-02-20T22:42:37.543+0000] {dag.py:3340} INFO - Setting next_dagrun for group_dag to 2024-02-19T00:00:00+00:00, run_after=2024-02-20T00:00:00+00:00
[2024-02-20T22:42:37.553+0000] {processor.py:176} INFO - Processing /opt/airflow/dags/group_dag.py took 0.065 seconds
[2024-02-20T22:43:08.511+0000] {processor.py:154} INFO - Started process (PID=1080) to work on /opt/airflow/dags/group_dag.py
[2024-02-20T22:43:08.513+0000] {processor.py:756} INFO - Processing file /opt/airflow/dags/group_dag.py for tasks to queue
[2024-02-20T22:43:08.513+0000] {logging_mixin.py:120} INFO - [2024-02-20T22:43:08.513+0000] {dagbag.py:537} INFO - Filling up the DagBag from /opt/airflow/dags/group_dag.py
[2024-02-20T22:43:08.578+0000] {processor.py:766} INFO - DAG(s) dict_keys(['group_dag']) retrieved from /opt/airflow/dags/group_dag.py
[2024-02-20T22:43:08.634+0000] {logging_mixin.py:120} INFO - [2024-02-20T22:43:08.634+0000] {dag.py:2585} INFO - Sync 1 DAGs
[2024-02-20T22:43:08.657+0000] {logging_mixin.py:120} INFO - [2024-02-20T22:43:08.656+0000] {dag.py:3340} INFO - Setting next_dagrun for group_dag to 2024-02-19T00:00:00+00:00, run_after=2024-02-20T00:00:00+00:00
[2024-02-20T22:43:08.669+0000] {processor.py:176} INFO - Processing /opt/airflow/dags/group_dag.py took 0.161 seconds
[2024-02-20T22:43:39.983+0000] {processor.py:154} INFO - Started process (PID=1117) to work on /opt/airflow/dags/group_dag.py
[2024-02-20T22:43:39.984+0000] {processor.py:756} INFO - Processing file /opt/airflow/dags/group_dag.py for tasks to queue
[2024-02-20T22:43:39.985+0000] {logging_mixin.py:120} INFO - [2024-02-20T22:43:39.985+0000] {dagbag.py:537} INFO - Filling up the DagBag from /opt/airflow/dags/group_dag.py
[2024-02-20T22:43:40.001+0000] {processor.py:766} INFO - DAG(s) dict_keys(['group_dag']) retrieved from /opt/airflow/dags/group_dag.py
[2024-02-20T22:43:40.028+0000] {logging_mixin.py:120} INFO - [2024-02-20T22:43:40.028+0000] {dag.py:2585} INFO - Sync 1 DAGs
[2024-02-20T22:43:40.043+0000] {logging_mixin.py:120} INFO - [2024-02-20T22:43:40.043+0000] {dag.py:3340} INFO - Setting next_dagrun for group_dag to 2024-02-19T00:00:00+00:00, run_after=2024-02-20T00:00:00+00:00
[2024-02-20T22:43:40.057+0000] {processor.py:176} INFO - Processing /opt/airflow/dags/group_dag.py took 0.079 seconds
[2024-02-20T22:44:11.147+0000] {processor.py:154} INFO - Started process (PID=1154) to work on /opt/airflow/dags/group_dag.py
[2024-02-20T22:44:11.150+0000] {processor.py:756} INFO - Processing file /opt/airflow/dags/group_dag.py for tasks to queue
[2024-02-20T22:44:11.154+0000] {logging_mixin.py:120} INFO - [2024-02-20T22:44:11.154+0000] {dagbag.py:537} INFO - Filling up the DagBag from /opt/airflow/dags/group_dag.py
[2024-02-20T22:44:11.184+0000] {processor.py:766} INFO - DAG(s) dict_keys(['group_dag']) retrieved from /opt/airflow/dags/group_dag.py
[2024-02-20T22:44:11.237+0000] {logging_mixin.py:120} INFO - [2024-02-20T22:44:11.237+0000] {dag.py:2585} INFO - Sync 1 DAGs
[2024-02-20T22:44:11.260+0000] {logging_mixin.py:120} INFO - [2024-02-20T22:44:11.259+0000] {dag.py:3340} INFO - Setting next_dagrun for group_dag to 2024-02-19T00:00:00+00:00, run_after=2024-02-20T00:00:00+00:00
[2024-02-20T22:44:11.276+0000] {processor.py:176} INFO - Processing /opt/airflow/dags/group_dag.py took 0.136 seconds
[2024-02-20T22:44:42.204+0000] {processor.py:154} INFO - Started process (PID=1182) to work on /opt/airflow/dags/group_dag.py
[2024-02-20T22:44:42.205+0000] {processor.py:756} INFO - Processing file /opt/airflow/dags/group_dag.py for tasks to queue
[2024-02-20T22:44:42.206+0000] {logging_mixin.py:120} INFO - [2024-02-20T22:44:42.206+0000] {dagbag.py:537} INFO - Filling up the DagBag from /opt/airflow/dags/group_dag.py
[2024-02-20T22:44:42.218+0000] {processor.py:766} INFO - DAG(s) dict_keys(['group_dag']) retrieved from /opt/airflow/dags/group_dag.py
[2024-02-20T22:44:42.240+0000] {logging_mixin.py:120} INFO - [2024-02-20T22:44:42.240+0000] {dag.py:2585} INFO - Sync 1 DAGs
[2024-02-20T22:44:42.254+0000] {logging_mixin.py:120} INFO - [2024-02-20T22:44:42.253+0000] {dag.py:3340} INFO - Setting next_dagrun for group_dag to 2024-02-19T00:00:00+00:00, run_after=2024-02-20T00:00:00+00:00
[2024-02-20T22:44:42.264+0000] {processor.py:176} INFO - Processing /opt/airflow/dags/group_dag.py took 0.062 seconds
[2024-02-20T22:45:13.199+0000] {processor.py:154} INFO - Started process (PID=1219) to work on /opt/airflow/dags/group_dag.py
[2024-02-20T22:45:13.199+0000] {processor.py:756} INFO - Processing file /opt/airflow/dags/group_dag.py for tasks to queue
[2024-02-20T22:45:13.200+0000] {logging_mixin.py:120} INFO - [2024-02-20T22:45:13.200+0000] {dagbag.py:537} INFO - Filling up the DagBag from /opt/airflow/dags/group_dag.py
[2024-02-20T22:45:13.213+0000] {processor.py:766} INFO - DAG(s) dict_keys(['group_dag']) retrieved from /opt/airflow/dags/group_dag.py
[2024-02-20T22:45:13.235+0000] {logging_mixin.py:120} INFO - [2024-02-20T22:45:13.235+0000] {dag.py:2585} INFO - Sync 1 DAGs
[2024-02-20T22:45:13.249+0000] {logging_mixin.py:120} INFO - [2024-02-20T22:45:13.249+0000] {dag.py:3340} INFO - Setting next_dagrun for group_dag to 2024-02-19T00:00:00+00:00, run_after=2024-02-20T00:00:00+00:00
[2024-02-20T22:45:13.259+0000] {processor.py:176} INFO - Processing /opt/airflow/dags/group_dag.py took 0.063 seconds
[2024-02-20T22:45:44.097+0000] {processor.py:154} INFO - Started process (PID=1256) to work on /opt/airflow/dags/group_dag.py
[2024-02-20T22:45:44.098+0000] {processor.py:756} INFO - Processing file /opt/airflow/dags/group_dag.py for tasks to queue
[2024-02-20T22:45:44.099+0000] {logging_mixin.py:120} INFO - [2024-02-20T22:45:44.098+0000] {dagbag.py:537} INFO - Filling up the DagBag from /opt/airflow/dags/group_dag.py
[2024-02-20T22:45:44.112+0000] {processor.py:766} INFO - DAG(s) dict_keys(['group_dag']) retrieved from /opt/airflow/dags/group_dag.py
[2024-02-20T22:45:44.135+0000] {logging_mixin.py:120} INFO - [2024-02-20T22:45:44.135+0000] {dag.py:2585} INFO - Sync 1 DAGs
[2024-02-20T22:45:44.149+0000] {logging_mixin.py:120} INFO - [2024-02-20T22:45:44.149+0000] {dag.py:3340} INFO - Setting next_dagrun for group_dag to 2024-02-19T00:00:00+00:00, run_after=2024-02-20T00:00:00+00:00
[2024-02-20T22:45:44.159+0000] {processor.py:176} INFO - Processing /opt/airflow/dags/group_dag.py took 0.066 seconds
[2024-02-20T22:46:15.150+0000] {processor.py:154} INFO - Started process (PID=1293) to work on /opt/airflow/dags/group_dag.py
[2024-02-20T22:46:15.151+0000] {processor.py:756} INFO - Processing file /opt/airflow/dags/group_dag.py for tasks to queue
[2024-02-20T22:46:15.152+0000] {logging_mixin.py:120} INFO - [2024-02-20T22:46:15.152+0000] {dagbag.py:537} INFO - Filling up the DagBag from /opt/airflow/dags/group_dag.py
[2024-02-20T22:46:15.168+0000] {processor.py:766} INFO - DAG(s) dict_keys(['group_dag']) retrieved from /opt/airflow/dags/group_dag.py
[2024-02-20T22:46:15.194+0000] {logging_mixin.py:120} INFO - [2024-02-20T22:46:15.194+0000] {dag.py:2585} INFO - Sync 1 DAGs
[2024-02-20T22:46:15.210+0000] {logging_mixin.py:120} INFO - [2024-02-20T22:46:15.210+0000] {dag.py:3340} INFO - Setting next_dagrun for group_dag to 2024-02-19T00:00:00+00:00, run_after=2024-02-20T00:00:00+00:00
[2024-02-20T22:46:15.220+0000] {processor.py:176} INFO - Processing /opt/airflow/dags/group_dag.py took 0.073 seconds
[2024-02-20T22:46:46.038+0000] {processor.py:154} INFO - Started process (PID=1329) to work on /opt/airflow/dags/group_dag.py
[2024-02-20T22:46:46.039+0000] {processor.py:756} INFO - Processing file /opt/airflow/dags/group_dag.py for tasks to queue
[2024-02-20T22:46:46.039+0000] {logging_mixin.py:120} INFO - [2024-02-20T22:46:46.039+0000] {dagbag.py:537} INFO - Filling up the DagBag from /opt/airflow/dags/group_dag.py
[2024-02-20T22:46:46.050+0000] {processor.py:766} INFO - DAG(s) dict_keys(['group_dag']) retrieved from /opt/airflow/dags/group_dag.py
[2024-02-20T22:46:46.078+0000] {logging_mixin.py:120} INFO - [2024-02-20T22:46:46.078+0000] {dag.py:2585} INFO - Sync 1 DAGs
[2024-02-20T22:46:46.093+0000] {logging_mixin.py:120} INFO - [2024-02-20T22:46:46.093+0000] {dag.py:3340} INFO - Setting next_dagrun for group_dag to 2024-02-19T00:00:00+00:00, run_after=2024-02-20T00:00:00+00:00
[2024-02-20T22:46:46.103+0000] {processor.py:176} INFO - Processing /opt/airflow/dags/group_dag.py took 0.067 seconds
[2024-02-20T22:47:17.011+0000] {processor.py:154} INFO - Started process (PID=1366) to work on /opt/airflow/dags/group_dag.py
[2024-02-20T22:47:17.012+0000] {processor.py:756} INFO - Processing file /opt/airflow/dags/group_dag.py for tasks to queue
[2024-02-20T22:47:17.013+0000] {logging_mixin.py:120} INFO - [2024-02-20T22:47:17.013+0000] {dagbag.py:537} INFO - Filling up the DagBag from /opt/airflow/dags/group_dag.py
[2024-02-20T22:47:17.032+0000] {processor.py:766} INFO - DAG(s) dict_keys(['group_dag']) retrieved from /opt/airflow/dags/group_dag.py
[2024-02-20T22:47:17.069+0000] {logging_mixin.py:120} INFO - [2024-02-20T22:47:17.069+0000] {dag.py:2585} INFO - Sync 1 DAGs
[2024-02-20T22:47:17.089+0000] {logging_mixin.py:120} INFO - [2024-02-20T22:47:17.089+0000] {dag.py:3340} INFO - Setting next_dagrun for group_dag to 2024-02-19T00:00:00+00:00, run_after=2024-02-20T00:00:00+00:00
[2024-02-20T22:47:17.102+0000] {processor.py:176} INFO - Processing /opt/airflow/dags/group_dag.py took 0.094 seconds
[2024-02-20T22:47:47.989+0000] {processor.py:154} INFO - Started process (PID=1393) to work on /opt/airflow/dags/group_dag.py
[2024-02-20T22:47:47.990+0000] {processor.py:756} INFO - Processing file /opt/airflow/dags/group_dag.py for tasks to queue
[2024-02-20T22:47:47.991+0000] {logging_mixin.py:120} INFO - [2024-02-20T22:47:47.991+0000] {dagbag.py:537} INFO - Filling up the DagBag from /opt/airflow/dags/group_dag.py
[2024-02-20T22:47:48.005+0000] {processor.py:766} INFO - DAG(s) dict_keys(['group_dag']) retrieved from /opt/airflow/dags/group_dag.py
[2024-02-20T22:47:48.030+0000] {logging_mixin.py:120} INFO - [2024-02-20T22:47:48.030+0000] {dag.py:2585} INFO - Sync 1 DAGs
[2024-02-20T22:47:48.044+0000] {logging_mixin.py:120} INFO - [2024-02-20T22:47:48.044+0000] {dag.py:3340} INFO - Setting next_dagrun for group_dag to 2024-02-19T00:00:00+00:00, run_after=2024-02-20T00:00:00+00:00
[2024-02-20T22:47:48.054+0000] {processor.py:176} INFO - Processing /opt/airflow/dags/group_dag.py took 0.067 seconds
[2024-02-20T22:48:18.918+0000] {processor.py:154} INFO - Started process (PID=1430) to work on /opt/airflow/dags/group_dag.py
[2024-02-20T22:48:18.919+0000] {processor.py:756} INFO - Processing file /opt/airflow/dags/group_dag.py for tasks to queue
[2024-02-20T22:48:18.920+0000] {logging_mixin.py:120} INFO - [2024-02-20T22:48:18.920+0000] {dagbag.py:537} INFO - Filling up the DagBag from /opt/airflow/dags/group_dag.py
[2024-02-20T22:48:18.933+0000] {processor.py:766} INFO - DAG(s) dict_keys(['group_dag']) retrieved from /opt/airflow/dags/group_dag.py
[2024-02-20T22:48:18.955+0000] {logging_mixin.py:120} INFO - [2024-02-20T22:48:18.954+0000] {dag.py:2585} INFO - Sync 1 DAGs
[2024-02-20T22:48:18.968+0000] {logging_mixin.py:120} INFO - [2024-02-20T22:48:18.968+0000] {dag.py:3340} INFO - Setting next_dagrun for group_dag to 2024-02-19T00:00:00+00:00, run_after=2024-02-20T00:00:00+00:00
[2024-02-20T22:48:18.982+0000] {processor.py:176} INFO - Processing /opt/airflow/dags/group_dag.py took 0.065 seconds
[2024-02-20T22:48:49.858+0000] {processor.py:154} INFO - Started process (PID=1467) to work on /opt/airflow/dags/group_dag.py
[2024-02-20T22:48:49.859+0000] {processor.py:756} INFO - Processing file /opt/airflow/dags/group_dag.py for tasks to queue
[2024-02-20T22:48:49.859+0000] {logging_mixin.py:120} INFO - [2024-02-20T22:48:49.859+0000] {dagbag.py:537} INFO - Filling up the DagBag from /opt/airflow/dags/group_dag.py
[2024-02-20T22:48:49.876+0000] {processor.py:766} INFO - DAG(s) dict_keys(['group_dag']) retrieved from /opt/airflow/dags/group_dag.py
[2024-02-20T22:48:49.899+0000] {logging_mixin.py:120} INFO - [2024-02-20T22:48:49.898+0000] {dag.py:2585} INFO - Sync 1 DAGs
[2024-02-20T22:48:49.916+0000] {logging_mixin.py:120} INFO - [2024-02-20T22:48:49.915+0000] {dag.py:3340} INFO - Setting next_dagrun for group_dag to 2024-02-19T00:00:00+00:00, run_after=2024-02-20T00:00:00+00:00
[2024-02-20T22:48:49.947+0000] {processor.py:176} INFO - Processing /opt/airflow/dags/group_dag.py took 0.093 seconds
[2024-02-20T22:49:20.817+0000] {processor.py:154} INFO - Started process (PID=1504) to work on /opt/airflow/dags/group_dag.py
[2024-02-20T22:49:20.818+0000] {processor.py:756} INFO - Processing file /opt/airflow/dags/group_dag.py for tasks to queue
[2024-02-20T22:49:20.818+0000] {logging_mixin.py:120} INFO - [2024-02-20T22:49:20.818+0000] {dagbag.py:537} INFO - Filling up the DagBag from /opt/airflow/dags/group_dag.py
[2024-02-20T22:49:20.832+0000] {processor.py:766} INFO - DAG(s) dict_keys(['group_dag']) retrieved from /opt/airflow/dags/group_dag.py
[2024-02-20T22:49:20.854+0000] {logging_mixin.py:120} INFO - [2024-02-20T22:49:20.854+0000] {dag.py:2585} INFO - Sync 1 DAGs
[2024-02-20T22:49:20.869+0000] {logging_mixin.py:120} INFO - [2024-02-20T22:49:20.869+0000] {dag.py:3340} INFO - Setting next_dagrun for group_dag to 2024-02-19T00:00:00+00:00, run_after=2024-02-20T00:00:00+00:00
[2024-02-20T22:49:20.879+0000] {processor.py:176} INFO - Processing /opt/airflow/dags/group_dag.py took 0.064 seconds
[2024-02-20T22:49:51.799+0000] {processor.py:154} INFO - Started process (PID=1541) to work on /opt/airflow/dags/group_dag.py
[2024-02-20T22:49:51.801+0000] {processor.py:756} INFO - Processing file /opt/airflow/dags/group_dag.py for tasks to queue
[2024-02-20T22:49:51.801+0000] {logging_mixin.py:120} INFO - [2024-02-20T22:49:51.801+0000] {dagbag.py:537} INFO - Filling up the DagBag from /opt/airflow/dags/group_dag.py
[2024-02-20T22:49:51.819+0000] {processor.py:766} INFO - DAG(s) dict_keys(['group_dag']) retrieved from /opt/airflow/dags/group_dag.py
[2024-02-20T22:49:51.847+0000] {logging_mixin.py:120} INFO - [2024-02-20T22:49:51.847+0000] {dag.py:2585} INFO - Sync 1 DAGs
[2024-02-20T22:49:51.863+0000] {logging_mixin.py:120} INFO - [2024-02-20T22:49:51.863+0000] {dag.py:3340} INFO - Setting next_dagrun for group_dag to 2024-02-19T00:00:00+00:00, run_after=2024-02-20T00:00:00+00:00
[2024-02-20T22:49:51.873+0000] {processor.py:176} INFO - Processing /opt/airflow/dags/group_dag.py took 0.078 seconds
[2024-02-20T22:50:22.840+0000] {processor.py:154} INFO - Started process (PID=1578) to work on /opt/airflow/dags/group_dag.py
[2024-02-20T22:50:22.842+0000] {processor.py:756} INFO - Processing file /opt/airflow/dags/group_dag.py for tasks to queue
[2024-02-20T22:50:22.842+0000] {logging_mixin.py:120} INFO - [2024-02-20T22:50:22.842+0000] {dagbag.py:537} INFO - Filling up the DagBag from /opt/airflow/dags/group_dag.py
[2024-02-20T22:50:22.862+0000] {processor.py:766} INFO - DAG(s) dict_keys(['group_dag']) retrieved from /opt/airflow/dags/group_dag.py
[2024-02-20T22:50:22.892+0000] {logging_mixin.py:120} INFO - [2024-02-20T22:50:22.892+0000] {dag.py:2585} INFO - Sync 1 DAGs
[2024-02-20T22:50:22.907+0000] {logging_mixin.py:120} INFO - [2024-02-20T22:50:22.907+0000] {dag.py:3340} INFO - Setting next_dagrun for group_dag to 2024-02-19T00:00:00+00:00, run_after=2024-02-20T00:00:00+00:00
[2024-02-20T22:50:22.916+0000] {processor.py:176} INFO - Processing /opt/airflow/dags/group_dag.py took 0.079 seconds
[2024-02-20T22:50:53.813+0000] {processor.py:154} INFO - Started process (PID=1615) to work on /opt/airflow/dags/group_dag.py
[2024-02-20T22:50:53.814+0000] {processor.py:756} INFO - Processing file /opt/airflow/dags/group_dag.py for tasks to queue
[2024-02-20T22:50:53.815+0000] {logging_mixin.py:120} INFO - [2024-02-20T22:50:53.815+0000] {dagbag.py:537} INFO - Filling up the DagBag from /opt/airflow/dags/group_dag.py
[2024-02-20T22:50:53.829+0000] {processor.py:766} INFO - DAG(s) dict_keys(['group_dag']) retrieved from /opt/airflow/dags/group_dag.py
[2024-02-20T22:50:53.855+0000] {logging_mixin.py:120} INFO - [2024-02-20T22:50:53.855+0000] {dag.py:2585} INFO - Sync 1 DAGs
[2024-02-20T22:50:53.869+0000] {logging_mixin.py:120} INFO - [2024-02-20T22:50:53.869+0000] {dag.py:3340} INFO - Setting next_dagrun for group_dag to 2024-02-19T00:00:00+00:00, run_after=2024-02-20T00:00:00+00:00
[2024-02-20T22:50:53.879+0000] {processor.py:176} INFO - Processing /opt/airflow/dags/group_dag.py took 0.068 seconds
[2024-02-20T22:51:24.776+0000] {processor.py:154} INFO - Started process (PID=1642) to work on /opt/airflow/dags/group_dag.py
[2024-02-20T22:51:24.777+0000] {processor.py:756} INFO - Processing file /opt/airflow/dags/group_dag.py for tasks to queue
[2024-02-20T22:51:24.778+0000] {logging_mixin.py:120} INFO - [2024-02-20T22:51:24.778+0000] {dagbag.py:537} INFO - Filling up the DagBag from /opt/airflow/dags/group_dag.py
[2024-02-20T22:51:24.791+0000] {processor.py:766} INFO - DAG(s) dict_keys(['group_dag']) retrieved from /opt/airflow/dags/group_dag.py
[2024-02-20T22:51:24.813+0000] {logging_mixin.py:120} INFO - [2024-02-20T22:51:24.813+0000] {dag.py:2585} INFO - Sync 1 DAGs
[2024-02-20T22:51:24.827+0000] {logging_mixin.py:120} INFO - [2024-02-20T22:51:24.827+0000] {dag.py:3340} INFO - Setting next_dagrun for group_dag to 2024-02-19T00:00:00+00:00, run_after=2024-02-20T00:00:00+00:00
[2024-02-20T22:51:24.837+0000] {processor.py:176} INFO - Processing /opt/airflow/dags/group_dag.py took 0.062 seconds
[2024-02-20T22:51:55.668+0000] {processor.py:154} INFO - Started process (PID=1679) to work on /opt/airflow/dags/group_dag.py
[2024-02-20T22:51:55.669+0000] {processor.py:756} INFO - Processing file /opt/airflow/dags/group_dag.py for tasks to queue
[2024-02-20T22:51:55.670+0000] {logging_mixin.py:120} INFO - [2024-02-20T22:51:55.670+0000] {dagbag.py:537} INFO - Filling up the DagBag from /opt/airflow/dags/group_dag.py
[2024-02-20T22:51:55.683+0000] {processor.py:766} INFO - DAG(s) dict_keys(['group_dag']) retrieved from /opt/airflow/dags/group_dag.py
[2024-02-20T22:51:55.705+0000] {logging_mixin.py:120} INFO - [2024-02-20T22:51:55.705+0000] {dag.py:2585} INFO - Sync 1 DAGs
[2024-02-20T22:51:55.719+0000] {logging_mixin.py:120} INFO - [2024-02-20T22:51:55.719+0000] {dag.py:3340} INFO - Setting next_dagrun for group_dag to 2024-02-19T00:00:00+00:00, run_after=2024-02-20T00:00:00+00:00
[2024-02-20T22:51:55.729+0000] {processor.py:176} INFO - Processing /opt/airflow/dags/group_dag.py took 0.064 seconds
[2024-02-20T22:52:26.536+0000] {processor.py:154} INFO - Started process (PID=1715) to work on /opt/airflow/dags/group_dag.py
[2024-02-20T22:52:26.537+0000] {processor.py:756} INFO - Processing file /opt/airflow/dags/group_dag.py for tasks to queue
[2024-02-20T22:52:26.537+0000] {logging_mixin.py:120} INFO - [2024-02-20T22:52:26.537+0000] {dagbag.py:537} INFO - Filling up the DagBag from /opt/airflow/dags/group_dag.py
[2024-02-20T22:52:26.549+0000] {processor.py:766} INFO - DAG(s) dict_keys(['group_dag']) retrieved from /opt/airflow/dags/group_dag.py
[2024-02-20T22:52:26.572+0000] {logging_mixin.py:120} INFO - [2024-02-20T22:52:26.571+0000] {dag.py:2585} INFO - Sync 1 DAGs
[2024-02-20T22:52:26.586+0000] {logging_mixin.py:120} INFO - [2024-02-20T22:52:26.586+0000] {dag.py:3340} INFO - Setting next_dagrun for group_dag to 2024-02-19T00:00:00+00:00, run_after=2024-02-20T00:00:00+00:00
[2024-02-20T22:52:26.595+0000] {processor.py:176} INFO - Processing /opt/airflow/dags/group_dag.py took 0.061 seconds
[2024-02-20T22:52:57.491+0000] {processor.py:154} INFO - Started process (PID=1753) to work on /opt/airflow/dags/group_dag.py
[2024-02-20T22:52:57.493+0000] {processor.py:756} INFO - Processing file /opt/airflow/dags/group_dag.py for tasks to queue
[2024-02-20T22:52:57.493+0000] {logging_mixin.py:120} INFO - [2024-02-20T22:52:57.493+0000] {dagbag.py:537} INFO - Filling up the DagBag from /opt/airflow/dags/group_dag.py
[2024-02-20T22:52:57.513+0000] {processor.py:766} INFO - DAG(s) dict_keys(['group_dag']) retrieved from /opt/airflow/dags/group_dag.py
[2024-02-20T22:52:57.556+0000] {logging_mixin.py:120} INFO - [2024-02-20T22:52:57.556+0000] {dag.py:2585} INFO - Sync 1 DAGs
[2024-02-20T22:52:57.586+0000] {logging_mixin.py:120} INFO - [2024-02-20T22:52:57.586+0000] {dag.py:3340} INFO - Setting next_dagrun for group_dag to 2024-02-19T00:00:00+00:00, run_after=2024-02-20T00:00:00+00:00
[2024-02-20T22:52:57.617+0000] {processor.py:176} INFO - Processing /opt/airflow/dags/group_dag.py took 0.129 seconds
[2024-02-20T22:53:28.453+0000] {processor.py:154} INFO - Started process (PID=1790) to work on /opt/airflow/dags/group_dag.py
[2024-02-20T22:53:28.453+0000] {processor.py:756} INFO - Processing file /opt/airflow/dags/group_dag.py for tasks to queue
[2024-02-20T22:53:28.454+0000] {logging_mixin.py:120} INFO - [2024-02-20T22:53:28.454+0000] {dagbag.py:537} INFO - Filling up the DagBag from /opt/airflow/dags/group_dag.py
[2024-02-20T22:53:28.467+0000] {processor.py:766} INFO - DAG(s) dict_keys(['group_dag']) retrieved from /opt/airflow/dags/group_dag.py
[2024-02-20T22:53:28.492+0000] {logging_mixin.py:120} INFO - [2024-02-20T22:53:28.492+0000] {dag.py:2585} INFO - Sync 1 DAGs
[2024-02-20T22:53:28.506+0000] {logging_mixin.py:120} INFO - [2024-02-20T22:53:28.506+0000] {dag.py:3340} INFO - Setting next_dagrun for group_dag to 2024-02-19T00:00:00+00:00, run_after=2024-02-20T00:00:00+00:00
[2024-02-20T22:53:28.516+0000] {processor.py:176} INFO - Processing /opt/airflow/dags/group_dag.py took 0.065 seconds
[2024-02-20T22:53:59.415+0000] {processor.py:154} INFO - Started process (PID=1827) to work on /opt/airflow/dags/group_dag.py
[2024-02-20T22:53:59.416+0000] {processor.py:756} INFO - Processing file /opt/airflow/dags/group_dag.py for tasks to queue
[2024-02-20T22:53:59.417+0000] {logging_mixin.py:120} INFO - [2024-02-20T22:53:59.417+0000] {dagbag.py:537} INFO - Filling up the DagBag from /opt/airflow/dags/group_dag.py
[2024-02-20T22:53:59.430+0000] {processor.py:766} INFO - DAG(s) dict_keys(['group_dag']) retrieved from /opt/airflow/dags/group_dag.py
[2024-02-20T22:53:59.453+0000] {logging_mixin.py:120} INFO - [2024-02-20T22:53:59.453+0000] {dag.py:2585} INFO - Sync 1 DAGs
[2024-02-20T22:53:59.467+0000] {logging_mixin.py:120} INFO - [2024-02-20T22:53:59.466+0000] {dag.py:3340} INFO - Setting next_dagrun for group_dag to 2024-02-19T00:00:00+00:00, run_after=2024-02-20T00:00:00+00:00
[2024-02-20T22:53:59.476+0000] {processor.py:176} INFO - Processing /opt/airflow/dags/group_dag.py took 0.064 seconds
[2024-02-20T22:54:31.343+0000] {processor.py:154} INFO - Started process (PID=1864) to work on /opt/airflow/dags/group_dag.py
[2024-02-20T22:54:31.344+0000] {processor.py:756} INFO - Processing file /opt/airflow/dags/group_dag.py for tasks to queue
[2024-02-20T22:54:31.345+0000] {logging_mixin.py:120} INFO - [2024-02-20T22:54:31.344+0000] {dagbag.py:537} INFO - Filling up the DagBag from /opt/airflow/dags/group_dag.py
[2024-02-20T22:54:31.360+0000] {processor.py:766} INFO - DAG(s) dict_keys(['group_dag']) retrieved from /opt/airflow/dags/group_dag.py
[2024-02-20T22:54:31.386+0000] {logging_mixin.py:120} INFO - [2024-02-20T22:54:31.385+0000] {dag.py:2585} INFO - Sync 1 DAGs
[2024-02-20T22:54:31.404+0000] {logging_mixin.py:120} INFO - [2024-02-20T22:54:31.404+0000] {dag.py:3340} INFO - Setting next_dagrun for group_dag to 2024-02-19T00:00:00+00:00, run_after=2024-02-20T00:00:00+00:00
[2024-02-20T22:54:31.416+0000] {processor.py:176} INFO - Processing /opt/airflow/dags/group_dag.py took 0.075 seconds
[2024-02-20T23:24:17.713+0000] {processor.py:154} INFO - Started process (PID=57) to work on /opt/airflow/dags/group_dag.py
[2024-02-20T23:24:17.716+0000] {processor.py:756} INFO - Processing file /opt/airflow/dags/group_dag.py for tasks to queue
[2024-02-20T23:24:17.718+0000] {logging_mixin.py:120} INFO - [2024-02-20T23:24:17.717+0000] {dagbag.py:537} INFO - Filling up the DagBag from /opt/airflow/dags/group_dag.py
[2024-02-20T23:24:17.767+0000] {processor.py:766} INFO - DAG(s) dict_keys(['group_dag']) retrieved from /opt/airflow/dags/group_dag.py
[2024-02-20T23:24:17.824+0000] {logging_mixin.py:120} INFO - [2024-02-20T23:24:17.824+0000] {dag.py:2585} INFO - Sync 1 DAGs
[2024-02-20T23:24:17.857+0000] {logging_mixin.py:120} INFO - [2024-02-20T23:24:17.857+0000] {dag.py:3340} INFO - Setting next_dagrun for group_dag to 2024-02-19T00:00:00+00:00, run_after=2024-02-20T00:00:00+00:00
[2024-02-20T23:24:17.893+0000] {processor.py:176} INFO - Processing /opt/airflow/dags/group_dag.py took 0.193 seconds
[2024-02-20T23:24:49.885+0000] {processor.py:154} INFO - Started process (PID=85) to work on /opt/airflow/dags/group_dag.py
[2024-02-20T23:24:49.887+0000] {processor.py:756} INFO - Processing file /opt/airflow/dags/group_dag.py for tasks to queue
[2024-02-20T23:24:49.889+0000] {logging_mixin.py:120} INFO - [2024-02-20T23:24:49.888+0000] {dagbag.py:537} INFO - Filling up the DagBag from /opt/airflow/dags/group_dag.py
[2024-02-20T23:24:49.960+0000] {processor.py:766} INFO - DAG(s) dict_keys(['group_dag']) retrieved from /opt/airflow/dags/group_dag.py
[2024-02-20T23:24:50.124+0000] {logging_mixin.py:120} INFO - [2024-02-20T23:24:50.124+0000] {dag.py:2585} INFO - Sync 1 DAGs
[2024-02-20T23:24:50.168+0000] {logging_mixin.py:120} INFO - [2024-02-20T23:24:50.168+0000] {dag.py:3340} INFO - Setting next_dagrun for group_dag to 2024-02-19T00:00:00+00:00, run_after=2024-02-20T00:00:00+00:00
[2024-02-20T23:24:50.202+0000] {processor.py:176} INFO - Processing /opt/airflow/dags/group_dag.py took 0.323 seconds
[2024-02-20T23:25:20.334+0000] {processor.py:154} INFO - Started process (PID=123) to work on /opt/airflow/dags/group_dag.py
[2024-02-20T23:25:20.335+0000] {processor.py:756} INFO - Processing file /opt/airflow/dags/group_dag.py for tasks to queue
[2024-02-20T23:25:20.335+0000] {logging_mixin.py:120} INFO - [2024-02-20T23:25:20.335+0000] {dagbag.py:537} INFO - Filling up the DagBag from /opt/airflow/dags/group_dag.py
[2024-02-20T23:25:20.348+0000] {processor.py:766} INFO - DAG(s) dict_keys(['group_dag']) retrieved from /opt/airflow/dags/group_dag.py
[2024-02-20T23:25:20.387+0000] {logging_mixin.py:120} INFO - [2024-02-20T23:25:20.386+0000] {dag.py:2585} INFO - Sync 1 DAGs
[2024-02-20T23:25:20.447+0000] {logging_mixin.py:120} INFO - [2024-02-20T23:25:20.446+0000] {dag.py:3340} INFO - Setting next_dagrun for group_dag to 2024-02-19T00:00:00+00:00, run_after=2024-02-20T00:00:00+00:00
[2024-02-20T23:25:20.463+0000] {processor.py:176} INFO - Processing /opt/airflow/dags/group_dag.py took 0.131 seconds
[2024-02-20T23:25:51.464+0000] {processor.py:154} INFO - Started process (PID=159) to work on /opt/airflow/dags/group_dag.py
[2024-02-20T23:25:51.465+0000] {processor.py:756} INFO - Processing file /opt/airflow/dags/group_dag.py for tasks to queue
[2024-02-20T23:25:51.465+0000] {logging_mixin.py:120} INFO - [2024-02-20T23:25:51.465+0000] {dagbag.py:537} INFO - Filling up the DagBag from /opt/airflow/dags/group_dag.py
[2024-02-20T23:25:51.477+0000] {processor.py:766} INFO - DAG(s) dict_keys(['group_dag']) retrieved from /opt/airflow/dags/group_dag.py
[2024-02-20T23:25:51.497+0000] {logging_mixin.py:120} INFO - [2024-02-20T23:25:51.497+0000] {dag.py:2585} INFO - Sync 1 DAGs
[2024-02-20T23:25:51.510+0000] {logging_mixin.py:120} INFO - [2024-02-20T23:25:51.510+0000] {dag.py:3340} INFO - Setting next_dagrun for group_dag to 2024-02-19T00:00:00+00:00, run_after=2024-02-20T00:00:00+00:00
[2024-02-20T23:25:51.519+0000] {processor.py:176} INFO - Processing /opt/airflow/dags/group_dag.py took 0.057 seconds
[2024-02-20T23:26:22.394+0000] {processor.py:154} INFO - Started process (PID=195) to work on /opt/airflow/dags/group_dag.py
[2024-02-20T23:26:22.395+0000] {processor.py:756} INFO - Processing file /opt/airflow/dags/group_dag.py for tasks to queue
[2024-02-20T23:26:22.396+0000] {logging_mixin.py:120} INFO - [2024-02-20T23:26:22.396+0000] {dagbag.py:537} INFO - Filling up the DagBag from /opt/airflow/dags/group_dag.py
[2024-02-20T23:26:22.408+0000] {processor.py:766} INFO - DAG(s) dict_keys(['group_dag']) retrieved from /opt/airflow/dags/group_dag.py
[2024-02-20T23:26:22.428+0000] {logging_mixin.py:120} INFO - [2024-02-20T23:26:22.428+0000] {dag.py:2585} INFO - Sync 1 DAGs
[2024-02-20T23:26:22.442+0000] {logging_mixin.py:120} INFO - [2024-02-20T23:26:22.442+0000] {dag.py:3340} INFO - Setting next_dagrun for group_dag to 2024-02-19T00:00:00+00:00, run_after=2024-02-20T00:00:00+00:00
[2024-02-20T23:26:22.452+0000] {processor.py:176} INFO - Processing /opt/airflow/dags/group_dag.py took 0.059 seconds
[2024-02-20T23:26:53.311+0000] {processor.py:154} INFO - Started process (PID=231) to work on /opt/airflow/dags/group_dag.py
[2024-02-20T23:26:53.312+0000] {processor.py:756} INFO - Processing file /opt/airflow/dags/group_dag.py for tasks to queue
[2024-02-20T23:26:53.312+0000] {logging_mixin.py:120} INFO - [2024-02-20T23:26:53.312+0000] {dagbag.py:537} INFO - Filling up the DagBag from /opt/airflow/dags/group_dag.py
[2024-02-20T23:26:53.325+0000] {processor.py:766} INFO - DAG(s) dict_keys(['group_dag']) retrieved from /opt/airflow/dags/group_dag.py
[2024-02-20T23:26:53.347+0000] {logging_mixin.py:120} INFO - [2024-02-20T23:26:53.347+0000] {dag.py:2585} INFO - Sync 1 DAGs
[2024-02-20T23:26:53.362+0000] {logging_mixin.py:120} INFO - [2024-02-20T23:26:53.362+0000] {dag.py:3340} INFO - Setting next_dagrun for group_dag to 2024-02-19T00:00:00+00:00, run_after=2024-02-20T00:00:00+00:00
[2024-02-20T23:26:53.372+0000] {processor.py:176} INFO - Processing /opt/airflow/dags/group_dag.py took 0.063 seconds
[2024-02-20T23:27:24.213+0000] {processor.py:154} INFO - Started process (PID=267) to work on /opt/airflow/dags/group_dag.py
[2024-02-20T23:27:24.213+0000] {processor.py:756} INFO - Processing file /opt/airflow/dags/group_dag.py for tasks to queue
[2024-02-20T23:27:24.214+0000] {logging_mixin.py:120} INFO - [2024-02-20T23:27:24.214+0000] {dagbag.py:537} INFO - Filling up the DagBag from /opt/airflow/dags/group_dag.py
[2024-02-20T23:27:24.240+0000] {processor.py:766} INFO - DAG(s) dict_keys(['group_dag']) retrieved from /opt/airflow/dags/group_dag.py
[2024-02-20T23:27:24.273+0000] {logging_mixin.py:120} INFO - [2024-02-20T23:27:24.273+0000] {dag.py:2585} INFO - Sync 1 DAGs
[2024-02-20T23:27:24.289+0000] {logging_mixin.py:120} INFO - [2024-02-20T23:27:24.289+0000] {dag.py:3340} INFO - Setting next_dagrun for group_dag to 2024-02-19T00:00:00+00:00, run_after=2024-02-20T00:00:00+00:00
[2024-02-20T23:27:24.299+0000] {processor.py:176} INFO - Processing /opt/airflow/dags/group_dag.py took 0.089 seconds
