[2024-02-20T22:28:07.455+0000] {processor.py:154} INFO - Started process (PID=54) to work on /opt/airflow/dags/inside_group_dag.py
[2024-02-20T22:28:07.458+0000] {processor.py:756} INFO - Processing file /opt/airflow/dags/inside_group_dag.py for tasks to queue
[2024-02-20T22:28:07.460+0000] {logging_mixin.py:120} INFO - [2024-02-20T22:28:07.460+0000] {dagbag.py:537} INFO - Filling up the DagBag from /opt/airflow/dags/inside_group_dag.py
[2024-02-20T22:28:07.504+0000] {processor.py:766} INFO - DAG(s) dict_keys(['inside_group_dag']) retrieved from /opt/airflow/dags/inside_group_dag.py
[2024-02-20T22:28:07.592+0000] {logging_mixin.py:120} INFO - [2024-02-20T22:28:07.591+0000] {dag.py:2585} INFO - Sync 1 DAGs
[2024-02-20T22:28:07.629+0000] {logging_mixin.py:120} INFO - [2024-02-20T22:28:07.629+0000] {dag.py:3340} INFO - Setting next_dagrun for inside_group_dag to 2024-02-19T00:00:00+00:00, run_after=2024-02-20T00:00:00+00:00
[2024-02-20T22:28:07.652+0000] {processor.py:176} INFO - Processing /opt/airflow/dags/inside_group_dag.py took 0.202 seconds
[2024-02-20T22:28:38.647+0000] {processor.py:154} INFO - Started process (PID=91) to work on /opt/airflow/dags/inside_group_dag.py
[2024-02-20T22:28:38.648+0000] {processor.py:756} INFO - Processing file /opt/airflow/dags/inside_group_dag.py for tasks to queue
[2024-02-20T22:28:38.648+0000] {logging_mixin.py:120} INFO - [2024-02-20T22:28:38.648+0000] {dagbag.py:537} INFO - Filling up the DagBag from /opt/airflow/dags/inside_group_dag.py
[2024-02-20T22:28:38.667+0000] {processor.py:766} INFO - DAG(s) dict_keys(['inside_group_dag']) retrieved from /opt/airflow/dags/inside_group_dag.py
[2024-02-20T22:28:38.691+0000] {logging_mixin.py:120} INFO - [2024-02-20T22:28:38.690+0000] {dag.py:2585} INFO - Sync 1 DAGs
[2024-02-20T22:28:38.705+0000] {logging_mixin.py:120} INFO - [2024-02-20T22:28:38.705+0000] {dag.py:3340} INFO - Setting next_dagrun for inside_group_dag to 2024-02-19T00:00:00+00:00, run_after=2024-02-20T00:00:00+00:00
[2024-02-20T22:28:38.714+0000] {processor.py:176} INFO - Processing /opt/airflow/dags/inside_group_dag.py took 0.069 seconds
[2024-02-20T22:29:09.789+0000] {processor.py:154} INFO - Started process (PID=128) to work on /opt/airflow/dags/inside_group_dag.py
[2024-02-20T22:29:09.790+0000] {processor.py:756} INFO - Processing file /opt/airflow/dags/inside_group_dag.py for tasks to queue
[2024-02-20T22:29:09.791+0000] {logging_mixin.py:120} INFO - [2024-02-20T22:29:09.791+0000] {dagbag.py:537} INFO - Filling up the DagBag from /opt/airflow/dags/inside_group_dag.py
[2024-02-20T22:29:09.807+0000] {processor.py:766} INFO - DAG(s) dict_keys(['inside_group_dag']) retrieved from /opt/airflow/dags/inside_group_dag.py
[2024-02-20T22:29:09.833+0000] {logging_mixin.py:120} INFO - [2024-02-20T22:29:09.833+0000] {dag.py:2585} INFO - Sync 1 DAGs
[2024-02-20T22:29:09.849+0000] {logging_mixin.py:120} INFO - [2024-02-20T22:29:09.849+0000] {dag.py:3340} INFO - Setting next_dagrun for inside_group_dag to 2024-02-19T00:00:00+00:00, run_after=2024-02-20T00:00:00+00:00
[2024-02-20T22:29:09.860+0000] {processor.py:176} INFO - Processing /opt/airflow/dags/inside_group_dag.py took 0.072 seconds
[2024-02-20T22:29:40.831+0000] {processor.py:154} INFO - Started process (PID=156) to work on /opt/airflow/dags/inside_group_dag.py
[2024-02-20T22:29:40.832+0000] {processor.py:756} INFO - Processing file /opt/airflow/dags/inside_group_dag.py for tasks to queue
[2024-02-20T22:29:40.832+0000] {logging_mixin.py:120} INFO - [2024-02-20T22:29:40.832+0000] {dagbag.py:537} INFO - Filling up the DagBag from /opt/airflow/dags/inside_group_dag.py
[2024-02-20T22:29:40.845+0000] {processor.py:766} INFO - DAG(s) dict_keys(['inside_group_dag']) retrieved from /opt/airflow/dags/inside_group_dag.py
[2024-02-20T22:29:40.866+0000] {logging_mixin.py:120} INFO - [2024-02-20T22:29:40.866+0000] {dag.py:2585} INFO - Sync 1 DAGs
[2024-02-20T22:29:40.879+0000] {logging_mixin.py:120} INFO - [2024-02-20T22:29:40.879+0000] {dag.py:3340} INFO - Setting next_dagrun for inside_group_dag to 2024-02-19T00:00:00+00:00, run_after=2024-02-20T00:00:00+00:00
[2024-02-20T22:29:40.889+0000] {processor.py:176} INFO - Processing /opt/airflow/dags/inside_group_dag.py took 0.060 seconds
[2024-02-20T22:30:11.863+0000] {processor.py:154} INFO - Started process (PID=193) to work on /opt/airflow/dags/inside_group_dag.py
[2024-02-20T22:30:11.864+0000] {processor.py:756} INFO - Processing file /opt/airflow/dags/inside_group_dag.py for tasks to queue
[2024-02-20T22:30:11.864+0000] {logging_mixin.py:120} INFO - [2024-02-20T22:30:11.864+0000] {dagbag.py:537} INFO - Filling up the DagBag from /opt/airflow/dags/inside_group_dag.py
[2024-02-20T22:30:11.877+0000] {processor.py:766} INFO - DAG(s) dict_keys(['inside_group_dag']) retrieved from /opt/airflow/dags/inside_group_dag.py
[2024-02-20T22:30:11.900+0000] {logging_mixin.py:120} INFO - [2024-02-20T22:30:11.899+0000] {dag.py:2585} INFO - Sync 1 DAGs
[2024-02-20T22:30:11.914+0000] {logging_mixin.py:120} INFO - [2024-02-20T22:30:11.913+0000] {dag.py:3340} INFO - Setting next_dagrun for inside_group_dag to 2024-02-19T00:00:00+00:00, run_after=2024-02-20T00:00:00+00:00
[2024-02-20T22:30:11.923+0000] {processor.py:176} INFO - Processing /opt/airflow/dags/inside_group_dag.py took 0.062 seconds
[2024-02-20T22:30:42.741+0000] {processor.py:154} INFO - Started process (PID=229) to work on /opt/airflow/dags/inside_group_dag.py
[2024-02-20T22:30:42.742+0000] {processor.py:756} INFO - Processing file /opt/airflow/dags/inside_group_dag.py for tasks to queue
[2024-02-20T22:30:42.742+0000] {logging_mixin.py:120} INFO - [2024-02-20T22:30:42.742+0000] {dagbag.py:537} INFO - Filling up the DagBag from /opt/airflow/dags/inside_group_dag.py
[2024-02-20T22:30:42.761+0000] {processor.py:766} INFO - DAG(s) dict_keys(['inside_group_dag']) retrieved from /opt/airflow/dags/inside_group_dag.py
[2024-02-20T22:30:42.783+0000] {logging_mixin.py:120} INFO - [2024-02-20T22:30:42.783+0000] {dag.py:2585} INFO - Sync 1 DAGs
[2024-02-20T22:30:42.796+0000] {logging_mixin.py:120} INFO - [2024-02-20T22:30:42.796+0000] {dag.py:3340} INFO - Setting next_dagrun for inside_group_dag to 2024-02-19T00:00:00+00:00, run_after=2024-02-20T00:00:00+00:00
[2024-02-20T22:30:42.806+0000] {processor.py:176} INFO - Processing /opt/airflow/dags/inside_group_dag.py took 0.066 seconds
[2024-02-20T22:31:13.750+0000] {processor.py:154} INFO - Started process (PID=266) to work on /opt/airflow/dags/inside_group_dag.py
[2024-02-20T22:31:13.751+0000] {processor.py:756} INFO - Processing file /opt/airflow/dags/inside_group_dag.py for tasks to queue
[2024-02-20T22:31:13.751+0000] {logging_mixin.py:120} INFO - [2024-02-20T22:31:13.751+0000] {dagbag.py:537} INFO - Filling up the DagBag from /opt/airflow/dags/inside_group_dag.py
[2024-02-20T22:31:13.765+0000] {processor.py:766} INFO - DAG(s) dict_keys(['inside_group_dag']) retrieved from /opt/airflow/dags/inside_group_dag.py
[2024-02-20T22:31:13.787+0000] {logging_mixin.py:120} INFO - [2024-02-20T22:31:13.787+0000] {dag.py:2585} INFO - Sync 1 DAGs
[2024-02-20T22:31:13.803+0000] {logging_mixin.py:120} INFO - [2024-02-20T22:31:13.803+0000] {dag.py:3340} INFO - Setting next_dagrun for inside_group_dag to 2024-02-19T00:00:00+00:00, run_after=2024-02-20T00:00:00+00:00
[2024-02-20T22:31:13.812+0000] {processor.py:176} INFO - Processing /opt/airflow/dags/inside_group_dag.py took 0.065 seconds
[2024-02-20T22:31:46.560+0000] {processor.py:154} INFO - Started process (PID=303) to work on /opt/airflow/dags/inside_group_dag.py
[2024-02-20T22:31:46.561+0000] {processor.py:756} INFO - Processing file /opt/airflow/dags/inside_group_dag.py for tasks to queue
[2024-02-20T22:31:46.564+0000] {logging_mixin.py:120} INFO - [2024-02-20T22:31:46.564+0000] {dagbag.py:537} INFO - Filling up the DagBag from /opt/airflow/dags/inside_group_dag.py
[2024-02-20T22:31:46.610+0000] {processor.py:766} INFO - DAG(s) dict_keys(['inside_group_dag']) retrieved from /opt/airflow/dags/inside_group_dag.py
[2024-02-20T22:31:46.653+0000] {logging_mixin.py:120} INFO - [2024-02-20T22:31:46.653+0000] {dag.py:2585} INFO - Sync 1 DAGs
[2024-02-20T22:31:46.671+0000] {logging_mixin.py:120} INFO - [2024-02-20T22:31:46.671+0000] {dag.py:3340} INFO - Setting next_dagrun for inside_group_dag to 2024-02-19T00:00:00+00:00, run_after=2024-02-20T00:00:00+00:00
[2024-02-20T22:31:46.682+0000] {processor.py:176} INFO - Processing /opt/airflow/dags/inside_group_dag.py took 0.129 seconds
[2024-02-20T22:32:16.746+0000] {processor.py:154} INFO - Started process (PID=331) to work on /opt/airflow/dags/inside_group_dag.py
[2024-02-20T22:32:16.747+0000] {processor.py:756} INFO - Processing file /opt/airflow/dags/inside_group_dag.py for tasks to queue
[2024-02-20T22:32:16.748+0000] {logging_mixin.py:120} INFO - [2024-02-20T22:32:16.747+0000] {dagbag.py:537} INFO - Filling up the DagBag from /opt/airflow/dags/inside_group_dag.py
[2024-02-20T22:32:16.759+0000] {processor.py:766} INFO - DAG(s) dict_keys(['inside_group_dag']) retrieved from /opt/airflow/dags/inside_group_dag.py
[2024-02-20T22:32:16.780+0000] {logging_mixin.py:120} INFO - [2024-02-20T22:32:16.780+0000] {dag.py:2585} INFO - Sync 1 DAGs
[2024-02-20T22:32:16.793+0000] {logging_mixin.py:120} INFO - [2024-02-20T22:32:16.793+0000] {dag.py:3340} INFO - Setting next_dagrun for inside_group_dag to 2024-02-19T00:00:00+00:00, run_after=2024-02-20T00:00:00+00:00
[2024-02-20T22:32:16.802+0000] {processor.py:176} INFO - Processing /opt/airflow/dags/inside_group_dag.py took 0.059 seconds
[2024-02-20T22:32:47.888+0000] {processor.py:154} INFO - Started process (PID=368) to work on /opt/airflow/dags/inside_group_dag.py
[2024-02-20T22:32:47.889+0000] {processor.py:756} INFO - Processing file /opt/airflow/dags/inside_group_dag.py for tasks to queue
[2024-02-20T22:32:47.890+0000] {logging_mixin.py:120} INFO - [2024-02-20T22:32:47.890+0000] {dagbag.py:537} INFO - Filling up the DagBag from /opt/airflow/dags/inside_group_dag.py
[2024-02-20T22:32:47.907+0000] {processor.py:766} INFO - DAG(s) dict_keys(['inside_group_dag']) retrieved from /opt/airflow/dags/inside_group_dag.py
[2024-02-20T22:32:47.934+0000] {logging_mixin.py:120} INFO - [2024-02-20T22:32:47.934+0000] {dag.py:2585} INFO - Sync 1 DAGs
[2024-02-20T22:32:47.948+0000] {logging_mixin.py:120} INFO - [2024-02-20T22:32:47.948+0000] {dag.py:3340} INFO - Setting next_dagrun for inside_group_dag to 2024-02-19T00:00:00+00:00, run_after=2024-02-20T00:00:00+00:00
[2024-02-20T22:32:47.957+0000] {processor.py:176} INFO - Processing /opt/airflow/dags/inside_group_dag.py took 0.072 seconds
[2024-02-20T22:33:18.936+0000] {processor.py:154} INFO - Started process (PID=405) to work on /opt/airflow/dags/inside_group_dag.py
[2024-02-20T22:33:18.937+0000] {processor.py:756} INFO - Processing file /opt/airflow/dags/inside_group_dag.py for tasks to queue
[2024-02-20T22:33:18.938+0000] {logging_mixin.py:120} INFO - [2024-02-20T22:33:18.938+0000] {dagbag.py:537} INFO - Filling up the DagBag from /opt/airflow/dags/inside_group_dag.py
[2024-02-20T22:33:18.950+0000] {processor.py:766} INFO - DAG(s) dict_keys(['inside_group_dag']) retrieved from /opt/airflow/dags/inside_group_dag.py
[2024-02-20T22:33:18.974+0000] {logging_mixin.py:120} INFO - [2024-02-20T22:33:18.974+0000] {dag.py:2585} INFO - Sync 1 DAGs
[2024-02-20T22:33:18.988+0000] {logging_mixin.py:120} INFO - [2024-02-20T22:33:18.988+0000] {dag.py:3340} INFO - Setting next_dagrun for inside_group_dag to 2024-02-19T00:00:00+00:00, run_after=2024-02-20T00:00:00+00:00
[2024-02-20T22:33:18.997+0000] {processor.py:176} INFO - Processing /opt/airflow/dags/inside_group_dag.py took 0.063 seconds
[2024-02-20T22:33:50.636+0000] {processor.py:154} INFO - Started process (PID=442) to work on /opt/airflow/dags/inside_group_dag.py
[2024-02-20T22:33:50.637+0000] {processor.py:756} INFO - Processing file /opt/airflow/dags/inside_group_dag.py for tasks to queue
[2024-02-20T22:33:50.638+0000] {logging_mixin.py:120} INFO - [2024-02-20T22:33:50.638+0000] {dagbag.py:537} INFO - Filling up the DagBag from /opt/airflow/dags/inside_group_dag.py
[2024-02-20T22:33:50.653+0000] {processor.py:766} INFO - DAG(s) dict_keys(['inside_group_dag']) retrieved from /opt/airflow/dags/inside_group_dag.py
[2024-02-20T22:33:50.679+0000] {logging_mixin.py:120} INFO - [2024-02-20T22:33:50.679+0000] {dag.py:2585} INFO - Sync 1 DAGs
[2024-02-20T22:33:50.695+0000] {logging_mixin.py:120} INFO - [2024-02-20T22:33:50.695+0000] {dag.py:3340} INFO - Setting next_dagrun for inside_group_dag to 2024-02-19T00:00:00+00:00, run_after=2024-02-20T00:00:00+00:00
[2024-02-20T22:33:50.707+0000] {processor.py:176} INFO - Processing /opt/airflow/dags/inside_group_dag.py took 0.073 seconds
[2024-02-20T22:34:21.625+0000] {processor.py:154} INFO - Started process (PID=479) to work on /opt/airflow/dags/inside_group_dag.py
[2024-02-20T22:34:21.626+0000] {processor.py:756} INFO - Processing file /opt/airflow/dags/inside_group_dag.py for tasks to queue
[2024-02-20T22:34:21.627+0000] {logging_mixin.py:120} INFO - [2024-02-20T22:34:21.627+0000] {dagbag.py:537} INFO - Filling up the DagBag from /opt/airflow/dags/inside_group_dag.py
[2024-02-20T22:34:21.642+0000] {processor.py:766} INFO - DAG(s) dict_keys(['inside_group_dag']) retrieved from /opt/airflow/dags/inside_group_dag.py
[2024-02-20T22:34:21.664+0000] {logging_mixin.py:120} INFO - [2024-02-20T22:34:21.664+0000] {dag.py:2585} INFO - Sync 1 DAGs
[2024-02-20T22:34:21.678+0000] {logging_mixin.py:120} INFO - [2024-02-20T22:34:21.678+0000] {dag.py:3340} INFO - Setting next_dagrun for inside_group_dag to 2024-02-19T00:00:00+00:00, run_after=2024-02-20T00:00:00+00:00
[2024-02-20T22:34:21.687+0000] {processor.py:176} INFO - Processing /opt/airflow/dags/inside_group_dag.py took 0.064 seconds
[2024-02-20T22:34:53.002+0000] {processor.py:154} INFO - Started process (PID=516) to work on /opt/airflow/dags/inside_group_dag.py
[2024-02-20T22:34:53.005+0000] {processor.py:756} INFO - Processing file /opt/airflow/dags/inside_group_dag.py for tasks to queue
[2024-02-20T22:34:53.008+0000] {logging_mixin.py:120} INFO - [2024-02-20T22:34:53.008+0000] {dagbag.py:537} INFO - Filling up the DagBag from /opt/airflow/dags/inside_group_dag.py
[2024-02-20T22:34:53.031+0000] {processor.py:766} INFO - DAG(s) dict_keys(['inside_group_dag']) retrieved from /opt/airflow/dags/inside_group_dag.py
[2024-02-20T22:34:53.069+0000] {logging_mixin.py:120} INFO - [2024-02-20T22:34:53.068+0000] {dag.py:2585} INFO - Sync 1 DAGs
[2024-02-20T22:34:53.169+0000] {logging_mixin.py:120} INFO - [2024-02-20T22:34:53.169+0000] {dag.py:3340} INFO - Setting next_dagrun for inside_group_dag to 2024-02-19T00:00:00+00:00, run_after=2024-02-20T00:00:00+00:00
[2024-02-20T22:34:53.236+0000] {processor.py:176} INFO - Processing /opt/airflow/dags/inside_group_dag.py took 0.237 seconds
[2024-02-20T22:35:23.272+0000] {processor.py:154} INFO - Started process (PID=542) to work on /opt/airflow/dags/inside_group_dag.py
[2024-02-20T22:35:23.273+0000] {processor.py:756} INFO - Processing file /opt/airflow/dags/inside_group_dag.py for tasks to queue
[2024-02-20T22:35:23.274+0000] {logging_mixin.py:120} INFO - [2024-02-20T22:35:23.274+0000] {dagbag.py:537} INFO - Filling up the DagBag from /opt/airflow/dags/inside_group_dag.py
[2024-02-20T22:35:23.287+0000] {processor.py:766} INFO - DAG(s) dict_keys(['inside_group_dag']) retrieved from /opt/airflow/dags/inside_group_dag.py
[2024-02-20T22:35:23.313+0000] {logging_mixin.py:120} INFO - [2024-02-20T22:35:23.313+0000] {dag.py:2585} INFO - Sync 1 DAGs
[2024-02-20T22:35:23.330+0000] {logging_mixin.py:120} INFO - [2024-02-20T22:35:23.330+0000] {dag.py:3340} INFO - Setting next_dagrun for inside_group_dag to 2024-02-19T00:00:00+00:00, run_after=2024-02-20T00:00:00+00:00
[2024-02-20T22:35:23.341+0000] {processor.py:176} INFO - Processing /opt/airflow/dags/inside_group_dag.py took 0.073 seconds
[2024-02-20T22:35:54.198+0000] {processor.py:154} INFO - Started process (PID=579) to work on /opt/airflow/dags/inside_group_dag.py
[2024-02-20T22:35:54.199+0000] {processor.py:756} INFO - Processing file /opt/airflow/dags/inside_group_dag.py for tasks to queue
[2024-02-20T22:35:54.200+0000] {logging_mixin.py:120} INFO - [2024-02-20T22:35:54.200+0000] {dagbag.py:537} INFO - Filling up the DagBag from /opt/airflow/dags/inside_group_dag.py
[2024-02-20T22:35:54.212+0000] {processor.py:766} INFO - DAG(s) dict_keys(['inside_group_dag']) retrieved from /opt/airflow/dags/inside_group_dag.py
[2024-02-20T22:35:54.239+0000] {logging_mixin.py:120} INFO - [2024-02-20T22:35:54.239+0000] {dag.py:2585} INFO - Sync 1 DAGs
[2024-02-20T22:35:54.254+0000] {logging_mixin.py:120} INFO - [2024-02-20T22:35:54.254+0000] {dag.py:3340} INFO - Setting next_dagrun for inside_group_dag to 2024-02-19T00:00:00+00:00, run_after=2024-02-20T00:00:00+00:00
[2024-02-20T22:35:54.264+0000] {processor.py:176} INFO - Processing /opt/airflow/dags/inside_group_dag.py took 0.069 seconds
[2024-02-20T22:36:25.262+0000] {processor.py:154} INFO - Started process (PID=616) to work on /opt/airflow/dags/inside_group_dag.py
[2024-02-20T22:36:25.263+0000] {processor.py:756} INFO - Processing file /opt/airflow/dags/inside_group_dag.py for tasks to queue
[2024-02-20T22:36:25.264+0000] {logging_mixin.py:120} INFO - [2024-02-20T22:36:25.264+0000] {dagbag.py:537} INFO - Filling up the DagBag from /opt/airflow/dags/inside_group_dag.py
[2024-02-20T22:36:25.280+0000] {processor.py:766} INFO - DAG(s) dict_keys(['inside_group_dag']) retrieved from /opt/airflow/dags/inside_group_dag.py
[2024-02-20T22:36:25.308+0000] {logging_mixin.py:120} INFO - [2024-02-20T22:36:25.308+0000] {dag.py:2585} INFO - Sync 1 DAGs
[2024-02-20T22:36:25.323+0000] {logging_mixin.py:120} INFO - [2024-02-20T22:36:25.323+0000] {dag.py:3340} INFO - Setting next_dagrun for inside_group_dag to 2024-02-19T00:00:00+00:00, run_after=2024-02-20T00:00:00+00:00
[2024-02-20T22:36:25.335+0000] {processor.py:176} INFO - Processing /opt/airflow/dags/inside_group_dag.py took 0.075 seconds
[2024-02-20T22:36:56.207+0000] {processor.py:154} INFO - Started process (PID=653) to work on /opt/airflow/dags/inside_group_dag.py
[2024-02-20T22:36:56.208+0000] {processor.py:756} INFO - Processing file /opt/airflow/dags/inside_group_dag.py for tasks to queue
[2024-02-20T22:36:56.208+0000] {logging_mixin.py:120} INFO - [2024-02-20T22:36:56.208+0000] {dagbag.py:537} INFO - Filling up the DagBag from /opt/airflow/dags/inside_group_dag.py
[2024-02-20T22:36:56.226+0000] {processor.py:766} INFO - DAG(s) dict_keys(['inside_group_dag']) retrieved from /opt/airflow/dags/inside_group_dag.py
[2024-02-20T22:36:56.253+0000] {logging_mixin.py:120} INFO - [2024-02-20T22:36:56.253+0000] {dag.py:2585} INFO - Sync 1 DAGs
[2024-02-20T22:36:56.268+0000] {logging_mixin.py:120} INFO - [2024-02-20T22:36:56.268+0000] {dag.py:3340} INFO - Setting next_dagrun for inside_group_dag to 2024-02-19T00:00:00+00:00, run_after=2024-02-20T00:00:00+00:00
[2024-02-20T22:36:56.280+0000] {processor.py:176} INFO - Processing /opt/airflow/dags/inside_group_dag.py took 0.075 seconds
[2024-02-20T22:37:27.293+0000] {processor.py:154} INFO - Started process (PID=690) to work on /opt/airflow/dags/inside_group_dag.py
[2024-02-20T22:37:27.294+0000] {processor.py:756} INFO - Processing file /opt/airflow/dags/inside_group_dag.py for tasks to queue
[2024-02-20T22:37:27.294+0000] {logging_mixin.py:120} INFO - [2024-02-20T22:37:27.294+0000] {dagbag.py:537} INFO - Filling up the DagBag from /opt/airflow/dags/inside_group_dag.py
[2024-02-20T22:37:27.307+0000] {processor.py:766} INFO - DAG(s) dict_keys(['inside_group_dag']) retrieved from /opt/airflow/dags/inside_group_dag.py
[2024-02-20T22:37:27.332+0000] {logging_mixin.py:120} INFO - [2024-02-20T22:37:27.332+0000] {dag.py:2585} INFO - Sync 1 DAGs
[2024-02-20T22:37:27.347+0000] {logging_mixin.py:120} INFO - [2024-02-20T22:37:27.347+0000] {dag.py:3340} INFO - Setting next_dagrun for inside_group_dag to 2024-02-19T00:00:00+00:00, run_after=2024-02-20T00:00:00+00:00
[2024-02-20T22:37:27.357+0000] {processor.py:176} INFO - Processing /opt/airflow/dags/inside_group_dag.py took 0.069 seconds
[2024-02-20T22:37:58.569+0000] {processor.py:154} INFO - Started process (PID=720) to work on /opt/airflow/dags/inside_group_dag.py
[2024-02-20T22:37:58.570+0000] {processor.py:756} INFO - Processing file /opt/airflow/dags/inside_group_dag.py for tasks to queue
[2024-02-20T22:37:58.571+0000] {logging_mixin.py:120} INFO - [2024-02-20T22:37:58.571+0000] {dagbag.py:537} INFO - Filling up the DagBag from /opt/airflow/dags/inside_group_dag.py
[2024-02-20T22:37:58.587+0000] {processor.py:766} INFO - DAG(s) dict_keys(['inside_group_dag']) retrieved from /opt/airflow/dags/inside_group_dag.py
[2024-02-20T22:37:58.614+0000] {logging_mixin.py:120} INFO - [2024-02-20T22:37:58.614+0000] {dag.py:2585} INFO - Sync 1 DAGs
[2024-02-20T22:37:58.632+0000] {logging_mixin.py:120} INFO - [2024-02-20T22:37:58.631+0000] {dag.py:3340} INFO - Setting next_dagrun for inside_group_dag to 2024-02-19T00:00:00+00:00, run_after=2024-02-20T00:00:00+00:00
[2024-02-20T22:37:58.644+0000] {processor.py:176} INFO - Processing /opt/airflow/dags/inside_group_dag.py took 0.077 seconds
[2024-02-20T22:38:29.767+0000] {processor.py:154} INFO - Started process (PID=757) to work on /opt/airflow/dags/inside_group_dag.py
[2024-02-20T22:38:29.768+0000] {processor.py:756} INFO - Processing file /opt/airflow/dags/inside_group_dag.py for tasks to queue
[2024-02-20T22:38:29.769+0000] {logging_mixin.py:120} INFO - [2024-02-20T22:38:29.769+0000] {dagbag.py:537} INFO - Filling up the DagBag from /opt/airflow/dags/inside_group_dag.py
[2024-02-20T22:38:29.785+0000] {processor.py:766} INFO - DAG(s) dict_keys(['inside_group_dag']) retrieved from /opt/airflow/dags/inside_group_dag.py
[2024-02-20T22:38:29.831+0000] {logging_mixin.py:120} INFO - [2024-02-20T22:38:29.831+0000] {dag.py:2585} INFO - Sync 1 DAGs
[2024-02-20T22:38:29.853+0000] {logging_mixin.py:120} INFO - [2024-02-20T22:38:29.853+0000] {dag.py:3340} INFO - Setting next_dagrun for inside_group_dag to 2024-02-19T00:00:00+00:00, run_after=2024-02-20T00:00:00+00:00
[2024-02-20T22:38:29.877+0000] {processor.py:176} INFO - Processing /opt/airflow/dags/inside_group_dag.py took 0.112 seconds
[2024-02-20T22:39:00.842+0000] {processor.py:154} INFO - Started process (PID=794) to work on /opt/airflow/dags/inside_group_dag.py
[2024-02-20T22:39:00.843+0000] {processor.py:756} INFO - Processing file /opt/airflow/dags/inside_group_dag.py for tasks to queue
[2024-02-20T22:39:00.843+0000] {logging_mixin.py:120} INFO - [2024-02-20T22:39:00.843+0000] {dagbag.py:537} INFO - Filling up the DagBag from /opt/airflow/dags/inside_group_dag.py
[2024-02-20T22:39:00.856+0000] {processor.py:766} INFO - DAG(s) dict_keys(['inside_group_dag']) retrieved from /opt/airflow/dags/inside_group_dag.py
[2024-02-20T22:39:00.879+0000] {logging_mixin.py:120} INFO - [2024-02-20T22:39:00.878+0000] {dag.py:2585} INFO - Sync 1 DAGs
[2024-02-20T22:39:00.892+0000] {logging_mixin.py:120} INFO - [2024-02-20T22:39:00.892+0000] {dag.py:3340} INFO - Setting next_dagrun for inside_group_dag to 2024-02-19T00:00:00+00:00, run_after=2024-02-20T00:00:00+00:00
[2024-02-20T22:39:00.901+0000] {processor.py:176} INFO - Processing /opt/airflow/dags/inside_group_dag.py took 0.061 seconds
[2024-02-20T22:39:31.886+0000] {processor.py:154} INFO - Started process (PID=831) to work on /opt/airflow/dags/inside_group_dag.py
[2024-02-20T22:39:31.887+0000] {processor.py:756} INFO - Processing file /opt/airflow/dags/inside_group_dag.py for tasks to queue
[2024-02-20T22:39:31.888+0000] {logging_mixin.py:120} INFO - [2024-02-20T22:39:31.887+0000] {dagbag.py:537} INFO - Filling up the DagBag from /opt/airflow/dags/inside_group_dag.py
[2024-02-20T22:39:31.901+0000] {processor.py:766} INFO - DAG(s) dict_keys(['inside_group_dag']) retrieved from /opt/airflow/dags/inside_group_dag.py
[2024-02-20T22:39:31.924+0000] {logging_mixin.py:120} INFO - [2024-02-20T22:39:31.924+0000] {dag.py:2585} INFO - Sync 1 DAGs
[2024-02-20T22:39:31.939+0000] {logging_mixin.py:120} INFO - [2024-02-20T22:39:31.939+0000] {dag.py:3340} INFO - Setting next_dagrun for inside_group_dag to 2024-02-19T00:00:00+00:00, run_after=2024-02-20T00:00:00+00:00
[2024-02-20T22:39:31.949+0000] {processor.py:176} INFO - Processing /opt/airflow/dags/inside_group_dag.py took 0.066 seconds
[2024-02-20T22:40:02.844+0000] {processor.py:154} INFO - Started process (PID=868) to work on /opt/airflow/dags/inside_group_dag.py
[2024-02-20T22:40:02.845+0000] {processor.py:756} INFO - Processing file /opt/airflow/dags/inside_group_dag.py for tasks to queue
[2024-02-20T22:40:02.845+0000] {logging_mixin.py:120} INFO - [2024-02-20T22:40:02.845+0000] {dagbag.py:537} INFO - Filling up the DagBag from /opt/airflow/dags/inside_group_dag.py
[2024-02-20T22:40:02.858+0000] {processor.py:766} INFO - DAG(s) dict_keys(['inside_group_dag']) retrieved from /opt/airflow/dags/inside_group_dag.py
[2024-02-20T22:40:02.880+0000] {logging_mixin.py:120} INFO - [2024-02-20T22:40:02.880+0000] {dag.py:2585} INFO - Sync 1 DAGs
[2024-02-20T22:40:02.894+0000] {logging_mixin.py:120} INFO - [2024-02-20T22:40:02.894+0000] {dag.py:3340} INFO - Setting next_dagrun for inside_group_dag to 2024-02-19T00:00:00+00:00, run_after=2024-02-20T00:00:00+00:00
[2024-02-20T22:40:02.904+0000] {processor.py:176} INFO - Processing /opt/airflow/dags/inside_group_dag.py took 0.062 seconds
[2024-02-20T22:40:33.774+0000] {processor.py:154} INFO - Started process (PID=905) to work on /opt/airflow/dags/inside_group_dag.py
[2024-02-20T22:40:33.775+0000] {processor.py:756} INFO - Processing file /opt/airflow/dags/inside_group_dag.py for tasks to queue
[2024-02-20T22:40:33.776+0000] {logging_mixin.py:120} INFO - [2024-02-20T22:40:33.776+0000] {dagbag.py:537} INFO - Filling up the DagBag from /opt/airflow/dags/inside_group_dag.py
[2024-02-20T22:40:33.791+0000] {processor.py:766} INFO - DAG(s) dict_keys(['inside_group_dag']) retrieved from /opt/airflow/dags/inside_group_dag.py
[2024-02-20T22:40:33.815+0000] {logging_mixin.py:120} INFO - [2024-02-20T22:40:33.815+0000] {dag.py:2585} INFO - Sync 1 DAGs
[2024-02-20T22:40:33.830+0000] {logging_mixin.py:120} INFO - [2024-02-20T22:40:33.830+0000] {dag.py:3340} INFO - Setting next_dagrun for inside_group_dag to 2024-02-19T00:00:00+00:00, run_after=2024-02-20T00:00:00+00:00
[2024-02-20T22:40:33.840+0000] {processor.py:176} INFO - Processing /opt/airflow/dags/inside_group_dag.py took 0.069 seconds
[2024-02-20T22:41:04.897+0000] {processor.py:154} INFO - Started process (PID=940) to work on /opt/airflow/dags/inside_group_dag.py
[2024-02-20T22:41:04.899+0000] {processor.py:756} INFO - Processing file /opt/airflow/dags/inside_group_dag.py for tasks to queue
[2024-02-20T22:41:04.901+0000] {logging_mixin.py:120} INFO - [2024-02-20T22:41:04.900+0000] {dagbag.py:537} INFO - Filling up the DagBag from /opt/airflow/dags/inside_group_dag.py
[2024-02-20T22:41:04.927+0000] {processor.py:766} INFO - DAG(s) dict_keys(['inside_group_dag']) retrieved from /opt/airflow/dags/inside_group_dag.py
[2024-02-20T22:41:04.974+0000] {logging_mixin.py:120} INFO - [2024-02-20T22:41:04.974+0000] {dag.py:2585} INFO - Sync 1 DAGs
[2024-02-20T22:41:05.010+0000] {logging_mixin.py:120} INFO - [2024-02-20T22:41:05.010+0000] {dag.py:3340} INFO - Setting next_dagrun for inside_group_dag to 2024-02-19T00:00:00+00:00, run_after=2024-02-20T00:00:00+00:00
[2024-02-20T22:41:05.032+0000] {processor.py:176} INFO - Processing /opt/airflow/dags/inside_group_dag.py took 0.138 seconds
[2024-02-20T22:41:35.324+0000] {processor.py:154} INFO - Started process (PID=969) to work on /opt/airflow/dags/inside_group_dag.py
[2024-02-20T22:41:35.326+0000] {processor.py:756} INFO - Processing file /opt/airflow/dags/inside_group_dag.py for tasks to queue
[2024-02-20T22:41:35.326+0000] {logging_mixin.py:120} INFO - [2024-02-20T22:41:35.326+0000] {dagbag.py:537} INFO - Filling up the DagBag from /opt/airflow/dags/inside_group_dag.py
[2024-02-20T22:41:35.338+0000] {processor.py:766} INFO - DAG(s) dict_keys(['inside_group_dag']) retrieved from /opt/airflow/dags/inside_group_dag.py
[2024-02-20T22:41:35.367+0000] {logging_mixin.py:120} INFO - [2024-02-20T22:41:35.367+0000] {dag.py:2585} INFO - Sync 1 DAGs
[2024-02-20T22:41:35.384+0000] {logging_mixin.py:120} INFO - [2024-02-20T22:41:35.384+0000] {dag.py:3340} INFO - Setting next_dagrun for inside_group_dag to 2024-02-19T00:00:00+00:00, run_after=2024-02-20T00:00:00+00:00
[2024-02-20T22:41:35.395+0000] {processor.py:176} INFO - Processing /opt/airflow/dags/inside_group_dag.py took 0.074 seconds
[2024-02-20T22:42:06.529+0000] {processor.py:154} INFO - Started process (PID=1006) to work on /opt/airflow/dags/inside_group_dag.py
[2024-02-20T22:42:06.530+0000] {processor.py:756} INFO - Processing file /opt/airflow/dags/inside_group_dag.py for tasks to queue
[2024-02-20T22:42:06.530+0000] {logging_mixin.py:120} INFO - [2024-02-20T22:42:06.530+0000] {dagbag.py:537} INFO - Filling up the DagBag from /opt/airflow/dags/inside_group_dag.py
[2024-02-20T22:42:06.547+0000] {processor.py:766} INFO - DAG(s) dict_keys(['inside_group_dag']) retrieved from /opt/airflow/dags/inside_group_dag.py
[2024-02-20T22:42:06.570+0000] {logging_mixin.py:120} INFO - [2024-02-20T22:42:06.570+0000] {dag.py:2585} INFO - Sync 1 DAGs
[2024-02-20T22:42:06.583+0000] {logging_mixin.py:120} INFO - [2024-02-20T22:42:06.583+0000] {dag.py:3340} INFO - Setting next_dagrun for inside_group_dag to 2024-02-19T00:00:00+00:00, run_after=2024-02-20T00:00:00+00:00
[2024-02-20T22:42:06.592+0000] {processor.py:176} INFO - Processing /opt/airflow/dags/inside_group_dag.py took 0.065 seconds
[2024-02-20T22:42:37.474+0000] {processor.py:154} INFO - Started process (PID=1042) to work on /opt/airflow/dags/inside_group_dag.py
[2024-02-20T22:42:37.475+0000] {processor.py:756} INFO - Processing file /opt/airflow/dags/inside_group_dag.py for tasks to queue
[2024-02-20T22:42:37.475+0000] {logging_mixin.py:120} INFO - [2024-02-20T22:42:37.475+0000] {dagbag.py:537} INFO - Filling up the DagBag from /opt/airflow/dags/inside_group_dag.py
[2024-02-20T22:42:37.490+0000] {processor.py:766} INFO - DAG(s) dict_keys(['inside_group_dag']) retrieved from /opt/airflow/dags/inside_group_dag.py
[2024-02-20T22:42:37.514+0000] {logging_mixin.py:120} INFO - [2024-02-20T22:42:37.514+0000] {dag.py:2585} INFO - Sync 1 DAGs
[2024-02-20T22:42:37.528+0000] {logging_mixin.py:120} INFO - [2024-02-20T22:42:37.528+0000] {dag.py:3340} INFO - Setting next_dagrun for inside_group_dag to 2024-02-19T00:00:00+00:00, run_after=2024-02-20T00:00:00+00:00
[2024-02-20T22:42:37.537+0000] {processor.py:176} INFO - Processing /opt/airflow/dags/inside_group_dag.py took 0.065 seconds
[2024-02-20T22:43:08.485+0000] {processor.py:154} INFO - Started process (PID=1079) to work on /opt/airflow/dags/inside_group_dag.py
[2024-02-20T22:43:08.486+0000] {processor.py:756} INFO - Processing file /opt/airflow/dags/inside_group_dag.py for tasks to queue
[2024-02-20T22:43:08.486+0000] {logging_mixin.py:120} INFO - [2024-02-20T22:43:08.486+0000] {dagbag.py:537} INFO - Filling up the DagBag from /opt/airflow/dags/inside_group_dag.py
[2024-02-20T22:43:08.501+0000] {processor.py:766} INFO - DAG(s) dict_keys(['inside_group_dag']) retrieved from /opt/airflow/dags/inside_group_dag.py
[2024-02-20T22:43:08.592+0000] {logging_mixin.py:120} INFO - [2024-02-20T22:43:08.592+0000] {dag.py:2585} INFO - Sync 1 DAGs
[2024-02-20T22:43:08.620+0000] {logging_mixin.py:120} INFO - [2024-02-20T22:43:08.620+0000] {dag.py:3340} INFO - Setting next_dagrun for inside_group_dag to 2024-02-19T00:00:00+00:00, run_after=2024-02-20T00:00:00+00:00
[2024-02-20T22:43:08.645+0000] {processor.py:176} INFO - Processing /opt/airflow/dags/inside_group_dag.py took 0.162 seconds
[2024-02-20T22:43:39.902+0000] {processor.py:154} INFO - Started process (PID=1116) to work on /opt/airflow/dags/inside_group_dag.py
[2024-02-20T22:43:39.904+0000] {processor.py:756} INFO - Processing file /opt/airflow/dags/inside_group_dag.py for tasks to queue
[2024-02-20T22:43:39.905+0000] {logging_mixin.py:120} INFO - [2024-02-20T22:43:39.905+0000] {dagbag.py:537} INFO - Filling up the DagBag from /opt/airflow/dags/inside_group_dag.py
[2024-02-20T22:43:39.945+0000] {processor.py:766} INFO - DAG(s) dict_keys(['inside_group_dag']) retrieved from /opt/airflow/dags/inside_group_dag.py
[2024-02-20T22:43:39.980+0000] {logging_mixin.py:120} INFO - [2024-02-20T22:43:39.980+0000] {dag.py:2585} INFO - Sync 1 DAGs
[2024-02-20T22:43:40.002+0000] {logging_mixin.py:120} INFO - [2024-02-20T22:43:40.002+0000] {dag.py:3340} INFO - Setting next_dagrun for inside_group_dag to 2024-02-19T00:00:00+00:00, run_after=2024-02-20T00:00:00+00:00
[2024-02-20T22:43:40.013+0000] {processor.py:176} INFO - Processing /opt/airflow/dags/inside_group_dag.py took 0.114 seconds
[2024-02-20T22:44:11.017+0000] {processor.py:154} INFO - Started process (PID=1151) to work on /opt/airflow/dags/inside_group_dag.py
[2024-02-20T22:44:11.018+0000] {processor.py:756} INFO - Processing file /opt/airflow/dags/inside_group_dag.py for tasks to queue
[2024-02-20T22:44:11.018+0000] {logging_mixin.py:120} INFO - [2024-02-20T22:44:11.018+0000] {dagbag.py:537} INFO - Filling up the DagBag from /opt/airflow/dags/inside_group_dag.py
[2024-02-20T22:44:11.031+0000] {processor.py:766} INFO - DAG(s) dict_keys(['inside_group_dag']) retrieved from /opt/airflow/dags/inside_group_dag.py
[2024-02-20T22:44:11.060+0000] {logging_mixin.py:120} INFO - [2024-02-20T22:44:11.060+0000] {dag.py:2585} INFO - Sync 1 DAGs
[2024-02-20T22:44:11.082+0000] {logging_mixin.py:120} INFO - [2024-02-20T22:44:11.082+0000] {dag.py:3340} INFO - Setting next_dagrun for inside_group_dag to 2024-02-19T00:00:00+00:00, run_after=2024-02-20T00:00:00+00:00
[2024-02-20T22:44:11.108+0000] {processor.py:176} INFO - Processing /opt/airflow/dags/inside_group_dag.py took 0.094 seconds
[2024-02-20T22:44:42.190+0000] {processor.py:154} INFO - Started process (PID=1181) to work on /opt/airflow/dags/inside_group_dag.py
[2024-02-20T22:44:42.191+0000] {processor.py:756} INFO - Processing file /opt/airflow/dags/inside_group_dag.py for tasks to queue
[2024-02-20T22:44:42.191+0000] {logging_mixin.py:120} INFO - [2024-02-20T22:44:42.191+0000] {dagbag.py:537} INFO - Filling up the DagBag from /opt/airflow/dags/inside_group_dag.py
[2024-02-20T22:44:42.204+0000] {processor.py:766} INFO - DAG(s) dict_keys(['inside_group_dag']) retrieved from /opt/airflow/dags/inside_group_dag.py
[2024-02-20T22:44:42.226+0000] {logging_mixin.py:120} INFO - [2024-02-20T22:44:42.226+0000] {dag.py:2585} INFO - Sync 1 DAGs
[2024-02-20T22:44:42.240+0000] {logging_mixin.py:120} INFO - [2024-02-20T22:44:42.240+0000] {dag.py:3340} INFO - Setting next_dagrun for inside_group_dag to 2024-02-19T00:00:00+00:00, run_after=2024-02-20T00:00:00+00:00
[2024-02-20T22:44:42.249+0000] {processor.py:176} INFO - Processing /opt/airflow/dags/inside_group_dag.py took 0.062 seconds
[2024-02-20T22:45:13.181+0000] {processor.py:154} INFO - Started process (PID=1218) to work on /opt/airflow/dags/inside_group_dag.py
[2024-02-20T22:45:13.182+0000] {processor.py:756} INFO - Processing file /opt/airflow/dags/inside_group_dag.py for tasks to queue
[2024-02-20T22:45:13.183+0000] {logging_mixin.py:120} INFO - [2024-02-20T22:45:13.182+0000] {dagbag.py:537} INFO - Filling up the DagBag from /opt/airflow/dags/inside_group_dag.py
[2024-02-20T22:45:13.196+0000] {processor.py:766} INFO - DAG(s) dict_keys(['inside_group_dag']) retrieved from /opt/airflow/dags/inside_group_dag.py
[2024-02-20T22:45:13.220+0000] {logging_mixin.py:120} INFO - [2024-02-20T22:45:13.219+0000] {dag.py:2585} INFO - Sync 1 DAGs
[2024-02-20T22:45:13.233+0000] {logging_mixin.py:120} INFO - [2024-02-20T22:45:13.233+0000] {dag.py:3340} INFO - Setting next_dagrun for inside_group_dag to 2024-02-19T00:00:00+00:00, run_after=2024-02-20T00:00:00+00:00
[2024-02-20T22:45:13.242+0000] {processor.py:176} INFO - Processing /opt/airflow/dags/inside_group_dag.py took 0.064 seconds
[2024-02-20T22:45:44.076+0000] {processor.py:154} INFO - Started process (PID=1255) to work on /opt/airflow/dags/inside_group_dag.py
[2024-02-20T22:45:44.077+0000] {processor.py:756} INFO - Processing file /opt/airflow/dags/inside_group_dag.py for tasks to queue
[2024-02-20T22:45:44.077+0000] {logging_mixin.py:120} INFO - [2024-02-20T22:45:44.077+0000] {dagbag.py:537} INFO - Filling up the DagBag from /opt/airflow/dags/inside_group_dag.py
[2024-02-20T22:45:44.098+0000] {processor.py:766} INFO - DAG(s) dict_keys(['inside_group_dag']) retrieved from /opt/airflow/dags/inside_group_dag.py
[2024-02-20T22:45:44.122+0000] {logging_mixin.py:120} INFO - [2024-02-20T22:45:44.122+0000] {dag.py:2585} INFO - Sync 1 DAGs
[2024-02-20T22:45:44.136+0000] {logging_mixin.py:120} INFO - [2024-02-20T22:45:44.136+0000] {dag.py:3340} INFO - Setting next_dagrun for inside_group_dag to 2024-02-19T00:00:00+00:00, run_after=2024-02-20T00:00:00+00:00
[2024-02-20T22:45:44.146+0000] {processor.py:176} INFO - Processing /opt/airflow/dags/inside_group_dag.py took 0.072 seconds
[2024-02-20T22:46:15.118+0000] {processor.py:154} INFO - Started process (PID=1292) to work on /opt/airflow/dags/inside_group_dag.py
[2024-02-20T22:46:15.119+0000] {processor.py:756} INFO - Processing file /opt/airflow/dags/inside_group_dag.py for tasks to queue
[2024-02-20T22:46:15.119+0000] {logging_mixin.py:120} INFO - [2024-02-20T22:46:15.119+0000] {dagbag.py:537} INFO - Filling up the DagBag from /opt/airflow/dags/inside_group_dag.py
[2024-02-20T22:46:15.137+0000] {processor.py:766} INFO - DAG(s) dict_keys(['inside_group_dag']) retrieved from /opt/airflow/dags/inside_group_dag.py
[2024-02-20T22:46:15.170+0000] {logging_mixin.py:120} INFO - [2024-02-20T22:46:15.170+0000] {dag.py:2585} INFO - Sync 1 DAGs
[2024-02-20T22:46:15.187+0000] {logging_mixin.py:120} INFO - [2024-02-20T22:46:15.187+0000] {dag.py:3340} INFO - Setting next_dagrun for inside_group_dag to 2024-02-19T00:00:00+00:00, run_after=2024-02-20T00:00:00+00:00
[2024-02-20T22:46:15.197+0000] {processor.py:176} INFO - Processing /opt/airflow/dags/inside_group_dag.py took 0.081 seconds
[2024-02-20T22:46:46.030+0000] {processor.py:154} INFO - Started process (PID=1328) to work on /opt/airflow/dags/inside_group_dag.py
[2024-02-20T22:46:46.031+0000] {processor.py:756} INFO - Processing file /opt/airflow/dags/inside_group_dag.py for tasks to queue
[2024-02-20T22:46:46.031+0000] {logging_mixin.py:120} INFO - [2024-02-20T22:46:46.031+0000] {dagbag.py:537} INFO - Filling up the DagBag from /opt/airflow/dags/inside_group_dag.py
[2024-02-20T22:46:46.043+0000] {processor.py:766} INFO - DAG(s) dict_keys(['inside_group_dag']) retrieved from /opt/airflow/dags/inside_group_dag.py
[2024-02-20T22:46:46.066+0000] {logging_mixin.py:120} INFO - [2024-02-20T22:46:46.066+0000] {dag.py:2585} INFO - Sync 1 DAGs
[2024-02-20T22:46:46.081+0000] {logging_mixin.py:120} INFO - [2024-02-20T22:46:46.081+0000] {dag.py:3340} INFO - Setting next_dagrun for inside_group_dag to 2024-02-19T00:00:00+00:00, run_after=2024-02-20T00:00:00+00:00
[2024-02-20T22:46:46.092+0000] {processor.py:176} INFO - Processing /opt/airflow/dags/inside_group_dag.py took 0.065 seconds
[2024-02-20T22:47:16.923+0000] {processor.py:154} INFO - Started process (PID=1365) to work on /opt/airflow/dags/inside_group_dag.py
[2024-02-20T22:47:16.924+0000] {processor.py:756} INFO - Processing file /opt/airflow/dags/inside_group_dag.py for tasks to queue
[2024-02-20T22:47:16.925+0000] {logging_mixin.py:120} INFO - [2024-02-20T22:47:16.925+0000] {dagbag.py:537} INFO - Filling up the DagBag from /opt/airflow/dags/inside_group_dag.py
[2024-02-20T22:47:16.937+0000] {processor.py:766} INFO - DAG(s) dict_keys(['inside_group_dag']) retrieved from /opt/airflow/dags/inside_group_dag.py
[2024-02-20T22:47:16.966+0000] {logging_mixin.py:120} INFO - [2024-02-20T22:47:16.966+0000] {dag.py:2585} INFO - Sync 1 DAGs
[2024-02-20T22:47:16.984+0000] {logging_mixin.py:120} INFO - [2024-02-20T22:47:16.984+0000] {dag.py:3340} INFO - Setting next_dagrun for inside_group_dag to 2024-02-19T00:00:00+00:00, run_after=2024-02-20T00:00:00+00:00
[2024-02-20T22:47:16.996+0000] {processor.py:176} INFO - Processing /opt/airflow/dags/inside_group_dag.py took 0.075 seconds
[2024-02-20T22:47:47.967+0000] {processor.py:154} INFO - Started process (PID=1392) to work on /opt/airflow/dags/inside_group_dag.py
[2024-02-20T22:47:47.968+0000] {processor.py:756} INFO - Processing file /opt/airflow/dags/inside_group_dag.py for tasks to queue
[2024-02-20T22:47:47.968+0000] {logging_mixin.py:120} INFO - [2024-02-20T22:47:47.968+0000] {dagbag.py:537} INFO - Filling up the DagBag from /opt/airflow/dags/inside_group_dag.py
[2024-02-20T22:47:47.981+0000] {processor.py:766} INFO - DAG(s) dict_keys(['inside_group_dag']) retrieved from /opt/airflow/dags/inside_group_dag.py
[2024-02-20T22:47:48.007+0000] {logging_mixin.py:120} INFO - [2024-02-20T22:47:48.007+0000] {dag.py:2585} INFO - Sync 1 DAGs
[2024-02-20T22:47:48.022+0000] {logging_mixin.py:120} INFO - [2024-02-20T22:47:48.022+0000] {dag.py:3340} INFO - Setting next_dagrun for inside_group_dag to 2024-02-19T00:00:00+00:00, run_after=2024-02-20T00:00:00+00:00
[2024-02-20T22:47:48.032+0000] {processor.py:176} INFO - Processing /opt/airflow/dags/inside_group_dag.py took 0.068 seconds
[2024-02-20T22:48:18.897+0000] {processor.py:154} INFO - Started process (PID=1429) to work on /opt/airflow/dags/inside_group_dag.py
[2024-02-20T22:48:18.898+0000] {processor.py:756} INFO - Processing file /opt/airflow/dags/inside_group_dag.py for tasks to queue
[2024-02-20T22:48:18.898+0000] {logging_mixin.py:120} INFO - [2024-02-20T22:48:18.898+0000] {dagbag.py:537} INFO - Filling up the DagBag from /opt/airflow/dags/inside_group_dag.py
[2024-02-20T22:48:18.911+0000] {processor.py:766} INFO - DAG(s) dict_keys(['inside_group_dag']) retrieved from /opt/airflow/dags/inside_group_dag.py
[2024-02-20T22:48:18.934+0000] {logging_mixin.py:120} INFO - [2024-02-20T22:48:18.934+0000] {dag.py:2585} INFO - Sync 1 DAGs
[2024-02-20T22:48:18.947+0000] {logging_mixin.py:120} INFO - [2024-02-20T22:48:18.947+0000] {dag.py:3340} INFO - Setting next_dagrun for inside_group_dag to 2024-02-19T00:00:00+00:00, run_after=2024-02-20T00:00:00+00:00
[2024-02-20T22:48:18.956+0000] {processor.py:176} INFO - Processing /opt/airflow/dags/inside_group_dag.py took 0.061 seconds
[2024-02-20T22:48:49.836+0000] {processor.py:154} INFO - Started process (PID=1466) to work on /opt/airflow/dags/inside_group_dag.py
[2024-02-20T22:48:49.837+0000] {processor.py:756} INFO - Processing file /opt/airflow/dags/inside_group_dag.py for tasks to queue
[2024-02-20T22:48:49.837+0000] {logging_mixin.py:120} INFO - [2024-02-20T22:48:49.837+0000] {dagbag.py:537} INFO - Filling up the DagBag from /opt/airflow/dags/inside_group_dag.py
[2024-02-20T22:48:49.849+0000] {processor.py:766} INFO - DAG(s) dict_keys(['inside_group_dag']) retrieved from /opt/airflow/dags/inside_group_dag.py
[2024-02-20T22:48:49.879+0000] {logging_mixin.py:120} INFO - [2024-02-20T22:48:49.879+0000] {dag.py:2585} INFO - Sync 1 DAGs
[2024-02-20T22:48:49.893+0000] {logging_mixin.py:120} INFO - [2024-02-20T22:48:49.893+0000] {dag.py:3340} INFO - Setting next_dagrun for inside_group_dag to 2024-02-19T00:00:00+00:00, run_after=2024-02-20T00:00:00+00:00
[2024-02-20T22:48:49.903+0000] {processor.py:176} INFO - Processing /opt/airflow/dags/inside_group_dag.py took 0.069 seconds
[2024-02-20T22:49:20.794+0000] {processor.py:154} INFO - Started process (PID=1503) to work on /opt/airflow/dags/inside_group_dag.py
[2024-02-20T22:49:20.795+0000] {processor.py:756} INFO - Processing file /opt/airflow/dags/inside_group_dag.py for tasks to queue
[2024-02-20T22:49:20.795+0000] {logging_mixin.py:120} INFO - [2024-02-20T22:49:20.795+0000] {dagbag.py:537} INFO - Filling up the DagBag from /opt/airflow/dags/inside_group_dag.py
[2024-02-20T22:49:20.808+0000] {processor.py:766} INFO - DAG(s) dict_keys(['inside_group_dag']) retrieved from /opt/airflow/dags/inside_group_dag.py
[2024-02-20T22:49:20.833+0000] {logging_mixin.py:120} INFO - [2024-02-20T22:49:20.833+0000] {dag.py:2585} INFO - Sync 1 DAGs
[2024-02-20T22:49:20.847+0000] {logging_mixin.py:120} INFO - [2024-02-20T22:49:20.847+0000] {dag.py:3340} INFO - Setting next_dagrun for inside_group_dag to 2024-02-19T00:00:00+00:00, run_after=2024-02-20T00:00:00+00:00
[2024-02-20T22:49:20.857+0000] {processor.py:176} INFO - Processing /opt/airflow/dags/inside_group_dag.py took 0.065 seconds
[2024-02-20T22:49:51.695+0000] {processor.py:154} INFO - Started process (PID=1540) to work on /opt/airflow/dags/inside_group_dag.py
[2024-02-20T22:49:51.696+0000] {processor.py:756} INFO - Processing file /opt/airflow/dags/inside_group_dag.py for tasks to queue
[2024-02-20T22:49:51.696+0000] {logging_mixin.py:120} INFO - [2024-02-20T22:49:51.696+0000] {dagbag.py:537} INFO - Filling up the DagBag from /opt/airflow/dags/inside_group_dag.py
[2024-02-20T22:49:51.710+0000] {processor.py:766} INFO - DAG(s) dict_keys(['inside_group_dag']) retrieved from /opt/airflow/dags/inside_group_dag.py
[2024-02-20T22:49:51.737+0000] {logging_mixin.py:120} INFO - [2024-02-20T22:49:51.737+0000] {dag.py:2585} INFO - Sync 1 DAGs
[2024-02-20T22:49:51.764+0000] {logging_mixin.py:120} INFO - [2024-02-20T22:49:51.764+0000] {dag.py:3340} INFO - Setting next_dagrun for inside_group_dag to 2024-02-19T00:00:00+00:00, run_after=2024-02-20T00:00:00+00:00
[2024-02-20T22:49:51.778+0000] {processor.py:176} INFO - Processing /opt/airflow/dags/inside_group_dag.py took 0.086 seconds
[2024-02-20T22:50:22.721+0000] {processor.py:154} INFO - Started process (PID=1577) to work on /opt/airflow/dags/inside_group_dag.py
[2024-02-20T22:50:22.722+0000] {processor.py:756} INFO - Processing file /opt/airflow/dags/inside_group_dag.py for tasks to queue
[2024-02-20T22:50:22.723+0000] {logging_mixin.py:120} INFO - [2024-02-20T22:50:22.722+0000] {dagbag.py:537} INFO - Filling up the DagBag from /opt/airflow/dags/inside_group_dag.py
[2024-02-20T22:50:22.736+0000] {processor.py:766} INFO - DAG(s) dict_keys(['inside_group_dag']) retrieved from /opt/airflow/dags/inside_group_dag.py
[2024-02-20T22:50:22.783+0000] {logging_mixin.py:120} INFO - [2024-02-20T22:50:22.783+0000] {dag.py:2585} INFO - Sync 1 DAGs
[2024-02-20T22:50:22.805+0000] {logging_mixin.py:120} INFO - [2024-02-20T22:50:22.804+0000] {dag.py:3340} INFO - Setting next_dagrun for inside_group_dag to 2024-02-19T00:00:00+00:00, run_after=2024-02-20T00:00:00+00:00
[2024-02-20T22:50:22.824+0000] {processor.py:176} INFO - Processing /opt/airflow/dags/inside_group_dag.py took 0.105 seconds
[2024-02-20T22:50:53.798+0000] {processor.py:154} INFO - Started process (PID=1614) to work on /opt/airflow/dags/inside_group_dag.py
[2024-02-20T22:50:53.799+0000] {processor.py:756} INFO - Processing file /opt/airflow/dags/inside_group_dag.py for tasks to queue
[2024-02-20T22:50:53.799+0000] {logging_mixin.py:120} INFO - [2024-02-20T22:50:53.799+0000] {dagbag.py:537} INFO - Filling up the DagBag from /opt/airflow/dags/inside_group_dag.py
[2024-02-20T22:50:53.817+0000] {processor.py:766} INFO - DAG(s) dict_keys(['inside_group_dag']) retrieved from /opt/airflow/dags/inside_group_dag.py
[2024-02-20T22:50:53.843+0000] {logging_mixin.py:120} INFO - [2024-02-20T22:50:53.842+0000] {dag.py:2585} INFO - Sync 1 DAGs
[2024-02-20T22:50:53.858+0000] {logging_mixin.py:120} INFO - [2024-02-20T22:50:53.858+0000] {dag.py:3340} INFO - Setting next_dagrun for inside_group_dag to 2024-02-19T00:00:00+00:00, run_after=2024-02-20T00:00:00+00:00
[2024-02-20T22:50:53.868+0000] {processor.py:176} INFO - Processing /opt/airflow/dags/inside_group_dag.py took 0.074 seconds
[2024-02-20T22:51:24.758+0000] {processor.py:154} INFO - Started process (PID=1641) to work on /opt/airflow/dags/inside_group_dag.py
[2024-02-20T22:51:24.759+0000] {processor.py:756} INFO - Processing file /opt/airflow/dags/inside_group_dag.py for tasks to queue
[2024-02-20T22:51:24.759+0000] {logging_mixin.py:120} INFO - [2024-02-20T22:51:24.759+0000] {dagbag.py:537} INFO - Filling up the DagBag from /opt/airflow/dags/inside_group_dag.py
[2024-02-20T22:51:24.772+0000] {processor.py:766} INFO - DAG(s) dict_keys(['inside_group_dag']) retrieved from /opt/airflow/dags/inside_group_dag.py
[2024-02-20T22:51:24.794+0000] {logging_mixin.py:120} INFO - [2024-02-20T22:51:24.794+0000] {dag.py:2585} INFO - Sync 1 DAGs
[2024-02-20T22:51:24.808+0000] {logging_mixin.py:120} INFO - [2024-02-20T22:51:24.808+0000] {dag.py:3340} INFO - Setting next_dagrun for inside_group_dag to 2024-02-19T00:00:00+00:00, run_after=2024-02-20T00:00:00+00:00
[2024-02-20T22:51:24.817+0000] {processor.py:176} INFO - Processing /opt/airflow/dags/inside_group_dag.py took 0.061 seconds
[2024-02-20T22:51:55.645+0000] {processor.py:154} INFO - Started process (PID=1678) to work on /opt/airflow/dags/inside_group_dag.py
[2024-02-20T22:51:55.646+0000] {processor.py:756} INFO - Processing file /opt/airflow/dags/inside_group_dag.py for tasks to queue
[2024-02-20T22:51:55.646+0000] {logging_mixin.py:120} INFO - [2024-02-20T22:51:55.646+0000] {dagbag.py:537} INFO - Filling up the DagBag from /opt/airflow/dags/inside_group_dag.py
[2024-02-20T22:51:55.659+0000] {processor.py:766} INFO - DAG(s) dict_keys(['inside_group_dag']) retrieved from /opt/airflow/dags/inside_group_dag.py
[2024-02-20T22:51:55.683+0000] {logging_mixin.py:120} INFO - [2024-02-20T22:51:55.683+0000] {dag.py:2585} INFO - Sync 1 DAGs
[2024-02-20T22:51:55.697+0000] {logging_mixin.py:120} INFO - [2024-02-20T22:51:55.697+0000] {dag.py:3340} INFO - Setting next_dagrun for inside_group_dag to 2024-02-19T00:00:00+00:00, run_after=2024-02-20T00:00:00+00:00
[2024-02-20T22:51:55.706+0000] {processor.py:176} INFO - Processing /opt/airflow/dags/inside_group_dag.py took 0.063 seconds
[2024-02-20T22:52:26.526+0000] {processor.py:154} INFO - Started process (PID=1714) to work on /opt/airflow/dags/inside_group_dag.py
[2024-02-20T22:52:26.527+0000] {processor.py:756} INFO - Processing file /opt/airflow/dags/inside_group_dag.py for tasks to queue
[2024-02-20T22:52:26.527+0000] {logging_mixin.py:120} INFO - [2024-02-20T22:52:26.527+0000] {dagbag.py:537} INFO - Filling up the DagBag from /opt/airflow/dags/inside_group_dag.py
[2024-02-20T22:52:26.539+0000] {processor.py:766} INFO - DAG(s) dict_keys(['inside_group_dag']) retrieved from /opt/airflow/dags/inside_group_dag.py
[2024-02-20T22:52:26.560+0000] {logging_mixin.py:120} INFO - [2024-02-20T22:52:26.560+0000] {dag.py:2585} INFO - Sync 1 DAGs
[2024-02-20T22:52:26.575+0000] {logging_mixin.py:120} INFO - [2024-02-20T22:52:26.575+0000] {dag.py:3340} INFO - Setting next_dagrun for inside_group_dag to 2024-02-19T00:00:00+00:00, run_after=2024-02-20T00:00:00+00:00
[2024-02-20T22:52:26.584+0000] {processor.py:176} INFO - Processing /opt/airflow/dags/inside_group_dag.py took 0.060 seconds
[2024-02-20T22:52:57.398+0000] {processor.py:154} INFO - Started process (PID=1752) to work on /opt/airflow/dags/inside_group_dag.py
[2024-02-20T22:52:57.399+0000] {processor.py:756} INFO - Processing file /opt/airflow/dags/inside_group_dag.py for tasks to queue
[2024-02-20T22:52:57.399+0000] {logging_mixin.py:120} INFO - [2024-02-20T22:52:57.399+0000] {dagbag.py:537} INFO - Filling up the DagBag from /opt/airflow/dags/inside_group_dag.py
[2024-02-20T22:52:57.413+0000] {processor.py:766} INFO - DAG(s) dict_keys(['inside_group_dag']) retrieved from /opt/airflow/dags/inside_group_dag.py
[2024-02-20T22:52:57.442+0000] {logging_mixin.py:120} INFO - [2024-02-20T22:52:57.442+0000] {dag.py:2585} INFO - Sync 1 DAGs
[2024-02-20T22:52:57.460+0000] {logging_mixin.py:120} INFO - [2024-02-20T22:52:57.460+0000] {dag.py:3340} INFO - Setting next_dagrun for inside_group_dag to 2024-02-19T00:00:00+00:00, run_after=2024-02-20T00:00:00+00:00
[2024-02-20T22:52:57.472+0000] {processor.py:176} INFO - Processing /opt/airflow/dags/inside_group_dag.py took 0.077 seconds
[2024-02-20T22:53:28.436+0000] {processor.py:154} INFO - Started process (PID=1789) to work on /opt/airflow/dags/inside_group_dag.py
[2024-02-20T22:53:28.437+0000] {processor.py:756} INFO - Processing file /opt/airflow/dags/inside_group_dag.py for tasks to queue
[2024-02-20T22:53:28.437+0000] {logging_mixin.py:120} INFO - [2024-02-20T22:53:28.437+0000] {dagbag.py:537} INFO - Filling up the DagBag from /opt/airflow/dags/inside_group_dag.py
[2024-02-20T22:53:28.450+0000] {processor.py:766} INFO - DAG(s) dict_keys(['inside_group_dag']) retrieved from /opt/airflow/dags/inside_group_dag.py
[2024-02-20T22:53:28.472+0000] {logging_mixin.py:120} INFO - [2024-02-20T22:53:28.472+0000] {dag.py:2585} INFO - Sync 1 DAGs
[2024-02-20T22:53:28.486+0000] {logging_mixin.py:120} INFO - [2024-02-20T22:53:28.486+0000] {dag.py:3340} INFO - Setting next_dagrun for inside_group_dag to 2024-02-19T00:00:00+00:00, run_after=2024-02-20T00:00:00+00:00
[2024-02-20T22:53:28.496+0000] {processor.py:176} INFO - Processing /opt/airflow/dags/inside_group_dag.py took 0.063 seconds
[2024-02-20T22:53:59.397+0000] {processor.py:154} INFO - Started process (PID=1826) to work on /opt/airflow/dags/inside_group_dag.py
[2024-02-20T22:53:59.398+0000] {processor.py:756} INFO - Processing file /opt/airflow/dags/inside_group_dag.py for tasks to queue
[2024-02-20T22:53:59.399+0000] {logging_mixin.py:120} INFO - [2024-02-20T22:53:59.399+0000] {dagbag.py:537} INFO - Filling up the DagBag from /opt/airflow/dags/inside_group_dag.py
[2024-02-20T22:53:59.412+0000] {processor.py:766} INFO - DAG(s) dict_keys(['inside_group_dag']) retrieved from /opt/airflow/dags/inside_group_dag.py
[2024-02-20T22:53:59.437+0000] {logging_mixin.py:120} INFO - [2024-02-20T22:53:59.436+0000] {dag.py:2585} INFO - Sync 1 DAGs
[2024-02-20T22:53:59.451+0000] {logging_mixin.py:120} INFO - [2024-02-20T22:53:59.451+0000] {dag.py:3340} INFO - Setting next_dagrun for inside_group_dag to 2024-02-19T00:00:00+00:00, run_after=2024-02-20T00:00:00+00:00
[2024-02-20T22:53:59.460+0000] {processor.py:176} INFO - Processing /opt/airflow/dags/inside_group_dag.py took 0.065 seconds
[2024-02-20T22:54:31.335+0000] {processor.py:154} INFO - Started process (PID=1863) to work on /opt/airflow/dags/inside_group_dag.py
[2024-02-20T22:54:31.336+0000] {processor.py:756} INFO - Processing file /opt/airflow/dags/inside_group_dag.py for tasks to queue
[2024-02-20T22:54:31.337+0000] {logging_mixin.py:120} INFO - [2024-02-20T22:54:31.337+0000] {dagbag.py:537} INFO - Filling up the DagBag from /opt/airflow/dags/inside_group_dag.py
[2024-02-20T22:54:31.352+0000] {processor.py:766} INFO - DAG(s) dict_keys(['inside_group_dag']) retrieved from /opt/airflow/dags/inside_group_dag.py
[2024-02-20T22:54:31.377+0000] {logging_mixin.py:120} INFO - [2024-02-20T22:54:31.376+0000] {dag.py:2585} INFO - Sync 1 DAGs
[2024-02-20T22:54:31.392+0000] {logging_mixin.py:120} INFO - [2024-02-20T22:54:31.392+0000] {dag.py:3340} INFO - Setting next_dagrun for inside_group_dag to 2024-02-19T00:00:00+00:00, run_after=2024-02-20T00:00:00+00:00
[2024-02-20T22:54:31.405+0000] {processor.py:176} INFO - Processing /opt/airflow/dags/inside_group_dag.py took 0.072 seconds
[2024-02-20T23:24:17.635+0000] {processor.py:154} INFO - Started process (PID=56) to work on /opt/airflow/dags/inside_group_dag.py
[2024-02-20T23:24:17.639+0000] {processor.py:756} INFO - Processing file /opt/airflow/dags/inside_group_dag.py for tasks to queue
[2024-02-20T23:24:17.642+0000] {logging_mixin.py:120} INFO - [2024-02-20T23:24:17.641+0000] {dagbag.py:537} INFO - Filling up the DagBag from /opt/airflow/dags/inside_group_dag.py
[2024-02-20T23:24:17.715+0000] {processor.py:766} INFO - DAG(s) dict_keys(['inside_group_dag']) retrieved from /opt/airflow/dags/inside_group_dag.py
[2024-02-20T23:24:17.805+0000] {logging_mixin.py:120} INFO - [2024-02-20T23:24:17.805+0000] {dag.py:2585} INFO - Sync 1 DAGs
[2024-02-20T23:24:17.829+0000] {logging_mixin.py:120} INFO - [2024-02-20T23:24:17.829+0000] {dag.py:3340} INFO - Setting next_dagrun for inside_group_dag to 2024-02-19T00:00:00+00:00, run_after=2024-02-20T00:00:00+00:00
[2024-02-20T23:24:17.859+0000] {processor.py:176} INFO - Processing /opt/airflow/dags/inside_group_dag.py took 0.232 seconds
[2024-02-20T23:24:49.503+0000] {processor.py:154} INFO - Started process (PID=84) to work on /opt/airflow/dags/inside_group_dag.py
[2024-02-20T23:24:49.505+0000] {processor.py:756} INFO - Processing file /opt/airflow/dags/inside_group_dag.py for tasks to queue
[2024-02-20T23:24:49.505+0000] {logging_mixin.py:120} INFO - [2024-02-20T23:24:49.505+0000] {dagbag.py:537} INFO - Filling up the DagBag from /opt/airflow/dags/inside_group_dag.py
[2024-02-20T23:24:49.537+0000] {processor.py:766} INFO - DAG(s) dict_keys(['inside_group_dag']) retrieved from /opt/airflow/dags/inside_group_dag.py
[2024-02-20T23:24:49.588+0000] {logging_mixin.py:120} INFO - [2024-02-20T23:24:49.588+0000] {dag.py:2585} INFO - Sync 1 DAGs
[2024-02-20T23:24:49.639+0000] {logging_mixin.py:120} INFO - [2024-02-20T23:24:49.639+0000] {dag.py:3340} INFO - Setting next_dagrun for inside_group_dag to 2024-02-19T00:00:00+00:00, run_after=2024-02-20T00:00:00+00:00
[2024-02-20T23:24:49.776+0000] {processor.py:176} INFO - Processing /opt/airflow/dags/inside_group_dag.py took 0.279 seconds
[2024-02-20T23:25:20.232+0000] {processor.py:154} INFO - Started process (PID=121) to work on /opt/airflow/dags/inside_group_dag.py
[2024-02-20T23:25:20.233+0000] {processor.py:756} INFO - Processing file /opt/airflow/dags/inside_group_dag.py for tasks to queue
[2024-02-20T23:25:20.233+0000] {logging_mixin.py:120} INFO - [2024-02-20T23:25:20.233+0000] {dagbag.py:537} INFO - Filling up the DagBag from /opt/airflow/dags/inside_group_dag.py
[2024-02-20T23:25:20.247+0000] {processor.py:766} INFO - DAG(s) dict_keys(['inside_group_dag']) retrieved from /opt/airflow/dags/inside_group_dag.py
[2024-02-20T23:25:20.272+0000] {logging_mixin.py:120} INFO - [2024-02-20T23:25:20.272+0000] {dag.py:2585} INFO - Sync 1 DAGs
[2024-02-20T23:25:20.288+0000] {logging_mixin.py:120} INFO - [2024-02-20T23:25:20.288+0000] {dag.py:3340} INFO - Setting next_dagrun for inside_group_dag to 2024-02-19T00:00:00+00:00, run_after=2024-02-20T00:00:00+00:00
[2024-02-20T23:25:20.300+0000] {processor.py:176} INFO - Processing /opt/airflow/dags/inside_group_dag.py took 0.070 seconds
[2024-02-20T23:25:51.403+0000] {processor.py:154} INFO - Started process (PID=158) to work on /opt/airflow/dags/inside_group_dag.py
[2024-02-20T23:25:51.404+0000] {processor.py:756} INFO - Processing file /opt/airflow/dags/inside_group_dag.py for tasks to queue
[2024-02-20T23:25:51.404+0000] {logging_mixin.py:120} INFO - [2024-02-20T23:25:51.404+0000] {dagbag.py:537} INFO - Filling up the DagBag from /opt/airflow/dags/inside_group_dag.py
[2024-02-20T23:25:51.414+0000] {processor.py:766} INFO - DAG(s) dict_keys(['inside_group_dag']) retrieved from /opt/airflow/dags/inside_group_dag.py
[2024-02-20T23:25:51.434+0000] {logging_mixin.py:120} INFO - [2024-02-20T23:25:51.434+0000] {dag.py:2585} INFO - Sync 1 DAGs
[2024-02-20T23:25:51.446+0000] {logging_mixin.py:120} INFO - [2024-02-20T23:25:51.446+0000] {dag.py:3340} INFO - Setting next_dagrun for inside_group_dag to 2024-02-19T00:00:00+00:00, run_after=2024-02-20T00:00:00+00:00
[2024-02-20T23:25:51.454+0000] {processor.py:176} INFO - Processing /opt/airflow/dags/inside_group_dag.py took 0.053 seconds
[2024-02-20T23:26:22.367+0000] {processor.py:154} INFO - Started process (PID=194) to work on /opt/airflow/dags/inside_group_dag.py
[2024-02-20T23:26:22.369+0000] {processor.py:756} INFO - Processing file /opt/airflow/dags/inside_group_dag.py for tasks to queue
[2024-02-20T23:26:22.371+0000] {logging_mixin.py:120} INFO - [2024-02-20T23:26:22.370+0000] {dagbag.py:537} INFO - Filling up the DagBag from /opt/airflow/dags/inside_group_dag.py
[2024-02-20T23:26:22.385+0000] {processor.py:766} INFO - DAG(s) dict_keys(['inside_group_dag']) retrieved from /opt/airflow/dags/inside_group_dag.py
[2024-02-20T23:26:22.407+0000] {logging_mixin.py:120} INFO - [2024-02-20T23:26:22.407+0000] {dag.py:2585} INFO - Sync 1 DAGs
[2024-02-20T23:26:22.422+0000] {logging_mixin.py:120} INFO - [2024-02-20T23:26:22.422+0000] {dag.py:3340} INFO - Setting next_dagrun for inside_group_dag to 2024-02-19T00:00:00+00:00, run_after=2024-02-20T00:00:00+00:00
[2024-02-20T23:26:22.433+0000] {processor.py:176} INFO - Processing /opt/airflow/dags/inside_group_dag.py took 0.069 seconds
[2024-02-20T23:26:53.273+0000] {processor.py:154} INFO - Started process (PID=230) to work on /opt/airflow/dags/inside_group_dag.py
[2024-02-20T23:26:53.275+0000] {processor.py:756} INFO - Processing file /opt/airflow/dags/inside_group_dag.py for tasks to queue
[2024-02-20T23:26:53.276+0000] {logging_mixin.py:120} INFO - [2024-02-20T23:26:53.276+0000] {dagbag.py:537} INFO - Filling up the DagBag from /opt/airflow/dags/inside_group_dag.py
[2024-02-20T23:26:53.292+0000] {processor.py:766} INFO - DAG(s) dict_keys(['inside_group_dag']) retrieved from /opt/airflow/dags/inside_group_dag.py
[2024-02-20T23:26:53.317+0000] {logging_mixin.py:120} INFO - [2024-02-20T23:26:53.317+0000] {dag.py:2585} INFO - Sync 1 DAGs
[2024-02-20T23:26:53.332+0000] {logging_mixin.py:120} INFO - [2024-02-20T23:26:53.332+0000] {dag.py:3340} INFO - Setting next_dagrun for inside_group_dag to 2024-02-19T00:00:00+00:00, run_after=2024-02-20T00:00:00+00:00
[2024-02-20T23:26:53.343+0000] {processor.py:176} INFO - Processing /opt/airflow/dags/inside_group_dag.py took 0.072 seconds
[2024-02-20T23:27:24.191+0000] {processor.py:154} INFO - Started process (PID=266) to work on /opt/airflow/dags/inside_group_dag.py
[2024-02-20T23:27:24.192+0000] {processor.py:756} INFO - Processing file /opt/airflow/dags/inside_group_dag.py for tasks to queue
[2024-02-20T23:27:24.192+0000] {logging_mixin.py:120} INFO - [2024-02-20T23:27:24.192+0000] {dagbag.py:537} INFO - Filling up the DagBag from /opt/airflow/dags/inside_group_dag.py
[2024-02-20T23:27:24.205+0000] {processor.py:766} INFO - DAG(s) dict_keys(['inside_group_dag']) retrieved from /opt/airflow/dags/inside_group_dag.py
[2024-02-20T23:27:24.234+0000] {logging_mixin.py:120} INFO - [2024-02-20T23:27:24.234+0000] {dag.py:2585} INFO - Sync 1 DAGs
[2024-02-20T23:27:24.262+0000] {logging_mixin.py:120} INFO - [2024-02-20T23:27:24.262+0000] {dag.py:3340} INFO - Setting next_dagrun for inside_group_dag to 2024-02-19T00:00:00+00:00, run_after=2024-02-20T00:00:00+00:00
[2024-02-20T23:27:24.272+0000] {processor.py:176} INFO - Processing /opt/airflow/dags/inside_group_dag.py took 0.083 seconds
