[2024-02-20T22:28:07.681+0000] {processor.py:154} INFO - Started process (PID=56) to work on /opt/airflow/dags/parallel_dag.py
[2024-02-20T22:28:07.684+0000] {processor.py:756} INFO - Processing file /opt/airflow/dags/parallel_dag.py for tasks to queue
[2024-02-20T22:28:07.687+0000] {logging_mixin.py:120} INFO - [2024-02-20T22:28:07.686+0000] {dagbag.py:537} INFO - Filling up the DagBag from /opt/airflow/dags/parallel_dag.py
[2024-02-20T22:28:07.787+0000] {processor.py:766} INFO - DAG(s) dict_keys(['parallel_dag']) retrieved from /opt/airflow/dags/parallel_dag.py
[2024-02-20T22:28:08.032+0000] {logging_mixin.py:120} INFO - [2024-02-20T22:28:08.031+0000] {dag.py:2585} INFO - Sync 1 DAGs
[2024-02-20T22:28:08.110+0000] {logging_mixin.py:120} INFO - [2024-02-20T22:28:08.109+0000] {dag.py:3340} INFO - Setting next_dagrun for parallel_dag to 2024-02-19T00:00:00+00:00, run_after=2024-02-20T00:00:00+00:00
[2024-02-20T22:28:08.154+0000] {processor.py:176} INFO - Processing /opt/airflow/dags/parallel_dag.py took 0.478 seconds
[2024-02-20T22:28:38.796+0000] {processor.py:154} INFO - Started process (PID=93) to work on /opt/airflow/dags/parallel_dag.py
[2024-02-20T22:28:38.797+0000] {processor.py:756} INFO - Processing file /opt/airflow/dags/parallel_dag.py for tasks to queue
[2024-02-20T22:28:38.798+0000] {logging_mixin.py:120} INFO - [2024-02-20T22:28:38.797+0000] {dagbag.py:537} INFO - Filling up the DagBag from /opt/airflow/dags/parallel_dag.py
[2024-02-20T22:28:38.810+0000] {processor.py:766} INFO - DAG(s) dict_keys(['parallel_dag']) retrieved from /opt/airflow/dags/parallel_dag.py
[2024-02-20T22:28:38.834+0000] {logging_mixin.py:120} INFO - [2024-02-20T22:28:38.834+0000] {dag.py:2585} INFO - Sync 1 DAGs
[2024-02-20T22:28:38.854+0000] {logging_mixin.py:120} INFO - [2024-02-20T22:28:38.853+0000] {dag.py:3340} INFO - Setting next_dagrun for parallel_dag to 2024-02-19T00:00:00+00:00, run_after=2024-02-20T00:00:00+00:00
[2024-02-20T22:28:38.869+0000] {processor.py:176} INFO - Processing /opt/airflow/dags/parallel_dag.py took 0.075 seconds
[2024-02-20T22:29:09.874+0000] {processor.py:154} INFO - Started process (PID=130) to work on /opt/airflow/dags/parallel_dag.py
[2024-02-20T22:29:09.876+0000] {processor.py:756} INFO - Processing file /opt/airflow/dags/parallel_dag.py for tasks to queue
[2024-02-20T22:29:09.877+0000] {logging_mixin.py:120} INFO - [2024-02-20T22:29:09.877+0000] {dagbag.py:537} INFO - Filling up the DagBag from /opt/airflow/dags/parallel_dag.py
[2024-02-20T22:29:09.891+0000] {processor.py:766} INFO - DAG(s) dict_keys(['parallel_dag']) retrieved from /opt/airflow/dags/parallel_dag.py
[2024-02-20T22:29:09.920+0000] {logging_mixin.py:120} INFO - [2024-02-20T22:29:09.920+0000] {dag.py:2585} INFO - Sync 1 DAGs
[2024-02-20T22:29:09.936+0000] {logging_mixin.py:120} INFO - [2024-02-20T22:29:09.936+0000] {dag.py:3340} INFO - Setting next_dagrun for parallel_dag to 2024-02-19T00:00:00+00:00, run_after=2024-02-20T00:00:00+00:00
[2024-02-20T22:29:09.947+0000] {processor.py:176} INFO - Processing /opt/airflow/dags/parallel_dag.py took 0.075 seconds
[2024-02-20T22:29:40.902+0000] {processor.py:154} INFO - Started process (PID=158) to work on /opt/airflow/dags/parallel_dag.py
[2024-02-20T22:29:40.902+0000] {processor.py:756} INFO - Processing file /opt/airflow/dags/parallel_dag.py for tasks to queue
[2024-02-20T22:29:40.903+0000] {logging_mixin.py:120} INFO - [2024-02-20T22:29:40.903+0000] {dagbag.py:537} INFO - Filling up the DagBag from /opt/airflow/dags/parallel_dag.py
[2024-02-20T22:29:40.914+0000] {processor.py:766} INFO - DAG(s) dict_keys(['parallel_dag']) retrieved from /opt/airflow/dags/parallel_dag.py
[2024-02-20T22:29:40.936+0000] {logging_mixin.py:120} INFO - [2024-02-20T22:29:40.936+0000] {dag.py:2585} INFO - Sync 1 DAGs
[2024-02-20T22:29:40.949+0000] {logging_mixin.py:120} INFO - [2024-02-20T22:29:40.949+0000] {dag.py:3340} INFO - Setting next_dagrun for parallel_dag to 2024-02-19T00:00:00+00:00, run_after=2024-02-20T00:00:00+00:00
[2024-02-20T22:29:40.958+0000] {processor.py:176} INFO - Processing /opt/airflow/dags/parallel_dag.py took 0.059 seconds
[2024-02-20T22:30:11.937+0000] {processor.py:154} INFO - Started process (PID=195) to work on /opt/airflow/dags/parallel_dag.py
[2024-02-20T22:30:11.938+0000] {processor.py:756} INFO - Processing file /opt/airflow/dags/parallel_dag.py for tasks to queue
[2024-02-20T22:30:11.939+0000] {logging_mixin.py:120} INFO - [2024-02-20T22:30:11.938+0000] {dagbag.py:537} INFO - Filling up the DagBag from /opt/airflow/dags/parallel_dag.py
[2024-02-20T22:30:11.951+0000] {processor.py:766} INFO - DAG(s) dict_keys(['parallel_dag']) retrieved from /opt/airflow/dags/parallel_dag.py
[2024-02-20T22:30:11.974+0000] {logging_mixin.py:120} INFO - [2024-02-20T22:30:11.974+0000] {dag.py:2585} INFO - Sync 1 DAGs
[2024-02-20T22:30:11.990+0000] {logging_mixin.py:120} INFO - [2024-02-20T22:30:11.990+0000] {dag.py:3340} INFO - Setting next_dagrun for parallel_dag to 2024-02-19T00:00:00+00:00, run_after=2024-02-20T00:00:00+00:00
[2024-02-20T22:30:12.001+0000] {processor.py:176} INFO - Processing /opt/airflow/dags/parallel_dag.py took 0.066 seconds
[2024-02-20T22:30:42.818+0000] {processor.py:154} INFO - Started process (PID=231) to work on /opt/airflow/dags/parallel_dag.py
[2024-02-20T22:30:42.819+0000] {processor.py:756} INFO - Processing file /opt/airflow/dags/parallel_dag.py for tasks to queue
[2024-02-20T22:30:42.820+0000] {logging_mixin.py:120} INFO - [2024-02-20T22:30:42.820+0000] {dagbag.py:537} INFO - Filling up the DagBag from /opt/airflow/dags/parallel_dag.py
[2024-02-20T22:30:42.831+0000] {processor.py:766} INFO - DAG(s) dict_keys(['parallel_dag']) retrieved from /opt/airflow/dags/parallel_dag.py
[2024-02-20T22:30:42.855+0000] {logging_mixin.py:120} INFO - [2024-02-20T22:30:42.855+0000] {dag.py:2585} INFO - Sync 1 DAGs
[2024-02-20T22:30:42.869+0000] {logging_mixin.py:120} INFO - [2024-02-20T22:30:42.869+0000] {dag.py:3340} INFO - Setting next_dagrun for parallel_dag to 2024-02-19T00:00:00+00:00, run_after=2024-02-20T00:00:00+00:00
[2024-02-20T22:30:42.878+0000] {processor.py:176} INFO - Processing /opt/airflow/dags/parallel_dag.py took 0.062 seconds
[2024-02-20T22:31:13.831+0000] {processor.py:154} INFO - Started process (PID=268) to work on /opt/airflow/dags/parallel_dag.py
[2024-02-20T22:31:13.831+0000] {processor.py:756} INFO - Processing file /opt/airflow/dags/parallel_dag.py for tasks to queue
[2024-02-20T22:31:13.832+0000] {logging_mixin.py:120} INFO - [2024-02-20T22:31:13.832+0000] {dagbag.py:537} INFO - Filling up the DagBag from /opt/airflow/dags/parallel_dag.py
[2024-02-20T22:31:13.842+0000] {processor.py:766} INFO - DAG(s) dict_keys(['parallel_dag']) retrieved from /opt/airflow/dags/parallel_dag.py
[2024-02-20T22:31:13.863+0000] {logging_mixin.py:120} INFO - [2024-02-20T22:31:13.863+0000] {dag.py:2585} INFO - Sync 1 DAGs
[2024-02-20T22:31:13.876+0000] {logging_mixin.py:120} INFO - [2024-02-20T22:31:13.876+0000] {dag.py:3340} INFO - Setting next_dagrun for parallel_dag to 2024-02-19T00:00:00+00:00, run_after=2024-02-20T00:00:00+00:00
[2024-02-20T22:31:13.886+0000] {processor.py:176} INFO - Processing /opt/airflow/dags/parallel_dag.py took 0.057 seconds
[2024-02-20T22:31:46.784+0000] {processor.py:154} INFO - Started process (PID=305) to work on /opt/airflow/dags/parallel_dag.py
[2024-02-20T22:31:46.785+0000] {processor.py:756} INFO - Processing file /opt/airflow/dags/parallel_dag.py for tasks to queue
[2024-02-20T22:31:46.786+0000] {logging_mixin.py:120} INFO - [2024-02-20T22:31:46.786+0000] {dagbag.py:537} INFO - Filling up the DagBag from /opt/airflow/dags/parallel_dag.py
[2024-02-20T22:31:46.799+0000] {processor.py:766} INFO - DAG(s) dict_keys(['parallel_dag']) retrieved from /opt/airflow/dags/parallel_dag.py
[2024-02-20T22:31:46.831+0000] {logging_mixin.py:120} INFO - [2024-02-20T22:31:46.830+0000] {dag.py:2585} INFO - Sync 1 DAGs
[2024-02-20T22:31:46.850+0000] {logging_mixin.py:120} INFO - [2024-02-20T22:31:46.850+0000] {dag.py:3340} INFO - Setting next_dagrun for parallel_dag to 2024-02-19T00:00:00+00:00, run_after=2024-02-20T00:00:00+00:00
[2024-02-20T22:31:46.860+0000] {processor.py:176} INFO - Processing /opt/airflow/dags/parallel_dag.py took 0.078 seconds
[2024-02-20T22:32:16.888+0000] {processor.py:154} INFO - Started process (PID=333) to work on /opt/airflow/dags/parallel_dag.py
[2024-02-20T22:32:16.889+0000] {processor.py:756} INFO - Processing file /opt/airflow/dags/parallel_dag.py for tasks to queue
[2024-02-20T22:32:16.890+0000] {logging_mixin.py:120} INFO - [2024-02-20T22:32:16.889+0000] {dagbag.py:537} INFO - Filling up the DagBag from /opt/airflow/dags/parallel_dag.py
[2024-02-20T22:32:16.902+0000] {processor.py:766} INFO - DAG(s) dict_keys(['parallel_dag']) retrieved from /opt/airflow/dags/parallel_dag.py
[2024-02-20T22:32:16.948+0000] {logging_mixin.py:120} INFO - [2024-02-20T22:32:16.948+0000] {dag.py:2585} INFO - Sync 1 DAGs
[2024-02-20T22:32:16.990+0000] {logging_mixin.py:120} INFO - [2024-02-20T22:32:16.990+0000] {dag.py:3340} INFO - Setting next_dagrun for parallel_dag to 2024-02-19T00:00:00+00:00, run_after=2024-02-20T00:00:00+00:00
[2024-02-20T22:32:17.008+0000] {processor.py:176} INFO - Processing /opt/airflow/dags/parallel_dag.py took 0.124 seconds
[2024-02-20T22:32:47.969+0000] {processor.py:154} INFO - Started process (PID=370) to work on /opt/airflow/dags/parallel_dag.py
[2024-02-20T22:32:47.970+0000] {processor.py:756} INFO - Processing file /opt/airflow/dags/parallel_dag.py for tasks to queue
[2024-02-20T22:32:47.971+0000] {logging_mixin.py:120} INFO - [2024-02-20T22:32:47.971+0000] {dagbag.py:537} INFO - Filling up the DagBag from /opt/airflow/dags/parallel_dag.py
[2024-02-20T22:32:47.982+0000] {processor.py:766} INFO - DAG(s) dict_keys(['parallel_dag']) retrieved from /opt/airflow/dags/parallel_dag.py
[2024-02-20T22:32:48.005+0000] {logging_mixin.py:120} INFO - [2024-02-20T22:32:48.005+0000] {dag.py:2585} INFO - Sync 1 DAGs
[2024-02-20T22:32:48.022+0000] {logging_mixin.py:120} INFO - [2024-02-20T22:32:48.022+0000] {dag.py:3340} INFO - Setting next_dagrun for parallel_dag to 2024-02-19T00:00:00+00:00, run_after=2024-02-20T00:00:00+00:00
[2024-02-20T22:32:48.034+0000] {processor.py:176} INFO - Processing /opt/airflow/dags/parallel_dag.py took 0.067 seconds
[2024-02-20T22:33:19.012+0000] {processor.py:154} INFO - Started process (PID=407) to work on /opt/airflow/dags/parallel_dag.py
[2024-02-20T22:33:19.013+0000] {processor.py:756} INFO - Processing file /opt/airflow/dags/parallel_dag.py for tasks to queue
[2024-02-20T22:33:19.014+0000] {logging_mixin.py:120} INFO - [2024-02-20T22:33:19.013+0000] {dagbag.py:537} INFO - Filling up the DagBag from /opt/airflow/dags/parallel_dag.py
[2024-02-20T22:33:19.026+0000] {processor.py:766} INFO - DAG(s) dict_keys(['parallel_dag']) retrieved from /opt/airflow/dags/parallel_dag.py
[2024-02-20T22:33:19.051+0000] {logging_mixin.py:120} INFO - [2024-02-20T22:33:19.051+0000] {dag.py:2585} INFO - Sync 1 DAGs
[2024-02-20T22:33:19.065+0000] {logging_mixin.py:120} INFO - [2024-02-20T22:33:19.065+0000] {dag.py:3340} INFO - Setting next_dagrun for parallel_dag to 2024-02-19T00:00:00+00:00, run_after=2024-02-20T00:00:00+00:00
[2024-02-20T22:33:19.074+0000] {processor.py:176} INFO - Processing /opt/airflow/dags/parallel_dag.py took 0.066 seconds
[2024-02-20T22:33:50.722+0000] {processor.py:154} INFO - Started process (PID=444) to work on /opt/airflow/dags/parallel_dag.py
[2024-02-20T22:33:50.723+0000] {processor.py:756} INFO - Processing file /opt/airflow/dags/parallel_dag.py for tasks to queue
[2024-02-20T22:33:50.723+0000] {logging_mixin.py:120} INFO - [2024-02-20T22:33:50.723+0000] {dagbag.py:537} INFO - Filling up the DagBag from /opt/airflow/dags/parallel_dag.py
[2024-02-20T22:33:50.736+0000] {processor.py:766} INFO - DAG(s) dict_keys(['parallel_dag']) retrieved from /opt/airflow/dags/parallel_dag.py
[2024-02-20T22:33:50.768+0000] {logging_mixin.py:120} INFO - [2024-02-20T22:33:50.768+0000] {dag.py:2585} INFO - Sync 1 DAGs
[2024-02-20T22:33:50.783+0000] {logging_mixin.py:120} INFO - [2024-02-20T22:33:50.783+0000] {dag.py:3340} INFO - Setting next_dagrun for parallel_dag to 2024-02-19T00:00:00+00:00, run_after=2024-02-20T00:00:00+00:00
[2024-02-20T22:33:50.793+0000] {processor.py:176} INFO - Processing /opt/airflow/dags/parallel_dag.py took 0.073 seconds
[2024-02-20T22:34:21.701+0000] {processor.py:154} INFO - Started process (PID=481) to work on /opt/airflow/dags/parallel_dag.py
[2024-02-20T22:34:21.702+0000] {processor.py:756} INFO - Processing file /opt/airflow/dags/parallel_dag.py for tasks to queue
[2024-02-20T22:34:21.703+0000] {logging_mixin.py:120} INFO - [2024-02-20T22:34:21.703+0000] {dagbag.py:537} INFO - Filling up the DagBag from /opt/airflow/dags/parallel_dag.py
[2024-02-20T22:34:21.715+0000] {processor.py:766} INFO - DAG(s) dict_keys(['parallel_dag']) retrieved from /opt/airflow/dags/parallel_dag.py
[2024-02-20T22:34:21.744+0000] {logging_mixin.py:120} INFO - [2024-02-20T22:34:21.743+0000] {dag.py:2585} INFO - Sync 1 DAGs
[2024-02-20T22:34:21.758+0000] {logging_mixin.py:120} INFO - [2024-02-20T22:34:21.758+0000] {dag.py:3340} INFO - Setting next_dagrun for parallel_dag to 2024-02-19T00:00:00+00:00, run_after=2024-02-20T00:00:00+00:00
[2024-02-20T22:34:21.768+0000] {processor.py:176} INFO - Processing /opt/airflow/dags/parallel_dag.py took 0.069 seconds
[2024-02-20T22:34:53.483+0000] {processor.py:154} INFO - Started process (PID=518) to work on /opt/airflow/dags/parallel_dag.py
[2024-02-20T22:34:53.484+0000] {processor.py:756} INFO - Processing file /opt/airflow/dags/parallel_dag.py for tasks to queue
[2024-02-20T22:34:53.485+0000] {logging_mixin.py:120} INFO - [2024-02-20T22:34:53.485+0000] {dagbag.py:537} INFO - Filling up the DagBag from /opt/airflow/dags/parallel_dag.py
[2024-02-20T22:34:53.505+0000] {processor.py:766} INFO - DAG(s) dict_keys(['parallel_dag']) retrieved from /opt/airflow/dags/parallel_dag.py
[2024-02-20T22:34:53.558+0000] {logging_mixin.py:120} INFO - [2024-02-20T22:34:53.558+0000] {dag.py:2585} INFO - Sync 1 DAGs
[2024-02-20T22:34:53.581+0000] {logging_mixin.py:120} INFO - [2024-02-20T22:34:53.581+0000] {dag.py:3340} INFO - Setting next_dagrun for parallel_dag to 2024-02-19T00:00:00+00:00, run_after=2024-02-20T00:00:00+00:00
[2024-02-20T22:34:53.595+0000] {processor.py:176} INFO - Processing /opt/airflow/dags/parallel_dag.py took 0.114 seconds
[2024-02-20T22:35:24.455+0000] {processor.py:154} INFO - Started process (PID=546) to work on /opt/airflow/dags/parallel_dag.py
[2024-02-20T22:35:24.456+0000] {processor.py:756} INFO - Processing file /opt/airflow/dags/parallel_dag.py for tasks to queue
[2024-02-20T22:35:24.456+0000] {logging_mixin.py:120} INFO - [2024-02-20T22:35:24.456+0000] {dagbag.py:537} INFO - Filling up the DagBag from /opt/airflow/dags/parallel_dag.py
[2024-02-20T22:35:24.468+0000] {processor.py:766} INFO - DAG(s) dict_keys(['parallel_dag']) retrieved from /opt/airflow/dags/parallel_dag.py
[2024-02-20T22:35:24.489+0000] {logging_mixin.py:120} INFO - [2024-02-20T22:35:24.489+0000] {dag.py:2585} INFO - Sync 1 DAGs
[2024-02-20T22:35:24.505+0000] {logging_mixin.py:120} INFO - [2024-02-20T22:35:24.504+0000] {dag.py:3340} INFO - Setting next_dagrun for parallel_dag to 2024-02-19T00:00:00+00:00, run_after=2024-02-20T00:00:00+00:00
[2024-02-20T22:35:24.514+0000] {processor.py:176} INFO - Processing /opt/airflow/dags/parallel_dag.py took 0.062 seconds
[2024-02-20T22:35:55.418+0000] {processor.py:154} INFO - Started process (PID=583) to work on /opt/airflow/dags/parallel_dag.py
[2024-02-20T22:35:55.420+0000] {processor.py:756} INFO - Processing file /opt/airflow/dags/parallel_dag.py for tasks to queue
[2024-02-20T22:35:55.421+0000] {logging_mixin.py:120} INFO - [2024-02-20T22:35:55.421+0000] {dagbag.py:537} INFO - Filling up the DagBag from /opt/airflow/dags/parallel_dag.py
[2024-02-20T22:35:55.433+0000] {processor.py:766} INFO - DAG(s) dict_keys(['parallel_dag']) retrieved from /opt/airflow/dags/parallel_dag.py
[2024-02-20T22:35:55.458+0000] {logging_mixin.py:120} INFO - [2024-02-20T22:35:55.458+0000] {dag.py:2585} INFO - Sync 1 DAGs
[2024-02-20T22:35:55.476+0000] {logging_mixin.py:120} INFO - [2024-02-20T22:35:55.476+0000] {dag.py:3340} INFO - Setting next_dagrun for parallel_dag to 2024-02-19T00:00:00+00:00, run_after=2024-02-20T00:00:00+00:00
[2024-02-20T22:35:55.500+0000] {processor.py:176} INFO - Processing /opt/airflow/dags/parallel_dag.py took 0.085 seconds
[2024-02-20T22:36:26.494+0000] {processor.py:154} INFO - Started process (PID=620) to work on /opt/airflow/dags/parallel_dag.py
[2024-02-20T22:36:26.496+0000] {processor.py:756} INFO - Processing file /opt/airflow/dags/parallel_dag.py for tasks to queue
[2024-02-20T22:36:26.497+0000] {logging_mixin.py:120} INFO - [2024-02-20T22:36:26.497+0000] {dagbag.py:537} INFO - Filling up the DagBag from /opt/airflow/dags/parallel_dag.py
[2024-02-20T22:36:26.513+0000] {processor.py:766} INFO - DAG(s) dict_keys(['parallel_dag']) retrieved from /opt/airflow/dags/parallel_dag.py
[2024-02-20T22:36:26.544+0000] {logging_mixin.py:120} INFO - [2024-02-20T22:36:26.544+0000] {dag.py:2585} INFO - Sync 1 DAGs
[2024-02-20T22:36:26.564+0000] {logging_mixin.py:120} INFO - [2024-02-20T22:36:26.564+0000] {dag.py:3340} INFO - Setting next_dagrun for parallel_dag to 2024-02-19T00:00:00+00:00, run_after=2024-02-20T00:00:00+00:00
[2024-02-20T22:36:26.574+0000] {processor.py:176} INFO - Processing /opt/airflow/dags/parallel_dag.py took 0.084 seconds
[2024-02-20T22:36:57.422+0000] {processor.py:154} INFO - Started process (PID=657) to work on /opt/airflow/dags/parallel_dag.py
[2024-02-20T22:36:57.423+0000] {processor.py:756} INFO - Processing file /opt/airflow/dags/parallel_dag.py for tasks to queue
[2024-02-20T22:36:57.423+0000] {logging_mixin.py:120} INFO - [2024-02-20T22:36:57.423+0000] {dagbag.py:537} INFO - Filling up the DagBag from /opt/airflow/dags/parallel_dag.py
[2024-02-20T22:36:57.440+0000] {processor.py:766} INFO - DAG(s) dict_keys(['parallel_dag']) retrieved from /opt/airflow/dags/parallel_dag.py
[2024-02-20T22:36:57.469+0000] {logging_mixin.py:120} INFO - [2024-02-20T22:36:57.469+0000] {dag.py:2585} INFO - Sync 1 DAGs
[2024-02-20T22:36:57.484+0000] {logging_mixin.py:120} INFO - [2024-02-20T22:36:57.484+0000] {dag.py:3340} INFO - Setting next_dagrun for parallel_dag to 2024-02-19T00:00:00+00:00, run_after=2024-02-20T00:00:00+00:00
[2024-02-20T22:36:57.493+0000] {processor.py:176} INFO - Processing /opt/airflow/dags/parallel_dag.py took 0.073 seconds
[2024-02-20T22:37:27.539+0000] {processor.py:154} INFO - Started process (PID=692) to work on /opt/airflow/dags/parallel_dag.py
[2024-02-20T22:37:27.539+0000] {processor.py:756} INFO - Processing file /opt/airflow/dags/parallel_dag.py for tasks to queue
[2024-02-20T22:37:27.540+0000] {logging_mixin.py:120} INFO - [2024-02-20T22:37:27.540+0000] {dagbag.py:537} INFO - Filling up the DagBag from /opt/airflow/dags/parallel_dag.py
[2024-02-20T22:37:27.557+0000] {processor.py:766} INFO - DAG(s) dict_keys(['parallel_dag']) retrieved from /opt/airflow/dags/parallel_dag.py
[2024-02-20T22:37:27.589+0000] {logging_mixin.py:120} INFO - [2024-02-20T22:37:27.589+0000] {dag.py:2585} INFO - Sync 1 DAGs
[2024-02-20T22:37:27.603+0000] {logging_mixin.py:120} INFO - [2024-02-20T22:37:27.602+0000] {dag.py:3340} INFO - Setting next_dagrun for parallel_dag to 2024-02-19T00:00:00+00:00, run_after=2024-02-20T00:00:00+00:00
[2024-02-20T22:37:27.613+0000] {processor.py:176} INFO - Processing /opt/airflow/dags/parallel_dag.py took 0.076 seconds
[2024-02-20T22:37:58.760+0000] {processor.py:154} INFO - Started process (PID=722) to work on /opt/airflow/dags/parallel_dag.py
[2024-02-20T22:37:58.761+0000] {processor.py:756} INFO - Processing file /opt/airflow/dags/parallel_dag.py for tasks to queue
[2024-02-20T22:37:58.761+0000] {logging_mixin.py:120} INFO - [2024-02-20T22:37:58.761+0000] {dagbag.py:537} INFO - Filling up the DagBag from /opt/airflow/dags/parallel_dag.py
[2024-02-20T22:37:58.772+0000] {processor.py:766} INFO - DAG(s) dict_keys(['parallel_dag']) retrieved from /opt/airflow/dags/parallel_dag.py
[2024-02-20T22:37:58.793+0000] {logging_mixin.py:120} INFO - [2024-02-20T22:37:58.793+0000] {dag.py:2585} INFO - Sync 1 DAGs
[2024-02-20T22:37:58.806+0000] {logging_mixin.py:120} INFO - [2024-02-20T22:37:58.806+0000] {dag.py:3340} INFO - Setting next_dagrun for parallel_dag to 2024-02-19T00:00:00+00:00, run_after=2024-02-20T00:00:00+00:00
[2024-02-20T22:37:58.815+0000] {processor.py:176} INFO - Processing /opt/airflow/dags/parallel_dag.py took 0.058 seconds
[2024-02-20T22:38:29.908+0000] {processor.py:154} INFO - Started process (PID=759) to work on /opt/airflow/dags/parallel_dag.py
[2024-02-20T22:38:29.909+0000] {processor.py:756} INFO - Processing file /opt/airflow/dags/parallel_dag.py for tasks to queue
[2024-02-20T22:38:29.909+0000] {logging_mixin.py:120} INFO - [2024-02-20T22:38:29.909+0000] {dagbag.py:537} INFO - Filling up the DagBag from /opt/airflow/dags/parallel_dag.py
[2024-02-20T22:38:29.921+0000] {processor.py:766} INFO - DAG(s) dict_keys(['parallel_dag']) retrieved from /opt/airflow/dags/parallel_dag.py
[2024-02-20T22:38:29.947+0000] {logging_mixin.py:120} INFO - [2024-02-20T22:38:29.947+0000] {dag.py:2585} INFO - Sync 1 DAGs
[2024-02-20T22:38:29.962+0000] {logging_mixin.py:120} INFO - [2024-02-20T22:38:29.962+0000] {dag.py:3340} INFO - Setting next_dagrun for parallel_dag to 2024-02-19T00:00:00+00:00, run_after=2024-02-20T00:00:00+00:00
[2024-02-20T22:38:29.973+0000] {processor.py:176} INFO - Processing /opt/airflow/dags/parallel_dag.py took 0.068 seconds
[2024-02-20T22:39:00.916+0000] {processor.py:154} INFO - Started process (PID=796) to work on /opt/airflow/dags/parallel_dag.py
[2024-02-20T22:39:00.917+0000] {processor.py:756} INFO - Processing file /opt/airflow/dags/parallel_dag.py for tasks to queue
[2024-02-20T22:39:00.918+0000] {logging_mixin.py:120} INFO - [2024-02-20T22:39:00.918+0000] {dagbag.py:537} INFO - Filling up the DagBag from /opt/airflow/dags/parallel_dag.py
[2024-02-20T22:39:00.932+0000] {processor.py:766} INFO - DAG(s) dict_keys(['parallel_dag']) retrieved from /opt/airflow/dags/parallel_dag.py
[2024-02-20T22:39:00.959+0000] {logging_mixin.py:120} INFO - [2024-02-20T22:39:00.958+0000] {dag.py:2585} INFO - Sync 1 DAGs
[2024-02-20T22:39:00.973+0000] {logging_mixin.py:120} INFO - [2024-02-20T22:39:00.973+0000] {dag.py:3340} INFO - Setting next_dagrun for parallel_dag to 2024-02-19T00:00:00+00:00, run_after=2024-02-20T00:00:00+00:00
[2024-02-20T22:39:00.984+0000] {processor.py:176} INFO - Processing /opt/airflow/dags/parallel_dag.py took 0.071 seconds
[2024-02-20T22:39:31.961+0000] {processor.py:154} INFO - Started process (PID=833) to work on /opt/airflow/dags/parallel_dag.py
[2024-02-20T22:39:31.962+0000] {processor.py:756} INFO - Processing file /opt/airflow/dags/parallel_dag.py for tasks to queue
[2024-02-20T22:39:31.962+0000] {logging_mixin.py:120} INFO - [2024-02-20T22:39:31.962+0000] {dagbag.py:537} INFO - Filling up the DagBag from /opt/airflow/dags/parallel_dag.py
[2024-02-20T22:39:31.974+0000] {processor.py:766} INFO - DAG(s) dict_keys(['parallel_dag']) retrieved from /opt/airflow/dags/parallel_dag.py
[2024-02-20T22:39:31.997+0000] {logging_mixin.py:120} INFO - [2024-02-20T22:39:31.997+0000] {dag.py:2585} INFO - Sync 1 DAGs
[2024-02-20T22:39:32.010+0000] {logging_mixin.py:120} INFO - [2024-02-20T22:39:32.010+0000] {dag.py:3340} INFO - Setting next_dagrun for parallel_dag to 2024-02-19T00:00:00+00:00, run_after=2024-02-20T00:00:00+00:00
[2024-02-20T22:39:32.019+0000] {processor.py:176} INFO - Processing /opt/airflow/dags/parallel_dag.py took 0.060 seconds
[2024-02-20T22:40:02.916+0000] {processor.py:154} INFO - Started process (PID=870) to work on /opt/airflow/dags/parallel_dag.py
[2024-02-20T22:40:02.917+0000] {processor.py:756} INFO - Processing file /opt/airflow/dags/parallel_dag.py for tasks to queue
[2024-02-20T22:40:02.918+0000] {logging_mixin.py:120} INFO - [2024-02-20T22:40:02.918+0000] {dagbag.py:537} INFO - Filling up the DagBag from /opt/airflow/dags/parallel_dag.py
[2024-02-20T22:40:02.930+0000] {processor.py:766} INFO - DAG(s) dict_keys(['parallel_dag']) retrieved from /opt/airflow/dags/parallel_dag.py
[2024-02-20T22:40:02.951+0000] {logging_mixin.py:120} INFO - [2024-02-20T22:40:02.951+0000] {dag.py:2585} INFO - Sync 1 DAGs
[2024-02-20T22:40:02.965+0000] {logging_mixin.py:120} INFO - [2024-02-20T22:40:02.965+0000] {dag.py:3340} INFO - Setting next_dagrun for parallel_dag to 2024-02-19T00:00:00+00:00, run_after=2024-02-20T00:00:00+00:00
[2024-02-20T22:40:02.975+0000] {processor.py:176} INFO - Processing /opt/airflow/dags/parallel_dag.py took 0.061 seconds
[2024-02-20T22:40:33.855+0000] {processor.py:154} INFO - Started process (PID=907) to work on /opt/airflow/dags/parallel_dag.py
[2024-02-20T22:40:33.856+0000] {processor.py:756} INFO - Processing file /opt/airflow/dags/parallel_dag.py for tasks to queue
[2024-02-20T22:40:33.857+0000] {logging_mixin.py:120} INFO - [2024-02-20T22:40:33.857+0000] {dagbag.py:537} INFO - Filling up the DagBag from /opt/airflow/dags/parallel_dag.py
[2024-02-20T22:40:33.871+0000] {processor.py:766} INFO - DAG(s) dict_keys(['parallel_dag']) retrieved from /opt/airflow/dags/parallel_dag.py
[2024-02-20T22:40:33.894+0000] {logging_mixin.py:120} INFO - [2024-02-20T22:40:33.894+0000] {dag.py:2585} INFO - Sync 1 DAGs
[2024-02-20T22:40:33.908+0000] {logging_mixin.py:120} INFO - [2024-02-20T22:40:33.908+0000] {dag.py:3340} INFO - Setting next_dagrun for parallel_dag to 2024-02-19T00:00:00+00:00, run_after=2024-02-20T00:00:00+00:00
[2024-02-20T22:40:33.918+0000] {processor.py:176} INFO - Processing /opt/airflow/dags/parallel_dag.py took 0.066 seconds
[2024-02-20T22:41:05.176+0000] {processor.py:154} INFO - Started process (PID=944) to work on /opt/airflow/dags/parallel_dag.py
[2024-02-20T22:41:05.178+0000] {processor.py:756} INFO - Processing file /opt/airflow/dags/parallel_dag.py for tasks to queue
[2024-02-20T22:41:05.179+0000] {logging_mixin.py:120} INFO - [2024-02-20T22:41:05.179+0000] {dagbag.py:537} INFO - Filling up the DagBag from /opt/airflow/dags/parallel_dag.py
[2024-02-20T22:41:05.197+0000] {processor.py:766} INFO - DAG(s) dict_keys(['parallel_dag']) retrieved from /opt/airflow/dags/parallel_dag.py
[2024-02-20T22:41:05.243+0000] {logging_mixin.py:120} INFO - [2024-02-20T22:41:05.243+0000] {dag.py:2585} INFO - Sync 1 DAGs
[2024-02-20T22:41:05.265+0000] {logging_mixin.py:120} INFO - [2024-02-20T22:41:05.265+0000] {dag.py:3340} INFO - Setting next_dagrun for parallel_dag to 2024-02-19T00:00:00+00:00, run_after=2024-02-20T00:00:00+00:00
[2024-02-20T22:41:05.287+0000] {processor.py:176} INFO - Processing /opt/airflow/dags/parallel_dag.py took 0.114 seconds
[2024-02-20T22:41:35.483+0000] {processor.py:154} INFO - Started process (PID=972) to work on /opt/airflow/dags/parallel_dag.py
[2024-02-20T22:41:35.484+0000] {processor.py:756} INFO - Processing file /opt/airflow/dags/parallel_dag.py for tasks to queue
[2024-02-20T22:41:35.484+0000] {logging_mixin.py:120} INFO - [2024-02-20T22:41:35.484+0000] {dagbag.py:537} INFO - Filling up the DagBag from /opt/airflow/dags/parallel_dag.py
[2024-02-20T22:41:35.496+0000] {processor.py:766} INFO - DAG(s) dict_keys(['parallel_dag']) retrieved from /opt/airflow/dags/parallel_dag.py
[2024-02-20T22:41:35.519+0000] {logging_mixin.py:120} INFO - [2024-02-20T22:41:35.519+0000] {dag.py:2585} INFO - Sync 1 DAGs
[2024-02-20T22:41:35.537+0000] {logging_mixin.py:120} INFO - [2024-02-20T22:41:35.537+0000] {dag.py:3340} INFO - Setting next_dagrun for parallel_dag to 2024-02-19T00:00:00+00:00, run_after=2024-02-20T00:00:00+00:00
[2024-02-20T22:41:35.551+0000] {processor.py:176} INFO - Processing /opt/airflow/dags/parallel_dag.py took 0.071 seconds
[2024-02-20T22:42:06.605+0000] {processor.py:154} INFO - Started process (PID=1008) to work on /opt/airflow/dags/parallel_dag.py
[2024-02-20T22:42:06.606+0000] {processor.py:756} INFO - Processing file /opt/airflow/dags/parallel_dag.py for tasks to queue
[2024-02-20T22:42:06.607+0000] {logging_mixin.py:120} INFO - [2024-02-20T22:42:06.607+0000] {dagbag.py:537} INFO - Filling up the DagBag from /opt/airflow/dags/parallel_dag.py
[2024-02-20T22:42:06.619+0000] {processor.py:766} INFO - DAG(s) dict_keys(['parallel_dag']) retrieved from /opt/airflow/dags/parallel_dag.py
[2024-02-20T22:42:06.640+0000] {logging_mixin.py:120} INFO - [2024-02-20T22:42:06.640+0000] {dag.py:2585} INFO - Sync 1 DAGs
[2024-02-20T22:42:06.657+0000] {logging_mixin.py:120} INFO - [2024-02-20T22:42:06.657+0000] {dag.py:3340} INFO - Setting next_dagrun for parallel_dag to 2024-02-19T00:00:00+00:00, run_after=2024-02-20T00:00:00+00:00
[2024-02-20T22:42:06.668+0000] {processor.py:176} INFO - Processing /opt/airflow/dags/parallel_dag.py took 0.065 seconds
[2024-02-20T22:42:37.550+0000] {processor.py:154} INFO - Started process (PID=1044) to work on /opt/airflow/dags/parallel_dag.py
[2024-02-20T22:42:37.551+0000] {processor.py:756} INFO - Processing file /opt/airflow/dags/parallel_dag.py for tasks to queue
[2024-02-20T22:42:37.551+0000] {logging_mixin.py:120} INFO - [2024-02-20T22:42:37.551+0000] {dagbag.py:537} INFO - Filling up the DagBag from /opt/airflow/dags/parallel_dag.py
[2024-02-20T22:42:37.564+0000] {processor.py:766} INFO - DAG(s) dict_keys(['parallel_dag']) retrieved from /opt/airflow/dags/parallel_dag.py
[2024-02-20T22:42:37.587+0000] {logging_mixin.py:120} INFO - [2024-02-20T22:42:37.587+0000] {dag.py:2585} INFO - Sync 1 DAGs
[2024-02-20T22:42:37.601+0000] {logging_mixin.py:120} INFO - [2024-02-20T22:42:37.601+0000] {dag.py:3340} INFO - Setting next_dagrun for parallel_dag to 2024-02-19T00:00:00+00:00, run_after=2024-02-20T00:00:00+00:00
[2024-02-20T22:42:37.610+0000] {processor.py:176} INFO - Processing /opt/airflow/dags/parallel_dag.py took 0.062 seconds
[2024-02-20T22:43:08.660+0000] {processor.py:154} INFO - Started process (PID=1081) to work on /opt/airflow/dags/parallel_dag.py
[2024-02-20T22:43:08.662+0000] {processor.py:756} INFO - Processing file /opt/airflow/dags/parallel_dag.py for tasks to queue
[2024-02-20T22:43:08.663+0000] {logging_mixin.py:120} INFO - [2024-02-20T22:43:08.662+0000] {dagbag.py:537} INFO - Filling up the DagBag from /opt/airflow/dags/parallel_dag.py
[2024-02-20T22:43:08.675+0000] {processor.py:766} INFO - DAG(s) dict_keys(['parallel_dag']) retrieved from /opt/airflow/dags/parallel_dag.py
[2024-02-20T22:43:08.704+0000] {logging_mixin.py:120} INFO - [2024-02-20T22:43:08.703+0000] {dag.py:2585} INFO - Sync 1 DAGs
[2024-02-20T22:43:08.724+0000] {logging_mixin.py:120} INFO - [2024-02-20T22:43:08.724+0000] {dag.py:3340} INFO - Setting next_dagrun for parallel_dag to 2024-02-19T00:00:00+00:00, run_after=2024-02-20T00:00:00+00:00
[2024-02-20T22:43:08.744+0000] {processor.py:176} INFO - Processing /opt/airflow/dags/parallel_dag.py took 0.085 seconds
[2024-02-20T22:43:40.027+0000] {processor.py:154} INFO - Started process (PID=1118) to work on /opt/airflow/dags/parallel_dag.py
[2024-02-20T22:43:40.028+0000] {processor.py:756} INFO - Processing file /opt/airflow/dags/parallel_dag.py for tasks to queue
[2024-02-20T22:43:40.028+0000] {logging_mixin.py:120} INFO - [2024-02-20T22:43:40.028+0000] {dagbag.py:537} INFO - Filling up the DagBag from /opt/airflow/dags/parallel_dag.py
[2024-02-20T22:43:40.040+0000] {processor.py:766} INFO - DAG(s) dict_keys(['parallel_dag']) retrieved from /opt/airflow/dags/parallel_dag.py
[2024-02-20T22:43:40.067+0000] {logging_mixin.py:120} INFO - [2024-02-20T22:43:40.067+0000] {dag.py:2585} INFO - Sync 1 DAGs
[2024-02-20T22:43:40.082+0000] {logging_mixin.py:120} INFO - [2024-02-20T22:43:40.082+0000] {dag.py:3340} INFO - Setting next_dagrun for parallel_dag to 2024-02-19T00:00:00+00:00, run_after=2024-02-20T00:00:00+00:00
[2024-02-20T22:43:40.091+0000] {processor.py:176} INFO - Processing /opt/airflow/dags/parallel_dag.py took 0.066 seconds
[2024-02-20T22:44:11.301+0000] {processor.py:154} INFO - Started process (PID=1155) to work on /opt/airflow/dags/parallel_dag.py
[2024-02-20T22:44:11.303+0000] {processor.py:756} INFO - Processing file /opt/airflow/dags/parallel_dag.py for tasks to queue
[2024-02-20T22:44:11.303+0000] {logging_mixin.py:120} INFO - [2024-02-20T22:44:11.303+0000] {dagbag.py:537} INFO - Filling up the DagBag from /opt/airflow/dags/parallel_dag.py
[2024-02-20T22:44:11.318+0000] {processor.py:766} INFO - DAG(s) dict_keys(['parallel_dag']) retrieved from /opt/airflow/dags/parallel_dag.py
[2024-02-20T22:44:11.343+0000] {logging_mixin.py:120} INFO - [2024-02-20T22:44:11.343+0000] {dag.py:2585} INFO - Sync 1 DAGs
[2024-02-20T22:44:11.359+0000] {logging_mixin.py:120} INFO - [2024-02-20T22:44:11.358+0000] {dag.py:3340} INFO - Setting next_dagrun for parallel_dag to 2024-02-19T00:00:00+00:00, run_after=2024-02-20T00:00:00+00:00
[2024-02-20T22:44:11.372+0000] {processor.py:176} INFO - Processing /opt/airflow/dags/parallel_dag.py took 0.073 seconds
[2024-02-20T22:44:42.264+0000] {processor.py:154} INFO - Started process (PID=1183) to work on /opt/airflow/dags/parallel_dag.py
[2024-02-20T22:44:42.265+0000] {processor.py:756} INFO - Processing file /opt/airflow/dags/parallel_dag.py for tasks to queue
[2024-02-20T22:44:42.266+0000] {logging_mixin.py:120} INFO - [2024-02-20T22:44:42.266+0000] {dagbag.py:537} INFO - Filling up the DagBag from /opt/airflow/dags/parallel_dag.py
[2024-02-20T22:44:42.277+0000] {processor.py:766} INFO - DAG(s) dict_keys(['parallel_dag']) retrieved from /opt/airflow/dags/parallel_dag.py
[2024-02-20T22:44:42.306+0000] {logging_mixin.py:120} INFO - [2024-02-20T22:44:42.306+0000] {dag.py:2585} INFO - Sync 1 DAGs
[2024-02-20T22:44:42.320+0000] {logging_mixin.py:120} INFO - [2024-02-20T22:44:42.320+0000] {dag.py:3340} INFO - Setting next_dagrun for parallel_dag to 2024-02-19T00:00:00+00:00, run_after=2024-02-20T00:00:00+00:00
[2024-02-20T22:44:42.329+0000] {processor.py:176} INFO - Processing /opt/airflow/dags/parallel_dag.py took 0.069 seconds
[2024-02-20T22:45:13.258+0000] {processor.py:154} INFO - Started process (PID=1220) to work on /opt/airflow/dags/parallel_dag.py
[2024-02-20T22:45:13.259+0000] {processor.py:756} INFO - Processing file /opt/airflow/dags/parallel_dag.py for tasks to queue
[2024-02-20T22:45:13.259+0000] {logging_mixin.py:120} INFO - [2024-02-20T22:45:13.259+0000] {dagbag.py:537} INFO - Filling up the DagBag from /opt/airflow/dags/parallel_dag.py
[2024-02-20T22:45:13.271+0000] {processor.py:766} INFO - DAG(s) dict_keys(['parallel_dag']) retrieved from /opt/airflow/dags/parallel_dag.py
[2024-02-20T22:45:13.295+0000] {logging_mixin.py:120} INFO - [2024-02-20T22:45:13.295+0000] {dag.py:2585} INFO - Sync 1 DAGs
[2024-02-20T22:45:13.310+0000] {logging_mixin.py:120} INFO - [2024-02-20T22:45:13.310+0000] {dag.py:3340} INFO - Setting next_dagrun for parallel_dag to 2024-02-19T00:00:00+00:00, run_after=2024-02-20T00:00:00+00:00
[2024-02-20T22:45:13.321+0000] {processor.py:176} INFO - Processing /opt/airflow/dags/parallel_dag.py took 0.066 seconds
[2024-02-20T22:45:44.160+0000] {processor.py:154} INFO - Started process (PID=1257) to work on /opt/airflow/dags/parallel_dag.py
[2024-02-20T22:45:44.161+0000] {processor.py:756} INFO - Processing file /opt/airflow/dags/parallel_dag.py for tasks to queue
[2024-02-20T22:45:44.161+0000] {logging_mixin.py:120} INFO - [2024-02-20T22:45:44.161+0000] {dagbag.py:537} INFO - Filling up the DagBag from /opt/airflow/dags/parallel_dag.py
[2024-02-20T22:45:44.173+0000] {processor.py:766} INFO - DAG(s) dict_keys(['parallel_dag']) retrieved from /opt/airflow/dags/parallel_dag.py
[2024-02-20T22:45:44.196+0000] {logging_mixin.py:120} INFO - [2024-02-20T22:45:44.196+0000] {dag.py:2585} INFO - Sync 1 DAGs
[2024-02-20T22:45:44.210+0000] {logging_mixin.py:120} INFO - [2024-02-20T22:45:44.210+0000] {dag.py:3340} INFO - Setting next_dagrun for parallel_dag to 2024-02-19T00:00:00+00:00, run_after=2024-02-20T00:00:00+00:00
[2024-02-20T22:45:44.219+0000] {processor.py:176} INFO - Processing /opt/airflow/dags/parallel_dag.py took 0.061 seconds
[2024-02-20T22:46:15.210+0000] {processor.py:154} INFO - Started process (PID=1294) to work on /opt/airflow/dags/parallel_dag.py
[2024-02-20T22:46:15.211+0000] {processor.py:756} INFO - Processing file /opt/airflow/dags/parallel_dag.py for tasks to queue
[2024-02-20T22:46:15.211+0000] {logging_mixin.py:120} INFO - [2024-02-20T22:46:15.211+0000] {dagbag.py:537} INFO - Filling up the DagBag from /opt/airflow/dags/parallel_dag.py
[2024-02-20T22:46:15.223+0000] {processor.py:766} INFO - DAG(s) dict_keys(['parallel_dag']) retrieved from /opt/airflow/dags/parallel_dag.py
[2024-02-20T22:46:15.245+0000] {logging_mixin.py:120} INFO - [2024-02-20T22:46:15.245+0000] {dag.py:2585} INFO - Sync 1 DAGs
[2024-02-20T22:46:15.259+0000] {logging_mixin.py:120} INFO - [2024-02-20T22:46:15.259+0000] {dag.py:3340} INFO - Setting next_dagrun for parallel_dag to 2024-02-19T00:00:00+00:00, run_after=2024-02-20T00:00:00+00:00
[2024-02-20T22:46:15.269+0000] {processor.py:176} INFO - Processing /opt/airflow/dags/parallel_dag.py took 0.061 seconds
[2024-02-20T22:46:46.105+0000] {processor.py:154} INFO - Started process (PID=1330) to work on /opt/airflow/dags/parallel_dag.py
[2024-02-20T22:46:46.105+0000] {processor.py:756} INFO - Processing file /opt/airflow/dags/parallel_dag.py for tasks to queue
[2024-02-20T22:46:46.106+0000] {logging_mixin.py:120} INFO - [2024-02-20T22:46:46.106+0000] {dagbag.py:537} INFO - Filling up the DagBag from /opt/airflow/dags/parallel_dag.py
[2024-02-20T22:46:46.117+0000] {processor.py:766} INFO - DAG(s) dict_keys(['parallel_dag']) retrieved from /opt/airflow/dags/parallel_dag.py
[2024-02-20T22:46:46.139+0000] {logging_mixin.py:120} INFO - [2024-02-20T22:46:46.138+0000] {dag.py:2585} INFO - Sync 1 DAGs
[2024-02-20T22:46:46.153+0000] {logging_mixin.py:120} INFO - [2024-02-20T22:46:46.153+0000] {dag.py:3340} INFO - Setting next_dagrun for parallel_dag to 2024-02-19T00:00:00+00:00, run_after=2024-02-20T00:00:00+00:00
[2024-02-20T22:46:46.161+0000] {processor.py:176} INFO - Processing /opt/airflow/dags/parallel_dag.py took 0.059 seconds
[2024-02-20T22:47:17.125+0000] {processor.py:154} INFO - Started process (PID=1367) to work on /opt/airflow/dags/parallel_dag.py
[2024-02-20T22:47:17.126+0000] {processor.py:756} INFO - Processing file /opt/airflow/dags/parallel_dag.py for tasks to queue
[2024-02-20T22:47:17.126+0000] {logging_mixin.py:120} INFO - [2024-02-20T22:47:17.126+0000] {dagbag.py:537} INFO - Filling up the DagBag from /opt/airflow/dags/parallel_dag.py
[2024-02-20T22:47:17.139+0000] {processor.py:766} INFO - DAG(s) dict_keys(['parallel_dag']) retrieved from /opt/airflow/dags/parallel_dag.py
[2024-02-20T22:47:17.169+0000] {logging_mixin.py:120} INFO - [2024-02-20T22:47:17.168+0000] {dag.py:2585} INFO - Sync 1 DAGs
[2024-02-20T22:47:17.192+0000] {logging_mixin.py:120} INFO - [2024-02-20T22:47:17.191+0000] {dag.py:3340} INFO - Setting next_dagrun for parallel_dag to 2024-02-19T00:00:00+00:00, run_after=2024-02-20T00:00:00+00:00
[2024-02-20T22:47:17.202+0000] {processor.py:176} INFO - Processing /opt/airflow/dags/parallel_dag.py took 0.080 seconds
[2024-02-20T22:47:48.044+0000] {processor.py:154} INFO - Started process (PID=1394) to work on /opt/airflow/dags/parallel_dag.py
[2024-02-20T22:47:48.045+0000] {processor.py:756} INFO - Processing file /opt/airflow/dags/parallel_dag.py for tasks to queue
[2024-02-20T22:47:48.045+0000] {logging_mixin.py:120} INFO - [2024-02-20T22:47:48.045+0000] {dagbag.py:537} INFO - Filling up the DagBag from /opt/airflow/dags/parallel_dag.py
[2024-02-20T22:47:48.056+0000] {processor.py:766} INFO - DAG(s) dict_keys(['parallel_dag']) retrieved from /opt/airflow/dags/parallel_dag.py
[2024-02-20T22:47:48.079+0000] {logging_mixin.py:120} INFO - [2024-02-20T22:47:48.079+0000] {dag.py:2585} INFO - Sync 1 DAGs
[2024-02-20T22:47:48.093+0000] {logging_mixin.py:120} INFO - [2024-02-20T22:47:48.093+0000] {dag.py:3340} INFO - Setting next_dagrun for parallel_dag to 2024-02-19T00:00:00+00:00, run_after=2024-02-20T00:00:00+00:00
[2024-02-20T22:47:48.104+0000] {processor.py:176} INFO - Processing /opt/airflow/dags/parallel_dag.py took 0.062 seconds
[2024-02-20T22:48:18.968+0000] {processor.py:154} INFO - Started process (PID=1431) to work on /opt/airflow/dags/parallel_dag.py
[2024-02-20T22:48:18.969+0000] {processor.py:756} INFO - Processing file /opt/airflow/dags/parallel_dag.py for tasks to queue
[2024-02-20T22:48:18.970+0000] {logging_mixin.py:120} INFO - [2024-02-20T22:48:18.969+0000] {dagbag.py:537} INFO - Filling up the DagBag from /opt/airflow/dags/parallel_dag.py
[2024-02-20T22:48:18.985+0000] {processor.py:766} INFO - DAG(s) dict_keys(['parallel_dag']) retrieved from /opt/airflow/dags/parallel_dag.py
[2024-02-20T22:48:19.016+0000] {logging_mixin.py:120} INFO - [2024-02-20T22:48:19.016+0000] {dag.py:2585} INFO - Sync 1 DAGs
[2024-02-20T22:48:19.031+0000] {logging_mixin.py:120} INFO - [2024-02-20T22:48:19.031+0000] {dag.py:3340} INFO - Setting next_dagrun for parallel_dag to 2024-02-19T00:00:00+00:00, run_after=2024-02-20T00:00:00+00:00
[2024-02-20T22:48:19.040+0000] {processor.py:176} INFO - Processing /opt/airflow/dags/parallel_dag.py took 0.074 seconds
[2024-02-20T22:48:49.922+0000] {processor.py:154} INFO - Started process (PID=1468) to work on /opt/airflow/dags/parallel_dag.py
[2024-02-20T22:48:49.924+0000] {processor.py:756} INFO - Processing file /opt/airflow/dags/parallel_dag.py for tasks to queue
[2024-02-20T22:48:49.926+0000] {logging_mixin.py:120} INFO - [2024-02-20T22:48:49.925+0000] {dagbag.py:537} INFO - Filling up the DagBag from /opt/airflow/dags/parallel_dag.py
[2024-02-20T22:48:49.949+0000] {processor.py:766} INFO - DAG(s) dict_keys(['parallel_dag']) retrieved from /opt/airflow/dags/parallel_dag.py
[2024-02-20T22:48:49.975+0000] {logging_mixin.py:120} INFO - [2024-02-20T22:48:49.975+0000] {dag.py:2585} INFO - Sync 1 DAGs
[2024-02-20T22:48:49.989+0000] {logging_mixin.py:120} INFO - [2024-02-20T22:48:49.989+0000] {dag.py:3340} INFO - Setting next_dagrun for parallel_dag to 2024-02-19T00:00:00+00:00, run_after=2024-02-20T00:00:00+00:00
[2024-02-20T22:48:49.999+0000] {processor.py:176} INFO - Processing /opt/airflow/dags/parallel_dag.py took 0.081 seconds
[2024-02-20T22:49:20.869+0000] {processor.py:154} INFO - Started process (PID=1505) to work on /opt/airflow/dags/parallel_dag.py
[2024-02-20T22:49:20.870+0000] {processor.py:756} INFO - Processing file /opt/airflow/dags/parallel_dag.py for tasks to queue
[2024-02-20T22:49:20.870+0000] {logging_mixin.py:120} INFO - [2024-02-20T22:49:20.870+0000] {dagbag.py:537} INFO - Filling up the DagBag from /opt/airflow/dags/parallel_dag.py
[2024-02-20T22:49:20.882+0000] {processor.py:766} INFO - DAG(s) dict_keys(['parallel_dag']) retrieved from /opt/airflow/dags/parallel_dag.py
[2024-02-20T22:49:20.906+0000] {logging_mixin.py:120} INFO - [2024-02-20T22:49:20.906+0000] {dag.py:2585} INFO - Sync 1 DAGs
[2024-02-20T22:49:20.920+0000] {logging_mixin.py:120} INFO - [2024-02-20T22:49:20.920+0000] {dag.py:3340} INFO - Setting next_dagrun for parallel_dag to 2024-02-19T00:00:00+00:00, run_after=2024-02-20T00:00:00+00:00
[2024-02-20T22:49:20.929+0000] {processor.py:176} INFO - Processing /opt/airflow/dags/parallel_dag.py took 0.062 seconds
[2024-02-20T22:49:51.882+0000] {processor.py:154} INFO - Started process (PID=1542) to work on /opt/airflow/dags/parallel_dag.py
[2024-02-20T22:49:51.883+0000] {processor.py:756} INFO - Processing file /opt/airflow/dags/parallel_dag.py for tasks to queue
[2024-02-20T22:49:51.884+0000] {logging_mixin.py:120} INFO - [2024-02-20T22:49:51.884+0000] {dagbag.py:537} INFO - Filling up the DagBag from /opt/airflow/dags/parallel_dag.py
[2024-02-20T22:49:51.894+0000] {processor.py:766} INFO - DAG(s) dict_keys(['parallel_dag']) retrieved from /opt/airflow/dags/parallel_dag.py
[2024-02-20T22:49:51.914+0000] {logging_mixin.py:120} INFO - [2024-02-20T22:49:51.914+0000] {dag.py:2585} INFO - Sync 1 DAGs
[2024-02-20T22:49:51.933+0000] {logging_mixin.py:120} INFO - [2024-02-20T22:49:51.933+0000] {dag.py:3340} INFO - Setting next_dagrun for parallel_dag to 2024-02-19T00:00:00+00:00, run_after=2024-02-20T00:00:00+00:00
[2024-02-20T22:49:51.943+0000] {processor.py:176} INFO - Processing /opt/airflow/dags/parallel_dag.py took 0.062 seconds
[2024-02-20T22:50:22.916+0000] {processor.py:154} INFO - Started process (PID=1579) to work on /opt/airflow/dags/parallel_dag.py
[2024-02-20T22:50:22.916+0000] {processor.py:756} INFO - Processing file /opt/airflow/dags/parallel_dag.py for tasks to queue
[2024-02-20T22:50:22.917+0000] {logging_mixin.py:120} INFO - [2024-02-20T22:50:22.917+0000] {dagbag.py:537} INFO - Filling up the DagBag from /opt/airflow/dags/parallel_dag.py
[2024-02-20T22:50:22.930+0000] {processor.py:766} INFO - DAG(s) dict_keys(['parallel_dag']) retrieved from /opt/airflow/dags/parallel_dag.py
[2024-02-20T22:50:22.953+0000] {logging_mixin.py:120} INFO - [2024-02-20T22:50:22.953+0000] {dag.py:2585} INFO - Sync 1 DAGs
[2024-02-20T22:50:22.972+0000] {logging_mixin.py:120} INFO - [2024-02-20T22:50:22.972+0000] {dag.py:3340} INFO - Setting next_dagrun for parallel_dag to 2024-02-19T00:00:00+00:00, run_after=2024-02-20T00:00:00+00:00
[2024-02-20T22:50:22.982+0000] {processor.py:176} INFO - Processing /opt/airflow/dags/parallel_dag.py took 0.068 seconds
[2024-02-20T22:50:53.881+0000] {processor.py:154} INFO - Started process (PID=1616) to work on /opt/airflow/dags/parallel_dag.py
[2024-02-20T22:50:53.882+0000] {processor.py:756} INFO - Processing file /opt/airflow/dags/parallel_dag.py for tasks to queue
[2024-02-20T22:50:53.882+0000] {logging_mixin.py:120} INFO - [2024-02-20T22:50:53.882+0000] {dagbag.py:537} INFO - Filling up the DagBag from /opt/airflow/dags/parallel_dag.py
[2024-02-20T22:50:53.896+0000] {processor.py:766} INFO - DAG(s) dict_keys(['parallel_dag']) retrieved from /opt/airflow/dags/parallel_dag.py
[2024-02-20T22:50:53.919+0000] {logging_mixin.py:120} INFO - [2024-02-20T22:50:53.919+0000] {dag.py:2585} INFO - Sync 1 DAGs
[2024-02-20T22:50:53.933+0000] {logging_mixin.py:120} INFO - [2024-02-20T22:50:53.933+0000] {dag.py:3340} INFO - Setting next_dagrun for parallel_dag to 2024-02-19T00:00:00+00:00, run_after=2024-02-20T00:00:00+00:00
[2024-02-20T22:50:53.942+0000] {processor.py:176} INFO - Processing /opt/airflow/dags/parallel_dag.py took 0.063 seconds
[2024-02-20T22:51:24.829+0000] {processor.py:154} INFO - Started process (PID=1643) to work on /opt/airflow/dags/parallel_dag.py
[2024-02-20T22:51:24.830+0000] {processor.py:756} INFO - Processing file /opt/airflow/dags/parallel_dag.py for tasks to queue
[2024-02-20T22:51:24.831+0000] {logging_mixin.py:120} INFO - [2024-02-20T22:51:24.830+0000] {dagbag.py:537} INFO - Filling up the DagBag from /opt/airflow/dags/parallel_dag.py
[2024-02-20T22:51:24.842+0000] {processor.py:766} INFO - DAG(s) dict_keys(['parallel_dag']) retrieved from /opt/airflow/dags/parallel_dag.py
[2024-02-20T22:51:24.864+0000] {logging_mixin.py:120} INFO - [2024-02-20T22:51:24.864+0000] {dag.py:2585} INFO - Sync 1 DAGs
[2024-02-20T22:51:24.877+0000] {logging_mixin.py:120} INFO - [2024-02-20T22:51:24.877+0000] {dag.py:3340} INFO - Setting next_dagrun for parallel_dag to 2024-02-19T00:00:00+00:00, run_after=2024-02-20T00:00:00+00:00
[2024-02-20T22:51:24.886+0000] {processor.py:176} INFO - Processing /opt/airflow/dags/parallel_dag.py took 0.059 seconds
[2024-02-20T22:51:55.719+0000] {processor.py:154} INFO - Started process (PID=1680) to work on /opt/airflow/dags/parallel_dag.py
[2024-02-20T22:51:55.720+0000] {processor.py:756} INFO - Processing file /opt/airflow/dags/parallel_dag.py for tasks to queue
[2024-02-20T22:51:55.720+0000] {logging_mixin.py:120} INFO - [2024-02-20T22:51:55.720+0000] {dagbag.py:537} INFO - Filling up the DagBag from /opt/airflow/dags/parallel_dag.py
[2024-02-20T22:51:55.731+0000] {processor.py:766} INFO - DAG(s) dict_keys(['parallel_dag']) retrieved from /opt/airflow/dags/parallel_dag.py
[2024-02-20T22:51:55.753+0000] {logging_mixin.py:120} INFO - [2024-02-20T22:51:55.753+0000] {dag.py:2585} INFO - Sync 1 DAGs
[2024-02-20T22:51:55.767+0000] {logging_mixin.py:120} INFO - [2024-02-20T22:51:55.767+0000] {dag.py:3340} INFO - Setting next_dagrun for parallel_dag to 2024-02-19T00:00:00+00:00, run_after=2024-02-20T00:00:00+00:00
[2024-02-20T22:51:55.777+0000] {processor.py:176} INFO - Processing /opt/airflow/dags/parallel_dag.py took 0.060 seconds
[2024-02-20T22:52:26.596+0000] {processor.py:154} INFO - Started process (PID=1716) to work on /opt/airflow/dags/parallel_dag.py
[2024-02-20T22:52:26.597+0000] {processor.py:756} INFO - Processing file /opt/airflow/dags/parallel_dag.py for tasks to queue
[2024-02-20T22:52:26.597+0000] {logging_mixin.py:120} INFO - [2024-02-20T22:52:26.597+0000] {dagbag.py:537} INFO - Filling up the DagBag from /opt/airflow/dags/parallel_dag.py
[2024-02-20T22:52:26.608+0000] {processor.py:766} INFO - DAG(s) dict_keys(['parallel_dag']) retrieved from /opt/airflow/dags/parallel_dag.py
[2024-02-20T22:52:26.630+0000] {logging_mixin.py:120} INFO - [2024-02-20T22:52:26.630+0000] {dag.py:2585} INFO - Sync 1 DAGs
[2024-02-20T22:52:26.647+0000] {logging_mixin.py:120} INFO - [2024-02-20T22:52:26.647+0000] {dag.py:3340} INFO - Setting next_dagrun for parallel_dag to 2024-02-19T00:00:00+00:00, run_after=2024-02-20T00:00:00+00:00
[2024-02-20T22:52:26.657+0000] {processor.py:176} INFO - Processing /opt/airflow/dags/parallel_dag.py took 0.063 seconds
[2024-02-20T22:52:57.631+0000] {processor.py:154} INFO - Started process (PID=1754) to work on /opt/airflow/dags/parallel_dag.py
[2024-02-20T22:52:57.632+0000] {processor.py:756} INFO - Processing file /opt/airflow/dags/parallel_dag.py for tasks to queue
[2024-02-20T22:52:57.632+0000] {logging_mixin.py:120} INFO - [2024-02-20T22:52:57.632+0000] {dagbag.py:537} INFO - Filling up the DagBag from /opt/airflow/dags/parallel_dag.py
[2024-02-20T22:52:57.648+0000] {processor.py:766} INFO - DAG(s) dict_keys(['parallel_dag']) retrieved from /opt/airflow/dags/parallel_dag.py
[2024-02-20T22:52:57.670+0000] {logging_mixin.py:120} INFO - [2024-02-20T22:52:57.670+0000] {dag.py:2585} INFO - Sync 1 DAGs
[2024-02-20T22:52:57.684+0000] {logging_mixin.py:120} INFO - [2024-02-20T22:52:57.684+0000] {dag.py:3340} INFO - Setting next_dagrun for parallel_dag to 2024-02-19T00:00:00+00:00, run_after=2024-02-20T00:00:00+00:00
[2024-02-20T22:52:57.693+0000] {processor.py:176} INFO - Processing /opt/airflow/dags/parallel_dag.py took 0.064 seconds
[2024-02-20T22:53:28.509+0000] {processor.py:154} INFO - Started process (PID=1791) to work on /opt/airflow/dags/parallel_dag.py
[2024-02-20T22:53:28.510+0000] {processor.py:756} INFO - Processing file /opt/airflow/dags/parallel_dag.py for tasks to queue
[2024-02-20T22:53:28.510+0000] {logging_mixin.py:120} INFO - [2024-02-20T22:53:28.510+0000] {dagbag.py:537} INFO - Filling up the DagBag from /opt/airflow/dags/parallel_dag.py
[2024-02-20T22:53:28.521+0000] {processor.py:766} INFO - DAG(s) dict_keys(['parallel_dag']) retrieved from /opt/airflow/dags/parallel_dag.py
[2024-02-20T22:53:28.543+0000] {logging_mixin.py:120} INFO - [2024-02-20T22:53:28.543+0000] {dag.py:2585} INFO - Sync 1 DAGs
[2024-02-20T22:53:28.559+0000] {logging_mixin.py:120} INFO - [2024-02-20T22:53:28.559+0000] {dag.py:3340} INFO - Setting next_dagrun for parallel_dag to 2024-02-19T00:00:00+00:00, run_after=2024-02-20T00:00:00+00:00
[2024-02-20T22:53:28.570+0000] {processor.py:176} INFO - Processing /opt/airflow/dags/parallel_dag.py took 0.063 seconds
[2024-02-20T22:53:59.472+0000] {processor.py:154} INFO - Started process (PID=1828) to work on /opt/airflow/dags/parallel_dag.py
[2024-02-20T22:53:59.473+0000] {processor.py:756} INFO - Processing file /opt/airflow/dags/parallel_dag.py for tasks to queue
[2024-02-20T22:53:59.473+0000] {logging_mixin.py:120} INFO - [2024-02-20T22:53:59.473+0000] {dagbag.py:537} INFO - Filling up the DagBag from /opt/airflow/dags/parallel_dag.py
[2024-02-20T22:53:59.485+0000] {processor.py:766} INFO - DAG(s) dict_keys(['parallel_dag']) retrieved from /opt/airflow/dags/parallel_dag.py
[2024-02-20T22:53:59.510+0000] {logging_mixin.py:120} INFO - [2024-02-20T22:53:59.510+0000] {dag.py:2585} INFO - Sync 1 DAGs
[2024-02-20T22:53:59.524+0000] {logging_mixin.py:120} INFO - [2024-02-20T22:53:59.524+0000] {dag.py:3340} INFO - Setting next_dagrun for parallel_dag to 2024-02-19T00:00:00+00:00, run_after=2024-02-20T00:00:00+00:00
[2024-02-20T22:53:59.533+0000] {processor.py:176} INFO - Processing /opt/airflow/dags/parallel_dag.py took 0.063 seconds
[2024-02-20T22:54:31.421+0000] {processor.py:154} INFO - Started process (PID=1865) to work on /opt/airflow/dags/parallel_dag.py
[2024-02-20T22:54:31.424+0000] {processor.py:756} INFO - Processing file /opt/airflow/dags/parallel_dag.py for tasks to queue
[2024-02-20T22:54:31.425+0000] {logging_mixin.py:120} INFO - [2024-02-20T22:54:31.425+0000] {dagbag.py:537} INFO - Filling up the DagBag from /opt/airflow/dags/parallel_dag.py
[2024-02-20T22:54:31.440+0000] {processor.py:766} INFO - DAG(s) dict_keys(['parallel_dag']) retrieved from /opt/airflow/dags/parallel_dag.py
[2024-02-20T22:54:31.470+0000] {logging_mixin.py:120} INFO - [2024-02-20T22:54:31.470+0000] {dag.py:2585} INFO - Sync 1 DAGs
[2024-02-20T22:54:31.493+0000] {logging_mixin.py:120} INFO - [2024-02-20T22:54:31.493+0000] {dag.py:3340} INFO - Setting next_dagrun for parallel_dag to 2024-02-19T00:00:00+00:00, run_after=2024-02-20T00:00:00+00:00
[2024-02-20T22:54:31.516+0000] {processor.py:176} INFO - Processing /opt/airflow/dags/parallel_dag.py took 0.097 seconds
[2024-02-20T23:24:17.890+0000] {processor.py:154} INFO - Started process (PID=58) to work on /opt/airflow/dags/parallel_dag.py
[2024-02-20T23:24:17.893+0000] {processor.py:756} INFO - Processing file /opt/airflow/dags/parallel_dag.py for tasks to queue
[2024-02-20T23:24:17.898+0000] {logging_mixin.py:120} INFO - [2024-02-20T23:24:17.898+0000] {dagbag.py:537} INFO - Filling up the DagBag from /opt/airflow/dags/parallel_dag.py
[2024-02-20T23:24:17.954+0000] {processor.py:766} INFO - DAG(s) dict_keys(['parallel_dag']) retrieved from /opt/airflow/dags/parallel_dag.py
[2024-02-20T23:24:18.037+0000] {logging_mixin.py:120} INFO - [2024-02-20T23:24:18.037+0000] {dag.py:2585} INFO - Sync 1 DAGs
[2024-02-20T23:24:18.088+0000] {logging_mixin.py:120} INFO - [2024-02-20T23:24:18.088+0000] {dag.py:3340} INFO - Setting next_dagrun for parallel_dag to 2024-02-19T00:00:00+00:00, run_after=2024-02-20T00:00:00+00:00
[2024-02-20T23:24:18.132+0000] {processor.py:176} INFO - Processing /opt/airflow/dags/parallel_dag.py took 0.249 seconds
[2024-02-20T23:24:50.241+0000] {processor.py:154} INFO - Started process (PID=86) to work on /opt/airflow/dags/parallel_dag.py
[2024-02-20T23:24:50.242+0000] {processor.py:756} INFO - Processing file /opt/airflow/dags/parallel_dag.py for tasks to queue
[2024-02-20T23:24:50.244+0000] {logging_mixin.py:120} INFO - [2024-02-20T23:24:50.243+0000] {dagbag.py:537} INFO - Filling up the DagBag from /opt/airflow/dags/parallel_dag.py
[2024-02-20T23:24:50.261+0000] {processor.py:766} INFO - DAG(s) dict_keys(['parallel_dag']) retrieved from /opt/airflow/dags/parallel_dag.py
[2024-02-20T23:24:50.308+0000] {logging_mixin.py:120} INFO - [2024-02-20T23:24:50.308+0000] {dag.py:2585} INFO - Sync 1 DAGs
[2024-02-20T23:24:50.335+0000] {logging_mixin.py:120} INFO - [2024-02-20T23:24:50.335+0000] {dag.py:3340} INFO - Setting next_dagrun for parallel_dag to 2024-02-19T00:00:00+00:00, run_after=2024-02-20T00:00:00+00:00
[2024-02-20T23:24:50.365+0000] {processor.py:176} INFO - Processing /opt/airflow/dags/parallel_dag.py took 0.129 seconds
[2024-02-20T23:25:20.458+0000] {processor.py:154} INFO - Started process (PID=124) to work on /opt/airflow/dags/parallel_dag.py
[2024-02-20T23:25:20.459+0000] {processor.py:756} INFO - Processing file /opt/airflow/dags/parallel_dag.py for tasks to queue
[2024-02-20T23:25:20.459+0000] {logging_mixin.py:120} INFO - [2024-02-20T23:25:20.459+0000] {dagbag.py:537} INFO - Filling up the DagBag from /opt/airflow/dags/parallel_dag.py
[2024-02-20T23:25:20.471+0000] {processor.py:766} INFO - DAG(s) dict_keys(['parallel_dag']) retrieved from /opt/airflow/dags/parallel_dag.py
[2024-02-20T23:25:20.492+0000] {logging_mixin.py:120} INFO - [2024-02-20T23:25:20.492+0000] {dag.py:2585} INFO - Sync 1 DAGs
[2024-02-20T23:25:20.506+0000] {logging_mixin.py:120} INFO - [2024-02-20T23:25:20.506+0000] {dag.py:3340} INFO - Setting next_dagrun for parallel_dag to 2024-02-19T00:00:00+00:00, run_after=2024-02-20T00:00:00+00:00
[2024-02-20T23:25:20.526+0000] {processor.py:176} INFO - Processing /opt/airflow/dags/parallel_dag.py took 0.072 seconds
[2024-02-20T23:25:51.466+0000] {processor.py:154} INFO - Started process (PID=160) to work on /opt/airflow/dags/parallel_dag.py
[2024-02-20T23:25:51.467+0000] {processor.py:756} INFO - Processing file /opt/airflow/dags/parallel_dag.py for tasks to queue
[2024-02-20T23:25:51.467+0000] {logging_mixin.py:120} INFO - [2024-02-20T23:25:51.467+0000] {dagbag.py:537} INFO - Filling up the DagBag from /opt/airflow/dags/parallel_dag.py
[2024-02-20T23:25:51.477+0000] {processor.py:766} INFO - DAG(s) dict_keys(['parallel_dag']) retrieved from /opt/airflow/dags/parallel_dag.py
[2024-02-20T23:25:51.497+0000] {logging_mixin.py:120} INFO - [2024-02-20T23:25:51.497+0000] {dag.py:2585} INFO - Sync 1 DAGs
[2024-02-20T23:25:51.510+0000] {logging_mixin.py:120} INFO - [2024-02-20T23:25:51.510+0000] {dag.py:3340} INFO - Setting next_dagrun for parallel_dag to 2024-02-19T00:00:00+00:00, run_after=2024-02-20T00:00:00+00:00
[2024-02-20T23:25:51.519+0000] {processor.py:176} INFO - Processing /opt/airflow/dags/parallel_dag.py took 0.055 seconds
[2024-02-20T23:26:22.447+0000] {processor.py:154} INFO - Started process (PID=196) to work on /opt/airflow/dags/parallel_dag.py
[2024-02-20T23:26:22.449+0000] {processor.py:756} INFO - Processing file /opt/airflow/dags/parallel_dag.py for tasks to queue
[2024-02-20T23:26:22.449+0000] {logging_mixin.py:120} INFO - [2024-02-20T23:26:22.449+0000] {dagbag.py:537} INFO - Filling up the DagBag from /opt/airflow/dags/parallel_dag.py
[2024-02-20T23:26:22.464+0000] {processor.py:766} INFO - DAG(s) dict_keys(['parallel_dag']) retrieved from /opt/airflow/dags/parallel_dag.py
[2024-02-20T23:26:22.484+0000] {logging_mixin.py:120} INFO - [2024-02-20T23:26:22.484+0000] {dag.py:2585} INFO - Sync 1 DAGs
[2024-02-20T23:26:22.497+0000] {logging_mixin.py:120} INFO - [2024-02-20T23:26:22.497+0000] {dag.py:3340} INFO - Setting next_dagrun for parallel_dag to 2024-02-19T00:00:00+00:00, run_after=2024-02-20T00:00:00+00:00
[2024-02-20T23:26:22.506+0000] {processor.py:176} INFO - Processing /opt/airflow/dags/parallel_dag.py took 0.061 seconds
[2024-02-20T23:26:53.354+0000] {processor.py:154} INFO - Started process (PID=232) to work on /opt/airflow/dags/parallel_dag.py
[2024-02-20T23:26:53.355+0000] {processor.py:756} INFO - Processing file /opt/airflow/dags/parallel_dag.py for tasks to queue
[2024-02-20T23:26:53.355+0000] {logging_mixin.py:120} INFO - [2024-02-20T23:26:53.355+0000] {dagbag.py:537} INFO - Filling up the DagBag from /opt/airflow/dags/parallel_dag.py
[2024-02-20T23:26:53.366+0000] {processor.py:766} INFO - DAG(s) dict_keys(['parallel_dag']) retrieved from /opt/airflow/dags/parallel_dag.py
[2024-02-20T23:26:53.389+0000] {logging_mixin.py:120} INFO - [2024-02-20T23:26:53.389+0000] {dag.py:2585} INFO - Sync 1 DAGs
[2024-02-20T23:26:53.406+0000] {logging_mixin.py:120} INFO - [2024-02-20T23:26:53.406+0000] {dag.py:3340} INFO - Setting next_dagrun for parallel_dag to 2024-02-19T00:00:00+00:00, run_after=2024-02-20T00:00:00+00:00
[2024-02-20T23:26:53.416+0000] {processor.py:176} INFO - Processing /opt/airflow/dags/parallel_dag.py took 0.063 seconds
[2024-02-20T23:27:24.285+0000] {processor.py:154} INFO - Started process (PID=268) to work on /opt/airflow/dags/parallel_dag.py
[2024-02-20T23:27:24.286+0000] {processor.py:756} INFO - Processing file /opt/airflow/dags/parallel_dag.py for tasks to queue
[2024-02-20T23:27:24.287+0000] {logging_mixin.py:120} INFO - [2024-02-20T23:27:24.287+0000] {dagbag.py:537} INFO - Filling up the DagBag from /opt/airflow/dags/parallel_dag.py
[2024-02-20T23:27:24.300+0000] {processor.py:766} INFO - DAG(s) dict_keys(['parallel_dag']) retrieved from /opt/airflow/dags/parallel_dag.py
[2024-02-20T23:27:24.321+0000] {logging_mixin.py:120} INFO - [2024-02-20T23:27:24.321+0000] {dag.py:2585} INFO - Sync 1 DAGs
[2024-02-20T23:27:24.335+0000] {logging_mixin.py:120} INFO - [2024-02-20T23:27:24.335+0000] {dag.py:3340} INFO - Setting next_dagrun for parallel_dag to 2024-02-19T00:00:00+00:00, run_after=2024-02-20T00:00:00+00:00
[2024-02-20T23:27:24.345+0000] {processor.py:176} INFO - Processing /opt/airflow/dags/parallel_dag.py took 0.061 seconds
