[2024-02-20T22:28:08.209+0000] {processor.py:154} INFO - Started process (PID=58) to work on /opt/airflow/dags/producer.py
[2024-02-20T22:28:08.211+0000] {processor.py:756} INFO - Processing file /opt/airflow/dags/producer.py for tasks to queue
[2024-02-20T22:28:08.213+0000] {logging_mixin.py:120} INFO - [2024-02-20T22:28:08.212+0000] {dagbag.py:537} INFO - Filling up the DagBag from /opt/airflow/dags/producer.py
[2024-02-20T22:28:08.242+0000] {processor.py:766} INFO - DAG(s) dict_keys(['producer']) retrieved from /opt/airflow/dags/producer.py
[2024-02-20T22:28:08.382+0000] {logging_mixin.py:120} INFO - [2024-02-20T22:28:08.382+0000] {dag.py:2585} INFO - Sync 1 DAGs
[2024-02-20T22:28:08.400+0000] {logging_mixin.py:120} INFO - [2024-02-20T22:28:08.400+0000] {dag.py:3340} INFO - Setting next_dagrun for producer to 2024-02-19T00:00:00+00:00, run_after=2024-02-20T00:00:00+00:00
[2024-02-20T22:28:08.460+0000] {processor.py:176} INFO - Processing /opt/airflow/dags/producer.py took 0.257 seconds
[2024-02-20T22:28:38.894+0000] {processor.py:154} INFO - Started process (PID=95) to work on /opt/airflow/dags/producer.py
[2024-02-20T22:28:38.895+0000] {processor.py:756} INFO - Processing file /opt/airflow/dags/producer.py for tasks to queue
[2024-02-20T22:28:38.895+0000] {logging_mixin.py:120} INFO - [2024-02-20T22:28:38.895+0000] {dagbag.py:537} INFO - Filling up the DagBag from /opt/airflow/dags/producer.py
[2024-02-20T22:28:38.912+0000] {processor.py:766} INFO - DAG(s) dict_keys(['producer']) retrieved from /opt/airflow/dags/producer.py
[2024-02-20T22:28:38.935+0000] {logging_mixin.py:120} INFO - [2024-02-20T22:28:38.935+0000] {dag.py:2585} INFO - Sync 1 DAGs
[2024-02-20T22:28:38.949+0000] {logging_mixin.py:120} INFO - [2024-02-20T22:28:38.949+0000] {dag.py:3340} INFO - Setting next_dagrun for producer to 2024-02-19T00:00:00+00:00, run_after=2024-02-20T00:00:00+00:00
[2024-02-20T22:28:38.960+0000] {processor.py:176} INFO - Processing /opt/airflow/dags/producer.py took 0.068 seconds
[2024-02-20T22:29:09.962+0000] {processor.py:154} INFO - Started process (PID=132) to work on /opt/airflow/dags/producer.py
[2024-02-20T22:29:09.963+0000] {processor.py:756} INFO - Processing file /opt/airflow/dags/producer.py for tasks to queue
[2024-02-20T22:29:09.964+0000] {logging_mixin.py:120} INFO - [2024-02-20T22:29:09.964+0000] {dagbag.py:537} INFO - Filling up the DagBag from /opt/airflow/dags/producer.py
[2024-02-20T22:29:09.983+0000] {processor.py:766} INFO - DAG(s) dict_keys(['producer']) retrieved from /opt/airflow/dags/producer.py
[2024-02-20T22:29:10.006+0000] {logging_mixin.py:120} INFO - [2024-02-20T22:29:10.006+0000] {dag.py:2585} INFO - Sync 1 DAGs
[2024-02-20T22:29:10.020+0000] {logging_mixin.py:120} INFO - [2024-02-20T22:29:10.020+0000] {dag.py:3340} INFO - Setting next_dagrun for producer to 2024-02-19T00:00:00+00:00, run_after=2024-02-20T00:00:00+00:00
[2024-02-20T22:29:10.032+0000] {processor.py:176} INFO - Processing /opt/airflow/dags/producer.py took 0.072 seconds
[2024-02-20T22:29:40.970+0000] {processor.py:154} INFO - Started process (PID=160) to work on /opt/airflow/dags/producer.py
[2024-02-20T22:29:40.971+0000] {processor.py:756} INFO - Processing file /opt/airflow/dags/producer.py for tasks to queue
[2024-02-20T22:29:40.972+0000] {logging_mixin.py:120} INFO - [2024-02-20T22:29:40.972+0000] {dagbag.py:537} INFO - Filling up the DagBag from /opt/airflow/dags/producer.py
[2024-02-20T22:29:40.985+0000] {processor.py:766} INFO - DAG(s) dict_keys(['producer']) retrieved from /opt/airflow/dags/producer.py
[2024-02-20T22:29:41.007+0000] {logging_mixin.py:120} INFO - [2024-02-20T22:29:41.007+0000] {dag.py:2585} INFO - Sync 1 DAGs
[2024-02-20T22:29:41.021+0000] {logging_mixin.py:120} INFO - [2024-02-20T22:29:41.021+0000] {dag.py:3340} INFO - Setting next_dagrun for producer to 2024-02-19T00:00:00+00:00, run_after=2024-02-20T00:00:00+00:00
[2024-02-20T22:29:41.033+0000] {processor.py:176} INFO - Processing /opt/airflow/dags/producer.py took 0.064 seconds
[2024-02-20T22:30:12.015+0000] {processor.py:154} INFO - Started process (PID=197) to work on /opt/airflow/dags/producer.py
[2024-02-20T22:30:12.016+0000] {processor.py:756} INFO - Processing file /opt/airflow/dags/producer.py for tasks to queue
[2024-02-20T22:30:12.016+0000] {logging_mixin.py:120} INFO - [2024-02-20T22:30:12.016+0000] {dagbag.py:537} INFO - Filling up the DagBag from /opt/airflow/dags/producer.py
[2024-02-20T22:30:12.031+0000] {processor.py:766} INFO - DAG(s) dict_keys(['producer']) retrieved from /opt/airflow/dags/producer.py
[2024-02-20T22:30:12.052+0000] {logging_mixin.py:120} INFO - [2024-02-20T22:30:12.052+0000] {dag.py:2585} INFO - Sync 1 DAGs
[2024-02-20T22:30:12.065+0000] {logging_mixin.py:120} INFO - [2024-02-20T22:30:12.065+0000] {dag.py:3340} INFO - Setting next_dagrun for producer to 2024-02-19T00:00:00+00:00, run_after=2024-02-20T00:00:00+00:00
[2024-02-20T22:30:12.076+0000] {processor.py:176} INFO - Processing /opt/airflow/dags/producer.py took 0.063 seconds
[2024-02-20T22:30:42.891+0000] {processor.py:154} INFO - Started process (PID=233) to work on /opt/airflow/dags/producer.py
[2024-02-20T22:30:42.892+0000] {processor.py:756} INFO - Processing file /opt/airflow/dags/producer.py for tasks to queue
[2024-02-20T22:30:42.892+0000] {logging_mixin.py:120} INFO - [2024-02-20T22:30:42.892+0000] {dagbag.py:537} INFO - Filling up the DagBag from /opt/airflow/dags/producer.py
[2024-02-20T22:30:42.907+0000] {processor.py:766} INFO - DAG(s) dict_keys(['producer']) retrieved from /opt/airflow/dags/producer.py
[2024-02-20T22:30:42.969+0000] {logging_mixin.py:120} INFO - [2024-02-20T22:30:42.969+0000] {dag.py:2585} INFO - Sync 1 DAGs
[2024-02-20T22:30:42.985+0000] {logging_mixin.py:120} INFO - [2024-02-20T22:30:42.985+0000] {dag.py:3340} INFO - Setting next_dagrun for producer to 2024-02-19T00:00:00+00:00, run_after=2024-02-20T00:00:00+00:00
[2024-02-20T22:30:42.997+0000] {processor.py:176} INFO - Processing /opt/airflow/dags/producer.py took 0.108 seconds
[2024-02-20T22:31:14.059+0000] {processor.py:154} INFO - Started process (PID=270) to work on /opt/airflow/dags/producer.py
[2024-02-20T22:31:14.060+0000] {processor.py:756} INFO - Processing file /opt/airflow/dags/producer.py for tasks to queue
[2024-02-20T22:31:14.061+0000] {logging_mixin.py:120} INFO - [2024-02-20T22:31:14.061+0000] {dagbag.py:537} INFO - Filling up the DagBag from /opt/airflow/dags/producer.py
[2024-02-20T22:31:14.085+0000] {processor.py:766} INFO - DAG(s) dict_keys(['producer']) retrieved from /opt/airflow/dags/producer.py
[2024-02-20T22:31:14.108+0000] {logging_mixin.py:120} INFO - [2024-02-20T22:31:14.108+0000] {dag.py:2585} INFO - Sync 1 DAGs
[2024-02-20T22:31:14.122+0000] {logging_mixin.py:120} INFO - [2024-02-20T22:31:14.122+0000] {dag.py:3340} INFO - Setting next_dagrun for producer to 2024-02-19T00:00:00+00:00, run_after=2024-02-20T00:00:00+00:00
[2024-02-20T22:31:14.132+0000] {processor.py:176} INFO - Processing /opt/airflow/dags/producer.py took 0.076 seconds
[2024-02-20T22:31:46.874+0000] {processor.py:154} INFO - Started process (PID=307) to work on /opt/airflow/dags/producer.py
[2024-02-20T22:31:46.875+0000] {processor.py:756} INFO - Processing file /opt/airflow/dags/producer.py for tasks to queue
[2024-02-20T22:31:46.876+0000] {logging_mixin.py:120} INFO - [2024-02-20T22:31:46.876+0000] {dagbag.py:537} INFO - Filling up the DagBag from /opt/airflow/dags/producer.py
[2024-02-20T22:31:46.889+0000] {processor.py:766} INFO - DAG(s) dict_keys(['producer']) retrieved from /opt/airflow/dags/producer.py
[2024-02-20T22:31:46.910+0000] {logging_mixin.py:120} INFO - [2024-02-20T22:31:46.910+0000] {dag.py:2585} INFO - Sync 1 DAGs
[2024-02-20T22:31:46.925+0000] {logging_mixin.py:120} INFO - [2024-02-20T22:31:46.925+0000] {dag.py:3340} INFO - Setting next_dagrun for producer to 2024-02-19T00:00:00+00:00, run_after=2024-02-20T00:00:00+00:00
[2024-02-20T22:31:46.940+0000] {processor.py:176} INFO - Processing /opt/airflow/dags/producer.py took 0.068 seconds
[2024-02-20T22:32:17.026+0000] {processor.py:154} INFO - Started process (PID=335) to work on /opt/airflow/dags/producer.py
[2024-02-20T22:32:17.027+0000] {processor.py:756} INFO - Processing file /opt/airflow/dags/producer.py for tasks to queue
[2024-02-20T22:32:17.027+0000] {logging_mixin.py:120} INFO - [2024-02-20T22:32:17.027+0000] {dagbag.py:537} INFO - Filling up the DagBag from /opt/airflow/dags/producer.py
[2024-02-20T22:32:17.041+0000] {processor.py:766} INFO - DAG(s) dict_keys(['producer']) retrieved from /opt/airflow/dags/producer.py
[2024-02-20T22:32:17.063+0000] {logging_mixin.py:120} INFO - [2024-02-20T22:32:17.063+0000] {dag.py:2585} INFO - Sync 1 DAGs
[2024-02-20T22:32:17.075+0000] {logging_mixin.py:120} INFO - [2024-02-20T22:32:17.075+0000] {dag.py:3340} INFO - Setting next_dagrun for producer to 2024-02-19T00:00:00+00:00, run_after=2024-02-20T00:00:00+00:00
[2024-02-20T22:32:17.085+0000] {processor.py:176} INFO - Processing /opt/airflow/dags/producer.py took 0.062 seconds
[2024-02-20T22:32:48.050+0000] {processor.py:154} INFO - Started process (PID=372) to work on /opt/airflow/dags/producer.py
[2024-02-20T22:32:48.052+0000] {processor.py:756} INFO - Processing file /opt/airflow/dags/producer.py for tasks to queue
[2024-02-20T22:32:48.053+0000] {logging_mixin.py:120} INFO - [2024-02-20T22:32:48.053+0000] {dagbag.py:537} INFO - Filling up the DagBag from /opt/airflow/dags/producer.py
[2024-02-20T22:32:48.076+0000] {processor.py:766} INFO - DAG(s) dict_keys(['producer']) retrieved from /opt/airflow/dags/producer.py
[2024-02-20T22:32:48.109+0000] {logging_mixin.py:120} INFO - [2024-02-20T22:32:48.109+0000] {dag.py:2585} INFO - Sync 1 DAGs
[2024-02-20T22:32:48.125+0000] {logging_mixin.py:120} INFO - [2024-02-20T22:32:48.125+0000] {dag.py:3340} INFO - Setting next_dagrun for producer to 2024-02-19T00:00:00+00:00, run_after=2024-02-20T00:00:00+00:00
[2024-02-20T22:32:48.135+0000] {processor.py:176} INFO - Processing /opt/airflow/dags/producer.py took 0.088 seconds
[2024-02-20T22:33:19.087+0000] {processor.py:154} INFO - Started process (PID=409) to work on /opt/airflow/dags/producer.py
[2024-02-20T22:33:19.088+0000] {processor.py:756} INFO - Processing file /opt/airflow/dags/producer.py for tasks to queue
[2024-02-20T22:33:19.089+0000] {logging_mixin.py:120} INFO - [2024-02-20T22:33:19.088+0000] {dagbag.py:537} INFO - Filling up the DagBag from /opt/airflow/dags/producer.py
[2024-02-20T22:33:19.102+0000] {processor.py:766} INFO - DAG(s) dict_keys(['producer']) retrieved from /opt/airflow/dags/producer.py
[2024-02-20T22:33:19.124+0000] {logging_mixin.py:120} INFO - [2024-02-20T22:33:19.124+0000] {dag.py:2585} INFO - Sync 1 DAGs
[2024-02-20T22:33:19.136+0000] {logging_mixin.py:120} INFO - [2024-02-20T22:33:19.136+0000] {dag.py:3340} INFO - Setting next_dagrun for producer to 2024-02-19T00:00:00+00:00, run_after=2024-02-20T00:00:00+00:00
[2024-02-20T22:33:19.147+0000] {processor.py:176} INFO - Processing /opt/airflow/dags/producer.py took 0.062 seconds
[2024-02-20T22:33:50.812+0000] {processor.py:154} INFO - Started process (PID=446) to work on /opt/airflow/dags/producer.py
[2024-02-20T22:33:50.814+0000] {processor.py:756} INFO - Processing file /opt/airflow/dags/producer.py for tasks to queue
[2024-02-20T22:33:50.814+0000] {logging_mixin.py:120} INFO - [2024-02-20T22:33:50.814+0000] {dagbag.py:537} INFO - Filling up the DagBag from /opt/airflow/dags/producer.py
[2024-02-20T22:33:50.830+0000] {processor.py:766} INFO - DAG(s) dict_keys(['producer']) retrieved from /opt/airflow/dags/producer.py
[2024-02-20T22:33:50.865+0000] {logging_mixin.py:120} INFO - [2024-02-20T22:33:50.864+0000] {dag.py:2585} INFO - Sync 1 DAGs
[2024-02-20T22:33:50.884+0000] {logging_mixin.py:120} INFO - [2024-02-20T22:33:50.884+0000] {dag.py:3340} INFO - Setting next_dagrun for producer to 2024-02-19T00:00:00+00:00, run_after=2024-02-20T00:00:00+00:00
[2024-02-20T22:33:50.897+0000] {processor.py:176} INFO - Processing /opt/airflow/dags/producer.py took 0.088 seconds
[2024-02-20T22:34:21.781+0000] {processor.py:154} INFO - Started process (PID=483) to work on /opt/airflow/dags/producer.py
[2024-02-20T22:34:21.782+0000] {processor.py:756} INFO - Processing file /opt/airflow/dags/producer.py for tasks to queue
[2024-02-20T22:34:21.782+0000] {logging_mixin.py:120} INFO - [2024-02-20T22:34:21.782+0000] {dagbag.py:537} INFO - Filling up the DagBag from /opt/airflow/dags/producer.py
[2024-02-20T22:34:21.797+0000] {processor.py:766} INFO - DAG(s) dict_keys(['producer']) retrieved from /opt/airflow/dags/producer.py
[2024-02-20T22:34:21.818+0000] {logging_mixin.py:120} INFO - [2024-02-20T22:34:21.818+0000] {dag.py:2585} INFO - Sync 1 DAGs
[2024-02-20T22:34:21.831+0000] {logging_mixin.py:120} INFO - [2024-02-20T22:34:21.831+0000] {dag.py:3340} INFO - Setting next_dagrun for producer to 2024-02-19T00:00:00+00:00, run_after=2024-02-20T00:00:00+00:00
[2024-02-20T22:34:21.841+0000] {processor.py:176} INFO - Processing /opt/airflow/dags/producer.py took 0.062 seconds
[2024-02-20T22:34:53.658+0000] {processor.py:154} INFO - Started process (PID=520) to work on /opt/airflow/dags/producer.py
[2024-02-20T22:34:53.659+0000] {processor.py:756} INFO - Processing file /opt/airflow/dags/producer.py for tasks to queue
[2024-02-20T22:34:53.660+0000] {logging_mixin.py:120} INFO - [2024-02-20T22:34:53.660+0000] {dagbag.py:537} INFO - Filling up the DagBag from /opt/airflow/dags/producer.py
[2024-02-20T22:34:53.676+0000] {processor.py:766} INFO - DAG(s) dict_keys(['producer']) retrieved from /opt/airflow/dags/producer.py
[2024-02-20T22:34:53.701+0000] {logging_mixin.py:120} INFO - [2024-02-20T22:34:53.701+0000] {dag.py:2585} INFO - Sync 1 DAGs
[2024-02-20T22:34:53.719+0000] {logging_mixin.py:120} INFO - [2024-02-20T22:34:53.719+0000] {dag.py:3340} INFO - Setting next_dagrun for producer to 2024-02-19T00:00:00+00:00, run_after=2024-02-20T00:00:00+00:00
[2024-02-20T22:34:53.734+0000] {processor.py:176} INFO - Processing /opt/airflow/dags/producer.py took 0.079 seconds
[2024-02-20T22:35:24.609+0000] {processor.py:154} INFO - Started process (PID=548) to work on /opt/airflow/dags/producer.py
[2024-02-20T22:35:24.610+0000] {processor.py:756} INFO - Processing file /opt/airflow/dags/producer.py for tasks to queue
[2024-02-20T22:35:24.610+0000] {logging_mixin.py:120} INFO - [2024-02-20T22:35:24.610+0000] {dagbag.py:537} INFO - Filling up the DagBag from /opt/airflow/dags/producer.py
[2024-02-20T22:35:24.629+0000] {processor.py:766} INFO - DAG(s) dict_keys(['producer']) retrieved from /opt/airflow/dags/producer.py
[2024-02-20T22:35:24.654+0000] {logging_mixin.py:120} INFO - [2024-02-20T22:35:24.654+0000] {dag.py:2585} INFO - Sync 1 DAGs
[2024-02-20T22:35:24.670+0000] {logging_mixin.py:120} INFO - [2024-02-20T22:35:24.670+0000] {dag.py:3340} INFO - Setting next_dagrun for producer to 2024-02-19T00:00:00+00:00, run_after=2024-02-20T00:00:00+00:00
[2024-02-20T22:35:24.682+0000] {processor.py:176} INFO - Processing /opt/airflow/dags/producer.py took 0.075 seconds
[2024-02-20T22:35:55.595+0000] {processor.py:154} INFO - Started process (PID=585) to work on /opt/airflow/dags/producer.py
[2024-02-20T22:35:55.596+0000] {processor.py:756} INFO - Processing file /opt/airflow/dags/producer.py for tasks to queue
[2024-02-20T22:35:55.596+0000] {logging_mixin.py:120} INFO - [2024-02-20T22:35:55.596+0000] {dagbag.py:537} INFO - Filling up the DagBag from /opt/airflow/dags/producer.py
[2024-02-20T22:35:55.610+0000] {processor.py:766} INFO - DAG(s) dict_keys(['producer']) retrieved from /opt/airflow/dags/producer.py
[2024-02-20T22:35:55.633+0000] {logging_mixin.py:120} INFO - [2024-02-20T22:35:55.633+0000] {dag.py:2585} INFO - Sync 1 DAGs
[2024-02-20T22:35:55.648+0000] {logging_mixin.py:120} INFO - [2024-02-20T22:35:55.647+0000] {dag.py:3340} INFO - Setting next_dagrun for producer to 2024-02-19T00:00:00+00:00, run_after=2024-02-20T00:00:00+00:00
[2024-02-20T22:35:55.659+0000] {processor.py:176} INFO - Processing /opt/airflow/dags/producer.py took 0.067 seconds
[2024-02-20T22:36:26.699+0000] {processor.py:154} INFO - Started process (PID=622) to work on /opt/airflow/dags/producer.py
[2024-02-20T22:36:26.701+0000] {processor.py:756} INFO - Processing file /opt/airflow/dags/producer.py for tasks to queue
[2024-02-20T22:36:26.701+0000] {logging_mixin.py:120} INFO - [2024-02-20T22:36:26.701+0000] {dagbag.py:537} INFO - Filling up the DagBag from /opt/airflow/dags/producer.py
[2024-02-20T22:36:26.718+0000] {processor.py:766} INFO - DAG(s) dict_keys(['producer']) retrieved from /opt/airflow/dags/producer.py
[2024-02-20T22:36:26.748+0000] {logging_mixin.py:120} INFO - [2024-02-20T22:36:26.748+0000] {dag.py:2585} INFO - Sync 1 DAGs
[2024-02-20T22:36:26.765+0000] {logging_mixin.py:120} INFO - [2024-02-20T22:36:26.765+0000] {dag.py:3340} INFO - Setting next_dagrun for producer to 2024-02-19T00:00:00+00:00, run_after=2024-02-20T00:00:00+00:00
[2024-02-20T22:36:26.780+0000] {processor.py:176} INFO - Processing /opt/airflow/dags/producer.py took 0.084 seconds
[2024-02-20T22:36:57.597+0000] {processor.py:154} INFO - Started process (PID=659) to work on /opt/airflow/dags/producer.py
[2024-02-20T22:36:57.605+0000] {processor.py:756} INFO - Processing file /opt/airflow/dags/producer.py for tasks to queue
[2024-02-20T22:36:57.607+0000] {logging_mixin.py:120} INFO - [2024-02-20T22:36:57.607+0000] {dagbag.py:537} INFO - Filling up the DagBag from /opt/airflow/dags/producer.py
[2024-02-20T22:36:57.625+0000] {processor.py:766} INFO - DAG(s) dict_keys(['producer']) retrieved from /opt/airflow/dags/producer.py
[2024-02-20T22:36:57.651+0000] {logging_mixin.py:120} INFO - [2024-02-20T22:36:57.651+0000] {dag.py:2585} INFO - Sync 1 DAGs
[2024-02-20T22:36:57.666+0000] {logging_mixin.py:120} INFO - [2024-02-20T22:36:57.666+0000] {dag.py:3340} INFO - Setting next_dagrun for producer to 2024-02-19T00:00:00+00:00, run_after=2024-02-20T00:00:00+00:00
[2024-02-20T22:36:57.680+0000] {processor.py:176} INFO - Processing /opt/airflow/dags/producer.py took 0.086 seconds
[2024-02-20T22:37:27.717+0000] {processor.py:154} INFO - Started process (PID=695) to work on /opt/airflow/dags/producer.py
[2024-02-20T22:37:27.718+0000] {processor.py:756} INFO - Processing file /opt/airflow/dags/producer.py for tasks to queue
[2024-02-20T22:37:27.718+0000] {logging_mixin.py:120} INFO - [2024-02-20T22:37:27.718+0000] {dagbag.py:537} INFO - Filling up the DagBag from /opt/airflow/dags/producer.py
[2024-02-20T22:37:27.732+0000] {processor.py:766} INFO - DAG(s) dict_keys(['producer']) retrieved from /opt/airflow/dags/producer.py
[2024-02-20T22:37:27.755+0000] {logging_mixin.py:120} INFO - [2024-02-20T22:37:27.755+0000] {dag.py:2585} INFO - Sync 1 DAGs
[2024-02-20T22:37:27.772+0000] {logging_mixin.py:120} INFO - [2024-02-20T22:37:27.771+0000] {dag.py:3340} INFO - Setting next_dagrun for producer to 2024-02-19T00:00:00+00:00, run_after=2024-02-20T00:00:00+00:00
[2024-02-20T22:37:27.784+0000] {processor.py:176} INFO - Processing /opt/airflow/dags/producer.py took 0.069 seconds
[2024-02-20T22:37:58.828+0000] {processor.py:154} INFO - Started process (PID=724) to work on /opt/airflow/dags/producer.py
[2024-02-20T22:37:58.829+0000] {processor.py:756} INFO - Processing file /opt/airflow/dags/producer.py for tasks to queue
[2024-02-20T22:37:58.829+0000] {logging_mixin.py:120} INFO - [2024-02-20T22:37:58.829+0000] {dagbag.py:537} INFO - Filling up the DagBag from /opt/airflow/dags/producer.py
[2024-02-20T22:37:58.844+0000] {processor.py:766} INFO - DAG(s) dict_keys(['producer']) retrieved from /opt/airflow/dags/producer.py
[2024-02-20T22:37:58.866+0000] {logging_mixin.py:120} INFO - [2024-02-20T22:37:58.866+0000] {dag.py:2585} INFO - Sync 1 DAGs
[2024-02-20T22:37:58.885+0000] {logging_mixin.py:120} INFO - [2024-02-20T22:37:58.885+0000] {dag.py:3340} INFO - Setting next_dagrun for producer to 2024-02-19T00:00:00+00:00, run_after=2024-02-20T00:00:00+00:00
[2024-02-20T22:37:58.900+0000] {processor.py:176} INFO - Processing /opt/airflow/dags/producer.py took 0.074 seconds
[2024-02-20T22:38:29.989+0000] {processor.py:154} INFO - Started process (PID=761) to work on /opt/airflow/dags/producer.py
[2024-02-20T22:38:29.990+0000] {processor.py:756} INFO - Processing file /opt/airflow/dags/producer.py for tasks to queue
[2024-02-20T22:38:29.991+0000] {logging_mixin.py:120} INFO - [2024-02-20T22:38:29.990+0000] {dagbag.py:537} INFO - Filling up the DagBag from /opt/airflow/dags/producer.py
[2024-02-20T22:38:30.006+0000] {processor.py:766} INFO - DAG(s) dict_keys(['producer']) retrieved from /opt/airflow/dags/producer.py
[2024-02-20T22:38:30.032+0000] {logging_mixin.py:120} INFO - [2024-02-20T22:38:30.032+0000] {dag.py:2585} INFO - Sync 1 DAGs
[2024-02-20T22:38:30.045+0000] {logging_mixin.py:120} INFO - [2024-02-20T22:38:30.045+0000] {dag.py:3340} INFO - Setting next_dagrun for producer to 2024-02-19T00:00:00+00:00, run_after=2024-02-20T00:00:00+00:00
[2024-02-20T22:38:30.056+0000] {processor.py:176} INFO - Processing /opt/airflow/dags/producer.py took 0.070 seconds
[2024-02-20T22:39:00.997+0000] {processor.py:154} INFO - Started process (PID=798) to work on /opt/airflow/dags/producer.py
[2024-02-20T22:39:00.998+0000] {processor.py:756} INFO - Processing file /opt/airflow/dags/producer.py for tasks to queue
[2024-02-20T22:39:00.999+0000] {logging_mixin.py:120} INFO - [2024-02-20T22:39:00.999+0000] {dagbag.py:537} INFO - Filling up the DagBag from /opt/airflow/dags/producer.py
[2024-02-20T22:39:01.013+0000] {processor.py:766} INFO - DAG(s) dict_keys(['producer']) retrieved from /opt/airflow/dags/producer.py
[2024-02-20T22:39:01.035+0000] {logging_mixin.py:120} INFO - [2024-02-20T22:39:01.035+0000] {dag.py:2585} INFO - Sync 1 DAGs
[2024-02-20T22:39:01.047+0000] {logging_mixin.py:120} INFO - [2024-02-20T22:39:01.047+0000] {dag.py:3340} INFO - Setting next_dagrun for producer to 2024-02-19T00:00:00+00:00, run_after=2024-02-20T00:00:00+00:00
[2024-02-20T22:39:01.058+0000] {processor.py:176} INFO - Processing /opt/airflow/dags/producer.py took 0.063 seconds
[2024-02-20T22:39:32.032+0000] {processor.py:154} INFO - Started process (PID=835) to work on /opt/airflow/dags/producer.py
[2024-02-20T22:39:32.033+0000] {processor.py:756} INFO - Processing file /opt/airflow/dags/producer.py for tasks to queue
[2024-02-20T22:39:32.033+0000] {logging_mixin.py:120} INFO - [2024-02-20T22:39:32.033+0000] {dagbag.py:537} INFO - Filling up the DagBag from /opt/airflow/dags/producer.py
[2024-02-20T22:39:32.048+0000] {processor.py:766} INFO - DAG(s) dict_keys(['producer']) retrieved from /opt/airflow/dags/producer.py
[2024-02-20T22:39:32.071+0000] {logging_mixin.py:120} INFO - [2024-02-20T22:39:32.071+0000] {dag.py:2585} INFO - Sync 1 DAGs
[2024-02-20T22:39:32.084+0000] {logging_mixin.py:120} INFO - [2024-02-20T22:39:32.084+0000] {dag.py:3340} INFO - Setting next_dagrun for producer to 2024-02-19T00:00:00+00:00, run_after=2024-02-20T00:00:00+00:00
[2024-02-20T22:39:32.095+0000] {processor.py:176} INFO - Processing /opt/airflow/dags/producer.py took 0.065 seconds
[2024-02-20T22:40:02.987+0000] {processor.py:154} INFO - Started process (PID=872) to work on /opt/airflow/dags/producer.py
[2024-02-20T22:40:02.988+0000] {processor.py:756} INFO - Processing file /opt/airflow/dags/producer.py for tasks to queue
[2024-02-20T22:40:02.989+0000] {logging_mixin.py:120} INFO - [2024-02-20T22:40:02.988+0000] {dagbag.py:537} INFO - Filling up the DagBag from /opt/airflow/dags/producer.py
[2024-02-20T22:40:03.003+0000] {processor.py:766} INFO - DAG(s) dict_keys(['producer']) retrieved from /opt/airflow/dags/producer.py
[2024-02-20T22:40:03.023+0000] {logging_mixin.py:120} INFO - [2024-02-20T22:40:03.023+0000] {dag.py:2585} INFO - Sync 1 DAGs
[2024-02-20T22:40:03.037+0000] {logging_mixin.py:120} INFO - [2024-02-20T22:40:03.037+0000] {dag.py:3340} INFO - Setting next_dagrun for producer to 2024-02-19T00:00:00+00:00, run_after=2024-02-20T00:00:00+00:00
[2024-02-20T22:40:03.047+0000] {processor.py:176} INFO - Processing /opt/airflow/dags/producer.py took 0.062 seconds
[2024-02-20T22:40:33.931+0000] {processor.py:154} INFO - Started process (PID=909) to work on /opt/airflow/dags/producer.py
[2024-02-20T22:40:33.931+0000] {processor.py:756} INFO - Processing file /opt/airflow/dags/producer.py for tasks to queue
[2024-02-20T22:40:33.932+0000] {logging_mixin.py:120} INFO - [2024-02-20T22:40:33.932+0000] {dagbag.py:537} INFO - Filling up the DagBag from /opt/airflow/dags/producer.py
[2024-02-20T22:40:33.946+0000] {processor.py:766} INFO - DAG(s) dict_keys(['producer']) retrieved from /opt/airflow/dags/producer.py
[2024-02-20T22:40:33.972+0000] {logging_mixin.py:120} INFO - [2024-02-20T22:40:33.972+0000] {dag.py:2585} INFO - Sync 1 DAGs
[2024-02-20T22:40:33.987+0000] {logging_mixin.py:120} INFO - [2024-02-20T22:40:33.987+0000] {dag.py:3340} INFO - Setting next_dagrun for producer to 2024-02-19T00:00:00+00:00, run_after=2024-02-20T00:00:00+00:00
[2024-02-20T22:40:33.998+0000] {processor.py:176} INFO - Processing /opt/airflow/dags/producer.py took 0.070 seconds
[2024-02-20T22:41:05.313+0000] {processor.py:154} INFO - Started process (PID=946) to work on /opt/airflow/dags/producer.py
[2024-02-20T22:41:05.316+0000] {processor.py:756} INFO - Processing file /opt/airflow/dags/producer.py for tasks to queue
[2024-02-20T22:41:05.321+0000] {logging_mixin.py:120} INFO - [2024-02-20T22:41:05.321+0000] {dagbag.py:537} INFO - Filling up the DagBag from /opt/airflow/dags/producer.py
[2024-02-20T22:41:05.350+0000] {processor.py:766} INFO - DAG(s) dict_keys(['producer']) retrieved from /opt/airflow/dags/producer.py
[2024-02-20T22:41:05.386+0000] {logging_mixin.py:120} INFO - [2024-02-20T22:41:05.386+0000] {dag.py:2585} INFO - Sync 1 DAGs
[2024-02-20T22:41:05.403+0000] {logging_mixin.py:120} INFO - [2024-02-20T22:41:05.403+0000] {dag.py:3340} INFO - Setting next_dagrun for producer to 2024-02-19T00:00:00+00:00, run_after=2024-02-20T00:00:00+00:00
[2024-02-20T22:41:05.420+0000] {processor.py:176} INFO - Processing /opt/airflow/dags/producer.py took 0.110 seconds
[2024-02-20T22:41:35.620+0000] {processor.py:154} INFO - Started process (PID=974) to work on /opt/airflow/dags/producer.py
[2024-02-20T22:41:35.622+0000] {processor.py:756} INFO - Processing file /opt/airflow/dags/producer.py for tasks to queue
[2024-02-20T22:41:35.624+0000] {logging_mixin.py:120} INFO - [2024-02-20T22:41:35.624+0000] {dagbag.py:537} INFO - Filling up the DagBag from /opt/airflow/dags/producer.py
[2024-02-20T22:41:35.653+0000] {processor.py:766} INFO - DAG(s) dict_keys(['producer']) retrieved from /opt/airflow/dags/producer.py
[2024-02-20T22:41:35.684+0000] {logging_mixin.py:120} INFO - [2024-02-20T22:41:35.684+0000] {dag.py:2585} INFO - Sync 1 DAGs
[2024-02-20T22:41:35.698+0000] {logging_mixin.py:120} INFO - [2024-02-20T22:41:35.698+0000] {dag.py:3340} INFO - Setting next_dagrun for producer to 2024-02-19T00:00:00+00:00, run_after=2024-02-20T00:00:00+00:00
[2024-02-20T22:41:35.709+0000] {processor.py:176} INFO - Processing /opt/airflow/dags/producer.py took 0.096 seconds
[2024-02-20T22:42:06.681+0000] {processor.py:154} INFO - Started process (PID=1010) to work on /opt/airflow/dags/producer.py
[2024-02-20T22:42:06.682+0000] {processor.py:756} INFO - Processing file /opt/airflow/dags/producer.py for tasks to queue
[2024-02-20T22:42:06.682+0000] {logging_mixin.py:120} INFO - [2024-02-20T22:42:06.682+0000] {dagbag.py:537} INFO - Filling up the DagBag from /opt/airflow/dags/producer.py
[2024-02-20T22:42:06.699+0000] {processor.py:766} INFO - DAG(s) dict_keys(['producer']) retrieved from /opt/airflow/dags/producer.py
[2024-02-20T22:42:06.722+0000] {logging_mixin.py:120} INFO - [2024-02-20T22:42:06.722+0000] {dag.py:2585} INFO - Sync 1 DAGs
[2024-02-20T22:42:06.734+0000] {logging_mixin.py:120} INFO - [2024-02-20T22:42:06.734+0000] {dag.py:3340} INFO - Setting next_dagrun for producer to 2024-02-19T00:00:00+00:00, run_after=2024-02-20T00:00:00+00:00
[2024-02-20T22:42:06.744+0000] {processor.py:176} INFO - Processing /opt/airflow/dags/producer.py took 0.065 seconds
[2024-02-20T22:42:37.622+0000] {processor.py:154} INFO - Started process (PID=1046) to work on /opt/airflow/dags/producer.py
[2024-02-20T22:42:37.623+0000] {processor.py:756} INFO - Processing file /opt/airflow/dags/producer.py for tasks to queue
[2024-02-20T22:42:37.624+0000] {logging_mixin.py:120} INFO - [2024-02-20T22:42:37.624+0000] {dagbag.py:537} INFO - Filling up the DagBag from /opt/airflow/dags/producer.py
[2024-02-20T22:42:37.638+0000] {processor.py:766} INFO - DAG(s) dict_keys(['producer']) retrieved from /opt/airflow/dags/producer.py
[2024-02-20T22:42:37.661+0000] {logging_mixin.py:120} INFO - [2024-02-20T22:42:37.661+0000] {dag.py:2585} INFO - Sync 1 DAGs
[2024-02-20T22:42:37.675+0000] {logging_mixin.py:120} INFO - [2024-02-20T22:42:37.675+0000] {dag.py:3340} INFO - Setting next_dagrun for producer to 2024-02-19T00:00:00+00:00, run_after=2024-02-20T00:00:00+00:00
[2024-02-20T22:42:37.687+0000] {processor.py:176} INFO - Processing /opt/airflow/dags/producer.py took 0.067 seconds
[2024-02-20T22:43:08.767+0000] {processor.py:154} INFO - Started process (PID=1083) to work on /opt/airflow/dags/producer.py
[2024-02-20T22:43:08.768+0000] {processor.py:756} INFO - Processing file /opt/airflow/dags/producer.py for tasks to queue
[2024-02-20T22:43:08.769+0000] {logging_mixin.py:120} INFO - [2024-02-20T22:43:08.769+0000] {dagbag.py:537} INFO - Filling up the DagBag from /opt/airflow/dags/producer.py
[2024-02-20T22:43:08.810+0000] {processor.py:766} INFO - DAG(s) dict_keys(['producer']) retrieved from /opt/airflow/dags/producer.py
[2024-02-20T22:43:08.846+0000] {logging_mixin.py:120} INFO - [2024-02-20T22:43:08.845+0000] {dag.py:2585} INFO - Sync 1 DAGs
[2024-02-20T22:43:08.868+0000] {logging_mixin.py:120} INFO - [2024-02-20T22:43:08.868+0000] {dag.py:3340} INFO - Setting next_dagrun for producer to 2024-02-19T00:00:00+00:00, run_after=2024-02-20T00:00:00+00:00
[2024-02-20T22:43:08.886+0000] {processor.py:176} INFO - Processing /opt/airflow/dags/producer.py took 0.123 seconds
[2024-02-20T22:43:40.104+0000] {processor.py:154} INFO - Started process (PID=1120) to work on /opt/airflow/dags/producer.py
[2024-02-20T22:43:40.105+0000] {processor.py:756} INFO - Processing file /opt/airflow/dags/producer.py for tasks to queue
[2024-02-20T22:43:40.105+0000] {logging_mixin.py:120} INFO - [2024-02-20T22:43:40.105+0000] {dagbag.py:537} INFO - Filling up the DagBag from /opt/airflow/dags/producer.py
[2024-02-20T22:43:40.119+0000] {processor.py:766} INFO - DAG(s) dict_keys(['producer']) retrieved from /opt/airflow/dags/producer.py
[2024-02-20T22:43:40.145+0000] {logging_mixin.py:120} INFO - [2024-02-20T22:43:40.145+0000] {dag.py:2585} INFO - Sync 1 DAGs
[2024-02-20T22:43:40.159+0000] {logging_mixin.py:120} INFO - [2024-02-20T22:43:40.159+0000] {dag.py:3340} INFO - Setting next_dagrun for producer to 2024-02-19T00:00:00+00:00, run_after=2024-02-20T00:00:00+00:00
[2024-02-20T22:43:40.170+0000] {processor.py:176} INFO - Processing /opt/airflow/dags/producer.py took 0.068 seconds
[2024-02-20T22:44:11.389+0000] {processor.py:154} INFO - Started process (PID=1157) to work on /opt/airflow/dags/producer.py
[2024-02-20T22:44:11.391+0000] {processor.py:756} INFO - Processing file /opt/airflow/dags/producer.py for tasks to queue
[2024-02-20T22:44:11.392+0000] {logging_mixin.py:120} INFO - [2024-02-20T22:44:11.391+0000] {dagbag.py:537} INFO - Filling up the DagBag from /opt/airflow/dags/producer.py
[2024-02-20T22:44:11.410+0000] {processor.py:766} INFO - DAG(s) dict_keys(['producer']) retrieved from /opt/airflow/dags/producer.py
[2024-02-20T22:44:11.446+0000] {logging_mixin.py:120} INFO - [2024-02-20T22:44:11.446+0000] {dag.py:2585} INFO - Sync 1 DAGs
[2024-02-20T22:44:11.464+0000] {logging_mixin.py:120} INFO - [2024-02-20T22:44:11.464+0000] {dag.py:3340} INFO - Setting next_dagrun for producer to 2024-02-19T00:00:00+00:00, run_after=2024-02-20T00:00:00+00:00
[2024-02-20T22:44:11.478+0000] {processor.py:176} INFO - Processing /opt/airflow/dags/producer.py took 0.091 seconds
[2024-02-20T22:44:42.343+0000] {processor.py:154} INFO - Started process (PID=1185) to work on /opt/airflow/dags/producer.py
[2024-02-20T22:44:42.344+0000] {processor.py:756} INFO - Processing file /opt/airflow/dags/producer.py for tasks to queue
[2024-02-20T22:44:42.344+0000] {logging_mixin.py:120} INFO - [2024-02-20T22:44:42.344+0000] {dagbag.py:537} INFO - Filling up the DagBag from /opt/airflow/dags/producer.py
[2024-02-20T22:44:42.358+0000] {processor.py:766} INFO - DAG(s) dict_keys(['producer']) retrieved from /opt/airflow/dags/producer.py
[2024-02-20T22:44:42.379+0000] {logging_mixin.py:120} INFO - [2024-02-20T22:44:42.379+0000] {dag.py:2585} INFO - Sync 1 DAGs
[2024-02-20T22:44:42.397+0000] {logging_mixin.py:120} INFO - [2024-02-20T22:44:42.397+0000] {dag.py:3340} INFO - Setting next_dagrun for producer to 2024-02-19T00:00:00+00:00, run_after=2024-02-20T00:00:00+00:00
[2024-02-20T22:44:42.409+0000] {processor.py:176} INFO - Processing /opt/airflow/dags/producer.py took 0.069 seconds
[2024-02-20T22:45:13.334+0000] {processor.py:154} INFO - Started process (PID=1222) to work on /opt/airflow/dags/producer.py
[2024-02-20T22:45:13.334+0000] {processor.py:756} INFO - Processing file /opt/airflow/dags/producer.py for tasks to queue
[2024-02-20T22:45:13.335+0000] {logging_mixin.py:120} INFO - [2024-02-20T22:45:13.335+0000] {dagbag.py:537} INFO - Filling up the DagBag from /opt/airflow/dags/producer.py
[2024-02-20T22:45:13.349+0000] {processor.py:766} INFO - DAG(s) dict_keys(['producer']) retrieved from /opt/airflow/dags/producer.py
[2024-02-20T22:45:13.370+0000] {logging_mixin.py:120} INFO - [2024-02-20T22:45:13.370+0000] {dag.py:2585} INFO - Sync 1 DAGs
[2024-02-20T22:45:13.383+0000] {logging_mixin.py:120} INFO - [2024-02-20T22:45:13.382+0000] {dag.py:3340} INFO - Setting next_dagrun for producer to 2024-02-19T00:00:00+00:00, run_after=2024-02-20T00:00:00+00:00
[2024-02-20T22:45:13.393+0000] {processor.py:176} INFO - Processing /opt/airflow/dags/producer.py took 0.061 seconds
[2024-02-20T22:45:44.232+0000] {processor.py:154} INFO - Started process (PID=1259) to work on /opt/airflow/dags/producer.py
[2024-02-20T22:45:44.233+0000] {processor.py:756} INFO - Processing file /opt/airflow/dags/producer.py for tasks to queue
[2024-02-20T22:45:44.233+0000] {logging_mixin.py:120} INFO - [2024-02-20T22:45:44.233+0000] {dagbag.py:537} INFO - Filling up the DagBag from /opt/airflow/dags/producer.py
[2024-02-20T22:45:44.248+0000] {processor.py:766} INFO - DAG(s) dict_keys(['producer']) retrieved from /opt/airflow/dags/producer.py
[2024-02-20T22:45:44.269+0000] {logging_mixin.py:120} INFO - [2024-02-20T22:45:44.269+0000] {dag.py:2585} INFO - Sync 1 DAGs
[2024-02-20T22:45:44.281+0000] {logging_mixin.py:120} INFO - [2024-02-20T22:45:44.281+0000] {dag.py:3340} INFO - Setting next_dagrun for producer to 2024-02-19T00:00:00+00:00, run_after=2024-02-20T00:00:00+00:00
[2024-02-20T22:45:44.293+0000] {processor.py:176} INFO - Processing /opt/airflow/dags/producer.py took 0.063 seconds
[2024-02-20T22:46:15.282+0000] {processor.py:154} INFO - Started process (PID=1296) to work on /opt/airflow/dags/producer.py
[2024-02-20T22:46:15.283+0000] {processor.py:756} INFO - Processing file /opt/airflow/dags/producer.py for tasks to queue
[2024-02-20T22:46:15.283+0000] {logging_mixin.py:120} INFO - [2024-02-20T22:46:15.283+0000] {dagbag.py:537} INFO - Filling up the DagBag from /opt/airflow/dags/producer.py
[2024-02-20T22:46:15.299+0000] {processor.py:766} INFO - DAG(s) dict_keys(['producer']) retrieved from /opt/airflow/dags/producer.py
[2024-02-20T22:46:15.321+0000] {logging_mixin.py:120} INFO - [2024-02-20T22:46:15.321+0000] {dag.py:2585} INFO - Sync 1 DAGs
[2024-02-20T22:46:15.334+0000] {logging_mixin.py:120} INFO - [2024-02-20T22:46:15.334+0000] {dag.py:3340} INFO - Setting next_dagrun for producer to 2024-02-19T00:00:00+00:00, run_after=2024-02-20T00:00:00+00:00
[2024-02-20T22:46:15.345+0000] {processor.py:176} INFO - Processing /opt/airflow/dags/producer.py took 0.065 seconds
[2024-02-20T22:46:46.174+0000] {processor.py:154} INFO - Started process (PID=1332) to work on /opt/airflow/dags/producer.py
[2024-02-20T22:46:46.175+0000] {processor.py:756} INFO - Processing file /opt/airflow/dags/producer.py for tasks to queue
[2024-02-20T22:46:46.176+0000] {logging_mixin.py:120} INFO - [2024-02-20T22:46:46.176+0000] {dagbag.py:537} INFO - Filling up the DagBag from /opt/airflow/dags/producer.py
[2024-02-20T22:46:46.191+0000] {processor.py:766} INFO - DAG(s) dict_keys(['producer']) retrieved from /opt/airflow/dags/producer.py
[2024-02-20T22:46:46.214+0000] {logging_mixin.py:120} INFO - [2024-02-20T22:46:46.214+0000] {dag.py:2585} INFO - Sync 1 DAGs
[2024-02-20T22:46:46.227+0000] {logging_mixin.py:120} INFO - [2024-02-20T22:46:46.227+0000] {dag.py:3340} INFO - Setting next_dagrun for producer to 2024-02-19T00:00:00+00:00, run_after=2024-02-20T00:00:00+00:00
[2024-02-20T22:46:46.238+0000] {processor.py:176} INFO - Processing /opt/airflow/dags/producer.py took 0.066 seconds
[2024-02-20T22:47:17.214+0000] {processor.py:154} INFO - Started process (PID=1369) to work on /opt/airflow/dags/producer.py
[2024-02-20T22:47:17.215+0000] {processor.py:756} INFO - Processing file /opt/airflow/dags/producer.py for tasks to queue
[2024-02-20T22:47:17.216+0000] {logging_mixin.py:120} INFO - [2024-02-20T22:47:17.216+0000] {dagbag.py:537} INFO - Filling up the DagBag from /opt/airflow/dags/producer.py
[2024-02-20T22:47:17.230+0000] {processor.py:766} INFO - DAG(s) dict_keys(['producer']) retrieved from /opt/airflow/dags/producer.py
[2024-02-20T22:47:17.252+0000] {logging_mixin.py:120} INFO - [2024-02-20T22:47:17.252+0000] {dag.py:2585} INFO - Sync 1 DAGs
[2024-02-20T22:47:17.265+0000] {logging_mixin.py:120} INFO - [2024-02-20T22:47:17.265+0000] {dag.py:3340} INFO - Setting next_dagrun for producer to 2024-02-19T00:00:00+00:00, run_after=2024-02-20T00:00:00+00:00
[2024-02-20T22:47:17.276+0000] {processor.py:176} INFO - Processing /opt/airflow/dags/producer.py took 0.063 seconds
[2024-02-20T22:47:48.116+0000] {processor.py:154} INFO - Started process (PID=1396) to work on /opt/airflow/dags/producer.py
[2024-02-20T22:47:48.117+0000] {processor.py:756} INFO - Processing file /opt/airflow/dags/producer.py for tasks to queue
[2024-02-20T22:47:48.118+0000] {logging_mixin.py:120} INFO - [2024-02-20T22:47:48.118+0000] {dagbag.py:537} INFO - Filling up the DagBag from /opt/airflow/dags/producer.py
[2024-02-20T22:47:48.132+0000] {processor.py:766} INFO - DAG(s) dict_keys(['producer']) retrieved from /opt/airflow/dags/producer.py
[2024-02-20T22:47:48.153+0000] {logging_mixin.py:120} INFO - [2024-02-20T22:47:48.153+0000] {dag.py:2585} INFO - Sync 1 DAGs
[2024-02-20T22:47:48.166+0000] {logging_mixin.py:120} INFO - [2024-02-20T22:47:48.165+0000] {dag.py:3340} INFO - Setting next_dagrun for producer to 2024-02-19T00:00:00+00:00, run_after=2024-02-20T00:00:00+00:00
[2024-02-20T22:47:48.175+0000] {processor.py:176} INFO - Processing /opt/airflow/dags/producer.py took 0.061 seconds
[2024-02-20T22:48:19.053+0000] {processor.py:154} INFO - Started process (PID=1433) to work on /opt/airflow/dags/producer.py
[2024-02-20T22:48:19.054+0000] {processor.py:756} INFO - Processing file /opt/airflow/dags/producer.py for tasks to queue
[2024-02-20T22:48:19.054+0000] {logging_mixin.py:120} INFO - [2024-02-20T22:48:19.054+0000] {dagbag.py:537} INFO - Filling up the DagBag from /opt/airflow/dags/producer.py
[2024-02-20T22:48:19.068+0000] {processor.py:766} INFO - DAG(s) dict_keys(['producer']) retrieved from /opt/airflow/dags/producer.py
[2024-02-20T22:48:19.089+0000] {logging_mixin.py:120} INFO - [2024-02-20T22:48:19.089+0000] {dag.py:2585} INFO - Sync 1 DAGs
[2024-02-20T22:48:19.101+0000] {logging_mixin.py:120} INFO - [2024-02-20T22:48:19.101+0000] {dag.py:3340} INFO - Setting next_dagrun for producer to 2024-02-19T00:00:00+00:00, run_after=2024-02-20T00:00:00+00:00
[2024-02-20T22:48:19.112+0000] {processor.py:176} INFO - Processing /opt/airflow/dags/producer.py took 0.061 seconds
[2024-02-20T22:48:50.011+0000] {processor.py:154} INFO - Started process (PID=1470) to work on /opt/airflow/dags/producer.py
[2024-02-20T22:48:50.012+0000] {processor.py:756} INFO - Processing file /opt/airflow/dags/producer.py for tasks to queue
[2024-02-20T22:48:50.012+0000] {logging_mixin.py:120} INFO - [2024-02-20T22:48:50.012+0000] {dagbag.py:537} INFO - Filling up the DagBag from /opt/airflow/dags/producer.py
[2024-02-20T22:48:50.026+0000] {processor.py:766} INFO - DAG(s) dict_keys(['producer']) retrieved from /opt/airflow/dags/producer.py
[2024-02-20T22:48:50.047+0000] {logging_mixin.py:120} INFO - [2024-02-20T22:48:50.047+0000] {dag.py:2585} INFO - Sync 1 DAGs
[2024-02-20T22:48:50.061+0000] {logging_mixin.py:120} INFO - [2024-02-20T22:48:50.060+0000] {dag.py:3340} INFO - Setting next_dagrun for producer to 2024-02-19T00:00:00+00:00, run_after=2024-02-20T00:00:00+00:00
[2024-02-20T22:48:50.071+0000] {processor.py:176} INFO - Processing /opt/airflow/dags/producer.py took 0.062 seconds
[2024-02-20T22:49:20.941+0000] {processor.py:154} INFO - Started process (PID=1507) to work on /opt/airflow/dags/producer.py
[2024-02-20T22:49:20.942+0000] {processor.py:756} INFO - Processing file /opt/airflow/dags/producer.py for tasks to queue
[2024-02-20T22:49:20.943+0000] {logging_mixin.py:120} INFO - [2024-02-20T22:49:20.942+0000] {dagbag.py:537} INFO - Filling up the DagBag from /opt/airflow/dags/producer.py
[2024-02-20T22:49:20.957+0000] {processor.py:766} INFO - DAG(s) dict_keys(['producer']) retrieved from /opt/airflow/dags/producer.py
[2024-02-20T22:49:20.978+0000] {logging_mixin.py:120} INFO - [2024-02-20T22:49:20.977+0000] {dag.py:2585} INFO - Sync 1 DAGs
[2024-02-20T22:49:20.990+0000] {logging_mixin.py:120} INFO - [2024-02-20T22:49:20.990+0000] {dag.py:3340} INFO - Setting next_dagrun for producer to 2024-02-19T00:00:00+00:00, run_after=2024-02-20T00:00:00+00:00
[2024-02-20T22:49:21.001+0000] {processor.py:176} INFO - Processing /opt/airflow/dags/producer.py took 0.062 seconds
[2024-02-20T22:49:51.961+0000] {processor.py:154} INFO - Started process (PID=1544) to work on /opt/airflow/dags/producer.py
[2024-02-20T22:49:51.962+0000] {processor.py:756} INFO - Processing file /opt/airflow/dags/producer.py for tasks to queue
[2024-02-20T22:49:51.962+0000] {logging_mixin.py:120} INFO - [2024-02-20T22:49:51.962+0000] {dagbag.py:537} INFO - Filling up the DagBag from /opt/airflow/dags/producer.py
[2024-02-20T22:49:51.978+0000] {processor.py:766} INFO - DAG(s) dict_keys(['producer']) retrieved from /opt/airflow/dags/producer.py
[2024-02-20T22:49:52.001+0000] {logging_mixin.py:120} INFO - [2024-02-20T22:49:52.000+0000] {dag.py:2585} INFO - Sync 1 DAGs
[2024-02-20T22:49:52.014+0000] {logging_mixin.py:120} INFO - [2024-02-20T22:49:52.014+0000] {dag.py:3340} INFO - Setting next_dagrun for producer to 2024-02-19T00:00:00+00:00, run_after=2024-02-20T00:00:00+00:00
[2024-02-20T22:49:52.025+0000] {processor.py:176} INFO - Processing /opt/airflow/dags/producer.py took 0.067 seconds
[2024-02-20T22:50:22.995+0000] {processor.py:154} INFO - Started process (PID=1581) to work on /opt/airflow/dags/producer.py
[2024-02-20T22:50:22.996+0000] {processor.py:756} INFO - Processing file /opt/airflow/dags/producer.py for tasks to queue
[2024-02-20T22:50:22.996+0000] {logging_mixin.py:120} INFO - [2024-02-20T22:50:22.996+0000] {dagbag.py:537} INFO - Filling up the DagBag from /opt/airflow/dags/producer.py
[2024-02-20T22:50:23.010+0000] {processor.py:766} INFO - DAG(s) dict_keys(['producer']) retrieved from /opt/airflow/dags/producer.py
[2024-02-20T22:50:23.039+0000] {logging_mixin.py:120} INFO - [2024-02-20T22:50:23.038+0000] {dag.py:2585} INFO - Sync 1 DAGs
[2024-02-20T22:50:23.055+0000] {logging_mixin.py:120} INFO - [2024-02-20T22:50:23.055+0000] {dag.py:3340} INFO - Setting next_dagrun for producer to 2024-02-19T00:00:00+00:00, run_after=2024-02-20T00:00:00+00:00
[2024-02-20T22:50:23.072+0000] {processor.py:176} INFO - Processing /opt/airflow/dags/producer.py took 0.080 seconds
[2024-02-20T22:50:53.955+0000] {processor.py:154} INFO - Started process (PID=1618) to work on /opt/airflow/dags/producer.py
[2024-02-20T22:50:53.956+0000] {processor.py:756} INFO - Processing file /opt/airflow/dags/producer.py for tasks to queue
[2024-02-20T22:50:53.956+0000] {logging_mixin.py:120} INFO - [2024-02-20T22:50:53.956+0000] {dagbag.py:537} INFO - Filling up the DagBag from /opt/airflow/dags/producer.py
[2024-02-20T22:50:53.970+0000] {processor.py:766} INFO - DAG(s) dict_keys(['producer']) retrieved from /opt/airflow/dags/producer.py
[2024-02-20T22:50:53.991+0000] {logging_mixin.py:120} INFO - [2024-02-20T22:50:53.991+0000] {dag.py:2585} INFO - Sync 1 DAGs
[2024-02-20T22:50:54.003+0000] {logging_mixin.py:120} INFO - [2024-02-20T22:50:54.003+0000] {dag.py:3340} INFO - Setting next_dagrun for producer to 2024-02-19T00:00:00+00:00, run_after=2024-02-20T00:00:00+00:00
[2024-02-20T22:50:54.013+0000] {processor.py:176} INFO - Processing /opt/airflow/dags/producer.py took 0.061 seconds
[2024-02-20T22:51:24.899+0000] {processor.py:154} INFO - Started process (PID=1645) to work on /opt/airflow/dags/producer.py
[2024-02-20T22:51:24.900+0000] {processor.py:756} INFO - Processing file /opt/airflow/dags/producer.py for tasks to queue
[2024-02-20T22:51:24.900+0000] {logging_mixin.py:120} INFO - [2024-02-20T22:51:24.900+0000] {dagbag.py:537} INFO - Filling up the DagBag from /opt/airflow/dags/producer.py
[2024-02-20T22:51:24.915+0000] {processor.py:766} INFO - DAG(s) dict_keys(['producer']) retrieved from /opt/airflow/dags/producer.py
[2024-02-20T22:51:24.986+0000] {logging_mixin.py:120} INFO - [2024-02-20T22:51:24.986+0000] {dag.py:2585} INFO - Sync 1 DAGs
[2024-02-20T22:51:25.006+0000] {logging_mixin.py:120} INFO - [2024-02-20T22:51:25.006+0000] {dag.py:3340} INFO - Setting next_dagrun for producer to 2024-02-19T00:00:00+00:00, run_after=2024-02-20T00:00:00+00:00
[2024-02-20T22:51:25.028+0000] {processor.py:176} INFO - Processing /opt/airflow/dags/producer.py took 0.131 seconds
[2024-02-20T22:51:55.789+0000] {processor.py:154} INFO - Started process (PID=1682) to work on /opt/airflow/dags/producer.py
[2024-02-20T22:51:55.790+0000] {processor.py:756} INFO - Processing file /opt/airflow/dags/producer.py for tasks to queue
[2024-02-20T22:51:55.790+0000] {logging_mixin.py:120} INFO - [2024-02-20T22:51:55.790+0000] {dagbag.py:537} INFO - Filling up the DagBag from /opt/airflow/dags/producer.py
[2024-02-20T22:51:55.804+0000] {processor.py:766} INFO - DAG(s) dict_keys(['producer']) retrieved from /opt/airflow/dags/producer.py
[2024-02-20T22:51:55.826+0000] {logging_mixin.py:120} INFO - [2024-02-20T22:51:55.826+0000] {dag.py:2585} INFO - Sync 1 DAGs
[2024-02-20T22:51:55.839+0000] {logging_mixin.py:120} INFO - [2024-02-20T22:51:55.839+0000] {dag.py:3340} INFO - Setting next_dagrun for producer to 2024-02-19T00:00:00+00:00, run_after=2024-02-20T00:00:00+00:00
[2024-02-20T22:51:55.851+0000] {processor.py:176} INFO - Processing /opt/airflow/dags/producer.py took 0.064 seconds
[2024-02-20T22:52:26.670+0000] {processor.py:154} INFO - Started process (PID=1718) to work on /opt/airflow/dags/producer.py
[2024-02-20T22:52:26.671+0000] {processor.py:756} INFO - Processing file /opt/airflow/dags/producer.py for tasks to queue
[2024-02-20T22:52:26.671+0000] {logging_mixin.py:120} INFO - [2024-02-20T22:52:26.671+0000] {dagbag.py:537} INFO - Filling up the DagBag from /opt/airflow/dags/producer.py
[2024-02-20T22:52:26.686+0000] {processor.py:766} INFO - DAG(s) dict_keys(['producer']) retrieved from /opt/airflow/dags/producer.py
[2024-02-20T22:52:26.706+0000] {logging_mixin.py:120} INFO - [2024-02-20T22:52:26.706+0000] {dag.py:2585} INFO - Sync 1 DAGs
[2024-02-20T22:52:26.719+0000] {logging_mixin.py:120} INFO - [2024-02-20T22:52:26.719+0000] {dag.py:3340} INFO - Setting next_dagrun for producer to 2024-02-19T00:00:00+00:00, run_after=2024-02-20T00:00:00+00:00
[2024-02-20T22:52:26.729+0000] {processor.py:176} INFO - Processing /opt/airflow/dags/producer.py took 0.061 seconds
[2024-02-20T22:52:57.705+0000] {processor.py:154} INFO - Started process (PID=1756) to work on /opt/airflow/dags/producer.py
[2024-02-20T22:52:57.706+0000] {processor.py:756} INFO - Processing file /opt/airflow/dags/producer.py for tasks to queue
[2024-02-20T22:52:57.706+0000] {logging_mixin.py:120} INFO - [2024-02-20T22:52:57.706+0000] {dagbag.py:537} INFO - Filling up the DagBag from /opt/airflow/dags/producer.py
[2024-02-20T22:52:57.719+0000] {processor.py:766} INFO - DAG(s) dict_keys(['producer']) retrieved from /opt/airflow/dags/producer.py
[2024-02-20T22:52:57.740+0000] {logging_mixin.py:120} INFO - [2024-02-20T22:52:57.740+0000] {dag.py:2585} INFO - Sync 1 DAGs
[2024-02-20T22:52:57.752+0000] {logging_mixin.py:120} INFO - [2024-02-20T22:52:57.752+0000] {dag.py:3340} INFO - Setting next_dagrun for producer to 2024-02-19T00:00:00+00:00, run_after=2024-02-20T00:00:00+00:00
[2024-02-20T22:52:57.762+0000] {processor.py:176} INFO - Processing /opt/airflow/dags/producer.py took 0.059 seconds
[2024-02-20T22:53:28.584+0000] {processor.py:154} INFO - Started process (PID=1793) to work on /opt/airflow/dags/producer.py
[2024-02-20T22:53:28.585+0000] {processor.py:756} INFO - Processing file /opt/airflow/dags/producer.py for tasks to queue
[2024-02-20T22:53:28.586+0000] {logging_mixin.py:120} INFO - [2024-02-20T22:53:28.586+0000] {dagbag.py:537} INFO - Filling up the DagBag from /opt/airflow/dags/producer.py
[2024-02-20T22:53:28.604+0000] {processor.py:766} INFO - DAG(s) dict_keys(['producer']) retrieved from /opt/airflow/dags/producer.py
[2024-02-20T22:53:28.640+0000] {logging_mixin.py:120} INFO - [2024-02-20T22:53:28.640+0000] {dag.py:2585} INFO - Sync 1 DAGs
[2024-02-20T22:53:28.657+0000] {logging_mixin.py:120} INFO - [2024-02-20T22:53:28.657+0000] {dag.py:3340} INFO - Setting next_dagrun for producer to 2024-02-19T00:00:00+00:00, run_after=2024-02-20T00:00:00+00:00
[2024-02-20T22:53:28.668+0000] {processor.py:176} INFO - Processing /opt/airflow/dags/producer.py took 0.086 seconds
[2024-02-20T22:53:59.546+0000] {processor.py:154} INFO - Started process (PID=1830) to work on /opt/airflow/dags/producer.py
[2024-02-20T22:53:59.547+0000] {processor.py:756} INFO - Processing file /opt/airflow/dags/producer.py for tasks to queue
[2024-02-20T22:53:59.547+0000] {logging_mixin.py:120} INFO - [2024-02-20T22:53:59.547+0000] {dagbag.py:537} INFO - Filling up the DagBag from /opt/airflow/dags/producer.py
[2024-02-20T22:53:59.561+0000] {processor.py:766} INFO - DAG(s) dict_keys(['producer']) retrieved from /opt/airflow/dags/producer.py
[2024-02-20T22:53:59.584+0000] {logging_mixin.py:120} INFO - [2024-02-20T22:53:59.584+0000] {dag.py:2585} INFO - Sync 1 DAGs
[2024-02-20T22:53:59.596+0000] {logging_mixin.py:120} INFO - [2024-02-20T22:53:59.596+0000] {dag.py:3340} INFO - Setting next_dagrun for producer to 2024-02-19T00:00:00+00:00, run_after=2024-02-20T00:00:00+00:00
[2024-02-20T22:53:59.606+0000] {processor.py:176} INFO - Processing /opt/airflow/dags/producer.py took 0.063 seconds
[2024-02-20T22:54:31.533+0000] {processor.py:154} INFO - Started process (PID=1867) to work on /opt/airflow/dags/producer.py
[2024-02-20T22:54:31.535+0000] {processor.py:756} INFO - Processing file /opt/airflow/dags/producer.py for tasks to queue
[2024-02-20T22:54:31.536+0000] {logging_mixin.py:120} INFO - [2024-02-20T22:54:31.536+0000] {dagbag.py:537} INFO - Filling up the DagBag from /opt/airflow/dags/producer.py
[2024-02-20T22:54:31.554+0000] {processor.py:766} INFO - DAG(s) dict_keys(['producer']) retrieved from /opt/airflow/dags/producer.py
[2024-02-20T22:54:31.581+0000] {logging_mixin.py:120} INFO - [2024-02-20T22:54:31.581+0000] {dag.py:2585} INFO - Sync 1 DAGs
[2024-02-20T22:54:31.596+0000] {logging_mixin.py:120} INFO - [2024-02-20T22:54:31.596+0000] {dag.py:3340} INFO - Setting next_dagrun for producer to 2024-02-19T00:00:00+00:00, run_after=2024-02-20T00:00:00+00:00
[2024-02-20T22:54:31.608+0000] {processor.py:176} INFO - Processing /opt/airflow/dags/producer.py took 0.078 seconds
[2024-02-20T23:24:18.167+0000] {processor.py:154} INFO - Started process (PID=60) to work on /opt/airflow/dags/producer.py
[2024-02-20T23:24:18.170+0000] {processor.py:756} INFO - Processing file /opt/airflow/dags/producer.py for tasks to queue
[2024-02-20T23:24:18.174+0000] {logging_mixin.py:120} INFO - [2024-02-20T23:24:18.174+0000] {dagbag.py:537} INFO - Filling up the DagBag from /opt/airflow/dags/producer.py
[2024-02-20T23:24:18.250+0000] {processor.py:766} INFO - DAG(s) dict_keys(['producer']) retrieved from /opt/airflow/dags/producer.py
[2024-02-20T23:24:18.409+0000] {logging_mixin.py:120} INFO - [2024-02-20T23:24:18.409+0000] {dag.py:2585} INFO - Sync 1 DAGs
[2024-02-20T23:24:18.437+0000] {logging_mixin.py:120} INFO - [2024-02-20T23:24:18.437+0000] {dag.py:3340} INFO - Setting next_dagrun for producer to 2024-02-19T00:00:00+00:00, run_after=2024-02-20T00:00:00+00:00
[2024-02-20T23:24:18.461+0000] {processor.py:176} INFO - Processing /opt/airflow/dags/producer.py took 0.299 seconds
[2024-02-20T23:24:50.389+0000] {processor.py:154} INFO - Started process (PID=88) to work on /opt/airflow/dags/producer.py
[2024-02-20T23:24:50.390+0000] {processor.py:756} INFO - Processing file /opt/airflow/dags/producer.py for tasks to queue
[2024-02-20T23:24:50.392+0000] {logging_mixin.py:120} INFO - [2024-02-20T23:24:50.391+0000] {dagbag.py:537} INFO - Filling up the DagBag from /opt/airflow/dags/producer.py
[2024-02-20T23:24:50.425+0000] {processor.py:766} INFO - DAG(s) dict_keys(['producer']) retrieved from /opt/airflow/dags/producer.py
[2024-02-20T23:24:50.475+0000] {logging_mixin.py:120} INFO - [2024-02-20T23:24:50.475+0000] {dag.py:2585} INFO - Sync 1 DAGs
[2024-02-20T23:24:50.505+0000] {logging_mixin.py:120} INFO - [2024-02-20T23:24:50.504+0000] {dag.py:3340} INFO - Setting next_dagrun for producer to 2024-02-19T00:00:00+00:00, run_after=2024-02-20T00:00:00+00:00
[2024-02-20T23:24:50.536+0000] {processor.py:176} INFO - Processing /opt/airflow/dags/producer.py took 0.151 seconds
[2024-02-20T23:25:20.595+0000] {processor.py:154} INFO - Started process (PID=126) to work on /opt/airflow/dags/producer.py
[2024-02-20T23:25:20.596+0000] {processor.py:756} INFO - Processing file /opt/airflow/dags/producer.py for tasks to queue
[2024-02-20T23:25:20.597+0000] {logging_mixin.py:120} INFO - [2024-02-20T23:25:20.597+0000] {dagbag.py:537} INFO - Filling up the DagBag from /opt/airflow/dags/producer.py
[2024-02-20T23:25:20.612+0000] {processor.py:766} INFO - DAG(s) dict_keys(['producer']) retrieved from /opt/airflow/dags/producer.py
[2024-02-20T23:25:20.633+0000] {logging_mixin.py:120} INFO - [2024-02-20T23:25:20.633+0000] {dag.py:2585} INFO - Sync 1 DAGs
[2024-02-20T23:25:20.646+0000] {logging_mixin.py:120} INFO - [2024-02-20T23:25:20.645+0000] {dag.py:3340} INFO - Setting next_dagrun for producer to 2024-02-19T00:00:00+00:00, run_after=2024-02-20T00:00:00+00:00
[2024-02-20T23:25:20.657+0000] {processor.py:176} INFO - Processing /opt/airflow/dags/producer.py took 0.064 seconds
[2024-02-20T23:25:51.596+0000] {processor.py:154} INFO - Started process (PID=162) to work on /opt/airflow/dags/producer.py
[2024-02-20T23:25:51.598+0000] {processor.py:756} INFO - Processing file /opt/airflow/dags/producer.py for tasks to queue
[2024-02-20T23:25:51.598+0000] {logging_mixin.py:120} INFO - [2024-02-20T23:25:51.598+0000] {dagbag.py:537} INFO - Filling up the DagBag from /opt/airflow/dags/producer.py
[2024-02-20T23:25:51.616+0000] {processor.py:766} INFO - DAG(s) dict_keys(['producer']) retrieved from /opt/airflow/dags/producer.py
[2024-02-20T23:25:51.637+0000] {logging_mixin.py:120} INFO - [2024-02-20T23:25:51.637+0000] {dag.py:2585} INFO - Sync 1 DAGs
[2024-02-20T23:25:51.649+0000] {logging_mixin.py:120} INFO - [2024-02-20T23:25:51.649+0000] {dag.py:3340} INFO - Setting next_dagrun for producer to 2024-02-19T00:00:00+00:00, run_after=2024-02-20T00:00:00+00:00
[2024-02-20T23:25:51.662+0000] {processor.py:176} INFO - Processing /opt/airflow/dags/producer.py took 0.067 seconds
[2024-02-20T23:26:22.516+0000] {processor.py:154} INFO - Started process (PID=198) to work on /opt/airflow/dags/producer.py
[2024-02-20T23:26:22.517+0000] {processor.py:756} INFO - Processing file /opt/airflow/dags/producer.py for tasks to queue
[2024-02-20T23:26:22.518+0000] {logging_mixin.py:120} INFO - [2024-02-20T23:26:22.518+0000] {dagbag.py:537} INFO - Filling up the DagBag from /opt/airflow/dags/producer.py
[2024-02-20T23:26:22.531+0000] {processor.py:766} INFO - DAG(s) dict_keys(['producer']) retrieved from /opt/airflow/dags/producer.py
[2024-02-20T23:26:22.551+0000] {logging_mixin.py:120} INFO - [2024-02-20T23:26:22.551+0000] {dag.py:2585} INFO - Sync 1 DAGs
[2024-02-20T23:26:22.564+0000] {logging_mixin.py:120} INFO - [2024-02-20T23:26:22.564+0000] {dag.py:3340} INFO - Setting next_dagrun for producer to 2024-02-19T00:00:00+00:00, run_after=2024-02-20T00:00:00+00:00
[2024-02-20T23:26:22.575+0000] {processor.py:176} INFO - Processing /opt/airflow/dags/producer.py took 0.061 seconds
[2024-02-20T23:26:53.427+0000] {processor.py:154} INFO - Started process (PID=234) to work on /opt/airflow/dags/producer.py
[2024-02-20T23:26:53.428+0000] {processor.py:756} INFO - Processing file /opt/airflow/dags/producer.py for tasks to queue
[2024-02-20T23:26:53.428+0000] {logging_mixin.py:120} INFO - [2024-02-20T23:26:53.428+0000] {dagbag.py:537} INFO - Filling up the DagBag from /opt/airflow/dags/producer.py
[2024-02-20T23:26:53.441+0000] {processor.py:766} INFO - DAG(s) dict_keys(['producer']) retrieved from /opt/airflow/dags/producer.py
[2024-02-20T23:26:53.461+0000] {logging_mixin.py:120} INFO - [2024-02-20T23:26:53.461+0000] {dag.py:2585} INFO - Sync 1 DAGs
[2024-02-20T23:26:53.473+0000] {logging_mixin.py:120} INFO - [2024-02-20T23:26:53.473+0000] {dag.py:3340} INFO - Setting next_dagrun for producer to 2024-02-19T00:00:00+00:00, run_after=2024-02-20T00:00:00+00:00
[2024-02-20T23:26:53.483+0000] {processor.py:176} INFO - Processing /opt/airflow/dags/producer.py took 0.058 seconds
[2024-02-20T23:27:24.355+0000] {processor.py:154} INFO - Started process (PID=270) to work on /opt/airflow/dags/producer.py
[2024-02-20T23:27:24.356+0000] {processor.py:756} INFO - Processing file /opt/airflow/dags/producer.py for tasks to queue
[2024-02-20T23:27:24.356+0000] {logging_mixin.py:120} INFO - [2024-02-20T23:27:24.356+0000] {dagbag.py:537} INFO - Filling up the DagBag from /opt/airflow/dags/producer.py
[2024-02-20T23:27:24.369+0000] {processor.py:766} INFO - DAG(s) dict_keys(['producer']) retrieved from /opt/airflow/dags/producer.py
[2024-02-20T23:27:24.388+0000] {logging_mixin.py:120} INFO - [2024-02-20T23:27:24.388+0000] {dag.py:2585} INFO - Sync 1 DAGs
[2024-02-20T23:27:24.401+0000] {logging_mixin.py:120} INFO - [2024-02-20T23:27:24.401+0000] {dag.py:3340} INFO - Setting next_dagrun for producer to 2024-02-19T00:00:00+00:00, run_after=2024-02-20T00:00:00+00:00
[2024-02-20T23:27:24.411+0000] {processor.py:176} INFO - Processing /opt/airflow/dags/producer.py took 0.057 seconds
