[2024-02-20T22:28:05.792+0000] {processor.py:154} INFO - Started process (PID=49) to work on /opt/airflow/dags/user_processing.py
[2024-02-20T22:28:05.798+0000] {processor.py:756} INFO - Processing file /opt/airflow/dags/user_processing.py for tasks to queue
[2024-02-20T22:28:05.802+0000] {logging_mixin.py:120} INFO - [2024-02-20T22:28:05.802+0000] {dagbag.py:537} INFO - Filling up the DagBag from /opt/airflow/dags/user_processing.py
[2024-02-20T22:28:06.770+0000] {processor.py:766} INFO - DAG(s) dict_keys(['user_processing']) retrieved from /opt/airflow/dags/user_processing.py
[2024-02-20T22:28:07.191+0000] {logging_mixin.py:120} INFO - [2024-02-20T22:28:07.189+0000] {dag.py:2585} INFO - Sync 1 DAGs
[2024-02-20T22:28:07.258+0000] {logging_mixin.py:120} INFO - [2024-02-20T22:28:07.258+0000] {dag.py:3340} INFO - Setting next_dagrun for user_processing to 2024-02-19T00:00:00+00:00, run_after=2024-02-20T00:00:00+00:00
[2024-02-20T22:28:07.350+0000] {processor.py:176} INFO - Processing /opt/airflow/dags/user_processing.py took 1.569 seconds
[2024-02-20T22:28:38.151+0000] {processor.py:154} INFO - Started process (PID=86) to work on /opt/airflow/dags/user_processing.py
[2024-02-20T22:28:38.152+0000] {processor.py:756} INFO - Processing file /opt/airflow/dags/user_processing.py for tasks to queue
[2024-02-20T22:28:38.153+0000] {logging_mixin.py:120} INFO - [2024-02-20T22:28:38.153+0000] {dagbag.py:537} INFO - Filling up the DagBag from /opt/airflow/dags/user_processing.py
[2024-02-20T22:28:38.448+0000] {processor.py:766} INFO - DAG(s) dict_keys(['user_processing']) retrieved from /opt/airflow/dags/user_processing.py
[2024-02-20T22:28:38.607+0000] {logging_mixin.py:120} INFO - [2024-02-20T22:28:38.607+0000] {dag.py:2585} INFO - Sync 1 DAGs
[2024-02-20T22:28:38.621+0000] {logging_mixin.py:120} INFO - [2024-02-20T22:28:38.621+0000] {dag.py:3340} INFO - Setting next_dagrun for user_processing to 2024-02-19T00:00:00+00:00, run_after=2024-02-20T00:00:00+00:00
[2024-02-20T22:28:38.631+0000] {processor.py:176} INFO - Processing /opt/airflow/dags/user_processing.py took 0.484 seconds
[2024-02-20T22:29:09.253+0000] {processor.py:154} INFO - Started process (PID=114) to work on /opt/airflow/dags/user_processing.py
[2024-02-20T22:29:09.255+0000] {processor.py:756} INFO - Processing file /opt/airflow/dags/user_processing.py for tasks to queue
[2024-02-20T22:29:09.256+0000] {logging_mixin.py:120} INFO - [2024-02-20T22:29:09.256+0000] {dagbag.py:537} INFO - Filling up the DagBag from /opt/airflow/dags/user_processing.py
[2024-02-20T22:29:09.552+0000] {processor.py:766} INFO - DAG(s) dict_keys(['user_processing']) retrieved from /opt/airflow/dags/user_processing.py
[2024-02-20T22:29:09.741+0000] {logging_mixin.py:120} INFO - [2024-02-20T22:29:09.741+0000] {dag.py:2585} INFO - Sync 1 DAGs
[2024-02-20T22:29:09.762+0000] {logging_mixin.py:120} INFO - [2024-02-20T22:29:09.762+0000] {dag.py:3340} INFO - Setting next_dagrun for user_processing to 2024-02-19T00:00:00+00:00, run_after=2024-02-20T00:00:00+00:00
[2024-02-20T22:29:09.773+0000] {processor.py:176} INFO - Processing /opt/airflow/dags/user_processing.py took 0.525 seconds
[2024-02-20T22:29:40.431+0000] {processor.py:154} INFO - Started process (PID=151) to work on /opt/airflow/dags/user_processing.py
[2024-02-20T22:29:40.433+0000] {processor.py:756} INFO - Processing file /opt/airflow/dags/user_processing.py for tasks to queue
[2024-02-20T22:29:40.434+0000] {logging_mixin.py:120} INFO - [2024-02-20T22:29:40.434+0000] {dagbag.py:537} INFO - Filling up the DagBag from /opt/airflow/dags/user_processing.py
[2024-02-20T22:29:40.668+0000] {processor.py:766} INFO - DAG(s) dict_keys(['user_processing']) retrieved from /opt/airflow/dags/user_processing.py
[2024-02-20T22:29:40.808+0000] {logging_mixin.py:120} INFO - [2024-02-20T22:29:40.807+0000] {dag.py:2585} INFO - Sync 1 DAGs
[2024-02-20T22:29:40.822+0000] {logging_mixin.py:120} INFO - [2024-02-20T22:29:40.822+0000] {dag.py:3340} INFO - Setting next_dagrun for user_processing to 2024-02-19T00:00:00+00:00, run_after=2024-02-20T00:00:00+00:00
[2024-02-20T22:29:40.831+0000] {processor.py:176} INFO - Processing /opt/airflow/dags/user_processing.py took 0.407 seconds
[2024-02-20T22:30:11.448+0000] {processor.py:154} INFO - Started process (PID=188) to work on /opt/airflow/dags/user_processing.py
[2024-02-20T22:30:11.450+0000] {processor.py:756} INFO - Processing file /opt/airflow/dags/user_processing.py for tasks to queue
[2024-02-20T22:30:11.451+0000] {logging_mixin.py:120} INFO - [2024-02-20T22:30:11.451+0000] {dagbag.py:537} INFO - Filling up the DagBag from /opt/airflow/dags/user_processing.py
[2024-02-20T22:30:11.668+0000] {processor.py:766} INFO - DAG(s) dict_keys(['user_processing']) retrieved from /opt/airflow/dags/user_processing.py
[2024-02-20T22:30:11.838+0000] {logging_mixin.py:120} INFO - [2024-02-20T22:30:11.837+0000] {dag.py:2585} INFO - Sync 1 DAGs
[2024-02-20T22:30:11.851+0000] {logging_mixin.py:120} INFO - [2024-02-20T22:30:11.851+0000] {dag.py:3340} INFO - Setting next_dagrun for user_processing to 2024-02-19T00:00:00+00:00, run_after=2024-02-20T00:00:00+00:00
[2024-02-20T22:30:11.862+0000] {processor.py:176} INFO - Processing /opt/airflow/dags/user_processing.py took 0.425 seconds
[2024-02-20T22:30:42.409+0000] {processor.py:154} INFO - Started process (PID=224) to work on /opt/airflow/dags/user_processing.py
[2024-02-20T22:30:42.411+0000] {processor.py:756} INFO - Processing file /opt/airflow/dags/user_processing.py for tasks to queue
[2024-02-20T22:30:42.412+0000] {logging_mixin.py:120} INFO - [2024-02-20T22:30:42.412+0000] {dagbag.py:537} INFO - Filling up the DagBag from /opt/airflow/dags/user_processing.py
[2024-02-20T22:30:42.585+0000] {processor.py:766} INFO - DAG(s) dict_keys(['user_processing']) retrieved from /opt/airflow/dags/user_processing.py
[2024-02-20T22:30:42.717+0000] {logging_mixin.py:120} INFO - [2024-02-20T22:30:42.717+0000] {dag.py:2585} INFO - Sync 1 DAGs
[2024-02-20T22:30:42.731+0000] {logging_mixin.py:120} INFO - [2024-02-20T22:30:42.731+0000] {dag.py:3340} INFO - Setting next_dagrun for user_processing to 2024-02-19T00:00:00+00:00, run_after=2024-02-20T00:00:00+00:00
[2024-02-20T22:30:42.743+0000] {processor.py:176} INFO - Processing /opt/airflow/dags/user_processing.py took 0.341 seconds
[2024-02-20T22:31:13.327+0000] {processor.py:154} INFO - Started process (PID=261) to work on /opt/airflow/dags/user_processing.py
[2024-02-20T22:31:13.332+0000] {processor.py:756} INFO - Processing file /opt/airflow/dags/user_processing.py for tasks to queue
[2024-02-20T22:31:13.334+0000] {logging_mixin.py:120} INFO - [2024-02-20T22:31:13.333+0000] {dagbag.py:537} INFO - Filling up the DagBag from /opt/airflow/dags/user_processing.py
[2024-02-20T22:31:13.557+0000] {processor.py:766} INFO - DAG(s) dict_keys(['user_processing']) retrieved from /opt/airflow/dags/user_processing.py
[2024-02-20T22:31:13.710+0000] {logging_mixin.py:120} INFO - [2024-02-20T22:31:13.710+0000] {dag.py:2585} INFO - Sync 1 DAGs
[2024-02-20T22:31:13.724+0000] {logging_mixin.py:120} INFO - [2024-02-20T22:31:13.724+0000] {dag.py:3340} INFO - Setting next_dagrun for user_processing to 2024-02-19T00:00:00+00:00, run_after=2024-02-20T00:00:00+00:00
[2024-02-20T22:31:13.733+0000] {processor.py:176} INFO - Processing /opt/airflow/dags/user_processing.py took 0.433 seconds
[2024-02-20T22:31:44.500+0000] {processor.py:154} INFO - Started process (PID=298) to work on /opt/airflow/dags/user_processing.py
[2024-02-20T22:31:44.501+0000] {processor.py:756} INFO - Processing file /opt/airflow/dags/user_processing.py for tasks to queue
[2024-02-20T22:31:44.502+0000] {logging_mixin.py:120} INFO - [2024-02-20T22:31:44.502+0000] {dagbag.py:537} INFO - Filling up the DagBag from /opt/airflow/dags/user_processing.py
[2024-02-20T22:31:44.911+0000] {processor.py:766} INFO - DAG(s) dict_keys(['user_processing']) retrieved from /opt/airflow/dags/user_processing.py
[2024-02-20T22:31:45.347+0000] {logging_mixin.py:120} INFO - [2024-02-20T22:31:45.346+0000] {dag.py:2585} INFO - Sync 1 DAGs
[2024-02-20T22:31:45.409+0000] {logging_mixin.py:120} INFO - [2024-02-20T22:31:45.408+0000] {dag.py:3340} INFO - Setting next_dagrun for user_processing to 2024-02-19T00:00:00+00:00, run_after=2024-02-20T00:00:00+00:00
[2024-02-20T22:31:45.470+0000] {processor.py:176} INFO - Processing /opt/airflow/dags/user_processing.py took 0.978 seconds
[2024-02-20T22:32:16.306+0000] {processor.py:154} INFO - Started process (PID=326) to work on /opt/airflow/dags/user_processing.py
[2024-02-20T22:32:16.308+0000] {processor.py:756} INFO - Processing file /opt/airflow/dags/user_processing.py for tasks to queue
[2024-02-20T22:32:16.309+0000] {logging_mixin.py:120} INFO - [2024-02-20T22:32:16.309+0000] {dagbag.py:537} INFO - Filling up the DagBag from /opt/airflow/dags/user_processing.py
[2024-02-20T22:32:16.572+0000] {processor.py:766} INFO - DAG(s) dict_keys(['user_processing']) retrieved from /opt/airflow/dags/user_processing.py
[2024-02-20T22:32:16.704+0000] {logging_mixin.py:120} INFO - [2024-02-20T22:32:16.703+0000] {dag.py:2585} INFO - Sync 1 DAGs
[2024-02-20T22:32:16.717+0000] {logging_mixin.py:120} INFO - [2024-02-20T22:32:16.717+0000] {dag.py:3340} INFO - Setting next_dagrun for user_processing to 2024-02-19T00:00:00+00:00, run_after=2024-02-20T00:00:00+00:00
[2024-02-20T22:32:16.726+0000] {processor.py:176} INFO - Processing /opt/airflow/dags/user_processing.py took 0.436 seconds
[2024-02-20T22:32:47.436+0000] {processor.py:154} INFO - Started process (PID=363) to work on /opt/airflow/dags/user_processing.py
[2024-02-20T22:32:47.439+0000] {processor.py:756} INFO - Processing file /opt/airflow/dags/user_processing.py for tasks to queue
[2024-02-20T22:32:47.441+0000] {logging_mixin.py:120} INFO - [2024-02-20T22:32:47.441+0000] {dagbag.py:537} INFO - Filling up the DagBag from /opt/airflow/dags/user_processing.py
[2024-02-20T22:32:47.720+0000] {processor.py:766} INFO - DAG(s) dict_keys(['user_processing']) retrieved from /opt/airflow/dags/user_processing.py
[2024-02-20T22:32:47.862+0000] {logging_mixin.py:120} INFO - [2024-02-20T22:32:47.861+0000] {dag.py:2585} INFO - Sync 1 DAGs
[2024-02-20T22:32:47.875+0000] {logging_mixin.py:120} INFO - [2024-02-20T22:32:47.875+0000] {dag.py:3340} INFO - Setting next_dagrun for user_processing to 2024-02-19T00:00:00+00:00, run_after=2024-02-20T00:00:00+00:00
[2024-02-20T22:32:47.885+0000] {processor.py:176} INFO - Processing /opt/airflow/dags/user_processing.py took 0.462 seconds
[2024-02-20T22:33:18.529+0000] {processor.py:154} INFO - Started process (PID=400) to work on /opt/airflow/dags/user_processing.py
[2024-02-20T22:33:18.532+0000] {processor.py:756} INFO - Processing file /opt/airflow/dags/user_processing.py for tasks to queue
[2024-02-20T22:33:18.538+0000] {logging_mixin.py:120} INFO - [2024-02-20T22:33:18.537+0000] {dagbag.py:537} INFO - Filling up the DagBag from /opt/airflow/dags/user_processing.py
[2024-02-20T22:33:18.782+0000] {processor.py:766} INFO - DAG(s) dict_keys(['user_processing']) retrieved from /opt/airflow/dags/user_processing.py
[2024-02-20T22:33:18.916+0000] {logging_mixin.py:120} INFO - [2024-02-20T22:33:18.916+0000] {dag.py:2585} INFO - Sync 1 DAGs
[2024-02-20T22:33:18.931+0000] {logging_mixin.py:120} INFO - [2024-02-20T22:33:18.931+0000] {dag.py:3340} INFO - Setting next_dagrun for user_processing to 2024-02-19T00:00:00+00:00, run_after=2024-02-20T00:00:00+00:00
[2024-02-20T22:33:18.942+0000] {processor.py:176} INFO - Processing /opt/airflow/dags/user_processing.py took 0.426 seconds
[2024-02-20T22:33:49.701+0000] {processor.py:154} INFO - Started process (PID=437) to work on /opt/airflow/dags/user_processing.py
[2024-02-20T22:33:49.728+0000] {processor.py:756} INFO - Processing file /opt/airflow/dags/user_processing.py for tasks to queue
[2024-02-20T22:33:49.735+0000] {logging_mixin.py:120} INFO - [2024-02-20T22:33:49.735+0000] {dagbag.py:537} INFO - Filling up the DagBag from /opt/airflow/dags/user_processing.py
[2024-02-20T22:33:50.370+0000] {processor.py:766} INFO - DAG(s) dict_keys(['user_processing']) retrieved from /opt/airflow/dags/user_processing.py
[2024-02-20T22:33:50.573+0000] {logging_mixin.py:120} INFO - [2024-02-20T22:33:50.573+0000] {dag.py:2585} INFO - Sync 1 DAGs
[2024-02-20T22:33:50.591+0000] {logging_mixin.py:120} INFO - [2024-02-20T22:33:50.591+0000] {dag.py:3340} INFO - Setting next_dagrun for user_processing to 2024-02-19T00:00:00+00:00, run_after=2024-02-20T00:00:00+00:00
[2024-02-20T22:33:50.603+0000] {processor.py:176} INFO - Processing /opt/airflow/dags/user_processing.py took 0.914 seconds
[2024-02-20T22:34:21.250+0000] {processor.py:154} INFO - Started process (PID=474) to work on /opt/airflow/dags/user_processing.py
[2024-02-20T22:34:21.252+0000] {processor.py:756} INFO - Processing file /opt/airflow/dags/user_processing.py for tasks to queue
[2024-02-20T22:34:21.254+0000] {logging_mixin.py:120} INFO - [2024-02-20T22:34:21.254+0000] {dagbag.py:537} INFO - Filling up the DagBag from /opt/airflow/dags/user_processing.py
[2024-02-20T22:34:21.479+0000] {processor.py:766} INFO - DAG(s) dict_keys(['user_processing']) retrieved from /opt/airflow/dags/user_processing.py
[2024-02-20T22:34:21.605+0000] {logging_mixin.py:120} INFO - [2024-02-20T22:34:21.605+0000] {dag.py:2585} INFO - Sync 1 DAGs
[2024-02-20T22:34:21.619+0000] {logging_mixin.py:120} INFO - [2024-02-20T22:34:21.619+0000] {dag.py:3340} INFO - Setting next_dagrun for user_processing to 2024-02-19T00:00:00+00:00, run_after=2024-02-20T00:00:00+00:00
[2024-02-20T22:34:21.631+0000] {processor.py:176} INFO - Processing /opt/airflow/dags/user_processing.py took 0.396 seconds
[2024-02-20T22:34:52.288+0000] {processor.py:154} INFO - Started process (PID=511) to work on /opt/airflow/dags/user_processing.py
[2024-02-20T22:34:52.290+0000] {processor.py:756} INFO - Processing file /opt/airflow/dags/user_processing.py for tasks to queue
[2024-02-20T22:34:52.291+0000] {logging_mixin.py:120} INFO - [2024-02-20T22:34:52.291+0000] {dagbag.py:537} INFO - Filling up the DagBag from /opt/airflow/dags/user_processing.py
[2024-02-20T22:34:52.677+0000] {processor.py:766} INFO - DAG(s) dict_keys(['user_processing']) retrieved from /opt/airflow/dags/user_processing.py
[2024-02-20T22:34:52.907+0000] {logging_mixin.py:120} INFO - [2024-02-20T22:34:52.906+0000] {dag.py:2585} INFO - Sync 1 DAGs
[2024-02-20T22:34:52.944+0000] {logging_mixin.py:120} INFO - [2024-02-20T22:34:52.944+0000] {dag.py:3340} INFO - Setting next_dagrun for user_processing to 2024-02-19T00:00:00+00:00, run_after=2024-02-20T00:00:00+00:00
[2024-02-20T22:34:53.634+0000] {processor.py:176} INFO - Processing /opt/airflow/dags/user_processing.py took 1.351 seconds
[2024-02-20T22:35:24.373+0000] {processor.py:154} INFO - Started process (PID=543) to work on /opt/airflow/dags/user_processing.py
[2024-02-20T22:35:24.374+0000] {processor.py:756} INFO - Processing file /opt/airflow/dags/user_processing.py for tasks to queue
[2024-02-20T22:35:24.375+0000] {logging_mixin.py:120} INFO - [2024-02-20T22:35:24.375+0000] {dagbag.py:537} INFO - Filling up the DagBag from /opt/airflow/dags/user_processing.py
[2024-02-20T22:35:24.543+0000] {processor.py:766} INFO - DAG(s) dict_keys(['user_processing']) retrieved from /opt/airflow/dags/user_processing.py
[2024-02-20T22:35:24.668+0000] {logging_mixin.py:120} INFO - [2024-02-20T22:35:24.668+0000] {dag.py:2585} INFO - Sync 1 DAGs
[2024-02-20T22:35:24.683+0000] {logging_mixin.py:120} INFO - [2024-02-20T22:35:24.683+0000] {dag.py:3340} INFO - Setting next_dagrun for user_processing to 2024-02-19T00:00:00+00:00, run_after=2024-02-20T00:00:00+00:00
[2024-02-20T22:35:24.692+0000] {processor.py:176} INFO - Processing /opt/airflow/dags/user_processing.py took 0.323 seconds
[2024-02-20T22:35:55.313+0000] {processor.py:154} INFO - Started process (PID=580) to work on /opt/airflow/dags/user_processing.py
[2024-02-20T22:35:55.316+0000] {processor.py:756} INFO - Processing file /opt/airflow/dags/user_processing.py for tasks to queue
[2024-02-20T22:35:55.317+0000] {logging_mixin.py:120} INFO - [2024-02-20T22:35:55.317+0000] {dagbag.py:537} INFO - Filling up the DagBag from /opt/airflow/dags/user_processing.py
[2024-02-20T22:35:55.523+0000] {processor.py:766} INFO - DAG(s) dict_keys(['user_processing']) retrieved from /opt/airflow/dags/user_processing.py
[2024-02-20T22:35:55.635+0000] {logging_mixin.py:120} INFO - [2024-02-20T22:35:55.635+0000] {dag.py:2585} INFO - Sync 1 DAGs
[2024-02-20T22:35:55.649+0000] {logging_mixin.py:120} INFO - [2024-02-20T22:35:55.649+0000] {dag.py:3340} INFO - Setting next_dagrun for user_processing to 2024-02-19T00:00:00+00:00, run_after=2024-02-20T00:00:00+00:00
[2024-02-20T22:35:55.659+0000] {processor.py:176} INFO - Processing /opt/airflow/dags/user_processing.py took 0.353 seconds
[2024-02-20T22:36:26.388+0000] {processor.py:154} INFO - Started process (PID=617) to work on /opt/airflow/dags/user_processing.py
[2024-02-20T22:36:26.392+0000] {processor.py:756} INFO - Processing file /opt/airflow/dags/user_processing.py for tasks to queue
[2024-02-20T22:36:26.394+0000] {logging_mixin.py:120} INFO - [2024-02-20T22:36:26.393+0000] {dagbag.py:537} INFO - Filling up the DagBag from /opt/airflow/dags/user_processing.py
[2024-02-20T22:36:26.608+0000] {processor.py:766} INFO - DAG(s) dict_keys(['user_processing']) retrieved from /opt/airflow/dags/user_processing.py
[2024-02-20T22:36:26.752+0000] {logging_mixin.py:120} INFO - [2024-02-20T22:36:26.752+0000] {dag.py:2585} INFO - Sync 1 DAGs
[2024-02-20T22:36:26.768+0000] {logging_mixin.py:120} INFO - [2024-02-20T22:36:26.768+0000] {dag.py:3340} INFO - Setting next_dagrun for user_processing to 2024-02-19T00:00:00+00:00, run_after=2024-02-20T00:00:00+00:00
[2024-02-20T22:36:26.779+0000] {processor.py:176} INFO - Processing /opt/airflow/dags/user_processing.py took 0.397 seconds
[2024-02-20T22:36:57.324+0000] {processor.py:154} INFO - Started process (PID=654) to work on /opt/airflow/dags/user_processing.py
[2024-02-20T22:36:57.326+0000] {processor.py:756} INFO - Processing file /opt/airflow/dags/user_processing.py for tasks to queue
[2024-02-20T22:36:57.327+0000] {logging_mixin.py:120} INFO - [2024-02-20T22:36:57.327+0000] {dagbag.py:537} INFO - Filling up the DagBag from /opt/airflow/dags/user_processing.py
[2024-02-20T22:36:57.520+0000] {processor.py:766} INFO - DAG(s) dict_keys(['user_processing']) retrieved from /opt/airflow/dags/user_processing.py
[2024-02-20T22:36:57.652+0000] {logging_mixin.py:120} INFO - [2024-02-20T22:36:57.652+0000] {dag.py:2585} INFO - Sync 1 DAGs
[2024-02-20T22:36:57.666+0000] {logging_mixin.py:120} INFO - [2024-02-20T22:36:57.666+0000] {dag.py:3340} INFO - Setting next_dagrun for user_processing to 2024-02-19T00:00:00+00:00, run_after=2024-02-20T00:00:00+00:00
[2024-02-20T22:36:57.676+0000] {processor.py:176} INFO - Processing /opt/airflow/dags/user_processing.py took 0.361 seconds
[2024-02-20T22:37:27.714+0000] {processor.py:154} INFO - Started process (PID=694) to work on /opt/airflow/dags/user_processing.py
[2024-02-20T22:37:27.715+0000] {processor.py:756} INFO - Processing file /opt/airflow/dags/user_processing.py for tasks to queue
[2024-02-20T22:37:27.715+0000] {logging_mixin.py:120} INFO - [2024-02-20T22:37:27.715+0000] {dagbag.py:537} INFO - Filling up the DagBag from /opt/airflow/dags/user_processing.py
[2024-02-20T22:37:27.880+0000] {processor.py:766} INFO - DAG(s) dict_keys(['user_processing']) retrieved from /opt/airflow/dags/user_processing.py
[2024-02-20T22:37:28.003+0000] {logging_mixin.py:120} INFO - [2024-02-20T22:37:28.002+0000] {dag.py:2585} INFO - Sync 1 DAGs
[2024-02-20T22:37:28.015+0000] {logging_mixin.py:120} INFO - [2024-02-20T22:37:28.015+0000] {dag.py:3340} INFO - Setting next_dagrun for user_processing to 2024-02-19T00:00:00+00:00, run_after=2024-02-20T00:00:00+00:00
[2024-02-20T22:37:28.023+0000] {processor.py:176} INFO - Processing /opt/airflow/dags/user_processing.py took 0.312 seconds
[2024-02-20T22:37:58.158+0000] {processor.py:154} INFO - Started process (PID=715) to work on /opt/airflow/dags/user_processing.py
[2024-02-20T22:37:58.161+0000] {processor.py:756} INFO - Processing file /opt/airflow/dags/user_processing.py for tasks to queue
[2024-02-20T22:37:58.162+0000] {logging_mixin.py:120} INFO - [2024-02-20T22:37:58.162+0000] {dagbag.py:537} INFO - Filling up the DagBag from /opt/airflow/dags/user_processing.py
[2024-02-20T22:37:58.397+0000] {processor.py:766} INFO - DAG(s) dict_keys(['user_processing']) retrieved from /opt/airflow/dags/user_processing.py
[2024-02-20T22:37:58.535+0000] {logging_mixin.py:120} INFO - [2024-02-20T22:37:58.534+0000] {dag.py:2585} INFO - Sync 1 DAGs
[2024-02-20T22:37:58.549+0000] {logging_mixin.py:120} INFO - [2024-02-20T22:37:58.549+0000] {dag.py:3340} INFO - Setting next_dagrun for user_processing to 2024-02-19T00:00:00+00:00, run_after=2024-02-20T00:00:00+00:00
[2024-02-20T22:37:58.743+0000] {processor.py:176} INFO - Processing /opt/airflow/dags/user_processing.py took 0.590 seconds
[2024-02-20T22:38:29.386+0000] {processor.py:154} INFO - Started process (PID=752) to work on /opt/airflow/dags/user_processing.py
[2024-02-20T22:38:29.387+0000] {processor.py:756} INFO - Processing file /opt/airflow/dags/user_processing.py for tasks to queue
[2024-02-20T22:38:29.388+0000] {logging_mixin.py:120} INFO - [2024-02-20T22:38:29.388+0000] {dagbag.py:537} INFO - Filling up the DagBag from /opt/airflow/dags/user_processing.py
[2024-02-20T22:38:29.606+0000] {processor.py:766} INFO - DAG(s) dict_keys(['user_processing']) retrieved from /opt/airflow/dags/user_processing.py
[2024-02-20T22:38:29.745+0000] {logging_mixin.py:120} INFO - [2024-02-20T22:38:29.745+0000] {dag.py:2585} INFO - Sync 1 DAGs
[2024-02-20T22:38:29.760+0000] {logging_mixin.py:120} INFO - [2024-02-20T22:38:29.760+0000] {dag.py:3340} INFO - Setting next_dagrun for user_processing to 2024-02-19T00:00:00+00:00, run_after=2024-02-20T00:00:00+00:00
[2024-02-20T22:38:29.777+0000] {processor.py:176} INFO - Processing /opt/airflow/dags/user_processing.py took 0.398 seconds
[2024-02-20T22:39:00.431+0000] {processor.py:154} INFO - Started process (PID=789) to work on /opt/airflow/dags/user_processing.py
[2024-02-20T22:39:00.433+0000] {processor.py:756} INFO - Processing file /opt/airflow/dags/user_processing.py for tasks to queue
[2024-02-20T22:39:00.434+0000] {logging_mixin.py:120} INFO - [2024-02-20T22:39:00.434+0000] {dagbag.py:537} INFO - Filling up the DagBag from /opt/airflow/dags/user_processing.py
[2024-02-20T22:39:00.664+0000] {processor.py:766} INFO - DAG(s) dict_keys(['user_processing']) retrieved from /opt/airflow/dags/user_processing.py
[2024-02-20T22:39:00.816+0000] {logging_mixin.py:120} INFO - [2024-02-20T22:39:00.816+0000] {dag.py:2585} INFO - Sync 1 DAGs
[2024-02-20T22:39:00.831+0000] {logging_mixin.py:120} INFO - [2024-02-20T22:39:00.831+0000] {dag.py:3340} INFO - Setting next_dagrun for user_processing to 2024-02-19T00:00:00+00:00, run_after=2024-02-20T00:00:00+00:00
[2024-02-20T22:39:00.841+0000] {processor.py:176} INFO - Processing /opt/airflow/dags/user_processing.py took 0.418 seconds
[2024-02-20T22:39:31.459+0000] {processor.py:154} INFO - Started process (PID=826) to work on /opt/airflow/dags/user_processing.py
[2024-02-20T22:39:31.462+0000] {processor.py:756} INFO - Processing file /opt/airflow/dags/user_processing.py for tasks to queue
[2024-02-20T22:39:31.463+0000] {logging_mixin.py:120} INFO - [2024-02-20T22:39:31.463+0000] {dagbag.py:537} INFO - Filling up the DagBag from /opt/airflow/dags/user_processing.py
[2024-02-20T22:39:31.725+0000] {processor.py:766} INFO - DAG(s) dict_keys(['user_processing']) retrieved from /opt/airflow/dags/user_processing.py
[2024-02-20T22:39:31.861+0000] {logging_mixin.py:120} INFO - [2024-02-20T22:39:31.861+0000] {dag.py:2585} INFO - Sync 1 DAGs
[2024-02-20T22:39:31.875+0000] {logging_mixin.py:120} INFO - [2024-02-20T22:39:31.875+0000] {dag.py:3340} INFO - Setting next_dagrun for user_processing to 2024-02-19T00:00:00+00:00, run_after=2024-02-20T00:00:00+00:00
[2024-02-20T22:39:31.885+0000] {processor.py:176} INFO - Processing /opt/airflow/dags/user_processing.py took 0.437 seconds
[2024-02-20T22:40:02.487+0000] {processor.py:154} INFO - Started process (PID=863) to work on /opt/airflow/dags/user_processing.py
[2024-02-20T22:40:02.490+0000] {processor.py:756} INFO - Processing file /opt/airflow/dags/user_processing.py for tasks to queue
[2024-02-20T22:40:02.491+0000] {logging_mixin.py:120} INFO - [2024-02-20T22:40:02.491+0000] {dagbag.py:537} INFO - Filling up the DagBag from /opt/airflow/dags/user_processing.py
[2024-02-20T22:40:02.700+0000] {processor.py:766} INFO - DAG(s) dict_keys(['user_processing']) retrieved from /opt/airflow/dags/user_processing.py
[2024-02-20T22:40:02.823+0000] {logging_mixin.py:120} INFO - [2024-02-20T22:40:02.823+0000] {dag.py:2585} INFO - Sync 1 DAGs
[2024-02-20T22:40:02.837+0000] {logging_mixin.py:120} INFO - [2024-02-20T22:40:02.836+0000] {dag.py:3340} INFO - Setting next_dagrun for user_processing to 2024-02-19T00:00:00+00:00, run_after=2024-02-20T00:00:00+00:00
[2024-02-20T22:40:02.846+0000] {processor.py:176} INFO - Processing /opt/airflow/dags/user_processing.py took 0.367 seconds
[2024-02-20T22:40:33.401+0000] {processor.py:154} INFO - Started process (PID=900) to work on /opt/airflow/dags/user_processing.py
[2024-02-20T22:40:33.403+0000] {processor.py:756} INFO - Processing file /opt/airflow/dags/user_processing.py for tasks to queue
[2024-02-20T22:40:33.404+0000] {logging_mixin.py:120} INFO - [2024-02-20T22:40:33.403+0000] {dagbag.py:537} INFO - Filling up the DagBag from /opt/airflow/dags/user_processing.py
[2024-02-20T22:40:33.626+0000] {processor.py:766} INFO - DAG(s) dict_keys(['user_processing']) retrieved from /opt/airflow/dags/user_processing.py
[2024-02-20T22:40:33.753+0000] {logging_mixin.py:120} INFO - [2024-02-20T22:40:33.753+0000] {dag.py:2585} INFO - Sync 1 DAGs
[2024-02-20T22:40:33.769+0000] {logging_mixin.py:120} INFO - [2024-02-20T22:40:33.769+0000] {dag.py:3340} INFO - Setting next_dagrun for user_processing to 2024-02-19T00:00:00+00:00, run_after=2024-02-20T00:00:00+00:00
[2024-02-20T22:40:33.782+0000] {processor.py:176} INFO - Processing /opt/airflow/dags/user_processing.py took 0.384 seconds
[2024-02-20T22:41:04.320+0000] {processor.py:154} INFO - Started process (PID=928) to work on /opt/airflow/dags/user_processing.py
[2024-02-20T22:41:04.330+0000] {processor.py:756} INFO - Processing file /opt/airflow/dags/user_processing.py for tasks to queue
[2024-02-20T22:41:04.332+0000] {logging_mixin.py:120} INFO - [2024-02-20T22:41:04.332+0000] {dagbag.py:537} INFO - Filling up the DagBag from /opt/airflow/dags/user_processing.py
[2024-02-20T22:41:04.583+0000] {processor.py:766} INFO - DAG(s) dict_keys(['user_processing']) retrieved from /opt/airflow/dags/user_processing.py
[2024-02-20T22:41:04.852+0000] {logging_mixin.py:120} INFO - [2024-02-20T22:41:04.852+0000] {dag.py:2585} INFO - Sync 1 DAGs
[2024-02-20T22:41:04.872+0000] {logging_mixin.py:120} INFO - [2024-02-20T22:41:04.872+0000] {dag.py:3340} INFO - Setting next_dagrun for user_processing to 2024-02-19T00:00:00+00:00, run_after=2024-02-20T00:00:00+00:00
[2024-02-20T22:41:05.139+0000] {processor.py:176} INFO - Processing /opt/airflow/dags/user_processing.py took 0.833 seconds
[2024-02-20T22:41:35.236+0000] {processor.py:154} INFO - Started process (PID=967) to work on /opt/airflow/dags/user_processing.py
[2024-02-20T22:41:35.237+0000] {processor.py:756} INFO - Processing file /opt/airflow/dags/user_processing.py for tasks to queue
[2024-02-20T22:41:35.238+0000] {logging_mixin.py:120} INFO - [2024-02-20T22:41:35.238+0000] {dagbag.py:537} INFO - Filling up the DagBag from /opt/airflow/dags/user_processing.py
[2024-02-20T22:41:35.423+0000] {processor.py:766} INFO - DAG(s) dict_keys(['user_processing']) retrieved from /opt/airflow/dags/user_processing.py
[2024-02-20T22:41:35.544+0000] {logging_mixin.py:120} INFO - [2024-02-20T22:41:35.544+0000] {dag.py:2585} INFO - Sync 1 DAGs
[2024-02-20T22:41:35.562+0000] {logging_mixin.py:120} INFO - [2024-02-20T22:41:35.562+0000] {dag.py:3340} INFO - Setting next_dagrun for user_processing to 2024-02-19T00:00:00+00:00, run_after=2024-02-20T00:00:00+00:00
[2024-02-20T22:41:35.574+0000] {processor.py:176} INFO - Processing /opt/airflow/dags/user_processing.py took 0.342 seconds
[2024-02-20T22:42:06.152+0000] {processor.py:154} INFO - Started process (PID=1001) to work on /opt/airflow/dags/user_processing.py
[2024-02-20T22:42:06.155+0000] {processor.py:756} INFO - Processing file /opt/airflow/dags/user_processing.py for tasks to queue
[2024-02-20T22:42:06.156+0000] {logging_mixin.py:120} INFO - [2024-02-20T22:42:06.156+0000] {dagbag.py:537} INFO - Filling up the DagBag from /opt/airflow/dags/user_processing.py
[2024-02-20T22:42:06.373+0000] {processor.py:766} INFO - DAG(s) dict_keys(['user_processing']) retrieved from /opt/airflow/dags/user_processing.py
[2024-02-20T22:42:06.501+0000] {logging_mixin.py:120} INFO - [2024-02-20T22:42:06.501+0000] {dag.py:2585} INFO - Sync 1 DAGs
[2024-02-20T22:42:06.515+0000] {logging_mixin.py:120} INFO - [2024-02-20T22:42:06.515+0000] {dag.py:3340} INFO - Setting next_dagrun for user_processing to 2024-02-19T00:00:00+00:00, run_after=2024-02-20T00:00:00+00:00
[2024-02-20T22:42:06.525+0000] {processor.py:176} INFO - Processing /opt/airflow/dags/user_processing.py took 0.381 seconds
[2024-02-20T22:42:37.104+0000] {processor.py:154} INFO - Started process (PID=1037) to work on /opt/airflow/dags/user_processing.py
[2024-02-20T22:42:37.107+0000] {processor.py:756} INFO - Processing file /opt/airflow/dags/user_processing.py for tasks to queue
[2024-02-20T22:42:37.108+0000] {logging_mixin.py:120} INFO - [2024-02-20T22:42:37.108+0000] {dagbag.py:537} INFO - Filling up the DagBag from /opt/airflow/dags/user_processing.py
[2024-02-20T22:42:37.311+0000] {processor.py:766} INFO - DAG(s) dict_keys(['user_processing']) retrieved from /opt/airflow/dags/user_processing.py
[2024-02-20T22:42:37.447+0000] {logging_mixin.py:120} INFO - [2024-02-20T22:42:37.447+0000] {dag.py:2585} INFO - Sync 1 DAGs
[2024-02-20T22:42:37.462+0000] {logging_mixin.py:120} INFO - [2024-02-20T22:42:37.462+0000] {dag.py:3340} INFO - Setting next_dagrun for user_processing to 2024-02-19T00:00:00+00:00, run_after=2024-02-20T00:00:00+00:00
[2024-02-20T22:42:37.472+0000] {processor.py:176} INFO - Processing /opt/airflow/dags/user_processing.py took 0.377 seconds
[2024-02-20T22:43:08.067+0000] {processor.py:154} INFO - Started process (PID=1074) to work on /opt/airflow/dags/user_processing.py
[2024-02-20T22:43:08.069+0000] {processor.py:756} INFO - Processing file /opt/airflow/dags/user_processing.py for tasks to queue
[2024-02-20T22:43:08.069+0000] {logging_mixin.py:120} INFO - [2024-02-20T22:43:08.069+0000] {dagbag.py:537} INFO - Filling up the DagBag from /opt/airflow/dags/user_processing.py
[2024-02-20T22:43:08.277+0000] {processor.py:766} INFO - DAG(s) dict_keys(['user_processing']) retrieved from /opt/airflow/dags/user_processing.py
[2024-02-20T22:43:08.463+0000] {logging_mixin.py:120} INFO - [2024-02-20T22:43:08.463+0000] {dag.py:2585} INFO - Sync 1 DAGs
[2024-02-20T22:43:08.478+0000] {logging_mixin.py:120} INFO - [2024-02-20T22:43:08.478+0000] {dag.py:3340} INFO - Setting next_dagrun for user_processing to 2024-02-19T00:00:00+00:00, run_after=2024-02-20T00:00:00+00:00
[2024-02-20T22:43:08.489+0000] {processor.py:176} INFO - Processing /opt/airflow/dags/user_processing.py took 0.426 seconds
[2024-02-20T22:43:39.190+0000] {processor.py:154} INFO - Started process (PID=1111) to work on /opt/airflow/dags/user_processing.py
[2024-02-20T22:43:39.191+0000] {processor.py:756} INFO - Processing file /opt/airflow/dags/user_processing.py for tasks to queue
[2024-02-20T22:43:39.192+0000] {logging_mixin.py:120} INFO - [2024-02-20T22:43:39.192+0000] {dagbag.py:537} INFO - Filling up the DagBag from /opt/airflow/dags/user_processing.py
[2024-02-20T22:43:39.447+0000] {processor.py:766} INFO - DAG(s) dict_keys(['user_processing']) retrieved from /opt/airflow/dags/user_processing.py
[2024-02-20T22:43:39.836+0000] {logging_mixin.py:120} INFO - [2024-02-20T22:43:39.835+0000] {dag.py:2585} INFO - Sync 1 DAGs
[2024-02-20T22:43:39.868+0000] {logging_mixin.py:120} INFO - [2024-02-20T22:43:39.868+0000] {dag.py:3340} INFO - Setting next_dagrun for user_processing to 2024-02-19T00:00:00+00:00, run_after=2024-02-20T00:00:00+00:00
[2024-02-20T22:43:39.882+0000] {processor.py:176} INFO - Processing /opt/airflow/dags/user_processing.py took 0.697 seconds
[2024-02-20T22:44:10.548+0000] {processor.py:154} INFO - Started process (PID=1139) to work on /opt/airflow/dags/user_processing.py
[2024-02-20T22:44:10.551+0000] {processor.py:756} INFO - Processing file /opt/airflow/dags/user_processing.py for tasks to queue
[2024-02-20T22:44:10.552+0000] {logging_mixin.py:120} INFO - [2024-02-20T22:44:10.552+0000] {dagbag.py:537} INFO - Filling up the DagBag from /opt/airflow/dags/user_processing.py
[2024-02-20T22:44:10.816+0000] {processor.py:766} INFO - DAG(s) dict_keys(['user_processing']) retrieved from /opt/airflow/dags/user_processing.py
[2024-02-20T22:44:10.980+0000] {logging_mixin.py:120} INFO - [2024-02-20T22:44:10.979+0000] {dag.py:2585} INFO - Sync 1 DAGs
[2024-02-20T22:44:10.998+0000] {logging_mixin.py:120} INFO - [2024-02-20T22:44:10.998+0000] {dag.py:3340} INFO - Setting next_dagrun for user_processing to 2024-02-19T00:00:00+00:00, run_after=2024-02-20T00:00:00+00:00
[2024-02-20T22:44:11.288+0000] {processor.py:176} INFO - Processing /opt/airflow/dags/user_processing.py took 0.750 seconds
[2024-02-20T22:44:41.794+0000] {processor.py:154} INFO - Started process (PID=1176) to work on /opt/airflow/dags/user_processing.py
[2024-02-20T22:44:41.798+0000] {processor.py:756} INFO - Processing file /opt/airflow/dags/user_processing.py for tasks to queue
[2024-02-20T22:44:41.799+0000] {logging_mixin.py:120} INFO - [2024-02-20T22:44:41.799+0000] {dagbag.py:537} INFO - Filling up the DagBag from /opt/airflow/dags/user_processing.py
[2024-02-20T22:44:42.033+0000] {processor.py:766} INFO - DAG(s) dict_keys(['user_processing']) retrieved from /opt/airflow/dags/user_processing.py
[2024-02-20T22:44:42.164+0000] {logging_mixin.py:120} INFO - [2024-02-20T22:44:42.163+0000] {dag.py:2585} INFO - Sync 1 DAGs
[2024-02-20T22:44:42.177+0000] {logging_mixin.py:120} INFO - [2024-02-20T22:44:42.177+0000] {dag.py:3340} INFO - Setting next_dagrun for user_processing to 2024-02-19T00:00:00+00:00, run_after=2024-02-20T00:00:00+00:00
[2024-02-20T22:44:42.187+0000] {processor.py:176} INFO - Processing /opt/airflow/dags/user_processing.py took 0.404 seconds
[2024-02-20T22:45:12.772+0000] {processor.py:154} INFO - Started process (PID=1213) to work on /opt/airflow/dags/user_processing.py
[2024-02-20T22:45:12.778+0000] {processor.py:756} INFO - Processing file /opt/airflow/dags/user_processing.py for tasks to queue
[2024-02-20T22:45:12.781+0000] {logging_mixin.py:120} INFO - [2024-02-20T22:45:12.780+0000] {dagbag.py:537} INFO - Filling up the DagBag from /opt/airflow/dags/user_processing.py
[2024-02-20T22:45:13.026+0000] {processor.py:766} INFO - DAG(s) dict_keys(['user_processing']) retrieved from /opt/airflow/dags/user_processing.py
[2024-02-20T22:45:13.159+0000] {logging_mixin.py:120} INFO - [2024-02-20T22:45:13.159+0000] {dag.py:2585} INFO - Sync 1 DAGs
[2024-02-20T22:45:13.173+0000] {logging_mixin.py:120} INFO - [2024-02-20T22:45:13.173+0000] {dag.py:3340} INFO - Setting next_dagrun for user_processing to 2024-02-19T00:00:00+00:00, run_after=2024-02-20T00:00:00+00:00
[2024-02-20T22:45:13.182+0000] {processor.py:176} INFO - Processing /opt/airflow/dags/user_processing.py took 0.421 seconds
[2024-02-20T22:45:43.676+0000] {processor.py:154} INFO - Started process (PID=1250) to work on /opt/airflow/dags/user_processing.py
[2024-02-20T22:45:43.678+0000] {processor.py:756} INFO - Processing file /opt/airflow/dags/user_processing.py for tasks to queue
[2024-02-20T22:45:43.679+0000] {logging_mixin.py:120} INFO - [2024-02-20T22:45:43.679+0000] {dagbag.py:537} INFO - Filling up the DagBag from /opt/airflow/dags/user_processing.py
[2024-02-20T22:45:43.899+0000] {processor.py:766} INFO - DAG(s) dict_keys(['user_processing']) retrieved from /opt/airflow/dags/user_processing.py
[2024-02-20T22:45:44.049+0000] {logging_mixin.py:120} INFO - [2024-02-20T22:45:44.049+0000] {dag.py:2585} INFO - Sync 1 DAGs
[2024-02-20T22:45:44.063+0000] {logging_mixin.py:120} INFO - [2024-02-20T22:45:44.063+0000] {dag.py:3340} INFO - Setting next_dagrun for user_processing to 2024-02-19T00:00:00+00:00, run_after=2024-02-20T00:00:00+00:00
[2024-02-20T22:45:44.073+0000] {processor.py:176} INFO - Processing /opt/airflow/dags/user_processing.py took 0.403 seconds
[2024-02-20T22:46:14.731+0000] {processor.py:154} INFO - Started process (PID=1287) to work on /opt/airflow/dags/user_processing.py
[2024-02-20T22:46:14.733+0000] {processor.py:756} INFO - Processing file /opt/airflow/dags/user_processing.py for tasks to queue
[2024-02-20T22:46:14.735+0000] {logging_mixin.py:120} INFO - [2024-02-20T22:46:14.734+0000] {dagbag.py:537} INFO - Filling up the DagBag from /opt/airflow/dags/user_processing.py
[2024-02-20T22:46:14.970+0000] {processor.py:766} INFO - DAG(s) dict_keys(['user_processing']) retrieved from /opt/airflow/dags/user_processing.py
[2024-02-20T22:46:15.094+0000] {logging_mixin.py:120} INFO - [2024-02-20T22:46:15.094+0000] {dag.py:2585} INFO - Sync 1 DAGs
[2024-02-20T22:46:15.112+0000] {logging_mixin.py:120} INFO - [2024-02-20T22:46:15.112+0000] {dag.py:3340} INFO - Setting next_dagrun for user_processing to 2024-02-19T00:00:00+00:00, run_after=2024-02-20T00:00:00+00:00
[2024-02-20T22:46:15.123+0000] {processor.py:176} INFO - Processing /opt/airflow/dags/user_processing.py took 0.401 seconds
[2024-02-20T22:46:45.658+0000] {processor.py:154} INFO - Started process (PID=1323) to work on /opt/airflow/dags/user_processing.py
[2024-02-20T22:46:45.660+0000] {processor.py:756} INFO - Processing file /opt/airflow/dags/user_processing.py for tasks to queue
[2024-02-20T22:46:45.661+0000] {logging_mixin.py:120} INFO - [2024-02-20T22:46:45.661+0000] {dagbag.py:537} INFO - Filling up the DagBag from /opt/airflow/dags/user_processing.py
[2024-02-20T22:46:45.876+0000] {processor.py:766} INFO - DAG(s) dict_keys(['user_processing']) retrieved from /opt/airflow/dags/user_processing.py
[2024-02-20T22:46:45.999+0000] {logging_mixin.py:120} INFO - [2024-02-20T22:46:45.999+0000] {dag.py:2585} INFO - Sync 1 DAGs
[2024-02-20T22:46:46.012+0000] {logging_mixin.py:120} INFO - [2024-02-20T22:46:46.012+0000] {dag.py:3340} INFO - Setting next_dagrun for user_processing to 2024-02-19T00:00:00+00:00, run_after=2024-02-20T00:00:00+00:00
[2024-02-20T22:46:46.023+0000] {processor.py:176} INFO - Processing /opt/airflow/dags/user_processing.py took 0.372 seconds
[2024-02-20T22:47:16.482+0000] {processor.py:154} INFO - Started process (PID=1360) to work on /opt/airflow/dags/user_processing.py
[2024-02-20T22:47:16.484+0000] {processor.py:756} INFO - Processing file /opt/airflow/dags/user_processing.py for tasks to queue
[2024-02-20T22:47:16.485+0000] {logging_mixin.py:120} INFO - [2024-02-20T22:47:16.485+0000] {dagbag.py:537} INFO - Filling up the DagBag from /opt/airflow/dags/user_processing.py
[2024-02-20T22:47:16.758+0000] {processor.py:766} INFO - DAG(s) dict_keys(['user_processing']) retrieved from /opt/airflow/dags/user_processing.py
[2024-02-20T22:47:16.897+0000] {logging_mixin.py:120} INFO - [2024-02-20T22:47:16.896+0000] {dag.py:2585} INFO - Sync 1 DAGs
[2024-02-20T22:47:17.117+0000] {logging_mixin.py:120} INFO - [2024-02-20T22:47:17.117+0000] {dag.py:3340} INFO - Setting next_dagrun for user_processing to 2024-02-19T00:00:00+00:00, run_after=2024-02-20T00:00:00+00:00
[2024-02-20T22:47:17.129+0000] {processor.py:176} INFO - Processing /opt/airflow/dags/user_processing.py took 0.650 seconds
[2024-02-20T22:47:47.578+0000] {processor.py:154} INFO - Started process (PID=1387) to work on /opt/airflow/dags/user_processing.py
[2024-02-20T22:47:47.579+0000] {processor.py:756} INFO - Processing file /opt/airflow/dags/user_processing.py for tasks to queue
[2024-02-20T22:47:47.580+0000] {logging_mixin.py:120} INFO - [2024-02-20T22:47:47.580+0000] {dagbag.py:537} INFO - Filling up the DagBag from /opt/airflow/dags/user_processing.py
[2024-02-20T22:47:47.824+0000] {processor.py:766} INFO - DAG(s) dict_keys(['user_processing']) retrieved from /opt/airflow/dags/user_processing.py
[2024-02-20T22:47:47.950+0000] {logging_mixin.py:120} INFO - [2024-02-20T22:47:47.949+0000] {dag.py:2585} INFO - Sync 1 DAGs
[2024-02-20T22:47:47.964+0000] {logging_mixin.py:120} INFO - [2024-02-20T22:47:47.964+0000] {dag.py:3340} INFO - Setting next_dagrun for user_processing to 2024-02-19T00:00:00+00:00, run_after=2024-02-20T00:00:00+00:00
[2024-02-20T22:47:47.974+0000] {processor.py:176} INFO - Processing /opt/airflow/dags/user_processing.py took 0.401 seconds
[2024-02-20T22:48:18.534+0000] {processor.py:154} INFO - Started process (PID=1424) to work on /opt/airflow/dags/user_processing.py
[2024-02-20T22:48:18.535+0000] {processor.py:756} INFO - Processing file /opt/airflow/dags/user_processing.py for tasks to queue
[2024-02-20T22:48:18.536+0000] {logging_mixin.py:120} INFO - [2024-02-20T22:48:18.536+0000] {dagbag.py:537} INFO - Filling up the DagBag from /opt/airflow/dags/user_processing.py
[2024-02-20T22:48:18.747+0000] {processor.py:766} INFO - DAG(s) dict_keys(['user_processing']) retrieved from /opt/airflow/dags/user_processing.py
[2024-02-20T22:48:18.878+0000] {logging_mixin.py:120} INFO - [2024-02-20T22:48:18.878+0000] {dag.py:2585} INFO - Sync 1 DAGs
[2024-02-20T22:48:18.893+0000] {logging_mixin.py:120} INFO - [2024-02-20T22:48:18.893+0000] {dag.py:3340} INFO - Setting next_dagrun for user_processing to 2024-02-19T00:00:00+00:00, run_after=2024-02-20T00:00:00+00:00
[2024-02-20T22:48:18.903+0000] {processor.py:176} INFO - Processing /opt/airflow/dags/user_processing.py took 0.374 seconds
[2024-02-20T22:48:49.434+0000] {processor.py:154} INFO - Started process (PID=1461) to work on /opt/airflow/dags/user_processing.py
[2024-02-20T22:48:49.437+0000] {processor.py:756} INFO - Processing file /opt/airflow/dags/user_processing.py for tasks to queue
[2024-02-20T22:48:49.438+0000] {logging_mixin.py:120} INFO - [2024-02-20T22:48:49.438+0000] {dagbag.py:537} INFO - Filling up the DagBag from /opt/airflow/dags/user_processing.py
[2024-02-20T22:48:49.672+0000] {processor.py:766} INFO - DAG(s) dict_keys(['user_processing']) retrieved from /opt/airflow/dags/user_processing.py
[2024-02-20T22:48:49.819+0000] {logging_mixin.py:120} INFO - [2024-02-20T22:48:49.818+0000] {dag.py:2585} INFO - Sync 1 DAGs
[2024-02-20T22:48:49.832+0000] {logging_mixin.py:120} INFO - [2024-02-20T22:48:49.832+0000] {dag.py:3340} INFO - Setting next_dagrun for user_processing to 2024-02-19T00:00:00+00:00, run_after=2024-02-20T00:00:00+00:00
[2024-02-20T22:48:49.842+0000] {processor.py:176} INFO - Processing /opt/airflow/dags/user_processing.py took 0.417 seconds
[2024-02-20T22:49:20.430+0000] {processor.py:154} INFO - Started process (PID=1498) to work on /opt/airflow/dags/user_processing.py
[2024-02-20T22:49:20.433+0000] {processor.py:756} INFO - Processing file /opt/airflow/dags/user_processing.py for tasks to queue
[2024-02-20T22:49:20.435+0000] {logging_mixin.py:120} INFO - [2024-02-20T22:49:20.435+0000] {dagbag.py:537} INFO - Filling up the DagBag from /opt/airflow/dags/user_processing.py
[2024-02-20T22:49:20.646+0000] {processor.py:766} INFO - DAG(s) dict_keys(['user_processing']) retrieved from /opt/airflow/dags/user_processing.py
[2024-02-20T22:49:20.776+0000] {logging_mixin.py:120} INFO - [2024-02-20T22:49:20.776+0000] {dag.py:2585} INFO - Sync 1 DAGs
[2024-02-20T22:49:20.791+0000] {logging_mixin.py:120} INFO - [2024-02-20T22:49:20.791+0000] {dag.py:3340} INFO - Setting next_dagrun for user_processing to 2024-02-19T00:00:00+00:00, run_after=2024-02-20T00:00:00+00:00
[2024-02-20T22:49:20.800+0000] {processor.py:176} INFO - Processing /opt/airflow/dags/user_processing.py took 0.380 seconds
[2024-02-20T22:49:51.353+0000] {processor.py:154} INFO - Started process (PID=1535) to work on /opt/airflow/dags/user_processing.py
[2024-02-20T22:49:51.356+0000] {processor.py:756} INFO - Processing file /opt/airflow/dags/user_processing.py for tasks to queue
[2024-02-20T22:49:51.357+0000] {logging_mixin.py:120} INFO - [2024-02-20T22:49:51.357+0000] {dagbag.py:537} INFO - Filling up the DagBag from /opt/airflow/dags/user_processing.py
[2024-02-20T22:49:51.550+0000] {processor.py:766} INFO - DAG(s) dict_keys(['user_processing']) retrieved from /opt/airflow/dags/user_processing.py
[2024-02-20T22:49:51.674+0000] {logging_mixin.py:120} INFO - [2024-02-20T22:49:51.674+0000] {dag.py:2585} INFO - Sync 1 DAGs
[2024-02-20T22:49:51.689+0000] {logging_mixin.py:120} INFO - [2024-02-20T22:49:51.689+0000] {dag.py:3340} INFO - Setting next_dagrun for user_processing to 2024-02-19T00:00:00+00:00, run_after=2024-02-20T00:00:00+00:00
[2024-02-20T22:49:51.866+0000] {processor.py:176} INFO - Processing /opt/airflow/dags/user_processing.py took 0.522 seconds
[2024-02-20T22:50:22.323+0000] {processor.py:154} INFO - Started process (PID=1572) to work on /opt/airflow/dags/user_processing.py
[2024-02-20T22:50:22.325+0000] {processor.py:756} INFO - Processing file /opt/airflow/dags/user_processing.py for tasks to queue
[2024-02-20T22:50:22.325+0000] {logging_mixin.py:120} INFO - [2024-02-20T22:50:22.325+0000] {dagbag.py:537} INFO - Filling up the DagBag from /opt/airflow/dags/user_processing.py
[2024-02-20T22:50:22.519+0000] {processor.py:766} INFO - DAG(s) dict_keys(['user_processing']) retrieved from /opt/airflow/dags/user_processing.py
[2024-02-20T22:50:22.674+0000] {logging_mixin.py:120} INFO - [2024-02-20T22:50:22.672+0000] {dag.py:2585} INFO - Sync 1 DAGs
[2024-02-20T22:50:22.890+0000] {logging_mixin.py:120} INFO - [2024-02-20T22:50:22.890+0000] {dag.py:3340} INFO - Setting next_dagrun for user_processing to 2024-02-19T00:00:00+00:00, run_after=2024-02-20T00:00:00+00:00
[2024-02-20T22:50:22.899+0000] {processor.py:176} INFO - Processing /opt/airflow/dags/user_processing.py took 0.580 seconds
[2024-02-20T22:50:53.400+0000] {processor.py:154} INFO - Started process (PID=1609) to work on /opt/airflow/dags/user_processing.py
[2024-02-20T22:50:53.403+0000] {processor.py:756} INFO - Processing file /opt/airflow/dags/user_processing.py for tasks to queue
[2024-02-20T22:50:53.406+0000] {logging_mixin.py:120} INFO - [2024-02-20T22:50:53.406+0000] {dagbag.py:537} INFO - Filling up the DagBag from /opt/airflow/dags/user_processing.py
[2024-02-20T22:50:53.629+0000] {processor.py:766} INFO - DAG(s) dict_keys(['user_processing']) retrieved from /opt/airflow/dags/user_processing.py
[2024-02-20T22:50:53.760+0000] {logging_mixin.py:120} INFO - [2024-02-20T22:50:53.759+0000] {dag.py:2585} INFO - Sync 1 DAGs
[2024-02-20T22:50:53.775+0000] {logging_mixin.py:120} INFO - [2024-02-20T22:50:53.775+0000] {dag.py:3340} INFO - Setting next_dagrun for user_processing to 2024-02-19T00:00:00+00:00, run_after=2024-02-20T00:00:00+00:00
[2024-02-20T22:50:53.789+0000] {processor.py:176} INFO - Processing /opt/airflow/dags/user_processing.py took 0.400 seconds
[2024-02-20T22:51:24.377+0000] {processor.py:154} INFO - Started process (PID=1636) to work on /opt/airflow/dags/user_processing.py
[2024-02-20T22:51:24.378+0000] {processor.py:756} INFO - Processing file /opt/airflow/dags/user_processing.py for tasks to queue
[2024-02-20T22:51:24.379+0000] {logging_mixin.py:120} INFO - [2024-02-20T22:51:24.379+0000] {dagbag.py:537} INFO - Filling up the DagBag from /opt/airflow/dags/user_processing.py
[2024-02-20T22:51:24.598+0000] {processor.py:766} INFO - DAG(s) dict_keys(['user_processing']) retrieved from /opt/airflow/dags/user_processing.py
[2024-02-20T22:51:24.738+0000] {logging_mixin.py:120} INFO - [2024-02-20T22:51:24.738+0000] {dag.py:2585} INFO - Sync 1 DAGs
[2024-02-20T22:51:24.752+0000] {logging_mixin.py:120} INFO - [2024-02-20T22:51:24.752+0000] {dag.py:3340} INFO - Setting next_dagrun for user_processing to 2024-02-19T00:00:00+00:00, run_after=2024-02-20T00:00:00+00:00
[2024-02-20T22:51:24.761+0000] {processor.py:176} INFO - Processing /opt/airflow/dags/user_processing.py took 0.389 seconds
[2024-02-20T22:51:55.305+0000] {processor.py:154} INFO - Started process (PID=1673) to work on /opt/airflow/dags/user_processing.py
[2024-02-20T22:51:55.308+0000] {processor.py:756} INFO - Processing file /opt/airflow/dags/user_processing.py for tasks to queue
[2024-02-20T22:51:55.309+0000] {logging_mixin.py:120} INFO - [2024-02-20T22:51:55.309+0000] {dagbag.py:537} INFO - Filling up the DagBag from /opt/airflow/dags/user_processing.py
[2024-02-20T22:51:55.499+0000] {processor.py:766} INFO - DAG(s) dict_keys(['user_processing']) retrieved from /opt/airflow/dags/user_processing.py
[2024-02-20T22:51:55.628+0000] {logging_mixin.py:120} INFO - [2024-02-20T22:51:55.628+0000] {dag.py:2585} INFO - Sync 1 DAGs
[2024-02-20T22:51:55.642+0000] {logging_mixin.py:120} INFO - [2024-02-20T22:51:55.642+0000] {dag.py:3340} INFO - Setting next_dagrun for user_processing to 2024-02-19T00:00:00+00:00, run_after=2024-02-20T00:00:00+00:00
[2024-02-20T22:51:55.652+0000] {processor.py:176} INFO - Processing /opt/airflow/dags/user_processing.py took 0.353 seconds
[2024-02-20T22:52:26.176+0000] {processor.py:154} INFO - Started process (PID=1709) to work on /opt/airflow/dags/user_processing.py
[2024-02-20T22:52:26.178+0000] {processor.py:756} INFO - Processing file /opt/airflow/dags/user_processing.py for tasks to queue
[2024-02-20T22:52:26.179+0000] {logging_mixin.py:120} INFO - [2024-02-20T22:52:26.179+0000] {dagbag.py:537} INFO - Filling up the DagBag from /opt/airflow/dags/user_processing.py
[2024-02-20T22:52:26.374+0000] {processor.py:766} INFO - DAG(s) dict_keys(['user_processing']) retrieved from /opt/airflow/dags/user_processing.py
[2024-02-20T22:52:26.497+0000] {logging_mixin.py:120} INFO - [2024-02-20T22:52:26.497+0000] {dag.py:2585} INFO - Sync 1 DAGs
[2024-02-20T22:52:26.510+0000] {logging_mixin.py:120} INFO - [2024-02-20T22:52:26.510+0000] {dag.py:3340} INFO - Setting next_dagrun for user_processing to 2024-02-19T00:00:00+00:00, run_after=2024-02-20T00:00:00+00:00
[2024-02-20T22:52:26.520+0000] {processor.py:176} INFO - Processing /opt/airflow/dags/user_processing.py took 0.350 seconds
[2024-02-20T22:52:57.041+0000] {processor.py:154} INFO - Started process (PID=1747) to work on /opt/airflow/dags/user_processing.py
[2024-02-20T22:52:57.043+0000] {processor.py:756} INFO - Processing file /opt/airflow/dags/user_processing.py for tasks to queue
[2024-02-20T22:52:57.044+0000] {logging_mixin.py:120} INFO - [2024-02-20T22:52:57.044+0000] {dagbag.py:537} INFO - Filling up the DagBag from /opt/airflow/dags/user_processing.py
[2024-02-20T22:52:57.243+0000] {processor.py:766} INFO - DAG(s) dict_keys(['user_processing']) retrieved from /opt/airflow/dags/user_processing.py
[2024-02-20T22:52:57.374+0000] {logging_mixin.py:120} INFO - [2024-02-20T22:52:57.374+0000] {dag.py:2585} INFO - Sync 1 DAGs
[2024-02-20T22:52:57.388+0000] {logging_mixin.py:120} INFO - [2024-02-20T22:52:57.388+0000] {dag.py:3340} INFO - Setting next_dagrun for user_processing to 2024-02-19T00:00:00+00:00, run_after=2024-02-20T00:00:00+00:00
[2024-02-20T22:52:57.622+0000] {processor.py:176} INFO - Processing /opt/airflow/dags/user_processing.py took 0.588 seconds
[2024-02-20T22:53:28.107+0000] {processor.py:154} INFO - Started process (PID=1784) to work on /opt/airflow/dags/user_processing.py
[2024-02-20T22:53:28.109+0000] {processor.py:756} INFO - Processing file /opt/airflow/dags/user_processing.py for tasks to queue
[2024-02-20T22:53:28.110+0000] {logging_mixin.py:120} INFO - [2024-02-20T22:53:28.110+0000] {dagbag.py:537} INFO - Filling up the DagBag from /opt/airflow/dags/user_processing.py
[2024-02-20T22:53:28.296+0000] {processor.py:766} INFO - DAG(s) dict_keys(['user_processing']) retrieved from /opt/airflow/dags/user_processing.py
[2024-02-20T22:53:28.413+0000] {logging_mixin.py:120} INFO - [2024-02-20T22:53:28.413+0000] {dag.py:2585} INFO - Sync 1 DAGs
[2024-02-20T22:53:28.427+0000] {logging_mixin.py:120} INFO - [2024-02-20T22:53:28.427+0000] {dag.py:3340} INFO - Setting next_dagrun for user_processing to 2024-02-19T00:00:00+00:00, run_after=2024-02-20T00:00:00+00:00
[2024-02-20T22:53:28.437+0000] {processor.py:176} INFO - Processing /opt/airflow/dags/user_processing.py took 0.338 seconds
[2024-02-20T22:53:59.056+0000] {processor.py:154} INFO - Started process (PID=1821) to work on /opt/airflow/dags/user_processing.py
[2024-02-20T22:53:59.059+0000] {processor.py:756} INFO - Processing file /opt/airflow/dags/user_processing.py for tasks to queue
[2024-02-20T22:53:59.060+0000] {logging_mixin.py:120} INFO - [2024-02-20T22:53:59.060+0000] {dagbag.py:537} INFO - Filling up the DagBag from /opt/airflow/dags/user_processing.py
[2024-02-20T22:53:59.248+0000] {processor.py:766} INFO - DAG(s) dict_keys(['user_processing']) retrieved from /opt/airflow/dags/user_processing.py
[2024-02-20T22:53:59.374+0000] {logging_mixin.py:120} INFO - [2024-02-20T22:53:59.374+0000] {dag.py:2585} INFO - Sync 1 DAGs
[2024-02-20T22:53:59.387+0000] {logging_mixin.py:120} INFO - [2024-02-20T22:53:59.387+0000] {dag.py:3340} INFO - Setting next_dagrun for user_processing to 2024-02-19T00:00:00+00:00, run_after=2024-02-20T00:00:00+00:00
[2024-02-20T22:53:59.397+0000] {processor.py:176} INFO - Processing /opt/airflow/dags/user_processing.py took 0.353 seconds
[2024-02-20T22:54:30.062+0000] {processor.py:154} INFO - Started process (PID=1858) to work on /opt/airflow/dags/user_processing.py
[2024-02-20T22:54:30.067+0000] {processor.py:756} INFO - Processing file /opt/airflow/dags/user_processing.py for tasks to queue
[2024-02-20T22:54:30.069+0000] {logging_mixin.py:120} INFO - [2024-02-20T22:54:30.068+0000] {dagbag.py:537} INFO - Filling up the DagBag from /opt/airflow/dags/user_processing.py
[2024-02-20T22:54:31.096+0000] {processor.py:766} INFO - DAG(s) dict_keys(['user_processing']) retrieved from /opt/airflow/dags/user_processing.py
[2024-02-20T22:54:31.289+0000] {logging_mixin.py:120} INFO - [2024-02-20T22:54:31.288+0000] {dag.py:2585} INFO - Sync 1 DAGs
[2024-02-20T22:54:31.307+0000] {logging_mixin.py:120} INFO - [2024-02-20T22:54:31.306+0000] {dag.py:3340} INFO - Setting next_dagrun for user_processing to 2024-02-19T00:00:00+00:00, run_after=2024-02-20T00:00:00+00:00
[2024-02-20T22:54:31.319+0000] {processor.py:176} INFO - Processing /opt/airflow/dags/user_processing.py took 1.261 seconds
[2024-02-20T23:24:16.141+0000] {processor.py:154} INFO - Started process (PID=51) to work on /opt/airflow/dags/user_processing.py
[2024-02-20T23:24:16.145+0000] {processor.py:756} INFO - Processing file /opt/airflow/dags/user_processing.py for tasks to queue
[2024-02-20T23:24:16.146+0000] {logging_mixin.py:120} INFO - [2024-02-20T23:24:16.146+0000] {dagbag.py:537} INFO - Filling up the DagBag from /opt/airflow/dags/user_processing.py
[2024-02-20T23:24:16.892+0000] {processor.py:766} INFO - DAG(s) dict_keys(['user_processing']) retrieved from /opt/airflow/dags/user_processing.py
[2024-02-20T23:24:17.311+0000] {logging_mixin.py:120} INFO - [2024-02-20T23:24:17.308+0000] {dag.py:2585} INFO - Sync 1 DAGs
[2024-02-20T23:24:17.502+0000] {logging_mixin.py:120} INFO - [2024-02-20T23:24:17.501+0000] {dag.py:3340} INFO - Setting next_dagrun for user_processing to 2024-02-19T00:00:00+00:00, run_after=2024-02-20T00:00:00+00:00
[2024-02-20T23:24:17.563+0000] {processor.py:176} INFO - Processing /opt/airflow/dags/user_processing.py took 1.426 seconds
[2024-02-20T23:24:47.850+0000] {processor.py:154} INFO - Started process (PID=79) to work on /opt/airflow/dags/user_processing.py
[2024-02-20T23:24:47.853+0000] {processor.py:756} INFO - Processing file /opt/airflow/dags/user_processing.py for tasks to queue
[2024-02-20T23:24:47.857+0000] {logging_mixin.py:120} INFO - [2024-02-20T23:24:47.856+0000] {dagbag.py:537} INFO - Filling up the DagBag from /opt/airflow/dags/user_processing.py
[2024-02-20T23:24:48.981+0000] {processor.py:766} INFO - DAG(s) dict_keys(['user_processing']) retrieved from /opt/airflow/dags/user_processing.py
[2024-02-20T23:24:49.381+0000] {logging_mixin.py:120} INFO - [2024-02-20T23:24:49.380+0000] {dag.py:2585} INFO - Sync 1 DAGs
[2024-02-20T23:24:49.414+0000] {logging_mixin.py:120} INFO - [2024-02-20T23:24:49.414+0000] {dag.py:3340} INFO - Setting next_dagrun for user_processing to 2024-02-19T00:00:00+00:00, run_after=2024-02-20T00:00:00+00:00
[2024-02-20T23:24:49.446+0000] {processor.py:176} INFO - Processing /opt/airflow/dags/user_processing.py took 1.608 seconds
[2024-02-20T23:25:19.867+0000] {processor.py:154} INFO - Started process (PID=117) to work on /opt/airflow/dags/user_processing.py
[2024-02-20T23:25:19.872+0000] {processor.py:756} INFO - Processing file /opt/airflow/dags/user_processing.py for tasks to queue
[2024-02-20T23:25:19.873+0000] {logging_mixin.py:120} INFO - [2024-02-20T23:25:19.873+0000] {dagbag.py:537} INFO - Filling up the DagBag from /opt/airflow/dags/user_processing.py
[2024-02-20T23:25:20.110+0000] {processor.py:766} INFO - DAG(s) dict_keys(['user_processing']) retrieved from /opt/airflow/dags/user_processing.py
[2024-02-20T23:25:20.285+0000] {logging_mixin.py:120} INFO - [2024-02-20T23:25:20.285+0000] {dag.py:2585} INFO - Sync 1 DAGs
[2024-02-20T23:25:20.310+0000] {logging_mixin.py:120} INFO - [2024-02-20T23:25:20.310+0000] {dag.py:3340} INFO - Setting next_dagrun for user_processing to 2024-02-19T00:00:00+00:00, run_after=2024-02-20T00:00:00+00:00
[2024-02-20T23:25:20.320+0000] {processor.py:176} INFO - Processing /opt/airflow/dags/user_processing.py took 0.464 seconds
[2024-02-20T23:25:50.963+0000] {processor.py:154} INFO - Started process (PID=153) to work on /opt/airflow/dags/user_processing.py
[2024-02-20T23:25:50.965+0000] {processor.py:756} INFO - Processing file /opt/airflow/dags/user_processing.py for tasks to queue
[2024-02-20T23:25:50.968+0000] {logging_mixin.py:120} INFO - [2024-02-20T23:25:50.968+0000] {dagbag.py:537} INFO - Filling up the DagBag from /opt/airflow/dags/user_processing.py
[2024-02-20T23:25:51.177+0000] {processor.py:766} INFO - DAG(s) dict_keys(['user_processing']) retrieved from /opt/airflow/dags/user_processing.py
[2024-02-20T23:25:51.355+0000] {logging_mixin.py:120} INFO - [2024-02-20T23:25:51.354+0000] {dag.py:2585} INFO - Sync 1 DAGs
[2024-02-20T23:25:51.368+0000] {logging_mixin.py:120} INFO - [2024-02-20T23:25:51.368+0000] {dag.py:3340} INFO - Setting next_dagrun for user_processing to 2024-02-19T00:00:00+00:00, run_after=2024-02-20T00:00:00+00:00
[2024-02-20T23:25:51.384+0000] {processor.py:176} INFO - Processing /opt/airflow/dags/user_processing.py took 0.429 seconds
[2024-02-20T23:26:21.940+0000] {processor.py:154} INFO - Started process (PID=189) to work on /opt/airflow/dags/user_processing.py
[2024-02-20T23:26:21.942+0000] {processor.py:756} INFO - Processing file /opt/airflow/dags/user_processing.py for tasks to queue
[2024-02-20T23:26:21.944+0000] {logging_mixin.py:120} INFO - [2024-02-20T23:26:21.944+0000] {dagbag.py:537} INFO - Filling up the DagBag from /opt/airflow/dags/user_processing.py
[2024-02-20T23:26:22.177+0000] {processor.py:766} INFO - DAG(s) dict_keys(['user_processing']) retrieved from /opt/airflow/dags/user_processing.py
[2024-02-20T23:26:22.346+0000] {logging_mixin.py:120} INFO - [2024-02-20T23:26:22.346+0000] {dag.py:2585} INFO - Sync 1 DAGs
[2024-02-20T23:26:22.366+0000] {logging_mixin.py:120} INFO - [2024-02-20T23:26:22.366+0000] {dag.py:3340} INFO - Setting next_dagrun for user_processing to 2024-02-19T00:00:00+00:00, run_after=2024-02-20T00:00:00+00:00
[2024-02-20T23:26:22.382+0000] {processor.py:176} INFO - Processing /opt/airflow/dags/user_processing.py took 0.445 seconds
[2024-02-20T23:26:52.816+0000] {processor.py:154} INFO - Started process (PID=225) to work on /opt/airflow/dags/user_processing.py
[2024-02-20T23:26:52.818+0000] {processor.py:756} INFO - Processing file /opt/airflow/dags/user_processing.py for tasks to queue
[2024-02-20T23:26:52.819+0000] {logging_mixin.py:120} INFO - [2024-02-20T23:26:52.819+0000] {dagbag.py:537} INFO - Filling up the DagBag from /opt/airflow/dags/user_processing.py
[2024-02-20T23:26:53.005+0000] {processor.py:766} INFO - DAG(s) dict_keys(['user_processing']) retrieved from /opt/airflow/dags/user_processing.py
[2024-02-20T23:26:53.208+0000] {logging_mixin.py:120} INFO - [2024-02-20T23:26:53.207+0000] {dag.py:2585} INFO - Sync 1 DAGs
[2024-02-20T23:26:53.243+0000] {logging_mixin.py:120} INFO - [2024-02-20T23:26:53.243+0000] {dag.py:3340} INFO - Setting next_dagrun for user_processing to 2024-02-19T00:00:00+00:00, run_after=2024-02-20T00:00:00+00:00
[2024-02-20T23:26:53.258+0000] {processor.py:176} INFO - Processing /opt/airflow/dags/user_processing.py took 0.445 seconds
[2024-02-20T23:27:23.739+0000] {processor.py:154} INFO - Started process (PID=261) to work on /opt/airflow/dags/user_processing.py
[2024-02-20T23:27:23.741+0000] {processor.py:756} INFO - Processing file /opt/airflow/dags/user_processing.py for tasks to queue
[2024-02-20T23:27:23.742+0000] {logging_mixin.py:120} INFO - [2024-02-20T23:27:23.742+0000] {dagbag.py:537} INFO - Filling up the DagBag from /opt/airflow/dags/user_processing.py
[2024-02-20T23:27:23.978+0000] {processor.py:766} INFO - DAG(s) dict_keys(['user_processing']) retrieved from /opt/airflow/dags/user_processing.py
[2024-02-20T23:27:24.174+0000] {logging_mixin.py:120} INFO - [2024-02-20T23:27:24.174+0000] {dag.py:2585} INFO - Sync 1 DAGs
[2024-02-20T23:27:24.189+0000] {logging_mixin.py:120} INFO - [2024-02-20T23:27:24.189+0000] {dag.py:3340} INFO - Setting next_dagrun for user_processing to 2024-02-19T00:00:00+00:00, run_after=2024-02-20T00:00:00+00:00
[2024-02-20T23:27:24.200+0000] {processor.py:176} INFO - Processing /opt/airflow/dags/user_processing.py took 0.464 seconds
