[2024-02-20T22:28:07.224+0000] {processor.py:154} INFO - Started process (PID=53) to work on /opt/airflow/dags/xcom_dag.py
[2024-02-20T22:28:07.227+0000] {processor.py:756} INFO - Processing file /opt/airflow/dags/xcom_dag.py for tasks to queue
[2024-02-20T22:28:07.229+0000] {logging_mixin.py:120} INFO - [2024-02-20T22:28:07.229+0000] {dagbag.py:537} INFO - Filling up the DagBag from /opt/airflow/dags/xcom_dag.py
[2024-02-20T22:28:07.323+0000] {processor.py:766} INFO - DAG(s) dict_keys(['xcom_dag']) retrieved from /opt/airflow/dags/xcom_dag.py
[2024-02-20T22:28:07.471+0000] {logging_mixin.py:120} INFO - [2024-02-20T22:28:07.471+0000] {dag.py:2585} INFO - Sync 1 DAGs
[2024-02-20T22:28:07.526+0000] {logging_mixin.py:120} INFO - [2024-02-20T22:28:07.526+0000] {dag.py:3340} INFO - Setting next_dagrun for xcom_dag to 2024-02-19T00:00:00+00:00, run_after=2024-02-20T00:00:00+00:00
[2024-02-20T22:28:07.571+0000] {processor.py:176} INFO - Processing /opt/airflow/dags/xcom_dag.py took 0.357 seconds
[2024-02-20T22:28:38.564+0000] {processor.py:154} INFO - Started process (PID=90) to work on /opt/airflow/dags/xcom_dag.py
[2024-02-20T22:28:38.565+0000] {processor.py:756} INFO - Processing file /opt/airflow/dags/xcom_dag.py for tasks to queue
[2024-02-20T22:28:38.566+0000] {logging_mixin.py:120} INFO - [2024-02-20T22:28:38.566+0000] {dagbag.py:537} INFO - Filling up the DagBag from /opt/airflow/dags/xcom_dag.py
[2024-02-20T22:28:38.586+0000] {processor.py:766} INFO - DAG(s) dict_keys(['xcom_dag']) retrieved from /opt/airflow/dags/xcom_dag.py
[2024-02-20T22:28:38.613+0000] {logging_mixin.py:120} INFO - [2024-02-20T22:28:38.612+0000] {dag.py:2585} INFO - Sync 1 DAGs
[2024-02-20T22:28:38.627+0000] {logging_mixin.py:120} INFO - [2024-02-20T22:28:38.627+0000] {dag.py:3340} INFO - Setting next_dagrun for xcom_dag to 2024-02-19T00:00:00+00:00, run_after=2024-02-20T00:00:00+00:00
[2024-02-20T22:28:38.637+0000] {processor.py:176} INFO - Processing /opt/airflow/dags/xcom_dag.py took 0.075 seconds
[2024-02-20T22:29:09.672+0000] {processor.py:154} INFO - Started process (PID=125) to work on /opt/airflow/dags/xcom_dag.py
[2024-02-20T22:29:09.674+0000] {processor.py:756} INFO - Processing file /opt/airflow/dags/xcom_dag.py for tasks to queue
[2024-02-20T22:29:09.675+0000] {logging_mixin.py:120} INFO - [2024-02-20T22:29:09.675+0000] {dagbag.py:537} INFO - Filling up the DagBag from /opt/airflow/dags/xcom_dag.py
[2024-02-20T22:29:09.699+0000] {processor.py:766} INFO - DAG(s) dict_keys(['xcom_dag']) retrieved from /opt/airflow/dags/xcom_dag.py
[2024-02-20T22:29:09.763+0000] {logging_mixin.py:120} INFO - [2024-02-20T22:29:09.763+0000] {dag.py:2585} INFO - Sync 1 DAGs
[2024-02-20T22:29:09.781+0000] {logging_mixin.py:120} INFO - [2024-02-20T22:29:09.781+0000] {dag.py:3340} INFO - Setting next_dagrun for xcom_dag to 2024-02-19T00:00:00+00:00, run_after=2024-02-20T00:00:00+00:00
[2024-02-20T22:29:09.793+0000] {processor.py:176} INFO - Processing /opt/airflow/dags/xcom_dag.py took 0.124 seconds
[2024-02-20T22:29:40.756+0000] {processor.py:154} INFO - Started process (PID=155) to work on /opt/airflow/dags/xcom_dag.py
[2024-02-20T22:29:40.757+0000] {processor.py:756} INFO - Processing file /opt/airflow/dags/xcom_dag.py for tasks to queue
[2024-02-20T22:29:40.757+0000] {logging_mixin.py:120} INFO - [2024-02-20T22:29:40.757+0000] {dagbag.py:537} INFO - Filling up the DagBag from /opt/airflow/dags/xcom_dag.py
[2024-02-20T22:29:40.769+0000] {processor.py:766} INFO - DAG(s) dict_keys(['xcom_dag']) retrieved from /opt/airflow/dags/xcom_dag.py
[2024-02-20T22:29:40.795+0000] {logging_mixin.py:120} INFO - [2024-02-20T22:29:40.794+0000] {dag.py:2585} INFO - Sync 1 DAGs
[2024-02-20T22:29:40.808+0000] {logging_mixin.py:120} INFO - [2024-02-20T22:29:40.808+0000] {dag.py:3340} INFO - Setting next_dagrun for xcom_dag to 2024-02-19T00:00:00+00:00, run_after=2024-02-20T00:00:00+00:00
[2024-02-20T22:29:40.818+0000] {processor.py:176} INFO - Processing /opt/airflow/dags/xcom_dag.py took 0.064 seconds
[2024-02-20T22:30:11.776+0000] {processor.py:154} INFO - Started process (PID=192) to work on /opt/airflow/dags/xcom_dag.py
[2024-02-20T22:30:11.777+0000] {processor.py:756} INFO - Processing file /opt/airflow/dags/xcom_dag.py for tasks to queue
[2024-02-20T22:30:11.778+0000] {logging_mixin.py:120} INFO - [2024-02-20T22:30:11.777+0000] {dagbag.py:537} INFO - Filling up the DagBag from /opt/airflow/dags/xcom_dag.py
[2024-02-20T22:30:11.792+0000] {processor.py:766} INFO - DAG(s) dict_keys(['xcom_dag']) retrieved from /opt/airflow/dags/xcom_dag.py
[2024-02-20T22:30:11.825+0000] {logging_mixin.py:120} INFO - [2024-02-20T22:30:11.825+0000] {dag.py:2585} INFO - Sync 1 DAGs
[2024-02-20T22:30:11.839+0000] {logging_mixin.py:120} INFO - [2024-02-20T22:30:11.839+0000] {dag.py:3340} INFO - Setting next_dagrun for xcom_dag to 2024-02-19T00:00:00+00:00, run_after=2024-02-20T00:00:00+00:00
[2024-02-20T22:30:11.849+0000] {processor.py:176} INFO - Processing /opt/airflow/dags/xcom_dag.py took 0.076 seconds
[2024-02-20T22:30:42.663+0000] {processor.py:154} INFO - Started process (PID=228) to work on /opt/airflow/dags/xcom_dag.py
[2024-02-20T22:30:42.665+0000] {processor.py:756} INFO - Processing file /opt/airflow/dags/xcom_dag.py for tasks to queue
[2024-02-20T22:30:42.665+0000] {logging_mixin.py:120} INFO - [2024-02-20T22:30:42.665+0000] {dagbag.py:537} INFO - Filling up the DagBag from /opt/airflow/dags/xcom_dag.py
[2024-02-20T22:30:42.680+0000] {processor.py:766} INFO - DAG(s) dict_keys(['xcom_dag']) retrieved from /opt/airflow/dags/xcom_dag.py
[2024-02-20T22:30:42.704+0000] {logging_mixin.py:120} INFO - [2024-02-20T22:30:42.704+0000] {dag.py:2585} INFO - Sync 1 DAGs
[2024-02-20T22:30:42.719+0000] {logging_mixin.py:120} INFO - [2024-02-20T22:30:42.719+0000] {dag.py:3340} INFO - Setting next_dagrun for xcom_dag to 2024-02-19T00:00:00+00:00, run_after=2024-02-20T00:00:00+00:00
[2024-02-20T22:30:42.728+0000] {processor.py:176} INFO - Processing /opt/airflow/dags/xcom_dag.py took 0.068 seconds
[2024-02-20T22:31:13.660+0000] {processor.py:154} INFO - Started process (PID=265) to work on /opt/airflow/dags/xcom_dag.py
[2024-02-20T22:31:13.661+0000] {processor.py:756} INFO - Processing file /opt/airflow/dags/xcom_dag.py for tasks to queue
[2024-02-20T22:31:13.662+0000] {logging_mixin.py:120} INFO - [2024-02-20T22:31:13.662+0000] {dagbag.py:537} INFO - Filling up the DagBag from /opt/airflow/dags/xcom_dag.py
[2024-02-20T22:31:13.689+0000] {processor.py:766} INFO - DAG(s) dict_keys(['xcom_dag']) retrieved from /opt/airflow/dags/xcom_dag.py
[2024-02-20T22:31:13.716+0000] {logging_mixin.py:120} INFO - [2024-02-20T22:31:13.716+0000] {dag.py:2585} INFO - Sync 1 DAGs
[2024-02-20T22:31:13.730+0000] {logging_mixin.py:120} INFO - [2024-02-20T22:31:13.730+0000] {dag.py:3340} INFO - Setting next_dagrun for xcom_dag to 2024-02-19T00:00:00+00:00, run_after=2024-02-20T00:00:00+00:00
[2024-02-20T22:31:13.740+0000] {processor.py:176} INFO - Processing /opt/airflow/dags/xcom_dag.py took 0.085 seconds
[2024-02-20T22:31:46.559+0000] {processor.py:154} INFO - Started process (PID=302) to work on /opt/airflow/dags/xcom_dag.py
[2024-02-20T22:31:46.561+0000] {processor.py:756} INFO - Processing file /opt/airflow/dags/xcom_dag.py for tasks to queue
[2024-02-20T22:31:46.562+0000] {logging_mixin.py:120} INFO - [2024-02-20T22:31:46.562+0000] {dagbag.py:537} INFO - Filling up the DagBag from /opt/airflow/dags/xcom_dag.py
[2024-02-20T22:31:46.611+0000] {processor.py:766} INFO - DAG(s) dict_keys(['xcom_dag']) retrieved from /opt/airflow/dags/xcom_dag.py
[2024-02-20T22:31:46.653+0000] {logging_mixin.py:120} INFO - [2024-02-20T22:31:46.653+0000] {dag.py:2585} INFO - Sync 1 DAGs
[2024-02-20T22:31:46.671+0000] {logging_mixin.py:120} INFO - [2024-02-20T22:31:46.671+0000] {dag.py:3340} INFO - Setting next_dagrun for xcom_dag to 2024-02-19T00:00:00+00:00, run_after=2024-02-20T00:00:00+00:00
[2024-02-20T22:31:46.683+0000] {processor.py:176} INFO - Processing /opt/airflow/dags/xcom_dag.py took 0.133 seconds
[2024-02-20T22:32:16.741+0000] {processor.py:154} INFO - Started process (PID=330) to work on /opt/airflow/dags/xcom_dag.py
[2024-02-20T22:32:16.742+0000] {processor.py:756} INFO - Processing file /opt/airflow/dags/xcom_dag.py for tasks to queue
[2024-02-20T22:32:16.743+0000] {logging_mixin.py:120} INFO - [2024-02-20T22:32:16.743+0000] {dagbag.py:537} INFO - Filling up the DagBag from /opt/airflow/dags/xcom_dag.py
[2024-02-20T22:32:16.755+0000] {processor.py:766} INFO - DAG(s) dict_keys(['xcom_dag']) retrieved from /opt/airflow/dags/xcom_dag.py
[2024-02-20T22:32:16.778+0000] {logging_mixin.py:120} INFO - [2024-02-20T22:32:16.778+0000] {dag.py:2585} INFO - Sync 1 DAGs
[2024-02-20T22:32:16.791+0000] {logging_mixin.py:120} INFO - [2024-02-20T22:32:16.791+0000] {dag.py:3340} INFO - Setting next_dagrun for xcom_dag to 2024-02-19T00:00:00+00:00, run_after=2024-02-20T00:00:00+00:00
[2024-02-20T22:32:16.801+0000] {processor.py:176} INFO - Processing /opt/airflow/dags/xcom_dag.py took 0.062 seconds
[2024-02-20T22:32:47.812+0000] {processor.py:154} INFO - Started process (PID=367) to work on /opt/airflow/dags/xcom_dag.py
[2024-02-20T22:32:47.813+0000] {processor.py:756} INFO - Processing file /opt/airflow/dags/xcom_dag.py for tasks to queue
[2024-02-20T22:32:47.814+0000] {logging_mixin.py:120} INFO - [2024-02-20T22:32:47.814+0000] {dagbag.py:537} INFO - Filling up the DagBag from /opt/airflow/dags/xcom_dag.py
[2024-02-20T22:32:47.828+0000] {processor.py:766} INFO - DAG(s) dict_keys(['xcom_dag']) retrieved from /opt/airflow/dags/xcom_dag.py
[2024-02-20T22:32:47.851+0000] {logging_mixin.py:120} INFO - [2024-02-20T22:32:47.851+0000] {dag.py:2585} INFO - Sync 1 DAGs
[2024-02-20T22:32:47.865+0000] {logging_mixin.py:120} INFO - [2024-02-20T22:32:47.865+0000] {dag.py:3340} INFO - Setting next_dagrun for xcom_dag to 2024-02-19T00:00:00+00:00, run_after=2024-02-20T00:00:00+00:00
[2024-02-20T22:32:47.874+0000] {processor.py:176} INFO - Processing /opt/airflow/dags/xcom_dag.py took 0.064 seconds
[2024-02-20T22:33:18.856+0000] {processor.py:154} INFO - Started process (PID=404) to work on /opt/airflow/dags/xcom_dag.py
[2024-02-20T22:33:18.857+0000] {processor.py:756} INFO - Processing file /opt/airflow/dags/xcom_dag.py for tasks to queue
[2024-02-20T22:33:18.857+0000] {logging_mixin.py:120} INFO - [2024-02-20T22:33:18.857+0000] {dagbag.py:537} INFO - Filling up the DagBag from /opt/airflow/dags/xcom_dag.py
[2024-02-20T22:33:18.873+0000] {processor.py:766} INFO - DAG(s) dict_keys(['xcom_dag']) retrieved from /opt/airflow/dags/xcom_dag.py
[2024-02-20T22:33:18.897+0000] {logging_mixin.py:120} INFO - [2024-02-20T22:33:18.897+0000] {dag.py:2585} INFO - Sync 1 DAGs
[2024-02-20T22:33:18.911+0000] {logging_mixin.py:120} INFO - [2024-02-20T22:33:18.911+0000] {dag.py:3340} INFO - Setting next_dagrun for xcom_dag to 2024-02-19T00:00:00+00:00, run_after=2024-02-20T00:00:00+00:00
[2024-02-20T22:33:18.921+0000] {processor.py:176} INFO - Processing /opt/airflow/dags/xcom_dag.py took 0.068 seconds
[2024-02-20T22:33:50.534+0000] {processor.py:154} INFO - Started process (PID=441) to work on /opt/airflow/dags/xcom_dag.py
[2024-02-20T22:33:50.536+0000] {processor.py:756} INFO - Processing file /opt/airflow/dags/xcom_dag.py for tasks to queue
[2024-02-20T22:33:50.536+0000] {logging_mixin.py:120} INFO - [2024-02-20T22:33:50.536+0000] {dagbag.py:537} INFO - Filling up the DagBag from /opt/airflow/dags/xcom_dag.py
[2024-02-20T22:33:50.555+0000] {processor.py:766} INFO - DAG(s) dict_keys(['xcom_dag']) retrieved from /opt/airflow/dags/xcom_dag.py
[2024-02-20T22:33:50.588+0000] {logging_mixin.py:120} INFO - [2024-02-20T22:33:50.588+0000] {dag.py:2585} INFO - Sync 1 DAGs
[2024-02-20T22:33:50.604+0000] {logging_mixin.py:120} INFO - [2024-02-20T22:33:50.604+0000] {dag.py:3340} INFO - Setting next_dagrun for xcom_dag to 2024-02-19T00:00:00+00:00, run_after=2024-02-20T00:00:00+00:00
[2024-02-20T22:33:50.622+0000] {processor.py:176} INFO - Processing /opt/airflow/dags/xcom_dag.py took 0.091 seconds
[2024-02-20T22:34:21.554+0000] {processor.py:154} INFO - Started process (PID=478) to work on /opt/airflow/dags/xcom_dag.py
[2024-02-20T22:34:21.555+0000] {processor.py:756} INFO - Processing file /opt/airflow/dags/xcom_dag.py for tasks to queue
[2024-02-20T22:34:21.555+0000] {logging_mixin.py:120} INFO - [2024-02-20T22:34:21.555+0000] {dagbag.py:537} INFO - Filling up the DagBag from /opt/airflow/dags/xcom_dag.py
[2024-02-20T22:34:21.567+0000] {processor.py:766} INFO - DAG(s) dict_keys(['xcom_dag']) retrieved from /opt/airflow/dags/xcom_dag.py
[2024-02-20T22:34:21.589+0000] {logging_mixin.py:120} INFO - [2024-02-20T22:34:21.589+0000] {dag.py:2585} INFO - Sync 1 DAGs
[2024-02-20T22:34:21.603+0000] {logging_mixin.py:120} INFO - [2024-02-20T22:34:21.603+0000] {dag.py:3340} INFO - Setting next_dagrun for xcom_dag to 2024-02-19T00:00:00+00:00, run_after=2024-02-20T00:00:00+00:00
[2024-02-20T22:34:21.613+0000] {processor.py:176} INFO - Processing /opt/airflow/dags/xcom_dag.py took 0.061 seconds
[2024-02-20T22:34:52.840+0000] {processor.py:154} INFO - Started process (PID=515) to work on /opt/airflow/dags/xcom_dag.py
[2024-02-20T22:34:52.844+0000] {processor.py:756} INFO - Processing file /opt/airflow/dags/xcom_dag.py for tasks to queue
[2024-02-20T22:34:52.847+0000] {logging_mixin.py:120} INFO - [2024-02-20T22:34:52.847+0000] {dagbag.py:537} INFO - Filling up the DagBag from /opt/airflow/dags/xcom_dag.py
[2024-02-20T22:34:52.871+0000] {processor.py:766} INFO - DAG(s) dict_keys(['xcom_dag']) retrieved from /opt/airflow/dags/xcom_dag.py
[2024-02-20T22:34:52.920+0000] {logging_mixin.py:120} INFO - [2024-02-20T22:34:52.920+0000] {dag.py:2585} INFO - Sync 1 DAGs
[2024-02-20T22:34:52.967+0000] {logging_mixin.py:120} INFO - [2024-02-20T22:34:52.967+0000] {dag.py:3340} INFO - Setting next_dagrun for xcom_dag to 2024-02-19T00:00:00+00:00, run_after=2024-02-20T00:00:00+00:00
[2024-02-20T22:34:52.983+0000] {processor.py:176} INFO - Processing /opt/airflow/dags/xcom_dag.py took 0.149 seconds
[2024-02-20T22:35:23.132+0000] {processor.py:154} INFO - Started process (PID=540) to work on /opt/airflow/dags/xcom_dag.py
[2024-02-20T22:35:23.134+0000] {processor.py:756} INFO - Processing file /opt/airflow/dags/xcom_dag.py for tasks to queue
[2024-02-20T22:35:23.135+0000] {logging_mixin.py:120} INFO - [2024-02-20T22:35:23.135+0000] {dagbag.py:537} INFO - Filling up the DagBag from /opt/airflow/dags/xcom_dag.py
[2024-02-20T22:35:23.164+0000] {processor.py:766} INFO - DAG(s) dict_keys(['xcom_dag']) retrieved from /opt/airflow/dags/xcom_dag.py
[2024-02-20T22:35:23.208+0000] {logging_mixin.py:120} INFO - [2024-02-20T22:35:23.208+0000] {dag.py:2585} INFO - Sync 1 DAGs
[2024-02-20T22:35:23.239+0000] {logging_mixin.py:120} INFO - [2024-02-20T22:35:23.238+0000] {dag.py:3340} INFO - Setting next_dagrun for xcom_dag to 2024-02-19T00:00:00+00:00, run_after=2024-02-20T00:00:00+00:00
[2024-02-20T22:35:23.254+0000] {processor.py:176} INFO - Processing /opt/airflow/dags/xcom_dag.py took 0.126 seconds
[2024-02-20T22:35:54.052+0000] {processor.py:154} INFO - Started process (PID=577) to work on /opt/airflow/dags/xcom_dag.py
[2024-02-20T22:35:54.055+0000] {processor.py:756} INFO - Processing file /opt/airflow/dags/xcom_dag.py for tasks to queue
[2024-02-20T22:35:54.057+0000] {logging_mixin.py:120} INFO - [2024-02-20T22:35:54.056+0000] {dagbag.py:537} INFO - Filling up the DagBag from /opt/airflow/dags/xcom_dag.py
[2024-02-20T22:35:54.086+0000] {processor.py:766} INFO - DAG(s) dict_keys(['xcom_dag']) retrieved from /opt/airflow/dags/xcom_dag.py
[2024-02-20T22:35:54.148+0000] {logging_mixin.py:120} INFO - [2024-02-20T22:35:54.147+0000] {dag.py:2585} INFO - Sync 1 DAGs
[2024-02-20T22:35:54.173+0000] {logging_mixin.py:120} INFO - [2024-02-20T22:35:54.173+0000] {dag.py:3340} INFO - Setting next_dagrun for xcom_dag to 2024-02-19T00:00:00+00:00, run_after=2024-02-20T00:00:00+00:00
[2024-02-20T22:35:54.184+0000] {processor.py:176} INFO - Processing /opt/airflow/dags/xcom_dag.py took 0.140 seconds
[2024-02-20T22:36:25.101+0000] {processor.py:154} INFO - Started process (PID=614) to work on /opt/airflow/dags/xcom_dag.py
[2024-02-20T22:36:25.104+0000] {processor.py:756} INFO - Processing file /opt/airflow/dags/xcom_dag.py for tasks to queue
[2024-02-20T22:36:25.105+0000] {logging_mixin.py:120} INFO - [2024-02-20T22:36:25.105+0000] {dagbag.py:537} INFO - Filling up the DagBag from /opt/airflow/dags/xcom_dag.py
[2024-02-20T22:36:25.140+0000] {processor.py:766} INFO - DAG(s) dict_keys(['xcom_dag']) retrieved from /opt/airflow/dags/xcom_dag.py
[2024-02-20T22:36:25.217+0000] {logging_mixin.py:120} INFO - [2024-02-20T22:36:25.217+0000] {dag.py:2585} INFO - Sync 1 DAGs
[2024-02-20T22:36:25.237+0000] {logging_mixin.py:120} INFO - [2024-02-20T22:36:25.237+0000] {dag.py:3340} INFO - Setting next_dagrun for xcom_dag to 2024-02-19T00:00:00+00:00, run_after=2024-02-20T00:00:00+00:00
[2024-02-20T22:36:25.249+0000] {processor.py:176} INFO - Processing /opt/airflow/dags/xcom_dag.py took 0.163 seconds
[2024-02-20T22:36:56.087+0000] {processor.py:154} INFO - Started process (PID=651) to work on /opt/airflow/dags/xcom_dag.py
[2024-02-20T22:36:56.089+0000] {processor.py:756} INFO - Processing file /opt/airflow/dags/xcom_dag.py for tasks to queue
[2024-02-20T22:36:56.089+0000] {logging_mixin.py:120} INFO - [2024-02-20T22:36:56.089+0000] {dagbag.py:537} INFO - Filling up the DagBag from /opt/airflow/dags/xcom_dag.py
[2024-02-20T22:36:56.112+0000] {processor.py:766} INFO - DAG(s) dict_keys(['xcom_dag']) retrieved from /opt/airflow/dags/xcom_dag.py
[2024-02-20T22:36:56.162+0000] {logging_mixin.py:120} INFO - [2024-02-20T22:36:56.162+0000] {dag.py:2585} INFO - Sync 1 DAGs
[2024-02-20T22:36:56.181+0000] {logging_mixin.py:120} INFO - [2024-02-20T22:36:56.181+0000] {dag.py:3340} INFO - Setting next_dagrun for xcom_dag to 2024-02-19T00:00:00+00:00, run_after=2024-02-20T00:00:00+00:00
[2024-02-20T22:36:56.193+0000] {processor.py:176} INFO - Processing /opt/airflow/dags/xcom_dag.py took 0.109 seconds
[2024-02-20T22:37:27.048+0000] {processor.py:154} INFO - Started process (PID=688) to work on /opt/airflow/dags/xcom_dag.py
[2024-02-20T22:37:27.049+0000] {processor.py:756} INFO - Processing file /opt/airflow/dags/xcom_dag.py for tasks to queue
[2024-02-20T22:37:27.051+0000] {logging_mixin.py:120} INFO - [2024-02-20T22:37:27.051+0000] {dagbag.py:537} INFO - Filling up the DagBag from /opt/airflow/dags/xcom_dag.py
[2024-02-20T22:37:27.133+0000] {processor.py:766} INFO - DAG(s) dict_keys(['xcom_dag']) retrieved from /opt/airflow/dags/xcom_dag.py
[2024-02-20T22:37:27.226+0000] {logging_mixin.py:120} INFO - [2024-02-20T22:37:27.226+0000] {dag.py:2585} INFO - Sync 1 DAGs
[2024-02-20T22:37:27.258+0000] {logging_mixin.py:120} INFO - [2024-02-20T22:37:27.258+0000] {dag.py:3340} INFO - Setting next_dagrun for xcom_dag to 2024-02-19T00:00:00+00:00, run_after=2024-02-20T00:00:00+00:00
[2024-02-20T22:37:27.276+0000] {processor.py:176} INFO - Processing /opt/airflow/dags/xcom_dag.py took 0.235 seconds
[2024-02-20T22:37:58.476+0000] {processor.py:154} INFO - Started process (PID=719) to work on /opt/airflow/dags/xcom_dag.py
[2024-02-20T22:37:58.478+0000] {processor.py:756} INFO - Processing file /opt/airflow/dags/xcom_dag.py for tasks to queue
[2024-02-20T22:37:58.478+0000] {logging_mixin.py:120} INFO - [2024-02-20T22:37:58.478+0000] {dagbag.py:537} INFO - Filling up the DagBag from /opt/airflow/dags/xcom_dag.py
[2024-02-20T22:37:58.505+0000] {processor.py:766} INFO - DAG(s) dict_keys(['xcom_dag']) retrieved from /opt/airflow/dags/xcom_dag.py
[2024-02-20T22:37:58.530+0000] {logging_mixin.py:120} INFO - [2024-02-20T22:37:58.530+0000] {dag.py:2585} INFO - Sync 1 DAGs
[2024-02-20T22:37:58.546+0000] {logging_mixin.py:120} INFO - [2024-02-20T22:37:58.546+0000] {dag.py:3340} INFO - Setting next_dagrun for xcom_dag to 2024-02-19T00:00:00+00:00, run_after=2024-02-20T00:00:00+00:00
[2024-02-20T22:37:58.556+0000] {processor.py:176} INFO - Processing /opt/airflow/dags/xcom_dag.py took 0.081 seconds
[2024-02-20T22:38:29.691+0000] {processor.py:154} INFO - Started process (PID=756) to work on /opt/airflow/dags/xcom_dag.py
[2024-02-20T22:38:29.692+0000] {processor.py:756} INFO - Processing file /opt/airflow/dags/xcom_dag.py for tasks to queue
[2024-02-20T22:38:29.692+0000] {logging_mixin.py:120} INFO - [2024-02-20T22:38:29.692+0000] {dagbag.py:537} INFO - Filling up the DagBag from /opt/airflow/dags/xcom_dag.py
[2024-02-20T22:38:29.705+0000] {processor.py:766} INFO - DAG(s) dict_keys(['xcom_dag']) retrieved from /opt/airflow/dags/xcom_dag.py
[2024-02-20T22:38:29.729+0000] {logging_mixin.py:120} INFO - [2024-02-20T22:38:29.729+0000] {dag.py:2585} INFO - Sync 1 DAGs
[2024-02-20T22:38:29.742+0000] {logging_mixin.py:120} INFO - [2024-02-20T22:38:29.742+0000] {dag.py:3340} INFO - Setting next_dagrun for xcom_dag to 2024-02-19T00:00:00+00:00, run_after=2024-02-20T00:00:00+00:00
[2024-02-20T22:38:29.751+0000] {processor.py:176} INFO - Processing /opt/airflow/dags/xcom_dag.py took 0.062 seconds
[2024-02-20T22:39:00.755+0000] {processor.py:154} INFO - Started process (PID=793) to work on /opt/airflow/dags/xcom_dag.py
[2024-02-20T22:39:00.756+0000] {processor.py:756} INFO - Processing file /opt/airflow/dags/xcom_dag.py for tasks to queue
[2024-02-20T22:39:00.757+0000] {logging_mixin.py:120} INFO - [2024-02-20T22:39:00.757+0000] {dagbag.py:537} INFO - Filling up the DagBag from /opt/airflow/dags/xcom_dag.py
[2024-02-20T22:39:00.776+0000] {processor.py:766} INFO - DAG(s) dict_keys(['xcom_dag']) retrieved from /opt/airflow/dags/xcom_dag.py
[2024-02-20T22:39:00.802+0000] {logging_mixin.py:120} INFO - [2024-02-20T22:39:00.802+0000] {dag.py:2585} INFO - Sync 1 DAGs
[2024-02-20T22:39:00.816+0000] {logging_mixin.py:120} INFO - [2024-02-20T22:39:00.816+0000] {dag.py:3340} INFO - Setting next_dagrun for xcom_dag to 2024-02-19T00:00:00+00:00, run_after=2024-02-20T00:00:00+00:00
[2024-02-20T22:39:00.826+0000] {processor.py:176} INFO - Processing /opt/airflow/dags/xcom_dag.py took 0.073 seconds
[2024-02-20T22:39:31.808+0000] {processor.py:154} INFO - Started process (PID=830) to work on /opt/airflow/dags/xcom_dag.py
[2024-02-20T22:39:31.809+0000] {processor.py:756} INFO - Processing file /opt/airflow/dags/xcom_dag.py for tasks to queue
[2024-02-20T22:39:31.809+0000] {logging_mixin.py:120} INFO - [2024-02-20T22:39:31.809+0000] {dagbag.py:537} INFO - Filling up the DagBag from /opt/airflow/dags/xcom_dag.py
[2024-02-20T22:39:31.823+0000] {processor.py:766} INFO - DAG(s) dict_keys(['xcom_dag']) retrieved from /opt/airflow/dags/xcom_dag.py
[2024-02-20T22:39:31.847+0000] {logging_mixin.py:120} INFO - [2024-02-20T22:39:31.847+0000] {dag.py:2585} INFO - Sync 1 DAGs
[2024-02-20T22:39:31.861+0000] {logging_mixin.py:120} INFO - [2024-02-20T22:39:31.861+0000] {dag.py:3340} INFO - Setting next_dagrun for xcom_dag to 2024-02-19T00:00:00+00:00, run_after=2024-02-20T00:00:00+00:00
[2024-02-20T22:39:31.870+0000] {processor.py:176} INFO - Processing /opt/airflow/dags/xcom_dag.py took 0.065 seconds
[2024-02-20T22:40:02.768+0000] {processor.py:154} INFO - Started process (PID=867) to work on /opt/airflow/dags/xcom_dag.py
[2024-02-20T22:40:02.769+0000] {processor.py:756} INFO - Processing file /opt/airflow/dags/xcom_dag.py for tasks to queue
[2024-02-20T22:40:02.769+0000] {logging_mixin.py:120} INFO - [2024-02-20T22:40:02.769+0000] {dagbag.py:537} INFO - Filling up the DagBag from /opt/airflow/dags/xcom_dag.py
[2024-02-20T22:40:02.784+0000] {processor.py:766} INFO - DAG(s) dict_keys(['xcom_dag']) retrieved from /opt/airflow/dags/xcom_dag.py
[2024-02-20T22:40:02.807+0000] {logging_mixin.py:120} INFO - [2024-02-20T22:40:02.807+0000] {dag.py:2585} INFO - Sync 1 DAGs
[2024-02-20T22:40:02.821+0000] {logging_mixin.py:120} INFO - [2024-02-20T22:40:02.821+0000] {dag.py:3340} INFO - Setting next_dagrun for xcom_dag to 2024-02-19T00:00:00+00:00, run_after=2024-02-20T00:00:00+00:00
[2024-02-20T22:40:02.832+0000] {processor.py:176} INFO - Processing /opt/airflow/dags/xcom_dag.py took 0.066 seconds
[2024-02-20T22:40:33.695+0000] {processor.py:154} INFO - Started process (PID=904) to work on /opt/airflow/dags/xcom_dag.py
[2024-02-20T22:40:33.695+0000] {processor.py:756} INFO - Processing file /opt/airflow/dags/xcom_dag.py for tasks to queue
[2024-02-20T22:40:33.696+0000] {logging_mixin.py:120} INFO - [2024-02-20T22:40:33.696+0000] {dagbag.py:537} INFO - Filling up the DagBag from /opt/airflow/dags/xcom_dag.py
[2024-02-20T22:40:33.710+0000] {processor.py:766} INFO - DAG(s) dict_keys(['xcom_dag']) retrieved from /opt/airflow/dags/xcom_dag.py
[2024-02-20T22:40:33.735+0000] {logging_mixin.py:120} INFO - [2024-02-20T22:40:33.735+0000] {dag.py:2585} INFO - Sync 1 DAGs
[2024-02-20T22:40:33.750+0000] {logging_mixin.py:120} INFO - [2024-02-20T22:40:33.749+0000] {dag.py:3340} INFO - Setting next_dagrun for xcom_dag to 2024-02-19T00:00:00+00:00, run_after=2024-02-20T00:00:00+00:00
[2024-02-20T22:40:33.760+0000] {processor.py:176} INFO - Processing /opt/airflow/dags/xcom_dag.py took 0.067 seconds
[2024-02-20T22:41:04.748+0000] {processor.py:154} INFO - Started process (PID=939) to work on /opt/airflow/dags/xcom_dag.py
[2024-02-20T22:41:04.750+0000] {processor.py:756} INFO - Processing file /opt/airflow/dags/xcom_dag.py for tasks to queue
[2024-02-20T22:41:04.753+0000] {logging_mixin.py:120} INFO - [2024-02-20T22:41:04.752+0000] {dagbag.py:537} INFO - Filling up the DagBag from /opt/airflow/dags/xcom_dag.py
[2024-02-20T22:41:04.773+0000] {processor.py:766} INFO - DAG(s) dict_keys(['xcom_dag']) retrieved from /opt/airflow/dags/xcom_dag.py
[2024-02-20T22:41:04.835+0000] {logging_mixin.py:120} INFO - [2024-02-20T22:41:04.835+0000] {dag.py:2585} INFO - Sync 1 DAGs
[2024-02-20T22:41:04.863+0000] {logging_mixin.py:120} INFO - [2024-02-20T22:41:04.863+0000] {dag.py:3340} INFO - Setting next_dagrun for xcom_dag to 2024-02-19T00:00:00+00:00, run_after=2024-02-20T00:00:00+00:00
[2024-02-20T22:41:04.877+0000] {processor.py:176} INFO - Processing /opt/airflow/dags/xcom_dag.py took 0.132 seconds
[2024-02-20T22:41:35.236+0000] {processor.py:154} INFO - Started process (PID=968) to work on /opt/airflow/dags/xcom_dag.py
[2024-02-20T22:41:35.237+0000] {processor.py:756} INFO - Processing file /opt/airflow/dags/xcom_dag.py for tasks to queue
[2024-02-20T22:41:35.238+0000] {logging_mixin.py:120} INFO - [2024-02-20T22:41:35.238+0000] {dagbag.py:537} INFO - Filling up the DagBag from /opt/airflow/dags/xcom_dag.py
[2024-02-20T22:41:35.254+0000] {processor.py:766} INFO - DAG(s) dict_keys(['xcom_dag']) retrieved from /opt/airflow/dags/xcom_dag.py
[2024-02-20T22:41:35.283+0000] {logging_mixin.py:120} INFO - [2024-02-20T22:41:35.283+0000] {dag.py:2585} INFO - Sync 1 DAGs
[2024-02-20T22:41:35.298+0000] {logging_mixin.py:120} INFO - [2024-02-20T22:41:35.297+0000] {dag.py:3340} INFO - Setting next_dagrun for xcom_dag to 2024-02-19T00:00:00+00:00, run_after=2024-02-20T00:00:00+00:00
[2024-02-20T22:41:35.308+0000] {processor.py:176} INFO - Processing /opt/airflow/dags/xcom_dag.py took 0.074 seconds
[2024-02-20T22:42:06.454+0000] {processor.py:154} INFO - Started process (PID=1005) to work on /opt/airflow/dags/xcom_dag.py
[2024-02-20T22:42:06.455+0000] {processor.py:756} INFO - Processing file /opt/airflow/dags/xcom_dag.py for tasks to queue
[2024-02-20T22:42:06.455+0000] {logging_mixin.py:120} INFO - [2024-02-20T22:42:06.455+0000] {dagbag.py:537} INFO - Filling up the DagBag from /opt/airflow/dags/xcom_dag.py
[2024-02-20T22:42:06.467+0000] {processor.py:766} INFO - DAG(s) dict_keys(['xcom_dag']) retrieved from /opt/airflow/dags/xcom_dag.py
[2024-02-20T22:42:06.491+0000] {logging_mixin.py:120} INFO - [2024-02-20T22:42:06.491+0000] {dag.py:2585} INFO - Sync 1 DAGs
[2024-02-20T22:42:06.506+0000] {logging_mixin.py:120} INFO - [2024-02-20T22:42:06.506+0000] {dag.py:3340} INFO - Setting next_dagrun for xcom_dag to 2024-02-19T00:00:00+00:00, run_after=2024-02-20T00:00:00+00:00
[2024-02-20T22:42:06.516+0000] {processor.py:176} INFO - Processing /opt/airflow/dags/xcom_dag.py took 0.064 seconds
[2024-02-20T22:42:37.385+0000] {processor.py:154} INFO - Started process (PID=1041) to work on /opt/airflow/dags/xcom_dag.py
[2024-02-20T22:42:37.386+0000] {processor.py:756} INFO - Processing file /opt/airflow/dags/xcom_dag.py for tasks to queue
[2024-02-20T22:42:37.387+0000] {logging_mixin.py:120} INFO - [2024-02-20T22:42:37.387+0000] {dagbag.py:537} INFO - Filling up the DagBag from /opt/airflow/dags/xcom_dag.py
[2024-02-20T22:42:37.404+0000] {processor.py:766} INFO - DAG(s) dict_keys(['xcom_dag']) retrieved from /opt/airflow/dags/xcom_dag.py
[2024-02-20T22:42:37.434+0000] {logging_mixin.py:120} INFO - [2024-02-20T22:42:37.434+0000] {dag.py:2585} INFO - Sync 1 DAGs
[2024-02-20T22:42:37.450+0000] {logging_mixin.py:120} INFO - [2024-02-20T22:42:37.450+0000] {dag.py:3340} INFO - Setting next_dagrun for xcom_dag to 2024-02-19T00:00:00+00:00, run_after=2024-02-20T00:00:00+00:00
[2024-02-20T22:42:37.460+0000] {processor.py:176} INFO - Processing /opt/airflow/dags/xcom_dag.py took 0.078 seconds
[2024-02-20T22:43:08.404+0000] {processor.py:154} INFO - Started process (PID=1078) to work on /opt/airflow/dags/xcom_dag.py
[2024-02-20T22:43:08.405+0000] {processor.py:756} INFO - Processing file /opt/airflow/dags/xcom_dag.py for tasks to queue
[2024-02-20T22:43:08.406+0000] {logging_mixin.py:120} INFO - [2024-02-20T22:43:08.406+0000] {dagbag.py:537} INFO - Filling up the DagBag from /opt/airflow/dags/xcom_dag.py
[2024-02-20T22:43:08.420+0000] {processor.py:766} INFO - DAG(s) dict_keys(['xcom_dag']) retrieved from /opt/airflow/dags/xcom_dag.py
[2024-02-20T22:43:08.444+0000] {logging_mixin.py:120} INFO - [2024-02-20T22:43:08.444+0000] {dag.py:2585} INFO - Sync 1 DAGs
[2024-02-20T22:43:08.461+0000] {logging_mixin.py:120} INFO - [2024-02-20T22:43:08.461+0000] {dag.py:3340} INFO - Setting next_dagrun for xcom_dag to 2024-02-19T00:00:00+00:00, run_after=2024-02-20T00:00:00+00:00
[2024-02-20T22:43:08.472+0000] {processor.py:176} INFO - Processing /opt/airflow/dags/xcom_dag.py took 0.070 seconds
[2024-02-20T22:43:39.709+0000] {processor.py:154} INFO - Started process (PID=1115) to work on /opt/airflow/dags/xcom_dag.py
[2024-02-20T22:43:39.712+0000] {processor.py:756} INFO - Processing file /opt/airflow/dags/xcom_dag.py for tasks to queue
[2024-02-20T22:43:39.732+0000] {logging_mixin.py:120} INFO - [2024-02-20T22:43:39.731+0000] {dagbag.py:537} INFO - Filling up the DagBag from /opt/airflow/dags/xcom_dag.py
[2024-02-20T22:43:39.873+0000] {processor.py:766} INFO - DAG(s) dict_keys(['xcom_dag']) retrieved from /opt/airflow/dags/xcom_dag.py
[2024-02-20T22:43:39.921+0000] {logging_mixin.py:120} INFO - [2024-02-20T22:43:39.920+0000] {dag.py:2585} INFO - Sync 1 DAGs
[2024-02-20T22:43:39.948+0000] {logging_mixin.py:120} INFO - [2024-02-20T22:43:39.948+0000] {dag.py:3340} INFO - Setting next_dagrun for xcom_dag to 2024-02-19T00:00:00+00:00, run_after=2024-02-20T00:00:00+00:00
[2024-02-20T22:43:39.961+0000] {processor.py:176} INFO - Processing /opt/airflow/dags/xcom_dag.py took 0.257 seconds
[2024-02-20T22:44:10.894+0000] {processor.py:154} INFO - Started process (PID=1143) to work on /opt/airflow/dags/xcom_dag.py
[2024-02-20T22:44:10.895+0000] {processor.py:756} INFO - Processing file /opt/airflow/dags/xcom_dag.py for tasks to queue
[2024-02-20T22:44:10.896+0000] {logging_mixin.py:120} INFO - [2024-02-20T22:44:10.896+0000] {dagbag.py:537} INFO - Filling up the DagBag from /opt/airflow/dags/xcom_dag.py
[2024-02-20T22:44:10.934+0000] {processor.py:766} INFO - DAG(s) dict_keys(['xcom_dag']) retrieved from /opt/airflow/dags/xcom_dag.py
[2024-02-20T22:44:10.970+0000] {logging_mixin.py:120} INFO - [2024-02-20T22:44:10.969+0000] {dag.py:2585} INFO - Sync 1 DAGs
[2024-02-20T22:44:10.987+0000] {logging_mixin.py:120} INFO - [2024-02-20T22:44:10.987+0000] {dag.py:3340} INFO - Setting next_dagrun for xcom_dag to 2024-02-19T00:00:00+00:00, run_after=2024-02-20T00:00:00+00:00
[2024-02-20T22:44:10.999+0000] {processor.py:176} INFO - Processing /opt/airflow/dags/xcom_dag.py took 0.108 seconds
[2024-02-20T22:44:42.117+0000] {processor.py:154} INFO - Started process (PID=1180) to work on /opt/airflow/dags/xcom_dag.py
[2024-02-20T22:44:42.118+0000] {processor.py:756} INFO - Processing file /opt/airflow/dags/xcom_dag.py for tasks to queue
[2024-02-20T22:44:42.118+0000] {logging_mixin.py:120} INFO - [2024-02-20T22:44:42.118+0000] {dagbag.py:537} INFO - Filling up the DagBag from /opt/airflow/dags/xcom_dag.py
[2024-02-20T22:44:42.130+0000] {processor.py:766} INFO - DAG(s) dict_keys(['xcom_dag']) retrieved from /opt/airflow/dags/xcom_dag.py
[2024-02-20T22:44:42.154+0000] {logging_mixin.py:120} INFO - [2024-02-20T22:44:42.154+0000] {dag.py:2585} INFO - Sync 1 DAGs
[2024-02-20T22:44:42.168+0000] {logging_mixin.py:120} INFO - [2024-02-20T22:44:42.167+0000] {dag.py:3340} INFO - Setting next_dagrun for xcom_dag to 2024-02-19T00:00:00+00:00, run_after=2024-02-20T00:00:00+00:00
[2024-02-20T22:44:42.177+0000] {processor.py:176} INFO - Processing /opt/airflow/dags/xcom_dag.py took 0.062 seconds
[2024-02-20T22:45:13.108+0000] {processor.py:154} INFO - Started process (PID=1217) to work on /opt/airflow/dags/xcom_dag.py
[2024-02-20T22:45:13.109+0000] {processor.py:756} INFO - Processing file /opt/airflow/dags/xcom_dag.py for tasks to queue
[2024-02-20T22:45:13.110+0000] {logging_mixin.py:120} INFO - [2024-02-20T22:45:13.110+0000] {dagbag.py:537} INFO - Filling up the DagBag from /opt/airflow/dags/xcom_dag.py
[2024-02-20T22:45:13.121+0000] {processor.py:766} INFO - DAG(s) dict_keys(['xcom_dag']) retrieved from /opt/airflow/dags/xcom_dag.py
[2024-02-20T22:45:13.145+0000] {logging_mixin.py:120} INFO - [2024-02-20T22:45:13.145+0000] {dag.py:2585} INFO - Sync 1 DAGs
[2024-02-20T22:45:13.159+0000] {logging_mixin.py:120} INFO - [2024-02-20T22:45:13.159+0000] {dag.py:3340} INFO - Setting next_dagrun for xcom_dag to 2024-02-19T00:00:00+00:00, run_after=2024-02-20T00:00:00+00:00
[2024-02-20T22:45:13.168+0000] {processor.py:176} INFO - Processing /opt/airflow/dags/xcom_dag.py took 0.062 seconds
[2024-02-20T22:45:43.995+0000] {processor.py:154} INFO - Started process (PID=1254) to work on /opt/airflow/dags/xcom_dag.py
[2024-02-20T22:45:43.997+0000] {processor.py:756} INFO - Processing file /opt/airflow/dags/xcom_dag.py for tasks to queue
[2024-02-20T22:45:43.997+0000] {logging_mixin.py:120} INFO - [2024-02-20T22:45:43.997+0000] {dagbag.py:537} INFO - Filling up the DagBag from /opt/airflow/dags/xcom_dag.py
[2024-02-20T22:45:44.013+0000] {processor.py:766} INFO - DAG(s) dict_keys(['xcom_dag']) retrieved from /opt/airflow/dags/xcom_dag.py
[2024-02-20T22:45:44.038+0000] {logging_mixin.py:120} INFO - [2024-02-20T22:45:44.038+0000] {dag.py:2585} INFO - Sync 1 DAGs
[2024-02-20T22:45:44.053+0000] {logging_mixin.py:120} INFO - [2024-02-20T22:45:44.052+0000] {dag.py:3340} INFO - Setting next_dagrun for xcom_dag to 2024-02-19T00:00:00+00:00, run_after=2024-02-20T00:00:00+00:00
[2024-02-20T22:45:44.063+0000] {processor.py:176} INFO - Processing /opt/airflow/dags/xcom_dag.py took 0.073 seconds
[2024-02-20T22:46:15.041+0000] {processor.py:154} INFO - Started process (PID=1291) to work on /opt/airflow/dags/xcom_dag.py
[2024-02-20T22:46:15.042+0000] {processor.py:756} INFO - Processing file /opt/airflow/dags/xcom_dag.py for tasks to queue
[2024-02-20T22:46:15.042+0000] {logging_mixin.py:120} INFO - [2024-02-20T22:46:15.042+0000] {dagbag.py:537} INFO - Filling up the DagBag from /opt/airflow/dags/xcom_dag.py
[2024-02-20T22:46:15.054+0000] {processor.py:766} INFO - DAG(s) dict_keys(['xcom_dag']) retrieved from /opt/airflow/dags/xcom_dag.py
[2024-02-20T22:46:15.078+0000] {logging_mixin.py:120} INFO - [2024-02-20T22:46:15.078+0000] {dag.py:2585} INFO - Sync 1 DAGs
[2024-02-20T22:46:15.092+0000] {logging_mixin.py:120} INFO - [2024-02-20T22:46:15.092+0000] {dag.py:3340} INFO - Setting next_dagrun for xcom_dag to 2024-02-19T00:00:00+00:00, run_after=2024-02-20T00:00:00+00:00
[2024-02-20T22:46:15.105+0000] {processor.py:176} INFO - Processing /opt/airflow/dags/xcom_dag.py took 0.066 seconds
[2024-02-20T22:46:45.950+0000] {processor.py:154} INFO - Started process (PID=1327) to work on /opt/airflow/dags/xcom_dag.py
[2024-02-20T22:46:45.951+0000] {processor.py:756} INFO - Processing file /opt/airflow/dags/xcom_dag.py for tasks to queue
[2024-02-20T22:46:45.951+0000] {logging_mixin.py:120} INFO - [2024-02-20T22:46:45.951+0000] {dagbag.py:537} INFO - Filling up the DagBag from /opt/airflow/dags/xcom_dag.py
[2024-02-20T22:46:45.971+0000] {processor.py:766} INFO - DAG(s) dict_keys(['xcom_dag']) retrieved from /opt/airflow/dags/xcom_dag.py
[2024-02-20T22:46:45.994+0000] {logging_mixin.py:120} INFO - [2024-02-20T22:46:45.993+0000] {dag.py:2585} INFO - Sync 1 DAGs
[2024-02-20T22:46:46.008+0000] {logging_mixin.py:120} INFO - [2024-02-20T22:46:46.007+0000] {dag.py:3340} INFO - Setting next_dagrun for xcom_dag to 2024-02-19T00:00:00+00:00, run_after=2024-02-20T00:00:00+00:00
[2024-02-20T22:46:46.017+0000] {processor.py:176} INFO - Processing /opt/airflow/dags/xcom_dag.py took 0.069 seconds
[2024-02-20T22:47:16.843+0000] {processor.py:154} INFO - Started process (PID=1364) to work on /opt/airflow/dags/xcom_dag.py
[2024-02-20T22:47:16.844+0000] {processor.py:756} INFO - Processing file /opt/airflow/dags/xcom_dag.py for tasks to queue
[2024-02-20T22:47:16.845+0000] {logging_mixin.py:120} INFO - [2024-02-20T22:47:16.845+0000] {dagbag.py:537} INFO - Filling up the DagBag from /opt/airflow/dags/xcom_dag.py
[2024-02-20T22:47:16.858+0000] {processor.py:766} INFO - DAG(s) dict_keys(['xcom_dag']) retrieved from /opt/airflow/dags/xcom_dag.py
[2024-02-20T22:47:16.882+0000] {logging_mixin.py:120} INFO - [2024-02-20T22:47:16.882+0000] {dag.py:2585} INFO - Sync 1 DAGs
[2024-02-20T22:47:16.898+0000] {logging_mixin.py:120} INFO - [2024-02-20T22:47:16.898+0000] {dag.py:3340} INFO - Setting next_dagrun for xcom_dag to 2024-02-19T00:00:00+00:00, run_after=2024-02-20T00:00:00+00:00
[2024-02-20T22:47:16.908+0000] {processor.py:176} INFO - Processing /opt/airflow/dags/xcom_dag.py took 0.067 seconds
[2024-02-20T22:47:47.895+0000] {processor.py:154} INFO - Started process (PID=1391) to work on /opt/airflow/dags/xcom_dag.py
[2024-02-20T22:47:47.896+0000] {processor.py:756} INFO - Processing file /opt/airflow/dags/xcom_dag.py for tasks to queue
[2024-02-20T22:47:47.896+0000] {logging_mixin.py:120} INFO - [2024-02-20T22:47:47.896+0000] {dagbag.py:537} INFO - Filling up the DagBag from /opt/airflow/dags/xcom_dag.py
[2024-02-20T22:47:47.908+0000] {processor.py:766} INFO - DAG(s) dict_keys(['xcom_dag']) retrieved from /opt/airflow/dags/xcom_dag.py
[2024-02-20T22:47:47.932+0000] {logging_mixin.py:120} INFO - [2024-02-20T22:47:47.932+0000] {dag.py:2585} INFO - Sync 1 DAGs
[2024-02-20T22:47:47.945+0000] {logging_mixin.py:120} INFO - [2024-02-20T22:47:47.945+0000] {dag.py:3340} INFO - Setting next_dagrun for xcom_dag to 2024-02-19T00:00:00+00:00, run_after=2024-02-20T00:00:00+00:00
[2024-02-20T22:47:47.954+0000] {processor.py:176} INFO - Processing /opt/airflow/dags/xcom_dag.py took 0.062 seconds
[2024-02-20T22:48:18.823+0000] {processor.py:154} INFO - Started process (PID=1428) to work on /opt/airflow/dags/xcom_dag.py
[2024-02-20T22:48:18.824+0000] {processor.py:756} INFO - Processing file /opt/airflow/dags/xcom_dag.py for tasks to queue
[2024-02-20T22:48:18.824+0000] {logging_mixin.py:120} INFO - [2024-02-20T22:48:18.824+0000] {dagbag.py:537} INFO - Filling up the DagBag from /opt/airflow/dags/xcom_dag.py
[2024-02-20T22:48:18.836+0000] {processor.py:766} INFO - DAG(s) dict_keys(['xcom_dag']) retrieved from /opt/airflow/dags/xcom_dag.py
[2024-02-20T22:48:18.861+0000] {logging_mixin.py:120} INFO - [2024-02-20T22:48:18.861+0000] {dag.py:2585} INFO - Sync 1 DAGs
[2024-02-20T22:48:18.874+0000] {logging_mixin.py:120} INFO - [2024-02-20T22:48:18.874+0000] {dag.py:3340} INFO - Setting next_dagrun for xcom_dag to 2024-02-19T00:00:00+00:00, run_after=2024-02-20T00:00:00+00:00
[2024-02-20T22:48:18.883+0000] {processor.py:176} INFO - Processing /opt/airflow/dags/xcom_dag.py took 0.063 seconds
[2024-02-20T22:48:49.760+0000] {processor.py:154} INFO - Started process (PID=1465) to work on /opt/airflow/dags/xcom_dag.py
[2024-02-20T22:48:49.761+0000] {processor.py:756} INFO - Processing file /opt/airflow/dags/xcom_dag.py for tasks to queue
[2024-02-20T22:48:49.762+0000] {logging_mixin.py:120} INFO - [2024-02-20T22:48:49.762+0000] {dagbag.py:537} INFO - Filling up the DagBag from /opt/airflow/dags/xcom_dag.py
[2024-02-20T22:48:49.773+0000] {processor.py:766} INFO - DAG(s) dict_keys(['xcom_dag']) retrieved from /opt/airflow/dags/xcom_dag.py
[2024-02-20T22:48:49.798+0000] {logging_mixin.py:120} INFO - [2024-02-20T22:48:49.798+0000] {dag.py:2585} INFO - Sync 1 DAGs
[2024-02-20T22:48:49.813+0000] {logging_mixin.py:120} INFO - [2024-02-20T22:48:49.813+0000] {dag.py:3340} INFO - Setting next_dagrun for xcom_dag to 2024-02-19T00:00:00+00:00, run_after=2024-02-20T00:00:00+00:00
[2024-02-20T22:48:49.823+0000] {processor.py:176} INFO - Processing /opt/airflow/dags/xcom_dag.py took 0.065 seconds
[2024-02-20T22:49:20.710+0000] {processor.py:154} INFO - Started process (PID=1502) to work on /opt/airflow/dags/xcom_dag.py
[2024-02-20T22:49:20.711+0000] {processor.py:756} INFO - Processing file /opt/airflow/dags/xcom_dag.py for tasks to queue
[2024-02-20T22:49:20.711+0000] {logging_mixin.py:120} INFO - [2024-02-20T22:49:20.711+0000] {dagbag.py:537} INFO - Filling up the DagBag from /opt/airflow/dags/xcom_dag.py
[2024-02-20T22:49:20.729+0000] {processor.py:766} INFO - DAG(s) dict_keys(['xcom_dag']) retrieved from /opt/airflow/dags/xcom_dag.py
[2024-02-20T22:49:20.755+0000] {logging_mixin.py:120} INFO - [2024-02-20T22:49:20.755+0000] {dag.py:2585} INFO - Sync 1 DAGs
[2024-02-20T22:49:20.770+0000] {logging_mixin.py:120} INFO - [2024-02-20T22:49:20.770+0000] {dag.py:3340} INFO - Setting next_dagrun for xcom_dag to 2024-02-19T00:00:00+00:00, run_after=2024-02-20T00:00:00+00:00
[2024-02-20T22:49:20.780+0000] {processor.py:176} INFO - Processing /opt/airflow/dags/xcom_dag.py took 0.073 seconds
[2024-02-20T22:49:51.616+0000] {processor.py:154} INFO - Started process (PID=1539) to work on /opt/airflow/dags/xcom_dag.py
[2024-02-20T22:49:51.617+0000] {processor.py:756} INFO - Processing file /opt/airflow/dags/xcom_dag.py for tasks to queue
[2024-02-20T22:49:51.617+0000] {logging_mixin.py:120} INFO - [2024-02-20T22:49:51.617+0000] {dagbag.py:537} INFO - Filling up the DagBag from /opt/airflow/dags/xcom_dag.py
[2024-02-20T22:49:51.632+0000] {processor.py:766} INFO - DAG(s) dict_keys(['xcom_dag']) retrieved from /opt/airflow/dags/xcom_dag.py
[2024-02-20T22:49:51.658+0000] {logging_mixin.py:120} INFO - [2024-02-20T22:49:51.658+0000] {dag.py:2585} INFO - Sync 1 DAGs
[2024-02-20T22:49:51.672+0000] {logging_mixin.py:120} INFO - [2024-02-20T22:49:51.672+0000] {dag.py:3340} INFO - Setting next_dagrun for xcom_dag to 2024-02-19T00:00:00+00:00, run_after=2024-02-20T00:00:00+00:00
[2024-02-20T22:49:51.681+0000] {processor.py:176} INFO - Processing /opt/airflow/dags/xcom_dag.py took 0.067 seconds
[2024-02-20T22:50:22.601+0000] {processor.py:154} INFO - Started process (PID=1576) to work on /opt/airflow/dags/xcom_dag.py
[2024-02-20T22:50:22.602+0000] {processor.py:756} INFO - Processing file /opt/airflow/dags/xcom_dag.py for tasks to queue
[2024-02-20T22:50:22.602+0000] {logging_mixin.py:120} INFO - [2024-02-20T22:50:22.602+0000] {dagbag.py:537} INFO - Filling up the DagBag from /opt/airflow/dags/xcom_dag.py
[2024-02-20T22:50:22.615+0000] {processor.py:766} INFO - DAG(s) dict_keys(['xcom_dag']) retrieved from /opt/airflow/dags/xcom_dag.py
[2024-02-20T22:50:22.659+0000] {logging_mixin.py:120} INFO - [2024-02-20T22:50:22.658+0000] {dag.py:2585} INFO - Sync 1 DAGs
[2024-02-20T22:50:22.691+0000] {logging_mixin.py:120} INFO - [2024-02-20T22:50:22.691+0000] {dag.py:3340} INFO - Setting next_dagrun for xcom_dag to 2024-02-19T00:00:00+00:00, run_after=2024-02-20T00:00:00+00:00
[2024-02-20T22:50:22.704+0000] {processor.py:176} INFO - Processing /opt/airflow/dags/xcom_dag.py took 0.106 seconds
[2024-02-20T22:50:53.714+0000] {processor.py:154} INFO - Started process (PID=1613) to work on /opt/airflow/dags/xcom_dag.py
[2024-02-20T22:50:53.715+0000] {processor.py:756} INFO - Processing file /opt/airflow/dags/xcom_dag.py for tasks to queue
[2024-02-20T22:50:53.715+0000] {logging_mixin.py:120} INFO - [2024-02-20T22:50:53.715+0000] {dagbag.py:537} INFO - Filling up the DagBag from /opt/airflow/dags/xcom_dag.py
[2024-02-20T22:50:53.727+0000] {processor.py:766} INFO - DAG(s) dict_keys(['xcom_dag']) retrieved from /opt/airflow/dags/xcom_dag.py
[2024-02-20T22:50:53.751+0000] {logging_mixin.py:120} INFO - [2024-02-20T22:50:53.751+0000] {dag.py:2585} INFO - Sync 1 DAGs
[2024-02-20T22:50:53.768+0000] {logging_mixin.py:120} INFO - [2024-02-20T22:50:53.767+0000] {dag.py:3340} INFO - Setting next_dagrun for xcom_dag to 2024-02-19T00:00:00+00:00, run_after=2024-02-20T00:00:00+00:00
[2024-02-20T22:50:53.780+0000] {processor.py:176} INFO - Processing /opt/airflow/dags/xcom_dag.py took 0.068 seconds
[2024-02-20T22:51:24.686+0000] {processor.py:154} INFO - Started process (PID=1640) to work on /opt/airflow/dags/xcom_dag.py
[2024-02-20T22:51:24.687+0000] {processor.py:756} INFO - Processing file /opt/airflow/dags/xcom_dag.py for tasks to queue
[2024-02-20T22:51:24.687+0000] {logging_mixin.py:120} INFO - [2024-02-20T22:51:24.687+0000] {dagbag.py:537} INFO - Filling up the DagBag from /opt/airflow/dags/xcom_dag.py
[2024-02-20T22:51:24.699+0000] {processor.py:766} INFO - DAG(s) dict_keys(['xcom_dag']) retrieved from /opt/airflow/dags/xcom_dag.py
[2024-02-20T22:51:24.723+0000] {logging_mixin.py:120} INFO - [2024-02-20T22:51:24.723+0000] {dag.py:2585} INFO - Sync 1 DAGs
[2024-02-20T22:51:24.736+0000] {logging_mixin.py:120} INFO - [2024-02-20T22:51:24.736+0000] {dag.py:3340} INFO - Setting next_dagrun for xcom_dag to 2024-02-19T00:00:00+00:00, run_after=2024-02-20T00:00:00+00:00
[2024-02-20T22:51:24.746+0000] {processor.py:176} INFO - Processing /opt/airflow/dags/xcom_dag.py took 0.063 seconds
[2024-02-20T22:51:55.568+0000] {processor.py:154} INFO - Started process (PID=1677) to work on /opt/airflow/dags/xcom_dag.py
[2024-02-20T22:51:55.569+0000] {processor.py:756} INFO - Processing file /opt/airflow/dags/xcom_dag.py for tasks to queue
[2024-02-20T22:51:55.570+0000] {logging_mixin.py:120} INFO - [2024-02-20T22:51:55.570+0000] {dagbag.py:537} INFO - Filling up the DagBag from /opt/airflow/dags/xcom_dag.py
[2024-02-20T22:51:55.583+0000] {processor.py:766} INFO - DAG(s) dict_keys(['xcom_dag']) retrieved from /opt/airflow/dags/xcom_dag.py
[2024-02-20T22:51:55.608+0000] {logging_mixin.py:120} INFO - [2024-02-20T22:51:55.608+0000] {dag.py:2585} INFO - Sync 1 DAGs
[2024-02-20T22:51:55.622+0000] {logging_mixin.py:120} INFO - [2024-02-20T22:51:55.621+0000] {dag.py:3340} INFO - Setting next_dagrun for xcom_dag to 2024-02-19T00:00:00+00:00, run_after=2024-02-20T00:00:00+00:00
[2024-02-20T22:51:55.632+0000] {processor.py:176} INFO - Processing /opt/airflow/dags/xcom_dag.py took 0.066 seconds
[2024-02-20T22:52:26.453+0000] {processor.py:154} INFO - Started process (PID=1713) to work on /opt/airflow/dags/xcom_dag.py
[2024-02-20T22:52:26.454+0000] {processor.py:756} INFO - Processing file /opt/airflow/dags/xcom_dag.py for tasks to queue
[2024-02-20T22:52:26.454+0000] {logging_mixin.py:120} INFO - [2024-02-20T22:52:26.454+0000] {dagbag.py:537} INFO - Filling up the DagBag from /opt/airflow/dags/xcom_dag.py
[2024-02-20T22:52:26.465+0000] {processor.py:766} INFO - DAG(s) dict_keys(['xcom_dag']) retrieved from /opt/airflow/dags/xcom_dag.py
[2024-02-20T22:52:26.488+0000] {logging_mixin.py:120} INFO - [2024-02-20T22:52:26.488+0000] {dag.py:2585} INFO - Sync 1 DAGs
[2024-02-20T22:52:26.503+0000] {logging_mixin.py:120} INFO - [2024-02-20T22:52:26.503+0000] {dag.py:3340} INFO - Setting next_dagrun for xcom_dag to 2024-02-19T00:00:00+00:00, run_after=2024-02-20T00:00:00+00:00
[2024-02-20T22:52:26.513+0000] {processor.py:176} INFO - Processing /opt/airflow/dags/xcom_dag.py took 0.062 seconds
[2024-02-20T22:52:57.323+0000] {processor.py:154} INFO - Started process (PID=1751) to work on /opt/airflow/dags/xcom_dag.py
[2024-02-20T22:52:57.324+0000] {processor.py:756} INFO - Processing file /opt/airflow/dags/xcom_dag.py for tasks to queue
[2024-02-20T22:52:57.325+0000] {logging_mixin.py:120} INFO - [2024-02-20T22:52:57.325+0000] {dagbag.py:537} INFO - Filling up the DagBag from /opt/airflow/dags/xcom_dag.py
[2024-02-20T22:52:57.337+0000] {processor.py:766} INFO - DAG(s) dict_keys(['xcom_dag']) retrieved from /opt/airflow/dags/xcom_dag.py
[2024-02-20T22:52:57.360+0000] {logging_mixin.py:120} INFO - [2024-02-20T22:52:57.360+0000] {dag.py:2585} INFO - Sync 1 DAGs
[2024-02-20T22:52:57.375+0000] {logging_mixin.py:120} INFO - [2024-02-20T22:52:57.375+0000] {dag.py:3340} INFO - Setting next_dagrun for xcom_dag to 2024-02-19T00:00:00+00:00, run_after=2024-02-20T00:00:00+00:00
[2024-02-20T22:52:57.384+0000] {processor.py:176} INFO - Processing /opt/airflow/dags/xcom_dag.py took 0.063 seconds
[2024-02-20T22:53:28.364+0000] {processor.py:154} INFO - Started process (PID=1788) to work on /opt/airflow/dags/xcom_dag.py
[2024-02-20T22:53:28.365+0000] {processor.py:756} INFO - Processing file /opt/airflow/dags/xcom_dag.py for tasks to queue
[2024-02-20T22:53:28.365+0000] {logging_mixin.py:120} INFO - [2024-02-20T22:53:28.365+0000] {dagbag.py:537} INFO - Filling up the DagBag from /opt/airflow/dags/xcom_dag.py
[2024-02-20T22:53:28.376+0000] {processor.py:766} INFO - DAG(s) dict_keys(['xcom_dag']) retrieved from /opt/airflow/dags/xcom_dag.py
[2024-02-20T22:53:28.399+0000] {logging_mixin.py:120} INFO - [2024-02-20T22:53:28.399+0000] {dag.py:2585} INFO - Sync 1 DAGs
[2024-02-20T22:53:28.413+0000] {logging_mixin.py:120} INFO - [2024-02-20T22:53:28.412+0000] {dag.py:3340} INFO - Setting next_dagrun for xcom_dag to 2024-02-19T00:00:00+00:00, run_after=2024-02-20T00:00:00+00:00
[2024-02-20T22:53:28.422+0000] {processor.py:176} INFO - Processing /opt/airflow/dags/xcom_dag.py took 0.061 seconds
[2024-02-20T22:53:59.317+0000] {processor.py:154} INFO - Started process (PID=1825) to work on /opt/airflow/dags/xcom_dag.py
[2024-02-20T22:53:59.318+0000] {processor.py:756} INFO - Processing file /opt/airflow/dags/xcom_dag.py for tasks to queue
[2024-02-20T22:53:59.318+0000] {logging_mixin.py:120} INFO - [2024-02-20T22:53:59.318+0000] {dagbag.py:537} INFO - Filling up the DagBag from /opt/airflow/dags/xcom_dag.py
[2024-02-20T22:53:59.334+0000] {processor.py:766} INFO - DAG(s) dict_keys(['xcom_dag']) retrieved from /opt/airflow/dags/xcom_dag.py
[2024-02-20T22:53:59.360+0000] {logging_mixin.py:120} INFO - [2024-02-20T22:53:59.360+0000] {dag.py:2585} INFO - Sync 1 DAGs
[2024-02-20T22:53:59.374+0000] {logging_mixin.py:120} INFO - [2024-02-20T22:53:59.374+0000] {dag.py:3340} INFO - Setting next_dagrun for xcom_dag to 2024-02-19T00:00:00+00:00, run_after=2024-02-20T00:00:00+00:00
[2024-02-20T22:53:59.383+0000] {processor.py:176} INFO - Processing /opt/airflow/dags/xcom_dag.py took 0.069 seconds
[2024-02-20T22:54:31.239+0000] {processor.py:154} INFO - Started process (PID=1862) to work on /opt/airflow/dags/xcom_dag.py
[2024-02-20T22:54:31.240+0000] {processor.py:756} INFO - Processing file /opt/airflow/dags/xcom_dag.py for tasks to queue
[2024-02-20T22:54:31.241+0000] {logging_mixin.py:120} INFO - [2024-02-20T22:54:31.241+0000] {dagbag.py:537} INFO - Filling up the DagBag from /opt/airflow/dags/xcom_dag.py
[2024-02-20T22:54:31.269+0000] {processor.py:766} INFO - DAG(s) dict_keys(['xcom_dag']) retrieved from /opt/airflow/dags/xcom_dag.py
[2024-02-20T22:54:31.299+0000] {logging_mixin.py:120} INFO - [2024-02-20T22:54:31.299+0000] {dag.py:2585} INFO - Sync 1 DAGs
[2024-02-20T22:54:31.316+0000] {logging_mixin.py:120} INFO - [2024-02-20T22:54:31.316+0000] {dag.py:3340} INFO - Setting next_dagrun for xcom_dag to 2024-02-19T00:00:00+00:00, run_after=2024-02-20T00:00:00+00:00
[2024-02-20T22:54:31.328+0000] {processor.py:176} INFO - Processing /opt/airflow/dags/xcom_dag.py took 0.092 seconds
[2024-02-20T23:24:17.210+0000] {processor.py:154} INFO - Started process (PID=55) to work on /opt/airflow/dags/xcom_dag.py
[2024-02-20T23:24:17.213+0000] {processor.py:756} INFO - Processing file /opt/airflow/dags/xcom_dag.py for tasks to queue
[2024-02-20T23:24:17.221+0000] {logging_mixin.py:120} INFO - [2024-02-20T23:24:17.220+0000] {dagbag.py:537} INFO - Filling up the DagBag from /opt/airflow/dags/xcom_dag.py
[2024-02-20T23:24:17.275+0000] {processor.py:766} INFO - DAG(s) dict_keys(['xcom_dag']) retrieved from /opt/airflow/dags/xcom_dag.py
[2024-02-20T23:24:17.547+0000] {logging_mixin.py:120} INFO - [2024-02-20T23:24:17.546+0000] {dag.py:2585} INFO - Sync 1 DAGs
[2024-02-20T23:24:17.619+0000] {logging_mixin.py:120} INFO - [2024-02-20T23:24:17.619+0000] {dag.py:3340} INFO - Setting next_dagrun for xcom_dag to 2024-02-19T00:00:00+00:00, run_after=2024-02-20T00:00:00+00:00
[2024-02-20T23:24:17.663+0000] {processor.py:176} INFO - Processing /opt/airflow/dags/xcom_dag.py took 0.457 seconds
[2024-02-20T23:24:49.489+0000] {processor.py:154} INFO - Started process (PID=83) to work on /opt/airflow/dags/xcom_dag.py
[2024-02-20T23:24:49.490+0000] {processor.py:756} INFO - Processing file /opt/airflow/dags/xcom_dag.py for tasks to queue
[2024-02-20T23:24:49.492+0000] {logging_mixin.py:120} INFO - [2024-02-20T23:24:49.492+0000] {dagbag.py:537} INFO - Filling up the DagBag from /opt/airflow/dags/xcom_dag.py
[2024-02-20T23:24:49.530+0000] {processor.py:766} INFO - DAG(s) dict_keys(['xcom_dag']) retrieved from /opt/airflow/dags/xcom_dag.py
[2024-02-20T23:24:49.590+0000] {logging_mixin.py:120} INFO - [2024-02-20T23:24:49.589+0000] {dag.py:2585} INFO - Sync 1 DAGs
[2024-02-20T23:24:49.647+0000] {logging_mixin.py:120} INFO - [2024-02-20T23:24:49.646+0000] {dag.py:3340} INFO - Setting next_dagrun for xcom_dag to 2024-02-19T00:00:00+00:00, run_after=2024-02-20T00:00:00+00:00
[2024-02-20T23:24:49.786+0000] {processor.py:176} INFO - Processing /opt/airflow/dags/xcom_dag.py took 0.306 seconds
[2024-02-20T23:25:20.313+0000] {processor.py:154} INFO - Started process (PID=122) to work on /opt/airflow/dags/xcom_dag.py
[2024-02-20T23:25:20.314+0000] {processor.py:756} INFO - Processing file /opt/airflow/dags/xcom_dag.py for tasks to queue
[2024-02-20T23:25:20.314+0000] {logging_mixin.py:120} INFO - [2024-02-20T23:25:20.314+0000] {dagbag.py:537} INFO - Filling up the DagBag from /opt/airflow/dags/xcom_dag.py
[2024-02-20T23:25:20.326+0000] {processor.py:766} INFO - DAG(s) dict_keys(['xcom_dag']) retrieved from /opt/airflow/dags/xcom_dag.py
[2024-02-20T23:25:20.348+0000] {logging_mixin.py:120} INFO - [2024-02-20T23:25:20.348+0000] {dag.py:2585} INFO - Sync 1 DAGs
[2024-02-20T23:25:20.394+0000] {logging_mixin.py:120} INFO - [2024-02-20T23:25:20.394+0000] {dag.py:3340} INFO - Setting next_dagrun for xcom_dag to 2024-02-19T00:00:00+00:00, run_after=2024-02-20T00:00:00+00:00
[2024-02-20T23:25:20.431+0000] {processor.py:176} INFO - Processing /opt/airflow/dags/xcom_dag.py took 0.120 seconds
[2024-02-20T23:25:51.313+0000] {processor.py:154} INFO - Started process (PID=157) to work on /opt/airflow/dags/xcom_dag.py
[2024-02-20T23:25:51.314+0000] {processor.py:756} INFO - Processing file /opt/airflow/dags/xcom_dag.py for tasks to queue
[2024-02-20T23:25:51.314+0000] {logging_mixin.py:120} INFO - [2024-02-20T23:25:51.314+0000] {dagbag.py:537} INFO - Filling up the DagBag from /opt/airflow/dags/xcom_dag.py
[2024-02-20T23:25:51.328+0000] {processor.py:766} INFO - DAG(s) dict_keys(['xcom_dag']) retrieved from /opt/airflow/dags/xcom_dag.py
[2024-02-20T23:25:51.351+0000] {logging_mixin.py:120} INFO - [2024-02-20T23:25:51.351+0000] {dag.py:2585} INFO - Sync 1 DAGs
[2024-02-20T23:25:51.365+0000] {logging_mixin.py:120} INFO - [2024-02-20T23:25:51.365+0000] {dag.py:3340} INFO - Setting next_dagrun for xcom_dag to 2024-02-19T00:00:00+00:00, run_after=2024-02-20T00:00:00+00:00
[2024-02-20T23:25:51.384+0000] {processor.py:176} INFO - Processing /opt/airflow/dags/xcom_dag.py took 0.073 seconds
[2024-02-20T23:26:22.263+0000] {processor.py:154} INFO - Started process (PID=193) to work on /opt/airflow/dags/xcom_dag.py
[2024-02-20T23:26:22.264+0000] {processor.py:756} INFO - Processing file /opt/airflow/dags/xcom_dag.py for tasks to queue
[2024-02-20T23:26:22.265+0000] {logging_mixin.py:120} INFO - [2024-02-20T23:26:22.265+0000] {dagbag.py:537} INFO - Filling up the DagBag from /opt/airflow/dags/xcom_dag.py
[2024-02-20T23:26:22.278+0000] {processor.py:766} INFO - DAG(s) dict_keys(['xcom_dag']) retrieved from /opt/airflow/dags/xcom_dag.py
[2024-02-20T23:26:22.319+0000] {logging_mixin.py:120} INFO - [2024-02-20T23:26:22.318+0000] {dag.py:2585} INFO - Sync 1 DAGs
[2024-02-20T23:26:22.338+0000] {logging_mixin.py:120} INFO - [2024-02-20T23:26:22.338+0000] {dag.py:3340} INFO - Setting next_dagrun for xcom_dag to 2024-02-19T00:00:00+00:00, run_after=2024-02-20T00:00:00+00:00
[2024-02-20T23:26:22.350+0000] {processor.py:176} INFO - Processing /opt/airflow/dags/xcom_dag.py took 0.089 seconds
[2024-02-20T23:26:53.145+0000] {processor.py:154} INFO - Started process (PID=229) to work on /opt/airflow/dags/xcom_dag.py
[2024-02-20T23:26:53.147+0000] {processor.py:756} INFO - Processing file /opt/airflow/dags/xcom_dag.py for tasks to queue
[2024-02-20T23:26:53.147+0000] {logging_mixin.py:120} INFO - [2024-02-20T23:26:53.147+0000] {dagbag.py:537} INFO - Filling up the DagBag from /opt/airflow/dags/xcom_dag.py
[2024-02-20T23:26:53.189+0000] {processor.py:766} INFO - DAG(s) dict_keys(['xcom_dag']) retrieved from /opt/airflow/dags/xcom_dag.py
[2024-02-20T23:26:53.264+0000] {logging_mixin.py:120} INFO - [2024-02-20T23:26:53.264+0000] {dag.py:2585} INFO - Sync 1 DAGs
[2024-02-20T23:26:53.282+0000] {logging_mixin.py:120} INFO - [2024-02-20T23:26:53.282+0000] {dag.py:3340} INFO - Setting next_dagrun for xcom_dag to 2024-02-19T00:00:00+00:00, run_after=2024-02-20T00:00:00+00:00
[2024-02-20T23:26:53.297+0000] {processor.py:176} INFO - Processing /opt/airflow/dags/xcom_dag.py took 0.154 seconds
[2024-02-20T23:27:24.111+0000] {processor.py:154} INFO - Started process (PID=265) to work on /opt/airflow/dags/xcom_dag.py
[2024-02-20T23:27:24.112+0000] {processor.py:756} INFO - Processing file /opt/airflow/dags/xcom_dag.py for tasks to queue
[2024-02-20T23:27:24.113+0000] {logging_mixin.py:120} INFO - [2024-02-20T23:27:24.112+0000] {dagbag.py:537} INFO - Filling up the DagBag from /opt/airflow/dags/xcom_dag.py
[2024-02-20T23:27:24.134+0000] {processor.py:766} INFO - DAG(s) dict_keys(['xcom_dag']) retrieved from /opt/airflow/dags/xcom_dag.py
[2024-02-20T23:27:24.154+0000] {logging_mixin.py:120} INFO - [2024-02-20T23:27:24.154+0000] {dag.py:2585} INFO - Sync 1 DAGs
[2024-02-20T23:27:24.171+0000] {logging_mixin.py:120} INFO - [2024-02-20T23:27:24.170+0000] {dag.py:3340} INFO - Setting next_dagrun for xcom_dag to 2024-02-19T00:00:00+00:00, run_after=2024-02-20T00:00:00+00:00
[2024-02-20T23:27:24.181+0000] {processor.py:176} INFO - Processing /opt/airflow/dags/xcom_dag.py took 0.072 seconds
