[2023-09-03T14:54:03.942+0000] {processor.py:154} INFO - Started process (PID=69) to work on /home/airflow/.local/lib/python3.7/site-packages/airflow/example_dags/example_subdag_operator.py
[2023-09-03T14:54:03.946+0000] {processor.py:756} INFO - Processing file /home/airflow/.local/lib/python3.7/site-packages/airflow/example_dags/example_subdag_operator.py for tasks to queue
[2023-09-03T14:54:03.957+0000] {logging_mixin.py:120} INFO - [2023-09-03T14:54:03.957+0000] {dagbag.py:537} INFO - Filling up the DagBag from /home/airflow/.local/lib/python3.7/site-packages/airflow/example_dags/example_subdag_operator.py
[2023-09-03T14:54:04.058+0000] {processor.py:766} INFO - DAG(s) dict_keys(['example_subdag_operator.section-1', 'example_subdag_operator.section-2', 'example_subdag_operator']) retrieved from /home/airflow/.local/lib/python3.7/site-packages/airflow/example_dags/example_subdag_operator.py
[2023-09-03T14:54:04.658+0000] {logging_mixin.py:120} INFO - [2023-09-03T14:54:04.657+0000] {manager.py:507} INFO - Created Permission View: can read on DAG:example_subdag_operator
[2023-09-03T14:54:04.671+0000] {logging_mixin.py:120} INFO - [2023-09-03T14:54:04.671+0000] {manager.py:507} INFO - Created Permission View: can edit on DAG:example_subdag_operator
[2023-09-03T14:54:04.686+0000] {logging_mixin.py:120} INFO - [2023-09-03T14:54:04.686+0000] {manager.py:507} INFO - Created Permission View: can delete on DAG:example_subdag_operator
[2023-09-03T14:54:04.686+0000] {logging_mixin.py:120} INFO - [2023-09-03T14:54:04.686+0000] {dag.py:2585} INFO - Sync 3 DAGs
[2023-09-03T14:54:04.710+0000] {logging_mixin.py:120} INFO - [2023-09-03T14:54:04.710+0000] {dag.py:2606} INFO - Creating ORM DAG for example_subdag_operator.section-1
[2023-09-03T14:54:04.719+0000] {logging_mixin.py:120} INFO - [2023-09-03T14:54:04.719+0000] {dag.py:2606} INFO - Creating ORM DAG for example_subdag_operator.section-2
[2023-09-03T14:54:04.724+0000] {logging_mixin.py:120} INFO - [2023-09-03T14:54:04.724+0000] {dag.py:2606} INFO - Creating ORM DAG for example_subdag_operator
[2023-09-03T14:54:04.739+0000] {logging_mixin.py:120} INFO - [2023-09-03T14:54:04.739+0000] {dag.py:3340} INFO - Setting next_dagrun for example_subdag_operator to 2022-01-01T00:00:00+00:00, run_after=2022-01-01T00:00:00+00:00
[2023-09-03T14:54:04.740+0000] {logging_mixin.py:120} INFO - [2023-09-03T14:54:04.740+0000] {dag.py:3340} INFO - Setting next_dagrun for example_subdag_operator.section-1 to None, run_after=None
[2023-09-03T14:54:04.742+0000] {logging_mixin.py:120} INFO - [2023-09-03T14:54:04.741+0000] {dag.py:3340} INFO - Setting next_dagrun for example_subdag_operator.section-2 to None, run_after=None
[2023-09-03T14:54:04.749+0000] {logging_mixin.py:120} INFO - [2023-09-03T14:54:04.748+0000] {dag.py:2585} INFO - Sync 2 DAGs
[2023-09-03T14:54:04.757+0000] {logging_mixin.py:120} INFO - [2023-09-03T14:54:04.757+0000] {dag.py:3340} INFO - Setting next_dagrun for example_subdag_operator.section-1 to None, run_after=None
[2023-09-03T14:54:04.772+0000] {logging_mixin.py:120} INFO - [2023-09-03T14:54:04.772+0000] {dag.py:3340} INFO - Setting next_dagrun for example_subdag_operator.section-2 to None, run_after=None
[2023-09-03T14:54:04.782+0000] {processor.py:176} INFO - Processing /home/airflow/.local/lib/python3.7/site-packages/airflow/example_dags/example_subdag_operator.py took 0.861 seconds
[2023-09-03T14:54:34.818+0000] {processor.py:154} INFO - Started process (PID=130) to work on /home/airflow/.local/lib/python3.7/site-packages/airflow/example_dags/example_subdag_operator.py
[2023-09-03T14:54:34.820+0000] {processor.py:756} INFO - Processing file /home/airflow/.local/lib/python3.7/site-packages/airflow/example_dags/example_subdag_operator.py for tasks to queue
[2023-09-03T14:54:34.821+0000] {logging_mixin.py:120} INFO - [2023-09-03T14:54:34.821+0000] {dagbag.py:537} INFO - Filling up the DagBag from /home/airflow/.local/lib/python3.7/site-packages/airflow/example_dags/example_subdag_operator.py
[2023-09-03T14:54:34.852+0000] {processor.py:766} INFO - DAG(s) dict_keys(['example_subdag_operator.section-1', 'example_subdag_operator.section-2', 'example_subdag_operator']) retrieved from /home/airflow/.local/lib/python3.7/site-packages/airflow/example_dags/example_subdag_operator.py
[2023-09-03T14:54:34.980+0000] {logging_mixin.py:120} INFO - [2023-09-03T14:54:34.980+0000] {dag.py:2585} INFO - Sync 3 DAGs
[2023-09-03T14:54:34.996+0000] {logging_mixin.py:120} INFO - [2023-09-03T14:54:34.996+0000] {dag.py:3340} INFO - Setting next_dagrun for example_subdag_operator to 2022-01-01T00:00:00+00:00, run_after=2022-01-01T00:00:00+00:00
[2023-09-03T14:54:34.999+0000] {logging_mixin.py:120} INFO - [2023-09-03T14:54:34.998+0000] {dag.py:3340} INFO - Setting next_dagrun for example_subdag_operator.section-1 to None, run_after=None
[2023-09-03T14:54:35.000+0000] {logging_mixin.py:120} INFO - [2023-09-03T14:54:35.000+0000] {dag.py:3340} INFO - Setting next_dagrun for example_subdag_operator.section-2 to None, run_after=None
[2023-09-03T14:54:35.006+0000] {logging_mixin.py:120} INFO - [2023-09-03T14:54:35.006+0000] {dag.py:2585} INFO - Sync 2 DAGs
[2023-09-03T14:54:35.010+0000] {logging_mixin.py:120} INFO - [2023-09-03T14:54:35.010+0000] {dag.py:3340} INFO - Setting next_dagrun for example_subdag_operator.section-1 to None, run_after=None
[2023-09-03T14:54:35.010+0000] {logging_mixin.py:120} INFO - [2023-09-03T14:54:35.010+0000] {dag.py:3340} INFO - Setting next_dagrun for example_subdag_operator.section-2 to None, run_after=None
[2023-09-03T14:54:35.017+0000] {processor.py:176} INFO - Processing /home/airflow/.local/lib/python3.7/site-packages/airflow/example_dags/example_subdag_operator.py took 0.204 seconds
[2023-09-03T14:55:05.768+0000] {processor.py:154} INFO - Started process (PID=199) to work on /home/airflow/.local/lib/python3.7/site-packages/airflow/example_dags/example_subdag_operator.py
[2023-09-03T14:55:05.769+0000] {processor.py:756} INFO - Processing file /home/airflow/.local/lib/python3.7/site-packages/airflow/example_dags/example_subdag_operator.py for tasks to queue
[2023-09-03T14:55:05.769+0000] {logging_mixin.py:120} INFO - [2023-09-03T14:55:05.769+0000] {dagbag.py:537} INFO - Filling up the DagBag from /home/airflow/.local/lib/python3.7/site-packages/airflow/example_dags/example_subdag_operator.py
[2023-09-03T14:55:05.790+0000] {processor.py:766} INFO - DAG(s) dict_keys(['example_subdag_operator.section-1', 'example_subdag_operator.section-2', 'example_subdag_operator']) retrieved from /home/airflow/.local/lib/python3.7/site-packages/airflow/example_dags/example_subdag_operator.py
[2023-09-03T14:55:05.871+0000] {logging_mixin.py:120} INFO - [2023-09-03T14:55:05.871+0000] {dag.py:2585} INFO - Sync 3 DAGs
[2023-09-03T14:55:05.884+0000] {logging_mixin.py:120} INFO - [2023-09-03T14:55:05.884+0000] {dag.py:3340} INFO - Setting next_dagrun for example_subdag_operator to 2022-01-01T00:00:00+00:00, run_after=2022-01-01T00:00:00+00:00
[2023-09-03T14:55:05.886+0000] {logging_mixin.py:120} INFO - [2023-09-03T14:55:05.886+0000] {dag.py:3340} INFO - Setting next_dagrun for example_subdag_operator.section-1 to None, run_after=None
[2023-09-03T14:55:05.887+0000] {logging_mixin.py:120} INFO - [2023-09-03T14:55:05.887+0000] {dag.py:3340} INFO - Setting next_dagrun for example_subdag_operator.section-2 to None, run_after=None
[2023-09-03T14:55:05.891+0000] {logging_mixin.py:120} INFO - [2023-09-03T14:55:05.891+0000] {dag.py:2585} INFO - Sync 2 DAGs
[2023-09-03T14:55:05.893+0000] {logging_mixin.py:120} INFO - [2023-09-03T14:55:05.893+0000] {dag.py:3340} INFO - Setting next_dagrun for example_subdag_operator.section-1 to None, run_after=None
[2023-09-03T14:55:05.894+0000] {logging_mixin.py:120} INFO - [2023-09-03T14:55:05.894+0000] {dag.py:3340} INFO - Setting next_dagrun for example_subdag_operator.section-2 to None, run_after=None
[2023-09-03T14:55:05.899+0000] {processor.py:176} INFO - Processing /home/airflow/.local/lib/python3.7/site-packages/airflow/example_dags/example_subdag_operator.py took 0.133 seconds
[2023-09-03T14:55:36.514+0000] {processor.py:154} INFO - Started process (PID=268) to work on /home/airflow/.local/lib/python3.7/site-packages/airflow/example_dags/example_subdag_operator.py
[2023-09-03T14:55:36.515+0000] {processor.py:756} INFO - Processing file /home/airflow/.local/lib/python3.7/site-packages/airflow/example_dags/example_subdag_operator.py for tasks to queue
[2023-09-03T14:55:36.516+0000] {logging_mixin.py:120} INFO - [2023-09-03T14:55:36.515+0000] {dagbag.py:537} INFO - Filling up the DagBag from /home/airflow/.local/lib/python3.7/site-packages/airflow/example_dags/example_subdag_operator.py
[2023-09-03T14:55:36.539+0000] {processor.py:766} INFO - DAG(s) dict_keys(['example_subdag_operator.section-1', 'example_subdag_operator.section-2', 'example_subdag_operator']) retrieved from /home/airflow/.local/lib/python3.7/site-packages/airflow/example_dags/example_subdag_operator.py
[2023-09-03T14:55:36.637+0000] {logging_mixin.py:120} INFO - [2023-09-03T14:55:36.637+0000] {dag.py:2585} INFO - Sync 3 DAGs
[2023-09-03T14:55:36.651+0000] {logging_mixin.py:120} INFO - [2023-09-03T14:55:36.651+0000] {dag.py:3340} INFO - Setting next_dagrun for example_subdag_operator to 2022-01-01T00:00:00+00:00, run_after=2022-01-01T00:00:00+00:00
[2023-09-03T14:55:36.653+0000] {logging_mixin.py:120} INFO - [2023-09-03T14:55:36.653+0000] {dag.py:3340} INFO - Setting next_dagrun for example_subdag_operator.section-1 to None, run_after=None
[2023-09-03T14:55:36.653+0000] {logging_mixin.py:120} INFO - [2023-09-03T14:55:36.653+0000] {dag.py:3340} INFO - Setting next_dagrun for example_subdag_operator.section-2 to None, run_after=None
[2023-09-03T14:55:36.657+0000] {logging_mixin.py:120} INFO - [2023-09-03T14:55:36.657+0000] {dag.py:2585} INFO - Sync 2 DAGs
[2023-09-03T14:55:36.660+0000] {logging_mixin.py:120} INFO - [2023-09-03T14:55:36.660+0000] {dag.py:3340} INFO - Setting next_dagrun for example_subdag_operator.section-1 to None, run_after=None
[2023-09-03T14:55:36.660+0000] {logging_mixin.py:120} INFO - [2023-09-03T14:55:36.660+0000] {dag.py:3340} INFO - Setting next_dagrun for example_subdag_operator.section-2 to None, run_after=None
[2023-09-03T14:55:36.666+0000] {processor.py:176} INFO - Processing /home/airflow/.local/lib/python3.7/site-packages/airflow/example_dags/example_subdag_operator.py took 0.154 seconds
