[2023-09-03T14:54:04.424+0000] {processor.py:154} INFO - Started process (PID=71) to work on /home/airflow/.local/lib/python3.7/site-packages/airflow/example_dags/example_skip_dag.py
[2023-09-03T14:54:04.424+0000] {processor.py:756} INFO - Processing file /home/airflow/.local/lib/python3.7/site-packages/airflow/example_dags/example_skip_dag.py for tasks to queue
[2023-09-03T14:54:04.425+0000] {logging_mixin.py:120} INFO - [2023-09-03T14:54:04.425+0000] {dagbag.py:537} INFO - Filling up the DagBag from /home/airflow/.local/lib/python3.7/site-packages/airflow/example_dags/example_skip_dag.py
[2023-09-03T14:54:04.446+0000] {processor.py:766} INFO - DAG(s) dict_keys(['example_skip_dag']) retrieved from /home/airflow/.local/lib/python3.7/site-packages/airflow/example_dags/example_skip_dag.py
[2023-09-03T14:54:04.653+0000] {logging_mixin.py:120} INFO - [2023-09-03T14:54:04.653+0000] {manager.py:507} INFO - Created Permission View: can read on DAG:example_skip_dag
[2023-09-03T14:54:04.668+0000] {logging_mixin.py:120} INFO - [2023-09-03T14:54:04.667+0000] {manager.py:507} INFO - Created Permission View: can edit on DAG:example_skip_dag
[2023-09-03T14:54:04.684+0000] {logging_mixin.py:120} INFO - [2023-09-03T14:54:04.684+0000] {manager.py:507} INFO - Created Permission View: can delete on DAG:example_skip_dag
[2023-09-03T14:54:04.685+0000] {logging_mixin.py:120} INFO - [2023-09-03T14:54:04.684+0000] {dag.py:2585} INFO - Sync 1 DAGs
[2023-09-03T14:54:04.703+0000] {logging_mixin.py:120} INFO - [2023-09-03T14:54:04.703+0000] {dag.py:2606} INFO - Creating ORM DAG for example_skip_dag
[2023-09-03T14:54:04.724+0000] {logging_mixin.py:120} INFO - [2023-09-03T14:54:04.724+0000] {dag.py:3340} INFO - Setting next_dagrun for example_skip_dag to 2023-09-02T14:54:04.723918+00:00, run_after=2023-09-03T14:54:04.723918+00:00
[2023-09-03T14:54:04.749+0000] {processor.py:176} INFO - Processing /home/airflow/.local/lib/python3.7/site-packages/airflow/example_dags/example_skip_dag.py took 0.330 seconds
[2023-09-03T14:54:34.823+0000] {processor.py:154} INFO - Started process (PID=131) to work on /home/airflow/.local/lib/python3.7/site-packages/airflow/example_dags/example_skip_dag.py
[2023-09-03T14:54:34.824+0000] {processor.py:756} INFO - Processing file /home/airflow/.local/lib/python3.7/site-packages/airflow/example_dags/example_skip_dag.py for tasks to queue
[2023-09-03T14:54:34.825+0000] {logging_mixin.py:120} INFO - [2023-09-03T14:54:34.825+0000] {dagbag.py:537} INFO - Filling up the DagBag from /home/airflow/.local/lib/python3.7/site-packages/airflow/example_dags/example_skip_dag.py
[2023-09-03T14:54:34.838+0000] {processor.py:766} INFO - DAG(s) dict_keys(['example_skip_dag']) retrieved from /home/airflow/.local/lib/python3.7/site-packages/airflow/example_dags/example_skip_dag.py
[2023-09-03T14:54:34.872+0000] {logging_mixin.py:120} INFO - [2023-09-03T14:54:34.872+0000] {dag.py:2585} INFO - Sync 1 DAGs
[2023-09-03T14:54:34.890+0000] {logging_mixin.py:120} INFO - [2023-09-03T14:54:34.890+0000] {dag.py:3340} INFO - Setting next_dagrun for example_skip_dag to 2023-09-02T14:54:34.890682+00:00, run_after=2023-09-03T14:54:34.890682+00:00
[2023-09-03T14:54:34.907+0000] {processor.py:176} INFO - Processing /home/airflow/.local/lib/python3.7/site-packages/airflow/example_dags/example_skip_dag.py took 0.087 seconds
[2023-09-03T14:55:05.916+0000] {processor.py:154} INFO - Started process (PID=201) to work on /home/airflow/.local/lib/python3.7/site-packages/airflow/example_dags/example_skip_dag.py
[2023-09-03T14:55:05.916+0000] {processor.py:756} INFO - Processing file /home/airflow/.local/lib/python3.7/site-packages/airflow/example_dags/example_skip_dag.py for tasks to queue
[2023-09-03T14:55:05.917+0000] {logging_mixin.py:120} INFO - [2023-09-03T14:55:05.917+0000] {dagbag.py:537} INFO - Filling up the DagBag from /home/airflow/.local/lib/python3.7/site-packages/airflow/example_dags/example_skip_dag.py
[2023-09-03T14:55:05.925+0000] {processor.py:766} INFO - DAG(s) dict_keys(['example_skip_dag']) retrieved from /home/airflow/.local/lib/python3.7/site-packages/airflow/example_dags/example_skip_dag.py
[2023-09-03T14:55:05.951+0000] {logging_mixin.py:120} INFO - [2023-09-03T14:55:05.951+0000] {dag.py:2585} INFO - Sync 1 DAGs
[2023-09-03T14:55:05.967+0000] {logging_mixin.py:120} INFO - [2023-09-03T14:55:05.967+0000] {dag.py:3340} INFO - Setting next_dagrun for example_skip_dag to 2023-09-02T14:55:05.966875+00:00, run_after=2023-09-03T14:55:05.966875+00:00
[2023-09-03T14:55:05.978+0000] {processor.py:176} INFO - Processing /home/airflow/.local/lib/python3.7/site-packages/airflow/example_dags/example_skip_dag.py took 0.064 seconds
[2023-09-03T14:55:36.604+0000] {processor.py:154} INFO - Started process (PID=270) to work on /home/airflow/.local/lib/python3.7/site-packages/airflow/example_dags/example_skip_dag.py
[2023-09-03T14:55:36.605+0000] {processor.py:756} INFO - Processing file /home/airflow/.local/lib/python3.7/site-packages/airflow/example_dags/example_skip_dag.py for tasks to queue
[2023-09-03T14:55:36.605+0000] {logging_mixin.py:120} INFO - [2023-09-03T14:55:36.605+0000] {dagbag.py:537} INFO - Filling up the DagBag from /home/airflow/.local/lib/python3.7/site-packages/airflow/example_dags/example_skip_dag.py
[2023-09-03T14:55:36.615+0000] {processor.py:766} INFO - DAG(s) dict_keys(['example_skip_dag']) retrieved from /home/airflow/.local/lib/python3.7/site-packages/airflow/example_dags/example_skip_dag.py
[2023-09-03T14:55:36.641+0000] {logging_mixin.py:120} INFO - [2023-09-03T14:55:36.641+0000] {dag.py:2585} INFO - Sync 1 DAGs
[2023-09-03T14:55:36.655+0000] {logging_mixin.py:120} INFO - [2023-09-03T14:55:36.655+0000] {dag.py:3340} INFO - Setting next_dagrun for example_skip_dag to 2023-09-02T14:55:36.654977+00:00, run_after=2023-09-03T14:55:36.654977+00:00
[2023-09-03T14:55:36.665+0000] {processor.py:176} INFO - Processing /home/airflow/.local/lib/python3.7/site-packages/airflow/example_dags/example_skip_dag.py took 0.063 seconds
