[2023-09-03T14:54:06.018+0000] {processor.py:154} INFO - Started process (PID=81) to work on /home/airflow/.local/lib/python3.7/site-packages/airflow/example_dags/example_branch_datetime_operator.py
[2023-09-03T14:54:06.021+0000] {processor.py:756} INFO - Processing file /home/airflow/.local/lib/python3.7/site-packages/airflow/example_dags/example_branch_datetime_operator.py for tasks to queue
[2023-09-03T14:54:06.022+0000] {logging_mixin.py:120} INFO - [2023-09-03T14:54:06.022+0000] {dagbag.py:537} INFO - Filling up the DagBag from /home/airflow/.local/lib/python3.7/site-packages/airflow/example_dags/example_branch_datetime_operator.py
[2023-09-03T14:54:06.045+0000] {processor.py:766} INFO - DAG(s) dict_keys(['example_branch_datetime_operator_2', 'example_branch_datetime_operator_3', 'example_branch_datetime_operator']) retrieved from /home/airflow/.local/lib/python3.7/site-packages/airflow/example_dags/example_branch_datetime_operator.py
[2023-09-03T14:54:06.196+0000] {logging_mixin.py:120} INFO - [2023-09-03T14:54:06.196+0000] {manager.py:507} INFO - Created Permission View: can read on DAG:example_branch_datetime_operator_2
[2023-09-03T14:54:06.202+0000] {logging_mixin.py:120} INFO - [2023-09-03T14:54:06.202+0000] {manager.py:507} INFO - Created Permission View: can edit on DAG:example_branch_datetime_operator_2
[2023-09-03T14:54:06.212+0000] {logging_mixin.py:120} INFO - [2023-09-03T14:54:06.212+0000] {manager.py:507} INFO - Created Permission View: can delete on DAG:example_branch_datetime_operator_2
[2023-09-03T14:54:06.222+0000] {logging_mixin.py:120} INFO - [2023-09-03T14:54:06.222+0000] {manager.py:507} INFO - Created Permission View: can read on DAG:example_branch_datetime_operator_3
[2023-09-03T14:54:06.226+0000] {logging_mixin.py:120} INFO - [2023-09-03T14:54:06.226+0000] {manager.py:507} INFO - Created Permission View: can edit on DAG:example_branch_datetime_operator_3
[2023-09-03T14:54:06.235+0000] {logging_mixin.py:120} INFO - [2023-09-03T14:54:06.235+0000] {manager.py:507} INFO - Created Permission View: can delete on DAG:example_branch_datetime_operator_3
[2023-09-03T14:54:06.249+0000] {logging_mixin.py:120} INFO - [2023-09-03T14:54:06.249+0000] {manager.py:507} INFO - Created Permission View: can read on DAG:example_branch_datetime_operator
[2023-09-03T14:54:06.255+0000] {logging_mixin.py:120} INFO - [2023-09-03T14:54:06.255+0000] {manager.py:507} INFO - Created Permission View: can edit on DAG:example_branch_datetime_operator
[2023-09-03T14:54:06.265+0000] {logging_mixin.py:120} INFO - [2023-09-03T14:54:06.264+0000] {manager.py:507} INFO - Created Permission View: can delete on DAG:example_branch_datetime_operator
[2023-09-03T14:54:06.265+0000] {logging_mixin.py:120} INFO - [2023-09-03T14:54:06.265+0000] {dag.py:2585} INFO - Sync 3 DAGs
[2023-09-03T14:54:06.278+0000] {logging_mixin.py:120} INFO - [2023-09-03T14:54:06.277+0000] {dag.py:2606} INFO - Creating ORM DAG for example_branch_datetime_operator_3
[2023-09-03T14:54:06.278+0000] {logging_mixin.py:120} INFO - [2023-09-03T14:54:06.278+0000] {dag.py:2606} INFO - Creating ORM DAG for example_branch_datetime_operator_2
[2023-09-03T14:54:06.279+0000] {logging_mixin.py:120} INFO - [2023-09-03T14:54:06.279+0000] {dag.py:2606} INFO - Creating ORM DAG for example_branch_datetime_operator
[2023-09-03T14:54:06.295+0000] {logging_mixin.py:120} INFO - [2023-09-03T14:54:06.295+0000] {dag.py:3340} INFO - Setting next_dagrun for example_branch_datetime_operator to 2023-09-02T00:00:00+00:00, run_after=2023-09-03T00:00:00+00:00
[2023-09-03T14:54:06.298+0000] {logging_mixin.py:120} INFO - [2023-09-03T14:54:06.298+0000] {dag.py:3340} INFO - Setting next_dagrun for example_branch_datetime_operator_2 to 2023-09-02T00:00:00+00:00, run_after=2023-09-03T00:00:00+00:00
[2023-09-03T14:54:06.301+0000] {logging_mixin.py:120} INFO - [2023-09-03T14:54:06.301+0000] {dag.py:3340} INFO - Setting next_dagrun for example_branch_datetime_operator_3 to 2023-09-02T00:00:00+00:00, run_after=2023-09-03T00:00:00+00:00
[2023-09-03T14:54:06.323+0000] {processor.py:176} INFO - Processing /home/airflow/.local/lib/python3.7/site-packages/airflow/example_dags/example_branch_datetime_operator.py took 0.308 seconds
[2023-09-03T14:54:36.569+0000] {processor.py:154} INFO - Started process (PID=150) to work on /home/airflow/.local/lib/python3.7/site-packages/airflow/example_dags/example_branch_datetime_operator.py
[2023-09-03T14:54:36.570+0000] {processor.py:756} INFO - Processing file /home/airflow/.local/lib/python3.7/site-packages/airflow/example_dags/example_branch_datetime_operator.py for tasks to queue
[2023-09-03T14:54:36.571+0000] {logging_mixin.py:120} INFO - [2023-09-03T14:54:36.571+0000] {dagbag.py:537} INFO - Filling up the DagBag from /home/airflow/.local/lib/python3.7/site-packages/airflow/example_dags/example_branch_datetime_operator.py
[2023-09-03T14:54:36.594+0000] {processor.py:766} INFO - DAG(s) dict_keys(['example_branch_datetime_operator_2', 'example_branch_datetime_operator_3', 'example_branch_datetime_operator']) retrieved from /home/airflow/.local/lib/python3.7/site-packages/airflow/example_dags/example_branch_datetime_operator.py
[2023-09-03T14:54:36.646+0000] {logging_mixin.py:120} INFO - [2023-09-03T14:54:36.646+0000] {dag.py:2585} INFO - Sync 3 DAGs
[2023-09-03T14:54:36.670+0000] {logging_mixin.py:120} INFO - [2023-09-03T14:54:36.670+0000] {dag.py:3340} INFO - Setting next_dagrun for example_branch_datetime_operator to 2023-09-02T00:00:00+00:00, run_after=2023-09-03T00:00:00+00:00
[2023-09-03T14:54:36.674+0000] {logging_mixin.py:120} INFO - [2023-09-03T14:54:36.673+0000] {dag.py:3340} INFO - Setting next_dagrun for example_branch_datetime_operator_2 to 2023-09-02T00:00:00+00:00, run_after=2023-09-03T00:00:00+00:00
[2023-09-03T14:54:36.675+0000] {logging_mixin.py:120} INFO - [2023-09-03T14:54:36.675+0000] {dag.py:3340} INFO - Setting next_dagrun for example_branch_datetime_operator_3 to 2023-09-02T00:00:00+00:00, run_after=2023-09-03T00:00:00+00:00
[2023-09-03T14:54:36.688+0000] {processor.py:176} INFO - Processing /home/airflow/.local/lib/python3.7/site-packages/airflow/example_dags/example_branch_datetime_operator.py took 0.124 seconds
[2023-09-03T14:55:07.485+0000] {processor.py:154} INFO - Started process (PID=211) to work on /home/airflow/.local/lib/python3.7/site-packages/airflow/example_dags/example_branch_datetime_operator.py
[2023-09-03T14:55:07.486+0000] {processor.py:756} INFO - Processing file /home/airflow/.local/lib/python3.7/site-packages/airflow/example_dags/example_branch_datetime_operator.py for tasks to queue
[2023-09-03T14:55:07.486+0000] {logging_mixin.py:120} INFO - [2023-09-03T14:55:07.486+0000] {dagbag.py:537} INFO - Filling up the DagBag from /home/airflow/.local/lib/python3.7/site-packages/airflow/example_dags/example_branch_datetime_operator.py
[2023-09-03T14:55:07.497+0000] {processor.py:766} INFO - DAG(s) dict_keys(['example_branch_datetime_operator', 'example_branch_datetime_operator_2', 'example_branch_datetime_operator_3']) retrieved from /home/airflow/.local/lib/python3.7/site-packages/airflow/example_dags/example_branch_datetime_operator.py
[2023-09-03T14:55:07.526+0000] {logging_mixin.py:120} INFO - [2023-09-03T14:55:07.526+0000] {dag.py:2585} INFO - Sync 3 DAGs
[2023-09-03T14:55:07.541+0000] {logging_mixin.py:120} INFO - [2023-09-03T14:55:07.541+0000] {dag.py:3340} INFO - Setting next_dagrun for example_branch_datetime_operator to 2023-09-02T00:00:00+00:00, run_after=2023-09-03T00:00:00+00:00
[2023-09-03T14:55:07.544+0000] {logging_mixin.py:120} INFO - [2023-09-03T14:55:07.544+0000] {dag.py:3340} INFO - Setting next_dagrun for example_branch_datetime_operator_2 to 2023-09-02T00:00:00+00:00, run_after=2023-09-03T00:00:00+00:00
[2023-09-03T14:55:07.545+0000] {logging_mixin.py:120} INFO - [2023-09-03T14:55:07.545+0000] {dag.py:3340} INFO - Setting next_dagrun for example_branch_datetime_operator_3 to 2023-09-02T00:00:00+00:00, run_after=2023-09-03T00:00:00+00:00
[2023-09-03T14:55:07.556+0000] {processor.py:176} INFO - Processing /home/airflow/.local/lib/python3.7/site-packages/airflow/example_dags/example_branch_datetime_operator.py took 0.074 seconds
[2023-09-03T14:55:38.077+0000] {processor.py:154} INFO - Started process (PID=280) to work on /home/airflow/.local/lib/python3.7/site-packages/airflow/example_dags/example_branch_datetime_operator.py
[2023-09-03T14:55:38.078+0000] {processor.py:756} INFO - Processing file /home/airflow/.local/lib/python3.7/site-packages/airflow/example_dags/example_branch_datetime_operator.py for tasks to queue
[2023-09-03T14:55:38.078+0000] {logging_mixin.py:120} INFO - [2023-09-03T14:55:38.078+0000] {dagbag.py:537} INFO - Filling up the DagBag from /home/airflow/.local/lib/python3.7/site-packages/airflow/example_dags/example_branch_datetime_operator.py
[2023-09-03T14:55:38.094+0000] {processor.py:766} INFO - DAG(s) dict_keys(['example_branch_datetime_operator', 'example_branch_datetime_operator_3', 'example_branch_datetime_operator_2']) retrieved from /home/airflow/.local/lib/python3.7/site-packages/airflow/example_dags/example_branch_datetime_operator.py
[2023-09-03T14:55:38.123+0000] {logging_mixin.py:120} INFO - [2023-09-03T14:55:38.123+0000] {dag.py:2585} INFO - Sync 3 DAGs
[2023-09-03T14:55:38.137+0000] {logging_mixin.py:120} INFO - [2023-09-03T14:55:38.137+0000] {dag.py:3340} INFO - Setting next_dagrun for example_branch_datetime_operator to 2023-09-02T00:00:00+00:00, run_after=2023-09-03T00:00:00+00:00
[2023-09-03T14:55:38.140+0000] {logging_mixin.py:120} INFO - [2023-09-03T14:55:38.140+0000] {dag.py:3340} INFO - Setting next_dagrun for example_branch_datetime_operator_2 to 2023-09-02T00:00:00+00:00, run_after=2023-09-03T00:00:00+00:00
[2023-09-03T14:55:38.141+0000] {logging_mixin.py:120} INFO - [2023-09-03T14:55:38.141+0000] {dag.py:3340} INFO - Setting next_dagrun for example_branch_datetime_operator_3 to 2023-09-02T00:00:00+00:00, run_after=2023-09-03T00:00:00+00:00
[2023-09-03T14:55:38.151+0000] {processor.py:176} INFO - Processing /home/airflow/.local/lib/python3.7/site-packages/airflow/example_dags/example_branch_datetime_operator.py took 0.077 seconds
