[2023-09-03T14:54:03.943+0000] {processor.py:154} INFO - Started process (PID=70) to work on /home/airflow/.local/lib/python3.7/site-packages/airflow/example_dags/example_xcomargs.py
[2023-09-03T14:54:03.945+0000] {processor.py:756} INFO - Processing file /home/airflow/.local/lib/python3.7/site-packages/airflow/example_dags/example_xcomargs.py for tasks to queue
[2023-09-03T14:54:03.946+0000] {logging_mixin.py:120} INFO - [2023-09-03T14:54:03.946+0000] {dagbag.py:537} INFO - Filling up the DagBag from /home/airflow/.local/lib/python3.7/site-packages/airflow/example_dags/example_xcomargs.py
[2023-09-03T14:54:04.019+0000] {processor.py:766} INFO - DAG(s) dict_keys(['example_xcom_args_with_operators', 'example_xcom_args']) retrieved from /home/airflow/.local/lib/python3.7/site-packages/airflow/example_dags/example_xcomargs.py
[2023-09-03T14:54:04.211+0000] {logging_mixin.py:120} INFO - [2023-09-03T14:54:04.211+0000] {manager.py:507} INFO - Created Permission View: can read on DAG:example_xcom_args_with_operators
[2023-09-03T14:54:04.227+0000] {logging_mixin.py:120} INFO - [2023-09-03T14:54:04.227+0000] {manager.py:507} INFO - Created Permission View: can edit on DAG:example_xcom_args_with_operators
[2023-09-03T14:54:04.254+0000] {logging_mixin.py:120} INFO - [2023-09-03T14:54:04.253+0000] {manager.py:507} INFO - Created Permission View: can delete on DAG:example_xcom_args_with_operators
[2023-09-03T14:54:04.275+0000] {logging_mixin.py:120} INFO - [2023-09-03T14:54:04.274+0000] {manager.py:507} INFO - Created Permission View: can read on DAG:example_xcom_args
[2023-09-03T14:54:04.294+0000] {logging_mixin.py:120} INFO - [2023-09-03T14:54:04.294+0000] {manager.py:507} INFO - Created Permission View: can edit on DAG:example_xcom_args
[2023-09-03T14:54:04.309+0000] {logging_mixin.py:120} INFO - [2023-09-03T14:54:04.309+0000] {manager.py:507} INFO - Created Permission View: can delete on DAG:example_xcom_args
[2023-09-03T14:54:04.309+0000] {logging_mixin.py:120} INFO - [2023-09-03T14:54:04.309+0000] {dag.py:2585} INFO - Sync 2 DAGs
[2023-09-03T14:54:04.330+0000] {logging_mixin.py:120} INFO - [2023-09-03T14:54:04.330+0000] {dag.py:2606} INFO - Creating ORM DAG for example_xcom_args_with_operators
[2023-09-03T14:54:04.333+0000] {logging_mixin.py:120} INFO - [2023-09-03T14:54:04.333+0000] {dag.py:2606} INFO - Creating ORM DAG for example_xcom_args
[2023-09-03T14:54:04.348+0000] {logging_mixin.py:120} INFO - [2023-09-03T14:54:04.348+0000] {dag.py:3340} INFO - Setting next_dagrun for example_xcom_args to None, run_after=None
[2023-09-03T14:54:04.351+0000] {logging_mixin.py:120} INFO - [2023-09-03T14:54:04.351+0000] {dag.py:3340} INFO - Setting next_dagrun for example_xcom_args_with_operators to None, run_after=None
[2023-09-03T14:54:04.383+0000] {processor.py:176} INFO - Processing /home/airflow/.local/lib/python3.7/site-packages/airflow/example_dags/example_xcomargs.py took 0.444 seconds
[2023-09-03T14:54:34.688+0000] {processor.py:154} INFO - Started process (PID=129) to work on /home/airflow/.local/lib/python3.7/site-packages/airflow/example_dags/example_xcomargs.py
[2023-09-03T14:54:34.691+0000] {processor.py:756} INFO - Processing file /home/airflow/.local/lib/python3.7/site-packages/airflow/example_dags/example_xcomargs.py for tasks to queue
[2023-09-03T14:54:34.692+0000] {logging_mixin.py:120} INFO - [2023-09-03T14:54:34.692+0000] {dagbag.py:537} INFO - Filling up the DagBag from /home/airflow/.local/lib/python3.7/site-packages/airflow/example_dags/example_xcomargs.py
[2023-09-03T14:54:34.715+0000] {processor.py:766} INFO - DAG(s) dict_keys(['example_xcom_args_with_operators', 'example_xcom_args']) retrieved from /home/airflow/.local/lib/python3.7/site-packages/airflow/example_dags/example_xcomargs.py
[2023-09-03T14:54:34.759+0000] {logging_mixin.py:120} INFO - [2023-09-03T14:54:34.759+0000] {dag.py:2585} INFO - Sync 2 DAGs
[2023-09-03T14:54:34.778+0000] {logging_mixin.py:120} INFO - [2023-09-03T14:54:34.778+0000] {dag.py:3340} INFO - Setting next_dagrun for example_xcom_args to None, run_after=None
[2023-09-03T14:54:34.781+0000] {logging_mixin.py:120} INFO - [2023-09-03T14:54:34.781+0000] {dag.py:3340} INFO - Setting next_dagrun for example_xcom_args_with_operators to None, run_after=None
[2023-09-03T14:54:34.796+0000] {processor.py:176} INFO - Processing /home/airflow/.local/lib/python3.7/site-packages/airflow/example_dags/example_xcomargs.py took 0.116 seconds
[2023-09-03T14:55:05.913+0000] {processor.py:154} INFO - Started process (PID=200) to work on /home/airflow/.local/lib/python3.7/site-packages/airflow/example_dags/example_xcomargs.py
[2023-09-03T14:55:05.914+0000] {processor.py:756} INFO - Processing file /home/airflow/.local/lib/python3.7/site-packages/airflow/example_dags/example_xcomargs.py for tasks to queue
[2023-09-03T14:55:05.914+0000] {logging_mixin.py:120} INFO - [2023-09-03T14:55:05.914+0000] {dagbag.py:537} INFO - Filling up the DagBag from /home/airflow/.local/lib/python3.7/site-packages/airflow/example_dags/example_xcomargs.py
[2023-09-03T14:55:05.928+0000] {processor.py:766} INFO - DAG(s) dict_keys(['example_xcom_args', 'example_xcom_args_with_operators']) retrieved from /home/airflow/.local/lib/python3.7/site-packages/airflow/example_dags/example_xcomargs.py
[2023-09-03T14:55:05.954+0000] {logging_mixin.py:120} INFO - [2023-09-03T14:55:05.954+0000] {dag.py:2585} INFO - Sync 2 DAGs
[2023-09-03T14:55:05.969+0000] {logging_mixin.py:120} INFO - [2023-09-03T14:55:05.969+0000] {dag.py:3340} INFO - Setting next_dagrun for example_xcom_args to None, run_after=None
[2023-09-03T14:55:05.971+0000] {logging_mixin.py:120} INFO - [2023-09-03T14:55:05.971+0000] {dag.py:3340} INFO - Setting next_dagrun for example_xcom_args_with_operators to None, run_after=None
[2023-09-03T14:55:05.981+0000] {processor.py:176} INFO - Processing /home/airflow/.local/lib/python3.7/site-packages/airflow/example_dags/example_xcomargs.py took 0.069 seconds
[2023-09-03T14:55:36.517+0000] {processor.py:154} INFO - Started process (PID=269) to work on /home/airflow/.local/lib/python3.7/site-packages/airflow/example_dags/example_xcomargs.py
[2023-09-03T14:55:36.518+0000] {processor.py:756} INFO - Processing file /home/airflow/.local/lib/python3.7/site-packages/airflow/example_dags/example_xcomargs.py for tasks to queue
[2023-09-03T14:55:36.518+0000] {logging_mixin.py:120} INFO - [2023-09-03T14:55:36.518+0000] {dagbag.py:537} INFO - Filling up the DagBag from /home/airflow/.local/lib/python3.7/site-packages/airflow/example_dags/example_xcomargs.py
[2023-09-03T14:55:36.532+0000] {processor.py:766} INFO - DAG(s) dict_keys(['example_xcom_args', 'example_xcom_args_with_operators']) retrieved from /home/airflow/.local/lib/python3.7/site-packages/airflow/example_dags/example_xcomargs.py
[2023-09-03T14:55:36.562+0000] {logging_mixin.py:120} INFO - [2023-09-03T14:55:36.562+0000] {dag.py:2585} INFO - Sync 2 DAGs
[2023-09-03T14:55:36.577+0000] {logging_mixin.py:120} INFO - [2023-09-03T14:55:36.577+0000] {dag.py:3340} INFO - Setting next_dagrun for example_xcom_args to None, run_after=None
[2023-09-03T14:55:36.579+0000] {logging_mixin.py:120} INFO - [2023-09-03T14:55:36.579+0000] {dag.py:3340} INFO - Setting next_dagrun for example_xcom_args_with_operators to None, run_after=None
[2023-09-03T14:55:36.588+0000] {processor.py:176} INFO - Processing /home/airflow/.local/lib/python3.7/site-packages/airflow/example_dags/example_xcomargs.py took 0.073 seconds
