[2023-09-03T14:54:03.185+0000] {processor.py:154} INFO - Started process (PID=68) to work on /home/airflow/.local/lib/python3.7/site-packages/airflow/example_dags/example_branch_python_dop_operator_3.py
[2023-09-03T14:54:03.187+0000] {processor.py:756} INFO - Processing file /home/airflow/.local/lib/python3.7/site-packages/airflow/example_dags/example_branch_python_dop_operator_3.py for tasks to queue
[2023-09-03T14:54:03.189+0000] {logging_mixin.py:120} INFO - [2023-09-03T14:54:03.189+0000] {dagbag.py:537} INFO - Filling up the DagBag from /home/airflow/.local/lib/python3.7/site-packages/airflow/example_dags/example_branch_python_dop_operator_3.py
[2023-09-03T14:54:03.277+0000] {processor.py:766} INFO - DAG(s) dict_keys(['example_branch_dop_operator_v3']) retrieved from /home/airflow/.local/lib/python3.7/site-packages/airflow/example_dags/example_branch_python_dop_operator_3.py
[2023-09-03T14:54:03.732+0000] {logging_mixin.py:120} INFO - [2023-09-03T14:54:03.732+0000] {manager.py:507} INFO - Created Permission View: can read on DAG:example_branch_dop_operator_v3
[2023-09-03T14:54:03.754+0000] {logging_mixin.py:120} INFO - [2023-09-03T14:54:03.754+0000] {manager.py:507} INFO - Created Permission View: can edit on DAG:example_branch_dop_operator_v3
[2023-09-03T14:54:03.771+0000] {logging_mixin.py:120} INFO - [2023-09-03T14:54:03.770+0000] {manager.py:507} INFO - Created Permission View: can delete on DAG:example_branch_dop_operator_v3
[2023-09-03T14:54:03.774+0000] {logging_mixin.py:120} INFO - [2023-09-03T14:54:03.774+0000] {dag.py:2585} INFO - Sync 1 DAGs
[2023-09-03T14:54:03.786+0000] {logging_mixin.py:120} INFO - [2023-09-03T14:54:03.786+0000] {dag.py:2606} INFO - Creating ORM DAG for example_branch_dop_operator_v3
[2023-09-03T14:54:03.833+0000] {logging_mixin.py:120} INFO - [2023-09-03T14:54:03.833+0000] {dag.py:3340} INFO - Setting next_dagrun for example_branch_dop_operator_v3 to 2023-09-03T14:53:00+00:00, run_after=2023-09-03T14:54:00+00:00
[2023-09-03T14:54:03.868+0000] {processor.py:176} INFO - Processing /home/airflow/.local/lib/python3.7/site-packages/airflow/example_dags/example_branch_python_dop_operator_3.py took 0.686 seconds
[2023-09-03T14:54:34.469+0000] {processor.py:154} INFO - Started process (PID=128) to work on /home/airflow/.local/lib/python3.7/site-packages/airflow/example_dags/example_branch_python_dop_operator_3.py
[2023-09-03T14:54:34.470+0000] {processor.py:756} INFO - Processing file /home/airflow/.local/lib/python3.7/site-packages/airflow/example_dags/example_branch_python_dop_operator_3.py for tasks to queue
[2023-09-03T14:54:34.471+0000] {logging_mixin.py:120} INFO - [2023-09-03T14:54:34.471+0000] {dagbag.py:537} INFO - Filling up the DagBag from /home/airflow/.local/lib/python3.7/site-packages/airflow/example_dags/example_branch_python_dop_operator_3.py
[2023-09-03T14:54:34.511+0000] {processor.py:766} INFO - DAG(s) dict_keys(['example_branch_dop_operator_v3']) retrieved from /home/airflow/.local/lib/python3.7/site-packages/airflow/example_dags/example_branch_python_dop_operator_3.py
[2023-09-03T14:54:34.585+0000] {logging_mixin.py:120} INFO - [2023-09-03T14:54:34.585+0000] {dag.py:2585} INFO - Sync 1 DAGs
[2023-09-03T14:54:34.636+0000] {logging_mixin.py:120} INFO - [2023-09-03T14:54:34.635+0000] {dag.py:3340} INFO - Setting next_dagrun for example_branch_dop_operator_v3 to 2023-09-03T14:53:00+00:00, run_after=2023-09-03T14:54:00+00:00
[2023-09-03T14:54:34.661+0000] {processor.py:176} INFO - Processing /home/airflow/.local/lib/python3.7/site-packages/airflow/example_dags/example_branch_python_dop_operator_3.py took 0.195 seconds
[2023-09-03T14:55:05.676+0000] {processor.py:154} INFO - Started process (PID=198) to work on /home/airflow/.local/lib/python3.7/site-packages/airflow/example_dags/example_branch_python_dop_operator_3.py
[2023-09-03T14:55:05.677+0000] {processor.py:756} INFO - Processing file /home/airflow/.local/lib/python3.7/site-packages/airflow/example_dags/example_branch_python_dop_operator_3.py for tasks to queue
[2023-09-03T14:55:05.678+0000] {logging_mixin.py:120} INFO - [2023-09-03T14:55:05.678+0000] {dagbag.py:537} INFO - Filling up the DagBag from /home/airflow/.local/lib/python3.7/site-packages/airflow/example_dags/example_branch_python_dop_operator_3.py
[2023-09-03T14:55:05.700+0000] {processor.py:766} INFO - DAG(s) dict_keys(['example_branch_dop_operator_v3']) retrieved from /home/airflow/.local/lib/python3.7/site-packages/airflow/example_dags/example_branch_python_dop_operator_3.py
[2023-09-03T14:55:05.730+0000] {logging_mixin.py:120} INFO - [2023-09-03T14:55:05.730+0000] {dag.py:2585} INFO - Sync 1 DAGs
[2023-09-03T14:55:05.746+0000] {logging_mixin.py:120} INFO - [2023-09-03T14:55:05.746+0000] {dag.py:3340} INFO - Setting next_dagrun for example_branch_dop_operator_v3 to 2023-09-03T14:54:00+00:00, run_after=2023-09-03T14:55:00+00:00
[2023-09-03T14:55:05.757+0000] {processor.py:176} INFO - Processing /home/airflow/.local/lib/python3.7/site-packages/airflow/example_dags/example_branch_python_dop_operator_3.py took 0.084 seconds
[2023-09-03T14:55:36.413+0000] {processor.py:154} INFO - Started process (PID=267) to work on /home/airflow/.local/lib/python3.7/site-packages/airflow/example_dags/example_branch_python_dop_operator_3.py
[2023-09-03T14:55:36.414+0000] {processor.py:756} INFO - Processing file /home/airflow/.local/lib/python3.7/site-packages/airflow/example_dags/example_branch_python_dop_operator_3.py for tasks to queue
[2023-09-03T14:55:36.415+0000] {logging_mixin.py:120} INFO - [2023-09-03T14:55:36.415+0000] {dagbag.py:537} INFO - Filling up the DagBag from /home/airflow/.local/lib/python3.7/site-packages/airflow/example_dags/example_branch_python_dop_operator_3.py
[2023-09-03T14:55:36.436+0000] {processor.py:766} INFO - DAG(s) dict_keys(['example_branch_dop_operator_v3']) retrieved from /home/airflow/.local/lib/python3.7/site-packages/airflow/example_dags/example_branch_python_dop_operator_3.py
[2023-09-03T14:55:36.471+0000] {logging_mixin.py:120} INFO - [2023-09-03T14:55:36.471+0000] {dag.py:2585} INFO - Sync 1 DAGs
[2023-09-03T14:55:36.489+0000] {logging_mixin.py:120} INFO - [2023-09-03T14:55:36.489+0000] {dag.py:3340} INFO - Setting next_dagrun for example_branch_dop_operator_v3 to 2023-09-03T14:54:00+00:00, run_after=2023-09-03T14:55:00+00:00
[2023-09-03T14:55:36.500+0000] {processor.py:176} INFO - Processing /home/airflow/.local/lib/python3.7/site-packages/airflow/example_dags/example_branch_python_dop_operator_3.py took 0.097 seconds
