[2023-09-03T14:54:05.766+0000] {processor.py:154} INFO - Started process (PID=79) to work on /home/airflow/.local/lib/python3.7/site-packages/airflow/example_dags/example_dag_decorator.py
[2023-09-03T14:54:05.770+0000] {processor.py:756} INFO - Processing file /home/airflow/.local/lib/python3.7/site-packages/airflow/example_dags/example_dag_decorator.py for tasks to queue
[2023-09-03T14:54:05.771+0000] {logging_mixin.py:120} INFO - [2023-09-03T14:54:05.771+0000] {dagbag.py:537} INFO - Filling up the DagBag from /home/airflow/.local/lib/python3.7/site-packages/airflow/example_dags/example_dag_decorator.py
[2023-09-03T14:54:05.789+0000] {logging_mixin.py:120} INFO - [2023-09-03T14:54:05.789+0000] {taskmixin.py:205} WARNING - Dependency <Task(_PythonDecoratedOperator): prepare_email>, send_email already registered for DAG: example_dag_decorator
[2023-09-03T14:54:05.789+0000] {logging_mixin.py:120} INFO - [2023-09-03T14:54:05.789+0000] {taskmixin.py:205} WARNING - Dependency <Task(EmailOperator): send_email>, prepare_email already registered for DAG: example_dag_decorator
[2023-09-03T14:54:05.805+0000] {processor.py:766} INFO - DAG(s) dict_keys(['example_dag_decorator']) retrieved from /home/airflow/.local/lib/python3.7/site-packages/airflow/example_dags/example_dag_decorator.py
[2023-09-03T14:54:05.901+0000] {logging_mixin.py:120} INFO - [2023-09-03T14:54:05.900+0000] {manager.py:507} INFO - Created Permission View: can read on DAG:example_dag_decorator
[2023-09-03T14:54:05.906+0000] {logging_mixin.py:120} INFO - [2023-09-03T14:54:05.906+0000] {manager.py:507} INFO - Created Permission View: can edit on DAG:example_dag_decorator
[2023-09-03T14:54:05.909+0000] {logging_mixin.py:120} INFO - [2023-09-03T14:54:05.909+0000] {manager.py:507} INFO - Created Permission View: can delete on DAG:example_dag_decorator
[2023-09-03T14:54:05.919+0000] {logging_mixin.py:120} INFO - [2023-09-03T14:54:05.919+0000] {dag.py:2585} INFO - Sync 1 DAGs
[2023-09-03T14:54:05.934+0000] {logging_mixin.py:120} INFO - [2023-09-03T14:54:05.934+0000] {dag.py:2606} INFO - Creating ORM DAG for example_dag_decorator
[2023-09-03T14:54:05.943+0000] {logging_mixin.py:120} INFO - [2023-09-03T14:54:05.943+0000] {dag.py:3340} INFO - Setting next_dagrun for example_dag_decorator to None, run_after=None
[2023-09-03T14:54:05.966+0000] {processor.py:176} INFO - Processing /home/airflow/.local/lib/python3.7/site-packages/airflow/example_dags/example_dag_decorator.py took 0.209 seconds
[2023-09-03T14:54:36.325+0000] {processor.py:154} INFO - Started process (PID=145) to work on /home/airflow/.local/lib/python3.7/site-packages/airflow/example_dags/example_dag_decorator.py
[2023-09-03T14:54:36.338+0000] {processor.py:756} INFO - Processing file /home/airflow/.local/lib/python3.7/site-packages/airflow/example_dags/example_dag_decorator.py for tasks to queue
[2023-09-03T14:54:36.341+0000] {logging_mixin.py:120} INFO - [2023-09-03T14:54:36.341+0000] {dagbag.py:537} INFO - Filling up the DagBag from /home/airflow/.local/lib/python3.7/site-packages/airflow/example_dags/example_dag_decorator.py
[2023-09-03T14:54:36.359+0000] {logging_mixin.py:120} INFO - [2023-09-03T14:54:36.359+0000] {taskmixin.py:205} WARNING - Dependency <Task(_PythonDecoratedOperator): prepare_email>, send_email already registered for DAG: example_dag_decorator
[2023-09-03T14:54:36.359+0000] {logging_mixin.py:120} INFO - [2023-09-03T14:54:36.359+0000] {taskmixin.py:205} WARNING - Dependency <Task(EmailOperator): send_email>, prepare_email already registered for DAG: example_dag_decorator
[2023-09-03T14:54:36.379+0000] {processor.py:766} INFO - DAG(s) dict_keys(['example_dag_decorator']) retrieved from /home/airflow/.local/lib/python3.7/site-packages/airflow/example_dags/example_dag_decorator.py
[2023-09-03T14:54:36.488+0000] {logging_mixin.py:120} INFO - [2023-09-03T14:54:36.488+0000] {dag.py:2585} INFO - Sync 1 DAGs
[2023-09-03T14:54:36.513+0000] {logging_mixin.py:120} INFO - [2023-09-03T14:54:36.513+0000] {dag.py:3340} INFO - Setting next_dagrun for example_dag_decorator to None, run_after=None
[2023-09-03T14:54:36.534+0000] {processor.py:176} INFO - Processing /home/airflow/.local/lib/python3.7/site-packages/airflow/example_dags/example_dag_decorator.py took 0.211 seconds
[2023-09-03T14:55:07.381+0000] {processor.py:154} INFO - Started process (PID=209) to work on /home/airflow/.local/lib/python3.7/site-packages/airflow/example_dags/example_dag_decorator.py
[2023-09-03T14:55:07.382+0000] {processor.py:756} INFO - Processing file /home/airflow/.local/lib/python3.7/site-packages/airflow/example_dags/example_dag_decorator.py for tasks to queue
[2023-09-03T14:55:07.382+0000] {logging_mixin.py:120} INFO - [2023-09-03T14:55:07.382+0000] {dagbag.py:537} INFO - Filling up the DagBag from /home/airflow/.local/lib/python3.7/site-packages/airflow/example_dags/example_dag_decorator.py
[2023-09-03T14:55:07.391+0000] {logging_mixin.py:120} INFO - [2023-09-03T14:55:07.391+0000] {taskmixin.py:205} WARNING - Dependency <Task(_PythonDecoratedOperator): prepare_email>, send_email already registered for DAG: example_dag_decorator
[2023-09-03T14:55:07.392+0000] {logging_mixin.py:120} INFO - [2023-09-03T14:55:07.391+0000] {taskmixin.py:205} WARNING - Dependency <Task(EmailOperator): send_email>, prepare_email already registered for DAG: example_dag_decorator
[2023-09-03T14:55:07.400+0000] {processor.py:766} INFO - DAG(s) dict_keys(['example_dag_decorator']) retrieved from /home/airflow/.local/lib/python3.7/site-packages/airflow/example_dags/example_dag_decorator.py
[2023-09-03T14:55:07.445+0000] {logging_mixin.py:120} INFO - [2023-09-03T14:55:07.445+0000] {dag.py:2585} INFO - Sync 1 DAGs
[2023-09-03T14:55:07.457+0000] {logging_mixin.py:120} INFO - [2023-09-03T14:55:07.457+0000] {dag.py:3340} INFO - Setting next_dagrun for example_dag_decorator to None, run_after=None
[2023-09-03T14:55:07.468+0000] {processor.py:176} INFO - Processing /home/airflow/.local/lib/python3.7/site-packages/airflow/example_dags/example_dag_decorator.py took 0.089 seconds
[2023-09-03T14:55:37.977+0000] {processor.py:154} INFO - Started process (PID=278) to work on /home/airflow/.local/lib/python3.7/site-packages/airflow/example_dags/example_dag_decorator.py
[2023-09-03T14:55:37.977+0000] {processor.py:756} INFO - Processing file /home/airflow/.local/lib/python3.7/site-packages/airflow/example_dags/example_dag_decorator.py for tasks to queue
[2023-09-03T14:55:37.978+0000] {logging_mixin.py:120} INFO - [2023-09-03T14:55:37.978+0000] {dagbag.py:537} INFO - Filling up the DagBag from /home/airflow/.local/lib/python3.7/site-packages/airflow/example_dags/example_dag_decorator.py
[2023-09-03T14:55:37.987+0000] {logging_mixin.py:120} INFO - [2023-09-03T14:55:37.987+0000] {taskmixin.py:205} WARNING - Dependency <Task(_PythonDecoratedOperator): prepare_email>, send_email already registered for DAG: example_dag_decorator
[2023-09-03T14:55:37.987+0000] {logging_mixin.py:120} INFO - [2023-09-03T14:55:37.987+0000] {taskmixin.py:205} WARNING - Dependency <Task(EmailOperator): send_email>, prepare_email already registered for DAG: example_dag_decorator
[2023-09-03T14:55:37.995+0000] {processor.py:766} INFO - DAG(s) dict_keys(['example_dag_decorator']) retrieved from /home/airflow/.local/lib/python3.7/site-packages/airflow/example_dags/example_dag_decorator.py
[2023-09-03T14:55:38.037+0000] {logging_mixin.py:120} INFO - [2023-09-03T14:55:38.037+0000] {dag.py:2585} INFO - Sync 1 DAGs
[2023-09-03T14:55:38.049+0000] {logging_mixin.py:120} INFO - [2023-09-03T14:55:38.049+0000] {dag.py:3340} INFO - Setting next_dagrun for example_dag_decorator to None, run_after=None
[2023-09-03T14:55:38.059+0000] {processor.py:176} INFO - Processing /home/airflow/.local/lib/python3.7/site-packages/airflow/example_dags/example_dag_decorator.py took 0.084 seconds
