[2023-09-03T14:54:05.246+0000] {processor.py:154} INFO - Started process (PID=76) to work on /home/airflow/.local/lib/python3.7/site-packages/airflow/example_dags/example_datasets.py
[2023-09-03T14:54:05.249+0000] {processor.py:756} INFO - Processing file /home/airflow/.local/lib/python3.7/site-packages/airflow/example_dags/example_datasets.py for tasks to queue
[2023-09-03T14:54:05.249+0000] {logging_mixin.py:120} INFO - [2023-09-03T14:54:05.249+0000] {dagbag.py:537} INFO - Filling up the DagBag from /home/airflow/.local/lib/python3.7/site-packages/airflow/example_dags/example_datasets.py
[2023-09-03T14:54:05.265+0000] {processor.py:766} INFO - DAG(s) dict_keys(['dataset_consumes_1_never_scheduled', 'dataset_consumes_1_and_2', 'dataset_produces_1', 'dataset_produces_2', 'dataset_consumes_1', 'dataset_consumes_unknown_never_scheduled']) retrieved from /home/airflow/.local/lib/python3.7/site-packages/airflow/example_dags/example_datasets.py
[2023-09-03T14:54:05.373+0000] {logging_mixin.py:120} INFO - [2023-09-03T14:54:05.373+0000] {manager.py:507} INFO - Created Permission View: can read on DAG:dataset_consumes_1_never_scheduled
[2023-09-03T14:54:05.381+0000] {logging_mixin.py:120} INFO - [2023-09-03T14:54:05.381+0000] {manager.py:507} INFO - Created Permission View: can edit on DAG:dataset_consumes_1_never_scheduled
[2023-09-03T14:54:05.385+0000] {logging_mixin.py:120} INFO - [2023-09-03T14:54:05.385+0000] {manager.py:507} INFO - Created Permission View: can delete on DAG:dataset_consumes_1_never_scheduled
[2023-09-03T14:54:05.394+0000] {logging_mixin.py:120} INFO - [2023-09-03T14:54:05.394+0000] {manager.py:507} INFO - Created Permission View: can read on DAG:dataset_consumes_1_and_2
[2023-09-03T14:54:05.402+0000] {logging_mixin.py:120} INFO - [2023-09-03T14:54:05.402+0000] {manager.py:507} INFO - Created Permission View: can edit on DAG:dataset_consumes_1_and_2
[2023-09-03T14:54:05.409+0000] {logging_mixin.py:120} INFO - [2023-09-03T14:54:05.409+0000] {manager.py:507} INFO - Created Permission View: can delete on DAG:dataset_consumes_1_and_2
[2023-09-03T14:54:05.419+0000] {logging_mixin.py:120} INFO - [2023-09-03T14:54:05.419+0000] {manager.py:507} INFO - Created Permission View: can read on DAG:dataset_produces_1
[2023-09-03T14:54:05.422+0000] {logging_mixin.py:120} INFO - [2023-09-03T14:54:05.422+0000] {manager.py:507} INFO - Created Permission View: can edit on DAG:dataset_produces_1
[2023-09-03T14:54:05.428+0000] {logging_mixin.py:120} INFO - [2023-09-03T14:54:05.428+0000] {manager.py:507} INFO - Created Permission View: can delete on DAG:dataset_produces_1
[2023-09-03T14:54:05.437+0000] {logging_mixin.py:120} INFO - [2023-09-03T14:54:05.437+0000] {manager.py:507} INFO - Created Permission View: can read on DAG:dataset_produces_2
[2023-09-03T14:54:05.441+0000] {logging_mixin.py:120} INFO - [2023-09-03T14:54:05.441+0000] {manager.py:507} INFO - Created Permission View: can edit on DAG:dataset_produces_2
[2023-09-03T14:54:05.445+0000] {logging_mixin.py:120} INFO - [2023-09-03T14:54:05.445+0000] {manager.py:507} INFO - Created Permission View: can delete on DAG:dataset_produces_2
[2023-09-03T14:54:05.453+0000] {logging_mixin.py:120} INFO - [2023-09-03T14:54:05.453+0000] {manager.py:507} INFO - Created Permission View: can read on DAG:dataset_consumes_1
[2023-09-03T14:54:05.457+0000] {logging_mixin.py:120} INFO - [2023-09-03T14:54:05.456+0000] {manager.py:507} INFO - Created Permission View: can edit on DAG:dataset_consumes_1
[2023-09-03T14:54:05.463+0000] {logging_mixin.py:120} INFO - [2023-09-03T14:54:05.463+0000] {manager.py:507} INFO - Created Permission View: can delete on DAG:dataset_consumes_1
[2023-09-03T14:54:05.473+0000] {logging_mixin.py:120} INFO - [2023-09-03T14:54:05.473+0000] {manager.py:507} INFO - Created Permission View: can read on DAG:dataset_consumes_unknown_never_scheduled
[2023-09-03T14:54:05.477+0000] {logging_mixin.py:120} INFO - [2023-09-03T14:54:05.476+0000] {manager.py:507} INFO - Created Permission View: can edit on DAG:dataset_consumes_unknown_never_scheduled
[2023-09-03T14:54:05.484+0000] {logging_mixin.py:120} INFO - [2023-09-03T14:54:05.484+0000] {manager.py:507} INFO - Created Permission View: can delete on DAG:dataset_consumes_unknown_never_scheduled
[2023-09-03T14:54:05.487+0000] {logging_mixin.py:120} INFO - [2023-09-03T14:54:05.487+0000] {dag.py:2585} INFO - Sync 6 DAGs
[2023-09-03T14:54:05.501+0000] {logging_mixin.py:120} INFO - [2023-09-03T14:54:05.500+0000] {dag.py:2606} INFO - Creating ORM DAG for dataset_consumes_1_never_scheduled
[2023-09-03T14:54:05.504+0000] {logging_mixin.py:120} INFO - [2023-09-03T14:54:05.504+0000] {dag.py:2606} INFO - Creating ORM DAG for dataset_produces_1
[2023-09-03T14:54:05.505+0000] {logging_mixin.py:120} INFO - [2023-09-03T14:54:05.504+0000] {dag.py:2606} INFO - Creating ORM DAG for dataset_produces_2
[2023-09-03T14:54:05.505+0000] {logging_mixin.py:120} INFO - [2023-09-03T14:54:05.505+0000] {dag.py:2606} INFO - Creating ORM DAG for dataset_consumes_unknown_never_scheduled
[2023-09-03T14:54:05.505+0000] {logging_mixin.py:120} INFO - [2023-09-03T14:54:05.505+0000] {dag.py:2606} INFO - Creating ORM DAG for dataset_consumes_1
[2023-09-03T14:54:05.506+0000] {logging_mixin.py:120} INFO - [2023-09-03T14:54:05.506+0000] {dag.py:2606} INFO - Creating ORM DAG for dataset_consumes_1_and_2
[2023-09-03T14:54:05.518+0000] {logging_mixin.py:120} INFO - [2023-09-03T14:54:05.518+0000] {dag.py:3340} INFO - Setting next_dagrun for dataset_consumes_1 to None, run_after=None
[2023-09-03T14:54:05.522+0000] {logging_mixin.py:120} INFO - [2023-09-03T14:54:05.522+0000] {dag.py:3340} INFO - Setting next_dagrun for dataset_consumes_1_and_2 to None, run_after=None
[2023-09-03T14:54:05.522+0000] {logging_mixin.py:120} INFO - [2023-09-03T14:54:05.522+0000] {dag.py:3340} INFO - Setting next_dagrun for dataset_consumes_1_never_scheduled to None, run_after=None
[2023-09-03T14:54:05.523+0000] {logging_mixin.py:120} INFO - [2023-09-03T14:54:05.523+0000] {dag.py:3340} INFO - Setting next_dagrun for dataset_consumes_unknown_never_scheduled to None, run_after=None
[2023-09-03T14:54:05.524+0000] {logging_mixin.py:120} INFO - [2023-09-03T14:54:05.524+0000] {dag.py:3340} INFO - Setting next_dagrun for dataset_produces_1 to 2023-09-02T00:00:00+00:00, run_after=2023-09-03T00:00:00+00:00
[2023-09-03T14:54:05.527+0000] {logging_mixin.py:120} INFO - [2023-09-03T14:54:05.527+0000] {dag.py:3340} INFO - Setting next_dagrun for dataset_produces_2 to None, run_after=None
[2023-09-03T14:54:05.562+0000] {processor.py:176} INFO - Processing /home/airflow/.local/lib/python3.7/site-packages/airflow/example_dags/example_datasets.py took 0.318 seconds
[2023-09-03T14:54:36.172+0000] {processor.py:154} INFO - Started process (PID=136) to work on /home/airflow/.local/lib/python3.7/site-packages/airflow/example_dags/example_datasets.py
[2023-09-03T14:54:36.173+0000] {processor.py:756} INFO - Processing file /home/airflow/.local/lib/python3.7/site-packages/airflow/example_dags/example_datasets.py for tasks to queue
[2023-09-03T14:54:36.174+0000] {logging_mixin.py:120} INFO - [2023-09-03T14:54:36.173+0000] {dagbag.py:537} INFO - Filling up the DagBag from /home/airflow/.local/lib/python3.7/site-packages/airflow/example_dags/example_datasets.py
[2023-09-03T14:54:36.187+0000] {processor.py:766} INFO - DAG(s) dict_keys(['dataset_produces_2', 'dataset_consumes_1', 'dataset_consumes_unknown_never_scheduled', 'dataset_produces_1', 'dataset_consumes_1_and_2', 'dataset_consumes_1_never_scheduled']) retrieved from /home/airflow/.local/lib/python3.7/site-packages/airflow/example_dags/example_datasets.py
[2023-09-03T14:54:36.223+0000] {logging_mixin.py:120} INFO - [2023-09-03T14:54:36.223+0000] {dag.py:2585} INFO - Sync 6 DAGs
[2023-09-03T14:54:36.240+0000] {logging_mixin.py:120} INFO - [2023-09-03T14:54:36.240+0000] {dag.py:3340} INFO - Setting next_dagrun for dataset_consumes_1 to None, run_after=None
[2023-09-03T14:54:36.243+0000] {logging_mixin.py:120} INFO - [2023-09-03T14:54:36.243+0000] {dag.py:3340} INFO - Setting next_dagrun for dataset_consumes_1_and_2 to None, run_after=None
[2023-09-03T14:54:36.243+0000] {logging_mixin.py:120} INFO - [2023-09-03T14:54:36.243+0000] {dag.py:3340} INFO - Setting next_dagrun for dataset_consumes_1_never_scheduled to None, run_after=None
[2023-09-03T14:54:36.244+0000] {logging_mixin.py:120} INFO - [2023-09-03T14:54:36.244+0000] {dag.py:3340} INFO - Setting next_dagrun for dataset_consumes_unknown_never_scheduled to None, run_after=None
[2023-09-03T14:54:36.250+0000] {logging_mixin.py:120} INFO - [2023-09-03T14:54:36.250+0000] {dag.py:3340} INFO - Setting next_dagrun for dataset_produces_1 to 2023-09-02T00:00:00+00:00, run_after=2023-09-03T00:00:00+00:00
[2023-09-03T14:54:36.252+0000] {logging_mixin.py:120} INFO - [2023-09-03T14:54:36.252+0000] {dag.py:3340} INFO - Setting next_dagrun for dataset_produces_2 to None, run_after=None
[2023-09-03T14:54:36.275+0000] {processor.py:176} INFO - Processing /home/airflow/.local/lib/python3.7/site-packages/airflow/example_dags/example_datasets.py took 0.106 seconds
[2023-09-03T14:55:07.187+0000] {processor.py:154} INFO - Started process (PID=206) to work on /home/airflow/.local/lib/python3.7/site-packages/airflow/example_dags/example_datasets.py
[2023-09-03T14:55:07.188+0000] {processor.py:756} INFO - Processing file /home/airflow/.local/lib/python3.7/site-packages/airflow/example_dags/example_datasets.py for tasks to queue
[2023-09-03T14:55:07.189+0000] {logging_mixin.py:120} INFO - [2023-09-03T14:55:07.189+0000] {dagbag.py:537} INFO - Filling up the DagBag from /home/airflow/.local/lib/python3.7/site-packages/airflow/example_dags/example_datasets.py
[2023-09-03T14:55:07.205+0000] {processor.py:766} INFO - DAG(s) dict_keys(['dataset_produces_2', 'dataset_consumes_unknown_never_scheduled', 'dataset_consumes_1_and_2', 'dataset_produces_1', 'dataset_consumes_1_never_scheduled', 'dataset_consumes_1']) retrieved from /home/airflow/.local/lib/python3.7/site-packages/airflow/example_dags/example_datasets.py
[2023-09-03T14:55:07.241+0000] {logging_mixin.py:120} INFO - [2023-09-03T14:55:07.241+0000] {dag.py:2585} INFO - Sync 6 DAGs
[2023-09-03T14:55:07.256+0000] {logging_mixin.py:120} INFO - [2023-09-03T14:55:07.256+0000] {dag.py:3340} INFO - Setting next_dagrun for dataset_consumes_1 to None, run_after=None
[2023-09-03T14:55:07.258+0000] {logging_mixin.py:120} INFO - [2023-09-03T14:55:07.258+0000] {dag.py:3340} INFO - Setting next_dagrun for dataset_consumes_1_and_2 to None, run_after=None
[2023-09-03T14:55:07.259+0000] {logging_mixin.py:120} INFO - [2023-09-03T14:55:07.258+0000] {dag.py:3340} INFO - Setting next_dagrun for dataset_consumes_1_never_scheduled to None, run_after=None
[2023-09-03T14:55:07.259+0000] {logging_mixin.py:120} INFO - [2023-09-03T14:55:07.259+0000] {dag.py:3340} INFO - Setting next_dagrun for dataset_consumes_unknown_never_scheduled to None, run_after=None
[2023-09-03T14:55:07.261+0000] {logging_mixin.py:120} INFO - [2023-09-03T14:55:07.261+0000] {dag.py:3340} INFO - Setting next_dagrun for dataset_produces_1 to 2023-09-02T00:00:00+00:00, run_after=2023-09-03T00:00:00+00:00
[2023-09-03T14:55:07.261+0000] {logging_mixin.py:120} INFO - [2023-09-03T14:55:07.261+0000] {dag.py:3340} INFO - Setting next_dagrun for dataset_produces_2 to None, run_after=None
[2023-09-03T14:55:07.279+0000] {processor.py:176} INFO - Processing /home/airflow/.local/lib/python3.7/site-packages/airflow/example_dags/example_datasets.py took 0.096 seconds
[2023-09-03T14:55:37.812+0000] {processor.py:154} INFO - Started process (PID=275) to work on /home/airflow/.local/lib/python3.7/site-packages/airflow/example_dags/example_datasets.py
[2023-09-03T14:55:37.813+0000] {processor.py:756} INFO - Processing file /home/airflow/.local/lib/python3.7/site-packages/airflow/example_dags/example_datasets.py for tasks to queue
[2023-09-03T14:55:37.814+0000] {logging_mixin.py:120} INFO - [2023-09-03T14:55:37.813+0000] {dagbag.py:537} INFO - Filling up the DagBag from /home/airflow/.local/lib/python3.7/site-packages/airflow/example_dags/example_datasets.py
[2023-09-03T14:55:37.824+0000] {processor.py:766} INFO - DAG(s) dict_keys(['dataset_consumes_unknown_never_scheduled', 'dataset_consumes_1_never_scheduled', 'dataset_produces_1', 'dataset_produces_2', 'dataset_consumes_1_and_2', 'dataset_consumes_1']) retrieved from /home/airflow/.local/lib/python3.7/site-packages/airflow/example_dags/example_datasets.py
[2023-09-03T14:55:37.857+0000] {logging_mixin.py:120} INFO - [2023-09-03T14:55:37.857+0000] {dag.py:2585} INFO - Sync 6 DAGs
[2023-09-03T14:55:37.870+0000] {logging_mixin.py:120} INFO - [2023-09-03T14:55:37.870+0000] {dag.py:3340} INFO - Setting next_dagrun for dataset_consumes_1 to None, run_after=None
[2023-09-03T14:55:37.872+0000] {logging_mixin.py:120} INFO - [2023-09-03T14:55:37.872+0000] {dag.py:3340} INFO - Setting next_dagrun for dataset_consumes_1_and_2 to None, run_after=None
[2023-09-03T14:55:37.872+0000] {logging_mixin.py:120} INFO - [2023-09-03T14:55:37.872+0000] {dag.py:3340} INFO - Setting next_dagrun for dataset_consumes_1_never_scheduled to None, run_after=None
[2023-09-03T14:55:37.873+0000] {logging_mixin.py:120} INFO - [2023-09-03T14:55:37.873+0000] {dag.py:3340} INFO - Setting next_dagrun for dataset_consumes_unknown_never_scheduled to None, run_after=None
[2023-09-03T14:55:37.874+0000] {logging_mixin.py:120} INFO - [2023-09-03T14:55:37.874+0000] {dag.py:3340} INFO - Setting next_dagrun for dataset_produces_1 to 2023-09-02T00:00:00+00:00, run_after=2023-09-03T00:00:00+00:00
[2023-09-03T14:55:37.875+0000] {logging_mixin.py:120} INFO - [2023-09-03T14:55:37.875+0000] {dag.py:3340} INFO - Setting next_dagrun for dataset_produces_2 to None, run_after=None
[2023-09-03T14:55:37.888+0000] {processor.py:176} INFO - Processing /home/airflow/.local/lib/python3.7/site-packages/airflow/example_dags/example_datasets.py took 0.078 seconds
