[2023-09-03T14:54:00.976+0000] {processor.py:154} INFO - Started process (PID=47) to work on /home/airflow/.local/lib/python3.7/site-packages/airflow/example_dags/example_short_circuit_decorator.py
[2023-09-03T14:54:00.978+0000] {processor.py:756} INFO - Processing file /home/airflow/.local/lib/python3.7/site-packages/airflow/example_dags/example_short_circuit_decorator.py for tasks to queue
[2023-09-03T14:54:00.978+0000] {logging_mixin.py:120} INFO - [2023-09-03T14:54:00.978+0000] {dagbag.py:537} INFO - Filling up the DagBag from /home/airflow/.local/lib/python3.7/site-packages/airflow/example_dags/example_short_circuit_decorator.py
[2023-09-03T14:54:01.000+0000] {processor.py:766} INFO - DAG(s) dict_keys(['example_short_circuit_decorator']) retrieved from /home/airflow/.local/lib/python3.7/site-packages/airflow/example_dags/example_short_circuit_decorator.py
[2023-09-03T14:54:01.110+0000] {logging_mixin.py:120} INFO - [2023-09-03T14:54:01.110+0000] {manager.py:507} INFO - Created Permission View: can read on DAG:example_short_circuit_decorator
[2023-09-03T14:54:01.117+0000] {logging_mixin.py:120} INFO - [2023-09-03T14:54:01.117+0000] {manager.py:507} INFO - Created Permission View: can edit on DAG:example_short_circuit_decorator
[2023-09-03T14:54:01.122+0000] {logging_mixin.py:120} INFO - [2023-09-03T14:54:01.122+0000] {manager.py:507} INFO - Created Permission View: can delete on DAG:example_short_circuit_decorator
[2023-09-03T14:54:01.122+0000] {logging_mixin.py:120} INFO - [2023-09-03T14:54:01.122+0000] {dag.py:2585} INFO - Sync 1 DAGs
[2023-09-03T14:54:01.134+0000] {logging_mixin.py:120} INFO - [2023-09-03T14:54:01.134+0000] {dag.py:2606} INFO - Creating ORM DAG for example_short_circuit_decorator
[2023-09-03T14:54:01.143+0000] {logging_mixin.py:120} INFO - [2023-09-03T14:54:01.143+0000] {dag.py:3340} INFO - Setting next_dagrun for example_short_circuit_decorator to 2023-09-02T14:54:01.143591+00:00, run_after=2023-09-03T14:54:01.143591+00:00
[2023-09-03T14:54:01.155+0000] {processor.py:176} INFO - Processing /home/airflow/.local/lib/python3.7/site-packages/airflow/example_dags/example_short_circuit_decorator.py took 0.182 seconds
[2023-09-03T14:54:31.710+0000] {processor.py:154} INFO - Started process (PID=117) to work on /home/airflow/.local/lib/python3.7/site-packages/airflow/example_dags/example_short_circuit_decorator.py
[2023-09-03T14:54:31.711+0000] {processor.py:756} INFO - Processing file /home/airflow/.local/lib/python3.7/site-packages/airflow/example_dags/example_short_circuit_decorator.py for tasks to queue
[2023-09-03T14:54:31.712+0000] {logging_mixin.py:120} INFO - [2023-09-03T14:54:31.712+0000] {dagbag.py:537} INFO - Filling up the DagBag from /home/airflow/.local/lib/python3.7/site-packages/airflow/example_dags/example_short_circuit_decorator.py
[2023-09-03T14:54:31.732+0000] {processor.py:766} INFO - DAG(s) dict_keys(['example_short_circuit_decorator']) retrieved from /home/airflow/.local/lib/python3.7/site-packages/airflow/example_dags/example_short_circuit_decorator.py
[2023-09-03T14:54:31.777+0000] {logging_mixin.py:120} INFO - [2023-09-03T14:54:31.777+0000] {dag.py:2585} INFO - Sync 1 DAGs
[2023-09-03T14:54:31.797+0000] {logging_mixin.py:120} INFO - [2023-09-03T14:54:31.796+0000] {dag.py:3340} INFO - Setting next_dagrun for example_short_circuit_decorator to 2023-09-02T14:54:31.796690+00:00, run_after=2023-09-03T14:54:31.796690+00:00
[2023-09-03T14:54:31.813+0000] {processor.py:176} INFO - Processing /home/airflow/.local/lib/python3.7/site-packages/airflow/example_dags/example_short_circuit_decorator.py took 0.107 seconds
[2023-09-03T14:55:01.830+0000] {processor.py:154} INFO - Started process (PID=185) to work on /home/airflow/.local/lib/python3.7/site-packages/airflow/example_dags/example_short_circuit_decorator.py
[2023-09-03T14:55:01.830+0000] {processor.py:756} INFO - Processing file /home/airflow/.local/lib/python3.7/site-packages/airflow/example_dags/example_short_circuit_decorator.py for tasks to queue
[2023-09-03T14:55:01.831+0000] {logging_mixin.py:120} INFO - [2023-09-03T14:55:01.831+0000] {dagbag.py:537} INFO - Filling up the DagBag from /home/airflow/.local/lib/python3.7/site-packages/airflow/example_dags/example_short_circuit_decorator.py
[2023-09-03T14:55:01.847+0000] {processor.py:766} INFO - DAG(s) dict_keys(['example_short_circuit_decorator']) retrieved from /home/airflow/.local/lib/python3.7/site-packages/airflow/example_dags/example_short_circuit_decorator.py
[2023-09-03T14:55:01.873+0000] {logging_mixin.py:120} INFO - [2023-09-03T14:55:01.873+0000] {dag.py:2585} INFO - Sync 1 DAGs
[2023-09-03T14:55:01.887+0000] {logging_mixin.py:120} INFO - [2023-09-03T14:55:01.887+0000] {dag.py:3340} INFO - Setting next_dagrun for example_short_circuit_decorator to 2023-09-02T14:55:01.887091+00:00, run_after=2023-09-03T14:55:01.887091+00:00
[2023-09-03T14:55:01.896+0000] {processor.py:176} INFO - Processing /home/airflow/.local/lib/python3.7/site-packages/airflow/example_dags/example_short_circuit_decorator.py took 0.068 seconds
[2023-09-03T14:55:32.551+0000] {processor.py:154} INFO - Started process (PID=254) to work on /home/airflow/.local/lib/python3.7/site-packages/airflow/example_dags/example_short_circuit_decorator.py
[2023-09-03T14:55:32.552+0000] {processor.py:756} INFO - Processing file /home/airflow/.local/lib/python3.7/site-packages/airflow/example_dags/example_short_circuit_decorator.py for tasks to queue
[2023-09-03T14:55:32.552+0000] {logging_mixin.py:120} INFO - [2023-09-03T14:55:32.552+0000] {dagbag.py:537} INFO - Filling up the DagBag from /home/airflow/.local/lib/python3.7/site-packages/airflow/example_dags/example_short_circuit_decorator.py
[2023-09-03T14:55:32.566+0000] {processor.py:766} INFO - DAG(s) dict_keys(['example_short_circuit_decorator']) retrieved from /home/airflow/.local/lib/python3.7/site-packages/airflow/example_dags/example_short_circuit_decorator.py
[2023-09-03T14:55:32.590+0000] {logging_mixin.py:120} INFO - [2023-09-03T14:55:32.590+0000] {dag.py:2585} INFO - Sync 1 DAGs
[2023-09-03T14:55:32.603+0000] {logging_mixin.py:120} INFO - [2023-09-03T14:55:32.603+0000] {dag.py:3340} INFO - Setting next_dagrun for example_short_circuit_decorator to 2023-09-02T14:55:32.603242+00:00, run_after=2023-09-03T14:55:32.603242+00:00
[2023-09-03T14:55:32.613+0000] {processor.py:176} INFO - Processing /home/airflow/.local/lib/python3.7/site-packages/airflow/example_dags/example_short_circuit_decorator.py took 0.064 seconds
