[2023-09-03T14:54:00.757+0000] {processor.py:154} INFO - Started process (PID=46) to work on /home/airflow/.local/lib/python3.7/site-packages/airflow/example_dags/example_complex.py
[2023-09-03T14:54:00.758+0000] {processor.py:756} INFO - Processing file /home/airflow/.local/lib/python3.7/site-packages/airflow/example_dags/example_complex.py for tasks to queue
[2023-09-03T14:54:00.758+0000] {logging_mixin.py:120} INFO - [2023-09-03T14:54:00.758+0000] {dagbag.py:537} INFO - Filling up the DagBag from /home/airflow/.local/lib/python3.7/site-packages/airflow/example_dags/example_complex.py
[2023-09-03T14:54:00.768+0000] {logging_mixin.py:120} INFO - [2023-09-03T14:54:00.768+0000] {taskmixin.py:205} WARNING - Dependency <Task(BashOperator): create_entry_group>, delete_entry_group already registered for DAG: example_complex
[2023-09-03T14:54:00.768+0000] {logging_mixin.py:120} INFO - [2023-09-03T14:54:00.768+0000] {taskmixin.py:205} WARNING - Dependency <Task(BashOperator): delete_entry_group>, create_entry_group already registered for DAG: example_complex
[2023-09-03T14:54:00.769+0000] {logging_mixin.py:120} INFO - [2023-09-03T14:54:00.769+0000] {taskmixin.py:205} WARNING - Dependency <Task(BashOperator): create_entry_gcs>, delete_entry already registered for DAG: example_complex
[2023-09-03T14:54:00.769+0000] {logging_mixin.py:120} INFO - [2023-09-03T14:54:00.769+0000] {taskmixin.py:205} WARNING - Dependency <Task(BashOperator): delete_entry>, create_entry_gcs already registered for DAG: example_complex
[2023-09-03T14:54:00.770+0000] {logging_mixin.py:120} INFO - [2023-09-03T14:54:00.770+0000] {taskmixin.py:205} WARNING - Dependency <Task(BashOperator): create_tag>, delete_tag already registered for DAG: example_complex
[2023-09-03T14:54:00.770+0000] {logging_mixin.py:120} INFO - [2023-09-03T14:54:00.770+0000] {taskmixin.py:205} WARNING - Dependency <Task(BashOperator): delete_tag>, create_tag already registered for DAG: example_complex
[2023-09-03T14:54:00.778+0000] {processor.py:766} INFO - DAG(s) dict_keys(['example_complex']) retrieved from /home/airflow/.local/lib/python3.7/site-packages/airflow/example_dags/example_complex.py
[2023-09-03T14:54:00.946+0000] {logging_mixin.py:120} INFO - [2023-09-03T14:54:00.946+0000] {manager.py:507} INFO - Created Permission View: can read on DAG:example_complex
[2023-09-03T14:54:00.959+0000] {logging_mixin.py:120} INFO - [2023-09-03T14:54:00.959+0000] {manager.py:507} INFO - Created Permission View: can edit on DAG:example_complex
[2023-09-03T14:54:00.964+0000] {logging_mixin.py:120} INFO - [2023-09-03T14:54:00.964+0000] {manager.py:507} INFO - Created Permission View: can delete on DAG:example_complex
[2023-09-03T14:54:00.965+0000] {logging_mixin.py:120} INFO - [2023-09-03T14:54:00.965+0000] {dag.py:2585} INFO - Sync 1 DAGs
[2023-09-03T14:54:00.976+0000] {logging_mixin.py:120} INFO - [2023-09-03T14:54:00.976+0000] {dag.py:2606} INFO - Creating ORM DAG for example_complex
[2023-09-03T14:54:00.986+0000] {logging_mixin.py:120} INFO - [2023-09-03T14:54:00.985+0000] {dag.py:3340} INFO - Setting next_dagrun for example_complex to None, run_after=None
[2023-09-03T14:54:01.003+0000] {processor.py:176} INFO - Processing /home/airflow/.local/lib/python3.7/site-packages/airflow/example_dags/example_complex.py took 0.249 seconds
[2023-09-03T14:54:31.523+0000] {processor.py:154} INFO - Started process (PID=116) to work on /home/airflow/.local/lib/python3.7/site-packages/airflow/example_dags/example_complex.py
[2023-09-03T14:54:31.524+0000] {processor.py:756} INFO - Processing file /home/airflow/.local/lib/python3.7/site-packages/airflow/example_dags/example_complex.py for tasks to queue
[2023-09-03T14:54:31.524+0000] {logging_mixin.py:120} INFO - [2023-09-03T14:54:31.524+0000] {dagbag.py:537} INFO - Filling up the DagBag from /home/airflow/.local/lib/python3.7/site-packages/airflow/example_dags/example_complex.py
[2023-09-03T14:54:31.533+0000] {logging_mixin.py:120} INFO - [2023-09-03T14:54:31.533+0000] {taskmixin.py:205} WARNING - Dependency <Task(BashOperator): create_entry_group>, delete_entry_group already registered for DAG: example_complex
[2023-09-03T14:54:31.533+0000] {logging_mixin.py:120} INFO - [2023-09-03T14:54:31.533+0000] {taskmixin.py:205} WARNING - Dependency <Task(BashOperator): delete_entry_group>, create_entry_group already registered for DAG: example_complex
[2023-09-03T14:54:31.533+0000] {logging_mixin.py:120} INFO - [2023-09-03T14:54:31.533+0000] {taskmixin.py:205} WARNING - Dependency <Task(BashOperator): create_entry_gcs>, delete_entry already registered for DAG: example_complex
[2023-09-03T14:54:31.534+0000] {logging_mixin.py:120} INFO - [2023-09-03T14:54:31.533+0000] {taskmixin.py:205} WARNING - Dependency <Task(BashOperator): delete_entry>, create_entry_gcs already registered for DAG: example_complex
[2023-09-03T14:54:31.534+0000] {logging_mixin.py:120} INFO - [2023-09-03T14:54:31.534+0000] {taskmixin.py:205} WARNING - Dependency <Task(BashOperator): create_tag>, delete_tag already registered for DAG: example_complex
[2023-09-03T14:54:31.534+0000] {logging_mixin.py:120} INFO - [2023-09-03T14:54:31.534+0000] {taskmixin.py:205} WARNING - Dependency <Task(BashOperator): delete_tag>, create_tag already registered for DAG: example_complex
[2023-09-03T14:54:31.545+0000] {processor.py:766} INFO - DAG(s) dict_keys(['example_complex']) retrieved from /home/airflow/.local/lib/python3.7/site-packages/airflow/example_dags/example_complex.py
[2023-09-03T14:54:31.608+0000] {logging_mixin.py:120} INFO - [2023-09-03T14:54:31.608+0000] {dag.py:2585} INFO - Sync 1 DAGs
[2023-09-03T14:54:31.645+0000] {logging_mixin.py:120} INFO - [2023-09-03T14:54:31.645+0000] {dag.py:3340} INFO - Setting next_dagrun for example_complex to None, run_after=None
[2023-09-03T14:54:31.682+0000] {processor.py:176} INFO - Processing /home/airflow/.local/lib/python3.7/site-packages/airflow/example_dags/example_complex.py took 0.162 seconds
[2023-09-03T14:55:01.748+0000] {processor.py:154} INFO - Started process (PID=184) to work on /home/airflow/.local/lib/python3.7/site-packages/airflow/example_dags/example_complex.py
[2023-09-03T14:55:01.749+0000] {processor.py:756} INFO - Processing file /home/airflow/.local/lib/python3.7/site-packages/airflow/example_dags/example_complex.py for tasks to queue
[2023-09-03T14:55:01.750+0000] {logging_mixin.py:120} INFO - [2023-09-03T14:55:01.750+0000] {dagbag.py:537} INFO - Filling up the DagBag from /home/airflow/.local/lib/python3.7/site-packages/airflow/example_dags/example_complex.py
[2023-09-03T14:55:01.757+0000] {logging_mixin.py:120} INFO - [2023-09-03T14:55:01.757+0000] {taskmixin.py:205} WARNING - Dependency <Task(BashOperator): create_entry_group>, delete_entry_group already registered for DAG: example_complex
[2023-09-03T14:55:01.758+0000] {logging_mixin.py:120} INFO - [2023-09-03T14:55:01.757+0000] {taskmixin.py:205} WARNING - Dependency <Task(BashOperator): delete_entry_group>, create_entry_group already registered for DAG: example_complex
[2023-09-03T14:55:01.758+0000] {logging_mixin.py:120} INFO - [2023-09-03T14:55:01.758+0000] {taskmixin.py:205} WARNING - Dependency <Task(BashOperator): create_entry_gcs>, delete_entry already registered for DAG: example_complex
[2023-09-03T14:55:01.758+0000] {logging_mixin.py:120} INFO - [2023-09-03T14:55:01.758+0000] {taskmixin.py:205} WARNING - Dependency <Task(BashOperator): delete_entry>, create_entry_gcs already registered for DAG: example_complex
[2023-09-03T14:55:01.758+0000] {logging_mixin.py:120} INFO - [2023-09-03T14:55:01.758+0000] {taskmixin.py:205} WARNING - Dependency <Task(BashOperator): create_tag>, delete_tag already registered for DAG: example_complex
[2023-09-03T14:55:01.758+0000] {logging_mixin.py:120} INFO - [2023-09-03T14:55:01.758+0000] {taskmixin.py:205} WARNING - Dependency <Task(BashOperator): delete_tag>, create_tag already registered for DAG: example_complex
[2023-09-03T14:55:01.763+0000] {processor.py:766} INFO - DAG(s) dict_keys(['example_complex']) retrieved from /home/airflow/.local/lib/python3.7/site-packages/airflow/example_dags/example_complex.py
[2023-09-03T14:55:01.791+0000] {logging_mixin.py:120} INFO - [2023-09-03T14:55:01.790+0000] {dag.py:2585} INFO - Sync 1 DAGs
[2023-09-03T14:55:01.805+0000] {logging_mixin.py:120} INFO - [2023-09-03T14:55:01.805+0000] {dag.py:3340} INFO - Setting next_dagrun for example_complex to None, run_after=None
[2023-09-03T14:55:01.815+0000] {processor.py:176} INFO - Processing /home/airflow/.local/lib/python3.7/site-packages/airflow/example_dags/example_complex.py took 0.069 seconds
[2023-09-03T14:55:32.476+0000] {processor.py:154} INFO - Started process (PID=253) to work on /home/airflow/.local/lib/python3.7/site-packages/airflow/example_dags/example_complex.py
[2023-09-03T14:55:32.477+0000] {processor.py:756} INFO - Processing file /home/airflow/.local/lib/python3.7/site-packages/airflow/example_dags/example_complex.py for tasks to queue
[2023-09-03T14:55:32.477+0000] {logging_mixin.py:120} INFO - [2023-09-03T14:55:32.477+0000] {dagbag.py:537} INFO - Filling up the DagBag from /home/airflow/.local/lib/python3.7/site-packages/airflow/example_dags/example_complex.py
[2023-09-03T14:55:32.484+0000] {logging_mixin.py:120} INFO - [2023-09-03T14:55:32.484+0000] {taskmixin.py:205} WARNING - Dependency <Task(BashOperator): create_entry_group>, delete_entry_group already registered for DAG: example_complex
[2023-09-03T14:55:32.484+0000] {logging_mixin.py:120} INFO - [2023-09-03T14:55:32.484+0000] {taskmixin.py:205} WARNING - Dependency <Task(BashOperator): delete_entry_group>, create_entry_group already registered for DAG: example_complex
[2023-09-03T14:55:32.484+0000] {logging_mixin.py:120} INFO - [2023-09-03T14:55:32.484+0000] {taskmixin.py:205} WARNING - Dependency <Task(BashOperator): create_entry_gcs>, delete_entry already registered for DAG: example_complex
[2023-09-03T14:55:32.484+0000] {logging_mixin.py:120} INFO - [2023-09-03T14:55:32.484+0000] {taskmixin.py:205} WARNING - Dependency <Task(BashOperator): delete_entry>, create_entry_gcs already registered for DAG: example_complex
[2023-09-03T14:55:32.485+0000] {logging_mixin.py:120} INFO - [2023-09-03T14:55:32.484+0000] {taskmixin.py:205} WARNING - Dependency <Task(BashOperator): create_tag>, delete_tag already registered for DAG: example_complex
[2023-09-03T14:55:32.485+0000] {logging_mixin.py:120} INFO - [2023-09-03T14:55:32.485+0000] {taskmixin.py:205} WARNING - Dependency <Task(BashOperator): delete_tag>, create_tag already registered for DAG: example_complex
[2023-09-03T14:55:32.489+0000] {processor.py:766} INFO - DAG(s) dict_keys(['example_complex']) retrieved from /home/airflow/.local/lib/python3.7/site-packages/airflow/example_dags/example_complex.py
[2023-09-03T14:55:32.516+0000] {logging_mixin.py:120} INFO - [2023-09-03T14:55:32.516+0000] {dag.py:2585} INFO - Sync 1 DAGs
[2023-09-03T14:55:32.529+0000] {logging_mixin.py:120} INFO - [2023-09-03T14:55:32.529+0000] {dag.py:3340} INFO - Setting next_dagrun for example_complex to None, run_after=None
[2023-09-03T14:55:32.539+0000] {processor.py:176} INFO - Processing /home/airflow/.local/lib/python3.7/site-packages/airflow/example_dags/example_complex.py took 0.065 seconds
