[2023-09-03T14:53:59.491+0000] {processor.py:154} INFO - Started process (PID=40) to work on /home/airflow/.local/lib/python3.7/site-packages/airflow/example_dags/example_short_circuit_operator.py
[2023-09-03T14:53:59.492+0000] {processor.py:756} INFO - Processing file /home/airflow/.local/lib/python3.7/site-packages/airflow/example_dags/example_short_circuit_operator.py for tasks to queue
[2023-09-03T14:53:59.493+0000] {logging_mixin.py:120} INFO - [2023-09-03T14:53:59.493+0000] {dagbag.py:537} INFO - Filling up the DagBag from /home/airflow/.local/lib/python3.7/site-packages/airflow/example_dags/example_short_circuit_operator.py
[2023-09-03T14:53:59.521+0000] {processor.py:766} INFO - DAG(s) dict_keys(['example_short_circuit_operator']) retrieved from /home/airflow/.local/lib/python3.7/site-packages/airflow/example_dags/example_short_circuit_operator.py
[2023-09-03T14:53:59.671+0000] {logging_mixin.py:120} INFO - [2023-09-03T14:53:59.671+0000] {manager.py:507} INFO - Created Permission View: can read on DAG:example_short_circuit_operator
[2023-09-03T14:53:59.679+0000] {logging_mixin.py:120} INFO - [2023-09-03T14:53:59.679+0000] {manager.py:507} INFO - Created Permission View: can edit on DAG:example_short_circuit_operator
[2023-09-03T14:53:59.698+0000] {logging_mixin.py:120} INFO - [2023-09-03T14:53:59.698+0000] {manager.py:507} INFO - Created Permission View: can delete on DAG:example_short_circuit_operator
[2023-09-03T14:53:59.699+0000] {logging_mixin.py:120} INFO - [2023-09-03T14:53:59.699+0000] {dag.py:2585} INFO - Sync 1 DAGs
[2023-09-03T14:53:59.725+0000] {logging_mixin.py:120} INFO - [2023-09-03T14:53:59.724+0000] {dag.py:2606} INFO - Creating ORM DAG for example_short_circuit_operator
[2023-09-03T14:53:59.744+0000] {logging_mixin.py:120} INFO - [2023-09-03T14:53:59.744+0000] {dag.py:3340} INFO - Setting next_dagrun for example_short_circuit_operator to 2023-09-02T14:53:59.744231+00:00, run_after=2023-09-03T14:53:59.744231+00:00
[2023-09-03T14:53:59.780+0000] {processor.py:176} INFO - Processing /home/airflow/.local/lib/python3.7/site-packages/airflow/example_dags/example_short_circuit_operator.py took 0.293 seconds
[2023-09-03T14:54:30.087+0000] {processor.py:154} INFO - Started process (PID=108) to work on /home/airflow/.local/lib/python3.7/site-packages/airflow/example_dags/example_short_circuit_operator.py
[2023-09-03T14:54:30.088+0000] {processor.py:756} INFO - Processing file /home/airflow/.local/lib/python3.7/site-packages/airflow/example_dags/example_short_circuit_operator.py for tasks to queue
[2023-09-03T14:54:30.088+0000] {logging_mixin.py:120} INFO - [2023-09-03T14:54:30.088+0000] {dagbag.py:537} INFO - Filling up the DagBag from /home/airflow/.local/lib/python3.7/site-packages/airflow/example_dags/example_short_circuit_operator.py
[2023-09-03T14:54:30.100+0000] {processor.py:766} INFO - DAG(s) dict_keys(['example_short_circuit_operator']) retrieved from /home/airflow/.local/lib/python3.7/site-packages/airflow/example_dags/example_short_circuit_operator.py
[2023-09-03T14:54:30.125+0000] {logging_mixin.py:120} INFO - [2023-09-03T14:54:30.125+0000] {dag.py:2585} INFO - Sync 1 DAGs
[2023-09-03T14:54:30.138+0000] {logging_mixin.py:120} INFO - [2023-09-03T14:54:30.138+0000] {dag.py:3340} INFO - Setting next_dagrun for example_short_circuit_operator to 2023-09-02T14:54:30.138335+00:00, run_after=2023-09-03T14:54:30.138335+00:00
[2023-09-03T14:54:30.149+0000] {processor.py:176} INFO - Processing /home/airflow/.local/lib/python3.7/site-packages/airflow/example_dags/example_short_circuit_operator.py took 0.064 seconds
[2023-09-03T14:55:00.451+0000] {processor.py:154} INFO - Started process (PID=178) to work on /home/airflow/.local/lib/python3.7/site-packages/airflow/example_dags/example_short_circuit_operator.py
[2023-09-03T14:55:00.452+0000] {processor.py:756} INFO - Processing file /home/airflow/.local/lib/python3.7/site-packages/airflow/example_dags/example_short_circuit_operator.py for tasks to queue
[2023-09-03T14:55:00.452+0000] {logging_mixin.py:120} INFO - [2023-09-03T14:55:00.452+0000] {dagbag.py:537} INFO - Filling up the DagBag from /home/airflow/.local/lib/python3.7/site-packages/airflow/example_dags/example_short_circuit_operator.py
[2023-09-03T14:55:00.464+0000] {processor.py:766} INFO - DAG(s) dict_keys(['example_short_circuit_operator']) retrieved from /home/airflow/.local/lib/python3.7/site-packages/airflow/example_dags/example_short_circuit_operator.py
[2023-09-03T14:55:00.488+0000] {logging_mixin.py:120} INFO - [2023-09-03T14:55:00.488+0000] {dag.py:2585} INFO - Sync 1 DAGs
[2023-09-03T14:55:00.502+0000] {logging_mixin.py:120} INFO - [2023-09-03T14:55:00.502+0000] {dag.py:3340} INFO - Setting next_dagrun for example_short_circuit_operator to 2023-09-02T14:55:00.502303+00:00, run_after=2023-09-03T14:55:00.502303+00:00
[2023-09-03T14:55:00.514+0000] {processor.py:176} INFO - Processing /home/airflow/.local/lib/python3.7/site-packages/airflow/example_dags/example_short_circuit_operator.py took 0.065 seconds
[2023-09-03T14:55:31.169+0000] {processor.py:154} INFO - Started process (PID=247) to work on /home/airflow/.local/lib/python3.7/site-packages/airflow/example_dags/example_short_circuit_operator.py
[2023-09-03T14:55:31.170+0000] {processor.py:756} INFO - Processing file /home/airflow/.local/lib/python3.7/site-packages/airflow/example_dags/example_short_circuit_operator.py for tasks to queue
[2023-09-03T14:55:31.171+0000] {logging_mixin.py:120} INFO - [2023-09-03T14:55:31.171+0000] {dagbag.py:537} INFO - Filling up the DagBag from /home/airflow/.local/lib/python3.7/site-packages/airflow/example_dags/example_short_circuit_operator.py
[2023-09-03T14:55:31.183+0000] {processor.py:766} INFO - DAG(s) dict_keys(['example_short_circuit_operator']) retrieved from /home/airflow/.local/lib/python3.7/site-packages/airflow/example_dags/example_short_circuit_operator.py
[2023-09-03T14:55:31.210+0000] {logging_mixin.py:120} INFO - [2023-09-03T14:55:31.210+0000] {dag.py:2585} INFO - Sync 1 DAGs
[2023-09-03T14:55:31.227+0000] {logging_mixin.py:120} INFO - [2023-09-03T14:55:31.227+0000] {dag.py:3340} INFO - Setting next_dagrun for example_short_circuit_operator to 2023-09-02T14:55:31.227316+00:00, run_after=2023-09-03T14:55:31.227316+00:00
[2023-09-03T14:55:31.244+0000] {processor.py:176} INFO - Processing /home/airflow/.local/lib/python3.7/site-packages/airflow/example_dags/example_short_circuit_operator.py took 0.078 seconds
