[2023-09-03T14:54:06.239+0000] {processor.py:154} INFO - Started process (PID=82) to work on /home/airflow/.local/lib/python3.7/site-packages/airflow/example_dags/example_latest_only.py
[2023-09-03T14:54:06.242+0000] {processor.py:756} INFO - Processing file /home/airflow/.local/lib/python3.7/site-packages/airflow/example_dags/example_latest_only.py for tasks to queue
[2023-09-03T14:54:06.246+0000] {logging_mixin.py:120} INFO - [2023-09-03T14:54:06.246+0000] {dagbag.py:537} INFO - Filling up the DagBag from /home/airflow/.local/lib/python3.7/site-packages/airflow/example_dags/example_latest_only.py
[2023-09-03T14:54:06.273+0000] {processor.py:766} INFO - DAG(s) dict_keys(['latest_only']) retrieved from /home/airflow/.local/lib/python3.7/site-packages/airflow/example_dags/example_latest_only.py
[2023-09-03T14:54:06.392+0000] {logging_mixin.py:120} INFO - [2023-09-03T14:54:06.392+0000] {manager.py:507} INFO - Created Permission View: can read on DAG:latest_only
[2023-09-03T14:54:06.405+0000] {logging_mixin.py:120} INFO - [2023-09-03T14:54:06.405+0000] {manager.py:507} INFO - Created Permission View: can edit on DAG:latest_only
[2023-09-03T14:54:06.418+0000] {logging_mixin.py:120} INFO - [2023-09-03T14:54:06.418+0000] {manager.py:507} INFO - Created Permission View: can delete on DAG:latest_only
[2023-09-03T14:54:06.420+0000] {logging_mixin.py:120} INFO - [2023-09-03T14:54:06.419+0000] {dag.py:2585} INFO - Sync 1 DAGs
[2023-09-03T14:54:06.434+0000] {logging_mixin.py:120} INFO - [2023-09-03T14:54:06.434+0000] {dag.py:2606} INFO - Creating ORM DAG for latest_only
[2023-09-03T14:54:06.441+0000] {logging_mixin.py:120} INFO - [2023-09-03T14:54:06.441+0000] {dag.py:3340} INFO - Setting next_dagrun for latest_only to 2023-09-03T10:54:06.441621+00:00, run_after=2023-09-03T14:54:06.441621+00:00
[2023-09-03T14:54:06.462+0000] {processor.py:176} INFO - Processing /home/airflow/.local/lib/python3.7/site-packages/airflow/example_dags/example_latest_only.py took 0.228 seconds
[2023-09-03T14:54:36.636+0000] {processor.py:154} INFO - Started process (PID=151) to work on /home/airflow/.local/lib/python3.7/site-packages/airflow/example_dags/example_latest_only.py
[2023-09-03T14:54:36.645+0000] {processor.py:756} INFO - Processing file /home/airflow/.local/lib/python3.7/site-packages/airflow/example_dags/example_latest_only.py for tasks to queue
[2023-09-03T14:54:36.646+0000] {logging_mixin.py:120} INFO - [2023-09-03T14:54:36.646+0000] {dagbag.py:537} INFO - Filling up the DagBag from /home/airflow/.local/lib/python3.7/site-packages/airflow/example_dags/example_latest_only.py
[2023-09-03T14:54:36.665+0000] {processor.py:766} INFO - DAG(s) dict_keys(['latest_only']) retrieved from /home/airflow/.local/lib/python3.7/site-packages/airflow/example_dags/example_latest_only.py
[2023-09-03T14:54:36.727+0000] {logging_mixin.py:120} INFO - [2023-09-03T14:54:36.727+0000] {dag.py:2585} INFO - Sync 1 DAGs
[2023-09-03T14:54:36.775+0000] {logging_mixin.py:120} INFO - [2023-09-03T14:54:36.770+0000] {dag.py:3340} INFO - Setting next_dagrun for latest_only to 2023-09-03T10:54:36.770588+00:00, run_after=2023-09-03T14:54:36.770588+00:00
[2023-09-03T14:54:36.818+0000] {processor.py:176} INFO - Processing /home/airflow/.local/lib/python3.7/site-packages/airflow/example_dags/example_latest_only.py took 0.187 seconds
[2023-09-03T14:55:07.564+0000] {processor.py:154} INFO - Started process (PID=212) to work on /home/airflow/.local/lib/python3.7/site-packages/airflow/example_dags/example_latest_only.py
[2023-09-03T14:55:07.564+0000] {processor.py:756} INFO - Processing file /home/airflow/.local/lib/python3.7/site-packages/airflow/example_dags/example_latest_only.py for tasks to queue
[2023-09-03T14:55:07.565+0000] {logging_mixin.py:120} INFO - [2023-09-03T14:55:07.565+0000] {dagbag.py:537} INFO - Filling up the DagBag from /home/airflow/.local/lib/python3.7/site-packages/airflow/example_dags/example_latest_only.py
[2023-09-03T14:55:07.575+0000] {processor.py:766} INFO - DAG(s) dict_keys(['latest_only']) retrieved from /home/airflow/.local/lib/python3.7/site-packages/airflow/example_dags/example_latest_only.py
[2023-09-03T14:55:07.600+0000] {logging_mixin.py:120} INFO - [2023-09-03T14:55:07.600+0000] {dag.py:2585} INFO - Sync 1 DAGs
[2023-09-03T14:55:07.615+0000] {logging_mixin.py:120} INFO - [2023-09-03T14:55:07.615+0000] {dag.py:3340} INFO - Setting next_dagrun for latest_only to 2023-09-03T10:55:07.615595+00:00, run_after=2023-09-03T14:55:07.615595+00:00
[2023-09-03T14:55:07.625+0000] {processor.py:176} INFO - Processing /home/airflow/.local/lib/python3.7/site-packages/airflow/example_dags/example_latest_only.py took 0.064 seconds
[2023-09-03T14:55:38.170+0000] {processor.py:154} INFO - Started process (PID=282) to work on /home/airflow/.local/lib/python3.7/site-packages/airflow/example_dags/example_latest_only.py
[2023-09-03T14:55:38.171+0000] {processor.py:756} INFO - Processing file /home/airflow/.local/lib/python3.7/site-packages/airflow/example_dags/example_latest_only.py for tasks to queue
[2023-09-03T14:55:38.171+0000] {logging_mixin.py:120} INFO - [2023-09-03T14:55:38.171+0000] {dagbag.py:537} INFO - Filling up the DagBag from /home/airflow/.local/lib/python3.7/site-packages/airflow/example_dags/example_latest_only.py
[2023-09-03T14:55:38.180+0000] {processor.py:766} INFO - DAG(s) dict_keys(['latest_only']) retrieved from /home/airflow/.local/lib/python3.7/site-packages/airflow/example_dags/example_latest_only.py
[2023-09-03T14:55:38.209+0000] {logging_mixin.py:120} INFO - [2023-09-03T14:55:38.209+0000] {dag.py:2585} INFO - Sync 1 DAGs
[2023-09-03T14:55:38.224+0000] {logging_mixin.py:120} INFO - [2023-09-03T14:55:38.224+0000] {dag.py:3340} INFO - Setting next_dagrun for latest_only to 2023-09-03T10:55:38.224339+00:00, run_after=2023-09-03T14:55:38.224339+00:00
[2023-09-03T14:55:38.238+0000] {processor.py:176} INFO - Processing /home/airflow/.local/lib/python3.7/site-packages/airflow/example_dags/example_latest_only.py took 0.071 seconds
