[2023-09-03T14:54:00.752+0000] {processor.py:154} INFO - Started process (PID=45) to work on /home/airflow/.local/lib/python3.7/site-packages/airflow/example_dags/example_local_kubernetes_executor.py
[2023-09-03T14:54:00.752+0000] {processor.py:756} INFO - Processing file /home/airflow/.local/lib/python3.7/site-packages/airflow/example_dags/example_local_kubernetes_executor.py for tasks to queue
[2023-09-03T14:54:00.753+0000] {logging_mixin.py:120} INFO - [2023-09-03T14:54:00.753+0000] {dagbag.py:537} INFO - Filling up the DagBag from /home/airflow/.local/lib/python3.7/site-packages/airflow/example_dags/example_local_kubernetes_executor.py
[2023-09-03T14:54:00.775+0000] {processor.py:766} INFO - DAG(s) dict_keys(['example_local_kubernetes_executor']) retrieved from /home/airflow/.local/lib/python3.7/site-packages/airflow/example_dags/example_local_kubernetes_executor.py
[2023-09-03T14:54:00.893+0000] {logging_mixin.py:120} INFO - [2023-09-03T14:54:00.893+0000] {manager.py:507} INFO - Created Permission View: can read on DAG:example_local_kubernetes_executor
[2023-09-03T14:54:00.899+0000] {logging_mixin.py:120} INFO - [2023-09-03T14:54:00.899+0000] {manager.py:507} INFO - Created Permission View: can edit on DAG:example_local_kubernetes_executor
[2023-09-03T14:54:00.907+0000] {logging_mixin.py:120} INFO - [2023-09-03T14:54:00.907+0000] {manager.py:507} INFO - Created Permission View: can delete on DAG:example_local_kubernetes_executor
[2023-09-03T14:54:00.907+0000] {logging_mixin.py:120} INFO - [2023-09-03T14:54:00.907+0000] {dag.py:2585} INFO - Sync 1 DAGs
[2023-09-03T14:54:00.917+0000] {logging_mixin.py:120} INFO - [2023-09-03T14:54:00.917+0000] {dag.py:2606} INFO - Creating ORM DAG for example_local_kubernetes_executor
[2023-09-03T14:54:00.927+0000] {logging_mixin.py:120} INFO - [2023-09-03T14:54:00.927+0000] {dag.py:3340} INFO - Setting next_dagrun for example_local_kubernetes_executor to None, run_after=None
[2023-09-03T14:54:00.946+0000] {processor.py:176} INFO - Processing /home/airflow/.local/lib/python3.7/site-packages/airflow/example_dags/example_local_kubernetes_executor.py took 0.207 seconds
[2023-09-03T14:54:31.415+0000] {processor.py:154} INFO - Started process (PID=115) to work on /home/airflow/.local/lib/python3.7/site-packages/airflow/example_dags/example_local_kubernetes_executor.py
[2023-09-03T14:54:31.415+0000] {processor.py:756} INFO - Processing file /home/airflow/.local/lib/python3.7/site-packages/airflow/example_dags/example_local_kubernetes_executor.py for tasks to queue
[2023-09-03T14:54:31.416+0000] {logging_mixin.py:120} INFO - [2023-09-03T14:54:31.416+0000] {dagbag.py:537} INFO - Filling up the DagBag from /home/airflow/.local/lib/python3.7/site-packages/airflow/example_dags/example_local_kubernetes_executor.py
[2023-09-03T14:54:31.433+0000] {processor.py:766} INFO - DAG(s) dict_keys(['example_local_kubernetes_executor']) retrieved from /home/airflow/.local/lib/python3.7/site-packages/airflow/example_dags/example_local_kubernetes_executor.py
[2023-09-03T14:54:31.460+0000] {logging_mixin.py:120} INFO - [2023-09-03T14:54:31.460+0000] {dag.py:2585} INFO - Sync 1 DAGs
[2023-09-03T14:54:31.479+0000] {logging_mixin.py:120} INFO - [2023-09-03T14:54:31.479+0000] {dag.py:3340} INFO - Setting next_dagrun for example_local_kubernetes_executor to None, run_after=None
[2023-09-03T14:54:31.500+0000] {processor.py:176} INFO - Processing /home/airflow/.local/lib/python3.7/site-packages/airflow/example_dags/example_local_kubernetes_executor.py took 0.087 seconds
[2023-09-03T14:55:01.670+0000] {processor.py:154} INFO - Started process (PID=183) to work on /home/airflow/.local/lib/python3.7/site-packages/airflow/example_dags/example_local_kubernetes_executor.py
[2023-09-03T14:55:01.670+0000] {processor.py:756} INFO - Processing file /home/airflow/.local/lib/python3.7/site-packages/airflow/example_dags/example_local_kubernetes_executor.py for tasks to queue
[2023-09-03T14:55:01.671+0000] {logging_mixin.py:120} INFO - [2023-09-03T14:55:01.671+0000] {dagbag.py:537} INFO - Filling up the DagBag from /home/airflow/.local/lib/python3.7/site-packages/airflow/example_dags/example_local_kubernetes_executor.py
[2023-09-03T14:55:01.686+0000] {processor.py:766} INFO - DAG(s) dict_keys(['example_local_kubernetes_executor']) retrieved from /home/airflow/.local/lib/python3.7/site-packages/airflow/example_dags/example_local_kubernetes_executor.py
[2023-09-03T14:55:01.710+0000] {logging_mixin.py:120} INFO - [2023-09-03T14:55:01.710+0000] {dag.py:2585} INFO - Sync 1 DAGs
[2023-09-03T14:55:01.723+0000] {logging_mixin.py:120} INFO - [2023-09-03T14:55:01.723+0000] {dag.py:3340} INFO - Setting next_dagrun for example_local_kubernetes_executor to None, run_after=None
[2023-09-03T14:55:01.734+0000] {processor.py:176} INFO - Processing /home/airflow/.local/lib/python3.7/site-packages/airflow/example_dags/example_local_kubernetes_executor.py took 0.066 seconds
[2023-09-03T14:55:32.473+0000] {processor.py:154} INFO - Started process (PID=252) to work on /home/airflow/.local/lib/python3.7/site-packages/airflow/example_dags/example_local_kubernetes_executor.py
[2023-09-03T14:55:32.474+0000] {processor.py:756} INFO - Processing file /home/airflow/.local/lib/python3.7/site-packages/airflow/example_dags/example_local_kubernetes_executor.py for tasks to queue
[2023-09-03T14:55:32.475+0000] {logging_mixin.py:120} INFO - [2023-09-03T14:55:32.475+0000] {dagbag.py:537} INFO - Filling up the DagBag from /home/airflow/.local/lib/python3.7/site-packages/airflow/example_dags/example_local_kubernetes_executor.py
[2023-09-03T14:55:32.488+0000] {processor.py:766} INFO - DAG(s) dict_keys(['example_local_kubernetes_executor']) retrieved from /home/airflow/.local/lib/python3.7/site-packages/airflow/example_dags/example_local_kubernetes_executor.py
[2023-09-03T14:55:32.513+0000] {logging_mixin.py:120} INFO - [2023-09-03T14:55:32.513+0000] {dag.py:2585} INFO - Sync 1 DAGs
[2023-09-03T14:55:32.527+0000] {logging_mixin.py:120} INFO - [2023-09-03T14:55:32.527+0000] {dag.py:3340} INFO - Setting next_dagrun for example_local_kubernetes_executor to None, run_after=None
[2023-09-03T14:55:32.536+0000] {processor.py:176} INFO - Processing /home/airflow/.local/lib/python3.7/site-packages/airflow/example_dags/example_local_kubernetes_executor.py took 0.065 seconds
