[2023-09-03T14:54:02.052+0000] {processor.py:154} INFO - Started process (PID=55) to work on /home/airflow/.local/lib/python3.7/site-packages/airflow/example_dags/example_time_delta_sensor_async.py
[2023-09-03T14:54:02.055+0000] {processor.py:756} INFO - Processing file /home/airflow/.local/lib/python3.7/site-packages/airflow/example_dags/example_time_delta_sensor_async.py for tasks to queue
[2023-09-03T14:54:02.057+0000] {logging_mixin.py:120} INFO - [2023-09-03T14:54:02.056+0000] {dagbag.py:537} INFO - Filling up the DagBag from /home/airflow/.local/lib/python3.7/site-packages/airflow/example_dags/example_time_delta_sensor_async.py
[2023-09-03T14:54:02.083+0000] {processor.py:766} INFO - DAG(s) dict_keys(['example_time_delta_sensor_async']) retrieved from /home/airflow/.local/lib/python3.7/site-packages/airflow/example_dags/example_time_delta_sensor_async.py
[2023-09-03T14:54:02.870+0000] {logging_mixin.py:120} INFO - [2023-09-03T14:54:02.870+0000] {manager.py:507} INFO - Created Permission View: can read on DAG:example_time_delta_sensor_async
[2023-09-03T14:54:02.886+0000] {logging_mixin.py:120} INFO - [2023-09-03T14:54:02.886+0000] {manager.py:507} INFO - Created Permission View: can edit on DAG:example_time_delta_sensor_async
[2023-09-03T14:54:02.898+0000] {logging_mixin.py:120} INFO - [2023-09-03T14:54:02.897+0000] {manager.py:507} INFO - Created Permission View: can delete on DAG:example_time_delta_sensor_async
[2023-09-03T14:54:02.907+0000] {logging_mixin.py:120} INFO - [2023-09-03T14:54:02.900+0000] {dag.py:2585} INFO - Sync 1 DAGs
[2023-09-03T14:54:02.968+0000] {logging_mixin.py:120} INFO - [2023-09-03T14:54:02.967+0000] {dag.py:2606} INFO - Creating ORM DAG for example_time_delta_sensor_async
[2023-09-03T14:54:03.007+0000] {logging_mixin.py:120} INFO - [2023-09-03T14:54:03.006+0000] {dag.py:3340} INFO - Setting next_dagrun for example_time_delta_sensor_async to None, run_after=None
[2023-09-03T14:54:03.115+0000] {processor.py:176} INFO - Processing /home/airflow/.local/lib/python3.7/site-packages/airflow/example_dags/example_time_delta_sensor_async.py took 1.067 seconds
[2023-09-03T14:54:33.216+0000] {processor.py:154} INFO - Started process (PID=125) to work on /home/airflow/.local/lib/python3.7/site-packages/airflow/example_dags/example_time_delta_sensor_async.py
[2023-09-03T14:54:33.217+0000] {processor.py:756} INFO - Processing file /home/airflow/.local/lib/python3.7/site-packages/airflow/example_dags/example_time_delta_sensor_async.py for tasks to queue
[2023-09-03T14:54:33.218+0000] {logging_mixin.py:120} INFO - [2023-09-03T14:54:33.218+0000] {dagbag.py:537} INFO - Filling up the DagBag from /home/airflow/.local/lib/python3.7/site-packages/airflow/example_dags/example_time_delta_sensor_async.py
[2023-09-03T14:54:33.228+0000] {processor.py:766} INFO - DAG(s) dict_keys(['example_time_delta_sensor_async']) retrieved from /home/airflow/.local/lib/python3.7/site-packages/airflow/example_dags/example_time_delta_sensor_async.py
[2023-09-03T14:54:33.334+0000] {logging_mixin.py:120} INFO - [2023-09-03T14:54:33.334+0000] {dag.py:2585} INFO - Sync 1 DAGs
[2023-09-03T14:54:33.352+0000] {logging_mixin.py:120} INFO - [2023-09-03T14:54:33.352+0000] {dag.py:3340} INFO - Setting next_dagrun for example_time_delta_sensor_async to None, run_after=None
[2023-09-03T14:54:33.362+0000] {processor.py:176} INFO - Processing /home/airflow/.local/lib/python3.7/site-packages/airflow/example_dags/example_time_delta_sensor_async.py took 0.148 seconds
[2023-09-03T14:55:03.512+0000] {processor.py:154} INFO - Started process (PID=195) to work on /home/airflow/.local/lib/python3.7/site-packages/airflow/example_dags/example_time_delta_sensor_async.py
[2023-09-03T14:55:03.513+0000] {processor.py:756} INFO - Processing file /home/airflow/.local/lib/python3.7/site-packages/airflow/example_dags/example_time_delta_sensor_async.py for tasks to queue
[2023-09-03T14:55:03.514+0000] {logging_mixin.py:120} INFO - [2023-09-03T14:55:03.514+0000] {dagbag.py:537} INFO - Filling up the DagBag from /home/airflow/.local/lib/python3.7/site-packages/airflow/example_dags/example_time_delta_sensor_async.py
[2023-09-03T14:55:03.523+0000] {processor.py:766} INFO - DAG(s) dict_keys(['example_time_delta_sensor_async']) retrieved from /home/airflow/.local/lib/python3.7/site-packages/airflow/example_dags/example_time_delta_sensor_async.py
[2023-09-03T14:55:03.624+0000] {logging_mixin.py:120} INFO - [2023-09-03T14:55:03.623+0000] {dag.py:2585} INFO - Sync 1 DAGs
[2023-09-03T14:55:03.638+0000] {logging_mixin.py:120} INFO - [2023-09-03T14:55:03.638+0000] {dag.py:3340} INFO - Setting next_dagrun for example_time_delta_sensor_async to None, run_after=None
[2023-09-03T14:55:03.648+0000] {processor.py:176} INFO - Processing /home/airflow/.local/lib/python3.7/site-packages/airflow/example_dags/example_time_delta_sensor_async.py took 0.138 seconds
[2023-09-03T14:55:34.288+0000] {processor.py:154} INFO - Started process (PID=264) to work on /home/airflow/.local/lib/python3.7/site-packages/airflow/example_dags/example_time_delta_sensor_async.py
[2023-09-03T14:55:34.289+0000] {processor.py:756} INFO - Processing file /home/airflow/.local/lib/python3.7/site-packages/airflow/example_dags/example_time_delta_sensor_async.py for tasks to queue
[2023-09-03T14:55:34.290+0000] {logging_mixin.py:120} INFO - [2023-09-03T14:55:34.290+0000] {dagbag.py:537} INFO - Filling up the DagBag from /home/airflow/.local/lib/python3.7/site-packages/airflow/example_dags/example_time_delta_sensor_async.py
[2023-09-03T14:55:34.298+0000] {processor.py:766} INFO - DAG(s) dict_keys(['example_time_delta_sensor_async']) retrieved from /home/airflow/.local/lib/python3.7/site-packages/airflow/example_dags/example_time_delta_sensor_async.py
[2023-09-03T14:55:34.403+0000] {logging_mixin.py:120} INFO - [2023-09-03T14:55:34.403+0000] {dag.py:2585} INFO - Sync 1 DAGs
[2023-09-03T14:55:34.418+0000] {logging_mixin.py:120} INFO - [2023-09-03T14:55:34.418+0000] {dag.py:3340} INFO - Setting next_dagrun for example_time_delta_sensor_async to None, run_after=None
[2023-09-03T14:55:34.428+0000] {processor.py:176} INFO - Processing /home/airflow/.local/lib/python3.7/site-packages/airflow/example_dags/example_time_delta_sensor_async.py took 0.142 seconds
