[2023-09-03T14:54:01.862+0000] {processor.py:154} INFO - Started process (PID=53) to work on /home/airflow/.local/lib/python3.7/site-packages/airflow/example_dags/example_python_operator.py
[2023-09-03T14:54:01.863+0000] {processor.py:756} INFO - Processing file /home/airflow/.local/lib/python3.7/site-packages/airflow/example_dags/example_python_operator.py for tasks to queue
[2023-09-03T14:54:01.863+0000] {logging_mixin.py:120} INFO - [2023-09-03T14:54:01.863+0000] {dagbag.py:537} INFO - Filling up the DagBag from /home/airflow/.local/lib/python3.7/site-packages/airflow/example_dags/example_python_operator.py
[2023-09-03T14:54:01.874+0000] {logging_mixin.py:120} INFO - [2023-09-03T14:54:01.874+0000] {taskmixin.py:205} WARNING - Dependency <Task(_PythonDecoratedOperator): print_the_context>, log_sql_query already registered for DAG: example_python_operator
[2023-09-03T14:54:01.874+0000] {logging_mixin.py:120} INFO - [2023-09-03T14:54:01.874+0000] {taskmixin.py:205} WARNING - Dependency <Task(_PythonDecoratedOperator): log_sql_query>, print_the_context already registered for DAG: example_python_operator
[2023-09-03T14:54:01.874+0000] {logging_mixin.py:120} INFO - [2023-09-03T14:54:01.874+0000] {taskmixin.py:205} WARNING - Dependency <Task(_PythonDecoratedOperator): print_the_context>, log_sql_query already registered for DAG: example_python_operator
[2023-09-03T14:54:01.874+0000] {logging_mixin.py:120} INFO - [2023-09-03T14:54:01.874+0000] {taskmixin.py:205} WARNING - Dependency <Task(_PythonDecoratedOperator): log_sql_query>, print_the_context already registered for DAG: example_python_operator
[2023-09-03T14:54:01.875+0000] {logging_mixin.py:120} INFO - [2023-09-03T14:54:01.875+0000] {taskmixin.py:205} WARNING - Dependency <Task(_PythonDecoratedOperator): print_the_context>, log_sql_query already registered for DAG: example_python_operator
[2023-09-03T14:54:01.875+0000] {logging_mixin.py:120} INFO - [2023-09-03T14:54:01.875+0000] {taskmixin.py:205} WARNING - Dependency <Task(_PythonDecoratedOperator): log_sql_query>, print_the_context already registered for DAG: example_python_operator
[2023-09-03T14:54:01.875+0000] {logging_mixin.py:120} INFO - [2023-09-03T14:54:01.875+0000] {taskmixin.py:205} WARNING - Dependency <Task(_PythonDecoratedOperator): print_the_context>, log_sql_query already registered for DAG: example_python_operator
[2023-09-03T14:54:01.876+0000] {logging_mixin.py:120} INFO - [2023-09-03T14:54:01.875+0000] {taskmixin.py:205} WARNING - Dependency <Task(_PythonDecoratedOperator): log_sql_query>, print_the_context already registered for DAG: example_python_operator
[2023-09-03T14:54:01.881+0000] {processor.py:766} INFO - DAG(s) dict_keys(['example_python_operator']) retrieved from /home/airflow/.local/lib/python3.7/site-packages/airflow/example_dags/example_python_operator.py
[2023-09-03T14:54:01.970+0000] {logging_mixin.py:120} INFO - [2023-09-03T14:54:01.970+0000] {manager.py:507} INFO - Created Permission View: can read on DAG:example_python_operator
[2023-09-03T14:54:01.977+0000] {logging_mixin.py:120} INFO - [2023-09-03T14:54:01.977+0000] {manager.py:507} INFO - Created Permission View: can edit on DAG:example_python_operator
[2023-09-03T14:54:01.986+0000] {logging_mixin.py:120} INFO - [2023-09-03T14:54:01.985+0000] {manager.py:507} INFO - Created Permission View: can delete on DAG:example_python_operator
[2023-09-03T14:54:01.986+0000] {logging_mixin.py:120} INFO - [2023-09-03T14:54:01.986+0000] {dag.py:2585} INFO - Sync 1 DAGs
[2023-09-03T14:54:01.995+0000] {logging_mixin.py:120} INFO - [2023-09-03T14:54:01.995+0000] {dag.py:2606} INFO - Creating ORM DAG for example_python_operator
[2023-09-03T14:54:02.004+0000] {logging_mixin.py:120} INFO - [2023-09-03T14:54:02.004+0000] {dag.py:3340} INFO - Setting next_dagrun for example_python_operator to None, run_after=None
[2023-09-03T14:54:02.017+0000] {processor.py:176} INFO - Processing /home/airflow/.local/lib/python3.7/site-packages/airflow/example_dags/example_python_operator.py took 0.157 seconds
[2023-09-03T14:54:32.100+0000] {processor.py:154} INFO - Started process (PID=123) to work on /home/airflow/.local/lib/python3.7/site-packages/airflow/example_dags/example_python_operator.py
[2023-09-03T14:54:32.101+0000] {processor.py:756} INFO - Processing file /home/airflow/.local/lib/python3.7/site-packages/airflow/example_dags/example_python_operator.py for tasks to queue
[2023-09-03T14:54:32.101+0000] {logging_mixin.py:120} INFO - [2023-09-03T14:54:32.101+0000] {dagbag.py:537} INFO - Filling up the DagBag from /home/airflow/.local/lib/python3.7/site-packages/airflow/example_dags/example_python_operator.py
[2023-09-03T14:54:32.111+0000] {logging_mixin.py:120} INFO - [2023-09-03T14:54:32.111+0000] {taskmixin.py:205} WARNING - Dependency <Task(_PythonDecoratedOperator): print_the_context>, log_sql_query already registered for DAG: example_python_operator
[2023-09-03T14:54:32.111+0000] {logging_mixin.py:120} INFO - [2023-09-03T14:54:32.111+0000] {taskmixin.py:205} WARNING - Dependency <Task(_PythonDecoratedOperator): log_sql_query>, print_the_context already registered for DAG: example_python_operator
[2023-09-03T14:54:32.112+0000] {logging_mixin.py:120} INFO - [2023-09-03T14:54:32.112+0000] {taskmixin.py:205} WARNING - Dependency <Task(_PythonDecoratedOperator): print_the_context>, log_sql_query already registered for DAG: example_python_operator
[2023-09-03T14:54:32.112+0000] {logging_mixin.py:120} INFO - [2023-09-03T14:54:32.112+0000] {taskmixin.py:205} WARNING - Dependency <Task(_PythonDecoratedOperator): log_sql_query>, print_the_context already registered for DAG: example_python_operator
[2023-09-03T14:54:32.112+0000] {logging_mixin.py:120} INFO - [2023-09-03T14:54:32.112+0000] {taskmixin.py:205} WARNING - Dependency <Task(_PythonDecoratedOperator): print_the_context>, log_sql_query already registered for DAG: example_python_operator
[2023-09-03T14:54:32.113+0000] {logging_mixin.py:120} INFO - [2023-09-03T14:54:32.113+0000] {taskmixin.py:205} WARNING - Dependency <Task(_PythonDecoratedOperator): log_sql_query>, print_the_context already registered for DAG: example_python_operator
[2023-09-03T14:54:32.113+0000] {logging_mixin.py:120} INFO - [2023-09-03T14:54:32.113+0000] {taskmixin.py:205} WARNING - Dependency <Task(_PythonDecoratedOperator): print_the_context>, log_sql_query already registered for DAG: example_python_operator
[2023-09-03T14:54:32.113+0000] {logging_mixin.py:120} INFO - [2023-09-03T14:54:32.113+0000] {taskmixin.py:205} WARNING - Dependency <Task(_PythonDecoratedOperator): log_sql_query>, print_the_context already registered for DAG: example_python_operator
[2023-09-03T14:54:32.125+0000] {processor.py:766} INFO - DAG(s) dict_keys(['example_python_operator']) retrieved from /home/airflow/.local/lib/python3.7/site-packages/airflow/example_dags/example_python_operator.py
[2023-09-03T14:54:32.162+0000] {logging_mixin.py:120} INFO - [2023-09-03T14:54:32.162+0000] {dag.py:2585} INFO - Sync 1 DAGs
[2023-09-03T14:54:32.178+0000] {logging_mixin.py:120} INFO - [2023-09-03T14:54:32.178+0000] {dag.py:3340} INFO - Setting next_dagrun for example_python_operator to None, run_after=None
[2023-09-03T14:54:32.188+0000] {processor.py:176} INFO - Processing /home/airflow/.local/lib/python3.7/site-packages/airflow/example_dags/example_python_operator.py took 0.090 seconds
[2023-09-03T14:55:03.420+0000] {processor.py:154} INFO - Started process (PID=193) to work on /home/airflow/.local/lib/python3.7/site-packages/airflow/example_dags/example_python_operator.py
[2023-09-03T14:55:03.421+0000] {processor.py:756} INFO - Processing file /home/airflow/.local/lib/python3.7/site-packages/airflow/example_dags/example_python_operator.py for tasks to queue
[2023-09-03T14:55:03.422+0000] {logging_mixin.py:120} INFO - [2023-09-03T14:55:03.422+0000] {dagbag.py:537} INFO - Filling up the DagBag from /home/airflow/.local/lib/python3.7/site-packages/airflow/example_dags/example_python_operator.py
[2023-09-03T14:55:03.432+0000] {logging_mixin.py:120} INFO - [2023-09-03T14:55:03.431+0000] {taskmixin.py:205} WARNING - Dependency <Task(_PythonDecoratedOperator): print_the_context>, log_sql_query already registered for DAG: example_python_operator
[2023-09-03T14:55:03.432+0000] {logging_mixin.py:120} INFO - [2023-09-03T14:55:03.432+0000] {taskmixin.py:205} WARNING - Dependency <Task(_PythonDecoratedOperator): log_sql_query>, print_the_context already registered for DAG: example_python_operator
[2023-09-03T14:55:03.432+0000] {logging_mixin.py:120} INFO - [2023-09-03T14:55:03.432+0000] {taskmixin.py:205} WARNING - Dependency <Task(_PythonDecoratedOperator): print_the_context>, log_sql_query already registered for DAG: example_python_operator
[2023-09-03T14:55:03.433+0000] {logging_mixin.py:120} INFO - [2023-09-03T14:55:03.433+0000] {taskmixin.py:205} WARNING - Dependency <Task(_PythonDecoratedOperator): log_sql_query>, print_the_context already registered for DAG: example_python_operator
[2023-09-03T14:55:03.433+0000] {logging_mixin.py:120} INFO - [2023-09-03T14:55:03.433+0000] {taskmixin.py:205} WARNING - Dependency <Task(_PythonDecoratedOperator): print_the_context>, log_sql_query already registered for DAG: example_python_operator
[2023-09-03T14:55:03.434+0000] {logging_mixin.py:120} INFO - [2023-09-03T14:55:03.434+0000] {taskmixin.py:205} WARNING - Dependency <Task(_PythonDecoratedOperator): log_sql_query>, print_the_context already registered for DAG: example_python_operator
[2023-09-03T14:55:03.434+0000] {logging_mixin.py:120} INFO - [2023-09-03T14:55:03.434+0000] {taskmixin.py:205} WARNING - Dependency <Task(_PythonDecoratedOperator): print_the_context>, log_sql_query already registered for DAG: example_python_operator
[2023-09-03T14:55:03.435+0000] {logging_mixin.py:120} INFO - [2023-09-03T14:55:03.434+0000] {taskmixin.py:205} WARNING - Dependency <Task(_PythonDecoratedOperator): log_sql_query>, print_the_context already registered for DAG: example_python_operator
[2023-09-03T14:55:03.440+0000] {processor.py:766} INFO - DAG(s) dict_keys(['example_python_operator']) retrieved from /home/airflow/.local/lib/python3.7/site-packages/airflow/example_dags/example_python_operator.py
[2023-09-03T14:55:03.469+0000] {logging_mixin.py:120} INFO - [2023-09-03T14:55:03.469+0000] {dag.py:2585} INFO - Sync 1 DAGs
[2023-09-03T14:55:03.485+0000] {logging_mixin.py:120} INFO - [2023-09-03T14:55:03.485+0000] {dag.py:3340} INFO - Setting next_dagrun for example_python_operator to None, run_after=None
[2023-09-03T14:55:03.495+0000] {processor.py:176} INFO - Processing /home/airflow/.local/lib/python3.7/site-packages/airflow/example_dags/example_python_operator.py took 0.077 seconds
[2023-09-03T14:55:34.111+0000] {processor.py:154} INFO - Started process (PID=262) to work on /home/airflow/.local/lib/python3.7/site-packages/airflow/example_dags/example_python_operator.py
[2023-09-03T14:55:34.112+0000] {processor.py:756} INFO - Processing file /home/airflow/.local/lib/python3.7/site-packages/airflow/example_dags/example_python_operator.py for tasks to queue
[2023-09-03T14:55:34.112+0000] {logging_mixin.py:120} INFO - [2023-09-03T14:55:34.112+0000] {dagbag.py:537} INFO - Filling up the DagBag from /home/airflow/.local/lib/python3.7/site-packages/airflow/example_dags/example_python_operator.py
[2023-09-03T14:55:34.124+0000] {logging_mixin.py:120} INFO - [2023-09-03T14:55:34.124+0000] {taskmixin.py:205} WARNING - Dependency <Task(_PythonDecoratedOperator): print_the_context>, log_sql_query already registered for DAG: example_python_operator
[2023-09-03T14:55:34.125+0000] {logging_mixin.py:120} INFO - [2023-09-03T14:55:34.124+0000] {taskmixin.py:205} WARNING - Dependency <Task(_PythonDecoratedOperator): log_sql_query>, print_the_context already registered for DAG: example_python_operator
[2023-09-03T14:55:34.125+0000] {logging_mixin.py:120} INFO - [2023-09-03T14:55:34.125+0000] {taskmixin.py:205} WARNING - Dependency <Task(_PythonDecoratedOperator): print_the_context>, log_sql_query already registered for DAG: example_python_operator
[2023-09-03T14:55:34.125+0000] {logging_mixin.py:120} INFO - [2023-09-03T14:55:34.125+0000] {taskmixin.py:205} WARNING - Dependency <Task(_PythonDecoratedOperator): log_sql_query>, print_the_context already registered for DAG: example_python_operator
[2023-09-03T14:55:34.126+0000] {logging_mixin.py:120} INFO - [2023-09-03T14:55:34.126+0000] {taskmixin.py:205} WARNING - Dependency <Task(_PythonDecoratedOperator): print_the_context>, log_sql_query already registered for DAG: example_python_operator
[2023-09-03T14:55:34.126+0000] {logging_mixin.py:120} INFO - [2023-09-03T14:55:34.126+0000] {taskmixin.py:205} WARNING - Dependency <Task(_PythonDecoratedOperator): log_sql_query>, print_the_context already registered for DAG: example_python_operator
[2023-09-03T14:55:34.126+0000] {logging_mixin.py:120} INFO - [2023-09-03T14:55:34.126+0000] {taskmixin.py:205} WARNING - Dependency <Task(_PythonDecoratedOperator): print_the_context>, log_sql_query already registered for DAG: example_python_operator
[2023-09-03T14:55:34.126+0000] {logging_mixin.py:120} INFO - [2023-09-03T14:55:34.126+0000] {taskmixin.py:205} WARNING - Dependency <Task(_PythonDecoratedOperator): log_sql_query>, print_the_context already registered for DAG: example_python_operator
[2023-09-03T14:55:34.132+0000] {processor.py:766} INFO - DAG(s) dict_keys(['example_python_operator']) retrieved from /home/airflow/.local/lib/python3.7/site-packages/airflow/example_dags/example_python_operator.py
[2023-09-03T14:55:34.163+0000] {logging_mixin.py:120} INFO - [2023-09-03T14:55:34.163+0000] {dag.py:2585} INFO - Sync 1 DAGs
[2023-09-03T14:55:34.179+0000] {logging_mixin.py:120} INFO - [2023-09-03T14:55:34.179+0000] {dag.py:3340} INFO - Setting next_dagrun for example_python_operator to None, run_after=None
[2023-09-03T14:55:34.191+0000] {processor.py:176} INFO - Processing /home/airflow/.local/lib/python3.7/site-packages/airflow/example_dags/example_python_operator.py took 0.082 seconds
