[2023-09-03T14:54:02.433+0000] {processor.py:154} INFO - Started process (PID=64) to work on /home/airflow/.local/lib/python3.7/site-packages/airflow/example_dags/example_trigger_target_dag.py
[2023-09-03T14:54:02.434+0000] {processor.py:756} INFO - Processing file /home/airflow/.local/lib/python3.7/site-packages/airflow/example_dags/example_trigger_target_dag.py for tasks to queue
[2023-09-03T14:54:02.435+0000] {logging_mixin.py:120} INFO - [2023-09-03T14:54:02.435+0000] {dagbag.py:537} INFO - Filling up the DagBag from /home/airflow/.local/lib/python3.7/site-packages/airflow/example_dags/example_trigger_target_dag.py
[2023-09-03T14:54:02.480+0000] {processor.py:766} INFO - DAG(s) dict_keys(['example_trigger_target_dag']) retrieved from /home/airflow/.local/lib/python3.7/site-packages/airflow/example_dags/example_trigger_target_dag.py
[2023-09-03T14:54:02.774+0000] {logging_mixin.py:120} INFO - [2023-09-03T14:54:02.774+0000] {manager.py:507} INFO - Created Permission View: can read on DAG:example_trigger_target_dag
[2023-09-03T14:54:02.800+0000] {logging_mixin.py:120} INFO - [2023-09-03T14:54:02.799+0000] {manager.py:507} INFO - Created Permission View: can edit on DAG:example_trigger_target_dag
[2023-09-03T14:54:02.845+0000] {logging_mixin.py:120} INFO - [2023-09-03T14:54:02.845+0000] {manager.py:507} INFO - Created Permission View: can delete on DAG:example_trigger_target_dag
[2023-09-03T14:54:02.850+0000] {logging_mixin.py:120} INFO - [2023-09-03T14:54:02.850+0000] {dag.py:2585} INFO - Sync 1 DAGs
[2023-09-03T14:54:02.870+0000] {logging_mixin.py:120} INFO - [2023-09-03T14:54:02.870+0000] {dag.py:2606} INFO - Creating ORM DAG for example_trigger_target_dag
[2023-09-03T14:54:02.888+0000] {logging_mixin.py:120} INFO - [2023-09-03T14:54:02.888+0000] {dag.py:3340} INFO - Setting next_dagrun for example_trigger_target_dag to None, run_after=None
[2023-09-03T14:54:02.992+0000] {processor.py:176} INFO - Processing /home/airflow/.local/lib/python3.7/site-packages/airflow/example_dags/example_trigger_target_dag.py took 0.562 seconds
[2023-09-03T14:54:33.301+0000] {processor.py:154} INFO - Started process (PID=126) to work on /home/airflow/.local/lib/python3.7/site-packages/airflow/example_dags/example_trigger_target_dag.py
[2023-09-03T14:54:33.302+0000] {processor.py:756} INFO - Processing file /home/airflow/.local/lib/python3.7/site-packages/airflow/example_dags/example_trigger_target_dag.py for tasks to queue
[2023-09-03T14:54:33.302+0000] {logging_mixin.py:120} INFO - [2023-09-03T14:54:33.302+0000] {dagbag.py:537} INFO - Filling up the DagBag from /home/airflow/.local/lib/python3.7/site-packages/airflow/example_dags/example_trigger_target_dag.py
[2023-09-03T14:54:33.316+0000] {processor.py:766} INFO - DAG(s) dict_keys(['example_trigger_target_dag']) retrieved from /home/airflow/.local/lib/python3.7/site-packages/airflow/example_dags/example_trigger_target_dag.py
[2023-09-03T14:54:33.345+0000] {logging_mixin.py:120} INFO - [2023-09-03T14:54:33.344+0000] {dag.py:2585} INFO - Sync 1 DAGs
[2023-09-03T14:54:33.360+0000] {logging_mixin.py:120} INFO - [2023-09-03T14:54:33.360+0000] {dag.py:3340} INFO - Setting next_dagrun for example_trigger_target_dag to None, run_after=None
[2023-09-03T14:54:33.374+0000] {processor.py:176} INFO - Processing /home/airflow/.local/lib/python3.7/site-packages/airflow/example_dags/example_trigger_target_dag.py took 0.075 seconds
[2023-09-03T14:55:03.552+0000] {processor.py:154} INFO - Started process (PID=196) to work on /home/airflow/.local/lib/python3.7/site-packages/airflow/example_dags/example_trigger_target_dag.py
[2023-09-03T14:55:03.553+0000] {processor.py:756} INFO - Processing file /home/airflow/.local/lib/python3.7/site-packages/airflow/example_dags/example_trigger_target_dag.py for tasks to queue
[2023-09-03T14:55:03.554+0000] {logging_mixin.py:120} INFO - [2023-09-03T14:55:03.554+0000] {dagbag.py:537} INFO - Filling up the DagBag from /home/airflow/.local/lib/python3.7/site-packages/airflow/example_dags/example_trigger_target_dag.py
[2023-09-03T14:55:03.567+0000] {processor.py:766} INFO - DAG(s) dict_keys(['example_trigger_target_dag']) retrieved from /home/airflow/.local/lib/python3.7/site-packages/airflow/example_dags/example_trigger_target_dag.py
[2023-09-03T14:55:03.594+0000] {logging_mixin.py:120} INFO - [2023-09-03T14:55:03.594+0000] {dag.py:2585} INFO - Sync 1 DAGs
[2023-09-03T14:55:03.608+0000] {logging_mixin.py:120} INFO - [2023-09-03T14:55:03.608+0000] {dag.py:3340} INFO - Setting next_dagrun for example_trigger_target_dag to None, run_after=None
[2023-09-03T14:55:03.619+0000] {processor.py:176} INFO - Processing /home/airflow/.local/lib/python3.7/site-packages/airflow/example_dags/example_trigger_target_dag.py took 0.069 seconds
[2023-09-03T14:55:34.292+0000] {processor.py:154} INFO - Started process (PID=265) to work on /home/airflow/.local/lib/python3.7/site-packages/airflow/example_dags/example_trigger_target_dag.py
[2023-09-03T14:55:34.292+0000] {processor.py:756} INFO - Processing file /home/airflow/.local/lib/python3.7/site-packages/airflow/example_dags/example_trigger_target_dag.py for tasks to queue
[2023-09-03T14:55:34.293+0000] {logging_mixin.py:120} INFO - [2023-09-03T14:55:34.293+0000] {dagbag.py:537} INFO - Filling up the DagBag from /home/airflow/.local/lib/python3.7/site-packages/airflow/example_dags/example_trigger_target_dag.py
[2023-09-03T14:55:34.306+0000] {processor.py:766} INFO - DAG(s) dict_keys(['example_trigger_target_dag']) retrieved from /home/airflow/.local/lib/python3.7/site-packages/airflow/example_dags/example_trigger_target_dag.py
[2023-09-03T14:55:34.333+0000] {logging_mixin.py:120} INFO - [2023-09-03T14:55:34.333+0000] {dag.py:2585} INFO - Sync 1 DAGs
[2023-09-03T14:55:34.347+0000] {logging_mixin.py:120} INFO - [2023-09-03T14:55:34.347+0000] {dag.py:3340} INFO - Setting next_dagrun for example_trigger_target_dag to None, run_after=None
[2023-09-03T14:55:34.358+0000] {processor.py:176} INFO - Processing /home/airflow/.local/lib/python3.7/site-packages/airflow/example_dags/example_trigger_target_dag.py took 0.069 seconds
