[2023-09-03T14:54:01.939+0000] {processor.py:154} INFO - Started process (PID=54) to work on /home/airflow/.local/lib/python3.7/site-packages/airflow/example_dags/example_branch_labels.py
[2023-09-03T14:54:01.940+0000] {processor.py:756} INFO - Processing file /home/airflow/.local/lib/python3.7/site-packages/airflow/example_dags/example_branch_labels.py for tasks to queue
[2023-09-03T14:54:01.940+0000] {logging_mixin.py:120} INFO - [2023-09-03T14:54:01.940+0000] {dagbag.py:537} INFO - Filling up the DagBag from /home/airflow/.local/lib/python3.7/site-packages/airflow/example_dags/example_branch_labels.py
[2023-09-03T14:54:01.953+0000] {processor.py:766} INFO - DAG(s) dict_keys(['example_branch_labels']) retrieved from /home/airflow/.local/lib/python3.7/site-packages/airflow/example_dags/example_branch_labels.py
[2023-09-03T14:54:02.141+0000] {logging_mixin.py:120} INFO - [2023-09-03T14:54:02.141+0000] {manager.py:507} INFO - Created Permission View: can read on DAG:example_branch_labels
[2023-09-03T14:54:02.164+0000] {logging_mixin.py:120} INFO - [2023-09-03T14:54:02.163+0000] {manager.py:507} INFO - Created Permission View: can edit on DAG:example_branch_labels
[2023-09-03T14:54:02.198+0000] {logging_mixin.py:120} INFO - [2023-09-03T14:54:02.198+0000] {manager.py:507} INFO - Created Permission View: can delete on DAG:example_branch_labels
[2023-09-03T14:54:02.199+0000] {logging_mixin.py:120} INFO - [2023-09-03T14:54:02.198+0000] {dag.py:2585} INFO - Sync 1 DAGs
[2023-09-03T14:54:02.266+0000] {logging_mixin.py:120} INFO - [2023-09-03T14:54:02.266+0000] {dag.py:2606} INFO - Creating ORM DAG for example_branch_labels
[2023-09-03T14:54:02.330+0000] {logging_mixin.py:120} INFO - [2023-09-03T14:54:02.329+0000] {dag.py:3340} INFO - Setting next_dagrun for example_branch_labels to 2023-09-02T00:00:00+00:00, run_after=2023-09-03T00:00:00+00:00
[2023-09-03T14:54:02.385+0000] {processor.py:176} INFO - Processing /home/airflow/.local/lib/python3.7/site-packages/airflow/example_dags/example_branch_labels.py took 0.450 seconds
[2023-09-03T14:54:33.213+0000] {processor.py:154} INFO - Started process (PID=124) to work on /home/airflow/.local/lib/python3.7/site-packages/airflow/example_dags/example_branch_labels.py
[2023-09-03T14:54:33.214+0000] {processor.py:756} INFO - Processing file /home/airflow/.local/lib/python3.7/site-packages/airflow/example_dags/example_branch_labels.py for tasks to queue
[2023-09-03T14:54:33.215+0000] {logging_mixin.py:120} INFO - [2023-09-03T14:54:33.215+0000] {dagbag.py:537} INFO - Filling up the DagBag from /home/airflow/.local/lib/python3.7/site-packages/airflow/example_dags/example_branch_labels.py
[2023-09-03T14:54:33.228+0000] {processor.py:766} INFO - DAG(s) dict_keys(['example_branch_labels']) retrieved from /home/airflow/.local/lib/python3.7/site-packages/airflow/example_dags/example_branch_labels.py
[2023-09-03T14:54:33.261+0000] {logging_mixin.py:120} INFO - [2023-09-03T14:54:33.261+0000] {dag.py:2585} INFO - Sync 1 DAGs
[2023-09-03T14:54:33.277+0000] {logging_mixin.py:120} INFO - [2023-09-03T14:54:33.277+0000] {dag.py:3340} INFO - Setting next_dagrun for example_branch_labels to 2023-09-02T00:00:00+00:00, run_after=2023-09-03T00:00:00+00:00
[2023-09-03T14:54:33.287+0000] {processor.py:176} INFO - Processing /home/airflow/.local/lib/python3.7/site-packages/airflow/example_dags/example_branch_labels.py took 0.078 seconds
[2023-09-03T14:55:03.468+0000] {processor.py:154} INFO - Started process (PID=194) to work on /home/airflow/.local/lib/python3.7/site-packages/airflow/example_dags/example_branch_labels.py
[2023-09-03T14:55:03.469+0000] {processor.py:756} INFO - Processing file /home/airflow/.local/lib/python3.7/site-packages/airflow/example_dags/example_branch_labels.py for tasks to queue
[2023-09-03T14:55:03.470+0000] {logging_mixin.py:120} INFO - [2023-09-03T14:55:03.470+0000] {dagbag.py:537} INFO - Filling up the DagBag from /home/airflow/.local/lib/python3.7/site-packages/airflow/example_dags/example_branch_labels.py
[2023-09-03T14:55:03.481+0000] {processor.py:766} INFO - DAG(s) dict_keys(['example_branch_labels']) retrieved from /home/airflow/.local/lib/python3.7/site-packages/airflow/example_dags/example_branch_labels.py
[2023-09-03T14:55:03.509+0000] {logging_mixin.py:120} INFO - [2023-09-03T14:55:03.509+0000] {dag.py:2585} INFO - Sync 1 DAGs
[2023-09-03T14:55:03.526+0000] {logging_mixin.py:120} INFO - [2023-09-03T14:55:03.525+0000] {dag.py:3340} INFO - Setting next_dagrun for example_branch_labels to 2023-09-02T00:00:00+00:00, run_after=2023-09-03T00:00:00+00:00
[2023-09-03T14:55:03.536+0000] {processor.py:176} INFO - Processing /home/airflow/.local/lib/python3.7/site-packages/airflow/example_dags/example_branch_labels.py took 0.071 seconds
[2023-09-03T14:55:34.206+0000] {processor.py:154} INFO - Started process (PID=263) to work on /home/airflow/.local/lib/python3.7/site-packages/airflow/example_dags/example_branch_labels.py
[2023-09-03T14:55:34.207+0000] {processor.py:756} INFO - Processing file /home/airflow/.local/lib/python3.7/site-packages/airflow/example_dags/example_branch_labels.py for tasks to queue
[2023-09-03T14:55:34.207+0000] {logging_mixin.py:120} INFO - [2023-09-03T14:55:34.207+0000] {dagbag.py:537} INFO - Filling up the DagBag from /home/airflow/.local/lib/python3.7/site-packages/airflow/example_dags/example_branch_labels.py
[2023-09-03T14:55:34.217+0000] {processor.py:766} INFO - DAG(s) dict_keys(['example_branch_labels']) retrieved from /home/airflow/.local/lib/python3.7/site-packages/airflow/example_dags/example_branch_labels.py
[2023-09-03T14:55:34.247+0000] {logging_mixin.py:120} INFO - [2023-09-03T14:55:34.247+0000] {dag.py:2585} INFO - Sync 1 DAGs
[2023-09-03T14:55:34.262+0000] {logging_mixin.py:120} INFO - [2023-09-03T14:55:34.262+0000] {dag.py:3340} INFO - Setting next_dagrun for example_branch_labels to 2023-09-02T00:00:00+00:00, run_after=2023-09-03T00:00:00+00:00
[2023-09-03T14:55:34.273+0000] {processor.py:176} INFO - Processing /home/airflow/.local/lib/python3.7/site-packages/airflow/example_dags/example_branch_labels.py took 0.069 seconds
