[2023-09-03T14:54:00.500+0000] {processor.py:154} INFO - Started process (PID=44) to work on /home/airflow/.local/lib/python3.7/site-packages/airflow/example_dags/tutorial_dag.py
[2023-09-03T14:54:00.501+0000] {processor.py:756} INFO - Processing file /home/airflow/.local/lib/python3.7/site-packages/airflow/example_dags/tutorial_dag.py for tasks to queue
[2023-09-03T14:54:00.501+0000] {logging_mixin.py:120} INFO - [2023-09-03T14:54:00.501+0000] {dagbag.py:537} INFO - Filling up the DagBag from /home/airflow/.local/lib/python3.7/site-packages/airflow/example_dags/tutorial_dag.py
[2023-09-03T14:54:00.514+0000] {processor.py:766} INFO - DAG(s) dict_keys(['tutorial_dag']) retrieved from /home/airflow/.local/lib/python3.7/site-packages/airflow/example_dags/tutorial_dag.py
[2023-09-03T14:54:00.638+0000] {logging_mixin.py:120} INFO - [2023-09-03T14:54:00.638+0000] {manager.py:507} INFO - Created Permission View: can read on DAG:tutorial_dag
[2023-09-03T14:54:00.644+0000] {logging_mixin.py:120} INFO - [2023-09-03T14:54:00.644+0000] {manager.py:507} INFO - Created Permission View: can edit on DAG:tutorial_dag
[2023-09-03T14:54:00.650+0000] {logging_mixin.py:120} INFO - [2023-09-03T14:54:00.649+0000] {manager.py:507} INFO - Created Permission View: can delete on DAG:tutorial_dag
[2023-09-03T14:54:00.650+0000] {logging_mixin.py:120} INFO - [2023-09-03T14:54:00.650+0000] {dag.py:2585} INFO - Sync 1 DAGs
[2023-09-03T14:54:00.662+0000] {logging_mixin.py:120} INFO - [2023-09-03T14:54:00.661+0000] {dag.py:2606} INFO - Creating ORM DAG for tutorial_dag
[2023-09-03T14:54:00.679+0000] {logging_mixin.py:120} INFO - [2023-09-03T14:54:00.679+0000] {dag.py:3340} INFO - Setting next_dagrun for tutorial_dag to None, run_after=None
[2023-09-03T14:54:00.709+0000] {processor.py:176} INFO - Processing /home/airflow/.local/lib/python3.7/site-packages/airflow/example_dags/tutorial_dag.py took 0.212 seconds
[2023-09-03T14:54:31.327+0000] {processor.py:154} INFO - Started process (PID=114) to work on /home/airflow/.local/lib/python3.7/site-packages/airflow/example_dags/tutorial_dag.py
[2023-09-03T14:54:31.328+0000] {processor.py:756} INFO - Processing file /home/airflow/.local/lib/python3.7/site-packages/airflow/example_dags/tutorial_dag.py for tasks to queue
[2023-09-03T14:54:31.328+0000] {logging_mixin.py:120} INFO - [2023-09-03T14:54:31.328+0000] {dagbag.py:537} INFO - Filling up the DagBag from /home/airflow/.local/lib/python3.7/site-packages/airflow/example_dags/tutorial_dag.py
[2023-09-03T14:54:31.342+0000] {processor.py:766} INFO - DAG(s) dict_keys(['tutorial_dag']) retrieved from /home/airflow/.local/lib/python3.7/site-packages/airflow/example_dags/tutorial_dag.py
[2023-09-03T14:54:31.372+0000] {logging_mixin.py:120} INFO - [2023-09-03T14:54:31.372+0000] {dag.py:2585} INFO - Sync 1 DAGs
[2023-09-03T14:54:31.389+0000] {logging_mixin.py:120} INFO - [2023-09-03T14:54:31.389+0000] {dag.py:3340} INFO - Setting next_dagrun for tutorial_dag to None, run_after=None
[2023-09-03T14:54:31.399+0000] {processor.py:176} INFO - Processing /home/airflow/.local/lib/python3.7/site-packages/airflow/example_dags/tutorial_dag.py took 0.074 seconds
[2023-09-03T14:55:01.594+0000] {processor.py:154} INFO - Started process (PID=182) to work on /home/airflow/.local/lib/python3.7/site-packages/airflow/example_dags/tutorial_dag.py
[2023-09-03T14:55:01.595+0000] {processor.py:756} INFO - Processing file /home/airflow/.local/lib/python3.7/site-packages/airflow/example_dags/tutorial_dag.py for tasks to queue
[2023-09-03T14:55:01.595+0000] {logging_mixin.py:120} INFO - [2023-09-03T14:55:01.595+0000] {dagbag.py:537} INFO - Filling up the DagBag from /home/airflow/.local/lib/python3.7/site-packages/airflow/example_dags/tutorial_dag.py
[2023-09-03T14:55:01.605+0000] {processor.py:766} INFO - DAG(s) dict_keys(['tutorial_dag']) retrieved from /home/airflow/.local/lib/python3.7/site-packages/airflow/example_dags/tutorial_dag.py
[2023-09-03T14:55:01.631+0000] {logging_mixin.py:120} INFO - [2023-09-03T14:55:01.630+0000] {dag.py:2585} INFO - Sync 1 DAGs
[2023-09-03T14:55:01.644+0000] {logging_mixin.py:120} INFO - [2023-09-03T14:55:01.644+0000] {dag.py:3340} INFO - Setting next_dagrun for tutorial_dag to None, run_after=None
[2023-09-03T14:55:01.655+0000] {processor.py:176} INFO - Processing /home/airflow/.local/lib/python3.7/site-packages/airflow/example_dags/tutorial_dag.py took 0.062 seconds
[2023-09-03T14:55:32.403+0000] {processor.py:154} INFO - Started process (PID=251) to work on /home/airflow/.local/lib/python3.7/site-packages/airflow/example_dags/tutorial_dag.py
[2023-09-03T14:55:32.404+0000] {processor.py:756} INFO - Processing file /home/airflow/.local/lib/python3.7/site-packages/airflow/example_dags/tutorial_dag.py for tasks to queue
[2023-09-03T14:55:32.404+0000] {logging_mixin.py:120} INFO - [2023-09-03T14:55:32.404+0000] {dagbag.py:537} INFO - Filling up the DagBag from /home/airflow/.local/lib/python3.7/site-packages/airflow/example_dags/tutorial_dag.py
[2023-09-03T14:55:32.413+0000] {processor.py:766} INFO - DAG(s) dict_keys(['tutorial_dag']) retrieved from /home/airflow/.local/lib/python3.7/site-packages/airflow/example_dags/tutorial_dag.py
[2023-09-03T14:55:32.438+0000] {logging_mixin.py:120} INFO - [2023-09-03T14:55:32.438+0000] {dag.py:2585} INFO - Sync 1 DAGs
[2023-09-03T14:55:32.451+0000] {logging_mixin.py:120} INFO - [2023-09-03T14:55:32.451+0000] {dag.py:3340} INFO - Setting next_dagrun for tutorial_dag to None, run_after=None
[2023-09-03T14:55:32.459+0000] {processor.py:176} INFO - Processing /home/airflow/.local/lib/python3.7/site-packages/airflow/example_dags/tutorial_dag.py took 0.058 seconds
