[2023-09-03T14:54:05.877+0000] {processor.py:154} INFO - Started process (PID=80) to work on /home/airflow/.local/lib/python3.7/site-packages/airflow/example_dags/tutorial_taskflow_api_virtualenv.py
[2023-09-03T14:54:05.878+0000] {processor.py:756} INFO - Processing file /home/airflow/.local/lib/python3.7/site-packages/airflow/example_dags/tutorial_taskflow_api_virtualenv.py for tasks to queue
[2023-09-03T14:54:05.879+0000] {logging_mixin.py:120} INFO - [2023-09-03T14:54:05.878+0000] {dagbag.py:537} INFO - Filling up the DagBag from /home/airflow/.local/lib/python3.7/site-packages/airflow/example_dags/tutorial_taskflow_api_virtualenv.py
[2023-09-03T14:54:05.907+0000] {processor.py:766} INFO - DAG(s) dict_keys(['tutorial_taskflow_api_virtualenv']) retrieved from /home/airflow/.local/lib/python3.7/site-packages/airflow/example_dags/tutorial_taskflow_api_virtualenv.py
[2023-09-03T14:54:06.082+0000] {logging_mixin.py:120} INFO - [2023-09-03T14:54:06.082+0000] {manager.py:507} INFO - Created Permission View: can read on DAG:tutorial_taskflow_api_virtualenv
[2023-09-03T14:54:06.123+0000] {logging_mixin.py:120} INFO - [2023-09-03T14:54:06.123+0000] {manager.py:507} INFO - Created Permission View: can edit on DAG:tutorial_taskflow_api_virtualenv
[2023-09-03T14:54:06.158+0000] {logging_mixin.py:120} INFO - [2023-09-03T14:54:06.158+0000] {manager.py:507} INFO - Created Permission View: can delete on DAG:tutorial_taskflow_api_virtualenv
[2023-09-03T14:54:06.158+0000] {logging_mixin.py:120} INFO - [2023-09-03T14:54:06.158+0000] {dag.py:2585} INFO - Sync 1 DAGs
[2023-09-03T14:54:06.174+0000] {logging_mixin.py:120} INFO - [2023-09-03T14:54:06.174+0000] {dag.py:2606} INFO - Creating ORM DAG for tutorial_taskflow_api_virtualenv
[2023-09-03T14:54:06.186+0000] {logging_mixin.py:120} INFO - [2023-09-03T14:54:06.185+0000] {dag.py:3340} INFO - Setting next_dagrun for tutorial_taskflow_api_virtualenv to None, run_after=None
[2023-09-03T14:54:06.206+0000] {processor.py:176} INFO - Processing /home/airflow/.local/lib/python3.7/site-packages/airflow/example_dags/tutorial_taskflow_api_virtualenv.py took 0.331 seconds
[2023-09-03T14:54:36.465+0000] {processor.py:154} INFO - Started process (PID=147) to work on /home/airflow/.local/lib/python3.7/site-packages/airflow/example_dags/tutorial_taskflow_api_virtualenv.py
[2023-09-03T14:54:36.466+0000] {processor.py:756} INFO - Processing file /home/airflow/.local/lib/python3.7/site-packages/airflow/example_dags/tutorial_taskflow_api_virtualenv.py for tasks to queue
[2023-09-03T14:54:36.466+0000] {logging_mixin.py:120} INFO - [2023-09-03T14:54:36.466+0000] {dagbag.py:537} INFO - Filling up the DagBag from /home/airflow/.local/lib/python3.7/site-packages/airflow/example_dags/tutorial_taskflow_api_virtualenv.py
[2023-09-03T14:54:36.485+0000] {processor.py:766} INFO - DAG(s) dict_keys(['tutorial_taskflow_api_virtualenv']) retrieved from /home/airflow/.local/lib/python3.7/site-packages/airflow/example_dags/tutorial_taskflow_api_virtualenv.py
[2023-09-03T14:54:36.552+0000] {logging_mixin.py:120} INFO - [2023-09-03T14:54:36.552+0000] {dag.py:2585} INFO - Sync 1 DAGs
[2023-09-03T14:54:36.578+0000] {logging_mixin.py:120} INFO - [2023-09-03T14:54:36.578+0000] {dag.py:3340} INFO - Setting next_dagrun for tutorial_taskflow_api_virtualenv to None, run_after=None
[2023-09-03T14:54:36.605+0000] {processor.py:176} INFO - Processing /home/airflow/.local/lib/python3.7/site-packages/airflow/example_dags/tutorial_taskflow_api_virtualenv.py took 0.142 seconds
[2023-09-03T14:55:07.483+0000] {processor.py:154} INFO - Started process (PID=210) to work on /home/airflow/.local/lib/python3.7/site-packages/airflow/example_dags/tutorial_taskflow_api_virtualenv.py
[2023-09-03T14:55:07.483+0000] {processor.py:756} INFO - Processing file /home/airflow/.local/lib/python3.7/site-packages/airflow/example_dags/tutorial_taskflow_api_virtualenv.py for tasks to queue
[2023-09-03T14:55:07.484+0000] {logging_mixin.py:120} INFO - [2023-09-03T14:55:07.484+0000] {dagbag.py:537} INFO - Filling up the DagBag from /home/airflow/.local/lib/python3.7/site-packages/airflow/example_dags/tutorial_taskflow_api_virtualenv.py
[2023-09-03T14:55:07.497+0000] {processor.py:766} INFO - DAG(s) dict_keys(['tutorial_taskflow_api_virtualenv']) retrieved from /home/airflow/.local/lib/python3.7/site-packages/airflow/example_dags/tutorial_taskflow_api_virtualenv.py
[2023-09-03T14:55:07.523+0000] {logging_mixin.py:120} INFO - [2023-09-03T14:55:07.523+0000] {dag.py:2585} INFO - Sync 1 DAGs
[2023-09-03T14:55:07.537+0000] {logging_mixin.py:120} INFO - [2023-09-03T14:55:07.537+0000] {dag.py:3340} INFO - Setting next_dagrun for tutorial_taskflow_api_virtualenv to None, run_after=None
[2023-09-03T14:55:07.547+0000] {processor.py:176} INFO - Processing /home/airflow/.local/lib/python3.7/site-packages/airflow/example_dags/tutorial_taskflow_api_virtualenv.py took 0.067 seconds
[2023-09-03T14:55:38.074+0000] {processor.py:154} INFO - Started process (PID=279) to work on /home/airflow/.local/lib/python3.7/site-packages/airflow/example_dags/tutorial_taskflow_api_virtualenv.py
[2023-09-03T14:55:38.074+0000] {processor.py:756} INFO - Processing file /home/airflow/.local/lib/python3.7/site-packages/airflow/example_dags/tutorial_taskflow_api_virtualenv.py for tasks to queue
[2023-09-03T14:55:38.075+0000] {logging_mixin.py:120} INFO - [2023-09-03T14:55:38.075+0000] {dagbag.py:537} INFO - Filling up the DagBag from /home/airflow/.local/lib/python3.7/site-packages/airflow/example_dags/tutorial_taskflow_api_virtualenv.py
[2023-09-03T14:55:38.093+0000] {processor.py:766} INFO - DAG(s) dict_keys(['tutorial_taskflow_api_virtualenv']) retrieved from /home/airflow/.local/lib/python3.7/site-packages/airflow/example_dags/tutorial_taskflow_api_virtualenv.py
[2023-09-03T14:55:38.120+0000] {logging_mixin.py:120} INFO - [2023-09-03T14:55:38.120+0000] {dag.py:2585} INFO - Sync 1 DAGs
[2023-09-03T14:55:38.133+0000] {logging_mixin.py:120} INFO - [2023-09-03T14:55:38.133+0000] {dag.py:3340} INFO - Setting next_dagrun for tutorial_taskflow_api_virtualenv to None, run_after=None
[2023-09-03T14:55:38.143+0000] {processor.py:176} INFO - Processing /home/airflow/.local/lib/python3.7/site-packages/airflow/example_dags/tutorial_taskflow_api_virtualenv.py took 0.072 seconds
