[2023-09-03T14:54:01.687+0000] {processor.py:154} INFO - Started process (PID=51) to work on /home/airflow/.local/lib/python3.7/site-packages/airflow/example_dags/tutorial_taskflow_api.py
[2023-09-03T14:54:01.690+0000] {processor.py:756} INFO - Processing file /home/airflow/.local/lib/python3.7/site-packages/airflow/example_dags/tutorial_taskflow_api.py for tasks to queue
[2023-09-03T14:54:01.691+0000] {logging_mixin.py:120} INFO - [2023-09-03T14:54:01.691+0000] {dagbag.py:537} INFO - Filling up the DagBag from /home/airflow/.local/lib/python3.7/site-packages/airflow/example_dags/tutorial_taskflow_api.py
[2023-09-03T14:54:01.723+0000] {processor.py:766} INFO - DAG(s) dict_keys(['tutorial_taskflow_api']) retrieved from /home/airflow/.local/lib/python3.7/site-packages/airflow/example_dags/tutorial_taskflow_api.py
[2023-09-03T14:54:01.810+0000] {logging_mixin.py:120} INFO - [2023-09-03T14:54:01.810+0000] {manager.py:507} INFO - Created Permission View: can read on DAG:tutorial_taskflow_api
[2023-09-03T14:54:01.816+0000] {logging_mixin.py:120} INFO - [2023-09-03T14:54:01.816+0000] {manager.py:507} INFO - Created Permission View: can edit on DAG:tutorial_taskflow_api
[2023-09-03T14:54:01.820+0000] {logging_mixin.py:120} INFO - [2023-09-03T14:54:01.820+0000] {manager.py:507} INFO - Created Permission View: can delete on DAG:tutorial_taskflow_api
[2023-09-03T14:54:01.820+0000] {logging_mixin.py:120} INFO - [2023-09-03T14:54:01.820+0000] {dag.py:2585} INFO - Sync 1 DAGs
[2023-09-03T14:54:01.828+0000] {logging_mixin.py:120} INFO - [2023-09-03T14:54:01.828+0000] {dag.py:2606} INFO - Creating ORM DAG for tutorial_taskflow_api
[2023-09-03T14:54:01.835+0000] {logging_mixin.py:120} INFO - [2023-09-03T14:54:01.835+0000] {dag.py:3340} INFO - Setting next_dagrun for tutorial_taskflow_api to None, run_after=None
[2023-09-03T14:54:01.845+0000] {processor.py:176} INFO - Processing /home/airflow/.local/lib/python3.7/site-packages/airflow/example_dags/tutorial_taskflow_api.py took 0.161 seconds
[2023-09-03T14:54:32.021+0000] {processor.py:154} INFO - Started process (PID=121) to work on /home/airflow/.local/lib/python3.7/site-packages/airflow/example_dags/tutorial_taskflow_api.py
[2023-09-03T14:54:32.021+0000] {processor.py:756} INFO - Processing file /home/airflow/.local/lib/python3.7/site-packages/airflow/example_dags/tutorial_taskflow_api.py for tasks to queue
[2023-09-03T14:54:32.022+0000] {logging_mixin.py:120} INFO - [2023-09-03T14:54:32.022+0000] {dagbag.py:537} INFO - Filling up the DagBag from /home/airflow/.local/lib/python3.7/site-packages/airflow/example_dags/tutorial_taskflow_api.py
[2023-09-03T14:54:32.035+0000] {processor.py:766} INFO - DAG(s) dict_keys(['tutorial_taskflow_api']) retrieved from /home/airflow/.local/lib/python3.7/site-packages/airflow/example_dags/tutorial_taskflow_api.py
[2023-09-03T14:54:32.060+0000] {logging_mixin.py:120} INFO - [2023-09-03T14:54:32.059+0000] {dag.py:2585} INFO - Sync 1 DAGs
[2023-09-03T14:54:32.073+0000] {logging_mixin.py:120} INFO - [2023-09-03T14:54:32.073+0000] {dag.py:3340} INFO - Setting next_dagrun for tutorial_taskflow_api to None, run_after=None
[2023-09-03T14:54:32.083+0000] {processor.py:176} INFO - Processing /home/airflow/.local/lib/python3.7/site-packages/airflow/example_dags/tutorial_taskflow_api.py took 0.065 seconds
[2023-09-03T14:55:03.273+0000] {processor.py:154} INFO - Started process (PID=191) to work on /home/airflow/.local/lib/python3.7/site-packages/airflow/example_dags/tutorial_taskflow_api.py
[2023-09-03T14:55:03.273+0000] {processor.py:756} INFO - Processing file /home/airflow/.local/lib/python3.7/site-packages/airflow/example_dags/tutorial_taskflow_api.py for tasks to queue
[2023-09-03T14:55:03.275+0000] {logging_mixin.py:120} INFO - [2023-09-03T14:55:03.274+0000] {dagbag.py:537} INFO - Filling up the DagBag from /home/airflow/.local/lib/python3.7/site-packages/airflow/example_dags/tutorial_taskflow_api.py
[2023-09-03T14:55:03.297+0000] {processor.py:766} INFO - DAG(s) dict_keys(['tutorial_taskflow_api']) retrieved from /home/airflow/.local/lib/python3.7/site-packages/airflow/example_dags/tutorial_taskflow_api.py
[2023-09-03T14:55:03.339+0000] {logging_mixin.py:120} INFO - [2023-09-03T14:55:03.339+0000] {dag.py:2585} INFO - Sync 1 DAGs
[2023-09-03T14:55:03.356+0000] {logging_mixin.py:120} INFO - [2023-09-03T14:55:03.356+0000] {dag.py:3340} INFO - Setting next_dagrun for tutorial_taskflow_api to None, run_after=None
[2023-09-03T14:55:03.368+0000] {processor.py:176} INFO - Processing /home/airflow/.local/lib/python3.7/site-packages/airflow/example_dags/tutorial_taskflow_api.py took 0.098 seconds
[2023-09-03T14:55:33.865+0000] {processor.py:154} INFO - Started process (PID=260) to work on /home/airflow/.local/lib/python3.7/site-packages/airflow/example_dags/tutorial_taskflow_api.py
[2023-09-03T14:55:33.866+0000] {processor.py:756} INFO - Processing file /home/airflow/.local/lib/python3.7/site-packages/airflow/example_dags/tutorial_taskflow_api.py for tasks to queue
[2023-09-03T14:55:33.867+0000] {logging_mixin.py:120} INFO - [2023-09-03T14:55:33.867+0000] {dagbag.py:537} INFO - Filling up the DagBag from /home/airflow/.local/lib/python3.7/site-packages/airflow/example_dags/tutorial_taskflow_api.py
[2023-09-03T14:55:33.882+0000] {processor.py:766} INFO - DAG(s) dict_keys(['tutorial_taskflow_api']) retrieved from /home/airflow/.local/lib/python3.7/site-packages/airflow/example_dags/tutorial_taskflow_api.py
[2023-09-03T14:55:33.923+0000] {logging_mixin.py:120} INFO - [2023-09-03T14:55:33.923+0000] {dag.py:2585} INFO - Sync 1 DAGs
[2023-09-03T14:55:33.943+0000] {logging_mixin.py:120} INFO - [2023-09-03T14:55:33.942+0000] {dag.py:3340} INFO - Setting next_dagrun for tutorial_taskflow_api to None, run_after=None
[2023-09-03T14:55:33.971+0000] {processor.py:176} INFO - Processing /home/airflow/.local/lib/python3.7/site-packages/airflow/example_dags/tutorial_taskflow_api.py took 0.109 seconds
