[2024-05-21T16:27:08.506+0000] {processor.py:154} INFO - Started process (PID=56) to work on /opt/airflow/dags/group_dag.py
[2024-05-21T16:27:08.507+0000] {processor.py:756} INFO - Processing file /opt/airflow/dags/group_dag.py for tasks to queue
[2024-05-21T16:27:08.508+0000] {logging_mixin.py:120} INFO - [2024-05-21T16:27:08.508+0000] {dagbag.py:537} INFO - Filling up the DagBag from /opt/airflow/dags/group_dag.py
[2024-05-21T16:27:08.542+0000] {processor.py:766} INFO - DAG(s) dict_keys(['group_dag']) retrieved from /opt/airflow/dags/group_dag.py
[2024-05-21T16:27:08.610+0000] {logging_mixin.py:120} INFO - [2024-05-21T16:27:08.609+0000] {dag.py:2585} INFO - Sync 1 DAGs
[2024-05-21T16:27:08.633+0000] {logging_mixin.py:120} INFO - [2024-05-21T16:27:08.633+0000] {dag.py:3340} INFO - Setting next_dagrun for group_dag to 2024-05-20T00:00:00+00:00, run_after=2024-05-21T00:00:00+00:00
[2024-05-21T16:27:08.664+0000] {processor.py:176} INFO - Processing /opt/airflow/dags/group_dag.py took 0.160 seconds
[2024-05-21T16:27:39.440+0000] {processor.py:154} INFO - Started process (PID=93) to work on /opt/airflow/dags/group_dag.py
[2024-05-21T16:27:39.442+0000] {processor.py:756} INFO - Processing file /opt/airflow/dags/group_dag.py for tasks to queue
[2024-05-21T16:27:39.443+0000] {logging_mixin.py:120} INFO - [2024-05-21T16:27:39.443+0000] {dagbag.py:537} INFO - Filling up the DagBag from /opt/airflow/dags/group_dag.py
[2024-05-21T16:27:39.465+0000] {processor.py:766} INFO - DAG(s) dict_keys(['group_dag']) retrieved from /opt/airflow/dags/group_dag.py
[2024-05-21T16:27:39.486+0000] {logging_mixin.py:120} INFO - [2024-05-21T16:27:39.486+0000] {dag.py:2585} INFO - Sync 1 DAGs
[2024-05-21T16:27:39.501+0000] {logging_mixin.py:120} INFO - [2024-05-21T16:27:39.501+0000] {dag.py:3340} INFO - Setting next_dagrun for group_dag to 2024-05-20T00:00:00+00:00, run_after=2024-05-21T00:00:00+00:00
[2024-05-21T16:27:39.511+0000] {processor.py:176} INFO - Processing /opt/airflow/dags/group_dag.py took 0.074 seconds
[2024-05-21T16:28:10.628+0000] {processor.py:154} INFO - Started process (PID=131) to work on /opt/airflow/dags/group_dag.py
[2024-05-21T16:28:10.631+0000] {processor.py:756} INFO - Processing file /opt/airflow/dags/group_dag.py for tasks to queue
[2024-05-21T16:28:10.632+0000] {logging_mixin.py:120} INFO - [2024-05-21T16:28:10.632+0000] {dagbag.py:537} INFO - Filling up the DagBag from /opt/airflow/dags/group_dag.py
[2024-05-21T16:28:10.663+0000] {processor.py:766} INFO - DAG(s) dict_keys(['group_dag']) retrieved from /opt/airflow/dags/group_dag.py
[2024-05-21T16:28:10.704+0000] {logging_mixin.py:120} INFO - [2024-05-21T16:28:10.704+0000] {dag.py:2585} INFO - Sync 1 DAGs
[2024-05-21T16:28:10.719+0000] {logging_mixin.py:120} INFO - [2024-05-21T16:28:10.719+0000] {dag.py:3340} INFO - Setting next_dagrun for group_dag to 2024-05-20T00:00:00+00:00, run_after=2024-05-21T00:00:00+00:00
[2024-05-21T16:28:10.738+0000] {processor.py:176} INFO - Processing /opt/airflow/dags/group_dag.py took 0.114 seconds
[2024-05-21T16:28:41.657+0000] {processor.py:154} INFO - Started process (PID=159) to work on /opt/airflow/dags/group_dag.py
[2024-05-21T16:28:41.658+0000] {processor.py:756} INFO - Processing file /opt/airflow/dags/group_dag.py for tasks to queue
[2024-05-21T16:28:41.658+0000] {logging_mixin.py:120} INFO - [2024-05-21T16:28:41.658+0000] {dagbag.py:537} INFO - Filling up the DagBag from /opt/airflow/dags/group_dag.py
[2024-05-21T16:28:41.671+0000] {processor.py:766} INFO - DAG(s) dict_keys(['group_dag']) retrieved from /opt/airflow/dags/group_dag.py
[2024-05-21T16:28:41.696+0000] {logging_mixin.py:120} INFO - [2024-05-21T16:28:41.696+0000] {dag.py:2585} INFO - Sync 1 DAGs
[2024-05-21T16:28:41.712+0000] {logging_mixin.py:120} INFO - [2024-05-21T16:28:41.712+0000] {dag.py:3340} INFO - Setting next_dagrun for group_dag to 2024-05-20T00:00:00+00:00, run_after=2024-05-21T00:00:00+00:00
[2024-05-21T16:28:41.726+0000] {processor.py:176} INFO - Processing /opt/airflow/dags/group_dag.py took 0.071 seconds
[2024-05-21T16:29:12.718+0000] {processor.py:154} INFO - Started process (PID=196) to work on /opt/airflow/dags/group_dag.py
[2024-05-21T16:29:12.718+0000] {processor.py:756} INFO - Processing file /opt/airflow/dags/group_dag.py for tasks to queue
[2024-05-21T16:29:12.719+0000] {logging_mixin.py:120} INFO - [2024-05-21T16:29:12.719+0000] {dagbag.py:537} INFO - Filling up the DagBag from /opt/airflow/dags/group_dag.py
[2024-05-21T16:29:12.729+0000] {processor.py:766} INFO - DAG(s) dict_keys(['group_dag']) retrieved from /opt/airflow/dags/group_dag.py
[2024-05-21T16:29:12.749+0000] {logging_mixin.py:120} INFO - [2024-05-21T16:29:12.749+0000] {dag.py:2585} INFO - Sync 1 DAGs
[2024-05-21T16:29:12.763+0000] {logging_mixin.py:120} INFO - [2024-05-21T16:29:12.763+0000] {dag.py:3340} INFO - Setting next_dagrun for group_dag to 2024-05-20T00:00:00+00:00, run_after=2024-05-21T00:00:00+00:00
[2024-05-21T16:29:12.772+0000] {processor.py:176} INFO - Processing /opt/airflow/dags/group_dag.py took 0.056 seconds
[2024-05-21T16:29:43.540+0000] {processor.py:154} INFO - Started process (PID=232) to work on /opt/airflow/dags/group_dag.py
[2024-05-21T16:29:43.541+0000] {processor.py:756} INFO - Processing file /opt/airflow/dags/group_dag.py for tasks to queue
[2024-05-21T16:29:43.541+0000] {logging_mixin.py:120} INFO - [2024-05-21T16:29:43.541+0000] {dagbag.py:537} INFO - Filling up the DagBag from /opt/airflow/dags/group_dag.py
[2024-05-21T16:29:43.552+0000] {processor.py:766} INFO - DAG(s) dict_keys(['group_dag']) retrieved from /opt/airflow/dags/group_dag.py
[2024-05-21T16:29:43.572+0000] {logging_mixin.py:120} INFO - [2024-05-21T16:29:43.571+0000] {dag.py:2585} INFO - Sync 1 DAGs
[2024-05-21T16:29:43.586+0000] {logging_mixin.py:120} INFO - [2024-05-21T16:29:43.586+0000] {dag.py:3340} INFO - Setting next_dagrun for group_dag to 2024-05-20T00:00:00+00:00, run_after=2024-05-21T00:00:00+00:00
[2024-05-21T16:29:43.594+0000] {processor.py:176} INFO - Processing /opt/airflow/dags/group_dag.py took 0.056 seconds
[2024-05-21T16:30:14.482+0000] {processor.py:154} INFO - Started process (PID=269) to work on /opt/airflow/dags/group_dag.py
[2024-05-21T16:30:14.482+0000] {processor.py:756} INFO - Processing file /opt/airflow/dags/group_dag.py for tasks to queue
[2024-05-21T16:30:14.483+0000] {logging_mixin.py:120} INFO - [2024-05-21T16:30:14.483+0000] {dagbag.py:537} INFO - Filling up the DagBag from /opt/airflow/dags/group_dag.py
[2024-05-21T16:30:14.494+0000] {processor.py:766} INFO - DAG(s) dict_keys(['group_dag']) retrieved from /opt/airflow/dags/group_dag.py
[2024-05-21T16:30:14.512+0000] {logging_mixin.py:120} INFO - [2024-05-21T16:30:14.512+0000] {dag.py:2585} INFO - Sync 1 DAGs
[2024-05-21T16:30:14.525+0000] {logging_mixin.py:120} INFO - [2024-05-21T16:30:14.525+0000] {dag.py:3340} INFO - Setting next_dagrun for group_dag to 2024-05-20T00:00:00+00:00, run_after=2024-05-21T00:00:00+00:00
[2024-05-21T16:30:14.535+0000] {processor.py:176} INFO - Processing /opt/airflow/dags/group_dag.py took 0.055 seconds
[2024-05-21T16:30:45.668+0000] {processor.py:154} INFO - Started process (PID=305) to work on /opt/airflow/dags/group_dag.py
[2024-05-21T16:30:45.670+0000] {processor.py:756} INFO - Processing file /opt/airflow/dags/group_dag.py for tasks to queue
[2024-05-21T16:30:45.670+0000] {logging_mixin.py:120} INFO - [2024-05-21T16:30:45.670+0000] {dagbag.py:537} INFO - Filling up the DagBag from /opt/airflow/dags/group_dag.py
[2024-05-21T16:30:45.685+0000] {processor.py:766} INFO - DAG(s) dict_keys(['group_dag']) retrieved from /opt/airflow/dags/group_dag.py
[2024-05-21T16:30:45.709+0000] {logging_mixin.py:120} INFO - [2024-05-21T16:30:45.709+0000] {dag.py:2585} INFO - Sync 1 DAGs
[2024-05-21T16:30:45.726+0000] {logging_mixin.py:120} INFO - [2024-05-21T16:30:45.726+0000] {dag.py:3340} INFO - Setting next_dagrun for group_dag to 2024-05-20T00:00:00+00:00, run_after=2024-05-21T00:00:00+00:00
[2024-05-21T16:30:45.736+0000] {processor.py:176} INFO - Processing /opt/airflow/dags/group_dag.py took 0.074 seconds
[2024-05-21T17:55:59.151+0000] {processor.py:154} INFO - Started process (PID=88) to work on /opt/airflow/dags/group_dag.py
[2024-05-21T17:55:59.173+0000] {processor.py:756} INFO - Processing file /opt/airflow/dags/group_dag.py for tasks to queue
[2024-05-21T17:55:59.209+0000] {logging_mixin.py:120} INFO - [2024-05-21T17:55:59.208+0000] {dagbag.py:537} INFO - Filling up the DagBag from /opt/airflow/dags/group_dag.py
[2024-05-21T17:56:00.619+0000] {processor.py:766} INFO - DAG(s) dict_keys(['group_dag']) retrieved from /opt/airflow/dags/group_dag.py
[2024-05-21T17:56:04.936+0000] {logging_mixin.py:120} INFO - [2024-05-21T17:56:04.878+0000] {dag.py:2585} INFO - Sync 1 DAGs
[2024-05-21T17:56:06.552+0000] {logging_mixin.py:120} INFO - [2024-05-21T17:56:06.519+0000] {dag.py:3340} INFO - Setting next_dagrun for group_dag to 2024-05-20T00:00:00+00:00, run_after=2024-05-21T00:00:00+00:00
[2024-05-21T17:56:09.822+0000] {processor.py:176} INFO - Processing /opt/airflow/dags/group_dag.py took 10.775 seconds
