[2024-05-21T16:27:08.628+0000] {processor.py:154} INFO - Started process (PID=57) to work on /opt/airflow/dags/parallel_dag.py
[2024-05-21T16:27:08.629+0000] {processor.py:756} INFO - Processing file /opt/airflow/dags/parallel_dag.py for tasks to queue
[2024-05-21T16:27:08.630+0000] {logging_mixin.py:120} INFO - [2024-05-21T16:27:08.629+0000] {dagbag.py:537} INFO - Filling up the DagBag from /opt/airflow/dags/parallel_dag.py
[2024-05-21T16:27:08.659+0000] {processor.py:766} INFO - DAG(s) dict_keys(['parallel_dag']) retrieved from /opt/airflow/dags/parallel_dag.py
[2024-05-21T16:27:08.749+0000] {logging_mixin.py:120} INFO - [2024-05-21T16:27:08.749+0000] {dag.py:2585} INFO - Sync 1 DAGs
[2024-05-21T16:27:08.846+0000] {logging_mixin.py:120} INFO - [2024-05-21T16:27:08.846+0000] {dag.py:3340} INFO - Setting next_dagrun for parallel_dag to 2024-05-20T00:00:00+00:00, run_after=2024-05-21T00:00:00+00:00
[2024-05-21T16:27:08.896+0000] {processor.py:176} INFO - Processing /opt/airflow/dags/parallel_dag.py took 0.271 seconds
[2024-05-21T16:27:39.504+0000] {processor.py:154} INFO - Started process (PID=94) to work on /opt/airflow/dags/parallel_dag.py
[2024-05-21T16:27:39.505+0000] {processor.py:756} INFO - Processing file /opt/airflow/dags/parallel_dag.py for tasks to queue
[2024-05-21T16:27:39.505+0000] {logging_mixin.py:120} INFO - [2024-05-21T16:27:39.505+0000] {dagbag.py:537} INFO - Filling up the DagBag from /opt/airflow/dags/parallel_dag.py
[2024-05-21T16:27:39.517+0000] {processor.py:766} INFO - DAG(s) dict_keys(['parallel_dag']) retrieved from /opt/airflow/dags/parallel_dag.py
[2024-05-21T16:27:39.536+0000] {logging_mixin.py:120} INFO - [2024-05-21T16:27:39.536+0000] {dag.py:2585} INFO - Sync 1 DAGs
[2024-05-21T16:27:39.549+0000] {logging_mixin.py:120} INFO - [2024-05-21T16:27:39.549+0000] {dag.py:3340} INFO - Setting next_dagrun for parallel_dag to 2024-05-20T00:00:00+00:00, run_after=2024-05-21T00:00:00+00:00
[2024-05-21T16:27:39.558+0000] {processor.py:176} INFO - Processing /opt/airflow/dags/parallel_dag.py took 0.056 seconds
[2024-05-21T16:28:10.739+0000] {processor.py:154} INFO - Started process (PID=132) to work on /opt/airflow/dags/parallel_dag.py
[2024-05-21T16:28:10.740+0000] {processor.py:756} INFO - Processing file /opt/airflow/dags/parallel_dag.py for tasks to queue
[2024-05-21T16:28:10.741+0000] {logging_mixin.py:120} INFO - [2024-05-21T16:28:10.741+0000] {dagbag.py:537} INFO - Filling up the DagBag from /opt/airflow/dags/parallel_dag.py
[2024-05-21T16:28:10.753+0000] {processor.py:766} INFO - DAG(s) dict_keys(['parallel_dag']) retrieved from /opt/airflow/dags/parallel_dag.py
[2024-05-21T16:28:10.779+0000] {logging_mixin.py:120} INFO - [2024-05-21T16:28:10.779+0000] {dag.py:2585} INFO - Sync 1 DAGs
[2024-05-21T16:28:10.804+0000] {logging_mixin.py:120} INFO - [2024-05-21T16:28:10.804+0000] {dag.py:3340} INFO - Setting next_dagrun for parallel_dag to 2024-05-20T00:00:00+00:00, run_after=2024-05-21T00:00:00+00:00
[2024-05-21T16:28:10.824+0000] {processor.py:176} INFO - Processing /opt/airflow/dags/parallel_dag.py took 0.087 seconds
[2024-05-21T16:28:41.728+0000] {processor.py:154} INFO - Started process (PID=160) to work on /opt/airflow/dags/parallel_dag.py
[2024-05-21T16:28:41.729+0000] {processor.py:756} INFO - Processing file /opt/airflow/dags/parallel_dag.py for tasks to queue
[2024-05-21T16:28:41.730+0000] {logging_mixin.py:120} INFO - [2024-05-21T16:28:41.730+0000] {dagbag.py:537} INFO - Filling up the DagBag from /opt/airflow/dags/parallel_dag.py
[2024-05-21T16:28:41.743+0000] {processor.py:766} INFO - DAG(s) dict_keys(['parallel_dag']) retrieved from /opt/airflow/dags/parallel_dag.py
[2024-05-21T16:28:41.767+0000] {logging_mixin.py:120} INFO - [2024-05-21T16:28:41.767+0000] {dag.py:2585} INFO - Sync 1 DAGs
[2024-05-21T16:28:41.784+0000] {logging_mixin.py:120} INFO - [2024-05-21T16:28:41.784+0000] {dag.py:3340} INFO - Setting next_dagrun for parallel_dag to 2024-05-20T00:00:00+00:00, run_after=2024-05-21T00:00:00+00:00
[2024-05-21T16:28:41.796+0000] {processor.py:176} INFO - Processing /opt/airflow/dags/parallel_dag.py took 0.070 seconds
[2024-05-21T16:29:12.756+0000] {processor.py:154} INFO - Started process (PID=197) to work on /opt/airflow/dags/parallel_dag.py
[2024-05-21T16:29:12.757+0000] {processor.py:756} INFO - Processing file /opt/airflow/dags/parallel_dag.py for tasks to queue
[2024-05-21T16:29:12.757+0000] {logging_mixin.py:120} INFO - [2024-05-21T16:29:12.757+0000] {dagbag.py:537} INFO - Filling up the DagBag from /opt/airflow/dags/parallel_dag.py
[2024-05-21T16:29:12.767+0000] {processor.py:766} INFO - DAG(s) dict_keys(['parallel_dag']) retrieved from /opt/airflow/dags/parallel_dag.py
[2024-05-21T16:29:12.787+0000] {logging_mixin.py:120} INFO - [2024-05-21T16:29:12.787+0000] {dag.py:2585} INFO - Sync 1 DAGs
[2024-05-21T16:29:12.800+0000] {logging_mixin.py:120} INFO - [2024-05-21T16:29:12.800+0000] {dag.py:3340} INFO - Setting next_dagrun for parallel_dag to 2024-05-20T00:00:00+00:00, run_after=2024-05-21T00:00:00+00:00
[2024-05-21T16:29:12.810+0000] {processor.py:176} INFO - Processing /opt/airflow/dags/parallel_dag.py took 0.056 seconds
[2024-05-21T16:29:43.581+0000] {processor.py:154} INFO - Started process (PID=233) to work on /opt/airflow/dags/parallel_dag.py
[2024-05-21T16:29:43.581+0000] {processor.py:756} INFO - Processing file /opt/airflow/dags/parallel_dag.py for tasks to queue
[2024-05-21T16:29:43.582+0000] {logging_mixin.py:120} INFO - [2024-05-21T16:29:43.582+0000] {dagbag.py:537} INFO - Filling up the DagBag from /opt/airflow/dags/parallel_dag.py
[2024-05-21T16:29:43.591+0000] {processor.py:766} INFO - DAG(s) dict_keys(['parallel_dag']) retrieved from /opt/airflow/dags/parallel_dag.py
[2024-05-21T16:29:43.610+0000] {logging_mixin.py:120} INFO - [2024-05-21T16:29:43.610+0000] {dag.py:2585} INFO - Sync 1 DAGs
[2024-05-21T16:29:43.622+0000] {logging_mixin.py:120} INFO - [2024-05-21T16:29:43.622+0000] {dag.py:3340} INFO - Setting next_dagrun for parallel_dag to 2024-05-20T00:00:00+00:00, run_after=2024-05-21T00:00:00+00:00
[2024-05-21T16:29:43.631+0000] {processor.py:176} INFO - Processing /opt/airflow/dags/parallel_dag.py took 0.052 seconds
[2024-05-21T16:30:14.529+0000] {processor.py:154} INFO - Started process (PID=270) to work on /opt/airflow/dags/parallel_dag.py
[2024-05-21T16:30:14.530+0000] {processor.py:756} INFO - Processing file /opt/airflow/dags/parallel_dag.py for tasks to queue
[2024-05-21T16:30:14.530+0000] {logging_mixin.py:120} INFO - [2024-05-21T16:30:14.530+0000] {dagbag.py:537} INFO - Filling up the DagBag from /opt/airflow/dags/parallel_dag.py
[2024-05-21T16:30:14.539+0000] {processor.py:766} INFO - DAG(s) dict_keys(['parallel_dag']) retrieved from /opt/airflow/dags/parallel_dag.py
[2024-05-21T16:30:14.559+0000] {logging_mixin.py:120} INFO - [2024-05-21T16:30:14.559+0000] {dag.py:2585} INFO - Sync 1 DAGs
[2024-05-21T16:30:14.571+0000] {logging_mixin.py:120} INFO - [2024-05-21T16:30:14.571+0000] {dag.py:3340} INFO - Setting next_dagrun for parallel_dag to 2024-05-20T00:00:00+00:00, run_after=2024-05-21T00:00:00+00:00
[2024-05-21T16:30:14.580+0000] {processor.py:176} INFO - Processing /opt/airflow/dags/parallel_dag.py took 0.053 seconds
[2024-05-21T16:30:45.749+0000] {processor.py:154} INFO - Started process (PID=306) to work on /opt/airflow/dags/parallel_dag.py
[2024-05-21T16:30:45.749+0000] {processor.py:756} INFO - Processing file /opt/airflow/dags/parallel_dag.py for tasks to queue
[2024-05-21T16:30:45.750+0000] {logging_mixin.py:120} INFO - [2024-05-21T16:30:45.750+0000] {dagbag.py:537} INFO - Filling up the DagBag from /opt/airflow/dags/parallel_dag.py
[2024-05-21T16:30:45.762+0000] {processor.py:766} INFO - DAG(s) dict_keys(['parallel_dag']) retrieved from /opt/airflow/dags/parallel_dag.py
[2024-05-21T16:30:45.792+0000] {logging_mixin.py:120} INFO - [2024-05-21T16:30:45.791+0000] {dag.py:2585} INFO - Sync 1 DAGs
[2024-05-21T16:30:45.815+0000] {logging_mixin.py:120} INFO - [2024-05-21T16:30:45.815+0000] {dag.py:3340} INFO - Setting next_dagrun for parallel_dag to 2024-05-20T00:00:00+00:00, run_after=2024-05-21T00:00:00+00:00
[2024-05-21T16:30:45.832+0000] {processor.py:176} INFO - Processing /opt/airflow/dags/parallel_dag.py took 0.086 seconds
[2024-05-21T17:56:01.957+0000] {processor.py:154} INFO - Started process (PID=89) to work on /opt/airflow/dags/parallel_dag.py
[2024-05-21T17:56:02.009+0000] {processor.py:756} INFO - Processing file /opt/airflow/dags/parallel_dag.py for tasks to queue
[2024-05-21T17:56:02.034+0000] {logging_mixin.py:120} INFO - [2024-05-21T17:56:02.033+0000] {dagbag.py:537} INFO - Filling up the DagBag from /opt/airflow/dags/parallel_dag.py
[2024-05-21T17:56:03.393+0000] {processor.py:766} INFO - DAG(s) dict_keys(['parallel_dag']) retrieved from /opt/airflow/dags/parallel_dag.py
[2024-05-21T17:56:09.141+0000] {logging_mixin.py:120} INFO - [2024-05-21T17:56:09.047+0000] {dag.py:2585} INFO - Sync 1 DAGs
[2024-05-21T17:56:09.564+0000] {logging_mixin.py:120} INFO - [2024-05-21T17:56:09.562+0000] {dag.py:3340} INFO - Setting next_dagrun for parallel_dag to 2024-05-20T00:00:00+00:00, run_after=2024-05-21T00:00:00+00:00
[2024-05-21T17:56:09.957+0000] {processor.py:176} INFO - Processing /opt/airflow/dags/parallel_dag.py took 8.100 seconds
