[2024-05-21T16:27:08.958+0000] {processor.py:154} INFO - Started process (PID=59) to work on /opt/airflow/dags/producer.py
[2024-05-21T16:27:08.960+0000] {processor.py:756} INFO - Processing file /opt/airflow/dags/producer.py for tasks to queue
[2024-05-21T16:27:08.962+0000] {logging_mixin.py:120} INFO - [2024-05-21T16:27:08.962+0000] {dagbag.py:537} INFO - Filling up the DagBag from /opt/airflow/dags/producer.py
[2024-05-21T16:27:08.990+0000] {processor.py:766} INFO - DAG(s) dict_keys(['producer']) retrieved from /opt/airflow/dags/producer.py
[2024-05-21T16:27:09.237+0000] {logging_mixin.py:120} INFO - [2024-05-21T16:27:09.236+0000] {dag.py:2585} INFO - Sync 1 DAGs
[2024-05-21T16:27:09.283+0000] {logging_mixin.py:120} INFO - [2024-05-21T16:27:09.283+0000] {dag.py:3340} INFO - Setting next_dagrun for producer to 2024-05-20T00:00:00+00:00, run_after=2024-05-21T00:00:00+00:00
[2024-05-21T16:27:09.336+0000] {processor.py:176} INFO - Processing /opt/airflow/dags/producer.py took 0.384 seconds
[2024-05-21T16:27:39.568+0000] {processor.py:154} INFO - Started process (PID=96) to work on /opt/airflow/dags/producer.py
[2024-05-21T16:27:39.569+0000] {processor.py:756} INFO - Processing file /opt/airflow/dags/producer.py for tasks to queue
[2024-05-21T16:27:39.569+0000] {logging_mixin.py:120} INFO - [2024-05-21T16:27:39.569+0000] {dagbag.py:537} INFO - Filling up the DagBag from /opt/airflow/dags/producer.py
[2024-05-21T16:27:39.589+0000] {processor.py:766} INFO - DAG(s) dict_keys(['producer']) retrieved from /opt/airflow/dags/producer.py
[2024-05-21T16:27:39.611+0000] {logging_mixin.py:120} INFO - [2024-05-21T16:27:39.611+0000] {dag.py:2585} INFO - Sync 1 DAGs
[2024-05-21T16:27:39.624+0000] {logging_mixin.py:120} INFO - [2024-05-21T16:27:39.624+0000] {dag.py:3340} INFO - Setting next_dagrun for producer to 2024-05-20T00:00:00+00:00, run_after=2024-05-21T00:00:00+00:00
[2024-05-21T16:27:39.634+0000] {processor.py:176} INFO - Processing /opt/airflow/dags/producer.py took 0.068 seconds
[2024-05-21T16:28:10.855+0000] {processor.py:154} INFO - Started process (PID=134) to work on /opt/airflow/dags/producer.py
[2024-05-21T16:28:10.858+0000] {processor.py:756} INFO - Processing file /opt/airflow/dags/producer.py for tasks to queue
[2024-05-21T16:28:10.860+0000] {logging_mixin.py:120} INFO - [2024-05-21T16:28:10.860+0000] {dagbag.py:537} INFO - Filling up the DagBag from /opt/airflow/dags/producer.py
[2024-05-21T16:28:10.885+0000] {processor.py:766} INFO - DAG(s) dict_keys(['producer']) retrieved from /opt/airflow/dags/producer.py
[2024-05-21T16:28:10.915+0000] {logging_mixin.py:120} INFO - [2024-05-21T16:28:10.915+0000] {dag.py:2585} INFO - Sync 1 DAGs
[2024-05-21T16:28:10.931+0000] {logging_mixin.py:120} INFO - [2024-05-21T16:28:10.931+0000] {dag.py:3340} INFO - Setting next_dagrun for producer to 2024-05-20T00:00:00+00:00, run_after=2024-05-21T00:00:00+00:00
[2024-05-21T16:28:10.941+0000] {processor.py:176} INFO - Processing /opt/airflow/dags/producer.py took 0.090 seconds
[2024-05-21T16:28:41.808+0000] {processor.py:154} INFO - Started process (PID=162) to work on /opt/airflow/dags/producer.py
[2024-05-21T16:28:41.808+0000] {processor.py:756} INFO - Processing file /opt/airflow/dags/producer.py for tasks to queue
[2024-05-21T16:28:41.809+0000] {logging_mixin.py:120} INFO - [2024-05-21T16:28:41.809+0000] {dagbag.py:537} INFO - Filling up the DagBag from /opt/airflow/dags/producer.py
[2024-05-21T16:28:41.822+0000] {processor.py:766} INFO - DAG(s) dict_keys(['producer']) retrieved from /opt/airflow/dags/producer.py
[2024-05-21T16:28:41.840+0000] {logging_mixin.py:120} INFO - [2024-05-21T16:28:41.840+0000] {dag.py:2585} INFO - Sync 1 DAGs
[2024-05-21T16:28:41.852+0000] {logging_mixin.py:120} INFO - [2024-05-21T16:28:41.852+0000] {dag.py:3340} INFO - Setting next_dagrun for producer to 2024-05-20T00:00:00+00:00, run_after=2024-05-21T00:00:00+00:00
[2024-05-21T16:28:41.862+0000] {processor.py:176} INFO - Processing /opt/airflow/dags/producer.py took 0.056 seconds
[2024-05-21T16:29:12.822+0000] {processor.py:154} INFO - Started process (PID=199) to work on /opt/airflow/dags/producer.py
[2024-05-21T16:29:12.822+0000] {processor.py:756} INFO - Processing file /opt/airflow/dags/producer.py for tasks to queue
[2024-05-21T16:29:12.823+0000] {logging_mixin.py:120} INFO - [2024-05-21T16:29:12.823+0000] {dagbag.py:537} INFO - Filling up the DagBag from /opt/airflow/dags/producer.py
[2024-05-21T16:29:12.835+0000] {processor.py:766} INFO - DAG(s) dict_keys(['producer']) retrieved from /opt/airflow/dags/producer.py
[2024-05-21T16:29:12.857+0000] {logging_mixin.py:120} INFO - [2024-05-21T16:29:12.857+0000] {dag.py:2585} INFO - Sync 1 DAGs
[2024-05-21T16:29:12.871+0000] {logging_mixin.py:120} INFO - [2024-05-21T16:29:12.871+0000] {dag.py:3340} INFO - Setting next_dagrun for producer to 2024-05-20T00:00:00+00:00, run_after=2024-05-21T00:00:00+00:00
[2024-05-21T16:29:12.880+0000] {processor.py:176} INFO - Processing /opt/airflow/dags/producer.py took 0.060 seconds
[2024-05-21T16:29:43.640+0000] {processor.py:154} INFO - Started process (PID=235) to work on /opt/airflow/dags/producer.py
[2024-05-21T16:29:43.641+0000] {processor.py:756} INFO - Processing file /opt/airflow/dags/producer.py for tasks to queue
[2024-05-21T16:29:43.642+0000] {logging_mixin.py:120} INFO - [2024-05-21T16:29:43.642+0000] {dagbag.py:537} INFO - Filling up the DagBag from /opt/airflow/dags/producer.py
[2024-05-21T16:29:43.653+0000] {processor.py:766} INFO - DAG(s) dict_keys(['producer']) retrieved from /opt/airflow/dags/producer.py
[2024-05-21T16:29:43.672+0000] {logging_mixin.py:120} INFO - [2024-05-21T16:29:43.672+0000] {dag.py:2585} INFO - Sync 1 DAGs
[2024-05-21T16:29:43.684+0000] {logging_mixin.py:120} INFO - [2024-05-21T16:29:43.683+0000] {dag.py:3340} INFO - Setting next_dagrun for producer to 2024-05-20T00:00:00+00:00, run_after=2024-05-21T00:00:00+00:00
[2024-05-21T16:29:43.694+0000] {processor.py:176} INFO - Processing /opt/airflow/dags/producer.py took 0.055 seconds
[2024-05-21T16:30:14.590+0000] {processor.py:154} INFO - Started process (PID=272) to work on /opt/airflow/dags/producer.py
[2024-05-21T16:30:14.591+0000] {processor.py:756} INFO - Processing file /opt/airflow/dags/producer.py for tasks to queue
[2024-05-21T16:30:14.591+0000] {logging_mixin.py:120} INFO - [2024-05-21T16:30:14.591+0000] {dagbag.py:537} INFO - Filling up the DagBag from /opt/airflow/dags/producer.py
[2024-05-21T16:30:14.603+0000] {processor.py:766} INFO - DAG(s) dict_keys(['producer']) retrieved from /opt/airflow/dags/producer.py
[2024-05-21T16:30:14.621+0000] {logging_mixin.py:120} INFO - [2024-05-21T16:30:14.621+0000] {dag.py:2585} INFO - Sync 1 DAGs
[2024-05-21T16:30:14.633+0000] {logging_mixin.py:120} INFO - [2024-05-21T16:30:14.633+0000] {dag.py:3340} INFO - Setting next_dagrun for producer to 2024-05-20T00:00:00+00:00, run_after=2024-05-21T00:00:00+00:00
[2024-05-21T16:30:14.643+0000] {processor.py:176} INFO - Processing /opt/airflow/dags/producer.py took 0.055 seconds
[2024-05-21T16:30:45.945+0000] {processor.py:154} INFO - Started process (PID=308) to work on /opt/airflow/dags/producer.py
[2024-05-21T16:30:45.947+0000] {processor.py:756} INFO - Processing file /opt/airflow/dags/producer.py for tasks to queue
[2024-05-21T16:30:45.947+0000] {logging_mixin.py:120} INFO - [2024-05-21T16:30:45.947+0000] {dagbag.py:537} INFO - Filling up the DagBag from /opt/airflow/dags/producer.py
[2024-05-21T16:30:45.963+0000] {processor.py:766} INFO - DAG(s) dict_keys(['producer']) retrieved from /opt/airflow/dags/producer.py
[2024-05-21T16:30:45.991+0000] {logging_mixin.py:120} INFO - [2024-05-21T16:30:45.991+0000] {dag.py:2585} INFO - Sync 1 DAGs
[2024-05-21T16:30:46.007+0000] {logging_mixin.py:120} INFO - [2024-05-21T16:30:46.006+0000] {dag.py:3340} INFO - Setting next_dagrun for producer to 2024-05-20T00:00:00+00:00, run_after=2024-05-21T00:00:00+00:00
[2024-05-21T16:30:46.017+0000] {processor.py:176} INFO - Processing /opt/airflow/dags/producer.py took 0.074 seconds
[2024-05-21T17:56:10.544+0000] {processor.py:154} INFO - Started process (PID=93) to work on /opt/airflow/dags/producer.py
[2024-05-21T17:56:10.567+0000] {processor.py:756} INFO - Processing file /opt/airflow/dags/producer.py for tasks to queue
[2024-05-21T17:56:10.574+0000] {logging_mixin.py:120} INFO - [2024-05-21T17:56:10.573+0000] {dagbag.py:537} INFO - Filling up the DagBag from /opt/airflow/dags/producer.py
[2024-05-21T17:56:11.548+0000] {processor.py:766} INFO - DAG(s) dict_keys(['producer']) retrieved from /opt/airflow/dags/producer.py
[2024-05-21T17:56:12.778+0000] {logging_mixin.py:120} INFO - [2024-05-21T17:56:12.774+0000] {dag.py:2585} INFO - Sync 1 DAGs
[2024-05-21T17:56:13.077+0000] {logging_mixin.py:120} INFO - [2024-05-21T17:56:13.077+0000] {dag.py:3340} INFO - Setting next_dagrun for producer to 2024-05-20T00:00:00+00:00, run_after=2024-05-21T00:00:00+00:00
[2024-05-21T17:56:13.450+0000] {processor.py:176} INFO - Processing /opt/airflow/dags/producer.py took 2.996 seconds
