[2024-05-23T16:01:18.435+0000] {processor.py:154} INFO - Started process (PID=55) to work on /opt/airflow/dags/group_dag.py
[2024-05-23T16:01:18.437+0000] {processor.py:756} INFO - Processing file /opt/airflow/dags/group_dag.py for tasks to queue
[2024-05-23T16:01:18.438+0000] {logging_mixin.py:120} INFO - [2024-05-23T16:01:18.438+0000] {dagbag.py:537} INFO - Filling up the DagBag from /opt/airflow/dags/group_dag.py
[2024-05-23T16:01:18.474+0000] {processor.py:766} INFO - DAG(s) dict_keys(['group_dag']) retrieved from /opt/airflow/dags/group_dag.py
[2024-05-23T16:01:18.569+0000] {logging_mixin.py:120} INFO - [2024-05-23T16:01:18.568+0000] {dag.py:2585} INFO - Sync 1 DAGs
[2024-05-23T16:01:18.650+0000] {logging_mixin.py:120} INFO - [2024-05-23T16:01:18.650+0000] {dag.py:3340} INFO - Setting next_dagrun for group_dag to 2024-05-22T00:00:00+00:00, run_after=2024-05-23T00:00:00+00:00
[2024-05-23T16:01:18.676+0000] {processor.py:176} INFO - Processing /opt/airflow/dags/group_dag.py took 0.243 seconds
[2024-05-23T16:10:49.068+0000] {processor.py:154} INFO - Started process (PID=57) to work on /opt/airflow/dags/group_dag.py
[2024-05-23T16:10:49.069+0000] {processor.py:756} INFO - Processing file /opt/airflow/dags/group_dag.py for tasks to queue
[2024-05-23T16:10:49.070+0000] {logging_mixin.py:120} INFO - [2024-05-23T16:10:49.070+0000] {dagbag.py:537} INFO - Filling up the DagBag from /opt/airflow/dags/group_dag.py
[2024-05-23T16:10:49.089+0000] {processor.py:766} INFO - DAG(s) dict_keys(['group_dag']) retrieved from /opt/airflow/dags/group_dag.py
[2024-05-23T16:10:49.133+0000] {logging_mixin.py:120} INFO - [2024-05-23T16:10:49.132+0000] {dag.py:2585} INFO - Sync 1 DAGs
[2024-05-23T16:10:49.160+0000] {logging_mixin.py:120} INFO - [2024-05-23T16:10:49.160+0000] {dag.py:3340} INFO - Setting next_dagrun for group_dag to 2024-05-22T00:00:00+00:00, run_after=2024-05-23T00:00:00+00:00
[2024-05-23T16:10:49.190+0000] {processor.py:176} INFO - Processing /opt/airflow/dags/group_dag.py took 0.124 seconds
[2024-05-23T16:11:21.259+0000] {processor.py:154} INFO - Started process (PID=93) to work on /opt/airflow/dags/group_dag.py
[2024-05-23T16:11:21.260+0000] {processor.py:756} INFO - Processing file /opt/airflow/dags/group_dag.py for tasks to queue
[2024-05-23T16:11:21.261+0000] {logging_mixin.py:120} INFO - [2024-05-23T16:11:21.261+0000] {dagbag.py:537} INFO - Filling up the DagBag from /opt/airflow/dags/group_dag.py
[2024-05-23T16:11:21.277+0000] {processor.py:766} INFO - DAG(s) dict_keys(['group_dag']) retrieved from /opt/airflow/dags/group_dag.py
[2024-05-23T16:11:21.300+0000] {logging_mixin.py:120} INFO - [2024-05-23T16:11:21.300+0000] {dag.py:2585} INFO - Sync 1 DAGs
[2024-05-23T16:11:21.317+0000] {logging_mixin.py:120} INFO - [2024-05-23T16:11:21.317+0000] {dag.py:3340} INFO - Setting next_dagrun for group_dag to 2024-05-22T00:00:00+00:00, run_after=2024-05-23T00:00:00+00:00
[2024-05-23T16:11:21.327+0000] {processor.py:176} INFO - Processing /opt/airflow/dags/group_dag.py took 0.070 seconds
[2024-05-23T16:11:52.261+0000] {processor.py:154} INFO - Started process (PID=122) to work on /opt/airflow/dags/group_dag.py
[2024-05-23T16:11:52.262+0000] {processor.py:756} INFO - Processing file /opt/airflow/dags/group_dag.py for tasks to queue
[2024-05-23T16:11:52.262+0000] {logging_mixin.py:120} INFO - [2024-05-23T16:11:52.262+0000] {dagbag.py:537} INFO - Filling up the DagBag from /opt/airflow/dags/group_dag.py
[2024-05-23T16:11:52.275+0000] {processor.py:766} INFO - DAG(s) dict_keys(['group_dag']) retrieved from /opt/airflow/dags/group_dag.py
[2024-05-23T16:11:52.295+0000] {logging_mixin.py:120} INFO - [2024-05-23T16:11:52.295+0000] {dag.py:2585} INFO - Sync 1 DAGs
[2024-05-23T16:11:52.309+0000] {logging_mixin.py:120} INFO - [2024-05-23T16:11:52.309+0000] {dag.py:3340} INFO - Setting next_dagrun for group_dag to 2024-05-22T00:00:00+00:00, run_after=2024-05-23T00:00:00+00:00
[2024-05-23T16:11:52.319+0000] {processor.py:176} INFO - Processing /opt/airflow/dags/group_dag.py took 0.059 seconds
[2024-05-23T16:12:23.423+0000] {processor.py:154} INFO - Started process (PID=159) to work on /opt/airflow/dags/group_dag.py
[2024-05-23T16:12:23.424+0000] {processor.py:756} INFO - Processing file /opt/airflow/dags/group_dag.py for tasks to queue
[2024-05-23T16:12:23.425+0000] {logging_mixin.py:120} INFO - [2024-05-23T16:12:23.425+0000] {dagbag.py:537} INFO - Filling up the DagBag from /opt/airflow/dags/group_dag.py
[2024-05-23T16:12:23.443+0000] {processor.py:766} INFO - DAG(s) dict_keys(['group_dag']) retrieved from /opt/airflow/dags/group_dag.py
[2024-05-23T16:12:23.471+0000] {logging_mixin.py:120} INFO - [2024-05-23T16:12:23.471+0000] {dag.py:2585} INFO - Sync 1 DAGs
[2024-05-23T16:12:23.487+0000] {logging_mixin.py:120} INFO - [2024-05-23T16:12:23.487+0000] {dag.py:3340} INFO - Setting next_dagrun for group_dag to 2024-05-22T00:00:00+00:00, run_after=2024-05-23T00:00:00+00:00
[2024-05-23T16:12:23.500+0000] {processor.py:176} INFO - Processing /opt/airflow/dags/group_dag.py took 0.078 seconds
[2024-05-23T16:12:54.679+0000] {processor.py:154} INFO - Started process (PID=196) to work on /opt/airflow/dags/group_dag.py
[2024-05-23T16:12:54.679+0000] {processor.py:756} INFO - Processing file /opt/airflow/dags/group_dag.py for tasks to queue
[2024-05-23T16:12:54.680+0000] {logging_mixin.py:120} INFO - [2024-05-23T16:12:54.680+0000] {dagbag.py:537} INFO - Filling up the DagBag from /opt/airflow/dags/group_dag.py
[2024-05-23T16:12:54.693+0000] {processor.py:766} INFO - DAG(s) dict_keys(['group_dag']) retrieved from /opt/airflow/dags/group_dag.py
[2024-05-23T16:12:54.713+0000] {logging_mixin.py:120} INFO - [2024-05-23T16:12:54.713+0000] {dag.py:2585} INFO - Sync 1 DAGs
[2024-05-23T16:12:54.726+0000] {logging_mixin.py:120} INFO - [2024-05-23T16:12:54.726+0000] {dag.py:3340} INFO - Setting next_dagrun for group_dag to 2024-05-22T00:00:00+00:00, run_after=2024-05-23T00:00:00+00:00
[2024-05-23T16:12:54.736+0000] {processor.py:176} INFO - Processing /opt/airflow/dags/group_dag.py took 0.060 seconds
