[2024-05-23T16:01:18.786+0000] {processor.py:154} INFO - Started process (PID=58) to work on /opt/airflow/dags/producer.py
[2024-05-23T16:01:18.789+0000] {processor.py:756} INFO - Processing file /opt/airflow/dags/producer.py for tasks to queue
[2024-05-23T16:01:18.790+0000] {logging_mixin.py:120} INFO - [2024-05-23T16:01:18.790+0000] {dagbag.py:537} INFO - Filling up the DagBag from /opt/airflow/dags/producer.py
[2024-05-23T16:01:18.827+0000] {processor.py:766} INFO - DAG(s) dict_keys(['producer']) retrieved from /opt/airflow/dags/producer.py
[2024-05-23T16:01:18.919+0000] {logging_mixin.py:120} INFO - [2024-05-23T16:01:18.918+0000] {dag.py:2585} INFO - Sync 1 DAGs
[2024-05-23T16:01:18.948+0000] {logging_mixin.py:120} INFO - [2024-05-23T16:01:18.947+0000] {dag.py:3340} INFO - Setting next_dagrun for producer to 2024-05-22T00:00:00+00:00, run_after=2024-05-23T00:00:00+00:00
[2024-05-23T16:01:18.992+0000] {processor.py:176} INFO - Processing /opt/airflow/dags/producer.py took 0.209 seconds
[2024-05-23T16:10:49.255+0000] {processor.py:154} INFO - Started process (PID=60) to work on /opt/airflow/dags/producer.py
[2024-05-23T16:10:49.257+0000] {processor.py:756} INFO - Processing file /opt/airflow/dags/producer.py for tasks to queue
[2024-05-23T16:10:49.259+0000] {logging_mixin.py:120} INFO - [2024-05-23T16:10:49.259+0000] {dagbag.py:537} INFO - Filling up the DagBag from /opt/airflow/dags/producer.py
[2024-05-23T16:10:49.314+0000] {processor.py:766} INFO - DAG(s) dict_keys(['producer']) retrieved from /opt/airflow/dags/producer.py
[2024-05-23T16:10:49.430+0000] {logging_mixin.py:120} INFO - [2024-05-23T16:10:49.430+0000] {dag.py:2585} INFO - Sync 1 DAGs
[2024-05-23T16:10:49.452+0000] {logging_mixin.py:120} INFO - [2024-05-23T16:10:49.452+0000] {dag.py:3340} INFO - Setting next_dagrun for producer to 2024-05-22T00:00:00+00:00, run_after=2024-05-23T00:00:00+00:00
[2024-05-23T16:10:49.494+0000] {processor.py:176} INFO - Processing /opt/airflow/dags/producer.py took 0.243 seconds
[2024-05-23T16:11:21.388+0000] {processor.py:154} INFO - Started process (PID=96) to work on /opt/airflow/dags/producer.py
[2024-05-23T16:11:21.389+0000] {processor.py:756} INFO - Processing file /opt/airflow/dags/producer.py for tasks to queue
[2024-05-23T16:11:21.390+0000] {logging_mixin.py:120} INFO - [2024-05-23T16:11:21.390+0000] {dagbag.py:537} INFO - Filling up the DagBag from /opt/airflow/dags/producer.py
[2024-05-23T16:11:21.407+0000] {processor.py:766} INFO - DAG(s) dict_keys(['producer']) retrieved from /opt/airflow/dags/producer.py
[2024-05-23T16:11:21.430+0000] {logging_mixin.py:120} INFO - [2024-05-23T16:11:21.430+0000] {dag.py:2585} INFO - Sync 1 DAGs
[2024-05-23T16:11:21.444+0000] {logging_mixin.py:120} INFO - [2024-05-23T16:11:21.444+0000] {dag.py:3340} INFO - Setting next_dagrun for producer to 2024-05-22T00:00:00+00:00, run_after=2024-05-23T00:00:00+00:00
[2024-05-23T16:11:21.455+0000] {processor.py:176} INFO - Processing /opt/airflow/dags/producer.py took 0.069 seconds
[2024-05-23T16:11:52.392+0000] {processor.py:154} INFO - Started process (PID=125) to work on /opt/airflow/dags/producer.py
[2024-05-23T16:11:52.392+0000] {processor.py:756} INFO - Processing file /opt/airflow/dags/producer.py for tasks to queue
[2024-05-23T16:11:52.393+0000] {logging_mixin.py:120} INFO - [2024-05-23T16:11:52.393+0000] {dagbag.py:537} INFO - Filling up the DagBag from /opt/airflow/dags/producer.py
[2024-05-23T16:11:52.405+0000] {processor.py:766} INFO - DAG(s) dict_keys(['producer']) retrieved from /opt/airflow/dags/producer.py
[2024-05-23T16:11:52.424+0000] {logging_mixin.py:120} INFO - [2024-05-23T16:11:52.424+0000] {dag.py:2585} INFO - Sync 1 DAGs
[2024-05-23T16:11:52.436+0000] {logging_mixin.py:120} INFO - [2024-05-23T16:11:52.436+0000] {dag.py:3340} INFO - Setting next_dagrun for producer to 2024-05-22T00:00:00+00:00, run_after=2024-05-23T00:00:00+00:00
[2024-05-23T16:11:52.447+0000] {processor.py:176} INFO - Processing /opt/airflow/dags/producer.py took 0.057 seconds
[2024-05-23T16:12:23.633+0000] {processor.py:154} INFO - Started process (PID=162) to work on /opt/airflow/dags/producer.py
[2024-05-23T16:12:23.634+0000] {processor.py:756} INFO - Processing file /opt/airflow/dags/producer.py for tasks to queue
[2024-05-23T16:12:23.634+0000] {logging_mixin.py:120} INFO - [2024-05-23T16:12:23.634+0000] {dagbag.py:537} INFO - Filling up the DagBag from /opt/airflow/dags/producer.py
[2024-05-23T16:12:23.650+0000] {processor.py:766} INFO - DAG(s) dict_keys(['producer']) retrieved from /opt/airflow/dags/producer.py
[2024-05-23T16:12:23.675+0000] {logging_mixin.py:120} INFO - [2024-05-23T16:12:23.675+0000] {dag.py:2585} INFO - Sync 1 DAGs
[2024-05-23T16:12:23.691+0000] {logging_mixin.py:120} INFO - [2024-05-23T16:12:23.691+0000] {dag.py:3340} INFO - Setting next_dagrun for producer to 2024-05-22T00:00:00+00:00, run_after=2024-05-23T00:00:00+00:00
[2024-05-23T16:12:23.704+0000] {processor.py:176} INFO - Processing /opt/airflow/dags/producer.py took 0.073 seconds
[2024-05-23T16:12:54.804+0000] {processor.py:154} INFO - Started process (PID=199) to work on /opt/airflow/dags/producer.py
[2024-05-23T16:12:54.805+0000] {processor.py:756} INFO - Processing file /opt/airflow/dags/producer.py for tasks to queue
[2024-05-23T16:12:54.805+0000] {logging_mixin.py:120} INFO - [2024-05-23T16:12:54.805+0000] {dagbag.py:537} INFO - Filling up the DagBag from /opt/airflow/dags/producer.py
[2024-05-23T16:12:54.818+0000] {processor.py:766} INFO - DAG(s) dict_keys(['producer']) retrieved from /opt/airflow/dags/producer.py
[2024-05-23T16:12:54.841+0000] {logging_mixin.py:120} INFO - [2024-05-23T16:12:54.841+0000] {dag.py:2585} INFO - Sync 1 DAGs
[2024-05-23T16:12:54.855+0000] {logging_mixin.py:120} INFO - [2024-05-23T16:12:54.855+0000] {dag.py:3340} INFO - Setting next_dagrun for producer to 2024-05-22T00:00:00+00:00, run_after=2024-05-23T00:00:00+00:00
[2024-05-23T16:12:54.866+0000] {processor.py:176} INFO - Processing /opt/airflow/dags/producer.py took 0.064 seconds
