[2024-05-23T16:01:16.226+0000] {processor.py:154} INFO - Started process (PID=47) to work on /opt/airflow/dags/user_processing.py
[2024-05-23T16:01:16.231+0000] {processor.py:756} INFO - Processing file /opt/airflow/dags/user_processing.py for tasks to queue
[2024-05-23T16:01:16.239+0000] {logging_mixin.py:120} INFO - [2024-05-23T16:01:16.238+0000] {dagbag.py:537} INFO - Filling up the DagBag from /opt/airflow/dags/user_processing.py
[2024-05-23T16:01:17.571+0000] {processor.py:766} INFO - DAG(s) dict_keys(['user_processing']) retrieved from /opt/airflow/dags/user_processing.py
[2024-05-23T16:01:18.160+0000] {logging_mixin.py:120} INFO - [2024-05-23T16:01:18.158+0000] {dag.py:2585} INFO - Sync 1 DAGs
[2024-05-23T16:01:18.236+0000] {logging_mixin.py:120} INFO - [2024-05-23T16:01:18.236+0000] {dag.py:3340} INFO - Setting next_dagrun for user_processing to 2024-05-22T00:00:00+00:00, run_after=2024-05-23T00:00:00+00:00
[2024-05-23T16:01:18.303+0000] {processor.py:176} INFO - Processing /opt/airflow/dags/user_processing.py took 2.079 seconds
[2024-05-23T16:10:47.580+0000] {processor.py:154} INFO - Started process (PID=51) to work on /opt/airflow/dags/user_processing.py
[2024-05-23T16:10:47.585+0000] {processor.py:756} INFO - Processing file /opt/airflow/dags/user_processing.py for tasks to queue
[2024-05-23T16:10:47.590+0000] {logging_mixin.py:120} INFO - [2024-05-23T16:10:47.589+0000] {dagbag.py:537} INFO - Filling up the DagBag from /opt/airflow/dags/user_processing.py
[2024-05-23T16:10:48.493+0000] {processor.py:766} INFO - DAG(s) dict_keys(['user_processing']) retrieved from /opt/airflow/dags/user_processing.py
[2024-05-23T16:10:48.903+0000] {logging_mixin.py:120} INFO - [2024-05-23T16:10:48.903+0000] {dag.py:2585} INFO - Sync 1 DAGs
[2024-05-23T16:10:48.940+0000] {logging_mixin.py:120} INFO - [2024-05-23T16:10:48.940+0000] {dag.py:3340} INFO - Setting next_dagrun for user_processing to 2024-05-22T00:00:00+00:00, run_after=2024-05-23T00:00:00+00:00
[2024-05-23T16:10:48.968+0000] {processor.py:176} INFO - Processing /opt/airflow/dags/user_processing.py took 1.402 seconds
[2024-05-23T16:11:19.942+0000] {processor.py:154} INFO - Started process (PID=85) to work on /opt/airflow/dags/user_processing.py
[2024-05-23T16:11:19.950+0000] {processor.py:756} INFO - Processing file /opt/airflow/dags/user_processing.py for tasks to queue
[2024-05-23T16:11:19.954+0000] {logging_mixin.py:120} INFO - [2024-05-23T16:11:19.953+0000] {dagbag.py:537} INFO - Filling up the DagBag from /opt/airflow/dags/user_processing.py
[2024-05-23T16:11:20.810+0000] {processor.py:766} INFO - DAG(s) dict_keys(['user_processing']) retrieved from /opt/airflow/dags/user_processing.py
[2024-05-23T16:11:21.213+0000] {logging_mixin.py:120} INFO - [2024-05-23T16:11:21.212+0000] {dag.py:2585} INFO - Sync 1 DAGs
[2024-05-23T16:11:21.231+0000] {logging_mixin.py:120} INFO - [2024-05-23T16:11:21.231+0000] {dag.py:3340} INFO - Setting next_dagrun for user_processing to 2024-05-22T00:00:00+00:00, run_after=2024-05-23T00:00:00+00:00
[2024-05-23T16:11:21.243+0000] {processor.py:176} INFO - Processing /opt/airflow/dags/user_processing.py took 1.327 seconds
[2024-05-23T16:11:51.818+0000] {processor.py:154} INFO - Started process (PID=116) to work on /opt/airflow/dags/user_processing.py
[2024-05-23T16:11:51.822+0000] {processor.py:756} INFO - Processing file /opt/airflow/dags/user_processing.py for tasks to queue
[2024-05-23T16:11:51.828+0000] {logging_mixin.py:120} INFO - [2024-05-23T16:11:51.828+0000] {dagbag.py:537} INFO - Filling up the DagBag from /opt/airflow/dags/user_processing.py
[2024-05-23T16:11:52.096+0000] {processor.py:766} INFO - DAG(s) dict_keys(['user_processing']) retrieved from /opt/airflow/dags/user_processing.py
[2024-05-23T16:11:52.221+0000] {logging_mixin.py:120} INFO - [2024-05-23T16:11:52.221+0000] {dag.py:2585} INFO - Sync 1 DAGs
[2024-05-23T16:11:52.235+0000] {logging_mixin.py:120} INFO - [2024-05-23T16:11:52.235+0000] {dag.py:3340} INFO - Setting next_dagrun for user_processing to 2024-05-22T00:00:00+00:00, run_after=2024-05-23T00:00:00+00:00
[2024-05-23T16:11:52.246+0000] {processor.py:176} INFO - Processing /opt/airflow/dags/user_processing.py took 0.435 seconds
[2024-05-23T16:12:22.757+0000] {processor.py:154} INFO - Started process (PID=153) to work on /opt/airflow/dags/user_processing.py
[2024-05-23T16:12:22.758+0000] {processor.py:756} INFO - Processing file /opt/airflow/dags/user_processing.py for tasks to queue
[2024-05-23T16:12:22.759+0000] {logging_mixin.py:120} INFO - [2024-05-23T16:12:22.759+0000] {dagbag.py:537} INFO - Filling up the DagBag from /opt/airflow/dags/user_processing.py
[2024-05-23T16:12:23.006+0000] {processor.py:766} INFO - DAG(s) dict_keys(['user_processing']) retrieved from /opt/airflow/dags/user_processing.py
[2024-05-23T16:12:23.240+0000] {logging_mixin.py:120} INFO - [2024-05-23T16:12:23.239+0000] {dag.py:2585} INFO - Sync 1 DAGs
[2024-05-23T16:12:23.258+0000] {logging_mixin.py:120} INFO - [2024-05-23T16:12:23.258+0000] {dag.py:3340} INFO - Setting next_dagrun for user_processing to 2024-05-22T00:00:00+00:00, run_after=2024-05-23T00:00:00+00:00
[2024-05-23T16:12:23.308+0000] {processor.py:176} INFO - Processing /opt/airflow/dags/user_processing.py took 0.556 seconds
[2024-05-23T16:12:53.983+0000] {processor.py:154} INFO - Started process (PID=190) to work on /opt/airflow/dags/user_processing.py
[2024-05-23T16:12:53.987+0000] {processor.py:756} INFO - Processing file /opt/airflow/dags/user_processing.py for tasks to queue
[2024-05-23T16:12:53.988+0000] {logging_mixin.py:120} INFO - [2024-05-23T16:12:53.988+0000] {dagbag.py:537} INFO - Filling up the DagBag from /opt/airflow/dags/user_processing.py
[2024-05-23T16:12:54.361+0000] {processor.py:766} INFO - DAG(s) dict_keys(['user_processing']) retrieved from /opt/airflow/dags/user_processing.py
[2024-05-23T16:12:54.706+0000] {logging_mixin.py:120} INFO - [2024-05-23T16:12:54.705+0000] {dag.py:2585} INFO - Sync 1 DAGs
[2024-05-23T16:12:54.719+0000] {logging_mixin.py:120} INFO - [2024-05-23T16:12:54.719+0000] {dag.py:3340} INFO - Setting next_dagrun for user_processing to 2024-05-22T00:00:00+00:00, run_after=2024-05-23T00:00:00+00:00
[2024-05-23T16:12:54.728+0000] {processor.py:176} INFO - Processing /opt/airflow/dags/user_processing.py took 0.758 seconds
