[2023-09-06T09:36:46.854+0000] {taskinstance.py:1165} INFO - Dependencies all met for <TaskInstance: group_dag.transformations.transform_c scheduled__2023-09-05T00:00:00+00:00 [queued]>
[2023-09-06T09:36:46.879+0000] {taskinstance.py:1165} INFO - Dependencies all met for <TaskInstance: group_dag.transformations.transform_c scheduled__2023-09-05T00:00:00+00:00 [queued]>
[2023-09-06T09:36:46.880+0000] {taskinstance.py:1362} INFO - 
--------------------------------------------------------------------------------
[2023-09-06T09:36:46.883+0000] {taskinstance.py:1363} INFO - Starting attempt 1 of 1
[2023-09-06T09:36:46.884+0000] {taskinstance.py:1364} INFO - 
--------------------------------------------------------------------------------
[2023-09-06T09:36:46.897+0000] {taskinstance.py:1383} INFO - Executing <Task(BashOperator): transformations.transform_c> on 2023-09-05 00:00:00+00:00
[2023-09-06T09:36:46.931+0000] {standard_task_runner.py:55} INFO - Started process 127 to run task
[2023-09-06T09:36:46.939+0000] {standard_task_runner.py:82} INFO - Running: ['***', 'tasks', 'run', 'group_dag', 'transformations.transform_c', 'scheduled__2023-09-05T00:00:00+00:00', '--job-id', '156', '--raw', '--subdir', 'DAGS_FOLDER/group_dag.py', '--cfg-path', '/tmp/tmpavtto0mu']
[2023-09-06T09:36:46.945+0000] {standard_task_runner.py:83} INFO - Job 156: Subtask transformations.transform_c
[2023-09-06T09:36:47.055+0000] {task_command.py:376} INFO - Running <TaskInstance: group_dag.transformations.transform_c scheduled__2023-09-05T00:00:00+00:00 [running]> on host 993b415b7ab0
[2023-09-06T09:36:47.179+0000] {taskinstance.py:1592} INFO - Exporting the following env vars:
AIRFLOW_CTX_DAG_OWNER=***
AIRFLOW_CTX_DAG_ID=group_dag
AIRFLOW_CTX_TASK_ID=transformations.transform_c
AIRFLOW_CTX_EXECUTION_DATE=2023-09-05T00:00:00+00:00
AIRFLOW_CTX_TRY_NUMBER=1
AIRFLOW_CTX_DAG_RUN_ID=scheduled__2023-09-05T00:00:00+00:00
[2023-09-06T09:36:47.186+0000] {subprocess.py:63} INFO - Tmp dir root location: 
 /tmp
[2023-09-06T09:36:47.189+0000] {subprocess.py:75} INFO - Running command: ['/bin/bash', '-c', 'sleep 10']
[2023-09-06T09:36:47.225+0000] {subprocess.py:86} INFO - Output:
[2023-09-06T09:36:57.240+0000] {subprocess.py:97} INFO - Command exited with return code 0
[2023-09-06T09:36:57.303+0000] {taskinstance.py:1406} INFO - Marking task as SUCCESS. dag_id=group_dag, task_id=transformations.transform_c, execution_date=20230905T000000, start_date=20230906T093646, end_date=20230906T093657
[2023-09-06T09:36:57.381+0000] {local_task_job.py:164} INFO - Task exited with return code 0
[2023-09-06T09:36:57.422+0000] {local_task_job.py:273} INFO - 0 downstream tasks scheduled from follow-on schedule check
