[2023-09-06T09:36:12.585+0000] {taskinstance.py:1165} INFO - Dependencies all met for <TaskInstance: xcom_dag.t1 scheduled__2023-09-05T00:00:00+00:00 [queued]>
[2023-09-06T09:36:12.640+0000] {taskinstance.py:1165} INFO - Dependencies all met for <TaskInstance: xcom_dag.t1 scheduled__2023-09-05T00:00:00+00:00 [queued]>
[2023-09-06T09:36:12.640+0000] {taskinstance.py:1362} INFO - 
--------------------------------------------------------------------------------
[2023-09-06T09:36:12.640+0000] {taskinstance.py:1363} INFO - Starting attempt 1 of 1
[2023-09-06T09:36:12.641+0000] {taskinstance.py:1364} INFO - 
--------------------------------------------------------------------------------
[2023-09-06T09:36:12.701+0000] {taskinstance.py:1383} INFO - Executing <Task(PythonOperator): t1> on 2023-09-05 00:00:00+00:00
[2023-09-06T09:36:12.789+0000] {standard_task_runner.py:55} INFO - Started process 92 to run task
[2023-09-06T09:36:12.909+0000] {standard_task_runner.py:82} INFO - Running: ['***', 'tasks', 'run', 'xcom_dag', 't1', 'scheduled__2023-09-05T00:00:00+00:00', '--job-id', '133', '--raw', '--subdir', 'DAGS_FOLDER/xcom_dag.py', '--cfg-path', '/tmp/tmpnn1akdfc']
[2023-09-06T09:36:12.973+0000] {standard_task_runner.py:83} INFO - Job 133: Subtask t1
[2023-09-06T09:36:14.096+0000] {task_command.py:376} INFO - Running <TaskInstance: xcom_dag.t1 scheduled__2023-09-05T00:00:00+00:00 [running]> on host c5447ba0ef6d
[2023-09-06T09:36:15.271+0000] {taskinstance.py:1592} INFO - Exporting the following env vars:
AIRFLOW_CTX_DAG_OWNER=***
AIRFLOW_CTX_DAG_ID=xcom_dag
AIRFLOW_CTX_TASK_ID=t1
AIRFLOW_CTX_EXECUTION_DATE=2023-09-05T00:00:00+00:00
AIRFLOW_CTX_TRY_NUMBER=1
AIRFLOW_CTX_DAG_RUN_ID=scheduled__2023-09-05T00:00:00+00:00
[2023-09-06T09:36:15.421+0000] {python.py:177} INFO - Done. Returned value was: None
[2023-09-06T09:36:15.499+0000] {taskinstance.py:1406} INFO - Marking task as SUCCESS. dag_id=xcom_dag, task_id=t1, execution_date=20230905T000000, start_date=20230906T093612, end_date=20230906T093615
[2023-09-06T09:36:15.700+0000] {local_task_job.py:164} INFO - Task exited with return code 0
[2023-09-06T09:36:15.970+0000] {local_task_job.py:273} INFO - 1 downstream tasks scheduled from follow-on schedule check
