[2023-09-06T09:36:21.925+0000] {taskinstance.py:1165} INFO - Dependencies all met for <TaskInstance: inside_group_dag.processing_tasks.training_model_b scheduled__2023-09-05T00:00:00+00:00 [queued]>
[2023-09-06T09:36:21.984+0000] {taskinstance.py:1165} INFO - Dependencies all met for <TaskInstance: inside_group_dag.processing_tasks.training_model_b scheduled__2023-09-05T00:00:00+00:00 [queued]>
[2023-09-06T09:36:21.986+0000] {taskinstance.py:1362} INFO - 
--------------------------------------------------------------------------------
[2023-09-06T09:36:21.986+0000] {taskinstance.py:1363} INFO - Starting attempt 1 of 1
[2023-09-06T09:36:21.987+0000] {taskinstance.py:1364} INFO - 
--------------------------------------------------------------------------------
[2023-09-06T09:36:22.005+0000] {taskinstance.py:1383} INFO - Executing <Task(PythonOperator): processing_tasks.training_model_b> on 2023-09-05 00:00:00+00:00
[2023-09-06T09:36:22.027+0000] {standard_task_runner.py:55} INFO - Started process 128 to run task
[2023-09-06T09:36:22.038+0000] {standard_task_runner.py:82} INFO - Running: ['***', 'tasks', 'run', 'inside_group_dag', 'processing_tasks.training_model_b', 'scheduled__2023-09-05T00:00:00+00:00', '--job-id', '145', '--raw', '--subdir', 'DAGS_FOLDER/inside_group_dag.py', '--cfg-path', '/tmp/tmpszs4hq5q']
[2023-09-06T09:36:22.049+0000] {standard_task_runner.py:83} INFO - Job 145: Subtask processing_tasks.training_model_b
[2023-09-06T09:36:22.467+0000] {task_command.py:376} INFO - Running <TaskInstance: inside_group_dag.processing_tasks.training_model_b scheduled__2023-09-05T00:00:00+00:00 [running]> on host c5447ba0ef6d
[2023-09-06T09:36:22.705+0000] {taskinstance.py:1592} INFO - Exporting the following env vars:
AIRFLOW_CTX_DAG_OWNER=***
AIRFLOW_CTX_DAG_ID=inside_group_dag
AIRFLOW_CTX_TASK_ID=processing_tasks.training_model_b
AIRFLOW_CTX_EXECUTION_DATE=2023-09-05T00:00:00+00:00
AIRFLOW_CTX_TRY_NUMBER=1
AIRFLOW_CTX_DAG_RUN_ID=scheduled__2023-09-05T00:00:00+00:00
[2023-09-06T09:36:22.710+0000] {logging_mixin.py:120} INFO - model's accuracy: 9.635768466975865
[2023-09-06T09:36:22.710+0000] {python.py:177} INFO - Done. Returned value was: None
[2023-09-06T09:36:22.752+0000] {taskinstance.py:1406} INFO - Marking task as SUCCESS. dag_id=inside_group_dag, task_id=processing_tasks.training_model_b, execution_date=20230905T000000, start_date=20230906T093621, end_date=20230906T093622
[2023-09-06T09:36:22.819+0000] {local_task_job.py:164} INFO - Task exited with return code 0
[2023-09-06T09:36:22.981+0000] {local_task_job.py:273} INFO - 0 downstream tasks scheduled from follow-on schedule check
