[2023-09-06T09:36:21.991+0000] {taskinstance.py:1165} INFO - Dependencies all met for <TaskInstance: inside_group_dag.processing_tasks.training_model_c scheduled__2023-09-05T00:00:00+00:00 [queued]>
[2023-09-06T09:36:22.011+0000] {taskinstance.py:1165} INFO - Dependencies all met for <TaskInstance: inside_group_dag.processing_tasks.training_model_c scheduled__2023-09-05T00:00:00+00:00 [queued]>
[2023-09-06T09:36:22.012+0000] {taskinstance.py:1362} INFO - 
--------------------------------------------------------------------------------
[2023-09-06T09:36:22.015+0000] {taskinstance.py:1363} INFO - Starting attempt 1 of 1
[2023-09-06T09:36:22.017+0000] {taskinstance.py:1364} INFO - 
--------------------------------------------------------------------------------
[2023-09-06T09:36:22.049+0000] {taskinstance.py:1383} INFO - Executing <Task(PythonOperator): processing_tasks.training_model_c> on 2023-09-05 00:00:00+00:00
[2023-09-06T09:36:22.084+0000] {standard_task_runner.py:55} INFO - Started process 89 to run task
[2023-09-06T09:36:22.086+0000] {standard_task_runner.py:82} INFO - Running: ['***', 'tasks', 'run', 'inside_group_dag', 'processing_tasks.training_model_c', 'scheduled__2023-09-05T00:00:00+00:00', '--job-id', '146', '--raw', '--subdir', 'DAGS_FOLDER/inside_group_dag.py', '--cfg-path', '/tmp/tmpw8ythclt']
[2023-09-06T09:36:22.091+0000] {standard_task_runner.py:83} INFO - Job 146: Subtask processing_tasks.training_model_c
[2023-09-06T09:36:22.478+0000] {task_command.py:376} INFO - Running <TaskInstance: inside_group_dag.processing_tasks.training_model_c scheduled__2023-09-05T00:00:00+00:00 [running]> on host 993b415b7ab0
[2023-09-06T09:36:22.718+0000] {taskinstance.py:1592} INFO - Exporting the following env vars:
AIRFLOW_CTX_DAG_OWNER=***
AIRFLOW_CTX_DAG_ID=inside_group_dag
AIRFLOW_CTX_TASK_ID=processing_tasks.training_model_c
AIRFLOW_CTX_EXECUTION_DATE=2023-09-05T00:00:00+00:00
AIRFLOW_CTX_TRY_NUMBER=1
AIRFLOW_CTX_DAG_RUN_ID=scheduled__2023-09-05T00:00:00+00:00
[2023-09-06T09:36:22.731+0000] {logging_mixin.py:120} INFO - model's accuracy: 4.844208603879232
[2023-09-06T09:36:22.732+0000] {python.py:177} INFO - Done. Returned value was: None
[2023-09-06T09:36:22.767+0000] {taskinstance.py:1406} INFO - Marking task as SUCCESS. dag_id=inside_group_dag, task_id=processing_tasks.training_model_c, execution_date=20230905T000000, start_date=20230906T093621, end_date=20230906T093622
[2023-09-06T09:36:22.814+0000] {local_task_job.py:164} INFO - Task exited with return code 0
[2023-09-06T09:36:22.900+0000] {local_task_job.py:273} INFO - 0 downstream tasks scheduled from follow-on schedule check
