[2023-09-03T15:04:24.025+0000] {taskinstance.py:1165} INFO - Dependencies all met for <TaskInstance: parallel_dag.load_b scheduled__2023-09-02T00:00:00+00:00 [queued]>
[2023-09-03T15:04:24.032+0000] {taskinstance.py:1165} INFO - Dependencies all met for <TaskInstance: parallel_dag.load_b scheduled__2023-09-02T00:00:00+00:00 [queued]>
[2023-09-03T15:04:24.032+0000] {taskinstance.py:1362} INFO - 
--------------------------------------------------------------------------------
[2023-09-03T15:04:24.032+0000] {taskinstance.py:1363} INFO - Starting attempt 1 of 1
[2023-09-03T15:04:24.032+0000] {taskinstance.py:1364} INFO - 
--------------------------------------------------------------------------------
[2023-09-03T15:04:24.041+0000] {taskinstance.py:1383} INFO - Executing <Task(BashOperator): load_b> on 2023-09-02 00:00:00+00:00
[2023-09-03T15:04:24.045+0000] {standard_task_runner.py:55} INFO - Started process 511 to run task
[2023-09-03T15:04:24.048+0000] {standard_task_runner.py:82} INFO - Running: ['***', 'tasks', 'run', 'parallel_dag', 'load_b', 'scheduled__2023-09-02T00:00:00+00:00', '--job-id', '19', '--raw', '--subdir', 'DAGS_FOLDER/parallel_dag.py', '--cfg-path', '/tmp/tmpddiu5u6s']
[2023-09-03T15:04:24.049+0000] {standard_task_runner.py:83} INFO - Job 19: Subtask load_b
[2023-09-03T15:04:24.106+0000] {task_command.py:376} INFO - Running <TaskInstance: parallel_dag.load_b scheduled__2023-09-02T00:00:00+00:00 [running]> on host c0ddfbe053d4
[2023-09-03T15:04:24.160+0000] {taskinstance.py:1592} INFO - Exporting the following env vars:
AIRFLOW_CTX_DAG_OWNER=***
AIRFLOW_CTX_DAG_ID=parallel_dag
AIRFLOW_CTX_TASK_ID=load_b
AIRFLOW_CTX_EXECUTION_DATE=2023-09-02T00:00:00+00:00
AIRFLOW_CTX_TRY_NUMBER=1
AIRFLOW_CTX_DAG_RUN_ID=scheduled__2023-09-02T00:00:00+00:00
[2023-09-03T15:04:24.161+0000] {subprocess.py:63} INFO - Tmp dir root location: 
 /tmp
[2023-09-03T15:04:24.161+0000] {subprocess.py:75} INFO - Running command: ['/bin/bash', '-c', 'sleep 10']
[2023-09-03T15:04:24.171+0000] {subprocess.py:86} INFO - Output:
[2023-09-03T15:04:34.176+0000] {subprocess.py:97} INFO - Command exited with return code 0
[2023-09-03T15:04:34.230+0000] {taskinstance.py:1406} INFO - Marking task as SUCCESS. dag_id=parallel_dag, task_id=load_b, execution_date=20230902T000000, start_date=20230903T150424, end_date=20230903T150434
[2023-09-03T15:04:34.284+0000] {local_task_job.py:164} INFO - Task exited with return code 0
[2023-09-03T15:04:34.321+0000] {local_task_job.py:273} INFO - 1 downstream tasks scheduled from follow-on schedule check
