[2024-05-24T18:05:57.526+0000] {processor.py:154} INFO - Started process (PID=58) to work on /opt/airflow/dags/consumer.py
[2024-05-24T18:05:57.529+0000] {processor.py:756} INFO - Processing file /opt/airflow/dags/consumer.py for tasks to queue
[2024-05-24T18:05:57.531+0000] {logging_mixin.py:120} INFO - [2024-05-24T18:05:57.530+0000] {dagbag.py:537} INFO - Filling up the DagBag from /opt/airflow/dags/consumer.py
[2024-05-24T18:05:57.575+0000] {processor.py:766} INFO - DAG(s) dict_keys(['consumer']) retrieved from /opt/airflow/dags/consumer.py
[2024-05-24T18:05:57.759+0000] {logging_mixin.py:120} INFO - [2024-05-24T18:05:57.759+0000] {dag.py:2585} INFO - Sync 1 DAGs
[2024-05-24T18:05:57.852+0000] {logging_mixin.py:120} INFO - [2024-05-24T18:05:57.852+0000] {dag.py:3340} INFO - Setting next_dagrun for consumer to None, run_after=None
[2024-05-24T18:05:57.959+0000] {processor.py:176} INFO - Processing /opt/airflow/dags/consumer.py took 0.440 seconds
[2024-05-24T18:51:44.231+0000] {processor.py:154} INFO - Started process (PID=58) to work on /opt/airflow/dags/consumer.py
[2024-05-24T18:51:44.233+0000] {processor.py:756} INFO - Processing file /opt/airflow/dags/consumer.py for tasks to queue
[2024-05-24T18:51:44.235+0000] {logging_mixin.py:120} INFO - [2024-05-24T18:51:44.234+0000] {dagbag.py:537} INFO - Filling up the DagBag from /opt/airflow/dags/consumer.py
[2024-05-24T18:51:44.267+0000] {processor.py:766} INFO - DAG(s) dict_keys(['consumer']) retrieved from /opt/airflow/dags/consumer.py
[2024-05-24T18:51:44.398+0000] {logging_mixin.py:120} INFO - [2024-05-24T18:51:44.398+0000] {dag.py:2585} INFO - Sync 1 DAGs
[2024-05-24T18:51:44.437+0000] {logging_mixin.py:120} INFO - [2024-05-24T18:51:44.436+0000] {dag.py:3340} INFO - Setting next_dagrun for consumer to None, run_after=None
[2024-05-24T18:51:44.485+0000] {processor.py:176} INFO - Processing /opt/airflow/dags/consumer.py took 0.259 seconds
[2024-05-24T18:52:14.968+0000] {processor.py:154} INFO - Started process (PID=95) to work on /opt/airflow/dags/consumer.py
[2024-05-24T18:52:14.971+0000] {processor.py:756} INFO - Processing file /opt/airflow/dags/consumer.py for tasks to queue
[2024-05-24T18:52:14.973+0000] {logging_mixin.py:120} INFO - [2024-05-24T18:52:14.973+0000] {dagbag.py:537} INFO - Filling up the DagBag from /opt/airflow/dags/consumer.py
[2024-05-24T18:52:14.998+0000] {processor.py:766} INFO - DAG(s) dict_keys(['consumer']) retrieved from /opt/airflow/dags/consumer.py
[2024-05-24T18:52:15.021+0000] {logging_mixin.py:120} INFO - [2024-05-24T18:52:15.021+0000] {dag.py:2585} INFO - Sync 1 DAGs
[2024-05-24T18:52:15.034+0000] {logging_mixin.py:120} INFO - [2024-05-24T18:52:15.034+0000] {dag.py:3340} INFO - Setting next_dagrun for consumer to None, run_after=None
[2024-05-24T18:52:15.047+0000] {processor.py:176} INFO - Processing /opt/airflow/dags/consumer.py took 0.081 seconds
[2024-05-24T18:52:49.703+0000] {processor.py:154} INFO - Started process (PID=132) to work on /opt/airflow/dags/consumer.py
[2024-05-24T18:52:49.704+0000] {processor.py:756} INFO - Processing file /opt/airflow/dags/consumer.py for tasks to queue
[2024-05-24T18:52:49.706+0000] {logging_mixin.py:120} INFO - [2024-05-24T18:52:49.706+0000] {dagbag.py:537} INFO - Filling up the DagBag from /opt/airflow/dags/consumer.py
[2024-05-24T18:52:49.805+0000] {processor.py:766} INFO - DAG(s) dict_keys(['consumer']) retrieved from /opt/airflow/dags/consumer.py
[2024-05-24T18:52:49.892+0000] {logging_mixin.py:120} INFO - [2024-05-24T18:52:49.892+0000] {dag.py:2585} INFO - Sync 1 DAGs
[2024-05-24T18:52:49.928+0000] {logging_mixin.py:120} INFO - [2024-05-24T18:52:49.927+0000] {dag.py:3340} INFO - Setting next_dagrun for consumer to None, run_after=None
[2024-05-24T18:52:49.951+0000] {processor.py:176} INFO - Processing /opt/airflow/dags/consumer.py took 0.252 seconds
[2024-05-24T18:53:20.045+0000] {processor.py:154} INFO - Started process (PID=159) to work on /opt/airflow/dags/consumer.py
[2024-05-24T18:53:20.046+0000] {processor.py:756} INFO - Processing file /opt/airflow/dags/consumer.py for tasks to queue
[2024-05-24T18:53:20.048+0000] {logging_mixin.py:120} INFO - [2024-05-24T18:53:20.048+0000] {dagbag.py:537} INFO - Filling up the DagBag from /opt/airflow/dags/consumer.py
[2024-05-24T18:53:20.094+0000] {processor.py:766} INFO - DAG(s) dict_keys(['consumer']) retrieved from /opt/airflow/dags/consumer.py
[2024-05-24T18:53:20.128+0000] {logging_mixin.py:120} INFO - [2024-05-24T18:53:20.128+0000] {dag.py:2585} INFO - Sync 1 DAGs
[2024-05-24T18:53:20.153+0000] {logging_mixin.py:120} INFO - [2024-05-24T18:53:20.153+0000] {dag.py:3340} INFO - Setting next_dagrun for consumer to None, run_after=None
[2024-05-24T18:53:20.168+0000] {processor.py:176} INFO - Processing /opt/airflow/dags/consumer.py took 0.124 seconds
[2024-05-24T18:53:51.673+0000] {processor.py:154} INFO - Started process (PID=187) to work on /opt/airflow/dags/consumer.py
[2024-05-24T18:53:51.674+0000] {processor.py:756} INFO - Processing file /opt/airflow/dags/consumer.py for tasks to queue
[2024-05-24T18:53:51.674+0000] {logging_mixin.py:120} INFO - [2024-05-24T18:53:51.674+0000] {dagbag.py:537} INFO - Filling up the DagBag from /opt/airflow/dags/consumer.py
[2024-05-24T18:53:51.689+0000] {processor.py:766} INFO - DAG(s) dict_keys(['consumer']) retrieved from /opt/airflow/dags/consumer.py
[2024-05-24T18:53:51.711+0000] {logging_mixin.py:120} INFO - [2024-05-24T18:53:51.710+0000] {dag.py:2585} INFO - Sync 1 DAGs
[2024-05-24T18:53:51.724+0000] {logging_mixin.py:120} INFO - [2024-05-24T18:53:51.724+0000] {dag.py:3340} INFO - Setting next_dagrun for consumer to None, run_after=None
[2024-05-24T18:53:51.737+0000] {processor.py:176} INFO - Processing /opt/airflow/dags/consumer.py took 0.066 seconds
[2024-05-24T20:16:16.180+0000] {processor.py:154} INFO - Started process (PID=206) to work on /opt/airflow/dags/consumer.py
[2024-05-24T20:16:16.199+0000] {processor.py:756} INFO - Processing file /opt/airflow/dags/consumer.py for tasks to queue
[2024-05-24T20:16:16.207+0000] {logging_mixin.py:120} INFO - [2024-05-24T20:16:16.207+0000] {dagbag.py:537} INFO - Filling up the DagBag from /opt/airflow/dags/consumer.py
[2024-05-24T20:16:16.282+0000] {processor.py:766} INFO - DAG(s) dict_keys(['consumer']) retrieved from /opt/airflow/dags/consumer.py
[2024-05-24T20:16:16.355+0000] {logging_mixin.py:120} INFO - [2024-05-24T20:16:16.355+0000] {dag.py:2585} INFO - Sync 1 DAGs
[2024-05-24T20:16:16.414+0000] {logging_mixin.py:120} INFO - [2024-05-24T20:16:16.413+0000] {dag.py:3340} INFO - Setting next_dagrun for consumer to None, run_after=None
[2024-05-24T20:16:16.447+0000] {processor.py:176} INFO - Processing /opt/airflow/dags/consumer.py took 0.280 seconds
[2024-05-24T20:54:40.995+0000] {processor.py:154} INFO - Started process (PID=239) to work on /opt/airflow/dags/consumer.py
[2024-05-24T20:54:41.002+0000] {processor.py:756} INFO - Processing file /opt/airflow/dags/consumer.py for tasks to queue
[2024-05-24T20:54:41.004+0000] {logging_mixin.py:120} INFO - [2024-05-24T20:54:41.004+0000] {dagbag.py:537} INFO - Filling up the DagBag from /opt/airflow/dags/consumer.py
[2024-05-24T20:54:41.147+0000] {processor.py:766} INFO - DAG(s) dict_keys(['consumer']) retrieved from /opt/airflow/dags/consumer.py
[2024-05-24T20:54:41.399+0000] {logging_mixin.py:120} INFO - [2024-05-24T20:54:41.398+0000] {dag.py:2585} INFO - Sync 1 DAGs
[2024-05-24T20:54:41.623+0000] {logging_mixin.py:120} INFO - [2024-05-24T20:54:41.622+0000] {dag.py:3340} INFO - Setting next_dagrun for consumer to None, run_after=None
[2024-05-24T20:54:41.664+0000] {processor.py:176} INFO - Processing /opt/airflow/dags/consumer.py took 0.678 seconds
[2024-05-24T21:32:16.495+0000] {processor.py:154} INFO - Started process (PID=261) to work on /opt/airflow/dags/consumer.py
[2024-05-24T21:32:16.498+0000] {processor.py:756} INFO - Processing file /opt/airflow/dags/consumer.py for tasks to queue
[2024-05-24T21:32:16.500+0000] {logging_mixin.py:120} INFO - [2024-05-24T21:32:16.500+0000] {dagbag.py:537} INFO - Filling up the DagBag from /opt/airflow/dags/consumer.py
[2024-05-24T21:32:16.617+0000] {processor.py:766} INFO - DAG(s) dict_keys(['consumer']) retrieved from /opt/airflow/dags/consumer.py
[2024-05-24T21:32:16.878+0000] {logging_mixin.py:120} INFO - [2024-05-24T21:32:16.878+0000] {dag.py:2585} INFO - Sync 1 DAGs
[2024-05-24T21:32:17.028+0000] {logging_mixin.py:120} INFO - [2024-05-24T21:32:17.026+0000] {dag.py:3340} INFO - Setting next_dagrun for consumer to None, run_after=None
[2024-05-24T21:32:17.129+0000] {processor.py:176} INFO - Processing /opt/airflow/dags/consumer.py took 0.650 seconds
[2024-05-24T22:55:15.566+0000] {processor.py:154} INFO - Started process (PID=297) to work on /opt/airflow/dags/consumer.py
[2024-05-24T22:55:15.573+0000] {processor.py:756} INFO - Processing file /opt/airflow/dags/consumer.py for tasks to queue
[2024-05-24T22:55:15.574+0000] {logging_mixin.py:120} INFO - [2024-05-24T22:55:15.574+0000] {dagbag.py:537} INFO - Filling up the DagBag from /opt/airflow/dags/consumer.py
[2024-05-24T22:55:15.660+0000] {processor.py:766} INFO - DAG(s) dict_keys(['consumer']) retrieved from /opt/airflow/dags/consumer.py
[2024-05-24T22:55:15.835+0000] {logging_mixin.py:120} INFO - [2024-05-24T22:55:15.834+0000] {dag.py:2585} INFO - Sync 1 DAGs
[2024-05-24T22:55:16.371+0000] {logging_mixin.py:120} INFO - [2024-05-24T22:55:16.364+0000] {dag.py:3340} INFO - Setting next_dagrun for consumer to None, run_after=None
[2024-05-24T22:55:16.549+0000] {processor.py:176} INFO - Processing /opt/airflow/dags/consumer.py took 0.994 seconds
[2024-05-24T23:57:33.191+0000] {processor.py:154} INFO - Started process (PID=324) to work on /opt/airflow/dags/consumer.py
[2024-05-24T23:57:33.196+0000] {processor.py:756} INFO - Processing file /opt/airflow/dags/consumer.py for tasks to queue
[2024-05-24T23:57:33.201+0000] {logging_mixin.py:120} INFO - [2024-05-24T23:57:33.201+0000] {dagbag.py:537} INFO - Filling up the DagBag from /opt/airflow/dags/consumer.py
[2024-05-24T23:57:34.360+0000] {processor.py:766} INFO - DAG(s) dict_keys(['consumer']) retrieved from /opt/airflow/dags/consumer.py
[2024-05-24T23:57:35.438+0000] {logging_mixin.py:120} INFO - [2024-05-24T23:57:35.424+0000] {dag.py:2585} INFO - Sync 1 DAGs
[2024-05-24T23:57:35.671+0000] {logging_mixin.py:120} INFO - [2024-05-24T23:57:35.669+0000] {dag.py:3340} INFO - Setting next_dagrun for consumer to None, run_after=None
[2024-05-24T23:57:35.970+0000] {processor.py:176} INFO - Processing /opt/airflow/dags/consumer.py took 2.807 seconds
