[2024-05-24T18:05:57.657+0000] {processor.py:154} INFO - Started process (PID=59) to work on /opt/airflow/dags/producer.py
[2024-05-24T18:05:57.659+0000] {processor.py:756} INFO - Processing file /opt/airflow/dags/producer.py for tasks to queue
[2024-05-24T18:05:57.661+0000] {logging_mixin.py:120} INFO - [2024-05-24T18:05:57.660+0000] {dagbag.py:537} INFO - Filling up the DagBag from /opt/airflow/dags/producer.py
[2024-05-24T18:05:57.805+0000] {processor.py:766} INFO - DAG(s) dict_keys(['producer']) retrieved from /opt/airflow/dags/producer.py
[2024-05-24T18:05:58.052+0000] {logging_mixin.py:120} INFO - [2024-05-24T18:05:58.051+0000] {dag.py:2585} INFO - Sync 1 DAGs
[2024-05-24T18:05:58.105+0000] {logging_mixin.py:120} INFO - [2024-05-24T18:05:58.105+0000] {dag.py:3340} INFO - Setting next_dagrun for producer to 2024-05-23T00:00:00+00:00, run_after=2024-05-24T00:00:00+00:00
[2024-05-24T18:05:58.143+0000] {processor.py:176} INFO - Processing /opt/airflow/dags/producer.py took 0.494 seconds
[2024-05-24T18:51:44.266+0000] {processor.py:154} INFO - Started process (PID=59) to work on /opt/airflow/dags/producer.py
[2024-05-24T18:51:44.267+0000] {processor.py:756} INFO - Processing file /opt/airflow/dags/producer.py for tasks to queue
[2024-05-24T18:51:44.273+0000] {logging_mixin.py:120} INFO - [2024-05-24T18:51:44.272+0000] {dagbag.py:537} INFO - Filling up the DagBag from /opt/airflow/dags/producer.py
[2024-05-24T18:51:44.304+0000] {processor.py:766} INFO - DAG(s) dict_keys(['producer']) retrieved from /opt/airflow/dags/producer.py
[2024-05-24T18:51:44.430+0000] {logging_mixin.py:120} INFO - [2024-05-24T18:51:44.429+0000] {dag.py:2585} INFO - Sync 1 DAGs
[2024-05-24T18:51:44.468+0000] {logging_mixin.py:120} INFO - [2024-05-24T18:51:44.468+0000] {dag.py:3340} INFO - Setting next_dagrun for producer to 2024-05-23T00:00:00+00:00, run_after=2024-05-24T00:00:00+00:00
[2024-05-24T18:51:44.498+0000] {processor.py:176} INFO - Processing /opt/airflow/dags/producer.py took 0.234 seconds
[2024-05-24T18:52:14.995+0000] {processor.py:154} INFO - Started process (PID=96) to work on /opt/airflow/dags/producer.py
[2024-05-24T18:52:14.996+0000] {processor.py:756} INFO - Processing file /opt/airflow/dags/producer.py for tasks to queue
[2024-05-24T18:52:14.997+0000] {logging_mixin.py:120} INFO - [2024-05-24T18:52:14.997+0000] {dagbag.py:537} INFO - Filling up the DagBag from /opt/airflow/dags/producer.py
[2024-05-24T18:52:15.015+0000] {processor.py:766} INFO - DAG(s) dict_keys(['producer']) retrieved from /opt/airflow/dags/producer.py
[2024-05-24T18:52:15.034+0000] {logging_mixin.py:120} INFO - [2024-05-24T18:52:15.034+0000] {dag.py:2585} INFO - Sync 1 DAGs
[2024-05-24T18:52:15.048+0000] {logging_mixin.py:120} INFO - [2024-05-24T18:52:15.048+0000] {dag.py:3340} INFO - Setting next_dagrun for producer to 2024-05-23T00:00:00+00:00, run_after=2024-05-24T00:00:00+00:00
[2024-05-24T18:52:15.059+0000] {processor.py:176} INFO - Processing /opt/airflow/dags/producer.py took 0.066 seconds
[2024-05-24T18:52:49.812+0000] {processor.py:154} INFO - Started process (PID=133) to work on /opt/airflow/dags/producer.py
[2024-05-24T18:52:49.814+0000] {processor.py:756} INFO - Processing file /opt/airflow/dags/producer.py for tasks to queue
[2024-05-24T18:52:49.816+0000] {logging_mixin.py:120} INFO - [2024-05-24T18:52:49.816+0000] {dagbag.py:537} INFO - Filling up the DagBag from /opt/airflow/dags/producer.py
[2024-05-24T18:52:49.865+0000] {processor.py:766} INFO - DAG(s) dict_keys(['producer']) retrieved from /opt/airflow/dags/producer.py
[2024-05-24T18:52:49.912+0000] {logging_mixin.py:120} INFO - [2024-05-24T18:52:49.912+0000] {dag.py:2585} INFO - Sync 1 DAGs
[2024-05-24T18:52:49.946+0000] {logging_mixin.py:120} INFO - [2024-05-24T18:52:49.946+0000] {dag.py:3340} INFO - Setting next_dagrun for producer to 2024-05-23T00:00:00+00:00, run_after=2024-05-24T00:00:00+00:00
[2024-05-24T18:52:49.967+0000] {processor.py:176} INFO - Processing /opt/airflow/dags/producer.py took 0.160 seconds
[2024-05-24T18:53:20.180+0000] {processor.py:154} INFO - Started process (PID=161) to work on /opt/airflow/dags/producer.py
[2024-05-24T18:53:20.180+0000] {processor.py:756} INFO - Processing file /opt/airflow/dags/producer.py for tasks to queue
[2024-05-24T18:53:20.181+0000] {logging_mixin.py:120} INFO - [2024-05-24T18:53:20.181+0000] {dagbag.py:537} INFO - Filling up the DagBag from /opt/airflow/dags/producer.py
[2024-05-24T18:53:20.194+0000] {processor.py:766} INFO - DAG(s) dict_keys(['producer']) retrieved from /opt/airflow/dags/producer.py
[2024-05-24T18:53:20.217+0000] {logging_mixin.py:120} INFO - [2024-05-24T18:53:20.217+0000] {dag.py:2585} INFO - Sync 1 DAGs
[2024-05-24T18:53:20.239+0000] {logging_mixin.py:120} INFO - [2024-05-24T18:53:20.239+0000] {dag.py:3340} INFO - Setting next_dagrun for producer to 2024-05-23T00:00:00+00:00, run_after=2024-05-24T00:00:00+00:00
[2024-05-24T18:53:20.259+0000] {processor.py:176} INFO - Processing /opt/airflow/dags/producer.py took 0.081 seconds
[2024-05-24T18:53:51.748+0000] {processor.py:154} INFO - Started process (PID=188) to work on /opt/airflow/dags/producer.py
[2024-05-24T18:53:51.748+0000] {processor.py:756} INFO - Processing file /opt/airflow/dags/producer.py for tasks to queue
[2024-05-24T18:53:51.749+0000] {logging_mixin.py:120} INFO - [2024-05-24T18:53:51.749+0000] {dagbag.py:537} INFO - Filling up the DagBag from /opt/airflow/dags/producer.py
[2024-05-24T18:53:51.779+0000] {processor.py:766} INFO - DAG(s) dict_keys(['producer']) retrieved from /opt/airflow/dags/producer.py
[2024-05-24T18:53:51.809+0000] {logging_mixin.py:120} INFO - [2024-05-24T18:53:51.809+0000] {dag.py:2585} INFO - Sync 1 DAGs
[2024-05-24T18:53:51.824+0000] {logging_mixin.py:120} INFO - [2024-05-24T18:53:51.824+0000] {dag.py:3340} INFO - Setting next_dagrun for producer to 2024-05-23T00:00:00+00:00, run_after=2024-05-24T00:00:00+00:00
[2024-05-24T18:53:51.835+0000] {processor.py:176} INFO - Processing /opt/airflow/dags/producer.py took 0.089 seconds
[2024-05-24T20:16:16.486+0000] {processor.py:154} INFO - Started process (PID=207) to work on /opt/airflow/dags/producer.py
[2024-05-24T20:16:16.492+0000] {processor.py:756} INFO - Processing file /opt/airflow/dags/producer.py for tasks to queue
[2024-05-24T20:16:16.498+0000] {logging_mixin.py:120} INFO - [2024-05-24T20:16:16.498+0000] {dagbag.py:537} INFO - Filling up the DagBag from /opt/airflow/dags/producer.py
[2024-05-24T20:16:16.542+0000] {processor.py:766} INFO - DAG(s) dict_keys(['producer']) retrieved from /opt/airflow/dags/producer.py
[2024-05-24T20:16:16.635+0000] {logging_mixin.py:120} INFO - [2024-05-24T20:16:16.635+0000] {dag.py:2585} INFO - Sync 1 DAGs
[2024-05-24T20:16:16.673+0000] {logging_mixin.py:120} INFO - [2024-05-24T20:16:16.673+0000] {dag.py:3340} INFO - Setting next_dagrun for producer to 2024-05-23T00:00:00+00:00, run_after=2024-05-24T00:00:00+00:00
[2024-05-24T20:16:16.713+0000] {processor.py:176} INFO - Processing /opt/airflow/dags/producer.py took 0.238 seconds
[2024-05-24T20:54:41.776+0000] {processor.py:154} INFO - Started process (PID=241) to work on /opt/airflow/dags/producer.py
[2024-05-24T20:54:41.778+0000] {processor.py:756} INFO - Processing file /opt/airflow/dags/producer.py for tasks to queue
[2024-05-24T20:54:41.779+0000] {logging_mixin.py:120} INFO - [2024-05-24T20:54:41.779+0000] {dagbag.py:537} INFO - Filling up the DagBag from /opt/airflow/dags/producer.py
[2024-05-24T20:54:41.902+0000] {processor.py:766} INFO - DAG(s) dict_keys(['producer']) retrieved from /opt/airflow/dags/producer.py
[2024-05-24T20:54:42.009+0000] {logging_mixin.py:120} INFO - [2024-05-24T20:54:42.009+0000] {dag.py:2585} INFO - Sync 1 DAGs
[2024-05-24T20:54:42.046+0000] {logging_mixin.py:120} INFO - [2024-05-24T20:54:42.046+0000] {dag.py:3340} INFO - Setting next_dagrun for producer to 2024-05-23T00:00:00+00:00, run_after=2024-05-24T00:00:00+00:00
[2024-05-24T20:54:42.101+0000] {processor.py:176} INFO - Processing /opt/airflow/dags/producer.py took 0.329 seconds
[2024-05-24T21:32:17.127+0000] {processor.py:154} INFO - Started process (PID=262) to work on /opt/airflow/dags/producer.py
[2024-05-24T21:32:17.130+0000] {processor.py:756} INFO - Processing file /opt/airflow/dags/producer.py for tasks to queue
[2024-05-24T21:32:17.134+0000] {logging_mixin.py:120} INFO - [2024-05-24T21:32:17.134+0000] {dagbag.py:537} INFO - Filling up the DagBag from /opt/airflow/dags/producer.py
[2024-05-24T21:32:17.297+0000] {processor.py:766} INFO - DAG(s) dict_keys(['producer']) retrieved from /opt/airflow/dags/producer.py
[2024-05-24T21:32:17.489+0000] {logging_mixin.py:120} INFO - [2024-05-24T21:32:17.487+0000] {dag.py:2585} INFO - Sync 1 DAGs
[2024-05-24T21:32:17.604+0000] {logging_mixin.py:120} INFO - [2024-05-24T21:32:17.602+0000] {dag.py:3340} INFO - Setting next_dagrun for producer to 2024-05-23T00:00:00+00:00, run_after=2024-05-24T00:00:00+00:00
[2024-05-24T21:32:17.704+0000] {processor.py:176} INFO - Processing /opt/airflow/dags/producer.py took 0.590 seconds
[2024-05-24T22:55:16.611+0000] {processor.py:154} INFO - Started process (PID=298) to work on /opt/airflow/dags/producer.py
[2024-05-24T22:55:16.643+0000] {processor.py:756} INFO - Processing file /opt/airflow/dags/producer.py for tasks to queue
[2024-05-24T22:55:16.650+0000] {logging_mixin.py:120} INFO - [2024-05-24T22:55:16.650+0000] {dagbag.py:537} INFO - Filling up the DagBag from /opt/airflow/dags/producer.py
[2024-05-24T22:55:16.861+0000] {processor.py:766} INFO - DAG(s) dict_keys(['producer']) retrieved from /opt/airflow/dags/producer.py
[2024-05-24T22:55:17.002+0000] {logging_mixin.py:120} INFO - [2024-05-24T22:55:17.001+0000] {dag.py:2585} INFO - Sync 1 DAGs
[2024-05-24T22:55:17.049+0000] {logging_mixin.py:120} INFO - [2024-05-24T22:55:17.049+0000] {dag.py:3340} INFO - Setting next_dagrun for producer to 2024-05-23T00:00:00+00:00, run_after=2024-05-24T00:00:00+00:00
[2024-05-24T22:55:17.079+0000] {processor.py:176} INFO - Processing /opt/airflow/dags/producer.py took 0.479 seconds
[2024-05-24T23:57:36.068+0000] {processor.py:154} INFO - Started process (PID=325) to work on /opt/airflow/dags/producer.py
[2024-05-24T23:57:36.071+0000] {processor.py:756} INFO - Processing file /opt/airflow/dags/producer.py for tasks to queue
[2024-05-24T23:57:36.087+0000] {logging_mixin.py:120} INFO - [2024-05-24T23:57:36.080+0000] {dagbag.py:537} INFO - Filling up the DagBag from /opt/airflow/dags/producer.py
[2024-05-24T23:57:36.424+0000] {processor.py:766} INFO - DAG(s) dict_keys(['producer']) retrieved from /opt/airflow/dags/producer.py
[2024-05-24T23:57:36.774+0000] {logging_mixin.py:120} INFO - [2024-05-24T23:57:36.773+0000] {dag.py:2585} INFO - Sync 1 DAGs
[2024-05-24T23:57:36.843+0000] {logging_mixin.py:120} INFO - [2024-05-24T23:57:36.842+0000] {dag.py:3340} INFO - Setting next_dagrun for producer to 2024-05-23T00:00:00+00:00, run_after=2024-05-24T00:00:00+00:00
[2024-05-24T23:57:36.945+0000] {processor.py:176} INFO - Processing /opt/airflow/dags/producer.py took 0.898 seconds
