[2023-09-05T11:35:44.798+0000] {taskinstance.py:1165} INFO - Dependencies all met for <TaskInstance: parallel_dag.extract_b scheduled__2023-09-04T00:00:00+00:00 [queued]>
[2023-09-05T11:35:44.945+0000] {taskinstance.py:1165} INFO - Dependencies all met for <TaskInstance: parallel_dag.extract_b scheduled__2023-09-04T00:00:00+00:00 [queued]>
[2023-09-05T11:35:44.945+0000] {taskinstance.py:1362} INFO - 
--------------------------------------------------------------------------------
[2023-09-05T11:35:44.946+0000] {taskinstance.py:1363} INFO - Starting attempt 1 of 1
[2023-09-05T11:35:44.947+0000] {taskinstance.py:1364} INFO - 
--------------------------------------------------------------------------------
[2023-09-05T11:35:45.081+0000] {taskinstance.py:1383} INFO - Executing <Task(BashOperator): extract_b> on 2023-09-04 00:00:00+00:00
[2023-09-05T11:35:45.103+0000] {standard_task_runner.py:55} INFO - Started process 76 to run task
[2023-09-05T11:35:45.119+0000] {standard_task_runner.py:82} INFO - Running: ['***', 'tasks', 'run', 'parallel_dag', 'extract_b', 'scheduled__2023-09-04T00:00:00+00:00', '--job-id', '85', '--raw', '--subdir', 'DAGS_FOLDER/parallel_dag.py', '--cfg-path', '/tmp/tmph9f2vum7']
[2023-09-05T11:35:45.124+0000] {standard_task_runner.py:83} INFO - Job 85: Subtask extract_b
[2023-09-05T11:35:45.489+0000] {task_command.py:376} INFO - Running <TaskInstance: parallel_dag.extract_b scheduled__2023-09-04T00:00:00+00:00 [running]> on host 993b415b7ab0
[2023-09-05T11:35:45.916+0000] {taskinstance.py:1592} INFO - Exporting the following env vars:
AIRFLOW_CTX_DAG_OWNER=***
AIRFLOW_CTX_DAG_ID=parallel_dag
AIRFLOW_CTX_TASK_ID=extract_b
AIRFLOW_CTX_EXECUTION_DATE=2023-09-04T00:00:00+00:00
AIRFLOW_CTX_TRY_NUMBER=1
AIRFLOW_CTX_DAG_RUN_ID=scheduled__2023-09-04T00:00:00+00:00
[2023-09-05T11:35:45.944+0000] {subprocess.py:63} INFO - Tmp dir root location: 
 /tmp
[2023-09-05T11:35:45.975+0000] {subprocess.py:75} INFO - Running command: ['/bin/bash', '-c', 'sleep 10']
[2023-09-05T11:35:46.036+0000] {subprocess.py:86} INFO - Output:
[2023-09-05T11:35:56.063+0000] {subprocess.py:97} INFO - Command exited with return code 0
[2023-09-05T11:35:56.123+0000] {taskinstance.py:1406} INFO - Marking task as SUCCESS. dag_id=parallel_dag, task_id=extract_b, execution_date=20230904T000000, start_date=20230905T113544, end_date=20230905T113556
[2023-09-05T11:35:56.146+0000] {local_task_job.py:164} INFO - Task exited with return code 0
[2023-09-05T11:35:56.172+0000] {local_task_job.py:273} INFO - 1 downstream tasks scheduled from follow-on schedule check
