[2023-08-30T00:47:03.489+0000] {taskinstance.py:1165} INFO - Dependencies all met for <TaskInstance: user_processing.extract_user scheduled__2023-08-29T00:00:00+00:00 [queued]>
[2023-08-30T00:47:03.534+0000] {taskinstance.py:1165} INFO - Dependencies all met for <TaskInstance: user_processing.extract_user scheduled__2023-08-29T00:00:00+00:00 [queued]>
[2023-08-30T00:47:03.534+0000] {taskinstance.py:1362} INFO - 
--------------------------------------------------------------------------------
[2023-08-30T00:47:03.535+0000] {taskinstance.py:1363} INFO - Starting attempt 1 of 1
[2023-08-30T00:47:03.535+0000] {taskinstance.py:1364} INFO - 
--------------------------------------------------------------------------------
[2023-08-30T00:47:03.557+0000] {taskinstance.py:1383} INFO - Executing <Task(SimpleHttpOperator): extract_user> on 2023-08-29 00:00:00+00:00
[2023-08-30T00:47:03.577+0000] {standard_task_runner.py:55} INFO - Started process 43189 to run task
[2023-08-30T00:47:03.601+0000] {standard_task_runner.py:82} INFO - Running: ['***', 'tasks', 'run', 'user_processing', 'extract_user', 'scheduled__2023-08-29T00:00:00+00:00', '--job-id', '15', '--raw', '--subdir', 'DAGS_FOLDER/user_processing.py', '--cfg-path', '/tmp/tmpo2a75ck8']
[2023-08-30T00:47:03.615+0000] {standard_task_runner.py:83} INFO - Job 15: Subtask extract_user
[2023-08-30T00:47:03.885+0000] {task_command.py:376} INFO - Running <TaskInstance: user_processing.extract_user scheduled__2023-08-29T00:00:00+00:00 [running]> on host f65dd69de24d
[2023-08-30T00:47:04.043+0000] {taskinstance.py:1592} INFO - Exporting the following env vars:
AIRFLOW_CTX_DAG_OWNER=***
AIRFLOW_CTX_DAG_ID=user_processing
AIRFLOW_CTX_TASK_ID=extract_user
AIRFLOW_CTX_EXECUTION_DATE=2023-08-29T00:00:00+00:00
AIRFLOW_CTX_TRY_NUMBER=1
AIRFLOW_CTX_DAG_RUN_ID=scheduled__2023-08-29T00:00:00+00:00
[2023-08-30T00:47:04.045+0000] {http.py:121} INFO - Calling HTTP method
[2023-08-30T00:47:04.098+0000] {base.py:71} INFO - Using connection ID 'user_api' for task execution.
[2023-08-30T00:47:04.106+0000] {http.py:148} INFO - Sending 'GET' to url: https://randomuser.me/api/
[2023-08-30T00:47:04.540+0000] {http.py:125} INFO - {"results":[{"gender":"male","name":{"title":"Mr","first":"Zachary","last":"Pelletier"},"location":{"street":{"number":6622,"name":"Regent Ave"},"city":"Selkirk","state":"Northwest Territories","country":"Canada","postcode":"K8E 0H4","coordinates":{"latitude":"-67.5803","longitude":"-141.6990"},"timezone":{"offset":"-6:00","description":"Central Time (US & Canada), Mexico City"}},"email":"zachary.pelletier@example.com","login":{"uuid":"fc3acb70-b3e0-49e6-9b3d-66efbfd2dac9","username":"brownswan487","password":"pulsar","salt":"Um3cK5zh","md5":"abc6bc2378fe3b45eb69299dac8df548","sha1":"5e04704f09a6e782670453a3f4c9c26b515239d0","sha256":"1735c0553f4ddf39e58c6bb7a3408334e5430cf5344f8b806c1c84cd21d80847"},"dob":{"date":"1966-01-01T16:39:43.547Z","age":57},"registered":{"date":"2020-02-24T16:34:14.020Z","age":3},"phone":"S98 D86-7583","cell":"P15 H64-2146","id":{"name":"SIN","value":"832659320"},"picture":{"large":"https://randomuser.me/api/portraits/men/96.jpg","medium":"https://randomuser.me/api/portraits/med/men/96.jpg","thumbnail":"https://randomuser.me/api/portraits/thumb/men/96.jpg"},"nat":"CA"}],"info":{"seed":"1aaf674f8b3b1080","results":1,"page":1,"version":"1.4"}}
[2023-08-30T00:47:05.862+0000] {taskinstance.py:1406} INFO - Marking task as SUCCESS. dag_id=user_processing, task_id=extract_user, execution_date=20230829T000000, start_date=20230830T004703, end_date=20230830T004705
[2023-08-30T00:47:07.191+0000] {local_task_job.py:164} INFO - Task exited with return code 0
[2023-08-30T00:47:07.582+0000] {local_task_job.py:273} INFO - 1 downstream tasks scheduled from follow-on schedule check
