[2023-08-28T00:46:42.283+0000] {taskinstance.py:1165} INFO - Dependencies all met for <TaskInstance: user_processing.process_user scheduled__2023-08-27T00:00:00+00:00 [queued]>
[2023-08-28T00:46:42.317+0000] {taskinstance.py:1165} INFO - Dependencies all met for <TaskInstance: user_processing.process_user scheduled__2023-08-27T00:00:00+00:00 [queued]>
[2023-08-28T00:46:42.317+0000] {taskinstance.py:1362} INFO - 
--------------------------------------------------------------------------------
[2023-08-28T00:46:42.318+0000] {taskinstance.py:1363} INFO - Starting attempt 1 of 1
[2023-08-28T00:46:42.318+0000] {taskinstance.py:1364} INFO - 
--------------------------------------------------------------------------------
[2023-08-28T00:46:42.345+0000] {taskinstance.py:1383} INFO - Executing <Task(PythonOperator): process_user> on 2023-08-27 00:00:00+00:00
[2023-08-28T00:46:42.362+0000] {standard_task_runner.py:55} INFO - Started process 12648 to run task
[2023-08-28T00:46:42.377+0000] {standard_task_runner.py:82} INFO - Running: ['***', 'tasks', 'run', 'user_processing', 'process_user', 'scheduled__2023-08-27T00:00:00+00:00', '--job-id', '9', '--raw', '--subdir', 'DAGS_FOLDER/user_processing.py', '--cfg-path', '/tmp/tmpe5pqczjo']
[2023-08-28T00:46:42.383+0000] {standard_task_runner.py:83} INFO - Job 9: Subtask process_user
[2023-08-28T00:46:42.555+0000] {task_command.py:376} INFO - Running <TaskInstance: user_processing.process_user scheduled__2023-08-27T00:00:00+00:00 [running]> on host f65dd69de24d
[2023-08-28T00:46:42.804+0000] {taskinstance.py:1592} INFO - Exporting the following env vars:
AIRFLOW_CTX_DAG_OWNER=***
AIRFLOW_CTX_DAG_ID=user_processing
AIRFLOW_CTX_TASK_ID=process_user
AIRFLOW_CTX_EXECUTION_DATE=2023-08-27T00:00:00+00:00
AIRFLOW_CTX_TRY_NUMBER=1
AIRFLOW_CTX_DAG_RUN_ID=scheduled__2023-08-27T00:00:00+00:00
[2023-08-28T00:46:43.439+0000] {python.py:177} INFO - Done. Returned value was: None
[2023-08-28T00:46:43.579+0000] {taskinstance.py:1406} INFO - Marking task as SUCCESS. dag_id=user_processing, task_id=process_user, execution_date=20230827T000000, start_date=20230828T004642, end_date=20230828T004643
[2023-08-28T00:46:43.805+0000] {local_task_job.py:164} INFO - Task exited with return code 0
[2023-08-28T00:46:44.178+0000] {local_task_job.py:273} INFO - 0 downstream tasks scheduled from follow-on schedule check
