[2023-09-03T16:01:01.733+0000] {processor.py:154} INFO - Started process (PID=2491) to work on /opt/airflow/dags/inside_group_dag.py
[2023-09-03T16:01:01.734+0000] {processor.py:756} INFO - Processing file /opt/airflow/dags/inside_group_dag.py for tasks to queue
[2023-09-03T16:01:01.734+0000] {logging_mixin.py:120} INFO - [2023-09-03T16:01:01.734+0000] {dagbag.py:537} INFO - Filling up the DagBag from /opt/airflow/dags/inside_group_dag.py
[2023-09-03T16:01:01.751+0000] {processor.py:766} INFO - DAG(s) dict_keys(['xcom_dag']) retrieved from /opt/airflow/dags/inside_group_dag.py
[2023-09-03T16:01:01.794+0000] {logging_mixin.py:120} INFO - [2023-09-03T16:01:01.794+0000] {dag.py:2585} INFO - Sync 1 DAGs
[2023-09-03T16:01:01.806+0000] {logging_mixin.py:120} INFO - [2023-09-03T16:01:01.806+0000] {dag.py:3340} INFO - Setting next_dagrun for xcom_dag to 2023-09-03T00:00:00+00:00, run_after=2023-09-04T00:00:00+00:00
[2023-09-03T16:01:01.817+0000] {processor.py:176} INFO - Processing /opt/airflow/dags/inside_group_dag.py took 0.088 seconds
[2023-09-03T16:01:32.251+0000] {processor.py:154} INFO - Started process (PID=2527) to work on /opt/airflow/dags/inside_group_dag.py
[2023-09-03T16:01:32.252+0000] {processor.py:756} INFO - Processing file /opt/airflow/dags/inside_group_dag.py for tasks to queue
[2023-09-03T16:01:32.253+0000] {logging_mixin.py:120} INFO - [2023-09-03T16:01:32.253+0000] {dagbag.py:537} INFO - Filling up the DagBag from /opt/airflow/dags/inside_group_dag.py
[2023-09-03T16:01:32.279+0000] {processor.py:766} INFO - DAG(s) dict_keys(['xcom_dag']) retrieved from /opt/airflow/dags/inside_group_dag.py
[2023-09-03T16:01:32.310+0000] {logging_mixin.py:120} INFO - [2023-09-03T16:01:32.310+0000] {dag.py:2585} INFO - Sync 1 DAGs
[2023-09-03T16:01:32.325+0000] {logging_mixin.py:120} INFO - [2023-09-03T16:01:32.325+0000] {dag.py:3340} INFO - Setting next_dagrun for xcom_dag to 2023-09-03T00:00:00+00:00, run_after=2023-09-04T00:00:00+00:00
[2023-09-03T16:01:32.335+0000] {processor.py:176} INFO - Processing /opt/airflow/dags/inside_group_dag.py took 0.091 seconds
[2023-09-03T16:02:02.777+0000] {processor.py:154} INFO - Started process (PID=2561) to work on /opt/airflow/dags/inside_group_dag.py
[2023-09-03T16:02:02.779+0000] {processor.py:756} INFO - Processing file /opt/airflow/dags/inside_group_dag.py for tasks to queue
[2023-09-03T16:02:02.779+0000] {logging_mixin.py:120} INFO - [2023-09-03T16:02:02.779+0000] {dagbag.py:537} INFO - Filling up the DagBag from /opt/airflow/dags/inside_group_dag.py
[2023-09-03T16:02:02.800+0000] {processor.py:766} INFO - DAG(s) dict_keys(['xcom_dag']) retrieved from /opt/airflow/dags/inside_group_dag.py
[2023-09-03T16:02:02.827+0000] {logging_mixin.py:120} INFO - [2023-09-03T16:02:02.827+0000] {dag.py:2585} INFO - Sync 1 DAGs
[2023-09-03T16:02:02.839+0000] {logging_mixin.py:120} INFO - [2023-09-03T16:02:02.839+0000] {dag.py:3340} INFO - Setting next_dagrun for xcom_dag to 2023-09-03T00:00:00+00:00, run_after=2023-09-04T00:00:00+00:00
[2023-09-03T16:02:02.848+0000] {processor.py:176} INFO - Processing /opt/airflow/dags/inside_group_dag.py took 0.076 seconds
[2023-09-03T16:02:33.411+0000] {processor.py:154} INFO - Started process (PID=2594) to work on /opt/airflow/dags/inside_group_dag.py
[2023-09-03T16:02:33.412+0000] {processor.py:756} INFO - Processing file /opt/airflow/dags/inside_group_dag.py for tasks to queue
[2023-09-03T16:02:33.413+0000] {logging_mixin.py:120} INFO - [2023-09-03T16:02:33.413+0000] {dagbag.py:537} INFO - Filling up the DagBag from /opt/airflow/dags/inside_group_dag.py
[2023-09-03T16:02:33.432+0000] {processor.py:766} INFO - DAG(s) dict_keys(['xcom_dag']) retrieved from /opt/airflow/dags/inside_group_dag.py
[2023-09-03T16:02:33.460+0000] {logging_mixin.py:120} INFO - [2023-09-03T16:02:33.460+0000] {dag.py:2585} INFO - Sync 1 DAGs
[2023-09-03T16:02:33.473+0000] {logging_mixin.py:120} INFO - [2023-09-03T16:02:33.473+0000] {dag.py:3340} INFO - Setting next_dagrun for xcom_dag to 2023-09-03T00:00:00+00:00, run_after=2023-09-04T00:00:00+00:00
[2023-09-03T16:02:33.481+0000] {processor.py:176} INFO - Processing /opt/airflow/dags/inside_group_dag.py took 0.074 seconds
[2023-09-03T16:03:03.751+0000] {processor.py:154} INFO - Started process (PID=2628) to work on /opt/airflow/dags/inside_group_dag.py
[2023-09-03T16:03:03.753+0000] {processor.py:756} INFO - Processing file /opt/airflow/dags/inside_group_dag.py for tasks to queue
[2023-09-03T16:03:03.754+0000] {logging_mixin.py:120} INFO - [2023-09-03T16:03:03.753+0000] {dagbag.py:537} INFO - Filling up the DagBag from /opt/airflow/dags/inside_group_dag.py
[2023-09-03T16:03:03.779+0000] {processor.py:766} INFO - DAG(s) dict_keys(['xcom_dag']) retrieved from /opt/airflow/dags/inside_group_dag.py
[2023-09-03T16:03:03.809+0000] {logging_mixin.py:120} INFO - [2023-09-03T16:03:03.809+0000] {dag.py:2585} INFO - Sync 1 DAGs
[2023-09-03T16:03:03.823+0000] {logging_mixin.py:120} INFO - [2023-09-03T16:03:03.823+0000] {dag.py:3340} INFO - Setting next_dagrun for xcom_dag to 2023-09-03T00:00:00+00:00, run_after=2023-09-04T00:00:00+00:00
[2023-09-03T16:03:03.832+0000] {processor.py:176} INFO - Processing /opt/airflow/dags/inside_group_dag.py took 0.086 seconds
[2023-09-03T16:03:34.196+0000] {processor.py:154} INFO - Started process (PID=2663) to work on /opt/airflow/dags/inside_group_dag.py
[2023-09-03T16:03:34.197+0000] {processor.py:756} INFO - Processing file /opt/airflow/dags/inside_group_dag.py for tasks to queue
[2023-09-03T16:03:34.198+0000] {logging_mixin.py:120} INFO - [2023-09-03T16:03:34.198+0000] {dagbag.py:537} INFO - Filling up the DagBag from /opt/airflow/dags/inside_group_dag.py
[2023-09-03T16:03:34.218+0000] {processor.py:766} INFO - DAG(s) dict_keys(['xcom_dag']) retrieved from /opt/airflow/dags/inside_group_dag.py
[2023-09-03T16:03:34.261+0000] {logging_mixin.py:120} INFO - [2023-09-03T16:03:34.261+0000] {dag.py:2585} INFO - Sync 1 DAGs
[2023-09-03T16:03:34.284+0000] {logging_mixin.py:120} INFO - [2023-09-03T16:03:34.284+0000] {dag.py:3340} INFO - Setting next_dagrun for xcom_dag to 2023-09-03T00:00:00+00:00, run_after=2023-09-04T00:00:00+00:00
[2023-09-03T16:03:34.295+0000] {processor.py:176} INFO - Processing /opt/airflow/dags/inside_group_dag.py took 0.102 seconds
[2023-09-03T16:04:04.842+0000] {processor.py:154} INFO - Started process (PID=2688) to work on /opt/airflow/dags/inside_group_dag.py
[2023-09-03T16:04:04.843+0000] {processor.py:756} INFO - Processing file /opt/airflow/dags/inside_group_dag.py for tasks to queue
[2023-09-03T16:04:04.844+0000] {logging_mixin.py:120} INFO - [2023-09-03T16:04:04.844+0000] {dagbag.py:537} INFO - Filling up the DagBag from /opt/airflow/dags/inside_group_dag.py
[2023-09-03T16:04:04.868+0000] {processor.py:766} INFO - DAG(s) dict_keys(['xcom_dag']) retrieved from /opt/airflow/dags/inside_group_dag.py
[2023-09-03T16:04:04.897+0000] {logging_mixin.py:120} INFO - [2023-09-03T16:04:04.897+0000] {dag.py:2585} INFO - Sync 1 DAGs
[2023-09-03T16:04:04.910+0000] {logging_mixin.py:120} INFO - [2023-09-03T16:04:04.910+0000] {dag.py:3340} INFO - Setting next_dagrun for xcom_dag to 2023-09-03T00:00:00+00:00, run_after=2023-09-04T00:00:00+00:00
[2023-09-03T16:04:04.919+0000] {processor.py:176} INFO - Processing /opt/airflow/dags/inside_group_dag.py took 0.082 seconds
[2023-09-03T16:04:35.447+0000] {processor.py:154} INFO - Started process (PID=2722) to work on /opt/airflow/dags/inside_group_dag.py
[2023-09-03T16:04:35.449+0000] {processor.py:756} INFO - Processing file /opt/airflow/dags/inside_group_dag.py for tasks to queue
[2023-09-03T16:04:35.450+0000] {logging_mixin.py:120} INFO - [2023-09-03T16:04:35.450+0000] {dagbag.py:537} INFO - Filling up the DagBag from /opt/airflow/dags/inside_group_dag.py
[2023-09-03T16:04:35.476+0000] {processor.py:766} INFO - DAG(s) dict_keys(['xcom_dag']) retrieved from /opt/airflow/dags/inside_group_dag.py
[2023-09-03T16:04:35.509+0000] {logging_mixin.py:120} INFO - [2023-09-03T16:04:35.509+0000] {dag.py:2585} INFO - Sync 1 DAGs
[2023-09-03T16:04:35.524+0000] {logging_mixin.py:120} INFO - [2023-09-03T16:04:35.524+0000] {dag.py:3340} INFO - Setting next_dagrun for xcom_dag to 2023-09-03T00:00:00+00:00, run_after=2023-09-04T00:00:00+00:00
[2023-09-03T16:04:35.534+0000] {processor.py:176} INFO - Processing /opt/airflow/dags/inside_group_dag.py took 0.092 seconds
[2023-09-03T16:05:06.494+0000] {processor.py:154} INFO - Started process (PID=2756) to work on /opt/airflow/dags/inside_group_dag.py
[2023-09-03T16:05:06.496+0000] {processor.py:756} INFO - Processing file /opt/airflow/dags/inside_group_dag.py for tasks to queue
[2023-09-03T16:05:06.497+0000] {logging_mixin.py:120} INFO - [2023-09-03T16:05:06.496+0000] {dagbag.py:537} INFO - Filling up the DagBag from /opt/airflow/dags/inside_group_dag.py
[2023-09-03T16:05:06.521+0000] {processor.py:766} INFO - DAG(s) dict_keys(['xcom_dag']) retrieved from /opt/airflow/dags/inside_group_dag.py
[2023-09-03T16:05:06.549+0000] {logging_mixin.py:120} INFO - [2023-09-03T16:05:06.549+0000] {dag.py:2585} INFO - Sync 1 DAGs
[2023-09-03T16:05:06.564+0000] {logging_mixin.py:120} INFO - [2023-09-03T16:05:06.564+0000] {dag.py:3340} INFO - Setting next_dagrun for xcom_dag to 2023-09-03T00:00:00+00:00, run_after=2023-09-04T00:00:00+00:00
[2023-09-03T16:05:06.572+0000] {processor.py:176} INFO - Processing /opt/airflow/dags/inside_group_dag.py took 0.084 seconds
[2023-09-03T16:05:36.620+0000] {processor.py:154} INFO - Started process (PID=2790) to work on /opt/airflow/dags/inside_group_dag.py
[2023-09-03T16:05:36.623+0000] {processor.py:756} INFO - Processing file /opt/airflow/dags/inside_group_dag.py for tasks to queue
[2023-09-03T16:05:36.624+0000] {logging_mixin.py:120} INFO - [2023-09-03T16:05:36.624+0000] {dagbag.py:537} INFO - Filling up the DagBag from /opt/airflow/dags/inside_group_dag.py
[2023-09-03T16:05:36.652+0000] {processor.py:766} INFO - DAG(s) dict_keys(['xcom_dag']) retrieved from /opt/airflow/dags/inside_group_dag.py
[2023-09-03T16:05:36.686+0000] {logging_mixin.py:120} INFO - [2023-09-03T16:05:36.685+0000] {dag.py:2585} INFO - Sync 1 DAGs
[2023-09-03T16:05:36.700+0000] {logging_mixin.py:120} INFO - [2023-09-03T16:05:36.700+0000] {dag.py:3340} INFO - Setting next_dagrun for xcom_dag to 2023-09-03T00:00:00+00:00, run_after=2023-09-04T00:00:00+00:00
[2023-09-03T16:05:36.709+0000] {processor.py:176} INFO - Processing /opt/airflow/dags/inside_group_dag.py took 0.095 seconds
[2023-09-03T16:06:04.696+0000] {processor.py:154} INFO - Started process (PID=2824) to work on /opt/airflow/dags/inside_group_dag.py
[2023-09-03T16:06:04.698+0000] {processor.py:756} INFO - Processing file /opt/airflow/dags/inside_group_dag.py for tasks to queue
[2023-09-03T16:06:04.699+0000] {logging_mixin.py:120} INFO - [2023-09-03T16:06:04.699+0000] {dagbag.py:537} INFO - Filling up the DagBag from /opt/airflow/dags/inside_group_dag.py
[2023-09-03T16:06:04.728+0000] {processor.py:766} INFO - DAG(s) dict_keys(['inside_group_dag']) retrieved from /opt/airflow/dags/inside_group_dag.py
[2023-09-03T16:06:04.812+0000] {logging_mixin.py:120} INFO - [2023-09-03T16:06:04.812+0000] {manager.py:507} INFO - Created Permission View: can delete on DAG:inside_group_dag
[2023-09-03T16:06:04.817+0000] {logging_mixin.py:120} INFO - [2023-09-03T16:06:04.817+0000] {manager.py:507} INFO - Created Permission View: can read on DAG:inside_group_dag
[2023-09-03T16:06:04.820+0000] {logging_mixin.py:120} INFO - [2023-09-03T16:06:04.820+0000] {manager.py:507} INFO - Created Permission View: can edit on DAG:inside_group_dag
[2023-09-03T16:06:04.820+0000] {logging_mixin.py:120} INFO - [2023-09-03T16:06:04.820+0000] {dag.py:2585} INFO - Sync 1 DAGs
[2023-09-03T16:06:04.828+0000] {logging_mixin.py:120} INFO - [2023-09-03T16:06:04.828+0000] {dag.py:2606} INFO - Creating ORM DAG for inside_group_dag
[2023-09-03T16:06:04.836+0000] {logging_mixin.py:120} INFO - [2023-09-03T16:06:04.835+0000] {dag.py:3340} INFO - Setting next_dagrun for inside_group_dag to 2023-09-02T00:00:00+00:00, run_after=2023-09-03T00:00:00+00:00
[2023-09-03T16:06:04.846+0000] {processor.py:176} INFO - Processing /opt/airflow/dags/inside_group_dag.py took 0.152 seconds
[2023-09-03T16:06:35.437+0000] {processor.py:154} INFO - Started process (PID=2851) to work on /opt/airflow/dags/inside_group_dag.py
[2023-09-03T16:06:35.439+0000] {processor.py:756} INFO - Processing file /opt/airflow/dags/inside_group_dag.py for tasks to queue
[2023-09-03T16:06:35.441+0000] {logging_mixin.py:120} INFO - [2023-09-03T16:06:35.441+0000] {dagbag.py:537} INFO - Filling up the DagBag from /opt/airflow/dags/inside_group_dag.py
[2023-09-03T16:06:35.467+0000] {processor.py:766} INFO - DAG(s) dict_keys(['inside_group_dag']) retrieved from /opt/airflow/dags/inside_group_dag.py
[2023-09-03T16:06:35.500+0000] {logging_mixin.py:120} INFO - [2023-09-03T16:06:35.499+0000] {dag.py:2585} INFO - Sync 1 DAGs
[2023-09-03T16:06:35.514+0000] {logging_mixin.py:120} INFO - [2023-09-03T16:06:35.514+0000] {dag.py:3340} INFO - Setting next_dagrun for inside_group_dag to 2023-09-02T00:00:00+00:00, run_after=2023-09-03T00:00:00+00:00
[2023-09-03T16:06:35.523+0000] {processor.py:176} INFO - Processing /opt/airflow/dags/inside_group_dag.py took 0.090 seconds
[2023-09-03T16:07:05.697+0000] {processor.py:154} INFO - Started process (PID=2885) to work on /opt/airflow/dags/inside_group_dag.py
[2023-09-03T16:07:05.699+0000] {processor.py:756} INFO - Processing file /opt/airflow/dags/inside_group_dag.py for tasks to queue
[2023-09-03T16:07:05.699+0000] {logging_mixin.py:120} INFO - [2023-09-03T16:07:05.699+0000] {dagbag.py:537} INFO - Filling up the DagBag from /opt/airflow/dags/inside_group_dag.py
[2023-09-03T16:07:05.718+0000] {processor.py:766} INFO - DAG(s) dict_keys(['inside_group_dag']) retrieved from /opt/airflow/dags/inside_group_dag.py
[2023-09-03T16:07:05.747+0000] {logging_mixin.py:120} INFO - [2023-09-03T16:07:05.747+0000] {dag.py:2585} INFO - Sync 1 DAGs
[2023-09-03T16:07:05.762+0000] {logging_mixin.py:120} INFO - [2023-09-03T16:07:05.762+0000] {dag.py:3340} INFO - Setting next_dagrun for inside_group_dag to 2023-09-02T00:00:00+00:00, run_after=2023-09-03T00:00:00+00:00
[2023-09-03T16:07:05.772+0000] {processor.py:176} INFO - Processing /opt/airflow/dags/inside_group_dag.py took 0.078 seconds
[2023-09-03T16:07:36.251+0000] {processor.py:154} INFO - Started process (PID=2923) to work on /opt/airflow/dags/inside_group_dag.py
[2023-09-03T16:07:36.253+0000] {processor.py:756} INFO - Processing file /opt/airflow/dags/inside_group_dag.py for tasks to queue
[2023-09-03T16:07:36.254+0000] {logging_mixin.py:120} INFO - [2023-09-03T16:07:36.254+0000] {dagbag.py:537} INFO - Filling up the DagBag from /opt/airflow/dags/inside_group_dag.py
[2023-09-03T16:07:36.293+0000] {processor.py:766} INFO - DAG(s) dict_keys(['inside_group_dag']) retrieved from /opt/airflow/dags/inside_group_dag.py
[2023-09-03T16:07:36.326+0000] {logging_mixin.py:120} INFO - [2023-09-03T16:07:36.326+0000] {dag.py:2585} INFO - Sync 1 DAGs
[2023-09-03T16:07:36.343+0000] {logging_mixin.py:120} INFO - [2023-09-03T16:07:36.343+0000] {dag.py:3340} INFO - Setting next_dagrun for inside_group_dag to 2023-09-03T00:00:00+00:00, run_after=2023-09-04T00:00:00+00:00
[2023-09-03T16:07:36.354+0000] {processor.py:176} INFO - Processing /opt/airflow/dags/inside_group_dag.py took 0.111 seconds
[2023-09-03T16:08:06.529+0000] {processor.py:154} INFO - Started process (PID=2959) to work on /opt/airflow/dags/inside_group_dag.py
[2023-09-03T16:08:06.531+0000] {processor.py:756} INFO - Processing file /opt/airflow/dags/inside_group_dag.py for tasks to queue
[2023-09-03T16:08:06.532+0000] {logging_mixin.py:120} INFO - [2023-09-03T16:08:06.532+0000] {dagbag.py:537} INFO - Filling up the DagBag from /opt/airflow/dags/inside_group_dag.py
[2023-09-03T16:08:06.555+0000] {processor.py:766} INFO - DAG(s) dict_keys(['inside_group_dag']) retrieved from /opt/airflow/dags/inside_group_dag.py
[2023-09-03T16:08:06.584+0000] {logging_mixin.py:120} INFO - [2023-09-03T16:08:06.584+0000] {dag.py:2585} INFO - Sync 1 DAGs
[2023-09-03T16:08:06.597+0000] {logging_mixin.py:120} INFO - [2023-09-03T16:08:06.597+0000] {dag.py:3340} INFO - Setting next_dagrun for inside_group_dag to 2023-09-03T00:00:00+00:00, run_after=2023-09-04T00:00:00+00:00
[2023-09-03T16:08:06.606+0000] {processor.py:176} INFO - Processing /opt/airflow/dags/inside_group_dag.py took 0.081 seconds
[2023-09-03T16:08:36.920+0000] {processor.py:154} INFO - Started process (PID=2994) to work on /opt/airflow/dags/inside_group_dag.py
[2023-09-03T16:08:36.920+0000] {processor.py:756} INFO - Processing file /opt/airflow/dags/inside_group_dag.py for tasks to queue
[2023-09-03T16:08:36.921+0000] {logging_mixin.py:120} INFO - [2023-09-03T16:08:36.921+0000] {dagbag.py:537} INFO - Filling up the DagBag from /opt/airflow/dags/inside_group_dag.py
[2023-09-03T16:08:36.937+0000] {processor.py:766} INFO - DAG(s) dict_keys(['inside_group_dag']) retrieved from /opt/airflow/dags/inside_group_dag.py
[2023-09-03T16:08:36.968+0000] {logging_mixin.py:120} INFO - [2023-09-03T16:08:36.968+0000] {dag.py:2585} INFO - Sync 1 DAGs
[2023-09-03T16:08:36.984+0000] {logging_mixin.py:120} INFO - [2023-09-03T16:08:36.984+0000] {dag.py:3340} INFO - Setting next_dagrun for inside_group_dag to 2023-09-03T00:00:00+00:00, run_after=2023-09-04T00:00:00+00:00
[2023-09-03T16:08:36.993+0000] {processor.py:176} INFO - Processing /opt/airflow/dags/inside_group_dag.py took 0.077 seconds
[2023-09-03T16:09:07.234+0000] {processor.py:154} INFO - Started process (PID=3018) to work on /opt/airflow/dags/inside_group_dag.py
[2023-09-03T16:09:07.236+0000] {processor.py:756} INFO - Processing file /opt/airflow/dags/inside_group_dag.py for tasks to queue
[2023-09-03T16:09:07.237+0000] {logging_mixin.py:120} INFO - [2023-09-03T16:09:07.237+0000] {dagbag.py:537} INFO - Filling up the DagBag from /opt/airflow/dags/inside_group_dag.py
[2023-09-03T16:09:07.262+0000] {processor.py:766} INFO - DAG(s) dict_keys(['inside_group_dag']) retrieved from /opt/airflow/dags/inside_group_dag.py
[2023-09-03T16:09:07.292+0000] {logging_mixin.py:120} INFO - [2023-09-03T16:09:07.292+0000] {dag.py:2585} INFO - Sync 1 DAGs
[2023-09-03T16:09:07.306+0000] {logging_mixin.py:120} INFO - [2023-09-03T16:09:07.306+0000] {dag.py:3340} INFO - Setting next_dagrun for inside_group_dag to 2023-09-03T00:00:00+00:00, run_after=2023-09-04T00:00:00+00:00
[2023-09-03T16:09:07.315+0000] {processor.py:176} INFO - Processing /opt/airflow/dags/inside_group_dag.py took 0.086 seconds
[2023-09-03T16:09:37.944+0000] {processor.py:154} INFO - Started process (PID=3054) to work on /opt/airflow/dags/inside_group_dag.py
[2023-09-03T16:09:37.947+0000] {processor.py:756} INFO - Processing file /opt/airflow/dags/inside_group_dag.py for tasks to queue
[2023-09-03T16:09:37.948+0000] {logging_mixin.py:120} INFO - [2023-09-03T16:09:37.948+0000] {dagbag.py:537} INFO - Filling up the DagBag from /opt/airflow/dags/inside_group_dag.py
[2023-09-03T16:09:37.976+0000] {processor.py:766} INFO - DAG(s) dict_keys(['inside_group_dag']) retrieved from /opt/airflow/dags/inside_group_dag.py
[2023-09-03T16:09:38.007+0000] {logging_mixin.py:120} INFO - [2023-09-03T16:09:38.007+0000] {dag.py:2585} INFO - Sync 1 DAGs
[2023-09-03T16:09:38.021+0000] {logging_mixin.py:120} INFO - [2023-09-03T16:09:38.021+0000] {dag.py:3340} INFO - Setting next_dagrun for inside_group_dag to 2023-09-03T00:00:00+00:00, run_after=2023-09-04T00:00:00+00:00
[2023-09-03T16:09:38.030+0000] {processor.py:176} INFO - Processing /opt/airflow/dags/inside_group_dag.py took 0.093 seconds
[2023-09-03T16:10:08.565+0000] {processor.py:154} INFO - Started process (PID=3088) to work on /opt/airflow/dags/inside_group_dag.py
[2023-09-03T16:10:08.567+0000] {processor.py:756} INFO - Processing file /opt/airflow/dags/inside_group_dag.py for tasks to queue
[2023-09-03T16:10:08.568+0000] {logging_mixin.py:120} INFO - [2023-09-03T16:10:08.568+0000] {dagbag.py:537} INFO - Filling up the DagBag from /opt/airflow/dags/inside_group_dag.py
[2023-09-03T16:10:08.588+0000] {processor.py:766} INFO - DAG(s) dict_keys(['inside_group_dag']) retrieved from /opt/airflow/dags/inside_group_dag.py
[2023-09-03T16:10:08.615+0000] {logging_mixin.py:120} INFO - [2023-09-03T16:10:08.615+0000] {dag.py:2585} INFO - Sync 1 DAGs
[2023-09-03T16:10:08.629+0000] {logging_mixin.py:120} INFO - [2023-09-03T16:10:08.629+0000] {dag.py:3340} INFO - Setting next_dagrun for inside_group_dag to 2023-09-03T00:00:00+00:00, run_after=2023-09-04T00:00:00+00:00
[2023-09-03T16:10:08.638+0000] {processor.py:176} INFO - Processing /opt/airflow/dags/inside_group_dag.py took 0.078 seconds
[2023-09-03T16:10:39.278+0000] {processor.py:154} INFO - Started process (PID=3123) to work on /opt/airflow/dags/inside_group_dag.py
[2023-09-03T16:10:39.280+0000] {processor.py:756} INFO - Processing file /opt/airflow/dags/inside_group_dag.py for tasks to queue
[2023-09-03T16:10:39.281+0000] {logging_mixin.py:120} INFO - [2023-09-03T16:10:39.281+0000] {dagbag.py:537} INFO - Filling up the DagBag from /opt/airflow/dags/inside_group_dag.py
[2023-09-03T16:10:39.306+0000] {processor.py:766} INFO - DAG(s) dict_keys(['inside_group_dag']) retrieved from /opt/airflow/dags/inside_group_dag.py
[2023-09-03T16:10:39.335+0000] {logging_mixin.py:120} INFO - [2023-09-03T16:10:39.334+0000] {dag.py:2585} INFO - Sync 1 DAGs
[2023-09-03T16:10:39.348+0000] {logging_mixin.py:120} INFO - [2023-09-03T16:10:39.348+0000] {dag.py:3340} INFO - Setting next_dagrun for inside_group_dag to 2023-09-03T00:00:00+00:00, run_after=2023-09-04T00:00:00+00:00
[2023-09-03T16:10:39.356+0000] {processor.py:176} INFO - Processing /opt/airflow/dags/inside_group_dag.py took 0.083 seconds
[2023-09-03T16:11:09.551+0000] {processor.py:154} INFO - Started process (PID=3158) to work on /opt/airflow/dags/inside_group_dag.py
[2023-09-03T16:11:09.553+0000] {processor.py:756} INFO - Processing file /opt/airflow/dags/inside_group_dag.py for tasks to queue
[2023-09-03T16:11:09.553+0000] {logging_mixin.py:120} INFO - [2023-09-03T16:11:09.553+0000] {dagbag.py:537} INFO - Filling up the DagBag from /opt/airflow/dags/inside_group_dag.py
[2023-09-03T16:11:09.567+0000] {processor.py:766} INFO - DAG(s) dict_keys(['inside_group_dag']) retrieved from /opt/airflow/dags/inside_group_dag.py
[2023-09-03T16:11:09.592+0000] {logging_mixin.py:120} INFO - [2023-09-03T16:11:09.592+0000] {dag.py:2585} INFO - Sync 1 DAGs
[2023-09-03T16:11:09.605+0000] {logging_mixin.py:120} INFO - [2023-09-03T16:11:09.605+0000] {dag.py:3340} INFO - Setting next_dagrun for inside_group_dag to 2023-09-03T00:00:00+00:00, run_after=2023-09-04T00:00:00+00:00
[2023-09-03T16:11:09.614+0000] {processor.py:176} INFO - Processing /opt/airflow/dags/inside_group_dag.py took 0.066 seconds
[2023-09-03T16:11:39.829+0000] {processor.py:154} INFO - Started process (PID=3183) to work on /opt/airflow/dags/inside_group_dag.py
[2023-09-03T16:11:39.830+0000] {processor.py:756} INFO - Processing file /opt/airflow/dags/inside_group_dag.py for tasks to queue
[2023-09-03T16:11:39.831+0000] {logging_mixin.py:120} INFO - [2023-09-03T16:11:39.831+0000] {dagbag.py:537} INFO - Filling up the DagBag from /opt/airflow/dags/inside_group_dag.py
[2023-09-03T16:11:39.852+0000] {processor.py:766} INFO - DAG(s) dict_keys(['inside_group_dag']) retrieved from /opt/airflow/dags/inside_group_dag.py
[2023-09-03T16:11:39.880+0000] {logging_mixin.py:120} INFO - [2023-09-03T16:11:39.879+0000] {dag.py:2585} INFO - Sync 1 DAGs
[2023-09-03T16:11:39.893+0000] {logging_mixin.py:120} INFO - [2023-09-03T16:11:39.893+0000] {dag.py:3340} INFO - Setting next_dagrun for inside_group_dag to 2023-09-03T00:00:00+00:00, run_after=2023-09-04T00:00:00+00:00
[2023-09-03T16:11:39.902+0000] {processor.py:176} INFO - Processing /opt/airflow/dags/inside_group_dag.py took 0.078 seconds
[2023-09-03T16:12:10.184+0000] {processor.py:154} INFO - Started process (PID=3217) to work on /opt/airflow/dags/inside_group_dag.py
[2023-09-03T16:12:10.186+0000] {processor.py:756} INFO - Processing file /opt/airflow/dags/inside_group_dag.py for tasks to queue
[2023-09-03T16:12:10.186+0000] {logging_mixin.py:120} INFO - [2023-09-03T16:12:10.186+0000] {dagbag.py:537} INFO - Filling up the DagBag from /opt/airflow/dags/inside_group_dag.py
[2023-09-03T16:12:10.205+0000] {processor.py:766} INFO - DAG(s) dict_keys(['inside_group_dag']) retrieved from /opt/airflow/dags/inside_group_dag.py
[2023-09-03T16:12:10.232+0000] {logging_mixin.py:120} INFO - [2023-09-03T16:12:10.232+0000] {dag.py:2585} INFO - Sync 1 DAGs
[2023-09-03T16:12:10.247+0000] {logging_mixin.py:120} INFO - [2023-09-03T16:12:10.247+0000] {dag.py:3340} INFO - Setting next_dagrun for inside_group_dag to 2023-09-03T00:00:00+00:00, run_after=2023-09-04T00:00:00+00:00
[2023-09-03T16:12:10.255+0000] {processor.py:176} INFO - Processing /opt/airflow/dags/inside_group_dag.py took 0.075 seconds
[2023-09-03T16:12:40.882+0000] {processor.py:154} INFO - Started process (PID=3253) to work on /opt/airflow/dags/inside_group_dag.py
[2023-09-03T16:12:40.885+0000] {processor.py:756} INFO - Processing file /opt/airflow/dags/inside_group_dag.py for tasks to queue
[2023-09-03T16:12:40.886+0000] {logging_mixin.py:120} INFO - [2023-09-03T16:12:40.886+0000] {dagbag.py:537} INFO - Filling up the DagBag from /opt/airflow/dags/inside_group_dag.py
[2023-09-03T16:12:40.916+0000] {processor.py:766} INFO - DAG(s) dict_keys(['inside_group_dag']) retrieved from /opt/airflow/dags/inside_group_dag.py
[2023-09-03T16:12:40.980+0000] {logging_mixin.py:120} INFO - [2023-09-03T16:12:40.980+0000] {dag.py:2585} INFO - Sync 1 DAGs
[2023-09-03T16:12:41.003+0000] {logging_mixin.py:120} INFO - [2023-09-03T16:12:41.003+0000] {dag.py:3340} INFO - Setting next_dagrun for inside_group_dag to 2023-09-03T00:00:00+00:00, run_after=2023-09-04T00:00:00+00:00
[2023-09-03T16:12:41.015+0000] {processor.py:176} INFO - Processing /opt/airflow/dags/inside_group_dag.py took 0.141 seconds
[2023-09-03T16:13:11.514+0000] {processor.py:154} INFO - Started process (PID=3289) to work on /opt/airflow/dags/inside_group_dag.py
[2023-09-03T16:13:11.516+0000] {processor.py:756} INFO - Processing file /opt/airflow/dags/inside_group_dag.py for tasks to queue
[2023-09-03T16:13:11.517+0000] {logging_mixin.py:120} INFO - [2023-09-03T16:13:11.517+0000] {dagbag.py:537} INFO - Filling up the DagBag from /opt/airflow/dags/inside_group_dag.py
[2023-09-03T16:13:11.548+0000] {processor.py:766} INFO - DAG(s) dict_keys(['inside_group_dag']) retrieved from /opt/airflow/dags/inside_group_dag.py
[2023-09-03T16:13:11.621+0000] {logging_mixin.py:120} INFO - [2023-09-03T16:13:11.621+0000] {dag.py:2585} INFO - Sync 1 DAGs
[2023-09-03T16:13:11.643+0000] {logging_mixin.py:120} INFO - [2023-09-03T16:13:11.643+0000] {dag.py:3340} INFO - Setting next_dagrun for inside_group_dag to 2023-09-03T00:00:00+00:00, run_after=2023-09-04T00:00:00+00:00
[2023-09-03T16:13:11.656+0000] {processor.py:176} INFO - Processing /opt/airflow/dags/inside_group_dag.py took 0.149 seconds
[2023-09-03T16:13:42.146+0000] {processor.py:154} INFO - Started process (PID=3324) to work on /opt/airflow/dags/inside_group_dag.py
[2023-09-03T16:13:42.150+0000] {processor.py:756} INFO - Processing file /opt/airflow/dags/inside_group_dag.py for tasks to queue
[2023-09-03T16:13:42.151+0000] {logging_mixin.py:120} INFO - [2023-09-03T16:13:42.151+0000] {dagbag.py:537} INFO - Filling up the DagBag from /opt/airflow/dags/inside_group_dag.py
[2023-09-03T16:13:42.195+0000] {processor.py:766} INFO - DAG(s) dict_keys(['inside_group_dag']) retrieved from /opt/airflow/dags/inside_group_dag.py
[2023-09-03T16:13:42.242+0000] {logging_mixin.py:120} INFO - [2023-09-03T16:13:42.242+0000] {dag.py:2585} INFO - Sync 1 DAGs
[2023-09-03T16:13:42.259+0000] {logging_mixin.py:120} INFO - [2023-09-03T16:13:42.259+0000] {dag.py:3340} INFO - Setting next_dagrun for inside_group_dag to 2023-09-03T00:00:00+00:00, run_after=2023-09-04T00:00:00+00:00
[2023-09-03T16:13:42.270+0000] {processor.py:176} INFO - Processing /opt/airflow/dags/inside_group_dag.py took 0.139 seconds
[2023-09-03T16:14:12.429+0000] {processor.py:154} INFO - Started process (PID=3357) to work on /opt/airflow/dags/inside_group_dag.py
[2023-09-03T16:14:12.431+0000] {processor.py:756} INFO - Processing file /opt/airflow/dags/inside_group_dag.py for tasks to queue
[2023-09-03T16:14:12.431+0000] {logging_mixin.py:120} INFO - [2023-09-03T16:14:12.431+0000] {dagbag.py:537} INFO - Filling up the DagBag from /opt/airflow/dags/inside_group_dag.py
[2023-09-03T16:14:12.445+0000] {processor.py:766} INFO - DAG(s) dict_keys(['inside_group_dag']) retrieved from /opt/airflow/dags/inside_group_dag.py
[2023-09-03T16:14:12.471+0000] {logging_mixin.py:120} INFO - [2023-09-03T16:14:12.471+0000] {dag.py:2585} INFO - Sync 1 DAGs
[2023-09-03T16:14:12.487+0000] {logging_mixin.py:120} INFO - [2023-09-03T16:14:12.487+0000] {dag.py:3340} INFO - Setting next_dagrun for inside_group_dag to 2023-09-03T00:00:00+00:00, run_after=2023-09-04T00:00:00+00:00
[2023-09-03T16:14:12.497+0000] {processor.py:176} INFO - Processing /opt/airflow/dags/inside_group_dag.py took 0.070 seconds
[2023-09-03T16:14:42.920+0000] {processor.py:154} INFO - Started process (PID=3384) to work on /opt/airflow/dags/inside_group_dag.py
[2023-09-03T16:14:42.922+0000] {processor.py:756} INFO - Processing file /opt/airflow/dags/inside_group_dag.py for tasks to queue
[2023-09-03T16:14:42.924+0000] {logging_mixin.py:120} INFO - [2023-09-03T16:14:42.923+0000] {dagbag.py:537} INFO - Filling up the DagBag from /opt/airflow/dags/inside_group_dag.py
[2023-09-03T16:14:42.951+0000] {processor.py:766} INFO - DAG(s) dict_keys(['inside_group_dag']) retrieved from /opt/airflow/dags/inside_group_dag.py
[2023-09-03T16:14:42.985+0000] {logging_mixin.py:120} INFO - [2023-09-03T16:14:42.985+0000] {dag.py:2585} INFO - Sync 1 DAGs
[2023-09-03T16:14:42.999+0000] {logging_mixin.py:120} INFO - [2023-09-03T16:14:42.999+0000] {dag.py:3340} INFO - Setting next_dagrun for inside_group_dag to 2023-09-03T00:00:00+00:00, run_after=2023-09-04T00:00:00+00:00
[2023-09-03T16:14:43.008+0000] {processor.py:176} INFO - Processing /opt/airflow/dags/inside_group_dag.py took 0.092 seconds
[2023-09-03T16:15:13.215+0000] {processor.py:154} INFO - Started process (PID=3418) to work on /opt/airflow/dags/inside_group_dag.py
[2023-09-03T16:15:13.217+0000] {processor.py:756} INFO - Processing file /opt/airflow/dags/inside_group_dag.py for tasks to queue
[2023-09-03T16:15:13.218+0000] {logging_mixin.py:120} INFO - [2023-09-03T16:15:13.218+0000] {dagbag.py:537} INFO - Filling up the DagBag from /opt/airflow/dags/inside_group_dag.py
[2023-09-03T16:15:13.240+0000] {processor.py:766} INFO - DAG(s) dict_keys(['inside_group_dag']) retrieved from /opt/airflow/dags/inside_group_dag.py
[2023-09-03T16:15:13.267+0000] {logging_mixin.py:120} INFO - [2023-09-03T16:15:13.267+0000] {dag.py:2585} INFO - Sync 1 DAGs
[2023-09-03T16:15:13.293+0000] {logging_mixin.py:120} INFO - [2023-09-03T16:15:13.292+0000] {dag.py:3340} INFO - Setting next_dagrun for inside_group_dag to 2023-09-03T00:00:00+00:00, run_after=2023-09-04T00:00:00+00:00
[2023-09-03T16:15:13.310+0000] {processor.py:176} INFO - Processing /opt/airflow/dags/inside_group_dag.py took 0.100 seconds
[2023-09-03T16:15:43.481+0000] {processor.py:154} INFO - Started process (PID=3453) to work on /opt/airflow/dags/inside_group_dag.py
[2023-09-03T16:15:43.484+0000] {processor.py:756} INFO - Processing file /opt/airflow/dags/inside_group_dag.py for tasks to queue
[2023-09-03T16:15:43.485+0000] {logging_mixin.py:120} INFO - [2023-09-03T16:15:43.485+0000] {dagbag.py:537} INFO - Filling up the DagBag from /opt/airflow/dags/inside_group_dag.py
[2023-09-03T16:15:43.512+0000] {processor.py:766} INFO - DAG(s) dict_keys(['inside_group_dag']) retrieved from /opt/airflow/dags/inside_group_dag.py
[2023-09-03T16:15:43.545+0000] {logging_mixin.py:120} INFO - [2023-09-03T16:15:43.545+0000] {dag.py:2585} INFO - Sync 1 DAGs
[2023-09-03T16:15:43.560+0000] {logging_mixin.py:120} INFO - [2023-09-03T16:15:43.560+0000] {dag.py:3340} INFO - Setting next_dagrun for inside_group_dag to 2023-09-03T00:00:00+00:00, run_after=2023-09-04T00:00:00+00:00
[2023-09-03T16:15:43.572+0000] {processor.py:176} INFO - Processing /opt/airflow/dags/inside_group_dag.py took 0.096 seconds
[2023-09-03T16:16:13.865+0000] {processor.py:154} INFO - Started process (PID=3489) to work on /opt/airflow/dags/inside_group_dag.py
[2023-09-03T16:16:13.868+0000] {processor.py:756} INFO - Processing file /opt/airflow/dags/inside_group_dag.py for tasks to queue
[2023-09-03T16:16:13.868+0000] {logging_mixin.py:120} INFO - [2023-09-03T16:16:13.868+0000] {dagbag.py:537} INFO - Filling up the DagBag from /opt/airflow/dags/inside_group_dag.py
[2023-09-03T16:16:13.893+0000] {processor.py:766} INFO - DAG(s) dict_keys(['inside_group_dag']) retrieved from /opt/airflow/dags/inside_group_dag.py
[2023-09-03T16:16:13.924+0000] {logging_mixin.py:120} INFO - [2023-09-03T16:16:13.923+0000] {dag.py:2585} INFO - Sync 1 DAGs
[2023-09-03T16:16:13.941+0000] {logging_mixin.py:120} INFO - [2023-09-03T16:16:13.941+0000] {dag.py:3340} INFO - Setting next_dagrun for inside_group_dag to 2023-09-03T00:00:00+00:00, run_after=2023-09-04T00:00:00+00:00
[2023-09-03T16:16:13.952+0000] {processor.py:176} INFO - Processing /opt/airflow/dags/inside_group_dag.py took 0.093 seconds
[2023-09-03T16:16:44.066+0000] {processor.py:154} INFO - Started process (PID=3523) to work on /opt/airflow/dags/inside_group_dag.py
[2023-09-03T16:16:44.069+0000] {processor.py:756} INFO - Processing file /opt/airflow/dags/inside_group_dag.py for tasks to queue
[2023-09-03T16:16:44.070+0000] {logging_mixin.py:120} INFO - [2023-09-03T16:16:44.070+0000] {dagbag.py:537} INFO - Filling up the DagBag from /opt/airflow/dags/inside_group_dag.py
[2023-09-03T16:16:44.088+0000] {processor.py:766} INFO - DAG(s) dict_keys(['inside_group_dag']) retrieved from /opt/airflow/dags/inside_group_dag.py
[2023-09-03T16:16:44.125+0000] {logging_mixin.py:120} INFO - [2023-09-03T16:16:44.125+0000] {dag.py:2585} INFO - Sync 1 DAGs
[2023-09-03T16:16:44.143+0000] {logging_mixin.py:120} INFO - [2023-09-03T16:16:44.143+0000] {dag.py:3340} INFO - Setting next_dagrun for inside_group_dag to 2023-09-03T00:00:00+00:00, run_after=2023-09-04T00:00:00+00:00
[2023-09-03T16:16:44.153+0000] {processor.py:176} INFO - Processing /opt/airflow/dags/inside_group_dag.py took 0.090 seconds
[2023-09-03T16:17:14.222+0000] {processor.py:154} INFO - Started process (PID=3549) to work on /opt/airflow/dags/inside_group_dag.py
[2023-09-03T16:17:14.225+0000] {processor.py:756} INFO - Processing file /opt/airflow/dags/inside_group_dag.py for tasks to queue
[2023-09-03T16:17:14.226+0000] {logging_mixin.py:120} INFO - [2023-09-03T16:17:14.225+0000] {dagbag.py:537} INFO - Filling up the DagBag from /opt/airflow/dags/inside_group_dag.py
[2023-09-03T16:17:14.249+0000] {processor.py:766} INFO - DAG(s) dict_keys(['inside_group_dag']) retrieved from /opt/airflow/dags/inside_group_dag.py
[2023-09-03T16:17:14.278+0000] {logging_mixin.py:120} INFO - [2023-09-03T16:17:14.278+0000] {dag.py:2585} INFO - Sync 1 DAGs
[2023-09-03T16:17:14.291+0000] {logging_mixin.py:120} INFO - [2023-09-03T16:17:14.291+0000] {dag.py:3340} INFO - Setting next_dagrun for inside_group_dag to 2023-09-03T00:00:00+00:00, run_after=2023-09-04T00:00:00+00:00
[2023-09-03T16:17:14.300+0000] {processor.py:176} INFO - Processing /opt/airflow/dags/inside_group_dag.py took 0.083 seconds
[2023-09-03T16:17:44.803+0000] {processor.py:154} INFO - Started process (PID=3582) to work on /opt/airflow/dags/inside_group_dag.py
[2023-09-03T16:17:44.805+0000] {processor.py:756} INFO - Processing file /opt/airflow/dags/inside_group_dag.py for tasks to queue
[2023-09-03T16:17:44.806+0000] {logging_mixin.py:120} INFO - [2023-09-03T16:17:44.806+0000] {dagbag.py:537} INFO - Filling up the DagBag from /opt/airflow/dags/inside_group_dag.py
[2023-09-03T16:17:44.829+0000] {processor.py:766} INFO - DAG(s) dict_keys(['inside_group_dag']) retrieved from /opt/airflow/dags/inside_group_dag.py
[2023-09-03T16:17:44.858+0000] {logging_mixin.py:120} INFO - [2023-09-03T16:17:44.858+0000] {dag.py:2585} INFO - Sync 1 DAGs
[2023-09-03T16:17:44.871+0000] {logging_mixin.py:120} INFO - [2023-09-03T16:17:44.871+0000] {dag.py:3340} INFO - Setting next_dagrun for inside_group_dag to 2023-09-03T00:00:00+00:00, run_after=2023-09-04T00:00:00+00:00
[2023-09-03T16:17:44.880+0000] {processor.py:176} INFO - Processing /opt/airflow/dags/inside_group_dag.py took 0.082 seconds
[2023-09-03T16:18:14.946+0000] {processor.py:154} INFO - Started process (PID=3616) to work on /opt/airflow/dags/inside_group_dag.py
[2023-09-03T16:18:14.948+0000] {processor.py:756} INFO - Processing file /opt/airflow/dags/inside_group_dag.py for tasks to queue
[2023-09-03T16:18:14.949+0000] {logging_mixin.py:120} INFO - [2023-09-03T16:18:14.949+0000] {dagbag.py:537} INFO - Filling up the DagBag from /opt/airflow/dags/inside_group_dag.py
[2023-09-03T16:18:14.974+0000] {processor.py:766} INFO - DAG(s) dict_keys(['inside_group_dag']) retrieved from /opt/airflow/dags/inside_group_dag.py
[2023-09-03T16:18:15.003+0000] {logging_mixin.py:120} INFO - [2023-09-03T16:18:15.003+0000] {dag.py:2585} INFO - Sync 1 DAGs
[2023-09-03T16:18:15.017+0000] {logging_mixin.py:120} INFO - [2023-09-03T16:18:15.017+0000] {dag.py:3340} INFO - Setting next_dagrun for inside_group_dag to 2023-09-03T00:00:00+00:00, run_after=2023-09-04T00:00:00+00:00
[2023-09-03T16:18:15.026+0000] {processor.py:176} INFO - Processing /opt/airflow/dags/inside_group_dag.py took 0.085 seconds
[2023-09-03T16:18:45.673+0000] {processor.py:154} INFO - Started process (PID=3650) to work on /opt/airflow/dags/inside_group_dag.py
[2023-09-03T16:18:45.675+0000] {processor.py:756} INFO - Processing file /opt/airflow/dags/inside_group_dag.py for tasks to queue
[2023-09-03T16:18:45.676+0000] {logging_mixin.py:120} INFO - [2023-09-03T16:18:45.675+0000] {dagbag.py:537} INFO - Filling up the DagBag from /opt/airflow/dags/inside_group_dag.py
[2023-09-03T16:18:45.696+0000] {processor.py:766} INFO - DAG(s) dict_keys(['inside_group_dag']) retrieved from /opt/airflow/dags/inside_group_dag.py
[2023-09-03T16:18:45.724+0000] {logging_mixin.py:120} INFO - [2023-09-03T16:18:45.723+0000] {dag.py:2585} INFO - Sync 1 DAGs
[2023-09-03T16:18:45.737+0000] {logging_mixin.py:120} INFO - [2023-09-03T16:18:45.737+0000] {dag.py:3340} INFO - Setting next_dagrun for inside_group_dag to 2023-09-03T00:00:00+00:00, run_after=2023-09-04T00:00:00+00:00
[2023-09-03T16:18:45.745+0000] {processor.py:176} INFO - Processing /opt/airflow/dags/inside_group_dag.py took 0.076 seconds
[2023-09-03T16:19:15.811+0000] {processor.py:154} INFO - Started process (PID=3686) to work on /opt/airflow/dags/inside_group_dag.py
[2023-09-03T16:19:15.811+0000] {processor.py:756} INFO - Processing file /opt/airflow/dags/inside_group_dag.py for tasks to queue
[2023-09-03T16:19:15.812+0000] {logging_mixin.py:120} INFO - [2023-09-03T16:19:15.812+0000] {dagbag.py:537} INFO - Filling up the DagBag from /opt/airflow/dags/inside_group_dag.py
[2023-09-03T16:19:15.823+0000] {processor.py:766} INFO - DAG(s) dict_keys(['inside_group_dag']) retrieved from /opt/airflow/dags/inside_group_dag.py
[2023-09-03T16:19:15.846+0000] {logging_mixin.py:120} INFO - [2023-09-03T16:19:15.846+0000] {dag.py:2585} INFO - Sync 1 DAGs
[2023-09-03T16:19:15.859+0000] {logging_mixin.py:120} INFO - [2023-09-03T16:19:15.859+0000] {dag.py:3340} INFO - Setting next_dagrun for inside_group_dag to 2023-09-03T00:00:00+00:00, run_after=2023-09-04T00:00:00+00:00
[2023-09-03T16:19:15.867+0000] {processor.py:176} INFO - Processing /opt/airflow/dags/inside_group_dag.py took 0.059 seconds
[2023-09-03T16:19:46.045+0000] {processor.py:154} INFO - Started process (PID=3712) to work on /opt/airflow/dags/inside_group_dag.py
[2023-09-03T16:19:46.046+0000] {processor.py:756} INFO - Processing file /opt/airflow/dags/inside_group_dag.py for tasks to queue
[2023-09-03T16:19:46.047+0000] {logging_mixin.py:120} INFO - [2023-09-03T16:19:46.047+0000] {dagbag.py:537} INFO - Filling up the DagBag from /opt/airflow/dags/inside_group_dag.py
[2023-09-03T16:19:46.070+0000] {processor.py:766} INFO - DAG(s) dict_keys(['inside_group_dag']) retrieved from /opt/airflow/dags/inside_group_dag.py
[2023-09-03T16:19:46.098+0000] {logging_mixin.py:120} INFO - [2023-09-03T16:19:46.098+0000] {dag.py:2585} INFO - Sync 1 DAGs
[2023-09-03T16:19:46.111+0000] {logging_mixin.py:120} INFO - [2023-09-03T16:19:46.111+0000] {dag.py:3340} INFO - Setting next_dagrun for inside_group_dag to 2023-09-03T00:00:00+00:00, run_after=2023-09-04T00:00:00+00:00
[2023-09-03T16:19:46.119+0000] {processor.py:176} INFO - Processing /opt/airflow/dags/inside_group_dag.py took 0.082 seconds
[2023-09-03T16:20:16.329+0000] {processor.py:154} INFO - Started process (PID=3746) to work on /opt/airflow/dags/inside_group_dag.py
[2023-09-03T16:20:16.331+0000] {processor.py:756} INFO - Processing file /opt/airflow/dags/inside_group_dag.py for tasks to queue
[2023-09-03T16:20:16.332+0000] {logging_mixin.py:120} INFO - [2023-09-03T16:20:16.332+0000] {dagbag.py:537} INFO - Filling up the DagBag from /opt/airflow/dags/inside_group_dag.py
[2023-09-03T16:20:16.359+0000] {processor.py:766} INFO - DAG(s) dict_keys(['inside_group_dag']) retrieved from /opt/airflow/dags/inside_group_dag.py
[2023-09-03T16:20:16.391+0000] {logging_mixin.py:120} INFO - [2023-09-03T16:20:16.391+0000] {dag.py:2585} INFO - Sync 1 DAGs
[2023-09-03T16:20:16.405+0000] {logging_mixin.py:120} INFO - [2023-09-03T16:20:16.405+0000] {dag.py:3340} INFO - Setting next_dagrun for inside_group_dag to 2023-09-03T00:00:00+00:00, run_after=2023-09-04T00:00:00+00:00
[2023-09-03T16:20:16.416+0000] {processor.py:176} INFO - Processing /opt/airflow/dags/inside_group_dag.py took 0.093 seconds
[2023-09-03T16:20:46.577+0000] {processor.py:154} INFO - Started process (PID=3781) to work on /opt/airflow/dags/inside_group_dag.py
[2023-09-03T16:20:46.579+0000] {processor.py:756} INFO - Processing file /opt/airflow/dags/inside_group_dag.py for tasks to queue
[2023-09-03T16:20:46.580+0000] {logging_mixin.py:120} INFO - [2023-09-03T16:20:46.580+0000] {dagbag.py:537} INFO - Filling up the DagBag from /opt/airflow/dags/inside_group_dag.py
[2023-09-03T16:20:46.611+0000] {processor.py:766} INFO - DAG(s) dict_keys(['inside_group_dag']) retrieved from /opt/airflow/dags/inside_group_dag.py
[2023-09-03T16:20:46.643+0000] {logging_mixin.py:120} INFO - [2023-09-03T16:20:46.643+0000] {dag.py:2585} INFO - Sync 1 DAGs
[2023-09-03T16:20:46.658+0000] {logging_mixin.py:120} INFO - [2023-09-03T16:20:46.658+0000] {dag.py:3340} INFO - Setting next_dagrun for inside_group_dag to 2023-09-03T00:00:00+00:00, run_after=2023-09-04T00:00:00+00:00
[2023-09-03T16:20:46.668+0000] {processor.py:176} INFO - Processing /opt/airflow/dags/inside_group_dag.py took 0.097 seconds
[2023-09-03T16:21:16.853+0000] {processor.py:154} INFO - Started process (PID=3816) to work on /opt/airflow/dags/inside_group_dag.py
[2023-09-03T16:21:16.855+0000] {processor.py:756} INFO - Processing file /opt/airflow/dags/inside_group_dag.py for tasks to queue
[2023-09-03T16:21:16.856+0000] {logging_mixin.py:120} INFO - [2023-09-03T16:21:16.856+0000] {dagbag.py:537} INFO - Filling up the DagBag from /opt/airflow/dags/inside_group_dag.py
[2023-09-03T16:21:16.874+0000] {processor.py:766} INFO - DAG(s) dict_keys(['inside_group_dag']) retrieved from /opt/airflow/dags/inside_group_dag.py
[2023-09-03T16:21:16.902+0000] {logging_mixin.py:120} INFO - [2023-09-03T16:21:16.902+0000] {dag.py:2585} INFO - Sync 1 DAGs
[2023-09-03T16:21:16.918+0000] {logging_mixin.py:120} INFO - [2023-09-03T16:21:16.918+0000] {dag.py:3340} INFO - Setting next_dagrun for inside_group_dag to 2023-09-03T00:00:00+00:00, run_after=2023-09-04T00:00:00+00:00
[2023-09-03T16:21:16.927+0000] {processor.py:176} INFO - Processing /opt/airflow/dags/inside_group_dag.py took 0.079 seconds
[2023-09-03T16:21:47.075+0000] {processor.py:154} INFO - Started process (PID=3851) to work on /opt/airflow/dags/inside_group_dag.py
[2023-09-03T16:21:47.078+0000] {processor.py:756} INFO - Processing file /opt/airflow/dags/inside_group_dag.py for tasks to queue
[2023-09-03T16:21:47.079+0000] {logging_mixin.py:120} INFO - [2023-09-03T16:21:47.079+0000] {dagbag.py:537} INFO - Filling up the DagBag from /opt/airflow/dags/inside_group_dag.py
[2023-09-03T16:21:47.113+0000] {processor.py:766} INFO - DAG(s) dict_keys(['inside_group_dag']) retrieved from /opt/airflow/dags/inside_group_dag.py
[2023-09-03T16:21:47.146+0000] {logging_mixin.py:120} INFO - [2023-09-03T16:21:47.146+0000] {dag.py:2585} INFO - Sync 1 DAGs
[2023-09-03T16:21:47.164+0000] {logging_mixin.py:120} INFO - [2023-09-03T16:21:47.164+0000] {dag.py:3340} INFO - Setting next_dagrun for inside_group_dag to 2023-09-03T00:00:00+00:00, run_after=2023-09-04T00:00:00+00:00
[2023-09-03T16:21:47.174+0000] {processor.py:176} INFO - Processing /opt/airflow/dags/inside_group_dag.py took 0.106 seconds
[2023-09-03T16:22:17.325+0000] {processor.py:154} INFO - Started process (PID=3876) to work on /opt/airflow/dags/inside_group_dag.py
[2023-09-03T16:22:17.328+0000] {processor.py:756} INFO - Processing file /opt/airflow/dags/inside_group_dag.py for tasks to queue
[2023-09-03T16:22:17.329+0000] {logging_mixin.py:120} INFO - [2023-09-03T16:22:17.329+0000] {dagbag.py:537} INFO - Filling up the DagBag from /opt/airflow/dags/inside_group_dag.py
[2023-09-03T16:22:17.359+0000] {processor.py:766} INFO - DAG(s) dict_keys(['inside_group_dag']) retrieved from /opt/airflow/dags/inside_group_dag.py
[2023-09-03T16:22:17.392+0000] {logging_mixin.py:120} INFO - [2023-09-03T16:22:17.392+0000] {dag.py:2585} INFO - Sync 1 DAGs
[2023-09-03T16:22:17.406+0000] {logging_mixin.py:120} INFO - [2023-09-03T16:22:17.405+0000] {dag.py:3340} INFO - Setting next_dagrun for inside_group_dag to 2023-09-03T00:00:00+00:00, run_after=2023-09-04T00:00:00+00:00
[2023-09-03T16:22:17.415+0000] {processor.py:176} INFO - Processing /opt/airflow/dags/inside_group_dag.py took 0.098 seconds
[2023-09-03T16:22:47.578+0000] {processor.py:154} INFO - Started process (PID=3910) to work on /opt/airflow/dags/inside_group_dag.py
[2023-09-03T16:22:47.581+0000] {processor.py:756} INFO - Processing file /opt/airflow/dags/inside_group_dag.py for tasks to queue
[2023-09-03T16:22:47.582+0000] {logging_mixin.py:120} INFO - [2023-09-03T16:22:47.582+0000] {dagbag.py:537} INFO - Filling up the DagBag from /opt/airflow/dags/inside_group_dag.py
[2023-09-03T16:22:47.613+0000] {processor.py:766} INFO - DAG(s) dict_keys(['inside_group_dag']) retrieved from /opt/airflow/dags/inside_group_dag.py
[2023-09-03T16:22:47.646+0000] {logging_mixin.py:120} INFO - [2023-09-03T16:22:47.646+0000] {dag.py:2585} INFO - Sync 1 DAGs
[2023-09-03T16:22:47.662+0000] {logging_mixin.py:120} INFO - [2023-09-03T16:22:47.661+0000] {dag.py:3340} INFO - Setting next_dagrun for inside_group_dag to 2023-09-03T00:00:00+00:00, run_after=2023-09-04T00:00:00+00:00
[2023-09-03T16:22:47.671+0000] {processor.py:176} INFO - Processing /opt/airflow/dags/inside_group_dag.py took 0.103 seconds
[2023-09-03T16:23:17.924+0000] {processor.py:154} INFO - Started process (PID=3947) to work on /opt/airflow/dags/inside_group_dag.py
[2023-09-03T16:23:17.926+0000] {processor.py:756} INFO - Processing file /opt/airflow/dags/inside_group_dag.py for tasks to queue
[2023-09-03T16:23:17.927+0000] {logging_mixin.py:120} INFO - [2023-09-03T16:23:17.927+0000] {dagbag.py:537} INFO - Filling up the DagBag from /opt/airflow/dags/inside_group_dag.py
[2023-09-03T16:23:17.977+0000] {processor.py:766} INFO - DAG(s) dict_keys(['inside_group_dag']) retrieved from /opt/airflow/dags/inside_group_dag.py
[2023-09-03T16:23:18.016+0000] {logging_mixin.py:120} INFO - [2023-09-03T16:23:18.016+0000] {dag.py:2585} INFO - Sync 1 DAGs
[2023-09-03T16:23:18.034+0000] {logging_mixin.py:120} INFO - [2023-09-03T16:23:18.034+0000] {dag.py:3340} INFO - Setting next_dagrun for inside_group_dag to 2023-09-03T00:00:00+00:00, run_after=2023-09-04T00:00:00+00:00
[2023-09-03T16:23:18.050+0000] {processor.py:176} INFO - Processing /opt/airflow/dags/inside_group_dag.py took 0.140 seconds
[2023-09-03T16:23:48.354+0000] {processor.py:154} INFO - Started process (PID=3981) to work on /opt/airflow/dags/inside_group_dag.py
[2023-09-03T16:23:48.357+0000] {processor.py:756} INFO - Processing file /opt/airflow/dags/inside_group_dag.py for tasks to queue
[2023-09-03T16:23:48.359+0000] {logging_mixin.py:120} INFO - [2023-09-03T16:23:48.359+0000] {dagbag.py:537} INFO - Filling up the DagBag from /opt/airflow/dags/inside_group_dag.py
[2023-09-03T16:23:48.382+0000] {processor.py:766} INFO - DAG(s) dict_keys(['inside_group_dag']) retrieved from /opt/airflow/dags/inside_group_dag.py
[2023-09-03T16:23:48.410+0000] {logging_mixin.py:120} INFO - [2023-09-03T16:23:48.410+0000] {dag.py:2585} INFO - Sync 1 DAGs
[2023-09-03T16:23:48.424+0000] {logging_mixin.py:120} INFO - [2023-09-03T16:23:48.424+0000] {dag.py:3340} INFO - Setting next_dagrun for inside_group_dag to 2023-09-03T00:00:00+00:00, run_after=2023-09-04T00:00:00+00:00
[2023-09-03T16:23:48.434+0000] {processor.py:176} INFO - Processing /opt/airflow/dags/inside_group_dag.py took 0.089 seconds
[2023-09-03T16:24:18.563+0000] {processor.py:154} INFO - Started process (PID=4018) to work on /opt/airflow/dags/inside_group_dag.py
[2023-09-03T16:24:18.565+0000] {processor.py:756} INFO - Processing file /opt/airflow/dags/inside_group_dag.py for tasks to queue
[2023-09-03T16:24:18.565+0000] {logging_mixin.py:120} INFO - [2023-09-03T16:24:18.565+0000] {dagbag.py:537} INFO - Filling up the DagBag from /opt/airflow/dags/inside_group_dag.py
[2023-09-03T16:24:18.579+0000] {processor.py:766} INFO - DAG(s) dict_keys(['inside_group_dag']) retrieved from /opt/airflow/dags/inside_group_dag.py
[2023-09-03T16:24:18.604+0000] {logging_mixin.py:120} INFO - [2023-09-03T16:24:18.603+0000] {dag.py:2585} INFO - Sync 1 DAGs
[2023-09-03T16:24:18.618+0000] {logging_mixin.py:120} INFO - [2023-09-03T16:24:18.618+0000] {dag.py:3340} INFO - Setting next_dagrun for inside_group_dag to 2023-09-03T00:00:00+00:00, run_after=2023-09-04T00:00:00+00:00
[2023-09-03T16:24:18.626+0000] {processor.py:176} INFO - Processing /opt/airflow/dags/inside_group_dag.py took 0.066 seconds
[2023-09-03T16:24:49.015+0000] {processor.py:154} INFO - Started process (PID=4044) to work on /opt/airflow/dags/inside_group_dag.py
[2023-09-03T16:24:49.017+0000] {processor.py:756} INFO - Processing file /opt/airflow/dags/inside_group_dag.py for tasks to queue
[2023-09-03T16:24:49.018+0000] {logging_mixin.py:120} INFO - [2023-09-03T16:24:49.018+0000] {dagbag.py:537} INFO - Filling up the DagBag from /opt/airflow/dags/inside_group_dag.py
[2023-09-03T16:24:49.045+0000] {processor.py:766} INFO - DAG(s) dict_keys(['inside_group_dag']) retrieved from /opt/airflow/dags/inside_group_dag.py
[2023-09-03T16:24:49.102+0000] {logging_mixin.py:120} INFO - [2023-09-03T16:24:49.102+0000] {dag.py:2585} INFO - Sync 1 DAGs
[2023-09-03T16:24:49.121+0000] {logging_mixin.py:120} INFO - [2023-09-03T16:24:49.121+0000] {dag.py:3340} INFO - Setting next_dagrun for inside_group_dag to 2023-09-03T00:00:00+00:00, run_after=2023-09-04T00:00:00+00:00
[2023-09-03T16:24:49.141+0000] {processor.py:176} INFO - Processing /opt/airflow/dags/inside_group_dag.py took 0.132 seconds
[2023-09-03T16:25:19.643+0000] {processor.py:154} INFO - Started process (PID=4079) to work on /opt/airflow/dags/inside_group_dag.py
[2023-09-03T16:25:19.644+0000] {processor.py:756} INFO - Processing file /opt/airflow/dags/inside_group_dag.py for tasks to queue
[2023-09-03T16:25:19.645+0000] {logging_mixin.py:120} INFO - [2023-09-03T16:25:19.645+0000] {dagbag.py:537} INFO - Filling up the DagBag from /opt/airflow/dags/inside_group_dag.py
[2023-09-03T16:25:19.666+0000] {processor.py:766} INFO - DAG(s) dict_keys(['inside_group_dag']) retrieved from /opt/airflow/dags/inside_group_dag.py
[2023-09-03T16:25:19.694+0000] {logging_mixin.py:120} INFO - [2023-09-03T16:25:19.694+0000] {dag.py:2585} INFO - Sync 1 DAGs
[2023-09-03T16:25:19.708+0000] {logging_mixin.py:120} INFO - [2023-09-03T16:25:19.708+0000] {dag.py:3340} INFO - Setting next_dagrun for inside_group_dag to 2023-09-03T00:00:00+00:00, run_after=2023-09-04T00:00:00+00:00
[2023-09-03T16:25:19.716+0000] {processor.py:176} INFO - Processing /opt/airflow/dags/inside_group_dag.py took 0.077 seconds
[2023-09-03T16:25:49.754+0000] {processor.py:154} INFO - Started process (PID=4112) to work on /opt/airflow/dags/inside_group_dag.py
[2023-09-03T16:25:49.755+0000] {processor.py:756} INFO - Processing file /opt/airflow/dags/inside_group_dag.py for tasks to queue
[2023-09-03T16:25:49.755+0000] {logging_mixin.py:120} INFO - [2023-09-03T16:25:49.755+0000] {dagbag.py:537} INFO - Filling up the DagBag from /opt/airflow/dags/inside_group_dag.py
[2023-09-03T16:25:49.768+0000] {processor.py:766} INFO - DAG(s) dict_keys(['inside_group_dag']) retrieved from /opt/airflow/dags/inside_group_dag.py
[2023-09-03T16:25:49.794+0000] {logging_mixin.py:120} INFO - [2023-09-03T16:25:49.794+0000] {dag.py:2585} INFO - Sync 1 DAGs
[2023-09-03T16:25:49.807+0000] {logging_mixin.py:120} INFO - [2023-09-03T16:25:49.807+0000] {dag.py:3340} INFO - Setting next_dagrun for inside_group_dag to 2023-09-03T00:00:00+00:00, run_after=2023-09-04T00:00:00+00:00
[2023-09-03T16:25:49.816+0000] {processor.py:176} INFO - Processing /opt/airflow/dags/inside_group_dag.py took 0.064 seconds
[2023-09-03T16:26:20.558+0000] {processor.py:154} INFO - Started process (PID=4144) to work on /opt/airflow/dags/inside_group_dag.py
[2023-09-03T16:26:20.560+0000] {processor.py:756} INFO - Processing file /opt/airflow/dags/inside_group_dag.py for tasks to queue
[2023-09-03T16:26:20.561+0000] {logging_mixin.py:120} INFO - [2023-09-03T16:26:20.561+0000] {dagbag.py:537} INFO - Filling up the DagBag from /opt/airflow/dags/inside_group_dag.py
[2023-09-03T16:26:20.586+0000] {processor.py:766} INFO - DAG(s) dict_keys(['inside_group_dag']) retrieved from /opt/airflow/dags/inside_group_dag.py
[2023-09-03T16:26:20.622+0000] {logging_mixin.py:120} INFO - [2023-09-03T16:26:20.622+0000] {dag.py:2585} INFO - Sync 1 DAGs
[2023-09-03T16:26:20.642+0000] {logging_mixin.py:120} INFO - [2023-09-03T16:26:20.642+0000] {dag.py:3340} INFO - Setting next_dagrun for inside_group_dag to 2023-09-03T00:00:00+00:00, run_after=2023-09-04T00:00:00+00:00
[2023-09-03T16:26:20.660+0000] {processor.py:176} INFO - Processing /opt/airflow/dags/inside_group_dag.py took 0.108 seconds
[2023-09-03T16:26:50.922+0000] {processor.py:154} INFO - Started process (PID=4178) to work on /opt/airflow/dags/inside_group_dag.py
[2023-09-03T16:26:50.924+0000] {processor.py:756} INFO - Processing file /opt/airflow/dags/inside_group_dag.py for tasks to queue
[2023-09-03T16:26:50.924+0000] {logging_mixin.py:120} INFO - [2023-09-03T16:26:50.924+0000] {dagbag.py:537} INFO - Filling up the DagBag from /opt/airflow/dags/inside_group_dag.py
[2023-09-03T16:26:50.940+0000] {processor.py:766} INFO - DAG(s) dict_keys(['inside_group_dag']) retrieved from /opt/airflow/dags/inside_group_dag.py
[2023-09-03T16:26:50.965+0000] {logging_mixin.py:120} INFO - [2023-09-03T16:26:50.965+0000] {dag.py:2585} INFO - Sync 1 DAGs
[2023-09-03T16:26:50.978+0000] {logging_mixin.py:120} INFO - [2023-09-03T16:26:50.978+0000] {dag.py:3340} INFO - Setting next_dagrun for inside_group_dag to 2023-09-03T00:00:00+00:00, run_after=2023-09-04T00:00:00+00:00
[2023-09-03T16:26:50.988+0000] {processor.py:176} INFO - Processing /opt/airflow/dags/inside_group_dag.py took 0.070 seconds
[2023-09-03T16:27:21.646+0000] {processor.py:154} INFO - Started process (PID=4212) to work on /opt/airflow/dags/inside_group_dag.py
[2023-09-03T16:27:21.648+0000] {processor.py:756} INFO - Processing file /opt/airflow/dags/inside_group_dag.py for tasks to queue
[2023-09-03T16:27:21.648+0000] {logging_mixin.py:120} INFO - [2023-09-03T16:27:21.648+0000] {dagbag.py:537} INFO - Filling up the DagBag from /opt/airflow/dags/inside_group_dag.py
[2023-09-03T16:27:21.662+0000] {processor.py:766} INFO - DAG(s) dict_keys(['inside_group_dag']) retrieved from /opt/airflow/dags/inside_group_dag.py
[2023-09-03T16:27:21.687+0000] {logging_mixin.py:120} INFO - [2023-09-03T16:27:21.687+0000] {dag.py:2585} INFO - Sync 1 DAGs
[2023-09-03T16:27:21.703+0000] {logging_mixin.py:120} INFO - [2023-09-03T16:27:21.703+0000] {dag.py:3340} INFO - Setting next_dagrun for inside_group_dag to 2023-09-03T00:00:00+00:00, run_after=2023-09-04T00:00:00+00:00
[2023-09-03T16:27:21.713+0000] {processor.py:176} INFO - Processing /opt/airflow/dags/inside_group_dag.py took 0.069 seconds
[2023-09-03T16:27:51.803+0000] {processor.py:154} INFO - Started process (PID=4238) to work on /opt/airflow/dags/inside_group_dag.py
[2023-09-03T16:27:51.805+0000] {processor.py:756} INFO - Processing file /opt/airflow/dags/inside_group_dag.py for tasks to queue
[2023-09-03T16:27:51.806+0000] {logging_mixin.py:120} INFO - [2023-09-03T16:27:51.805+0000] {dagbag.py:537} INFO - Filling up the DagBag from /opt/airflow/dags/inside_group_dag.py
[2023-09-03T16:27:51.829+0000] {processor.py:766} INFO - DAG(s) dict_keys(['inside_group_dag']) retrieved from /opt/airflow/dags/inside_group_dag.py
[2023-09-03T16:27:51.857+0000] {logging_mixin.py:120} INFO - [2023-09-03T16:27:51.857+0000] {dag.py:2585} INFO - Sync 1 DAGs
[2023-09-03T16:27:51.871+0000] {logging_mixin.py:120} INFO - [2023-09-03T16:27:51.871+0000] {dag.py:3340} INFO - Setting next_dagrun for inside_group_dag to 2023-09-03T00:00:00+00:00, run_after=2023-09-04T00:00:00+00:00
[2023-09-03T16:27:51.879+0000] {processor.py:176} INFO - Processing /opt/airflow/dags/inside_group_dag.py took 0.080 seconds
[2023-09-03T16:28:22.183+0000] {processor.py:154} INFO - Started process (PID=4275) to work on /opt/airflow/dags/inside_group_dag.py
[2023-09-03T16:28:22.185+0000] {processor.py:756} INFO - Processing file /opt/airflow/dags/inside_group_dag.py for tasks to queue
[2023-09-03T16:28:22.186+0000] {logging_mixin.py:120} INFO - [2023-09-03T16:28:22.186+0000] {dagbag.py:537} INFO - Filling up the DagBag from /opt/airflow/dags/inside_group_dag.py
[2023-09-03T16:28:22.209+0000] {processor.py:766} INFO - DAG(s) dict_keys(['inside_group_dag']) retrieved from /opt/airflow/dags/inside_group_dag.py
[2023-09-03T16:28:22.240+0000] {logging_mixin.py:120} INFO - [2023-09-03T16:28:22.240+0000] {dag.py:2585} INFO - Sync 1 DAGs
[2023-09-03T16:28:22.254+0000] {logging_mixin.py:120} INFO - [2023-09-03T16:28:22.254+0000] {dag.py:3340} INFO - Setting next_dagrun for inside_group_dag to 2023-09-03T00:00:00+00:00, run_after=2023-09-04T00:00:00+00:00
[2023-09-03T16:28:22.264+0000] {processor.py:176} INFO - Processing /opt/airflow/dags/inside_group_dag.py took 0.086 seconds
[2023-09-03T16:28:52.418+0000] {processor.py:154} INFO - Started process (PID=4310) to work on /opt/airflow/dags/inside_group_dag.py
[2023-09-03T16:28:52.421+0000] {processor.py:756} INFO - Processing file /opt/airflow/dags/inside_group_dag.py for tasks to queue
[2023-09-03T16:28:52.422+0000] {logging_mixin.py:120} INFO - [2023-09-03T16:28:52.422+0000] {dagbag.py:537} INFO - Filling up the DagBag from /opt/airflow/dags/inside_group_dag.py
[2023-09-03T16:28:52.450+0000] {processor.py:766} INFO - DAG(s) dict_keys(['inside_group_dag']) retrieved from /opt/airflow/dags/inside_group_dag.py
[2023-09-03T16:28:52.481+0000] {logging_mixin.py:120} INFO - [2023-09-03T16:28:52.481+0000] {dag.py:2585} INFO - Sync 1 DAGs
[2023-09-03T16:28:52.495+0000] {logging_mixin.py:120} INFO - [2023-09-03T16:28:52.494+0000] {dag.py:3340} INFO - Setting next_dagrun for inside_group_dag to 2023-09-03T00:00:00+00:00, run_after=2023-09-04T00:00:00+00:00
[2023-09-03T16:28:52.503+0000] {processor.py:176} INFO - Processing /opt/airflow/dags/inside_group_dag.py took 0.091 seconds
[2023-09-03T16:29:22.547+0000] {processor.py:154} INFO - Started process (PID=4344) to work on /opt/airflow/dags/inside_group_dag.py
[2023-09-03T16:29:22.550+0000] {processor.py:756} INFO - Processing file /opt/airflow/dags/inside_group_dag.py for tasks to queue
[2023-09-03T16:29:22.551+0000] {logging_mixin.py:120} INFO - [2023-09-03T16:29:22.551+0000] {dagbag.py:537} INFO - Filling up the DagBag from /opt/airflow/dags/inside_group_dag.py
[2023-09-03T16:29:22.571+0000] {processor.py:766} INFO - DAG(s) dict_keys(['inside_group_dag']) retrieved from /opt/airflow/dags/inside_group_dag.py
[2023-09-03T16:29:22.596+0000] {logging_mixin.py:120} INFO - [2023-09-03T16:29:22.596+0000] {dag.py:2585} INFO - Sync 1 DAGs
[2023-09-03T16:29:22.609+0000] {logging_mixin.py:120} INFO - [2023-09-03T16:29:22.609+0000] {dag.py:3340} INFO - Setting next_dagrun for inside_group_dag to 2023-09-03T00:00:00+00:00, run_after=2023-09-04T00:00:00+00:00
[2023-09-03T16:29:22.618+0000] {processor.py:176} INFO - Processing /opt/airflow/dags/inside_group_dag.py took 0.074 seconds
[2023-09-03T16:29:53.136+0000] {processor.py:154} INFO - Started process (PID=4378) to work on /opt/airflow/dags/inside_group_dag.py
[2023-09-03T16:29:53.137+0000] {processor.py:756} INFO - Processing file /opt/airflow/dags/inside_group_dag.py for tasks to queue
[2023-09-03T16:29:53.138+0000] {logging_mixin.py:120} INFO - [2023-09-03T16:29:53.137+0000] {dagbag.py:537} INFO - Filling up the DagBag from /opt/airflow/dags/inside_group_dag.py
[2023-09-03T16:29:53.162+0000] {processor.py:766} INFO - DAG(s) dict_keys(['inside_group_dag']) retrieved from /opt/airflow/dags/inside_group_dag.py
[2023-09-03T16:29:53.202+0000] {logging_mixin.py:120} INFO - [2023-09-03T16:29:53.202+0000] {dag.py:2585} INFO - Sync 1 DAGs
[2023-09-03T16:29:53.221+0000] {logging_mixin.py:120} INFO - [2023-09-03T16:29:53.221+0000] {dag.py:3340} INFO - Setting next_dagrun for inside_group_dag to 2023-09-03T00:00:00+00:00, run_after=2023-09-04T00:00:00+00:00
[2023-09-03T16:29:53.231+0000] {processor.py:176} INFO - Processing /opt/airflow/dags/inside_group_dag.py took 0.099 seconds
[2023-09-03T16:30:23.429+0000] {processor.py:154} INFO - Started process (PID=4404) to work on /opt/airflow/dags/inside_group_dag.py
[2023-09-03T16:30:23.430+0000] {processor.py:756} INFO - Processing file /opt/airflow/dags/inside_group_dag.py for tasks to queue
[2023-09-03T16:30:23.431+0000] {logging_mixin.py:120} INFO - [2023-09-03T16:30:23.431+0000] {dagbag.py:537} INFO - Filling up the DagBag from /opt/airflow/dags/inside_group_dag.py
[2023-09-03T16:30:23.450+0000] {processor.py:766} INFO - DAG(s) dict_keys(['inside_group_dag']) retrieved from /opt/airflow/dags/inside_group_dag.py
[2023-09-03T16:30:23.476+0000] {logging_mixin.py:120} INFO - [2023-09-03T16:30:23.476+0000] {dag.py:2585} INFO - Sync 1 DAGs
[2023-09-03T16:30:23.490+0000] {logging_mixin.py:120} INFO - [2023-09-03T16:30:23.490+0000] {dag.py:3340} INFO - Setting next_dagrun for inside_group_dag to 2023-09-03T00:00:00+00:00, run_after=2023-09-04T00:00:00+00:00
[2023-09-03T16:30:23.498+0000] {processor.py:176} INFO - Processing /opt/airflow/dags/inside_group_dag.py took 0.074 seconds
[2023-09-03T16:30:53.632+0000] {processor.py:154} INFO - Started process (PID=4438) to work on /opt/airflow/dags/inside_group_dag.py
[2023-09-03T16:30:53.635+0000] {processor.py:756} INFO - Processing file /opt/airflow/dags/inside_group_dag.py for tasks to queue
[2023-09-03T16:30:53.636+0000] {logging_mixin.py:120} INFO - [2023-09-03T16:30:53.635+0000] {dagbag.py:537} INFO - Filling up the DagBag from /opt/airflow/dags/inside_group_dag.py
[2023-09-03T16:30:53.660+0000] {processor.py:766} INFO - DAG(s) dict_keys(['inside_group_dag']) retrieved from /opt/airflow/dags/inside_group_dag.py
[2023-09-03T16:30:53.690+0000] {logging_mixin.py:120} INFO - [2023-09-03T16:30:53.690+0000] {dag.py:2585} INFO - Sync 1 DAGs
[2023-09-03T16:30:53.704+0000] {logging_mixin.py:120} INFO - [2023-09-03T16:30:53.704+0000] {dag.py:3340} INFO - Setting next_dagrun for inside_group_dag to 2023-09-03T00:00:00+00:00, run_after=2023-09-04T00:00:00+00:00
[2023-09-03T16:30:53.712+0000] {processor.py:176} INFO - Processing /opt/airflow/dags/inside_group_dag.py took 0.086 seconds
[2023-09-03T16:31:23.876+0000] {processor.py:154} INFO - Started process (PID=4472) to work on /opt/airflow/dags/inside_group_dag.py
[2023-09-03T16:31:23.879+0000] {processor.py:756} INFO - Processing file /opt/airflow/dags/inside_group_dag.py for tasks to queue
[2023-09-03T16:31:23.880+0000] {logging_mixin.py:120} INFO - [2023-09-03T16:31:23.880+0000] {dagbag.py:537} INFO - Filling up the DagBag from /opt/airflow/dags/inside_group_dag.py
[2023-09-03T16:31:23.903+0000] {processor.py:766} INFO - DAG(s) dict_keys(['inside_group_dag']) retrieved from /opt/airflow/dags/inside_group_dag.py
[2023-09-03T16:31:23.931+0000] {logging_mixin.py:120} INFO - [2023-09-03T16:31:23.931+0000] {dag.py:2585} INFO - Sync 1 DAGs
[2023-09-03T16:31:23.945+0000] {logging_mixin.py:120} INFO - [2023-09-03T16:31:23.944+0000] {dag.py:3340} INFO - Setting next_dagrun for inside_group_dag to 2023-09-03T00:00:00+00:00, run_after=2023-09-04T00:00:00+00:00
[2023-09-03T16:31:23.955+0000] {processor.py:176} INFO - Processing /opt/airflow/dags/inside_group_dag.py took 0.084 seconds
[2023-09-03T16:31:54.041+0000] {processor.py:154} INFO - Started process (PID=4507) to work on /opt/airflow/dags/inside_group_dag.py
[2023-09-03T16:31:54.043+0000] {processor.py:756} INFO - Processing file /opt/airflow/dags/inside_group_dag.py for tasks to queue
[2023-09-03T16:31:54.044+0000] {logging_mixin.py:120} INFO - [2023-09-03T16:31:54.044+0000] {dagbag.py:537} INFO - Filling up the DagBag from /opt/airflow/dags/inside_group_dag.py
[2023-09-03T16:31:54.069+0000] {processor.py:766} INFO - DAG(s) dict_keys(['inside_group_dag']) retrieved from /opt/airflow/dags/inside_group_dag.py
[2023-09-03T16:31:54.098+0000] {logging_mixin.py:120} INFO - [2023-09-03T16:31:54.098+0000] {dag.py:2585} INFO - Sync 1 DAGs
[2023-09-03T16:31:54.113+0000] {logging_mixin.py:120} INFO - [2023-09-03T16:31:54.113+0000] {dag.py:3340} INFO - Setting next_dagrun for inside_group_dag to 2023-09-03T00:00:00+00:00, run_after=2023-09-04T00:00:00+00:00
[2023-09-03T16:31:54.122+0000] {processor.py:176} INFO - Processing /opt/airflow/dags/inside_group_dag.py took 0.086 seconds
[2023-09-03T16:32:25.047+0000] {processor.py:154} INFO - Started process (PID=4542) to work on /opt/airflow/dags/inside_group_dag.py
[2023-09-03T16:32:25.048+0000] {processor.py:756} INFO - Processing file /opt/airflow/dags/inside_group_dag.py for tasks to queue
[2023-09-03T16:32:25.049+0000] {logging_mixin.py:120} INFO - [2023-09-03T16:32:25.049+0000] {dagbag.py:537} INFO - Filling up the DagBag from /opt/airflow/dags/inside_group_dag.py
[2023-09-03T16:32:25.070+0000] {processor.py:766} INFO - DAG(s) dict_keys(['inside_group_dag']) retrieved from /opt/airflow/dags/inside_group_dag.py
[2023-09-03T16:32:25.099+0000] {logging_mixin.py:120} INFO - [2023-09-03T16:32:25.099+0000] {dag.py:2585} INFO - Sync 1 DAGs
[2023-09-03T16:32:25.112+0000] {logging_mixin.py:120} INFO - [2023-09-03T16:32:25.112+0000] {dag.py:3340} INFO - Setting next_dagrun for inside_group_dag to 2023-09-03T00:00:00+00:00, run_after=2023-09-04T00:00:00+00:00
[2023-09-03T16:32:25.121+0000] {processor.py:176} INFO - Processing /opt/airflow/dags/inside_group_dag.py took 0.079 seconds
[2023-09-03T16:32:55.321+0000] {processor.py:154} INFO - Started process (PID=4567) to work on /opt/airflow/dags/inside_group_dag.py
[2023-09-03T16:32:55.323+0000] {processor.py:756} INFO - Processing file /opt/airflow/dags/inside_group_dag.py for tasks to queue
[2023-09-03T16:32:55.324+0000] {logging_mixin.py:120} INFO - [2023-09-03T16:32:55.324+0000] {dagbag.py:537} INFO - Filling up the DagBag from /opt/airflow/dags/inside_group_dag.py
[2023-09-03T16:32:55.346+0000] {processor.py:766} INFO - DAG(s) dict_keys(['inside_group_dag']) retrieved from /opt/airflow/dags/inside_group_dag.py
[2023-09-03T16:32:55.375+0000] {logging_mixin.py:120} INFO - [2023-09-03T16:32:55.375+0000] {dag.py:2585} INFO - Sync 1 DAGs
[2023-09-03T16:32:55.388+0000] {logging_mixin.py:120} INFO - [2023-09-03T16:32:55.388+0000] {dag.py:3340} INFO - Setting next_dagrun for inside_group_dag to 2023-09-03T00:00:00+00:00, run_after=2023-09-04T00:00:00+00:00
[2023-09-03T16:32:55.398+0000] {processor.py:176} INFO - Processing /opt/airflow/dags/inside_group_dag.py took 0.082 seconds
[2023-09-03T16:33:26.025+0000] {processor.py:154} INFO - Started process (PID=4602) to work on /opt/airflow/dags/inside_group_dag.py
[2023-09-03T16:33:26.027+0000] {processor.py:756} INFO - Processing file /opt/airflow/dags/inside_group_dag.py for tasks to queue
[2023-09-03T16:33:26.028+0000] {logging_mixin.py:120} INFO - [2023-09-03T16:33:26.027+0000] {dagbag.py:537} INFO - Filling up the DagBag from /opt/airflow/dags/inside_group_dag.py
[2023-09-03T16:33:26.053+0000] {processor.py:766} INFO - DAG(s) dict_keys(['inside_group_dag']) retrieved from /opt/airflow/dags/inside_group_dag.py
[2023-09-03T16:33:26.117+0000] {logging_mixin.py:120} INFO - [2023-09-03T16:33:26.117+0000] {dag.py:2585} INFO - Sync 1 DAGs
[2023-09-03T16:33:26.133+0000] {logging_mixin.py:120} INFO - [2023-09-03T16:33:26.132+0000] {dag.py:3340} INFO - Setting next_dagrun for inside_group_dag to 2023-09-03T00:00:00+00:00, run_after=2023-09-04T00:00:00+00:00
[2023-09-03T16:33:26.144+0000] {processor.py:176} INFO - Processing /opt/airflow/dags/inside_group_dag.py took 0.124 seconds
[2023-09-03T16:33:56.271+0000] {processor.py:154} INFO - Started process (PID=4638) to work on /opt/airflow/dags/inside_group_dag.py
[2023-09-03T16:33:56.273+0000] {processor.py:756} INFO - Processing file /opt/airflow/dags/inside_group_dag.py for tasks to queue
[2023-09-03T16:33:56.274+0000] {logging_mixin.py:120} INFO - [2023-09-03T16:33:56.274+0000] {dagbag.py:537} INFO - Filling up the DagBag from /opt/airflow/dags/inside_group_dag.py
[2023-09-03T16:33:56.297+0000] {processor.py:766} INFO - DAG(s) dict_keys(['inside_group_dag']) retrieved from /opt/airflow/dags/inside_group_dag.py
[2023-09-03T16:33:56.331+0000] {logging_mixin.py:120} INFO - [2023-09-03T16:33:56.330+0000] {dag.py:2585} INFO - Sync 1 DAGs
[2023-09-03T16:33:56.345+0000] {logging_mixin.py:120} INFO - [2023-09-03T16:33:56.345+0000] {dag.py:3340} INFO - Setting next_dagrun for inside_group_dag to 2023-09-03T00:00:00+00:00, run_after=2023-09-04T00:00:00+00:00
[2023-09-03T16:33:56.355+0000] {processor.py:176} INFO - Processing /opt/airflow/dags/inside_group_dag.py took 0.090 seconds
