[2023-09-03T15:55:28.926+0000] {taskinstance.py:1165} INFO - Dependencies all met for <TaskInstance: xcom_dag.processing_tasks.training_model_a scheduled__2023-09-02T00:00:00+00:00 [queued]>
[2023-09-03T15:55:28.934+0000] {taskinstance.py:1165} INFO - Dependencies all met for <TaskInstance: xcom_dag.processing_tasks.training_model_a scheduled__2023-09-02T00:00:00+00:00 [queued]>
[2023-09-03T15:55:28.935+0000] {taskinstance.py:1362} INFO - 
--------------------------------------------------------------------------------
[2023-09-03T15:55:28.935+0000] {taskinstance.py:1363} INFO - Starting attempt 1 of 1
[2023-09-03T15:55:28.935+0000] {taskinstance.py:1364} INFO - 
--------------------------------------------------------------------------------
[2023-09-03T15:55:28.947+0000] {taskinstance.py:1383} INFO - Executing <Task(PythonOperator): processing_tasks.training_model_a> on 2023-09-02 00:00:00+00:00
[2023-09-03T15:55:28.951+0000] {standard_task_runner.py:55} INFO - Started process 1749 to run task
[2023-09-03T15:55:28.958+0000] {standard_task_runner.py:82} INFO - Running: ['***', 'tasks', 'run', 'xcom_dag', 'processing_tasks.training_model_a', 'scheduled__2023-09-02T00:00:00+00:00', '--job-id', '34', '--raw', '--subdir', 'DAGS_FOLDER/xcom_dag.py', '--cfg-path', '/tmp/tmpw268dry7']
[2023-09-03T15:55:28.959+0000] {standard_task_runner.py:83} INFO - Job 34: Subtask processing_tasks.training_model_a
[2023-09-03T15:55:29.028+0000] {task_command.py:376} INFO - Running <TaskInstance: xcom_dag.processing_tasks.training_model_a scheduled__2023-09-02T00:00:00+00:00 [running]> on host 993b415b7ab0
[2023-09-03T15:55:29.132+0000] {taskinstance.py:1592} INFO - Exporting the following env vars:
AIRFLOW_CTX_DAG_OWNER=***
AIRFLOW_CTX_DAG_ID=xcom_dag
AIRFLOW_CTX_TASK_ID=processing_tasks.training_model_a
AIRFLOW_CTX_EXECUTION_DATE=2023-09-02T00:00:00+00:00
AIRFLOW_CTX_TRY_NUMBER=1
AIRFLOW_CTX_DAG_RUN_ID=scheduled__2023-09-02T00:00:00+00:00
[2023-09-03T15:55:29.135+0000] {logging_mixin.py:120} INFO - model's accuracy: 0.45443941105046337
[2023-09-03T15:55:29.137+0000] {python.py:177} INFO - Done. Returned value was: None
[2023-09-03T15:55:29.151+0000] {taskinstance.py:1406} INFO - Marking task as SUCCESS. dag_id=xcom_dag, task_id=processing_tasks.training_model_a, execution_date=20230902T000000, start_date=20230903T155528, end_date=20230903T155529
[2023-09-03T15:55:29.205+0000] {local_task_job.py:164} INFO - Task exited with return code 0
[2023-09-03T15:55:29.223+0000] {local_task_job.py:273} INFO - 0 downstream tasks scheduled from follow-on schedule check
