[2023-09-04T18:45:42.193+0000] {processor.py:154} INFO - Started process (PID=42) to work on /opt/airflow/dags/consumer.py
[2023-09-04T18:45:42.202+0000] {processor.py:756} INFO - Processing file /opt/airflow/dags/consumer.py for tasks to queue
[2023-09-04T18:45:42.208+0000] {logging_mixin.py:120} INFO - [2023-09-04T18:45:42.208+0000] {dagbag.py:537} INFO - Filling up the DagBag from /opt/airflow/dags/consumer.py
[2023-09-04T18:45:42.326+0000] {processor.py:766} INFO - DAG(s) dict_keys(['consumer']) retrieved from /opt/airflow/dags/consumer.py
[2023-09-04T18:45:42.398+0000] {logging_mixin.py:120} INFO - [2023-09-04T18:45:42.398+0000] {dag.py:2585} INFO - Sync 1 DAGs
[2023-09-04T18:45:42.433+0000] {logging_mixin.py:120} INFO - [2023-09-04T18:45:42.433+0000] {dag.py:3340} INFO - Setting next_dagrun for consumer to None, run_after=None
[2023-09-04T18:45:42.467+0000] {processor.py:176} INFO - Processing /opt/airflow/dags/consumer.py took 0.287 seconds
[2023-09-04T18:46:13.370+0000] {processor.py:154} INFO - Started process (PID=98) to work on /opt/airflow/dags/consumer.py
[2023-09-04T18:46:13.371+0000] {processor.py:756} INFO - Processing file /opt/airflow/dags/consumer.py for tasks to queue
[2023-09-04T18:46:13.372+0000] {logging_mixin.py:120} INFO - [2023-09-04T18:46:13.372+0000] {dagbag.py:537} INFO - Filling up the DagBag from /opt/airflow/dags/consumer.py
[2023-09-04T18:46:13.394+0000] {processor.py:766} INFO - DAG(s) dict_keys(['consumer']) retrieved from /opt/airflow/dags/consumer.py
[2023-09-04T18:46:13.419+0000] {logging_mixin.py:120} INFO - [2023-09-04T18:46:13.419+0000] {dag.py:2585} INFO - Sync 1 DAGs
[2023-09-04T18:46:13.434+0000] {logging_mixin.py:120} INFO - [2023-09-04T18:46:13.434+0000] {dag.py:3340} INFO - Setting next_dagrun for consumer to None, run_after=None
[2023-09-04T18:46:13.450+0000] {processor.py:176} INFO - Processing /opt/airflow/dags/consumer.py took 0.083 seconds
[2023-09-04T18:46:44.505+0000] {processor.py:154} INFO - Started process (PID=139) to work on /opt/airflow/dags/consumer.py
[2023-09-04T18:46:44.506+0000] {processor.py:756} INFO - Processing file /opt/airflow/dags/consumer.py for tasks to queue
[2023-09-04T18:46:44.507+0000] {logging_mixin.py:120} INFO - [2023-09-04T18:46:44.507+0000] {dagbag.py:537} INFO - Filling up the DagBag from /opt/airflow/dags/consumer.py
[2023-09-04T18:46:44.529+0000] {processor.py:766} INFO - DAG(s) dict_keys(['consumer']) retrieved from /opt/airflow/dags/consumer.py
[2023-09-04T18:46:44.570+0000] {logging_mixin.py:120} INFO - [2023-09-04T18:46:44.570+0000] {dag.py:2585} INFO - Sync 1 DAGs
[2023-09-04T18:46:44.600+0000] {logging_mixin.py:120} INFO - [2023-09-04T18:46:44.599+0000] {dag.py:3340} INFO - Setting next_dagrun for consumer to None, run_after=None
[2023-09-04T18:46:44.620+0000] {processor.py:176} INFO - Processing /opt/airflow/dags/consumer.py took 0.120 seconds
[2023-09-04T18:47:15.425+0000] {processor.py:154} INFO - Started process (PID=165) to work on /opt/airflow/dags/consumer.py
[2023-09-04T18:47:15.426+0000] {processor.py:756} INFO - Processing file /opt/airflow/dags/consumer.py for tasks to queue
[2023-09-04T18:47:15.427+0000] {logging_mixin.py:120} INFO - [2023-09-04T18:47:15.427+0000] {dagbag.py:537} INFO - Filling up the DagBag from /opt/airflow/dags/consumer.py
[2023-09-04T18:47:15.448+0000] {processor.py:766} INFO - DAG(s) dict_keys(['consumer']) retrieved from /opt/airflow/dags/consumer.py
[2023-09-04T18:47:15.479+0000] {logging_mixin.py:120} INFO - [2023-09-04T18:47:15.479+0000] {dag.py:2585} INFO - Sync 1 DAGs
[2023-09-04T18:47:15.493+0000] {logging_mixin.py:120} INFO - [2023-09-04T18:47:15.493+0000] {dag.py:3340} INFO - Setting next_dagrun for consumer to None, run_after=None
[2023-09-04T18:47:15.504+0000] {processor.py:176} INFO - Processing /opt/airflow/dags/consumer.py took 0.083 seconds
[2023-09-04T18:47:46.179+0000] {processor.py:154} INFO - Started process (PID=199) to work on /opt/airflow/dags/consumer.py
[2023-09-04T18:47:46.180+0000] {processor.py:756} INFO - Processing file /opt/airflow/dags/consumer.py for tasks to queue
[2023-09-04T18:47:46.181+0000] {logging_mixin.py:120} INFO - [2023-09-04T18:47:46.181+0000] {dagbag.py:537} INFO - Filling up the DagBag from /opt/airflow/dags/consumer.py
[2023-09-04T18:47:46.204+0000] {processor.py:766} INFO - DAG(s) dict_keys(['consumer']) retrieved from /opt/airflow/dags/consumer.py
[2023-09-04T18:47:46.245+0000] {logging_mixin.py:120} INFO - [2023-09-04T18:47:46.245+0000] {dag.py:2585} INFO - Sync 1 DAGs
[2023-09-04T18:47:46.272+0000] {logging_mixin.py:120} INFO - [2023-09-04T18:47:46.272+0000] {dag.py:3340} INFO - Setting next_dagrun for consumer to None, run_after=None
[2023-09-04T18:47:46.293+0000] {processor.py:176} INFO - Processing /opt/airflow/dags/consumer.py took 0.118 seconds
[2023-09-04T18:48:16.977+0000] {processor.py:154} INFO - Started process (PID=234) to work on /opt/airflow/dags/consumer.py
[2023-09-04T18:48:16.978+0000] {processor.py:756} INFO - Processing file /opt/airflow/dags/consumer.py for tasks to queue
[2023-09-04T18:48:16.978+0000] {logging_mixin.py:120} INFO - [2023-09-04T18:48:16.978+0000] {dagbag.py:537} INFO - Filling up the DagBag from /opt/airflow/dags/consumer.py
[2023-09-04T18:48:16.994+0000] {processor.py:766} INFO - DAG(s) dict_keys(['consumer']) retrieved from /opt/airflow/dags/consumer.py
[2023-09-04T18:48:17.020+0000] {logging_mixin.py:120} INFO - [2023-09-04T18:48:17.020+0000] {dag.py:2585} INFO - Sync 1 DAGs
[2023-09-04T18:48:17.040+0000] {logging_mixin.py:120} INFO - [2023-09-04T18:48:17.040+0000] {dag.py:3340} INFO - Setting next_dagrun for consumer to None, run_after=None
[2023-09-04T18:48:17.072+0000] {processor.py:176} INFO - Processing /opt/airflow/dags/consumer.py took 0.097 seconds
[2023-09-04T18:48:47.109+0000] {processor.py:154} INFO - Started process (PID=267) to work on /opt/airflow/dags/consumer.py
[2023-09-04T18:48:47.110+0000] {processor.py:756} INFO - Processing file /opt/airflow/dags/consumer.py for tasks to queue
[2023-09-04T18:48:47.110+0000] {logging_mixin.py:120} INFO - [2023-09-04T18:48:47.110+0000] {dagbag.py:537} INFO - Filling up the DagBag from /opt/airflow/dags/consumer.py
[2023-09-04T18:48:47.124+0000] {processor.py:766} INFO - DAG(s) dict_keys(['consumer']) retrieved from /opt/airflow/dags/consumer.py
[2023-09-04T18:48:47.154+0000] {logging_mixin.py:120} INFO - [2023-09-04T18:48:47.154+0000] {dag.py:2585} INFO - Sync 1 DAGs
[2023-09-04T18:48:47.171+0000] {logging_mixin.py:120} INFO - [2023-09-04T18:48:47.171+0000] {dag.py:3340} INFO - Setting next_dagrun for consumer to None, run_after=None
[2023-09-04T18:48:47.184+0000] {processor.py:176} INFO - Processing /opt/airflow/dags/consumer.py took 0.077 seconds
[2023-09-04T18:49:17.721+0000] {processor.py:154} INFO - Started process (PID=302) to work on /opt/airflow/dags/consumer.py
[2023-09-04T18:49:17.722+0000] {processor.py:756} INFO - Processing file /opt/airflow/dags/consumer.py for tasks to queue
[2023-09-04T18:49:17.723+0000] {logging_mixin.py:120} INFO - [2023-09-04T18:49:17.723+0000] {dagbag.py:537} INFO - Filling up the DagBag from /opt/airflow/dags/consumer.py
[2023-09-04T18:49:17.739+0000] {processor.py:766} INFO - DAG(s) dict_keys(['consumer']) retrieved from /opt/airflow/dags/consumer.py
[2023-09-04T18:49:17.769+0000] {logging_mixin.py:120} INFO - [2023-09-04T18:49:17.769+0000] {dag.py:2585} INFO - Sync 1 DAGs
[2023-09-04T18:49:17.786+0000] {logging_mixin.py:120} INFO - [2023-09-04T18:49:17.786+0000] {dag.py:3340} INFO - Setting next_dagrun for consumer to None, run_after=None
[2023-09-04T18:49:17.805+0000] {processor.py:176} INFO - Processing /opt/airflow/dags/consumer.py took 0.087 seconds
[2023-09-04T18:49:48.449+0000] {processor.py:154} INFO - Started process (PID=328) to work on /opt/airflow/dags/consumer.py
[2023-09-04T18:49:48.450+0000] {processor.py:756} INFO - Processing file /opt/airflow/dags/consumer.py for tasks to queue
[2023-09-04T18:49:48.451+0000] {logging_mixin.py:120} INFO - [2023-09-04T18:49:48.451+0000] {dagbag.py:537} INFO - Filling up the DagBag from /opt/airflow/dags/consumer.py
[2023-09-04T18:49:48.464+0000] {processor.py:766} INFO - DAG(s) dict_keys(['consumer']) retrieved from /opt/airflow/dags/consumer.py
[2023-09-04T18:49:48.489+0000] {logging_mixin.py:120} INFO - [2023-09-04T18:49:48.489+0000] {dag.py:2585} INFO - Sync 1 DAGs
[2023-09-04T18:49:48.502+0000] {logging_mixin.py:120} INFO - [2023-09-04T18:49:48.502+0000] {dag.py:3340} INFO - Setting next_dagrun for consumer to None, run_after=None
[2023-09-04T18:49:48.513+0000] {processor.py:176} INFO - Processing /opt/airflow/dags/consumer.py took 0.066 seconds
[2023-09-04T18:50:19.092+0000] {processor.py:154} INFO - Started process (PID=362) to work on /opt/airflow/dags/consumer.py
[2023-09-04T18:50:19.093+0000] {processor.py:756} INFO - Processing file /opt/airflow/dags/consumer.py for tasks to queue
[2023-09-04T18:50:19.094+0000] {logging_mixin.py:120} INFO - [2023-09-04T18:50:19.093+0000] {dagbag.py:537} INFO - Filling up the DagBag from /opt/airflow/dags/consumer.py
[2023-09-04T18:50:19.107+0000] {processor.py:766} INFO - DAG(s) dict_keys(['consumer']) retrieved from /opt/airflow/dags/consumer.py
[2023-09-04T18:50:19.134+0000] {logging_mixin.py:120} INFO - [2023-09-04T18:50:19.134+0000] {dag.py:2585} INFO - Sync 1 DAGs
[2023-09-04T18:50:19.147+0000] {logging_mixin.py:120} INFO - [2023-09-04T18:50:19.146+0000] {dag.py:3340} INFO - Setting next_dagrun for consumer to None, run_after=None
[2023-09-04T18:50:19.158+0000] {processor.py:176} INFO - Processing /opt/airflow/dags/consumer.py took 0.068 seconds
[2023-09-04T18:50:49.656+0000] {processor.py:154} INFO - Started process (PID=396) to work on /opt/airflow/dags/consumer.py
[2023-09-04T18:50:49.657+0000] {processor.py:756} INFO - Processing file /opt/airflow/dags/consumer.py for tasks to queue
[2023-09-04T18:50:49.657+0000] {logging_mixin.py:120} INFO - [2023-09-04T18:50:49.657+0000] {dagbag.py:537} INFO - Filling up the DagBag from /opt/airflow/dags/consumer.py
[2023-09-04T18:50:49.672+0000] {processor.py:766} INFO - DAG(s) dict_keys(['consumer']) retrieved from /opt/airflow/dags/consumer.py
[2023-09-04T18:50:49.700+0000] {logging_mixin.py:120} INFO - [2023-09-04T18:50:49.700+0000] {dag.py:2585} INFO - Sync 1 DAGs
[2023-09-04T18:50:49.715+0000] {logging_mixin.py:120} INFO - [2023-09-04T18:50:49.715+0000] {dag.py:3340} INFO - Setting next_dagrun for consumer to None, run_after=None
[2023-09-04T18:50:49.728+0000] {processor.py:176} INFO - Processing /opt/airflow/dags/consumer.py took 0.074 seconds
[2023-09-04T18:51:20.191+0000] {processor.py:154} INFO - Started process (PID=430) to work on /opt/airflow/dags/consumer.py
[2023-09-04T18:51:20.192+0000] {processor.py:756} INFO - Processing file /opt/airflow/dags/consumer.py for tasks to queue
[2023-09-04T18:51:20.192+0000] {logging_mixin.py:120} INFO - [2023-09-04T18:51:20.192+0000] {dagbag.py:537} INFO - Filling up the DagBag from /opt/airflow/dags/consumer.py
[2023-09-04T18:51:20.206+0000] {processor.py:766} INFO - DAG(s) dict_keys(['consumer']) retrieved from /opt/airflow/dags/consumer.py
[2023-09-04T18:51:20.229+0000] {logging_mixin.py:120} INFO - [2023-09-04T18:51:20.229+0000] {dag.py:2585} INFO - Sync 1 DAGs
[2023-09-04T18:51:20.242+0000] {logging_mixin.py:120} INFO - [2023-09-04T18:51:20.241+0000] {dag.py:3340} INFO - Setting next_dagrun for consumer to None, run_after=None
[2023-09-04T18:51:20.254+0000] {processor.py:176} INFO - Processing /opt/airflow/dags/consumer.py took 0.065 seconds
[2023-09-04T18:51:50.771+0000] {processor.py:154} INFO - Started process (PID=465) to work on /opt/airflow/dags/consumer.py
[2023-09-04T18:51:50.772+0000] {processor.py:756} INFO - Processing file /opt/airflow/dags/consumer.py for tasks to queue
[2023-09-04T18:51:50.773+0000] {logging_mixin.py:120} INFO - [2023-09-04T18:51:50.772+0000] {dagbag.py:537} INFO - Filling up the DagBag from /opt/airflow/dags/consumer.py
[2023-09-04T18:51:50.786+0000] {processor.py:766} INFO - DAG(s) dict_keys(['consumer']) retrieved from /opt/airflow/dags/consumer.py
[2023-09-04T18:51:50.810+0000] {logging_mixin.py:120} INFO - [2023-09-04T18:51:50.810+0000] {dag.py:2585} INFO - Sync 1 DAGs
[2023-09-04T18:51:50.823+0000] {logging_mixin.py:120} INFO - [2023-09-04T18:51:50.823+0000] {dag.py:3340} INFO - Setting next_dagrun for consumer to None, run_after=None
[2023-09-04T18:51:50.835+0000] {processor.py:176} INFO - Processing /opt/airflow/dags/consumer.py took 0.066 seconds
[2023-09-04T18:52:21.367+0000] {processor.py:154} INFO - Started process (PID=500) to work on /opt/airflow/dags/consumer.py
[2023-09-04T18:52:21.368+0000] {processor.py:756} INFO - Processing file /opt/airflow/dags/consumer.py for tasks to queue
[2023-09-04T18:52:21.368+0000] {logging_mixin.py:120} INFO - [2023-09-04T18:52:21.368+0000] {dagbag.py:537} INFO - Filling up the DagBag from /opt/airflow/dags/consumer.py
[2023-09-04T18:52:21.381+0000] {processor.py:766} INFO - DAG(s) dict_keys(['consumer']) retrieved from /opt/airflow/dags/consumer.py
[2023-09-04T18:52:21.404+0000] {logging_mixin.py:120} INFO - [2023-09-04T18:52:21.404+0000] {dag.py:2585} INFO - Sync 1 DAGs
[2023-09-04T18:52:21.417+0000] {logging_mixin.py:120} INFO - [2023-09-04T18:52:21.417+0000] {dag.py:3340} INFO - Setting next_dagrun for consumer to None, run_after=None
[2023-09-04T18:52:21.433+0000] {processor.py:176} INFO - Processing /opt/airflow/dags/consumer.py took 0.067 seconds
[2023-09-04T18:52:52.087+0000] {processor.py:154} INFO - Started process (PID=535) to work on /opt/airflow/dags/consumer.py
[2023-09-04T18:52:52.089+0000] {processor.py:756} INFO - Processing file /opt/airflow/dags/consumer.py for tasks to queue
[2023-09-04T18:52:52.090+0000] {logging_mixin.py:120} INFO - [2023-09-04T18:52:52.090+0000] {dagbag.py:537} INFO - Filling up the DagBag from /opt/airflow/dags/consumer.py
[2023-09-04T18:52:52.108+0000] {processor.py:766} INFO - DAG(s) dict_keys(['consumer']) retrieved from /opt/airflow/dags/consumer.py
[2023-09-04T18:52:52.141+0000] {logging_mixin.py:120} INFO - [2023-09-04T18:52:52.141+0000] {dag.py:2585} INFO - Sync 1 DAGs
[2023-09-04T18:52:52.159+0000] {logging_mixin.py:120} INFO - [2023-09-04T18:52:52.159+0000] {dag.py:3340} INFO - Setting next_dagrun for consumer to None, run_after=None
[2023-09-04T18:52:52.187+0000] {processor.py:176} INFO - Processing /opt/airflow/dags/consumer.py took 0.103 seconds
[2023-09-04T18:53:22.692+0000] {processor.py:154} INFO - Started process (PID=562) to work on /opt/airflow/dags/consumer.py
[2023-09-04T18:53:22.694+0000] {processor.py:756} INFO - Processing file /opt/airflow/dags/consumer.py for tasks to queue
[2023-09-04T18:53:22.694+0000] {logging_mixin.py:120} INFO - [2023-09-04T18:53:22.694+0000] {dagbag.py:537} INFO - Filling up the DagBag from /opt/airflow/dags/consumer.py
[2023-09-04T18:53:22.713+0000] {processor.py:766} INFO - DAG(s) dict_keys(['consumer']) retrieved from /opt/airflow/dags/consumer.py
[2023-09-04T18:53:22.741+0000] {logging_mixin.py:120} INFO - [2023-09-04T18:53:22.741+0000] {dag.py:2585} INFO - Sync 1 DAGs
[2023-09-04T18:53:22.756+0000] {logging_mixin.py:120} INFO - [2023-09-04T18:53:22.756+0000] {dag.py:3340} INFO - Setting next_dagrun for consumer to None, run_after=None
[2023-09-04T18:53:22.768+0000] {processor.py:176} INFO - Processing /opt/airflow/dags/consumer.py took 0.078 seconds
[2023-09-04T18:53:53.316+0000] {processor.py:154} INFO - Started process (PID=597) to work on /opt/airflow/dags/consumer.py
[2023-09-04T18:53:53.317+0000] {processor.py:756} INFO - Processing file /opt/airflow/dags/consumer.py for tasks to queue
[2023-09-04T18:53:53.317+0000] {logging_mixin.py:120} INFO - [2023-09-04T18:53:53.317+0000] {dagbag.py:537} INFO - Filling up the DagBag from /opt/airflow/dags/consumer.py
[2023-09-04T18:53:53.332+0000] {processor.py:766} INFO - DAG(s) dict_keys(['consumer']) retrieved from /opt/airflow/dags/consumer.py
[2023-09-04T18:53:53.365+0000] {logging_mixin.py:120} INFO - [2023-09-04T18:53:53.365+0000] {dag.py:2585} INFO - Sync 1 DAGs
[2023-09-04T18:53:53.381+0000] {logging_mixin.py:120} INFO - [2023-09-04T18:53:53.381+0000] {dag.py:3340} INFO - Setting next_dagrun for consumer to None, run_after=None
[2023-09-04T18:53:53.398+0000] {processor.py:176} INFO - Processing /opt/airflow/dags/consumer.py took 0.085 seconds
[2023-09-04T18:54:23.888+0000] {processor.py:154} INFO - Started process (PID=633) to work on /opt/airflow/dags/consumer.py
[2023-09-04T18:54:23.889+0000] {processor.py:756} INFO - Processing file /opt/airflow/dags/consumer.py for tasks to queue
[2023-09-04T18:54:23.890+0000] {logging_mixin.py:120} INFO - [2023-09-04T18:54:23.890+0000] {dagbag.py:537} INFO - Filling up the DagBag from /opt/airflow/dags/consumer.py
[2023-09-04T18:54:23.911+0000] {processor.py:766} INFO - DAG(s) dict_keys(['consumer']) retrieved from /opt/airflow/dags/consumer.py
[2023-09-04T18:54:23.939+0000] {logging_mixin.py:120} INFO - [2023-09-04T18:54:23.938+0000] {dag.py:2585} INFO - Sync 1 DAGs
[2023-09-04T18:54:23.952+0000] {logging_mixin.py:120} INFO - [2023-09-04T18:54:23.952+0000] {dag.py:3340} INFO - Setting next_dagrun for consumer to None, run_after=None
[2023-09-04T18:54:23.965+0000] {processor.py:176} INFO - Processing /opt/airflow/dags/consumer.py took 0.079 seconds
[2023-09-04T18:54:54.602+0000] {processor.py:154} INFO - Started process (PID=668) to work on /opt/airflow/dags/consumer.py
[2023-09-04T18:54:54.603+0000] {processor.py:756} INFO - Processing file /opt/airflow/dags/consumer.py for tasks to queue
[2023-09-04T18:54:54.604+0000] {logging_mixin.py:120} INFO - [2023-09-04T18:54:54.604+0000] {dagbag.py:537} INFO - Filling up the DagBag from /opt/airflow/dags/consumer.py
[2023-09-04T18:54:54.619+0000] {processor.py:766} INFO - DAG(s) dict_keys(['consumer']) retrieved from /opt/airflow/dags/consumer.py
[2023-09-04T18:54:54.645+0000] {logging_mixin.py:120} INFO - [2023-09-04T18:54:54.645+0000] {dag.py:2585} INFO - Sync 1 DAGs
[2023-09-04T18:54:54.659+0000] {logging_mixin.py:120} INFO - [2023-09-04T18:54:54.659+0000] {dag.py:3340} INFO - Setting next_dagrun for consumer to None, run_after=None
[2023-09-04T18:54:54.671+0000] {processor.py:176} INFO - Processing /opt/airflow/dags/consumer.py took 0.073 seconds
[2023-09-04T18:55:25.146+0000] {processor.py:154} INFO - Started process (PID=702) to work on /opt/airflow/dags/consumer.py
[2023-09-04T18:55:25.146+0000] {processor.py:756} INFO - Processing file /opt/airflow/dags/consumer.py for tasks to queue
[2023-09-04T18:55:25.147+0000] {logging_mixin.py:120} INFO - [2023-09-04T18:55:25.147+0000] {dagbag.py:537} INFO - Filling up the DagBag from /opt/airflow/dags/consumer.py
[2023-09-04T18:55:25.160+0000] {processor.py:766} INFO - DAG(s) dict_keys(['consumer']) retrieved from /opt/airflow/dags/consumer.py
[2023-09-04T18:55:25.184+0000] {logging_mixin.py:120} INFO - [2023-09-04T18:55:25.184+0000] {dag.py:2585} INFO - Sync 1 DAGs
[2023-09-04T18:55:25.197+0000] {logging_mixin.py:120} INFO - [2023-09-04T18:55:25.197+0000] {dag.py:3340} INFO - Setting next_dagrun for consumer to None, run_after=None
[2023-09-04T18:55:25.209+0000] {processor.py:176} INFO - Processing /opt/airflow/dags/consumer.py took 0.065 seconds
[2023-09-04T18:55:56.226+0000] {processor.py:154} INFO - Started process (PID=737) to work on /opt/airflow/dags/consumer.py
[2023-09-04T18:55:56.241+0000] {processor.py:756} INFO - Processing file /opt/airflow/dags/consumer.py for tasks to queue
[2023-09-04T18:55:56.245+0000] {logging_mixin.py:120} INFO - [2023-09-04T18:55:56.244+0000] {dagbag.py:537} INFO - Filling up the DagBag from /opt/airflow/dags/consumer.py
[2023-09-04T18:55:56.273+0000] {processor.py:766} INFO - DAG(s) dict_keys(['consumer']) retrieved from /opt/airflow/dags/consumer.py
[2023-09-04T18:55:56.303+0000] {logging_mixin.py:120} INFO - [2023-09-04T18:55:56.303+0000] {dag.py:2585} INFO - Sync 1 DAGs
[2023-09-04T18:55:56.319+0000] {logging_mixin.py:120} INFO - [2023-09-04T18:55:56.319+0000] {dag.py:3340} INFO - Setting next_dagrun for consumer to None, run_after=None
[2023-09-04T18:55:56.333+0000] {processor.py:176} INFO - Processing /opt/airflow/dags/consumer.py took 0.119 seconds
[2023-09-04T18:56:26.422+0000] {processor.py:154} INFO - Started process (PID=761) to work on /opt/airflow/dags/consumer.py
[2023-09-04T18:56:26.423+0000] {processor.py:756} INFO - Processing file /opt/airflow/dags/consumer.py for tasks to queue
[2023-09-04T18:56:26.424+0000] {logging_mixin.py:120} INFO - [2023-09-04T18:56:26.424+0000] {dagbag.py:537} INFO - Filling up the DagBag from /opt/airflow/dags/consumer.py
[2023-09-04T18:56:26.446+0000] {processor.py:766} INFO - DAG(s) dict_keys(['consumer']) retrieved from /opt/airflow/dags/consumer.py
[2023-09-04T18:56:26.471+0000] {logging_mixin.py:120} INFO - [2023-09-04T18:56:26.471+0000] {dag.py:2585} INFO - Sync 1 DAGs
[2023-09-04T18:56:26.484+0000] {logging_mixin.py:120} INFO - [2023-09-04T18:56:26.484+0000] {dag.py:3340} INFO - Setting next_dagrun for consumer to None, run_after=None
[2023-09-04T18:56:26.495+0000] {processor.py:176} INFO - Processing /opt/airflow/dags/consumer.py took 0.076 seconds
[2023-09-04T18:56:56.638+0000] {processor.py:154} INFO - Started process (PID=796) to work on /opt/airflow/dags/consumer.py
[2023-09-04T18:56:56.639+0000] {processor.py:756} INFO - Processing file /opt/airflow/dags/consumer.py for tasks to queue
[2023-09-04T18:56:56.639+0000] {logging_mixin.py:120} INFO - [2023-09-04T18:56:56.639+0000] {dagbag.py:537} INFO - Filling up the DagBag from /opt/airflow/dags/consumer.py
[2023-09-04T18:56:56.653+0000] {processor.py:766} INFO - DAG(s) dict_keys(['consumer']) retrieved from /opt/airflow/dags/consumer.py
[2023-09-04T18:56:56.678+0000] {logging_mixin.py:120} INFO - [2023-09-04T18:56:56.678+0000] {dag.py:2585} INFO - Sync 1 DAGs
[2023-09-04T18:56:56.692+0000] {logging_mixin.py:120} INFO - [2023-09-04T18:56:56.692+0000] {dag.py:3340} INFO - Setting next_dagrun for consumer to None, run_after=None
[2023-09-04T18:56:56.704+0000] {processor.py:176} INFO - Processing /opt/airflow/dags/consumer.py took 0.069 seconds
[2023-09-04T18:57:27.235+0000] {processor.py:154} INFO - Started process (PID=831) to work on /opt/airflow/dags/consumer.py
[2023-09-04T18:57:27.236+0000] {processor.py:756} INFO - Processing file /opt/airflow/dags/consumer.py for tasks to queue
[2023-09-04T18:57:27.236+0000] {logging_mixin.py:120} INFO - [2023-09-04T18:57:27.236+0000] {dagbag.py:537} INFO - Filling up the DagBag from /opt/airflow/dags/consumer.py
[2023-09-04T18:57:27.249+0000] {processor.py:766} INFO - DAG(s) dict_keys(['consumer']) retrieved from /opt/airflow/dags/consumer.py
[2023-09-04T18:57:27.274+0000] {logging_mixin.py:120} INFO - [2023-09-04T18:57:27.274+0000] {dag.py:2585} INFO - Sync 1 DAGs
[2023-09-04T18:57:27.287+0000] {logging_mixin.py:120} INFO - [2023-09-04T18:57:27.287+0000] {dag.py:3340} INFO - Setting next_dagrun for consumer to None, run_after=None
[2023-09-04T18:57:27.299+0000] {processor.py:176} INFO - Processing /opt/airflow/dags/consumer.py took 0.066 seconds
[2023-09-04T18:57:58.097+0000] {processor.py:154} INFO - Started process (PID=865) to work on /opt/airflow/dags/consumer.py
[2023-09-04T18:57:58.100+0000] {processor.py:756} INFO - Processing file /opt/airflow/dags/consumer.py for tasks to queue
[2023-09-04T18:57:58.101+0000] {logging_mixin.py:120} INFO - [2023-09-04T18:57:58.101+0000] {dagbag.py:537} INFO - Filling up the DagBag from /opt/airflow/dags/consumer.py
[2023-09-04T18:57:58.125+0000] {processor.py:766} INFO - DAG(s) dict_keys(['consumer']) retrieved from /opt/airflow/dags/consumer.py
[2023-09-04T18:57:58.160+0000] {logging_mixin.py:120} INFO - [2023-09-04T18:57:58.160+0000] {dag.py:2585} INFO - Sync 1 DAGs
[2023-09-04T18:57:58.182+0000] {logging_mixin.py:120} INFO - [2023-09-04T18:57:58.182+0000] {dag.py:3340} INFO - Setting next_dagrun for consumer to None, run_after=None
[2023-09-04T18:57:58.197+0000] {processor.py:176} INFO - Processing /opt/airflow/dags/consumer.py took 0.105 seconds
[2023-09-04T18:58:28.964+0000] {processor.py:154} INFO - Started process (PID=902) to work on /opt/airflow/dags/consumer.py
[2023-09-04T18:58:28.964+0000] {processor.py:756} INFO - Processing file /opt/airflow/dags/consumer.py for tasks to queue
[2023-09-04T18:58:28.965+0000] {logging_mixin.py:120} INFO - [2023-09-04T18:58:28.965+0000] {dagbag.py:537} INFO - Filling up the DagBag from /opt/airflow/dags/consumer.py
[2023-09-04T18:58:28.978+0000] {processor.py:766} INFO - DAG(s) dict_keys(['consumer']) retrieved from /opt/airflow/dags/consumer.py
[2023-09-04T18:58:29.001+0000] {logging_mixin.py:120} INFO - [2023-09-04T18:58:29.001+0000] {dag.py:2585} INFO - Sync 1 DAGs
[2023-09-04T18:58:29.014+0000] {logging_mixin.py:120} INFO - [2023-09-04T18:58:29.014+0000] {dag.py:3340} INFO - Setting next_dagrun for consumer to None, run_after=None
[2023-09-04T18:58:29.025+0000] {processor.py:176} INFO - Processing /opt/airflow/dags/consumer.py took 0.063 seconds
[2023-09-04T18:58:59.565+0000] {processor.py:154} INFO - Started process (PID=938) to work on /opt/airflow/dags/consumer.py
[2023-09-04T18:58:59.568+0000] {processor.py:756} INFO - Processing file /opt/airflow/dags/consumer.py for tasks to queue
[2023-09-04T18:58:59.569+0000] {logging_mixin.py:120} INFO - [2023-09-04T18:58:59.569+0000] {dagbag.py:537} INFO - Filling up the DagBag from /opt/airflow/dags/consumer.py
[2023-09-04T18:58:59.589+0000] {processor.py:766} INFO - DAG(s) dict_keys(['consumer']) retrieved from /opt/airflow/dags/consumer.py
[2023-09-04T18:58:59.656+0000] {logging_mixin.py:120} INFO - [2023-09-04T18:58:59.656+0000] {dag.py:2585} INFO - Sync 1 DAGs
[2023-09-04T18:58:59.678+0000] {logging_mixin.py:120} INFO - [2023-09-04T18:58:59.678+0000] {dag.py:3340} INFO - Setting next_dagrun for consumer to None, run_after=None
[2023-09-04T18:58:59.705+0000] {processor.py:176} INFO - Processing /opt/airflow/dags/consumer.py took 0.144 seconds
[2023-09-04T18:59:30.246+0000] {processor.py:154} INFO - Started process (PID=963) to work on /opt/airflow/dags/consumer.py
[2023-09-04T18:59:30.247+0000] {processor.py:756} INFO - Processing file /opt/airflow/dags/consumer.py for tasks to queue
[2023-09-04T18:59:30.248+0000] {logging_mixin.py:120} INFO - [2023-09-04T18:59:30.247+0000] {dagbag.py:537} INFO - Filling up the DagBag from /opt/airflow/dags/consumer.py
[2023-09-04T18:59:30.261+0000] {processor.py:766} INFO - DAG(s) dict_keys(['consumer']) retrieved from /opt/airflow/dags/consumer.py
[2023-09-04T18:59:30.286+0000] {logging_mixin.py:120} INFO - [2023-09-04T18:59:30.286+0000] {dag.py:2585} INFO - Sync 1 DAGs
[2023-09-04T18:59:30.299+0000] {logging_mixin.py:120} INFO - [2023-09-04T18:59:30.298+0000] {dag.py:3340} INFO - Setting next_dagrun for consumer to None, run_after=None
[2023-09-04T18:59:30.311+0000] {processor.py:176} INFO - Processing /opt/airflow/dags/consumer.py took 0.068 seconds
[2023-09-04T19:00:00.903+0000] {processor.py:154} INFO - Started process (PID=997) to work on /opt/airflow/dags/consumer.py
[2023-09-04T19:00:00.904+0000] {processor.py:756} INFO - Processing file /opt/airflow/dags/consumer.py for tasks to queue
[2023-09-04T19:00:00.905+0000] {logging_mixin.py:120} INFO - [2023-09-04T19:00:00.904+0000] {dagbag.py:537} INFO - Filling up the DagBag from /opt/airflow/dags/consumer.py
[2023-09-04T19:00:00.918+0000] {processor.py:766} INFO - DAG(s) dict_keys(['consumer']) retrieved from /opt/airflow/dags/consumer.py
[2023-09-04T19:00:00.943+0000] {logging_mixin.py:120} INFO - [2023-09-04T19:00:00.943+0000] {dag.py:2585} INFO - Sync 1 DAGs
[2023-09-04T19:00:00.955+0000] {logging_mixin.py:120} INFO - [2023-09-04T19:00:00.955+0000] {dag.py:3340} INFO - Setting next_dagrun for consumer to None, run_after=None
[2023-09-04T19:00:00.967+0000] {processor.py:176} INFO - Processing /opt/airflow/dags/consumer.py took 0.066 seconds
[2023-09-04T19:00:31.371+0000] {processor.py:154} INFO - Started process (PID=1031) to work on /opt/airflow/dags/consumer.py
[2023-09-04T19:00:31.372+0000] {processor.py:756} INFO - Processing file /opt/airflow/dags/consumer.py for tasks to queue
[2023-09-04T19:00:31.373+0000] {logging_mixin.py:120} INFO - [2023-09-04T19:00:31.372+0000] {dagbag.py:537} INFO - Filling up the DagBag from /opt/airflow/dags/consumer.py
[2023-09-04T19:00:31.392+0000] {processor.py:766} INFO - DAG(s) dict_keys(['consumer']) retrieved from /opt/airflow/dags/consumer.py
[2023-09-04T19:00:31.422+0000] {logging_mixin.py:120} INFO - [2023-09-04T19:00:31.422+0000] {dag.py:2585} INFO - Sync 1 DAGs
[2023-09-04T19:00:31.434+0000] {logging_mixin.py:120} INFO - [2023-09-04T19:00:31.434+0000] {dag.py:3340} INFO - Setting next_dagrun for consumer to None, run_after=None
[2023-09-04T19:00:31.448+0000] {processor.py:176} INFO - Processing /opt/airflow/dags/consumer.py took 0.080 seconds
[2023-09-04T19:01:02.144+0000] {processor.py:154} INFO - Started process (PID=1066) to work on /opt/airflow/dags/consumer.py
[2023-09-04T19:01:02.145+0000] {processor.py:756} INFO - Processing file /opt/airflow/dags/consumer.py for tasks to queue
[2023-09-04T19:01:02.145+0000] {logging_mixin.py:120} INFO - [2023-09-04T19:01:02.145+0000] {dagbag.py:537} INFO - Filling up the DagBag from /opt/airflow/dags/consumer.py
[2023-09-04T19:01:02.161+0000] {processor.py:766} INFO - DAG(s) dict_keys(['consumer']) retrieved from /opt/airflow/dags/consumer.py
[2023-09-04T19:01:02.193+0000] {logging_mixin.py:120} INFO - [2023-09-04T19:01:02.192+0000] {dag.py:2585} INFO - Sync 1 DAGs
[2023-09-04T19:01:02.207+0000] {logging_mixin.py:120} INFO - [2023-09-04T19:01:02.207+0000] {dag.py:3340} INFO - Setting next_dagrun for consumer to None, run_after=None
[2023-09-04T19:01:02.219+0000] {processor.py:176} INFO - Processing /opt/airflow/dags/consumer.py took 0.077 seconds
[2023-09-04T19:01:32.966+0000] {processor.py:154} INFO - Started process (PID=1101) to work on /opt/airflow/dags/consumer.py
[2023-09-04T19:01:32.967+0000] {processor.py:756} INFO - Processing file /opt/airflow/dags/consumer.py for tasks to queue
[2023-09-04T19:01:32.969+0000] {logging_mixin.py:120} INFO - [2023-09-04T19:01:32.969+0000] {dagbag.py:537} INFO - Filling up the DagBag from /opt/airflow/dags/consumer.py
[2023-09-04T19:01:32.995+0000] {processor.py:766} INFO - DAG(s) dict_keys(['consumer']) retrieved from /opt/airflow/dags/consumer.py
[2023-09-04T19:01:33.041+0000] {logging_mixin.py:120} INFO - [2023-09-04T19:01:33.041+0000] {dag.py:2585} INFO - Sync 1 DAGs
[2023-09-04T19:01:33.066+0000] {logging_mixin.py:120} INFO - [2023-09-04T19:01:33.066+0000] {dag.py:3340} INFO - Setting next_dagrun for consumer to None, run_after=None
[2023-09-04T19:01:33.096+0000] {processor.py:176} INFO - Processing /opt/airflow/dags/consumer.py took 0.135 seconds
[2023-09-04T19:02:04.075+0000] {processor.py:154} INFO - Started process (PID=1136) to work on /opt/airflow/dags/consumer.py
[2023-09-04T19:02:04.076+0000] {processor.py:756} INFO - Processing file /opt/airflow/dags/consumer.py for tasks to queue
[2023-09-04T19:02:04.079+0000] {logging_mixin.py:120} INFO - [2023-09-04T19:02:04.078+0000] {dagbag.py:537} INFO - Filling up the DagBag from /opt/airflow/dags/consumer.py
[2023-09-04T19:02:04.175+0000] {processor.py:766} INFO - DAG(s) dict_keys(['consumer']) retrieved from /opt/airflow/dags/consumer.py
[2023-09-04T19:02:04.250+0000] {logging_mixin.py:120} INFO - [2023-09-04T19:02:04.249+0000] {dag.py:2585} INFO - Sync 1 DAGs
[2023-09-04T19:02:04.268+0000] {logging_mixin.py:120} INFO - [2023-09-04T19:02:04.268+0000] {dag.py:3340} INFO - Setting next_dagrun for consumer to None, run_after=None
[2023-09-04T19:02:04.295+0000] {processor.py:176} INFO - Processing /opt/airflow/dags/consumer.py took 0.222 seconds
[2023-09-04T19:02:34.319+0000] {processor.py:154} INFO - Started process (PID=1162) to work on /opt/airflow/dags/consumer.py
[2023-09-04T19:02:34.320+0000] {processor.py:756} INFO - Processing file /opt/airflow/dags/consumer.py for tasks to queue
[2023-09-04T19:02:34.321+0000] {logging_mixin.py:120} INFO - [2023-09-04T19:02:34.321+0000] {dagbag.py:537} INFO - Filling up the DagBag from /opt/airflow/dags/consumer.py
[2023-09-04T19:02:34.335+0000] {processor.py:766} INFO - DAG(s) dict_keys(['consumer']) retrieved from /opt/airflow/dags/consumer.py
[2023-09-04T19:02:34.362+0000] {logging_mixin.py:120} INFO - [2023-09-04T19:02:34.362+0000] {dag.py:2585} INFO - Sync 1 DAGs
[2023-09-04T19:02:34.379+0000] {logging_mixin.py:120} INFO - [2023-09-04T19:02:34.378+0000] {dag.py:3340} INFO - Setting next_dagrun for consumer to None, run_after=None
[2023-09-04T19:02:34.395+0000] {processor.py:176} INFO - Processing /opt/airflow/dags/consumer.py took 0.077 seconds
[2023-09-04T19:03:05.047+0000] {processor.py:154} INFO - Started process (PID=1197) to work on /opt/airflow/dags/consumer.py
[2023-09-04T19:03:05.048+0000] {processor.py:756} INFO - Processing file /opt/airflow/dags/consumer.py for tasks to queue
[2023-09-04T19:03:05.049+0000] {logging_mixin.py:120} INFO - [2023-09-04T19:03:05.049+0000] {dagbag.py:537} INFO - Filling up the DagBag from /opt/airflow/dags/consumer.py
[2023-09-04T19:03:05.065+0000] {processor.py:766} INFO - DAG(s) dict_keys(['consumer']) retrieved from /opt/airflow/dags/consumer.py
[2023-09-04T19:03:05.090+0000] {logging_mixin.py:120} INFO - [2023-09-04T19:03:05.090+0000] {dag.py:2585} INFO - Sync 1 DAGs
[2023-09-04T19:03:05.103+0000] {logging_mixin.py:120} INFO - [2023-09-04T19:03:05.103+0000] {dag.py:3340} INFO - Setting next_dagrun for consumer to None, run_after=None
[2023-09-04T19:03:05.115+0000] {processor.py:176} INFO - Processing /opt/airflow/dags/consumer.py took 0.070 seconds
[2023-09-04T19:03:35.636+0000] {processor.py:154} INFO - Started process (PID=1232) to work on /opt/airflow/dags/consumer.py
[2023-09-04T19:03:35.636+0000] {processor.py:756} INFO - Processing file /opt/airflow/dags/consumer.py for tasks to queue
[2023-09-04T19:03:35.637+0000] {logging_mixin.py:120} INFO - [2023-09-04T19:03:35.637+0000] {dagbag.py:537} INFO - Filling up the DagBag from /opt/airflow/dags/consumer.py
[2023-09-04T19:03:35.653+0000] {processor.py:766} INFO - DAG(s) dict_keys(['consumer']) retrieved from /opt/airflow/dags/consumer.py
[2023-09-04T19:03:35.689+0000] {logging_mixin.py:120} INFO - [2023-09-04T19:03:35.689+0000] {dag.py:2585} INFO - Sync 1 DAGs
[2023-09-04T19:03:35.703+0000] {logging_mixin.py:120} INFO - [2023-09-04T19:03:35.703+0000] {dag.py:3340} INFO - Setting next_dagrun for consumer to None, run_after=None
[2023-09-04T19:03:35.716+0000] {processor.py:176} INFO - Processing /opt/airflow/dags/consumer.py took 0.083 seconds
[2023-09-04T19:04:06.187+0000] {processor.py:154} INFO - Started process (PID=1267) to work on /opt/airflow/dags/consumer.py
[2023-09-04T19:04:06.187+0000] {processor.py:756} INFO - Processing file /opt/airflow/dags/consumer.py for tasks to queue
[2023-09-04T19:04:06.188+0000] {logging_mixin.py:120} INFO - [2023-09-04T19:04:06.188+0000] {dagbag.py:537} INFO - Filling up the DagBag from /opt/airflow/dags/consumer.py
[2023-09-04T19:04:06.202+0000] {processor.py:766} INFO - DAG(s) dict_keys(['consumer']) retrieved from /opt/airflow/dags/consumer.py
[2023-09-04T19:04:06.226+0000] {logging_mixin.py:120} INFO - [2023-09-04T19:04:06.226+0000] {dag.py:2585} INFO - Sync 1 DAGs
[2023-09-04T19:04:06.240+0000] {logging_mixin.py:120} INFO - [2023-09-04T19:04:06.240+0000] {dag.py:3340} INFO - Setting next_dagrun for consumer to None, run_after=None
[2023-09-04T19:04:06.252+0000] {processor.py:176} INFO - Processing /opt/airflow/dags/consumer.py took 0.067 seconds
[2023-09-04T19:04:36.781+0000] {processor.py:154} INFO - Started process (PID=1301) to work on /opt/airflow/dags/consumer.py
[2023-09-04T19:04:36.781+0000] {processor.py:756} INFO - Processing file /opt/airflow/dags/consumer.py for tasks to queue
[2023-09-04T19:04:36.782+0000] {logging_mixin.py:120} INFO - [2023-09-04T19:04:36.782+0000] {dagbag.py:537} INFO - Filling up the DagBag from /opt/airflow/dags/consumer.py
[2023-09-04T19:04:36.796+0000] {processor.py:766} INFO - DAG(s) dict_keys(['consumer']) retrieved from /opt/airflow/dags/consumer.py
[2023-09-04T19:04:36.821+0000] {logging_mixin.py:120} INFO - [2023-09-04T19:04:36.821+0000] {dag.py:2585} INFO - Sync 1 DAGs
[2023-09-04T19:04:36.834+0000] {logging_mixin.py:120} INFO - [2023-09-04T19:04:36.834+0000] {dag.py:3340} INFO - Setting next_dagrun for consumer to None, run_after=None
[2023-09-04T19:04:36.846+0000] {processor.py:176} INFO - Processing /opt/airflow/dags/consumer.py took 0.067 seconds
[2023-09-04T19:05:07.500+0000] {processor.py:154} INFO - Started process (PID=1335) to work on /opt/airflow/dags/consumer.py
[2023-09-04T19:05:07.501+0000] {processor.py:756} INFO - Processing file /opt/airflow/dags/consumer.py for tasks to queue
[2023-09-04T19:05:07.501+0000] {logging_mixin.py:120} INFO - [2023-09-04T19:05:07.501+0000] {dagbag.py:537} INFO - Filling up the DagBag from /opt/airflow/dags/consumer.py
[2023-09-04T19:05:07.559+0000] {processor.py:766} INFO - DAG(s) dict_keys(['consumer']) retrieved from /opt/airflow/dags/consumer.py
[2023-09-04T19:05:07.594+0000] {logging_mixin.py:120} INFO - [2023-09-04T19:05:07.594+0000] {dag.py:2585} INFO - Sync 1 DAGs
[2023-09-04T19:05:07.611+0000] {logging_mixin.py:120} INFO - [2023-09-04T19:05:07.611+0000] {dag.py:3340} INFO - Setting next_dagrun for consumer to None, run_after=None
[2023-09-04T19:05:07.626+0000] {processor.py:176} INFO - Processing /opt/airflow/dags/consumer.py took 0.128 seconds
[2023-09-04T19:05:38.221+0000] {processor.py:154} INFO - Started process (PID=1361) to work on /opt/airflow/dags/consumer.py
[2023-09-04T19:05:38.222+0000] {processor.py:756} INFO - Processing file /opt/airflow/dags/consumer.py for tasks to queue
[2023-09-04T19:05:38.222+0000] {logging_mixin.py:120} INFO - [2023-09-04T19:05:38.222+0000] {dagbag.py:537} INFO - Filling up the DagBag from /opt/airflow/dags/consumer.py
[2023-09-04T19:05:38.239+0000] {processor.py:766} INFO - DAG(s) dict_keys(['consumer']) retrieved from /opt/airflow/dags/consumer.py
[2023-09-04T19:05:38.268+0000] {logging_mixin.py:120} INFO - [2023-09-04T19:05:38.268+0000] {dag.py:2585} INFO - Sync 1 DAGs
[2023-09-04T19:05:38.281+0000] {logging_mixin.py:120} INFO - [2023-09-04T19:05:38.281+0000] {dag.py:3340} INFO - Setting next_dagrun for consumer to None, run_after=None
[2023-09-04T19:05:38.294+0000] {processor.py:176} INFO - Processing /opt/airflow/dags/consumer.py took 0.075 seconds
[2023-09-04T19:06:08.884+0000] {processor.py:154} INFO - Started process (PID=1396) to work on /opt/airflow/dags/consumer.py
[2023-09-04T19:06:08.885+0000] {processor.py:756} INFO - Processing file /opt/airflow/dags/consumer.py for tasks to queue
[2023-09-04T19:06:08.885+0000] {logging_mixin.py:120} INFO - [2023-09-04T19:06:08.885+0000] {dagbag.py:537} INFO - Filling up the DagBag from /opt/airflow/dags/consumer.py
[2023-09-04T19:06:08.899+0000] {processor.py:766} INFO - DAG(s) dict_keys(['consumer']) retrieved from /opt/airflow/dags/consumer.py
[2023-09-04T19:06:08.925+0000] {logging_mixin.py:120} INFO - [2023-09-04T19:06:08.925+0000] {dag.py:2585} INFO - Sync 1 DAGs
[2023-09-04T19:06:08.939+0000] {logging_mixin.py:120} INFO - [2023-09-04T19:06:08.939+0000] {dag.py:3340} INFO - Setting next_dagrun for consumer to None, run_after=None
[2023-09-04T19:06:08.953+0000] {processor.py:176} INFO - Processing /opt/airflow/dags/consumer.py took 0.071 seconds
[2023-09-04T19:06:39.561+0000] {processor.py:154} INFO - Started process (PID=1431) to work on /opt/airflow/dags/consumer.py
[2023-09-04T19:06:39.562+0000] {processor.py:756} INFO - Processing file /opt/airflow/dags/consumer.py for tasks to queue
[2023-09-04T19:06:39.563+0000] {logging_mixin.py:120} INFO - [2023-09-04T19:06:39.563+0000] {dagbag.py:537} INFO - Filling up the DagBag from /opt/airflow/dags/consumer.py
[2023-09-04T19:06:39.577+0000] {processor.py:766} INFO - DAG(s) dict_keys(['consumer']) retrieved from /opt/airflow/dags/consumer.py
[2023-09-04T19:06:39.602+0000] {logging_mixin.py:120} INFO - [2023-09-04T19:06:39.602+0000] {dag.py:2585} INFO - Sync 1 DAGs
[2023-09-04T19:06:39.615+0000] {logging_mixin.py:120} INFO - [2023-09-04T19:06:39.615+0000] {dag.py:3340} INFO - Setting next_dagrun for consumer to None, run_after=None
[2023-09-04T19:06:39.628+0000] {processor.py:176} INFO - Processing /opt/airflow/dags/consumer.py took 0.069 seconds
[2023-09-04T19:07:10.223+0000] {processor.py:154} INFO - Started process (PID=1466) to work on /opt/airflow/dags/consumer.py
[2023-09-04T19:07:10.224+0000] {processor.py:756} INFO - Processing file /opt/airflow/dags/consumer.py for tasks to queue
[2023-09-04T19:07:10.224+0000] {logging_mixin.py:120} INFO - [2023-09-04T19:07:10.224+0000] {dagbag.py:537} INFO - Filling up the DagBag from /opt/airflow/dags/consumer.py
[2023-09-04T19:07:10.238+0000] {processor.py:766} INFO - DAG(s) dict_keys(['consumer']) retrieved from /opt/airflow/dags/consumer.py
[2023-09-04T19:07:10.263+0000] {logging_mixin.py:120} INFO - [2023-09-04T19:07:10.263+0000] {dag.py:2585} INFO - Sync 1 DAGs
[2023-09-04T19:07:10.277+0000] {logging_mixin.py:120} INFO - [2023-09-04T19:07:10.277+0000] {dag.py:3340} INFO - Setting next_dagrun for consumer to None, run_after=None
[2023-09-04T19:07:10.290+0000] {processor.py:176} INFO - Processing /opt/airflow/dags/consumer.py took 0.069 seconds
[2023-09-04T19:07:40.804+0000] {processor.py:154} INFO - Started process (PID=1500) to work on /opt/airflow/dags/consumer.py
[2023-09-04T19:07:40.805+0000] {processor.py:756} INFO - Processing file /opt/airflow/dags/consumer.py for tasks to queue
[2023-09-04T19:07:40.805+0000] {logging_mixin.py:120} INFO - [2023-09-04T19:07:40.805+0000] {dagbag.py:537} INFO - Filling up the DagBag from /opt/airflow/dags/consumer.py
[2023-09-04T19:07:40.820+0000] {processor.py:766} INFO - DAG(s) dict_keys(['consumer']) retrieved from /opt/airflow/dags/consumer.py
[2023-09-04T19:07:40.845+0000] {logging_mixin.py:120} INFO - [2023-09-04T19:07:40.845+0000] {dag.py:2585} INFO - Sync 1 DAGs
[2023-09-04T19:07:40.859+0000] {logging_mixin.py:120} INFO - [2023-09-04T19:07:40.859+0000] {dag.py:3340} INFO - Setting next_dagrun for consumer to None, run_after=None
[2023-09-04T19:07:40.871+0000] {processor.py:176} INFO - Processing /opt/airflow/dags/consumer.py took 0.070 seconds
[2023-09-04T19:08:11.439+0000] {processor.py:154} INFO - Started process (PID=1535) to work on /opt/airflow/dags/consumer.py
[2023-09-04T19:08:11.440+0000] {processor.py:756} INFO - Processing file /opt/airflow/dags/consumer.py for tasks to queue
[2023-09-04T19:08:11.440+0000] {logging_mixin.py:120} INFO - [2023-09-04T19:08:11.440+0000] {dagbag.py:537} INFO - Filling up the DagBag from /opt/airflow/dags/consumer.py
[2023-09-04T19:08:11.454+0000] {processor.py:766} INFO - DAG(s) dict_keys(['consumer']) retrieved from /opt/airflow/dags/consumer.py
[2023-09-04T19:08:11.478+0000] {logging_mixin.py:120} INFO - [2023-09-04T19:08:11.478+0000] {dag.py:2585} INFO - Sync 1 DAGs
[2023-09-04T19:08:11.491+0000] {logging_mixin.py:120} INFO - [2023-09-04T19:08:11.491+0000] {dag.py:3340} INFO - Setting next_dagrun for consumer to None, run_after=None
[2023-09-04T19:08:11.503+0000] {processor.py:176} INFO - Processing /opt/airflow/dags/consumer.py took 0.066 seconds
[2023-09-04T19:08:42.115+0000] {processor.py:154} INFO - Started process (PID=1561) to work on /opt/airflow/dags/consumer.py
[2023-09-04T19:08:42.116+0000] {processor.py:756} INFO - Processing file /opt/airflow/dags/consumer.py for tasks to queue
[2023-09-04T19:08:42.116+0000] {logging_mixin.py:120} INFO - [2023-09-04T19:08:42.116+0000] {dagbag.py:537} INFO - Filling up the DagBag from /opt/airflow/dags/consumer.py
[2023-09-04T19:08:42.129+0000] {processor.py:766} INFO - DAG(s) dict_keys(['consumer']) retrieved from /opt/airflow/dags/consumer.py
[2023-09-04T19:08:42.154+0000] {logging_mixin.py:120} INFO - [2023-09-04T19:08:42.154+0000] {dag.py:2585} INFO - Sync 1 DAGs
[2023-09-04T19:08:42.166+0000] {logging_mixin.py:120} INFO - [2023-09-04T19:08:42.166+0000] {dag.py:3340} INFO - Setting next_dagrun for consumer to None, run_after=None
[2023-09-04T19:08:42.178+0000] {processor.py:176} INFO - Processing /opt/airflow/dags/consumer.py took 0.065 seconds
[2023-09-04T19:09:12.994+0000] {processor.py:154} INFO - Started process (PID=1596) to work on /opt/airflow/dags/consumer.py
[2023-09-04T19:09:12.995+0000] {processor.py:756} INFO - Processing file /opt/airflow/dags/consumer.py for tasks to queue
[2023-09-04T19:09:12.995+0000] {logging_mixin.py:120} INFO - [2023-09-04T19:09:12.995+0000] {dagbag.py:537} INFO - Filling up the DagBag from /opt/airflow/dags/consumer.py
[2023-09-04T19:09:13.022+0000] {processor.py:766} INFO - DAG(s) dict_keys(['consumer']) retrieved from /opt/airflow/dags/consumer.py
[2023-09-04T19:09:13.055+0000] {logging_mixin.py:120} INFO - [2023-09-04T19:09:13.055+0000] {dag.py:2585} INFO - Sync 1 DAGs
[2023-09-04T19:09:13.072+0000] {logging_mixin.py:120} INFO - [2023-09-04T19:09:13.072+0000] {dag.py:3340} INFO - Setting next_dagrun for consumer to None, run_after=None
[2023-09-04T19:09:13.086+0000] {processor.py:176} INFO - Processing /opt/airflow/dags/consumer.py took 0.097 seconds
[2023-09-04T19:40:47.757+0000] {processor.py:154} INFO - Started process (PID=1623) to work on /opt/airflow/dags/consumer.py
[2023-09-04T19:40:47.759+0000] {processor.py:756} INFO - Processing file /opt/airflow/dags/consumer.py for tasks to queue
[2023-09-04T19:40:47.760+0000] {logging_mixin.py:120} INFO - [2023-09-04T19:40:47.760+0000] {dagbag.py:537} INFO - Filling up the DagBag from /opt/airflow/dags/consumer.py
[2023-09-04T19:40:47.778+0000] {processor.py:766} INFO - DAG(s) dict_keys(['consumer']) retrieved from /opt/airflow/dags/consumer.py
[2023-09-04T19:40:47.824+0000] {logging_mixin.py:120} INFO - [2023-09-04T19:40:47.823+0000] {dag.py:2585} INFO - Sync 1 DAGs
[2023-09-04T19:40:47.858+0000] {logging_mixin.py:120} INFO - [2023-09-04T19:40:47.858+0000] {dag.py:3340} INFO - Setting next_dagrun for consumer to None, run_after=None
[2023-09-04T19:40:47.945+0000] {processor.py:176} INFO - Processing /opt/airflow/dags/consumer.py took 0.192 seconds
[2023-09-04T20:06:16.169+0000] {processor.py:154} INFO - Started process (PID=1657) to work on /opt/airflow/dags/consumer.py
[2023-09-04T20:06:16.174+0000] {processor.py:756} INFO - Processing file /opt/airflow/dags/consumer.py for tasks to queue
[2023-09-04T20:06:16.175+0000] {logging_mixin.py:120} INFO - [2023-09-04T20:06:16.175+0000] {dagbag.py:537} INFO - Filling up the DagBag from /opt/airflow/dags/consumer.py
[2023-09-04T20:06:16.204+0000] {processor.py:766} INFO - DAG(s) dict_keys(['consumer']) retrieved from /opt/airflow/dags/consumer.py
[2023-09-04T20:06:16.289+0000] {logging_mixin.py:120} INFO - [2023-09-04T20:06:16.289+0000] {dag.py:2585} INFO - Sync 1 DAGs
[2023-09-04T20:06:16.319+0000] {logging_mixin.py:120} INFO - [2023-09-04T20:06:16.319+0000] {dag.py:3340} INFO - Setting next_dagrun for consumer to None, run_after=None
[2023-09-04T20:06:16.341+0000] {processor.py:176} INFO - Processing /opt/airflow/dags/consumer.py took 0.175 seconds
[2023-09-04T20:06:46.450+0000] {processor.py:154} INFO - Started process (PID=1692) to work on /opt/airflow/dags/consumer.py
[2023-09-04T20:06:46.451+0000] {processor.py:756} INFO - Processing file /opt/airflow/dags/consumer.py for tasks to queue
[2023-09-04T20:06:46.451+0000] {logging_mixin.py:120} INFO - [2023-09-04T20:06:46.451+0000] {dagbag.py:537} INFO - Filling up the DagBag from /opt/airflow/dags/consumer.py
[2023-09-04T20:06:46.465+0000] {processor.py:766} INFO - DAG(s) dict_keys(['consumer']) retrieved from /opt/airflow/dags/consumer.py
[2023-09-04T20:06:46.492+0000] {logging_mixin.py:120} INFO - [2023-09-04T20:06:46.492+0000] {dag.py:2585} INFO - Sync 1 DAGs
[2023-09-04T20:06:46.506+0000] {logging_mixin.py:120} INFO - [2023-09-04T20:06:46.505+0000] {dag.py:3340} INFO - Setting next_dagrun for consumer to None, run_after=None
[2023-09-04T20:06:46.518+0000] {processor.py:176} INFO - Processing /opt/airflow/dags/consumer.py took 0.070 seconds
[2023-09-04T20:07:17.129+0000] {processor.py:154} INFO - Started process (PID=1726) to work on /opt/airflow/dags/consumer.py
[2023-09-04T20:07:17.130+0000] {processor.py:756} INFO - Processing file /opt/airflow/dags/consumer.py for tasks to queue
[2023-09-04T20:07:17.130+0000] {logging_mixin.py:120} INFO - [2023-09-04T20:07:17.130+0000] {dagbag.py:537} INFO - Filling up the DagBag from /opt/airflow/dags/consumer.py
[2023-09-04T20:07:17.145+0000] {processor.py:766} INFO - DAG(s) dict_keys(['consumer']) retrieved from /opt/airflow/dags/consumer.py
[2023-09-04T20:07:17.171+0000] {logging_mixin.py:120} INFO - [2023-09-04T20:07:17.171+0000] {dag.py:2585} INFO - Sync 1 DAGs
[2023-09-04T20:07:17.184+0000] {logging_mixin.py:120} INFO - [2023-09-04T20:07:17.184+0000] {dag.py:3340} INFO - Setting next_dagrun for consumer to None, run_after=None
[2023-09-04T20:07:17.195+0000] {processor.py:176} INFO - Processing /opt/airflow/dags/consumer.py took 0.067 seconds
[2023-09-04T20:07:47.893+0000] {processor.py:154} INFO - Started process (PID=1760) to work on /opt/airflow/dags/consumer.py
[2023-09-04T20:07:47.894+0000] {processor.py:756} INFO - Processing file /opt/airflow/dags/consumer.py for tasks to queue
[2023-09-04T20:07:47.895+0000] {logging_mixin.py:120} INFO - [2023-09-04T20:07:47.895+0000] {dagbag.py:537} INFO - Filling up the DagBag from /opt/airflow/dags/consumer.py
[2023-09-04T20:07:47.912+0000] {processor.py:766} INFO - DAG(s) dict_keys(['consumer']) retrieved from /opt/airflow/dags/consumer.py
[2023-09-04T20:07:47.942+0000] {logging_mixin.py:120} INFO - [2023-09-04T20:07:47.942+0000] {dag.py:2585} INFO - Sync 1 DAGs
[2023-09-04T20:07:47.962+0000] {logging_mixin.py:120} INFO - [2023-09-04T20:07:47.962+0000] {dag.py:3340} INFO - Setting next_dagrun for consumer to None, run_after=None
[2023-09-04T20:07:47.983+0000] {processor.py:176} INFO - Processing /opt/airflow/dags/consumer.py took 0.093 seconds
[2023-09-04T20:08:18.575+0000] {processor.py:154} INFO - Started process (PID=1787) to work on /opt/airflow/dags/consumer.py
[2023-09-04T20:08:18.576+0000] {processor.py:756} INFO - Processing file /opt/airflow/dags/consumer.py for tasks to queue
[2023-09-04T20:08:18.577+0000] {logging_mixin.py:120} INFO - [2023-09-04T20:08:18.577+0000] {dagbag.py:537} INFO - Filling up the DagBag from /opt/airflow/dags/consumer.py
[2023-09-04T20:08:18.591+0000] {processor.py:766} INFO - DAG(s) dict_keys(['consumer']) retrieved from /opt/airflow/dags/consumer.py
[2023-09-04T20:08:18.655+0000] {logging_mixin.py:120} INFO - [2023-09-04T20:08:18.655+0000] {dag.py:2585} INFO - Sync 1 DAGs
[2023-09-04T20:08:18.676+0000] {logging_mixin.py:120} INFO - [2023-09-04T20:08:18.676+0000] {dag.py:3340} INFO - Setting next_dagrun for consumer to None, run_after=None
[2023-09-04T20:08:18.714+0000] {processor.py:176} INFO - Processing /opt/airflow/dags/consumer.py took 0.141 seconds
[2023-09-04T20:08:49.343+0000] {processor.py:154} INFO - Started process (PID=1822) to work on /opt/airflow/dags/consumer.py
[2023-09-04T20:08:49.343+0000] {processor.py:756} INFO - Processing file /opt/airflow/dags/consumer.py for tasks to queue
[2023-09-04T20:08:49.344+0000] {logging_mixin.py:120} INFO - [2023-09-04T20:08:49.344+0000] {dagbag.py:537} INFO - Filling up the DagBag from /opt/airflow/dags/consumer.py
[2023-09-04T20:08:49.357+0000] {processor.py:766} INFO - DAG(s) dict_keys(['consumer']) retrieved from /opt/airflow/dags/consumer.py
[2023-09-04T20:08:49.383+0000] {logging_mixin.py:120} INFO - [2023-09-04T20:08:49.383+0000] {dag.py:2585} INFO - Sync 1 DAGs
[2023-09-04T20:08:49.396+0000] {logging_mixin.py:120} INFO - [2023-09-04T20:08:49.396+0000] {dag.py:3340} INFO - Setting next_dagrun for consumer to None, run_after=None
[2023-09-04T20:08:49.408+0000] {processor.py:176} INFO - Processing /opt/airflow/dags/consumer.py took 0.068 seconds
[2023-09-04T20:09:20.139+0000] {processor.py:154} INFO - Started process (PID=1857) to work on /opt/airflow/dags/consumer.py
[2023-09-04T20:09:20.140+0000] {processor.py:756} INFO - Processing file /opt/airflow/dags/consumer.py for tasks to queue
[2023-09-04T20:09:20.141+0000] {logging_mixin.py:120} INFO - [2023-09-04T20:09:20.140+0000] {dagbag.py:537} INFO - Filling up the DagBag from /opt/airflow/dags/consumer.py
[2023-09-04T20:09:20.156+0000] {processor.py:766} INFO - DAG(s) dict_keys(['consumer']) retrieved from /opt/airflow/dags/consumer.py
[2023-09-04T20:09:20.190+0000] {logging_mixin.py:120} INFO - [2023-09-04T20:09:20.190+0000] {dag.py:2585} INFO - Sync 1 DAGs
[2023-09-04T20:09:20.207+0000] {logging_mixin.py:120} INFO - [2023-09-04T20:09:20.207+0000] {dag.py:3340} INFO - Setting next_dagrun for consumer to None, run_after=None
[2023-09-04T20:09:20.233+0000] {processor.py:176} INFO - Processing /opt/airflow/dags/consumer.py took 0.097 seconds
[2023-09-04T20:09:50.769+0000] {processor.py:154} INFO - Started process (PID=1892) to work on /opt/airflow/dags/consumer.py
[2023-09-04T20:09:50.770+0000] {processor.py:756} INFO - Processing file /opt/airflow/dags/consumer.py for tasks to queue
[2023-09-04T20:09:50.771+0000] {logging_mixin.py:120} INFO - [2023-09-04T20:09:50.771+0000] {dagbag.py:537} INFO - Filling up the DagBag from /opt/airflow/dags/consumer.py
[2023-09-04T20:09:50.783+0000] {processor.py:766} INFO - DAG(s) dict_keys(['consumer']) retrieved from /opt/airflow/dags/consumer.py
[2023-09-04T20:09:50.807+0000] {logging_mixin.py:120} INFO - [2023-09-04T20:09:50.807+0000] {dag.py:2585} INFO - Sync 1 DAGs
[2023-09-04T20:09:50.821+0000] {logging_mixin.py:120} INFO - [2023-09-04T20:09:50.821+0000] {dag.py:3340} INFO - Setting next_dagrun for consumer to None, run_after=None
[2023-09-04T20:09:50.834+0000] {processor.py:176} INFO - Processing /opt/airflow/dags/consumer.py took 0.067 seconds
[2023-09-04T20:10:21.485+0000] {processor.py:154} INFO - Started process (PID=1927) to work on /opt/airflow/dags/consumer.py
[2023-09-04T20:10:21.486+0000] {processor.py:756} INFO - Processing file /opt/airflow/dags/consumer.py for tasks to queue
[2023-09-04T20:10:21.487+0000] {logging_mixin.py:120} INFO - [2023-09-04T20:10:21.487+0000] {dagbag.py:537} INFO - Filling up the DagBag from /opt/airflow/dags/consumer.py
[2023-09-04T20:10:21.502+0000] {processor.py:766} INFO - DAG(s) dict_keys(['consumer']) retrieved from /opt/airflow/dags/consumer.py
[2023-09-04T20:10:21.538+0000] {logging_mixin.py:120} INFO - [2023-09-04T20:10:21.538+0000] {dag.py:2585} INFO - Sync 1 DAGs
[2023-09-04T20:10:21.562+0000] {logging_mixin.py:120} INFO - [2023-09-04T20:10:21.562+0000] {dag.py:3340} INFO - Setting next_dagrun for consumer to None, run_after=None
[2023-09-04T20:10:21.581+0000] {processor.py:176} INFO - Processing /opt/airflow/dags/consumer.py took 0.099 seconds
