[2023-09-04T18:45:41.877+0000] {processor.py:154} INFO - Started process (PID=35) to work on /opt/airflow/dags/group_dag.py
[2023-09-04T18:45:41.881+0000] {processor.py:756} INFO - Processing file /opt/airflow/dags/group_dag.py for tasks to queue
[2023-09-04T18:45:41.884+0000] {logging_mixin.py:120} INFO - [2023-09-04T18:45:41.884+0000] {dagbag.py:537} INFO - Filling up the DagBag from /opt/airflow/dags/group_dag.py
[2023-09-04T18:45:41.962+0000] {processor.py:766} INFO - DAG(s) dict_keys(['group_dag']) retrieved from /opt/airflow/dags/group_dag.py
[2023-09-04T18:45:42.060+0000] {logging_mixin.py:120} INFO - [2023-09-04T18:45:42.059+0000] {dag.py:2585} INFO - Sync 1 DAGs
[2023-09-04T18:45:42.105+0000] {logging_mixin.py:120} INFO - [2023-09-04T18:45:42.105+0000] {dag.py:3340} INFO - Setting next_dagrun for group_dag to 2023-09-04T00:00:00+00:00, run_after=2023-09-05T00:00:00+00:00
[2023-09-04T18:45:42.158+0000] {processor.py:176} INFO - Processing /opt/airflow/dags/group_dag.py took 0.297 seconds
[2023-09-04T18:46:13.144+0000] {processor.py:154} INFO - Started process (PID=96) to work on /opt/airflow/dags/group_dag.py
[2023-09-04T18:46:13.145+0000] {processor.py:756} INFO - Processing file /opt/airflow/dags/group_dag.py for tasks to queue
[2023-09-04T18:46:13.146+0000] {logging_mixin.py:120} INFO - [2023-09-04T18:46:13.146+0000] {dagbag.py:537} INFO - Filling up the DagBag from /opt/airflow/dags/group_dag.py
[2023-09-04T18:46:13.174+0000] {processor.py:766} INFO - DAG(s) dict_keys(['group_dag']) retrieved from /opt/airflow/dags/group_dag.py
[2023-09-04T18:46:13.215+0000] {logging_mixin.py:120} INFO - [2023-09-04T18:46:13.215+0000] {dag.py:2585} INFO - Sync 1 DAGs
[2023-09-04T18:46:13.253+0000] {logging_mixin.py:120} INFO - [2023-09-04T18:46:13.253+0000] {dag.py:3340} INFO - Setting next_dagrun for group_dag to 2023-09-04T00:00:00+00:00, run_after=2023-09-05T00:00:00+00:00
[2023-09-04T18:46:13.271+0000] {processor.py:176} INFO - Processing /opt/airflow/dags/group_dag.py took 0.131 seconds
[2023-09-04T18:46:44.230+0000] {processor.py:154} INFO - Started process (PID=137) to work on /opt/airflow/dags/group_dag.py
[2023-09-04T18:46:44.231+0000] {processor.py:756} INFO - Processing file /opt/airflow/dags/group_dag.py for tasks to queue
[2023-09-04T18:46:44.232+0000] {logging_mixin.py:120} INFO - [2023-09-04T18:46:44.232+0000] {dagbag.py:537} INFO - Filling up the DagBag from /opt/airflow/dags/group_dag.py
[2023-09-04T18:46:44.260+0000] {processor.py:766} INFO - DAG(s) dict_keys(['group_dag']) retrieved from /opt/airflow/dags/group_dag.py
[2023-09-04T18:46:44.317+0000] {logging_mixin.py:120} INFO - [2023-09-04T18:46:44.317+0000] {dag.py:2585} INFO - Sync 1 DAGs
[2023-09-04T18:46:44.347+0000] {logging_mixin.py:120} INFO - [2023-09-04T18:46:44.346+0000] {dag.py:3340} INFO - Setting next_dagrun for group_dag to 2023-09-04T00:00:00+00:00, run_after=2023-09-05T00:00:00+00:00
[2023-09-04T18:46:44.362+0000] {processor.py:176} INFO - Processing /opt/airflow/dags/group_dag.py took 0.137 seconds
[2023-09-04T18:47:14.981+0000] {processor.py:154} INFO - Started process (PID=163) to work on /opt/airflow/dags/group_dag.py
[2023-09-04T18:47:14.982+0000] {processor.py:756} INFO - Processing file /opt/airflow/dags/group_dag.py for tasks to queue
[2023-09-04T18:47:14.983+0000] {logging_mixin.py:120} INFO - [2023-09-04T18:47:14.983+0000] {dagbag.py:537} INFO - Filling up the DagBag from /opt/airflow/dags/group_dag.py
[2023-09-04T18:47:15.006+0000] {processor.py:766} INFO - DAG(s) dict_keys(['group_dag']) retrieved from /opt/airflow/dags/group_dag.py
[2023-09-04T18:47:15.109+0000] {logging_mixin.py:120} INFO - [2023-09-04T18:47:15.105+0000] {dag.py:2585} INFO - Sync 1 DAGs
[2023-09-04T18:47:15.162+0000] {logging_mixin.py:120} INFO - [2023-09-04T18:47:15.162+0000] {dag.py:3340} INFO - Setting next_dagrun for group_dag to 2023-09-04T00:00:00+00:00, run_after=2023-09-05T00:00:00+00:00
[2023-09-04T18:47:15.188+0000] {processor.py:176} INFO - Processing /opt/airflow/dags/group_dag.py took 0.214 seconds
[2023-09-04T18:47:45.853+0000] {processor.py:154} INFO - Started process (PID=197) to work on /opt/airflow/dags/group_dag.py
[2023-09-04T18:47:45.856+0000] {processor.py:756} INFO - Processing file /opt/airflow/dags/group_dag.py for tasks to queue
[2023-09-04T18:47:45.857+0000] {logging_mixin.py:120} INFO - [2023-09-04T18:47:45.857+0000] {dagbag.py:537} INFO - Filling up the DagBag from /opt/airflow/dags/group_dag.py
[2023-09-04T18:47:45.919+0000] {processor.py:766} INFO - DAG(s) dict_keys(['group_dag']) retrieved from /opt/airflow/dags/group_dag.py
[2023-09-04T18:47:46.017+0000] {logging_mixin.py:120} INFO - [2023-09-04T18:47:46.017+0000] {dag.py:2585} INFO - Sync 1 DAGs
[2023-09-04T18:47:46.045+0000] {logging_mixin.py:120} INFO - [2023-09-04T18:47:46.045+0000] {dag.py:3340} INFO - Setting next_dagrun for group_dag to 2023-09-04T00:00:00+00:00, run_after=2023-09-05T00:00:00+00:00
[2023-09-04T18:47:46.060+0000] {processor.py:176} INFO - Processing /opt/airflow/dags/group_dag.py took 0.214 seconds
[2023-09-04T18:48:16.755+0000] {processor.py:154} INFO - Started process (PID=232) to work on /opt/airflow/dags/group_dag.py
[2023-09-04T18:48:16.756+0000] {processor.py:756} INFO - Processing file /opt/airflow/dags/group_dag.py for tasks to queue
[2023-09-04T18:48:16.758+0000] {logging_mixin.py:120} INFO - [2023-09-04T18:48:16.757+0000] {dagbag.py:537} INFO - Filling up the DagBag from /opt/airflow/dags/group_dag.py
[2023-09-04T18:48:16.800+0000] {processor.py:766} INFO - DAG(s) dict_keys(['group_dag']) retrieved from /opt/airflow/dags/group_dag.py
[2023-09-04T18:48:16.849+0000] {logging_mixin.py:120} INFO - [2023-09-04T18:48:16.849+0000] {dag.py:2585} INFO - Sync 1 DAGs
[2023-09-04T18:48:16.868+0000] {logging_mixin.py:120} INFO - [2023-09-04T18:48:16.868+0000] {dag.py:3340} INFO - Setting next_dagrun for group_dag to 2023-09-04T00:00:00+00:00, run_after=2023-09-05T00:00:00+00:00
[2023-09-04T18:48:16.879+0000] {processor.py:176} INFO - Processing /opt/airflow/dags/group_dag.py took 0.131 seconds
[2023-09-04T18:48:46.929+0000] {processor.py:154} INFO - Started process (PID=265) to work on /opt/airflow/dags/group_dag.py
[2023-09-04T18:48:46.930+0000] {processor.py:756} INFO - Processing file /opt/airflow/dags/group_dag.py for tasks to queue
[2023-09-04T18:48:46.931+0000] {logging_mixin.py:120} INFO - [2023-09-04T18:48:46.931+0000] {dagbag.py:537} INFO - Filling up the DagBag from /opt/airflow/dags/group_dag.py
[2023-09-04T18:48:46.953+0000] {processor.py:766} INFO - DAG(s) dict_keys(['group_dag']) retrieved from /opt/airflow/dags/group_dag.py
[2023-09-04T18:48:46.986+0000] {logging_mixin.py:120} INFO - [2023-09-04T18:48:46.986+0000] {dag.py:2585} INFO - Sync 1 DAGs
[2023-09-04T18:48:47.002+0000] {logging_mixin.py:120} INFO - [2023-09-04T18:48:47.002+0000] {dag.py:3340} INFO - Setting next_dagrun for group_dag to 2023-09-04T00:00:00+00:00, run_after=2023-09-05T00:00:00+00:00
[2023-09-04T18:48:47.012+0000] {processor.py:176} INFO - Processing /opt/airflow/dags/group_dag.py took 0.087 seconds
[2023-09-04T18:49:17.598+0000] {processor.py:154} INFO - Started process (PID=300) to work on /opt/airflow/dags/group_dag.py
[2023-09-04T18:49:17.600+0000] {processor.py:756} INFO - Processing file /opt/airflow/dags/group_dag.py for tasks to queue
[2023-09-04T18:49:17.601+0000] {logging_mixin.py:120} INFO - [2023-09-04T18:49:17.601+0000] {dagbag.py:537} INFO - Filling up the DagBag from /opt/airflow/dags/group_dag.py
[2023-09-04T18:49:17.636+0000] {processor.py:766} INFO - DAG(s) dict_keys(['group_dag']) retrieved from /opt/airflow/dags/group_dag.py
[2023-09-04T18:49:17.675+0000] {logging_mixin.py:120} INFO - [2023-09-04T18:49:17.675+0000] {dag.py:2585} INFO - Sync 1 DAGs
[2023-09-04T18:49:17.692+0000] {logging_mixin.py:120} INFO - [2023-09-04T18:49:17.692+0000] {dag.py:3340} INFO - Setting next_dagrun for group_dag to 2023-09-04T00:00:00+00:00, run_after=2023-09-05T00:00:00+00:00
[2023-09-04T18:49:17.703+0000] {processor.py:176} INFO - Processing /opt/airflow/dags/group_dag.py took 0.109 seconds
[2023-09-04T18:49:48.277+0000] {processor.py:154} INFO - Started process (PID=326) to work on /opt/airflow/dags/group_dag.py
[2023-09-04T18:49:48.279+0000] {processor.py:756} INFO - Processing file /opt/airflow/dags/group_dag.py for tasks to queue
[2023-09-04T18:49:48.280+0000] {logging_mixin.py:120} INFO - [2023-09-04T18:49:48.280+0000] {dagbag.py:537} INFO - Filling up the DagBag from /opt/airflow/dags/group_dag.py
[2023-09-04T18:49:48.307+0000] {processor.py:766} INFO - DAG(s) dict_keys(['group_dag']) retrieved from /opt/airflow/dags/group_dag.py
[2023-09-04T18:49:48.337+0000] {logging_mixin.py:120} INFO - [2023-09-04T18:49:48.337+0000] {dag.py:2585} INFO - Sync 1 DAGs
[2023-09-04T18:49:48.354+0000] {logging_mixin.py:120} INFO - [2023-09-04T18:49:48.353+0000] {dag.py:3340} INFO - Setting next_dagrun for group_dag to 2023-09-04T00:00:00+00:00, run_after=2023-09-05T00:00:00+00:00
[2023-09-04T18:49:48.363+0000] {processor.py:176} INFO - Processing /opt/airflow/dags/group_dag.py took 0.091 seconds
[2023-09-04T18:50:18.907+0000] {processor.py:154} INFO - Started process (PID=360) to work on /opt/airflow/dags/group_dag.py
[2023-09-04T18:50:18.909+0000] {processor.py:756} INFO - Processing file /opt/airflow/dags/group_dag.py for tasks to queue
[2023-09-04T18:50:18.910+0000] {logging_mixin.py:120} INFO - [2023-09-04T18:50:18.910+0000] {dagbag.py:537} INFO - Filling up the DagBag from /opt/airflow/dags/group_dag.py
[2023-09-04T18:50:18.944+0000] {processor.py:766} INFO - DAG(s) dict_keys(['group_dag']) retrieved from /opt/airflow/dags/group_dag.py
[2023-09-04T18:50:18.979+0000] {logging_mixin.py:120} INFO - [2023-09-04T18:50:18.979+0000] {dag.py:2585} INFO - Sync 1 DAGs
[2023-09-04T18:50:18.996+0000] {logging_mixin.py:120} INFO - [2023-09-04T18:50:18.996+0000] {dag.py:3340} INFO - Setting next_dagrun for group_dag to 2023-09-04T00:00:00+00:00, run_after=2023-09-05T00:00:00+00:00
[2023-09-04T18:50:19.006+0000] {processor.py:176} INFO - Processing /opt/airflow/dags/group_dag.py took 0.104 seconds
[2023-09-04T18:50:49.461+0000] {processor.py:154} INFO - Started process (PID=394) to work on /opt/airflow/dags/group_dag.py
[2023-09-04T18:50:49.462+0000] {processor.py:756} INFO - Processing file /opt/airflow/dags/group_dag.py for tasks to queue
[2023-09-04T18:50:49.463+0000] {logging_mixin.py:120} INFO - [2023-09-04T18:50:49.463+0000] {dagbag.py:537} INFO - Filling up the DagBag from /opt/airflow/dags/group_dag.py
[2023-09-04T18:50:49.493+0000] {processor.py:766} INFO - DAG(s) dict_keys(['group_dag']) retrieved from /opt/airflow/dags/group_dag.py
[2023-09-04T18:50:49.531+0000] {logging_mixin.py:120} INFO - [2023-09-04T18:50:49.531+0000] {dag.py:2585} INFO - Sync 1 DAGs
[2023-09-04T18:50:49.554+0000] {logging_mixin.py:120} INFO - [2023-09-04T18:50:49.554+0000] {dag.py:3340} INFO - Setting next_dagrun for group_dag to 2023-09-04T00:00:00+00:00, run_after=2023-09-05T00:00:00+00:00
[2023-09-04T18:50:49.566+0000] {processor.py:176} INFO - Processing /opt/airflow/dags/group_dag.py took 0.107 seconds
[2023-09-04T18:51:20.093+0000] {processor.py:154} INFO - Started process (PID=428) to work on /opt/airflow/dags/group_dag.py
[2023-09-04T18:51:20.094+0000] {processor.py:756} INFO - Processing file /opt/airflow/dags/group_dag.py for tasks to queue
[2023-09-04T18:51:20.095+0000] {logging_mixin.py:120} INFO - [2023-09-04T18:51:20.095+0000] {dagbag.py:537} INFO - Filling up the DagBag from /opt/airflow/dags/group_dag.py
[2023-09-04T18:51:20.119+0000] {processor.py:766} INFO - DAG(s) dict_keys(['group_dag']) retrieved from /opt/airflow/dags/group_dag.py
[2023-09-04T18:51:20.148+0000] {logging_mixin.py:120} INFO - [2023-09-04T18:51:20.147+0000] {dag.py:2585} INFO - Sync 1 DAGs
[2023-09-04T18:51:20.164+0000] {logging_mixin.py:120} INFO - [2023-09-04T18:51:20.163+0000] {dag.py:3340} INFO - Setting next_dagrun for group_dag to 2023-09-04T00:00:00+00:00, run_after=2023-09-05T00:00:00+00:00
[2023-09-04T18:51:20.173+0000] {processor.py:176} INFO - Processing /opt/airflow/dags/group_dag.py took 0.083 seconds
[2023-09-04T18:51:50.658+0000] {processor.py:154} INFO - Started process (PID=463) to work on /opt/airflow/dags/group_dag.py
[2023-09-04T18:51:50.659+0000] {processor.py:756} INFO - Processing file /opt/airflow/dags/group_dag.py for tasks to queue
[2023-09-04T18:51:50.660+0000] {logging_mixin.py:120} INFO - [2023-09-04T18:51:50.660+0000] {dagbag.py:537} INFO - Filling up the DagBag from /opt/airflow/dags/group_dag.py
[2023-09-04T18:51:50.690+0000] {processor.py:766} INFO - DAG(s) dict_keys(['group_dag']) retrieved from /opt/airflow/dags/group_dag.py
[2023-09-04T18:51:50.727+0000] {logging_mixin.py:120} INFO - [2023-09-04T18:51:50.726+0000] {dag.py:2585} INFO - Sync 1 DAGs
[2023-09-04T18:51:50.744+0000] {logging_mixin.py:120} INFO - [2023-09-04T18:51:50.744+0000] {dag.py:3340} INFO - Setting next_dagrun for group_dag to 2023-09-04T00:00:00+00:00, run_after=2023-09-05T00:00:00+00:00
[2023-09-04T18:51:50.755+0000] {processor.py:176} INFO - Processing /opt/airflow/dags/group_dag.py took 0.102 seconds
[2023-09-04T18:52:21.265+0000] {processor.py:154} INFO - Started process (PID=498) to work on /opt/airflow/dags/group_dag.py
[2023-09-04T18:52:21.266+0000] {processor.py:756} INFO - Processing file /opt/airflow/dags/group_dag.py for tasks to queue
[2023-09-04T18:52:21.267+0000] {logging_mixin.py:120} INFO - [2023-09-04T18:52:21.266+0000] {dagbag.py:537} INFO - Filling up the DagBag from /opt/airflow/dags/group_dag.py
[2023-09-04T18:52:21.295+0000] {processor.py:766} INFO - DAG(s) dict_keys(['group_dag']) retrieved from /opt/airflow/dags/group_dag.py
[2023-09-04T18:52:21.324+0000] {logging_mixin.py:120} INFO - [2023-09-04T18:52:21.324+0000] {dag.py:2585} INFO - Sync 1 DAGs
[2023-09-04T18:52:21.341+0000] {logging_mixin.py:120} INFO - [2023-09-04T18:52:21.341+0000] {dag.py:3340} INFO - Setting next_dagrun for group_dag to 2023-09-04T00:00:00+00:00, run_after=2023-09-05T00:00:00+00:00
[2023-09-04T18:52:21.351+0000] {processor.py:176} INFO - Processing /opt/airflow/dags/group_dag.py took 0.090 seconds
[2023-09-04T18:52:51.832+0000] {processor.py:154} INFO - Started process (PID=533) to work on /opt/airflow/dags/group_dag.py
[2023-09-04T18:52:51.833+0000] {processor.py:756} INFO - Processing file /opt/airflow/dags/group_dag.py for tasks to queue
[2023-09-04T18:52:51.833+0000] {logging_mixin.py:120} INFO - [2023-09-04T18:52:51.833+0000] {dagbag.py:537} INFO - Filling up the DagBag from /opt/airflow/dags/group_dag.py
[2023-09-04T18:52:51.854+0000] {processor.py:766} INFO - DAG(s) dict_keys(['group_dag']) retrieved from /opt/airflow/dags/group_dag.py
[2023-09-04T18:52:51.907+0000] {logging_mixin.py:120} INFO - [2023-09-04T18:52:51.907+0000] {dag.py:2585} INFO - Sync 1 DAGs
[2023-09-04T18:52:51.931+0000] {logging_mixin.py:120} INFO - [2023-09-04T18:52:51.931+0000] {dag.py:3340} INFO - Setting next_dagrun for group_dag to 2023-09-04T00:00:00+00:00, run_after=2023-09-05T00:00:00+00:00
[2023-09-04T18:52:51.947+0000] {processor.py:176} INFO - Processing /opt/airflow/dags/group_dag.py took 0.118 seconds
[2023-09-04T18:53:22.510+0000] {processor.py:154} INFO - Started process (PID=560) to work on /opt/airflow/dags/group_dag.py
[2023-09-04T18:53:22.513+0000] {processor.py:756} INFO - Processing file /opt/airflow/dags/group_dag.py for tasks to queue
[2023-09-04T18:53:22.514+0000] {logging_mixin.py:120} INFO - [2023-09-04T18:53:22.514+0000] {dagbag.py:537} INFO - Filling up the DagBag from /opt/airflow/dags/group_dag.py
[2023-09-04T18:53:22.544+0000] {processor.py:766} INFO - DAG(s) dict_keys(['group_dag']) retrieved from /opt/airflow/dags/group_dag.py
[2023-09-04T18:53:22.576+0000] {logging_mixin.py:120} INFO - [2023-09-04T18:53:22.576+0000] {dag.py:2585} INFO - Sync 1 DAGs
[2023-09-04T18:53:22.594+0000] {logging_mixin.py:120} INFO - [2023-09-04T18:53:22.594+0000] {dag.py:3340} INFO - Setting next_dagrun for group_dag to 2023-09-04T00:00:00+00:00, run_after=2023-09-05T00:00:00+00:00
[2023-09-04T18:53:22.604+0000] {processor.py:176} INFO - Processing /opt/airflow/dags/group_dag.py took 0.103 seconds
[2023-09-04T18:53:53.065+0000] {processor.py:154} INFO - Started process (PID=595) to work on /opt/airflow/dags/group_dag.py
[2023-09-04T18:53:53.067+0000] {processor.py:756} INFO - Processing file /opt/airflow/dags/group_dag.py for tasks to queue
[2023-09-04T18:53:53.068+0000] {logging_mixin.py:120} INFO - [2023-09-04T18:53:53.067+0000] {dagbag.py:537} INFO - Filling up the DagBag from /opt/airflow/dags/group_dag.py
[2023-09-04T18:53:53.104+0000] {processor.py:766} INFO - DAG(s) dict_keys(['group_dag']) retrieved from /opt/airflow/dags/group_dag.py
[2023-09-04T18:53:53.163+0000] {logging_mixin.py:120} INFO - [2023-09-04T18:53:53.163+0000] {dag.py:2585} INFO - Sync 1 DAGs
[2023-09-04T18:53:53.185+0000] {logging_mixin.py:120} INFO - [2023-09-04T18:53:53.184+0000] {dag.py:3340} INFO - Setting next_dagrun for group_dag to 2023-09-04T00:00:00+00:00, run_after=2023-09-05T00:00:00+00:00
[2023-09-04T18:53:53.197+0000] {processor.py:176} INFO - Processing /opt/airflow/dags/group_dag.py took 0.136 seconds
[2023-09-04T18:54:23.781+0000] {processor.py:154} INFO - Started process (PID=631) to work on /opt/airflow/dags/group_dag.py
[2023-09-04T18:54:23.783+0000] {processor.py:756} INFO - Processing file /opt/airflow/dags/group_dag.py for tasks to queue
[2023-09-04T18:54:23.784+0000] {logging_mixin.py:120} INFO - [2023-09-04T18:54:23.784+0000] {dagbag.py:537} INFO - Filling up the DagBag from /opt/airflow/dags/group_dag.py
[2023-09-04T18:54:23.811+0000] {processor.py:766} INFO - DAG(s) dict_keys(['group_dag']) retrieved from /opt/airflow/dags/group_dag.py
[2023-09-04T18:54:23.843+0000] {logging_mixin.py:120} INFO - [2023-09-04T18:54:23.843+0000] {dag.py:2585} INFO - Sync 1 DAGs
[2023-09-04T18:54:23.861+0000] {logging_mixin.py:120} INFO - [2023-09-04T18:54:23.861+0000] {dag.py:3340} INFO - Setting next_dagrun for group_dag to 2023-09-04T00:00:00+00:00, run_after=2023-09-05T00:00:00+00:00
[2023-09-04T18:54:23.871+0000] {processor.py:176} INFO - Processing /opt/airflow/dags/group_dag.py took 0.094 seconds
[2023-09-04T18:54:54.409+0000] {processor.py:154} INFO - Started process (PID=666) to work on /opt/airflow/dags/group_dag.py
[2023-09-04T18:54:54.410+0000] {processor.py:756} INFO - Processing file /opt/airflow/dags/group_dag.py for tasks to queue
[2023-09-04T18:54:54.411+0000] {logging_mixin.py:120} INFO - [2023-09-04T18:54:54.411+0000] {dagbag.py:537} INFO - Filling up the DagBag from /opt/airflow/dags/group_dag.py
[2023-09-04T18:54:54.442+0000] {processor.py:766} INFO - DAG(s) dict_keys(['group_dag']) retrieved from /opt/airflow/dags/group_dag.py
[2023-09-04T18:54:54.474+0000] {logging_mixin.py:120} INFO - [2023-09-04T18:54:54.474+0000] {dag.py:2585} INFO - Sync 1 DAGs
[2023-09-04T18:54:54.491+0000] {logging_mixin.py:120} INFO - [2023-09-04T18:54:54.491+0000] {dag.py:3340} INFO - Setting next_dagrun for group_dag to 2023-09-04T00:00:00+00:00, run_after=2023-09-05T00:00:00+00:00
[2023-09-04T18:54:54.502+0000] {processor.py:176} INFO - Processing /opt/airflow/dags/group_dag.py took 0.098 seconds
[2023-09-04T18:55:25.034+0000] {processor.py:154} INFO - Started process (PID=700) to work on /opt/airflow/dags/group_dag.py
[2023-09-04T18:55:25.035+0000] {processor.py:756} INFO - Processing file /opt/airflow/dags/group_dag.py for tasks to queue
[2023-09-04T18:55:25.036+0000] {logging_mixin.py:120} INFO - [2023-09-04T18:55:25.036+0000] {dagbag.py:537} INFO - Filling up the DagBag from /opt/airflow/dags/group_dag.py
[2023-09-04T18:55:25.064+0000] {processor.py:766} INFO - DAG(s) dict_keys(['group_dag']) retrieved from /opt/airflow/dags/group_dag.py
[2023-09-04T18:55:25.101+0000] {logging_mixin.py:120} INFO - [2023-09-04T18:55:25.100+0000] {dag.py:2585} INFO - Sync 1 DAGs
[2023-09-04T18:55:25.119+0000] {logging_mixin.py:120} INFO - [2023-09-04T18:55:25.118+0000] {dag.py:3340} INFO - Setting next_dagrun for group_dag to 2023-09-04T00:00:00+00:00, run_after=2023-09-05T00:00:00+00:00
[2023-09-04T18:55:25.128+0000] {processor.py:176} INFO - Processing /opt/airflow/dags/group_dag.py took 0.100 seconds
[2023-09-04T18:55:55.709+0000] {processor.py:154} INFO - Started process (PID=735) to work on /opt/airflow/dags/group_dag.py
[2023-09-04T18:55:55.711+0000] {processor.py:756} INFO - Processing file /opt/airflow/dags/group_dag.py for tasks to queue
[2023-09-04T18:55:55.713+0000] {logging_mixin.py:120} INFO - [2023-09-04T18:55:55.713+0000] {dagbag.py:537} INFO - Filling up the DagBag from /opt/airflow/dags/group_dag.py
[2023-09-04T18:55:55.756+0000] {processor.py:766} INFO - DAG(s) dict_keys(['group_dag']) retrieved from /opt/airflow/dags/group_dag.py
[2023-09-04T18:55:55.838+0000] {logging_mixin.py:120} INFO - [2023-09-04T18:55:55.838+0000] {dag.py:2585} INFO - Sync 1 DAGs
[2023-09-04T18:55:55.998+0000] {logging_mixin.py:120} INFO - [2023-09-04T18:55:55.997+0000] {dag.py:3340} INFO - Setting next_dagrun for group_dag to 2023-09-04T00:00:00+00:00, run_after=2023-09-05T00:00:00+00:00
[2023-09-04T18:55:56.141+0000] {processor.py:176} INFO - Processing /opt/airflow/dags/group_dag.py took 0.436 seconds
[2023-09-04T18:56:26.335+0000] {processor.py:154} INFO - Started process (PID=759) to work on /opt/airflow/dags/group_dag.py
[2023-09-04T18:56:26.336+0000] {processor.py:756} INFO - Processing file /opt/airflow/dags/group_dag.py for tasks to queue
[2023-09-04T18:56:26.337+0000] {logging_mixin.py:120} INFO - [2023-09-04T18:56:26.337+0000] {dagbag.py:537} INFO - Filling up the DagBag from /opt/airflow/dags/group_dag.py
[2023-09-04T18:56:26.352+0000] {processor.py:766} INFO - DAG(s) dict_keys(['group_dag']) retrieved from /opt/airflow/dags/group_dag.py
[2023-09-04T18:56:26.378+0000] {logging_mixin.py:120} INFO - [2023-09-04T18:56:26.378+0000] {dag.py:2585} INFO - Sync 1 DAGs
[2023-09-04T18:56:26.395+0000] {logging_mixin.py:120} INFO - [2023-09-04T18:56:26.394+0000] {dag.py:3340} INFO - Setting next_dagrun for group_dag to 2023-09-04T00:00:00+00:00, run_after=2023-09-05T00:00:00+00:00
[2023-09-04T18:56:26.406+0000] {processor.py:176} INFO - Processing /opt/airflow/dags/group_dag.py took 0.074 seconds
[2023-09-04T18:56:56.531+0000] {processor.py:154} INFO - Started process (PID=794) to work on /opt/airflow/dags/group_dag.py
[2023-09-04T18:56:56.532+0000] {processor.py:756} INFO - Processing file /opt/airflow/dags/group_dag.py for tasks to queue
[2023-09-04T18:56:56.533+0000] {logging_mixin.py:120} INFO - [2023-09-04T18:56:56.533+0000] {dagbag.py:537} INFO - Filling up the DagBag from /opt/airflow/dags/group_dag.py
[2023-09-04T18:56:56.551+0000] {processor.py:766} INFO - DAG(s) dict_keys(['group_dag']) retrieved from /opt/airflow/dags/group_dag.py
[2023-09-04T18:56:56.578+0000] {logging_mixin.py:120} INFO - [2023-09-04T18:56:56.578+0000] {dag.py:2585} INFO - Sync 1 DAGs
[2023-09-04T18:56:56.608+0000] {logging_mixin.py:120} INFO - [2023-09-04T18:56:56.607+0000] {dag.py:3340} INFO - Setting next_dagrun for group_dag to 2023-09-04T00:00:00+00:00, run_after=2023-09-05T00:00:00+00:00
[2023-09-04T18:56:56.620+0000] {processor.py:176} INFO - Processing /opt/airflow/dags/group_dag.py took 0.091 seconds
[2023-09-04T18:57:27.050+0000] {processor.py:154} INFO - Started process (PID=829) to work on /opt/airflow/dags/group_dag.py
[2023-09-04T18:57:27.052+0000] {processor.py:756} INFO - Processing file /opt/airflow/dags/group_dag.py for tasks to queue
[2023-09-04T18:57:27.052+0000] {logging_mixin.py:120} INFO - [2023-09-04T18:57:27.052+0000] {dagbag.py:537} INFO - Filling up the DagBag from /opt/airflow/dags/group_dag.py
[2023-09-04T18:57:27.094+0000] {processor.py:766} INFO - DAG(s) dict_keys(['group_dag']) retrieved from /opt/airflow/dags/group_dag.py
[2023-09-04T18:57:27.124+0000] {logging_mixin.py:120} INFO - [2023-09-04T18:57:27.124+0000] {dag.py:2585} INFO - Sync 1 DAGs
[2023-09-04T18:57:27.143+0000] {logging_mixin.py:120} INFO - [2023-09-04T18:57:27.143+0000] {dag.py:3340} INFO - Setting next_dagrun for group_dag to 2023-09-04T00:00:00+00:00, run_after=2023-09-05T00:00:00+00:00
[2023-09-04T18:57:27.153+0000] {processor.py:176} INFO - Processing /opt/airflow/dags/group_dag.py took 0.107 seconds
[2023-09-04T18:57:57.713+0000] {processor.py:154} INFO - Started process (PID=863) to work on /opt/airflow/dags/group_dag.py
[2023-09-04T18:57:57.718+0000] {processor.py:756} INFO - Processing file /opt/airflow/dags/group_dag.py for tasks to queue
[2023-09-04T18:57:57.723+0000] {logging_mixin.py:120} INFO - [2023-09-04T18:57:57.723+0000] {dagbag.py:537} INFO - Filling up the DagBag from /opt/airflow/dags/group_dag.py
[2023-09-04T18:57:57.751+0000] {processor.py:766} INFO - DAG(s) dict_keys(['group_dag']) retrieved from /opt/airflow/dags/group_dag.py
[2023-09-04T18:57:57.812+0000] {logging_mixin.py:120} INFO - [2023-09-04T18:57:57.812+0000] {dag.py:2585} INFO - Sync 1 DAGs
[2023-09-04T18:57:57.851+0000] {logging_mixin.py:120} INFO - [2023-09-04T18:57:57.851+0000] {dag.py:3340} INFO - Setting next_dagrun for group_dag to 2023-09-04T00:00:00+00:00, run_after=2023-09-05T00:00:00+00:00
[2023-09-04T18:57:57.886+0000] {processor.py:176} INFO - Processing /opt/airflow/dags/group_dag.py took 0.180 seconds
[2023-09-04T18:58:28.872+0000] {processor.py:154} INFO - Started process (PID=900) to work on /opt/airflow/dags/group_dag.py
[2023-09-04T18:58:28.873+0000] {processor.py:756} INFO - Processing file /opt/airflow/dags/group_dag.py for tasks to queue
[2023-09-04T18:58:28.874+0000] {logging_mixin.py:120} INFO - [2023-09-04T18:58:28.874+0000] {dagbag.py:537} INFO - Filling up the DagBag from /opt/airflow/dags/group_dag.py
[2023-09-04T18:58:28.891+0000] {processor.py:766} INFO - DAG(s) dict_keys(['group_dag']) retrieved from /opt/airflow/dags/group_dag.py
[2023-09-04T18:58:28.920+0000] {logging_mixin.py:120} INFO - [2023-09-04T18:58:28.920+0000] {dag.py:2585} INFO - Sync 1 DAGs
[2023-09-04T18:58:28.937+0000] {logging_mixin.py:120} INFO - [2023-09-04T18:58:28.937+0000] {dag.py:3340} INFO - Setting next_dagrun for group_dag to 2023-09-04T00:00:00+00:00, run_after=2023-09-05T00:00:00+00:00
[2023-09-04T18:58:28.947+0000] {processor.py:176} INFO - Processing /opt/airflow/dags/group_dag.py took 0.078 seconds
[2023-09-04T18:58:59.381+0000] {processor.py:154} INFO - Started process (PID=934) to work on /opt/airflow/dags/group_dag.py
[2023-09-04T18:58:59.382+0000] {processor.py:756} INFO - Processing file /opt/airflow/dags/group_dag.py for tasks to queue
[2023-09-04T18:58:59.382+0000] {logging_mixin.py:120} INFO - [2023-09-04T18:58:59.382+0000] {dagbag.py:537} INFO - Filling up the DagBag from /opt/airflow/dags/group_dag.py
[2023-09-04T18:58:59.399+0000] {processor.py:766} INFO - DAG(s) dict_keys(['group_dag']) retrieved from /opt/airflow/dags/group_dag.py
[2023-09-04T18:58:59.427+0000] {logging_mixin.py:120} INFO - [2023-09-04T18:58:59.427+0000] {dag.py:2585} INFO - Sync 1 DAGs
[2023-09-04T18:58:59.443+0000] {logging_mixin.py:120} INFO - [2023-09-04T18:58:59.443+0000] {dag.py:3340} INFO - Setting next_dagrun for group_dag to 2023-09-04T00:00:00+00:00, run_after=2023-09-05T00:00:00+00:00
[2023-09-04T18:58:59.453+0000] {processor.py:176} INFO - Processing /opt/airflow/dags/group_dag.py took 0.074 seconds
[2023-09-04T18:59:30.140+0000] {processor.py:154} INFO - Started process (PID=961) to work on /opt/airflow/dags/group_dag.py
[2023-09-04T18:59:30.141+0000] {processor.py:756} INFO - Processing file /opt/airflow/dags/group_dag.py for tasks to queue
[2023-09-04T18:59:30.142+0000] {logging_mixin.py:120} INFO - [2023-09-04T18:59:30.142+0000] {dagbag.py:537} INFO - Filling up the DagBag from /opt/airflow/dags/group_dag.py
[2023-09-04T18:59:30.167+0000] {processor.py:766} INFO - DAG(s) dict_keys(['group_dag']) retrieved from /opt/airflow/dags/group_dag.py
[2023-09-04T18:59:30.200+0000] {logging_mixin.py:120} INFO - [2023-09-04T18:59:30.200+0000] {dag.py:2585} INFO - Sync 1 DAGs
[2023-09-04T18:59:30.219+0000] {logging_mixin.py:120} INFO - [2023-09-04T18:59:30.218+0000] {dag.py:3340} INFO - Setting next_dagrun for group_dag to 2023-09-04T00:00:00+00:00, run_after=2023-09-05T00:00:00+00:00
[2023-09-04T18:59:30.229+0000] {processor.py:176} INFO - Processing /opt/airflow/dags/group_dag.py took 0.092 seconds
[2023-09-04T19:00:00.724+0000] {processor.py:154} INFO - Started process (PID=995) to work on /opt/airflow/dags/group_dag.py
[2023-09-04T19:00:00.726+0000] {processor.py:756} INFO - Processing file /opt/airflow/dags/group_dag.py for tasks to queue
[2023-09-04T19:00:00.727+0000] {logging_mixin.py:120} INFO - [2023-09-04T19:00:00.726+0000] {dagbag.py:537} INFO - Filling up the DagBag from /opt/airflow/dags/group_dag.py
[2023-09-04T19:00:00.757+0000] {processor.py:766} INFO - DAG(s) dict_keys(['group_dag']) retrieved from /opt/airflow/dags/group_dag.py
[2023-09-04T19:00:00.792+0000] {logging_mixin.py:120} INFO - [2023-09-04T19:00:00.792+0000] {dag.py:2585} INFO - Sync 1 DAGs
[2023-09-04T19:00:00.810+0000] {logging_mixin.py:120} INFO - [2023-09-04T19:00:00.810+0000] {dag.py:3340} INFO - Setting next_dagrun for group_dag to 2023-09-04T00:00:00+00:00, run_after=2023-09-05T00:00:00+00:00
[2023-09-04T19:00:00.820+0000] {processor.py:176} INFO - Processing /opt/airflow/dags/group_dag.py took 0.100 seconds
[2023-09-04T19:00:31.268+0000] {processor.py:154} INFO - Started process (PID=1029) to work on /opt/airflow/dags/group_dag.py
[2023-09-04T19:00:31.270+0000] {processor.py:756} INFO - Processing file /opt/airflow/dags/group_dag.py for tasks to queue
[2023-09-04T19:00:31.271+0000] {logging_mixin.py:120} INFO - [2023-09-04T19:00:31.270+0000] {dagbag.py:537} INFO - Filling up the DagBag from /opt/airflow/dags/group_dag.py
[2023-09-04T19:00:31.296+0000] {processor.py:766} INFO - DAG(s) dict_keys(['group_dag']) retrieved from /opt/airflow/dags/group_dag.py
[2023-09-04T19:00:31.325+0000] {logging_mixin.py:120} INFO - [2023-09-04T19:00:31.325+0000] {dag.py:2585} INFO - Sync 1 DAGs
[2023-09-04T19:00:31.343+0000] {logging_mixin.py:120} INFO - [2023-09-04T19:00:31.342+0000] {dag.py:3340} INFO - Setting next_dagrun for group_dag to 2023-09-04T00:00:00+00:00, run_after=2023-09-05T00:00:00+00:00
[2023-09-04T19:00:31.354+0000] {processor.py:176} INFO - Processing /opt/airflow/dags/group_dag.py took 0.089 seconds
[2023-09-04T19:01:01.953+0000] {processor.py:154} INFO - Started process (PID=1064) to work on /opt/airflow/dags/group_dag.py
[2023-09-04T19:01:01.954+0000] {processor.py:756} INFO - Processing file /opt/airflow/dags/group_dag.py for tasks to queue
[2023-09-04T19:01:01.955+0000] {logging_mixin.py:120} INFO - [2023-09-04T19:01:01.955+0000] {dagbag.py:537} INFO - Filling up the DagBag from /opt/airflow/dags/group_dag.py
[2023-09-04T19:01:01.988+0000] {processor.py:766} INFO - DAG(s) dict_keys(['group_dag']) retrieved from /opt/airflow/dags/group_dag.py
[2023-09-04T19:01:02.018+0000] {logging_mixin.py:120} INFO - [2023-09-04T19:01:02.018+0000] {dag.py:2585} INFO - Sync 1 DAGs
[2023-09-04T19:01:02.042+0000] {logging_mixin.py:120} INFO - [2023-09-04T19:01:02.041+0000] {dag.py:3340} INFO - Setting next_dagrun for group_dag to 2023-09-04T00:00:00+00:00, run_after=2023-09-05T00:00:00+00:00
[2023-09-04T19:01:02.057+0000] {processor.py:176} INFO - Processing /opt/airflow/dags/group_dag.py took 0.109 seconds
[2023-09-04T19:01:32.529+0000] {processor.py:154} INFO - Started process (PID=1099) to work on /opt/airflow/dags/group_dag.py
[2023-09-04T19:01:32.534+0000] {processor.py:756} INFO - Processing file /opt/airflow/dags/group_dag.py for tasks to queue
[2023-09-04T19:01:32.537+0000] {logging_mixin.py:120} INFO - [2023-09-04T19:01:32.536+0000] {dagbag.py:537} INFO - Filling up the DagBag from /opt/airflow/dags/group_dag.py
[2023-09-04T19:01:32.617+0000] {processor.py:766} INFO - DAG(s) dict_keys(['group_dag']) retrieved from /opt/airflow/dags/group_dag.py
[2023-09-04T19:01:32.708+0000] {logging_mixin.py:120} INFO - [2023-09-04T19:01:32.708+0000] {dag.py:2585} INFO - Sync 1 DAGs
[2023-09-04T19:01:32.754+0000] {logging_mixin.py:120} INFO - [2023-09-04T19:01:32.754+0000] {dag.py:3340} INFO - Setting next_dagrun for group_dag to 2023-09-04T00:00:00+00:00, run_after=2023-09-05T00:00:00+00:00
[2023-09-04T19:01:32.770+0000] {processor.py:176} INFO - Processing /opt/airflow/dags/group_dag.py took 0.247 seconds
[2023-09-04T19:02:03.733+0000] {processor.py:154} INFO - Started process (PID=1134) to work on /opt/airflow/dags/group_dag.py
[2023-09-04T19:02:03.735+0000] {processor.py:756} INFO - Processing file /opt/airflow/dags/group_dag.py for tasks to queue
[2023-09-04T19:02:03.737+0000] {logging_mixin.py:120} INFO - [2023-09-04T19:02:03.737+0000] {dagbag.py:537} INFO - Filling up the DagBag from /opt/airflow/dags/group_dag.py
[2023-09-04T19:02:03.817+0000] {processor.py:766} INFO - DAG(s) dict_keys(['group_dag']) retrieved from /opt/airflow/dags/group_dag.py
[2023-09-04T19:02:03.918+0000] {logging_mixin.py:120} INFO - [2023-09-04T19:02:03.909+0000] {dag.py:2585} INFO - Sync 1 DAGs
[2023-09-04T19:02:03.988+0000] {logging_mixin.py:120} INFO - [2023-09-04T19:02:03.988+0000] {dag.py:3340} INFO - Setting next_dagrun for group_dag to 2023-09-04T00:00:00+00:00, run_after=2023-09-05T00:00:00+00:00
[2023-09-04T19:02:04.017+0000] {processor.py:176} INFO - Processing /opt/airflow/dags/group_dag.py took 0.288 seconds
[2023-09-04T19:02:34.100+0000] {processor.py:154} INFO - Started process (PID=1160) to work on /opt/airflow/dags/group_dag.py
[2023-09-04T19:02:34.101+0000] {processor.py:756} INFO - Processing file /opt/airflow/dags/group_dag.py for tasks to queue
[2023-09-04T19:02:34.102+0000] {logging_mixin.py:120} INFO - [2023-09-04T19:02:34.102+0000] {dagbag.py:537} INFO - Filling up the DagBag from /opt/airflow/dags/group_dag.py
[2023-09-04T19:02:34.137+0000] {processor.py:766} INFO - DAG(s) dict_keys(['group_dag']) retrieved from /opt/airflow/dags/group_dag.py
[2023-09-04T19:02:34.193+0000] {logging_mixin.py:120} INFO - [2023-09-04T19:02:34.192+0000] {dag.py:2585} INFO - Sync 1 DAGs
[2023-09-04T19:02:34.212+0000] {logging_mixin.py:120} INFO - [2023-09-04T19:02:34.212+0000] {dag.py:3340} INFO - Setting next_dagrun for group_dag to 2023-09-04T00:00:00+00:00, run_after=2023-09-05T00:00:00+00:00
[2023-09-04T19:02:34.225+0000] {processor.py:176} INFO - Processing /opt/airflow/dags/group_dag.py took 0.129 seconds
[2023-09-04T19:03:04.939+0000] {processor.py:154} INFO - Started process (PID=1195) to work on /opt/airflow/dags/group_dag.py
[2023-09-04T19:03:04.940+0000] {processor.py:756} INFO - Processing file /opt/airflow/dags/group_dag.py for tasks to queue
[2023-09-04T19:03:04.941+0000] {logging_mixin.py:120} INFO - [2023-09-04T19:03:04.941+0000] {dagbag.py:537} INFO - Filling up the DagBag from /opt/airflow/dags/group_dag.py
[2023-09-04T19:03:04.968+0000] {processor.py:766} INFO - DAG(s) dict_keys(['group_dag']) retrieved from /opt/airflow/dags/group_dag.py
[2023-09-04T19:03:05.002+0000] {logging_mixin.py:120} INFO - [2023-09-04T19:03:05.001+0000] {dag.py:2585} INFO - Sync 1 DAGs
[2023-09-04T19:03:05.019+0000] {logging_mixin.py:120} INFO - [2023-09-04T19:03:05.019+0000] {dag.py:3340} INFO - Setting next_dagrun for group_dag to 2023-09-04T00:00:00+00:00, run_after=2023-09-05T00:00:00+00:00
[2023-09-04T19:03:05.029+0000] {processor.py:176} INFO - Processing /opt/airflow/dags/group_dag.py took 0.095 seconds
[2023-09-04T19:03:35.473+0000] {processor.py:154} INFO - Started process (PID=1230) to work on /opt/airflow/dags/group_dag.py
[2023-09-04T19:03:35.474+0000] {processor.py:756} INFO - Processing file /opt/airflow/dags/group_dag.py for tasks to queue
[2023-09-04T19:03:35.474+0000] {logging_mixin.py:120} INFO - [2023-09-04T19:03:35.474+0000] {dagbag.py:537} INFO - Filling up the DagBag from /opt/airflow/dags/group_dag.py
[2023-09-04T19:03:35.491+0000] {processor.py:766} INFO - DAG(s) dict_keys(['group_dag']) retrieved from /opt/airflow/dags/group_dag.py
[2023-09-04T19:03:35.515+0000] {logging_mixin.py:120} INFO - [2023-09-04T19:03:35.515+0000] {dag.py:2585} INFO - Sync 1 DAGs
[2023-09-04T19:03:35.528+0000] {logging_mixin.py:120} INFO - [2023-09-04T19:03:35.528+0000] {dag.py:3340} INFO - Setting next_dagrun for group_dag to 2023-09-04T00:00:00+00:00, run_after=2023-09-05T00:00:00+00:00
[2023-09-04T19:03:35.537+0000] {processor.py:176} INFO - Processing /opt/airflow/dags/group_dag.py took 0.067 seconds
[2023-09-04T19:04:06.025+0000] {processor.py:154} INFO - Started process (PID=1265) to work on /opt/airflow/dags/group_dag.py
[2023-09-04T19:04:06.026+0000] {processor.py:756} INFO - Processing file /opt/airflow/dags/group_dag.py for tasks to queue
[2023-09-04T19:04:06.027+0000] {logging_mixin.py:120} INFO - [2023-09-04T19:04:06.027+0000] {dagbag.py:537} INFO - Filling up the DagBag from /opt/airflow/dags/group_dag.py
[2023-09-04T19:04:06.049+0000] {processor.py:766} INFO - DAG(s) dict_keys(['group_dag']) retrieved from /opt/airflow/dags/group_dag.py
[2023-09-04T19:04:06.081+0000] {logging_mixin.py:120} INFO - [2023-09-04T19:04:06.081+0000] {dag.py:2585} INFO - Sync 1 DAGs
[2023-09-04T19:04:06.095+0000] {logging_mixin.py:120} INFO - [2023-09-04T19:04:06.095+0000] {dag.py:3340} INFO - Setting next_dagrun for group_dag to 2023-09-04T00:00:00+00:00, run_after=2023-09-05T00:00:00+00:00
[2023-09-04T19:04:06.105+0000] {processor.py:176} INFO - Processing /opt/airflow/dags/group_dag.py took 0.084 seconds
[2023-09-04T19:04:36.613+0000] {processor.py:154} INFO - Started process (PID=1299) to work on /opt/airflow/dags/group_dag.py
[2023-09-04T19:04:36.614+0000] {processor.py:756} INFO - Processing file /opt/airflow/dags/group_dag.py for tasks to queue
[2023-09-04T19:04:36.615+0000] {logging_mixin.py:120} INFO - [2023-09-04T19:04:36.615+0000] {dagbag.py:537} INFO - Filling up the DagBag from /opt/airflow/dags/group_dag.py
[2023-09-04T19:04:36.640+0000] {processor.py:766} INFO - DAG(s) dict_keys(['group_dag']) retrieved from /opt/airflow/dags/group_dag.py
[2023-09-04T19:04:36.670+0000] {logging_mixin.py:120} INFO - [2023-09-04T19:04:36.670+0000] {dag.py:2585} INFO - Sync 1 DAGs
[2023-09-04T19:04:36.687+0000] {logging_mixin.py:120} INFO - [2023-09-04T19:04:36.687+0000] {dag.py:3340} INFO - Setting next_dagrun for group_dag to 2023-09-04T00:00:00+00:00, run_after=2023-09-05T00:00:00+00:00
[2023-09-04T19:04:36.698+0000] {processor.py:176} INFO - Processing /opt/airflow/dags/group_dag.py took 0.089 seconds
[2023-09-04T19:05:07.219+0000] {processor.py:154} INFO - Started process (PID=1333) to work on /opt/airflow/dags/group_dag.py
[2023-09-04T19:05:07.220+0000] {processor.py:756} INFO - Processing file /opt/airflow/dags/group_dag.py for tasks to queue
[2023-09-04T19:05:07.220+0000] {logging_mixin.py:120} INFO - [2023-09-04T19:05:07.220+0000] {dagbag.py:537} INFO - Filling up the DagBag from /opt/airflow/dags/group_dag.py
[2023-09-04T19:05:07.250+0000] {processor.py:766} INFO - DAG(s) dict_keys(['group_dag']) retrieved from /opt/airflow/dags/group_dag.py
[2023-09-04T19:05:07.290+0000] {logging_mixin.py:120} INFO - [2023-09-04T19:05:07.290+0000] {dag.py:2585} INFO - Sync 1 DAGs
[2023-09-04T19:05:07.312+0000] {logging_mixin.py:120} INFO - [2023-09-04T19:05:07.312+0000] {dag.py:3340} INFO - Setting next_dagrun for group_dag to 2023-09-04T00:00:00+00:00, run_after=2023-09-05T00:00:00+00:00
[2023-09-04T19:05:07.328+0000] {processor.py:176} INFO - Processing /opt/airflow/dags/group_dag.py took 0.114 seconds
[2023-09-04T19:05:38.098+0000] {processor.py:154} INFO - Started process (PID=1359) to work on /opt/airflow/dags/group_dag.py
[2023-09-04T19:05:38.100+0000] {processor.py:756} INFO - Processing file /opt/airflow/dags/group_dag.py for tasks to queue
[2023-09-04T19:05:38.101+0000] {logging_mixin.py:120} INFO - [2023-09-04T19:05:38.100+0000] {dagbag.py:537} INFO - Filling up the DagBag from /opt/airflow/dags/group_dag.py
[2023-09-04T19:05:38.132+0000] {processor.py:766} INFO - DAG(s) dict_keys(['group_dag']) retrieved from /opt/airflow/dags/group_dag.py
[2023-09-04T19:05:38.172+0000] {logging_mixin.py:120} INFO - [2023-09-04T19:05:38.172+0000] {dag.py:2585} INFO - Sync 1 DAGs
[2023-09-04T19:05:38.192+0000] {logging_mixin.py:120} INFO - [2023-09-04T19:05:38.192+0000] {dag.py:3340} INFO - Setting next_dagrun for group_dag to 2023-09-04T00:00:00+00:00, run_after=2023-09-05T00:00:00+00:00
[2023-09-04T19:05:38.203+0000] {processor.py:176} INFO - Processing /opt/airflow/dags/group_dag.py took 0.111 seconds
[2023-09-04T19:06:08.717+0000] {processor.py:154} INFO - Started process (PID=1394) to work on /opt/airflow/dags/group_dag.py
[2023-09-04T19:06:08.718+0000] {processor.py:756} INFO - Processing file /opt/airflow/dags/group_dag.py for tasks to queue
[2023-09-04T19:06:08.719+0000] {logging_mixin.py:120} INFO - [2023-09-04T19:06:08.719+0000] {dagbag.py:537} INFO - Filling up the DagBag from /opt/airflow/dags/group_dag.py
[2023-09-04T19:06:08.739+0000] {processor.py:766} INFO - DAG(s) dict_keys(['group_dag']) retrieved from /opt/airflow/dags/group_dag.py
[2023-09-04T19:06:08.772+0000] {logging_mixin.py:120} INFO - [2023-09-04T19:06:08.772+0000] {dag.py:2585} INFO - Sync 1 DAGs
[2023-09-04T19:06:08.790+0000] {logging_mixin.py:120} INFO - [2023-09-04T19:06:08.789+0000] {dag.py:3340} INFO - Setting next_dagrun for group_dag to 2023-09-04T00:00:00+00:00, run_after=2023-09-05T00:00:00+00:00
[2023-09-04T19:06:08.800+0000] {processor.py:176} INFO - Processing /opt/airflow/dags/group_dag.py took 0.087 seconds
[2023-09-04T19:06:39.376+0000] {processor.py:154} INFO - Started process (PID=1429) to work on /opt/airflow/dags/group_dag.py
[2023-09-04T19:06:39.378+0000] {processor.py:756} INFO - Processing file /opt/airflow/dags/group_dag.py for tasks to queue
[2023-09-04T19:06:39.379+0000] {logging_mixin.py:120} INFO - [2023-09-04T19:06:39.379+0000] {dagbag.py:537} INFO - Filling up the DagBag from /opt/airflow/dags/group_dag.py
[2023-09-04T19:06:39.409+0000] {processor.py:766} INFO - DAG(s) dict_keys(['group_dag']) retrieved from /opt/airflow/dags/group_dag.py
[2023-09-04T19:06:39.442+0000] {logging_mixin.py:120} INFO - [2023-09-04T19:06:39.442+0000] {dag.py:2585} INFO - Sync 1 DAGs
[2023-09-04T19:06:39.460+0000] {logging_mixin.py:120} INFO - [2023-09-04T19:06:39.460+0000] {dag.py:3340} INFO - Setting next_dagrun for group_dag to 2023-09-04T00:00:00+00:00, run_after=2023-09-05T00:00:00+00:00
[2023-09-04T19:06:39.470+0000] {processor.py:176} INFO - Processing /opt/airflow/dags/group_dag.py took 0.099 seconds
[2023-09-04T19:07:10.046+0000] {processor.py:154} INFO - Started process (PID=1464) to work on /opt/airflow/dags/group_dag.py
[2023-09-04T19:07:10.047+0000] {processor.py:756} INFO - Processing file /opt/airflow/dags/group_dag.py for tasks to queue
[2023-09-04T19:07:10.048+0000] {logging_mixin.py:120} INFO - [2023-09-04T19:07:10.048+0000] {dagbag.py:537} INFO - Filling up the DagBag from /opt/airflow/dags/group_dag.py
[2023-09-04T19:07:10.078+0000] {processor.py:766} INFO - DAG(s) dict_keys(['group_dag']) retrieved from /opt/airflow/dags/group_dag.py
[2023-09-04T19:07:10.113+0000] {logging_mixin.py:120} INFO - [2023-09-04T19:07:10.113+0000] {dag.py:2585} INFO - Sync 1 DAGs
[2023-09-04T19:07:10.130+0000] {logging_mixin.py:120} INFO - [2023-09-04T19:07:10.130+0000] {dag.py:3340} INFO - Setting next_dagrun for group_dag to 2023-09-04T00:00:00+00:00, run_after=2023-09-05T00:00:00+00:00
[2023-09-04T19:07:10.139+0000] {processor.py:176} INFO - Processing /opt/airflow/dags/group_dag.py took 0.098 seconds
[2023-09-04T19:07:40.627+0000] {processor.py:154} INFO - Started process (PID=1498) to work on /opt/airflow/dags/group_dag.py
[2023-09-04T19:07:40.628+0000] {processor.py:756} INFO - Processing file /opt/airflow/dags/group_dag.py for tasks to queue
[2023-09-04T19:07:40.629+0000] {logging_mixin.py:120} INFO - [2023-09-04T19:07:40.629+0000] {dagbag.py:537} INFO - Filling up the DagBag from /opt/airflow/dags/group_dag.py
[2023-09-04T19:07:40.655+0000] {processor.py:766} INFO - DAG(s) dict_keys(['group_dag']) retrieved from /opt/airflow/dags/group_dag.py
[2023-09-04T19:07:40.686+0000] {logging_mixin.py:120} INFO - [2023-09-04T19:07:40.686+0000] {dag.py:2585} INFO - Sync 1 DAGs
[2023-09-04T19:07:40.702+0000] {logging_mixin.py:120} INFO - [2023-09-04T19:07:40.702+0000] {dag.py:3340} INFO - Setting next_dagrun for group_dag to 2023-09-04T00:00:00+00:00, run_after=2023-09-05T00:00:00+00:00
[2023-09-04T19:07:40.712+0000] {processor.py:176} INFO - Processing /opt/airflow/dags/group_dag.py took 0.089 seconds
[2023-09-04T19:08:11.284+0000] {processor.py:154} INFO - Started process (PID=1533) to work on /opt/airflow/dags/group_dag.py
[2023-09-04T19:08:11.285+0000] {processor.py:756} INFO - Processing file /opt/airflow/dags/group_dag.py for tasks to queue
[2023-09-04T19:08:11.285+0000] {logging_mixin.py:120} INFO - [2023-09-04T19:08:11.285+0000] {dagbag.py:537} INFO - Filling up the DagBag from /opt/airflow/dags/group_dag.py
[2023-09-04T19:08:11.304+0000] {processor.py:766} INFO - DAG(s) dict_keys(['group_dag']) retrieved from /opt/airflow/dags/group_dag.py
[2023-09-04T19:08:11.330+0000] {logging_mixin.py:120} INFO - [2023-09-04T19:08:11.330+0000] {dag.py:2585} INFO - Sync 1 DAGs
[2023-09-04T19:08:11.346+0000] {logging_mixin.py:120} INFO - [2023-09-04T19:08:11.346+0000] {dag.py:3340} INFO - Setting next_dagrun for group_dag to 2023-09-04T00:00:00+00:00, run_after=2023-09-05T00:00:00+00:00
[2023-09-04T19:08:11.356+0000] {processor.py:176} INFO - Processing /opt/airflow/dags/group_dag.py took 0.074 seconds
[2023-09-04T19:08:41.940+0000] {processor.py:154} INFO - Started process (PID=1559) to work on /opt/airflow/dags/group_dag.py
[2023-09-04T19:08:41.941+0000] {processor.py:756} INFO - Processing file /opt/airflow/dags/group_dag.py for tasks to queue
[2023-09-04T19:08:41.942+0000] {logging_mixin.py:120} INFO - [2023-09-04T19:08:41.942+0000] {dagbag.py:537} INFO - Filling up the DagBag from /opt/airflow/dags/group_dag.py
[2023-09-04T19:08:41.973+0000] {processor.py:766} INFO - DAG(s) dict_keys(['group_dag']) retrieved from /opt/airflow/dags/group_dag.py
[2023-09-04T19:08:42.006+0000] {logging_mixin.py:120} INFO - [2023-09-04T19:08:42.006+0000] {dag.py:2585} INFO - Sync 1 DAGs
[2023-09-04T19:08:42.023+0000] {logging_mixin.py:120} INFO - [2023-09-04T19:08:42.023+0000] {dag.py:3340} INFO - Setting next_dagrun for group_dag to 2023-09-04T00:00:00+00:00, run_after=2023-09-05T00:00:00+00:00
[2023-09-04T19:08:42.033+0000] {processor.py:176} INFO - Processing /opt/airflow/dags/group_dag.py took 0.098 seconds
[2023-09-04T19:09:12.525+0000] {processor.py:154} INFO - Started process (PID=1594) to work on /opt/airflow/dags/group_dag.py
[2023-09-04T19:09:12.527+0000] {processor.py:756} INFO - Processing file /opt/airflow/dags/group_dag.py for tasks to queue
[2023-09-04T19:09:12.529+0000] {logging_mixin.py:120} INFO - [2023-09-04T19:09:12.528+0000] {dagbag.py:537} INFO - Filling up the DagBag from /opt/airflow/dags/group_dag.py
[2023-09-04T19:09:12.577+0000] {processor.py:766} INFO - DAG(s) dict_keys(['group_dag']) retrieved from /opt/airflow/dags/group_dag.py
[2023-09-04T19:09:12.623+0000] {logging_mixin.py:120} INFO - [2023-09-04T19:09:12.623+0000] {dag.py:2585} INFO - Sync 1 DAGs
[2023-09-04T19:09:12.654+0000] {logging_mixin.py:120} INFO - [2023-09-04T19:09:12.653+0000] {dag.py:3340} INFO - Setting next_dagrun for group_dag to 2023-09-04T00:00:00+00:00, run_after=2023-09-05T00:00:00+00:00
[2023-09-04T19:09:12.674+0000] {processor.py:176} INFO - Processing /opt/airflow/dags/group_dag.py took 0.158 seconds
[2023-09-04T19:40:47.583+0000] {processor.py:154} INFO - Started process (PID=1621) to work on /opt/airflow/dags/group_dag.py
[2023-09-04T19:40:47.585+0000] {processor.py:756} INFO - Processing file /opt/airflow/dags/group_dag.py for tasks to queue
[2023-09-04T19:40:47.585+0000] {logging_mixin.py:120} INFO - [2023-09-04T19:40:47.585+0000] {dagbag.py:537} INFO - Filling up the DagBag from /opt/airflow/dags/group_dag.py
[2023-09-04T19:40:47.612+0000] {processor.py:766} INFO - DAG(s) dict_keys(['group_dag']) retrieved from /opt/airflow/dags/group_dag.py
[2023-09-04T19:40:47.677+0000] {logging_mixin.py:120} INFO - [2023-09-04T19:40:47.676+0000] {dag.py:2585} INFO - Sync 1 DAGs
[2023-09-04T19:40:47.700+0000] {logging_mixin.py:120} INFO - [2023-09-04T19:40:47.700+0000] {dag.py:3340} INFO - Setting next_dagrun for group_dag to 2023-09-04T00:00:00+00:00, run_after=2023-09-05T00:00:00+00:00
[2023-09-04T19:40:47.717+0000] {processor.py:176} INFO - Processing /opt/airflow/dags/group_dag.py took 0.138 seconds
[2023-09-04T20:06:15.930+0000] {processor.py:154} INFO - Started process (PID=1655) to work on /opt/airflow/dags/group_dag.py
[2023-09-04T20:06:15.932+0000] {processor.py:756} INFO - Processing file /opt/airflow/dags/group_dag.py for tasks to queue
[2023-09-04T20:06:15.933+0000] {logging_mixin.py:120} INFO - [2023-09-04T20:06:15.933+0000] {dagbag.py:537} INFO - Filling up the DagBag from /opt/airflow/dags/group_dag.py
[2023-09-04T20:06:15.966+0000] {processor.py:766} INFO - DAG(s) dict_keys(['group_dag']) retrieved from /opt/airflow/dags/group_dag.py
[2023-09-04T20:06:16.059+0000] {logging_mixin.py:120} INFO - [2023-09-04T20:06:16.059+0000] {dag.py:2585} INFO - Sync 1 DAGs
[2023-09-04T20:06:16.096+0000] {logging_mixin.py:120} INFO - [2023-09-04T20:06:16.095+0000] {dag.py:3340} INFO - Setting next_dagrun for group_dag to 2023-09-04T00:00:00+00:00, run_after=2023-09-05T00:00:00+00:00
[2023-09-04T20:06:16.117+0000] {processor.py:176} INFO - Processing /opt/airflow/dags/group_dag.py took 0.192 seconds
[2023-09-04T20:06:46.364+0000] {processor.py:154} INFO - Started process (PID=1690) to work on /opt/airflow/dags/group_dag.py
[2023-09-04T20:06:46.365+0000] {processor.py:756} INFO - Processing file /opt/airflow/dags/group_dag.py for tasks to queue
[2023-09-04T20:06:46.366+0000] {logging_mixin.py:120} INFO - [2023-09-04T20:06:46.366+0000] {dagbag.py:537} INFO - Filling up the DagBag from /opt/airflow/dags/group_dag.py
[2023-09-04T20:06:46.382+0000] {processor.py:766} INFO - DAG(s) dict_keys(['group_dag']) retrieved from /opt/airflow/dags/group_dag.py
[2023-09-04T20:06:46.408+0000] {logging_mixin.py:120} INFO - [2023-09-04T20:06:46.408+0000] {dag.py:2585} INFO - Sync 1 DAGs
[2023-09-04T20:06:46.423+0000] {logging_mixin.py:120} INFO - [2023-09-04T20:06:46.423+0000] {dag.py:3340} INFO - Setting next_dagrun for group_dag to 2023-09-04T00:00:00+00:00, run_after=2023-09-05T00:00:00+00:00
[2023-09-04T20:06:46.432+0000] {processor.py:176} INFO - Processing /opt/airflow/dags/group_dag.py took 0.072 seconds
[2023-09-04T20:07:17.049+0000] {processor.py:154} INFO - Started process (PID=1724) to work on /opt/airflow/dags/group_dag.py
[2023-09-04T20:07:17.050+0000] {processor.py:756} INFO - Processing file /opt/airflow/dags/group_dag.py for tasks to queue
[2023-09-04T20:07:17.050+0000] {logging_mixin.py:120} INFO - [2023-09-04T20:07:17.050+0000] {dagbag.py:537} INFO - Filling up the DagBag from /opt/airflow/dags/group_dag.py
[2023-09-04T20:07:17.065+0000] {processor.py:766} INFO - DAG(s) dict_keys(['group_dag']) retrieved from /opt/airflow/dags/group_dag.py
[2023-09-04T20:07:17.090+0000] {logging_mixin.py:120} INFO - [2023-09-04T20:07:17.090+0000] {dag.py:2585} INFO - Sync 1 DAGs
[2023-09-04T20:07:17.105+0000] {logging_mixin.py:120} INFO - [2023-09-04T20:07:17.105+0000] {dag.py:3340} INFO - Setting next_dagrun for group_dag to 2023-09-04T00:00:00+00:00, run_after=2023-09-05T00:00:00+00:00
[2023-09-04T20:07:17.115+0000] {processor.py:176} INFO - Processing /opt/airflow/dags/group_dag.py took 0.069 seconds
[2023-09-04T20:07:47.805+0000] {processor.py:154} INFO - Started process (PID=1758) to work on /opt/airflow/dags/group_dag.py
[2023-09-04T20:07:47.806+0000] {processor.py:756} INFO - Processing file /opt/airflow/dags/group_dag.py for tasks to queue
[2023-09-04T20:07:47.807+0000] {logging_mixin.py:120} INFO - [2023-09-04T20:07:47.807+0000] {dagbag.py:537} INFO - Filling up the DagBag from /opt/airflow/dags/group_dag.py
[2023-09-04T20:07:47.821+0000] {processor.py:766} INFO - DAG(s) dict_keys(['group_dag']) retrieved from /opt/airflow/dags/group_dag.py
[2023-09-04T20:07:47.847+0000] {logging_mixin.py:120} INFO - [2023-09-04T20:07:47.847+0000] {dag.py:2585} INFO - Sync 1 DAGs
[2023-09-04T20:07:47.862+0000] {logging_mixin.py:120} INFO - [2023-09-04T20:07:47.862+0000] {dag.py:3340} INFO - Setting next_dagrun for group_dag to 2023-09-04T00:00:00+00:00, run_after=2023-09-05T00:00:00+00:00
[2023-09-04T20:07:47.872+0000] {processor.py:176} INFO - Processing /opt/airflow/dags/group_dag.py took 0.069 seconds
[2023-09-04T20:08:18.494+0000] {processor.py:154} INFO - Started process (PID=1785) to work on /opt/airflow/dags/group_dag.py
[2023-09-04T20:08:18.495+0000] {processor.py:756} INFO - Processing file /opt/airflow/dags/group_dag.py for tasks to queue
[2023-09-04T20:08:18.495+0000] {logging_mixin.py:120} INFO - [2023-09-04T20:08:18.495+0000] {dagbag.py:537} INFO - Filling up the DagBag from /opt/airflow/dags/group_dag.py
[2023-09-04T20:08:18.510+0000] {processor.py:766} INFO - DAG(s) dict_keys(['group_dag']) retrieved from /opt/airflow/dags/group_dag.py
[2023-09-04T20:08:18.535+0000] {logging_mixin.py:120} INFO - [2023-09-04T20:08:18.535+0000] {dag.py:2585} INFO - Sync 1 DAGs
[2023-09-04T20:08:18.549+0000] {logging_mixin.py:120} INFO - [2023-09-04T20:08:18.549+0000] {dag.py:3340} INFO - Setting next_dagrun for group_dag to 2023-09-04T00:00:00+00:00, run_after=2023-09-05T00:00:00+00:00
[2023-09-04T20:08:18.559+0000] {processor.py:176} INFO - Processing /opt/airflow/dags/group_dag.py took 0.069 seconds
[2023-09-04T20:08:49.267+0000] {processor.py:154} INFO - Started process (PID=1820) to work on /opt/airflow/dags/group_dag.py
[2023-09-04T20:08:49.268+0000] {processor.py:756} INFO - Processing file /opt/airflow/dags/group_dag.py for tasks to queue
[2023-09-04T20:08:49.269+0000] {logging_mixin.py:120} INFO - [2023-09-04T20:08:49.269+0000] {dagbag.py:537} INFO - Filling up the DagBag from /opt/airflow/dags/group_dag.py
[2023-09-04T20:08:49.282+0000] {processor.py:766} INFO - DAG(s) dict_keys(['group_dag']) retrieved from /opt/airflow/dags/group_dag.py
[2023-09-04T20:08:49.306+0000] {logging_mixin.py:120} INFO - [2023-09-04T20:08:49.306+0000] {dag.py:2585} INFO - Sync 1 DAGs
[2023-09-04T20:08:49.319+0000] {logging_mixin.py:120} INFO - [2023-09-04T20:08:49.319+0000] {dag.py:3340} INFO - Setting next_dagrun for group_dag to 2023-09-04T00:00:00+00:00, run_after=2023-09-05T00:00:00+00:00
[2023-09-04T20:08:49.327+0000] {processor.py:176} INFO - Processing /opt/airflow/dags/group_dag.py took 0.062 seconds
[2023-09-04T20:09:19.969+0000] {processor.py:154} INFO - Started process (PID=1855) to work on /opt/airflow/dags/group_dag.py
[2023-09-04T20:09:19.970+0000] {processor.py:756} INFO - Processing file /opt/airflow/dags/group_dag.py for tasks to queue
[2023-09-04T20:09:19.970+0000] {logging_mixin.py:120} INFO - [2023-09-04T20:09:19.970+0000] {dagbag.py:537} INFO - Filling up the DagBag from /opt/airflow/dags/group_dag.py
[2023-09-04T20:09:19.985+0000] {processor.py:766} INFO - DAG(s) dict_keys(['group_dag']) retrieved from /opt/airflow/dags/group_dag.py
[2023-09-04T20:09:20.020+0000] {logging_mixin.py:120} INFO - [2023-09-04T20:09:20.020+0000] {dag.py:2585} INFO - Sync 1 DAGs
[2023-09-04T20:09:20.058+0000] {logging_mixin.py:120} INFO - [2023-09-04T20:09:20.057+0000] {dag.py:3340} INFO - Setting next_dagrun for group_dag to 2023-09-04T00:00:00+00:00, run_after=2023-09-05T00:00:00+00:00
[2023-09-04T20:09:20.114+0000] {processor.py:176} INFO - Processing /opt/airflow/dags/group_dag.py took 0.146 seconds
[2023-09-04T20:09:50.694+0000] {processor.py:154} INFO - Started process (PID=1890) to work on /opt/airflow/dags/group_dag.py
[2023-09-04T20:09:50.695+0000] {processor.py:756} INFO - Processing file /opt/airflow/dags/group_dag.py for tasks to queue
[2023-09-04T20:09:50.695+0000] {logging_mixin.py:120} INFO - [2023-09-04T20:09:50.695+0000] {dagbag.py:537} INFO - Filling up the DagBag from /opt/airflow/dags/group_dag.py
[2023-09-04T20:09:50.708+0000] {processor.py:766} INFO - DAG(s) dict_keys(['group_dag']) retrieved from /opt/airflow/dags/group_dag.py
[2023-09-04T20:09:50.732+0000] {logging_mixin.py:120} INFO - [2023-09-04T20:09:50.732+0000] {dag.py:2585} INFO - Sync 1 DAGs
[2023-09-04T20:09:50.745+0000] {logging_mixin.py:120} INFO - [2023-09-04T20:09:50.745+0000] {dag.py:3340} INFO - Setting next_dagrun for group_dag to 2023-09-04T00:00:00+00:00, run_after=2023-09-05T00:00:00+00:00
[2023-09-04T20:09:50.754+0000] {processor.py:176} INFO - Processing /opt/airflow/dags/group_dag.py took 0.061 seconds
[2023-09-04T20:10:21.389+0000] {processor.py:154} INFO - Started process (PID=1925) to work on /opt/airflow/dags/group_dag.py
[2023-09-04T20:10:21.390+0000] {processor.py:756} INFO - Processing file /opt/airflow/dags/group_dag.py for tasks to queue
[2023-09-04T20:10:21.391+0000] {logging_mixin.py:120} INFO - [2023-09-04T20:10:21.391+0000] {dagbag.py:537} INFO - Filling up the DagBag from /opt/airflow/dags/group_dag.py
[2023-09-04T20:10:21.407+0000] {processor.py:766} INFO - DAG(s) dict_keys(['group_dag']) retrieved from /opt/airflow/dags/group_dag.py
[2023-09-04T20:10:21.434+0000] {logging_mixin.py:120} INFO - [2023-09-04T20:10:21.434+0000] {dag.py:2585} INFO - Sync 1 DAGs
[2023-09-04T20:10:21.450+0000] {logging_mixin.py:120} INFO - [2023-09-04T20:10:21.450+0000] {dag.py:3340} INFO - Setting next_dagrun for group_dag to 2023-09-04T00:00:00+00:00, run_after=2023-09-05T00:00:00+00:00
[2023-09-04T20:10:21.461+0000] {processor.py:176} INFO - Processing /opt/airflow/dags/group_dag.py took 0.074 seconds
