[2023-09-04T18:45:41.584+0000] {processor.py:154} INFO - Started process (PID=34) to work on /opt/airflow/dags/inside_group_dag.py
[2023-09-04T18:45:41.587+0000] {processor.py:756} INFO - Processing file /opt/airflow/dags/inside_group_dag.py for tasks to queue
[2023-09-04T18:45:41.588+0000] {logging_mixin.py:120} INFO - [2023-09-04T18:45:41.588+0000] {dagbag.py:537} INFO - Filling up the DagBag from /opt/airflow/dags/inside_group_dag.py
[2023-09-04T18:45:41.632+0000] {processor.py:766} INFO - DAG(s) dict_keys(['inside_group_dag']) retrieved from /opt/airflow/dags/inside_group_dag.py
[2023-09-04T18:45:41.692+0000] {logging_mixin.py:120} INFO - [2023-09-04T18:45:41.692+0000] {dag.py:2585} INFO - Sync 1 DAGs
[2023-09-04T18:45:41.852+0000] {logging_mixin.py:120} INFO - [2023-09-04T18:45:41.852+0000] {dag.py:3340} INFO - Setting next_dagrun for inside_group_dag to 2023-09-04T00:00:00+00:00, run_after=2023-09-05T00:00:00+00:00
[2023-09-04T18:45:41.877+0000] {processor.py:176} INFO - Processing /opt/airflow/dags/inside_group_dag.py took 0.295 seconds
[2023-09-04T18:46:12.895+0000] {processor.py:154} INFO - Started process (PID=95) to work on /opt/airflow/dags/inside_group_dag.py
[2023-09-04T18:46:12.899+0000] {processor.py:756} INFO - Processing file /opt/airflow/dags/inside_group_dag.py for tasks to queue
[2023-09-04T18:46:12.916+0000] {logging_mixin.py:120} INFO - [2023-09-04T18:46:12.913+0000] {dagbag.py:537} INFO - Filling up the DagBag from /opt/airflow/dags/inside_group_dag.py
[2023-09-04T18:46:13.072+0000] {processor.py:766} INFO - DAG(s) dict_keys(['inside_group_dag']) retrieved from /opt/airflow/dags/inside_group_dag.py
[2023-09-04T18:46:13.202+0000] {logging_mixin.py:120} INFO - [2023-09-04T18:46:13.202+0000] {dag.py:2585} INFO - Sync 1 DAGs
[2023-09-04T18:46:13.253+0000] {logging_mixin.py:120} INFO - [2023-09-04T18:46:13.253+0000] {dag.py:3340} INFO - Setting next_dagrun for inside_group_dag to 2023-09-04T00:00:00+00:00, run_after=2023-09-05T00:00:00+00:00
[2023-09-04T18:46:13.271+0000] {processor.py:176} INFO - Processing /opt/airflow/dags/inside_group_dag.py took 0.401 seconds
[2023-09-04T18:46:44.226+0000] {processor.py:154} INFO - Started process (PID=136) to work on /opt/airflow/dags/inside_group_dag.py
[2023-09-04T18:46:44.228+0000] {processor.py:756} INFO - Processing file /opt/airflow/dags/inside_group_dag.py for tasks to queue
[2023-09-04T18:46:44.228+0000] {logging_mixin.py:120} INFO - [2023-09-04T18:46:44.228+0000] {dagbag.py:537} INFO - Filling up the DagBag from /opt/airflow/dags/inside_group_dag.py
[2023-09-04T18:46:44.255+0000] {processor.py:766} INFO - DAG(s) dict_keys(['inside_group_dag']) retrieved from /opt/airflow/dags/inside_group_dag.py
[2023-09-04T18:46:44.318+0000] {logging_mixin.py:120} INFO - [2023-09-04T18:46:44.318+0000] {dag.py:2585} INFO - Sync 1 DAGs
[2023-09-04T18:46:44.347+0000] {logging_mixin.py:120} INFO - [2023-09-04T18:46:44.347+0000] {dag.py:3340} INFO - Setting next_dagrun for inside_group_dag to 2023-09-04T00:00:00+00:00, run_after=2023-09-05T00:00:00+00:00
[2023-09-04T18:46:44.362+0000] {processor.py:176} INFO - Processing /opt/airflow/dags/inside_group_dag.py took 0.140 seconds
[2023-09-04T18:47:14.971+0000] {processor.py:154} INFO - Started process (PID=162) to work on /opt/airflow/dags/inside_group_dag.py
[2023-09-04T18:47:14.973+0000] {processor.py:756} INFO - Processing file /opt/airflow/dags/inside_group_dag.py for tasks to queue
[2023-09-04T18:47:14.974+0000] {logging_mixin.py:120} INFO - [2023-09-04T18:47:14.974+0000] {dagbag.py:537} INFO - Filling up the DagBag from /opt/airflow/dags/inside_group_dag.py
[2023-09-04T18:47:15.001+0000] {processor.py:766} INFO - DAG(s) dict_keys(['inside_group_dag']) retrieved from /opt/airflow/dags/inside_group_dag.py
[2023-09-04T18:47:15.106+0000] {logging_mixin.py:120} INFO - [2023-09-04T18:47:15.105+0000] {dag.py:2585} INFO - Sync 1 DAGs
[2023-09-04T18:47:15.164+0000] {logging_mixin.py:120} INFO - [2023-09-04T18:47:15.163+0000] {dag.py:3340} INFO - Setting next_dagrun for inside_group_dag to 2023-09-04T00:00:00+00:00, run_after=2023-09-05T00:00:00+00:00
[2023-09-04T18:47:15.189+0000] {processor.py:176} INFO - Processing /opt/airflow/dags/inside_group_dag.py took 0.224 seconds
[2023-09-04T18:47:45.853+0000] {processor.py:154} INFO - Started process (PID=196) to work on /opt/airflow/dags/inside_group_dag.py
[2023-09-04T18:47:45.856+0000] {processor.py:756} INFO - Processing file /opt/airflow/dags/inside_group_dag.py for tasks to queue
[2023-09-04T18:47:45.857+0000] {logging_mixin.py:120} INFO - [2023-09-04T18:47:45.857+0000] {dagbag.py:537} INFO - Filling up the DagBag from /opt/airflow/dags/inside_group_dag.py
[2023-09-04T18:47:45.915+0000] {processor.py:766} INFO - DAG(s) dict_keys(['inside_group_dag']) retrieved from /opt/airflow/dags/inside_group_dag.py
[2023-09-04T18:47:46.016+0000] {logging_mixin.py:120} INFO - [2023-09-04T18:47:46.016+0000] {dag.py:2585} INFO - Sync 1 DAGs
[2023-09-04T18:47:46.045+0000] {logging_mixin.py:120} INFO - [2023-09-04T18:47:46.045+0000] {dag.py:3340} INFO - Setting next_dagrun for inside_group_dag to 2023-09-04T00:00:00+00:00, run_after=2023-09-05T00:00:00+00:00
[2023-09-04T18:47:46.060+0000] {processor.py:176} INFO - Processing /opt/airflow/dags/inside_group_dag.py took 0.215 seconds
[2023-09-04T18:48:16.750+0000] {processor.py:154} INFO - Started process (PID=231) to work on /opt/airflow/dags/inside_group_dag.py
[2023-09-04T18:48:16.753+0000] {processor.py:756} INFO - Processing file /opt/airflow/dags/inside_group_dag.py for tasks to queue
[2023-09-04T18:48:16.755+0000] {logging_mixin.py:120} INFO - [2023-09-04T18:48:16.755+0000] {dagbag.py:537} INFO - Filling up the DagBag from /opt/airflow/dags/inside_group_dag.py
[2023-09-04T18:48:16.797+0000] {processor.py:766} INFO - DAG(s) dict_keys(['inside_group_dag']) retrieved from /opt/airflow/dags/inside_group_dag.py
[2023-09-04T18:48:16.849+0000] {logging_mixin.py:120} INFO - [2023-09-04T18:48:16.849+0000] {dag.py:2585} INFO - Sync 1 DAGs
[2023-09-04T18:48:16.868+0000] {logging_mixin.py:120} INFO - [2023-09-04T18:48:16.868+0000] {dag.py:3340} INFO - Setting next_dagrun for inside_group_dag to 2023-09-04T00:00:00+00:00, run_after=2023-09-05T00:00:00+00:00
[2023-09-04T18:48:16.880+0000] {processor.py:176} INFO - Processing /opt/airflow/dags/inside_group_dag.py took 0.143 seconds
[2023-09-04T18:48:46.927+0000] {processor.py:154} INFO - Started process (PID=264) to work on /opt/airflow/dags/inside_group_dag.py
[2023-09-04T18:48:46.929+0000] {processor.py:756} INFO - Processing file /opt/airflow/dags/inside_group_dag.py for tasks to queue
[2023-09-04T18:48:46.929+0000] {logging_mixin.py:120} INFO - [2023-09-04T18:48:46.929+0000] {dagbag.py:537} INFO - Filling up the DagBag from /opt/airflow/dags/inside_group_dag.py
[2023-09-04T18:48:46.952+0000] {processor.py:766} INFO - DAG(s) dict_keys(['inside_group_dag']) retrieved from /opt/airflow/dags/inside_group_dag.py
[2023-09-04T18:48:46.986+0000] {logging_mixin.py:120} INFO - [2023-09-04T18:48:46.986+0000] {dag.py:2585} INFO - Sync 1 DAGs
[2023-09-04T18:48:47.003+0000] {logging_mixin.py:120} INFO - [2023-09-04T18:48:47.003+0000] {dag.py:3340} INFO - Setting next_dagrun for inside_group_dag to 2023-09-04T00:00:00+00:00, run_after=2023-09-05T00:00:00+00:00
[2023-09-04T18:48:47.012+0000] {processor.py:176} INFO - Processing /opt/airflow/dags/inside_group_dag.py took 0.090 seconds
[2023-09-04T18:49:17.596+0000] {processor.py:154} INFO - Started process (PID=299) to work on /opt/airflow/dags/inside_group_dag.py
[2023-09-04T18:49:17.599+0000] {processor.py:756} INFO - Processing file /opt/airflow/dags/inside_group_dag.py for tasks to queue
[2023-09-04T18:49:17.600+0000] {logging_mixin.py:120} INFO - [2023-09-04T18:49:17.600+0000] {dagbag.py:537} INFO - Filling up the DagBag from /opt/airflow/dags/inside_group_dag.py
[2023-09-04T18:49:17.631+0000] {processor.py:766} INFO - DAG(s) dict_keys(['inside_group_dag']) retrieved from /opt/airflow/dags/inside_group_dag.py
[2023-09-04T18:49:17.675+0000] {logging_mixin.py:120} INFO - [2023-09-04T18:49:17.675+0000] {dag.py:2585} INFO - Sync 1 DAGs
[2023-09-04T18:49:17.692+0000] {logging_mixin.py:120} INFO - [2023-09-04T18:49:17.692+0000] {dag.py:3340} INFO - Setting next_dagrun for inside_group_dag to 2023-09-04T00:00:00+00:00, run_after=2023-09-05T00:00:00+00:00
[2023-09-04T18:49:17.703+0000] {processor.py:176} INFO - Processing /opt/airflow/dags/inside_group_dag.py took 0.113 seconds
[2023-09-04T18:49:48.273+0000] {processor.py:154} INFO - Started process (PID=325) to work on /opt/airflow/dags/inside_group_dag.py
[2023-09-04T18:49:48.276+0000] {processor.py:756} INFO - Processing file /opt/airflow/dags/inside_group_dag.py for tasks to queue
[2023-09-04T18:49:48.277+0000] {logging_mixin.py:120} INFO - [2023-09-04T18:49:48.277+0000] {dagbag.py:537} INFO - Filling up the DagBag from /opt/airflow/dags/inside_group_dag.py
[2023-09-04T18:49:48.305+0000] {processor.py:766} INFO - DAG(s) dict_keys(['inside_group_dag']) retrieved from /opt/airflow/dags/inside_group_dag.py
[2023-09-04T18:49:48.337+0000] {logging_mixin.py:120} INFO - [2023-09-04T18:49:48.337+0000] {dag.py:2585} INFO - Sync 1 DAGs
[2023-09-04T18:49:48.354+0000] {logging_mixin.py:120} INFO - [2023-09-04T18:49:48.353+0000] {dag.py:3340} INFO - Setting next_dagrun for inside_group_dag to 2023-09-04T00:00:00+00:00, run_after=2023-09-05T00:00:00+00:00
[2023-09-04T18:49:48.363+0000] {processor.py:176} INFO - Processing /opt/airflow/dags/inside_group_dag.py took 0.098 seconds
[2023-09-04T18:50:18.905+0000] {processor.py:154} INFO - Started process (PID=359) to work on /opt/airflow/dags/inside_group_dag.py
[2023-09-04T18:50:18.908+0000] {processor.py:756} INFO - Processing file /opt/airflow/dags/inside_group_dag.py for tasks to queue
[2023-09-04T18:50:18.909+0000] {logging_mixin.py:120} INFO - [2023-09-04T18:50:18.909+0000] {dagbag.py:537} INFO - Filling up the DagBag from /opt/airflow/dags/inside_group_dag.py
[2023-09-04T18:50:18.942+0000] {processor.py:766} INFO - DAG(s) dict_keys(['inside_group_dag']) retrieved from /opt/airflow/dags/inside_group_dag.py
[2023-09-04T18:50:18.979+0000] {logging_mixin.py:120} INFO - [2023-09-04T18:50:18.978+0000] {dag.py:2585} INFO - Sync 1 DAGs
[2023-09-04T18:50:18.996+0000] {logging_mixin.py:120} INFO - [2023-09-04T18:50:18.996+0000] {dag.py:3340} INFO - Setting next_dagrun for inside_group_dag to 2023-09-04T00:00:00+00:00, run_after=2023-09-05T00:00:00+00:00
[2023-09-04T18:50:19.006+0000] {processor.py:176} INFO - Processing /opt/airflow/dags/inside_group_dag.py took 0.110 seconds
[2023-09-04T18:50:49.459+0000] {processor.py:154} INFO - Started process (PID=393) to work on /opt/airflow/dags/inside_group_dag.py
[2023-09-04T18:50:49.461+0000] {processor.py:756} INFO - Processing file /opt/airflow/dags/inside_group_dag.py for tasks to queue
[2023-09-04T18:50:49.461+0000] {logging_mixin.py:120} INFO - [2023-09-04T18:50:49.461+0000] {dagbag.py:537} INFO - Filling up the DagBag from /opt/airflow/dags/inside_group_dag.py
[2023-09-04T18:50:49.490+0000] {processor.py:766} INFO - DAG(s) dict_keys(['inside_group_dag']) retrieved from /opt/airflow/dags/inside_group_dag.py
[2023-09-04T18:50:49.531+0000] {logging_mixin.py:120} INFO - [2023-09-04T18:50:49.531+0000] {dag.py:2585} INFO - Sync 1 DAGs
[2023-09-04T18:50:49.554+0000] {logging_mixin.py:120} INFO - [2023-09-04T18:50:49.554+0000] {dag.py:3340} INFO - Setting next_dagrun for inside_group_dag to 2023-09-04T00:00:00+00:00, run_after=2023-09-05T00:00:00+00:00
[2023-09-04T18:50:49.566+0000] {processor.py:176} INFO - Processing /opt/airflow/dags/inside_group_dag.py took 0.110 seconds
[2023-09-04T18:51:20.092+0000] {processor.py:154} INFO - Started process (PID=427) to work on /opt/airflow/dags/inside_group_dag.py
[2023-09-04T18:51:20.094+0000] {processor.py:756} INFO - Processing file /opt/airflow/dags/inside_group_dag.py for tasks to queue
[2023-09-04T18:51:20.095+0000] {logging_mixin.py:120} INFO - [2023-09-04T18:51:20.095+0000] {dagbag.py:537} INFO - Filling up the DagBag from /opt/airflow/dags/inside_group_dag.py
[2023-09-04T18:51:20.116+0000] {processor.py:766} INFO - DAG(s) dict_keys(['inside_group_dag']) retrieved from /opt/airflow/dags/inside_group_dag.py
[2023-09-04T18:51:20.148+0000] {logging_mixin.py:120} INFO - [2023-09-04T18:51:20.147+0000] {dag.py:2585} INFO - Sync 1 DAGs
[2023-09-04T18:51:20.164+0000] {logging_mixin.py:120} INFO - [2023-09-04T18:51:20.163+0000] {dag.py:3340} INFO - Setting next_dagrun for inside_group_dag to 2023-09-04T00:00:00+00:00, run_after=2023-09-05T00:00:00+00:00
[2023-09-04T18:51:20.173+0000] {processor.py:176} INFO - Processing /opt/airflow/dags/inside_group_dag.py took 0.087 seconds
[2023-09-04T18:51:50.655+0000] {processor.py:154} INFO - Started process (PID=462) to work on /opt/airflow/dags/inside_group_dag.py
[2023-09-04T18:51:50.657+0000] {processor.py:756} INFO - Processing file /opt/airflow/dags/inside_group_dag.py for tasks to queue
[2023-09-04T18:51:50.658+0000] {logging_mixin.py:120} INFO - [2023-09-04T18:51:50.658+0000] {dagbag.py:537} INFO - Filling up the DagBag from /opt/airflow/dags/inside_group_dag.py
[2023-09-04T18:51:50.688+0000] {processor.py:766} INFO - DAG(s) dict_keys(['inside_group_dag']) retrieved from /opt/airflow/dags/inside_group_dag.py
[2023-09-04T18:51:50.727+0000] {logging_mixin.py:120} INFO - [2023-09-04T18:51:50.726+0000] {dag.py:2585} INFO - Sync 1 DAGs
[2023-09-04T18:51:50.744+0000] {logging_mixin.py:120} INFO - [2023-09-04T18:51:50.744+0000] {dag.py:3340} INFO - Setting next_dagrun for inside_group_dag to 2023-09-04T00:00:00+00:00, run_after=2023-09-05T00:00:00+00:00
[2023-09-04T18:51:50.755+0000] {processor.py:176} INFO - Processing /opt/airflow/dags/inside_group_dag.py took 0.108 seconds
[2023-09-04T18:52:21.262+0000] {processor.py:154} INFO - Started process (PID=497) to work on /opt/airflow/dags/inside_group_dag.py
[2023-09-04T18:52:21.263+0000] {processor.py:756} INFO - Processing file /opt/airflow/dags/inside_group_dag.py for tasks to queue
[2023-09-04T18:52:21.264+0000] {logging_mixin.py:120} INFO - [2023-09-04T18:52:21.264+0000] {dagbag.py:537} INFO - Filling up the DagBag from /opt/airflow/dags/inside_group_dag.py
[2023-09-04T18:52:21.291+0000] {processor.py:766} INFO - DAG(s) dict_keys(['inside_group_dag']) retrieved from /opt/airflow/dags/inside_group_dag.py
[2023-09-04T18:52:21.324+0000] {logging_mixin.py:120} INFO - [2023-09-04T18:52:21.324+0000] {dag.py:2585} INFO - Sync 1 DAGs
[2023-09-04T18:52:21.341+0000] {logging_mixin.py:120} INFO - [2023-09-04T18:52:21.341+0000] {dag.py:3340} INFO - Setting next_dagrun for inside_group_dag to 2023-09-04T00:00:00+00:00, run_after=2023-09-05T00:00:00+00:00
[2023-09-04T18:52:21.351+0000] {processor.py:176} INFO - Processing /opt/airflow/dags/inside_group_dag.py took 0.096 seconds
[2023-09-04T18:52:51.825+0000] {processor.py:154} INFO - Started process (PID=532) to work on /opt/airflow/dags/inside_group_dag.py
[2023-09-04T18:52:51.827+0000] {processor.py:756} INFO - Processing file /opt/airflow/dags/inside_group_dag.py for tasks to queue
[2023-09-04T18:52:51.828+0000] {logging_mixin.py:120} INFO - [2023-09-04T18:52:51.828+0000] {dagbag.py:537} INFO - Filling up the DagBag from /opt/airflow/dags/inside_group_dag.py
[2023-09-04T18:52:51.850+0000] {processor.py:766} INFO - DAG(s) dict_keys(['inside_group_dag']) retrieved from /opt/airflow/dags/inside_group_dag.py
[2023-09-04T18:52:51.907+0000] {logging_mixin.py:120} INFO - [2023-09-04T18:52:51.907+0000] {dag.py:2585} INFO - Sync 1 DAGs
[2023-09-04T18:52:51.931+0000] {logging_mixin.py:120} INFO - [2023-09-04T18:52:51.931+0000] {dag.py:3340} INFO - Setting next_dagrun for inside_group_dag to 2023-09-04T00:00:00+00:00, run_after=2023-09-05T00:00:00+00:00
[2023-09-04T18:52:51.947+0000] {processor.py:176} INFO - Processing /opt/airflow/dags/inside_group_dag.py took 0.126 seconds
[2023-09-04T18:53:22.505+0000] {processor.py:154} INFO - Started process (PID=559) to work on /opt/airflow/dags/inside_group_dag.py
[2023-09-04T18:53:22.513+0000] {processor.py:756} INFO - Processing file /opt/airflow/dags/inside_group_dag.py for tasks to queue
[2023-09-04T18:53:22.514+0000] {logging_mixin.py:120} INFO - [2023-09-04T18:53:22.514+0000] {dagbag.py:537} INFO - Filling up the DagBag from /opt/airflow/dags/inside_group_dag.py
[2023-09-04T18:53:22.542+0000] {processor.py:766} INFO - DAG(s) dict_keys(['inside_group_dag']) retrieved from /opt/airflow/dags/inside_group_dag.py
[2023-09-04T18:53:22.576+0000] {logging_mixin.py:120} INFO - [2023-09-04T18:53:22.576+0000] {dag.py:2585} INFO - Sync 1 DAGs
[2023-09-04T18:53:22.594+0000] {logging_mixin.py:120} INFO - [2023-09-04T18:53:22.594+0000] {dag.py:3340} INFO - Setting next_dagrun for inside_group_dag to 2023-09-04T00:00:00+00:00, run_after=2023-09-05T00:00:00+00:00
[2023-09-04T18:53:22.604+0000] {processor.py:176} INFO - Processing /opt/airflow/dags/inside_group_dag.py took 0.110 seconds
[2023-09-04T18:53:53.060+0000] {processor.py:154} INFO - Started process (PID=594) to work on /opt/airflow/dags/inside_group_dag.py
[2023-09-04T18:53:53.063+0000] {processor.py:756} INFO - Processing file /opt/airflow/dags/inside_group_dag.py for tasks to queue
[2023-09-04T18:53:53.064+0000] {logging_mixin.py:120} INFO - [2023-09-04T18:53:53.064+0000] {dagbag.py:537} INFO - Filling up the DagBag from /opt/airflow/dags/inside_group_dag.py
[2023-09-04T18:53:53.102+0000] {processor.py:766} INFO - DAG(s) dict_keys(['inside_group_dag']) retrieved from /opt/airflow/dags/inside_group_dag.py
[2023-09-04T18:53:53.163+0000] {logging_mixin.py:120} INFO - [2023-09-04T18:53:53.163+0000] {dag.py:2585} INFO - Sync 1 DAGs
[2023-09-04T18:53:53.185+0000] {logging_mixin.py:120} INFO - [2023-09-04T18:53:53.184+0000] {dag.py:3340} INFO - Setting next_dagrun for inside_group_dag to 2023-09-04T00:00:00+00:00, run_after=2023-09-05T00:00:00+00:00
[2023-09-04T18:53:53.197+0000] {processor.py:176} INFO - Processing /opt/airflow/dags/inside_group_dag.py took 0.148 seconds
[2023-09-04T18:54:23.778+0000] {processor.py:154} INFO - Started process (PID=630) to work on /opt/airflow/dags/inside_group_dag.py
[2023-09-04T18:54:23.780+0000] {processor.py:756} INFO - Processing file /opt/airflow/dags/inside_group_dag.py for tasks to queue
[2023-09-04T18:54:23.782+0000] {logging_mixin.py:120} INFO - [2023-09-04T18:54:23.781+0000] {dagbag.py:537} INFO - Filling up the DagBag from /opt/airflow/dags/inside_group_dag.py
[2023-09-04T18:54:23.808+0000] {processor.py:766} INFO - DAG(s) dict_keys(['inside_group_dag']) retrieved from /opt/airflow/dags/inside_group_dag.py
[2023-09-04T18:54:23.843+0000] {logging_mixin.py:120} INFO - [2023-09-04T18:54:23.843+0000] {dag.py:2585} INFO - Sync 1 DAGs
[2023-09-04T18:54:23.861+0000] {logging_mixin.py:120} INFO - [2023-09-04T18:54:23.861+0000] {dag.py:3340} INFO - Setting next_dagrun for inside_group_dag to 2023-09-04T00:00:00+00:00, run_after=2023-09-05T00:00:00+00:00
[2023-09-04T18:54:23.871+0000] {processor.py:176} INFO - Processing /opt/airflow/dags/inside_group_dag.py took 0.100 seconds
[2023-09-04T18:54:54.405+0000] {processor.py:154} INFO - Started process (PID=665) to work on /opt/airflow/dags/inside_group_dag.py
[2023-09-04T18:54:54.408+0000] {processor.py:756} INFO - Processing file /opt/airflow/dags/inside_group_dag.py for tasks to queue
[2023-09-04T18:54:54.409+0000] {logging_mixin.py:120} INFO - [2023-09-04T18:54:54.409+0000] {dagbag.py:537} INFO - Filling up the DagBag from /opt/airflow/dags/inside_group_dag.py
[2023-09-04T18:54:54.440+0000] {processor.py:766} INFO - DAG(s) dict_keys(['inside_group_dag']) retrieved from /opt/airflow/dags/inside_group_dag.py
[2023-09-04T18:54:54.474+0000] {logging_mixin.py:120} INFO - [2023-09-04T18:54:54.474+0000] {dag.py:2585} INFO - Sync 1 DAGs
[2023-09-04T18:54:54.491+0000] {logging_mixin.py:120} INFO - [2023-09-04T18:54:54.491+0000] {dag.py:3340} INFO - Setting next_dagrun for inside_group_dag to 2023-09-04T00:00:00+00:00, run_after=2023-09-05T00:00:00+00:00
[2023-09-04T18:54:54.501+0000] {processor.py:176} INFO - Processing /opt/airflow/dags/inside_group_dag.py took 0.104 seconds
[2023-09-04T18:55:25.031+0000] {processor.py:154} INFO - Started process (PID=699) to work on /opt/airflow/dags/inside_group_dag.py
[2023-09-04T18:55:25.033+0000] {processor.py:756} INFO - Processing file /opt/airflow/dags/inside_group_dag.py for tasks to queue
[2023-09-04T18:55:25.034+0000] {logging_mixin.py:120} INFO - [2023-09-04T18:55:25.034+0000] {dagbag.py:537} INFO - Filling up the DagBag from /opt/airflow/dags/inside_group_dag.py
[2023-09-04T18:55:25.062+0000] {processor.py:766} INFO - DAG(s) dict_keys(['inside_group_dag']) retrieved from /opt/airflow/dags/inside_group_dag.py
[2023-09-04T18:55:25.101+0000] {logging_mixin.py:120} INFO - [2023-09-04T18:55:25.100+0000] {dag.py:2585} INFO - Sync 1 DAGs
[2023-09-04T18:55:25.119+0000] {logging_mixin.py:120} INFO - [2023-09-04T18:55:25.118+0000] {dag.py:3340} INFO - Setting next_dagrun for inside_group_dag to 2023-09-04T00:00:00+00:00, run_after=2023-09-05T00:00:00+00:00
[2023-09-04T18:55:25.128+0000] {processor.py:176} INFO - Processing /opt/airflow/dags/inside_group_dag.py took 0.105 seconds
[2023-09-04T18:55:55.698+0000] {processor.py:154} INFO - Started process (PID=734) to work on /opt/airflow/dags/inside_group_dag.py
[2023-09-04T18:55:55.701+0000] {processor.py:756} INFO - Processing file /opt/airflow/dags/inside_group_dag.py for tasks to queue
[2023-09-04T18:55:55.703+0000] {logging_mixin.py:120} INFO - [2023-09-04T18:55:55.703+0000] {dagbag.py:537} INFO - Filling up the DagBag from /opt/airflow/dags/inside_group_dag.py
[2023-09-04T18:55:55.753+0000] {processor.py:766} INFO - DAG(s) dict_keys(['inside_group_dag']) retrieved from /opt/airflow/dags/inside_group_dag.py
[2023-09-04T18:55:55.829+0000] {logging_mixin.py:120} INFO - [2023-09-04T18:55:55.829+0000] {dag.py:2585} INFO - Sync 1 DAGs
[2023-09-04T18:55:55.877+0000] {logging_mixin.py:120} INFO - [2023-09-04T18:55:55.877+0000] {dag.py:3340} INFO - Setting next_dagrun for inside_group_dag to 2023-09-04T00:00:00+00:00, run_after=2023-09-05T00:00:00+00:00
[2023-09-04T18:55:56.048+0000] {processor.py:176} INFO - Processing /opt/airflow/dags/inside_group_dag.py took 0.354 seconds
[2023-09-04T18:56:26.189+0000] {processor.py:154} INFO - Started process (PID=758) to work on /opt/airflow/dags/inside_group_dag.py
[2023-09-04T18:56:26.192+0000] {processor.py:756} INFO - Processing file /opt/airflow/dags/inside_group_dag.py for tasks to queue
[2023-09-04T18:56:26.194+0000] {logging_mixin.py:120} INFO - [2023-09-04T18:56:26.194+0000] {dagbag.py:537} INFO - Filling up the DagBag from /opt/airflow/dags/inside_group_dag.py
[2023-09-04T18:56:26.225+0000] {processor.py:766} INFO - DAG(s) dict_keys(['inside_group_dag']) retrieved from /opt/airflow/dags/inside_group_dag.py
[2023-09-04T18:56:26.271+0000] {logging_mixin.py:120} INFO - [2023-09-04T18:56:26.271+0000] {dag.py:2585} INFO - Sync 1 DAGs
[2023-09-04T18:56:26.299+0000] {logging_mixin.py:120} INFO - [2023-09-04T18:56:26.299+0000] {dag.py:3340} INFO - Setting next_dagrun for inside_group_dag to 2023-09-04T00:00:00+00:00, run_after=2023-09-05T00:00:00+00:00
[2023-09-04T18:56:26.310+0000] {processor.py:176} INFO - Processing /opt/airflow/dags/inside_group_dag.py took 0.126 seconds
[2023-09-04T18:56:56.436+0000] {processor.py:154} INFO - Started process (PID=793) to work on /opt/airflow/dags/inside_group_dag.py
[2023-09-04T18:56:56.438+0000] {processor.py:756} INFO - Processing file /opt/airflow/dags/inside_group_dag.py for tasks to queue
[2023-09-04T18:56:56.439+0000] {logging_mixin.py:120} INFO - [2023-09-04T18:56:56.439+0000] {dagbag.py:537} INFO - Filling up the DagBag from /opt/airflow/dags/inside_group_dag.py
[2023-09-04T18:56:56.464+0000] {processor.py:766} INFO - DAG(s) dict_keys(['inside_group_dag']) retrieved from /opt/airflow/dags/inside_group_dag.py
[2023-09-04T18:56:56.519+0000] {logging_mixin.py:120} INFO - [2023-09-04T18:56:56.519+0000] {dag.py:2585} INFO - Sync 1 DAGs
[2023-09-04T18:56:56.540+0000] {logging_mixin.py:120} INFO - [2023-09-04T18:56:56.540+0000] {dag.py:3340} INFO - Setting next_dagrun for inside_group_dag to 2023-09-04T00:00:00+00:00, run_after=2023-09-05T00:00:00+00:00
[2023-09-04T18:56:56.553+0000] {processor.py:176} INFO - Processing /opt/airflow/dags/inside_group_dag.py took 0.123 seconds
[2023-09-04T18:57:27.049+0000] {processor.py:154} INFO - Started process (PID=828) to work on /opt/airflow/dags/inside_group_dag.py
[2023-09-04T18:57:27.050+0000] {processor.py:756} INFO - Processing file /opt/airflow/dags/inside_group_dag.py for tasks to queue
[2023-09-04T18:57:27.052+0000] {logging_mixin.py:120} INFO - [2023-09-04T18:57:27.052+0000] {dagbag.py:537} INFO - Filling up the DagBag from /opt/airflow/dags/inside_group_dag.py
[2023-09-04T18:57:27.091+0000] {processor.py:766} INFO - DAG(s) dict_keys(['inside_group_dag']) retrieved from /opt/airflow/dags/inside_group_dag.py
[2023-09-04T18:57:27.124+0000] {logging_mixin.py:120} INFO - [2023-09-04T18:57:27.124+0000] {dag.py:2585} INFO - Sync 1 DAGs
[2023-09-04T18:57:27.143+0000] {logging_mixin.py:120} INFO - [2023-09-04T18:57:27.143+0000] {dag.py:3340} INFO - Setting next_dagrun for inside_group_dag to 2023-09-04T00:00:00+00:00, run_after=2023-09-05T00:00:00+00:00
[2023-09-04T18:57:27.153+0000] {processor.py:176} INFO - Processing /opt/airflow/dags/inside_group_dag.py took 0.110 seconds
[2023-09-04T18:57:57.713+0000] {processor.py:154} INFO - Started process (PID=862) to work on /opt/airflow/dags/inside_group_dag.py
[2023-09-04T18:57:57.718+0000] {processor.py:756} INFO - Processing file /opt/airflow/dags/inside_group_dag.py for tasks to queue
[2023-09-04T18:57:57.722+0000] {logging_mixin.py:120} INFO - [2023-09-04T18:57:57.722+0000] {dagbag.py:537} INFO - Filling up the DagBag from /opt/airflow/dags/inside_group_dag.py
[2023-09-04T18:57:57.749+0000] {processor.py:766} INFO - DAG(s) dict_keys(['inside_group_dag']) retrieved from /opt/airflow/dags/inside_group_dag.py
[2023-09-04T18:57:57.812+0000] {logging_mixin.py:120} INFO - [2023-09-04T18:57:57.812+0000] {dag.py:2585} INFO - Sync 1 DAGs
[2023-09-04T18:57:57.851+0000] {logging_mixin.py:120} INFO - [2023-09-04T18:57:57.851+0000] {dag.py:3340} INFO - Setting next_dagrun for inside_group_dag to 2023-09-04T00:00:00+00:00, run_after=2023-09-05T00:00:00+00:00
[2023-09-04T18:57:57.886+0000] {processor.py:176} INFO - Processing /opt/airflow/dags/inside_group_dag.py took 0.180 seconds
[2023-09-04T18:58:28.871+0000] {processor.py:154} INFO - Started process (PID=899) to work on /opt/airflow/dags/inside_group_dag.py
[2023-09-04T18:58:28.872+0000] {processor.py:756} INFO - Processing file /opt/airflow/dags/inside_group_dag.py for tasks to queue
[2023-09-04T18:58:28.873+0000] {logging_mixin.py:120} INFO - [2023-09-04T18:58:28.873+0000] {dagbag.py:537} INFO - Filling up the DagBag from /opt/airflow/dags/inside_group_dag.py
[2023-09-04T18:58:28.889+0000] {processor.py:766} INFO - DAG(s) dict_keys(['inside_group_dag']) retrieved from /opt/airflow/dags/inside_group_dag.py
[2023-09-04T18:58:28.920+0000] {logging_mixin.py:120} INFO - [2023-09-04T18:58:28.919+0000] {dag.py:2585} INFO - Sync 1 DAGs
[2023-09-04T18:58:28.937+0000] {logging_mixin.py:120} INFO - [2023-09-04T18:58:28.937+0000] {dag.py:3340} INFO - Setting next_dagrun for inside_group_dag to 2023-09-04T00:00:00+00:00, run_after=2023-09-05T00:00:00+00:00
[2023-09-04T18:58:28.947+0000] {processor.py:176} INFO - Processing /opt/airflow/dags/inside_group_dag.py took 0.080 seconds
[2023-09-04T18:58:59.377+0000] {processor.py:154} INFO - Started process (PID=933) to work on /opt/airflow/dags/inside_group_dag.py
[2023-09-04T18:58:59.378+0000] {processor.py:756} INFO - Processing file /opt/airflow/dags/inside_group_dag.py for tasks to queue
[2023-09-04T18:58:59.379+0000] {logging_mixin.py:120} INFO - [2023-09-04T18:58:59.379+0000] {dagbag.py:537} INFO - Filling up the DagBag from /opt/airflow/dags/inside_group_dag.py
[2023-09-04T18:58:59.394+0000] {processor.py:766} INFO - DAG(s) dict_keys(['inside_group_dag']) retrieved from /opt/airflow/dags/inside_group_dag.py
[2023-09-04T18:58:59.424+0000] {logging_mixin.py:120} INFO - [2023-09-04T18:58:59.424+0000] {dag.py:2585} INFO - Sync 1 DAGs
[2023-09-04T18:58:59.440+0000] {logging_mixin.py:120} INFO - [2023-09-04T18:58:59.440+0000] {dag.py:3340} INFO - Setting next_dagrun for inside_group_dag to 2023-09-04T00:00:00+00:00, run_after=2023-09-05T00:00:00+00:00
[2023-09-04T18:58:59.451+0000] {processor.py:176} INFO - Processing /opt/airflow/dags/inside_group_dag.py took 0.076 seconds
[2023-09-04T18:59:30.138+0000] {processor.py:154} INFO - Started process (PID=960) to work on /opt/airflow/dags/inside_group_dag.py
[2023-09-04T18:59:30.140+0000] {processor.py:756} INFO - Processing file /opt/airflow/dags/inside_group_dag.py for tasks to queue
[2023-09-04T18:59:30.142+0000] {logging_mixin.py:120} INFO - [2023-09-04T18:59:30.142+0000] {dagbag.py:537} INFO - Filling up the DagBag from /opt/airflow/dags/inside_group_dag.py
[2023-09-04T18:59:30.166+0000] {processor.py:766} INFO - DAG(s) dict_keys(['inside_group_dag']) retrieved from /opt/airflow/dags/inside_group_dag.py
[2023-09-04T18:59:30.200+0000] {logging_mixin.py:120} INFO - [2023-09-04T18:59:30.200+0000] {dag.py:2585} INFO - Sync 1 DAGs
[2023-09-04T18:59:30.219+0000] {logging_mixin.py:120} INFO - [2023-09-04T18:59:30.218+0000] {dag.py:3340} INFO - Setting next_dagrun for inside_group_dag to 2023-09-04T00:00:00+00:00, run_after=2023-09-05T00:00:00+00:00
[2023-09-04T18:59:30.229+0000] {processor.py:176} INFO - Processing /opt/airflow/dags/inside_group_dag.py took 0.097 seconds
[2023-09-04T19:00:00.722+0000] {processor.py:154} INFO - Started process (PID=994) to work on /opt/airflow/dags/inside_group_dag.py
[2023-09-04T19:00:00.724+0000] {processor.py:756} INFO - Processing file /opt/airflow/dags/inside_group_dag.py for tasks to queue
[2023-09-04T19:00:00.726+0000] {logging_mixin.py:120} INFO - [2023-09-04T19:00:00.726+0000] {dagbag.py:537} INFO - Filling up the DagBag from /opt/airflow/dags/inside_group_dag.py
[2023-09-04T19:00:00.754+0000] {processor.py:766} INFO - DAG(s) dict_keys(['inside_group_dag']) retrieved from /opt/airflow/dags/inside_group_dag.py
[2023-09-04T19:00:00.792+0000] {logging_mixin.py:120} INFO - [2023-09-04T19:00:00.792+0000] {dag.py:2585} INFO - Sync 1 DAGs
[2023-09-04T19:00:00.810+0000] {logging_mixin.py:120} INFO - [2023-09-04T19:00:00.810+0000] {dag.py:3340} INFO - Setting next_dagrun for inside_group_dag to 2023-09-04T00:00:00+00:00, run_after=2023-09-05T00:00:00+00:00
[2023-09-04T19:00:00.820+0000] {processor.py:176} INFO - Processing /opt/airflow/dags/inside_group_dag.py took 0.105 seconds
[2023-09-04T19:00:31.266+0000] {processor.py:154} INFO - Started process (PID=1028) to work on /opt/airflow/dags/inside_group_dag.py
[2023-09-04T19:00:31.267+0000] {processor.py:756} INFO - Processing file /opt/airflow/dags/inside_group_dag.py for tasks to queue
[2023-09-04T19:00:31.268+0000] {logging_mixin.py:120} INFO - [2023-09-04T19:00:31.268+0000] {dagbag.py:537} INFO - Filling up the DagBag from /opt/airflow/dags/inside_group_dag.py
[2023-09-04T19:00:31.294+0000] {processor.py:766} INFO - DAG(s) dict_keys(['inside_group_dag']) retrieved from /opt/airflow/dags/inside_group_dag.py
[2023-09-04T19:00:31.325+0000] {logging_mixin.py:120} INFO - [2023-09-04T19:00:31.325+0000] {dag.py:2585} INFO - Sync 1 DAGs
[2023-09-04T19:00:31.343+0000] {logging_mixin.py:120} INFO - [2023-09-04T19:00:31.343+0000] {dag.py:3340} INFO - Setting next_dagrun for inside_group_dag to 2023-09-04T00:00:00+00:00, run_after=2023-09-05T00:00:00+00:00
[2023-09-04T19:00:31.354+0000] {processor.py:176} INFO - Processing /opt/airflow/dags/inside_group_dag.py took 0.094 seconds
[2023-09-04T19:01:01.950+0000] {processor.py:154} INFO - Started process (PID=1063) to work on /opt/airflow/dags/inside_group_dag.py
[2023-09-04T19:01:01.953+0000] {processor.py:756} INFO - Processing file /opt/airflow/dags/inside_group_dag.py for tasks to queue
[2023-09-04T19:01:01.954+0000] {logging_mixin.py:120} INFO - [2023-09-04T19:01:01.954+0000] {dagbag.py:537} INFO - Filling up the DagBag from /opt/airflow/dags/inside_group_dag.py
[2023-09-04T19:01:01.985+0000] {processor.py:766} INFO - DAG(s) dict_keys(['inside_group_dag']) retrieved from /opt/airflow/dags/inside_group_dag.py
[2023-09-04T19:01:02.018+0000] {logging_mixin.py:120} INFO - [2023-09-04T19:01:02.018+0000] {dag.py:2585} INFO - Sync 1 DAGs
[2023-09-04T19:01:02.042+0000] {logging_mixin.py:120} INFO - [2023-09-04T19:01:02.041+0000] {dag.py:3340} INFO - Setting next_dagrun for inside_group_dag to 2023-09-04T00:00:00+00:00, run_after=2023-09-05T00:00:00+00:00
[2023-09-04T19:01:02.057+0000] {processor.py:176} INFO - Processing /opt/airflow/dags/inside_group_dag.py took 0.116 seconds
[2023-09-04T19:01:32.526+0000] {processor.py:154} INFO - Started process (PID=1098) to work on /opt/airflow/dags/inside_group_dag.py
[2023-09-04T19:01:32.533+0000] {processor.py:756} INFO - Processing file /opt/airflow/dags/inside_group_dag.py for tasks to queue
[2023-09-04T19:01:32.537+0000] {logging_mixin.py:120} INFO - [2023-09-04T19:01:32.536+0000] {dagbag.py:537} INFO - Filling up the DagBag from /opt/airflow/dags/inside_group_dag.py
[2023-09-04T19:01:32.607+0000] {processor.py:766} INFO - DAG(s) dict_keys(['inside_group_dag']) retrieved from /opt/airflow/dags/inside_group_dag.py
[2023-09-04T19:01:32.708+0000] {logging_mixin.py:120} INFO - [2023-09-04T19:01:32.708+0000] {dag.py:2585} INFO - Sync 1 DAGs
[2023-09-04T19:01:32.754+0000] {logging_mixin.py:120} INFO - [2023-09-04T19:01:32.754+0000] {dag.py:3340} INFO - Setting next_dagrun for inside_group_dag to 2023-09-04T00:00:00+00:00, run_after=2023-09-05T00:00:00+00:00
[2023-09-04T19:01:32.770+0000] {processor.py:176} INFO - Processing /opt/airflow/dags/inside_group_dag.py took 0.261 seconds
[2023-09-04T19:02:03.729+0000] {processor.py:154} INFO - Started process (PID=1133) to work on /opt/airflow/dags/inside_group_dag.py
[2023-09-04T19:02:03.736+0000] {processor.py:756} INFO - Processing file /opt/airflow/dags/inside_group_dag.py for tasks to queue
[2023-09-04T19:02:03.737+0000] {logging_mixin.py:120} INFO - [2023-09-04T19:02:03.737+0000] {dagbag.py:537} INFO - Filling up the DagBag from /opt/airflow/dags/inside_group_dag.py
[2023-09-04T19:02:03.811+0000] {processor.py:766} INFO - DAG(s) dict_keys(['inside_group_dag']) retrieved from /opt/airflow/dags/inside_group_dag.py
[2023-09-04T19:02:03.889+0000] {logging_mixin.py:120} INFO - [2023-09-04T19:02:03.889+0000] {dag.py:2585} INFO - Sync 1 DAGs
[2023-09-04T19:02:03.942+0000] {logging_mixin.py:120} INFO - [2023-09-04T19:02:03.942+0000] {dag.py:3340} INFO - Setting next_dagrun for inside_group_dag to 2023-09-04T00:00:00+00:00, run_after=2023-09-05T00:00:00+00:00
[2023-09-04T19:02:03.961+0000] {processor.py:176} INFO - Processing /opt/airflow/dags/inside_group_dag.py took 0.237 seconds
[2023-09-04T19:02:34.098+0000] {processor.py:154} INFO - Started process (PID=1159) to work on /opt/airflow/dags/inside_group_dag.py
[2023-09-04T19:02:34.100+0000] {processor.py:756} INFO - Processing file /opt/airflow/dags/inside_group_dag.py for tasks to queue
[2023-09-04T19:02:34.101+0000] {logging_mixin.py:120} INFO - [2023-09-04T19:02:34.101+0000] {dagbag.py:537} INFO - Filling up the DagBag from /opt/airflow/dags/inside_group_dag.py
[2023-09-04T19:02:34.134+0000] {processor.py:766} INFO - DAG(s) dict_keys(['inside_group_dag']) retrieved from /opt/airflow/dags/inside_group_dag.py
[2023-09-04T19:02:34.193+0000] {logging_mixin.py:120} INFO - [2023-09-04T19:02:34.192+0000] {dag.py:2585} INFO - Sync 1 DAGs
[2023-09-04T19:02:34.212+0000] {logging_mixin.py:120} INFO - [2023-09-04T19:02:34.212+0000] {dag.py:3340} INFO - Setting next_dagrun for inside_group_dag to 2023-09-04T00:00:00+00:00, run_after=2023-09-05T00:00:00+00:00
[2023-09-04T19:02:34.225+0000] {processor.py:176} INFO - Processing /opt/airflow/dags/inside_group_dag.py took 0.134 seconds
[2023-09-04T19:03:04.934+0000] {processor.py:154} INFO - Started process (PID=1194) to work on /opt/airflow/dags/inside_group_dag.py
[2023-09-04T19:03:04.936+0000] {processor.py:756} INFO - Processing file /opt/airflow/dags/inside_group_dag.py for tasks to queue
[2023-09-04T19:03:04.938+0000] {logging_mixin.py:120} INFO - [2023-09-04T19:03:04.938+0000] {dagbag.py:537} INFO - Filling up the DagBag from /opt/airflow/dags/inside_group_dag.py
[2023-09-04T19:03:04.966+0000] {processor.py:766} INFO - DAG(s) dict_keys(['inside_group_dag']) retrieved from /opt/airflow/dags/inside_group_dag.py
[2023-09-04T19:03:05.002+0000] {logging_mixin.py:120} INFO - [2023-09-04T19:03:05.001+0000] {dag.py:2585} INFO - Sync 1 DAGs
[2023-09-04T19:03:05.019+0000] {logging_mixin.py:120} INFO - [2023-09-04T19:03:05.019+0000] {dag.py:3340} INFO - Setting next_dagrun for inside_group_dag to 2023-09-04T00:00:00+00:00, run_after=2023-09-05T00:00:00+00:00
[2023-09-04T19:03:05.029+0000] {processor.py:176} INFO - Processing /opt/airflow/dags/inside_group_dag.py took 0.101 seconds
[2023-09-04T19:03:35.469+0000] {processor.py:154} INFO - Started process (PID=1229) to work on /opt/airflow/dags/inside_group_dag.py
[2023-09-04T19:03:35.470+0000] {processor.py:756} INFO - Processing file /opt/airflow/dags/inside_group_dag.py for tasks to queue
[2023-09-04T19:03:35.470+0000] {logging_mixin.py:120} INFO - [2023-09-04T19:03:35.470+0000] {dagbag.py:537} INFO - Filling up the DagBag from /opt/airflow/dags/inside_group_dag.py
[2023-09-04T19:03:35.488+0000] {processor.py:766} INFO - DAG(s) dict_keys(['inside_group_dag']) retrieved from /opt/airflow/dags/inside_group_dag.py
[2023-09-04T19:03:35.512+0000] {logging_mixin.py:120} INFO - [2023-09-04T19:03:35.511+0000] {dag.py:2585} INFO - Sync 1 DAGs
[2023-09-04T19:03:35.525+0000] {logging_mixin.py:120} INFO - [2023-09-04T19:03:35.525+0000] {dag.py:3340} INFO - Setting next_dagrun for inside_group_dag to 2023-09-04T00:00:00+00:00, run_after=2023-09-05T00:00:00+00:00
[2023-09-04T19:03:35.534+0000] {processor.py:176} INFO - Processing /opt/airflow/dags/inside_group_dag.py took 0.068 seconds
[2023-09-04T19:04:06.022+0000] {processor.py:154} INFO - Started process (PID=1264) to work on /opt/airflow/dags/inside_group_dag.py
[2023-09-04T19:04:06.023+0000] {processor.py:756} INFO - Processing file /opt/airflow/dags/inside_group_dag.py for tasks to queue
[2023-09-04T19:04:06.024+0000] {logging_mixin.py:120} INFO - [2023-09-04T19:04:06.024+0000] {dagbag.py:537} INFO - Filling up the DagBag from /opt/airflow/dags/inside_group_dag.py
[2023-09-04T19:04:06.045+0000] {processor.py:766} INFO - DAG(s) dict_keys(['inside_group_dag']) retrieved from /opt/airflow/dags/inside_group_dag.py
[2023-09-04T19:04:06.077+0000] {logging_mixin.py:120} INFO - [2023-09-04T19:04:06.077+0000] {dag.py:2585} INFO - Sync 1 DAGs
[2023-09-04T19:04:06.094+0000] {logging_mixin.py:120} INFO - [2023-09-04T19:04:06.094+0000] {dag.py:3340} INFO - Setting next_dagrun for inside_group_dag to 2023-09-04T00:00:00+00:00, run_after=2023-09-05T00:00:00+00:00
[2023-09-04T19:04:06.104+0000] {processor.py:176} INFO - Processing /opt/airflow/dags/inside_group_dag.py took 0.087 seconds
[2023-09-04T19:04:36.611+0000] {processor.py:154} INFO - Started process (PID=1298) to work on /opt/airflow/dags/inside_group_dag.py
[2023-09-04T19:04:36.612+0000] {processor.py:756} INFO - Processing file /opt/airflow/dags/inside_group_dag.py for tasks to queue
[2023-09-04T19:04:36.613+0000] {logging_mixin.py:120} INFO - [2023-09-04T19:04:36.613+0000] {dagbag.py:537} INFO - Filling up the DagBag from /opt/airflow/dags/inside_group_dag.py
[2023-09-04T19:04:36.638+0000] {processor.py:766} INFO - DAG(s) dict_keys(['inside_group_dag']) retrieved from /opt/airflow/dags/inside_group_dag.py
[2023-09-04T19:04:36.670+0000] {logging_mixin.py:120} INFO - [2023-09-04T19:04:36.670+0000] {dag.py:2585} INFO - Sync 1 DAGs
[2023-09-04T19:04:36.687+0000] {logging_mixin.py:120} INFO - [2023-09-04T19:04:36.687+0000] {dag.py:3340} INFO - Setting next_dagrun for inside_group_dag to 2023-09-04T00:00:00+00:00, run_after=2023-09-05T00:00:00+00:00
[2023-09-04T19:04:36.698+0000] {processor.py:176} INFO - Processing /opt/airflow/dags/inside_group_dag.py took 0.093 seconds
[2023-09-04T19:05:07.215+0000] {processor.py:154} INFO - Started process (PID=1332) to work on /opt/airflow/dags/inside_group_dag.py
[2023-09-04T19:05:07.218+0000] {processor.py:756} INFO - Processing file /opt/airflow/dags/inside_group_dag.py for tasks to queue
[2023-09-04T19:05:07.219+0000] {logging_mixin.py:120} INFO - [2023-09-04T19:05:07.219+0000] {dagbag.py:537} INFO - Filling up the DagBag from /opt/airflow/dags/inside_group_dag.py
[2023-09-04T19:05:07.250+0000] {processor.py:766} INFO - DAG(s) dict_keys(['inside_group_dag']) retrieved from /opt/airflow/dags/inside_group_dag.py
[2023-09-04T19:05:07.291+0000] {logging_mixin.py:120} INFO - [2023-09-04T19:05:07.291+0000] {dag.py:2585} INFO - Sync 1 DAGs
[2023-09-04T19:05:07.319+0000] {logging_mixin.py:120} INFO - [2023-09-04T19:05:07.319+0000] {dag.py:3340} INFO - Setting next_dagrun for inside_group_dag to 2023-09-04T00:00:00+00:00, run_after=2023-09-05T00:00:00+00:00
[2023-09-04T19:05:07.335+0000] {processor.py:176} INFO - Processing /opt/airflow/dags/inside_group_dag.py took 0.123 seconds
[2023-09-04T19:05:38.095+0000] {processor.py:154} INFO - Started process (PID=1358) to work on /opt/airflow/dags/inside_group_dag.py
[2023-09-04T19:05:38.096+0000] {processor.py:756} INFO - Processing file /opt/airflow/dags/inside_group_dag.py for tasks to queue
[2023-09-04T19:05:38.098+0000] {logging_mixin.py:120} INFO - [2023-09-04T19:05:38.098+0000] {dagbag.py:537} INFO - Filling up the DagBag from /opt/airflow/dags/inside_group_dag.py
[2023-09-04T19:05:38.128+0000] {processor.py:766} INFO - DAG(s) dict_keys(['inside_group_dag']) retrieved from /opt/airflow/dags/inside_group_dag.py
[2023-09-04T19:05:38.172+0000] {logging_mixin.py:120} INFO - [2023-09-04T19:05:38.172+0000] {dag.py:2585} INFO - Sync 1 DAGs
[2023-09-04T19:05:38.192+0000] {logging_mixin.py:120} INFO - [2023-09-04T19:05:38.192+0000] {dag.py:3340} INFO - Setting next_dagrun for inside_group_dag to 2023-09-04T00:00:00+00:00, run_after=2023-09-05T00:00:00+00:00
[2023-09-04T19:05:38.203+0000] {processor.py:176} INFO - Processing /opt/airflow/dags/inside_group_dag.py took 0.116 seconds
[2023-09-04T19:06:08.715+0000] {processor.py:154} INFO - Started process (PID=1393) to work on /opt/airflow/dags/inside_group_dag.py
[2023-09-04T19:06:08.717+0000] {processor.py:756} INFO - Processing file /opt/airflow/dags/inside_group_dag.py for tasks to queue
[2023-09-04T19:06:08.718+0000] {logging_mixin.py:120} INFO - [2023-09-04T19:06:08.718+0000] {dagbag.py:537} INFO - Filling up the DagBag from /opt/airflow/dags/inside_group_dag.py
[2023-09-04T19:06:08.738+0000] {processor.py:766} INFO - DAG(s) dict_keys(['inside_group_dag']) retrieved from /opt/airflow/dags/inside_group_dag.py
[2023-09-04T19:06:08.772+0000] {logging_mixin.py:120} INFO - [2023-09-04T19:06:08.772+0000] {dag.py:2585} INFO - Sync 1 DAGs
[2023-09-04T19:06:08.790+0000] {logging_mixin.py:120} INFO - [2023-09-04T19:06:08.789+0000] {dag.py:3340} INFO - Setting next_dagrun for inside_group_dag to 2023-09-04T00:00:00+00:00, run_after=2023-09-05T00:00:00+00:00
[2023-09-04T19:06:08.800+0000] {processor.py:176} INFO - Processing /opt/airflow/dags/inside_group_dag.py took 0.090 seconds
[2023-09-04T19:06:39.371+0000] {processor.py:154} INFO - Started process (PID=1428) to work on /opt/airflow/dags/inside_group_dag.py
[2023-09-04T19:06:39.374+0000] {processor.py:756} INFO - Processing file /opt/airflow/dags/inside_group_dag.py for tasks to queue
[2023-09-04T19:06:39.376+0000] {logging_mixin.py:120} INFO - [2023-09-04T19:06:39.376+0000] {dagbag.py:537} INFO - Filling up the DagBag from /opt/airflow/dags/inside_group_dag.py
[2023-09-04T19:06:39.406+0000] {processor.py:766} INFO - DAG(s) dict_keys(['inside_group_dag']) retrieved from /opt/airflow/dags/inside_group_dag.py
[2023-09-04T19:06:39.442+0000] {logging_mixin.py:120} INFO - [2023-09-04T19:06:39.442+0000] {dag.py:2585} INFO - Sync 1 DAGs
[2023-09-04T19:06:39.460+0000] {logging_mixin.py:120} INFO - [2023-09-04T19:06:39.460+0000] {dag.py:3340} INFO - Setting next_dagrun for inside_group_dag to 2023-09-04T00:00:00+00:00, run_after=2023-09-05T00:00:00+00:00
[2023-09-04T19:06:39.471+0000] {processor.py:176} INFO - Processing /opt/airflow/dags/inside_group_dag.py took 0.108 seconds
[2023-09-04T19:07:10.043+0000] {processor.py:154} INFO - Started process (PID=1463) to work on /opt/airflow/dags/inside_group_dag.py
[2023-09-04T19:07:10.046+0000] {processor.py:756} INFO - Processing file /opt/airflow/dags/inside_group_dag.py for tasks to queue
[2023-09-04T19:07:10.047+0000] {logging_mixin.py:120} INFO - [2023-09-04T19:07:10.047+0000] {dagbag.py:537} INFO - Filling up the DagBag from /opt/airflow/dags/inside_group_dag.py
[2023-09-04T19:07:10.076+0000] {processor.py:766} INFO - DAG(s) dict_keys(['inside_group_dag']) retrieved from /opt/airflow/dags/inside_group_dag.py
[2023-09-04T19:07:10.113+0000] {logging_mixin.py:120} INFO - [2023-09-04T19:07:10.113+0000] {dag.py:2585} INFO - Sync 1 DAGs
[2023-09-04T19:07:10.129+0000] {logging_mixin.py:120} INFO - [2023-09-04T19:07:10.129+0000] {dag.py:3340} INFO - Setting next_dagrun for inside_group_dag to 2023-09-04T00:00:00+00:00, run_after=2023-09-05T00:00:00+00:00
[2023-09-04T19:07:10.139+0000] {processor.py:176} INFO - Processing /opt/airflow/dags/inside_group_dag.py took 0.104 seconds
[2023-09-04T19:07:40.622+0000] {processor.py:154} INFO - Started process (PID=1497) to work on /opt/airflow/dags/inside_group_dag.py
[2023-09-04T19:07:40.624+0000] {processor.py:756} INFO - Processing file /opt/airflow/dags/inside_group_dag.py for tasks to queue
[2023-09-04T19:07:40.626+0000] {logging_mixin.py:120} INFO - [2023-09-04T19:07:40.626+0000] {dagbag.py:537} INFO - Filling up the DagBag from /opt/airflow/dags/inside_group_dag.py
[2023-09-04T19:07:40.653+0000] {processor.py:766} INFO - DAG(s) dict_keys(['inside_group_dag']) retrieved from /opt/airflow/dags/inside_group_dag.py
[2023-09-04T19:07:40.686+0000] {logging_mixin.py:120} INFO - [2023-09-04T19:07:40.686+0000] {dag.py:2585} INFO - Sync 1 DAGs
[2023-09-04T19:07:40.702+0000] {logging_mixin.py:120} INFO - [2023-09-04T19:07:40.702+0000] {dag.py:3340} INFO - Setting next_dagrun for inside_group_dag to 2023-09-04T00:00:00+00:00, run_after=2023-09-05T00:00:00+00:00
[2023-09-04T19:07:40.713+0000] {processor.py:176} INFO - Processing /opt/airflow/dags/inside_group_dag.py took 0.097 seconds
[2023-09-04T19:08:11.282+0000] {processor.py:154} INFO - Started process (PID=1532) to work on /opt/airflow/dags/inside_group_dag.py
[2023-09-04T19:08:11.283+0000] {processor.py:756} INFO - Processing file /opt/airflow/dags/inside_group_dag.py for tasks to queue
[2023-09-04T19:08:11.284+0000] {logging_mixin.py:120} INFO - [2023-09-04T19:08:11.283+0000] {dagbag.py:537} INFO - Filling up the DagBag from /opt/airflow/dags/inside_group_dag.py
[2023-09-04T19:08:11.301+0000] {processor.py:766} INFO - DAG(s) dict_keys(['inside_group_dag']) retrieved from /opt/airflow/dags/inside_group_dag.py
[2023-09-04T19:08:11.331+0000] {logging_mixin.py:120} INFO - [2023-09-04T19:08:11.330+0000] {dag.py:2585} INFO - Sync 1 DAGs
[2023-09-04T19:08:11.346+0000] {logging_mixin.py:120} INFO - [2023-09-04T19:08:11.346+0000] {dag.py:3340} INFO - Setting next_dagrun for inside_group_dag to 2023-09-04T00:00:00+00:00, run_after=2023-09-05T00:00:00+00:00
[2023-09-04T19:08:11.356+0000] {processor.py:176} INFO - Processing /opt/airflow/dags/inside_group_dag.py took 0.077 seconds
[2023-09-04T19:08:41.939+0000] {processor.py:154} INFO - Started process (PID=1558) to work on /opt/airflow/dags/inside_group_dag.py
[2023-09-04T19:08:41.940+0000] {processor.py:756} INFO - Processing file /opt/airflow/dags/inside_group_dag.py for tasks to queue
[2023-09-04T19:08:41.942+0000] {logging_mixin.py:120} INFO - [2023-09-04T19:08:41.941+0000] {dagbag.py:537} INFO - Filling up the DagBag from /opt/airflow/dags/inside_group_dag.py
[2023-09-04T19:08:41.969+0000] {processor.py:766} INFO - DAG(s) dict_keys(['inside_group_dag']) retrieved from /opt/airflow/dags/inside_group_dag.py
[2023-09-04T19:08:42.006+0000] {logging_mixin.py:120} INFO - [2023-09-04T19:08:42.006+0000] {dag.py:2585} INFO - Sync 1 DAGs
[2023-09-04T19:08:42.023+0000] {logging_mixin.py:120} INFO - [2023-09-04T19:08:42.023+0000] {dag.py:3340} INFO - Setting next_dagrun for inside_group_dag to 2023-09-04T00:00:00+00:00, run_after=2023-09-05T00:00:00+00:00
[2023-09-04T19:08:42.033+0000] {processor.py:176} INFO - Processing /opt/airflow/dags/inside_group_dag.py took 0.100 seconds
[2023-09-04T19:09:12.525+0000] {processor.py:154} INFO - Started process (PID=1593) to work on /opt/airflow/dags/inside_group_dag.py
[2023-09-04T19:09:12.527+0000] {processor.py:756} INFO - Processing file /opt/airflow/dags/inside_group_dag.py for tasks to queue
[2023-09-04T19:09:12.529+0000] {logging_mixin.py:120} INFO - [2023-09-04T19:09:12.528+0000] {dagbag.py:537} INFO - Filling up the DagBag from /opt/airflow/dags/inside_group_dag.py
[2023-09-04T19:09:12.580+0000] {processor.py:766} INFO - DAG(s) dict_keys(['inside_group_dag']) retrieved from /opt/airflow/dags/inside_group_dag.py
[2023-09-04T19:09:12.623+0000] {logging_mixin.py:120} INFO - [2023-09-04T19:09:12.623+0000] {dag.py:2585} INFO - Sync 1 DAGs
[2023-09-04T19:09:12.654+0000] {logging_mixin.py:120} INFO - [2023-09-04T19:09:12.653+0000] {dag.py:3340} INFO - Setting next_dagrun for inside_group_dag to 2023-09-04T00:00:00+00:00, run_after=2023-09-05T00:00:00+00:00
[2023-09-04T19:09:12.674+0000] {processor.py:176} INFO - Processing /opt/airflow/dags/inside_group_dag.py took 0.161 seconds
[2023-09-04T19:40:46.838+0000] {processor.py:154} INFO - Started process (PID=1620) to work on /opt/airflow/dags/inside_group_dag.py
[2023-09-04T19:40:46.845+0000] {processor.py:756} INFO - Processing file /opt/airflow/dags/inside_group_dag.py for tasks to queue
[2023-09-04T19:40:46.850+0000] {logging_mixin.py:120} INFO - [2023-09-04T19:40:46.850+0000] {dagbag.py:537} INFO - Filling up the DagBag from /opt/airflow/dags/inside_group_dag.py
[2023-09-04T19:40:47.363+0000] {processor.py:766} INFO - DAG(s) dict_keys(['inside_group_dag']) retrieved from /opt/airflow/dags/inside_group_dag.py
[2023-09-04T19:40:47.513+0000] {logging_mixin.py:120} INFO - [2023-09-04T19:40:47.513+0000] {dag.py:2585} INFO - Sync 1 DAGs
[2023-09-04T19:40:47.537+0000] {logging_mixin.py:120} INFO - [2023-09-04T19:40:47.537+0000] {dag.py:3340} INFO - Setting next_dagrun for inside_group_dag to 2023-09-04T00:00:00+00:00, run_after=2023-09-05T00:00:00+00:00
[2023-09-04T19:40:47.549+0000] {processor.py:176} INFO - Processing /opt/airflow/dags/inside_group_dag.py took 0.719 seconds
[2023-09-04T20:06:15.579+0000] {processor.py:154} INFO - Started process (PID=1654) to work on /opt/airflow/dags/inside_group_dag.py
[2023-09-04T20:06:15.592+0000] {processor.py:756} INFO - Processing file /opt/airflow/dags/inside_group_dag.py for tasks to queue
[2023-09-04T20:06:15.595+0000] {logging_mixin.py:120} INFO - [2023-09-04T20:06:15.594+0000] {dagbag.py:537} INFO - Filling up the DagBag from /opt/airflow/dags/inside_group_dag.py
[2023-09-04T20:06:15.663+0000] {processor.py:766} INFO - DAG(s) dict_keys(['inside_group_dag']) retrieved from /opt/airflow/dags/inside_group_dag.py
[2023-09-04T20:06:15.785+0000] {logging_mixin.py:120} INFO - [2023-09-04T20:06:15.785+0000] {dag.py:2585} INFO - Sync 1 DAGs
[2023-09-04T20:06:15.833+0000] {logging_mixin.py:120} INFO - [2023-09-04T20:06:15.833+0000] {dag.py:3340} INFO - Setting next_dagrun for inside_group_dag to 2023-09-04T00:00:00+00:00, run_after=2023-09-05T00:00:00+00:00
[2023-09-04T20:06:15.878+0000] {processor.py:176} INFO - Processing /opt/airflow/dags/inside_group_dag.py took 0.311 seconds
[2023-09-04T20:06:46.232+0000] {processor.py:154} INFO - Started process (PID=1689) to work on /opt/airflow/dags/inside_group_dag.py
[2023-09-04T20:06:46.234+0000] {processor.py:756} INFO - Processing file /opt/airflow/dags/inside_group_dag.py for tasks to queue
[2023-09-04T20:06:46.234+0000] {logging_mixin.py:120} INFO - [2023-09-04T20:06:46.234+0000] {dagbag.py:537} INFO - Filling up the DagBag from /opt/airflow/dags/inside_group_dag.py
[2023-09-04T20:06:46.276+0000] {processor.py:766} INFO - DAG(s) dict_keys(['inside_group_dag']) retrieved from /opt/airflow/dags/inside_group_dag.py
[2023-09-04T20:06:46.315+0000] {logging_mixin.py:120} INFO - [2023-09-04T20:06:46.315+0000] {dag.py:2585} INFO - Sync 1 DAGs
[2023-09-04T20:06:46.335+0000] {logging_mixin.py:120} INFO - [2023-09-04T20:06:46.335+0000] {dag.py:3340} INFO - Setting next_dagrun for inside_group_dag to 2023-09-04T00:00:00+00:00, run_after=2023-09-05T00:00:00+00:00
[2023-09-04T20:06:46.348+0000] {processor.py:176} INFO - Processing /opt/airflow/dags/inside_group_dag.py took 0.118 seconds
[2023-09-04T20:07:16.931+0000] {processor.py:154} INFO - Started process (PID=1723) to work on /opt/airflow/dags/inside_group_dag.py
[2023-09-04T20:07:16.932+0000] {processor.py:756} INFO - Processing file /opt/airflow/dags/inside_group_dag.py for tasks to queue
[2023-09-04T20:07:16.933+0000] {logging_mixin.py:120} INFO - [2023-09-04T20:07:16.933+0000] {dagbag.py:537} INFO - Filling up the DagBag from /opt/airflow/dags/inside_group_dag.py
[2023-09-04T20:07:16.951+0000] {processor.py:766} INFO - DAG(s) dict_keys(['inside_group_dag']) retrieved from /opt/airflow/dags/inside_group_dag.py
[2023-09-04T20:07:16.999+0000] {logging_mixin.py:120} INFO - [2023-09-04T20:07:16.999+0000] {dag.py:2585} INFO - Sync 1 DAGs
[2023-09-04T20:07:17.019+0000] {logging_mixin.py:120} INFO - [2023-09-04T20:07:17.019+0000] {dag.py:3340} INFO - Setting next_dagrun for inside_group_dag to 2023-09-04T00:00:00+00:00, run_after=2023-09-05T00:00:00+00:00
[2023-09-04T20:07:17.030+0000] {processor.py:176} INFO - Processing /opt/airflow/dags/inside_group_dag.py took 0.102 seconds
[2023-09-04T20:07:47.659+0000] {processor.py:154} INFO - Started process (PID=1749) to work on /opt/airflow/dags/inside_group_dag.py
[2023-09-04T20:07:47.661+0000] {processor.py:756} INFO - Processing file /opt/airflow/dags/inside_group_dag.py for tasks to queue
[2023-09-04T20:07:47.662+0000] {logging_mixin.py:120} INFO - [2023-09-04T20:07:47.662+0000] {dagbag.py:537} INFO - Filling up the DagBag from /opt/airflow/dags/inside_group_dag.py
[2023-09-04T20:07:47.692+0000] {processor.py:766} INFO - DAG(s) dict_keys(['inside_group_dag']) retrieved from /opt/airflow/dags/inside_group_dag.py
[2023-09-04T20:07:47.749+0000] {logging_mixin.py:120} INFO - [2023-09-04T20:07:47.749+0000] {dag.py:2585} INFO - Sync 1 DAGs
[2023-09-04T20:07:47.772+0000] {logging_mixin.py:120} INFO - [2023-09-04T20:07:47.772+0000] {dag.py:3340} INFO - Setting next_dagrun for inside_group_dag to 2023-09-04T00:00:00+00:00, run_after=2023-09-05T00:00:00+00:00
[2023-09-04T20:07:47.786+0000] {processor.py:176} INFO - Processing /opt/airflow/dags/inside_group_dag.py took 0.132 seconds
[2023-09-04T20:08:18.379+0000] {processor.py:154} INFO - Started process (PID=1784) to work on /opt/airflow/dags/inside_group_dag.py
[2023-09-04T20:08:18.379+0000] {processor.py:756} INFO - Processing file /opt/airflow/dags/inside_group_dag.py for tasks to queue
[2023-09-04T20:08:18.380+0000] {logging_mixin.py:120} INFO - [2023-09-04T20:08:18.380+0000] {dagbag.py:537} INFO - Filling up the DagBag from /opt/airflow/dags/inside_group_dag.py
[2023-09-04T20:08:18.413+0000] {processor.py:766} INFO - DAG(s) dict_keys(['inside_group_dag']) retrieved from /opt/airflow/dags/inside_group_dag.py
[2023-09-04T20:08:18.448+0000] {logging_mixin.py:120} INFO - [2023-09-04T20:08:18.448+0000] {dag.py:2585} INFO - Sync 1 DAGs
[2023-09-04T20:08:18.466+0000] {logging_mixin.py:120} INFO - [2023-09-04T20:08:18.466+0000] {dag.py:3340} INFO - Setting next_dagrun for inside_group_dag to 2023-09-04T00:00:00+00:00, run_after=2023-09-05T00:00:00+00:00
[2023-09-04T20:08:18.478+0000] {processor.py:176} INFO - Processing /opt/airflow/dags/inside_group_dag.py took 0.102 seconds
[2023-09-04T20:08:49.141+0000] {processor.py:154} INFO - Started process (PID=1819) to work on /opt/airflow/dags/inside_group_dag.py
[2023-09-04T20:08:49.143+0000] {processor.py:756} INFO - Processing file /opt/airflow/dags/inside_group_dag.py for tasks to queue
[2023-09-04T20:08:49.144+0000] {logging_mixin.py:120} INFO - [2023-09-04T20:08:49.144+0000] {dagbag.py:537} INFO - Filling up the DagBag from /opt/airflow/dags/inside_group_dag.py
[2023-09-04T20:08:49.170+0000] {processor.py:766} INFO - DAG(s) dict_keys(['inside_group_dag']) retrieved from /opt/airflow/dags/inside_group_dag.py
[2023-09-04T20:08:49.221+0000] {logging_mixin.py:120} INFO - [2023-09-04T20:08:49.221+0000] {dag.py:2585} INFO - Sync 1 DAGs
[2023-09-04T20:08:49.240+0000] {logging_mixin.py:120} INFO - [2023-09-04T20:08:49.240+0000] {dag.py:3340} INFO - Setting next_dagrun for inside_group_dag to 2023-09-04T00:00:00+00:00, run_after=2023-09-05T00:00:00+00:00
[2023-09-04T20:08:49.252+0000] {processor.py:176} INFO - Processing /opt/airflow/dags/inside_group_dag.py took 0.116 seconds
[2023-09-04T20:09:19.836+0000] {processor.py:154} INFO - Started process (PID=1854) to work on /opt/airflow/dags/inside_group_dag.py
[2023-09-04T20:09:19.839+0000] {processor.py:756} INFO - Processing file /opt/airflow/dags/inside_group_dag.py for tasks to queue
[2023-09-04T20:09:19.840+0000] {logging_mixin.py:120} INFO - [2023-09-04T20:09:19.840+0000] {dagbag.py:537} INFO - Filling up the DagBag from /opt/airflow/dags/inside_group_dag.py
[2023-09-04T20:09:19.873+0000] {processor.py:766} INFO - DAG(s) dict_keys(['inside_group_dag']) retrieved from /opt/airflow/dags/inside_group_dag.py
[2023-09-04T20:09:19.919+0000] {logging_mixin.py:120} INFO - [2023-09-04T20:09:19.919+0000] {dag.py:2585} INFO - Sync 1 DAGs
[2023-09-04T20:09:19.941+0000] {logging_mixin.py:120} INFO - [2023-09-04T20:09:19.941+0000] {dag.py:3340} INFO - Setting next_dagrun for inside_group_dag to 2023-09-04T00:00:00+00:00, run_after=2023-09-05T00:00:00+00:00
[2023-09-04T20:09:19.954+0000] {processor.py:176} INFO - Processing /opt/airflow/dags/inside_group_dag.py took 0.125 seconds
[2023-09-04T20:09:50.589+0000] {processor.py:154} INFO - Started process (PID=1889) to work on /opt/airflow/dags/inside_group_dag.py
[2023-09-04T20:09:50.591+0000] {processor.py:756} INFO - Processing file /opt/airflow/dags/inside_group_dag.py for tasks to queue
[2023-09-04T20:09:50.591+0000] {logging_mixin.py:120} INFO - [2023-09-04T20:09:50.591+0000] {dagbag.py:537} INFO - Filling up the DagBag from /opt/airflow/dags/inside_group_dag.py
[2023-09-04T20:09:50.612+0000] {processor.py:766} INFO - DAG(s) dict_keys(['inside_group_dag']) retrieved from /opt/airflow/dags/inside_group_dag.py
[2023-09-04T20:09:50.652+0000] {logging_mixin.py:120} INFO - [2023-09-04T20:09:50.651+0000] {dag.py:2585} INFO - Sync 1 DAGs
[2023-09-04T20:09:50.669+0000] {logging_mixin.py:120} INFO - [2023-09-04T20:09:50.669+0000] {dag.py:3340} INFO - Setting next_dagrun for inside_group_dag to 2023-09-04T00:00:00+00:00, run_after=2023-09-05T00:00:00+00:00
[2023-09-04T20:09:50.680+0000] {processor.py:176} INFO - Processing /opt/airflow/dags/inside_group_dag.py took 0.094 seconds
[2023-09-04T20:10:21.276+0000] {processor.py:154} INFO - Started process (PID=1924) to work on /opt/airflow/dags/inside_group_dag.py
[2023-09-04T20:10:21.277+0000] {processor.py:756} INFO - Processing file /opt/airflow/dags/inside_group_dag.py for tasks to queue
[2023-09-04T20:10:21.278+0000] {logging_mixin.py:120} INFO - [2023-09-04T20:10:21.278+0000] {dagbag.py:537} INFO - Filling up the DagBag from /opt/airflow/dags/inside_group_dag.py
[2023-09-04T20:10:21.301+0000] {processor.py:766} INFO - DAG(s) dict_keys(['inside_group_dag']) retrieved from /opt/airflow/dags/inside_group_dag.py
[2023-09-04T20:10:21.338+0000] {logging_mixin.py:120} INFO - [2023-09-04T20:10:21.338+0000] {dag.py:2585} INFO - Sync 1 DAGs
[2023-09-04T20:10:21.359+0000] {logging_mixin.py:120} INFO - [2023-09-04T20:10:21.359+0000] {dag.py:3340} INFO - Setting next_dagrun for inside_group_dag to 2023-09-04T00:00:00+00:00, run_after=2023-09-05T00:00:00+00:00
[2023-09-04T20:10:21.372+0000] {processor.py:176} INFO - Processing /opt/airflow/dags/inside_group_dag.py took 0.099 seconds
