[2023-09-04T18:45:42.286+0000] {processor.py:154} INFO - Started process (PID=43) to work on /opt/airflow/dags/producer.py
[2023-09-04T18:45:42.290+0000] {processor.py:756} INFO - Processing file /opt/airflow/dags/producer.py for tasks to queue
[2023-09-04T18:45:42.294+0000] {logging_mixin.py:120} INFO - [2023-09-04T18:45:42.294+0000] {dagbag.py:537} INFO - Filling up the DagBag from /opt/airflow/dags/producer.py
[2023-09-04T18:45:42.334+0000] {processor.py:766} INFO - DAG(s) dict_keys(['producer']) retrieved from /opt/airflow/dags/producer.py
[2023-09-04T18:45:42.489+0000] {logging_mixin.py:120} INFO - [2023-09-04T18:45:42.488+0000] {dag.py:2585} INFO - Sync 1 DAGs
[2023-09-04T18:45:42.554+0000] {logging_mixin.py:120} INFO - [2023-09-04T18:45:42.554+0000] {dag.py:3340} INFO - Setting next_dagrun for producer to 2023-09-04T00:00:00+00:00, run_after=2023-09-05T00:00:00+00:00
[2023-09-04T18:45:42.646+0000] {processor.py:176} INFO - Processing /opt/airflow/dags/producer.py took 0.391 seconds
[2023-09-04T18:46:13.373+0000] {processor.py:154} INFO - Started process (PID=99) to work on /opt/airflow/dags/producer.py
[2023-09-04T18:46:13.374+0000] {processor.py:756} INFO - Processing file /opt/airflow/dags/producer.py for tasks to queue
[2023-09-04T18:46:13.375+0000] {logging_mixin.py:120} INFO - [2023-09-04T18:46:13.375+0000] {dagbag.py:537} INFO - Filling up the DagBag from /opt/airflow/dags/producer.py
[2023-09-04T18:46:13.394+0000] {processor.py:766} INFO - DAG(s) dict_keys(['producer']) retrieved from /opt/airflow/dags/producer.py
[2023-09-04T18:46:13.419+0000] {logging_mixin.py:120} INFO - [2023-09-04T18:46:13.419+0000] {dag.py:2585} INFO - Sync 1 DAGs
[2023-09-04T18:46:13.435+0000] {logging_mixin.py:120} INFO - [2023-09-04T18:46:13.435+0000] {dag.py:3340} INFO - Setting next_dagrun for producer to 2023-09-04T00:00:00+00:00, run_after=2023-09-05T00:00:00+00:00
[2023-09-04T18:46:13.451+0000] {processor.py:176} INFO - Processing /opt/airflow/dags/producer.py took 0.080 seconds
[2023-09-04T18:46:44.510+0000] {processor.py:154} INFO - Started process (PID=140) to work on /opt/airflow/dags/producer.py
[2023-09-04T18:46:44.511+0000] {processor.py:756} INFO - Processing file /opt/airflow/dags/producer.py for tasks to queue
[2023-09-04T18:46:44.511+0000] {logging_mixin.py:120} INFO - [2023-09-04T18:46:44.511+0000] {dagbag.py:537} INFO - Filling up the DagBag from /opt/airflow/dags/producer.py
[2023-09-04T18:46:44.532+0000] {processor.py:766} INFO - DAG(s) dict_keys(['producer']) retrieved from /opt/airflow/dags/producer.py
[2023-09-04T18:46:44.570+0000] {logging_mixin.py:120} INFO - [2023-09-04T18:46:44.570+0000] {dag.py:2585} INFO - Sync 1 DAGs
[2023-09-04T18:46:44.593+0000] {logging_mixin.py:120} INFO - [2023-09-04T18:46:44.593+0000] {dag.py:3340} INFO - Setting next_dagrun for producer to 2023-09-04T00:00:00+00:00, run_after=2023-09-05T00:00:00+00:00
[2023-09-04T18:46:44.619+0000] {processor.py:176} INFO - Processing /opt/airflow/dags/producer.py took 0.112 seconds
[2023-09-04T18:47:15.429+0000] {processor.py:154} INFO - Started process (PID=166) to work on /opt/airflow/dags/producer.py
[2023-09-04T18:47:15.431+0000] {processor.py:756} INFO - Processing file /opt/airflow/dags/producer.py for tasks to queue
[2023-09-04T18:47:15.431+0000] {logging_mixin.py:120} INFO - [2023-09-04T18:47:15.431+0000] {dagbag.py:537} INFO - Filling up the DagBag from /opt/airflow/dags/producer.py
[2023-09-04T18:47:15.450+0000] {processor.py:766} INFO - DAG(s) dict_keys(['producer']) retrieved from /opt/airflow/dags/producer.py
[2023-09-04T18:47:15.479+0000] {logging_mixin.py:120} INFO - [2023-09-04T18:47:15.479+0000] {dag.py:2585} INFO - Sync 1 DAGs
[2023-09-04T18:47:15.494+0000] {logging_mixin.py:120} INFO - [2023-09-04T18:47:15.494+0000] {dag.py:3340} INFO - Setting next_dagrun for producer to 2023-09-04T00:00:00+00:00, run_after=2023-09-05T00:00:00+00:00
[2023-09-04T18:47:15.507+0000] {processor.py:176} INFO - Processing /opt/airflow/dags/producer.py took 0.080 seconds
[2023-09-04T18:47:46.181+0000] {processor.py:154} INFO - Started process (PID=200) to work on /opt/airflow/dags/producer.py
[2023-09-04T18:47:46.182+0000] {processor.py:756} INFO - Processing file /opt/airflow/dags/producer.py for tasks to queue
[2023-09-04T18:47:46.183+0000] {logging_mixin.py:120} INFO - [2023-09-04T18:47:46.183+0000] {dagbag.py:537} INFO - Filling up the DagBag from /opt/airflow/dags/producer.py
[2023-09-04T18:47:46.208+0000] {processor.py:766} INFO - DAG(s) dict_keys(['producer']) retrieved from /opt/airflow/dags/producer.py
[2023-09-04T18:47:46.249+0000] {logging_mixin.py:120} INFO - [2023-09-04T18:47:46.248+0000] {dag.py:2585} INFO - Sync 1 DAGs
[2023-09-04T18:47:46.276+0000] {logging_mixin.py:120} INFO - [2023-09-04T18:47:46.276+0000] {dag.py:3340} INFO - Setting next_dagrun for producer to 2023-09-04T00:00:00+00:00, run_after=2023-09-05T00:00:00+00:00
[2023-09-04T18:47:46.303+0000] {processor.py:176} INFO - Processing /opt/airflow/dags/producer.py took 0.125 seconds
[2023-09-04T18:48:16.980+0000] {processor.py:154} INFO - Started process (PID=235) to work on /opt/airflow/dags/producer.py
[2023-09-04T18:48:16.981+0000] {processor.py:756} INFO - Processing file /opt/airflow/dags/producer.py for tasks to queue
[2023-09-04T18:48:16.982+0000] {logging_mixin.py:120} INFO - [2023-09-04T18:48:16.982+0000] {dagbag.py:537} INFO - Filling up the DagBag from /opt/airflow/dags/producer.py
[2023-09-04T18:48:16.996+0000] {processor.py:766} INFO - DAG(s) dict_keys(['producer']) retrieved from /opt/airflow/dags/producer.py
[2023-09-04T18:48:17.022+0000] {logging_mixin.py:120} INFO - [2023-09-04T18:48:17.022+0000] {dag.py:2585} INFO - Sync 1 DAGs
[2023-09-04T18:48:17.048+0000] {logging_mixin.py:120} INFO - [2023-09-04T18:48:17.048+0000] {dag.py:3340} INFO - Setting next_dagrun for producer to 2023-09-04T00:00:00+00:00, run_after=2023-09-05T00:00:00+00:00
[2023-09-04T18:48:17.079+0000] {processor.py:176} INFO - Processing /opt/airflow/dags/producer.py took 0.101 seconds
[2023-09-04T18:48:47.111+0000] {processor.py:154} INFO - Started process (PID=268) to work on /opt/airflow/dags/producer.py
[2023-09-04T18:48:47.112+0000] {processor.py:756} INFO - Processing file /opt/airflow/dags/producer.py for tasks to queue
[2023-09-04T18:48:47.113+0000] {logging_mixin.py:120} INFO - [2023-09-04T18:48:47.113+0000] {dagbag.py:537} INFO - Filling up the DagBag from /opt/airflow/dags/producer.py
[2023-09-04T18:48:47.126+0000] {processor.py:766} INFO - DAG(s) dict_keys(['producer']) retrieved from /opt/airflow/dags/producer.py
[2023-09-04T18:48:47.154+0000] {logging_mixin.py:120} INFO - [2023-09-04T18:48:47.154+0000] {dag.py:2585} INFO - Sync 1 DAGs
[2023-09-04T18:48:47.172+0000] {logging_mixin.py:120} INFO - [2023-09-04T18:48:47.172+0000] {dag.py:3340} INFO - Setting next_dagrun for producer to 2023-09-04T00:00:00+00:00, run_after=2023-09-05T00:00:00+00:00
[2023-09-04T18:48:47.184+0000] {processor.py:176} INFO - Processing /opt/airflow/dags/producer.py took 0.074 seconds
[2023-09-04T18:49:17.816+0000] {processor.py:154} INFO - Started process (PID=303) to work on /opt/airflow/dags/producer.py
[2023-09-04T18:49:17.817+0000] {processor.py:756} INFO - Processing file /opt/airflow/dags/producer.py for tasks to queue
[2023-09-04T18:49:17.818+0000] {logging_mixin.py:120} INFO - [2023-09-04T18:49:17.817+0000] {dagbag.py:537} INFO - Filling up the DagBag from /opt/airflow/dags/producer.py
[2023-09-04T18:49:17.832+0000] {processor.py:766} INFO - DAG(s) dict_keys(['producer']) retrieved from /opt/airflow/dags/producer.py
[2023-09-04T18:49:17.855+0000] {logging_mixin.py:120} INFO - [2023-09-04T18:49:17.855+0000] {dag.py:2585} INFO - Sync 1 DAGs
[2023-09-04T18:49:17.869+0000] {logging_mixin.py:120} INFO - [2023-09-04T18:49:17.869+0000] {dag.py:3340} INFO - Setting next_dagrun for producer to 2023-09-04T00:00:00+00:00, run_after=2023-09-05T00:00:00+00:00
[2023-09-04T18:49:17.879+0000] {processor.py:176} INFO - Processing /opt/airflow/dags/producer.py took 0.065 seconds
[2023-09-04T18:49:48.452+0000] {processor.py:154} INFO - Started process (PID=329) to work on /opt/airflow/dags/producer.py
[2023-09-04T18:49:48.453+0000] {processor.py:756} INFO - Processing file /opt/airflow/dags/producer.py for tasks to queue
[2023-09-04T18:49:48.454+0000] {logging_mixin.py:120} INFO - [2023-09-04T18:49:48.454+0000] {dagbag.py:537} INFO - Filling up the DagBag from /opt/airflow/dags/producer.py
[2023-09-04T18:49:48.467+0000] {processor.py:766} INFO - DAG(s) dict_keys(['producer']) retrieved from /opt/airflow/dags/producer.py
[2023-09-04T18:49:48.489+0000] {logging_mixin.py:120} INFO - [2023-09-04T18:49:48.489+0000] {dag.py:2585} INFO - Sync 1 DAGs
[2023-09-04T18:49:48.503+0000] {logging_mixin.py:120} INFO - [2023-09-04T18:49:48.503+0000] {dag.py:3340} INFO - Setting next_dagrun for producer to 2023-09-04T00:00:00+00:00, run_after=2023-09-05T00:00:00+00:00
[2023-09-04T18:49:48.514+0000] {processor.py:176} INFO - Processing /opt/airflow/dags/producer.py took 0.063 seconds
[2023-09-04T18:50:19.095+0000] {processor.py:154} INFO - Started process (PID=363) to work on /opt/airflow/dags/producer.py
[2023-09-04T18:50:19.096+0000] {processor.py:756} INFO - Processing file /opt/airflow/dags/producer.py for tasks to queue
[2023-09-04T18:50:19.096+0000] {logging_mixin.py:120} INFO - [2023-09-04T18:50:19.096+0000] {dagbag.py:537} INFO - Filling up the DagBag from /opt/airflow/dags/producer.py
[2023-09-04T18:50:19.110+0000] {processor.py:766} INFO - DAG(s) dict_keys(['producer']) retrieved from /opt/airflow/dags/producer.py
[2023-09-04T18:50:19.134+0000] {logging_mixin.py:120} INFO - [2023-09-04T18:50:19.134+0000] {dag.py:2585} INFO - Sync 1 DAGs
[2023-09-04T18:50:19.147+0000] {logging_mixin.py:120} INFO - [2023-09-04T18:50:19.147+0000] {dag.py:3340} INFO - Setting next_dagrun for producer to 2023-09-04T00:00:00+00:00, run_after=2023-09-05T00:00:00+00:00
[2023-09-04T18:50:19.158+0000] {processor.py:176} INFO - Processing /opt/airflow/dags/producer.py took 0.065 seconds
[2023-09-04T18:50:49.659+0000] {processor.py:154} INFO - Started process (PID=397) to work on /opt/airflow/dags/producer.py
[2023-09-04T18:50:49.660+0000] {processor.py:756} INFO - Processing file /opt/airflow/dags/producer.py for tasks to queue
[2023-09-04T18:50:49.660+0000] {logging_mixin.py:120} INFO - [2023-09-04T18:50:49.660+0000] {dagbag.py:537} INFO - Filling up the DagBag from /opt/airflow/dags/producer.py
[2023-09-04T18:50:49.674+0000] {processor.py:766} INFO - DAG(s) dict_keys(['producer']) retrieved from /opt/airflow/dags/producer.py
[2023-09-04T18:50:49.700+0000] {logging_mixin.py:120} INFO - [2023-09-04T18:50:49.700+0000] {dag.py:2585} INFO - Sync 1 DAGs
[2023-09-04T18:50:49.716+0000] {logging_mixin.py:120} INFO - [2023-09-04T18:50:49.716+0000] {dag.py:3340} INFO - Setting next_dagrun for producer to 2023-09-04T00:00:00+00:00, run_after=2023-09-05T00:00:00+00:00
[2023-09-04T18:50:49.728+0000] {processor.py:176} INFO - Processing /opt/airflow/dags/producer.py took 0.071 seconds
[2023-09-04T18:51:20.262+0000] {processor.py:154} INFO - Started process (PID=431) to work on /opt/airflow/dags/producer.py
[2023-09-04T18:51:20.263+0000] {processor.py:756} INFO - Processing file /opt/airflow/dags/producer.py for tasks to queue
[2023-09-04T18:51:20.263+0000] {logging_mixin.py:120} INFO - [2023-09-04T18:51:20.263+0000] {dagbag.py:537} INFO - Filling up the DagBag from /opt/airflow/dags/producer.py
[2023-09-04T18:51:20.276+0000] {processor.py:766} INFO - DAG(s) dict_keys(['producer']) retrieved from /opt/airflow/dags/producer.py
[2023-09-04T18:51:20.300+0000] {logging_mixin.py:120} INFO - [2023-09-04T18:51:20.300+0000] {dag.py:2585} INFO - Sync 1 DAGs
[2023-09-04T18:51:20.312+0000] {logging_mixin.py:120} INFO - [2023-09-04T18:51:20.312+0000] {dag.py:3340} INFO - Setting next_dagrun for producer to 2023-09-04T00:00:00+00:00, run_after=2023-09-05T00:00:00+00:00
[2023-09-04T18:51:20.323+0000] {processor.py:176} INFO - Processing /opt/airflow/dags/producer.py took 0.062 seconds
[2023-09-04T18:51:50.843+0000] {processor.py:154} INFO - Started process (PID=466) to work on /opt/airflow/dags/producer.py
[2023-09-04T18:51:50.844+0000] {processor.py:756} INFO - Processing file /opt/airflow/dags/producer.py for tasks to queue
[2023-09-04T18:51:50.844+0000] {logging_mixin.py:120} INFO - [2023-09-04T18:51:50.844+0000] {dagbag.py:537} INFO - Filling up the DagBag from /opt/airflow/dags/producer.py
[2023-09-04T18:51:50.858+0000] {processor.py:766} INFO - DAG(s) dict_keys(['producer']) retrieved from /opt/airflow/dags/producer.py
[2023-09-04T18:51:50.881+0000] {logging_mixin.py:120} INFO - [2023-09-04T18:51:50.881+0000] {dag.py:2585} INFO - Sync 1 DAGs
[2023-09-04T18:51:50.894+0000] {logging_mixin.py:120} INFO - [2023-09-04T18:51:50.894+0000] {dag.py:3340} INFO - Setting next_dagrun for producer to 2023-09-04T00:00:00+00:00, run_after=2023-09-05T00:00:00+00:00
[2023-09-04T18:51:50.905+0000] {processor.py:176} INFO - Processing /opt/airflow/dags/producer.py took 0.063 seconds
[2023-09-04T18:52:21.443+0000] {processor.py:154} INFO - Started process (PID=501) to work on /opt/airflow/dags/producer.py
[2023-09-04T18:52:21.443+0000] {processor.py:756} INFO - Processing file /opt/airflow/dags/producer.py for tasks to queue
[2023-09-04T18:52:21.444+0000] {logging_mixin.py:120} INFO - [2023-09-04T18:52:21.444+0000] {dagbag.py:537} INFO - Filling up the DagBag from /opt/airflow/dags/producer.py
[2023-09-04T18:52:21.458+0000] {processor.py:766} INFO - DAG(s) dict_keys(['producer']) retrieved from /opt/airflow/dags/producer.py
[2023-09-04T18:52:21.483+0000] {logging_mixin.py:120} INFO - [2023-09-04T18:52:21.483+0000] {dag.py:2585} INFO - Sync 1 DAGs
[2023-09-04T18:52:21.497+0000] {logging_mixin.py:120} INFO - [2023-09-04T18:52:21.497+0000] {dag.py:3340} INFO - Setting next_dagrun for producer to 2023-09-04T00:00:00+00:00, run_after=2023-09-05T00:00:00+00:00
[2023-09-04T18:52:21.507+0000] {processor.py:176} INFO - Processing /opt/airflow/dags/producer.py took 0.066 seconds
[2023-09-04T18:52:52.093+0000] {processor.py:154} INFO - Started process (PID=536) to work on /opt/airflow/dags/producer.py
[2023-09-04T18:52:52.094+0000] {processor.py:756} INFO - Processing file /opt/airflow/dags/producer.py for tasks to queue
[2023-09-04T18:52:52.095+0000] {logging_mixin.py:120} INFO - [2023-09-04T18:52:52.095+0000] {dagbag.py:537} INFO - Filling up the DagBag from /opt/airflow/dags/producer.py
[2023-09-04T18:52:52.113+0000] {processor.py:766} INFO - DAG(s) dict_keys(['producer']) retrieved from /opt/airflow/dags/producer.py
[2023-09-04T18:52:52.145+0000] {logging_mixin.py:120} INFO - [2023-09-04T18:52:52.145+0000] {dag.py:2585} INFO - Sync 1 DAGs
[2023-09-04T18:52:52.165+0000] {logging_mixin.py:120} INFO - [2023-09-04T18:52:52.165+0000] {dag.py:3340} INFO - Setting next_dagrun for producer to 2023-09-04T00:00:00+00:00, run_after=2023-09-05T00:00:00+00:00
[2023-09-04T18:52:52.185+0000] {processor.py:176} INFO - Processing /opt/airflow/dags/producer.py took 0.095 seconds
[2023-09-04T18:53:22.696+0000] {processor.py:154} INFO - Started process (PID=563) to work on /opt/airflow/dags/producer.py
[2023-09-04T18:53:22.697+0000] {processor.py:756} INFO - Processing file /opt/airflow/dags/producer.py for tasks to queue
[2023-09-04T18:53:22.698+0000] {logging_mixin.py:120} INFO - [2023-09-04T18:53:22.698+0000] {dagbag.py:537} INFO - Filling up the DagBag from /opt/airflow/dags/producer.py
[2023-09-04T18:53:22.714+0000] {processor.py:766} INFO - DAG(s) dict_keys(['producer']) retrieved from /opt/airflow/dags/producer.py
[2023-09-04T18:53:22.741+0000] {logging_mixin.py:120} INFO - [2023-09-04T18:53:22.741+0000] {dag.py:2585} INFO - Sync 1 DAGs
[2023-09-04T18:53:22.756+0000] {logging_mixin.py:120} INFO - [2023-09-04T18:53:22.756+0000] {dag.py:3340} INFO - Setting next_dagrun for producer to 2023-09-04T00:00:00+00:00, run_after=2023-09-05T00:00:00+00:00
[2023-09-04T18:53:22.768+0000] {processor.py:176} INFO - Processing /opt/airflow/dags/producer.py took 0.074 seconds
[2023-09-04T18:53:53.319+0000] {processor.py:154} INFO - Started process (PID=598) to work on /opt/airflow/dags/producer.py
[2023-09-04T18:53:53.320+0000] {processor.py:756} INFO - Processing file /opt/airflow/dags/producer.py for tasks to queue
[2023-09-04T18:53:53.320+0000] {logging_mixin.py:120} INFO - [2023-09-04T18:53:53.320+0000] {dagbag.py:537} INFO - Filling up the DagBag from /opt/airflow/dags/producer.py
[2023-09-04T18:53:53.335+0000] {processor.py:766} INFO - DAG(s) dict_keys(['producer']) retrieved from /opt/airflow/dags/producer.py
[2023-09-04T18:53:53.370+0000] {logging_mixin.py:120} INFO - [2023-09-04T18:53:53.370+0000] {dag.py:2585} INFO - Sync 1 DAGs
[2023-09-04T18:53:53.388+0000] {logging_mixin.py:120} INFO - [2023-09-04T18:53:53.388+0000] {dag.py:3340} INFO - Setting next_dagrun for producer to 2023-09-04T00:00:00+00:00, run_after=2023-09-05T00:00:00+00:00
[2023-09-04T18:53:53.407+0000] {processor.py:176} INFO - Processing /opt/airflow/dags/producer.py took 0.090 seconds
[2023-09-04T18:54:23.973+0000] {processor.py:154} INFO - Started process (PID=634) to work on /opt/airflow/dags/producer.py
[2023-09-04T18:54:23.973+0000] {processor.py:756} INFO - Processing file /opt/airflow/dags/producer.py for tasks to queue
[2023-09-04T18:54:23.974+0000] {logging_mixin.py:120} INFO - [2023-09-04T18:54:23.974+0000] {dagbag.py:537} INFO - Filling up the DagBag from /opt/airflow/dags/producer.py
[2023-09-04T18:54:23.988+0000] {processor.py:766} INFO - DAG(s) dict_keys(['producer']) retrieved from /opt/airflow/dags/producer.py
[2023-09-04T18:54:24.011+0000] {logging_mixin.py:120} INFO - [2023-09-04T18:54:24.011+0000] {dag.py:2585} INFO - Sync 1 DAGs
[2023-09-04T18:54:24.023+0000] {logging_mixin.py:120} INFO - [2023-09-04T18:54:24.023+0000] {dag.py:3340} INFO - Setting next_dagrun for producer to 2023-09-04T00:00:00+00:00, run_after=2023-09-05T00:00:00+00:00
[2023-09-04T18:54:24.038+0000] {processor.py:176} INFO - Processing /opt/airflow/dags/producer.py took 0.067 seconds
[2023-09-04T18:54:54.604+0000] {processor.py:154} INFO - Started process (PID=669) to work on /opt/airflow/dags/producer.py
[2023-09-04T18:54:54.605+0000] {processor.py:756} INFO - Processing file /opt/airflow/dags/producer.py for tasks to queue
[2023-09-04T18:54:54.606+0000] {logging_mixin.py:120} INFO - [2023-09-04T18:54:54.605+0000] {dagbag.py:537} INFO - Filling up the DagBag from /opt/airflow/dags/producer.py
[2023-09-04T18:54:54.620+0000] {processor.py:766} INFO - DAG(s) dict_keys(['producer']) retrieved from /opt/airflow/dags/producer.py
[2023-09-04T18:54:54.646+0000] {logging_mixin.py:120} INFO - [2023-09-04T18:54:54.646+0000] {dag.py:2585} INFO - Sync 1 DAGs
[2023-09-04T18:54:54.660+0000] {logging_mixin.py:120} INFO - [2023-09-04T18:54:54.660+0000] {dag.py:3340} INFO - Setting next_dagrun for producer to 2023-09-04T00:00:00+00:00, run_after=2023-09-05T00:00:00+00:00
[2023-09-04T18:54:54.671+0000] {processor.py:176} INFO - Processing /opt/airflow/dags/producer.py took 0.069 seconds
[2023-09-04T18:55:25.221+0000] {processor.py:154} INFO - Started process (PID=703) to work on /opt/airflow/dags/producer.py
[2023-09-04T18:55:25.222+0000] {processor.py:756} INFO - Processing file /opt/airflow/dags/producer.py for tasks to queue
[2023-09-04T18:55:25.223+0000] {logging_mixin.py:120} INFO - [2023-09-04T18:55:25.223+0000] {dagbag.py:537} INFO - Filling up the DagBag from /opt/airflow/dags/producer.py
[2023-09-04T18:55:25.241+0000] {processor.py:766} INFO - DAG(s) dict_keys(['producer']) retrieved from /opt/airflow/dags/producer.py
[2023-09-04T18:55:25.272+0000] {logging_mixin.py:120} INFO - [2023-09-04T18:55:25.272+0000] {dag.py:2585} INFO - Sync 1 DAGs
[2023-09-04T18:55:25.288+0000] {logging_mixin.py:120} INFO - [2023-09-04T18:55:25.288+0000] {dag.py:3340} INFO - Setting next_dagrun for producer to 2023-09-04T00:00:00+00:00, run_after=2023-09-05T00:00:00+00:00
[2023-09-04T18:55:25.303+0000] {processor.py:176} INFO - Processing /opt/airflow/dags/producer.py took 0.085 seconds
[2023-09-04T18:55:56.326+0000] {processor.py:154} INFO - Started process (PID=738) to work on /opt/airflow/dags/producer.py
[2023-09-04T18:55:56.327+0000] {processor.py:756} INFO - Processing file /opt/airflow/dags/producer.py for tasks to queue
[2023-09-04T18:55:56.328+0000] {logging_mixin.py:120} INFO - [2023-09-04T18:55:56.328+0000] {dagbag.py:537} INFO - Filling up the DagBag from /opt/airflow/dags/producer.py
[2023-09-04T18:55:56.344+0000] {processor.py:766} INFO - DAG(s) dict_keys(['producer']) retrieved from /opt/airflow/dags/producer.py
[2023-09-04T18:55:56.392+0000] {logging_mixin.py:120} INFO - [2023-09-04T18:55:56.392+0000] {dag.py:2585} INFO - Sync 1 DAGs
[2023-09-04T18:55:56.408+0000] {logging_mixin.py:120} INFO - [2023-09-04T18:55:56.407+0000] {dag.py:3340} INFO - Setting next_dagrun for producer to 2023-09-04T00:00:00+00:00, run_after=2023-09-05T00:00:00+00:00
[2023-09-04T18:55:56.420+0000] {processor.py:176} INFO - Processing /opt/airflow/dags/producer.py took 0.096 seconds
[2023-09-04T18:56:26.509+0000] {processor.py:154} INFO - Started process (PID=762) to work on /opt/airflow/dags/producer.py
[2023-09-04T18:56:26.510+0000] {processor.py:756} INFO - Processing file /opt/airflow/dags/producer.py for tasks to queue
[2023-09-04T18:56:26.510+0000] {logging_mixin.py:120} INFO - [2023-09-04T18:56:26.510+0000] {dagbag.py:537} INFO - Filling up the DagBag from /opt/airflow/dags/producer.py
[2023-09-04T18:56:26.524+0000] {processor.py:766} INFO - DAG(s) dict_keys(['producer']) retrieved from /opt/airflow/dags/producer.py
[2023-09-04T18:56:26.548+0000] {logging_mixin.py:120} INFO - [2023-09-04T18:56:26.548+0000] {dag.py:2585} INFO - Sync 1 DAGs
[2023-09-04T18:56:26.561+0000] {logging_mixin.py:120} INFO - [2023-09-04T18:56:26.561+0000] {dag.py:3340} INFO - Setting next_dagrun for producer to 2023-09-04T00:00:00+00:00, run_after=2023-09-05T00:00:00+00:00
[2023-09-04T18:56:26.572+0000] {processor.py:176} INFO - Processing /opt/airflow/dags/producer.py took 0.065 seconds
[2023-09-04T18:56:56.672+0000] {processor.py:154} INFO - Started process (PID=797) to work on /opt/airflow/dags/producer.py
[2023-09-04T18:56:56.673+0000] {processor.py:756} INFO - Processing file /opt/airflow/dags/producer.py for tasks to queue
[2023-09-04T18:56:56.674+0000] {logging_mixin.py:120} INFO - [2023-09-04T18:56:56.674+0000] {dagbag.py:537} INFO - Filling up the DagBag from /opt/airflow/dags/producer.py
[2023-09-04T18:56:56.688+0000] {processor.py:766} INFO - DAG(s) dict_keys(['producer']) retrieved from /opt/airflow/dags/producer.py
[2023-09-04T18:56:56.713+0000] {logging_mixin.py:120} INFO - [2023-09-04T18:56:56.713+0000] {dag.py:2585} INFO - Sync 1 DAGs
[2023-09-04T18:56:56.726+0000] {logging_mixin.py:120} INFO - [2023-09-04T18:56:56.726+0000] {dag.py:3340} INFO - Setting next_dagrun for producer to 2023-09-04T00:00:00+00:00, run_after=2023-09-05T00:00:00+00:00
[2023-09-04T18:56:56.737+0000] {processor.py:176} INFO - Processing /opt/airflow/dags/producer.py took 0.067 seconds
[2023-09-04T18:57:27.238+0000] {processor.py:154} INFO - Started process (PID=832) to work on /opt/airflow/dags/producer.py
[2023-09-04T18:57:27.238+0000] {processor.py:756} INFO - Processing file /opt/airflow/dags/producer.py for tasks to queue
[2023-09-04T18:57:27.239+0000] {logging_mixin.py:120} INFO - [2023-09-04T18:57:27.239+0000] {dagbag.py:537} INFO - Filling up the DagBag from /opt/airflow/dags/producer.py
[2023-09-04T18:57:27.252+0000] {processor.py:766} INFO - DAG(s) dict_keys(['producer']) retrieved from /opt/airflow/dags/producer.py
[2023-09-04T18:57:27.274+0000] {logging_mixin.py:120} INFO - [2023-09-04T18:57:27.274+0000] {dag.py:2585} INFO - Sync 1 DAGs
[2023-09-04T18:57:27.288+0000] {logging_mixin.py:120} INFO - [2023-09-04T18:57:27.288+0000] {dag.py:3340} INFO - Setting next_dagrun for producer to 2023-09-04T00:00:00+00:00, run_after=2023-09-05T00:00:00+00:00
[2023-09-04T18:57:27.299+0000] {processor.py:176} INFO - Processing /opt/airflow/dags/producer.py took 0.064 seconds
[2023-09-04T18:57:58.096+0000] {processor.py:154} INFO - Started process (PID=866) to work on /opt/airflow/dags/producer.py
[2023-09-04T18:57:58.098+0000] {processor.py:756} INFO - Processing file /opt/airflow/dags/producer.py for tasks to queue
[2023-09-04T18:57:58.101+0000] {logging_mixin.py:120} INFO - [2023-09-04T18:57:58.101+0000] {dagbag.py:537} INFO - Filling up the DagBag from /opt/airflow/dags/producer.py
[2023-09-04T18:57:58.125+0000] {processor.py:766} INFO - DAG(s) dict_keys(['producer']) retrieved from /opt/airflow/dags/producer.py
[2023-09-04T18:57:58.160+0000] {logging_mixin.py:120} INFO - [2023-09-04T18:57:58.160+0000] {dag.py:2585} INFO - Sync 1 DAGs
[2023-09-04T18:57:58.184+0000] {logging_mixin.py:120} INFO - [2023-09-04T18:57:58.184+0000] {dag.py:3340} INFO - Setting next_dagrun for producer to 2023-09-04T00:00:00+00:00, run_after=2023-09-05T00:00:00+00:00
[2023-09-04T18:57:58.201+0000] {processor.py:176} INFO - Processing /opt/airflow/dags/producer.py took 0.108 seconds
[2023-09-04T18:58:29.035+0000] {processor.py:154} INFO - Started process (PID=903) to work on /opt/airflow/dags/producer.py
[2023-09-04T18:58:29.035+0000] {processor.py:756} INFO - Processing file /opt/airflow/dags/producer.py for tasks to queue
[2023-09-04T18:58:29.036+0000] {logging_mixin.py:120} INFO - [2023-09-04T18:58:29.036+0000] {dagbag.py:537} INFO - Filling up the DagBag from /opt/airflow/dags/producer.py
[2023-09-04T18:58:29.049+0000] {processor.py:766} INFO - DAG(s) dict_keys(['producer']) retrieved from /opt/airflow/dags/producer.py
[2023-09-04T18:58:29.072+0000] {logging_mixin.py:120} INFO - [2023-09-04T18:58:29.072+0000] {dag.py:2585} INFO - Sync 1 DAGs
[2023-09-04T18:58:29.085+0000] {logging_mixin.py:120} INFO - [2023-09-04T18:58:29.085+0000] {dag.py:3340} INFO - Setting next_dagrun for producer to 2023-09-04T00:00:00+00:00, run_after=2023-09-05T00:00:00+00:00
[2023-09-04T18:58:29.095+0000] {processor.py:176} INFO - Processing /opt/airflow/dags/producer.py took 0.062 seconds
[2023-09-04T18:58:59.563+0000] {processor.py:154} INFO - Started process (PID=939) to work on /opt/airflow/dags/producer.py
[2023-09-04T18:58:59.564+0000] {processor.py:756} INFO - Processing file /opt/airflow/dags/producer.py for tasks to queue
[2023-09-04T18:58:59.564+0000] {logging_mixin.py:120} INFO - [2023-09-04T18:58:59.564+0000] {dagbag.py:537} INFO - Filling up the DagBag from /opt/airflow/dags/producer.py
[2023-09-04T18:58:59.596+0000] {processor.py:766} INFO - DAG(s) dict_keys(['producer']) retrieved from /opt/airflow/dags/producer.py
[2023-09-04T18:58:59.633+0000] {logging_mixin.py:120} INFO - [2023-09-04T18:58:59.633+0000] {dag.py:2585} INFO - Sync 1 DAGs
[2023-09-04T18:58:59.665+0000] {logging_mixin.py:120} INFO - [2023-09-04T18:58:59.665+0000] {dag.py:3340} INFO - Setting next_dagrun for producer to 2023-09-04T00:00:00+00:00, run_after=2023-09-05T00:00:00+00:00
[2023-09-04T18:58:59.687+0000] {processor.py:176} INFO - Processing /opt/airflow/dags/producer.py took 0.131 seconds
[2023-09-04T18:59:30.320+0000] {processor.py:154} INFO - Started process (PID=964) to work on /opt/airflow/dags/producer.py
[2023-09-04T18:59:30.321+0000] {processor.py:756} INFO - Processing file /opt/airflow/dags/producer.py for tasks to queue
[2023-09-04T18:59:30.321+0000] {logging_mixin.py:120} INFO - [2023-09-04T18:59:30.321+0000] {dagbag.py:537} INFO - Filling up the DagBag from /opt/airflow/dags/producer.py
[2023-09-04T18:59:30.335+0000] {processor.py:766} INFO - DAG(s) dict_keys(['producer']) retrieved from /opt/airflow/dags/producer.py
[2023-09-04T18:59:30.359+0000] {logging_mixin.py:120} INFO - [2023-09-04T18:59:30.358+0000] {dag.py:2585} INFO - Sync 1 DAGs
[2023-09-04T18:59:30.371+0000] {logging_mixin.py:120} INFO - [2023-09-04T18:59:30.371+0000] {dag.py:3340} INFO - Setting next_dagrun for producer to 2023-09-04T00:00:00+00:00, run_after=2023-09-05T00:00:00+00:00
[2023-09-04T18:59:30.381+0000] {processor.py:176} INFO - Processing /opt/airflow/dags/producer.py took 0.064 seconds
[2023-09-04T19:00:00.906+0000] {processor.py:154} INFO - Started process (PID=998) to work on /opt/airflow/dags/producer.py
[2023-09-04T19:00:00.907+0000] {processor.py:756} INFO - Processing file /opt/airflow/dags/producer.py for tasks to queue
[2023-09-04T19:00:00.908+0000] {logging_mixin.py:120} INFO - [2023-09-04T19:00:00.908+0000] {dagbag.py:537} INFO - Filling up the DagBag from /opt/airflow/dags/producer.py
[2023-09-04T19:00:00.920+0000] {processor.py:766} INFO - DAG(s) dict_keys(['producer']) retrieved from /opt/airflow/dags/producer.py
[2023-09-04T19:00:00.943+0000] {logging_mixin.py:120} INFO - [2023-09-04T19:00:00.943+0000] {dag.py:2585} INFO - Sync 1 DAGs
[2023-09-04T19:00:00.956+0000] {logging_mixin.py:120} INFO - [2023-09-04T19:00:00.956+0000] {dag.py:3340} INFO - Setting next_dagrun for producer to 2023-09-04T00:00:00+00:00, run_after=2023-09-05T00:00:00+00:00
[2023-09-04T19:00:00.967+0000] {processor.py:176} INFO - Processing /opt/airflow/dags/producer.py took 0.063 seconds
[2023-09-04T19:00:31.461+0000] {processor.py:154} INFO - Started process (PID=1032) to work on /opt/airflow/dags/producer.py
[2023-09-04T19:00:31.462+0000] {processor.py:756} INFO - Processing file /opt/airflow/dags/producer.py for tasks to queue
[2023-09-04T19:00:31.462+0000] {logging_mixin.py:120} INFO - [2023-09-04T19:00:31.462+0000] {dagbag.py:537} INFO - Filling up the DagBag from /opt/airflow/dags/producer.py
[2023-09-04T19:00:31.477+0000] {processor.py:766} INFO - DAG(s) dict_keys(['producer']) retrieved from /opt/airflow/dags/producer.py
[2023-09-04T19:00:31.500+0000] {logging_mixin.py:120} INFO - [2023-09-04T19:00:31.499+0000] {dag.py:2585} INFO - Sync 1 DAGs
[2023-09-04T19:00:31.512+0000] {logging_mixin.py:120} INFO - [2023-09-04T19:00:31.512+0000] {dag.py:3340} INFO - Setting next_dagrun for producer to 2023-09-04T00:00:00+00:00, run_after=2023-09-05T00:00:00+00:00
[2023-09-04T19:00:31.523+0000] {processor.py:176} INFO - Processing /opt/airflow/dags/producer.py took 0.065 seconds
[2023-09-04T19:01:02.147+0000] {processor.py:154} INFO - Started process (PID=1067) to work on /opt/airflow/dags/producer.py
[2023-09-04T19:01:02.148+0000] {processor.py:756} INFO - Processing file /opt/airflow/dags/producer.py for tasks to queue
[2023-09-04T19:01:02.149+0000] {logging_mixin.py:120} INFO - [2023-09-04T19:01:02.148+0000] {dagbag.py:537} INFO - Filling up the DagBag from /opt/airflow/dags/producer.py
[2023-09-04T19:01:02.165+0000] {processor.py:766} INFO - DAG(s) dict_keys(['producer']) retrieved from /opt/airflow/dags/producer.py
[2023-09-04T19:01:02.194+0000] {logging_mixin.py:120} INFO - [2023-09-04T19:01:02.194+0000] {dag.py:2585} INFO - Sync 1 DAGs
[2023-09-04T19:01:02.209+0000] {logging_mixin.py:120} INFO - [2023-09-04T19:01:02.209+0000] {dag.py:3340} INFO - Setting next_dagrun for producer to 2023-09-04T00:00:00+00:00, run_after=2023-09-05T00:00:00+00:00
[2023-09-04T19:01:02.220+0000] {processor.py:176} INFO - Processing /opt/airflow/dags/producer.py took 0.075 seconds
[2023-09-04T19:01:32.973+0000] {processor.py:154} INFO - Started process (PID=1102) to work on /opt/airflow/dags/producer.py
[2023-09-04T19:01:32.975+0000] {processor.py:756} INFO - Processing file /opt/airflow/dags/producer.py for tasks to queue
[2023-09-04T19:01:32.976+0000] {logging_mixin.py:120} INFO - [2023-09-04T19:01:32.976+0000] {dagbag.py:537} INFO - Filling up the DagBag from /opt/airflow/dags/producer.py
[2023-09-04T19:01:33.001+0000] {processor.py:766} INFO - DAG(s) dict_keys(['producer']) retrieved from /opt/airflow/dags/producer.py
[2023-09-04T19:01:33.044+0000] {logging_mixin.py:120} INFO - [2023-09-04T19:01:33.044+0000] {dag.py:2585} INFO - Sync 1 DAGs
[2023-09-04T19:01:33.068+0000] {logging_mixin.py:120} INFO - [2023-09-04T19:01:33.068+0000] {dag.py:3340} INFO - Setting next_dagrun for producer to 2023-09-04T00:00:00+00:00, run_after=2023-09-05T00:00:00+00:00
[2023-09-04T19:01:33.099+0000] {processor.py:176} INFO - Processing /opt/airflow/dags/producer.py took 0.131 seconds
[2023-09-04T19:02:04.196+0000] {processor.py:154} INFO - Started process (PID=1137) to work on /opt/airflow/dags/producer.py
[2023-09-04T19:02:04.205+0000] {processor.py:756} INFO - Processing file /opt/airflow/dags/producer.py for tasks to queue
[2023-09-04T19:02:04.206+0000] {logging_mixin.py:120} INFO - [2023-09-04T19:02:04.206+0000] {dagbag.py:537} INFO - Filling up the DagBag from /opt/airflow/dags/producer.py
[2023-09-04T19:02:04.233+0000] {processor.py:766} INFO - DAG(s) dict_keys(['producer']) retrieved from /opt/airflow/dags/producer.py
[2023-09-04T19:02:04.277+0000] {logging_mixin.py:120} INFO - [2023-09-04T19:02:04.277+0000] {dag.py:2585} INFO - Sync 1 DAGs
[2023-09-04T19:02:04.302+0000] {logging_mixin.py:120} INFO - [2023-09-04T19:02:04.301+0000] {dag.py:3340} INFO - Setting next_dagrun for producer to 2023-09-04T00:00:00+00:00, run_after=2023-09-05T00:00:00+00:00
[2023-09-04T19:02:04.329+0000] {processor.py:176} INFO - Processing /opt/airflow/dags/producer.py took 0.148 seconds
[2023-09-04T19:02:34.412+0000] {processor.py:154} INFO - Started process (PID=1163) to work on /opt/airflow/dags/producer.py
[2023-09-04T19:02:34.414+0000] {processor.py:756} INFO - Processing file /opt/airflow/dags/producer.py for tasks to queue
[2023-09-04T19:02:34.414+0000] {logging_mixin.py:120} INFO - [2023-09-04T19:02:34.414+0000] {dagbag.py:537} INFO - Filling up the DagBag from /opt/airflow/dags/producer.py
[2023-09-04T19:02:34.431+0000] {processor.py:766} INFO - DAG(s) dict_keys(['producer']) retrieved from /opt/airflow/dags/producer.py
[2023-09-04T19:02:34.455+0000] {logging_mixin.py:120} INFO - [2023-09-04T19:02:34.455+0000] {dag.py:2585} INFO - Sync 1 DAGs
[2023-09-04T19:02:34.470+0000] {logging_mixin.py:120} INFO - [2023-09-04T19:02:34.470+0000] {dag.py:3340} INFO - Setting next_dagrun for producer to 2023-09-04T00:00:00+00:00, run_after=2023-09-05T00:00:00+00:00
[2023-09-04T19:02:34.483+0000] {processor.py:176} INFO - Processing /opt/airflow/dags/producer.py took 0.072 seconds
[2023-09-04T19:03:05.122+0000] {processor.py:154} INFO - Started process (PID=1198) to work on /opt/airflow/dags/producer.py
[2023-09-04T19:03:05.123+0000] {processor.py:756} INFO - Processing file /opt/airflow/dags/producer.py for tasks to queue
[2023-09-04T19:03:05.123+0000] {logging_mixin.py:120} INFO - [2023-09-04T19:03:05.123+0000] {dagbag.py:537} INFO - Filling up the DagBag from /opt/airflow/dags/producer.py
[2023-09-04T19:03:05.137+0000] {processor.py:766} INFO - DAG(s) dict_keys(['producer']) retrieved from /opt/airflow/dags/producer.py
[2023-09-04T19:03:05.160+0000] {logging_mixin.py:120} INFO - [2023-09-04T19:03:05.160+0000] {dag.py:2585} INFO - Sync 1 DAGs
[2023-09-04T19:03:05.174+0000] {logging_mixin.py:120} INFO - [2023-09-04T19:03:05.174+0000] {dag.py:3340} INFO - Setting next_dagrun for producer to 2023-09-04T00:00:00+00:00, run_after=2023-09-05T00:00:00+00:00
[2023-09-04T19:03:05.185+0000] {processor.py:176} INFO - Processing /opt/airflow/dags/producer.py took 0.064 seconds
[2023-09-04T19:03:35.639+0000] {processor.py:154} INFO - Started process (PID=1233) to work on /opt/airflow/dags/producer.py
[2023-09-04T19:03:35.640+0000] {processor.py:756} INFO - Processing file /opt/airflow/dags/producer.py for tasks to queue
[2023-09-04T19:03:35.640+0000] {logging_mixin.py:120} INFO - [2023-09-04T19:03:35.640+0000] {dagbag.py:537} INFO - Filling up the DagBag from /opt/airflow/dags/producer.py
[2023-09-04T19:03:35.655+0000] {processor.py:766} INFO - DAG(s) dict_keys(['producer']) retrieved from /opt/airflow/dags/producer.py
[2023-09-04T19:03:35.689+0000] {logging_mixin.py:120} INFO - [2023-09-04T19:03:35.689+0000] {dag.py:2585} INFO - Sync 1 DAGs
[2023-09-04T19:03:35.704+0000] {logging_mixin.py:120} INFO - [2023-09-04T19:03:35.704+0000] {dag.py:3340} INFO - Setting next_dagrun for producer to 2023-09-04T00:00:00+00:00, run_after=2023-09-05T00:00:00+00:00
[2023-09-04T19:03:35.716+0000] {processor.py:176} INFO - Processing /opt/airflow/dags/producer.py took 0.080 seconds
[2023-09-04T19:04:06.189+0000] {processor.py:154} INFO - Started process (PID=1268) to work on /opt/airflow/dags/producer.py
[2023-09-04T19:04:06.190+0000] {processor.py:756} INFO - Processing file /opt/airflow/dags/producer.py for tasks to queue
[2023-09-04T19:04:06.191+0000] {logging_mixin.py:120} INFO - [2023-09-04T19:04:06.190+0000] {dagbag.py:537} INFO - Filling up the DagBag from /opt/airflow/dags/producer.py
[2023-09-04T19:04:06.204+0000] {processor.py:766} INFO - DAG(s) dict_keys(['producer']) retrieved from /opt/airflow/dags/producer.py
[2023-09-04T19:04:06.226+0000] {logging_mixin.py:120} INFO - [2023-09-04T19:04:06.226+0000] {dag.py:2585} INFO - Sync 1 DAGs
[2023-09-04T19:04:06.241+0000] {logging_mixin.py:120} INFO - [2023-09-04T19:04:06.241+0000] {dag.py:3340} INFO - Setting next_dagrun for producer to 2023-09-04T00:00:00+00:00, run_after=2023-09-05T00:00:00+00:00
[2023-09-04T19:04:06.252+0000] {processor.py:176} INFO - Processing /opt/airflow/dags/producer.py took 0.065 seconds
[2023-09-04T19:04:36.783+0000] {processor.py:154} INFO - Started process (PID=1302) to work on /opt/airflow/dags/producer.py
[2023-09-04T19:04:36.784+0000] {processor.py:756} INFO - Processing file /opt/airflow/dags/producer.py for tasks to queue
[2023-09-04T19:04:36.785+0000] {logging_mixin.py:120} INFO - [2023-09-04T19:04:36.785+0000] {dagbag.py:537} INFO - Filling up the DagBag from /opt/airflow/dags/producer.py
[2023-09-04T19:04:36.798+0000] {processor.py:766} INFO - DAG(s) dict_keys(['producer']) retrieved from /opt/airflow/dags/producer.py
[2023-09-04T19:04:36.821+0000] {logging_mixin.py:120} INFO - [2023-09-04T19:04:36.821+0000] {dag.py:2585} INFO - Sync 1 DAGs
[2023-09-04T19:04:36.835+0000] {logging_mixin.py:120} INFO - [2023-09-04T19:04:36.835+0000] {dag.py:3340} INFO - Setting next_dagrun for producer to 2023-09-04T00:00:00+00:00, run_after=2023-09-05T00:00:00+00:00
[2023-09-04T19:04:36.846+0000] {processor.py:176} INFO - Processing /opt/airflow/dags/producer.py took 0.064 seconds
[2023-09-04T19:05:07.500+0000] {processor.py:154} INFO - Started process (PID=1336) to work on /opt/airflow/dags/producer.py
[2023-09-04T19:05:07.501+0000] {processor.py:756} INFO - Processing file /opt/airflow/dags/producer.py for tasks to queue
[2023-09-04T19:05:07.501+0000] {logging_mixin.py:120} INFO - [2023-09-04T19:05:07.501+0000] {dagbag.py:537} INFO - Filling up the DagBag from /opt/airflow/dags/producer.py
[2023-09-04T19:05:07.569+0000] {processor.py:766} INFO - DAG(s) dict_keys(['producer']) retrieved from /opt/airflow/dags/producer.py
[2023-09-04T19:05:07.599+0000] {logging_mixin.py:120} INFO - [2023-09-04T19:05:07.599+0000] {dag.py:2585} INFO - Sync 1 DAGs
[2023-09-04T19:05:07.616+0000] {logging_mixin.py:120} INFO - [2023-09-04T19:05:07.616+0000] {dag.py:3340} INFO - Setting next_dagrun for producer to 2023-09-04T00:00:00+00:00, run_after=2023-09-05T00:00:00+00:00
[2023-09-04T19:05:07.634+0000] {processor.py:176} INFO - Processing /opt/airflow/dags/producer.py took 0.136 seconds
[2023-09-04T19:05:38.302+0000] {processor.py:154} INFO - Started process (PID=1362) to work on /opt/airflow/dags/producer.py
[2023-09-04T19:05:38.303+0000] {processor.py:756} INFO - Processing file /opt/airflow/dags/producer.py for tasks to queue
[2023-09-04T19:05:38.303+0000] {logging_mixin.py:120} INFO - [2023-09-04T19:05:38.303+0000] {dagbag.py:537} INFO - Filling up the DagBag from /opt/airflow/dags/producer.py
[2023-09-04T19:05:38.317+0000] {processor.py:766} INFO - DAG(s) dict_keys(['producer']) retrieved from /opt/airflow/dags/producer.py
[2023-09-04T19:05:38.339+0000] {logging_mixin.py:120} INFO - [2023-09-04T19:05:38.339+0000] {dag.py:2585} INFO - Sync 1 DAGs
[2023-09-04T19:05:38.352+0000] {logging_mixin.py:120} INFO - [2023-09-04T19:05:38.352+0000] {dag.py:3340} INFO - Setting next_dagrun for producer to 2023-09-04T00:00:00+00:00, run_after=2023-09-05T00:00:00+00:00
[2023-09-04T19:05:38.363+0000] {processor.py:176} INFO - Processing /opt/airflow/dags/producer.py took 0.063 seconds
[2023-09-04T19:06:08.887+0000] {processor.py:154} INFO - Started process (PID=1397) to work on /opt/airflow/dags/producer.py
[2023-09-04T19:06:08.888+0000] {processor.py:756} INFO - Processing file /opt/airflow/dags/producer.py for tasks to queue
[2023-09-04T19:06:08.888+0000] {logging_mixin.py:120} INFO - [2023-09-04T19:06:08.888+0000] {dagbag.py:537} INFO - Filling up the DagBag from /opt/airflow/dags/producer.py
[2023-09-04T19:06:08.901+0000] {processor.py:766} INFO - DAG(s) dict_keys(['producer']) retrieved from /opt/airflow/dags/producer.py
[2023-09-04T19:06:08.925+0000] {logging_mixin.py:120} INFO - [2023-09-04T19:06:08.925+0000] {dag.py:2585} INFO - Sync 1 DAGs
[2023-09-04T19:06:08.940+0000] {logging_mixin.py:120} INFO - [2023-09-04T19:06:08.940+0000] {dag.py:3340} INFO - Setting next_dagrun for producer to 2023-09-04T00:00:00+00:00, run_after=2023-09-05T00:00:00+00:00
[2023-09-04T19:06:08.953+0000] {processor.py:176} INFO - Processing /opt/airflow/dags/producer.py took 0.068 seconds
[2023-09-04T19:06:39.564+0000] {processor.py:154} INFO - Started process (PID=1432) to work on /opt/airflow/dags/producer.py
[2023-09-04T19:06:39.564+0000] {processor.py:756} INFO - Processing file /opt/airflow/dags/producer.py for tasks to queue
[2023-09-04T19:06:39.565+0000] {logging_mixin.py:120} INFO - [2023-09-04T19:06:39.565+0000] {dagbag.py:537} INFO - Filling up the DagBag from /opt/airflow/dags/producer.py
[2023-09-04T19:06:39.578+0000] {processor.py:766} INFO - DAG(s) dict_keys(['producer']) retrieved from /opt/airflow/dags/producer.py
[2023-09-04T19:06:39.602+0000] {logging_mixin.py:120} INFO - [2023-09-04T19:06:39.602+0000] {dag.py:2585} INFO - Sync 1 DAGs
[2023-09-04T19:06:39.616+0000] {logging_mixin.py:120} INFO - [2023-09-04T19:06:39.616+0000] {dag.py:3340} INFO - Setting next_dagrun for producer to 2023-09-04T00:00:00+00:00, run_after=2023-09-05T00:00:00+00:00
[2023-09-04T19:06:39.628+0000] {processor.py:176} INFO - Processing /opt/airflow/dags/producer.py took 0.066 seconds
[2023-09-04T19:07:10.225+0000] {processor.py:154} INFO - Started process (PID=1467) to work on /opt/airflow/dags/producer.py
[2023-09-04T19:07:10.226+0000] {processor.py:756} INFO - Processing file /opt/airflow/dags/producer.py for tasks to queue
[2023-09-04T19:07:10.226+0000] {logging_mixin.py:120} INFO - [2023-09-04T19:07:10.226+0000] {dagbag.py:537} INFO - Filling up the DagBag from /opt/airflow/dags/producer.py
[2023-09-04T19:07:10.239+0000] {processor.py:766} INFO - DAG(s) dict_keys(['producer']) retrieved from /opt/airflow/dags/producer.py
[2023-09-04T19:07:10.263+0000] {logging_mixin.py:120} INFO - [2023-09-04T19:07:10.263+0000] {dag.py:2585} INFO - Sync 1 DAGs
[2023-09-04T19:07:10.278+0000] {logging_mixin.py:120} INFO - [2023-09-04T19:07:10.278+0000] {dag.py:3340} INFO - Setting next_dagrun for producer to 2023-09-04T00:00:00+00:00, run_after=2023-09-05T00:00:00+00:00
[2023-09-04T19:07:10.290+0000] {processor.py:176} INFO - Processing /opt/airflow/dags/producer.py took 0.066 seconds
[2023-09-04T19:07:40.807+0000] {processor.py:154} INFO - Started process (PID=1501) to work on /opt/airflow/dags/producer.py
[2023-09-04T19:07:40.808+0000] {processor.py:756} INFO - Processing file /opt/airflow/dags/producer.py for tasks to queue
[2023-09-04T19:07:40.808+0000] {logging_mixin.py:120} INFO - [2023-09-04T19:07:40.808+0000] {dagbag.py:537} INFO - Filling up the DagBag from /opt/airflow/dags/producer.py
[2023-09-04T19:07:40.821+0000] {processor.py:766} INFO - DAG(s) dict_keys(['producer']) retrieved from /opt/airflow/dags/producer.py
[2023-09-04T19:07:40.845+0000] {logging_mixin.py:120} INFO - [2023-09-04T19:07:40.845+0000] {dag.py:2585} INFO - Sync 1 DAGs
[2023-09-04T19:07:40.860+0000] {logging_mixin.py:120} INFO - [2023-09-04T19:07:40.860+0000] {dag.py:3340} INFO - Setting next_dagrun for producer to 2023-09-04T00:00:00+00:00, run_after=2023-09-05T00:00:00+00:00
[2023-09-04T19:07:40.871+0000] {processor.py:176} INFO - Processing /opt/airflow/dags/producer.py took 0.066 seconds
[2023-09-04T19:08:11.441+0000] {processor.py:154} INFO - Started process (PID=1536) to work on /opt/airflow/dags/producer.py
[2023-09-04T19:08:11.442+0000] {processor.py:756} INFO - Processing file /opt/airflow/dags/producer.py for tasks to queue
[2023-09-04T19:08:11.442+0000] {logging_mixin.py:120} INFO - [2023-09-04T19:08:11.442+0000] {dagbag.py:537} INFO - Filling up the DagBag from /opt/airflow/dags/producer.py
[2023-09-04T19:08:11.455+0000] {processor.py:766} INFO - DAG(s) dict_keys(['producer']) retrieved from /opt/airflow/dags/producer.py
[2023-09-04T19:08:11.478+0000] {logging_mixin.py:120} INFO - [2023-09-04T19:08:11.478+0000] {dag.py:2585} INFO - Sync 1 DAGs
[2023-09-04T19:08:11.492+0000] {logging_mixin.py:120} INFO - [2023-09-04T19:08:11.492+0000] {dag.py:3340} INFO - Setting next_dagrun for producer to 2023-09-04T00:00:00+00:00, run_after=2023-09-05T00:00:00+00:00
[2023-09-04T19:08:11.506+0000] {processor.py:176} INFO - Processing /opt/airflow/dags/producer.py took 0.066 seconds
[2023-09-04T19:08:42.118+0000] {processor.py:154} INFO - Started process (PID=1562) to work on /opt/airflow/dags/producer.py
[2023-09-04T19:08:42.118+0000] {processor.py:756} INFO - Processing file /opt/airflow/dags/producer.py for tasks to queue
[2023-09-04T19:08:42.119+0000] {logging_mixin.py:120} INFO - [2023-09-04T19:08:42.119+0000] {dagbag.py:537} INFO - Filling up the DagBag from /opt/airflow/dags/producer.py
[2023-09-04T19:08:42.132+0000] {processor.py:766} INFO - DAG(s) dict_keys(['producer']) retrieved from /opt/airflow/dags/producer.py
[2023-09-04T19:08:42.155+0000] {logging_mixin.py:120} INFO - [2023-09-04T19:08:42.155+0000] {dag.py:2585} INFO - Sync 1 DAGs
[2023-09-04T19:08:42.168+0000] {logging_mixin.py:120} INFO - [2023-09-04T19:08:42.168+0000] {dag.py:3340} INFO - Setting next_dagrun for producer to 2023-09-04T00:00:00+00:00, run_after=2023-09-05T00:00:00+00:00
[2023-09-04T19:08:42.178+0000] {processor.py:176} INFO - Processing /opt/airflow/dags/producer.py took 0.062 seconds
[2023-09-04T19:09:12.997+0000] {processor.py:154} INFO - Started process (PID=1597) to work on /opt/airflow/dags/producer.py
[2023-09-04T19:09:12.998+0000] {processor.py:756} INFO - Processing file /opt/airflow/dags/producer.py for tasks to queue
[2023-09-04T19:09:12.998+0000] {logging_mixin.py:120} INFO - [2023-09-04T19:09:12.998+0000] {dagbag.py:537} INFO - Filling up the DagBag from /opt/airflow/dags/producer.py
[2023-09-04T19:09:13.024+0000] {processor.py:766} INFO - DAG(s) dict_keys(['producer']) retrieved from /opt/airflow/dags/producer.py
[2023-09-04T19:09:13.055+0000] {logging_mixin.py:120} INFO - [2023-09-04T19:09:13.055+0000] {dag.py:2585} INFO - Sync 1 DAGs
[2023-09-04T19:09:13.073+0000] {logging_mixin.py:120} INFO - [2023-09-04T19:09:13.073+0000] {dag.py:3340} INFO - Setting next_dagrun for producer to 2023-09-04T00:00:00+00:00, run_after=2023-09-05T00:00:00+00:00
[2023-09-04T19:09:13.086+0000] {processor.py:176} INFO - Processing /opt/airflow/dags/producer.py took 0.092 seconds
[2023-09-04T19:40:47.987+0000] {processor.py:154} INFO - Started process (PID=1624) to work on /opt/airflow/dags/producer.py
[2023-09-04T19:40:47.993+0000] {processor.py:756} INFO - Processing file /opt/airflow/dags/producer.py for tasks to queue
[2023-09-04T19:40:47.996+0000] {logging_mixin.py:120} INFO - [2023-09-04T19:40:47.996+0000] {dagbag.py:537} INFO - Filling up the DagBag from /opt/airflow/dags/producer.py
[2023-09-04T19:40:48.130+0000] {processor.py:766} INFO - DAG(s) dict_keys(['producer']) retrieved from /opt/airflow/dags/producer.py
[2023-09-04T19:40:48.362+0000] {logging_mixin.py:120} INFO - [2023-09-04T19:40:48.362+0000] {dag.py:2585} INFO - Sync 1 DAGs
[2023-09-04T19:40:48.454+0000] {logging_mixin.py:120} INFO - [2023-09-04T19:40:48.454+0000] {dag.py:3340} INFO - Setting next_dagrun for producer to 2023-09-04T00:00:00+00:00, run_after=2023-09-05T00:00:00+00:00
[2023-09-04T19:40:48.539+0000] {processor.py:176} INFO - Processing /opt/airflow/dags/producer.py took 0.561 seconds
[2023-09-04T20:06:16.368+0000] {processor.py:154} INFO - Started process (PID=1658) to work on /opt/airflow/dags/producer.py
[2023-09-04T20:06:16.368+0000] {processor.py:756} INFO - Processing file /opt/airflow/dags/producer.py for tasks to queue
[2023-09-04T20:06:16.369+0000] {logging_mixin.py:120} INFO - [2023-09-04T20:06:16.369+0000] {dagbag.py:537} INFO - Filling up the DagBag from /opt/airflow/dags/producer.py
[2023-09-04T20:06:16.399+0000] {processor.py:766} INFO - DAG(s) dict_keys(['producer']) retrieved from /opt/airflow/dags/producer.py
[2023-09-04T20:06:16.440+0000] {logging_mixin.py:120} INFO - [2023-09-04T20:06:16.440+0000] {dag.py:2585} INFO - Sync 1 DAGs
[2023-09-04T20:06:16.461+0000] {logging_mixin.py:120} INFO - [2023-09-04T20:06:16.460+0000] {dag.py:3340} INFO - Setting next_dagrun for producer to 2023-09-04T00:00:00+00:00, run_after=2023-09-05T00:00:00+00:00
[2023-09-04T20:06:16.475+0000] {processor.py:176} INFO - Processing /opt/airflow/dags/producer.py took 0.111 seconds
[2023-09-04T20:06:46.526+0000] {processor.py:154} INFO - Started process (PID=1693) to work on /opt/airflow/dags/producer.py
[2023-09-04T20:06:46.527+0000] {processor.py:756} INFO - Processing file /opt/airflow/dags/producer.py for tasks to queue
[2023-09-04T20:06:46.527+0000] {logging_mixin.py:120} INFO - [2023-09-04T20:06:46.527+0000] {dagbag.py:537} INFO - Filling up the DagBag from /opt/airflow/dags/producer.py
[2023-09-04T20:06:46.548+0000] {processor.py:766} INFO - DAG(s) dict_keys(['producer']) retrieved from /opt/airflow/dags/producer.py
[2023-09-04T20:06:46.575+0000] {logging_mixin.py:120} INFO - [2023-09-04T20:06:46.575+0000] {dag.py:2585} INFO - Sync 1 DAGs
[2023-09-04T20:06:46.589+0000] {logging_mixin.py:120} INFO - [2023-09-04T20:06:46.589+0000] {dag.py:3340} INFO - Setting next_dagrun for producer to 2023-09-04T00:00:00+00:00, run_after=2023-09-05T00:00:00+00:00
[2023-09-04T20:06:46.600+0000] {processor.py:176} INFO - Processing /opt/airflow/dags/producer.py took 0.075 seconds
[2023-09-04T20:07:17.208+0000] {processor.py:154} INFO - Started process (PID=1727) to work on /opt/airflow/dags/producer.py
[2023-09-04T20:07:17.209+0000] {processor.py:756} INFO - Processing file /opt/airflow/dags/producer.py for tasks to queue
[2023-09-04T20:07:17.209+0000] {logging_mixin.py:120} INFO - [2023-09-04T20:07:17.209+0000] {dagbag.py:537} INFO - Filling up the DagBag from /opt/airflow/dags/producer.py
[2023-09-04T20:07:17.223+0000] {processor.py:766} INFO - DAG(s) dict_keys(['producer']) retrieved from /opt/airflow/dags/producer.py
[2023-09-04T20:07:17.248+0000] {logging_mixin.py:120} INFO - [2023-09-04T20:07:17.248+0000] {dag.py:2585} INFO - Sync 1 DAGs
[2023-09-04T20:07:17.261+0000] {logging_mixin.py:120} INFO - [2023-09-04T20:07:17.261+0000] {dag.py:3340} INFO - Setting next_dagrun for producer to 2023-09-04T00:00:00+00:00, run_after=2023-09-05T00:00:00+00:00
[2023-09-04T20:07:17.272+0000] {processor.py:176} INFO - Processing /opt/airflow/dags/producer.py took 0.066 seconds
[2023-09-04T20:07:48.015+0000] {processor.py:154} INFO - Started process (PID=1763) to work on /opt/airflow/dags/producer.py
[2023-09-04T20:07:48.016+0000] {processor.py:756} INFO - Processing file /opt/airflow/dags/producer.py for tasks to queue
[2023-09-04T20:07:48.017+0000] {logging_mixin.py:120} INFO - [2023-09-04T20:07:48.016+0000] {dagbag.py:537} INFO - Filling up the DagBag from /opt/airflow/dags/producer.py
[2023-09-04T20:07:48.033+0000] {processor.py:766} INFO - DAG(s) dict_keys(['producer']) retrieved from /opt/airflow/dags/producer.py
[2023-09-04T20:07:48.066+0000] {logging_mixin.py:120} INFO - [2023-09-04T20:07:48.066+0000] {dag.py:2585} INFO - Sync 1 DAGs
[2023-09-04T20:07:48.081+0000] {logging_mixin.py:120} INFO - [2023-09-04T20:07:48.081+0000] {dag.py:3340} INFO - Setting next_dagrun for producer to 2023-09-04T00:00:00+00:00, run_after=2023-09-05T00:00:00+00:00
[2023-09-04T20:07:48.094+0000] {processor.py:176} INFO - Processing /opt/airflow/dags/producer.py took 0.082 seconds
[2023-09-04T20:08:18.726+0000] {processor.py:154} INFO - Started process (PID=1788) to work on /opt/airflow/dags/producer.py
[2023-09-04T20:08:18.728+0000] {processor.py:756} INFO - Processing file /opt/airflow/dags/producer.py for tasks to queue
[2023-09-04T20:08:18.729+0000] {logging_mixin.py:120} INFO - [2023-09-04T20:08:18.729+0000] {dagbag.py:537} INFO - Filling up the DagBag from /opt/airflow/dags/producer.py
[2023-09-04T20:08:18.745+0000] {processor.py:766} INFO - DAG(s) dict_keys(['producer']) retrieved from /opt/airflow/dags/producer.py
[2023-09-04T20:08:18.772+0000] {logging_mixin.py:120} INFO - [2023-09-04T20:08:18.772+0000] {dag.py:2585} INFO - Sync 1 DAGs
[2023-09-04T20:08:18.787+0000] {logging_mixin.py:120} INFO - [2023-09-04T20:08:18.787+0000] {dag.py:3340} INFO - Setting next_dagrun for producer to 2023-09-04T00:00:00+00:00, run_after=2023-09-05T00:00:00+00:00
[2023-09-04T20:08:18.799+0000] {processor.py:176} INFO - Processing /opt/airflow/dags/producer.py took 0.075 seconds
[2023-09-04T20:08:49.416+0000] {processor.py:154} INFO - Started process (PID=1823) to work on /opt/airflow/dags/producer.py
[2023-09-04T20:08:49.417+0000] {processor.py:756} INFO - Processing file /opt/airflow/dags/producer.py for tasks to queue
[2023-09-04T20:08:49.417+0000] {logging_mixin.py:120} INFO - [2023-09-04T20:08:49.417+0000] {dagbag.py:537} INFO - Filling up the DagBag from /opt/airflow/dags/producer.py
[2023-09-04T20:08:49.431+0000] {processor.py:766} INFO - DAG(s) dict_keys(['producer']) retrieved from /opt/airflow/dags/producer.py
[2023-09-04T20:08:49.453+0000] {logging_mixin.py:120} INFO - [2023-09-04T20:08:49.453+0000] {dag.py:2585} INFO - Sync 1 DAGs
[2023-09-04T20:08:49.466+0000] {logging_mixin.py:120} INFO - [2023-09-04T20:08:49.466+0000] {dag.py:3340} INFO - Setting next_dagrun for producer to 2023-09-04T00:00:00+00:00, run_after=2023-09-05T00:00:00+00:00
[2023-09-04T20:08:49.477+0000] {processor.py:176} INFO - Processing /opt/airflow/dags/producer.py took 0.063 seconds
[2023-09-04T20:09:20.242+0000] {processor.py:154} INFO - Started process (PID=1858) to work on /opt/airflow/dags/producer.py
[2023-09-04T20:09:20.244+0000] {processor.py:756} INFO - Processing file /opt/airflow/dags/producer.py for tasks to queue
[2023-09-04T20:09:20.245+0000] {logging_mixin.py:120} INFO - [2023-09-04T20:09:20.245+0000] {dagbag.py:537} INFO - Filling up the DagBag from /opt/airflow/dags/producer.py
[2023-09-04T20:09:20.261+0000] {processor.py:766} INFO - DAG(s) dict_keys(['producer']) retrieved from /opt/airflow/dags/producer.py
[2023-09-04T20:09:20.285+0000] {logging_mixin.py:120} INFO - [2023-09-04T20:09:20.285+0000] {dag.py:2585} INFO - Sync 1 DAGs
[2023-09-04T20:09:20.299+0000] {logging_mixin.py:120} INFO - [2023-09-04T20:09:20.299+0000] {dag.py:3340} INFO - Setting next_dagrun for producer to 2023-09-04T00:00:00+00:00, run_after=2023-09-05T00:00:00+00:00
[2023-09-04T20:09:20.310+0000] {processor.py:176} INFO - Processing /opt/airflow/dags/producer.py took 0.073 seconds
[2023-09-04T20:09:50.843+0000] {processor.py:154} INFO - Started process (PID=1893) to work on /opt/airflow/dags/producer.py
[2023-09-04T20:09:50.844+0000] {processor.py:756} INFO - Processing file /opt/airflow/dags/producer.py for tasks to queue
[2023-09-04T20:09:50.845+0000] {logging_mixin.py:120} INFO - [2023-09-04T20:09:50.844+0000] {dagbag.py:537} INFO - Filling up the DagBag from /opt/airflow/dags/producer.py
[2023-09-04T20:09:50.861+0000] {processor.py:766} INFO - DAG(s) dict_keys(['producer']) retrieved from /opt/airflow/dags/producer.py
[2023-09-04T20:09:50.883+0000] {logging_mixin.py:120} INFO - [2023-09-04T20:09:50.883+0000] {dag.py:2585} INFO - Sync 1 DAGs
[2023-09-04T20:09:50.897+0000] {logging_mixin.py:120} INFO - [2023-09-04T20:09:50.897+0000] {dag.py:3340} INFO - Setting next_dagrun for producer to 2023-09-04T00:00:00+00:00, run_after=2023-09-05T00:00:00+00:00
[2023-09-04T20:09:50.908+0000] {processor.py:176} INFO - Processing /opt/airflow/dags/producer.py took 0.067 seconds
[2023-09-04T20:10:21.592+0000] {processor.py:154} INFO - Started process (PID=1928) to work on /opt/airflow/dags/producer.py
[2023-09-04T20:10:21.593+0000] {processor.py:756} INFO - Processing file /opt/airflow/dags/producer.py for tasks to queue
[2023-09-04T20:10:21.593+0000] {logging_mixin.py:120} INFO - [2023-09-04T20:10:21.593+0000] {dagbag.py:537} INFO - Filling up the DagBag from /opt/airflow/dags/producer.py
[2023-09-04T20:10:21.611+0000] {processor.py:766} INFO - DAG(s) dict_keys(['producer']) retrieved from /opt/airflow/dags/producer.py
[2023-09-04T20:10:21.640+0000] {logging_mixin.py:120} INFO - [2023-09-04T20:10:21.640+0000] {dag.py:2585} INFO - Sync 1 DAGs
[2023-09-04T20:10:21.655+0000] {logging_mixin.py:120} INFO - [2023-09-04T20:10:21.655+0000] {dag.py:3340} INFO - Setting next_dagrun for producer to 2023-09-04T00:00:00+00:00, run_after=2023-09-05T00:00:00+00:00
[2023-09-04T20:10:21.666+0000] {processor.py:176} INFO - Processing /opt/airflow/dags/producer.py took 0.078 seconds
