[2023-09-04T18:45:41.577+0000] {processor.py:154} INFO - Started process (PID=33) to work on /opt/airflow/dags/xcom_dag.py
[2023-09-04T18:45:41.579+0000] {processor.py:756} INFO - Processing file /opt/airflow/dags/xcom_dag.py for tasks to queue
[2023-09-04T18:45:41.580+0000] {logging_mixin.py:120} INFO - [2023-09-04T18:45:41.580+0000] {dagbag.py:537} INFO - Filling up the DagBag from /opt/airflow/dags/xcom_dag.py
[2023-09-04T18:45:41.618+0000] {logging_mixin.py:120} INFO - [2023-09-04T18:45:41.605+0000] {dagbag.py:342} ERROR - Failed to import: /opt/airflow/dags/xcom_dag.py
Traceback (most recent call last):
  File "/home/airflow/.local/lib/python3.7/site-packages/airflow/models/dagbag.py", line 338, in parse
    loader.exec_module(new_module)
  File "<frozen importlib._bootstrap_external>", line 728, in exec_module
  File "<frozen importlib._bootstrap>", line 219, in _call_with_frames_removed
  File "/opt/airflow/dags/xcom_dag.py", line 48, in <module>
    trigger_rule='none_failed_min_one_sucess'
  File "/home/airflow/.local/lib/python3.7/site-packages/airflow/models/baseoperator.py", line 408, in apply_defaults
    result = func(self, **kwargs, default_args=default_args)
  File "/home/airflow/.local/lib/python3.7/site-packages/airflow/operators/bash.py", line 147, in __init__
    super().__init__(**kwargs)
  File "/home/airflow/.local/lib/python3.7/site-packages/airflow/models/baseoperator.py", line 408, in apply_defaults
    result = func(self, **kwargs, default_args=default_args)
  File "/home/airflow/.local/lib/python3.7/site-packages/airflow/models/baseoperator.py", line 832, in __init__
    f"The trigger_rule must be one of {TriggerRule.all_triggers()},"
airflow.exceptions.AirflowException: The trigger_rule must be one of {<TriggerRule.NONE_FAILED: 'none_failed'>, <TriggerRule.ALWAYS: 'always'>, <TriggerRule.DUMMY: 'dummy'>, <TriggerRule.ONE_SUCCESS: 'one_success'>, <TriggerRule.ALL_SKIPPED: 'all_skipped'>, <TriggerRule.ONE_FAILED: 'one_failed'>, <TriggerRule.ALL_FAILED: 'all_failed'>, <TriggerRule.ALL_SUCCESS: 'all_success'>, <TriggerRule.NONE_FAILED_OR_SKIPPED: 'none_failed_or_skipped'>, <TriggerRule.NONE_SKIPPED: 'none_skipped'>, <TriggerRule.NONE_FAILED_MIN_ONE_SUCCESS: 'none_failed_min_one_success'>, <TriggerRule.ALL_DONE: 'all_done'>},'xcom_dag.t4'; received 'none_failed_min_one_sucess'.
[2023-09-04T18:45:41.619+0000] {processor.py:768} WARNING - No viable dags retrieved from /opt/airflow/dags/xcom_dag.py
[2023-09-04T18:45:41.823+0000] {processor.py:176} INFO - Processing /opt/airflow/dags/xcom_dag.py took 0.265 seconds
[2023-09-04T18:46:12.895+0000] {processor.py:154} INFO - Started process (PID=94) to work on /opt/airflow/dags/xcom_dag.py
[2023-09-04T18:46:12.901+0000] {processor.py:756} INFO - Processing file /opt/airflow/dags/xcom_dag.py for tasks to queue
[2023-09-04T18:46:12.914+0000] {logging_mixin.py:120} INFO - [2023-09-04T18:46:12.913+0000] {dagbag.py:537} INFO - Filling up the DagBag from /opt/airflow/dags/xcom_dag.py
[2023-09-04T18:46:13.069+0000] {logging_mixin.py:120} INFO - [2023-09-04T18:46:13.065+0000] {dagbag.py:342} ERROR - Failed to import: /opt/airflow/dags/xcom_dag.py
Traceback (most recent call last):
  File "/home/airflow/.local/lib/python3.7/site-packages/airflow/models/dagbag.py", line 338, in parse
    loader.exec_module(new_module)
  File "<frozen importlib._bootstrap_external>", line 728, in exec_module
  File "<frozen importlib._bootstrap>", line 219, in _call_with_frames_removed
  File "/opt/airflow/dags/xcom_dag.py", line 48, in <module>
    trigger_rule='none_failed_min_one_sucess'
  File "/home/airflow/.local/lib/python3.7/site-packages/airflow/models/baseoperator.py", line 408, in apply_defaults
    result = func(self, **kwargs, default_args=default_args)
  File "/home/airflow/.local/lib/python3.7/site-packages/airflow/operators/bash.py", line 147, in __init__
    super().__init__(**kwargs)
  File "/home/airflow/.local/lib/python3.7/site-packages/airflow/models/baseoperator.py", line 408, in apply_defaults
    result = func(self, **kwargs, default_args=default_args)
  File "/home/airflow/.local/lib/python3.7/site-packages/airflow/models/baseoperator.py", line 832, in __init__
    f"The trigger_rule must be one of {TriggerRule.all_triggers()},"
airflow.exceptions.AirflowException: The trigger_rule must be one of {<TriggerRule.NONE_FAILED: 'none_failed'>, <TriggerRule.ALWAYS: 'always'>, <TriggerRule.DUMMY: 'dummy'>, <TriggerRule.ONE_SUCCESS: 'one_success'>, <TriggerRule.ALL_SKIPPED: 'all_skipped'>, <TriggerRule.ONE_FAILED: 'one_failed'>, <TriggerRule.ALL_FAILED: 'all_failed'>, <TriggerRule.ALL_SUCCESS: 'all_success'>, <TriggerRule.NONE_FAILED_OR_SKIPPED: 'none_failed_or_skipped'>, <TriggerRule.NONE_SKIPPED: 'none_skipped'>, <TriggerRule.NONE_FAILED_MIN_ONE_SUCCESS: 'none_failed_min_one_success'>, <TriggerRule.ALL_DONE: 'all_done'>},'xcom_dag.t4'; received 'none_failed_min_one_sucess'.
[2023-09-04T18:46:13.070+0000] {processor.py:768} WARNING - No viable dags retrieved from /opt/airflow/dags/xcom_dag.py
[2023-09-04T18:46:13.121+0000] {processor.py:176} INFO - Processing /opt/airflow/dags/xcom_dag.py took 0.252 seconds
[2023-09-04T18:46:43.217+0000] {processor.py:154} INFO - Started process (PID=126) to work on /opt/airflow/dags/xcom_dag.py
[2023-09-04T18:46:43.218+0000] {processor.py:756} INFO - Processing file /opt/airflow/dags/xcom_dag.py for tasks to queue
[2023-09-04T18:46:43.218+0000] {logging_mixin.py:120} INFO - [2023-09-04T18:46:43.218+0000] {dagbag.py:537} INFO - Filling up the DagBag from /opt/airflow/dags/xcom_dag.py
[2023-09-04T18:46:43.233+0000] {logging_mixin.py:120} INFO - [2023-09-04T18:46:43.231+0000] {dagbag.py:342} ERROR - Failed to import: /opt/airflow/dags/xcom_dag.py
Traceback (most recent call last):
  File "/home/airflow/.local/lib/python3.7/site-packages/airflow/models/dagbag.py", line 338, in parse
    loader.exec_module(new_module)
  File "<frozen importlib._bootstrap_external>", line 728, in exec_module
  File "<frozen importlib._bootstrap>", line 219, in _call_with_frames_removed
  File "/opt/airflow/dags/xcom_dag.py", line 48, in <module>
    trigger_rule='none_failed_min_one_sucess'
  File "/home/airflow/.local/lib/python3.7/site-packages/airflow/models/baseoperator.py", line 408, in apply_defaults
    result = func(self, **kwargs, default_args=default_args)
  File "/home/airflow/.local/lib/python3.7/site-packages/airflow/operators/bash.py", line 147, in __init__
    super().__init__(**kwargs)
  File "/home/airflow/.local/lib/python3.7/site-packages/airflow/models/baseoperator.py", line 408, in apply_defaults
    result = func(self, **kwargs, default_args=default_args)
  File "/home/airflow/.local/lib/python3.7/site-packages/airflow/models/baseoperator.py", line 832, in __init__
    f"The trigger_rule must be one of {TriggerRule.all_triggers()},"
airflow.exceptions.AirflowException: The trigger_rule must be one of {<TriggerRule.NONE_FAILED: 'none_failed'>, <TriggerRule.ALWAYS: 'always'>, <TriggerRule.DUMMY: 'dummy'>, <TriggerRule.ONE_SUCCESS: 'one_success'>, <TriggerRule.ALL_SKIPPED: 'all_skipped'>, <TriggerRule.ONE_FAILED: 'one_failed'>, <TriggerRule.ALL_FAILED: 'all_failed'>, <TriggerRule.ALL_SUCCESS: 'all_success'>, <TriggerRule.NONE_FAILED_OR_SKIPPED: 'none_failed_or_skipped'>, <TriggerRule.NONE_SKIPPED: 'none_skipped'>, <TriggerRule.NONE_FAILED_MIN_ONE_SUCCESS: 'none_failed_min_one_success'>, <TriggerRule.ALL_DONE: 'all_done'>},'xcom_dag.t4'; received 'none_failed_min_one_sucess'.
[2023-09-04T18:46:43.233+0000] {processor.py:768} WARNING - No viable dags retrieved from /opt/airflow/dags/xcom_dag.py
[2023-09-04T18:46:43.249+0000] {processor.py:176} INFO - Processing /opt/airflow/dags/xcom_dag.py took 0.035 seconds
[2023-09-04T18:47:13.951+0000] {processor.py:154} INFO - Started process (PID=161) to work on /opt/airflow/dags/xcom_dag.py
[2023-09-04T18:47:13.954+0000] {processor.py:756} INFO - Processing file /opt/airflow/dags/xcom_dag.py for tasks to queue
[2023-09-04T18:47:13.955+0000] {logging_mixin.py:120} INFO - [2023-09-04T18:47:13.955+0000] {dagbag.py:537} INFO - Filling up the DagBag from /opt/airflow/dags/xcom_dag.py
[2023-09-04T18:47:13.982+0000] {logging_mixin.py:120} INFO - [2023-09-04T18:47:13.980+0000] {dagbag.py:342} ERROR - Failed to import: /opt/airflow/dags/xcom_dag.py
Traceback (most recent call last):
  File "/home/airflow/.local/lib/python3.7/site-packages/airflow/models/dagbag.py", line 338, in parse
    loader.exec_module(new_module)
  File "<frozen importlib._bootstrap_external>", line 728, in exec_module
  File "<frozen importlib._bootstrap>", line 219, in _call_with_frames_removed
  File "/opt/airflow/dags/xcom_dag.py", line 48, in <module>
    trigger_rule='none_failed_min_one_sucess'
  File "/home/airflow/.local/lib/python3.7/site-packages/airflow/models/baseoperator.py", line 408, in apply_defaults
    result = func(self, **kwargs, default_args=default_args)
  File "/home/airflow/.local/lib/python3.7/site-packages/airflow/operators/bash.py", line 147, in __init__
    super().__init__(**kwargs)
  File "/home/airflow/.local/lib/python3.7/site-packages/airflow/models/baseoperator.py", line 408, in apply_defaults
    result = func(self, **kwargs, default_args=default_args)
  File "/home/airflow/.local/lib/python3.7/site-packages/airflow/models/baseoperator.py", line 832, in __init__
    f"The trigger_rule must be one of {TriggerRule.all_triggers()},"
airflow.exceptions.AirflowException: The trigger_rule must be one of {<TriggerRule.NONE_FAILED: 'none_failed'>, <TriggerRule.ALWAYS: 'always'>, <TriggerRule.DUMMY: 'dummy'>, <TriggerRule.ONE_SUCCESS: 'one_success'>, <TriggerRule.ALL_SKIPPED: 'all_skipped'>, <TriggerRule.ONE_FAILED: 'one_failed'>, <TriggerRule.ALL_FAILED: 'all_failed'>, <TriggerRule.ALL_SUCCESS: 'all_success'>, <TriggerRule.NONE_FAILED_OR_SKIPPED: 'none_failed_or_skipped'>, <TriggerRule.NONE_SKIPPED: 'none_skipped'>, <TriggerRule.NONE_FAILED_MIN_ONE_SUCCESS: 'none_failed_min_one_success'>, <TriggerRule.ALL_DONE: 'all_done'>},'xcom_dag.t4'; received 'none_failed_min_one_sucess'.
[2023-09-04T18:47:13.982+0000] {processor.py:768} WARNING - No viable dags retrieved from /opt/airflow/dags/xcom_dag.py
[2023-09-04T18:47:14.002+0000] {processor.py:176} INFO - Processing /opt/airflow/dags/xcom_dag.py took 0.058 seconds
[2023-09-04T18:47:21.613+0000] {processor.py:154} INFO - Started process (PID=178) to work on /opt/airflow/dags/xcom_dag.py
[2023-09-04T18:47:21.615+0000] {processor.py:756} INFO - Processing file /opt/airflow/dags/xcom_dag.py for tasks to queue
[2023-09-04T18:47:21.615+0000] {logging_mixin.py:120} INFO - [2023-09-04T18:47:21.615+0000] {dagbag.py:537} INFO - Filling up the DagBag from /opt/airflow/dags/xcom_dag.py
[2023-09-04T18:47:21.675+0000] {processor.py:766} INFO - DAG(s) dict_keys(['xcom_dag']) retrieved from /opt/airflow/dags/xcom_dag.py
[2023-09-04T18:47:21.785+0000] {logging_mixin.py:120} INFO - [2023-09-04T18:47:21.785+0000] {dag.py:2585} INFO - Sync 1 DAGs
[2023-09-04T18:47:21.805+0000] {logging_mixin.py:120} INFO - [2023-09-04T18:47:21.805+0000] {dag.py:3340} INFO - Setting next_dagrun for xcom_dag to 2023-09-04T00:00:00+00:00, run_after=2023-09-05T00:00:00+00:00
[2023-09-04T18:47:21.821+0000] {processor.py:176} INFO - Processing /opt/airflow/dags/xcom_dag.py took 0.213 seconds
[2023-09-04T18:47:52.367+0000] {processor.py:154} INFO - Started process (PID=212) to work on /opt/airflow/dags/xcom_dag.py
[2023-09-04T18:47:52.368+0000] {processor.py:756} INFO - Processing file /opt/airflow/dags/xcom_dag.py for tasks to queue
[2023-09-04T18:47:52.369+0000] {logging_mixin.py:120} INFO - [2023-09-04T18:47:52.369+0000] {dagbag.py:537} INFO - Filling up the DagBag from /opt/airflow/dags/xcom_dag.py
[2023-09-04T18:47:52.388+0000] {processor.py:766} INFO - DAG(s) dict_keys(['xcom_dag']) retrieved from /opt/airflow/dags/xcom_dag.py
[2023-09-04T18:47:52.416+0000] {logging_mixin.py:120} INFO - [2023-09-04T18:47:52.416+0000] {dag.py:2585} INFO - Sync 1 DAGs
[2023-09-04T18:47:52.431+0000] {logging_mixin.py:120} INFO - [2023-09-04T18:47:52.431+0000] {dag.py:3340} INFO - Setting next_dagrun for xcom_dag to 2023-09-04T00:00:00+00:00, run_after=2023-09-05T00:00:00+00:00
[2023-09-04T18:47:52.440+0000] {processor.py:176} INFO - Processing /opt/airflow/dags/xcom_dag.py took 0.076 seconds
[2023-09-04T18:48:22.699+0000] {processor.py:154} INFO - Started process (PID=246) to work on /opt/airflow/dags/xcom_dag.py
[2023-09-04T18:48:22.702+0000] {processor.py:756} INFO - Processing file /opt/airflow/dags/xcom_dag.py for tasks to queue
[2023-09-04T18:48:22.703+0000] {logging_mixin.py:120} INFO - [2023-09-04T18:48:22.703+0000] {dagbag.py:537} INFO - Filling up the DagBag from /opt/airflow/dags/xcom_dag.py
[2023-09-04T18:48:22.745+0000] {processor.py:766} INFO - DAG(s) dict_keys(['xcom_dag']) retrieved from /opt/airflow/dags/xcom_dag.py
[2023-09-04T18:48:22.795+0000] {logging_mixin.py:120} INFO - [2023-09-04T18:48:22.795+0000] {dag.py:2585} INFO - Sync 1 DAGs
[2023-09-04T18:48:22.816+0000] {logging_mixin.py:120} INFO - [2023-09-04T18:48:22.816+0000] {dag.py:3340} INFO - Setting next_dagrun for xcom_dag to 2023-09-04T00:00:00+00:00, run_after=2023-09-05T00:00:00+00:00
[2023-09-04T18:48:22.830+0000] {processor.py:176} INFO - Processing /opt/airflow/dags/xcom_dag.py took 0.137 seconds
[2023-09-04T18:48:53.303+0000] {processor.py:154} INFO - Started process (PID=271) to work on /opt/airflow/dags/xcom_dag.py
[2023-09-04T18:48:53.307+0000] {processor.py:756} INFO - Processing file /opt/airflow/dags/xcom_dag.py for tasks to queue
[2023-09-04T18:48:53.308+0000] {logging_mixin.py:120} INFO - [2023-09-04T18:48:53.308+0000] {dagbag.py:537} INFO - Filling up the DagBag from /opt/airflow/dags/xcom_dag.py
[2023-09-04T18:48:53.351+0000] {processor.py:766} INFO - DAG(s) dict_keys(['xcom_dag']) retrieved from /opt/airflow/dags/xcom_dag.py
[2023-09-04T18:48:53.390+0000] {logging_mixin.py:120} INFO - [2023-09-04T18:48:53.390+0000] {dag.py:2585} INFO - Sync 1 DAGs
[2023-09-04T18:48:53.413+0000] {logging_mixin.py:120} INFO - [2023-09-04T18:48:53.413+0000] {dag.py:3340} INFO - Setting next_dagrun for xcom_dag to 2023-09-04T00:00:00+00:00, run_after=2023-09-05T00:00:00+00:00
[2023-09-04T18:48:53.423+0000] {processor.py:176} INFO - Processing /opt/airflow/dags/xcom_dag.py took 0.128 seconds
[2023-09-04T18:49:23.990+0000] {processor.py:154} INFO - Started process (PID=306) to work on /opt/airflow/dags/xcom_dag.py
[2023-09-04T18:49:23.993+0000] {processor.py:756} INFO - Processing file /opt/airflow/dags/xcom_dag.py for tasks to queue
[2023-09-04T18:49:23.995+0000] {logging_mixin.py:120} INFO - [2023-09-04T18:49:23.994+0000] {dagbag.py:537} INFO - Filling up the DagBag from /opt/airflow/dags/xcom_dag.py
[2023-09-04T18:49:24.031+0000] {processor.py:766} INFO - DAG(s) dict_keys(['xcom_dag']) retrieved from /opt/airflow/dags/xcom_dag.py
[2023-09-04T18:49:24.068+0000] {logging_mixin.py:120} INFO - [2023-09-04T18:49:24.068+0000] {dag.py:2585} INFO - Sync 1 DAGs
[2023-09-04T18:49:24.084+0000] {logging_mixin.py:120} INFO - [2023-09-04T18:49:24.084+0000] {dag.py:3340} INFO - Setting next_dagrun for xcom_dag to 2023-09-04T00:00:00+00:00, run_after=2023-09-05T00:00:00+00:00
[2023-09-04T18:49:24.096+0000] {processor.py:176} INFO - Processing /opt/airflow/dags/xcom_dag.py took 0.114 seconds
[2023-09-04T18:49:54.600+0000] {processor.py:154} INFO - Started process (PID=341) to work on /opt/airflow/dags/xcom_dag.py
[2023-09-04T18:49:54.602+0000] {processor.py:756} INFO - Processing file /opt/airflow/dags/xcom_dag.py for tasks to queue
[2023-09-04T18:49:54.603+0000] {logging_mixin.py:120} INFO - [2023-09-04T18:49:54.603+0000] {dagbag.py:537} INFO - Filling up the DagBag from /opt/airflow/dags/xcom_dag.py
[2023-09-04T18:49:54.629+0000] {processor.py:766} INFO - DAG(s) dict_keys(['xcom_dag']) retrieved from /opt/airflow/dags/xcom_dag.py
[2023-09-04T18:49:54.661+0000] {logging_mixin.py:120} INFO - [2023-09-04T18:49:54.661+0000] {dag.py:2585} INFO - Sync 1 DAGs
[2023-09-04T18:49:54.676+0000] {logging_mixin.py:120} INFO - [2023-09-04T18:49:54.676+0000] {dag.py:3340} INFO - Setting next_dagrun for xcom_dag to 2023-09-04T00:00:00+00:00, run_after=2023-09-05T00:00:00+00:00
[2023-09-04T18:49:54.686+0000] {processor.py:176} INFO - Processing /opt/airflow/dags/xcom_dag.py took 0.092 seconds
[2023-09-04T18:50:25.219+0000] {processor.py:154} INFO - Started process (PID=375) to work on /opt/airflow/dags/xcom_dag.py
[2023-09-04T18:50:25.220+0000] {processor.py:756} INFO - Processing file /opt/airflow/dags/xcom_dag.py for tasks to queue
[2023-09-04T18:50:25.221+0000] {logging_mixin.py:120} INFO - [2023-09-04T18:50:25.221+0000] {dagbag.py:537} INFO - Filling up the DagBag from /opt/airflow/dags/xcom_dag.py
[2023-09-04T18:50:25.233+0000] {processor.py:766} INFO - DAG(s) dict_keys(['xcom_dag']) retrieved from /opt/airflow/dags/xcom_dag.py
[2023-09-04T18:50:25.258+0000] {logging_mixin.py:120} INFO - [2023-09-04T18:50:25.258+0000] {dag.py:2585} INFO - Sync 1 DAGs
[2023-09-04T18:50:25.272+0000] {logging_mixin.py:120} INFO - [2023-09-04T18:50:25.272+0000] {dag.py:3340} INFO - Setting next_dagrun for xcom_dag to 2023-09-04T00:00:00+00:00, run_after=2023-09-05T00:00:00+00:00
[2023-09-04T18:50:25.281+0000] {processor.py:176} INFO - Processing /opt/airflow/dags/xcom_dag.py took 0.064 seconds
[2023-09-04T18:50:55.816+0000] {processor.py:154} INFO - Started process (PID=409) to work on /opt/airflow/dags/xcom_dag.py
[2023-09-04T18:50:55.818+0000] {processor.py:756} INFO - Processing file /opt/airflow/dags/xcom_dag.py for tasks to queue
[2023-09-04T18:50:55.819+0000] {logging_mixin.py:120} INFO - [2023-09-04T18:50:55.819+0000] {dagbag.py:537} INFO - Filling up the DagBag from /opt/airflow/dags/xcom_dag.py
[2023-09-04T18:50:55.847+0000] {processor.py:766} INFO - DAG(s) dict_keys(['xcom_dag']) retrieved from /opt/airflow/dags/xcom_dag.py
[2023-09-04T18:50:55.881+0000] {logging_mixin.py:120} INFO - [2023-09-04T18:50:55.881+0000] {dag.py:2585} INFO - Sync 1 DAGs
[2023-09-04T18:50:55.896+0000] {logging_mixin.py:120} INFO - [2023-09-04T18:50:55.896+0000] {dag.py:3340} INFO - Setting next_dagrun for xcom_dag to 2023-09-04T00:00:00+00:00, run_after=2023-09-05T00:00:00+00:00
[2023-09-04T18:50:55.907+0000] {processor.py:176} INFO - Processing /opt/airflow/dags/xcom_dag.py took 0.097 seconds
[2023-09-04T18:51:26.364+0000] {processor.py:154} INFO - Started process (PID=443) to work on /opt/airflow/dags/xcom_dag.py
[2023-09-04T18:51:26.365+0000] {processor.py:756} INFO - Processing file /opt/airflow/dags/xcom_dag.py for tasks to queue
[2023-09-04T18:51:26.366+0000] {logging_mixin.py:120} INFO - [2023-09-04T18:51:26.366+0000] {dagbag.py:537} INFO - Filling up the DagBag from /opt/airflow/dags/xcom_dag.py
[2023-09-04T18:51:26.381+0000] {processor.py:766} INFO - DAG(s) dict_keys(['xcom_dag']) retrieved from /opt/airflow/dags/xcom_dag.py
[2023-09-04T18:51:26.410+0000] {logging_mixin.py:120} INFO - [2023-09-04T18:51:26.410+0000] {dag.py:2585} INFO - Sync 1 DAGs
[2023-09-04T18:51:26.423+0000] {logging_mixin.py:120} INFO - [2023-09-04T18:51:26.423+0000] {dag.py:3340} INFO - Setting next_dagrun for xcom_dag to 2023-09-04T00:00:00+00:00, run_after=2023-09-05T00:00:00+00:00
[2023-09-04T18:51:26.432+0000] {processor.py:176} INFO - Processing /opt/airflow/dags/xcom_dag.py took 0.071 seconds
[2023-09-04T18:51:56.963+0000] {processor.py:154} INFO - Started process (PID=469) to work on /opt/airflow/dags/xcom_dag.py
[2023-09-04T18:51:56.965+0000] {processor.py:756} INFO - Processing file /opt/airflow/dags/xcom_dag.py for tasks to queue
[2023-09-04T18:51:56.965+0000] {logging_mixin.py:120} INFO - [2023-09-04T18:51:56.965+0000] {dagbag.py:537} INFO - Filling up the DagBag from /opt/airflow/dags/xcom_dag.py
[2023-09-04T18:51:56.979+0000] {processor.py:766} INFO - DAG(s) dict_keys(['xcom_dag']) retrieved from /opt/airflow/dags/xcom_dag.py
[2023-09-04T18:51:57.004+0000] {logging_mixin.py:120} INFO - [2023-09-04T18:51:57.003+0000] {dag.py:2585} INFO - Sync 1 DAGs
[2023-09-04T18:51:57.018+0000] {logging_mixin.py:120} INFO - [2023-09-04T18:51:57.017+0000] {dag.py:3340} INFO - Setting next_dagrun for xcom_dag to 2023-09-04T00:00:00+00:00, run_after=2023-09-05T00:00:00+00:00
[2023-09-04T18:51:57.027+0000] {processor.py:176} INFO - Processing /opt/airflow/dags/xcom_dag.py took 0.066 seconds
[2023-09-04T18:52:27.570+0000] {processor.py:154} INFO - Started process (PID=504) to work on /opt/airflow/dags/xcom_dag.py
[2023-09-04T18:52:27.571+0000] {processor.py:756} INFO - Processing file /opt/airflow/dags/xcom_dag.py for tasks to queue
[2023-09-04T18:52:27.572+0000] {logging_mixin.py:120} INFO - [2023-09-04T18:52:27.572+0000] {dagbag.py:537} INFO - Filling up the DagBag from /opt/airflow/dags/xcom_dag.py
[2023-09-04T18:52:27.591+0000] {processor.py:766} INFO - DAG(s) dict_keys(['xcom_dag']) retrieved from /opt/airflow/dags/xcom_dag.py
[2023-09-04T18:52:27.619+0000] {logging_mixin.py:120} INFO - [2023-09-04T18:52:27.619+0000] {dag.py:2585} INFO - Sync 1 DAGs
[2023-09-04T18:52:27.635+0000] {logging_mixin.py:120} INFO - [2023-09-04T18:52:27.635+0000] {dag.py:3340} INFO - Setting next_dagrun for xcom_dag to 2023-09-04T00:00:00+00:00, run_after=2023-09-05T00:00:00+00:00
[2023-09-04T18:52:27.644+0000] {processor.py:176} INFO - Processing /opt/airflow/dags/xcom_dag.py took 0.078 seconds
[2023-09-04T18:52:58.265+0000] {processor.py:154} INFO - Started process (PID=539) to work on /opt/airflow/dags/xcom_dag.py
[2023-09-04T18:52:58.267+0000] {processor.py:756} INFO - Processing file /opt/airflow/dags/xcom_dag.py for tasks to queue
[2023-09-04T18:52:58.268+0000] {logging_mixin.py:120} INFO - [2023-09-04T18:52:58.268+0000] {dagbag.py:537} INFO - Filling up the DagBag from /opt/airflow/dags/xcom_dag.py
[2023-09-04T18:52:58.288+0000] {processor.py:766} INFO - DAG(s) dict_keys(['xcom_dag']) retrieved from /opt/airflow/dags/xcom_dag.py
[2023-09-04T18:52:58.320+0000] {logging_mixin.py:120} INFO - [2023-09-04T18:52:58.320+0000] {dag.py:2585} INFO - Sync 1 DAGs
[2023-09-04T18:52:58.336+0000] {logging_mixin.py:120} INFO - [2023-09-04T18:52:58.336+0000] {dag.py:3340} INFO - Setting next_dagrun for xcom_dag to 2023-09-04T00:00:00+00:00, run_after=2023-09-05T00:00:00+00:00
[2023-09-04T18:52:58.345+0000] {processor.py:176} INFO - Processing /opt/airflow/dags/xcom_dag.py took 0.084 seconds
[2023-09-04T18:53:28.833+0000] {processor.py:154} INFO - Started process (PID=575) to work on /opt/airflow/dags/xcom_dag.py
[2023-09-04T18:53:28.835+0000] {processor.py:756} INFO - Processing file /opt/airflow/dags/xcom_dag.py for tasks to queue
[2023-09-04T18:53:28.835+0000] {logging_mixin.py:120} INFO - [2023-09-04T18:53:28.835+0000] {dagbag.py:537} INFO - Filling up the DagBag from /opt/airflow/dags/xcom_dag.py
[2023-09-04T18:53:28.849+0000] {processor.py:766} INFO - DAG(s) dict_keys(['xcom_dag']) retrieved from /opt/airflow/dags/xcom_dag.py
[2023-09-04T18:53:28.875+0000] {logging_mixin.py:120} INFO - [2023-09-04T18:53:28.875+0000] {dag.py:2585} INFO - Sync 1 DAGs
[2023-09-04T18:53:28.890+0000] {logging_mixin.py:120} INFO - [2023-09-04T18:53:28.890+0000] {dag.py:3340} INFO - Setting next_dagrun for xcom_dag to 2023-09-04T00:00:00+00:00, run_after=2023-09-05T00:00:00+00:00
[2023-09-04T18:53:28.899+0000] {processor.py:176} INFO - Processing /opt/airflow/dags/xcom_dag.py took 0.068 seconds
[2023-09-04T18:53:59.506+0000] {processor.py:154} INFO - Started process (PID=610) to work on /opt/airflow/dags/xcom_dag.py
[2023-09-04T18:53:59.508+0000] {processor.py:756} INFO - Processing file /opt/airflow/dags/xcom_dag.py for tasks to queue
[2023-09-04T18:53:59.509+0000] {logging_mixin.py:120} INFO - [2023-09-04T18:53:59.509+0000] {dagbag.py:537} INFO - Filling up the DagBag from /opt/airflow/dags/xcom_dag.py
[2023-09-04T18:53:59.543+0000] {processor.py:766} INFO - DAG(s) dict_keys(['xcom_dag']) retrieved from /opt/airflow/dags/xcom_dag.py
[2023-09-04T18:53:59.584+0000] {logging_mixin.py:120} INFO - [2023-09-04T18:53:59.584+0000] {dag.py:2585} INFO - Sync 1 DAGs
[2023-09-04T18:53:59.604+0000] {logging_mixin.py:120} INFO - [2023-09-04T18:53:59.604+0000] {dag.py:3340} INFO - Setting next_dagrun for xcom_dag to 2023-09-04T00:00:00+00:00, run_after=2023-09-05T00:00:00+00:00
[2023-09-04T18:53:59.615+0000] {processor.py:176} INFO - Processing /opt/airflow/dags/xcom_dag.py took 0.116 seconds
[2023-09-04T18:54:30.115+0000] {processor.py:154} INFO - Started process (PID=646) to work on /opt/airflow/dags/xcom_dag.py
[2023-09-04T18:54:30.119+0000] {processor.py:756} INFO - Processing file /opt/airflow/dags/xcom_dag.py for tasks to queue
[2023-09-04T18:54:30.121+0000] {logging_mixin.py:120} INFO - [2023-09-04T18:54:30.120+0000] {dagbag.py:537} INFO - Filling up the DagBag from /opt/airflow/dags/xcom_dag.py
[2023-09-04T18:54:30.152+0000] {processor.py:766} INFO - DAG(s) dict_keys(['xcom_dag']) retrieved from /opt/airflow/dags/xcom_dag.py
[2023-09-04T18:54:30.188+0000] {logging_mixin.py:120} INFO - [2023-09-04T18:54:30.188+0000] {dag.py:2585} INFO - Sync 1 DAGs
[2023-09-04T18:54:30.203+0000] {logging_mixin.py:120} INFO - [2023-09-04T18:54:30.203+0000] {dag.py:3340} INFO - Setting next_dagrun for xcom_dag to 2023-09-04T00:00:00+00:00, run_after=2023-09-05T00:00:00+00:00
[2023-09-04T18:54:30.214+0000] {processor.py:176} INFO - Processing /opt/airflow/dags/xcom_dag.py took 0.105 seconds
[2023-09-04T18:55:00.738+0000] {processor.py:154} INFO - Started process (PID=680) to work on /opt/airflow/dags/xcom_dag.py
[2023-09-04T18:55:00.739+0000] {processor.py:756} INFO - Processing file /opt/airflow/dags/xcom_dag.py for tasks to queue
[2023-09-04T18:55:00.740+0000] {logging_mixin.py:120} INFO - [2023-09-04T18:55:00.740+0000] {dagbag.py:537} INFO - Filling up the DagBag from /opt/airflow/dags/xcom_dag.py
[2023-09-04T18:55:00.759+0000] {processor.py:766} INFO - DAG(s) dict_keys(['xcom_dag']) retrieved from /opt/airflow/dags/xcom_dag.py
[2023-09-04T18:55:00.792+0000] {logging_mixin.py:120} INFO - [2023-09-04T18:55:00.792+0000] {dag.py:2585} INFO - Sync 1 DAGs
[2023-09-04T18:55:00.812+0000] {logging_mixin.py:120} INFO - [2023-09-04T18:55:00.812+0000] {dag.py:3340} INFO - Setting next_dagrun for xcom_dag to 2023-09-04T00:00:00+00:00, run_after=2023-09-05T00:00:00+00:00
[2023-09-04T18:55:00.824+0000] {processor.py:176} INFO - Processing /opt/airflow/dags/xcom_dag.py took 0.090 seconds
[2023-09-04T18:55:31.380+0000] {processor.py:154} INFO - Started process (PID=706) to work on /opt/airflow/dags/xcom_dag.py
[2023-09-04T18:55:31.382+0000] {processor.py:756} INFO - Processing file /opt/airflow/dags/xcom_dag.py for tasks to queue
[2023-09-04T18:55:31.383+0000] {logging_mixin.py:120} INFO - [2023-09-04T18:55:31.383+0000] {dagbag.py:537} INFO - Filling up the DagBag from /opt/airflow/dags/xcom_dag.py
[2023-09-04T18:55:31.405+0000] {processor.py:766} INFO - DAG(s) dict_keys(['xcom_dag']) retrieved from /opt/airflow/dags/xcom_dag.py
[2023-09-04T18:55:31.446+0000] {logging_mixin.py:120} INFO - [2023-09-04T18:55:31.446+0000] {dag.py:2585} INFO - Sync 1 DAGs
[2023-09-04T18:55:31.467+0000] {logging_mixin.py:120} INFO - [2023-09-04T18:55:31.467+0000] {dag.py:3340} INFO - Setting next_dagrun for xcom_dag to 2023-09-04T00:00:00+00:00, run_after=2023-09-05T00:00:00+00:00
[2023-09-04T18:55:31.479+0000] {processor.py:176} INFO - Processing /opt/airflow/dags/xcom_dag.py took 0.103 seconds
[2023-09-04T18:56:01.868+0000] {processor.py:154} INFO - Started process (PID=741) to work on /opt/airflow/dags/xcom_dag.py
[2023-09-04T18:56:01.872+0000] {processor.py:756} INFO - Processing file /opt/airflow/dags/xcom_dag.py for tasks to queue
[2023-09-04T18:56:01.879+0000] {logging_mixin.py:120} INFO - [2023-09-04T18:56:01.878+0000] {dagbag.py:537} INFO - Filling up the DagBag from /opt/airflow/dags/xcom_dag.py
[2023-09-04T18:56:01.919+0000] {processor.py:766} INFO - DAG(s) dict_keys(['xcom_dag']) retrieved from /opt/airflow/dags/xcom_dag.py
[2023-09-04T18:56:01.958+0000] {logging_mixin.py:120} INFO - [2023-09-04T18:56:01.958+0000] {dag.py:2585} INFO - Sync 1 DAGs
[2023-09-04T18:56:01.976+0000] {logging_mixin.py:120} INFO - [2023-09-04T18:56:01.976+0000] {dag.py:3340} INFO - Setting next_dagrun for xcom_dag to 2023-09-04T00:00:00+00:00, run_after=2023-09-05T00:00:00+00:00
[2023-09-04T18:56:01.987+0000] {processor.py:176} INFO - Processing /opt/airflow/dags/xcom_dag.py took 0.125 seconds
[2023-09-04T18:56:32.207+0000] {processor.py:154} INFO - Started process (PID=774) to work on /opt/airflow/dags/xcom_dag.py
[2023-09-04T18:56:32.209+0000] {processor.py:756} INFO - Processing file /opt/airflow/dags/xcom_dag.py for tasks to queue
[2023-09-04T18:56:32.210+0000] {logging_mixin.py:120} INFO - [2023-09-04T18:56:32.210+0000] {dagbag.py:537} INFO - Filling up the DagBag from /opt/airflow/dags/xcom_dag.py
[2023-09-04T18:56:32.245+0000] {processor.py:766} INFO - DAG(s) dict_keys(['xcom_dag']) retrieved from /opt/airflow/dags/xcom_dag.py
[2023-09-04T18:56:32.307+0000] {logging_mixin.py:120} INFO - [2023-09-04T18:56:32.307+0000] {dag.py:2585} INFO - Sync 1 DAGs
[2023-09-04T18:56:32.346+0000] {logging_mixin.py:120} INFO - [2023-09-04T18:56:32.346+0000] {dag.py:3340} INFO - Setting next_dagrun for xcom_dag to 2023-09-04T00:00:00+00:00, run_after=2023-09-05T00:00:00+00:00
[2023-09-04T18:56:32.363+0000] {processor.py:176} INFO - Processing /opt/airflow/dags/xcom_dag.py took 0.162 seconds
[2023-09-04T18:57:02.820+0000] {processor.py:154} INFO - Started process (PID=809) to work on /opt/airflow/dags/xcom_dag.py
[2023-09-04T18:57:02.822+0000] {processor.py:756} INFO - Processing file /opt/airflow/dags/xcom_dag.py for tasks to queue
[2023-09-04T18:57:02.823+0000] {logging_mixin.py:120} INFO - [2023-09-04T18:57:02.823+0000] {dagbag.py:537} INFO - Filling up the DagBag from /opt/airflow/dags/xcom_dag.py
[2023-09-04T18:57:02.848+0000] {processor.py:766} INFO - DAG(s) dict_keys(['xcom_dag']) retrieved from /opt/airflow/dags/xcom_dag.py
[2023-09-04T18:57:02.877+0000] {logging_mixin.py:120} INFO - [2023-09-04T18:57:02.877+0000] {dag.py:2585} INFO - Sync 1 DAGs
[2023-09-04T18:57:02.890+0000] {logging_mixin.py:120} INFO - [2023-09-04T18:57:02.890+0000] {dag.py:3340} INFO - Setting next_dagrun for xcom_dag to 2023-09-04T00:00:00+00:00, run_after=2023-09-05T00:00:00+00:00
[2023-09-04T18:57:02.898+0000] {processor.py:176} INFO - Processing /opt/airflow/dags/xcom_dag.py took 0.083 seconds
[2023-09-04T18:57:33.380+0000] {processor.py:154} INFO - Started process (PID=844) to work on /opt/airflow/dags/xcom_dag.py
[2023-09-04T18:57:33.381+0000] {processor.py:756} INFO - Processing file /opt/airflow/dags/xcom_dag.py for tasks to queue
[2023-09-04T18:57:33.382+0000] {logging_mixin.py:120} INFO - [2023-09-04T18:57:33.382+0000] {dagbag.py:537} INFO - Filling up the DagBag from /opt/airflow/dags/xcom_dag.py
[2023-09-04T18:57:33.401+0000] {processor.py:766} INFO - DAG(s) dict_keys(['xcom_dag']) retrieved from /opt/airflow/dags/xcom_dag.py
[2023-09-04T18:57:33.436+0000] {logging_mixin.py:120} INFO - [2023-09-04T18:57:33.436+0000] {dag.py:2585} INFO - Sync 1 DAGs
[2023-09-04T18:57:33.451+0000] {logging_mixin.py:120} INFO - [2023-09-04T18:57:33.451+0000] {dag.py:3340} INFO - Setting next_dagrun for xcom_dag to 2023-09-04T00:00:00+00:00, run_after=2023-09-05T00:00:00+00:00
[2023-09-04T18:57:33.461+0000] {processor.py:176} INFO - Processing /opt/airflow/dags/xcom_dag.py took 0.086 seconds
[2023-09-04T18:58:03.634+0000] {processor.py:154} INFO - Started process (PID=869) to work on /opt/airflow/dags/xcom_dag.py
[2023-09-04T18:58:03.635+0000] {processor.py:756} INFO - Processing file /opt/airflow/dags/xcom_dag.py for tasks to queue
[2023-09-04T18:58:03.636+0000] {logging_mixin.py:120} INFO - [2023-09-04T18:58:03.635+0000] {dagbag.py:537} INFO - Filling up the DagBag from /opt/airflow/dags/xcom_dag.py
[2023-09-04T18:58:03.655+0000] {processor.py:766} INFO - DAG(s) dict_keys(['xcom_dag']) retrieved from /opt/airflow/dags/xcom_dag.py
[2023-09-04T18:58:03.680+0000] {logging_mixin.py:120} INFO - [2023-09-04T18:58:03.680+0000] {dag.py:2585} INFO - Sync 1 DAGs
[2023-09-04T18:58:03.694+0000] {logging_mixin.py:120} INFO - [2023-09-04T18:58:03.694+0000] {dag.py:3340} INFO - Setting next_dagrun for xcom_dag to 2023-09-04T00:00:00+00:00, run_after=2023-09-05T00:00:00+00:00
[2023-09-04T18:58:03.702+0000] {processor.py:176} INFO - Processing /opt/airflow/dags/xcom_dag.py took 0.072 seconds
[2023-09-04T18:58:34.165+0000] {processor.py:154} INFO - Started process (PID=906) to work on /opt/airflow/dags/xcom_dag.py
[2023-09-04T18:58:34.168+0000] {processor.py:756} INFO - Processing file /opt/airflow/dags/xcom_dag.py for tasks to queue
[2023-09-04T18:58:34.169+0000] {logging_mixin.py:120} INFO - [2023-09-04T18:58:34.169+0000] {dagbag.py:537} INFO - Filling up the DagBag from /opt/airflow/dags/xcom_dag.py
[2023-09-04T18:58:34.192+0000] {processor.py:766} INFO - DAG(s) dict_keys(['xcom_dag']) retrieved from /opt/airflow/dags/xcom_dag.py
[2023-09-04T18:58:34.218+0000] {logging_mixin.py:120} INFO - [2023-09-04T18:58:34.218+0000] {dag.py:2585} INFO - Sync 1 DAGs
[2023-09-04T18:58:34.232+0000] {logging_mixin.py:120} INFO - [2023-09-04T18:58:34.232+0000] {dag.py:3340} INFO - Setting next_dagrun for xcom_dag to 2023-09-04T00:00:00+00:00, run_after=2023-09-05T00:00:00+00:00
[2023-09-04T18:58:34.240+0000] {processor.py:176} INFO - Processing /opt/airflow/dags/xcom_dag.py took 0.080 seconds
[2023-09-04T18:59:04.825+0000] {processor.py:154} INFO - Started process (PID=942) to work on /opt/airflow/dags/xcom_dag.py
[2023-09-04T18:59:04.827+0000] {processor.py:756} INFO - Processing file /opt/airflow/dags/xcom_dag.py for tasks to queue
[2023-09-04T18:59:04.828+0000] {logging_mixin.py:120} INFO - [2023-09-04T18:59:04.827+0000] {dagbag.py:537} INFO - Filling up the DagBag from /opt/airflow/dags/xcom_dag.py
[2023-09-04T18:59:04.852+0000] {processor.py:766} INFO - DAG(s) dict_keys(['xcom_dag']) retrieved from /opt/airflow/dags/xcom_dag.py
[2023-09-04T18:59:04.900+0000] {logging_mixin.py:120} INFO - [2023-09-04T18:59:04.900+0000] {dag.py:2585} INFO - Sync 1 DAGs
[2023-09-04T18:59:04.914+0000] {logging_mixin.py:120} INFO - [2023-09-04T18:59:04.913+0000] {dag.py:3340} INFO - Setting next_dagrun for xcom_dag to 2023-09-04T00:00:00+00:00, run_after=2023-09-05T00:00:00+00:00
[2023-09-04T18:59:04.923+0000] {processor.py:176} INFO - Processing /opt/airflow/dags/xcom_dag.py took 0.103 seconds
[2023-09-04T18:59:35.407+0000] {processor.py:154} INFO - Started process (PID=976) to work on /opt/airflow/dags/xcom_dag.py
[2023-09-04T18:59:35.408+0000] {processor.py:756} INFO - Processing file /opt/airflow/dags/xcom_dag.py for tasks to queue
[2023-09-04T18:59:35.408+0000] {logging_mixin.py:120} INFO - [2023-09-04T18:59:35.408+0000] {dagbag.py:537} INFO - Filling up the DagBag from /opt/airflow/dags/xcom_dag.py
[2023-09-04T18:59:35.422+0000] {processor.py:766} INFO - DAG(s) dict_keys(['xcom_dag']) retrieved from /opt/airflow/dags/xcom_dag.py
[2023-09-04T18:59:35.448+0000] {logging_mixin.py:120} INFO - [2023-09-04T18:59:35.448+0000] {dag.py:2585} INFO - Sync 1 DAGs
[2023-09-04T18:59:35.461+0000] {logging_mixin.py:120} INFO - [2023-09-04T18:59:35.461+0000] {dag.py:3340} INFO - Setting next_dagrun for xcom_dag to 2023-09-04T00:00:00+00:00, run_after=2023-09-05T00:00:00+00:00
[2023-09-04T18:59:35.470+0000] {processor.py:176} INFO - Processing /opt/airflow/dags/xcom_dag.py took 0.065 seconds
[2023-09-04T19:00:06.036+0000] {processor.py:154} INFO - Started process (PID=1010) to work on /opt/airflow/dags/xcom_dag.py
[2023-09-04T19:00:06.037+0000] {processor.py:756} INFO - Processing file /opt/airflow/dags/xcom_dag.py for tasks to queue
[2023-09-04T19:00:06.038+0000] {logging_mixin.py:120} INFO - [2023-09-04T19:00:06.038+0000] {dagbag.py:537} INFO - Filling up the DagBag from /opt/airflow/dags/xcom_dag.py
[2023-09-04T19:00:06.063+0000] {processor.py:766} INFO - DAG(s) dict_keys(['xcom_dag']) retrieved from /opt/airflow/dags/xcom_dag.py
[2023-09-04T19:00:06.094+0000] {logging_mixin.py:120} INFO - [2023-09-04T19:00:06.094+0000] {dag.py:2585} INFO - Sync 1 DAGs
[2023-09-04T19:00:06.108+0000] {logging_mixin.py:120} INFO - [2023-09-04T19:00:06.107+0000] {dag.py:3340} INFO - Setting next_dagrun for xcom_dag to 2023-09-04T00:00:00+00:00, run_after=2023-09-05T00:00:00+00:00
[2023-09-04T19:00:06.115+0000] {processor.py:176} INFO - Processing /opt/airflow/dags/xcom_dag.py took 0.086 seconds
[2023-09-04T19:00:36.595+0000] {processor.py:154} INFO - Started process (PID=1035) to work on /opt/airflow/dags/xcom_dag.py
[2023-09-04T19:00:36.597+0000] {processor.py:756} INFO - Processing file /opt/airflow/dags/xcom_dag.py for tasks to queue
[2023-09-04T19:00:36.598+0000] {logging_mixin.py:120} INFO - [2023-09-04T19:00:36.598+0000] {dagbag.py:537} INFO - Filling up the DagBag from /opt/airflow/dags/xcom_dag.py
[2023-09-04T19:00:36.624+0000] {processor.py:766} INFO - DAG(s) dict_keys(['xcom_dag']) retrieved from /opt/airflow/dags/xcom_dag.py
[2023-09-04T19:00:36.654+0000] {logging_mixin.py:120} INFO - [2023-09-04T19:00:36.654+0000] {dag.py:2585} INFO - Sync 1 DAGs
[2023-09-04T19:00:36.667+0000] {logging_mixin.py:120} INFO - [2023-09-04T19:00:36.667+0000] {dag.py:3340} INFO - Setting next_dagrun for xcom_dag to 2023-09-04T00:00:00+00:00, run_after=2023-09-05T00:00:00+00:00
[2023-09-04T19:00:36.677+0000] {processor.py:176} INFO - Processing /opt/airflow/dags/xcom_dag.py took 0.087 seconds
[2023-09-04T19:01:07.275+0000] {processor.py:154} INFO - Started process (PID=1070) to work on /opt/airflow/dags/xcom_dag.py
[2023-09-04T19:01:07.277+0000] {processor.py:756} INFO - Processing file /opt/airflow/dags/xcom_dag.py for tasks to queue
[2023-09-04T19:01:07.278+0000] {logging_mixin.py:120} INFO - [2023-09-04T19:01:07.278+0000] {dagbag.py:537} INFO - Filling up the DagBag from /opt/airflow/dags/xcom_dag.py
[2023-09-04T19:01:07.296+0000] {processor.py:766} INFO - DAG(s) dict_keys(['xcom_dag']) retrieved from /opt/airflow/dags/xcom_dag.py
[2023-09-04T19:01:07.321+0000] {logging_mixin.py:120} INFO - [2023-09-04T19:01:07.321+0000] {dag.py:2585} INFO - Sync 1 DAGs
[2023-09-04T19:01:07.335+0000] {logging_mixin.py:120} INFO - [2023-09-04T19:01:07.334+0000] {dag.py:3340} INFO - Setting next_dagrun for xcom_dag to 2023-09-04T00:00:00+00:00, run_after=2023-09-05T00:00:00+00:00
[2023-09-04T19:01:07.343+0000] {processor.py:176} INFO - Processing /opt/airflow/dags/xcom_dag.py took 0.073 seconds
[2023-09-04T19:01:37.432+0000] {processor.py:154} INFO - Started process (PID=1105) to work on /opt/airflow/dags/xcom_dag.py
[2023-09-04T19:01:37.433+0000] {processor.py:756} INFO - Processing file /opt/airflow/dags/xcom_dag.py for tasks to queue
[2023-09-04T19:01:37.434+0000] {logging_mixin.py:120} INFO - [2023-09-04T19:01:37.434+0000] {dagbag.py:537} INFO - Filling up the DagBag from /opt/airflow/dags/xcom_dag.py
[2023-09-04T19:01:37.447+0000] {processor.py:766} INFO - DAG(s) dict_keys(['xcom_dag']) retrieved from /opt/airflow/dags/xcom_dag.py
[2023-09-04T19:01:37.474+0000] {logging_mixin.py:120} INFO - [2023-09-04T19:01:37.474+0000] {dag.py:2585} INFO - Sync 1 DAGs
[2023-09-04T19:01:37.488+0000] {logging_mixin.py:120} INFO - [2023-09-04T19:01:37.488+0000] {dag.py:3340} INFO - Setting next_dagrun for xcom_dag to 2023-09-04T00:00:00+00:00, run_after=2023-09-05T00:00:00+00:00
[2023-09-04T19:01:37.497+0000] {processor.py:176} INFO - Processing /opt/airflow/dags/xcom_dag.py took 0.068 seconds
[2023-09-04T19:02:08.370+0000] {processor.py:154} INFO - Started process (PID=1138) to work on /opt/airflow/dags/xcom_dag.py
[2023-09-04T19:02:08.372+0000] {processor.py:756} INFO - Processing file /opt/airflow/dags/xcom_dag.py for tasks to queue
[2023-09-04T19:02:08.373+0000] {logging_mixin.py:120} INFO - [2023-09-04T19:02:08.373+0000] {dagbag.py:537} INFO - Filling up the DagBag from /opt/airflow/dags/xcom_dag.py
[2023-09-04T19:02:08.436+0000] {processor.py:766} INFO - DAG(s) dict_keys(['xcom_dag']) retrieved from /opt/airflow/dags/xcom_dag.py
[2023-09-04T19:02:08.516+0000] {logging_mixin.py:120} INFO - [2023-09-04T19:02:08.516+0000] {dag.py:2585} INFO - Sync 1 DAGs
[2023-09-04T19:02:08.559+0000] {logging_mixin.py:120} INFO - [2023-09-04T19:02:08.559+0000] {dag.py:3340} INFO - Setting next_dagrun for xcom_dag to 2023-09-04T00:00:00+00:00, run_after=2023-09-05T00:00:00+00:00
[2023-09-04T19:02:08.574+0000] {processor.py:176} INFO - Processing /opt/airflow/dags/xcom_dag.py took 0.212 seconds
[2023-09-04T19:02:39.502+0000] {processor.py:154} INFO - Started process (PID=1173) to work on /opt/airflow/dags/xcom_dag.py
[2023-09-04T19:02:39.504+0000] {processor.py:756} INFO - Processing file /opt/airflow/dags/xcom_dag.py for tasks to queue
[2023-09-04T19:02:39.506+0000] {logging_mixin.py:120} INFO - [2023-09-04T19:02:39.506+0000] {dagbag.py:537} INFO - Filling up the DagBag from /opt/airflow/dags/xcom_dag.py
[2023-09-04T19:02:39.539+0000] {processor.py:766} INFO - DAG(s) dict_keys(['xcom_dag']) retrieved from /opt/airflow/dags/xcom_dag.py
[2023-09-04T19:02:39.588+0000] {logging_mixin.py:120} INFO - [2023-09-04T19:02:39.588+0000] {dag.py:2585} INFO - Sync 1 DAGs
[2023-09-04T19:02:39.609+0000] {logging_mixin.py:120} INFO - [2023-09-04T19:02:39.609+0000] {dag.py:3340} INFO - Setting next_dagrun for xcom_dag to 2023-09-04T00:00:00+00:00, run_after=2023-09-05T00:00:00+00:00
[2023-09-04T19:02:39.621+0000] {processor.py:176} INFO - Processing /opt/airflow/dags/xcom_dag.py took 0.128 seconds
[2023-09-04T19:03:10.180+0000] {processor.py:154} INFO - Started process (PID=1208) to work on /opt/airflow/dags/xcom_dag.py
[2023-09-04T19:03:10.182+0000] {processor.py:756} INFO - Processing file /opt/airflow/dags/xcom_dag.py for tasks to queue
[2023-09-04T19:03:10.183+0000] {logging_mixin.py:120} INFO - [2023-09-04T19:03:10.183+0000] {dagbag.py:537} INFO - Filling up the DagBag from /opt/airflow/dags/xcom_dag.py
[2023-09-04T19:03:10.206+0000] {processor.py:766} INFO - DAG(s) dict_keys(['xcom_dag']) retrieved from /opt/airflow/dags/xcom_dag.py
[2023-09-04T19:03:10.238+0000] {logging_mixin.py:120} INFO - [2023-09-04T19:03:10.238+0000] {dag.py:2585} INFO - Sync 1 DAGs
[2023-09-04T19:03:10.255+0000] {logging_mixin.py:120} INFO - [2023-09-04T19:03:10.254+0000] {dag.py:3340} INFO - Setting next_dagrun for xcom_dag to 2023-09-04T00:00:00+00:00, run_after=2023-09-05T00:00:00+00:00
[2023-09-04T19:03:10.265+0000] {processor.py:176} INFO - Processing /opt/airflow/dags/xcom_dag.py took 0.090 seconds
[2023-09-04T19:03:40.699+0000] {processor.py:154} INFO - Started process (PID=1234) to work on /opt/airflow/dags/xcom_dag.py
[2023-09-04T19:03:40.700+0000] {processor.py:756} INFO - Processing file /opt/airflow/dags/xcom_dag.py for tasks to queue
[2023-09-04T19:03:40.701+0000] {logging_mixin.py:120} INFO - [2023-09-04T19:03:40.701+0000] {dagbag.py:537} INFO - Filling up the DagBag from /opt/airflow/dags/xcom_dag.py
[2023-09-04T19:03:40.727+0000] {processor.py:766} INFO - DAG(s) dict_keys(['xcom_dag']) retrieved from /opt/airflow/dags/xcom_dag.py
[2023-09-04T19:03:40.763+0000] {logging_mixin.py:120} INFO - [2023-09-04T19:03:40.763+0000] {dag.py:2585} INFO - Sync 1 DAGs
[2023-09-04T19:03:40.783+0000] {logging_mixin.py:120} INFO - [2023-09-04T19:03:40.782+0000] {dag.py:3340} INFO - Setting next_dagrun for xcom_dag to 2023-09-04T00:00:00+00:00, run_after=2023-09-05T00:00:00+00:00
[2023-09-04T19:03:40.796+0000] {processor.py:176} INFO - Processing /opt/airflow/dags/xcom_dag.py took 0.102 seconds
[2023-09-04T19:04:11.264+0000] {processor.py:154} INFO - Started process (PID=1269) to work on /opt/airflow/dags/xcom_dag.py
[2023-09-04T19:04:11.266+0000] {processor.py:756} INFO - Processing file /opt/airflow/dags/xcom_dag.py for tasks to queue
[2023-09-04T19:04:11.267+0000] {logging_mixin.py:120} INFO - [2023-09-04T19:04:11.267+0000] {dagbag.py:537} INFO - Filling up the DagBag from /opt/airflow/dags/xcom_dag.py
[2023-09-04T19:04:11.292+0000] {processor.py:766} INFO - DAG(s) dict_keys(['xcom_dag']) retrieved from /opt/airflow/dags/xcom_dag.py
[2023-09-04T19:04:11.325+0000] {logging_mixin.py:120} INFO - [2023-09-04T19:04:11.325+0000] {dag.py:2585} INFO - Sync 1 DAGs
[2023-09-04T19:04:11.341+0000] {logging_mixin.py:120} INFO - [2023-09-04T19:04:11.341+0000] {dag.py:3340} INFO - Setting next_dagrun for xcom_dag to 2023-09-04T00:00:00+00:00, run_after=2023-09-05T00:00:00+00:00
[2023-09-04T19:04:11.351+0000] {processor.py:176} INFO - Processing /opt/airflow/dags/xcom_dag.py took 0.093 seconds
[2023-09-04T19:04:41.864+0000] {processor.py:154} INFO - Started process (PID=1303) to work on /opt/airflow/dags/xcom_dag.py
[2023-09-04T19:04:41.865+0000] {processor.py:756} INFO - Processing file /opt/airflow/dags/xcom_dag.py for tasks to queue
[2023-09-04T19:04:41.866+0000] {logging_mixin.py:120} INFO - [2023-09-04T19:04:41.866+0000] {dagbag.py:537} INFO - Filling up the DagBag from /opt/airflow/dags/xcom_dag.py
[2023-09-04T19:04:41.889+0000] {processor.py:766} INFO - DAG(s) dict_keys(['xcom_dag']) retrieved from /opt/airflow/dags/xcom_dag.py
[2023-09-04T19:04:41.925+0000] {logging_mixin.py:120} INFO - [2023-09-04T19:04:41.925+0000] {dag.py:2585} INFO - Sync 1 DAGs
[2023-09-04T19:04:41.946+0000] {logging_mixin.py:120} INFO - [2023-09-04T19:04:41.946+0000] {dag.py:3340} INFO - Setting next_dagrun for xcom_dag to 2023-09-04T00:00:00+00:00, run_after=2023-09-05T00:00:00+00:00
[2023-09-04T19:04:41.957+0000] {processor.py:176} INFO - Processing /opt/airflow/dags/xcom_dag.py took 0.099 seconds
[2023-09-04T19:05:12.745+0000] {processor.py:154} INFO - Started process (PID=1337) to work on /opt/airflow/dags/xcom_dag.py
[2023-09-04T19:05:12.747+0000] {processor.py:756} INFO - Processing file /opt/airflow/dags/xcom_dag.py for tasks to queue
[2023-09-04T19:05:12.749+0000] {logging_mixin.py:120} INFO - [2023-09-04T19:05:12.748+0000] {dagbag.py:537} INFO - Filling up the DagBag from /opt/airflow/dags/xcom_dag.py
[2023-09-04T19:05:12.776+0000] {processor.py:766} INFO - DAG(s) dict_keys(['xcom_dag']) retrieved from /opt/airflow/dags/xcom_dag.py
[2023-09-04T19:05:12.811+0000] {logging_mixin.py:120} INFO - [2023-09-04T19:05:12.811+0000] {dag.py:2585} INFO - Sync 1 DAGs
[2023-09-04T19:05:12.830+0000] {logging_mixin.py:120} INFO - [2023-09-04T19:05:12.830+0000] {dag.py:3340} INFO - Setting next_dagrun for xcom_dag to 2023-09-04T00:00:00+00:00, run_after=2023-09-05T00:00:00+00:00
[2023-09-04T19:05:12.841+0000] {processor.py:176} INFO - Processing /opt/airflow/dags/xcom_dag.py took 0.104 seconds
[2023-09-04T19:05:43.408+0000] {processor.py:154} INFO - Started process (PID=1372) to work on /opt/airflow/dags/xcom_dag.py
[2023-09-04T19:05:43.409+0000] {processor.py:756} INFO - Processing file /opt/airflow/dags/xcom_dag.py for tasks to queue
[2023-09-04T19:05:43.410+0000] {logging_mixin.py:120} INFO - [2023-09-04T19:05:43.410+0000] {dagbag.py:537} INFO - Filling up the DagBag from /opt/airflow/dags/xcom_dag.py
[2023-09-04T19:05:43.425+0000] {processor.py:766} INFO - DAG(s) dict_keys(['xcom_dag']) retrieved from /opt/airflow/dags/xcom_dag.py
[2023-09-04T19:05:43.451+0000] {logging_mixin.py:120} INFO - [2023-09-04T19:05:43.451+0000] {dag.py:2585} INFO - Sync 1 DAGs
[2023-09-04T19:05:43.466+0000] {logging_mixin.py:120} INFO - [2023-09-04T19:05:43.466+0000] {dag.py:3340} INFO - Setting next_dagrun for xcom_dag to 2023-09-04T00:00:00+00:00, run_after=2023-09-05T00:00:00+00:00
[2023-09-04T19:05:43.476+0000] {processor.py:176} INFO - Processing /opt/airflow/dags/xcom_dag.py took 0.071 seconds
[2023-09-04T19:06:13.964+0000] {processor.py:154} INFO - Started process (PID=1407) to work on /opt/airflow/dags/xcom_dag.py
[2023-09-04T19:06:13.966+0000] {processor.py:756} INFO - Processing file /opt/airflow/dags/xcom_dag.py for tasks to queue
[2023-09-04T19:06:13.968+0000] {logging_mixin.py:120} INFO - [2023-09-04T19:06:13.967+0000] {dagbag.py:537} INFO - Filling up the DagBag from /opt/airflow/dags/xcom_dag.py
[2023-09-04T19:06:13.993+0000] {processor.py:766} INFO - DAG(s) dict_keys(['xcom_dag']) retrieved from /opt/airflow/dags/xcom_dag.py
[2023-09-04T19:06:14.025+0000] {logging_mixin.py:120} INFO - [2023-09-04T19:06:14.024+0000] {dag.py:2585} INFO - Sync 1 DAGs
[2023-09-04T19:06:14.039+0000] {logging_mixin.py:120} INFO - [2023-09-04T19:06:14.039+0000] {dag.py:3340} INFO - Setting next_dagrun for xcom_dag to 2023-09-04T00:00:00+00:00, run_after=2023-09-05T00:00:00+00:00
[2023-09-04T19:06:14.049+0000] {processor.py:176} INFO - Processing /opt/airflow/dags/xcom_dag.py took 0.091 seconds
[2023-09-04T19:06:44.623+0000] {processor.py:154} INFO - Started process (PID=1442) to work on /opt/airflow/dags/xcom_dag.py
[2023-09-04T19:06:44.624+0000] {processor.py:756} INFO - Processing file /opt/airflow/dags/xcom_dag.py for tasks to queue
[2023-09-04T19:06:44.624+0000] {logging_mixin.py:120} INFO - [2023-09-04T19:06:44.624+0000] {dagbag.py:537} INFO - Filling up the DagBag from /opt/airflow/dags/xcom_dag.py
[2023-09-04T19:06:44.638+0000] {processor.py:766} INFO - DAG(s) dict_keys(['xcom_dag']) retrieved from /opt/airflow/dags/xcom_dag.py
[2023-09-04T19:06:44.676+0000] {logging_mixin.py:120} INFO - [2023-09-04T19:06:44.676+0000] {dag.py:2585} INFO - Sync 1 DAGs
[2023-09-04T19:06:44.702+0000] {logging_mixin.py:120} INFO - [2023-09-04T19:06:44.702+0000] {dag.py:3340} INFO - Setting next_dagrun for xcom_dag to 2023-09-04T00:00:00+00:00, run_after=2023-09-05T00:00:00+00:00
[2023-09-04T19:06:44.724+0000] {processor.py:176} INFO - Processing /opt/airflow/dags/xcom_dag.py took 0.103 seconds
[2023-09-04T19:07:15.293+0000] {processor.py:154} INFO - Started process (PID=1468) to work on /opt/airflow/dags/xcom_dag.py
[2023-09-04T19:07:15.295+0000] {processor.py:756} INFO - Processing file /opt/airflow/dags/xcom_dag.py for tasks to queue
[2023-09-04T19:07:15.296+0000] {logging_mixin.py:120} INFO - [2023-09-04T19:07:15.296+0000] {dagbag.py:537} INFO - Filling up the DagBag from /opt/airflow/dags/xcom_dag.py
[2023-09-04T19:07:15.321+0000] {processor.py:766} INFO - DAG(s) dict_keys(['xcom_dag']) retrieved from /opt/airflow/dags/xcom_dag.py
[2023-09-04T19:07:15.359+0000] {logging_mixin.py:120} INFO - [2023-09-04T19:07:15.359+0000] {dag.py:2585} INFO - Sync 1 DAGs
[2023-09-04T19:07:15.379+0000] {logging_mixin.py:120} INFO - [2023-09-04T19:07:15.378+0000] {dag.py:3340} INFO - Setting next_dagrun for xcom_dag to 2023-09-04T00:00:00+00:00, run_after=2023-09-05T00:00:00+00:00
[2023-09-04T19:07:15.390+0000] {processor.py:176} INFO - Processing /opt/airflow/dags/xcom_dag.py took 0.102 seconds
[2023-09-04T19:07:45.890+0000] {processor.py:154} INFO - Started process (PID=1502) to work on /opt/airflow/dags/xcom_dag.py
[2023-09-04T19:07:45.892+0000] {processor.py:756} INFO - Processing file /opt/airflow/dags/xcom_dag.py for tasks to queue
[2023-09-04T19:07:45.893+0000] {logging_mixin.py:120} INFO - [2023-09-04T19:07:45.893+0000] {dagbag.py:537} INFO - Filling up the DagBag from /opt/airflow/dags/xcom_dag.py
[2023-09-04T19:07:45.919+0000] {processor.py:766} INFO - DAG(s) dict_keys(['xcom_dag']) retrieved from /opt/airflow/dags/xcom_dag.py
[2023-09-04T19:07:45.952+0000] {logging_mixin.py:120} INFO - [2023-09-04T19:07:45.952+0000] {dag.py:2585} INFO - Sync 1 DAGs
[2023-09-04T19:07:45.967+0000] {logging_mixin.py:120} INFO - [2023-09-04T19:07:45.967+0000] {dag.py:3340} INFO - Setting next_dagrun for xcom_dag to 2023-09-04T00:00:00+00:00, run_after=2023-09-05T00:00:00+00:00
[2023-09-04T19:07:45.977+0000] {processor.py:176} INFO - Processing /opt/airflow/dags/xcom_dag.py took 0.095 seconds
[2023-09-04T19:08:16.520+0000] {processor.py:154} INFO - Started process (PID=1537) to work on /opt/airflow/dags/xcom_dag.py
[2023-09-04T19:08:16.522+0000] {processor.py:756} INFO - Processing file /opt/airflow/dags/xcom_dag.py for tasks to queue
[2023-09-04T19:08:16.523+0000] {logging_mixin.py:120} INFO - [2023-09-04T19:08:16.523+0000] {dagbag.py:537} INFO - Filling up the DagBag from /opt/airflow/dags/xcom_dag.py
[2023-09-04T19:08:16.553+0000] {processor.py:766} INFO - DAG(s) dict_keys(['xcom_dag']) retrieved from /opt/airflow/dags/xcom_dag.py
[2023-09-04T19:08:16.583+0000] {logging_mixin.py:120} INFO - [2023-09-04T19:08:16.583+0000] {dag.py:2585} INFO - Sync 1 DAGs
[2023-09-04T19:08:16.600+0000] {logging_mixin.py:120} INFO - [2023-09-04T19:08:16.600+0000] {dag.py:3340} INFO - Setting next_dagrun for xcom_dag to 2023-09-04T00:00:00+00:00, run_after=2023-09-05T00:00:00+00:00
[2023-09-04T19:08:16.611+0000] {processor.py:176} INFO - Processing /opt/airflow/dags/xcom_dag.py took 0.097 seconds
[2023-09-04T19:08:47.178+0000] {processor.py:154} INFO - Started process (PID=1572) to work on /opt/airflow/dags/xcom_dag.py
[2023-09-04T19:08:47.179+0000] {processor.py:756} INFO - Processing file /opt/airflow/dags/xcom_dag.py for tasks to queue
[2023-09-04T19:08:47.179+0000] {logging_mixin.py:120} INFO - [2023-09-04T19:08:47.179+0000] {dagbag.py:537} INFO - Filling up the DagBag from /opt/airflow/dags/xcom_dag.py
[2023-09-04T19:08:47.199+0000] {processor.py:766} INFO - DAG(s) dict_keys(['xcom_dag']) retrieved from /opt/airflow/dags/xcom_dag.py
[2023-09-04T19:08:47.231+0000] {logging_mixin.py:120} INFO - [2023-09-04T19:08:47.231+0000] {dag.py:2585} INFO - Sync 1 DAGs
[2023-09-04T19:08:47.247+0000] {logging_mixin.py:120} INFO - [2023-09-04T19:08:47.246+0000] {dag.py:3340} INFO - Setting next_dagrun for xcom_dag to 2023-09-04T00:00:00+00:00, run_after=2023-09-05T00:00:00+00:00
[2023-09-04T19:08:47.258+0000] {processor.py:176} INFO - Processing /opt/airflow/dags/xcom_dag.py took 0.085 seconds
[2023-09-04T19:09:18.075+0000] {processor.py:154} INFO - Started process (PID=1607) to work on /opt/airflow/dags/xcom_dag.py
[2023-09-04T19:09:18.077+0000] {processor.py:756} INFO - Processing file /opt/airflow/dags/xcom_dag.py for tasks to queue
[2023-09-04T19:09:18.077+0000] {logging_mixin.py:120} INFO - [2023-09-04T19:09:18.077+0000] {dagbag.py:537} INFO - Filling up the DagBag from /opt/airflow/dags/xcom_dag.py
[2023-09-04T19:09:18.100+0000] {processor.py:766} INFO - DAG(s) dict_keys(['xcom_dag']) retrieved from /opt/airflow/dags/xcom_dag.py
[2023-09-04T19:09:18.146+0000] {logging_mixin.py:120} INFO - [2023-09-04T19:09:18.146+0000] {dag.py:2585} INFO - Sync 1 DAGs
[2023-09-04T19:09:18.167+0000] {logging_mixin.py:120} INFO - [2023-09-04T19:09:18.167+0000] {dag.py:3340} INFO - Setting next_dagrun for xcom_dag to 2023-09-04T00:00:00+00:00, run_after=2023-09-05T00:00:00+00:00
[2023-09-04T19:09:18.180+0000] {processor.py:176} INFO - Processing /opt/airflow/dags/xcom_dag.py took 0.110 seconds
[2023-09-04T19:40:46.837+0000] {processor.py:154} INFO - Started process (PID=1619) to work on /opt/airflow/dags/xcom_dag.py
[2023-09-04T19:40:46.851+0000] {processor.py:756} INFO - Processing file /opt/airflow/dags/xcom_dag.py for tasks to queue
[2023-09-04T19:40:46.853+0000] {logging_mixin.py:120} INFO - [2023-09-04T19:40:46.853+0000] {dagbag.py:537} INFO - Filling up the DagBag from /opt/airflow/dags/xcom_dag.py
[2023-09-04T19:40:47.306+0000] {processor.py:766} INFO - DAG(s) dict_keys(['xcom_dag']) retrieved from /opt/airflow/dags/xcom_dag.py
[2023-09-04T19:40:47.495+0000] {logging_mixin.py:120} INFO - [2023-09-04T19:40:47.494+0000] {dag.py:2585} INFO - Sync 1 DAGs
[2023-09-04T19:40:47.538+0000] {logging_mixin.py:120} INFO - [2023-09-04T19:40:47.538+0000] {dag.py:3340} INFO - Setting next_dagrun for xcom_dag to 2023-09-04T00:00:00+00:00, run_after=2023-09-05T00:00:00+00:00
[2023-09-04T19:40:47.549+0000] {processor.py:176} INFO - Processing /opt/airflow/dags/xcom_dag.py took 0.719 seconds
[2023-09-04T20:06:15.572+0000] {processor.py:154} INFO - Started process (PID=1653) to work on /opt/airflow/dags/xcom_dag.py
[2023-09-04T20:06:15.583+0000] {processor.py:756} INFO - Processing file /opt/airflow/dags/xcom_dag.py for tasks to queue
[2023-09-04T20:06:15.584+0000] {logging_mixin.py:120} INFO - [2023-09-04T20:06:15.584+0000] {dagbag.py:537} INFO - Filling up the DagBag from /opt/airflow/dags/xcom_dag.py
[2023-09-04T20:06:15.679+0000] {processor.py:766} INFO - DAG(s) dict_keys(['xcom_dag']) retrieved from /opt/airflow/dags/xcom_dag.py
[2023-09-04T20:06:15.771+0000] {logging_mixin.py:120} INFO - [2023-09-04T20:06:15.771+0000] {dag.py:2585} INFO - Sync 1 DAGs
[2023-09-04T20:06:15.812+0000] {logging_mixin.py:120} INFO - [2023-09-04T20:06:15.811+0000] {dag.py:3340} INFO - Setting next_dagrun for xcom_dag to 2023-09-04T00:00:00+00:00, run_after=2023-09-05T00:00:00+00:00
[2023-09-04T20:06:15.869+0000] {processor.py:176} INFO - Processing /opt/airflow/dags/xcom_dag.py took 0.326 seconds
[2023-09-04T20:06:46.230+0000] {processor.py:154} INFO - Started process (PID=1688) to work on /opt/airflow/dags/xcom_dag.py
[2023-09-04T20:06:46.232+0000] {processor.py:756} INFO - Processing file /opt/airflow/dags/xcom_dag.py for tasks to queue
[2023-09-04T20:06:46.232+0000] {logging_mixin.py:120} INFO - [2023-09-04T20:06:46.232+0000] {dagbag.py:537} INFO - Filling up the DagBag from /opt/airflow/dags/xcom_dag.py
[2023-09-04T20:06:46.279+0000] {processor.py:766} INFO - DAG(s) dict_keys(['xcom_dag']) retrieved from /opt/airflow/dags/xcom_dag.py
[2023-09-04T20:06:46.315+0000] {logging_mixin.py:120} INFO - [2023-09-04T20:06:46.315+0000] {dag.py:2585} INFO - Sync 1 DAGs
[2023-09-04T20:06:46.335+0000] {logging_mixin.py:120} INFO - [2023-09-04T20:06:46.335+0000] {dag.py:3340} INFO - Setting next_dagrun for xcom_dag to 2023-09-04T00:00:00+00:00, run_after=2023-09-05T00:00:00+00:00
[2023-09-04T20:06:46.348+0000] {processor.py:176} INFO - Processing /opt/airflow/dags/xcom_dag.py took 0.121 seconds
[2023-09-04T20:07:16.929+0000] {processor.py:154} INFO - Started process (PID=1722) to work on /opt/airflow/dags/xcom_dag.py
[2023-09-04T20:07:16.930+0000] {processor.py:756} INFO - Processing file /opt/airflow/dags/xcom_dag.py for tasks to queue
[2023-09-04T20:07:16.931+0000] {logging_mixin.py:120} INFO - [2023-09-04T20:07:16.931+0000] {dagbag.py:537} INFO - Filling up the DagBag from /opt/airflow/dags/xcom_dag.py
[2023-09-04T20:07:16.952+0000] {processor.py:766} INFO - DAG(s) dict_keys(['xcom_dag']) retrieved from /opt/airflow/dags/xcom_dag.py
[2023-09-04T20:07:16.999+0000] {logging_mixin.py:120} INFO - [2023-09-04T20:07:16.999+0000] {dag.py:2585} INFO - Sync 1 DAGs
[2023-09-04T20:07:17.019+0000] {logging_mixin.py:120} INFO - [2023-09-04T20:07:17.019+0000] {dag.py:3340} INFO - Setting next_dagrun for xcom_dag to 2023-09-04T00:00:00+00:00, run_after=2023-09-05T00:00:00+00:00
[2023-09-04T20:07:17.030+0000] {processor.py:176} INFO - Processing /opt/airflow/dags/xcom_dag.py took 0.104 seconds
[2023-09-04T20:07:47.658+0000] {processor.py:154} INFO - Started process (PID=1748) to work on /opt/airflow/dags/xcom_dag.py
[2023-09-04T20:07:47.661+0000] {processor.py:756} INFO - Processing file /opt/airflow/dags/xcom_dag.py for tasks to queue
[2023-09-04T20:07:47.662+0000] {logging_mixin.py:120} INFO - [2023-09-04T20:07:47.662+0000] {dagbag.py:537} INFO - Filling up the DagBag from /opt/airflow/dags/xcom_dag.py
[2023-09-04T20:07:47.692+0000] {processor.py:766} INFO - DAG(s) dict_keys(['xcom_dag']) retrieved from /opt/airflow/dags/xcom_dag.py
[2023-09-04T20:07:47.752+0000] {logging_mixin.py:120} INFO - [2023-09-04T20:07:47.750+0000] {dag.py:2585} INFO - Sync 1 DAGs
[2023-09-04T20:07:47.772+0000] {logging_mixin.py:120} INFO - [2023-09-04T20:07:47.772+0000] {dag.py:3340} INFO - Setting next_dagrun for xcom_dag to 2023-09-04T00:00:00+00:00, run_after=2023-09-05T00:00:00+00:00
[2023-09-04T20:07:47.786+0000] {processor.py:176} INFO - Processing /opt/airflow/dags/xcom_dag.py took 0.135 seconds
[2023-09-04T20:08:18.377+0000] {processor.py:154} INFO - Started process (PID=1783) to work on /opt/airflow/dags/xcom_dag.py
[2023-09-04T20:08:18.379+0000] {processor.py:756} INFO - Processing file /opt/airflow/dags/xcom_dag.py for tasks to queue
[2023-09-04T20:08:18.380+0000] {logging_mixin.py:120} INFO - [2023-09-04T20:08:18.380+0000] {dagbag.py:537} INFO - Filling up the DagBag from /opt/airflow/dags/xcom_dag.py
[2023-09-04T20:08:18.415+0000] {processor.py:766} INFO - DAG(s) dict_keys(['xcom_dag']) retrieved from /opt/airflow/dags/xcom_dag.py
[2023-09-04T20:08:18.448+0000] {logging_mixin.py:120} INFO - [2023-09-04T20:08:18.448+0000] {dag.py:2585} INFO - Sync 1 DAGs
[2023-09-04T20:08:18.466+0000] {logging_mixin.py:120} INFO - [2023-09-04T20:08:18.466+0000] {dag.py:3340} INFO - Setting next_dagrun for xcom_dag to 2023-09-04T00:00:00+00:00, run_after=2023-09-05T00:00:00+00:00
[2023-09-04T20:08:18.478+0000] {processor.py:176} INFO - Processing /opt/airflow/dags/xcom_dag.py took 0.105 seconds
[2023-09-04T20:08:49.139+0000] {processor.py:154} INFO - Started process (PID=1818) to work on /opt/airflow/dags/xcom_dag.py
[2023-09-04T20:08:49.141+0000] {processor.py:756} INFO - Processing file /opt/airflow/dags/xcom_dag.py for tasks to queue
[2023-09-04T20:08:49.142+0000] {logging_mixin.py:120} INFO - [2023-09-04T20:08:49.142+0000] {dagbag.py:537} INFO - Filling up the DagBag from /opt/airflow/dags/xcom_dag.py
[2023-09-04T20:08:49.172+0000] {processor.py:766} INFO - DAG(s) dict_keys(['xcom_dag']) retrieved from /opt/airflow/dags/xcom_dag.py
[2023-09-04T20:08:49.221+0000] {logging_mixin.py:120} INFO - [2023-09-04T20:08:49.221+0000] {dag.py:2585} INFO - Sync 1 DAGs
[2023-09-04T20:08:49.240+0000] {logging_mixin.py:120} INFO - [2023-09-04T20:08:49.240+0000] {dag.py:3340} INFO - Setting next_dagrun for xcom_dag to 2023-09-04T00:00:00+00:00, run_after=2023-09-05T00:00:00+00:00
[2023-09-04T20:08:49.252+0000] {processor.py:176} INFO - Processing /opt/airflow/dags/xcom_dag.py took 0.121 seconds
[2023-09-04T20:09:19.834+0000] {processor.py:154} INFO - Started process (PID=1853) to work on /opt/airflow/dags/xcom_dag.py
[2023-09-04T20:09:19.838+0000] {processor.py:756} INFO - Processing file /opt/airflow/dags/xcom_dag.py for tasks to queue
[2023-09-04T20:09:19.839+0000] {logging_mixin.py:120} INFO - [2023-09-04T20:09:19.839+0000] {dagbag.py:537} INFO - Filling up the DagBag from /opt/airflow/dags/xcom_dag.py
[2023-09-04T20:09:19.873+0000] {processor.py:766} INFO - DAG(s) dict_keys(['xcom_dag']) retrieved from /opt/airflow/dags/xcom_dag.py
[2023-09-04T20:09:19.919+0000] {logging_mixin.py:120} INFO - [2023-09-04T20:09:19.919+0000] {dag.py:2585} INFO - Sync 1 DAGs
[2023-09-04T20:09:19.941+0000] {logging_mixin.py:120} INFO - [2023-09-04T20:09:19.941+0000] {dag.py:3340} INFO - Setting next_dagrun for xcom_dag to 2023-09-04T00:00:00+00:00, run_after=2023-09-05T00:00:00+00:00
[2023-09-04T20:09:19.954+0000] {processor.py:176} INFO - Processing /opt/airflow/dags/xcom_dag.py took 0.130 seconds
[2023-09-04T20:09:50.588+0000] {processor.py:154} INFO - Started process (PID=1888) to work on /opt/airflow/dags/xcom_dag.py
[2023-09-04T20:09:50.591+0000] {processor.py:756} INFO - Processing file /opt/airflow/dags/xcom_dag.py for tasks to queue
[2023-09-04T20:09:50.591+0000] {logging_mixin.py:120} INFO - [2023-09-04T20:09:50.591+0000] {dagbag.py:537} INFO - Filling up the DagBag from /opt/airflow/dags/xcom_dag.py
[2023-09-04T20:09:50.613+0000] {processor.py:766} INFO - DAG(s) dict_keys(['xcom_dag']) retrieved from /opt/airflow/dags/xcom_dag.py
[2023-09-04T20:09:50.652+0000] {logging_mixin.py:120} INFO - [2023-09-04T20:09:50.651+0000] {dag.py:2585} INFO - Sync 1 DAGs
[2023-09-04T20:09:50.669+0000] {logging_mixin.py:120} INFO - [2023-09-04T20:09:50.669+0000] {dag.py:3340} INFO - Setting next_dagrun for xcom_dag to 2023-09-04T00:00:00+00:00, run_after=2023-09-05T00:00:00+00:00
[2023-09-04T20:09:50.680+0000] {processor.py:176} INFO - Processing /opt/airflow/dags/xcom_dag.py took 0.096 seconds
[2023-09-04T20:10:21.276+0000] {processor.py:154} INFO - Started process (PID=1923) to work on /opt/airflow/dags/xcom_dag.py
[2023-09-04T20:10:21.277+0000] {processor.py:756} INFO - Processing file /opt/airflow/dags/xcom_dag.py for tasks to queue
[2023-09-04T20:10:21.278+0000] {logging_mixin.py:120} INFO - [2023-09-04T20:10:21.278+0000] {dagbag.py:537} INFO - Filling up the DagBag from /opt/airflow/dags/xcom_dag.py
[2023-09-04T20:10:21.302+0000] {processor.py:766} INFO - DAG(s) dict_keys(['xcom_dag']) retrieved from /opt/airflow/dags/xcom_dag.py
[2023-09-04T20:10:21.338+0000] {logging_mixin.py:120} INFO - [2023-09-04T20:10:21.338+0000] {dag.py:2585} INFO - Sync 1 DAGs
[2023-09-04T20:10:21.359+0000] {logging_mixin.py:120} INFO - [2023-09-04T20:10:21.359+0000] {dag.py:3340} INFO - Setting next_dagrun for xcom_dag to 2023-09-04T00:00:00+00:00, run_after=2023-09-05T00:00:00+00:00
[2023-09-04T20:10:21.372+0000] {processor.py:176} INFO - Processing /opt/airflow/dags/xcom_dag.py took 0.101 seconds
