[2023-09-05T11:36:09.935+0000] {taskinstance.py:1165} INFO - Dependencies all met for <TaskInstance: group_dag.transformations.transform_c scheduled__2023-09-04T00:00:00+00:00 [queued]>
[2023-09-05T11:36:09.950+0000] {taskinstance.py:1165} INFO - Dependencies all met for <TaskInstance: group_dag.transformations.transform_c scheduled__2023-09-04T00:00:00+00:00 [queued]>
[2023-09-05T11:36:09.954+0000] {taskinstance.py:1362} INFO - 
--------------------------------------------------------------------------------
[2023-09-05T11:36:09.957+0000] {taskinstance.py:1363} INFO - Starting attempt 1 of 1
[2023-09-05T11:36:09.957+0000] {taskinstance.py:1364} INFO - 
--------------------------------------------------------------------------------
[2023-09-05T11:36:09.990+0000] {taskinstance.py:1383} INFO - Executing <Task(BashOperator): transformations.transform_c> on 2023-09-04 00:00:00+00:00
[2023-09-05T11:36:09.995+0000] {standard_task_runner.py:55} INFO - Started process 148 to run task
[2023-09-05T11:36:10.002+0000] {standard_task_runner.py:82} INFO - Running: ['***', 'tasks', 'run', 'group_dag', 'transformations.transform_c', 'scheduled__2023-09-04T00:00:00+00:00', '--job-id', '107', '--raw', '--subdir', 'DAGS_FOLDER/group_dag.py', '--cfg-path', '/tmp/tmp9_5t_50_']
[2023-09-05T11:36:10.004+0000] {standard_task_runner.py:83} INFO - Job 107: Subtask transformations.transform_c
[2023-09-05T11:36:10.132+0000] {task_command.py:376} INFO - Running <TaskInstance: group_dag.transformations.transform_c scheduled__2023-09-04T00:00:00+00:00 [running]> on host 993b415b7ab0
[2023-09-05T11:36:10.221+0000] {taskinstance.py:1592} INFO - Exporting the following env vars:
AIRFLOW_CTX_DAG_OWNER=***
AIRFLOW_CTX_DAG_ID=group_dag
AIRFLOW_CTX_TASK_ID=transformations.transform_c
AIRFLOW_CTX_EXECUTION_DATE=2023-09-04T00:00:00+00:00
AIRFLOW_CTX_TRY_NUMBER=1
AIRFLOW_CTX_DAG_RUN_ID=scheduled__2023-09-04T00:00:00+00:00
[2023-09-05T11:36:10.222+0000] {subprocess.py:63} INFO - Tmp dir root location: 
 /tmp
[2023-09-05T11:36:10.222+0000] {subprocess.py:75} INFO - Running command: ['/bin/bash', '-c', 'sleep 10']
[2023-09-05T11:36:10.232+0000] {subprocess.py:86} INFO - Output:
[2023-09-05T11:36:20.237+0000] {subprocess.py:97} INFO - Command exited with return code 0
[2023-09-05T11:36:20.291+0000] {taskinstance.py:1406} INFO - Marking task as SUCCESS. dag_id=group_dag, task_id=transformations.transform_c, execution_date=20230904T000000, start_date=20230905T113609, end_date=20230905T113620
[2023-09-05T11:36:20.350+0000] {local_task_job.py:164} INFO - Task exited with return code 0
[2023-09-05T11:36:20.381+0000] {local_task_job.py:273} INFO - 0 downstream tasks scheduled from follow-on schedule check
