[2023-09-03T15:04:22.900+0000] {taskinstance.py:1165} INFO - Dependencies all met for <TaskInstance: group_dag.check_files scheduled__2023-09-02T00:00:00+00:00 [queued]>
[2023-09-03T15:04:22.907+0000] {taskinstance.py:1165} INFO - Dependencies all met for <TaskInstance: group_dag.check_files scheduled__2023-09-02T00:00:00+00:00 [queued]>
[2023-09-03T15:04:22.907+0000] {taskinstance.py:1362} INFO - 
--------------------------------------------------------------------------------
[2023-09-03T15:04:22.908+0000] {taskinstance.py:1363} INFO - Starting attempt 1 of 1
[2023-09-03T15:04:22.908+0000] {taskinstance.py:1364} INFO - 
--------------------------------------------------------------------------------
[2023-09-03T15:04:22.916+0000] {taskinstance.py:1383} INFO - Executing <Task(BashOperator): check_files> on 2023-09-02 00:00:00+00:00
[2023-09-03T15:04:22.921+0000] {standard_task_runner.py:55} INFO - Started process 505 to run task
[2023-09-03T15:04:22.928+0000] {standard_task_runner.py:82} INFO - Running: ['***', 'tasks', 'run', 'group_dag', 'check_files', 'scheduled__2023-09-02T00:00:00+00:00', '--job-id', '17', '--raw', '--subdir', 'DAGS_FOLDER/group_dag.py', '--cfg-path', '/tmp/tmpf1gtlp52']
[2023-09-03T15:04:22.929+0000] {standard_task_runner.py:83} INFO - Job 17: Subtask check_files
[2023-09-03T15:04:22.980+0000] {task_command.py:376} INFO - Running <TaskInstance: group_dag.check_files scheduled__2023-09-02T00:00:00+00:00 [running]> on host c0ddfbe053d4
[2023-09-03T15:04:23.029+0000] {taskinstance.py:1592} INFO - Exporting the following env vars:
AIRFLOW_CTX_DAG_OWNER=***
AIRFLOW_CTX_DAG_ID=group_dag
AIRFLOW_CTX_TASK_ID=check_files
AIRFLOW_CTX_EXECUTION_DATE=2023-09-02T00:00:00+00:00
AIRFLOW_CTX_TRY_NUMBER=1
AIRFLOW_CTX_DAG_RUN_ID=scheduled__2023-09-02T00:00:00+00:00
[2023-09-03T15:04:23.031+0000] {subprocess.py:63} INFO - Tmp dir root location: 
 /tmp
[2023-09-03T15:04:23.032+0000] {subprocess.py:75} INFO - Running command: ['/bin/bash', '-c', 'sleep 10']
[2023-09-03T15:04:23.045+0000] {subprocess.py:86} INFO - Output:
[2023-09-03T15:04:33.053+0000] {subprocess.py:97} INFO - Command exited with return code 0
[2023-09-03T15:04:33.108+0000] {taskinstance.py:1406} INFO - Marking task as SUCCESS. dag_id=group_dag, task_id=check_files, execution_date=20230902T000000, start_date=20230903T150422, end_date=20230903T150433
[2023-09-03T15:04:33.146+0000] {local_task_job.py:164} INFO - Task exited with return code 0
[2023-09-03T15:04:33.165+0000] {local_task_job.py:273} INFO - 3 downstream tasks scheduled from follow-on schedule check
