[2024-03-08T15:47:42.917+0000] {processor.py:154} INFO - Started process (PID=57) to work on /opt/airflow/dags/consumer.py
[2024-03-08T15:47:42.919+0000] {processor.py:756} INFO - Processing file /opt/airflow/dags/consumer.py for tasks to queue
[2024-03-08T15:47:42.921+0000] {logging_mixin.py:120} INFO - [2024-03-08T15:47:42.921+0000] {dagbag.py:537} INFO - Filling up the DagBag from /opt/airflow/dags/consumer.py
[2024-03-08T15:47:42.952+0000] {processor.py:766} INFO - DAG(s) dict_keys(['consumer']) retrieved from /opt/airflow/dags/consumer.py
[2024-03-08T15:47:42.991+0000] {logging_mixin.py:120} INFO - [2024-03-08T15:47:42.991+0000] {dag.py:2585} INFO - Sync 1 DAGs
[2024-03-08T15:47:43.031+0000] {logging_mixin.py:120} INFO - [2024-03-08T15:47:43.031+0000] {dag.py:3340} INFO - Setting next_dagrun for consumer to None, run_after=None
[2024-03-08T15:47:43.105+0000] {processor.py:176} INFO - Processing /opt/airflow/dags/consumer.py took 0.191 seconds
[2024-03-08T15:48:14.344+0000] {processor.py:154} INFO - Started process (PID=94) to work on /opt/airflow/dags/consumer.py
[2024-03-08T15:48:14.346+0000] {processor.py:756} INFO - Processing file /opt/airflow/dags/consumer.py for tasks to queue
[2024-03-08T15:48:14.351+0000] {logging_mixin.py:120} INFO - [2024-03-08T15:48:14.351+0000] {dagbag.py:537} INFO - Filling up the DagBag from /opt/airflow/dags/consumer.py
[2024-03-08T15:48:14.376+0000] {processor.py:766} INFO - DAG(s) dict_keys(['consumer']) retrieved from /opt/airflow/dags/consumer.py
[2024-03-08T15:48:14.412+0000] {logging_mixin.py:120} INFO - [2024-03-08T15:48:14.412+0000] {dag.py:2585} INFO - Sync 1 DAGs
[2024-03-08T15:48:14.443+0000] {logging_mixin.py:120} INFO - [2024-03-08T15:48:14.443+0000] {dag.py:3340} INFO - Setting next_dagrun for consumer to None, run_after=None
[2024-03-08T15:48:14.562+0000] {processor.py:176} INFO - Processing /opt/airflow/dags/consumer.py took 0.223 seconds
[2024-03-08T15:48:45.333+0000] {processor.py:154} INFO - Started process (PID=121) to work on /opt/airflow/dags/consumer.py
[2024-03-08T15:48:45.334+0000] {processor.py:756} INFO - Processing file /opt/airflow/dags/consumer.py for tasks to queue
[2024-03-08T15:48:45.334+0000] {logging_mixin.py:120} INFO - [2024-03-08T15:48:45.334+0000] {dagbag.py:537} INFO - Filling up the DagBag from /opt/airflow/dags/consumer.py
[2024-03-08T15:48:45.346+0000] {processor.py:766} INFO - DAG(s) dict_keys(['consumer']) retrieved from /opt/airflow/dags/consumer.py
[2024-03-08T15:48:45.368+0000] {logging_mixin.py:120} INFO - [2024-03-08T15:48:45.368+0000] {dag.py:2585} INFO - Sync 1 DAGs
[2024-03-08T15:48:45.385+0000] {logging_mixin.py:120} INFO - [2024-03-08T15:48:45.385+0000] {dag.py:3340} INFO - Setting next_dagrun for consumer to None, run_after=None
[2024-03-08T15:48:45.399+0000] {processor.py:176} INFO - Processing /opt/airflow/dags/consumer.py took 0.067 seconds
[2024-03-08T15:49:16.466+0000] {processor.py:154} INFO - Started process (PID=158) to work on /opt/airflow/dags/consumer.py
[2024-03-08T15:49:16.466+0000] {processor.py:756} INFO - Processing file /opt/airflow/dags/consumer.py for tasks to queue
[2024-03-08T15:49:16.467+0000] {logging_mixin.py:120} INFO - [2024-03-08T15:49:16.467+0000] {dagbag.py:537} INFO - Filling up the DagBag from /opt/airflow/dags/consumer.py
[2024-03-08T15:49:16.478+0000] {processor.py:766} INFO - DAG(s) dict_keys(['consumer']) retrieved from /opt/airflow/dags/consumer.py
[2024-03-08T15:49:16.500+0000] {logging_mixin.py:120} INFO - [2024-03-08T15:49:16.500+0000] {dag.py:2585} INFO - Sync 1 DAGs
[2024-03-08T15:49:16.513+0000] {logging_mixin.py:120} INFO - [2024-03-08T15:49:16.513+0000] {dag.py:3340} INFO - Setting next_dagrun for consumer to None, run_after=None
[2024-03-08T15:49:16.526+0000] {processor.py:176} INFO - Processing /opt/airflow/dags/consumer.py took 0.062 seconds
[2024-03-08T15:49:47.310+0000] {processor.py:154} INFO - Started process (PID=195) to work on /opt/airflow/dags/consumer.py
[2024-03-08T15:49:47.311+0000] {processor.py:756} INFO - Processing file /opt/airflow/dags/consumer.py for tasks to queue
[2024-03-08T15:49:47.311+0000] {logging_mixin.py:120} INFO - [2024-03-08T15:49:47.311+0000] {dagbag.py:537} INFO - Filling up the DagBag from /opt/airflow/dags/consumer.py
[2024-03-08T15:49:47.323+0000] {processor.py:766} INFO - DAG(s) dict_keys(['consumer']) retrieved from /opt/airflow/dags/consumer.py
[2024-03-08T15:49:47.344+0000] {logging_mixin.py:120} INFO - [2024-03-08T15:49:47.344+0000] {dag.py:2585} INFO - Sync 1 DAGs
[2024-03-08T15:49:47.356+0000] {logging_mixin.py:120} INFO - [2024-03-08T15:49:47.356+0000] {dag.py:3340} INFO - Setting next_dagrun for consumer to None, run_after=None
[2024-03-08T15:49:47.367+0000] {processor.py:176} INFO - Processing /opt/airflow/dags/consumer.py took 0.059 seconds
[2024-03-08T15:50:18.265+0000] {processor.py:154} INFO - Started process (PID=232) to work on /opt/airflow/dags/consumer.py
[2024-03-08T15:50:18.266+0000] {processor.py:756} INFO - Processing file /opt/airflow/dags/consumer.py for tasks to queue
[2024-03-08T15:50:18.267+0000] {logging_mixin.py:120} INFO - [2024-03-08T15:50:18.266+0000] {dagbag.py:537} INFO - Filling up the DagBag from /opt/airflow/dags/consumer.py
[2024-03-08T15:50:18.279+0000] {processor.py:766} INFO - DAG(s) dict_keys(['consumer']) retrieved from /opt/airflow/dags/consumer.py
[2024-03-08T15:50:18.301+0000] {logging_mixin.py:120} INFO - [2024-03-08T15:50:18.301+0000] {dag.py:2585} INFO - Sync 1 DAGs
[2024-03-08T15:50:18.314+0000] {logging_mixin.py:120} INFO - [2024-03-08T15:50:18.314+0000] {dag.py:3340} INFO - Setting next_dagrun for consumer to None, run_after=None
[2024-03-08T15:50:18.325+0000] {processor.py:176} INFO - Processing /opt/airflow/dags/consumer.py took 0.063 seconds
[2024-03-08T15:50:49.045+0000] {processor.py:154} INFO - Started process (PID=270) to work on /opt/airflow/dags/consumer.py
[2024-03-08T15:50:49.045+0000] {processor.py:756} INFO - Processing file /opt/airflow/dags/consumer.py for tasks to queue
[2024-03-08T15:50:49.046+0000] {logging_mixin.py:120} INFO - [2024-03-08T15:50:49.046+0000] {dagbag.py:537} INFO - Filling up the DagBag from /opt/airflow/dags/consumer.py
[2024-03-08T15:50:49.058+0000] {processor.py:766} INFO - DAG(s) dict_keys(['consumer']) retrieved from /opt/airflow/dags/consumer.py
[2024-03-08T15:50:49.078+0000] {logging_mixin.py:120} INFO - [2024-03-08T15:50:49.078+0000] {dag.py:2585} INFO - Sync 1 DAGs
[2024-03-08T15:50:49.092+0000] {logging_mixin.py:120} INFO - [2024-03-08T15:50:49.092+0000] {dag.py:3340} INFO - Setting next_dagrun for consumer to None, run_after=None
[2024-03-08T15:50:49.103+0000] {processor.py:176} INFO - Processing /opt/airflow/dags/consumer.py took 0.060 seconds
[2024-03-08T15:51:20.201+0000] {processor.py:154} INFO - Started process (PID=308) to work on /opt/airflow/dags/consumer.py
[2024-03-08T15:51:20.202+0000] {processor.py:756} INFO - Processing file /opt/airflow/dags/consumer.py for tasks to queue
[2024-03-08T15:51:20.202+0000] {logging_mixin.py:120} INFO - [2024-03-08T15:51:20.202+0000] {dagbag.py:537} INFO - Filling up the DagBag from /opt/airflow/dags/consumer.py
[2024-03-08T15:51:20.214+0000] {processor.py:766} INFO - DAG(s) dict_keys(['consumer']) retrieved from /opt/airflow/dags/consumer.py
[2024-03-08T15:51:20.234+0000] {logging_mixin.py:120} INFO - [2024-03-08T15:51:20.234+0000] {dag.py:2585} INFO - Sync 1 DAGs
[2024-03-08T15:51:20.248+0000] {logging_mixin.py:120} INFO - [2024-03-08T15:51:20.248+0000] {dag.py:3340} INFO - Setting next_dagrun for consumer to None, run_after=None
[2024-03-08T15:51:20.259+0000] {processor.py:176} INFO - Processing /opt/airflow/dags/consumer.py took 0.060 seconds
[2024-03-08T15:51:51.136+0000] {processor.py:154} INFO - Started process (PID=336) to work on /opt/airflow/dags/consumer.py
[2024-03-08T15:51:51.137+0000] {processor.py:756} INFO - Processing file /opt/airflow/dags/consumer.py for tasks to queue
[2024-03-08T15:51:51.138+0000] {logging_mixin.py:120} INFO - [2024-03-08T15:51:51.138+0000] {dagbag.py:537} INFO - Filling up the DagBag from /opt/airflow/dags/consumer.py
[2024-03-08T15:51:51.152+0000] {processor.py:766} INFO - DAG(s) dict_keys(['consumer']) retrieved from /opt/airflow/dags/consumer.py
[2024-03-08T15:51:51.187+0000] {logging_mixin.py:120} INFO - [2024-03-08T15:51:51.187+0000] {dag.py:2585} INFO - Sync 1 DAGs
[2024-03-08T15:51:51.202+0000] {logging_mixin.py:120} INFO - [2024-03-08T15:51:51.202+0000] {dag.py:3340} INFO - Setting next_dagrun for consumer to None, run_after=None
[2024-03-08T15:51:51.223+0000] {processor.py:176} INFO - Processing /opt/airflow/dags/consumer.py took 0.088 seconds
[2024-03-08T15:52:22.036+0000] {processor.py:154} INFO - Started process (PID=373) to work on /opt/airflow/dags/consumer.py
[2024-03-08T15:52:22.036+0000] {processor.py:756} INFO - Processing file /opt/airflow/dags/consumer.py for tasks to queue
[2024-03-08T15:52:22.037+0000] {logging_mixin.py:120} INFO - [2024-03-08T15:52:22.037+0000] {dagbag.py:537} INFO - Filling up the DagBag from /opt/airflow/dags/consumer.py
[2024-03-08T15:52:22.049+0000] {processor.py:766} INFO - DAG(s) dict_keys(['consumer']) retrieved from /opt/airflow/dags/consumer.py
[2024-03-08T15:52:22.073+0000] {logging_mixin.py:120} INFO - [2024-03-08T15:52:22.072+0000] {dag.py:2585} INFO - Sync 1 DAGs
[2024-03-08T15:52:22.085+0000] {logging_mixin.py:120} INFO - [2024-03-08T15:52:22.085+0000] {dag.py:3340} INFO - Setting next_dagrun for consumer to None, run_after=None
[2024-03-08T15:52:22.096+0000] {processor.py:176} INFO - Processing /opt/airflow/dags/consumer.py took 0.062 seconds
[2024-03-08T15:52:53.001+0000] {processor.py:154} INFO - Started process (PID=410) to work on /opt/airflow/dags/consumer.py
[2024-03-08T15:52:53.002+0000] {processor.py:756} INFO - Processing file /opt/airflow/dags/consumer.py for tasks to queue
[2024-03-08T15:52:53.002+0000] {logging_mixin.py:120} INFO - [2024-03-08T15:52:53.002+0000] {dagbag.py:537} INFO - Filling up the DagBag from /opt/airflow/dags/consumer.py
[2024-03-08T15:52:53.014+0000] {processor.py:766} INFO - DAG(s) dict_keys(['consumer']) retrieved from /opt/airflow/dags/consumer.py
[2024-03-08T15:52:53.034+0000] {logging_mixin.py:120} INFO - [2024-03-08T15:52:53.034+0000] {dag.py:2585} INFO - Sync 1 DAGs
[2024-03-08T15:52:53.047+0000] {logging_mixin.py:120} INFO - [2024-03-08T15:52:53.047+0000] {dag.py:3340} INFO - Setting next_dagrun for consumer to None, run_after=None
[2024-03-08T15:52:53.058+0000] {processor.py:176} INFO - Processing /opt/airflow/dags/consumer.py took 0.059 seconds
[2024-03-08T15:53:23.867+0000] {processor.py:154} INFO - Started process (PID=448) to work on /opt/airflow/dags/consumer.py
[2024-03-08T15:53:23.867+0000] {processor.py:756} INFO - Processing file /opt/airflow/dags/consumer.py for tasks to queue
[2024-03-08T15:53:23.868+0000] {logging_mixin.py:120} INFO - [2024-03-08T15:53:23.868+0000] {dagbag.py:537} INFO - Filling up the DagBag from /opt/airflow/dags/consumer.py
[2024-03-08T15:53:23.880+0000] {processor.py:766} INFO - DAG(s) dict_keys(['consumer']) retrieved from /opt/airflow/dags/consumer.py
[2024-03-08T15:53:23.901+0000] {logging_mixin.py:120} INFO - [2024-03-08T15:53:23.901+0000] {dag.py:2585} INFO - Sync 1 DAGs
[2024-03-08T15:53:23.914+0000] {logging_mixin.py:120} INFO - [2024-03-08T15:53:23.914+0000] {dag.py:3340} INFO - Setting next_dagrun for consumer to None, run_after=None
[2024-03-08T15:53:23.927+0000] {processor.py:176} INFO - Processing /opt/airflow/dags/consumer.py took 0.062 seconds
[2024-03-08T15:53:54.962+0000] {processor.py:154} INFO - Started process (PID=485) to work on /opt/airflow/dags/consumer.py
[2024-03-08T15:53:54.962+0000] {processor.py:756} INFO - Processing file /opt/airflow/dags/consumer.py for tasks to queue
[2024-03-08T15:53:54.963+0000] {logging_mixin.py:120} INFO - [2024-03-08T15:53:54.963+0000] {dagbag.py:537} INFO - Filling up the DagBag from /opt/airflow/dags/consumer.py
[2024-03-08T15:53:54.975+0000] {processor.py:766} INFO - DAG(s) dict_keys(['consumer']) retrieved from /opt/airflow/dags/consumer.py
[2024-03-08T15:53:54.995+0000] {logging_mixin.py:120} INFO - [2024-03-08T15:53:54.995+0000] {dag.py:2585} INFO - Sync 1 DAGs
[2024-03-08T15:53:55.016+0000] {logging_mixin.py:120} INFO - [2024-03-08T15:53:55.016+0000] {dag.py:3340} INFO - Setting next_dagrun for consumer to None, run_after=None
[2024-03-08T15:53:55.030+0000] {processor.py:176} INFO - Processing /opt/airflow/dags/consumer.py took 0.071 seconds
[2024-03-08T15:54:26.110+0000] {processor.py:154} INFO - Started process (PID=521) to work on /opt/airflow/dags/consumer.py
[2024-03-08T15:54:26.111+0000] {processor.py:756} INFO - Processing file /opt/airflow/dags/consumer.py for tasks to queue
[2024-03-08T15:54:26.111+0000] {logging_mixin.py:120} INFO - [2024-03-08T15:54:26.111+0000] {dagbag.py:537} INFO - Filling up the DagBag from /opt/airflow/dags/consumer.py
[2024-03-08T15:54:26.124+0000] {processor.py:766} INFO - DAG(s) dict_keys(['consumer']) retrieved from /opt/airflow/dags/consumer.py
[2024-03-08T15:54:26.150+0000] {logging_mixin.py:120} INFO - [2024-03-08T15:54:26.150+0000] {dag.py:2585} INFO - Sync 1 DAGs
[2024-03-08T15:54:26.167+0000] {logging_mixin.py:120} INFO - [2024-03-08T15:54:26.167+0000] {dag.py:3340} INFO - Setting next_dagrun for consumer to None, run_after=None
[2024-03-08T15:54:26.178+0000] {processor.py:176} INFO - Processing /opt/airflow/dags/consumer.py took 0.070 seconds
[2024-03-08T15:54:57.125+0000] {processor.py:154} INFO - Started process (PID=558) to work on /opt/airflow/dags/consumer.py
[2024-03-08T15:54:57.126+0000] {processor.py:756} INFO - Processing file /opt/airflow/dags/consumer.py for tasks to queue
[2024-03-08T15:54:57.126+0000] {logging_mixin.py:120} INFO - [2024-03-08T15:54:57.126+0000] {dagbag.py:537} INFO - Filling up the DagBag from /opt/airflow/dags/consumer.py
[2024-03-08T15:54:57.139+0000] {processor.py:766} INFO - DAG(s) dict_keys(['consumer']) retrieved from /opt/airflow/dags/consumer.py
[2024-03-08T15:54:57.162+0000] {logging_mixin.py:120} INFO - [2024-03-08T15:54:57.162+0000] {dag.py:2585} INFO - Sync 1 DAGs
[2024-03-08T15:54:57.175+0000] {logging_mixin.py:120} INFO - [2024-03-08T15:54:57.175+0000] {dag.py:3340} INFO - Setting next_dagrun for consumer to None, run_after=None
[2024-03-08T15:54:57.193+0000] {processor.py:176} INFO - Processing /opt/airflow/dags/consumer.py took 0.070 seconds
[2024-03-08T15:55:28.049+0000] {processor.py:154} INFO - Started process (PID=586) to work on /opt/airflow/dags/consumer.py
[2024-03-08T15:55:28.049+0000] {processor.py:756} INFO - Processing file /opt/airflow/dags/consumer.py for tasks to queue
[2024-03-08T15:55:28.050+0000] {logging_mixin.py:120} INFO - [2024-03-08T15:55:28.050+0000] {dagbag.py:537} INFO - Filling up the DagBag from /opt/airflow/dags/consumer.py
[2024-03-08T15:55:28.068+0000] {processor.py:766} INFO - DAG(s) dict_keys(['consumer']) retrieved from /opt/airflow/dags/consumer.py
[2024-03-08T15:55:28.091+0000] {logging_mixin.py:120} INFO - [2024-03-08T15:55:28.090+0000] {dag.py:2585} INFO - Sync 1 DAGs
[2024-03-08T15:55:28.104+0000] {logging_mixin.py:120} INFO - [2024-03-08T15:55:28.104+0000] {dag.py:3340} INFO - Setting next_dagrun for consumer to None, run_after=None
[2024-03-08T15:55:28.114+0000] {processor.py:176} INFO - Processing /opt/airflow/dags/consumer.py took 0.067 seconds
[2024-03-08T15:55:59.006+0000] {processor.py:154} INFO - Started process (PID=623) to work on /opt/airflow/dags/consumer.py
[2024-03-08T15:55:59.008+0000] {processor.py:756} INFO - Processing file /opt/airflow/dags/consumer.py for tasks to queue
[2024-03-08T15:55:59.009+0000] {logging_mixin.py:120} INFO - [2024-03-08T15:55:59.008+0000] {dagbag.py:537} INFO - Filling up the DagBag from /opt/airflow/dags/consumer.py
[2024-03-08T15:55:59.020+0000] {processor.py:766} INFO - DAG(s) dict_keys(['consumer']) retrieved from /opt/airflow/dags/consumer.py
[2024-03-08T15:55:59.040+0000] {logging_mixin.py:120} INFO - [2024-03-08T15:55:59.040+0000] {dag.py:2585} INFO - Sync 1 DAGs
[2024-03-08T15:55:59.053+0000] {logging_mixin.py:120} INFO - [2024-03-08T15:55:59.053+0000] {dag.py:3340} INFO - Setting next_dagrun for consumer to None, run_after=None
[2024-03-08T15:55:59.064+0000] {processor.py:176} INFO - Processing /opt/airflow/dags/consumer.py took 0.060 seconds
[2024-03-08T15:56:30.016+0000] {processor.py:154} INFO - Started process (PID=660) to work on /opt/airflow/dags/consumer.py
[2024-03-08T15:56:30.017+0000] {processor.py:756} INFO - Processing file /opt/airflow/dags/consumer.py for tasks to queue
[2024-03-08T15:56:30.017+0000] {logging_mixin.py:120} INFO - [2024-03-08T15:56:30.017+0000] {dagbag.py:537} INFO - Filling up the DagBag from /opt/airflow/dags/consumer.py
[2024-03-08T15:56:30.029+0000] {processor.py:766} INFO - DAG(s) dict_keys(['consumer']) retrieved from /opt/airflow/dags/consumer.py
[2024-03-08T15:56:30.051+0000] {logging_mixin.py:120} INFO - [2024-03-08T15:56:30.051+0000] {dag.py:2585} INFO - Sync 1 DAGs
[2024-03-08T15:56:30.065+0000] {logging_mixin.py:120} INFO - [2024-03-08T15:56:30.065+0000] {dag.py:3340} INFO - Setting next_dagrun for consumer to None, run_after=None
[2024-03-08T15:56:30.077+0000] {processor.py:176} INFO - Processing /opt/airflow/dags/consumer.py took 0.063 seconds
[2024-03-08T15:57:00.882+0000] {processor.py:154} INFO - Started process (PID=697) to work on /opt/airflow/dags/consumer.py
[2024-03-08T15:57:00.883+0000] {processor.py:756} INFO - Processing file /opt/airflow/dags/consumer.py for tasks to queue
[2024-03-08T15:57:00.883+0000] {logging_mixin.py:120} INFO - [2024-03-08T15:57:00.883+0000] {dagbag.py:537} INFO - Filling up the DagBag from /opt/airflow/dags/consumer.py
[2024-03-08T15:57:00.895+0000] {processor.py:766} INFO - DAG(s) dict_keys(['consumer']) retrieved from /opt/airflow/dags/consumer.py
[2024-03-08T15:57:00.915+0000] {logging_mixin.py:120} INFO - [2024-03-08T15:57:00.915+0000] {dag.py:2585} INFO - Sync 1 DAGs
[2024-03-08T15:57:00.928+0000] {logging_mixin.py:120} INFO - [2024-03-08T15:57:00.928+0000] {dag.py:3340} INFO - Setting next_dagrun for consumer to None, run_after=None
[2024-03-08T15:57:00.939+0000] {processor.py:176} INFO - Processing /opt/airflow/dags/consumer.py took 0.059 seconds
[2024-03-08T15:57:31.860+0000] {processor.py:154} INFO - Started process (PID=734) to work on /opt/airflow/dags/consumer.py
[2024-03-08T15:57:31.860+0000] {processor.py:756} INFO - Processing file /opt/airflow/dags/consumer.py for tasks to queue
[2024-03-08T15:57:31.861+0000] {logging_mixin.py:120} INFO - [2024-03-08T15:57:31.861+0000] {dagbag.py:537} INFO - Filling up the DagBag from /opt/airflow/dags/consumer.py
[2024-03-08T15:57:31.872+0000] {processor.py:766} INFO - DAG(s) dict_keys(['consumer']) retrieved from /opt/airflow/dags/consumer.py
[2024-03-08T15:57:31.892+0000] {logging_mixin.py:120} INFO - [2024-03-08T15:57:31.892+0000] {dag.py:2585} INFO - Sync 1 DAGs
[2024-03-08T15:57:31.905+0000] {logging_mixin.py:120} INFO - [2024-03-08T15:57:31.904+0000] {dag.py:3340} INFO - Setting next_dagrun for consumer to None, run_after=None
[2024-03-08T15:57:31.915+0000] {processor.py:176} INFO - Processing /opt/airflow/dags/consumer.py took 0.057 seconds
[2024-03-08T15:58:02.736+0000] {processor.py:154} INFO - Started process (PID=771) to work on /opt/airflow/dags/consumer.py
[2024-03-08T15:58:02.737+0000] {processor.py:756} INFO - Processing file /opt/airflow/dags/consumer.py for tasks to queue
[2024-03-08T15:58:02.737+0000] {logging_mixin.py:120} INFO - [2024-03-08T15:58:02.737+0000] {dagbag.py:537} INFO - Filling up the DagBag from /opt/airflow/dags/consumer.py
[2024-03-08T15:58:02.749+0000] {processor.py:766} INFO - DAG(s) dict_keys(['consumer']) retrieved from /opt/airflow/dags/consumer.py
[2024-03-08T15:58:02.789+0000] {logging_mixin.py:120} INFO - [2024-03-08T15:58:02.789+0000] {dag.py:2585} INFO - Sync 1 DAGs
[2024-03-08T15:58:02.899+0000] {logging_mixin.py:120} INFO - [2024-03-08T15:58:02.899+0000] {dag.py:3340} INFO - Setting next_dagrun for consumer to None, run_after=None
[2024-03-08T15:58:02.914+0000] {processor.py:176} INFO - Processing /opt/airflow/dags/consumer.py took 0.180 seconds
[2024-03-08T15:58:34.100+0000] {processor.py:154} INFO - Started process (PID=808) to work on /opt/airflow/dags/consumer.py
[2024-03-08T15:58:34.102+0000] {processor.py:756} INFO - Processing file /opt/airflow/dags/consumer.py for tasks to queue
[2024-03-08T15:58:34.102+0000] {logging_mixin.py:120} INFO - [2024-03-08T15:58:34.102+0000] {dagbag.py:537} INFO - Filling up the DagBag from /opt/airflow/dags/consumer.py
[2024-03-08T15:58:34.121+0000] {processor.py:766} INFO - DAG(s) dict_keys(['consumer']) retrieved from /opt/airflow/dags/consumer.py
[2024-03-08T15:58:34.173+0000] {logging_mixin.py:120} INFO - [2024-03-08T15:58:34.173+0000] {dag.py:2585} INFO - Sync 1 DAGs
[2024-03-08T15:58:34.199+0000] {logging_mixin.py:120} INFO - [2024-03-08T15:58:34.198+0000] {dag.py:3340} INFO - Setting next_dagrun for consumer to None, run_after=None
[2024-03-08T15:58:34.221+0000] {processor.py:176} INFO - Processing /opt/airflow/dags/consumer.py took 0.124 seconds
[2024-03-08T15:59:04.535+0000] {processor.py:154} INFO - Started process (PID=836) to work on /opt/airflow/dags/consumer.py
[2024-03-08T15:59:04.536+0000] {processor.py:756} INFO - Processing file /opt/airflow/dags/consumer.py for tasks to queue
[2024-03-08T15:59:04.537+0000] {logging_mixin.py:120} INFO - [2024-03-08T15:59:04.537+0000] {dagbag.py:537} INFO - Filling up the DagBag from /opt/airflow/dags/consumer.py
[2024-03-08T15:59:04.553+0000] {processor.py:766} INFO - DAG(s) dict_keys(['consumer']) retrieved from /opt/airflow/dags/consumer.py
[2024-03-08T15:59:04.581+0000] {logging_mixin.py:120} INFO - [2024-03-08T15:59:04.581+0000] {dag.py:2585} INFO - Sync 1 DAGs
[2024-03-08T15:59:04.600+0000] {logging_mixin.py:120} INFO - [2024-03-08T15:59:04.600+0000] {dag.py:3340} INFO - Setting next_dagrun for consumer to None, run_after=None
[2024-03-08T15:59:04.623+0000] {processor.py:176} INFO - Processing /opt/airflow/dags/consumer.py took 0.090 seconds
[2024-03-08T15:59:35.556+0000] {processor.py:154} INFO - Started process (PID=873) to work on /opt/airflow/dags/consumer.py
[2024-03-08T15:59:35.557+0000] {processor.py:756} INFO - Processing file /opt/airflow/dags/consumer.py for tasks to queue
[2024-03-08T15:59:35.557+0000] {logging_mixin.py:120} INFO - [2024-03-08T15:59:35.557+0000] {dagbag.py:537} INFO - Filling up the DagBag from /opt/airflow/dags/consumer.py
[2024-03-08T15:59:35.571+0000] {processor.py:766} INFO - DAG(s) dict_keys(['consumer']) retrieved from /opt/airflow/dags/consumer.py
[2024-03-08T15:59:35.591+0000] {logging_mixin.py:120} INFO - [2024-03-08T15:59:35.591+0000] {dag.py:2585} INFO - Sync 1 DAGs
[2024-03-08T15:59:35.605+0000] {logging_mixin.py:120} INFO - [2024-03-08T15:59:35.605+0000] {dag.py:3340} INFO - Setting next_dagrun for consumer to None, run_after=None
[2024-03-08T15:59:35.616+0000] {processor.py:176} INFO - Processing /opt/airflow/dags/consumer.py took 0.062 seconds
[2024-03-08T16:00:06.769+0000] {processor.py:154} INFO - Started process (PID=909) to work on /opt/airflow/dags/consumer.py
[2024-03-08T16:00:06.771+0000] {processor.py:756} INFO - Processing file /opt/airflow/dags/consumer.py for tasks to queue
[2024-03-08T16:00:06.774+0000] {logging_mixin.py:120} INFO - [2024-03-08T16:00:06.774+0000] {dagbag.py:537} INFO - Filling up the DagBag from /opt/airflow/dags/consumer.py
[2024-03-08T16:00:06.813+0000] {processor.py:766} INFO - DAG(s) dict_keys(['consumer']) retrieved from /opt/airflow/dags/consumer.py
[2024-03-08T16:00:06.856+0000] {logging_mixin.py:120} INFO - [2024-03-08T16:00:06.856+0000] {dag.py:2585} INFO - Sync 1 DAGs
[2024-03-08T16:00:06.873+0000] {logging_mixin.py:120} INFO - [2024-03-08T16:00:06.873+0000] {dag.py:3340} INFO - Setting next_dagrun for consumer to None, run_after=None
[2024-03-08T16:00:06.889+0000] {processor.py:176} INFO - Processing /opt/airflow/dags/consumer.py took 0.125 seconds
[2024-03-08T16:00:37.905+0000] {processor.py:154} INFO - Started process (PID=946) to work on /opt/airflow/dags/consumer.py
[2024-03-08T16:00:37.906+0000] {processor.py:756} INFO - Processing file /opt/airflow/dags/consumer.py for tasks to queue
[2024-03-08T16:00:37.907+0000] {logging_mixin.py:120} INFO - [2024-03-08T16:00:37.907+0000] {dagbag.py:537} INFO - Filling up the DagBag from /opt/airflow/dags/consumer.py
[2024-03-08T16:00:37.921+0000] {processor.py:766} INFO - DAG(s) dict_keys(['consumer']) retrieved from /opt/airflow/dags/consumer.py
[2024-03-08T16:00:37.944+0000] {logging_mixin.py:120} INFO - [2024-03-08T16:00:37.944+0000] {dag.py:2585} INFO - Sync 1 DAGs
[2024-03-08T16:00:37.957+0000] {logging_mixin.py:120} INFO - [2024-03-08T16:00:37.957+0000] {dag.py:3340} INFO - Setting next_dagrun for consumer to None, run_after=None
[2024-03-08T16:00:37.968+0000] {processor.py:176} INFO - Processing /opt/airflow/dags/consumer.py took 0.065 seconds
[2024-03-08T16:01:08.816+0000] {processor.py:154} INFO - Started process (PID=983) to work on /opt/airflow/dags/consumer.py
[2024-03-08T16:01:08.816+0000] {processor.py:756} INFO - Processing file /opt/airflow/dags/consumer.py for tasks to queue
[2024-03-08T16:01:08.817+0000] {logging_mixin.py:120} INFO - [2024-03-08T16:01:08.817+0000] {dagbag.py:537} INFO - Filling up the DagBag from /opt/airflow/dags/consumer.py
[2024-03-08T16:01:08.828+0000] {processor.py:766} INFO - DAG(s) dict_keys(['consumer']) retrieved from /opt/airflow/dags/consumer.py
[2024-03-08T16:01:08.852+0000] {logging_mixin.py:120} INFO - [2024-03-08T16:01:08.852+0000] {dag.py:2585} INFO - Sync 1 DAGs
[2024-03-08T16:01:08.865+0000] {logging_mixin.py:120} INFO - [2024-03-08T16:01:08.865+0000] {dag.py:3340} INFO - Setting next_dagrun for consumer to None, run_after=None
[2024-03-08T16:01:08.876+0000] {processor.py:176} INFO - Processing /opt/airflow/dags/consumer.py took 0.062 seconds
[2024-03-08T16:01:39.847+0000] {processor.py:154} INFO - Started process (PID=1011) to work on /opt/airflow/dags/consumer.py
[2024-03-08T16:01:39.848+0000] {processor.py:756} INFO - Processing file /opt/airflow/dags/consumer.py for tasks to queue
[2024-03-08T16:01:39.848+0000] {logging_mixin.py:120} INFO - [2024-03-08T16:01:39.848+0000] {dagbag.py:537} INFO - Filling up the DagBag from /opt/airflow/dags/consumer.py
[2024-03-08T16:01:39.860+0000] {processor.py:766} INFO - DAG(s) dict_keys(['consumer']) retrieved from /opt/airflow/dags/consumer.py
[2024-03-08T16:01:39.880+0000] {logging_mixin.py:120} INFO - [2024-03-08T16:01:39.880+0000] {dag.py:2585} INFO - Sync 1 DAGs
[2024-03-08T16:01:39.893+0000] {logging_mixin.py:120} INFO - [2024-03-08T16:01:39.893+0000] {dag.py:3340} INFO - Setting next_dagrun for consumer to None, run_after=None
[2024-03-08T16:01:39.904+0000] {processor.py:176} INFO - Processing /opt/airflow/dags/consumer.py took 0.058 seconds
[2024-03-08T16:02:10.758+0000] {processor.py:154} INFO - Started process (PID=1047) to work on /opt/airflow/dags/consumer.py
[2024-03-08T16:02:10.759+0000] {processor.py:756} INFO - Processing file /opt/airflow/dags/consumer.py for tasks to queue
[2024-03-08T16:02:10.760+0000] {logging_mixin.py:120} INFO - [2024-03-08T16:02:10.760+0000] {dagbag.py:537} INFO - Filling up the DagBag from /opt/airflow/dags/consumer.py
[2024-03-08T16:02:10.773+0000] {processor.py:766} INFO - DAG(s) dict_keys(['consumer']) retrieved from /opt/airflow/dags/consumer.py
[2024-03-08T16:02:10.795+0000] {logging_mixin.py:120} INFO - [2024-03-08T16:02:10.795+0000] {dag.py:2585} INFO - Sync 1 DAGs
[2024-03-08T16:02:10.808+0000] {logging_mixin.py:120} INFO - [2024-03-08T16:02:10.808+0000] {dag.py:3340} INFO - Setting next_dagrun for consumer to None, run_after=None
[2024-03-08T16:02:10.820+0000] {processor.py:176} INFO - Processing /opt/airflow/dags/consumer.py took 0.065 seconds
[2024-03-08T16:02:41.518+0000] {processor.py:154} INFO - Started process (PID=1084) to work on /opt/airflow/dags/consumer.py
[2024-03-08T16:02:41.520+0000] {processor.py:756} INFO - Processing file /opt/airflow/dags/consumer.py for tasks to queue
[2024-03-08T16:02:41.521+0000] {logging_mixin.py:120} INFO - [2024-03-08T16:02:41.521+0000] {dagbag.py:537} INFO - Filling up the DagBag from /opt/airflow/dags/consumer.py
[2024-03-08T16:02:41.539+0000] {processor.py:766} INFO - DAG(s) dict_keys(['consumer']) retrieved from /opt/airflow/dags/consumer.py
[2024-03-08T16:02:41.561+0000] {logging_mixin.py:120} INFO - [2024-03-08T16:02:41.561+0000] {dag.py:2585} INFO - Sync 1 DAGs
[2024-03-08T16:02:41.575+0000] {logging_mixin.py:120} INFO - [2024-03-08T16:02:41.575+0000] {dag.py:3340} INFO - Setting next_dagrun for consumer to None, run_after=None
[2024-03-08T16:02:41.586+0000] {processor.py:176} INFO - Processing /opt/airflow/dags/consumer.py took 0.071 seconds
[2024-03-08T16:42:12.183+0000] {processor.py:154} INFO - Started process (PID=1112) to work on /opt/airflow/dags/consumer.py
[2024-03-08T16:42:12.201+0000] {processor.py:756} INFO - Processing file /opt/airflow/dags/consumer.py for tasks to queue
[2024-03-08T16:42:12.209+0000] {logging_mixin.py:120} INFO - [2024-03-08T16:42:12.208+0000] {dagbag.py:537} INFO - Filling up the DagBag from /opt/airflow/dags/consumer.py
[2024-03-08T16:42:12.317+0000] {processor.py:766} INFO - DAG(s) dict_keys(['consumer']) retrieved from /opt/airflow/dags/consumer.py
[2024-03-08T16:42:12.447+0000] {logging_mixin.py:120} INFO - [2024-03-08T16:42:12.441+0000] {dag.py:2585} INFO - Sync 1 DAGs
[2024-03-08T16:42:12.489+0000] {logging_mixin.py:120} INFO - [2024-03-08T16:42:12.489+0000] {dag.py:3340} INFO - Setting next_dagrun for consumer to None, run_after=None
[2024-03-08T16:42:12.538+0000] {processor.py:176} INFO - Processing /opt/airflow/dags/consumer.py took 0.389 seconds
[2024-03-08T16:42:43.117+0000] {processor.py:154} INFO - Started process (PID=1140) to work on /opt/airflow/dags/consumer.py
[2024-03-08T16:42:43.118+0000] {processor.py:756} INFO - Processing file /opt/airflow/dags/consumer.py for tasks to queue
[2024-03-08T16:42:43.119+0000] {logging_mixin.py:120} INFO - [2024-03-08T16:42:43.119+0000] {dagbag.py:537} INFO - Filling up the DagBag from /opt/airflow/dags/consumer.py
[2024-03-08T16:42:43.140+0000] {processor.py:766} INFO - DAG(s) dict_keys(['consumer']) retrieved from /opt/airflow/dags/consumer.py
[2024-03-08T16:42:43.175+0000] {logging_mixin.py:120} INFO - [2024-03-08T16:42:43.175+0000] {dag.py:2585} INFO - Sync 1 DAGs
[2024-03-08T16:42:43.189+0000] {logging_mixin.py:120} INFO - [2024-03-08T16:42:43.188+0000] {dag.py:3340} INFO - Setting next_dagrun for consumer to None, run_after=None
[2024-03-08T16:42:43.202+0000] {processor.py:176} INFO - Processing /opt/airflow/dags/consumer.py took 0.089 seconds
[2024-03-08T16:43:13.295+0000] {processor.py:154} INFO - Started process (PID=1176) to work on /opt/airflow/dags/consumer.py
[2024-03-08T16:43:13.296+0000] {processor.py:756} INFO - Processing file /opt/airflow/dags/consumer.py for tasks to queue
[2024-03-08T16:43:13.297+0000] {logging_mixin.py:120} INFO - [2024-03-08T16:43:13.297+0000] {dagbag.py:537} INFO - Filling up the DagBag from /opt/airflow/dags/consumer.py
[2024-03-08T16:43:13.314+0000] {processor.py:766} INFO - DAG(s) dict_keys(['consumer']) retrieved from /opt/airflow/dags/consumer.py
[2024-03-08T16:43:13.347+0000] {logging_mixin.py:120} INFO - [2024-03-08T16:43:13.347+0000] {dag.py:2585} INFO - Sync 1 DAGs
[2024-03-08T16:43:13.359+0000] {logging_mixin.py:120} INFO - [2024-03-08T16:43:13.359+0000] {dag.py:3340} INFO - Setting next_dagrun for consumer to None, run_after=None
[2024-03-08T16:43:13.372+0000] {processor.py:176} INFO - Processing /opt/airflow/dags/consumer.py took 0.079 seconds
[2024-03-08T16:43:44.076+0000] {processor.py:154} INFO - Started process (PID=1213) to work on /opt/airflow/dags/consumer.py
[2024-03-08T16:43:44.077+0000] {processor.py:756} INFO - Processing file /opt/airflow/dags/consumer.py for tasks to queue
[2024-03-08T16:43:44.077+0000] {logging_mixin.py:120} INFO - [2024-03-08T16:43:44.077+0000] {dagbag.py:537} INFO - Filling up the DagBag from /opt/airflow/dags/consumer.py
[2024-03-08T16:43:44.088+0000] {processor.py:766} INFO - DAG(s) dict_keys(['consumer']) retrieved from /opt/airflow/dags/consumer.py
[2024-03-08T16:43:44.108+0000] {logging_mixin.py:120} INFO - [2024-03-08T16:43:44.108+0000] {dag.py:2585} INFO - Sync 1 DAGs
[2024-03-08T16:43:44.120+0000] {logging_mixin.py:120} INFO - [2024-03-08T16:43:44.120+0000] {dag.py:3340} INFO - Setting next_dagrun for consumer to None, run_after=None
[2024-03-08T16:43:44.132+0000] {processor.py:176} INFO - Processing /opt/airflow/dags/consumer.py took 0.058 seconds
[2024-03-08T16:44:14.970+0000] {processor.py:154} INFO - Started process (PID=1250) to work on /opt/airflow/dags/consumer.py
[2024-03-08T16:44:14.971+0000] {processor.py:756} INFO - Processing file /opt/airflow/dags/consumer.py for tasks to queue
[2024-03-08T16:44:14.971+0000] {logging_mixin.py:120} INFO - [2024-03-08T16:44:14.971+0000] {dagbag.py:537} INFO - Filling up the DagBag from /opt/airflow/dags/consumer.py
[2024-03-08T16:44:14.982+0000] {processor.py:766} INFO - DAG(s) dict_keys(['consumer']) retrieved from /opt/airflow/dags/consumer.py
[2024-03-08T16:44:15.003+0000] {logging_mixin.py:120} INFO - [2024-03-08T16:44:15.003+0000] {dag.py:2585} INFO - Sync 1 DAGs
[2024-03-08T16:44:15.016+0000] {logging_mixin.py:120} INFO - [2024-03-08T16:44:15.016+0000] {dag.py:3340} INFO - Setting next_dagrun for consumer to None, run_after=None
[2024-03-08T16:44:15.029+0000] {processor.py:176} INFO - Processing /opt/airflow/dags/consumer.py took 0.061 seconds
[2024-03-08T16:44:45.796+0000] {processor.py:154} INFO - Started process (PID=1287) to work on /opt/airflow/dags/consumer.py
[2024-03-08T16:44:45.798+0000] {processor.py:756} INFO - Processing file /opt/airflow/dags/consumer.py for tasks to queue
[2024-03-08T16:44:45.799+0000] {logging_mixin.py:120} INFO - [2024-03-08T16:44:45.799+0000] {dagbag.py:537} INFO - Filling up the DagBag from /opt/airflow/dags/consumer.py
[2024-03-08T16:44:45.810+0000] {processor.py:766} INFO - DAG(s) dict_keys(['consumer']) retrieved from /opt/airflow/dags/consumer.py
[2024-03-08T16:44:45.833+0000] {logging_mixin.py:120} INFO - [2024-03-08T16:44:45.833+0000] {dag.py:2585} INFO - Sync 1 DAGs
[2024-03-08T16:44:45.846+0000] {logging_mixin.py:120} INFO - [2024-03-08T16:44:45.846+0000] {dag.py:3340} INFO - Setting next_dagrun for consumer to None, run_after=None
[2024-03-08T16:44:45.857+0000] {processor.py:176} INFO - Processing /opt/airflow/dags/consumer.py took 0.063 seconds
[2024-03-08T16:45:16.734+0000] {processor.py:154} INFO - Started process (PID=1324) to work on /opt/airflow/dags/consumer.py
[2024-03-08T16:45:16.735+0000] {processor.py:756} INFO - Processing file /opt/airflow/dags/consumer.py for tasks to queue
[2024-03-08T16:45:16.736+0000] {logging_mixin.py:120} INFO - [2024-03-08T16:45:16.736+0000] {dagbag.py:537} INFO - Filling up the DagBag from /opt/airflow/dags/consumer.py
[2024-03-08T16:45:16.752+0000] {processor.py:766} INFO - DAG(s) dict_keys(['consumer']) retrieved from /opt/airflow/dags/consumer.py
[2024-03-08T16:45:16.774+0000] {logging_mixin.py:120} INFO - [2024-03-08T16:45:16.774+0000] {dag.py:2585} INFO - Sync 1 DAGs
[2024-03-08T16:45:16.788+0000] {logging_mixin.py:120} INFO - [2024-03-08T16:45:16.788+0000] {dag.py:3340} INFO - Setting next_dagrun for consumer to None, run_after=None
[2024-03-08T16:45:16.805+0000] {processor.py:176} INFO - Processing /opt/airflow/dags/consumer.py took 0.074 seconds
[2024-03-08T16:45:47.720+0000] {processor.py:154} INFO - Started process (PID=1352) to work on /opt/airflow/dags/consumer.py
[2024-03-08T16:45:47.721+0000] {processor.py:756} INFO - Processing file /opt/airflow/dags/consumer.py for tasks to queue
[2024-03-08T16:45:47.722+0000] {logging_mixin.py:120} INFO - [2024-03-08T16:45:47.722+0000] {dagbag.py:537} INFO - Filling up the DagBag from /opt/airflow/dags/consumer.py
[2024-03-08T16:45:47.742+0000] {processor.py:766} INFO - DAG(s) dict_keys(['consumer']) retrieved from /opt/airflow/dags/consumer.py
[2024-03-08T16:45:47.768+0000] {logging_mixin.py:120} INFO - [2024-03-08T16:45:47.768+0000] {dag.py:2585} INFO - Sync 1 DAGs
[2024-03-08T16:45:47.794+0000] {logging_mixin.py:120} INFO - [2024-03-08T16:45:47.794+0000] {dag.py:3340} INFO - Setting next_dagrun for consumer to None, run_after=None
[2024-03-08T16:45:47.816+0000] {processor.py:176} INFO - Processing /opt/airflow/dags/consumer.py took 0.099 seconds
[2024-03-08T16:46:18.599+0000] {processor.py:154} INFO - Started process (PID=1389) to work on /opt/airflow/dags/consumer.py
[2024-03-08T16:46:18.599+0000] {processor.py:756} INFO - Processing file /opt/airflow/dags/consumer.py for tasks to queue
[2024-03-08T16:46:18.600+0000] {logging_mixin.py:120} INFO - [2024-03-08T16:46:18.600+0000] {dagbag.py:537} INFO - Filling up the DagBag from /opt/airflow/dags/consumer.py
[2024-03-08T16:46:18.611+0000] {processor.py:766} INFO - DAG(s) dict_keys(['consumer']) retrieved from /opt/airflow/dags/consumer.py
[2024-03-08T16:46:18.633+0000] {logging_mixin.py:120} INFO - [2024-03-08T16:46:18.632+0000] {dag.py:2585} INFO - Sync 1 DAGs
[2024-03-08T16:46:18.646+0000] {logging_mixin.py:120} INFO - [2024-03-08T16:46:18.646+0000] {dag.py:3340} INFO - Setting next_dagrun for consumer to None, run_after=None
[2024-03-08T16:46:18.659+0000] {processor.py:176} INFO - Processing /opt/airflow/dags/consumer.py took 0.063 seconds
[2024-03-08T16:46:49.495+0000] {processor.py:154} INFO - Started process (PID=1425) to work on /opt/airflow/dags/consumer.py
[2024-03-08T16:46:49.495+0000] {processor.py:756} INFO - Processing file /opt/airflow/dags/consumer.py for tasks to queue
[2024-03-08T16:46:49.496+0000] {logging_mixin.py:120} INFO - [2024-03-08T16:46:49.496+0000] {dagbag.py:537} INFO - Filling up the DagBag from /opt/airflow/dags/consumer.py
[2024-03-08T16:46:49.507+0000] {processor.py:766} INFO - DAG(s) dict_keys(['consumer']) retrieved from /opt/airflow/dags/consumer.py
[2024-03-08T16:46:49.528+0000] {logging_mixin.py:120} INFO - [2024-03-08T16:46:49.528+0000] {dag.py:2585} INFO - Sync 1 DAGs
[2024-03-08T16:46:49.542+0000] {logging_mixin.py:120} INFO - [2024-03-08T16:46:49.542+0000] {dag.py:3340} INFO - Setting next_dagrun for consumer to None, run_after=None
[2024-03-08T16:46:49.553+0000] {processor.py:176} INFO - Processing /opt/airflow/dags/consumer.py took 0.060 seconds
[2024-03-08T16:47:20.378+0000] {processor.py:154} INFO - Started process (PID=1462) to work on /opt/airflow/dags/consumer.py
[2024-03-08T16:47:20.378+0000] {processor.py:756} INFO - Processing file /opt/airflow/dags/consumer.py for tasks to queue
[2024-03-08T16:47:20.379+0000] {logging_mixin.py:120} INFO - [2024-03-08T16:47:20.379+0000] {dagbag.py:537} INFO - Filling up the DagBag from /opt/airflow/dags/consumer.py
[2024-03-08T16:47:20.390+0000] {processor.py:766} INFO - DAG(s) dict_keys(['consumer']) retrieved from /opt/airflow/dags/consumer.py
[2024-03-08T16:47:20.410+0000] {logging_mixin.py:120} INFO - [2024-03-08T16:47:20.410+0000] {dag.py:2585} INFO - Sync 1 DAGs
[2024-03-08T16:47:20.423+0000] {logging_mixin.py:120} INFO - [2024-03-08T16:47:20.423+0000] {dag.py:3340} INFO - Setting next_dagrun for consumer to None, run_after=None
[2024-03-08T16:47:20.435+0000] {processor.py:176} INFO - Processing /opt/airflow/dags/consumer.py took 0.059 seconds
[2024-03-08T16:47:51.250+0000] {processor.py:154} INFO - Started process (PID=1499) to work on /opt/airflow/dags/consumer.py
[2024-03-08T16:47:51.251+0000] {processor.py:756} INFO - Processing file /opt/airflow/dags/consumer.py for tasks to queue
[2024-03-08T16:47:51.251+0000] {logging_mixin.py:120} INFO - [2024-03-08T16:47:51.251+0000] {dagbag.py:537} INFO - Filling up the DagBag from /opt/airflow/dags/consumer.py
[2024-03-08T16:47:51.264+0000] {processor.py:766} INFO - DAG(s) dict_keys(['consumer']) retrieved from /opt/airflow/dags/consumer.py
[2024-03-08T16:47:51.287+0000] {logging_mixin.py:120} INFO - [2024-03-08T16:47:51.287+0000] {dag.py:2585} INFO - Sync 1 DAGs
[2024-03-08T16:47:51.304+0000] {logging_mixin.py:120} INFO - [2024-03-08T16:47:51.304+0000] {dag.py:3340} INFO - Setting next_dagrun for consumer to None, run_after=None
[2024-03-08T16:47:51.317+0000] {processor.py:176} INFO - Processing /opt/airflow/dags/consumer.py took 0.069 seconds
[2024-03-08T16:48:22.095+0000] {processor.py:154} INFO - Started process (PID=1536) to work on /opt/airflow/dags/consumer.py
[2024-03-08T16:48:22.095+0000] {processor.py:756} INFO - Processing file /opt/airflow/dags/consumer.py for tasks to queue
[2024-03-08T16:48:22.096+0000] {logging_mixin.py:120} INFO - [2024-03-08T16:48:22.096+0000] {dagbag.py:537} INFO - Filling up the DagBag from /opt/airflow/dags/consumer.py
[2024-03-08T16:48:22.107+0000] {processor.py:766} INFO - DAG(s) dict_keys(['consumer']) retrieved from /opt/airflow/dags/consumer.py
[2024-03-08T16:48:22.127+0000] {logging_mixin.py:120} INFO - [2024-03-08T16:48:22.127+0000] {dag.py:2585} INFO - Sync 1 DAGs
[2024-03-08T16:48:22.141+0000] {logging_mixin.py:120} INFO - [2024-03-08T16:48:22.141+0000] {dag.py:3340} INFO - Setting next_dagrun for consumer to None, run_after=None
[2024-03-08T16:48:22.151+0000] {processor.py:176} INFO - Processing /opt/airflow/dags/consumer.py took 0.059 seconds
[2024-03-08T16:48:53.115+0000] {processor.py:154} INFO - Started process (PID=1573) to work on /opt/airflow/dags/consumer.py
[2024-03-08T16:48:53.116+0000] {processor.py:756} INFO - Processing file /opt/airflow/dags/consumer.py for tasks to queue
[2024-03-08T16:48:53.117+0000] {logging_mixin.py:120} INFO - [2024-03-08T16:48:53.117+0000] {dagbag.py:537} INFO - Filling up the DagBag from /opt/airflow/dags/consumer.py
[2024-03-08T16:48:53.130+0000] {processor.py:766} INFO - DAG(s) dict_keys(['consumer']) retrieved from /opt/airflow/dags/consumer.py
[2024-03-08T16:48:53.155+0000] {logging_mixin.py:120} INFO - [2024-03-08T16:48:53.155+0000] {dag.py:2585} INFO - Sync 1 DAGs
[2024-03-08T16:48:53.169+0000] {logging_mixin.py:120} INFO - [2024-03-08T16:48:53.168+0000] {dag.py:3340} INFO - Setting next_dagrun for consumer to None, run_after=None
[2024-03-08T16:48:53.180+0000] {processor.py:176} INFO - Processing /opt/airflow/dags/consumer.py took 0.069 seconds
[2024-03-08T16:49:24.312+0000] {processor.py:154} INFO - Started process (PID=1609) to work on /opt/airflow/dags/consumer.py
[2024-03-08T16:49:24.313+0000] {processor.py:756} INFO - Processing file /opt/airflow/dags/consumer.py for tasks to queue
[2024-03-08T16:49:24.314+0000] {logging_mixin.py:120} INFO - [2024-03-08T16:49:24.314+0000] {dagbag.py:537} INFO - Filling up the DagBag from /opt/airflow/dags/consumer.py
[2024-03-08T16:49:24.331+0000] {processor.py:766} INFO - DAG(s) dict_keys(['consumer']) retrieved from /opt/airflow/dags/consumer.py
[2024-03-08T16:49:24.370+0000] {logging_mixin.py:120} INFO - [2024-03-08T16:49:24.370+0000] {dag.py:2585} INFO - Sync 1 DAGs
[2024-03-08T16:49:24.389+0000] {logging_mixin.py:120} INFO - [2024-03-08T16:49:24.389+0000] {dag.py:3340} INFO - Setting next_dagrun for consumer to None, run_after=None
[2024-03-08T16:49:24.421+0000] {processor.py:176} INFO - Processing /opt/airflow/dags/consumer.py took 0.111 seconds
[2024-03-08T16:49:55.375+0000] {processor.py:154} INFO - Started process (PID=1637) to work on /opt/airflow/dags/consumer.py
[2024-03-08T16:49:55.377+0000] {processor.py:756} INFO - Processing file /opt/airflow/dags/consumer.py for tasks to queue
[2024-03-08T16:49:55.378+0000] {logging_mixin.py:120} INFO - [2024-03-08T16:49:55.378+0000] {dagbag.py:537} INFO - Filling up the DagBag from /opt/airflow/dags/consumer.py
[2024-03-08T16:49:55.395+0000] {processor.py:766} INFO - DAG(s) dict_keys(['consumer']) retrieved from /opt/airflow/dags/consumer.py
[2024-03-08T16:49:55.416+0000] {logging_mixin.py:120} INFO - [2024-03-08T16:49:55.416+0000] {dag.py:2585} INFO - Sync 1 DAGs
[2024-03-08T16:49:55.431+0000] {logging_mixin.py:120} INFO - [2024-03-08T16:49:55.430+0000] {dag.py:3340} INFO - Setting next_dagrun for consumer to None, run_after=None
[2024-03-08T16:49:55.442+0000] {processor.py:176} INFO - Processing /opt/airflow/dags/consumer.py took 0.068 seconds
[2024-03-08T16:50:26.386+0000] {processor.py:154} INFO - Started process (PID=1674) to work on /opt/airflow/dags/consumer.py
[2024-03-08T16:50:26.387+0000] {processor.py:756} INFO - Processing file /opt/airflow/dags/consumer.py for tasks to queue
[2024-03-08T16:50:26.387+0000] {logging_mixin.py:120} INFO - [2024-03-08T16:50:26.387+0000] {dagbag.py:537} INFO - Filling up the DagBag from /opt/airflow/dags/consumer.py
[2024-03-08T16:50:26.398+0000] {processor.py:766} INFO - DAG(s) dict_keys(['consumer']) retrieved from /opt/airflow/dags/consumer.py
[2024-03-08T16:50:26.420+0000] {logging_mixin.py:120} INFO - [2024-03-08T16:50:26.420+0000] {dag.py:2585} INFO - Sync 1 DAGs
[2024-03-08T16:50:26.434+0000] {logging_mixin.py:120} INFO - [2024-03-08T16:50:26.434+0000] {dag.py:3340} INFO - Setting next_dagrun for consumer to None, run_after=None
[2024-03-08T16:50:26.445+0000] {processor.py:176} INFO - Processing /opt/airflow/dags/consumer.py took 0.061 seconds
[2024-03-08T16:50:57.203+0000] {processor.py:154} INFO - Started process (PID=1710) to work on /opt/airflow/dags/consumer.py
[2024-03-08T16:50:57.204+0000] {processor.py:756} INFO - Processing file /opt/airflow/dags/consumer.py for tasks to queue
[2024-03-08T16:50:57.204+0000] {logging_mixin.py:120} INFO - [2024-03-08T16:50:57.204+0000] {dagbag.py:537} INFO - Filling up the DagBag from /opt/airflow/dags/consumer.py
[2024-03-08T16:50:57.216+0000] {processor.py:766} INFO - DAG(s) dict_keys(['consumer']) retrieved from /opt/airflow/dags/consumer.py
[2024-03-08T16:50:57.236+0000] {logging_mixin.py:120} INFO - [2024-03-08T16:50:57.236+0000] {dag.py:2585} INFO - Sync 1 DAGs
[2024-03-08T16:50:57.250+0000] {logging_mixin.py:120} INFO - [2024-03-08T16:50:57.250+0000] {dag.py:3340} INFO - Setting next_dagrun for consumer to None, run_after=None
[2024-03-08T16:50:57.261+0000] {processor.py:176} INFO - Processing /opt/airflow/dags/consumer.py took 0.060 seconds
[2024-03-08T16:51:28.302+0000] {processor.py:154} INFO - Started process (PID=1747) to work on /opt/airflow/dags/consumer.py
[2024-03-08T16:51:28.303+0000] {processor.py:756} INFO - Processing file /opt/airflow/dags/consumer.py for tasks to queue
[2024-03-08T16:51:28.303+0000] {logging_mixin.py:120} INFO - [2024-03-08T16:51:28.303+0000] {dagbag.py:537} INFO - Filling up the DagBag from /opt/airflow/dags/consumer.py
[2024-03-08T16:51:28.315+0000] {processor.py:766} INFO - DAG(s) dict_keys(['consumer']) retrieved from /opt/airflow/dags/consumer.py
[2024-03-08T16:51:28.338+0000] {logging_mixin.py:120} INFO - [2024-03-08T16:51:28.338+0000] {dag.py:2585} INFO - Sync 1 DAGs
[2024-03-08T16:51:28.351+0000] {logging_mixin.py:120} INFO - [2024-03-08T16:51:28.351+0000] {dag.py:3340} INFO - Setting next_dagrun for consumer to None, run_after=None
[2024-03-08T16:51:28.362+0000] {processor.py:176} INFO - Processing /opt/airflow/dags/consumer.py took 0.062 seconds
[2024-03-08T16:51:59.229+0000] {processor.py:154} INFO - Started process (PID=1784) to work on /opt/airflow/dags/consumer.py
[2024-03-08T16:51:59.230+0000] {processor.py:756} INFO - Processing file /opt/airflow/dags/consumer.py for tasks to queue
[2024-03-08T16:51:59.230+0000] {logging_mixin.py:120} INFO - [2024-03-08T16:51:59.230+0000] {dagbag.py:537} INFO - Filling up the DagBag from /opt/airflow/dags/consumer.py
[2024-03-08T16:51:59.242+0000] {processor.py:766} INFO - DAG(s) dict_keys(['consumer']) retrieved from /opt/airflow/dags/consumer.py
[2024-03-08T16:51:59.265+0000] {logging_mixin.py:120} INFO - [2024-03-08T16:51:59.265+0000] {dag.py:2585} INFO - Sync 1 DAGs
[2024-03-08T16:51:59.277+0000] {logging_mixin.py:120} INFO - [2024-03-08T16:51:59.277+0000] {dag.py:3340} INFO - Setting next_dagrun for consumer to None, run_after=None
[2024-03-08T16:51:59.289+0000] {processor.py:176} INFO - Processing /opt/airflow/dags/consumer.py took 0.061 seconds
[2024-03-08T16:52:30.058+0000] {processor.py:154} INFO - Started process (PID=1821) to work on /opt/airflow/dags/consumer.py
[2024-03-08T16:52:30.059+0000] {processor.py:756} INFO - Processing file /opt/airflow/dags/consumer.py for tasks to queue
[2024-03-08T16:52:30.059+0000] {logging_mixin.py:120} INFO - [2024-03-08T16:52:30.059+0000] {dagbag.py:537} INFO - Filling up the DagBag from /opt/airflow/dags/consumer.py
[2024-03-08T16:52:30.070+0000] {processor.py:766} INFO - DAG(s) dict_keys(['consumer']) retrieved from /opt/airflow/dags/consumer.py
[2024-03-08T16:52:30.091+0000] {logging_mixin.py:120} INFO - [2024-03-08T16:52:30.091+0000] {dag.py:2585} INFO - Sync 1 DAGs
[2024-03-08T16:52:30.106+0000] {logging_mixin.py:120} INFO - [2024-03-08T16:52:30.106+0000] {dag.py:3340} INFO - Setting next_dagrun for consumer to None, run_after=None
[2024-03-08T16:52:30.125+0000] {processor.py:176} INFO - Processing /opt/airflow/dags/consumer.py took 0.069 seconds
[2024-03-08T16:53:01.343+0000] {processor.py:154} INFO - Started process (PID=1859) to work on /opt/airflow/dags/consumer.py
[2024-03-08T16:53:01.345+0000] {processor.py:756} INFO - Processing file /opt/airflow/dags/consumer.py for tasks to queue
[2024-03-08T16:53:01.346+0000] {logging_mixin.py:120} INFO - [2024-03-08T16:53:01.346+0000] {dagbag.py:537} INFO - Filling up the DagBag from /opt/airflow/dags/consumer.py
[2024-03-08T16:53:01.366+0000] {processor.py:766} INFO - DAG(s) dict_keys(['consumer']) retrieved from /opt/airflow/dags/consumer.py
[2024-03-08T16:53:01.402+0000] {logging_mixin.py:120} INFO - [2024-03-08T16:53:01.401+0000] {dag.py:2585} INFO - Sync 1 DAGs
[2024-03-08T16:53:01.423+0000] {logging_mixin.py:120} INFO - [2024-03-08T16:53:01.423+0000] {dag.py:3340} INFO - Setting next_dagrun for consumer to None, run_after=None
[2024-03-08T16:53:01.454+0000] {processor.py:176} INFO - Processing /opt/airflow/dags/consumer.py took 0.113 seconds
[2024-03-08T16:53:32.516+0000] {processor.py:154} INFO - Started process (PID=1887) to work on /opt/airflow/dags/consumer.py
[2024-03-08T16:53:32.516+0000] {processor.py:756} INFO - Processing file /opt/airflow/dags/consumer.py for tasks to queue
[2024-03-08T16:53:32.517+0000] {logging_mixin.py:120} INFO - [2024-03-08T16:53:32.517+0000] {dagbag.py:537} INFO - Filling up the DagBag from /opt/airflow/dags/consumer.py
[2024-03-08T16:53:32.530+0000] {processor.py:766} INFO - DAG(s) dict_keys(['consumer']) retrieved from /opt/airflow/dags/consumer.py
[2024-03-08T16:53:32.555+0000] {logging_mixin.py:120} INFO - [2024-03-08T16:53:32.555+0000] {dag.py:2585} INFO - Sync 1 DAGs
[2024-03-08T16:53:32.569+0000] {logging_mixin.py:120} INFO - [2024-03-08T16:53:32.569+0000] {dag.py:3340} INFO - Setting next_dagrun for consumer to None, run_after=None
[2024-03-08T16:53:32.580+0000] {processor.py:176} INFO - Processing /opt/airflow/dags/consumer.py took 0.066 seconds
[2024-03-08T16:54:03.463+0000] {processor.py:154} INFO - Started process (PID=1924) to work on /opt/airflow/dags/consumer.py
[2024-03-08T16:54:03.464+0000] {processor.py:756} INFO - Processing file /opt/airflow/dags/consumer.py for tasks to queue
[2024-03-08T16:54:03.464+0000] {logging_mixin.py:120} INFO - [2024-03-08T16:54:03.464+0000] {dagbag.py:537} INFO - Filling up the DagBag from /opt/airflow/dags/consumer.py
[2024-03-08T16:54:03.475+0000] {processor.py:766} INFO - DAG(s) dict_keys(['consumer']) retrieved from /opt/airflow/dags/consumer.py
[2024-03-08T16:54:03.496+0000] {logging_mixin.py:120} INFO - [2024-03-08T16:54:03.496+0000] {dag.py:2585} INFO - Sync 1 DAGs
[2024-03-08T16:54:03.510+0000] {logging_mixin.py:120} INFO - [2024-03-08T16:54:03.510+0000] {dag.py:3340} INFO - Setting next_dagrun for consumer to None, run_after=None
[2024-03-08T16:54:03.521+0000] {processor.py:176} INFO - Processing /opt/airflow/dags/consumer.py took 0.060 seconds
[2024-03-08T16:54:34.571+0000] {processor.py:154} INFO - Started process (PID=1961) to work on /opt/airflow/dags/consumer.py
[2024-03-08T16:54:34.572+0000] {processor.py:756} INFO - Processing file /opt/airflow/dags/consumer.py for tasks to queue
[2024-03-08T16:54:34.572+0000] {logging_mixin.py:120} INFO - [2024-03-08T16:54:34.572+0000] {dagbag.py:537} INFO - Filling up the DagBag from /opt/airflow/dags/consumer.py
[2024-03-08T16:54:34.585+0000] {processor.py:766} INFO - DAG(s) dict_keys(['consumer']) retrieved from /opt/airflow/dags/consumer.py
[2024-03-08T16:54:34.606+0000] {logging_mixin.py:120} INFO - [2024-03-08T16:54:34.606+0000] {dag.py:2585} INFO - Sync 1 DAGs
[2024-03-08T16:54:34.619+0000] {logging_mixin.py:120} INFO - [2024-03-08T16:54:34.619+0000] {dag.py:3340} INFO - Setting next_dagrun for consumer to None, run_after=None
[2024-03-08T16:54:34.630+0000] {processor.py:176} INFO - Processing /opt/airflow/dags/consumer.py took 0.061 seconds
[2024-03-08T16:55:05.537+0000] {processor.py:154} INFO - Started process (PID=1998) to work on /opt/airflow/dags/consumer.py
[2024-03-08T16:55:05.538+0000] {processor.py:756} INFO - Processing file /opt/airflow/dags/consumer.py for tasks to queue
[2024-03-08T16:55:05.538+0000] {logging_mixin.py:120} INFO - [2024-03-08T16:55:05.538+0000] {dagbag.py:537} INFO - Filling up the DagBag from /opt/airflow/dags/consumer.py
[2024-03-08T16:55:05.549+0000] {processor.py:766} INFO - DAG(s) dict_keys(['consumer']) retrieved from /opt/airflow/dags/consumer.py
[2024-03-08T16:55:05.570+0000] {logging_mixin.py:120} INFO - [2024-03-08T16:55:05.570+0000] {dag.py:2585} INFO - Sync 1 DAGs
[2024-03-08T16:55:05.582+0000] {logging_mixin.py:120} INFO - [2024-03-08T16:55:05.582+0000] {dag.py:3340} INFO - Setting next_dagrun for consumer to None, run_after=None
[2024-03-08T16:55:05.593+0000] {processor.py:176} INFO - Processing /opt/airflow/dags/consumer.py took 0.057 seconds
[2024-03-08T16:55:36.527+0000] {processor.py:154} INFO - Started process (PID=2035) to work on /opt/airflow/dags/consumer.py
[2024-03-08T16:55:36.528+0000] {processor.py:756} INFO - Processing file /opt/airflow/dags/consumer.py for tasks to queue
[2024-03-08T16:55:36.529+0000] {logging_mixin.py:120} INFO - [2024-03-08T16:55:36.528+0000] {dagbag.py:537} INFO - Filling up the DagBag from /opt/airflow/dags/consumer.py
[2024-03-08T16:55:36.540+0000] {processor.py:766} INFO - DAG(s) dict_keys(['consumer']) retrieved from /opt/airflow/dags/consumer.py
[2024-03-08T16:55:36.560+0000] {logging_mixin.py:120} INFO - [2024-03-08T16:55:36.560+0000] {dag.py:2585} INFO - Sync 1 DAGs
[2024-03-08T16:55:36.573+0000] {logging_mixin.py:120} INFO - [2024-03-08T16:55:36.573+0000] {dag.py:3340} INFO - Setting next_dagrun for consumer to None, run_after=None
[2024-03-08T16:55:36.584+0000] {processor.py:176} INFO - Processing /opt/airflow/dags/consumer.py took 0.058 seconds
[2024-03-08T16:56:07.441+0000] {processor.py:154} INFO - Started process (PID=2072) to work on /opt/airflow/dags/consumer.py
[2024-03-08T16:56:07.442+0000] {processor.py:756} INFO - Processing file /opt/airflow/dags/consumer.py for tasks to queue
[2024-03-08T16:56:07.442+0000] {logging_mixin.py:120} INFO - [2024-03-08T16:56:07.442+0000] {dagbag.py:537} INFO - Filling up the DagBag from /opt/airflow/dags/consumer.py
[2024-03-08T16:56:07.455+0000] {processor.py:766} INFO - DAG(s) dict_keys(['consumer']) retrieved from /opt/airflow/dags/consumer.py
[2024-03-08T16:56:07.489+0000] {logging_mixin.py:120} INFO - [2024-03-08T16:56:07.489+0000] {dag.py:2585} INFO - Sync 1 DAGs
[2024-03-08T16:56:07.506+0000] {logging_mixin.py:120} INFO - [2024-03-08T16:56:07.506+0000] {dag.py:3340} INFO - Setting next_dagrun for consumer to None, run_after=None
[2024-03-08T16:56:07.520+0000] {processor.py:176} INFO - Processing /opt/airflow/dags/consumer.py took 0.080 seconds
[2024-03-08T16:56:38.381+0000] {processor.py:154} INFO - Started process (PID=2109) to work on /opt/airflow/dags/consumer.py
[2024-03-08T16:56:38.382+0000] {processor.py:756} INFO - Processing file /opt/airflow/dags/consumer.py for tasks to queue
[2024-03-08T16:56:38.383+0000] {logging_mixin.py:120} INFO - [2024-03-08T16:56:38.383+0000] {dagbag.py:537} INFO - Filling up the DagBag from /opt/airflow/dags/consumer.py
[2024-03-08T16:56:38.395+0000] {processor.py:766} INFO - DAG(s) dict_keys(['consumer']) retrieved from /opt/airflow/dags/consumer.py
[2024-03-08T16:56:38.425+0000] {logging_mixin.py:120} INFO - [2024-03-08T16:56:38.424+0000] {dag.py:2585} INFO - Sync 1 DAGs
[2024-03-08T16:56:38.440+0000] {logging_mixin.py:120} INFO - [2024-03-08T16:56:38.440+0000] {dag.py:3340} INFO - Setting next_dagrun for consumer to None, run_after=None
[2024-03-08T16:56:38.459+0000] {processor.py:176} INFO - Processing /opt/airflow/dags/consumer.py took 0.079 seconds
[2024-03-08T16:57:09.175+0000] {processor.py:154} INFO - Started process (PID=2137) to work on /opt/airflow/dags/consumer.py
[2024-03-08T16:57:09.175+0000] {processor.py:756} INFO - Processing file /opt/airflow/dags/consumer.py for tasks to queue
[2024-03-08T16:57:09.176+0000] {logging_mixin.py:120} INFO - [2024-03-08T16:57:09.176+0000] {dagbag.py:537} INFO - Filling up the DagBag from /opt/airflow/dags/consumer.py
[2024-03-08T16:57:09.187+0000] {processor.py:766} INFO - DAG(s) dict_keys(['consumer']) retrieved from /opt/airflow/dags/consumer.py
[2024-03-08T16:57:09.207+0000] {logging_mixin.py:120} INFO - [2024-03-08T16:57:09.207+0000] {dag.py:2585} INFO - Sync 1 DAGs
[2024-03-08T16:57:09.220+0000] {logging_mixin.py:120} INFO - [2024-03-08T16:57:09.220+0000] {dag.py:3340} INFO - Setting next_dagrun for consumer to None, run_after=None
[2024-03-08T16:57:09.231+0000] {processor.py:176} INFO - Processing /opt/airflow/dags/consumer.py took 0.058 seconds
[2024-03-08T16:57:40.065+0000] {processor.py:154} INFO - Started process (PID=2174) to work on /opt/airflow/dags/consumer.py
[2024-03-08T16:57:40.066+0000] {processor.py:756} INFO - Processing file /opt/airflow/dags/consumer.py for tasks to queue
[2024-03-08T16:57:40.066+0000] {logging_mixin.py:120} INFO - [2024-03-08T16:57:40.066+0000] {dagbag.py:537} INFO - Filling up the DagBag from /opt/airflow/dags/consumer.py
[2024-03-08T16:57:40.077+0000] {processor.py:766} INFO - DAG(s) dict_keys(['consumer']) retrieved from /opt/airflow/dags/consumer.py
[2024-03-08T16:57:40.097+0000] {logging_mixin.py:120} INFO - [2024-03-08T16:57:40.096+0000] {dag.py:2585} INFO - Sync 1 DAGs
[2024-03-08T16:57:40.108+0000] {logging_mixin.py:120} INFO - [2024-03-08T16:57:40.108+0000] {dag.py:3340} INFO - Setting next_dagrun for consumer to None, run_after=None
[2024-03-08T16:57:40.120+0000] {processor.py:176} INFO - Processing /opt/airflow/dags/consumer.py took 0.056 seconds
[2024-03-08T16:58:10.712+0000] {processor.py:154} INFO - Started process (PID=2211) to work on /opt/airflow/dags/consumer.py
[2024-03-08T16:58:10.712+0000] {processor.py:756} INFO - Processing file /opt/airflow/dags/consumer.py for tasks to queue
[2024-03-08T16:58:10.713+0000] {logging_mixin.py:120} INFO - [2024-03-08T16:58:10.713+0000] {dagbag.py:537} INFO - Filling up the DagBag from /opt/airflow/dags/consumer.py
[2024-03-08T16:58:10.727+0000] {processor.py:766} INFO - DAG(s) dict_keys(['consumer']) retrieved from /opt/airflow/dags/consumer.py
[2024-03-08T16:58:10.747+0000] {logging_mixin.py:120} INFO - [2024-03-08T16:58:10.747+0000] {dag.py:2585} INFO - Sync 1 DAGs
[2024-03-08T16:58:10.760+0000] {logging_mixin.py:120} INFO - [2024-03-08T16:58:10.760+0000] {dag.py:3340} INFO - Setting next_dagrun for consumer to None, run_after=None
[2024-03-08T16:58:10.771+0000] {processor.py:176} INFO - Processing /opt/airflow/dags/consumer.py took 0.061 seconds
[2024-03-08T16:58:41.470+0000] {processor.py:154} INFO - Started process (PID=2248) to work on /opt/airflow/dags/consumer.py
[2024-03-08T16:58:41.471+0000] {processor.py:756} INFO - Processing file /opt/airflow/dags/consumer.py for tasks to queue
[2024-03-08T16:58:41.471+0000] {logging_mixin.py:120} INFO - [2024-03-08T16:58:41.471+0000] {dagbag.py:537} INFO - Filling up the DagBag from /opt/airflow/dags/consumer.py
[2024-03-08T16:58:41.482+0000] {processor.py:766} INFO - DAG(s) dict_keys(['consumer']) retrieved from /opt/airflow/dags/consumer.py
[2024-03-08T16:58:41.502+0000] {logging_mixin.py:120} INFO - [2024-03-08T16:58:41.502+0000] {dag.py:2585} INFO - Sync 1 DAGs
[2024-03-08T16:58:41.515+0000] {logging_mixin.py:120} INFO - [2024-03-08T16:58:41.515+0000] {dag.py:3340} INFO - Setting next_dagrun for consumer to None, run_after=None
[2024-03-08T16:58:41.527+0000] {processor.py:176} INFO - Processing /opt/airflow/dags/consumer.py took 0.058 seconds
[2024-03-08T16:59:12.202+0000] {processor.py:154} INFO - Started process (PID=2285) to work on /opt/airflow/dags/consumer.py
[2024-03-08T16:59:12.202+0000] {processor.py:756} INFO - Processing file /opt/airflow/dags/consumer.py for tasks to queue
[2024-03-08T16:59:12.203+0000] {logging_mixin.py:120} INFO - [2024-03-08T16:59:12.203+0000] {dagbag.py:537} INFO - Filling up the DagBag from /opt/airflow/dags/consumer.py
[2024-03-08T16:59:12.213+0000] {processor.py:766} INFO - DAG(s) dict_keys(['consumer']) retrieved from /opt/airflow/dags/consumer.py
[2024-03-08T16:59:12.234+0000] {logging_mixin.py:120} INFO - [2024-03-08T16:59:12.233+0000] {dag.py:2585} INFO - Sync 1 DAGs
[2024-03-08T16:59:12.246+0000] {logging_mixin.py:120} INFO - [2024-03-08T16:59:12.246+0000] {dag.py:3340} INFO - Setting next_dagrun for consumer to None, run_after=None
[2024-03-08T16:59:12.257+0000] {processor.py:176} INFO - Processing /opt/airflow/dags/consumer.py took 0.058 seconds
[2024-03-08T16:59:42.920+0000] {processor.py:154} INFO - Started process (PID=2321) to work on /opt/airflow/dags/consumer.py
[2024-03-08T16:59:42.921+0000] {processor.py:756} INFO - Processing file /opt/airflow/dags/consumer.py for tasks to queue
[2024-03-08T16:59:42.921+0000] {logging_mixin.py:120} INFO - [2024-03-08T16:59:42.921+0000] {dagbag.py:537} INFO - Filling up the DagBag from /opt/airflow/dags/consumer.py
[2024-03-08T16:59:42.932+0000] {processor.py:766} INFO - DAG(s) dict_keys(['consumer']) retrieved from /opt/airflow/dags/consumer.py
[2024-03-08T16:59:42.952+0000] {logging_mixin.py:120} INFO - [2024-03-08T16:59:42.952+0000] {dag.py:2585} INFO - Sync 1 DAGs
[2024-03-08T16:59:42.965+0000] {logging_mixin.py:120} INFO - [2024-03-08T16:59:42.965+0000] {dag.py:3340} INFO - Setting next_dagrun for consumer to None, run_after=None
[2024-03-08T16:59:42.976+0000] {processor.py:176} INFO - Processing /opt/airflow/dags/consumer.py took 0.058 seconds
[2024-03-08T17:00:13.700+0000] {processor.py:154} INFO - Started process (PID=2358) to work on /opt/airflow/dags/consumer.py
[2024-03-08T17:00:13.701+0000] {processor.py:756} INFO - Processing file /opt/airflow/dags/consumer.py for tasks to queue
[2024-03-08T17:00:13.701+0000] {logging_mixin.py:120} INFO - [2024-03-08T17:00:13.701+0000] {dagbag.py:537} INFO - Filling up the DagBag from /opt/airflow/dags/consumer.py
[2024-03-08T17:00:13.712+0000] {processor.py:766} INFO - DAG(s) dict_keys(['consumer']) retrieved from /opt/airflow/dags/consumer.py
[2024-03-08T17:00:13.733+0000] {logging_mixin.py:120} INFO - [2024-03-08T17:00:13.733+0000] {dag.py:2585} INFO - Sync 1 DAGs
[2024-03-08T17:00:13.745+0000] {logging_mixin.py:120} INFO - [2024-03-08T17:00:13.745+0000] {dag.py:3340} INFO - Setting next_dagrun for consumer to None, run_after=None
[2024-03-08T17:00:13.756+0000] {processor.py:176} INFO - Processing /opt/airflow/dags/consumer.py took 0.058 seconds
[2024-03-08T17:00:44.745+0000] {processor.py:154} INFO - Started process (PID=2394) to work on /opt/airflow/dags/consumer.py
[2024-03-08T17:00:44.745+0000] {processor.py:756} INFO - Processing file /opt/airflow/dags/consumer.py for tasks to queue
[2024-03-08T17:00:44.746+0000] {logging_mixin.py:120} INFO - [2024-03-08T17:00:44.746+0000] {dagbag.py:537} INFO - Filling up the DagBag from /opt/airflow/dags/consumer.py
[2024-03-08T17:00:44.761+0000] {processor.py:766} INFO - DAG(s) dict_keys(['consumer']) retrieved from /opt/airflow/dags/consumer.py
[2024-03-08T17:00:44.795+0000] {logging_mixin.py:120} INFO - [2024-03-08T17:00:44.794+0000] {dag.py:2585} INFO - Sync 1 DAGs
[2024-03-08T17:00:44.816+0000] {logging_mixin.py:120} INFO - [2024-03-08T17:00:44.816+0000] {dag.py:3340} INFO - Setting next_dagrun for consumer to None, run_after=None
[2024-03-08T17:00:44.841+0000] {processor.py:176} INFO - Processing /opt/airflow/dags/consumer.py took 0.099 seconds
[2024-03-08T17:01:15.629+0000] {processor.py:154} INFO - Started process (PID=2423) to work on /opt/airflow/dags/consumer.py
[2024-03-08T17:01:15.630+0000] {processor.py:756} INFO - Processing file /opt/airflow/dags/consumer.py for tasks to queue
[2024-03-08T17:01:15.630+0000] {logging_mixin.py:120} INFO - [2024-03-08T17:01:15.630+0000] {dagbag.py:537} INFO - Filling up the DagBag from /opt/airflow/dags/consumer.py
[2024-03-08T17:01:15.641+0000] {processor.py:766} INFO - DAG(s) dict_keys(['consumer']) retrieved from /opt/airflow/dags/consumer.py
[2024-03-08T17:01:15.662+0000] {logging_mixin.py:120} INFO - [2024-03-08T17:01:15.662+0000] {dag.py:2585} INFO - Sync 1 DAGs
[2024-03-08T17:01:15.675+0000] {logging_mixin.py:120} INFO - [2024-03-08T17:01:15.675+0000] {dag.py:3340} INFO - Setting next_dagrun for consumer to None, run_after=None
[2024-03-08T17:01:15.686+0000] {processor.py:176} INFO - Processing /opt/airflow/dags/consumer.py took 0.058 seconds
[2024-03-08T17:01:46.360+0000] {processor.py:154} INFO - Started process (PID=2460) to work on /opt/airflow/dags/consumer.py
[2024-03-08T17:01:46.360+0000] {processor.py:756} INFO - Processing file /opt/airflow/dags/consumer.py for tasks to queue
[2024-03-08T17:01:46.361+0000] {logging_mixin.py:120} INFO - [2024-03-08T17:01:46.361+0000] {dagbag.py:537} INFO - Filling up the DagBag from /opt/airflow/dags/consumer.py
[2024-03-08T17:01:46.371+0000] {processor.py:766} INFO - DAG(s) dict_keys(['consumer']) retrieved from /opt/airflow/dags/consumer.py
[2024-03-08T17:01:46.395+0000] {logging_mixin.py:120} INFO - [2024-03-08T17:01:46.395+0000] {dag.py:2585} INFO - Sync 1 DAGs
[2024-03-08T17:01:46.409+0000] {logging_mixin.py:120} INFO - [2024-03-08T17:01:46.408+0000] {dag.py:3340} INFO - Setting next_dagrun for consumer to None, run_after=None
[2024-03-08T17:01:46.423+0000] {processor.py:176} INFO - Processing /opt/airflow/dags/consumer.py took 0.065 seconds
[2024-03-08T17:02:17.216+0000] {processor.py:154} INFO - Started process (PID=2497) to work on /opt/airflow/dags/consumer.py
[2024-03-08T17:02:17.217+0000] {processor.py:756} INFO - Processing file /opt/airflow/dags/consumer.py for tasks to queue
[2024-03-08T17:02:17.217+0000] {logging_mixin.py:120} INFO - [2024-03-08T17:02:17.217+0000] {dagbag.py:537} INFO - Filling up the DagBag from /opt/airflow/dags/consumer.py
[2024-03-08T17:02:17.228+0000] {processor.py:766} INFO - DAG(s) dict_keys(['consumer']) retrieved from /opt/airflow/dags/consumer.py
[2024-03-08T17:02:17.249+0000] {logging_mixin.py:120} INFO - [2024-03-08T17:02:17.249+0000] {dag.py:2585} INFO - Sync 1 DAGs
[2024-03-08T17:02:17.263+0000] {logging_mixin.py:120} INFO - [2024-03-08T17:02:17.263+0000] {dag.py:3340} INFO - Setting next_dagrun for consumer to None, run_after=None
[2024-03-08T17:02:17.274+0000] {processor.py:176} INFO - Processing /opt/airflow/dags/consumer.py took 0.059 seconds
[2024-03-08T17:02:48.017+0000] {processor.py:154} INFO - Started process (PID=2534) to work on /opt/airflow/dags/consumer.py
[2024-03-08T17:02:48.018+0000] {processor.py:756} INFO - Processing file /opt/airflow/dags/consumer.py for tasks to queue
[2024-03-08T17:02:48.018+0000] {logging_mixin.py:120} INFO - [2024-03-08T17:02:48.018+0000] {dagbag.py:537} INFO - Filling up the DagBag from /opt/airflow/dags/consumer.py
[2024-03-08T17:02:48.029+0000] {processor.py:766} INFO - DAG(s) dict_keys(['consumer']) retrieved from /opt/airflow/dags/consumer.py
[2024-03-08T17:02:48.049+0000] {logging_mixin.py:120} INFO - [2024-03-08T17:02:48.049+0000] {dag.py:2585} INFO - Sync 1 DAGs
[2024-03-08T17:02:48.062+0000] {logging_mixin.py:120} INFO - [2024-03-08T17:02:48.062+0000] {dag.py:3340} INFO - Setting next_dagrun for consumer to None, run_after=None
[2024-03-08T17:02:48.073+0000] {processor.py:176} INFO - Processing /opt/airflow/dags/consumer.py took 0.057 seconds
[2024-03-08T17:03:18.895+0000] {processor.py:154} INFO - Started process (PID=2571) to work on /opt/airflow/dags/consumer.py
[2024-03-08T17:03:18.895+0000] {processor.py:756} INFO - Processing file /opt/airflow/dags/consumer.py for tasks to queue
[2024-03-08T17:03:18.896+0000] {logging_mixin.py:120} INFO - [2024-03-08T17:03:18.896+0000] {dagbag.py:537} INFO - Filling up the DagBag from /opt/airflow/dags/consumer.py
[2024-03-08T17:03:18.906+0000] {processor.py:766} INFO - DAG(s) dict_keys(['consumer']) retrieved from /opt/airflow/dags/consumer.py
[2024-03-08T17:03:18.929+0000] {logging_mixin.py:120} INFO - [2024-03-08T17:03:18.929+0000] {dag.py:2585} INFO - Sync 1 DAGs
[2024-03-08T17:03:18.942+0000] {logging_mixin.py:120} INFO - [2024-03-08T17:03:18.942+0000] {dag.py:3340} INFO - Setting next_dagrun for consumer to None, run_after=None
[2024-03-08T17:03:18.953+0000] {processor.py:176} INFO - Processing /opt/airflow/dags/consumer.py took 0.061 seconds
[2024-03-08T17:03:49.737+0000] {processor.py:154} INFO - Started process (PID=2608) to work on /opt/airflow/dags/consumer.py
[2024-03-08T17:03:49.738+0000] {processor.py:756} INFO - Processing file /opt/airflow/dags/consumer.py for tasks to queue
[2024-03-08T17:03:49.738+0000] {logging_mixin.py:120} INFO - [2024-03-08T17:03:49.738+0000] {dagbag.py:537} INFO - Filling up the DagBag from /opt/airflow/dags/consumer.py
[2024-03-08T17:03:49.749+0000] {processor.py:766} INFO - DAG(s) dict_keys(['consumer']) retrieved from /opt/airflow/dags/consumer.py
[2024-03-08T17:03:49.769+0000] {logging_mixin.py:120} INFO - [2024-03-08T17:03:49.769+0000] {dag.py:2585} INFO - Sync 1 DAGs
[2024-03-08T17:03:49.782+0000] {logging_mixin.py:120} INFO - [2024-03-08T17:03:49.782+0000] {dag.py:3340} INFO - Setting next_dagrun for consumer to None, run_after=None
[2024-03-08T17:03:49.793+0000] {processor.py:176} INFO - Processing /opt/airflow/dags/consumer.py took 0.058 seconds
[2024-03-08T17:04:20.510+0000] {processor.py:154} INFO - Started process (PID=2644) to work on /opt/airflow/dags/consumer.py
[2024-03-08T17:04:20.510+0000] {processor.py:756} INFO - Processing file /opt/airflow/dags/consumer.py for tasks to queue
[2024-03-08T17:04:20.511+0000] {logging_mixin.py:120} INFO - [2024-03-08T17:04:20.511+0000] {dagbag.py:537} INFO - Filling up the DagBag from /opt/airflow/dags/consumer.py
[2024-03-08T17:04:20.521+0000] {processor.py:766} INFO - DAG(s) dict_keys(['consumer']) retrieved from /opt/airflow/dags/consumer.py
[2024-03-08T17:04:20.541+0000] {logging_mixin.py:120} INFO - [2024-03-08T17:04:20.541+0000] {dag.py:2585} INFO - Sync 1 DAGs
[2024-03-08T17:04:20.554+0000] {logging_mixin.py:120} INFO - [2024-03-08T17:04:20.553+0000] {dag.py:3340} INFO - Setting next_dagrun for consumer to None, run_after=None
[2024-03-08T17:04:20.564+0000] {processor.py:176} INFO - Processing /opt/airflow/dags/consumer.py took 0.057 seconds
[2024-03-08T17:04:51.300+0000] {processor.py:154} INFO - Started process (PID=2681) to work on /opt/airflow/dags/consumer.py
[2024-03-08T17:04:51.301+0000] {processor.py:756} INFO - Processing file /opt/airflow/dags/consumer.py for tasks to queue
[2024-03-08T17:04:51.301+0000] {logging_mixin.py:120} INFO - [2024-03-08T17:04:51.301+0000] {dagbag.py:537} INFO - Filling up the DagBag from /opt/airflow/dags/consumer.py
[2024-03-08T17:04:51.313+0000] {processor.py:766} INFO - DAG(s) dict_keys(['consumer']) retrieved from /opt/airflow/dags/consumer.py
[2024-03-08T17:04:51.336+0000] {logging_mixin.py:120} INFO - [2024-03-08T17:04:51.336+0000] {dag.py:2585} INFO - Sync 1 DAGs
[2024-03-08T17:04:51.352+0000] {logging_mixin.py:120} INFO - [2024-03-08T17:04:51.351+0000] {dag.py:3340} INFO - Setting next_dagrun for consumer to None, run_after=None
[2024-03-08T17:04:51.365+0000] {processor.py:176} INFO - Processing /opt/airflow/dags/consumer.py took 0.067 seconds
[2024-03-08T17:05:22.100+0000] {processor.py:154} INFO - Started process (PID=2708) to work on /opt/airflow/dags/consumer.py
[2024-03-08T17:05:22.100+0000] {processor.py:756} INFO - Processing file /opt/airflow/dags/consumer.py for tasks to queue
[2024-03-08T17:05:22.101+0000] {logging_mixin.py:120} INFO - [2024-03-08T17:05:22.101+0000] {dagbag.py:537} INFO - Filling up the DagBag from /opt/airflow/dags/consumer.py
[2024-03-08T17:05:22.112+0000] {processor.py:766} INFO - DAG(s) dict_keys(['consumer']) retrieved from /opt/airflow/dags/consumer.py
[2024-03-08T17:05:22.132+0000] {logging_mixin.py:120} INFO - [2024-03-08T17:05:22.132+0000] {dag.py:2585} INFO - Sync 1 DAGs
[2024-03-08T17:05:22.145+0000] {logging_mixin.py:120} INFO - [2024-03-08T17:05:22.145+0000] {dag.py:3340} INFO - Setting next_dagrun for consumer to None, run_after=None
[2024-03-08T17:05:22.156+0000] {processor.py:176} INFO - Processing /opt/airflow/dags/consumer.py took 0.058 seconds
[2024-03-08T17:05:52.905+0000] {processor.py:154} INFO - Started process (PID=2745) to work on /opt/airflow/dags/consumer.py
[2024-03-08T17:05:52.906+0000] {processor.py:756} INFO - Processing file /opt/airflow/dags/consumer.py for tasks to queue
[2024-03-08T17:05:52.906+0000] {logging_mixin.py:120} INFO - [2024-03-08T17:05:52.906+0000] {dagbag.py:537} INFO - Filling up the DagBag from /opt/airflow/dags/consumer.py
[2024-03-08T17:05:52.917+0000] {processor.py:766} INFO - DAG(s) dict_keys(['consumer']) retrieved from /opt/airflow/dags/consumer.py
[2024-03-08T17:05:52.938+0000] {logging_mixin.py:120} INFO - [2024-03-08T17:05:52.938+0000] {dag.py:2585} INFO - Sync 1 DAGs
[2024-03-08T17:05:52.951+0000] {logging_mixin.py:120} INFO - [2024-03-08T17:05:52.951+0000] {dag.py:3340} INFO - Setting next_dagrun for consumer to None, run_after=None
[2024-03-08T17:05:52.962+0000] {processor.py:176} INFO - Processing /opt/airflow/dags/consumer.py took 0.059 seconds
[2024-03-08T17:06:23.788+0000] {processor.py:154} INFO - Started process (PID=2781) to work on /opt/airflow/dags/consumer.py
[2024-03-08T17:06:23.789+0000] {processor.py:756} INFO - Processing file /opt/airflow/dags/consumer.py for tasks to queue
[2024-03-08T17:06:23.789+0000] {logging_mixin.py:120} INFO - [2024-03-08T17:06:23.789+0000] {dagbag.py:537} INFO - Filling up the DagBag from /opt/airflow/dags/consumer.py
[2024-03-08T17:06:23.801+0000] {processor.py:766} INFO - DAG(s) dict_keys(['consumer']) retrieved from /opt/airflow/dags/consumer.py
[2024-03-08T17:06:23.823+0000] {logging_mixin.py:120} INFO - [2024-03-08T17:06:23.823+0000] {dag.py:2585} INFO - Sync 1 DAGs
[2024-03-08T17:06:23.836+0000] {logging_mixin.py:120} INFO - [2024-03-08T17:06:23.836+0000] {dag.py:3340} INFO - Setting next_dagrun for consumer to None, run_after=None
[2024-03-08T17:06:23.847+0000] {processor.py:176} INFO - Processing /opt/airflow/dags/consumer.py took 0.062 seconds
[2024-03-08T17:06:54.642+0000] {processor.py:154} INFO - Started process (PID=2818) to work on /opt/airflow/dags/consumer.py
[2024-03-08T17:06:54.643+0000] {processor.py:756} INFO - Processing file /opt/airflow/dags/consumer.py for tasks to queue
[2024-03-08T17:06:54.643+0000] {logging_mixin.py:120} INFO - [2024-03-08T17:06:54.643+0000] {dagbag.py:537} INFO - Filling up the DagBag from /opt/airflow/dags/consumer.py
[2024-03-08T17:06:54.654+0000] {processor.py:766} INFO - DAG(s) dict_keys(['consumer']) retrieved from /opt/airflow/dags/consumer.py
[2024-03-08T17:06:54.675+0000] {logging_mixin.py:120} INFO - [2024-03-08T17:06:54.675+0000] {dag.py:2585} INFO - Sync 1 DAGs
[2024-03-08T17:06:54.687+0000] {logging_mixin.py:120} INFO - [2024-03-08T17:06:54.687+0000] {dag.py:3340} INFO - Setting next_dagrun for consumer to None, run_after=None
[2024-03-08T17:06:54.698+0000] {processor.py:176} INFO - Processing /opt/airflow/dags/consumer.py took 0.057 seconds
[2024-03-08T17:07:25.486+0000] {processor.py:154} INFO - Started process (PID=2854) to work on /opt/airflow/dags/consumer.py
[2024-03-08T17:07:25.487+0000] {processor.py:756} INFO - Processing file /opt/airflow/dags/consumer.py for tasks to queue
[2024-03-08T17:07:25.487+0000] {logging_mixin.py:120} INFO - [2024-03-08T17:07:25.487+0000] {dagbag.py:537} INFO - Filling up the DagBag from /opt/airflow/dags/consumer.py
[2024-03-08T17:07:25.497+0000] {processor.py:766} INFO - DAG(s) dict_keys(['consumer']) retrieved from /opt/airflow/dags/consumer.py
[2024-03-08T17:07:25.518+0000] {logging_mixin.py:120} INFO - [2024-03-08T17:07:25.518+0000] {dag.py:2585} INFO - Sync 1 DAGs
[2024-03-08T17:07:25.530+0000] {logging_mixin.py:120} INFO - [2024-03-08T17:07:25.530+0000] {dag.py:3340} INFO - Setting next_dagrun for consumer to None, run_after=None
[2024-03-08T17:07:25.542+0000] {processor.py:176} INFO - Processing /opt/airflow/dags/consumer.py took 0.058 seconds
[2024-03-08T17:07:56.178+0000] {processor.py:154} INFO - Started process (PID=2891) to work on /opt/airflow/dags/consumer.py
[2024-03-08T17:07:56.178+0000] {processor.py:756} INFO - Processing file /opt/airflow/dags/consumer.py for tasks to queue
[2024-03-08T17:07:56.179+0000] {logging_mixin.py:120} INFO - [2024-03-08T17:07:56.179+0000] {dagbag.py:537} INFO - Filling up the DagBag from /opt/airflow/dags/consumer.py
[2024-03-08T17:07:56.190+0000] {processor.py:766} INFO - DAG(s) dict_keys(['consumer']) retrieved from /opt/airflow/dags/consumer.py
[2024-03-08T17:07:56.210+0000] {logging_mixin.py:120} INFO - [2024-03-08T17:07:56.210+0000] {dag.py:2585} INFO - Sync 1 DAGs
[2024-03-08T17:07:56.224+0000] {logging_mixin.py:120} INFO - [2024-03-08T17:07:56.224+0000] {dag.py:3340} INFO - Setting next_dagrun for consumer to None, run_after=None
[2024-03-08T17:07:56.235+0000] {processor.py:176} INFO - Processing /opt/airflow/dags/consumer.py took 0.059 seconds
[2024-03-08T17:08:27.050+0000] {processor.py:154} INFO - Started process (PID=2928) to work on /opt/airflow/dags/consumer.py
[2024-03-08T17:08:27.051+0000] {processor.py:756} INFO - Processing file /opt/airflow/dags/consumer.py for tasks to queue
[2024-03-08T17:08:27.051+0000] {logging_mixin.py:120} INFO - [2024-03-08T17:08:27.051+0000] {dagbag.py:537} INFO - Filling up the DagBag from /opt/airflow/dags/consumer.py
[2024-03-08T17:08:27.062+0000] {processor.py:766} INFO - DAG(s) dict_keys(['consumer']) retrieved from /opt/airflow/dags/consumer.py
[2024-03-08T17:08:27.082+0000] {logging_mixin.py:120} INFO - [2024-03-08T17:08:27.082+0000] {dag.py:2585} INFO - Sync 1 DAGs
[2024-03-08T17:08:27.096+0000] {logging_mixin.py:120} INFO - [2024-03-08T17:08:27.095+0000] {dag.py:3340} INFO - Setting next_dagrun for consumer to None, run_after=None
[2024-03-08T17:08:27.106+0000] {processor.py:176} INFO - Processing /opt/airflow/dags/consumer.py took 0.058 seconds
[2024-03-08T17:08:58.136+0000] {processor.py:154} INFO - Started process (PID=2964) to work on /opt/airflow/dags/consumer.py
[2024-03-08T17:08:58.137+0000] {processor.py:756} INFO - Processing file /opt/airflow/dags/consumer.py for tasks to queue
[2024-03-08T17:08:58.137+0000] {logging_mixin.py:120} INFO - [2024-03-08T17:08:58.137+0000] {dagbag.py:537} INFO - Filling up the DagBag from /opt/airflow/dags/consumer.py
[2024-03-08T17:08:58.150+0000] {processor.py:766} INFO - DAG(s) dict_keys(['consumer']) retrieved from /opt/airflow/dags/consumer.py
[2024-03-08T17:08:58.175+0000] {logging_mixin.py:120} INFO - [2024-03-08T17:08:58.175+0000] {dag.py:2585} INFO - Sync 1 DAGs
[2024-03-08T17:08:58.194+0000] {logging_mixin.py:120} INFO - [2024-03-08T17:08:58.193+0000] {dag.py:3340} INFO - Setting next_dagrun for consumer to None, run_after=None
[2024-03-08T17:08:58.207+0000] {processor.py:176} INFO - Processing /opt/airflow/dags/consumer.py took 0.073 seconds
[2024-03-08T17:09:28.461+0000] {processor.py:154} INFO - Started process (PID=2992) to work on /opt/airflow/dags/consumer.py
[2024-03-08T17:09:28.463+0000] {processor.py:756} INFO - Processing file /opt/airflow/dags/consumer.py for tasks to queue
[2024-03-08T17:09:28.465+0000] {logging_mixin.py:120} INFO - [2024-03-08T17:09:28.465+0000] {dagbag.py:537} INFO - Filling up the DagBag from /opt/airflow/dags/consumer.py
[2024-03-08T17:09:28.483+0000] {processor.py:766} INFO - DAG(s) dict_keys(['consumer']) retrieved from /opt/airflow/dags/consumer.py
[2024-03-08T17:09:28.510+0000] {logging_mixin.py:120} INFO - [2024-03-08T17:09:28.510+0000] {dag.py:2585} INFO - Sync 1 DAGs
[2024-03-08T17:09:28.525+0000] {logging_mixin.py:120} INFO - [2024-03-08T17:09:28.525+0000] {dag.py:3340} INFO - Setting next_dagrun for consumer to None, run_after=None
[2024-03-08T17:09:28.538+0000] {processor.py:176} INFO - Processing /opt/airflow/dags/consumer.py took 0.080 seconds
[2024-03-08T17:09:59.317+0000] {processor.py:154} INFO - Started process (PID=3027) to work on /opt/airflow/dags/consumer.py
[2024-03-08T17:09:59.318+0000] {processor.py:756} INFO - Processing file /opt/airflow/dags/consumer.py for tasks to queue
[2024-03-08T17:09:59.319+0000] {logging_mixin.py:120} INFO - [2024-03-08T17:09:59.319+0000] {dagbag.py:537} INFO - Filling up the DagBag from /opt/airflow/dags/consumer.py
[2024-03-08T17:09:59.332+0000] {processor.py:766} INFO - DAG(s) dict_keys(['consumer']) retrieved from /opt/airflow/dags/consumer.py
[2024-03-08T17:09:59.353+0000] {logging_mixin.py:120} INFO - [2024-03-08T17:09:59.353+0000] {dag.py:2585} INFO - Sync 1 DAGs
[2024-03-08T17:09:59.366+0000] {logging_mixin.py:120} INFO - [2024-03-08T17:09:59.366+0000] {dag.py:3340} INFO - Setting next_dagrun for consumer to None, run_after=None
[2024-03-08T17:09:59.377+0000] {processor.py:176} INFO - Processing /opt/airflow/dags/consumer.py took 0.061 seconds
[2024-03-08T17:11:32.342+0000] {processor.py:154} INFO - Started process (PID=59) to work on /opt/airflow/dags/consumer.py
[2024-03-08T17:11:32.344+0000] {processor.py:756} INFO - Processing file /opt/airflow/dags/consumer.py for tasks to queue
[2024-03-08T17:11:32.346+0000] {logging_mixin.py:120} INFO - [2024-03-08T17:11:32.346+0000] {dagbag.py:537} INFO - Filling up the DagBag from /opt/airflow/dags/consumer.py
[2024-03-08T17:11:32.388+0000] {processor.py:766} INFO - DAG(s) dict_keys(['consumer']) retrieved from /opt/airflow/dags/consumer.py
[2024-03-08T17:11:32.432+0000] {logging_mixin.py:120} INFO - [2024-03-08T17:11:32.431+0000] {dag.py:2585} INFO - Sync 1 DAGs
[2024-03-08T17:11:32.450+0000] {logging_mixin.py:120} INFO - [2024-03-08T17:11:32.450+0000] {dag.py:3340} INFO - Setting next_dagrun for consumer to None, run_after=None
[2024-03-08T17:11:32.477+0000] {processor.py:176} INFO - Processing /opt/airflow/dags/consumer.py took 0.138 seconds
[2024-03-08T17:12:03.406+0000] {processor.py:154} INFO - Started process (PID=87) to work on /opt/airflow/dags/consumer.py
[2024-03-08T17:12:03.407+0000] {processor.py:756} INFO - Processing file /opt/airflow/dags/consumer.py for tasks to queue
[2024-03-08T17:12:03.408+0000] {logging_mixin.py:120} INFO - [2024-03-08T17:12:03.407+0000] {dagbag.py:537} INFO - Filling up the DagBag from /opt/airflow/dags/consumer.py
[2024-03-08T17:12:03.421+0000] {processor.py:766} INFO - DAG(s) dict_keys(['consumer']) retrieved from /opt/airflow/dags/consumer.py
[2024-03-08T17:12:03.441+0000] {logging_mixin.py:120} INFO - [2024-03-08T17:12:03.441+0000] {dag.py:2585} INFO - Sync 1 DAGs
[2024-03-08T17:12:03.455+0000] {logging_mixin.py:120} INFO - [2024-03-08T17:12:03.455+0000] {dag.py:3340} INFO - Setting next_dagrun for consumer to None, run_after=None
[2024-03-08T17:12:03.467+0000] {processor.py:176} INFO - Processing /opt/airflow/dags/consumer.py took 0.062 seconds
[2024-03-08T17:12:34.307+0000] {processor.py:154} INFO - Started process (PID=125) to work on /opt/airflow/dags/consumer.py
[2024-03-08T17:12:34.311+0000] {processor.py:756} INFO - Processing file /opt/airflow/dags/consumer.py for tasks to queue
[2024-03-08T17:12:34.313+0000] {logging_mixin.py:120} INFO - [2024-03-08T17:12:34.313+0000] {dagbag.py:537} INFO - Filling up the DagBag from /opt/airflow/dags/consumer.py
[2024-03-08T17:12:34.327+0000] {processor.py:766} INFO - DAG(s) dict_keys(['consumer']) retrieved from /opt/airflow/dags/consumer.py
[2024-03-08T17:12:34.347+0000] {logging_mixin.py:120} INFO - [2024-03-08T17:12:34.347+0000] {dag.py:2585} INFO - Sync 1 DAGs
[2024-03-08T17:12:34.359+0000] {logging_mixin.py:120} INFO - [2024-03-08T17:12:34.359+0000] {dag.py:3340} INFO - Setting next_dagrun for consumer to None, run_after=None
[2024-03-08T17:12:34.371+0000] {processor.py:176} INFO - Processing /opt/airflow/dags/consumer.py took 0.066 seconds
[2024-03-08T20:40:35.688+0000] {processor.py:154} INFO - Started process (PID=59) to work on /opt/airflow/dags/consumer.py
[2024-03-08T20:40:35.691+0000] {processor.py:756} INFO - Processing file /opt/airflow/dags/consumer.py for tasks to queue
[2024-03-08T20:40:35.692+0000] {logging_mixin.py:120} INFO - [2024-03-08T20:40:35.692+0000] {dagbag.py:537} INFO - Filling up the DagBag from /opt/airflow/dags/consumer.py
[2024-03-08T20:40:35.739+0000] {processor.py:766} INFO - DAG(s) dict_keys(['consumer']) retrieved from /opt/airflow/dags/consumer.py
[2024-03-08T20:40:35.823+0000] {logging_mixin.py:120} INFO - [2024-03-08T20:40:35.823+0000] {dag.py:2585} INFO - Sync 1 DAGs
[2024-03-08T20:40:35.874+0000] {logging_mixin.py:120} INFO - [2024-03-08T20:40:35.873+0000] {dag.py:3340} INFO - Setting next_dagrun for consumer to None, run_after=None
[2024-03-08T20:40:35.927+0000] {processor.py:176} INFO - Processing /opt/airflow/dags/consumer.py took 0.242 seconds
[2024-03-08T20:41:08.584+0000] {processor.py:154} INFO - Started process (PID=96) to work on /opt/airflow/dags/consumer.py
[2024-03-08T20:41:08.587+0000] {processor.py:756} INFO - Processing file /opt/airflow/dags/consumer.py for tasks to queue
[2024-03-08T20:41:08.587+0000] {logging_mixin.py:120} INFO - [2024-03-08T20:41:08.587+0000] {dagbag.py:537} INFO - Filling up the DagBag from /opt/airflow/dags/consumer.py
[2024-03-08T20:41:08.621+0000] {processor.py:766} INFO - DAG(s) dict_keys(['consumer']) retrieved from /opt/airflow/dags/consumer.py
[2024-03-08T20:41:08.668+0000] {logging_mixin.py:120} INFO - [2024-03-08T20:41:08.668+0000] {dag.py:2585} INFO - Sync 1 DAGs
[2024-03-08T20:41:08.697+0000] {logging_mixin.py:120} INFO - [2024-03-08T20:41:08.696+0000] {dag.py:3340} INFO - Setting next_dagrun for consumer to None, run_after=None
[2024-03-08T20:41:08.724+0000] {processor.py:176} INFO - Processing /opt/airflow/dags/consumer.py took 0.142 seconds
