[2024-03-08T15:47:41.490+0000] {processor.py:154} INFO - Started process (PID=50) to work on /opt/airflow/dags/elastic_dag.py
[2024-03-08T15:47:41.493+0000] {processor.py:756} INFO - Processing file /opt/airflow/dags/elastic_dag.py for tasks to queue
[2024-03-08T15:47:41.495+0000] {logging_mixin.py:120} INFO - [2024-03-08T15:47:41.495+0000] {dagbag.py:537} INFO - Filling up the DagBag from /opt/airflow/dags/elastic_dag.py
[2024-03-08T15:47:42.437+0000] {processor.py:766} INFO - DAG(s) dict_keys(['elastic_dag']) retrieved from /opt/airflow/dags/elastic_dag.py
[2024-03-08T15:47:42.483+0000] {logging_mixin.py:120} INFO - [2024-03-08T15:47:42.483+0000] {dag.py:2585} INFO - Sync 1 DAGs
[2024-03-08T15:47:42.542+0000] {logging_mixin.py:120} INFO - [2024-03-08T15:47:42.542+0000] {dag.py:3340} INFO - Setting next_dagrun for elastic_dag to 2024-03-07T00:00:00+00:00, run_after=2024-03-08T00:00:00+00:00
[2024-03-08T15:47:42.583+0000] {processor.py:176} INFO - Processing /opt/airflow/dags/elastic_dag.py took 1.107 seconds
[2024-03-08T15:48:12.857+0000] {processor.py:154} INFO - Started process (PID=78) to work on /opt/airflow/dags/elastic_dag.py
[2024-03-08T15:48:12.859+0000] {processor.py:756} INFO - Processing file /opt/airflow/dags/elastic_dag.py for tasks to queue
[2024-03-08T15:48:12.862+0000] {logging_mixin.py:120} INFO - [2024-03-08T15:48:12.862+0000] {dagbag.py:537} INFO - Filling up the DagBag from /opt/airflow/dags/elastic_dag.py
[2024-03-08T15:48:13.608+0000] {processor.py:766} INFO - DAG(s) dict_keys(['elastic_dag']) retrieved from /opt/airflow/dags/elastic_dag.py
[2024-03-08T15:48:13.737+0000] {logging_mixin.py:120} INFO - [2024-03-08T15:48:13.736+0000] {dag.py:2585} INFO - Sync 1 DAGs
[2024-03-08T15:48:13.965+0000] {logging_mixin.py:120} INFO - [2024-03-08T15:48:13.965+0000] {dag.py:3340} INFO - Setting next_dagrun for elastic_dag to 2024-03-07T00:00:00+00:00, run_after=2024-03-08T00:00:00+00:00
[2024-03-08T15:48:14.021+0000] {processor.py:176} INFO - Processing /opt/airflow/dags/elastic_dag.py took 1.176 seconds
[2024-03-08T15:48:44.811+0000] {processor.py:154} INFO - Started process (PID=114) to work on /opt/airflow/dags/elastic_dag.py
[2024-03-08T15:48:44.816+0000] {processor.py:756} INFO - Processing file /opt/airflow/dags/elastic_dag.py for tasks to queue
[2024-03-08T15:48:44.817+0000] {logging_mixin.py:120} INFO - [2024-03-08T15:48:44.817+0000] {dagbag.py:537} INFO - Filling up the DagBag from /opt/airflow/dags/elastic_dag.py
[2024-03-08T15:48:45.026+0000] {processor.py:766} INFO - DAG(s) dict_keys(['elastic_dag']) retrieved from /opt/airflow/dags/elastic_dag.py
[2024-03-08T15:48:45.051+0000] {logging_mixin.py:120} INFO - [2024-03-08T15:48:45.051+0000] {dag.py:2585} INFO - Sync 1 DAGs
[2024-03-08T15:48:45.089+0000] {logging_mixin.py:120} INFO - [2024-03-08T15:48:45.089+0000] {dag.py:3340} INFO - Setting next_dagrun for elastic_dag to 2024-03-07T00:00:00+00:00, run_after=2024-03-08T00:00:00+00:00
[2024-03-08T15:48:45.126+0000] {processor.py:176} INFO - Processing /opt/airflow/dags/elastic_dag.py took 0.321 seconds
[2024-03-08T15:49:15.987+0000] {processor.py:154} INFO - Started process (PID=151) to work on /opt/airflow/dags/elastic_dag.py
[2024-03-08T15:49:15.989+0000] {processor.py:756} INFO - Processing file /opt/airflow/dags/elastic_dag.py for tasks to queue
[2024-03-08T15:49:15.990+0000] {logging_mixin.py:120} INFO - [2024-03-08T15:49:15.990+0000] {dagbag.py:537} INFO - Filling up the DagBag from /opt/airflow/dags/elastic_dag.py
[2024-03-08T15:49:16.232+0000] {processor.py:766} INFO - DAG(s) dict_keys(['elastic_dag']) retrieved from /opt/airflow/dags/elastic_dag.py
[2024-03-08T15:49:16.263+0000] {logging_mixin.py:120} INFO - [2024-03-08T15:49:16.263+0000] {dag.py:2585} INFO - Sync 1 DAGs
[2024-03-08T15:49:16.281+0000] {logging_mixin.py:120} INFO - [2024-03-08T15:49:16.281+0000] {dag.py:3340} INFO - Setting next_dagrun for elastic_dag to 2024-03-07T00:00:00+00:00, run_after=2024-03-08T00:00:00+00:00
[2024-03-08T15:49:16.292+0000] {processor.py:176} INFO - Processing /opt/airflow/dags/elastic_dag.py took 0.309 seconds
[2024-03-08T15:49:46.876+0000] {processor.py:154} INFO - Started process (PID=188) to work on /opt/airflow/dags/elastic_dag.py
[2024-03-08T15:49:46.878+0000] {processor.py:756} INFO - Processing file /opt/airflow/dags/elastic_dag.py for tasks to queue
[2024-03-08T15:49:46.879+0000] {logging_mixin.py:120} INFO - [2024-03-08T15:49:46.879+0000] {dagbag.py:537} INFO - Filling up the DagBag from /opt/airflow/dags/elastic_dag.py
[2024-03-08T15:49:47.074+0000] {processor.py:766} INFO - DAG(s) dict_keys(['elastic_dag']) retrieved from /opt/airflow/dags/elastic_dag.py
[2024-03-08T15:49:47.099+0000] {logging_mixin.py:120} INFO - [2024-03-08T15:49:47.098+0000] {dag.py:2585} INFO - Sync 1 DAGs
[2024-03-08T15:49:47.115+0000] {logging_mixin.py:120} INFO - [2024-03-08T15:49:47.115+0000] {dag.py:3340} INFO - Setting next_dagrun for elastic_dag to 2024-03-07T00:00:00+00:00, run_after=2024-03-08T00:00:00+00:00
[2024-03-08T15:49:47.125+0000] {processor.py:176} INFO - Processing /opt/airflow/dags/elastic_dag.py took 0.252 seconds
[2024-03-08T15:50:17.791+0000] {processor.py:154} INFO - Started process (PID=225) to work on /opt/airflow/dags/elastic_dag.py
[2024-03-08T15:50:17.793+0000] {processor.py:756} INFO - Processing file /opt/airflow/dags/elastic_dag.py for tasks to queue
[2024-03-08T15:50:17.795+0000] {logging_mixin.py:120} INFO - [2024-03-08T15:50:17.794+0000] {dagbag.py:537} INFO - Filling up the DagBag from /opt/airflow/dags/elastic_dag.py
[2024-03-08T15:50:18.015+0000] {processor.py:766} INFO - DAG(s) dict_keys(['elastic_dag']) retrieved from /opt/airflow/dags/elastic_dag.py
[2024-03-08T15:50:18.041+0000] {logging_mixin.py:120} INFO - [2024-03-08T15:50:18.040+0000] {dag.py:2585} INFO - Sync 1 DAGs
[2024-03-08T15:50:18.062+0000] {logging_mixin.py:120} INFO - [2024-03-08T15:50:18.062+0000] {dag.py:3340} INFO - Setting next_dagrun for elastic_dag to 2024-03-07T00:00:00+00:00, run_after=2024-03-08T00:00:00+00:00
[2024-03-08T15:50:18.072+0000] {processor.py:176} INFO - Processing /opt/airflow/dags/elastic_dag.py took 0.286 seconds
[2024-03-08T15:50:48.658+0000] {processor.py:154} INFO - Started process (PID=263) to work on /opt/airflow/dags/elastic_dag.py
[2024-03-08T15:50:48.661+0000] {processor.py:756} INFO - Processing file /opt/airflow/dags/elastic_dag.py for tasks to queue
[2024-03-08T15:50:48.662+0000] {logging_mixin.py:120} INFO - [2024-03-08T15:50:48.662+0000] {dagbag.py:537} INFO - Filling up the DagBag from /opt/airflow/dags/elastic_dag.py
[2024-03-08T15:50:48.823+0000] {processor.py:766} INFO - DAG(s) dict_keys(['elastic_dag']) retrieved from /opt/airflow/dags/elastic_dag.py
[2024-03-08T15:50:48.845+0000] {logging_mixin.py:120} INFO - [2024-03-08T15:50:48.845+0000] {dag.py:2585} INFO - Sync 1 DAGs
[2024-03-08T15:50:48.860+0000] {logging_mixin.py:120} INFO - [2024-03-08T15:50:48.860+0000] {dag.py:3340} INFO - Setting next_dagrun for elastic_dag to 2024-03-07T00:00:00+00:00, run_after=2024-03-08T00:00:00+00:00
[2024-03-08T15:50:48.872+0000] {processor.py:176} INFO - Processing /opt/airflow/dags/elastic_dag.py took 0.218 seconds
[2024-03-08T15:51:19.615+0000] {processor.py:154} INFO - Started process (PID=301) to work on /opt/airflow/dags/elastic_dag.py
[2024-03-08T15:51:19.618+0000] {processor.py:756} INFO - Processing file /opt/airflow/dags/elastic_dag.py for tasks to queue
[2024-03-08T15:51:19.620+0000] {logging_mixin.py:120} INFO - [2024-03-08T15:51:19.619+0000] {dagbag.py:537} INFO - Filling up the DagBag from /opt/airflow/dags/elastic_dag.py
[2024-03-08T15:51:19.840+0000] {processor.py:766} INFO - DAG(s) dict_keys(['elastic_dag']) retrieved from /opt/airflow/dags/elastic_dag.py
[2024-03-08T15:51:19.875+0000] {logging_mixin.py:120} INFO - [2024-03-08T15:51:19.874+0000] {dag.py:2585} INFO - Sync 1 DAGs
[2024-03-08T15:51:19.892+0000] {logging_mixin.py:120} INFO - [2024-03-08T15:51:19.892+0000] {dag.py:3340} INFO - Setting next_dagrun for elastic_dag to 2024-03-07T00:00:00+00:00, run_after=2024-03-08T00:00:00+00:00
[2024-03-08T15:51:19.903+0000] {processor.py:176} INFO - Processing /opt/airflow/dags/elastic_dag.py took 0.297 seconds
[2024-03-08T15:51:50.647+0000] {processor.py:154} INFO - Started process (PID=329) to work on /opt/airflow/dags/elastic_dag.py
[2024-03-08T15:51:50.650+0000] {processor.py:756} INFO - Processing file /opt/airflow/dags/elastic_dag.py for tasks to queue
[2024-03-08T15:51:50.651+0000] {logging_mixin.py:120} INFO - [2024-03-08T15:51:50.651+0000] {dagbag.py:537} INFO - Filling up the DagBag from /opt/airflow/dags/elastic_dag.py
[2024-03-08T15:51:50.881+0000] {processor.py:766} INFO - DAG(s) dict_keys(['elastic_dag']) retrieved from /opt/airflow/dags/elastic_dag.py
[2024-03-08T15:51:50.906+0000] {logging_mixin.py:120} INFO - [2024-03-08T15:51:50.906+0000] {dag.py:2585} INFO - Sync 1 DAGs
[2024-03-08T15:51:50.934+0000] {logging_mixin.py:120} INFO - [2024-03-08T15:51:50.934+0000] {dag.py:3340} INFO - Setting next_dagrun for elastic_dag to 2024-03-07T00:00:00+00:00, run_after=2024-03-08T00:00:00+00:00
[2024-03-08T15:51:50.946+0000] {processor.py:176} INFO - Processing /opt/airflow/dags/elastic_dag.py took 0.305 seconds
[2024-03-08T15:52:21.574+0000] {processor.py:154} INFO - Started process (PID=366) to work on /opt/airflow/dags/elastic_dag.py
[2024-03-08T15:52:21.576+0000] {processor.py:756} INFO - Processing file /opt/airflow/dags/elastic_dag.py for tasks to queue
[2024-03-08T15:52:21.577+0000] {logging_mixin.py:120} INFO - [2024-03-08T15:52:21.577+0000] {dagbag.py:537} INFO - Filling up the DagBag from /opt/airflow/dags/elastic_dag.py
[2024-03-08T15:52:21.801+0000] {processor.py:766} INFO - DAG(s) dict_keys(['elastic_dag']) retrieved from /opt/airflow/dags/elastic_dag.py
[2024-03-08T15:52:21.830+0000] {logging_mixin.py:120} INFO - [2024-03-08T15:52:21.830+0000] {dag.py:2585} INFO - Sync 1 DAGs
[2024-03-08T15:52:21.851+0000] {logging_mixin.py:120} INFO - [2024-03-08T15:52:21.851+0000] {dag.py:3340} INFO - Setting next_dagrun for elastic_dag to 2024-03-07T00:00:00+00:00, run_after=2024-03-08T00:00:00+00:00
[2024-03-08T15:52:21.868+0000] {processor.py:176} INFO - Processing /opt/airflow/dags/elastic_dag.py took 0.298 seconds
[2024-03-08T15:52:52.602+0000] {processor.py:154} INFO - Started process (PID=403) to work on /opt/airflow/dags/elastic_dag.py
[2024-03-08T15:52:52.603+0000] {processor.py:756} INFO - Processing file /opt/airflow/dags/elastic_dag.py for tasks to queue
[2024-03-08T15:52:52.604+0000] {logging_mixin.py:120} INFO - [2024-03-08T15:52:52.604+0000] {dagbag.py:537} INFO - Filling up the DagBag from /opt/airflow/dags/elastic_dag.py
[2024-03-08T15:52:52.786+0000] {processor.py:766} INFO - DAG(s) dict_keys(['elastic_dag']) retrieved from /opt/airflow/dags/elastic_dag.py
[2024-03-08T15:52:52.807+0000] {logging_mixin.py:120} INFO - [2024-03-08T15:52:52.806+0000] {dag.py:2585} INFO - Sync 1 DAGs
[2024-03-08T15:52:52.822+0000] {logging_mixin.py:120} INFO - [2024-03-08T15:52:52.822+0000] {dag.py:3340} INFO - Setting next_dagrun for elastic_dag to 2024-03-07T00:00:00+00:00, run_after=2024-03-08T00:00:00+00:00
[2024-03-08T15:52:52.832+0000] {processor.py:176} INFO - Processing /opt/airflow/dags/elastic_dag.py took 0.233 seconds
[2024-03-08T15:53:23.386+0000] {processor.py:154} INFO - Started process (PID=441) to work on /opt/airflow/dags/elastic_dag.py
[2024-03-08T15:53:23.393+0000] {processor.py:756} INFO - Processing file /opt/airflow/dags/elastic_dag.py for tasks to queue
[2024-03-08T15:53:23.402+0000] {logging_mixin.py:120} INFO - [2024-03-08T15:53:23.401+0000] {dagbag.py:537} INFO - Filling up the DagBag from /opt/airflow/dags/elastic_dag.py
[2024-03-08T15:53:23.635+0000] {processor.py:766} INFO - DAG(s) dict_keys(['elastic_dag']) retrieved from /opt/airflow/dags/elastic_dag.py
[2024-03-08T15:53:23.668+0000] {logging_mixin.py:120} INFO - [2024-03-08T15:53:23.667+0000] {dag.py:2585} INFO - Sync 1 DAGs
[2024-03-08T15:53:23.685+0000] {logging_mixin.py:120} INFO - [2024-03-08T15:53:23.685+0000] {dag.py:3340} INFO - Setting next_dagrun for elastic_dag to 2024-03-07T00:00:00+00:00, run_after=2024-03-08T00:00:00+00:00
[2024-03-08T15:53:23.695+0000] {processor.py:176} INFO - Processing /opt/airflow/dags/elastic_dag.py took 0.316 seconds
[2024-03-08T15:53:54.437+0000] {processor.py:154} INFO - Started process (PID=478) to work on /opt/airflow/dags/elastic_dag.py
[2024-03-08T15:53:54.440+0000] {processor.py:756} INFO - Processing file /opt/airflow/dags/elastic_dag.py for tasks to queue
[2024-03-08T15:53:54.441+0000] {logging_mixin.py:120} INFO - [2024-03-08T15:53:54.441+0000] {dagbag.py:537} INFO - Filling up the DagBag from /opt/airflow/dags/elastic_dag.py
[2024-03-08T15:53:54.700+0000] {processor.py:766} INFO - DAG(s) dict_keys(['elastic_dag']) retrieved from /opt/airflow/dags/elastic_dag.py
[2024-03-08T15:53:54.736+0000] {logging_mixin.py:120} INFO - [2024-03-08T15:53:54.736+0000] {dag.py:2585} INFO - Sync 1 DAGs
[2024-03-08T15:53:54.758+0000] {logging_mixin.py:120} INFO - [2024-03-08T15:53:54.758+0000] {dag.py:3340} INFO - Setting next_dagrun for elastic_dag to 2024-03-07T00:00:00+00:00, run_after=2024-03-08T00:00:00+00:00
[2024-03-08T15:53:54.769+0000] {processor.py:176} INFO - Processing /opt/airflow/dags/elastic_dag.py took 0.338 seconds
[2024-03-08T15:54:25.522+0000] {processor.py:154} INFO - Started process (PID=514) to work on /opt/airflow/dags/elastic_dag.py
[2024-03-08T15:54:25.524+0000] {processor.py:756} INFO - Processing file /opt/airflow/dags/elastic_dag.py for tasks to queue
[2024-03-08T15:54:25.525+0000] {logging_mixin.py:120} INFO - [2024-03-08T15:54:25.525+0000] {dagbag.py:537} INFO - Filling up the DagBag from /opt/airflow/dags/elastic_dag.py
[2024-03-08T15:54:25.710+0000] {processor.py:766} INFO - DAG(s) dict_keys(['elastic_dag']) retrieved from /opt/airflow/dags/elastic_dag.py
[2024-03-08T15:54:25.732+0000] {logging_mixin.py:120} INFO - [2024-03-08T15:54:25.732+0000] {dag.py:2585} INFO - Sync 1 DAGs
[2024-03-08T15:54:25.750+0000] {logging_mixin.py:120} INFO - [2024-03-08T15:54:25.750+0000] {dag.py:3340} INFO - Setting next_dagrun for elastic_dag to 2024-03-07T00:00:00+00:00, run_after=2024-03-08T00:00:00+00:00
[2024-03-08T15:54:25.762+0000] {processor.py:176} INFO - Processing /opt/airflow/dags/elastic_dag.py took 0.243 seconds
[2024-03-08T15:54:56.623+0000] {processor.py:154} INFO - Started process (PID=542) to work on /opt/airflow/dags/elastic_dag.py
[2024-03-08T15:54:56.628+0000] {processor.py:756} INFO - Processing file /opt/airflow/dags/elastic_dag.py for tasks to queue
[2024-03-08T15:54:56.630+0000] {logging_mixin.py:120} INFO - [2024-03-08T15:54:56.630+0000] {dagbag.py:537} INFO - Filling up the DagBag from /opt/airflow/dags/elastic_dag.py
[2024-03-08T15:54:56.850+0000] {processor.py:766} INFO - DAG(s) dict_keys(['elastic_dag']) retrieved from /opt/airflow/dags/elastic_dag.py
[2024-03-08T15:54:56.893+0000] {logging_mixin.py:120} INFO - [2024-03-08T15:54:56.893+0000] {dag.py:2585} INFO - Sync 1 DAGs
[2024-03-08T15:54:56.921+0000] {logging_mixin.py:120} INFO - [2024-03-08T15:54:56.921+0000] {dag.py:3340} INFO - Setting next_dagrun for elastic_dag to 2024-03-07T00:00:00+00:00, run_after=2024-03-08T00:00:00+00:00
[2024-03-08T15:54:56.941+0000] {processor.py:176} INFO - Processing /opt/airflow/dags/elastic_dag.py took 0.328 seconds
[2024-03-08T15:55:27.567+0000] {processor.py:154} INFO - Started process (PID=579) to work on /opt/airflow/dags/elastic_dag.py
[2024-03-08T15:55:27.569+0000] {processor.py:756} INFO - Processing file /opt/airflow/dags/elastic_dag.py for tasks to queue
[2024-03-08T15:55:27.570+0000] {logging_mixin.py:120} INFO - [2024-03-08T15:55:27.570+0000] {dagbag.py:537} INFO - Filling up the DagBag from /opt/airflow/dags/elastic_dag.py
[2024-03-08T15:55:27.813+0000] {processor.py:766} INFO - DAG(s) dict_keys(['elastic_dag']) retrieved from /opt/airflow/dags/elastic_dag.py
[2024-03-08T15:55:27.840+0000] {logging_mixin.py:120} INFO - [2024-03-08T15:55:27.840+0000] {dag.py:2585} INFO - Sync 1 DAGs
[2024-03-08T15:55:27.859+0000] {logging_mixin.py:120} INFO - [2024-03-08T15:55:27.859+0000] {dag.py:3340} INFO - Setting next_dagrun for elastic_dag to 2024-03-07T00:00:00+00:00, run_after=2024-03-08T00:00:00+00:00
[2024-03-08T15:55:27.869+0000] {processor.py:176} INFO - Processing /opt/airflow/dags/elastic_dag.py took 0.309 seconds
[2024-03-08T15:55:58.539+0000] {processor.py:154} INFO - Started process (PID=616) to work on /opt/airflow/dags/elastic_dag.py
[2024-03-08T15:55:58.541+0000] {processor.py:756} INFO - Processing file /opt/airflow/dags/elastic_dag.py for tasks to queue
[2024-03-08T15:55:58.542+0000] {logging_mixin.py:120} INFO - [2024-03-08T15:55:58.542+0000] {dagbag.py:537} INFO - Filling up the DagBag from /opt/airflow/dags/elastic_dag.py
[2024-03-08T15:55:58.723+0000] {processor.py:766} INFO - DAG(s) dict_keys(['elastic_dag']) retrieved from /opt/airflow/dags/elastic_dag.py
[2024-03-08T15:55:58.750+0000] {logging_mixin.py:120} INFO - [2024-03-08T15:55:58.750+0000] {dag.py:2585} INFO - Sync 1 DAGs
[2024-03-08T15:55:58.768+0000] {logging_mixin.py:120} INFO - [2024-03-08T15:55:58.768+0000] {dag.py:3340} INFO - Setting next_dagrun for elastic_dag to 2024-03-07T00:00:00+00:00, run_after=2024-03-08T00:00:00+00:00
[2024-03-08T15:55:58.782+0000] {processor.py:176} INFO - Processing /opt/airflow/dags/elastic_dag.py took 0.247 seconds
[2024-03-08T15:56:29.434+0000] {processor.py:154} INFO - Started process (PID=653) to work on /opt/airflow/dags/elastic_dag.py
[2024-03-08T15:56:29.435+0000] {processor.py:756} INFO - Processing file /opt/airflow/dags/elastic_dag.py for tasks to queue
[2024-03-08T15:56:29.436+0000] {logging_mixin.py:120} INFO - [2024-03-08T15:56:29.436+0000] {dagbag.py:537} INFO - Filling up the DagBag from /opt/airflow/dags/elastic_dag.py
[2024-03-08T15:56:29.733+0000] {processor.py:766} INFO - DAG(s) dict_keys(['elastic_dag']) retrieved from /opt/airflow/dags/elastic_dag.py
[2024-03-08T15:56:29.764+0000] {logging_mixin.py:120} INFO - [2024-03-08T15:56:29.764+0000] {dag.py:2585} INFO - Sync 1 DAGs
[2024-03-08T15:56:29.790+0000] {logging_mixin.py:120} INFO - [2024-03-08T15:56:29.790+0000] {dag.py:3340} INFO - Setting next_dagrun for elastic_dag to 2024-03-07T00:00:00+00:00, run_after=2024-03-08T00:00:00+00:00
[2024-03-08T15:56:29.804+0000] {processor.py:176} INFO - Processing /opt/airflow/dags/elastic_dag.py took 0.376 seconds
[2024-03-08T15:57:00.482+0000] {processor.py:154} INFO - Started process (PID=690) to work on /opt/airflow/dags/elastic_dag.py
[2024-03-08T15:57:00.485+0000] {processor.py:756} INFO - Processing file /opt/airflow/dags/elastic_dag.py for tasks to queue
[2024-03-08T15:57:00.486+0000] {logging_mixin.py:120} INFO - [2024-03-08T15:57:00.486+0000] {dagbag.py:537} INFO - Filling up the DagBag from /opt/airflow/dags/elastic_dag.py
[2024-03-08T15:57:00.649+0000] {processor.py:766} INFO - DAG(s) dict_keys(['elastic_dag']) retrieved from /opt/airflow/dags/elastic_dag.py
[2024-03-08T15:57:00.669+0000] {logging_mixin.py:120} INFO - [2024-03-08T15:57:00.669+0000] {dag.py:2585} INFO - Sync 1 DAGs
[2024-03-08T15:57:00.694+0000] {logging_mixin.py:120} INFO - [2024-03-08T15:57:00.694+0000] {dag.py:3340} INFO - Setting next_dagrun for elastic_dag to 2024-03-07T00:00:00+00:00, run_after=2024-03-08T00:00:00+00:00
[2024-03-08T15:57:00.710+0000] {processor.py:176} INFO - Processing /opt/airflow/dags/elastic_dag.py took 0.232 seconds
[2024-03-08T15:57:31.322+0000] {processor.py:154} INFO - Started process (PID=727) to work on /opt/airflow/dags/elastic_dag.py
[2024-03-08T15:57:31.324+0000] {processor.py:756} INFO - Processing file /opt/airflow/dags/elastic_dag.py for tasks to queue
[2024-03-08T15:57:31.325+0000] {logging_mixin.py:120} INFO - [2024-03-08T15:57:31.325+0000] {dagbag.py:537} INFO - Filling up the DagBag from /opt/airflow/dags/elastic_dag.py
[2024-03-08T15:57:31.507+0000] {processor.py:766} INFO - DAG(s) dict_keys(['elastic_dag']) retrieved from /opt/airflow/dags/elastic_dag.py
[2024-03-08T15:57:31.528+0000] {logging_mixin.py:120} INFO - [2024-03-08T15:57:31.528+0000] {dag.py:2585} INFO - Sync 1 DAGs
[2024-03-08T15:57:31.544+0000] {logging_mixin.py:120} INFO - [2024-03-08T15:57:31.544+0000] {dag.py:3340} INFO - Setting next_dagrun for elastic_dag to 2024-03-07T00:00:00+00:00, run_after=2024-03-08T00:00:00+00:00
[2024-03-08T15:57:31.556+0000] {processor.py:176} INFO - Processing /opt/airflow/dags/elastic_dag.py took 0.237 seconds
[2024-03-08T15:58:02.311+0000] {processor.py:154} INFO - Started process (PID=764) to work on /opt/airflow/dags/elastic_dag.py
[2024-03-08T15:58:02.312+0000] {processor.py:756} INFO - Processing file /opt/airflow/dags/elastic_dag.py for tasks to queue
[2024-03-08T15:58:02.313+0000] {logging_mixin.py:120} INFO - [2024-03-08T15:58:02.313+0000] {dagbag.py:537} INFO - Filling up the DagBag from /opt/airflow/dags/elastic_dag.py
[2024-03-08T15:58:02.493+0000] {processor.py:766} INFO - DAG(s) dict_keys(['elastic_dag']) retrieved from /opt/airflow/dags/elastic_dag.py
[2024-03-08T15:58:02.528+0000] {logging_mixin.py:120} INFO - [2024-03-08T15:58:02.528+0000] {dag.py:2585} INFO - Sync 1 DAGs
[2024-03-08T15:58:02.545+0000] {logging_mixin.py:120} INFO - [2024-03-08T15:58:02.545+0000] {dag.py:3340} INFO - Setting next_dagrun for elastic_dag to 2024-03-07T00:00:00+00:00, run_after=2024-03-08T00:00:00+00:00
[2024-03-08T15:58:02.556+0000] {processor.py:176} INFO - Processing /opt/airflow/dags/elastic_dag.py took 0.247 seconds
[2024-03-08T15:58:33.321+0000] {processor.py:154} INFO - Started process (PID=792) to work on /opt/airflow/dags/elastic_dag.py
[2024-03-08T15:58:33.322+0000] {processor.py:756} INFO - Processing file /opt/airflow/dags/elastic_dag.py for tasks to queue
[2024-03-08T15:58:33.322+0000] {logging_mixin.py:120} INFO - [2024-03-08T15:58:33.322+0000] {dagbag.py:537} INFO - Filling up the DagBag from /opt/airflow/dags/elastic_dag.py
[2024-03-08T15:58:33.619+0000] {processor.py:766} INFO - DAG(s) dict_keys(['elastic_dag']) retrieved from /opt/airflow/dags/elastic_dag.py
[2024-03-08T15:58:33.666+0000] {logging_mixin.py:120} INFO - [2024-03-08T15:58:33.666+0000] {dag.py:2585} INFO - Sync 1 DAGs
[2024-03-08T15:58:33.710+0000] {logging_mixin.py:120} INFO - [2024-03-08T15:58:33.709+0000] {dag.py:3340} INFO - Setting next_dagrun for elastic_dag to 2024-03-07T00:00:00+00:00, run_after=2024-03-08T00:00:00+00:00
[2024-03-08T15:58:33.781+0000] {processor.py:176} INFO - Processing /opt/airflow/dags/elastic_dag.py took 0.463 seconds
[2024-03-08T15:59:03.910+0000] {processor.py:154} INFO - Started process (PID=828) to work on /opt/airflow/dags/elastic_dag.py
[2024-03-08T15:59:03.912+0000] {processor.py:756} INFO - Processing file /opt/airflow/dags/elastic_dag.py for tasks to queue
[2024-03-08T15:59:03.913+0000] {logging_mixin.py:120} INFO - [2024-03-08T15:59:03.913+0000] {dagbag.py:537} INFO - Filling up the DagBag from /opt/airflow/dags/elastic_dag.py
[2024-03-08T15:59:04.168+0000] {processor.py:766} INFO - DAG(s) dict_keys(['elastic_dag']) retrieved from /opt/airflow/dags/elastic_dag.py
[2024-03-08T15:59:04.198+0000] {logging_mixin.py:120} INFO - [2024-03-08T15:59:04.198+0000] {dag.py:2585} INFO - Sync 1 DAGs
[2024-03-08T15:59:04.215+0000] {logging_mixin.py:120} INFO - [2024-03-08T15:59:04.215+0000] {dag.py:3340} INFO - Setting next_dagrun for elastic_dag to 2024-03-07T00:00:00+00:00, run_after=2024-03-08T00:00:00+00:00
[2024-03-08T15:59:04.225+0000] {processor.py:176} INFO - Processing /opt/airflow/dags/elastic_dag.py took 0.323 seconds
[2024-03-08T15:59:35.046+0000] {processor.py:154} INFO - Started process (PID=866) to work on /opt/airflow/dags/elastic_dag.py
[2024-03-08T15:59:35.051+0000] {processor.py:756} INFO - Processing file /opt/airflow/dags/elastic_dag.py for tasks to queue
[2024-03-08T15:59:35.055+0000] {logging_mixin.py:120} INFO - [2024-03-08T15:59:35.055+0000] {dagbag.py:537} INFO - Filling up the DagBag from /opt/airflow/dags/elastic_dag.py
[2024-03-08T15:59:35.269+0000] {processor.py:766} INFO - DAG(s) dict_keys(['elastic_dag']) retrieved from /opt/airflow/dags/elastic_dag.py
[2024-03-08T15:59:35.304+0000] {logging_mixin.py:120} INFO - [2024-03-08T15:59:35.303+0000] {dag.py:2585} INFO - Sync 1 DAGs
[2024-03-08T15:59:35.331+0000] {logging_mixin.py:120} INFO - [2024-03-08T15:59:35.330+0000] {dag.py:3340} INFO - Setting next_dagrun for elastic_dag to 2024-03-07T00:00:00+00:00, run_after=2024-03-08T00:00:00+00:00
[2024-03-08T15:59:35.347+0000] {processor.py:176} INFO - Processing /opt/airflow/dags/elastic_dag.py took 0.311 seconds
[2024-03-08T16:00:06.108+0000] {processor.py:154} INFO - Started process (PID=902) to work on /opt/airflow/dags/elastic_dag.py
[2024-03-08T16:00:06.109+0000] {processor.py:756} INFO - Processing file /opt/airflow/dags/elastic_dag.py for tasks to queue
[2024-03-08T16:00:06.110+0000] {logging_mixin.py:120} INFO - [2024-03-08T16:00:06.110+0000] {dagbag.py:537} INFO - Filling up the DagBag from /opt/airflow/dags/elastic_dag.py
[2024-03-08T16:00:06.353+0000] {processor.py:766} INFO - DAG(s) dict_keys(['elastic_dag']) retrieved from /opt/airflow/dags/elastic_dag.py
[2024-03-08T16:00:06.394+0000] {logging_mixin.py:120} INFO - [2024-03-08T16:00:06.394+0000] {dag.py:2585} INFO - Sync 1 DAGs
[2024-03-08T16:00:06.438+0000] {logging_mixin.py:120} INFO - [2024-03-08T16:00:06.438+0000] {dag.py:3340} INFO - Setting next_dagrun for elastic_dag to 2024-03-07T00:00:00+00:00, run_after=2024-03-08T00:00:00+00:00
[2024-03-08T16:00:06.454+0000] {processor.py:176} INFO - Processing /opt/airflow/dags/elastic_dag.py took 0.351 seconds
[2024-03-08T16:00:37.229+0000] {processor.py:154} INFO - Started process (PID=939) to work on /opt/airflow/dags/elastic_dag.py
[2024-03-08T16:00:37.231+0000] {processor.py:756} INFO - Processing file /opt/airflow/dags/elastic_dag.py for tasks to queue
[2024-03-08T16:00:37.232+0000] {logging_mixin.py:120} INFO - [2024-03-08T16:00:37.232+0000] {dagbag.py:537} INFO - Filling up the DagBag from /opt/airflow/dags/elastic_dag.py
[2024-03-08T16:00:37.497+0000] {processor.py:766} INFO - DAG(s) dict_keys(['elastic_dag']) retrieved from /opt/airflow/dags/elastic_dag.py
[2024-03-08T16:00:37.545+0000] {logging_mixin.py:120} INFO - [2024-03-08T16:00:37.545+0000] {dag.py:2585} INFO - Sync 1 DAGs
[2024-03-08T16:00:37.566+0000] {logging_mixin.py:120} INFO - [2024-03-08T16:00:37.566+0000] {dag.py:3340} INFO - Setting next_dagrun for elastic_dag to 2024-03-07T00:00:00+00:00, run_after=2024-03-08T00:00:00+00:00
[2024-03-08T16:00:37.579+0000] {processor.py:176} INFO - Processing /opt/airflow/dags/elastic_dag.py took 0.354 seconds
[2024-03-08T16:01:08.388+0000] {processor.py:154} INFO - Started process (PID=976) to work on /opt/airflow/dags/elastic_dag.py
[2024-03-08T16:01:08.389+0000] {processor.py:756} INFO - Processing file /opt/airflow/dags/elastic_dag.py for tasks to queue
[2024-03-08T16:01:08.390+0000] {logging_mixin.py:120} INFO - [2024-03-08T16:01:08.390+0000] {dagbag.py:537} INFO - Filling up the DagBag from /opt/airflow/dags/elastic_dag.py
[2024-03-08T16:01:08.603+0000] {processor.py:766} INFO - DAG(s) dict_keys(['elastic_dag']) retrieved from /opt/airflow/dags/elastic_dag.py
[2024-03-08T16:01:08.627+0000] {logging_mixin.py:120} INFO - [2024-03-08T16:01:08.627+0000] {dag.py:2585} INFO - Sync 1 DAGs
[2024-03-08T16:01:08.645+0000] {logging_mixin.py:120} INFO - [2024-03-08T16:01:08.645+0000] {dag.py:3340} INFO - Setting next_dagrun for elastic_dag to 2024-03-07T00:00:00+00:00, run_after=2024-03-08T00:00:00+00:00
[2024-03-08T16:01:08.655+0000] {processor.py:176} INFO - Processing /opt/airflow/dags/elastic_dag.py took 0.269 seconds
[2024-03-08T16:01:39.361+0000] {processor.py:154} INFO - Started process (PID=1004) to work on /opt/airflow/dags/elastic_dag.py
[2024-03-08T16:01:39.364+0000] {processor.py:756} INFO - Processing file /opt/airflow/dags/elastic_dag.py for tasks to queue
[2024-03-08T16:01:39.366+0000] {logging_mixin.py:120} INFO - [2024-03-08T16:01:39.366+0000] {dagbag.py:537} INFO - Filling up the DagBag from /opt/airflow/dags/elastic_dag.py
[2024-03-08T16:01:39.598+0000] {processor.py:766} INFO - DAG(s) dict_keys(['elastic_dag']) retrieved from /opt/airflow/dags/elastic_dag.py
[2024-03-08T16:01:39.640+0000] {logging_mixin.py:120} INFO - [2024-03-08T16:01:39.640+0000] {dag.py:2585} INFO - Sync 1 DAGs
[2024-03-08T16:01:39.667+0000] {logging_mixin.py:120} INFO - [2024-03-08T16:01:39.667+0000] {dag.py:3340} INFO - Setting next_dagrun for elastic_dag to 2024-03-07T00:00:00+00:00, run_after=2024-03-08T00:00:00+00:00
[2024-03-08T16:01:39.679+0000] {processor.py:176} INFO - Processing /opt/airflow/dags/elastic_dag.py took 0.327 seconds
[2024-03-08T16:02:10.253+0000] {processor.py:154} INFO - Started process (PID=1040) to work on /opt/airflow/dags/elastic_dag.py
[2024-03-08T16:02:10.253+0000] {processor.py:756} INFO - Processing file /opt/airflow/dags/elastic_dag.py for tasks to queue
[2024-03-08T16:02:10.254+0000] {logging_mixin.py:120} INFO - [2024-03-08T16:02:10.254+0000] {dagbag.py:537} INFO - Filling up the DagBag from /opt/airflow/dags/elastic_dag.py
[2024-03-08T16:02:10.462+0000] {processor.py:766} INFO - DAG(s) dict_keys(['elastic_dag']) retrieved from /opt/airflow/dags/elastic_dag.py
[2024-03-08T16:02:10.514+0000] {logging_mixin.py:120} INFO - [2024-03-08T16:02:10.514+0000] {dag.py:2585} INFO - Sync 1 DAGs
[2024-03-08T16:02:10.536+0000] {logging_mixin.py:120} INFO - [2024-03-08T16:02:10.536+0000] {dag.py:3340} INFO - Setting next_dagrun for elastic_dag to 2024-03-07T00:00:00+00:00, run_after=2024-03-08T00:00:00+00:00
[2024-03-08T16:02:10.547+0000] {processor.py:176} INFO - Processing /opt/airflow/dags/elastic_dag.py took 0.298 seconds
[2024-03-08T16:02:40.806+0000] {processor.py:154} INFO - Started process (PID=1077) to work on /opt/airflow/dags/elastic_dag.py
[2024-03-08T16:02:40.852+0000] {processor.py:756} INFO - Processing file /opt/airflow/dags/elastic_dag.py for tasks to queue
[2024-03-08T16:02:40.854+0000] {logging_mixin.py:120} INFO - [2024-03-08T16:02:40.854+0000] {dagbag.py:537} INFO - Filling up the DagBag from /opt/airflow/dags/elastic_dag.py
[2024-03-08T16:02:41.227+0000] {processor.py:766} INFO - DAG(s) dict_keys(['elastic_dag']) retrieved from /opt/airflow/dags/elastic_dag.py
[2024-03-08T16:02:41.268+0000] {logging_mixin.py:120} INFO - [2024-03-08T16:02:41.267+0000] {dag.py:2585} INFO - Sync 1 DAGs
[2024-03-08T16:02:41.305+0000] {logging_mixin.py:120} INFO - [2024-03-08T16:02:41.305+0000] {dag.py:3340} INFO - Setting next_dagrun for elastic_dag to 2024-03-07T00:00:00+00:00, run_after=2024-03-08T00:00:00+00:00
[2024-03-08T16:02:41.325+0000] {processor.py:176} INFO - Processing /opt/airflow/dags/elastic_dag.py took 0.524 seconds
[2024-03-08T16:42:09.822+0000] {processor.py:154} INFO - Started process (PID=1096) to work on /opt/airflow/dags/elastic_dag.py
[2024-03-08T16:42:09.824+0000] {processor.py:756} INFO - Processing file /opt/airflow/dags/elastic_dag.py for tasks to queue
[2024-03-08T16:42:09.825+0000] {logging_mixin.py:120} INFO - [2024-03-08T16:42:09.825+0000] {dagbag.py:537} INFO - Filling up the DagBag from /opt/airflow/dags/elastic_dag.py
[2024-03-08T16:42:10.256+0000] {processor.py:766} INFO - DAG(s) dict_keys(['elastic_dag']) retrieved from /opt/airflow/dags/elastic_dag.py
[2024-03-08T16:42:10.413+0000] {logging_mixin.py:120} INFO - [2024-03-08T16:42:10.410+0000] {dag.py:2585} INFO - Sync 1 DAGs
[2024-03-08T16:42:10.503+0000] {logging_mixin.py:120} INFO - [2024-03-08T16:42:10.502+0000] {dag.py:3340} INFO - Setting next_dagrun for elastic_dag to 2024-03-07T00:00:00+00:00, run_after=2024-03-08T00:00:00+00:00
[2024-03-08T16:42:10.558+0000] {processor.py:176} INFO - Processing /opt/airflow/dags/elastic_dag.py took 0.741 seconds
[2024-03-08T16:42:41.267+0000] {processor.py:154} INFO - Started process (PID=1132) to work on /opt/airflow/dags/elastic_dag.py
[2024-03-08T16:42:41.269+0000] {processor.py:756} INFO - Processing file /opt/airflow/dags/elastic_dag.py for tasks to queue
[2024-03-08T16:42:41.270+0000] {logging_mixin.py:120} INFO - [2024-03-08T16:42:41.270+0000] {dagbag.py:537} INFO - Filling up the DagBag from /opt/airflow/dags/elastic_dag.py
[2024-03-08T16:42:41.481+0000] {processor.py:766} INFO - DAG(s) dict_keys(['elastic_dag']) retrieved from /opt/airflow/dags/elastic_dag.py
[2024-03-08T16:42:41.510+0000] {logging_mixin.py:120} INFO - [2024-03-08T16:42:41.510+0000] {dag.py:2585} INFO - Sync 1 DAGs
[2024-03-08T16:42:41.540+0000] {logging_mixin.py:120} INFO - [2024-03-08T16:42:41.540+0000] {dag.py:3340} INFO - Setting next_dagrun for elastic_dag to 2024-03-07T00:00:00+00:00, run_after=2024-03-08T00:00:00+00:00
[2024-03-08T16:42:41.557+0000] {processor.py:176} INFO - Processing /opt/airflow/dags/elastic_dag.py took 0.304 seconds
[2024-03-08T16:43:12.579+0000] {processor.py:154} INFO - Started process (PID=1169) to work on /opt/airflow/dags/elastic_dag.py
[2024-03-08T16:43:12.581+0000] {processor.py:756} INFO - Processing file /opt/airflow/dags/elastic_dag.py for tasks to queue
[2024-03-08T16:43:12.582+0000] {logging_mixin.py:120} INFO - [2024-03-08T16:43:12.582+0000] {dagbag.py:537} INFO - Filling up the DagBag from /opt/airflow/dags/elastic_dag.py
[2024-03-08T16:43:12.797+0000] {processor.py:766} INFO - DAG(s) dict_keys(['elastic_dag']) retrieved from /opt/airflow/dags/elastic_dag.py
[2024-03-08T16:43:12.841+0000] {logging_mixin.py:120} INFO - [2024-03-08T16:43:12.841+0000] {dag.py:2585} INFO - Sync 1 DAGs
[2024-03-08T16:43:12.877+0000] {logging_mixin.py:120} INFO - [2024-03-08T16:43:12.877+0000] {dag.py:3340} INFO - Setting next_dagrun for elastic_dag to 2024-03-07T00:00:00+00:00, run_after=2024-03-08T00:00:00+00:00
[2024-03-08T16:43:12.890+0000] {processor.py:176} INFO - Processing /opt/airflow/dags/elastic_dag.py took 0.315 seconds
[2024-03-08T16:43:43.674+0000] {processor.py:154} INFO - Started process (PID=1206) to work on /opt/airflow/dags/elastic_dag.py
[2024-03-08T16:43:43.676+0000] {processor.py:756} INFO - Processing file /opt/airflow/dags/elastic_dag.py for tasks to queue
[2024-03-08T16:43:43.676+0000] {logging_mixin.py:120} INFO - [2024-03-08T16:43:43.676+0000] {dagbag.py:537} INFO - Filling up the DagBag from /opt/airflow/dags/elastic_dag.py
[2024-03-08T16:43:43.837+0000] {processor.py:766} INFO - DAG(s) dict_keys(['elastic_dag']) retrieved from /opt/airflow/dags/elastic_dag.py
[2024-03-08T16:43:43.860+0000] {logging_mixin.py:120} INFO - [2024-03-08T16:43:43.860+0000] {dag.py:2585} INFO - Sync 1 DAGs
[2024-03-08T16:43:43.878+0000] {logging_mixin.py:120} INFO - [2024-03-08T16:43:43.878+0000] {dag.py:3340} INFO - Setting next_dagrun for elastic_dag to 2024-03-07T00:00:00+00:00, run_after=2024-03-08T00:00:00+00:00
[2024-03-08T16:43:43.896+0000] {processor.py:176} INFO - Processing /opt/airflow/dags/elastic_dag.py took 0.224 seconds
[2024-03-08T16:44:14.554+0000] {processor.py:154} INFO - Started process (PID=1243) to work on /opt/airflow/dags/elastic_dag.py
[2024-03-08T16:44:14.557+0000] {processor.py:756} INFO - Processing file /opt/airflow/dags/elastic_dag.py for tasks to queue
[2024-03-08T16:44:14.558+0000] {logging_mixin.py:120} INFO - [2024-03-08T16:44:14.558+0000] {dagbag.py:537} INFO - Filling up the DagBag from /opt/airflow/dags/elastic_dag.py
[2024-03-08T16:44:14.726+0000] {processor.py:766} INFO - DAG(s) dict_keys(['elastic_dag']) retrieved from /opt/airflow/dags/elastic_dag.py
[2024-03-08T16:44:14.769+0000] {logging_mixin.py:120} INFO - [2024-03-08T16:44:14.769+0000] {dag.py:2585} INFO - Sync 1 DAGs
[2024-03-08T16:44:14.787+0000] {logging_mixin.py:120} INFO - [2024-03-08T16:44:14.787+0000] {dag.py:3340} INFO - Setting next_dagrun for elastic_dag to 2024-03-07T00:00:00+00:00, run_after=2024-03-08T00:00:00+00:00
[2024-03-08T16:44:14.797+0000] {processor.py:176} INFO - Processing /opt/airflow/dags/elastic_dag.py took 0.250 seconds
[2024-03-08T16:44:45.389+0000] {processor.py:154} INFO - Started process (PID=1280) to work on /opt/airflow/dags/elastic_dag.py
[2024-03-08T16:44:45.392+0000] {processor.py:756} INFO - Processing file /opt/airflow/dags/elastic_dag.py for tasks to queue
[2024-03-08T16:44:45.393+0000] {logging_mixin.py:120} INFO - [2024-03-08T16:44:45.393+0000] {dagbag.py:537} INFO - Filling up the DagBag from /opt/airflow/dags/elastic_dag.py
[2024-03-08T16:44:45.571+0000] {processor.py:766} INFO - DAG(s) dict_keys(['elastic_dag']) retrieved from /opt/airflow/dags/elastic_dag.py
[2024-03-08T16:44:45.595+0000] {logging_mixin.py:120} INFO - [2024-03-08T16:44:45.595+0000] {dag.py:2585} INFO - Sync 1 DAGs
[2024-03-08T16:44:45.612+0000] {logging_mixin.py:120} INFO - [2024-03-08T16:44:45.612+0000] {dag.py:3340} INFO - Setting next_dagrun for elastic_dag to 2024-03-07T00:00:00+00:00, run_after=2024-03-08T00:00:00+00:00
[2024-03-08T16:44:45.622+0000] {processor.py:176} INFO - Processing /opt/airflow/dags/elastic_dag.py took 0.237 seconds
[2024-03-08T16:45:16.255+0000] {processor.py:154} INFO - Started process (PID=1317) to work on /opt/airflow/dags/elastic_dag.py
[2024-03-08T16:45:16.257+0000] {processor.py:756} INFO - Processing file /opt/airflow/dags/elastic_dag.py for tasks to queue
[2024-03-08T16:45:16.258+0000] {logging_mixin.py:120} INFO - [2024-03-08T16:45:16.258+0000] {dagbag.py:537} INFO - Filling up the DagBag from /opt/airflow/dags/elastic_dag.py
[2024-03-08T16:45:16.482+0000] {processor.py:766} INFO - DAG(s) dict_keys(['elastic_dag']) retrieved from /opt/airflow/dags/elastic_dag.py
[2024-03-08T16:45:16.505+0000] {logging_mixin.py:120} INFO - [2024-03-08T16:45:16.504+0000] {dag.py:2585} INFO - Sync 1 DAGs
[2024-03-08T16:45:16.545+0000] {logging_mixin.py:120} INFO - [2024-03-08T16:45:16.545+0000] {dag.py:3340} INFO - Setting next_dagrun for elastic_dag to 2024-03-07T00:00:00+00:00, run_after=2024-03-08T00:00:00+00:00
[2024-03-08T16:45:16.558+0000] {processor.py:176} INFO - Processing /opt/airflow/dags/elastic_dag.py took 0.308 seconds
[2024-03-08T16:45:47.150+0000] {processor.py:154} INFO - Started process (PID=1345) to work on /opt/airflow/dags/elastic_dag.py
[2024-03-08T16:45:47.153+0000] {processor.py:756} INFO - Processing file /opt/airflow/dags/elastic_dag.py for tasks to queue
[2024-03-08T16:45:47.155+0000] {logging_mixin.py:120} INFO - [2024-03-08T16:45:47.155+0000] {dagbag.py:537} INFO - Filling up the DagBag from /opt/airflow/dags/elastic_dag.py
[2024-03-08T16:45:47.380+0000] {processor.py:766} INFO - DAG(s) dict_keys(['elastic_dag']) retrieved from /opt/airflow/dags/elastic_dag.py
[2024-03-08T16:45:47.408+0000] {logging_mixin.py:120} INFO - [2024-03-08T16:45:47.407+0000] {dag.py:2585} INFO - Sync 1 DAGs
[2024-03-08T16:45:47.427+0000] {logging_mixin.py:120} INFO - [2024-03-08T16:45:47.427+0000] {dag.py:3340} INFO - Setting next_dagrun for elastic_dag to 2024-03-07T00:00:00+00:00, run_after=2024-03-08T00:00:00+00:00
[2024-03-08T16:45:47.438+0000] {processor.py:176} INFO - Processing /opt/airflow/dags/elastic_dag.py took 0.296 seconds
[2024-03-08T16:46:18.170+0000] {processor.py:154} INFO - Started process (PID=1382) to work on /opt/airflow/dags/elastic_dag.py
[2024-03-08T16:46:18.172+0000] {processor.py:756} INFO - Processing file /opt/airflow/dags/elastic_dag.py for tasks to queue
[2024-03-08T16:46:18.173+0000] {logging_mixin.py:120} INFO - [2024-03-08T16:46:18.173+0000] {dagbag.py:537} INFO - Filling up the DagBag from /opt/airflow/dags/elastic_dag.py
[2024-03-08T16:46:18.351+0000] {processor.py:766} INFO - DAG(s) dict_keys(['elastic_dag']) retrieved from /opt/airflow/dags/elastic_dag.py
[2024-03-08T16:46:18.374+0000] {logging_mixin.py:120} INFO - [2024-03-08T16:46:18.374+0000] {dag.py:2585} INFO - Sync 1 DAGs
[2024-03-08T16:46:18.392+0000] {logging_mixin.py:120} INFO - [2024-03-08T16:46:18.392+0000] {dag.py:3340} INFO - Setting next_dagrun for elastic_dag to 2024-03-07T00:00:00+00:00, run_after=2024-03-08T00:00:00+00:00
[2024-03-08T16:46:18.402+0000] {processor.py:176} INFO - Processing /opt/airflow/dags/elastic_dag.py took 0.236 seconds
[2024-03-08T16:46:49.044+0000] {processor.py:154} INFO - Started process (PID=1418) to work on /opt/airflow/dags/elastic_dag.py
[2024-03-08T16:46:49.045+0000] {processor.py:756} INFO - Processing file /opt/airflow/dags/elastic_dag.py for tasks to queue
[2024-03-08T16:46:49.047+0000] {logging_mixin.py:120} INFO - [2024-03-08T16:46:49.047+0000] {dagbag.py:537} INFO - Filling up the DagBag from /opt/airflow/dags/elastic_dag.py
[2024-03-08T16:46:49.256+0000] {processor.py:766} INFO - DAG(s) dict_keys(['elastic_dag']) retrieved from /opt/airflow/dags/elastic_dag.py
[2024-03-08T16:46:49.283+0000] {logging_mixin.py:120} INFO - [2024-03-08T16:46:49.282+0000] {dag.py:2585} INFO - Sync 1 DAGs
[2024-03-08T16:46:49.304+0000] {logging_mixin.py:120} INFO - [2024-03-08T16:46:49.304+0000] {dag.py:3340} INFO - Setting next_dagrun for elastic_dag to 2024-03-07T00:00:00+00:00, run_after=2024-03-08T00:00:00+00:00
[2024-03-08T16:46:49.319+0000] {processor.py:176} INFO - Processing /opt/airflow/dags/elastic_dag.py took 0.280 seconds
[2024-03-08T16:47:19.978+0000] {processor.py:154} INFO - Started process (PID=1455) to work on /opt/airflow/dags/elastic_dag.py
[2024-03-08T16:47:19.981+0000] {processor.py:756} INFO - Processing file /opt/airflow/dags/elastic_dag.py for tasks to queue
[2024-03-08T16:47:19.982+0000] {logging_mixin.py:120} INFO - [2024-03-08T16:47:19.982+0000] {dagbag.py:537} INFO - Filling up the DagBag from /opt/airflow/dags/elastic_dag.py
[2024-03-08T16:47:20.167+0000] {processor.py:766} INFO - DAG(s) dict_keys(['elastic_dag']) retrieved from /opt/airflow/dags/elastic_dag.py
[2024-03-08T16:47:20.190+0000] {logging_mixin.py:120} INFO - [2024-03-08T16:47:20.190+0000] {dag.py:2585} INFO - Sync 1 DAGs
[2024-03-08T16:47:20.206+0000] {logging_mixin.py:120} INFO - [2024-03-08T16:47:20.206+0000] {dag.py:3340} INFO - Setting next_dagrun for elastic_dag to 2024-03-07T00:00:00+00:00, run_after=2024-03-08T00:00:00+00:00
[2024-03-08T16:47:20.216+0000] {processor.py:176} INFO - Processing /opt/airflow/dags/elastic_dag.py took 0.240 seconds
[2024-03-08T16:47:50.839+0000] {processor.py:154} INFO - Started process (PID=1492) to work on /opt/airflow/dags/elastic_dag.py
[2024-03-08T16:47:50.842+0000] {processor.py:756} INFO - Processing file /opt/airflow/dags/elastic_dag.py for tasks to queue
[2024-03-08T16:47:50.843+0000] {logging_mixin.py:120} INFO - [2024-03-08T16:47:50.843+0000] {dagbag.py:537} INFO - Filling up the DagBag from /opt/airflow/dags/elastic_dag.py
[2024-03-08T16:47:51.024+0000] {processor.py:766} INFO - DAG(s) dict_keys(['elastic_dag']) retrieved from /opt/airflow/dags/elastic_dag.py
[2024-03-08T16:47:51.046+0000] {logging_mixin.py:120} INFO - [2024-03-08T16:47:51.045+0000] {dag.py:2585} INFO - Sync 1 DAGs
[2024-03-08T16:47:51.061+0000] {logging_mixin.py:120} INFO - [2024-03-08T16:47:51.061+0000] {dag.py:3340} INFO - Setting next_dagrun for elastic_dag to 2024-03-07T00:00:00+00:00, run_after=2024-03-08T00:00:00+00:00
[2024-03-08T16:47:51.071+0000] {processor.py:176} INFO - Processing /opt/airflow/dags/elastic_dag.py took 0.236 seconds
[2024-03-08T16:48:21.713+0000] {processor.py:154} INFO - Started process (PID=1529) to work on /opt/airflow/dags/elastic_dag.py
[2024-03-08T16:48:21.715+0000] {processor.py:756} INFO - Processing file /opt/airflow/dags/elastic_dag.py for tasks to queue
[2024-03-08T16:48:21.716+0000] {logging_mixin.py:120} INFO - [2024-03-08T16:48:21.716+0000] {dagbag.py:537} INFO - Filling up the DagBag from /opt/airflow/dags/elastic_dag.py
[2024-03-08T16:48:21.870+0000] {processor.py:766} INFO - DAG(s) dict_keys(['elastic_dag']) retrieved from /opt/airflow/dags/elastic_dag.py
[2024-03-08T16:48:21.903+0000] {logging_mixin.py:120} INFO - [2024-03-08T16:48:21.902+0000] {dag.py:2585} INFO - Sync 1 DAGs
[2024-03-08T16:48:21.919+0000] {logging_mixin.py:120} INFO - [2024-03-08T16:48:21.919+0000] {dag.py:3340} INFO - Setting next_dagrun for elastic_dag to 2024-03-07T00:00:00+00:00, run_after=2024-03-08T00:00:00+00:00
[2024-03-08T16:48:21.930+0000] {processor.py:176} INFO - Processing /opt/airflow/dags/elastic_dag.py took 0.219 seconds
[2024-03-08T16:48:52.538+0000] {processor.py:154} INFO - Started process (PID=1566) to work on /opt/airflow/dags/elastic_dag.py
[2024-03-08T16:48:52.541+0000] {processor.py:756} INFO - Processing file /opt/airflow/dags/elastic_dag.py for tasks to queue
[2024-03-08T16:48:52.542+0000] {logging_mixin.py:120} INFO - [2024-03-08T16:48:52.542+0000] {dagbag.py:537} INFO - Filling up the DagBag from /opt/airflow/dags/elastic_dag.py
[2024-03-08T16:48:52.707+0000] {processor.py:766} INFO - DAG(s) dict_keys(['elastic_dag']) retrieved from /opt/airflow/dags/elastic_dag.py
[2024-03-08T16:48:52.728+0000] {logging_mixin.py:120} INFO - [2024-03-08T16:48:52.728+0000] {dag.py:2585} INFO - Sync 1 DAGs
[2024-03-08T16:48:52.745+0000] {logging_mixin.py:120} INFO - [2024-03-08T16:48:52.745+0000] {dag.py:3340} INFO - Setting next_dagrun for elastic_dag to 2024-03-07T00:00:00+00:00, run_after=2024-03-08T00:00:00+00:00
[2024-03-08T16:48:52.755+0000] {processor.py:176} INFO - Processing /opt/airflow/dags/elastic_dag.py took 0.222 seconds
[2024-03-08T16:49:23.550+0000] {processor.py:154} INFO - Started process (PID=1599) to work on /opt/airflow/dags/elastic_dag.py
[2024-03-08T16:49:23.552+0000] {processor.py:756} INFO - Processing file /opt/airflow/dags/elastic_dag.py for tasks to queue
[2024-03-08T16:49:23.553+0000] {logging_mixin.py:120} INFO - [2024-03-08T16:49:23.553+0000] {dagbag.py:537} INFO - Filling up the DagBag from /opt/airflow/dags/elastic_dag.py
[2024-03-08T16:49:23.835+0000] {processor.py:766} INFO - DAG(s) dict_keys(['elastic_dag']) retrieved from /opt/airflow/dags/elastic_dag.py
[2024-03-08T16:49:23.866+0000] {logging_mixin.py:120} INFO - [2024-03-08T16:49:23.866+0000] {dag.py:2585} INFO - Sync 1 DAGs
[2024-03-08T16:49:23.889+0000] {logging_mixin.py:120} INFO - [2024-03-08T16:49:23.889+0000] {dag.py:3340} INFO - Setting next_dagrun for elastic_dag to 2024-03-07T00:00:00+00:00, run_after=2024-03-08T00:00:00+00:00
[2024-03-08T16:49:23.978+0000] {processor.py:176} INFO - Processing /opt/airflow/dags/elastic_dag.py took 0.434 seconds
[2024-03-08T16:49:54.849+0000] {processor.py:154} INFO - Started process (PID=1630) to work on /opt/airflow/dags/elastic_dag.py
[2024-03-08T16:49:54.852+0000] {processor.py:756} INFO - Processing file /opt/airflow/dags/elastic_dag.py for tasks to queue
[2024-03-08T16:49:54.853+0000] {logging_mixin.py:120} INFO - [2024-03-08T16:49:54.853+0000] {dagbag.py:537} INFO - Filling up the DagBag from /opt/airflow/dags/elastic_dag.py
[2024-03-08T16:49:55.097+0000] {processor.py:766} INFO - DAG(s) dict_keys(['elastic_dag']) retrieved from /opt/airflow/dags/elastic_dag.py
[2024-03-08T16:49:55.139+0000] {logging_mixin.py:120} INFO - [2024-03-08T16:49:55.139+0000] {dag.py:2585} INFO - Sync 1 DAGs
[2024-03-08T16:49:55.158+0000] {logging_mixin.py:120} INFO - [2024-03-08T16:49:55.158+0000] {dag.py:3340} INFO - Setting next_dagrun for elastic_dag to 2024-03-07T00:00:00+00:00, run_after=2024-03-08T00:00:00+00:00
[2024-03-08T16:49:55.170+0000] {processor.py:176} INFO - Processing /opt/airflow/dags/elastic_dag.py took 0.325 seconds
[2024-03-08T16:50:25.865+0000] {processor.py:154} INFO - Started process (PID=1667) to work on /opt/airflow/dags/elastic_dag.py
[2024-03-08T16:50:25.867+0000] {processor.py:756} INFO - Processing file /opt/airflow/dags/elastic_dag.py for tasks to queue
[2024-03-08T16:50:25.869+0000] {logging_mixin.py:120} INFO - [2024-03-08T16:50:25.869+0000] {dagbag.py:537} INFO - Filling up the DagBag from /opt/airflow/dags/elastic_dag.py
[2024-03-08T16:50:26.149+0000] {processor.py:766} INFO - DAG(s) dict_keys(['elastic_dag']) retrieved from /opt/airflow/dags/elastic_dag.py
[2024-03-08T16:50:26.175+0000] {logging_mixin.py:120} INFO - [2024-03-08T16:50:26.175+0000] {dag.py:2585} INFO - Sync 1 DAGs
[2024-03-08T16:50:26.192+0000] {logging_mixin.py:120} INFO - [2024-03-08T16:50:26.192+0000] {dag.py:3340} INFO - Setting next_dagrun for elastic_dag to 2024-03-07T00:00:00+00:00, run_after=2024-03-08T00:00:00+00:00
[2024-03-08T16:50:26.203+0000] {processor.py:176} INFO - Processing /opt/airflow/dags/elastic_dag.py took 0.344 seconds
[2024-03-08T16:50:56.791+0000] {processor.py:154} INFO - Started process (PID=1703) to work on /opt/airflow/dags/elastic_dag.py
[2024-03-08T16:50:56.792+0000] {processor.py:756} INFO - Processing file /opt/airflow/dags/elastic_dag.py for tasks to queue
[2024-03-08T16:50:56.794+0000] {logging_mixin.py:120} INFO - [2024-03-08T16:50:56.794+0000] {dagbag.py:537} INFO - Filling up the DagBag from /opt/airflow/dags/elastic_dag.py
[2024-03-08T16:50:56.982+0000] {processor.py:766} INFO - DAG(s) dict_keys(['elastic_dag']) retrieved from /opt/airflow/dags/elastic_dag.py
[2024-03-08T16:50:57.003+0000] {logging_mixin.py:120} INFO - [2024-03-08T16:50:57.003+0000] {dag.py:2585} INFO - Sync 1 DAGs
[2024-03-08T16:50:57.018+0000] {logging_mixin.py:120} INFO - [2024-03-08T16:50:57.018+0000] {dag.py:3340} INFO - Setting next_dagrun for elastic_dag to 2024-03-07T00:00:00+00:00, run_after=2024-03-08T00:00:00+00:00
[2024-03-08T16:50:57.028+0000] {processor.py:176} INFO - Processing /opt/airflow/dags/elastic_dag.py took 0.241 seconds
[2024-03-08T16:51:27.681+0000] {processor.py:154} INFO - Started process (PID=1740) to work on /opt/airflow/dags/elastic_dag.py
[2024-03-08T16:51:27.683+0000] {processor.py:756} INFO - Processing file /opt/airflow/dags/elastic_dag.py for tasks to queue
[2024-03-08T16:51:27.684+0000] {logging_mixin.py:120} INFO - [2024-03-08T16:51:27.684+0000] {dagbag.py:537} INFO - Filling up the DagBag from /opt/airflow/dags/elastic_dag.py
[2024-03-08T16:51:27.847+0000] {processor.py:766} INFO - DAG(s) dict_keys(['elastic_dag']) retrieved from /opt/airflow/dags/elastic_dag.py
[2024-03-08T16:51:27.869+0000] {logging_mixin.py:120} INFO - [2024-03-08T16:51:27.869+0000] {dag.py:2585} INFO - Sync 1 DAGs
[2024-03-08T16:51:27.893+0000] {logging_mixin.py:120} INFO - [2024-03-08T16:51:27.892+0000] {dag.py:3340} INFO - Setting next_dagrun for elastic_dag to 2024-03-07T00:00:00+00:00, run_after=2024-03-08T00:00:00+00:00
[2024-03-08T16:51:27.921+0000] {processor.py:176} INFO - Processing /opt/airflow/dags/elastic_dag.py took 0.244 seconds
[2024-03-08T16:51:58.671+0000] {processor.py:154} INFO - Started process (PID=1777) to work on /opt/airflow/dags/elastic_dag.py
[2024-03-08T16:51:58.674+0000] {processor.py:756} INFO - Processing file /opt/airflow/dags/elastic_dag.py for tasks to queue
[2024-03-08T16:51:58.675+0000] {logging_mixin.py:120} INFO - [2024-03-08T16:51:58.674+0000] {dagbag.py:537} INFO - Filling up the DagBag from /opt/airflow/dags/elastic_dag.py
[2024-03-08T16:51:58.859+0000] {processor.py:766} INFO - DAG(s) dict_keys(['elastic_dag']) retrieved from /opt/airflow/dags/elastic_dag.py
[2024-03-08T16:51:58.882+0000] {logging_mixin.py:120} INFO - [2024-03-08T16:51:58.881+0000] {dag.py:2585} INFO - Sync 1 DAGs
[2024-03-08T16:51:58.901+0000] {logging_mixin.py:120} INFO - [2024-03-08T16:51:58.901+0000] {dag.py:3340} INFO - Setting next_dagrun for elastic_dag to 2024-03-07T00:00:00+00:00, run_after=2024-03-08T00:00:00+00:00
[2024-03-08T16:51:58.916+0000] {processor.py:176} INFO - Processing /opt/airflow/dags/elastic_dag.py took 0.249 seconds
[2024-03-08T16:52:29.661+0000] {processor.py:154} INFO - Started process (PID=1814) to work on /opt/airflow/dags/elastic_dag.py
[2024-03-08T16:52:29.664+0000] {processor.py:756} INFO - Processing file /opt/airflow/dags/elastic_dag.py for tasks to queue
[2024-03-08T16:52:29.665+0000] {logging_mixin.py:120} INFO - [2024-03-08T16:52:29.665+0000] {dagbag.py:537} INFO - Filling up the DagBag from /opt/airflow/dags/elastic_dag.py
[2024-03-08T16:52:29.831+0000] {processor.py:766} INFO - DAG(s) dict_keys(['elastic_dag']) retrieved from /opt/airflow/dags/elastic_dag.py
[2024-03-08T16:52:29.856+0000] {logging_mixin.py:120} INFO - [2024-03-08T16:52:29.856+0000] {dag.py:2585} INFO - Sync 1 DAGs
[2024-03-08T16:52:29.873+0000] {logging_mixin.py:120} INFO - [2024-03-08T16:52:29.873+0000] {dag.py:3340} INFO - Setting next_dagrun for elastic_dag to 2024-03-07T00:00:00+00:00, run_after=2024-03-08T00:00:00+00:00
[2024-03-08T16:52:29.883+0000] {processor.py:176} INFO - Processing /opt/airflow/dags/elastic_dag.py took 0.225 seconds
[2024-03-08T16:53:00.573+0000] {processor.py:154} INFO - Started process (PID=1843) to work on /opt/airflow/dags/elastic_dag.py
[2024-03-08T16:53:00.575+0000] {processor.py:756} INFO - Processing file /opt/airflow/dags/elastic_dag.py for tasks to queue
[2024-03-08T16:53:00.577+0000] {logging_mixin.py:120} INFO - [2024-03-08T16:53:00.577+0000] {dagbag.py:537} INFO - Filling up the DagBag from /opt/airflow/dags/elastic_dag.py
[2024-03-08T16:53:00.918+0000] {processor.py:766} INFO - DAG(s) dict_keys(['elastic_dag']) retrieved from /opt/airflow/dags/elastic_dag.py
[2024-03-08T16:53:00.976+0000] {logging_mixin.py:120} INFO - [2024-03-08T16:53:00.975+0000] {dag.py:2585} INFO - Sync 1 DAGs
[2024-03-08T16:53:01.016+0000] {logging_mixin.py:120} INFO - [2024-03-08T16:53:01.016+0000] {dag.py:3340} INFO - Setting next_dagrun for elastic_dag to 2024-03-07T00:00:00+00:00, run_after=2024-03-08T00:00:00+00:00
[2024-03-08T16:53:01.044+0000] {processor.py:176} INFO - Processing /opt/airflow/dags/elastic_dag.py took 0.480 seconds
[2024-03-08T16:53:32.004+0000] {processor.py:154} INFO - Started process (PID=1880) to work on /opt/airflow/dags/elastic_dag.py
[2024-03-08T16:53:32.006+0000] {processor.py:756} INFO - Processing file /opt/airflow/dags/elastic_dag.py for tasks to queue
[2024-03-08T16:53:32.008+0000] {logging_mixin.py:120} INFO - [2024-03-08T16:53:32.007+0000] {dagbag.py:537} INFO - Filling up the DagBag from /opt/airflow/dags/elastic_dag.py
[2024-03-08T16:53:32.251+0000] {processor.py:766} INFO - DAG(s) dict_keys(['elastic_dag']) retrieved from /opt/airflow/dags/elastic_dag.py
[2024-03-08T16:53:32.289+0000] {logging_mixin.py:120} INFO - [2024-03-08T16:53:32.289+0000] {dag.py:2585} INFO - Sync 1 DAGs
[2024-03-08T16:53:32.306+0000] {logging_mixin.py:120} INFO - [2024-03-08T16:53:32.306+0000] {dag.py:3340} INFO - Setting next_dagrun for elastic_dag to 2024-03-07T00:00:00+00:00, run_after=2024-03-08T00:00:00+00:00
[2024-03-08T16:53:32.317+0000] {processor.py:176} INFO - Processing /opt/airflow/dags/elastic_dag.py took 0.320 seconds
[2024-03-08T16:54:03.061+0000] {processor.py:154} INFO - Started process (PID=1917) to work on /opt/airflow/dags/elastic_dag.py
[2024-03-08T16:54:03.063+0000] {processor.py:756} INFO - Processing file /opt/airflow/dags/elastic_dag.py for tasks to queue
[2024-03-08T16:54:03.064+0000] {logging_mixin.py:120} INFO - [2024-03-08T16:54:03.064+0000] {dagbag.py:537} INFO - Filling up the DagBag from /opt/airflow/dags/elastic_dag.py
[2024-03-08T16:54:03.226+0000] {processor.py:766} INFO - DAG(s) dict_keys(['elastic_dag']) retrieved from /opt/airflow/dags/elastic_dag.py
[2024-03-08T16:54:03.247+0000] {logging_mixin.py:120} INFO - [2024-03-08T16:54:03.247+0000] {dag.py:2585} INFO - Sync 1 DAGs
[2024-03-08T16:54:03.262+0000] {logging_mixin.py:120} INFO - [2024-03-08T16:54:03.262+0000] {dag.py:3340} INFO - Setting next_dagrun for elastic_dag to 2024-03-07T00:00:00+00:00, run_after=2024-03-08T00:00:00+00:00
[2024-03-08T16:54:03.273+0000] {processor.py:176} INFO - Processing /opt/airflow/dags/elastic_dag.py took 0.217 seconds
[2024-03-08T16:54:33.934+0000] {processor.py:154} INFO - Started process (PID=1954) to work on /opt/airflow/dags/elastic_dag.py
[2024-03-08T16:54:33.935+0000] {processor.py:756} INFO - Processing file /opt/airflow/dags/elastic_dag.py for tasks to queue
[2024-03-08T16:54:33.936+0000] {logging_mixin.py:120} INFO - [2024-03-08T16:54:33.936+0000] {dagbag.py:537} INFO - Filling up the DagBag from /opt/airflow/dags/elastic_dag.py
[2024-03-08T16:54:34.165+0000] {processor.py:766} INFO - DAG(s) dict_keys(['elastic_dag']) retrieved from /opt/airflow/dags/elastic_dag.py
[2024-03-08T16:54:34.215+0000] {logging_mixin.py:120} INFO - [2024-03-08T16:54:34.214+0000] {dag.py:2585} INFO - Sync 1 DAGs
[2024-03-08T16:54:34.235+0000] {logging_mixin.py:120} INFO - [2024-03-08T16:54:34.235+0000] {dag.py:3340} INFO - Setting next_dagrun for elastic_dag to 2024-03-07T00:00:00+00:00, run_after=2024-03-08T00:00:00+00:00
[2024-03-08T16:54:34.246+0000] {processor.py:176} INFO - Processing /opt/airflow/dags/elastic_dag.py took 0.314 seconds
[2024-03-08T16:55:05.034+0000] {processor.py:154} INFO - Started process (PID=1991) to work on /opt/airflow/dags/elastic_dag.py
[2024-03-08T16:55:05.035+0000] {processor.py:756} INFO - Processing file /opt/airflow/dags/elastic_dag.py for tasks to queue
[2024-03-08T16:55:05.036+0000] {logging_mixin.py:120} INFO - [2024-03-08T16:55:05.036+0000] {dagbag.py:537} INFO - Filling up the DagBag from /opt/airflow/dags/elastic_dag.py
[2024-03-08T16:55:05.238+0000] {processor.py:766} INFO - DAG(s) dict_keys(['elastic_dag']) retrieved from /opt/airflow/dags/elastic_dag.py
[2024-03-08T16:55:05.265+0000] {logging_mixin.py:120} INFO - [2024-03-08T16:55:05.265+0000] {dag.py:2585} INFO - Sync 1 DAGs
[2024-03-08T16:55:05.283+0000] {logging_mixin.py:120} INFO - [2024-03-08T16:55:05.283+0000] {dag.py:3340} INFO - Setting next_dagrun for elastic_dag to 2024-03-07T00:00:00+00:00, run_after=2024-03-08T00:00:00+00:00
[2024-03-08T16:55:05.292+0000] {processor.py:176} INFO - Processing /opt/airflow/dags/elastic_dag.py took 0.262 seconds
[2024-03-08T16:55:36.025+0000] {processor.py:154} INFO - Started process (PID=2028) to work on /opt/airflow/dags/elastic_dag.py
[2024-03-08T16:55:36.027+0000] {processor.py:756} INFO - Processing file /opt/airflow/dags/elastic_dag.py for tasks to queue
[2024-03-08T16:55:36.028+0000] {logging_mixin.py:120} INFO - [2024-03-08T16:55:36.028+0000] {dagbag.py:537} INFO - Filling up the DagBag from /opt/airflow/dags/elastic_dag.py
[2024-03-08T16:55:36.276+0000] {processor.py:766} INFO - DAG(s) dict_keys(['elastic_dag']) retrieved from /opt/airflow/dags/elastic_dag.py
[2024-03-08T16:55:36.301+0000] {logging_mixin.py:120} INFO - [2024-03-08T16:55:36.301+0000] {dag.py:2585} INFO - Sync 1 DAGs
[2024-03-08T16:55:36.323+0000] {logging_mixin.py:120} INFO - [2024-03-08T16:55:36.323+0000] {dag.py:3340} INFO - Setting next_dagrun for elastic_dag to 2024-03-07T00:00:00+00:00, run_after=2024-03-08T00:00:00+00:00
[2024-03-08T16:55:36.336+0000] {processor.py:176} INFO - Processing /opt/airflow/dags/elastic_dag.py took 0.332 seconds
[2024-03-08T16:56:07.013+0000] {processor.py:154} INFO - Started process (PID=2065) to work on /opt/airflow/dags/elastic_dag.py
[2024-03-08T16:56:07.016+0000] {processor.py:756} INFO - Processing file /opt/airflow/dags/elastic_dag.py for tasks to queue
[2024-03-08T16:56:07.017+0000] {logging_mixin.py:120} INFO - [2024-03-08T16:56:07.017+0000] {dagbag.py:537} INFO - Filling up the DagBag from /opt/airflow/dags/elastic_dag.py
[2024-03-08T16:56:07.206+0000] {processor.py:766} INFO - DAG(s) dict_keys(['elastic_dag']) retrieved from /opt/airflow/dags/elastic_dag.py
[2024-03-08T16:56:07.238+0000] {logging_mixin.py:120} INFO - [2024-03-08T16:56:07.238+0000] {dag.py:2585} INFO - Sync 1 DAGs
[2024-03-08T16:56:07.253+0000] {logging_mixin.py:120} INFO - [2024-03-08T16:56:07.253+0000] {dag.py:3340} INFO - Setting next_dagrun for elastic_dag to 2024-03-07T00:00:00+00:00, run_after=2024-03-08T00:00:00+00:00
[2024-03-08T16:56:07.263+0000] {processor.py:176} INFO - Processing /opt/airflow/dags/elastic_dag.py took 0.261 seconds
[2024-03-08T16:56:37.831+0000] {processor.py:154} INFO - Started process (PID=2100) to work on /opt/airflow/dags/elastic_dag.py
[2024-03-08T16:56:37.832+0000] {processor.py:756} INFO - Processing file /opt/airflow/dags/elastic_dag.py for tasks to queue
[2024-03-08T16:56:37.832+0000] {logging_mixin.py:120} INFO - [2024-03-08T16:56:37.832+0000] {dagbag.py:537} INFO - Filling up the DagBag from /opt/airflow/dags/elastic_dag.py
[2024-03-08T16:56:37.999+0000] {processor.py:766} INFO - DAG(s) dict_keys(['elastic_dag']) retrieved from /opt/airflow/dags/elastic_dag.py
[2024-03-08T16:56:38.037+0000] {logging_mixin.py:120} INFO - [2024-03-08T16:56:38.036+0000] {dag.py:2585} INFO - Sync 1 DAGs
[2024-03-08T16:56:38.064+0000] {logging_mixin.py:120} INFO - [2024-03-08T16:56:38.064+0000] {dag.py:3340} INFO - Setting next_dagrun for elastic_dag to 2024-03-07T00:00:00+00:00, run_after=2024-03-08T00:00:00+00:00
[2024-03-08T16:56:38.090+0000] {processor.py:176} INFO - Processing /opt/airflow/dags/elastic_dag.py took 0.261 seconds
[2024-03-08T16:57:08.810+0000] {processor.py:154} INFO - Started process (PID=2130) to work on /opt/airflow/dags/elastic_dag.py
[2024-03-08T16:57:08.811+0000] {processor.py:756} INFO - Processing file /opt/airflow/dags/elastic_dag.py for tasks to queue
[2024-03-08T16:57:08.812+0000] {logging_mixin.py:120} INFO - [2024-03-08T16:57:08.812+0000] {dagbag.py:537} INFO - Filling up the DagBag from /opt/airflow/dags/elastic_dag.py
[2024-03-08T16:57:08.955+0000] {processor.py:766} INFO - DAG(s) dict_keys(['elastic_dag']) retrieved from /opt/airflow/dags/elastic_dag.py
[2024-03-08T16:57:08.975+0000] {logging_mixin.py:120} INFO - [2024-03-08T16:57:08.974+0000] {dag.py:2585} INFO - Sync 1 DAGs
[2024-03-08T16:57:08.987+0000] {logging_mixin.py:120} INFO - [2024-03-08T16:57:08.987+0000] {dag.py:3340} INFO - Setting next_dagrun for elastic_dag to 2024-03-07T00:00:00+00:00, run_after=2024-03-08T00:00:00+00:00
[2024-03-08T16:57:08.997+0000] {processor.py:176} INFO - Processing /opt/airflow/dags/elastic_dag.py took 0.192 seconds
[2024-03-08T16:57:39.613+0000] {processor.py:154} INFO - Started process (PID=2167) to work on /opt/airflow/dags/elastic_dag.py
[2024-03-08T16:57:39.614+0000] {processor.py:756} INFO - Processing file /opt/airflow/dags/elastic_dag.py for tasks to queue
[2024-03-08T16:57:39.615+0000] {logging_mixin.py:120} INFO - [2024-03-08T16:57:39.615+0000] {dagbag.py:537} INFO - Filling up the DagBag from /opt/airflow/dags/elastic_dag.py
[2024-03-08T16:57:39.752+0000] {processor.py:766} INFO - DAG(s) dict_keys(['elastic_dag']) retrieved from /opt/airflow/dags/elastic_dag.py
[2024-03-08T16:57:39.770+0000] {logging_mixin.py:120} INFO - [2024-03-08T16:57:39.769+0000] {dag.py:2585} INFO - Sync 1 DAGs
[2024-03-08T16:57:39.783+0000] {logging_mixin.py:120} INFO - [2024-03-08T16:57:39.783+0000] {dag.py:3340} INFO - Setting next_dagrun for elastic_dag to 2024-03-07T00:00:00+00:00, run_after=2024-03-08T00:00:00+00:00
[2024-03-08T16:57:39.791+0000] {processor.py:176} INFO - Processing /opt/airflow/dags/elastic_dag.py took 0.182 seconds
[2024-03-08T16:58:10.331+0000] {processor.py:154} INFO - Started process (PID=2204) to work on /opt/airflow/dags/elastic_dag.py
[2024-03-08T16:58:10.331+0000] {processor.py:756} INFO - Processing file /opt/airflow/dags/elastic_dag.py for tasks to queue
[2024-03-08T16:58:10.332+0000] {logging_mixin.py:120} INFO - [2024-03-08T16:58:10.332+0000] {dagbag.py:537} INFO - Filling up the DagBag from /opt/airflow/dags/elastic_dag.py
[2024-03-08T16:58:10.455+0000] {processor.py:766} INFO - DAG(s) dict_keys(['elastic_dag']) retrieved from /opt/airflow/dags/elastic_dag.py
[2024-03-08T16:58:10.473+0000] {logging_mixin.py:120} INFO - [2024-03-08T16:58:10.473+0000] {dag.py:2585} INFO - Sync 1 DAGs
[2024-03-08T16:58:10.487+0000] {logging_mixin.py:120} INFO - [2024-03-08T16:58:10.487+0000] {dag.py:3340} INFO - Setting next_dagrun for elastic_dag to 2024-03-07T00:00:00+00:00, run_after=2024-03-08T00:00:00+00:00
[2024-03-08T16:58:10.496+0000] {processor.py:176} INFO - Processing /opt/airflow/dags/elastic_dag.py took 0.167 seconds
[2024-03-08T16:58:41.109+0000] {processor.py:154} INFO - Started process (PID=2241) to work on /opt/airflow/dags/elastic_dag.py
[2024-03-08T16:58:41.110+0000] {processor.py:756} INFO - Processing file /opt/airflow/dags/elastic_dag.py for tasks to queue
[2024-03-08T16:58:41.111+0000] {logging_mixin.py:120} INFO - [2024-03-08T16:58:41.110+0000] {dagbag.py:537} INFO - Filling up the DagBag from /opt/airflow/dags/elastic_dag.py
[2024-03-08T16:58:41.262+0000] {processor.py:766} INFO - DAG(s) dict_keys(['elastic_dag']) retrieved from /opt/airflow/dags/elastic_dag.py
[2024-03-08T16:58:41.283+0000] {logging_mixin.py:120} INFO - [2024-03-08T16:58:41.282+0000] {dag.py:2585} INFO - Sync 1 DAGs
[2024-03-08T16:58:41.295+0000] {logging_mixin.py:120} INFO - [2024-03-08T16:58:41.295+0000] {dag.py:3340} INFO - Setting next_dagrun for elastic_dag to 2024-03-07T00:00:00+00:00, run_after=2024-03-08T00:00:00+00:00
[2024-03-08T16:58:41.305+0000] {processor.py:176} INFO - Processing /opt/airflow/dags/elastic_dag.py took 0.199 seconds
[2024-03-08T16:59:11.842+0000] {processor.py:154} INFO - Started process (PID=2278) to work on /opt/airflow/dags/elastic_dag.py
[2024-03-08T16:59:11.843+0000] {processor.py:756} INFO - Processing file /opt/airflow/dags/elastic_dag.py for tasks to queue
[2024-03-08T16:59:11.844+0000] {logging_mixin.py:120} INFO - [2024-03-08T16:59:11.844+0000] {dagbag.py:537} INFO - Filling up the DagBag from /opt/airflow/dags/elastic_dag.py
[2024-03-08T16:59:11.983+0000] {processor.py:766} INFO - DAG(s) dict_keys(['elastic_dag']) retrieved from /opt/airflow/dags/elastic_dag.py
[2024-03-08T16:59:12.001+0000] {logging_mixin.py:120} INFO - [2024-03-08T16:59:12.001+0000] {dag.py:2585} INFO - Sync 1 DAGs
[2024-03-08T16:59:12.015+0000] {logging_mixin.py:120} INFO - [2024-03-08T16:59:12.015+0000] {dag.py:3340} INFO - Setting next_dagrun for elastic_dag to 2024-03-07T00:00:00+00:00, run_after=2024-03-08T00:00:00+00:00
[2024-03-08T16:59:12.025+0000] {processor.py:176} INFO - Processing /opt/airflow/dags/elastic_dag.py took 0.188 seconds
[2024-03-08T16:59:42.566+0000] {processor.py:154} INFO - Started process (PID=2314) to work on /opt/airflow/dags/elastic_dag.py
[2024-03-08T16:59:42.568+0000] {processor.py:756} INFO - Processing file /opt/airflow/dags/elastic_dag.py for tasks to queue
[2024-03-08T16:59:42.570+0000] {logging_mixin.py:120} INFO - [2024-03-08T16:59:42.569+0000] {dagbag.py:537} INFO - Filling up the DagBag from /opt/airflow/dags/elastic_dag.py
[2024-03-08T16:59:42.704+0000] {processor.py:766} INFO - DAG(s) dict_keys(['elastic_dag']) retrieved from /opt/airflow/dags/elastic_dag.py
[2024-03-08T16:59:42.723+0000] {logging_mixin.py:120} INFO - [2024-03-08T16:59:42.722+0000] {dag.py:2585} INFO - Sync 1 DAGs
[2024-03-08T16:59:42.735+0000] {logging_mixin.py:120} INFO - [2024-03-08T16:59:42.735+0000] {dag.py:3340} INFO - Setting next_dagrun for elastic_dag to 2024-03-07T00:00:00+00:00, run_after=2024-03-08T00:00:00+00:00
[2024-03-08T16:59:42.744+0000] {processor.py:176} INFO - Processing /opt/airflow/dags/elastic_dag.py took 0.182 seconds
[2024-03-08T17:00:13.314+0000] {processor.py:154} INFO - Started process (PID=2351) to work on /opt/airflow/dags/elastic_dag.py
[2024-03-08T17:00:13.314+0000] {processor.py:756} INFO - Processing file /opt/airflow/dags/elastic_dag.py for tasks to queue
[2024-03-08T17:00:13.314+0000] {logging_mixin.py:120} INFO - [2024-03-08T17:00:13.314+0000] {dagbag.py:537} INFO - Filling up the DagBag from /opt/airflow/dags/elastic_dag.py
[2024-03-08T17:00:13.432+0000] {processor.py:766} INFO - DAG(s) dict_keys(['elastic_dag']) retrieved from /opt/airflow/dags/elastic_dag.py
[2024-03-08T17:00:13.451+0000] {logging_mixin.py:120} INFO - [2024-03-08T17:00:13.450+0000] {dag.py:2585} INFO - Sync 1 DAGs
[2024-03-08T17:00:13.463+0000] {logging_mixin.py:120} INFO - [2024-03-08T17:00:13.463+0000] {dag.py:3340} INFO - Setting next_dagrun for elastic_dag to 2024-03-07T00:00:00+00:00, run_after=2024-03-08T00:00:00+00:00
[2024-03-08T17:00:13.473+0000] {processor.py:176} INFO - Processing /opt/airflow/dags/elastic_dag.py took 0.161 seconds
[2024-03-08T17:00:44.143+0000] {processor.py:154} INFO - Started process (PID=2378) to work on /opt/airflow/dags/elastic_dag.py
[2024-03-08T17:00:44.144+0000] {processor.py:756} INFO - Processing file /opt/airflow/dags/elastic_dag.py for tasks to queue
[2024-03-08T17:00:44.145+0000] {logging_mixin.py:120} INFO - [2024-03-08T17:00:44.145+0000] {dagbag.py:537} INFO - Filling up the DagBag from /opt/airflow/dags/elastic_dag.py
[2024-03-08T17:00:44.329+0000] {processor.py:766} INFO - DAG(s) dict_keys(['elastic_dag']) retrieved from /opt/airflow/dags/elastic_dag.py
[2024-03-08T17:00:44.351+0000] {logging_mixin.py:120} INFO - [2024-03-08T17:00:44.351+0000] {dag.py:2585} INFO - Sync 1 DAGs
[2024-03-08T17:00:44.367+0000] {logging_mixin.py:120} INFO - [2024-03-08T17:00:44.367+0000] {dag.py:3340} INFO - Setting next_dagrun for elastic_dag to 2024-03-07T00:00:00+00:00, run_after=2024-03-08T00:00:00+00:00
[2024-03-08T17:00:44.378+0000] {processor.py:176} INFO - Processing /opt/airflow/dags/elastic_dag.py took 0.238 seconds
[2024-03-08T17:01:15.224+0000] {processor.py:154} INFO - Started process (PID=2416) to work on /opt/airflow/dags/elastic_dag.py
[2024-03-08T17:01:15.226+0000] {processor.py:756} INFO - Processing file /opt/airflow/dags/elastic_dag.py for tasks to queue
[2024-03-08T17:01:15.228+0000] {logging_mixin.py:120} INFO - [2024-03-08T17:01:15.227+0000] {dagbag.py:537} INFO - Filling up the DagBag from /opt/airflow/dags/elastic_dag.py
[2024-03-08T17:01:15.388+0000] {processor.py:766} INFO - DAG(s) dict_keys(['elastic_dag']) retrieved from /opt/airflow/dags/elastic_dag.py
[2024-03-08T17:01:15.409+0000] {logging_mixin.py:120} INFO - [2024-03-08T17:01:15.408+0000] {dag.py:2585} INFO - Sync 1 DAGs
[2024-03-08T17:01:15.424+0000] {logging_mixin.py:120} INFO - [2024-03-08T17:01:15.424+0000] {dag.py:3340} INFO - Setting next_dagrun for elastic_dag to 2024-03-07T00:00:00+00:00, run_after=2024-03-08T00:00:00+00:00
[2024-03-08T17:01:15.433+0000] {processor.py:176} INFO - Processing /opt/airflow/dags/elastic_dag.py took 0.213 seconds
[2024-03-08T17:01:45.997+0000] {processor.py:154} INFO - Started process (PID=2453) to work on /opt/airflow/dags/elastic_dag.py
[2024-03-08T17:01:45.999+0000] {processor.py:756} INFO - Processing file /opt/airflow/dags/elastic_dag.py for tasks to queue
[2024-03-08T17:01:46.000+0000] {logging_mixin.py:120} INFO - [2024-03-08T17:01:46.000+0000] {dagbag.py:537} INFO - Filling up the DagBag from /opt/airflow/dags/elastic_dag.py
[2024-03-08T17:01:46.144+0000] {processor.py:766} INFO - DAG(s) dict_keys(['elastic_dag']) retrieved from /opt/airflow/dags/elastic_dag.py
[2024-03-08T17:01:46.166+0000] {logging_mixin.py:120} INFO - [2024-03-08T17:01:46.166+0000] {dag.py:2585} INFO - Sync 1 DAGs
[2024-03-08T17:01:46.180+0000] {logging_mixin.py:120} INFO - [2024-03-08T17:01:46.180+0000] {dag.py:3340} INFO - Setting next_dagrun for elastic_dag to 2024-03-07T00:00:00+00:00, run_after=2024-03-08T00:00:00+00:00
[2024-03-08T17:01:46.190+0000] {processor.py:176} INFO - Processing /opt/airflow/dags/elastic_dag.py took 0.197 seconds
[2024-03-08T17:02:16.833+0000] {processor.py:154} INFO - Started process (PID=2490) to work on /opt/airflow/dags/elastic_dag.py
[2024-03-08T17:02:16.834+0000] {processor.py:756} INFO - Processing file /opt/airflow/dags/elastic_dag.py for tasks to queue
[2024-03-08T17:02:16.835+0000] {logging_mixin.py:120} INFO - [2024-03-08T17:02:16.835+0000] {dagbag.py:537} INFO - Filling up the DagBag from /opt/airflow/dags/elastic_dag.py
[2024-03-08T17:02:17.004+0000] {processor.py:766} INFO - DAG(s) dict_keys(['elastic_dag']) retrieved from /opt/airflow/dags/elastic_dag.py
[2024-03-08T17:02:17.026+0000] {logging_mixin.py:120} INFO - [2024-03-08T17:02:17.026+0000] {dag.py:2585} INFO - Sync 1 DAGs
[2024-03-08T17:02:17.040+0000] {logging_mixin.py:120} INFO - [2024-03-08T17:02:17.040+0000] {dag.py:3340} INFO - Setting next_dagrun for elastic_dag to 2024-03-07T00:00:00+00:00, run_after=2024-03-08T00:00:00+00:00
[2024-03-08T17:02:17.049+0000] {processor.py:176} INFO - Processing /opt/airflow/dags/elastic_dag.py took 0.220 seconds
[2024-03-08T17:02:47.633+0000] {processor.py:154} INFO - Started process (PID=2527) to work on /opt/airflow/dags/elastic_dag.py
[2024-03-08T17:02:47.634+0000] {processor.py:756} INFO - Processing file /opt/airflow/dags/elastic_dag.py for tasks to queue
[2024-03-08T17:02:47.635+0000] {logging_mixin.py:120} INFO - [2024-03-08T17:02:47.635+0000] {dagbag.py:537} INFO - Filling up the DagBag from /opt/airflow/dags/elastic_dag.py
[2024-03-08T17:02:47.789+0000] {processor.py:766} INFO - DAG(s) dict_keys(['elastic_dag']) retrieved from /opt/airflow/dags/elastic_dag.py
[2024-03-08T17:02:47.808+0000] {logging_mixin.py:120} INFO - [2024-03-08T17:02:47.808+0000] {dag.py:2585} INFO - Sync 1 DAGs
[2024-03-08T17:02:47.822+0000] {logging_mixin.py:120} INFO - [2024-03-08T17:02:47.822+0000] {dag.py:3340} INFO - Setting next_dagrun for elastic_dag to 2024-03-07T00:00:00+00:00, run_after=2024-03-08T00:00:00+00:00
[2024-03-08T17:02:47.833+0000] {processor.py:176} INFO - Processing /opt/airflow/dags/elastic_dag.py took 0.204 seconds
[2024-03-08T17:03:18.408+0000] {processor.py:154} INFO - Started process (PID=2564) to work on /opt/airflow/dags/elastic_dag.py
[2024-03-08T17:03:18.410+0000] {processor.py:756} INFO - Processing file /opt/airflow/dags/elastic_dag.py for tasks to queue
[2024-03-08T17:03:18.411+0000] {logging_mixin.py:120} INFO - [2024-03-08T17:03:18.411+0000] {dagbag.py:537} INFO - Filling up the DagBag from /opt/airflow/dags/elastic_dag.py
[2024-03-08T17:03:18.587+0000] {processor.py:766} INFO - DAG(s) dict_keys(['elastic_dag']) retrieved from /opt/airflow/dags/elastic_dag.py
[2024-03-08T17:03:18.610+0000] {logging_mixin.py:120} INFO - [2024-03-08T17:03:18.609+0000] {dag.py:2585} INFO - Sync 1 DAGs
[2024-03-08T17:03:18.626+0000] {logging_mixin.py:120} INFO - [2024-03-08T17:03:18.626+0000] {dag.py:3340} INFO - Setting next_dagrun for elastic_dag to 2024-03-07T00:00:00+00:00, run_after=2024-03-08T00:00:00+00:00
[2024-03-08T17:03:18.635+0000] {processor.py:176} INFO - Processing /opt/airflow/dags/elastic_dag.py took 0.230 seconds
[2024-03-08T17:03:49.276+0000] {processor.py:154} INFO - Started process (PID=2601) to work on /opt/airflow/dags/elastic_dag.py
[2024-03-08T17:03:49.277+0000] {processor.py:756} INFO - Processing file /opt/airflow/dags/elastic_dag.py for tasks to queue
[2024-03-08T17:03:49.279+0000] {logging_mixin.py:120} INFO - [2024-03-08T17:03:49.278+0000] {dagbag.py:537} INFO - Filling up the DagBag from /opt/airflow/dags/elastic_dag.py
[2024-03-08T17:03:49.447+0000] {processor.py:766} INFO - DAG(s) dict_keys(['elastic_dag']) retrieved from /opt/airflow/dags/elastic_dag.py
[2024-03-08T17:03:49.470+0000] {logging_mixin.py:120} INFO - [2024-03-08T17:03:49.470+0000] {dag.py:2585} INFO - Sync 1 DAGs
[2024-03-08T17:03:49.486+0000] {logging_mixin.py:120} INFO - [2024-03-08T17:03:49.486+0000] {dag.py:3340} INFO - Setting next_dagrun for elastic_dag to 2024-03-07T00:00:00+00:00, run_after=2024-03-08T00:00:00+00:00
[2024-03-08T17:03:49.497+0000] {processor.py:176} INFO - Processing /opt/airflow/dags/elastic_dag.py took 0.226 seconds
[2024-03-08T17:04:20.180+0000] {processor.py:154} INFO - Started process (PID=2637) to work on /opt/airflow/dags/elastic_dag.py
[2024-03-08T17:04:20.180+0000] {processor.py:756} INFO - Processing file /opt/airflow/dags/elastic_dag.py for tasks to queue
[2024-03-08T17:04:20.181+0000] {logging_mixin.py:120} INFO - [2024-03-08T17:04:20.181+0000] {dagbag.py:537} INFO - Filling up the DagBag from /opt/airflow/dags/elastic_dag.py
[2024-03-08T17:04:20.298+0000] {processor.py:766} INFO - DAG(s) dict_keys(['elastic_dag']) retrieved from /opt/airflow/dags/elastic_dag.py
[2024-03-08T17:04:20.316+0000] {logging_mixin.py:120} INFO - [2024-03-08T17:04:20.316+0000] {dag.py:2585} INFO - Sync 1 DAGs
[2024-03-08T17:04:20.330+0000] {logging_mixin.py:120} INFO - [2024-03-08T17:04:20.330+0000] {dag.py:3340} INFO - Setting next_dagrun for elastic_dag to 2024-03-07T00:00:00+00:00, run_after=2024-03-08T00:00:00+00:00
[2024-03-08T17:04:20.339+0000] {processor.py:176} INFO - Processing /opt/airflow/dags/elastic_dag.py took 0.161 seconds
[2024-03-08T17:04:50.897+0000] {processor.py:154} INFO - Started process (PID=2665) to work on /opt/airflow/dags/elastic_dag.py
[2024-03-08T17:04:50.898+0000] {processor.py:756} INFO - Processing file /opt/airflow/dags/elastic_dag.py for tasks to queue
[2024-03-08T17:04:50.901+0000] {logging_mixin.py:120} INFO - [2024-03-08T17:04:50.900+0000] {dagbag.py:537} INFO - Filling up the DagBag from /opt/airflow/dags/elastic_dag.py
[2024-03-08T17:04:51.062+0000] {processor.py:766} INFO - DAG(s) dict_keys(['elastic_dag']) retrieved from /opt/airflow/dags/elastic_dag.py
[2024-03-08T17:04:51.084+0000] {logging_mixin.py:120} INFO - [2024-03-08T17:04:51.084+0000] {dag.py:2585} INFO - Sync 1 DAGs
[2024-03-08T17:04:51.099+0000] {logging_mixin.py:120} INFO - [2024-03-08T17:04:51.099+0000] {dag.py:3340} INFO - Setting next_dagrun for elastic_dag to 2024-03-07T00:00:00+00:00, run_after=2024-03-08T00:00:00+00:00
[2024-03-08T17:04:51.109+0000] {processor.py:176} INFO - Processing /opt/airflow/dags/elastic_dag.py took 0.218 seconds
[2024-03-08T17:05:21.743+0000] {processor.py:154} INFO - Started process (PID=2701) to work on /opt/airflow/dags/elastic_dag.py
[2024-03-08T17:05:21.744+0000] {processor.py:756} INFO - Processing file /opt/airflow/dags/elastic_dag.py for tasks to queue
[2024-03-08T17:05:21.745+0000] {logging_mixin.py:120} INFO - [2024-03-08T17:05:21.745+0000] {dagbag.py:537} INFO - Filling up the DagBag from /opt/airflow/dags/elastic_dag.py
[2024-03-08T17:05:21.881+0000] {processor.py:766} INFO - DAG(s) dict_keys(['elastic_dag']) retrieved from /opt/airflow/dags/elastic_dag.py
[2024-03-08T17:05:21.899+0000] {logging_mixin.py:120} INFO - [2024-03-08T17:05:21.899+0000] {dag.py:2585} INFO - Sync 1 DAGs
[2024-03-08T17:05:21.912+0000] {logging_mixin.py:120} INFO - [2024-03-08T17:05:21.912+0000] {dag.py:3340} INFO - Setting next_dagrun for elastic_dag to 2024-03-07T00:00:00+00:00, run_after=2024-03-08T00:00:00+00:00
[2024-03-08T17:05:21.922+0000] {processor.py:176} INFO - Processing /opt/airflow/dags/elastic_dag.py took 0.183 seconds
[2024-03-08T17:05:52.547+0000] {processor.py:154} INFO - Started process (PID=2738) to work on /opt/airflow/dags/elastic_dag.py
[2024-03-08T17:05:52.548+0000] {processor.py:756} INFO - Processing file /opt/airflow/dags/elastic_dag.py for tasks to queue
[2024-03-08T17:05:52.549+0000] {logging_mixin.py:120} INFO - [2024-03-08T17:05:52.549+0000] {dagbag.py:537} INFO - Filling up the DagBag from /opt/airflow/dags/elastic_dag.py
[2024-03-08T17:05:52.691+0000] {processor.py:766} INFO - DAG(s) dict_keys(['elastic_dag']) retrieved from /opt/airflow/dags/elastic_dag.py
[2024-03-08T17:05:52.709+0000] {logging_mixin.py:120} INFO - [2024-03-08T17:05:52.709+0000] {dag.py:2585} INFO - Sync 1 DAGs
[2024-03-08T17:05:52.722+0000] {logging_mixin.py:120} INFO - [2024-03-08T17:05:52.722+0000] {dag.py:3340} INFO - Setting next_dagrun for elastic_dag to 2024-03-07T00:00:00+00:00, run_after=2024-03-08T00:00:00+00:00
[2024-03-08T17:05:52.731+0000] {processor.py:176} INFO - Processing /opt/airflow/dags/elastic_dag.py took 0.188 seconds
[2024-03-08T17:06:23.340+0000] {processor.py:154} INFO - Started process (PID=2774) to work on /opt/airflow/dags/elastic_dag.py
[2024-03-08T17:06:23.341+0000] {processor.py:756} INFO - Processing file /opt/airflow/dags/elastic_dag.py for tasks to queue
[2024-03-08T17:06:23.342+0000] {logging_mixin.py:120} INFO - [2024-03-08T17:06:23.342+0000] {dagbag.py:537} INFO - Filling up the DagBag from /opt/airflow/dags/elastic_dag.py
[2024-03-08T17:06:23.479+0000] {processor.py:766} INFO - DAG(s) dict_keys(['elastic_dag']) retrieved from /opt/airflow/dags/elastic_dag.py
[2024-03-08T17:06:23.497+0000] {logging_mixin.py:120} INFO - [2024-03-08T17:06:23.497+0000] {dag.py:2585} INFO - Sync 1 DAGs
[2024-03-08T17:06:23.511+0000] {logging_mixin.py:120} INFO - [2024-03-08T17:06:23.511+0000] {dag.py:3340} INFO - Setting next_dagrun for elastic_dag to 2024-03-07T00:00:00+00:00, run_after=2024-03-08T00:00:00+00:00
[2024-03-08T17:06:23.520+0000] {processor.py:176} INFO - Processing /opt/airflow/dags/elastic_dag.py took 0.184 seconds
[2024-03-08T17:06:54.215+0000] {processor.py:154} INFO - Started process (PID=2811) to work on /opt/airflow/dags/elastic_dag.py
[2024-03-08T17:06:54.216+0000] {processor.py:756} INFO - Processing file /opt/airflow/dags/elastic_dag.py for tasks to queue
[2024-03-08T17:06:54.218+0000] {logging_mixin.py:120} INFO - [2024-03-08T17:06:54.217+0000] {dagbag.py:537} INFO - Filling up the DagBag from /opt/airflow/dags/elastic_dag.py
[2024-03-08T17:06:54.380+0000] {processor.py:766} INFO - DAG(s) dict_keys(['elastic_dag']) retrieved from /opt/airflow/dags/elastic_dag.py
[2024-03-08T17:06:54.401+0000] {logging_mixin.py:120} INFO - [2024-03-08T17:06:54.401+0000] {dag.py:2585} INFO - Sync 1 DAGs
[2024-03-08T17:06:54.417+0000] {logging_mixin.py:120} INFO - [2024-03-08T17:06:54.417+0000] {dag.py:3340} INFO - Setting next_dagrun for elastic_dag to 2024-03-07T00:00:00+00:00, run_after=2024-03-08T00:00:00+00:00
[2024-03-08T17:06:54.427+0000] {processor.py:176} INFO - Processing /opt/airflow/dags/elastic_dag.py took 0.216 seconds
[2024-03-08T17:07:25.132+0000] {processor.py:154} INFO - Started process (PID=2847) to work on /opt/airflow/dags/elastic_dag.py
[2024-03-08T17:07:25.134+0000] {processor.py:756} INFO - Processing file /opt/airflow/dags/elastic_dag.py for tasks to queue
[2024-03-08T17:07:25.134+0000] {logging_mixin.py:120} INFO - [2024-03-08T17:07:25.134+0000] {dagbag.py:537} INFO - Filling up the DagBag from /opt/airflow/dags/elastic_dag.py
[2024-03-08T17:07:25.273+0000] {processor.py:766} INFO - DAG(s) dict_keys(['elastic_dag']) retrieved from /opt/airflow/dags/elastic_dag.py
[2024-03-08T17:07:25.292+0000] {logging_mixin.py:120} INFO - [2024-03-08T17:07:25.292+0000] {dag.py:2585} INFO - Sync 1 DAGs
[2024-03-08T17:07:25.306+0000] {logging_mixin.py:120} INFO - [2024-03-08T17:07:25.306+0000] {dag.py:3340} INFO - Setting next_dagrun for elastic_dag to 2024-03-07T00:00:00+00:00, run_after=2024-03-08T00:00:00+00:00
[2024-03-08T17:07:25.315+0000] {processor.py:176} INFO - Processing /opt/airflow/dags/elastic_dag.py took 0.186 seconds
[2024-03-08T17:07:55.818+0000] {processor.py:154} INFO - Started process (PID=2884) to work on /opt/airflow/dags/elastic_dag.py
[2024-03-08T17:07:55.819+0000] {processor.py:756} INFO - Processing file /opt/airflow/dags/elastic_dag.py for tasks to queue
[2024-03-08T17:07:55.820+0000] {logging_mixin.py:120} INFO - [2024-03-08T17:07:55.820+0000] {dagbag.py:537} INFO - Filling up the DagBag from /opt/airflow/dags/elastic_dag.py
[2024-03-08T17:07:55.973+0000] {processor.py:766} INFO - DAG(s) dict_keys(['elastic_dag']) retrieved from /opt/airflow/dags/elastic_dag.py
[2024-03-08T17:07:55.992+0000] {logging_mixin.py:120} INFO - [2024-03-08T17:07:55.992+0000] {dag.py:2585} INFO - Sync 1 DAGs
[2024-03-08T17:07:56.010+0000] {logging_mixin.py:120} INFO - [2024-03-08T17:07:56.010+0000] {dag.py:3340} INFO - Setting next_dagrun for elastic_dag to 2024-03-07T00:00:00+00:00, run_after=2024-03-08T00:00:00+00:00
[2024-03-08T17:07:56.022+0000] {processor.py:176} INFO - Processing /opt/airflow/dags/elastic_dag.py took 0.206 seconds
[2024-03-08T17:08:26.597+0000] {processor.py:154} INFO - Started process (PID=2921) to work on /opt/airflow/dags/elastic_dag.py
[2024-03-08T17:08:26.599+0000] {processor.py:756} INFO - Processing file /opt/airflow/dags/elastic_dag.py for tasks to queue
[2024-03-08T17:08:26.599+0000] {logging_mixin.py:120} INFO - [2024-03-08T17:08:26.599+0000] {dagbag.py:537} INFO - Filling up the DagBag from /opt/airflow/dags/elastic_dag.py
[2024-03-08T17:08:26.812+0000] {processor.py:766} INFO - DAG(s) dict_keys(['elastic_dag']) retrieved from /opt/airflow/dags/elastic_dag.py
[2024-03-08T17:08:26.858+0000] {logging_mixin.py:120} INFO - [2024-03-08T17:08:26.857+0000] {dag.py:2585} INFO - Sync 1 DAGs
[2024-03-08T17:08:26.875+0000] {logging_mixin.py:120} INFO - [2024-03-08T17:08:26.875+0000] {dag.py:3340} INFO - Setting next_dagrun for elastic_dag to 2024-03-07T00:00:00+00:00, run_after=2024-03-08T00:00:00+00:00
[2024-03-08T17:08:26.895+0000] {processor.py:176} INFO - Processing /opt/airflow/dags/elastic_dag.py took 0.306 seconds
[2024-03-08T17:08:57.521+0000] {processor.py:154} INFO - Started process (PID=2949) to work on /opt/airflow/dags/elastic_dag.py
[2024-03-08T17:08:57.523+0000] {processor.py:756} INFO - Processing file /opt/airflow/dags/elastic_dag.py for tasks to queue
[2024-03-08T17:08:57.524+0000] {logging_mixin.py:120} INFO - [2024-03-08T17:08:57.524+0000] {dagbag.py:537} INFO - Filling up the DagBag from /opt/airflow/dags/elastic_dag.py
[2024-03-08T17:08:57.737+0000] {processor.py:766} INFO - DAG(s) dict_keys(['elastic_dag']) retrieved from /opt/airflow/dags/elastic_dag.py
[2024-03-08T17:08:57.766+0000] {logging_mixin.py:120} INFO - [2024-03-08T17:08:57.765+0000] {dag.py:2585} INFO - Sync 1 DAGs
[2024-03-08T17:08:57.783+0000] {logging_mixin.py:120} INFO - [2024-03-08T17:08:57.783+0000] {dag.py:3340} INFO - Setting next_dagrun for elastic_dag to 2024-03-07T00:00:00+00:00, run_after=2024-03-08T00:00:00+00:00
[2024-03-08T17:08:57.794+0000] {processor.py:176} INFO - Processing /opt/airflow/dags/elastic_dag.py took 0.281 seconds
[2024-03-08T17:09:27.924+0000] {processor.py:154} INFO - Started process (PID=2984) to work on /opt/airflow/dags/elastic_dag.py
[2024-03-08T17:09:27.927+0000] {processor.py:756} INFO - Processing file /opt/airflow/dags/elastic_dag.py for tasks to queue
[2024-03-08T17:09:27.929+0000] {logging_mixin.py:120} INFO - [2024-03-08T17:09:27.929+0000] {dagbag.py:537} INFO - Filling up the DagBag from /opt/airflow/dags/elastic_dag.py
[2024-03-08T17:09:28.171+0000] {processor.py:766} INFO - DAG(s) dict_keys(['elastic_dag']) retrieved from /opt/airflow/dags/elastic_dag.py
[2024-03-08T17:09:28.197+0000] {logging_mixin.py:120} INFO - [2024-03-08T17:09:28.197+0000] {dag.py:2585} INFO - Sync 1 DAGs
[2024-03-08T17:09:28.211+0000] {logging_mixin.py:120} INFO - [2024-03-08T17:09:28.211+0000] {dag.py:3340} INFO - Setting next_dagrun for elastic_dag to 2024-03-07T00:00:00+00:00, run_after=2024-03-08T00:00:00+00:00
[2024-03-08T17:09:28.221+0000] {processor.py:176} INFO - Processing /opt/airflow/dags/elastic_dag.py took 0.302 seconds
[2024-03-08T17:09:58.914+0000] {processor.py:154} INFO - Started process (PID=3020) to work on /opt/airflow/dags/elastic_dag.py
[2024-03-08T17:09:58.916+0000] {processor.py:756} INFO - Processing file /opt/airflow/dags/elastic_dag.py for tasks to queue
[2024-03-08T17:09:58.918+0000] {logging_mixin.py:120} INFO - [2024-03-08T17:09:58.917+0000] {dagbag.py:537} INFO - Filling up the DagBag from /opt/airflow/dags/elastic_dag.py
[2024-03-08T17:09:59.101+0000] {processor.py:766} INFO - DAG(s) dict_keys(['elastic_dag']) retrieved from /opt/airflow/dags/elastic_dag.py
[2024-03-08T17:09:59.123+0000] {logging_mixin.py:120} INFO - [2024-03-08T17:09:59.123+0000] {dag.py:2585} INFO - Sync 1 DAGs
[2024-03-08T17:09:59.138+0000] {logging_mixin.py:120} INFO - [2024-03-08T17:09:59.138+0000] {dag.py:3340} INFO - Setting next_dagrun for elastic_dag to 2024-03-07T00:00:00+00:00, run_after=2024-03-08T00:00:00+00:00
[2024-03-08T17:09:59.148+0000] {processor.py:176} INFO - Processing /opt/airflow/dags/elastic_dag.py took 0.239 seconds
[2024-03-08T17:11:30.644+0000] {processor.py:154} INFO - Started process (PID=50) to work on /opt/airflow/dags/elastic_dag.py
[2024-03-08T17:11:30.649+0000] {processor.py:756} INFO - Processing file /opt/airflow/dags/elastic_dag.py for tasks to queue
[2024-03-08T17:11:30.650+0000] {logging_mixin.py:120} INFO - [2024-03-08T17:11:30.650+0000] {dagbag.py:537} INFO - Filling up the DagBag from /opt/airflow/dags/elastic_dag.py
[2024-03-08T17:11:31.619+0000] {processor.py:766} INFO - DAG(s) dict_keys(['elastic_dag']) retrieved from /opt/airflow/dags/elastic_dag.py
[2024-03-08T17:11:31.712+0000] {logging_mixin.py:120} INFO - [2024-03-08T17:11:31.711+0000] {dag.py:2585} INFO - Sync 1 DAGs
[2024-03-08T17:11:31.777+0000] {logging_mixin.py:120} INFO - [2024-03-08T17:11:31.777+0000] {dag.py:3340} INFO - Setting next_dagrun for elastic_dag to 2024-03-07T00:00:00+00:00, run_after=2024-03-08T00:00:00+00:00
[2024-03-08T17:11:31.818+0000] {processor.py:176} INFO - Processing /opt/airflow/dags/elastic_dag.py took 1.190 seconds
[2024-03-08T17:12:02.837+0000] {processor.py:154} INFO - Started process (PID=80) to work on /opt/airflow/dags/elastic_dag.py
[2024-03-08T17:12:02.838+0000] {processor.py:756} INFO - Processing file /opt/airflow/dags/elastic_dag.py for tasks to queue
[2024-03-08T17:12:02.841+0000] {logging_mixin.py:120} INFO - [2024-03-08T17:12:02.840+0000] {dagbag.py:537} INFO - Filling up the DagBag from /opt/airflow/dags/elastic_dag.py
[2024-03-08T17:12:03.101+0000] {processor.py:766} INFO - DAG(s) dict_keys(['elastic_dag']) retrieved from /opt/airflow/dags/elastic_dag.py
[2024-03-08T17:12:03.156+0000] {logging_mixin.py:120} INFO - [2024-03-08T17:12:03.156+0000] {dag.py:2585} INFO - Sync 1 DAGs
[2024-03-08T17:12:03.207+0000] {logging_mixin.py:120} INFO - [2024-03-08T17:12:03.207+0000] {dag.py:3340} INFO - Setting next_dagrun for elastic_dag to 2024-03-07T00:00:00+00:00, run_after=2024-03-08T00:00:00+00:00
[2024-03-08T17:12:03.248+0000] {processor.py:176} INFO - Processing /opt/airflow/dags/elastic_dag.py took 0.415 seconds
[2024-03-08T17:12:33.817+0000] {processor.py:154} INFO - Started process (PID=118) to work on /opt/airflow/dags/elastic_dag.py
[2024-03-08T17:12:33.818+0000] {processor.py:756} INFO - Processing file /opt/airflow/dags/elastic_dag.py for tasks to queue
[2024-03-08T17:12:33.818+0000] {logging_mixin.py:120} INFO - [2024-03-08T17:12:33.818+0000] {dagbag.py:537} INFO - Filling up the DagBag from /opt/airflow/dags/elastic_dag.py
[2024-03-08T17:12:33.974+0000] {processor.py:766} INFO - DAG(s) dict_keys(['elastic_dag']) retrieved from /opt/airflow/dags/elastic_dag.py
[2024-03-08T17:12:34.021+0000] {logging_mixin.py:120} INFO - [2024-03-08T17:12:34.021+0000] {dag.py:2585} INFO - Sync 1 DAGs
[2024-03-08T17:12:34.099+0000] {logging_mixin.py:120} INFO - [2024-03-08T17:12:34.099+0000] {dag.py:3340} INFO - Setting next_dagrun for elastic_dag to 2024-03-07T00:00:00+00:00, run_after=2024-03-08T00:00:00+00:00
[2024-03-08T17:12:34.112+0000] {processor.py:176} INFO - Processing /opt/airflow/dags/elastic_dag.py took 0.298 seconds
[2024-03-08T20:40:32.320+0000] {processor.py:154} INFO - Started process (PID=52) to work on /opt/airflow/dags/elastic_dag.py
[2024-03-08T20:40:32.323+0000] {processor.py:756} INFO - Processing file /opt/airflow/dags/elastic_dag.py for tasks to queue
[2024-03-08T20:40:32.325+0000] {logging_mixin.py:120} INFO - [2024-03-08T20:40:32.324+0000] {dagbag.py:537} INFO - Filling up the DagBag from /opt/airflow/dags/elastic_dag.py
[2024-03-08T20:40:33.663+0000] {processor.py:766} INFO - DAG(s) dict_keys(['elastic_dag']) retrieved from /opt/airflow/dags/elastic_dag.py
[2024-03-08T20:40:33.822+0000] {logging_mixin.py:120} INFO - [2024-03-08T20:40:33.819+0000] {dag.py:2585} INFO - Sync 1 DAGs
[2024-03-08T20:40:33.882+0000] {logging_mixin.py:120} INFO - [2024-03-08T20:40:33.882+0000] {dag.py:3340} INFO - Setting next_dagrun for elastic_dag to 2024-03-07T00:00:00+00:00, run_after=2024-03-08T00:00:00+00:00
[2024-03-08T20:40:33.941+0000] {processor.py:176} INFO - Processing /opt/airflow/dags/elastic_dag.py took 1.626 seconds
[2024-03-08T20:41:04.499+0000] {processor.py:154} INFO - Started process (PID=79) to work on /opt/airflow/dags/elastic_dag.py
[2024-03-08T20:41:04.523+0000] {processor.py:756} INFO - Processing file /opt/airflow/dags/elastic_dag.py for tasks to queue
[2024-03-08T20:41:04.541+0000] {logging_mixin.py:120} INFO - [2024-03-08T20:41:04.541+0000] {dagbag.py:537} INFO - Filling up the DagBag from /opt/airflow/dags/elastic_dag.py
[2024-03-08T20:41:07.864+0000] {processor.py:766} INFO - DAG(s) dict_keys(['elastic_dag']) retrieved from /opt/airflow/dags/elastic_dag.py
[2024-03-08T20:41:08.091+0000] {logging_mixin.py:120} INFO - [2024-03-08T20:41:08.090+0000] {dag.py:2585} INFO - Sync 1 DAGs
[2024-03-08T20:41:08.153+0000] {logging_mixin.py:120} INFO - [2024-03-08T20:41:08.153+0000] {dag.py:3340} INFO - Setting next_dagrun for elastic_dag to 2024-03-07T00:00:00+00:00, run_after=2024-03-08T00:00:00+00:00
[2024-03-08T20:41:08.173+0000] {processor.py:176} INFO - Processing /opt/airflow/dags/elastic_dag.py took 3.807 seconds
