[2024-03-08T15:47:42.785+0000] {processor.py:154} INFO - Started process (PID=55) to work on /opt/airflow/dags/group_dag.py
[2024-03-08T15:47:42.786+0000] {processor.py:756} INFO - Processing file /opt/airflow/dags/group_dag.py for tasks to queue
[2024-03-08T15:47:42.786+0000] {logging_mixin.py:120} INFO - [2024-03-08T15:47:42.786+0000] {dagbag.py:537} INFO - Filling up the DagBag from /opt/airflow/dags/group_dag.py
[2024-03-08T15:47:42.806+0000] {processor.py:766} INFO - DAG(s) dict_keys(['group_dag']) retrieved from /opt/airflow/dags/group_dag.py
[2024-03-08T15:47:42.841+0000] {logging_mixin.py:120} INFO - [2024-03-08T15:47:42.841+0000] {dag.py:2585} INFO - Sync 1 DAGs
[2024-03-08T15:47:42.882+0000] {logging_mixin.py:120} INFO - [2024-03-08T15:47:42.882+0000] {dag.py:3340} INFO - Setting next_dagrun for group_dag to 2024-03-07T00:00:00+00:00, run_after=2024-03-08T00:00:00+00:00
[2024-03-08T15:47:42.898+0000] {processor.py:176} INFO - Processing /opt/airflow/dags/group_dag.py took 0.117 seconds
[2024-03-08T15:48:14.201+0000] {processor.py:154} INFO - Started process (PID=92) to work on /opt/airflow/dags/group_dag.py
[2024-03-08T15:48:14.202+0000] {processor.py:756} INFO - Processing file /opt/airflow/dags/group_dag.py for tasks to queue
[2024-03-08T15:48:14.204+0000] {logging_mixin.py:120} INFO - [2024-03-08T15:48:14.204+0000] {dagbag.py:537} INFO - Filling up the DagBag from /opt/airflow/dags/group_dag.py
[2024-03-08T15:48:14.234+0000] {processor.py:766} INFO - DAG(s) dict_keys(['group_dag']) retrieved from /opt/airflow/dags/group_dag.py
[2024-03-08T15:48:14.282+0000] {logging_mixin.py:120} INFO - [2024-03-08T15:48:14.282+0000] {dag.py:2585} INFO - Sync 1 DAGs
[2024-03-08T15:48:14.305+0000] {logging_mixin.py:120} INFO - [2024-03-08T15:48:14.305+0000] {dag.py:3340} INFO - Setting next_dagrun for group_dag to 2024-03-07T00:00:00+00:00, run_after=2024-03-08T00:00:00+00:00
[2024-03-08T15:48:14.325+0000] {processor.py:176} INFO - Processing /opt/airflow/dags/group_dag.py took 0.126 seconds
[2024-03-08T15:48:45.255+0000] {processor.py:154} INFO - Started process (PID=119) to work on /opt/airflow/dags/group_dag.py
[2024-03-08T15:48:45.256+0000] {processor.py:756} INFO - Processing file /opt/airflow/dags/group_dag.py for tasks to queue
[2024-03-08T15:48:45.257+0000] {logging_mixin.py:120} INFO - [2024-03-08T15:48:45.256+0000] {dagbag.py:537} INFO - Filling up the DagBag from /opt/airflow/dags/group_dag.py
[2024-03-08T15:48:45.273+0000] {processor.py:766} INFO - DAG(s) dict_keys(['group_dag']) retrieved from /opt/airflow/dags/group_dag.py
[2024-03-08T15:48:45.299+0000] {logging_mixin.py:120} INFO - [2024-03-08T15:48:45.299+0000] {dag.py:2585} INFO - Sync 1 DAGs
[2024-03-08T15:48:45.314+0000] {logging_mixin.py:120} INFO - [2024-03-08T15:48:45.314+0000] {dag.py:3340} INFO - Setting next_dagrun for group_dag to 2024-03-07T00:00:00+00:00, run_after=2024-03-08T00:00:00+00:00
[2024-03-08T15:48:45.323+0000] {processor.py:176} INFO - Processing /opt/airflow/dags/group_dag.py took 0.069 seconds
[2024-03-08T15:49:16.400+0000] {processor.py:154} INFO - Started process (PID=156) to work on /opt/airflow/dags/group_dag.py
[2024-03-08T15:49:16.400+0000] {processor.py:756} INFO - Processing file /opt/airflow/dags/group_dag.py for tasks to queue
[2024-03-08T15:49:16.401+0000] {logging_mixin.py:120} INFO - [2024-03-08T15:49:16.401+0000] {dagbag.py:537} INFO - Filling up the DagBag from /opt/airflow/dags/group_dag.py
[2024-03-08T15:49:16.412+0000] {processor.py:766} INFO - DAG(s) dict_keys(['group_dag']) retrieved from /opt/airflow/dags/group_dag.py
[2024-03-08T15:49:16.432+0000] {logging_mixin.py:120} INFO - [2024-03-08T15:49:16.432+0000] {dag.py:2585} INFO - Sync 1 DAGs
[2024-03-08T15:49:16.446+0000] {logging_mixin.py:120} INFO - [2024-03-08T15:49:16.446+0000] {dag.py:3340} INFO - Setting next_dagrun for group_dag to 2024-03-07T00:00:00+00:00, run_after=2024-03-08T00:00:00+00:00
[2024-03-08T15:49:16.455+0000] {processor.py:176} INFO - Processing /opt/airflow/dags/group_dag.py took 0.057 seconds
[2024-03-08T15:49:47.244+0000] {processor.py:154} INFO - Started process (PID=193) to work on /opt/airflow/dags/group_dag.py
[2024-03-08T15:49:47.245+0000] {processor.py:756} INFO - Processing file /opt/airflow/dags/group_dag.py for tasks to queue
[2024-03-08T15:49:47.245+0000] {logging_mixin.py:120} INFO - [2024-03-08T15:49:47.245+0000] {dagbag.py:537} INFO - Filling up the DagBag from /opt/airflow/dags/group_dag.py
[2024-03-08T15:49:47.257+0000] {processor.py:766} INFO - DAG(s) dict_keys(['group_dag']) retrieved from /opt/airflow/dags/group_dag.py
[2024-03-08T15:49:47.277+0000] {logging_mixin.py:120} INFO - [2024-03-08T15:49:47.277+0000] {dag.py:2585} INFO - Sync 1 DAGs
[2024-03-08T15:49:47.290+0000] {logging_mixin.py:120} INFO - [2024-03-08T15:49:47.290+0000] {dag.py:3340} INFO - Setting next_dagrun for group_dag to 2024-03-07T00:00:00+00:00, run_after=2024-03-08T00:00:00+00:00
[2024-03-08T15:49:47.300+0000] {processor.py:176} INFO - Processing /opt/airflow/dags/group_dag.py took 0.057 seconds
[2024-03-08T15:50:18.182+0000] {processor.py:154} INFO - Started process (PID=230) to work on /opt/airflow/dags/group_dag.py
[2024-03-08T15:50:18.183+0000] {processor.py:756} INFO - Processing file /opt/airflow/dags/group_dag.py for tasks to queue
[2024-03-08T15:50:18.183+0000] {logging_mixin.py:120} INFO - [2024-03-08T15:50:18.183+0000] {dagbag.py:537} INFO - Filling up the DagBag from /opt/airflow/dags/group_dag.py
[2024-03-08T15:50:18.195+0000] {processor.py:766} INFO - DAG(s) dict_keys(['group_dag']) retrieved from /opt/airflow/dags/group_dag.py
[2024-03-08T15:50:18.218+0000] {logging_mixin.py:120} INFO - [2024-03-08T15:50:18.218+0000] {dag.py:2585} INFO - Sync 1 DAGs
[2024-03-08T15:50:18.232+0000] {logging_mixin.py:120} INFO - [2024-03-08T15:50:18.232+0000] {dag.py:3340} INFO - Setting next_dagrun for group_dag to 2024-03-07T00:00:00+00:00, run_after=2024-03-08T00:00:00+00:00
[2024-03-08T15:50:18.246+0000] {processor.py:176} INFO - Processing /opt/airflow/dags/group_dag.py took 0.065 seconds
[2024-03-08T15:50:48.977+0000] {processor.py:154} INFO - Started process (PID=268) to work on /opt/airflow/dags/group_dag.py
[2024-03-08T15:50:48.978+0000] {processor.py:756} INFO - Processing file /opt/airflow/dags/group_dag.py for tasks to queue
[2024-03-08T15:50:48.979+0000] {logging_mixin.py:120} INFO - [2024-03-08T15:50:48.979+0000] {dagbag.py:537} INFO - Filling up the DagBag from /opt/airflow/dags/group_dag.py
[2024-03-08T15:50:48.991+0000] {processor.py:766} INFO - DAG(s) dict_keys(['group_dag']) retrieved from /opt/airflow/dags/group_dag.py
[2024-03-08T15:50:49.010+0000] {logging_mixin.py:120} INFO - [2024-03-08T15:50:49.010+0000] {dag.py:2585} INFO - Sync 1 DAGs
[2024-03-08T15:50:49.024+0000] {logging_mixin.py:120} INFO - [2024-03-08T15:50:49.024+0000] {dag.py:3340} INFO - Setting next_dagrun for group_dag to 2024-03-07T00:00:00+00:00, run_after=2024-03-08T00:00:00+00:00
[2024-03-08T15:50:49.034+0000] {processor.py:176} INFO - Processing /opt/airflow/dags/group_dag.py took 0.058 seconds
[2024-03-08T15:51:20.068+0000] {processor.py:154} INFO - Started process (PID=306) to work on /opt/airflow/dags/group_dag.py
[2024-03-08T15:51:20.069+0000] {processor.py:756} INFO - Processing file /opt/airflow/dags/group_dag.py for tasks to queue
[2024-03-08T15:51:20.070+0000] {logging_mixin.py:120} INFO - [2024-03-08T15:51:20.070+0000] {dagbag.py:537} INFO - Filling up the DagBag from /opt/airflow/dags/group_dag.py
[2024-03-08T15:51:20.090+0000] {processor.py:766} INFO - DAG(s) dict_keys(['group_dag']) retrieved from /opt/airflow/dags/group_dag.py
[2024-03-08T15:51:20.119+0000] {logging_mixin.py:120} INFO - [2024-03-08T15:51:20.119+0000] {dag.py:2585} INFO - Sync 1 DAGs
[2024-03-08T15:51:20.143+0000] {logging_mixin.py:120} INFO - [2024-03-08T15:51:20.143+0000] {dag.py:3340} INFO - Setting next_dagrun for group_dag to 2024-03-07T00:00:00+00:00, run_after=2024-03-08T00:00:00+00:00
[2024-03-08T15:51:20.156+0000] {processor.py:176} INFO - Processing /opt/airflow/dags/group_dag.py took 0.091 seconds
[2024-03-08T15:51:51.060+0000] {processor.py:154} INFO - Started process (PID=334) to work on /opt/airflow/dags/group_dag.py
[2024-03-08T15:51:51.061+0000] {processor.py:756} INFO - Processing file /opt/airflow/dags/group_dag.py for tasks to queue
[2024-03-08T15:51:51.062+0000] {logging_mixin.py:120} INFO - [2024-03-08T15:51:51.061+0000] {dagbag.py:537} INFO - Filling up the DagBag from /opt/airflow/dags/group_dag.py
[2024-03-08T15:51:51.074+0000] {processor.py:766} INFO - DAG(s) dict_keys(['group_dag']) retrieved from /opt/airflow/dags/group_dag.py
[2024-03-08T15:51:51.102+0000] {logging_mixin.py:120} INFO - [2024-03-08T15:51:51.102+0000] {dag.py:2585} INFO - Sync 1 DAGs
[2024-03-08T15:51:51.117+0000] {logging_mixin.py:120} INFO - [2024-03-08T15:51:51.117+0000] {dag.py:3340} INFO - Setting next_dagrun for group_dag to 2024-03-07T00:00:00+00:00, run_after=2024-03-08T00:00:00+00:00
[2024-03-08T15:51:51.126+0000] {processor.py:176} INFO - Processing /opt/airflow/dags/group_dag.py took 0.067 seconds
[2024-03-08T15:52:21.969+0000] {processor.py:154} INFO - Started process (PID=371) to work on /opt/airflow/dags/group_dag.py
[2024-03-08T15:52:21.970+0000] {processor.py:756} INFO - Processing file /opt/airflow/dags/group_dag.py for tasks to queue
[2024-03-08T15:52:21.970+0000] {logging_mixin.py:120} INFO - [2024-03-08T15:52:21.970+0000] {dagbag.py:537} INFO - Filling up the DagBag from /opt/airflow/dags/group_dag.py
[2024-03-08T15:52:21.982+0000] {processor.py:766} INFO - DAG(s) dict_keys(['group_dag']) retrieved from /opt/airflow/dags/group_dag.py
[2024-03-08T15:52:22.002+0000] {logging_mixin.py:120} INFO - [2024-03-08T15:52:22.002+0000] {dag.py:2585} INFO - Sync 1 DAGs
[2024-03-08T15:52:22.016+0000] {logging_mixin.py:120} INFO - [2024-03-08T15:52:22.016+0000] {dag.py:3340} INFO - Setting next_dagrun for group_dag to 2024-03-07T00:00:00+00:00, run_after=2024-03-08T00:00:00+00:00
[2024-03-08T15:52:22.025+0000] {processor.py:176} INFO - Processing /opt/airflow/dags/group_dag.py took 0.057 seconds
[2024-03-08T15:52:52.936+0000] {processor.py:154} INFO - Started process (PID=408) to work on /opt/airflow/dags/group_dag.py
[2024-03-08T15:52:52.936+0000] {processor.py:756} INFO - Processing file /opt/airflow/dags/group_dag.py for tasks to queue
[2024-03-08T15:52:52.937+0000] {logging_mixin.py:120} INFO - [2024-03-08T15:52:52.937+0000] {dagbag.py:537} INFO - Filling up the DagBag from /opt/airflow/dags/group_dag.py
[2024-03-08T15:52:52.948+0000] {processor.py:766} INFO - DAG(s) dict_keys(['group_dag']) retrieved from /opt/airflow/dags/group_dag.py
[2024-03-08T15:52:52.968+0000] {logging_mixin.py:120} INFO - [2024-03-08T15:52:52.968+0000] {dag.py:2585} INFO - Sync 1 DAGs
[2024-03-08T15:52:52.982+0000] {logging_mixin.py:120} INFO - [2024-03-08T15:52:52.982+0000] {dag.py:3340} INFO - Setting next_dagrun for group_dag to 2024-03-07T00:00:00+00:00, run_after=2024-03-08T00:00:00+00:00
[2024-03-08T15:52:52.991+0000] {processor.py:176} INFO - Processing /opt/airflow/dags/group_dag.py took 0.057 seconds
[2024-03-08T15:53:23.801+0000] {processor.py:154} INFO - Started process (PID=446) to work on /opt/airflow/dags/group_dag.py
[2024-03-08T15:53:23.802+0000] {processor.py:756} INFO - Processing file /opt/airflow/dags/group_dag.py for tasks to queue
[2024-03-08T15:53:23.802+0000] {logging_mixin.py:120} INFO - [2024-03-08T15:53:23.802+0000] {dagbag.py:537} INFO - Filling up the DagBag from /opt/airflow/dags/group_dag.py
[2024-03-08T15:53:23.814+0000] {processor.py:766} INFO - DAG(s) dict_keys(['group_dag']) retrieved from /opt/airflow/dags/group_dag.py
[2024-03-08T15:53:23.833+0000] {logging_mixin.py:120} INFO - [2024-03-08T15:53:23.833+0000] {dag.py:2585} INFO - Sync 1 DAGs
[2024-03-08T15:53:23.847+0000] {logging_mixin.py:120} INFO - [2024-03-08T15:53:23.847+0000] {dag.py:3340} INFO - Setting next_dagrun for group_dag to 2024-03-07T00:00:00+00:00, run_after=2024-03-08T00:00:00+00:00
[2024-03-08T15:53:23.856+0000] {processor.py:176} INFO - Processing /opt/airflow/dags/group_dag.py took 0.057 seconds
[2024-03-08T15:53:54.887+0000] {processor.py:154} INFO - Started process (PID=483) to work on /opt/airflow/dags/group_dag.py
[2024-03-08T15:53:54.887+0000] {processor.py:756} INFO - Processing file /opt/airflow/dags/group_dag.py for tasks to queue
[2024-03-08T15:53:54.888+0000] {logging_mixin.py:120} INFO - [2024-03-08T15:53:54.888+0000] {dagbag.py:537} INFO - Filling up the DagBag from /opt/airflow/dags/group_dag.py
[2024-03-08T15:53:54.900+0000] {processor.py:766} INFO - DAG(s) dict_keys(['group_dag']) retrieved from /opt/airflow/dags/group_dag.py
[2024-03-08T15:53:54.925+0000] {logging_mixin.py:120} INFO - [2024-03-08T15:53:54.925+0000] {dag.py:2585} INFO - Sync 1 DAGs
[2024-03-08T15:53:54.938+0000] {logging_mixin.py:120} INFO - [2024-03-08T15:53:54.938+0000] {dag.py:3340} INFO - Setting next_dagrun for group_dag to 2024-03-07T00:00:00+00:00, run_after=2024-03-08T00:00:00+00:00
[2024-03-08T15:53:54.948+0000] {processor.py:176} INFO - Processing /opt/airflow/dags/group_dag.py took 0.063 seconds
[2024-03-08T15:54:25.956+0000] {processor.py:154} INFO - Started process (PID=519) to work on /opt/airflow/dags/group_dag.py
[2024-03-08T15:54:25.958+0000] {processor.py:756} INFO - Processing file /opt/airflow/dags/group_dag.py for tasks to queue
[2024-03-08T15:54:25.959+0000] {logging_mixin.py:120} INFO - [2024-03-08T15:54:25.959+0000] {dagbag.py:537} INFO - Filling up the DagBag from /opt/airflow/dags/group_dag.py
[2024-03-08T15:54:25.982+0000] {processor.py:766} INFO - DAG(s) dict_keys(['group_dag']) retrieved from /opt/airflow/dags/group_dag.py
[2024-03-08T15:54:26.024+0000] {logging_mixin.py:120} INFO - [2024-03-08T15:54:26.023+0000] {dag.py:2585} INFO - Sync 1 DAGs
[2024-03-08T15:54:26.046+0000] {logging_mixin.py:120} INFO - [2024-03-08T15:54:26.046+0000] {dag.py:3340} INFO - Setting next_dagrun for group_dag to 2024-03-07T00:00:00+00:00, run_after=2024-03-08T00:00:00+00:00
[2024-03-08T15:54:26.058+0000] {processor.py:176} INFO - Processing /opt/airflow/dags/group_dag.py took 0.107 seconds
[2024-03-08T15:54:57.047+0000] {processor.py:154} INFO - Started process (PID=554) to work on /opt/airflow/dags/group_dag.py
[2024-03-08T15:54:57.048+0000] {processor.py:756} INFO - Processing file /opt/airflow/dags/group_dag.py for tasks to queue
[2024-03-08T15:54:57.048+0000] {logging_mixin.py:120} INFO - [2024-03-08T15:54:57.048+0000] {dagbag.py:537} INFO - Filling up the DagBag from /opt/airflow/dags/group_dag.py
[2024-03-08T15:54:57.062+0000] {processor.py:766} INFO - DAG(s) dict_keys(['group_dag']) retrieved from /opt/airflow/dags/group_dag.py
[2024-03-08T15:54:57.084+0000] {logging_mixin.py:120} INFO - [2024-03-08T15:54:57.084+0000] {dag.py:2585} INFO - Sync 1 DAGs
[2024-03-08T15:54:57.100+0000] {logging_mixin.py:120} INFO - [2024-03-08T15:54:57.100+0000] {dag.py:3340} INFO - Setting next_dagrun for group_dag to 2024-03-07T00:00:00+00:00, run_after=2024-03-08T00:00:00+00:00
[2024-03-08T15:54:57.111+0000] {processor.py:176} INFO - Processing /opt/airflow/dags/group_dag.py took 0.067 seconds
[2024-03-08T15:55:27.982+0000] {processor.py:154} INFO - Started process (PID=584) to work on /opt/airflow/dags/group_dag.py
[2024-03-08T15:55:27.982+0000] {processor.py:756} INFO - Processing file /opt/airflow/dags/group_dag.py for tasks to queue
[2024-03-08T15:55:27.983+0000] {logging_mixin.py:120} INFO - [2024-03-08T15:55:27.983+0000] {dagbag.py:537} INFO - Filling up the DagBag from /opt/airflow/dags/group_dag.py
[2024-03-08T15:55:27.994+0000] {processor.py:766} INFO - DAG(s) dict_keys(['group_dag']) retrieved from /opt/airflow/dags/group_dag.py
[2024-03-08T15:55:28.015+0000] {logging_mixin.py:120} INFO - [2024-03-08T15:55:28.015+0000] {dag.py:2585} INFO - Sync 1 DAGs
[2024-03-08T15:55:28.029+0000] {logging_mixin.py:120} INFO - [2024-03-08T15:55:28.029+0000] {dag.py:3340} INFO - Setting next_dagrun for group_dag to 2024-03-07T00:00:00+00:00, run_after=2024-03-08T00:00:00+00:00
[2024-03-08T15:55:28.038+0000] {processor.py:176} INFO - Processing /opt/airflow/dags/group_dag.py took 0.058 seconds
[2024-03-08T15:55:58.935+0000] {processor.py:154} INFO - Started process (PID=621) to work on /opt/airflow/dags/group_dag.py
[2024-03-08T15:55:58.936+0000] {processor.py:756} INFO - Processing file /opt/airflow/dags/group_dag.py for tasks to queue
[2024-03-08T15:55:58.937+0000] {logging_mixin.py:120} INFO - [2024-03-08T15:55:58.937+0000] {dagbag.py:537} INFO - Filling up the DagBag from /opt/airflow/dags/group_dag.py
[2024-03-08T15:55:58.949+0000] {processor.py:766} INFO - DAG(s) dict_keys(['group_dag']) retrieved from /opt/airflow/dags/group_dag.py
[2024-03-08T15:55:58.969+0000] {logging_mixin.py:120} INFO - [2024-03-08T15:55:58.969+0000] {dag.py:2585} INFO - Sync 1 DAGs
[2024-03-08T15:55:58.983+0000] {logging_mixin.py:120} INFO - [2024-03-08T15:55:58.983+0000] {dag.py:3340} INFO - Setting next_dagrun for group_dag to 2024-03-07T00:00:00+00:00, run_after=2024-03-08T00:00:00+00:00
[2024-03-08T15:55:58.992+0000] {processor.py:176} INFO - Processing /opt/airflow/dags/group_dag.py took 0.059 seconds
[2024-03-08T15:56:29.929+0000] {processor.py:154} INFO - Started process (PID=658) to work on /opt/airflow/dags/group_dag.py
[2024-03-08T15:56:29.929+0000] {processor.py:756} INFO - Processing file /opt/airflow/dags/group_dag.py for tasks to queue
[2024-03-08T15:56:29.930+0000] {logging_mixin.py:120} INFO - [2024-03-08T15:56:29.930+0000] {dagbag.py:537} INFO - Filling up the DagBag from /opt/airflow/dags/group_dag.py
[2024-03-08T15:56:29.949+0000] {processor.py:766} INFO - DAG(s) dict_keys(['group_dag']) retrieved from /opt/airflow/dags/group_dag.py
[2024-03-08T15:56:29.974+0000] {logging_mixin.py:120} INFO - [2024-03-08T15:56:29.974+0000] {dag.py:2585} INFO - Sync 1 DAGs
[2024-03-08T15:56:29.990+0000] {logging_mixin.py:120} INFO - [2024-03-08T15:56:29.989+0000] {dag.py:3340} INFO - Setting next_dagrun for group_dag to 2024-03-07T00:00:00+00:00, run_after=2024-03-08T00:00:00+00:00
[2024-03-08T15:56:30.000+0000] {processor.py:176} INFO - Processing /opt/airflow/dags/group_dag.py took 0.074 seconds
[2024-03-08T15:57:00.810+0000] {processor.py:154} INFO - Started process (PID=695) to work on /opt/airflow/dags/group_dag.py
[2024-03-08T15:57:00.812+0000] {processor.py:756} INFO - Processing file /opt/airflow/dags/group_dag.py for tasks to queue
[2024-03-08T15:57:00.813+0000] {logging_mixin.py:120} INFO - [2024-03-08T15:57:00.813+0000] {dagbag.py:537} INFO - Filling up the DagBag from /opt/airflow/dags/group_dag.py
[2024-03-08T15:57:00.828+0000] {processor.py:766} INFO - DAG(s) dict_keys(['group_dag']) retrieved from /opt/airflow/dags/group_dag.py
[2024-03-08T15:57:00.848+0000] {logging_mixin.py:120} INFO - [2024-03-08T15:57:00.848+0000] {dag.py:2585} INFO - Sync 1 DAGs
[2024-03-08T15:57:00.863+0000] {logging_mixin.py:120} INFO - [2024-03-08T15:57:00.863+0000] {dag.py:3340} INFO - Setting next_dagrun for group_dag to 2024-03-07T00:00:00+00:00, run_after=2024-03-08T00:00:00+00:00
[2024-03-08T15:57:00.872+0000] {processor.py:176} INFO - Processing /opt/airflow/dags/group_dag.py took 0.063 seconds
[2024-03-08T15:57:31.760+0000] {processor.py:154} INFO - Started process (PID=732) to work on /opt/airflow/dags/group_dag.py
[2024-03-08T15:57:31.761+0000] {processor.py:756} INFO - Processing file /opt/airflow/dags/group_dag.py for tasks to queue
[2024-03-08T15:57:31.762+0000] {logging_mixin.py:120} INFO - [2024-03-08T15:57:31.762+0000] {dagbag.py:537} INFO - Filling up the DagBag from /opt/airflow/dags/group_dag.py
[2024-03-08T15:57:31.778+0000] {processor.py:766} INFO - DAG(s) dict_keys(['group_dag']) retrieved from /opt/airflow/dags/group_dag.py
[2024-03-08T15:57:31.812+0000] {logging_mixin.py:120} INFO - [2024-03-08T15:57:31.812+0000] {dag.py:2585} INFO - Sync 1 DAGs
[2024-03-08T15:57:31.830+0000] {logging_mixin.py:120} INFO - [2024-03-08T15:57:31.830+0000] {dag.py:3340} INFO - Setting next_dagrun for group_dag to 2024-03-07T00:00:00+00:00, run_after=2024-03-08T00:00:00+00:00
[2024-03-08T15:57:31.842+0000] {processor.py:176} INFO - Processing /opt/airflow/dags/group_dag.py took 0.085 seconds
[2024-03-08T15:58:02.658+0000] {processor.py:154} INFO - Started process (PID=769) to work on /opt/airflow/dags/group_dag.py
[2024-03-08T15:58:02.659+0000] {processor.py:756} INFO - Processing file /opt/airflow/dags/group_dag.py for tasks to queue
[2024-03-08T15:58:02.661+0000] {logging_mixin.py:120} INFO - [2024-03-08T15:58:02.660+0000] {dagbag.py:537} INFO - Filling up the DagBag from /opt/airflow/dags/group_dag.py
[2024-03-08T15:58:02.676+0000] {processor.py:766} INFO - DAG(s) dict_keys(['group_dag']) retrieved from /opt/airflow/dags/group_dag.py
[2024-03-08T15:58:02.697+0000] {logging_mixin.py:120} INFO - [2024-03-08T15:58:02.697+0000] {dag.py:2585} INFO - Sync 1 DAGs
[2024-03-08T15:58:02.711+0000] {logging_mixin.py:120} INFO - [2024-03-08T15:58:02.711+0000] {dag.py:3340} INFO - Setting next_dagrun for group_dag to 2024-03-07T00:00:00+00:00, run_after=2024-03-08T00:00:00+00:00
[2024-03-08T15:58:02.723+0000] {processor.py:176} INFO - Processing /opt/airflow/dags/group_dag.py took 0.067 seconds
[2024-03-08T15:58:33.961+0000] {processor.py:154} INFO - Started process (PID=806) to work on /opt/airflow/dags/group_dag.py
[2024-03-08T15:58:33.962+0000] {processor.py:756} INFO - Processing file /opt/airflow/dags/group_dag.py for tasks to queue
[2024-03-08T15:58:33.963+0000] {logging_mixin.py:120} INFO - [2024-03-08T15:58:33.963+0000] {dagbag.py:537} INFO - Filling up the DagBag from /opt/airflow/dags/group_dag.py
[2024-03-08T15:58:33.983+0000] {processor.py:766} INFO - DAG(s) dict_keys(['group_dag']) retrieved from /opt/airflow/dags/group_dag.py
[2024-03-08T15:58:34.023+0000] {logging_mixin.py:120} INFO - [2024-03-08T15:58:34.023+0000] {dag.py:2585} INFO - Sync 1 DAGs
[2024-03-08T15:58:34.058+0000] {logging_mixin.py:120} INFO - [2024-03-08T15:58:34.058+0000] {dag.py:3340} INFO - Setting next_dagrun for group_dag to 2024-03-07T00:00:00+00:00, run_after=2024-03-08T00:00:00+00:00
[2024-03-08T15:58:34.080+0000] {processor.py:176} INFO - Processing /opt/airflow/dags/group_dag.py took 0.122 seconds
[2024-03-08T15:59:04.395+0000] {processor.py:154} INFO - Started process (PID=834) to work on /opt/airflow/dags/group_dag.py
[2024-03-08T15:59:04.395+0000] {processor.py:756} INFO - Processing file /opt/airflow/dags/group_dag.py for tasks to queue
[2024-03-08T15:59:04.396+0000] {logging_mixin.py:120} INFO - [2024-03-08T15:59:04.396+0000] {dagbag.py:537} INFO - Filling up the DagBag from /opt/airflow/dags/group_dag.py
[2024-03-08T15:59:04.407+0000] {processor.py:766} INFO - DAG(s) dict_keys(['group_dag']) retrieved from /opt/airflow/dags/group_dag.py
[2024-03-08T15:59:04.432+0000] {logging_mixin.py:120} INFO - [2024-03-08T15:59:04.432+0000] {dag.py:2585} INFO - Sync 1 DAGs
[2024-03-08T15:59:04.448+0000] {logging_mixin.py:120} INFO - [2024-03-08T15:59:04.448+0000] {dag.py:3340} INFO - Setting next_dagrun for group_dag to 2024-03-07T00:00:00+00:00, run_after=2024-03-08T00:00:00+00:00
[2024-03-08T15:59:04.459+0000] {processor.py:176} INFO - Processing /opt/airflow/dags/group_dag.py took 0.067 seconds
[2024-03-08T15:59:35.468+0000] {processor.py:154} INFO - Started process (PID=871) to work on /opt/airflow/dags/group_dag.py
[2024-03-08T15:59:35.469+0000] {processor.py:756} INFO - Processing file /opt/airflow/dags/group_dag.py for tasks to queue
[2024-03-08T15:59:35.470+0000] {logging_mixin.py:120} INFO - [2024-03-08T15:59:35.470+0000] {dagbag.py:537} INFO - Filling up the DagBag from /opt/airflow/dags/group_dag.py
[2024-03-08T15:59:35.485+0000] {processor.py:766} INFO - DAG(s) dict_keys(['group_dag']) retrieved from /opt/airflow/dags/group_dag.py
[2024-03-08T15:59:35.517+0000] {logging_mixin.py:120} INFO - [2024-03-08T15:59:35.517+0000] {dag.py:2585} INFO - Sync 1 DAGs
[2024-03-08T15:59:35.533+0000] {logging_mixin.py:120} INFO - [2024-03-08T15:59:35.533+0000] {dag.py:3340} INFO - Setting next_dagrun for group_dag to 2024-03-07T00:00:00+00:00, run_after=2024-03-08T00:00:00+00:00
[2024-03-08T15:59:35.545+0000] {processor.py:176} INFO - Processing /opt/airflow/dags/group_dag.py took 0.082 seconds
[2024-03-08T16:00:06.581+0000] {processor.py:154} INFO - Started process (PID=907) to work on /opt/airflow/dags/group_dag.py
[2024-03-08T16:00:06.582+0000] {processor.py:756} INFO - Processing file /opt/airflow/dags/group_dag.py for tasks to queue
[2024-03-08T16:00:06.583+0000] {logging_mixin.py:120} INFO - [2024-03-08T16:00:06.583+0000] {dagbag.py:537} INFO - Filling up the DagBag from /opt/airflow/dags/group_dag.py
[2024-03-08T16:00:06.598+0000] {processor.py:766} INFO - DAG(s) dict_keys(['group_dag']) retrieved from /opt/airflow/dags/group_dag.py
[2024-03-08T16:00:06.626+0000] {logging_mixin.py:120} INFO - [2024-03-08T16:00:06.626+0000] {dag.py:2585} INFO - Sync 1 DAGs
[2024-03-08T16:00:06.646+0000] {logging_mixin.py:120} INFO - [2024-03-08T16:00:06.646+0000] {dag.py:3340} INFO - Setting next_dagrun for group_dag to 2024-03-07T00:00:00+00:00, run_after=2024-03-08T00:00:00+00:00
[2024-03-08T16:00:06.665+0000] {processor.py:176} INFO - Processing /opt/airflow/dags/group_dag.py took 0.088 seconds
[2024-03-08T16:00:37.767+0000] {processor.py:154} INFO - Started process (PID=944) to work on /opt/airflow/dags/group_dag.py
[2024-03-08T16:00:37.768+0000] {processor.py:756} INFO - Processing file /opt/airflow/dags/group_dag.py for tasks to queue
[2024-03-08T16:00:37.769+0000] {logging_mixin.py:120} INFO - [2024-03-08T16:00:37.769+0000] {dagbag.py:537} INFO - Filling up the DagBag from /opt/airflow/dags/group_dag.py
[2024-03-08T16:00:37.786+0000] {processor.py:766} INFO - DAG(s) dict_keys(['group_dag']) retrieved from /opt/airflow/dags/group_dag.py
[2024-03-08T16:00:37.817+0000] {logging_mixin.py:120} INFO - [2024-03-08T16:00:37.817+0000] {dag.py:2585} INFO - Sync 1 DAGs
[2024-03-08T16:00:37.836+0000] {logging_mixin.py:120} INFO - [2024-03-08T16:00:37.836+0000] {dag.py:3340} INFO - Setting next_dagrun for group_dag to 2024-03-07T00:00:00+00:00, run_after=2024-03-08T00:00:00+00:00
[2024-03-08T16:00:37.853+0000] {processor.py:176} INFO - Processing /opt/airflow/dags/group_dag.py took 0.090 seconds
[2024-03-08T16:01:08.751+0000] {processor.py:154} INFO - Started process (PID=981) to work on /opt/airflow/dags/group_dag.py
[2024-03-08T16:01:08.752+0000] {processor.py:756} INFO - Processing file /opt/airflow/dags/group_dag.py for tasks to queue
[2024-03-08T16:01:08.752+0000] {logging_mixin.py:120} INFO - [2024-03-08T16:01:08.752+0000] {dagbag.py:537} INFO - Filling up the DagBag from /opt/airflow/dags/group_dag.py
[2024-03-08T16:01:08.763+0000] {processor.py:766} INFO - DAG(s) dict_keys(['group_dag']) retrieved from /opt/airflow/dags/group_dag.py
[2024-03-08T16:01:08.783+0000] {logging_mixin.py:120} INFO - [2024-03-08T16:01:08.783+0000] {dag.py:2585} INFO - Sync 1 DAGs
[2024-03-08T16:01:08.796+0000] {logging_mixin.py:120} INFO - [2024-03-08T16:01:08.796+0000] {dag.py:3340} INFO - Setting next_dagrun for group_dag to 2024-03-07T00:00:00+00:00, run_after=2024-03-08T00:00:00+00:00
[2024-03-08T16:01:08.805+0000] {processor.py:176} INFO - Processing /opt/airflow/dags/group_dag.py took 0.056 seconds
[2024-03-08T16:01:39.781+0000] {processor.py:154} INFO - Started process (PID=1009) to work on /opt/airflow/dags/group_dag.py
[2024-03-08T16:01:39.781+0000] {processor.py:756} INFO - Processing file /opt/airflow/dags/group_dag.py for tasks to queue
[2024-03-08T16:01:39.782+0000] {logging_mixin.py:120} INFO - [2024-03-08T16:01:39.782+0000] {dagbag.py:537} INFO - Filling up the DagBag from /opt/airflow/dags/group_dag.py
[2024-03-08T16:01:39.794+0000] {processor.py:766} INFO - DAG(s) dict_keys(['group_dag']) retrieved from /opt/airflow/dags/group_dag.py
[2024-03-08T16:01:39.814+0000] {logging_mixin.py:120} INFO - [2024-03-08T16:01:39.814+0000] {dag.py:2585} INFO - Sync 1 DAGs
[2024-03-08T16:01:39.828+0000] {logging_mixin.py:120} INFO - [2024-03-08T16:01:39.827+0000] {dag.py:3340} INFO - Setting next_dagrun for group_dag to 2024-03-07T00:00:00+00:00, run_after=2024-03-08T00:00:00+00:00
[2024-03-08T16:01:39.837+0000] {processor.py:176} INFO - Processing /opt/airflow/dags/group_dag.py took 0.058 seconds
[2024-03-08T16:02:10.686+0000] {processor.py:154} INFO - Started process (PID=1045) to work on /opt/airflow/dags/group_dag.py
[2024-03-08T16:02:10.687+0000] {processor.py:756} INFO - Processing file /opt/airflow/dags/group_dag.py for tasks to queue
[2024-03-08T16:02:10.687+0000] {logging_mixin.py:120} INFO - [2024-03-08T16:02:10.687+0000] {dagbag.py:537} INFO - Filling up the DagBag from /opt/airflow/dags/group_dag.py
[2024-03-08T16:02:10.702+0000] {processor.py:766} INFO - DAG(s) dict_keys(['group_dag']) retrieved from /opt/airflow/dags/group_dag.py
[2024-03-08T16:02:10.723+0000] {logging_mixin.py:120} INFO - [2024-03-08T16:02:10.723+0000] {dag.py:2585} INFO - Sync 1 DAGs
[2024-03-08T16:02:10.736+0000] {logging_mixin.py:120} INFO - [2024-03-08T16:02:10.736+0000] {dag.py:3340} INFO - Setting next_dagrun for group_dag to 2024-03-07T00:00:00+00:00, run_after=2024-03-08T00:00:00+00:00
[2024-03-08T16:02:10.745+0000] {processor.py:176} INFO - Processing /opt/airflow/dags/group_dag.py took 0.061 seconds
[2024-03-08T16:02:41.432+0000] {processor.py:154} INFO - Started process (PID=1082) to work on /opt/airflow/dags/group_dag.py
[2024-03-08T16:02:41.433+0000] {processor.py:756} INFO - Processing file /opt/airflow/dags/group_dag.py for tasks to queue
[2024-03-08T16:02:41.433+0000] {logging_mixin.py:120} INFO - [2024-03-08T16:02:41.433+0000] {dagbag.py:537} INFO - Filling up the DagBag from /opt/airflow/dags/group_dag.py
[2024-03-08T16:02:41.446+0000] {processor.py:766} INFO - DAG(s) dict_keys(['group_dag']) retrieved from /opt/airflow/dags/group_dag.py
[2024-03-08T16:02:41.467+0000] {logging_mixin.py:120} INFO - [2024-03-08T16:02:41.467+0000] {dag.py:2585} INFO - Sync 1 DAGs
[2024-03-08T16:02:41.485+0000] {logging_mixin.py:120} INFO - [2024-03-08T16:02:41.485+0000] {dag.py:3340} INFO - Setting next_dagrun for group_dag to 2024-03-07T00:00:00+00:00, run_after=2024-03-08T00:00:00+00:00
[2024-03-08T16:02:41.505+0000] {processor.py:176} INFO - Processing /opt/airflow/dags/group_dag.py took 0.075 seconds
[2024-03-08T16:42:11.619+0000] {processor.py:154} INFO - Started process (PID=1110) to work on /opt/airflow/dags/group_dag.py
[2024-03-08T16:42:11.621+0000] {processor.py:756} INFO - Processing file /opt/airflow/dags/group_dag.py for tasks to queue
[2024-03-08T16:42:11.628+0000] {logging_mixin.py:120} INFO - [2024-03-08T16:42:11.628+0000] {dagbag.py:537} INFO - Filling up the DagBag from /opt/airflow/dags/group_dag.py
[2024-03-08T16:42:11.696+0000] {processor.py:766} INFO - DAG(s) dict_keys(['group_dag']) retrieved from /opt/airflow/dags/group_dag.py
[2024-03-08T16:42:11.858+0000] {logging_mixin.py:120} INFO - [2024-03-08T16:42:11.856+0000] {dag.py:2585} INFO - Sync 1 DAGs
[2024-03-08T16:42:11.977+0000] {logging_mixin.py:120} INFO - [2024-03-08T16:42:11.977+0000] {dag.py:3340} INFO - Setting next_dagrun for group_dag to 2024-03-07T00:00:00+00:00, run_after=2024-03-08T00:00:00+00:00
[2024-03-08T16:42:12.107+0000] {processor.py:176} INFO - Processing /opt/airflow/dags/group_dag.py took 0.500 seconds
[2024-03-08T16:42:43.112+0000] {processor.py:154} INFO - Started process (PID=1139) to work on /opt/airflow/dags/group_dag.py
[2024-03-08T16:42:43.114+0000] {processor.py:756} INFO - Processing file /opt/airflow/dags/group_dag.py for tasks to queue
[2024-03-08T16:42:43.115+0000] {logging_mixin.py:120} INFO - [2024-03-08T16:42:43.115+0000] {dagbag.py:537} INFO - Filling up the DagBag from /opt/airflow/dags/group_dag.py
[2024-03-08T16:42:43.136+0000] {processor.py:766} INFO - DAG(s) dict_keys(['group_dag']) retrieved from /opt/airflow/dags/group_dag.py
[2024-03-08T16:42:43.164+0000] {logging_mixin.py:120} INFO - [2024-03-08T16:42:43.164+0000] {dag.py:2585} INFO - Sync 1 DAGs
[2024-03-08T16:42:43.184+0000] {logging_mixin.py:120} INFO - [2024-03-08T16:42:43.184+0000] {dag.py:3340} INFO - Setting next_dagrun for group_dag to 2024-03-07T00:00:00+00:00, run_after=2024-03-08T00:00:00+00:00
[2024-03-08T16:42:43.195+0000] {processor.py:176} INFO - Processing /opt/airflow/dags/group_dag.py took 0.087 seconds
[2024-03-08T16:43:13.285+0000] {processor.py:154} INFO - Started process (PID=1175) to work on /opt/airflow/dags/group_dag.py
[2024-03-08T16:43:13.286+0000] {processor.py:756} INFO - Processing file /opt/airflow/dags/group_dag.py for tasks to queue
[2024-03-08T16:43:13.286+0000] {logging_mixin.py:120} INFO - [2024-03-08T16:43:13.286+0000] {dagbag.py:537} INFO - Filling up the DagBag from /opt/airflow/dags/group_dag.py
[2024-03-08T16:43:13.304+0000] {processor.py:766} INFO - DAG(s) dict_keys(['group_dag']) retrieved from /opt/airflow/dags/group_dag.py
[2024-03-08T16:43:13.334+0000] {logging_mixin.py:120} INFO - [2024-03-08T16:43:13.334+0000] {dag.py:2585} INFO - Sync 1 DAGs
[2024-03-08T16:43:13.351+0000] {logging_mixin.py:120} INFO - [2024-03-08T16:43:13.351+0000] {dag.py:3340} INFO - Setting next_dagrun for group_dag to 2024-03-07T00:00:00+00:00, run_after=2024-03-08T00:00:00+00:00
[2024-03-08T16:43:13.360+0000] {processor.py:176} INFO - Processing /opt/airflow/dags/group_dag.py took 0.077 seconds
[2024-03-08T16:43:44.011+0000] {processor.py:154} INFO - Started process (PID=1211) to work on /opt/airflow/dags/group_dag.py
[2024-03-08T16:43:44.012+0000] {processor.py:756} INFO - Processing file /opt/airflow/dags/group_dag.py for tasks to queue
[2024-03-08T16:43:44.012+0000] {logging_mixin.py:120} INFO - [2024-03-08T16:43:44.012+0000] {dagbag.py:537} INFO - Filling up the DagBag from /opt/airflow/dags/group_dag.py
[2024-03-08T16:43:44.023+0000] {processor.py:766} INFO - DAG(s) dict_keys(['group_dag']) retrieved from /opt/airflow/dags/group_dag.py
[2024-03-08T16:43:44.044+0000] {logging_mixin.py:120} INFO - [2024-03-08T16:43:44.044+0000] {dag.py:2585} INFO - Sync 1 DAGs
[2024-03-08T16:43:44.057+0000] {logging_mixin.py:120} INFO - [2024-03-08T16:43:44.057+0000] {dag.py:3340} INFO - Setting next_dagrun for group_dag to 2024-03-07T00:00:00+00:00, run_after=2024-03-08T00:00:00+00:00
[2024-03-08T16:43:44.066+0000] {processor.py:176} INFO - Processing /opt/airflow/dags/group_dag.py took 0.056 seconds
[2024-03-08T16:44:14.898+0000] {processor.py:154} INFO - Started process (PID=1248) to work on /opt/airflow/dags/group_dag.py
[2024-03-08T16:44:14.898+0000] {processor.py:756} INFO - Processing file /opt/airflow/dags/group_dag.py for tasks to queue
[2024-03-08T16:44:14.899+0000] {logging_mixin.py:120} INFO - [2024-03-08T16:44:14.899+0000] {dagbag.py:537} INFO - Filling up the DagBag from /opt/airflow/dags/group_dag.py
[2024-03-08T16:44:14.917+0000] {processor.py:766} INFO - DAG(s) dict_keys(['group_dag']) retrieved from /opt/airflow/dags/group_dag.py
[2024-03-08T16:44:14.938+0000] {logging_mixin.py:120} INFO - [2024-03-08T16:44:14.937+0000] {dag.py:2585} INFO - Sync 1 DAGs
[2024-03-08T16:44:14.951+0000] {logging_mixin.py:120} INFO - [2024-03-08T16:44:14.951+0000] {dag.py:3340} INFO - Setting next_dagrun for group_dag to 2024-03-07T00:00:00+00:00, run_after=2024-03-08T00:00:00+00:00
[2024-03-08T16:44:14.960+0000] {processor.py:176} INFO - Processing /opt/airflow/dags/group_dag.py took 0.064 seconds
[2024-03-08T16:44:45.730+0000] {processor.py:154} INFO - Started process (PID=1285) to work on /opt/airflow/dags/group_dag.py
[2024-03-08T16:44:45.731+0000] {processor.py:756} INFO - Processing file /opt/airflow/dags/group_dag.py for tasks to queue
[2024-03-08T16:44:45.731+0000] {logging_mixin.py:120} INFO - [2024-03-08T16:44:45.731+0000] {dagbag.py:537} INFO - Filling up the DagBag from /opt/airflow/dags/group_dag.py
[2024-03-08T16:44:45.743+0000] {processor.py:766} INFO - DAG(s) dict_keys(['group_dag']) retrieved from /opt/airflow/dags/group_dag.py
[2024-03-08T16:44:45.762+0000] {logging_mixin.py:120} INFO - [2024-03-08T16:44:45.762+0000] {dag.py:2585} INFO - Sync 1 DAGs
[2024-03-08T16:44:45.776+0000] {logging_mixin.py:120} INFO - [2024-03-08T16:44:45.776+0000] {dag.py:3340} INFO - Setting next_dagrun for group_dag to 2024-03-07T00:00:00+00:00, run_after=2024-03-08T00:00:00+00:00
[2024-03-08T16:44:45.785+0000] {processor.py:176} INFO - Processing /opt/airflow/dags/group_dag.py took 0.057 seconds
[2024-03-08T16:45:16.656+0000] {processor.py:154} INFO - Started process (PID=1322) to work on /opt/airflow/dags/group_dag.py
[2024-03-08T16:45:16.657+0000] {processor.py:756} INFO - Processing file /opt/airflow/dags/group_dag.py for tasks to queue
[2024-03-08T16:45:16.657+0000] {logging_mixin.py:120} INFO - [2024-03-08T16:45:16.657+0000] {dagbag.py:537} INFO - Filling up the DagBag from /opt/airflow/dags/group_dag.py
[2024-03-08T16:45:16.670+0000] {processor.py:766} INFO - DAG(s) dict_keys(['group_dag']) retrieved from /opt/airflow/dags/group_dag.py
[2024-03-08T16:45:16.690+0000] {logging_mixin.py:120} INFO - [2024-03-08T16:45:16.690+0000] {dag.py:2585} INFO - Sync 1 DAGs
[2024-03-08T16:45:16.704+0000] {logging_mixin.py:120} INFO - [2024-03-08T16:45:16.704+0000] {dag.py:3340} INFO - Setting next_dagrun for group_dag to 2024-03-07T00:00:00+00:00, run_after=2024-03-08T00:00:00+00:00
[2024-03-08T16:45:16.718+0000] {processor.py:176} INFO - Processing /opt/airflow/dags/group_dag.py took 0.064 seconds
[2024-03-08T16:45:47.600+0000] {processor.py:154} INFO - Started process (PID=1350) to work on /opt/airflow/dags/group_dag.py
[2024-03-08T16:45:47.601+0000] {processor.py:756} INFO - Processing file /opt/airflow/dags/group_dag.py for tasks to queue
[2024-03-08T16:45:47.601+0000] {logging_mixin.py:120} INFO - [2024-03-08T16:45:47.601+0000] {dagbag.py:537} INFO - Filling up the DagBag from /opt/airflow/dags/group_dag.py
[2024-03-08T16:45:47.616+0000] {processor.py:766} INFO - DAG(s) dict_keys(['group_dag']) retrieved from /opt/airflow/dags/group_dag.py
[2024-03-08T16:45:47.642+0000] {logging_mixin.py:120} INFO - [2024-03-08T16:45:47.642+0000] {dag.py:2585} INFO - Sync 1 DAGs
[2024-03-08T16:45:47.660+0000] {logging_mixin.py:120} INFO - [2024-03-08T16:45:47.659+0000] {dag.py:3340} INFO - Setting next_dagrun for group_dag to 2024-03-07T00:00:00+00:00, run_after=2024-03-08T00:00:00+00:00
[2024-03-08T16:45:47.671+0000] {processor.py:176} INFO - Processing /opt/airflow/dags/group_dag.py took 0.074 seconds
[2024-03-08T16:46:18.526+0000] {processor.py:154} INFO - Started process (PID=1387) to work on /opt/airflow/dags/group_dag.py
[2024-03-08T16:46:18.527+0000] {processor.py:756} INFO - Processing file /opt/airflow/dags/group_dag.py for tasks to queue
[2024-03-08T16:46:18.527+0000] {logging_mixin.py:120} INFO - [2024-03-08T16:46:18.527+0000] {dagbag.py:537} INFO - Filling up the DagBag from /opt/airflow/dags/group_dag.py
[2024-03-08T16:46:18.541+0000] {processor.py:766} INFO - DAG(s) dict_keys(['group_dag']) retrieved from /opt/airflow/dags/group_dag.py
[2024-03-08T16:46:18.562+0000] {logging_mixin.py:120} INFO - [2024-03-08T16:46:18.562+0000] {dag.py:2585} INFO - Sync 1 DAGs
[2024-03-08T16:46:18.578+0000] {logging_mixin.py:120} INFO - [2024-03-08T16:46:18.577+0000] {dag.py:3340} INFO - Setting next_dagrun for group_dag to 2024-03-07T00:00:00+00:00, run_after=2024-03-08T00:00:00+00:00
[2024-03-08T16:46:18.588+0000] {processor.py:176} INFO - Processing /opt/airflow/dags/group_dag.py took 0.065 seconds
[2024-03-08T16:46:49.428+0000] {processor.py:154} INFO - Started process (PID=1423) to work on /opt/airflow/dags/group_dag.py
[2024-03-08T16:46:49.428+0000] {processor.py:756} INFO - Processing file /opt/airflow/dags/group_dag.py for tasks to queue
[2024-03-08T16:46:49.429+0000] {logging_mixin.py:120} INFO - [2024-03-08T16:46:49.429+0000] {dagbag.py:537} INFO - Filling up the DagBag from /opt/airflow/dags/group_dag.py
[2024-03-08T16:46:49.442+0000] {processor.py:766} INFO - DAG(s) dict_keys(['group_dag']) retrieved from /opt/airflow/dags/group_dag.py
[2024-03-08T16:46:49.461+0000] {logging_mixin.py:120} INFO - [2024-03-08T16:46:49.461+0000] {dag.py:2585} INFO - Sync 1 DAGs
[2024-03-08T16:46:49.475+0000] {logging_mixin.py:120} INFO - [2024-03-08T16:46:49.475+0000] {dag.py:3340} INFO - Setting next_dagrun for group_dag to 2024-03-07T00:00:00+00:00, run_after=2024-03-08T00:00:00+00:00
[2024-03-08T16:46:49.484+0000] {processor.py:176} INFO - Processing /opt/airflow/dags/group_dag.py took 0.058 seconds
[2024-03-08T16:47:20.310+0000] {processor.py:154} INFO - Started process (PID=1460) to work on /opt/airflow/dags/group_dag.py
[2024-03-08T16:47:20.311+0000] {processor.py:756} INFO - Processing file /opt/airflow/dags/group_dag.py for tasks to queue
[2024-03-08T16:47:20.312+0000] {logging_mixin.py:120} INFO - [2024-03-08T16:47:20.312+0000] {dagbag.py:537} INFO - Filling up the DagBag from /opt/airflow/dags/group_dag.py
[2024-03-08T16:47:20.323+0000] {processor.py:766} INFO - DAG(s) dict_keys(['group_dag']) retrieved from /opt/airflow/dags/group_dag.py
[2024-03-08T16:47:20.343+0000] {logging_mixin.py:120} INFO - [2024-03-08T16:47:20.343+0000] {dag.py:2585} INFO - Sync 1 DAGs
[2024-03-08T16:47:20.358+0000] {logging_mixin.py:120} INFO - [2024-03-08T16:47:20.358+0000] {dag.py:3340} INFO - Setting next_dagrun for group_dag to 2024-03-07T00:00:00+00:00, run_after=2024-03-08T00:00:00+00:00
[2024-03-08T16:47:20.367+0000] {processor.py:176} INFO - Processing /opt/airflow/dags/group_dag.py took 0.058 seconds
[2024-03-08T16:47:51.178+0000] {processor.py:154} INFO - Started process (PID=1497) to work on /opt/airflow/dags/group_dag.py
[2024-03-08T16:47:51.178+0000] {processor.py:756} INFO - Processing file /opt/airflow/dags/group_dag.py for tasks to queue
[2024-03-08T16:47:51.179+0000] {logging_mixin.py:120} INFO - [2024-03-08T16:47:51.179+0000] {dagbag.py:537} INFO - Filling up the DagBag from /opt/airflow/dags/group_dag.py
[2024-03-08T16:47:51.190+0000] {processor.py:766} INFO - DAG(s) dict_keys(['group_dag']) retrieved from /opt/airflow/dags/group_dag.py
[2024-03-08T16:47:51.210+0000] {logging_mixin.py:120} INFO - [2024-03-08T16:47:51.210+0000] {dag.py:2585} INFO - Sync 1 DAGs
[2024-03-08T16:47:51.225+0000] {logging_mixin.py:120} INFO - [2024-03-08T16:47:51.225+0000] {dag.py:3340} INFO - Setting next_dagrun for group_dag to 2024-03-07T00:00:00+00:00, run_after=2024-03-08T00:00:00+00:00
[2024-03-08T16:47:51.236+0000] {processor.py:176} INFO - Processing /opt/airflow/dags/group_dag.py took 0.060 seconds
[2024-03-08T16:48:22.029+0000] {processor.py:154} INFO - Started process (PID=1534) to work on /opt/airflow/dags/group_dag.py
[2024-03-08T16:48:22.030+0000] {processor.py:756} INFO - Processing file /opt/airflow/dags/group_dag.py for tasks to queue
[2024-03-08T16:48:22.030+0000] {logging_mixin.py:120} INFO - [2024-03-08T16:48:22.030+0000] {dagbag.py:537} INFO - Filling up the DagBag from /opt/airflow/dags/group_dag.py
[2024-03-08T16:48:22.041+0000] {processor.py:766} INFO - DAG(s) dict_keys(['group_dag']) retrieved from /opt/airflow/dags/group_dag.py
[2024-03-08T16:48:22.061+0000] {logging_mixin.py:120} INFO - [2024-03-08T16:48:22.061+0000] {dag.py:2585} INFO - Sync 1 DAGs
[2024-03-08T16:48:22.075+0000] {logging_mixin.py:120} INFO - [2024-03-08T16:48:22.075+0000] {dag.py:3340} INFO - Setting next_dagrun for group_dag to 2024-03-07T00:00:00+00:00, run_after=2024-03-08T00:00:00+00:00
[2024-03-08T16:48:22.084+0000] {processor.py:176} INFO - Processing /opt/airflow/dags/group_dag.py took 0.057 seconds
[2024-03-08T16:48:52.942+0000] {processor.py:154} INFO - Started process (PID=1571) to work on /opt/airflow/dags/group_dag.py
[2024-03-08T16:48:52.944+0000] {processor.py:756} INFO - Processing file /opt/airflow/dags/group_dag.py for tasks to queue
[2024-03-08T16:48:52.944+0000] {logging_mixin.py:120} INFO - [2024-03-08T16:48:52.944+0000] {dagbag.py:537} INFO - Filling up the DagBag from /opt/airflow/dags/group_dag.py
[2024-03-08T16:48:52.970+0000] {processor.py:766} INFO - DAG(s) dict_keys(['group_dag']) retrieved from /opt/airflow/dags/group_dag.py
[2024-03-08T16:48:53.007+0000] {logging_mixin.py:120} INFO - [2024-03-08T16:48:53.007+0000] {dag.py:2585} INFO - Sync 1 DAGs
[2024-03-08T16:48:53.029+0000] {logging_mixin.py:120} INFO - [2024-03-08T16:48:53.029+0000] {dag.py:3340} INFO - Setting next_dagrun for group_dag to 2024-03-07T00:00:00+00:00, run_after=2024-03-08T00:00:00+00:00
[2024-03-08T16:48:53.044+0000] {processor.py:176} INFO - Processing /opt/airflow/dags/group_dag.py took 0.106 seconds
[2024-03-08T16:49:24.210+0000] {processor.py:154} INFO - Started process (PID=1607) to work on /opt/airflow/dags/group_dag.py
[2024-03-08T16:49:24.213+0000] {processor.py:756} INFO - Processing file /opt/airflow/dags/group_dag.py for tasks to queue
[2024-03-08T16:49:24.214+0000] {logging_mixin.py:120} INFO - [2024-03-08T16:49:24.214+0000] {dagbag.py:537} INFO - Filling up the DagBag from /opt/airflow/dags/group_dag.py
[2024-03-08T16:49:24.233+0000] {processor.py:766} INFO - DAG(s) dict_keys(['group_dag']) retrieved from /opt/airflow/dags/group_dag.py
[2024-03-08T16:49:24.269+0000] {logging_mixin.py:120} INFO - [2024-03-08T16:49:24.269+0000] {dag.py:2585} INFO - Sync 1 DAGs
[2024-03-08T16:49:24.290+0000] {logging_mixin.py:120} INFO - [2024-03-08T16:49:24.290+0000] {dag.py:3340} INFO - Setting next_dagrun for group_dag to 2024-03-07T00:00:00+00:00, run_after=2024-03-08T00:00:00+00:00
[2024-03-08T16:49:24.311+0000] {processor.py:176} INFO - Processing /opt/airflow/dags/group_dag.py took 0.103 seconds
[2024-03-08T16:49:55.301+0000] {processor.py:154} INFO - Started process (PID=1635) to work on /opt/airflow/dags/group_dag.py
[2024-03-08T16:49:55.302+0000] {processor.py:756} INFO - Processing file /opt/airflow/dags/group_dag.py for tasks to queue
[2024-03-08T16:49:55.303+0000] {logging_mixin.py:120} INFO - [2024-03-08T16:49:55.302+0000] {dagbag.py:537} INFO - Filling up the DagBag from /opt/airflow/dags/group_dag.py
[2024-03-08T16:49:55.317+0000] {processor.py:766} INFO - DAG(s) dict_keys(['group_dag']) retrieved from /opt/airflow/dags/group_dag.py
[2024-03-08T16:49:55.338+0000] {logging_mixin.py:120} INFO - [2024-03-08T16:49:55.337+0000] {dag.py:2585} INFO - Sync 1 DAGs
[2024-03-08T16:49:55.351+0000] {logging_mixin.py:120} INFO - [2024-03-08T16:49:55.351+0000] {dag.py:3340} INFO - Setting next_dagrun for group_dag to 2024-03-07T00:00:00+00:00, run_after=2024-03-08T00:00:00+00:00
[2024-03-08T16:49:55.364+0000] {processor.py:176} INFO - Processing /opt/airflow/dags/group_dag.py took 0.064 seconds
[2024-03-08T16:50:26.318+0000] {processor.py:154} INFO - Started process (PID=1672) to work on /opt/airflow/dags/group_dag.py
[2024-03-08T16:50:26.319+0000] {processor.py:756} INFO - Processing file /opt/airflow/dags/group_dag.py for tasks to queue
[2024-03-08T16:50:26.319+0000] {logging_mixin.py:120} INFO - [2024-03-08T16:50:26.319+0000] {dagbag.py:537} INFO - Filling up the DagBag from /opt/airflow/dags/group_dag.py
[2024-03-08T16:50:26.331+0000] {processor.py:766} INFO - DAG(s) dict_keys(['group_dag']) retrieved from /opt/airflow/dags/group_dag.py
[2024-03-08T16:50:26.352+0000] {logging_mixin.py:120} INFO - [2024-03-08T16:50:26.352+0000] {dag.py:2585} INFO - Sync 1 DAGs
[2024-03-08T16:50:26.366+0000] {logging_mixin.py:120} INFO - [2024-03-08T16:50:26.365+0000] {dag.py:3340} INFO - Setting next_dagrun for group_dag to 2024-03-07T00:00:00+00:00, run_after=2024-03-08T00:00:00+00:00
[2024-03-08T16:50:26.375+0000] {processor.py:176} INFO - Processing /opt/airflow/dags/group_dag.py took 0.059 seconds
[2024-03-08T16:50:57.129+0000] {processor.py:154} INFO - Started process (PID=1708) to work on /opt/airflow/dags/group_dag.py
[2024-03-08T16:50:57.130+0000] {processor.py:756} INFO - Processing file /opt/airflow/dags/group_dag.py for tasks to queue
[2024-03-08T16:50:57.131+0000] {logging_mixin.py:120} INFO - [2024-03-08T16:50:57.130+0000] {dagbag.py:537} INFO - Filling up the DagBag from /opt/airflow/dags/group_dag.py
[2024-03-08T16:50:57.145+0000] {processor.py:766} INFO - DAG(s) dict_keys(['group_dag']) retrieved from /opt/airflow/dags/group_dag.py
[2024-03-08T16:50:57.168+0000] {logging_mixin.py:120} INFO - [2024-03-08T16:50:57.168+0000] {dag.py:2585} INFO - Sync 1 DAGs
[2024-03-08T16:50:57.183+0000] {logging_mixin.py:120} INFO - [2024-03-08T16:50:57.183+0000] {dag.py:3340} INFO - Setting next_dagrun for group_dag to 2024-03-07T00:00:00+00:00, run_after=2024-03-08T00:00:00+00:00
[2024-03-08T16:50:57.192+0000] {processor.py:176} INFO - Processing /opt/airflow/dags/group_dag.py took 0.065 seconds
[2024-03-08T16:51:28.146+0000] {processor.py:154} INFO - Started process (PID=1745) to work on /opt/airflow/dags/group_dag.py
[2024-03-08T16:51:28.147+0000] {processor.py:756} INFO - Processing file /opt/airflow/dags/group_dag.py for tasks to queue
[2024-03-08T16:51:28.148+0000] {logging_mixin.py:120} INFO - [2024-03-08T16:51:28.148+0000] {dagbag.py:537} INFO - Filling up the DagBag from /opt/airflow/dags/group_dag.py
[2024-03-08T16:51:28.165+0000] {processor.py:766} INFO - DAG(s) dict_keys(['group_dag']) retrieved from /opt/airflow/dags/group_dag.py
[2024-03-08T16:51:28.195+0000] {logging_mixin.py:120} INFO - [2024-03-08T16:51:28.195+0000] {dag.py:2585} INFO - Sync 1 DAGs
[2024-03-08T16:51:28.213+0000] {logging_mixin.py:120} INFO - [2024-03-08T16:51:28.213+0000] {dag.py:3340} INFO - Setting next_dagrun for group_dag to 2024-03-07T00:00:00+00:00, run_after=2024-03-08T00:00:00+00:00
[2024-03-08T16:51:28.223+0000] {processor.py:176} INFO - Processing /opt/airflow/dags/group_dag.py took 0.080 seconds
[2024-03-08T16:51:59.131+0000] {processor.py:154} INFO - Started process (PID=1782) to work on /opt/airflow/dags/group_dag.py
[2024-03-08T16:51:59.133+0000] {processor.py:756} INFO - Processing file /opt/airflow/dags/group_dag.py for tasks to queue
[2024-03-08T16:51:59.134+0000] {logging_mixin.py:120} INFO - [2024-03-08T16:51:59.134+0000] {dagbag.py:537} INFO - Filling up the DagBag from /opt/airflow/dags/group_dag.py
[2024-03-08T16:51:59.157+0000] {processor.py:766} INFO - DAG(s) dict_keys(['group_dag']) retrieved from /opt/airflow/dags/group_dag.py
[2024-03-08T16:51:59.192+0000] {logging_mixin.py:120} INFO - [2024-03-08T16:51:59.192+0000] {dag.py:2585} INFO - Sync 1 DAGs
[2024-03-08T16:51:59.207+0000] {logging_mixin.py:120} INFO - [2024-03-08T16:51:59.207+0000] {dag.py:3340} INFO - Setting next_dagrun for group_dag to 2024-03-07T00:00:00+00:00, run_after=2024-03-08T00:00:00+00:00
[2024-03-08T16:51:59.217+0000] {processor.py:176} INFO - Processing /opt/airflow/dags/group_dag.py took 0.089 seconds
[2024-03-08T16:52:29.987+0000] {processor.py:154} INFO - Started process (PID=1819) to work on /opt/airflow/dags/group_dag.py
[2024-03-08T16:52:29.988+0000] {processor.py:756} INFO - Processing file /opt/airflow/dags/group_dag.py for tasks to queue
[2024-03-08T16:52:29.989+0000] {logging_mixin.py:120} INFO - [2024-03-08T16:52:29.989+0000] {dagbag.py:537} INFO - Filling up the DagBag from /opt/airflow/dags/group_dag.py
[2024-03-08T16:52:30.003+0000] {processor.py:766} INFO - DAG(s) dict_keys(['group_dag']) retrieved from /opt/airflow/dags/group_dag.py
[2024-03-08T16:52:30.024+0000] {logging_mixin.py:120} INFO - [2024-03-08T16:52:30.024+0000] {dag.py:2585} INFO - Sync 1 DAGs
[2024-03-08T16:52:30.038+0000] {logging_mixin.py:120} INFO - [2024-03-08T16:52:30.038+0000] {dag.py:3340} INFO - Setting next_dagrun for group_dag to 2024-03-07T00:00:00+00:00, run_after=2024-03-08T00:00:00+00:00
[2024-03-08T16:52:30.047+0000] {processor.py:176} INFO - Processing /opt/airflow/dags/group_dag.py took 0.062 seconds
[2024-03-08T16:53:01.232+0000] {processor.py:154} INFO - Started process (PID=1857) to work on /opt/airflow/dags/group_dag.py
[2024-03-08T16:53:01.233+0000] {processor.py:756} INFO - Processing file /opt/airflow/dags/group_dag.py for tasks to queue
[2024-03-08T16:53:01.234+0000] {logging_mixin.py:120} INFO - [2024-03-08T16:53:01.234+0000] {dagbag.py:537} INFO - Filling up the DagBag from /opt/airflow/dags/group_dag.py
[2024-03-08T16:53:01.256+0000] {processor.py:766} INFO - DAG(s) dict_keys(['group_dag']) retrieved from /opt/airflow/dags/group_dag.py
[2024-03-08T16:53:01.284+0000] {logging_mixin.py:120} INFO - [2024-03-08T16:53:01.284+0000] {dag.py:2585} INFO - Sync 1 DAGs
[2024-03-08T16:53:01.305+0000] {logging_mixin.py:120} INFO - [2024-03-08T16:53:01.304+0000] {dag.py:3340} INFO - Setting next_dagrun for group_dag to 2024-03-07T00:00:00+00:00, run_after=2024-03-08T00:00:00+00:00
[2024-03-08T16:53:01.323+0000] {processor.py:176} INFO - Processing /opt/airflow/dags/group_dag.py took 0.094 seconds
[2024-03-08T16:53:32.433+0000] {processor.py:154} INFO - Started process (PID=1885) to work on /opt/airflow/dags/group_dag.py
[2024-03-08T16:53:32.434+0000] {processor.py:756} INFO - Processing file /opt/airflow/dags/group_dag.py for tasks to queue
[2024-03-08T16:53:32.434+0000] {logging_mixin.py:120} INFO - [2024-03-08T16:53:32.434+0000] {dagbag.py:537} INFO - Filling up the DagBag from /opt/airflow/dags/group_dag.py
[2024-03-08T16:53:32.447+0000] {processor.py:766} INFO - DAG(s) dict_keys(['group_dag']) retrieved from /opt/airflow/dags/group_dag.py
[2024-03-08T16:53:32.468+0000] {logging_mixin.py:120} INFO - [2024-03-08T16:53:32.468+0000] {dag.py:2585} INFO - Sync 1 DAGs
[2024-03-08T16:53:32.482+0000] {logging_mixin.py:120} INFO - [2024-03-08T16:53:32.482+0000] {dag.py:3340} INFO - Setting next_dagrun for group_dag to 2024-03-07T00:00:00+00:00, run_after=2024-03-08T00:00:00+00:00
[2024-03-08T16:53:32.503+0000] {processor.py:176} INFO - Processing /opt/airflow/dags/group_dag.py took 0.071 seconds
[2024-03-08T16:54:03.386+0000] {processor.py:154} INFO - Started process (PID=1922) to work on /opt/airflow/dags/group_dag.py
[2024-03-08T16:54:03.388+0000] {processor.py:756} INFO - Processing file /opt/airflow/dags/group_dag.py for tasks to queue
[2024-03-08T16:54:03.392+0000] {logging_mixin.py:120} INFO - [2024-03-08T16:54:03.392+0000] {dagbag.py:537} INFO - Filling up the DagBag from /opt/airflow/dags/group_dag.py
[2024-03-08T16:54:03.408+0000] {processor.py:766} INFO - DAG(s) dict_keys(['group_dag']) retrieved from /opt/airflow/dags/group_dag.py
[2024-03-08T16:54:03.429+0000] {logging_mixin.py:120} INFO - [2024-03-08T16:54:03.428+0000] {dag.py:2585} INFO - Sync 1 DAGs
[2024-03-08T16:54:03.443+0000] {logging_mixin.py:120} INFO - [2024-03-08T16:54:03.443+0000] {dag.py:3340} INFO - Setting next_dagrun for group_dag to 2024-03-07T00:00:00+00:00, run_after=2024-03-08T00:00:00+00:00
[2024-03-08T16:54:03.452+0000] {processor.py:176} INFO - Processing /opt/airflow/dags/group_dag.py took 0.067 seconds
[2024-03-08T16:54:34.399+0000] {processor.py:154} INFO - Started process (PID=1959) to work on /opt/airflow/dags/group_dag.py
[2024-03-08T16:54:34.400+0000] {processor.py:756} INFO - Processing file /opt/airflow/dags/group_dag.py for tasks to queue
[2024-03-08T16:54:34.400+0000] {logging_mixin.py:120} INFO - [2024-03-08T16:54:34.400+0000] {dagbag.py:537} INFO - Filling up the DagBag from /opt/airflow/dags/group_dag.py
[2024-03-08T16:54:34.422+0000] {processor.py:766} INFO - DAG(s) dict_keys(['group_dag']) retrieved from /opt/airflow/dags/group_dag.py
[2024-03-08T16:54:34.448+0000] {logging_mixin.py:120} INFO - [2024-03-08T16:54:34.448+0000] {dag.py:2585} INFO - Sync 1 DAGs
[2024-03-08T16:54:34.473+0000] {logging_mixin.py:120} INFO - [2024-03-08T16:54:34.473+0000] {dag.py:3340} INFO - Setting next_dagrun for group_dag to 2024-03-07T00:00:00+00:00, run_after=2024-03-08T00:00:00+00:00
[2024-03-08T16:54:34.485+0000] {processor.py:176} INFO - Processing /opt/airflow/dags/group_dag.py took 0.088 seconds
[2024-03-08T16:55:05.462+0000] {processor.py:154} INFO - Started process (PID=1996) to work on /opt/airflow/dags/group_dag.py
[2024-03-08T16:55:05.462+0000] {processor.py:756} INFO - Processing file /opt/airflow/dags/group_dag.py for tasks to queue
[2024-03-08T16:55:05.463+0000] {logging_mixin.py:120} INFO - [2024-03-08T16:55:05.463+0000] {dagbag.py:537} INFO - Filling up the DagBag from /opt/airflow/dags/group_dag.py
[2024-03-08T16:55:05.476+0000] {processor.py:766} INFO - DAG(s) dict_keys(['group_dag']) retrieved from /opt/airflow/dags/group_dag.py
[2024-03-08T16:55:05.502+0000] {logging_mixin.py:120} INFO - [2024-03-08T16:55:05.502+0000] {dag.py:2585} INFO - Sync 1 DAGs
[2024-03-08T16:55:05.515+0000] {logging_mixin.py:120} INFO - [2024-03-08T16:55:05.515+0000] {dag.py:3340} INFO - Setting next_dagrun for group_dag to 2024-03-07T00:00:00+00:00, run_after=2024-03-08T00:00:00+00:00
[2024-03-08T16:55:05.525+0000] {processor.py:176} INFO - Processing /opt/airflow/dags/group_dag.py took 0.066 seconds
[2024-03-08T16:55:36.451+0000] {processor.py:154} INFO - Started process (PID=2033) to work on /opt/airflow/dags/group_dag.py
[2024-03-08T16:55:36.452+0000] {processor.py:756} INFO - Processing file /opt/airflow/dags/group_dag.py for tasks to queue
[2024-03-08T16:55:36.453+0000] {logging_mixin.py:120} INFO - [2024-03-08T16:55:36.453+0000] {dagbag.py:537} INFO - Filling up the DagBag from /opt/airflow/dags/group_dag.py
[2024-03-08T16:55:36.467+0000] {processor.py:766} INFO - DAG(s) dict_keys(['group_dag']) retrieved from /opt/airflow/dags/group_dag.py
[2024-03-08T16:55:36.495+0000] {logging_mixin.py:120} INFO - [2024-03-08T16:55:36.495+0000] {dag.py:2585} INFO - Sync 1 DAGs
[2024-03-08T16:55:36.509+0000] {logging_mixin.py:120} INFO - [2024-03-08T16:55:36.509+0000] {dag.py:3340} INFO - Setting next_dagrun for group_dag to 2024-03-07T00:00:00+00:00, run_after=2024-03-08T00:00:00+00:00
[2024-03-08T16:55:36.517+0000] {processor.py:176} INFO - Processing /opt/airflow/dags/group_dag.py took 0.067 seconds
[2024-03-08T16:56:07.374+0000] {processor.py:154} INFO - Started process (PID=2070) to work on /opt/airflow/dags/group_dag.py
[2024-03-08T16:56:07.374+0000] {processor.py:756} INFO - Processing file /opt/airflow/dags/group_dag.py for tasks to queue
[2024-03-08T16:56:07.375+0000] {logging_mixin.py:120} INFO - [2024-03-08T16:56:07.375+0000] {dagbag.py:537} INFO - Filling up the DagBag from /opt/airflow/dags/group_dag.py
[2024-03-08T16:56:07.386+0000] {processor.py:766} INFO - DAG(s) dict_keys(['group_dag']) retrieved from /opt/airflow/dags/group_dag.py
[2024-03-08T16:56:07.408+0000] {logging_mixin.py:120} INFO - [2024-03-08T16:56:07.408+0000] {dag.py:2585} INFO - Sync 1 DAGs
[2024-03-08T16:56:07.422+0000] {logging_mixin.py:120} INFO - [2024-03-08T16:56:07.422+0000] {dag.py:3340} INFO - Setting next_dagrun for group_dag to 2024-03-07T00:00:00+00:00, run_after=2024-03-08T00:00:00+00:00
[2024-03-08T16:56:07.431+0000] {processor.py:176} INFO - Processing /opt/airflow/dags/group_dag.py took 0.059 seconds
[2024-03-08T16:56:38.278+0000] {processor.py:154} INFO - Started process (PID=2107) to work on /opt/airflow/dags/group_dag.py
[2024-03-08T16:56:38.279+0000] {processor.py:756} INFO - Processing file /opt/airflow/dags/group_dag.py for tasks to queue
[2024-03-08T16:56:38.280+0000] {logging_mixin.py:120} INFO - [2024-03-08T16:56:38.280+0000] {dagbag.py:537} INFO - Filling up the DagBag from /opt/airflow/dags/group_dag.py
[2024-03-08T16:56:38.300+0000] {processor.py:766} INFO - DAG(s) dict_keys(['group_dag']) retrieved from /opt/airflow/dags/group_dag.py
[2024-03-08T16:56:38.331+0000] {logging_mixin.py:120} INFO - [2024-03-08T16:56:38.331+0000] {dag.py:2585} INFO - Sync 1 DAGs
[2024-03-08T16:56:38.349+0000] {logging_mixin.py:120} INFO - [2024-03-08T16:56:38.349+0000] {dag.py:3340} INFO - Setting next_dagrun for group_dag to 2024-03-07T00:00:00+00:00, run_after=2024-03-08T00:00:00+00:00
[2024-03-08T16:56:38.369+0000] {processor.py:176} INFO - Processing /opt/airflow/dags/group_dag.py took 0.093 seconds
[2024-03-08T16:57:09.110+0000] {processor.py:154} INFO - Started process (PID=2135) to work on /opt/airflow/dags/group_dag.py
[2024-03-08T16:57:09.110+0000] {processor.py:756} INFO - Processing file /opt/airflow/dags/group_dag.py for tasks to queue
[2024-03-08T16:57:09.111+0000] {logging_mixin.py:120} INFO - [2024-03-08T16:57:09.111+0000] {dagbag.py:537} INFO - Filling up the DagBag from /opt/airflow/dags/group_dag.py
[2024-03-08T16:57:09.122+0000] {processor.py:766} INFO - DAG(s) dict_keys(['group_dag']) retrieved from /opt/airflow/dags/group_dag.py
[2024-03-08T16:57:09.142+0000] {logging_mixin.py:120} INFO - [2024-03-08T16:57:09.142+0000] {dag.py:2585} INFO - Sync 1 DAGs
[2024-03-08T16:57:09.156+0000] {logging_mixin.py:120} INFO - [2024-03-08T16:57:09.156+0000] {dag.py:3340} INFO - Setting next_dagrun for group_dag to 2024-03-07T00:00:00+00:00, run_after=2024-03-08T00:00:00+00:00
[2024-03-08T16:57:09.164+0000] {processor.py:176} INFO - Processing /opt/airflow/dags/group_dag.py took 0.056 seconds
[2024-03-08T16:57:39.939+0000] {processor.py:154} INFO - Started process (PID=2172) to work on /opt/airflow/dags/group_dag.py
[2024-03-08T16:57:39.939+0000] {processor.py:756} INFO - Processing file /opt/airflow/dags/group_dag.py for tasks to queue
[2024-03-08T16:57:39.940+0000] {logging_mixin.py:120} INFO - [2024-03-08T16:57:39.940+0000] {dagbag.py:537} INFO - Filling up the DagBag from /opt/airflow/dags/group_dag.py
[2024-03-08T16:57:39.952+0000] {processor.py:766} INFO - DAG(s) dict_keys(['group_dag']) retrieved from /opt/airflow/dags/group_dag.py
[2024-03-08T16:57:39.976+0000] {logging_mixin.py:120} INFO - [2024-03-08T16:57:39.976+0000] {dag.py:2585} INFO - Sync 1 DAGs
[2024-03-08T16:57:39.990+0000] {logging_mixin.py:120} INFO - [2024-03-08T16:57:39.990+0000] {dag.py:3340} INFO - Setting next_dagrun for group_dag to 2024-03-07T00:00:00+00:00, run_after=2024-03-08T00:00:00+00:00
[2024-03-08T16:57:39.999+0000] {processor.py:176} INFO - Processing /opt/airflow/dags/group_dag.py took 0.063 seconds
[2024-03-08T16:58:10.640+0000] {processor.py:154} INFO - Started process (PID=2209) to work on /opt/airflow/dags/group_dag.py
[2024-03-08T16:58:10.641+0000] {processor.py:756} INFO - Processing file /opt/airflow/dags/group_dag.py for tasks to queue
[2024-03-08T16:58:10.641+0000] {logging_mixin.py:120} INFO - [2024-03-08T16:58:10.641+0000] {dagbag.py:537} INFO - Filling up the DagBag from /opt/airflow/dags/group_dag.py
[2024-03-08T16:58:10.655+0000] {processor.py:766} INFO - DAG(s) dict_keys(['group_dag']) retrieved from /opt/airflow/dags/group_dag.py
[2024-03-08T16:58:10.676+0000] {logging_mixin.py:120} INFO - [2024-03-08T16:58:10.676+0000] {dag.py:2585} INFO - Sync 1 DAGs
[2024-03-08T16:58:10.689+0000] {logging_mixin.py:120} INFO - [2024-03-08T16:58:10.689+0000] {dag.py:3340} INFO - Setting next_dagrun for group_dag to 2024-03-07T00:00:00+00:00, run_after=2024-03-08T00:00:00+00:00
[2024-03-08T16:58:10.699+0000] {processor.py:176} INFO - Processing /opt/airflow/dags/group_dag.py took 0.061 seconds
[2024-03-08T16:58:41.406+0000] {processor.py:154} INFO - Started process (PID=2246) to work on /opt/airflow/dags/group_dag.py
[2024-03-08T16:58:41.407+0000] {processor.py:756} INFO - Processing file /opt/airflow/dags/group_dag.py for tasks to queue
[2024-03-08T16:58:41.407+0000] {logging_mixin.py:120} INFO - [2024-03-08T16:58:41.407+0000] {dagbag.py:537} INFO - Filling up the DagBag from /opt/airflow/dags/group_dag.py
[2024-03-08T16:58:41.418+0000] {processor.py:766} INFO - DAG(s) dict_keys(['group_dag']) retrieved from /opt/airflow/dags/group_dag.py
[2024-03-08T16:58:41.438+0000] {logging_mixin.py:120} INFO - [2024-03-08T16:58:41.438+0000] {dag.py:2585} INFO - Sync 1 DAGs
[2024-03-08T16:58:41.452+0000] {logging_mixin.py:120} INFO - [2024-03-08T16:58:41.452+0000] {dag.py:3340} INFO - Setting next_dagrun for group_dag to 2024-03-07T00:00:00+00:00, run_after=2024-03-08T00:00:00+00:00
[2024-03-08T16:58:41.460+0000] {processor.py:176} INFO - Processing /opt/airflow/dags/group_dag.py took 0.055 seconds
[2024-03-08T16:59:12.137+0000] {processor.py:154} INFO - Started process (PID=2283) to work on /opt/airflow/dags/group_dag.py
[2024-03-08T16:59:12.137+0000] {processor.py:756} INFO - Processing file /opt/airflow/dags/group_dag.py for tasks to queue
[2024-03-08T16:59:12.137+0000] {logging_mixin.py:120} INFO - [2024-03-08T16:59:12.137+0000] {dagbag.py:537} INFO - Filling up the DagBag from /opt/airflow/dags/group_dag.py
[2024-03-08T16:59:12.148+0000] {processor.py:766} INFO - DAG(s) dict_keys(['group_dag']) retrieved from /opt/airflow/dags/group_dag.py
[2024-03-08T16:59:12.169+0000] {logging_mixin.py:120} INFO - [2024-03-08T16:59:12.169+0000] {dag.py:2585} INFO - Sync 1 DAGs
[2024-03-08T16:59:12.181+0000] {logging_mixin.py:120} INFO - [2024-03-08T16:59:12.181+0000] {dag.py:3340} INFO - Setting next_dagrun for group_dag to 2024-03-07T00:00:00+00:00, run_after=2024-03-08T00:00:00+00:00
[2024-03-08T16:59:12.191+0000] {processor.py:176} INFO - Processing /opt/airflow/dags/group_dag.py took 0.057 seconds
[2024-03-08T16:59:42.856+0000] {processor.py:154} INFO - Started process (PID=2319) to work on /opt/airflow/dags/group_dag.py
[2024-03-08T16:59:42.856+0000] {processor.py:756} INFO - Processing file /opt/airflow/dags/group_dag.py for tasks to queue
[2024-03-08T16:59:42.857+0000] {logging_mixin.py:120} INFO - [2024-03-08T16:59:42.857+0000] {dagbag.py:537} INFO - Filling up the DagBag from /opt/airflow/dags/group_dag.py
[2024-03-08T16:59:42.867+0000] {processor.py:766} INFO - DAG(s) dict_keys(['group_dag']) retrieved from /opt/airflow/dags/group_dag.py
[2024-03-08T16:59:42.887+0000] {logging_mixin.py:120} INFO - [2024-03-08T16:59:42.887+0000] {dag.py:2585} INFO - Sync 1 DAGs
[2024-03-08T16:59:42.901+0000] {logging_mixin.py:120} INFO - [2024-03-08T16:59:42.901+0000] {dag.py:3340} INFO - Setting next_dagrun for group_dag to 2024-03-07T00:00:00+00:00, run_after=2024-03-08T00:00:00+00:00
[2024-03-08T16:59:42.910+0000] {processor.py:176} INFO - Processing /opt/airflow/dags/group_dag.py took 0.056 seconds
[2024-03-08T17:00:13.614+0000] {processor.py:154} INFO - Started process (PID=2356) to work on /opt/airflow/dags/group_dag.py
[2024-03-08T17:00:13.614+0000] {processor.py:756} INFO - Processing file /opt/airflow/dags/group_dag.py for tasks to queue
[2024-03-08T17:00:13.615+0000] {logging_mixin.py:120} INFO - [2024-03-08T17:00:13.615+0000] {dagbag.py:537} INFO - Filling up the DagBag from /opt/airflow/dags/group_dag.py
[2024-03-08T17:00:13.628+0000] {processor.py:766} INFO - DAG(s) dict_keys(['group_dag']) retrieved from /opt/airflow/dags/group_dag.py
[2024-03-08T17:00:13.655+0000] {logging_mixin.py:120} INFO - [2024-03-08T17:00:13.654+0000] {dag.py:2585} INFO - Sync 1 DAGs
[2024-03-08T17:00:13.670+0000] {logging_mixin.py:120} INFO - [2024-03-08T17:00:13.670+0000] {dag.py:3340} INFO - Setting next_dagrun for group_dag to 2024-03-07T00:00:00+00:00, run_after=2024-03-08T00:00:00+00:00
[2024-03-08T17:00:13.681+0000] {processor.py:176} INFO - Processing /opt/airflow/dags/group_dag.py took 0.069 seconds
[2024-03-08T17:00:44.645+0000] {processor.py:154} INFO - Started process (PID=2392) to work on /opt/airflow/dags/group_dag.py
[2024-03-08T17:00:44.646+0000] {processor.py:756} INFO - Processing file /opt/airflow/dags/group_dag.py for tasks to queue
[2024-03-08T17:00:44.646+0000] {logging_mixin.py:120} INFO - [2024-03-08T17:00:44.646+0000] {dagbag.py:537} INFO - Filling up the DagBag from /opt/airflow/dags/group_dag.py
[2024-03-08T17:00:44.661+0000] {processor.py:766} INFO - DAG(s) dict_keys(['group_dag']) retrieved from /opt/airflow/dags/group_dag.py
[2024-03-08T17:00:44.686+0000] {logging_mixin.py:120} INFO - [2024-03-08T17:00:44.686+0000] {dag.py:2585} INFO - Sync 1 DAGs
[2024-03-08T17:00:44.708+0000] {logging_mixin.py:120} INFO - [2024-03-08T17:00:44.708+0000] {dag.py:3340} INFO - Setting next_dagrun for group_dag to 2024-03-07T00:00:00+00:00, run_after=2024-03-08T00:00:00+00:00
[2024-03-08T17:00:44.725+0000] {processor.py:176} INFO - Processing /opt/airflow/dags/group_dag.py took 0.082 seconds
[2024-03-08T17:01:15.544+0000] {processor.py:154} INFO - Started process (PID=2421) to work on /opt/airflow/dags/group_dag.py
[2024-03-08T17:01:15.546+0000] {processor.py:756} INFO - Processing file /opt/airflow/dags/group_dag.py for tasks to queue
[2024-03-08T17:01:15.547+0000] {logging_mixin.py:120} INFO - [2024-03-08T17:01:15.547+0000] {dagbag.py:537} INFO - Filling up the DagBag from /opt/airflow/dags/group_dag.py
[2024-03-08T17:01:15.571+0000] {processor.py:766} INFO - DAG(s) dict_keys(['group_dag']) retrieved from /opt/airflow/dags/group_dag.py
[2024-03-08T17:01:15.596+0000] {logging_mixin.py:120} INFO - [2024-03-08T17:01:15.596+0000] {dag.py:2585} INFO - Sync 1 DAGs
[2024-03-08T17:01:15.609+0000] {logging_mixin.py:120} INFO - [2024-03-08T17:01:15.609+0000] {dag.py:3340} INFO - Setting next_dagrun for group_dag to 2024-03-07T00:00:00+00:00, run_after=2024-03-08T00:00:00+00:00
[2024-03-08T17:01:15.618+0000] {processor.py:176} INFO - Processing /opt/airflow/dags/group_dag.py took 0.076 seconds
[2024-03-08T17:01:46.296+0000] {processor.py:154} INFO - Started process (PID=2458) to work on /opt/airflow/dags/group_dag.py
[2024-03-08T17:01:46.297+0000] {processor.py:756} INFO - Processing file /opt/airflow/dags/group_dag.py for tasks to queue
[2024-03-08T17:01:46.297+0000] {logging_mixin.py:120} INFO - [2024-03-08T17:01:46.297+0000] {dagbag.py:537} INFO - Filling up the DagBag from /opt/airflow/dags/group_dag.py
[2024-03-08T17:01:46.308+0000] {processor.py:766} INFO - DAG(s) dict_keys(['group_dag']) retrieved from /opt/airflow/dags/group_dag.py
[2024-03-08T17:01:46.328+0000] {logging_mixin.py:120} INFO - [2024-03-08T17:01:46.328+0000] {dag.py:2585} INFO - Sync 1 DAGs
[2024-03-08T17:01:46.341+0000] {logging_mixin.py:120} INFO - [2024-03-08T17:01:46.341+0000] {dag.py:3340} INFO - Setting next_dagrun for group_dag to 2024-03-07T00:00:00+00:00, run_after=2024-03-08T00:00:00+00:00
[2024-03-08T17:01:46.350+0000] {processor.py:176} INFO - Processing /opt/airflow/dags/group_dag.py took 0.055 seconds
[2024-03-08T17:02:17.151+0000] {processor.py:154} INFO - Started process (PID=2495) to work on /opt/airflow/dags/group_dag.py
[2024-03-08T17:02:17.151+0000] {processor.py:756} INFO - Processing file /opt/airflow/dags/group_dag.py for tasks to queue
[2024-03-08T17:02:17.152+0000] {logging_mixin.py:120} INFO - [2024-03-08T17:02:17.152+0000] {dagbag.py:537} INFO - Filling up the DagBag from /opt/airflow/dags/group_dag.py
[2024-03-08T17:02:17.163+0000] {processor.py:766} INFO - DAG(s) dict_keys(['group_dag']) retrieved from /opt/airflow/dags/group_dag.py
[2024-03-08T17:02:17.183+0000] {logging_mixin.py:120} INFO - [2024-03-08T17:02:17.183+0000] {dag.py:2585} INFO - Sync 1 DAGs
[2024-03-08T17:02:17.196+0000] {logging_mixin.py:120} INFO - [2024-03-08T17:02:17.196+0000] {dag.py:3340} INFO - Setting next_dagrun for group_dag to 2024-03-07T00:00:00+00:00, run_after=2024-03-08T00:00:00+00:00
[2024-03-08T17:02:17.206+0000] {processor.py:176} INFO - Processing /opt/airflow/dags/group_dag.py took 0.057 seconds
[2024-03-08T17:02:47.947+0000] {processor.py:154} INFO - Started process (PID=2532) to work on /opt/airflow/dags/group_dag.py
[2024-03-08T17:02:47.947+0000] {processor.py:756} INFO - Processing file /opt/airflow/dags/group_dag.py for tasks to queue
[2024-03-08T17:02:47.947+0000] {logging_mixin.py:120} INFO - [2024-03-08T17:02:47.947+0000] {dagbag.py:537} INFO - Filling up the DagBag from /opt/airflow/dags/group_dag.py
[2024-03-08T17:02:47.965+0000] {processor.py:766} INFO - DAG(s) dict_keys(['group_dag']) retrieved from /opt/airflow/dags/group_dag.py
[2024-03-08T17:02:47.985+0000] {logging_mixin.py:120} INFO - [2024-03-08T17:02:47.985+0000] {dag.py:2585} INFO - Sync 1 DAGs
[2024-03-08T17:02:47.999+0000] {logging_mixin.py:120} INFO - [2024-03-08T17:02:47.999+0000] {dag.py:3340} INFO - Setting next_dagrun for group_dag to 2024-03-07T00:00:00+00:00, run_after=2024-03-08T00:00:00+00:00
[2024-03-08T17:02:48.007+0000] {processor.py:176} INFO - Processing /opt/airflow/dags/group_dag.py took 0.062 seconds
[2024-03-08T17:03:18.809+0000] {processor.py:154} INFO - Started process (PID=2569) to work on /opt/airflow/dags/group_dag.py
[2024-03-08T17:03:18.810+0000] {processor.py:756} INFO - Processing file /opt/airflow/dags/group_dag.py for tasks to queue
[2024-03-08T17:03:18.811+0000] {logging_mixin.py:120} INFO - [2024-03-08T17:03:18.811+0000] {dagbag.py:537} INFO - Filling up the DagBag from /opt/airflow/dags/group_dag.py
[2024-03-08T17:03:18.830+0000] {processor.py:766} INFO - DAG(s) dict_keys(['group_dag']) retrieved from /opt/airflow/dags/group_dag.py
[2024-03-08T17:03:18.857+0000] {logging_mixin.py:120} INFO - [2024-03-08T17:03:18.856+0000] {dag.py:2585} INFO - Sync 1 DAGs
[2024-03-08T17:03:18.873+0000] {logging_mixin.py:120} INFO - [2024-03-08T17:03:18.873+0000] {dag.py:3340} INFO - Setting next_dagrun for group_dag to 2024-03-07T00:00:00+00:00, run_after=2024-03-08T00:00:00+00:00
[2024-03-08T17:03:18.883+0000] {processor.py:176} INFO - Processing /opt/airflow/dags/group_dag.py took 0.078 seconds
[2024-03-08T17:03:49.668+0000] {processor.py:154} INFO - Started process (PID=2606) to work on /opt/airflow/dags/group_dag.py
[2024-03-08T17:03:49.669+0000] {processor.py:756} INFO - Processing file /opt/airflow/dags/group_dag.py for tasks to queue
[2024-03-08T17:03:49.669+0000] {logging_mixin.py:120} INFO - [2024-03-08T17:03:49.669+0000] {dagbag.py:537} INFO - Filling up the DagBag from /opt/airflow/dags/group_dag.py
[2024-03-08T17:03:49.684+0000] {processor.py:766} INFO - DAG(s) dict_keys(['group_dag']) retrieved from /opt/airflow/dags/group_dag.py
[2024-03-08T17:03:49.704+0000] {logging_mixin.py:120} INFO - [2024-03-08T17:03:49.704+0000] {dag.py:2585} INFO - Sync 1 DAGs
[2024-03-08T17:03:49.717+0000] {logging_mixin.py:120} INFO - [2024-03-08T17:03:49.717+0000] {dag.py:3340} INFO - Setting next_dagrun for group_dag to 2024-03-07T00:00:00+00:00, run_after=2024-03-08T00:00:00+00:00
[2024-03-08T17:03:49.726+0000] {processor.py:176} INFO - Processing /opt/airflow/dags/group_dag.py took 0.061 seconds
[2024-03-08T17:04:20.446+0000] {processor.py:154} INFO - Started process (PID=2642) to work on /opt/airflow/dags/group_dag.py
[2024-03-08T17:04:20.447+0000] {processor.py:756} INFO - Processing file /opt/airflow/dags/group_dag.py for tasks to queue
[2024-03-08T17:04:20.447+0000] {logging_mixin.py:120} INFO - [2024-03-08T17:04:20.447+0000] {dagbag.py:537} INFO - Filling up the DagBag from /opt/airflow/dags/group_dag.py
[2024-03-08T17:04:20.458+0000] {processor.py:766} INFO - DAG(s) dict_keys(['group_dag']) retrieved from /opt/airflow/dags/group_dag.py
[2024-03-08T17:04:20.478+0000] {logging_mixin.py:120} INFO - [2024-03-08T17:04:20.478+0000] {dag.py:2585} INFO - Sync 1 DAGs
[2024-03-08T17:04:20.491+0000] {logging_mixin.py:120} INFO - [2024-03-08T17:04:20.491+0000] {dag.py:3340} INFO - Setting next_dagrun for group_dag to 2024-03-07T00:00:00+00:00, run_after=2024-03-08T00:00:00+00:00
[2024-03-08T17:04:20.499+0000] {processor.py:176} INFO - Processing /opt/airflow/dags/group_dag.py took 0.055 seconds
[2024-03-08T17:04:51.226+0000] {processor.py:154} INFO - Started process (PID=2677) to work on /opt/airflow/dags/group_dag.py
[2024-03-08T17:04:51.226+0000] {processor.py:756} INFO - Processing file /opt/airflow/dags/group_dag.py for tasks to queue
[2024-03-08T17:04:51.227+0000] {logging_mixin.py:120} INFO - [2024-03-08T17:04:51.227+0000] {dagbag.py:537} INFO - Filling up the DagBag from /opt/airflow/dags/group_dag.py
[2024-03-08T17:04:51.239+0000] {processor.py:766} INFO - DAG(s) dict_keys(['group_dag']) retrieved from /opt/airflow/dags/group_dag.py
[2024-03-08T17:04:51.261+0000] {logging_mixin.py:120} INFO - [2024-03-08T17:04:51.261+0000] {dag.py:2585} INFO - Sync 1 DAGs
[2024-03-08T17:04:51.277+0000] {logging_mixin.py:120} INFO - [2024-03-08T17:04:51.277+0000] {dag.py:3340} INFO - Setting next_dagrun for group_dag to 2024-03-07T00:00:00+00:00, run_after=2024-03-08T00:00:00+00:00
[2024-03-08T17:04:51.288+0000] {processor.py:176} INFO - Processing /opt/airflow/dags/group_dag.py took 0.064 seconds
[2024-03-08T17:05:22.033+0000] {processor.py:154} INFO - Started process (PID=2706) to work on /opt/airflow/dags/group_dag.py
[2024-03-08T17:05:22.033+0000] {processor.py:756} INFO - Processing file /opt/airflow/dags/group_dag.py for tasks to queue
[2024-03-08T17:05:22.034+0000] {logging_mixin.py:120} INFO - [2024-03-08T17:05:22.034+0000] {dagbag.py:537} INFO - Filling up the DagBag from /opt/airflow/dags/group_dag.py
[2024-03-08T17:05:22.048+0000] {processor.py:766} INFO - DAG(s) dict_keys(['group_dag']) retrieved from /opt/airflow/dags/group_dag.py
[2024-03-08T17:05:22.067+0000] {logging_mixin.py:120} INFO - [2024-03-08T17:05:22.067+0000] {dag.py:2585} INFO - Sync 1 DAGs
[2024-03-08T17:05:22.081+0000] {logging_mixin.py:120} INFO - [2024-03-08T17:05:22.081+0000] {dag.py:3340} INFO - Setting next_dagrun for group_dag to 2024-03-07T00:00:00+00:00, run_after=2024-03-08T00:00:00+00:00
[2024-03-08T17:05:22.090+0000] {processor.py:176} INFO - Processing /opt/airflow/dags/group_dag.py took 0.059 seconds
[2024-03-08T17:05:52.839+0000] {processor.py:154} INFO - Started process (PID=2743) to work on /opt/airflow/dags/group_dag.py
[2024-03-08T17:05:52.840+0000] {processor.py:756} INFO - Processing file /opt/airflow/dags/group_dag.py for tasks to queue
[2024-03-08T17:05:52.840+0000] {logging_mixin.py:120} INFO - [2024-03-08T17:05:52.840+0000] {dagbag.py:537} INFO - Filling up the DagBag from /opt/airflow/dags/group_dag.py
[2024-03-08T17:05:52.852+0000] {processor.py:766} INFO - DAG(s) dict_keys(['group_dag']) retrieved from /opt/airflow/dags/group_dag.py
[2024-03-08T17:05:52.872+0000] {logging_mixin.py:120} INFO - [2024-03-08T17:05:52.872+0000] {dag.py:2585} INFO - Sync 1 DAGs
[2024-03-08T17:05:52.886+0000] {logging_mixin.py:120} INFO - [2024-03-08T17:05:52.886+0000] {dag.py:3340} INFO - Setting next_dagrun for group_dag to 2024-03-07T00:00:00+00:00, run_after=2024-03-08T00:00:00+00:00
[2024-03-08T17:05:52.895+0000] {processor.py:176} INFO - Processing /opt/airflow/dags/group_dag.py took 0.058 seconds
[2024-03-08T17:06:23.671+0000] {processor.py:154} INFO - Started process (PID=2779) to work on /opt/airflow/dags/group_dag.py
[2024-03-08T17:06:23.671+0000] {processor.py:756} INFO - Processing file /opt/airflow/dags/group_dag.py for tasks to queue
[2024-03-08T17:06:23.672+0000] {logging_mixin.py:120} INFO - [2024-03-08T17:06:23.672+0000] {dagbag.py:537} INFO - Filling up the DagBag from /opt/airflow/dags/group_dag.py
[2024-03-08T17:06:23.688+0000] {processor.py:766} INFO - DAG(s) dict_keys(['group_dag']) retrieved from /opt/airflow/dags/group_dag.py
[2024-03-08T17:06:23.715+0000] {logging_mixin.py:120} INFO - [2024-03-08T17:06:23.715+0000] {dag.py:2585} INFO - Sync 1 DAGs
[2024-03-08T17:06:23.733+0000] {logging_mixin.py:120} INFO - [2024-03-08T17:06:23.732+0000] {dag.py:3340} INFO - Setting next_dagrun for group_dag to 2024-03-07T00:00:00+00:00, run_after=2024-03-08T00:00:00+00:00
[2024-03-08T17:06:23.744+0000] {processor.py:176} INFO - Processing /opt/airflow/dags/group_dag.py took 0.076 seconds
[2024-03-08T17:06:54.573+0000] {processor.py:154} INFO - Started process (PID=2816) to work on /opt/airflow/dags/group_dag.py
[2024-03-08T17:06:54.574+0000] {processor.py:756} INFO - Processing file /opt/airflow/dags/group_dag.py for tasks to queue
[2024-03-08T17:06:54.574+0000] {logging_mixin.py:120} INFO - [2024-03-08T17:06:54.574+0000] {dagbag.py:537} INFO - Filling up the DagBag from /opt/airflow/dags/group_dag.py
[2024-03-08T17:06:54.590+0000] {processor.py:766} INFO - DAG(s) dict_keys(['group_dag']) retrieved from /opt/airflow/dags/group_dag.py
[2024-03-08T17:06:54.610+0000] {logging_mixin.py:120} INFO - [2024-03-08T17:06:54.610+0000] {dag.py:2585} INFO - Sync 1 DAGs
[2024-03-08T17:06:54.623+0000] {logging_mixin.py:120} INFO - [2024-03-08T17:06:54.623+0000] {dag.py:3340} INFO - Setting next_dagrun for group_dag to 2024-03-07T00:00:00+00:00, run_after=2024-03-08T00:00:00+00:00
[2024-03-08T17:06:54.632+0000] {processor.py:176} INFO - Processing /opt/airflow/dags/group_dag.py took 0.061 seconds
[2024-03-08T17:07:25.422+0000] {processor.py:154} INFO - Started process (PID=2852) to work on /opt/airflow/dags/group_dag.py
[2024-03-08T17:07:25.423+0000] {processor.py:756} INFO - Processing file /opt/airflow/dags/group_dag.py for tasks to queue
[2024-03-08T17:07:25.423+0000] {logging_mixin.py:120} INFO - [2024-03-08T17:07:25.423+0000] {dagbag.py:537} INFO - Filling up the DagBag from /opt/airflow/dags/group_dag.py
[2024-03-08T17:07:25.434+0000] {processor.py:766} INFO - DAG(s) dict_keys(['group_dag']) retrieved from /opt/airflow/dags/group_dag.py
[2024-03-08T17:07:25.454+0000] {logging_mixin.py:120} INFO - [2024-03-08T17:07:25.454+0000] {dag.py:2585} INFO - Sync 1 DAGs
[2024-03-08T17:07:25.467+0000] {logging_mixin.py:120} INFO - [2024-03-08T17:07:25.467+0000] {dag.py:3340} INFO - Setting next_dagrun for group_dag to 2024-03-07T00:00:00+00:00, run_after=2024-03-08T00:00:00+00:00
[2024-03-08T17:07:25.476+0000] {processor.py:176} INFO - Processing /opt/airflow/dags/group_dag.py took 0.055 seconds
[2024-03-08T17:07:56.112+0000] {processor.py:154} INFO - Started process (PID=2889) to work on /opt/airflow/dags/group_dag.py
[2024-03-08T17:07:56.112+0000] {processor.py:756} INFO - Processing file /opt/airflow/dags/group_dag.py for tasks to queue
[2024-03-08T17:07:56.113+0000] {logging_mixin.py:120} INFO - [2024-03-08T17:07:56.113+0000] {dagbag.py:537} INFO - Filling up the DagBag from /opt/airflow/dags/group_dag.py
[2024-03-08T17:07:56.124+0000] {processor.py:766} INFO - DAG(s) dict_keys(['group_dag']) retrieved from /opt/airflow/dags/group_dag.py
[2024-03-08T17:07:56.144+0000] {logging_mixin.py:120} INFO - [2024-03-08T17:07:56.144+0000] {dag.py:2585} INFO - Sync 1 DAGs
[2024-03-08T17:07:56.157+0000] {logging_mixin.py:120} INFO - [2024-03-08T17:07:56.157+0000] {dag.py:3340} INFO - Setting next_dagrun for group_dag to 2024-03-07T00:00:00+00:00, run_after=2024-03-08T00:00:00+00:00
[2024-03-08T17:07:56.167+0000] {processor.py:176} INFO - Processing /opt/airflow/dags/group_dag.py took 0.057 seconds
[2024-03-08T17:08:26.985+0000] {processor.py:154} INFO - Started process (PID=2926) to work on /opt/airflow/dags/group_dag.py
[2024-03-08T17:08:26.986+0000] {processor.py:756} INFO - Processing file /opt/airflow/dags/group_dag.py for tasks to queue
[2024-03-08T17:08:26.986+0000] {logging_mixin.py:120} INFO - [2024-03-08T17:08:26.986+0000] {dagbag.py:537} INFO - Filling up the DagBag from /opt/airflow/dags/group_dag.py
[2024-03-08T17:08:26.997+0000] {processor.py:766} INFO - DAG(s) dict_keys(['group_dag']) retrieved from /opt/airflow/dags/group_dag.py
[2024-03-08T17:08:27.017+0000] {logging_mixin.py:120} INFO - [2024-03-08T17:08:27.017+0000] {dag.py:2585} INFO - Sync 1 DAGs
[2024-03-08T17:08:27.031+0000] {logging_mixin.py:120} INFO - [2024-03-08T17:08:27.031+0000] {dag.py:3340} INFO - Setting next_dagrun for group_dag to 2024-03-07T00:00:00+00:00, run_after=2024-03-08T00:00:00+00:00
[2024-03-08T17:08:27.040+0000] {processor.py:176} INFO - Processing /opt/airflow/dags/group_dag.py took 0.056 seconds
[2024-03-08T17:08:58.043+0000] {processor.py:154} INFO - Started process (PID=2962) to work on /opt/airflow/dags/group_dag.py
[2024-03-08T17:08:58.044+0000] {processor.py:756} INFO - Processing file /opt/airflow/dags/group_dag.py for tasks to queue
[2024-03-08T17:08:58.045+0000] {logging_mixin.py:120} INFO - [2024-03-08T17:08:58.045+0000] {dagbag.py:537} INFO - Filling up the DagBag from /opt/airflow/dags/group_dag.py
[2024-03-08T17:08:58.059+0000] {processor.py:766} INFO - DAG(s) dict_keys(['group_dag']) retrieved from /opt/airflow/dags/group_dag.py
[2024-03-08T17:08:58.087+0000] {logging_mixin.py:120} INFO - [2024-03-08T17:08:58.086+0000] {dag.py:2585} INFO - Sync 1 DAGs
[2024-03-08T17:08:58.109+0000] {logging_mixin.py:120} INFO - [2024-03-08T17:08:58.109+0000] {dag.py:3340} INFO - Setting next_dagrun for group_dag to 2024-03-07T00:00:00+00:00, run_after=2024-03-08T00:00:00+00:00
[2024-03-08T17:08:58.123+0000] {processor.py:176} INFO - Processing /opt/airflow/dags/group_dag.py took 0.085 seconds
[2024-03-08T17:09:28.303+0000] {processor.py:154} INFO - Started process (PID=2990) to work on /opt/airflow/dags/group_dag.py
[2024-03-08T17:09:28.304+0000] {processor.py:756} INFO - Processing file /opt/airflow/dags/group_dag.py for tasks to queue
[2024-03-08T17:09:28.304+0000] {logging_mixin.py:120} INFO - [2024-03-08T17:09:28.304+0000] {dagbag.py:537} INFO - Filling up the DagBag from /opt/airflow/dags/group_dag.py
[2024-03-08T17:09:28.316+0000] {processor.py:766} INFO - DAG(s) dict_keys(['group_dag']) retrieved from /opt/airflow/dags/group_dag.py
[2024-03-08T17:09:28.336+0000] {logging_mixin.py:120} INFO - [2024-03-08T17:09:28.336+0000] {dag.py:2585} INFO - Sync 1 DAGs
[2024-03-08T17:09:28.349+0000] {logging_mixin.py:120} INFO - [2024-03-08T17:09:28.349+0000] {dag.py:3340} INFO - Setting next_dagrun for group_dag to 2024-03-07T00:00:00+00:00, run_after=2024-03-08T00:00:00+00:00
[2024-03-08T17:09:28.358+0000] {processor.py:176} INFO - Processing /opt/airflow/dags/group_dag.py took 0.056 seconds
[2024-03-08T17:09:59.247+0000] {processor.py:154} INFO - Started process (PID=3025) to work on /opt/airflow/dags/group_dag.py
[2024-03-08T17:09:59.248+0000] {processor.py:756} INFO - Processing file /opt/airflow/dags/group_dag.py for tasks to queue
[2024-03-08T17:09:59.248+0000] {logging_mixin.py:120} INFO - [2024-03-08T17:09:59.248+0000] {dagbag.py:537} INFO - Filling up the DagBag from /opt/airflow/dags/group_dag.py
[2024-03-08T17:09:59.260+0000] {processor.py:766} INFO - DAG(s) dict_keys(['group_dag']) retrieved from /opt/airflow/dags/group_dag.py
[2024-03-08T17:09:59.280+0000] {logging_mixin.py:120} INFO - [2024-03-08T17:09:59.280+0000] {dag.py:2585} INFO - Sync 1 DAGs
[2024-03-08T17:09:59.293+0000] {logging_mixin.py:120} INFO - [2024-03-08T17:09:59.293+0000] {dag.py:3340} INFO - Setting next_dagrun for group_dag to 2024-03-07T00:00:00+00:00, run_after=2024-03-08T00:00:00+00:00
[2024-03-08T17:09:59.305+0000] {processor.py:176} INFO - Processing /opt/airflow/dags/group_dag.py took 0.060 seconds
[2024-03-08T17:11:32.202+0000] {processor.py:154} INFO - Started process (PID=57) to work on /opt/airflow/dags/group_dag.py
[2024-03-08T17:11:32.205+0000] {processor.py:756} INFO - Processing file /opt/airflow/dags/group_dag.py for tasks to queue
[2024-03-08T17:11:32.210+0000] {logging_mixin.py:120} INFO - [2024-03-08T17:11:32.210+0000] {dagbag.py:537} INFO - Filling up the DagBag from /opt/airflow/dags/group_dag.py
[2024-03-08T17:11:32.244+0000] {processor.py:766} INFO - DAG(s) dict_keys(['group_dag']) retrieved from /opt/airflow/dags/group_dag.py
[2024-03-08T17:11:32.287+0000] {logging_mixin.py:120} INFO - [2024-03-08T17:11:32.286+0000] {dag.py:2585} INFO - Sync 1 DAGs
[2024-03-08T17:11:32.312+0000] {logging_mixin.py:120} INFO - [2024-03-08T17:11:32.312+0000] {dag.py:3340} INFO - Setting next_dagrun for group_dag to 2024-03-07T00:00:00+00:00, run_after=2024-03-08T00:00:00+00:00
[2024-03-08T17:11:32.326+0000] {processor.py:176} INFO - Processing /opt/airflow/dags/group_dag.py took 0.131 seconds
[2024-03-08T17:12:03.337+0000] {processor.py:154} INFO - Started process (PID=85) to work on /opt/airflow/dags/group_dag.py
[2024-03-08T17:12:03.338+0000] {processor.py:756} INFO - Processing file /opt/airflow/dags/group_dag.py for tasks to queue
[2024-03-08T17:12:03.338+0000] {logging_mixin.py:120} INFO - [2024-03-08T17:12:03.338+0000] {dagbag.py:537} INFO - Filling up the DagBag from /opt/airflow/dags/group_dag.py
[2024-03-08T17:12:03.352+0000] {processor.py:766} INFO - DAG(s) dict_keys(['group_dag']) retrieved from /opt/airflow/dags/group_dag.py
[2024-03-08T17:12:03.371+0000] {logging_mixin.py:120} INFO - [2024-03-08T17:12:03.371+0000] {dag.py:2585} INFO - Sync 1 DAGs
[2024-03-08T17:12:03.386+0000] {logging_mixin.py:120} INFO - [2024-03-08T17:12:03.386+0000] {dag.py:3340} INFO - Setting next_dagrun for group_dag to 2024-03-07T00:00:00+00:00, run_after=2024-03-08T00:00:00+00:00
[2024-03-08T17:12:03.395+0000] {processor.py:176} INFO - Processing /opt/airflow/dags/group_dag.py took 0.060 seconds
[2024-03-08T17:12:34.216+0000] {processor.py:154} INFO - Started process (PID=123) to work on /opt/airflow/dags/group_dag.py
[2024-03-08T17:12:34.217+0000] {processor.py:756} INFO - Processing file /opt/airflow/dags/group_dag.py for tasks to queue
[2024-03-08T17:12:34.217+0000] {logging_mixin.py:120} INFO - [2024-03-08T17:12:34.217+0000] {dagbag.py:537} INFO - Filling up the DagBag from /opt/airflow/dags/group_dag.py
[2024-03-08T17:12:34.232+0000] {processor.py:766} INFO - DAG(s) dict_keys(['group_dag']) retrieved from /opt/airflow/dags/group_dag.py
[2024-03-08T17:12:34.261+0000] {logging_mixin.py:120} INFO - [2024-03-08T17:12:34.261+0000] {dag.py:2585} INFO - Sync 1 DAGs
[2024-03-08T17:12:34.281+0000] {logging_mixin.py:120} INFO - [2024-03-08T17:12:34.280+0000] {dag.py:3340} INFO - Setting next_dagrun for group_dag to 2024-03-07T00:00:00+00:00, run_after=2024-03-08T00:00:00+00:00
[2024-03-08T17:12:34.295+0000] {processor.py:176} INFO - Processing /opt/airflow/dags/group_dag.py took 0.080 seconds
[2024-03-08T20:40:34.804+0000] {processor.py:154} INFO - Started process (PID=57) to work on /opt/airflow/dags/group_dag.py
[2024-03-08T20:40:34.808+0000] {processor.py:756} INFO - Processing file /opt/airflow/dags/group_dag.py for tasks to queue
[2024-03-08T20:40:34.811+0000] {logging_mixin.py:120} INFO - [2024-03-08T20:40:34.811+0000] {dagbag.py:537} INFO - Filling up the DagBag from /opt/airflow/dags/group_dag.py
[2024-03-08T20:40:35.003+0000] {processor.py:766} INFO - DAG(s) dict_keys(['group_dag']) retrieved from /opt/airflow/dags/group_dag.py
[2024-03-08T20:40:35.504+0000] {logging_mixin.py:120} INFO - [2024-03-08T20:40:35.503+0000] {dag.py:2585} INFO - Sync 1 DAGs
[2024-03-08T20:40:35.590+0000] {logging_mixin.py:120} INFO - [2024-03-08T20:40:35.589+0000] {dag.py:3340} INFO - Setting next_dagrun for group_dag to 2024-03-07T00:00:00+00:00, run_after=2024-03-08T00:00:00+00:00
[2024-03-08T20:40:35.644+0000] {processor.py:176} INFO - Processing /opt/airflow/dags/group_dag.py took 0.848 seconds
[2024-03-08T20:41:08.451+0000] {processor.py:154} INFO - Started process (PID=94) to work on /opt/airflow/dags/group_dag.py
[2024-03-08T20:41:08.454+0000] {processor.py:756} INFO - Processing file /opt/airflow/dags/group_dag.py for tasks to queue
[2024-03-08T20:41:08.455+0000] {logging_mixin.py:120} INFO - [2024-03-08T20:41:08.455+0000] {dagbag.py:537} INFO - Filling up the DagBag from /opt/airflow/dags/group_dag.py
[2024-03-08T20:41:08.500+0000] {processor.py:766} INFO - DAG(s) dict_keys(['group_dag']) retrieved from /opt/airflow/dags/group_dag.py
[2024-03-08T20:41:08.530+0000] {logging_mixin.py:120} INFO - [2024-03-08T20:41:08.530+0000] {dag.py:2585} INFO - Sync 1 DAGs
[2024-03-08T20:41:08.550+0000] {logging_mixin.py:120} INFO - [2024-03-08T20:41:08.549+0000] {dag.py:3340} INFO - Setting next_dagrun for group_dag to 2024-03-07T00:00:00+00:00, run_after=2024-03-08T00:00:00+00:00
[2024-03-08T20:41:08.571+0000] {processor.py:176} INFO - Processing /opt/airflow/dags/group_dag.py took 0.128 seconds
