[2024-03-08T15:47:42.751+0000] {processor.py:154} INFO - Started process (PID=54) to work on /opt/airflow/dags/inside_group_dag.py
[2024-03-08T15:47:42.752+0000] {processor.py:756} INFO - Processing file /opt/airflow/dags/inside_group_dag.py for tasks to queue
[2024-03-08T15:47:42.754+0000] {logging_mixin.py:120} INFO - [2024-03-08T15:47:42.754+0000] {dagbag.py:537} INFO - Filling up the DagBag from /opt/airflow/dags/inside_group_dag.py
[2024-03-08T15:47:42.778+0000] {processor.py:766} INFO - DAG(s) dict_keys(['inside_group_dag']) retrieved from /opt/airflow/dags/inside_group_dag.py
[2024-03-08T15:47:42.813+0000] {logging_mixin.py:120} INFO - [2024-03-08T15:47:42.813+0000] {dag.py:2585} INFO - Sync 1 DAGs
[2024-03-08T15:47:42.833+0000] {logging_mixin.py:120} INFO - [2024-03-08T15:47:42.833+0000] {dag.py:3340} INFO - Setting next_dagrun for inside_group_dag to 2024-03-07T00:00:00+00:00, run_after=2024-03-08T00:00:00+00:00
[2024-03-08T15:47:42.861+0000] {processor.py:176} INFO - Processing /opt/airflow/dags/inside_group_dag.py took 0.115 seconds
[2024-03-08T15:48:14.080+0000] {processor.py:154} INFO - Started process (PID=91) to work on /opt/airflow/dags/inside_group_dag.py
[2024-03-08T15:48:14.082+0000] {processor.py:756} INFO - Processing file /opt/airflow/dags/inside_group_dag.py for tasks to queue
[2024-03-08T15:48:14.083+0000] {logging_mixin.py:120} INFO - [2024-03-08T15:48:14.083+0000] {dagbag.py:537} INFO - Filling up the DagBag from /opt/airflow/dags/inside_group_dag.py
[2024-03-08T15:48:14.112+0000] {processor.py:766} INFO - DAG(s) dict_keys(['inside_group_dag']) retrieved from /opt/airflow/dags/inside_group_dag.py
[2024-03-08T15:48:14.151+0000] {logging_mixin.py:120} INFO - [2024-03-08T15:48:14.151+0000] {dag.py:2585} INFO - Sync 1 DAGs
[2024-03-08T15:48:14.176+0000] {logging_mixin.py:120} INFO - [2024-03-08T15:48:14.176+0000] {dag.py:3340} INFO - Setting next_dagrun for inside_group_dag to 2024-03-07T00:00:00+00:00, run_after=2024-03-08T00:00:00+00:00
[2024-03-08T15:48:14.215+0000] {processor.py:176} INFO - Processing /opt/airflow/dags/inside_group_dag.py took 0.137 seconds
[2024-03-08T15:48:45.235+0000] {processor.py:154} INFO - Started process (PID=118) to work on /opt/airflow/dags/inside_group_dag.py
[2024-03-08T15:48:45.236+0000] {processor.py:756} INFO - Processing file /opt/airflow/dags/inside_group_dag.py for tasks to queue
[2024-03-08T15:48:45.237+0000] {logging_mixin.py:120} INFO - [2024-03-08T15:48:45.236+0000] {dagbag.py:537} INFO - Filling up the DagBag from /opt/airflow/dags/inside_group_dag.py
[2024-03-08T15:48:45.249+0000] {processor.py:766} INFO - DAG(s) dict_keys(['inside_group_dag']) retrieved from /opt/airflow/dags/inside_group_dag.py
[2024-03-08T15:48:45.269+0000] {logging_mixin.py:120} INFO - [2024-03-08T15:48:45.269+0000] {dag.py:2585} INFO - Sync 1 DAGs
[2024-03-08T15:48:45.285+0000] {logging_mixin.py:120} INFO - [2024-03-08T15:48:45.285+0000] {dag.py:3340} INFO - Setting next_dagrun for inside_group_dag to 2024-03-07T00:00:00+00:00, run_after=2024-03-08T00:00:00+00:00
[2024-03-08T15:48:45.294+0000] {processor.py:176} INFO - Processing /opt/airflow/dags/inside_group_dag.py took 0.062 seconds
[2024-03-08T15:49:16.374+0000] {processor.py:154} INFO - Started process (PID=155) to work on /opt/airflow/dags/inside_group_dag.py
[2024-03-08T15:49:16.375+0000] {processor.py:756} INFO - Processing file /opt/airflow/dags/inside_group_dag.py for tasks to queue
[2024-03-08T15:49:16.375+0000] {logging_mixin.py:120} INFO - [2024-03-08T15:49:16.375+0000] {dagbag.py:537} INFO - Filling up the DagBag from /opt/airflow/dags/inside_group_dag.py
[2024-03-08T15:49:16.387+0000] {processor.py:766} INFO - DAG(s) dict_keys(['inside_group_dag']) retrieved from /opt/airflow/dags/inside_group_dag.py
[2024-03-08T15:49:16.409+0000] {logging_mixin.py:120} INFO - [2024-03-08T15:49:16.409+0000] {dag.py:2585} INFO - Sync 1 DAGs
[2024-03-08T15:49:16.422+0000] {logging_mixin.py:120} INFO - [2024-03-08T15:49:16.422+0000] {dag.py:3340} INFO - Setting next_dagrun for inside_group_dag to 2024-03-07T00:00:00+00:00, run_after=2024-03-08T00:00:00+00:00
[2024-03-08T15:49:16.431+0000] {processor.py:176} INFO - Processing /opt/airflow/dags/inside_group_dag.py took 0.058 seconds
[2024-03-08T15:49:47.229+0000] {processor.py:154} INFO - Started process (PID=192) to work on /opt/airflow/dags/inside_group_dag.py
[2024-03-08T15:49:47.230+0000] {processor.py:756} INFO - Processing file /opt/airflow/dags/inside_group_dag.py for tasks to queue
[2024-03-08T15:49:47.230+0000] {logging_mixin.py:120} INFO - [2024-03-08T15:49:47.230+0000] {dagbag.py:537} INFO - Filling up the DagBag from /opt/airflow/dags/inside_group_dag.py
[2024-03-08T15:49:47.242+0000] {processor.py:766} INFO - DAG(s) dict_keys(['inside_group_dag']) retrieved from /opt/airflow/dags/inside_group_dag.py
[2024-03-08T15:49:47.262+0000] {logging_mixin.py:120} INFO - [2024-03-08T15:49:47.262+0000] {dag.py:2585} INFO - Sync 1 DAGs
[2024-03-08T15:49:47.275+0000] {logging_mixin.py:120} INFO - [2024-03-08T15:49:47.275+0000] {dag.py:3340} INFO - Setting next_dagrun for inside_group_dag to 2024-03-07T00:00:00+00:00, run_after=2024-03-08T00:00:00+00:00
[2024-03-08T15:49:47.283+0000] {processor.py:176} INFO - Processing /opt/airflow/dags/inside_group_dag.py took 0.056 seconds
[2024-03-08T15:50:18.147+0000] {processor.py:154} INFO - Started process (PID=229) to work on /opt/airflow/dags/inside_group_dag.py
[2024-03-08T15:50:18.148+0000] {processor.py:756} INFO - Processing file /opt/airflow/dags/inside_group_dag.py for tasks to queue
[2024-03-08T15:50:18.149+0000] {logging_mixin.py:120} INFO - [2024-03-08T15:50:18.149+0000] {dagbag.py:537} INFO - Filling up the DagBag from /opt/airflow/dags/inside_group_dag.py
[2024-03-08T15:50:18.159+0000] {processor.py:766} INFO - DAG(s) dict_keys(['inside_group_dag']) retrieved from /opt/airflow/dags/inside_group_dag.py
[2024-03-08T15:50:18.180+0000] {logging_mixin.py:120} INFO - [2024-03-08T15:50:18.179+0000] {dag.py:2585} INFO - Sync 1 DAGs
[2024-03-08T15:50:18.193+0000] {logging_mixin.py:120} INFO - [2024-03-08T15:50:18.193+0000] {dag.py:3340} INFO - Setting next_dagrun for inside_group_dag to 2024-03-07T00:00:00+00:00, run_after=2024-03-08T00:00:00+00:00
[2024-03-08T15:50:18.203+0000] {processor.py:176} INFO - Processing /opt/airflow/dags/inside_group_dag.py took 0.057 seconds
[2024-03-08T15:50:48.952+0000] {processor.py:154} INFO - Started process (PID=267) to work on /opt/airflow/dags/inside_group_dag.py
[2024-03-08T15:50:48.953+0000] {processor.py:756} INFO - Processing file /opt/airflow/dags/inside_group_dag.py for tasks to queue
[2024-03-08T15:50:48.954+0000] {logging_mixin.py:120} INFO - [2024-03-08T15:50:48.954+0000] {dagbag.py:537} INFO - Filling up the DagBag from /opt/airflow/dags/inside_group_dag.py
[2024-03-08T15:50:48.965+0000] {processor.py:766} INFO - DAG(s) dict_keys(['inside_group_dag']) retrieved from /opt/airflow/dags/inside_group_dag.py
[2024-03-08T15:50:48.986+0000] {logging_mixin.py:120} INFO - [2024-03-08T15:50:48.986+0000] {dag.py:2585} INFO - Sync 1 DAGs
[2024-03-08T15:50:49.000+0000] {logging_mixin.py:120} INFO - [2024-03-08T15:50:49.000+0000] {dag.py:3340} INFO - Setting next_dagrun for inside_group_dag to 2024-03-07T00:00:00+00:00, run_after=2024-03-08T00:00:00+00:00
[2024-03-08T15:50:49.009+0000] {processor.py:176} INFO - Processing /opt/airflow/dags/inside_group_dag.py took 0.059 seconds
[2024-03-08T15:51:19.980+0000] {processor.py:154} INFO - Started process (PID=305) to work on /opt/airflow/dags/inside_group_dag.py
[2024-03-08T15:51:19.980+0000] {processor.py:756} INFO - Processing file /opt/airflow/dags/inside_group_dag.py for tasks to queue
[2024-03-08T15:51:19.981+0000] {logging_mixin.py:120} INFO - [2024-03-08T15:51:19.981+0000] {dagbag.py:537} INFO - Filling up the DagBag from /opt/airflow/dags/inside_group_dag.py
[2024-03-08T15:51:19.993+0000] {processor.py:766} INFO - DAG(s) dict_keys(['inside_group_dag']) retrieved from /opt/airflow/dags/inside_group_dag.py
[2024-03-08T15:51:20.017+0000] {logging_mixin.py:120} INFO - [2024-03-08T15:51:20.016+0000] {dag.py:2585} INFO - Sync 1 DAGs
[2024-03-08T15:51:20.032+0000] {logging_mixin.py:120} INFO - [2024-03-08T15:51:20.032+0000] {dag.py:3340} INFO - Setting next_dagrun for inside_group_dag to 2024-03-07T00:00:00+00:00, run_after=2024-03-08T00:00:00+00:00
[2024-03-08T15:51:20.047+0000] {processor.py:176} INFO - Processing /opt/airflow/dags/inside_group_dag.py took 0.069 seconds
[2024-03-08T15:51:51.035+0000] {processor.py:154} INFO - Started process (PID=333) to work on /opt/airflow/dags/inside_group_dag.py
[2024-03-08T15:51:51.036+0000] {processor.py:756} INFO - Processing file /opt/airflow/dags/inside_group_dag.py for tasks to queue
[2024-03-08T15:51:51.037+0000] {logging_mixin.py:120} INFO - [2024-03-08T15:51:51.037+0000] {dagbag.py:537} INFO - Filling up the DagBag from /opt/airflow/dags/inside_group_dag.py
[2024-03-08T15:51:51.048+0000] {processor.py:766} INFO - DAG(s) dict_keys(['inside_group_dag']) retrieved from /opt/airflow/dags/inside_group_dag.py
[2024-03-08T15:51:51.069+0000] {logging_mixin.py:120} INFO - [2024-03-08T15:51:51.069+0000] {dag.py:2585} INFO - Sync 1 DAGs
[2024-03-08T15:51:51.087+0000] {logging_mixin.py:120} INFO - [2024-03-08T15:51:51.087+0000] {dag.py:3340} INFO - Setting next_dagrun for inside_group_dag to 2024-03-07T00:00:00+00:00, run_after=2024-03-08T00:00:00+00:00
[2024-03-08T15:51:51.099+0000] {processor.py:176} INFO - Processing /opt/airflow/dags/inside_group_dag.py took 0.066 seconds
[2024-03-08T15:52:21.944+0000] {processor.py:154} INFO - Started process (PID=370) to work on /opt/airflow/dags/inside_group_dag.py
[2024-03-08T15:52:21.945+0000] {processor.py:756} INFO - Processing file /opt/airflow/dags/inside_group_dag.py for tasks to queue
[2024-03-08T15:52:21.945+0000] {logging_mixin.py:120} INFO - [2024-03-08T15:52:21.945+0000] {dagbag.py:537} INFO - Filling up the DagBag from /opt/airflow/dags/inside_group_dag.py
[2024-03-08T15:52:21.957+0000] {processor.py:766} INFO - DAG(s) dict_keys(['inside_group_dag']) retrieved from /opt/airflow/dags/inside_group_dag.py
[2024-03-08T15:52:21.978+0000] {logging_mixin.py:120} INFO - [2024-03-08T15:52:21.978+0000] {dag.py:2585} INFO - Sync 1 DAGs
[2024-03-08T15:52:21.990+0000] {logging_mixin.py:120} INFO - [2024-03-08T15:52:21.990+0000] {dag.py:3340} INFO - Setting next_dagrun for inside_group_dag to 2024-03-07T00:00:00+00:00, run_after=2024-03-08T00:00:00+00:00
[2024-03-08T15:52:21.999+0000] {processor.py:176} INFO - Processing /opt/airflow/dags/inside_group_dag.py took 0.057 seconds
[2024-03-08T15:52:52.910+0000] {processor.py:154} INFO - Started process (PID=407) to work on /opt/airflow/dags/inside_group_dag.py
[2024-03-08T15:52:52.911+0000] {processor.py:756} INFO - Processing file /opt/airflow/dags/inside_group_dag.py for tasks to queue
[2024-03-08T15:52:52.911+0000] {logging_mixin.py:120} INFO - [2024-03-08T15:52:52.911+0000] {dagbag.py:537} INFO - Filling up the DagBag from /opt/airflow/dags/inside_group_dag.py
[2024-03-08T15:52:52.922+0000] {processor.py:766} INFO - DAG(s) dict_keys(['inside_group_dag']) retrieved from /opt/airflow/dags/inside_group_dag.py
[2024-03-08T15:52:52.943+0000] {logging_mixin.py:120} INFO - [2024-03-08T15:52:52.943+0000] {dag.py:2585} INFO - Sync 1 DAGs
[2024-03-08T15:52:52.956+0000] {logging_mixin.py:120} INFO - [2024-03-08T15:52:52.956+0000] {dag.py:3340} INFO - Setting next_dagrun for inside_group_dag to 2024-03-07T00:00:00+00:00, run_after=2024-03-08T00:00:00+00:00
[2024-03-08T15:52:52.965+0000] {processor.py:176} INFO - Processing /opt/airflow/dags/inside_group_dag.py took 0.056 seconds
[2024-03-08T15:53:23.777+0000] {processor.py:154} INFO - Started process (PID=445) to work on /opt/airflow/dags/inside_group_dag.py
[2024-03-08T15:53:23.778+0000] {processor.py:756} INFO - Processing file /opt/airflow/dags/inside_group_dag.py for tasks to queue
[2024-03-08T15:53:23.779+0000] {logging_mixin.py:120} INFO - [2024-03-08T15:53:23.778+0000] {dagbag.py:537} INFO - Filling up the DagBag from /opt/airflow/dags/inside_group_dag.py
[2024-03-08T15:53:23.790+0000] {processor.py:766} INFO - DAG(s) dict_keys(['inside_group_dag']) retrieved from /opt/airflow/dags/inside_group_dag.py
[2024-03-08T15:53:23.811+0000] {logging_mixin.py:120} INFO - [2024-03-08T15:53:23.811+0000] {dag.py:2585} INFO - Sync 1 DAGs
[2024-03-08T15:53:23.824+0000] {logging_mixin.py:120} INFO - [2024-03-08T15:53:23.824+0000] {dag.py:3340} INFO - Setting next_dagrun for inside_group_dag to 2024-03-07T00:00:00+00:00, run_after=2024-03-08T00:00:00+00:00
[2024-03-08T15:53:23.833+0000] {processor.py:176} INFO - Processing /opt/airflow/dags/inside_group_dag.py took 0.057 seconds
[2024-03-08T15:53:54.879+0000] {processor.py:154} INFO - Started process (PID=482) to work on /opt/airflow/dags/inside_group_dag.py
[2024-03-08T15:53:54.879+0000] {processor.py:756} INFO - Processing file /opt/airflow/dags/inside_group_dag.py for tasks to queue
[2024-03-08T15:53:54.883+0000] {logging_mixin.py:120} INFO - [2024-03-08T15:53:54.883+0000] {dagbag.py:537} INFO - Filling up the DagBag from /opt/airflow/dags/inside_group_dag.py
[2024-03-08T15:53:54.895+0000] {processor.py:766} INFO - DAG(s) dict_keys(['inside_group_dag']) retrieved from /opt/airflow/dags/inside_group_dag.py
[2024-03-08T15:53:54.920+0000] {logging_mixin.py:120} INFO - [2024-03-08T15:53:54.920+0000] {dag.py:2585} INFO - Sync 1 DAGs
[2024-03-08T15:53:54.934+0000] {logging_mixin.py:120} INFO - [2024-03-08T15:53:54.934+0000] {dag.py:3340} INFO - Setting next_dagrun for inside_group_dag to 2024-03-07T00:00:00+00:00, run_after=2024-03-08T00:00:00+00:00
[2024-03-08T15:53:54.943+0000] {processor.py:176} INFO - Processing /opt/airflow/dags/inside_group_dag.py took 0.066 seconds
[2024-03-08T15:54:25.853+0000] {processor.py:154} INFO - Started process (PID=518) to work on /opt/airflow/dags/inside_group_dag.py
[2024-03-08T15:54:25.854+0000] {processor.py:756} INFO - Processing file /opt/airflow/dags/inside_group_dag.py for tasks to queue
[2024-03-08T15:54:25.855+0000] {logging_mixin.py:120} INFO - [2024-03-08T15:54:25.855+0000] {dagbag.py:537} INFO - Filling up the DagBag from /opt/airflow/dags/inside_group_dag.py
[2024-03-08T15:54:25.867+0000] {processor.py:766} INFO - DAG(s) dict_keys(['inside_group_dag']) retrieved from /opt/airflow/dags/inside_group_dag.py
[2024-03-08T15:54:25.891+0000] {logging_mixin.py:120} INFO - [2024-03-08T15:54:25.891+0000] {dag.py:2585} INFO - Sync 1 DAGs
[2024-03-08T15:54:25.913+0000] {logging_mixin.py:120} INFO - [2024-03-08T15:54:25.913+0000] {dag.py:3340} INFO - Setting next_dagrun for inside_group_dag to 2024-03-07T00:00:00+00:00, run_after=2024-03-08T00:00:00+00:00
[2024-03-08T15:54:25.929+0000] {processor.py:176} INFO - Processing /opt/airflow/dags/inside_group_dag.py took 0.078 seconds
[2024-03-08T15:54:57.031+0000] {processor.py:154} INFO - Started process (PID=553) to work on /opt/airflow/dags/inside_group_dag.py
[2024-03-08T15:54:57.032+0000] {processor.py:756} INFO - Processing file /opt/airflow/dags/inside_group_dag.py for tasks to queue
[2024-03-08T15:54:57.036+0000] {logging_mixin.py:120} INFO - [2024-03-08T15:54:57.036+0000] {dagbag.py:537} INFO - Filling up the DagBag from /opt/airflow/dags/inside_group_dag.py
[2024-03-08T15:54:57.050+0000] {processor.py:766} INFO - DAG(s) dict_keys(['inside_group_dag']) retrieved from /opt/airflow/dags/inside_group_dag.py
[2024-03-08T15:54:57.073+0000] {logging_mixin.py:120} INFO - [2024-03-08T15:54:57.073+0000] {dag.py:2585} INFO - Sync 1 DAGs
[2024-03-08T15:54:57.089+0000] {logging_mixin.py:120} INFO - [2024-03-08T15:54:57.089+0000] {dag.py:3340} INFO - Setting next_dagrun for inside_group_dag to 2024-03-07T00:00:00+00:00, run_after=2024-03-08T00:00:00+00:00
[2024-03-08T15:54:57.102+0000] {processor.py:176} INFO - Processing /opt/airflow/dags/inside_group_dag.py took 0.073 seconds
[2024-03-08T15:55:27.958+0000] {processor.py:154} INFO - Started process (PID=583) to work on /opt/airflow/dags/inside_group_dag.py
[2024-03-08T15:55:27.959+0000] {processor.py:756} INFO - Processing file /opt/airflow/dags/inside_group_dag.py for tasks to queue
[2024-03-08T15:55:27.959+0000] {logging_mixin.py:120} INFO - [2024-03-08T15:55:27.959+0000] {dagbag.py:537} INFO - Filling up the DagBag from /opt/airflow/dags/inside_group_dag.py
[2024-03-08T15:55:27.970+0000] {processor.py:766} INFO - DAG(s) dict_keys(['inside_group_dag']) retrieved from /opt/airflow/dags/inside_group_dag.py
[2024-03-08T15:55:27.991+0000] {logging_mixin.py:120} INFO - [2024-03-08T15:55:27.991+0000] {dag.py:2585} INFO - Sync 1 DAGs
[2024-03-08T15:55:28.006+0000] {logging_mixin.py:120} INFO - [2024-03-08T15:55:28.006+0000] {dag.py:3340} INFO - Setting next_dagrun for inside_group_dag to 2024-03-07T00:00:00+00:00, run_after=2024-03-08T00:00:00+00:00
[2024-03-08T15:55:28.015+0000] {processor.py:176} INFO - Processing /opt/airflow/dags/inside_group_dag.py took 0.059 seconds
[2024-03-08T15:55:58.913+0000] {processor.py:154} INFO - Started process (PID=620) to work on /opt/airflow/dags/inside_group_dag.py
[2024-03-08T15:55:58.914+0000] {processor.py:756} INFO - Processing file /opt/airflow/dags/inside_group_dag.py for tasks to queue
[2024-03-08T15:55:58.915+0000] {logging_mixin.py:120} INFO - [2024-03-08T15:55:58.915+0000] {dagbag.py:537} INFO - Filling up the DagBag from /opt/airflow/dags/inside_group_dag.py
[2024-03-08T15:55:58.929+0000] {processor.py:766} INFO - DAG(s) dict_keys(['inside_group_dag']) retrieved from /opt/airflow/dags/inside_group_dag.py
[2024-03-08T15:55:58.950+0000] {logging_mixin.py:120} INFO - [2024-03-08T15:55:58.950+0000] {dag.py:2585} INFO - Sync 1 DAGs
[2024-03-08T15:55:58.963+0000] {logging_mixin.py:120} INFO - [2024-03-08T15:55:58.963+0000] {dag.py:3340} INFO - Setting next_dagrun for inside_group_dag to 2024-03-07T00:00:00+00:00, run_after=2024-03-08T00:00:00+00:00
[2024-03-08T15:55:58.972+0000] {processor.py:176} INFO - Processing /opt/airflow/dags/inside_group_dag.py took 0.062 seconds
[2024-03-08T15:56:29.891+0000] {processor.py:154} INFO - Started process (PID=657) to work on /opt/airflow/dags/inside_group_dag.py
[2024-03-08T15:56:29.892+0000] {processor.py:756} INFO - Processing file /opt/airflow/dags/inside_group_dag.py for tasks to queue
[2024-03-08T15:56:29.892+0000] {logging_mixin.py:120} INFO - [2024-03-08T15:56:29.892+0000] {dagbag.py:537} INFO - Filling up the DagBag from /opt/airflow/dags/inside_group_dag.py
[2024-03-08T15:56:29.906+0000] {processor.py:766} INFO - DAG(s) dict_keys(['inside_group_dag']) retrieved from /opt/airflow/dags/inside_group_dag.py
[2024-03-08T15:56:29.936+0000] {logging_mixin.py:120} INFO - [2024-03-08T15:56:29.936+0000] {dag.py:2585} INFO - Sync 1 DAGs
[2024-03-08T15:56:29.952+0000] {logging_mixin.py:120} INFO - [2024-03-08T15:56:29.952+0000] {dag.py:3340} INFO - Setting next_dagrun for inside_group_dag to 2024-03-07T00:00:00+00:00, run_after=2024-03-08T00:00:00+00:00
[2024-03-08T15:56:29.967+0000] {processor.py:176} INFO - Processing /opt/airflow/dags/inside_group_dag.py took 0.078 seconds
[2024-03-08T15:57:00.788+0000] {processor.py:154} INFO - Started process (PID=694) to work on /opt/airflow/dags/inside_group_dag.py
[2024-03-08T15:57:00.788+0000] {processor.py:756} INFO - Processing file /opt/airflow/dags/inside_group_dag.py for tasks to queue
[2024-03-08T15:57:00.789+0000] {logging_mixin.py:120} INFO - [2024-03-08T15:57:00.789+0000] {dagbag.py:537} INFO - Filling up the DagBag from /opt/airflow/dags/inside_group_dag.py
[2024-03-08T15:57:00.802+0000] {processor.py:766} INFO - DAG(s) dict_keys(['inside_group_dag']) retrieved from /opt/airflow/dags/inside_group_dag.py
[2024-03-08T15:57:00.827+0000] {logging_mixin.py:120} INFO - [2024-03-08T15:57:00.826+0000] {dag.py:2585} INFO - Sync 1 DAGs
[2024-03-08T15:57:00.842+0000] {logging_mixin.py:120} INFO - [2024-03-08T15:57:00.842+0000] {dag.py:3340} INFO - Setting next_dagrun for inside_group_dag to 2024-03-07T00:00:00+00:00, run_after=2024-03-08T00:00:00+00:00
[2024-03-08T15:57:00.851+0000] {processor.py:176} INFO - Processing /opt/airflow/dags/inside_group_dag.py took 0.065 seconds
[2024-03-08T15:57:31.641+0000] {processor.py:154} INFO - Started process (PID=731) to work on /opt/airflow/dags/inside_group_dag.py
[2024-03-08T15:57:31.642+0000] {processor.py:756} INFO - Processing file /opt/airflow/dags/inside_group_dag.py for tasks to queue
[2024-03-08T15:57:31.642+0000] {logging_mixin.py:120} INFO - [2024-03-08T15:57:31.642+0000] {dagbag.py:537} INFO - Filling up the DagBag from /opt/airflow/dags/inside_group_dag.py
[2024-03-08T15:57:31.655+0000] {processor.py:766} INFO - DAG(s) dict_keys(['inside_group_dag']) retrieved from /opt/airflow/dags/inside_group_dag.py
[2024-03-08T15:57:31.678+0000] {logging_mixin.py:120} INFO - [2024-03-08T15:57:31.678+0000] {dag.py:2585} INFO - Sync 1 DAGs
[2024-03-08T15:57:31.701+0000] {logging_mixin.py:120} INFO - [2024-03-08T15:57:31.700+0000] {dag.py:3340} INFO - Setting next_dagrun for inside_group_dag to 2024-03-07T00:00:00+00:00, run_after=2024-03-08T00:00:00+00:00
[2024-03-08T15:57:31.741+0000] {processor.py:176} INFO - Processing /opt/airflow/dags/inside_group_dag.py took 0.102 seconds
[2024-03-08T15:58:02.634+0000] {processor.py:154} INFO - Started process (PID=768) to work on /opt/airflow/dags/inside_group_dag.py
[2024-03-08T15:58:02.635+0000] {processor.py:756} INFO - Processing file /opt/airflow/dags/inside_group_dag.py for tasks to queue
[2024-03-08T15:58:02.635+0000] {logging_mixin.py:120} INFO - [2024-03-08T15:58:02.635+0000] {dagbag.py:537} INFO - Filling up the DagBag from /opt/airflow/dags/inside_group_dag.py
[2024-03-08T15:58:02.646+0000] {processor.py:766} INFO - DAG(s) dict_keys(['inside_group_dag']) retrieved from /opt/airflow/dags/inside_group_dag.py
[2024-03-08T15:58:02.674+0000] {logging_mixin.py:120} INFO - [2024-03-08T15:58:02.674+0000] {dag.py:2585} INFO - Sync 1 DAGs
[2024-03-08T15:58:02.688+0000] {logging_mixin.py:120} INFO - [2024-03-08T15:58:02.688+0000] {dag.py:3340} INFO - Setting next_dagrun for inside_group_dag to 2024-03-07T00:00:00+00:00, run_after=2024-03-08T00:00:00+00:00
[2024-03-08T15:58:02.697+0000] {processor.py:176} INFO - Processing /opt/airflow/dags/inside_group_dag.py took 0.065 seconds
[2024-03-08T15:58:33.937+0000] {processor.py:154} INFO - Started process (PID=805) to work on /opt/airflow/dags/inside_group_dag.py
[2024-03-08T15:58:33.939+0000] {processor.py:756} INFO - Processing file /opt/airflow/dags/inside_group_dag.py for tasks to queue
[2024-03-08T15:58:33.940+0000] {logging_mixin.py:120} INFO - [2024-03-08T15:58:33.940+0000] {dagbag.py:537} INFO - Filling up the DagBag from /opt/airflow/dags/inside_group_dag.py
[2024-03-08T15:58:33.957+0000] {processor.py:766} INFO - DAG(s) dict_keys(['inside_group_dag']) retrieved from /opt/airflow/dags/inside_group_dag.py
[2024-03-08T15:58:33.992+0000] {logging_mixin.py:120} INFO - [2024-03-08T15:58:33.992+0000] {dag.py:2585} INFO - Sync 1 DAGs
[2024-03-08T15:58:34.013+0000] {logging_mixin.py:120} INFO - [2024-03-08T15:58:34.013+0000] {dag.py:3340} INFO - Setting next_dagrun for inside_group_dag to 2024-03-07T00:00:00+00:00, run_after=2024-03-08T00:00:00+00:00
[2024-03-08T15:58:34.037+0000] {processor.py:176} INFO - Processing /opt/airflow/dags/inside_group_dag.py took 0.102 seconds
[2024-03-08T15:59:04.316+0000] {processor.py:154} INFO - Started process (PID=833) to work on /opt/airflow/dags/inside_group_dag.py
[2024-03-08T15:59:04.317+0000] {processor.py:756} INFO - Processing file /opt/airflow/dags/inside_group_dag.py for tasks to queue
[2024-03-08T15:59:04.317+0000] {logging_mixin.py:120} INFO - [2024-03-08T15:59:04.317+0000] {dagbag.py:537} INFO - Filling up the DagBag from /opt/airflow/dags/inside_group_dag.py
[2024-03-08T15:59:04.328+0000] {processor.py:766} INFO - DAG(s) dict_keys(['inside_group_dag']) retrieved from /opt/airflow/dags/inside_group_dag.py
[2024-03-08T15:59:04.350+0000] {logging_mixin.py:120} INFO - [2024-03-08T15:59:04.350+0000] {dag.py:2585} INFO - Sync 1 DAGs
[2024-03-08T15:59:04.368+0000] {logging_mixin.py:120} INFO - [2024-03-08T15:59:04.368+0000] {dag.py:3340} INFO - Setting next_dagrun for inside_group_dag to 2024-03-07T00:00:00+00:00, run_after=2024-03-08T00:00:00+00:00
[2024-03-08T15:59:04.380+0000] {processor.py:176} INFO - Processing /opt/airflow/dags/inside_group_dag.py took 0.065 seconds
[2024-03-08T15:59:35.438+0000] {processor.py:154} INFO - Started process (PID=870) to work on /opt/airflow/dags/inside_group_dag.py
[2024-03-08T15:59:35.439+0000] {processor.py:756} INFO - Processing file /opt/airflow/dags/inside_group_dag.py for tasks to queue
[2024-03-08T15:59:35.440+0000] {logging_mixin.py:120} INFO - [2024-03-08T15:59:35.440+0000] {dagbag.py:537} INFO - Filling up the DagBag from /opt/airflow/dags/inside_group_dag.py
[2024-03-08T15:59:35.453+0000] {processor.py:766} INFO - DAG(s) dict_keys(['inside_group_dag']) retrieved from /opt/airflow/dags/inside_group_dag.py
[2024-03-08T15:59:35.482+0000] {logging_mixin.py:120} INFO - [2024-03-08T15:59:35.482+0000] {dag.py:2585} INFO - Sync 1 DAGs
[2024-03-08T15:59:35.503+0000] {logging_mixin.py:120} INFO - [2024-03-08T15:59:35.502+0000] {dag.py:3340} INFO - Setting next_dagrun for inside_group_dag to 2024-03-07T00:00:00+00:00, run_after=2024-03-08T00:00:00+00:00
[2024-03-08T15:59:35.517+0000] {processor.py:176} INFO - Processing /opt/airflow/dags/inside_group_dag.py took 0.081 seconds
[2024-03-08T16:00:06.555+0000] {processor.py:154} INFO - Started process (PID=906) to work on /opt/airflow/dags/inside_group_dag.py
[2024-03-08T16:00:06.556+0000] {processor.py:756} INFO - Processing file /opt/airflow/dags/inside_group_dag.py for tasks to queue
[2024-03-08T16:00:06.557+0000] {logging_mixin.py:120} INFO - [2024-03-08T16:00:06.557+0000] {dagbag.py:537} INFO - Filling up the DagBag from /opt/airflow/dags/inside_group_dag.py
[2024-03-08T16:00:06.581+0000] {processor.py:766} INFO - DAG(s) dict_keys(['inside_group_dag']) retrieved from /opt/airflow/dags/inside_group_dag.py
[2024-03-08T16:00:06.607+0000] {logging_mixin.py:120} INFO - [2024-03-08T16:00:06.607+0000] {dag.py:2585} INFO - Sync 1 DAGs
[2024-03-08T16:00:06.628+0000] {logging_mixin.py:120} INFO - [2024-03-08T16:00:06.628+0000] {dag.py:3340} INFO - Setting next_dagrun for inside_group_dag to 2024-03-07T00:00:00+00:00, run_after=2024-03-08T00:00:00+00:00
[2024-03-08T16:00:06.641+0000] {processor.py:176} INFO - Processing /opt/airflow/dags/inside_group_dag.py took 0.088 seconds
[2024-03-08T16:00:37.669+0000] {processor.py:154} INFO - Started process (PID=943) to work on /opt/airflow/dags/inside_group_dag.py
[2024-03-08T16:00:37.670+0000] {processor.py:756} INFO - Processing file /opt/airflow/dags/inside_group_dag.py for tasks to queue
[2024-03-08T16:00:37.671+0000] {logging_mixin.py:120} INFO - [2024-03-08T16:00:37.671+0000] {dagbag.py:537} INFO - Filling up the DagBag from /opt/airflow/dags/inside_group_dag.py
[2024-03-08T16:00:37.683+0000] {processor.py:766} INFO - DAG(s) dict_keys(['inside_group_dag']) retrieved from /opt/airflow/dags/inside_group_dag.py
[2024-03-08T16:00:37.710+0000] {logging_mixin.py:120} INFO - [2024-03-08T16:00:37.710+0000] {dag.py:2585} INFO - Sync 1 DAGs
[2024-03-08T16:00:37.732+0000] {logging_mixin.py:120} INFO - [2024-03-08T16:00:37.732+0000] {dag.py:3340} INFO - Setting next_dagrun for inside_group_dag to 2024-03-07T00:00:00+00:00, run_after=2024-03-08T00:00:00+00:00
[2024-03-08T16:00:37.748+0000] {processor.py:176} INFO - Processing /opt/airflow/dags/inside_group_dag.py took 0.080 seconds
[2024-03-08T16:01:08.731+0000] {processor.py:154} INFO - Started process (PID=980) to work on /opt/airflow/dags/inside_group_dag.py
[2024-03-08T16:01:08.732+0000] {processor.py:756} INFO - Processing file /opt/airflow/dags/inside_group_dag.py for tasks to queue
[2024-03-08T16:01:08.732+0000] {logging_mixin.py:120} INFO - [2024-03-08T16:01:08.732+0000] {dagbag.py:537} INFO - Filling up the DagBag from /opt/airflow/dags/inside_group_dag.py
[2024-03-08T16:01:08.742+0000] {processor.py:766} INFO - DAG(s) dict_keys(['inside_group_dag']) retrieved from /opt/airflow/dags/inside_group_dag.py
[2024-03-08T16:01:08.763+0000] {logging_mixin.py:120} INFO - [2024-03-08T16:01:08.763+0000] {dag.py:2585} INFO - Sync 1 DAGs
[2024-03-08T16:01:08.776+0000] {logging_mixin.py:120} INFO - [2024-03-08T16:01:08.776+0000] {dag.py:3340} INFO - Setting next_dagrun for inside_group_dag to 2024-03-07T00:00:00+00:00, run_after=2024-03-08T00:00:00+00:00
[2024-03-08T16:01:08.785+0000] {processor.py:176} INFO - Processing /opt/airflow/dags/inside_group_dag.py took 0.056 seconds
[2024-03-08T16:01:39.757+0000] {processor.py:154} INFO - Started process (PID=1008) to work on /opt/airflow/dags/inside_group_dag.py
[2024-03-08T16:01:39.758+0000] {processor.py:756} INFO - Processing file /opt/airflow/dags/inside_group_dag.py for tasks to queue
[2024-03-08T16:01:39.758+0000] {logging_mixin.py:120} INFO - [2024-03-08T16:01:39.758+0000] {dagbag.py:537} INFO - Filling up the DagBag from /opt/airflow/dags/inside_group_dag.py
[2024-03-08T16:01:39.772+0000] {processor.py:766} INFO - DAG(s) dict_keys(['inside_group_dag']) retrieved from /opt/airflow/dags/inside_group_dag.py
[2024-03-08T16:01:39.794+0000] {logging_mixin.py:120} INFO - [2024-03-08T16:01:39.794+0000] {dag.py:2585} INFO - Sync 1 DAGs
[2024-03-08T16:01:39.807+0000] {logging_mixin.py:120} INFO - [2024-03-08T16:01:39.807+0000] {dag.py:3340} INFO - Setting next_dagrun for inside_group_dag to 2024-03-07T00:00:00+00:00, run_after=2024-03-08T00:00:00+00:00
[2024-03-08T16:01:39.816+0000] {processor.py:176} INFO - Processing /opt/airflow/dags/inside_group_dag.py took 0.060 seconds
[2024-03-08T16:02:10.653+0000] {processor.py:154} INFO - Started process (PID=1044) to work on /opt/airflow/dags/inside_group_dag.py
[2024-03-08T16:02:10.653+0000] {processor.py:756} INFO - Processing file /opt/airflow/dags/inside_group_dag.py for tasks to queue
[2024-03-08T16:02:10.654+0000] {logging_mixin.py:120} INFO - [2024-03-08T16:02:10.654+0000] {dagbag.py:537} INFO - Filling up the DagBag from /opt/airflow/dags/inside_group_dag.py
[2024-03-08T16:02:10.665+0000] {processor.py:766} INFO - DAG(s) dict_keys(['inside_group_dag']) retrieved from /opt/airflow/dags/inside_group_dag.py
[2024-03-08T16:02:10.688+0000] {logging_mixin.py:120} INFO - [2024-03-08T16:02:10.688+0000] {dag.py:2585} INFO - Sync 1 DAGs
[2024-03-08T16:02:10.701+0000] {logging_mixin.py:120} INFO - [2024-03-08T16:02:10.701+0000] {dag.py:3340} INFO - Setting next_dagrun for inside_group_dag to 2024-03-07T00:00:00+00:00, run_after=2024-03-08T00:00:00+00:00
[2024-03-08T16:02:10.710+0000] {processor.py:176} INFO - Processing /opt/airflow/dags/inside_group_dag.py took 0.059 seconds
[2024-03-08T16:02:41.408+0000] {processor.py:154} INFO - Started process (PID=1081) to work on /opt/airflow/dags/inside_group_dag.py
[2024-03-08T16:02:41.409+0000] {processor.py:756} INFO - Processing file /opt/airflow/dags/inside_group_dag.py for tasks to queue
[2024-03-08T16:02:41.409+0000] {logging_mixin.py:120} INFO - [2024-03-08T16:02:41.409+0000] {dagbag.py:537} INFO - Filling up the DagBag from /opt/airflow/dags/inside_group_dag.py
[2024-03-08T16:02:41.421+0000] {processor.py:766} INFO - DAG(s) dict_keys(['inside_group_dag']) retrieved from /opt/airflow/dags/inside_group_dag.py
[2024-03-08T16:02:41.443+0000] {logging_mixin.py:120} INFO - [2024-03-08T16:02:41.443+0000] {dag.py:2585} INFO - Sync 1 DAGs
[2024-03-08T16:02:41.458+0000] {logging_mixin.py:120} INFO - [2024-03-08T16:02:41.458+0000] {dag.py:3340} INFO - Setting next_dagrun for inside_group_dag to 2024-03-07T00:00:00+00:00, run_after=2024-03-08T00:00:00+00:00
[2024-03-08T16:02:41.468+0000] {processor.py:176} INFO - Processing /opt/airflow/dags/inside_group_dag.py took 0.061 seconds
[2024-03-08T16:42:11.299+0000] {processor.py:154} INFO - Started process (PID=1109) to work on /opt/airflow/dags/inside_group_dag.py
[2024-03-08T16:42:11.302+0000] {processor.py:756} INFO - Processing file /opt/airflow/dags/inside_group_dag.py for tasks to queue
[2024-03-08T16:42:11.306+0000] {logging_mixin.py:120} INFO - [2024-03-08T16:42:11.305+0000] {dagbag.py:537} INFO - Filling up the DagBag from /opt/airflow/dags/inside_group_dag.py
[2024-03-08T16:42:11.358+0000] {processor.py:766} INFO - DAG(s) dict_keys(['inside_group_dag']) retrieved from /opt/airflow/dags/inside_group_dag.py
[2024-03-08T16:42:11.410+0000] {logging_mixin.py:120} INFO - [2024-03-08T16:42:11.410+0000] {dag.py:2585} INFO - Sync 1 DAGs
[2024-03-08T16:42:11.475+0000] {logging_mixin.py:120} INFO - [2024-03-08T16:42:11.472+0000] {dag.py:3340} INFO - Setting next_dagrun for inside_group_dag to 2024-03-07T00:00:00+00:00, run_after=2024-03-08T00:00:00+00:00
[2024-03-08T16:42:11.542+0000] {processor.py:176} INFO - Processing /opt/airflow/dags/inside_group_dag.py took 0.248 seconds
[2024-03-08T16:42:41.646+0000] {processor.py:154} INFO - Started process (PID=1137) to work on /opt/airflow/dags/inside_group_dag.py
[2024-03-08T16:42:41.647+0000] {processor.py:756} INFO - Processing file /opt/airflow/dags/inside_group_dag.py for tasks to queue
[2024-03-08T16:42:41.647+0000] {logging_mixin.py:120} INFO - [2024-03-08T16:42:41.647+0000] {dagbag.py:537} INFO - Filling up the DagBag from /opt/airflow/dags/inside_group_dag.py
[2024-03-08T16:42:41.658+0000] {processor.py:766} INFO - DAG(s) dict_keys(['inside_group_dag']) retrieved from /opt/airflow/dags/inside_group_dag.py
[2024-03-08T16:42:41.678+0000] {logging_mixin.py:120} INFO - [2024-03-08T16:42:41.678+0000] {dag.py:2585} INFO - Sync 1 DAGs
[2024-03-08T16:42:41.693+0000] {logging_mixin.py:120} INFO - [2024-03-08T16:42:41.693+0000] {dag.py:3340} INFO - Setting next_dagrun for inside_group_dag to 2024-03-07T00:00:00+00:00, run_after=2024-03-08T00:00:00+00:00
[2024-03-08T16:42:41.702+0000] {processor.py:176} INFO - Processing /opt/airflow/dags/inside_group_dag.py took 0.057 seconds
[2024-03-08T16:43:13.037+0000] {processor.py:154} INFO - Started process (PID=1173) to work on /opt/airflow/dags/inside_group_dag.py
[2024-03-08T16:43:13.038+0000] {processor.py:756} INFO - Processing file /opt/airflow/dags/inside_group_dag.py for tasks to queue
[2024-03-08T16:43:13.038+0000] {logging_mixin.py:120} INFO - [2024-03-08T16:43:13.038+0000] {dagbag.py:537} INFO - Filling up the DagBag from /opt/airflow/dags/inside_group_dag.py
[2024-03-08T16:43:13.051+0000] {processor.py:766} INFO - DAG(s) dict_keys(['inside_group_dag']) retrieved from /opt/airflow/dags/inside_group_dag.py
[2024-03-08T16:43:13.089+0000] {logging_mixin.py:120} INFO - [2024-03-08T16:43:13.089+0000] {dag.py:2585} INFO - Sync 1 DAGs
[2024-03-08T16:43:13.107+0000] {logging_mixin.py:120} INFO - [2024-03-08T16:43:13.107+0000] {dag.py:3340} INFO - Setting next_dagrun for inside_group_dag to 2024-03-07T00:00:00+00:00, run_after=2024-03-08T00:00:00+00:00
[2024-03-08T16:43:13.132+0000] {processor.py:176} INFO - Processing /opt/airflow/dags/inside_group_dag.py took 0.098 seconds
[2024-03-08T16:43:43.978+0000] {processor.py:154} INFO - Started process (PID=1210) to work on /opt/airflow/dags/inside_group_dag.py
[2024-03-08T16:43:43.979+0000] {processor.py:756} INFO - Processing file /opt/airflow/dags/inside_group_dag.py for tasks to queue
[2024-03-08T16:43:43.979+0000] {logging_mixin.py:120} INFO - [2024-03-08T16:43:43.979+0000] {dagbag.py:537} INFO - Filling up the DagBag from /opt/airflow/dags/inside_group_dag.py
[2024-03-08T16:43:43.991+0000] {processor.py:766} INFO - DAG(s) dict_keys(['inside_group_dag']) retrieved from /opt/airflow/dags/inside_group_dag.py
[2024-03-08T16:43:44.013+0000] {logging_mixin.py:120} INFO - [2024-03-08T16:43:44.013+0000] {dag.py:2585} INFO - Sync 1 DAGs
[2024-03-08T16:43:44.026+0000] {logging_mixin.py:120} INFO - [2024-03-08T16:43:44.026+0000] {dag.py:3340} INFO - Setting next_dagrun for inside_group_dag to 2024-03-07T00:00:00+00:00, run_after=2024-03-08T00:00:00+00:00
[2024-03-08T16:43:44.039+0000] {processor.py:176} INFO - Processing /opt/airflow/dags/inside_group_dag.py took 0.063 seconds
[2024-03-08T16:44:14.873+0000] {processor.py:154} INFO - Started process (PID=1247) to work on /opt/airflow/dags/inside_group_dag.py
[2024-03-08T16:44:14.874+0000] {processor.py:756} INFO - Processing file /opt/airflow/dags/inside_group_dag.py for tasks to queue
[2024-03-08T16:44:14.874+0000] {logging_mixin.py:120} INFO - [2024-03-08T16:44:14.874+0000] {dagbag.py:537} INFO - Filling up the DagBag from /opt/airflow/dags/inside_group_dag.py
[2024-03-08T16:44:14.886+0000] {processor.py:766} INFO - DAG(s) dict_keys(['inside_group_dag']) retrieved from /opt/airflow/dags/inside_group_dag.py
[2024-03-08T16:44:14.907+0000] {logging_mixin.py:120} INFO - [2024-03-08T16:44:14.906+0000] {dag.py:2585} INFO - Sync 1 DAGs
[2024-03-08T16:44:14.920+0000] {logging_mixin.py:120} INFO - [2024-03-08T16:44:14.919+0000] {dag.py:3340} INFO - Setting next_dagrun for inside_group_dag to 2024-03-07T00:00:00+00:00, run_after=2024-03-08T00:00:00+00:00
[2024-03-08T16:44:14.929+0000] {processor.py:176} INFO - Processing /opt/airflow/dags/inside_group_dag.py took 0.057 seconds
[2024-03-08T16:44:45.702+0000] {processor.py:154} INFO - Started process (PID=1284) to work on /opt/airflow/dags/inside_group_dag.py
[2024-03-08T16:44:45.703+0000] {processor.py:756} INFO - Processing file /opt/airflow/dags/inside_group_dag.py for tasks to queue
[2024-03-08T16:44:45.704+0000] {logging_mixin.py:120} INFO - [2024-03-08T16:44:45.704+0000] {dagbag.py:537} INFO - Filling up the DagBag from /opt/airflow/dags/inside_group_dag.py
[2024-03-08T16:44:45.716+0000] {processor.py:766} INFO - DAG(s) dict_keys(['inside_group_dag']) retrieved from /opt/airflow/dags/inside_group_dag.py
[2024-03-08T16:44:45.738+0000] {logging_mixin.py:120} INFO - [2024-03-08T16:44:45.738+0000] {dag.py:2585} INFO - Sync 1 DAGs
[2024-03-08T16:44:45.752+0000] {logging_mixin.py:120} INFO - [2024-03-08T16:44:45.752+0000] {dag.py:3340} INFO - Setting next_dagrun for inside_group_dag to 2024-03-07T00:00:00+00:00, run_after=2024-03-08T00:00:00+00:00
[2024-03-08T16:44:45.761+0000] {processor.py:176} INFO - Processing /opt/airflow/dags/inside_group_dag.py took 0.060 seconds
[2024-03-08T16:45:16.641+0000] {processor.py:154} INFO - Started process (PID=1321) to work on /opt/airflow/dags/inside_group_dag.py
[2024-03-08T16:45:16.642+0000] {processor.py:756} INFO - Processing file /opt/airflow/dags/inside_group_dag.py for tasks to queue
[2024-03-08T16:45:16.643+0000] {logging_mixin.py:120} INFO - [2024-03-08T16:45:16.643+0000] {dagbag.py:537} INFO - Filling up the DagBag from /opt/airflow/dags/inside_group_dag.py
[2024-03-08T16:45:16.657+0000] {processor.py:766} INFO - DAG(s) dict_keys(['inside_group_dag']) retrieved from /opt/airflow/dags/inside_group_dag.py
[2024-03-08T16:45:16.677+0000] {logging_mixin.py:120} INFO - [2024-03-08T16:45:16.677+0000] {dag.py:2585} INFO - Sync 1 DAGs
[2024-03-08T16:45:16.692+0000] {logging_mixin.py:120} INFO - [2024-03-08T16:45:16.692+0000] {dag.py:3340} INFO - Setting next_dagrun for inside_group_dag to 2024-03-07T00:00:00+00:00, run_after=2024-03-08T00:00:00+00:00
[2024-03-08T16:45:16.701+0000] {processor.py:176} INFO - Processing /opt/airflow/dags/inside_group_dag.py took 0.061 seconds
[2024-03-08T16:45:47.521+0000] {processor.py:154} INFO - Started process (PID=1349) to work on /opt/airflow/dags/inside_group_dag.py
[2024-03-08T16:45:47.522+0000] {processor.py:756} INFO - Processing file /opt/airflow/dags/inside_group_dag.py for tasks to queue
[2024-03-08T16:45:47.522+0000] {logging_mixin.py:120} INFO - [2024-03-08T16:45:47.522+0000] {dagbag.py:537} INFO - Filling up the DagBag from /opt/airflow/dags/inside_group_dag.py
[2024-03-08T16:45:47.534+0000] {processor.py:766} INFO - DAG(s) dict_keys(['inside_group_dag']) retrieved from /opt/airflow/dags/inside_group_dag.py
[2024-03-08T16:45:47.556+0000] {logging_mixin.py:120} INFO - [2024-03-08T16:45:47.556+0000] {dag.py:2585} INFO - Sync 1 DAGs
[2024-03-08T16:45:47.575+0000] {logging_mixin.py:120} INFO - [2024-03-08T16:45:47.575+0000] {dag.py:3340} INFO - Setting next_dagrun for inside_group_dag to 2024-03-07T00:00:00+00:00, run_after=2024-03-08T00:00:00+00:00
[2024-03-08T16:45:47.587+0000] {processor.py:176} INFO - Processing /opt/airflow/dags/inside_group_dag.py took 0.068 seconds
[2024-03-08T16:46:18.492+0000] {processor.py:154} INFO - Started process (PID=1386) to work on /opt/airflow/dags/inside_group_dag.py
[2024-03-08T16:46:18.493+0000] {processor.py:756} INFO - Processing file /opt/airflow/dags/inside_group_dag.py for tasks to queue
[2024-03-08T16:46:18.493+0000] {logging_mixin.py:120} INFO - [2024-03-08T16:46:18.493+0000] {dagbag.py:537} INFO - Filling up the DagBag from /opt/airflow/dags/inside_group_dag.py
[2024-03-08T16:46:18.504+0000] {processor.py:766} INFO - DAG(s) dict_keys(['inside_group_dag']) retrieved from /opt/airflow/dags/inside_group_dag.py
[2024-03-08T16:46:18.529+0000] {logging_mixin.py:120} INFO - [2024-03-08T16:46:18.529+0000] {dag.py:2585} INFO - Sync 1 DAGs
[2024-03-08T16:46:18.543+0000] {logging_mixin.py:120} INFO - [2024-03-08T16:46:18.543+0000] {dag.py:3340} INFO - Setting next_dagrun for inside_group_dag to 2024-03-07T00:00:00+00:00, run_after=2024-03-08T00:00:00+00:00
[2024-03-08T16:46:18.552+0000] {processor.py:176} INFO - Processing /opt/airflow/dags/inside_group_dag.py took 0.062 seconds
[2024-03-08T16:46:49.408+0000] {processor.py:154} INFO - Started process (PID=1422) to work on /opt/airflow/dags/inside_group_dag.py
[2024-03-08T16:46:49.409+0000] {processor.py:756} INFO - Processing file /opt/airflow/dags/inside_group_dag.py for tasks to queue
[2024-03-08T16:46:49.410+0000] {logging_mixin.py:120} INFO - [2024-03-08T16:46:49.410+0000] {dagbag.py:537} INFO - Filling up the DagBag from /opt/airflow/dags/inside_group_dag.py
[2024-03-08T16:46:49.423+0000] {processor.py:766} INFO - DAG(s) dict_keys(['inside_group_dag']) retrieved from /opt/airflow/dags/inside_group_dag.py
[2024-03-08T16:46:49.444+0000] {logging_mixin.py:120} INFO - [2024-03-08T16:46:49.444+0000] {dag.py:2585} INFO - Sync 1 DAGs
[2024-03-08T16:46:49.457+0000] {logging_mixin.py:120} INFO - [2024-03-08T16:46:49.457+0000] {dag.py:3340} INFO - Setting next_dagrun for inside_group_dag to 2024-03-07T00:00:00+00:00, run_after=2024-03-08T00:00:00+00:00
[2024-03-08T16:46:49.466+0000] {processor.py:176} INFO - Processing /opt/airflow/dags/inside_group_dag.py took 0.061 seconds
[2024-03-08T16:47:20.289+0000] {processor.py:154} INFO - Started process (PID=1459) to work on /opt/airflow/dags/inside_group_dag.py
[2024-03-08T16:47:20.290+0000] {processor.py:756} INFO - Processing file /opt/airflow/dags/inside_group_dag.py for tasks to queue
[2024-03-08T16:47:20.291+0000] {logging_mixin.py:120} INFO - [2024-03-08T16:47:20.291+0000] {dagbag.py:537} INFO - Filling up the DagBag from /opt/airflow/dags/inside_group_dag.py
[2024-03-08T16:47:20.304+0000] {processor.py:766} INFO - DAG(s) dict_keys(['inside_group_dag']) retrieved from /opt/airflow/dags/inside_group_dag.py
[2024-03-08T16:47:20.324+0000] {logging_mixin.py:120} INFO - [2024-03-08T16:47:20.324+0000] {dag.py:2585} INFO - Sync 1 DAGs
[2024-03-08T16:47:20.337+0000] {logging_mixin.py:120} INFO - [2024-03-08T16:47:20.336+0000] {dag.py:3340} INFO - Setting next_dagrun for inside_group_dag to 2024-03-07T00:00:00+00:00, run_after=2024-03-08T00:00:00+00:00
[2024-03-08T16:47:20.346+0000] {processor.py:176} INFO - Processing /opt/airflow/dags/inside_group_dag.py took 0.058 seconds
[2024-03-08T16:47:51.151+0000] {processor.py:154} INFO - Started process (PID=1496) to work on /opt/airflow/dags/inside_group_dag.py
[2024-03-08T16:47:51.152+0000] {processor.py:756} INFO - Processing file /opt/airflow/dags/inside_group_dag.py for tasks to queue
[2024-03-08T16:47:51.152+0000] {logging_mixin.py:120} INFO - [2024-03-08T16:47:51.152+0000] {dagbag.py:537} INFO - Filling up the DagBag from /opt/airflow/dags/inside_group_dag.py
[2024-03-08T16:47:51.165+0000] {processor.py:766} INFO - DAG(s) dict_keys(['inside_group_dag']) retrieved from /opt/airflow/dags/inside_group_dag.py
[2024-03-08T16:47:51.187+0000] {logging_mixin.py:120} INFO - [2024-03-08T16:47:51.187+0000] {dag.py:2585} INFO - Sync 1 DAGs
[2024-03-08T16:47:51.200+0000] {logging_mixin.py:120} INFO - [2024-03-08T16:47:51.200+0000] {dag.py:3340} INFO - Setting next_dagrun for inside_group_dag to 2024-03-07T00:00:00+00:00, run_after=2024-03-08T00:00:00+00:00
[2024-03-08T16:47:51.209+0000] {processor.py:176} INFO - Processing /opt/airflow/dags/inside_group_dag.py took 0.059 seconds
[2024-03-08T16:48:22.003+0000] {processor.py:154} INFO - Started process (PID=1533) to work on /opt/airflow/dags/inside_group_dag.py
[2024-03-08T16:48:22.004+0000] {processor.py:756} INFO - Processing file /opt/airflow/dags/inside_group_dag.py for tasks to queue
[2024-03-08T16:48:22.005+0000] {logging_mixin.py:120} INFO - [2024-03-08T16:48:22.005+0000] {dagbag.py:537} INFO - Filling up the DagBag from /opt/airflow/dags/inside_group_dag.py
[2024-03-08T16:48:22.016+0000] {processor.py:766} INFO - DAG(s) dict_keys(['inside_group_dag']) retrieved from /opt/airflow/dags/inside_group_dag.py
[2024-03-08T16:48:22.037+0000] {logging_mixin.py:120} INFO - [2024-03-08T16:48:22.036+0000] {dag.py:2585} INFO - Sync 1 DAGs
[2024-03-08T16:48:22.050+0000] {logging_mixin.py:120} INFO - [2024-03-08T16:48:22.050+0000] {dag.py:3340} INFO - Setting next_dagrun for inside_group_dag to 2024-03-07T00:00:00+00:00, run_after=2024-03-08T00:00:00+00:00
[2024-03-08T16:48:22.059+0000] {processor.py:176} INFO - Processing /opt/airflow/dags/inside_group_dag.py took 0.057 seconds
[2024-03-08T16:48:52.835+0000] {processor.py:154} INFO - Started process (PID=1570) to work on /opt/airflow/dags/inside_group_dag.py
[2024-03-08T16:48:52.835+0000] {processor.py:756} INFO - Processing file /opt/airflow/dags/inside_group_dag.py for tasks to queue
[2024-03-08T16:48:52.836+0000] {logging_mixin.py:120} INFO - [2024-03-08T16:48:52.836+0000] {dagbag.py:537} INFO - Filling up the DagBag from /opt/airflow/dags/inside_group_dag.py
[2024-03-08T16:48:52.849+0000] {processor.py:766} INFO - DAG(s) dict_keys(['inside_group_dag']) retrieved from /opt/airflow/dags/inside_group_dag.py
[2024-03-08T16:48:52.882+0000] {logging_mixin.py:120} INFO - [2024-03-08T16:48:52.881+0000] {dag.py:2585} INFO - Sync 1 DAGs
[2024-03-08T16:48:52.899+0000] {logging_mixin.py:120} INFO - [2024-03-08T16:48:52.899+0000] {dag.py:3340} INFO - Setting next_dagrun for inside_group_dag to 2024-03-07T00:00:00+00:00, run_after=2024-03-08T00:00:00+00:00
[2024-03-08T16:48:52.911+0000] {processor.py:176} INFO - Processing /opt/airflow/dags/inside_group_dag.py took 0.079 seconds
[2024-03-08T16:49:24.117+0000] {processor.py:154} INFO - Started process (PID=1606) to work on /opt/airflow/dags/inside_group_dag.py
[2024-03-08T16:49:24.118+0000] {processor.py:756} INFO - Processing file /opt/airflow/dags/inside_group_dag.py for tasks to queue
[2024-03-08T16:49:24.119+0000] {logging_mixin.py:120} INFO - [2024-03-08T16:49:24.119+0000] {dagbag.py:537} INFO - Filling up the DagBag from /opt/airflow/dags/inside_group_dag.py
[2024-03-08T16:49:24.134+0000] {processor.py:766} INFO - DAG(s) dict_keys(['inside_group_dag']) retrieved from /opt/airflow/dags/inside_group_dag.py
[2024-03-08T16:49:24.164+0000] {logging_mixin.py:120} INFO - [2024-03-08T16:49:24.164+0000] {dag.py:2585} INFO - Sync 1 DAGs
[2024-03-08T16:49:24.182+0000] {logging_mixin.py:120} INFO - [2024-03-08T16:49:24.181+0000] {dag.py:3340} INFO - Setting next_dagrun for inside_group_dag to 2024-03-07T00:00:00+00:00, run_after=2024-03-08T00:00:00+00:00
[2024-03-08T16:49:24.196+0000] {processor.py:176} INFO - Processing /opt/airflow/dags/inside_group_dag.py took 0.081 seconds
[2024-03-08T16:49:55.270+0000] {processor.py:154} INFO - Started process (PID=1634) to work on /opt/airflow/dags/inside_group_dag.py
[2024-03-08T16:49:55.271+0000] {processor.py:756} INFO - Processing file /opt/airflow/dags/inside_group_dag.py for tasks to queue
[2024-03-08T16:49:55.271+0000] {logging_mixin.py:120} INFO - [2024-03-08T16:49:55.271+0000] {dagbag.py:537} INFO - Filling up the DagBag from /opt/airflow/dags/inside_group_dag.py
[2024-03-08T16:49:55.282+0000] {processor.py:766} INFO - DAG(s) dict_keys(['inside_group_dag']) retrieved from /opt/airflow/dags/inside_group_dag.py
[2024-03-08T16:49:55.304+0000] {logging_mixin.py:120} INFO - [2024-03-08T16:49:55.304+0000] {dag.py:2585} INFO - Sync 1 DAGs
[2024-03-08T16:49:55.318+0000] {logging_mixin.py:120} INFO - [2024-03-08T16:49:55.318+0000] {dag.py:3340} INFO - Setting next_dagrun for inside_group_dag to 2024-03-07T00:00:00+00:00, run_after=2024-03-08T00:00:00+00:00
[2024-03-08T16:49:55.327+0000] {processor.py:176} INFO - Processing /opt/airflow/dags/inside_group_dag.py took 0.059 seconds
[2024-03-08T16:50:26.290+0000] {processor.py:154} INFO - Started process (PID=1671) to work on /opt/airflow/dags/inside_group_dag.py
[2024-03-08T16:50:26.291+0000] {processor.py:756} INFO - Processing file /opt/airflow/dags/inside_group_dag.py for tasks to queue
[2024-03-08T16:50:26.291+0000] {logging_mixin.py:120} INFO - [2024-03-08T16:50:26.291+0000] {dagbag.py:537} INFO - Filling up the DagBag from /opt/airflow/dags/inside_group_dag.py
[2024-03-08T16:50:26.302+0000] {processor.py:766} INFO - DAG(s) dict_keys(['inside_group_dag']) retrieved from /opt/airflow/dags/inside_group_dag.py
[2024-03-08T16:50:26.323+0000] {logging_mixin.py:120} INFO - [2024-03-08T16:50:26.323+0000] {dag.py:2585} INFO - Sync 1 DAGs
[2024-03-08T16:50:26.337+0000] {logging_mixin.py:120} INFO - [2024-03-08T16:50:26.337+0000] {dag.py:3340} INFO - Setting next_dagrun for inside_group_dag to 2024-03-07T00:00:00+00:00, run_after=2024-03-08T00:00:00+00:00
[2024-03-08T16:50:26.347+0000] {processor.py:176} INFO - Processing /opt/airflow/dags/inside_group_dag.py took 0.059 seconds
[2024-03-08T16:50:57.106+0000] {processor.py:154} INFO - Started process (PID=1707) to work on /opt/airflow/dags/inside_group_dag.py
[2024-03-08T16:50:57.107+0000] {processor.py:756} INFO - Processing file /opt/airflow/dags/inside_group_dag.py for tasks to queue
[2024-03-08T16:50:57.107+0000] {logging_mixin.py:120} INFO - [2024-03-08T16:50:57.107+0000] {dagbag.py:537} INFO - Filling up the DagBag from /opt/airflow/dags/inside_group_dag.py
[2024-03-08T16:50:57.118+0000] {processor.py:766} INFO - DAG(s) dict_keys(['inside_group_dag']) retrieved from /opt/airflow/dags/inside_group_dag.py
[2024-03-08T16:50:57.142+0000] {logging_mixin.py:120} INFO - [2024-03-08T16:50:57.142+0000] {dag.py:2585} INFO - Sync 1 DAGs
[2024-03-08T16:50:57.159+0000] {logging_mixin.py:120} INFO - [2024-03-08T16:50:57.159+0000] {dag.py:3340} INFO - Setting next_dagrun for inside_group_dag to 2024-03-07T00:00:00+00:00, run_after=2024-03-08T00:00:00+00:00
[2024-03-08T16:50:57.169+0000] {processor.py:176} INFO - Processing /opt/airflow/dags/inside_group_dag.py took 0.065 seconds
[2024-03-08T16:51:28.037+0000] {processor.py:154} INFO - Started process (PID=1744) to work on /opt/airflow/dags/inside_group_dag.py
[2024-03-08T16:51:28.038+0000] {processor.py:756} INFO - Processing file /opt/airflow/dags/inside_group_dag.py for tasks to queue
[2024-03-08T16:51:28.038+0000] {logging_mixin.py:120} INFO - [2024-03-08T16:51:28.038+0000] {dagbag.py:537} INFO - Filling up the DagBag from /opt/airflow/dags/inside_group_dag.py
[2024-03-08T16:51:28.053+0000] {processor.py:766} INFO - DAG(s) dict_keys(['inside_group_dag']) retrieved from /opt/airflow/dags/inside_group_dag.py
[2024-03-08T16:51:28.081+0000] {logging_mixin.py:120} INFO - [2024-03-08T16:51:28.080+0000] {dag.py:2585} INFO - Sync 1 DAGs
[2024-03-08T16:51:28.111+0000] {logging_mixin.py:120} INFO - [2024-03-08T16:51:28.111+0000] {dag.py:3340} INFO - Setting next_dagrun for inside_group_dag to 2024-03-07T00:00:00+00:00, run_after=2024-03-08T00:00:00+00:00
[2024-03-08T16:51:28.128+0000] {processor.py:176} INFO - Processing /opt/airflow/dags/inside_group_dag.py took 0.093 seconds
[2024-03-08T16:51:59.009+0000] {processor.py:154} INFO - Started process (PID=1781) to work on /opt/airflow/dags/inside_group_dag.py
[2024-03-08T16:51:59.010+0000] {processor.py:756} INFO - Processing file /opt/airflow/dags/inside_group_dag.py for tasks to queue
[2024-03-08T16:51:59.011+0000] {logging_mixin.py:120} INFO - [2024-03-08T16:51:59.011+0000] {dagbag.py:537} INFO - Filling up the DagBag from /opt/airflow/dags/inside_group_dag.py
[2024-03-08T16:51:59.025+0000] {processor.py:766} INFO - DAG(s) dict_keys(['inside_group_dag']) retrieved from /opt/airflow/dags/inside_group_dag.py
[2024-03-08T16:51:59.057+0000] {logging_mixin.py:120} INFO - [2024-03-08T16:51:59.057+0000] {dag.py:2585} INFO - Sync 1 DAGs
[2024-03-08T16:51:59.083+0000] {logging_mixin.py:120} INFO - [2024-03-08T16:51:59.083+0000] {dag.py:3340} INFO - Setting next_dagrun for inside_group_dag to 2024-03-07T00:00:00+00:00, run_after=2024-03-08T00:00:00+00:00
[2024-03-08T16:51:59.106+0000] {processor.py:176} INFO - Processing /opt/airflow/dags/inside_group_dag.py took 0.098 seconds
[2024-03-08T16:52:29.962+0000] {processor.py:154} INFO - Started process (PID=1818) to work on /opt/airflow/dags/inside_group_dag.py
[2024-03-08T16:52:29.963+0000] {processor.py:756} INFO - Processing file /opt/airflow/dags/inside_group_dag.py for tasks to queue
[2024-03-08T16:52:29.963+0000] {logging_mixin.py:120} INFO - [2024-03-08T16:52:29.963+0000] {dagbag.py:537} INFO - Filling up the DagBag from /opt/airflow/dags/inside_group_dag.py
[2024-03-08T16:52:29.976+0000] {processor.py:766} INFO - DAG(s) dict_keys(['inside_group_dag']) retrieved from /opt/airflow/dags/inside_group_dag.py
[2024-03-08T16:52:29.999+0000] {logging_mixin.py:120} INFO - [2024-03-08T16:52:29.999+0000] {dag.py:2585} INFO - Sync 1 DAGs
[2024-03-08T16:52:30.013+0000] {logging_mixin.py:120} INFO - [2024-03-08T16:52:30.013+0000] {dag.py:3340} INFO - Setting next_dagrun for inside_group_dag to 2024-03-07T00:00:00+00:00, run_after=2024-03-08T00:00:00+00:00
[2024-03-08T16:52:30.023+0000] {processor.py:176} INFO - Processing /opt/airflow/dags/inside_group_dag.py took 0.063 seconds
[2024-03-08T16:53:01.209+0000] {processor.py:154} INFO - Started process (PID=1856) to work on /opt/airflow/dags/inside_group_dag.py
[2024-03-08T16:53:01.210+0000] {processor.py:756} INFO - Processing file /opt/airflow/dags/inside_group_dag.py for tasks to queue
[2024-03-08T16:53:01.211+0000] {logging_mixin.py:120} INFO - [2024-03-08T16:53:01.211+0000] {dagbag.py:537} INFO - Filling up the DagBag from /opt/airflow/dags/inside_group_dag.py
[2024-03-08T16:53:01.228+0000] {processor.py:766} INFO - DAG(s) dict_keys(['inside_group_dag']) retrieved from /opt/airflow/dags/inside_group_dag.py
[2024-03-08T16:53:01.259+0000] {logging_mixin.py:120} INFO - [2024-03-08T16:53:01.259+0000] {dag.py:2585} INFO - Sync 1 DAGs
[2024-03-08T16:53:01.276+0000] {logging_mixin.py:120} INFO - [2024-03-08T16:53:01.275+0000] {dag.py:3340} INFO - Setting next_dagrun for inside_group_dag to 2024-03-07T00:00:00+00:00, run_after=2024-03-08T00:00:00+00:00
[2024-03-08T16:53:01.301+0000] {processor.py:176} INFO - Processing /opt/airflow/dags/inside_group_dag.py took 0.094 seconds
[2024-03-08T16:53:32.404+0000] {processor.py:154} INFO - Started process (PID=1884) to work on /opt/airflow/dags/inside_group_dag.py
[2024-03-08T16:53:32.405+0000] {processor.py:756} INFO - Processing file /opt/airflow/dags/inside_group_dag.py for tasks to queue
[2024-03-08T16:53:32.405+0000] {logging_mixin.py:120} INFO - [2024-03-08T16:53:32.405+0000] {dagbag.py:537} INFO - Filling up the DagBag from /opt/airflow/dags/inside_group_dag.py
[2024-03-08T16:53:32.416+0000] {processor.py:766} INFO - DAG(s) dict_keys(['inside_group_dag']) retrieved from /opt/airflow/dags/inside_group_dag.py
[2024-03-08T16:53:32.439+0000] {logging_mixin.py:120} INFO - [2024-03-08T16:53:32.439+0000] {dag.py:2585} INFO - Sync 1 DAGs
[2024-03-08T16:53:32.453+0000] {logging_mixin.py:120} INFO - [2024-03-08T16:53:32.453+0000] {dag.py:3340} INFO - Setting next_dagrun for inside_group_dag to 2024-03-07T00:00:00+00:00, run_after=2024-03-08T00:00:00+00:00
[2024-03-08T16:53:32.463+0000] {processor.py:176} INFO - Processing /opt/airflow/dags/inside_group_dag.py took 0.060 seconds
[2024-03-08T16:54:03.362+0000] {processor.py:154} INFO - Started process (PID=1921) to work on /opt/airflow/dags/inside_group_dag.py
[2024-03-08T16:54:03.363+0000] {processor.py:756} INFO - Processing file /opt/airflow/dags/inside_group_dag.py for tasks to queue
[2024-03-08T16:54:03.363+0000] {logging_mixin.py:120} INFO - [2024-03-08T16:54:03.363+0000] {dagbag.py:537} INFO - Filling up the DagBag from /opt/airflow/dags/inside_group_dag.py
[2024-03-08T16:54:03.375+0000] {processor.py:766} INFO - DAG(s) dict_keys(['inside_group_dag']) retrieved from /opt/airflow/dags/inside_group_dag.py
[2024-03-08T16:54:03.396+0000] {logging_mixin.py:120} INFO - [2024-03-08T16:54:03.395+0000] {dag.py:2585} INFO - Sync 1 DAGs
[2024-03-08T16:54:03.411+0000] {logging_mixin.py:120} INFO - [2024-03-08T16:54:03.411+0000] {dag.py:3340} INFO - Setting next_dagrun for inside_group_dag to 2024-03-07T00:00:00+00:00, run_after=2024-03-08T00:00:00+00:00
[2024-03-08T16:54:03.420+0000] {processor.py:176} INFO - Processing /opt/airflow/dags/inside_group_dag.py took 0.060 seconds
[2024-03-08T16:54:34.329+0000] {processor.py:154} INFO - Started process (PID=1958) to work on /opt/airflow/dags/inside_group_dag.py
[2024-03-08T16:54:34.330+0000] {processor.py:756} INFO - Processing file /opt/airflow/dags/inside_group_dag.py for tasks to queue
[2024-03-08T16:54:34.330+0000] {logging_mixin.py:120} INFO - [2024-03-08T16:54:34.330+0000] {dagbag.py:537} INFO - Filling up the DagBag from /opt/airflow/dags/inside_group_dag.py
[2024-03-08T16:54:34.342+0000] {processor.py:766} INFO - DAG(s) dict_keys(['inside_group_dag']) retrieved from /opt/airflow/dags/inside_group_dag.py
[2024-03-08T16:54:34.365+0000] {logging_mixin.py:120} INFO - [2024-03-08T16:54:34.365+0000] {dag.py:2585} INFO - Sync 1 DAGs
[2024-03-08T16:54:34.378+0000] {logging_mixin.py:120} INFO - [2024-03-08T16:54:34.378+0000] {dag.py:3340} INFO - Setting next_dagrun for inside_group_dag to 2024-03-07T00:00:00+00:00, run_after=2024-03-08T00:00:00+00:00
[2024-03-08T16:54:34.387+0000] {processor.py:176} INFO - Processing /opt/airflow/dags/inside_group_dag.py took 0.061 seconds
[2024-03-08T16:55:05.369+0000] {processor.py:154} INFO - Started process (PID=1995) to work on /opt/airflow/dags/inside_group_dag.py
[2024-03-08T16:55:05.370+0000] {processor.py:756} INFO - Processing file /opt/airflow/dags/inside_group_dag.py for tasks to queue
[2024-03-08T16:55:05.370+0000] {logging_mixin.py:120} INFO - [2024-03-08T16:55:05.370+0000] {dagbag.py:537} INFO - Filling up the DagBag from /opt/airflow/dags/inside_group_dag.py
[2024-03-08T16:55:05.384+0000] {processor.py:766} INFO - DAG(s) dict_keys(['inside_group_dag']) retrieved from /opt/airflow/dags/inside_group_dag.py
[2024-03-08T16:55:05.418+0000] {logging_mixin.py:120} INFO - [2024-03-08T16:55:05.418+0000] {dag.py:2585} INFO - Sync 1 DAGs
[2024-03-08T16:55:05.437+0000] {logging_mixin.py:120} INFO - [2024-03-08T16:55:05.437+0000] {dag.py:3340} INFO - Setting next_dagrun for inside_group_dag to 2024-03-07T00:00:00+00:00, run_after=2024-03-08T00:00:00+00:00
[2024-03-08T16:55:05.449+0000] {processor.py:176} INFO - Processing /opt/airflow/dags/inside_group_dag.py took 0.082 seconds
[2024-03-08T16:55:36.423+0000] {processor.py:154} INFO - Started process (PID=2032) to work on /opt/airflow/dags/inside_group_dag.py
[2024-03-08T16:55:36.424+0000] {processor.py:756} INFO - Processing file /opt/airflow/dags/inside_group_dag.py for tasks to queue
[2024-03-08T16:55:36.424+0000] {logging_mixin.py:120} INFO - [2024-03-08T16:55:36.424+0000] {dagbag.py:537} INFO - Filling up the DagBag from /opt/airflow/dags/inside_group_dag.py
[2024-03-08T16:55:36.436+0000] {processor.py:766} INFO - DAG(s) dict_keys(['inside_group_dag']) retrieved from /opt/airflow/dags/inside_group_dag.py
[2024-03-08T16:55:36.458+0000] {logging_mixin.py:120} INFO - [2024-03-08T16:55:36.458+0000] {dag.py:2585} INFO - Sync 1 DAGs
[2024-03-08T16:55:36.479+0000] {logging_mixin.py:120} INFO - [2024-03-08T16:55:36.478+0000] {dag.py:3340} INFO - Setting next_dagrun for inside_group_dag to 2024-03-07T00:00:00+00:00, run_after=2024-03-08T00:00:00+00:00
[2024-03-08T16:55:36.489+0000] {processor.py:176} INFO - Processing /opt/airflow/dags/inside_group_dag.py took 0.068 seconds
[2024-03-08T16:56:07.343+0000] {processor.py:154} INFO - Started process (PID=2069) to work on /opt/airflow/dags/inside_group_dag.py
[2024-03-08T16:56:07.344+0000] {processor.py:756} INFO - Processing file /opt/airflow/dags/inside_group_dag.py for tasks to queue
[2024-03-08T16:56:07.344+0000] {logging_mixin.py:120} INFO - [2024-03-08T16:56:07.344+0000] {dagbag.py:537} INFO - Filling up the DagBag from /opt/airflow/dags/inside_group_dag.py
[2024-03-08T16:56:07.356+0000] {processor.py:766} INFO - DAG(s) dict_keys(['inside_group_dag']) retrieved from /opt/airflow/dags/inside_group_dag.py
[2024-03-08T16:56:07.376+0000] {logging_mixin.py:120} INFO - [2024-03-08T16:56:07.376+0000] {dag.py:2585} INFO - Sync 1 DAGs
[2024-03-08T16:56:07.390+0000] {logging_mixin.py:120} INFO - [2024-03-08T16:56:07.390+0000] {dag.py:3340} INFO - Setting next_dagrun for inside_group_dag to 2024-03-07T00:00:00+00:00, run_after=2024-03-08T00:00:00+00:00
[2024-03-08T16:56:07.400+0000] {processor.py:176} INFO - Processing /opt/airflow/dags/inside_group_dag.py took 0.058 seconds
[2024-03-08T16:56:38.203+0000] {processor.py:154} INFO - Started process (PID=2106) to work on /opt/airflow/dags/inside_group_dag.py
[2024-03-08T16:56:38.204+0000] {processor.py:756} INFO - Processing file /opt/airflow/dags/inside_group_dag.py for tasks to queue
[2024-03-08T16:56:38.204+0000] {logging_mixin.py:120} INFO - [2024-03-08T16:56:38.204+0000] {dagbag.py:537} INFO - Filling up the DagBag from /opt/airflow/dags/inside_group_dag.py
[2024-03-08T16:56:38.217+0000] {processor.py:766} INFO - DAG(s) dict_keys(['inside_group_dag']) retrieved from /opt/airflow/dags/inside_group_dag.py
[2024-03-08T16:56:38.239+0000] {logging_mixin.py:120} INFO - [2024-03-08T16:56:38.239+0000] {dag.py:2585} INFO - Sync 1 DAGs
[2024-03-08T16:56:38.254+0000] {logging_mixin.py:120} INFO - [2024-03-08T16:56:38.254+0000] {dag.py:3340} INFO - Setting next_dagrun for inside_group_dag to 2024-03-07T00:00:00+00:00, run_after=2024-03-08T00:00:00+00:00
[2024-03-08T16:56:38.265+0000] {processor.py:176} INFO - Processing /opt/airflow/dags/inside_group_dag.py took 0.064 seconds
[2024-03-08T16:57:09.068+0000] {processor.py:154} INFO - Started process (PID=2134) to work on /opt/airflow/dags/inside_group_dag.py
[2024-03-08T16:57:09.068+0000] {processor.py:756} INFO - Processing file /opt/airflow/dags/inside_group_dag.py for tasks to queue
[2024-03-08T16:57:09.069+0000] {logging_mixin.py:120} INFO - [2024-03-08T16:57:09.069+0000] {dagbag.py:537} INFO - Filling up the DagBag from /opt/airflow/dags/inside_group_dag.py
[2024-03-08T16:57:09.079+0000] {processor.py:766} INFO - DAG(s) dict_keys(['inside_group_dag']) retrieved from /opt/airflow/dags/inside_group_dag.py
[2024-03-08T16:57:09.102+0000] {logging_mixin.py:120} INFO - [2024-03-08T16:57:09.102+0000] {dag.py:2585} INFO - Sync 1 DAGs
[2024-03-08T16:57:09.117+0000] {logging_mixin.py:120} INFO - [2024-03-08T16:57:09.117+0000] {dag.py:3340} INFO - Setting next_dagrun for inside_group_dag to 2024-03-07T00:00:00+00:00, run_after=2024-03-08T00:00:00+00:00
[2024-03-08T16:57:09.126+0000] {processor.py:176} INFO - Processing /opt/airflow/dags/inside_group_dag.py took 0.059 seconds
[2024-03-08T16:57:39.869+0000] {processor.py:154} INFO - Started process (PID=2171) to work on /opt/airflow/dags/inside_group_dag.py
[2024-03-08T16:57:39.870+0000] {processor.py:756} INFO - Processing file /opt/airflow/dags/inside_group_dag.py for tasks to queue
[2024-03-08T16:57:39.870+0000] {logging_mixin.py:120} INFO - [2024-03-08T16:57:39.870+0000] {dagbag.py:537} INFO - Filling up the DagBag from /opt/airflow/dags/inside_group_dag.py
[2024-03-08T16:57:39.880+0000] {processor.py:766} INFO - DAG(s) dict_keys(['inside_group_dag']) retrieved from /opt/airflow/dags/inside_group_dag.py
[2024-03-08T16:57:39.901+0000] {logging_mixin.py:120} INFO - [2024-03-08T16:57:39.901+0000] {dag.py:2585} INFO - Sync 1 DAGs
[2024-03-08T16:57:39.916+0000] {logging_mixin.py:120} INFO - [2024-03-08T16:57:39.916+0000] {dag.py:3340} INFO - Setting next_dagrun for inside_group_dag to 2024-03-07T00:00:00+00:00, run_after=2024-03-08T00:00:00+00:00
[2024-03-08T16:57:39.927+0000] {processor.py:176} INFO - Processing /opt/airflow/dags/inside_group_dag.py took 0.060 seconds
[2024-03-08T16:58:10.566+0000] {processor.py:154} INFO - Started process (PID=2208) to work on /opt/airflow/dags/inside_group_dag.py
[2024-03-08T16:58:10.567+0000] {processor.py:756} INFO - Processing file /opt/airflow/dags/inside_group_dag.py for tasks to queue
[2024-03-08T16:58:10.567+0000] {logging_mixin.py:120} INFO - [2024-03-08T16:58:10.567+0000] {dagbag.py:537} INFO - Filling up the DagBag from /opt/airflow/dags/inside_group_dag.py
[2024-03-08T16:58:10.577+0000] {processor.py:766} INFO - DAG(s) dict_keys(['inside_group_dag']) retrieved from /opt/airflow/dags/inside_group_dag.py
[2024-03-08T16:58:10.599+0000] {logging_mixin.py:120} INFO - [2024-03-08T16:58:10.599+0000] {dag.py:2585} INFO - Sync 1 DAGs
[2024-03-08T16:58:10.614+0000] {logging_mixin.py:120} INFO - [2024-03-08T16:58:10.614+0000] {dag.py:3340} INFO - Setting next_dagrun for inside_group_dag to 2024-03-07T00:00:00+00:00, run_after=2024-03-08T00:00:00+00:00
[2024-03-08T16:58:10.627+0000] {processor.py:176} INFO - Processing /opt/airflow/dags/inside_group_dag.py took 0.062 seconds
[2024-03-08T16:58:41.379+0000] {processor.py:154} INFO - Started process (PID=2245) to work on /opt/airflow/dags/inside_group_dag.py
[2024-03-08T16:58:41.379+0000] {processor.py:756} INFO - Processing file /opt/airflow/dags/inside_group_dag.py for tasks to queue
[2024-03-08T16:58:41.380+0000] {logging_mixin.py:120} INFO - [2024-03-08T16:58:41.380+0000] {dagbag.py:537} INFO - Filling up the DagBag from /opt/airflow/dags/inside_group_dag.py
[2024-03-08T16:58:41.389+0000] {processor.py:766} INFO - DAG(s) dict_keys(['inside_group_dag']) retrieved from /opt/airflow/dags/inside_group_dag.py
[2024-03-08T16:58:41.410+0000] {logging_mixin.py:120} INFO - [2024-03-08T16:58:41.410+0000] {dag.py:2585} INFO - Sync 1 DAGs
[2024-03-08T16:58:41.423+0000] {logging_mixin.py:120} INFO - [2024-03-08T16:58:41.423+0000] {dag.py:3340} INFO - Setting next_dagrun for inside_group_dag to 2024-03-07T00:00:00+00:00, run_after=2024-03-08T00:00:00+00:00
[2024-03-08T16:58:41.432+0000] {processor.py:176} INFO - Processing /opt/airflow/dags/inside_group_dag.py took 0.055 seconds
[2024-03-08T16:59:12.098+0000] {processor.py:154} INFO - Started process (PID=2282) to work on /opt/airflow/dags/inside_group_dag.py
[2024-03-08T16:59:12.099+0000] {processor.py:756} INFO - Processing file /opt/airflow/dags/inside_group_dag.py for tasks to queue
[2024-03-08T16:59:12.099+0000] {logging_mixin.py:120} INFO - [2024-03-08T16:59:12.099+0000] {dagbag.py:537} INFO - Filling up the DagBag from /opt/airflow/dags/inside_group_dag.py
[2024-03-08T16:59:12.109+0000] {processor.py:766} INFO - DAG(s) dict_keys(['inside_group_dag']) retrieved from /opt/airflow/dags/inside_group_dag.py
[2024-03-08T16:59:12.129+0000] {logging_mixin.py:120} INFO - [2024-03-08T16:59:12.129+0000] {dag.py:2585} INFO - Sync 1 DAGs
[2024-03-08T16:59:12.143+0000] {logging_mixin.py:120} INFO - [2024-03-08T16:59:12.143+0000] {dag.py:3340} INFO - Setting next_dagrun for inside_group_dag to 2024-03-07T00:00:00+00:00, run_after=2024-03-08T00:00:00+00:00
[2024-03-08T16:59:12.152+0000] {processor.py:176} INFO - Processing /opt/airflow/dags/inside_group_dag.py took 0.056 seconds
[2024-03-08T16:59:42.819+0000] {processor.py:154} INFO - Started process (PID=2318) to work on /opt/airflow/dags/inside_group_dag.py
[2024-03-08T16:59:42.819+0000] {processor.py:756} INFO - Processing file /opt/airflow/dags/inside_group_dag.py for tasks to queue
[2024-03-08T16:59:42.820+0000] {logging_mixin.py:120} INFO - [2024-03-08T16:59:42.820+0000] {dagbag.py:537} INFO - Filling up the DagBag from /opt/airflow/dags/inside_group_dag.py
[2024-03-08T16:59:42.829+0000] {processor.py:766} INFO - DAG(s) dict_keys(['inside_group_dag']) retrieved from /opt/airflow/dags/inside_group_dag.py
[2024-03-08T16:59:42.851+0000] {logging_mixin.py:120} INFO - [2024-03-08T16:59:42.851+0000] {dag.py:2585} INFO - Sync 1 DAGs
[2024-03-08T16:59:42.865+0000] {logging_mixin.py:120} INFO - [2024-03-08T16:59:42.865+0000] {dag.py:3340} INFO - Setting next_dagrun for inside_group_dag to 2024-03-07T00:00:00+00:00, run_after=2024-03-08T00:00:00+00:00
[2024-03-08T16:59:42.874+0000] {processor.py:176} INFO - Processing /opt/airflow/dags/inside_group_dag.py took 0.057 seconds
[2024-03-08T17:00:13.544+0000] {processor.py:154} INFO - Started process (PID=2355) to work on /opt/airflow/dags/inside_group_dag.py
[2024-03-08T17:00:13.545+0000] {processor.py:756} INFO - Processing file /opt/airflow/dags/inside_group_dag.py for tasks to queue
[2024-03-08T17:00:13.545+0000] {logging_mixin.py:120} INFO - [2024-03-08T17:00:13.545+0000] {dagbag.py:537} INFO - Filling up the DagBag from /opt/airflow/dags/inside_group_dag.py
[2024-03-08T17:00:13.555+0000] {processor.py:766} INFO - DAG(s) dict_keys(['inside_group_dag']) retrieved from /opt/airflow/dags/inside_group_dag.py
[2024-03-08T17:00:13.576+0000] {logging_mixin.py:120} INFO - [2024-03-08T17:00:13.576+0000] {dag.py:2585} INFO - Sync 1 DAGs
[2024-03-08T17:00:13.591+0000] {logging_mixin.py:120} INFO - [2024-03-08T17:00:13.591+0000] {dag.py:3340} INFO - Setting next_dagrun for inside_group_dag to 2024-03-07T00:00:00+00:00, run_after=2024-03-08T00:00:00+00:00
[2024-03-08T17:00:13.602+0000] {processor.py:176} INFO - Processing /opt/airflow/dags/inside_group_dag.py took 0.059 seconds
[2024-03-08T17:00:44.462+0000] {processor.py:154} INFO - Started process (PID=2391) to work on /opt/airflow/dags/inside_group_dag.py
[2024-03-08T17:00:44.463+0000] {processor.py:756} INFO - Processing file /opt/airflow/dags/inside_group_dag.py for tasks to queue
[2024-03-08T17:00:44.463+0000] {logging_mixin.py:120} INFO - [2024-03-08T17:00:44.463+0000] {dagbag.py:537} INFO - Filling up the DagBag from /opt/airflow/dags/inside_group_dag.py
[2024-03-08T17:00:44.475+0000] {processor.py:766} INFO - DAG(s) dict_keys(['inside_group_dag']) retrieved from /opt/airflow/dags/inside_group_dag.py
[2024-03-08T17:00:44.503+0000] {logging_mixin.py:120} INFO - [2024-03-08T17:00:44.503+0000] {dag.py:2585} INFO - Sync 1 DAGs
[2024-03-08T17:00:44.599+0000] {logging_mixin.py:120} INFO - [2024-03-08T17:00:44.598+0000] {dag.py:3340} INFO - Setting next_dagrun for inside_group_dag to 2024-03-07T00:00:00+00:00, run_after=2024-03-08T00:00:00+00:00
[2024-03-08T17:00:44.624+0000] {processor.py:176} INFO - Processing /opt/airflow/dags/inside_group_dag.py took 0.164 seconds
[2024-03-08T17:01:15.506+0000] {processor.py:154} INFO - Started process (PID=2420) to work on /opt/airflow/dags/inside_group_dag.py
[2024-03-08T17:01:15.506+0000] {processor.py:756} INFO - Processing file /opt/airflow/dags/inside_group_dag.py for tasks to queue
[2024-03-08T17:01:15.507+0000] {logging_mixin.py:120} INFO - [2024-03-08T17:01:15.507+0000] {dagbag.py:537} INFO - Filling up the DagBag from /opt/airflow/dags/inside_group_dag.py
[2024-03-08T17:01:15.517+0000] {processor.py:766} INFO - DAG(s) dict_keys(['inside_group_dag']) retrieved from /opt/airflow/dags/inside_group_dag.py
[2024-03-08T17:01:15.542+0000] {logging_mixin.py:120} INFO - [2024-03-08T17:01:15.542+0000] {dag.py:2585} INFO - Sync 1 DAGs
[2024-03-08T17:01:15.566+0000] {logging_mixin.py:120} INFO - [2024-03-08T17:01:15.565+0000] {dag.py:3340} INFO - Setting next_dagrun for inside_group_dag to 2024-03-07T00:00:00+00:00, run_after=2024-03-08T00:00:00+00:00
[2024-03-08T17:01:15.576+0000] {processor.py:176} INFO - Processing /opt/airflow/dags/inside_group_dag.py took 0.072 seconds
[2024-03-08T17:01:46.260+0000] {processor.py:154} INFO - Started process (PID=2457) to work on /opt/airflow/dags/inside_group_dag.py
[2024-03-08T17:01:46.260+0000] {processor.py:756} INFO - Processing file /opt/airflow/dags/inside_group_dag.py for tasks to queue
[2024-03-08T17:01:46.261+0000] {logging_mixin.py:120} INFO - [2024-03-08T17:01:46.261+0000] {dagbag.py:537} INFO - Filling up the DagBag from /opt/airflow/dags/inside_group_dag.py
[2024-03-08T17:01:46.271+0000] {processor.py:766} INFO - DAG(s) dict_keys(['inside_group_dag']) retrieved from /opt/airflow/dags/inside_group_dag.py
[2024-03-08T17:01:46.291+0000] {logging_mixin.py:120} INFO - [2024-03-08T17:01:46.291+0000] {dag.py:2585} INFO - Sync 1 DAGs
[2024-03-08T17:01:46.304+0000] {logging_mixin.py:120} INFO - [2024-03-08T17:01:46.304+0000] {dag.py:3340} INFO - Setting next_dagrun for inside_group_dag to 2024-03-07T00:00:00+00:00, run_after=2024-03-08T00:00:00+00:00
[2024-03-08T17:01:46.313+0000] {processor.py:176} INFO - Processing /opt/airflow/dags/inside_group_dag.py took 0.055 seconds
[2024-03-08T17:02:17.125+0000] {processor.py:154} INFO - Started process (PID=2494) to work on /opt/airflow/dags/inside_group_dag.py
[2024-03-08T17:02:17.125+0000] {processor.py:756} INFO - Processing file /opt/airflow/dags/inside_group_dag.py for tasks to queue
[2024-03-08T17:02:17.126+0000] {logging_mixin.py:120} INFO - [2024-03-08T17:02:17.125+0000] {dagbag.py:537} INFO - Filling up the DagBag from /opt/airflow/dags/inside_group_dag.py
[2024-03-08T17:02:17.136+0000] {processor.py:766} INFO - DAG(s) dict_keys(['inside_group_dag']) retrieved from /opt/airflow/dags/inside_group_dag.py
[2024-03-08T17:02:17.157+0000] {logging_mixin.py:120} INFO - [2024-03-08T17:02:17.157+0000] {dag.py:2585} INFO - Sync 1 DAGs
[2024-03-08T17:02:17.170+0000] {logging_mixin.py:120} INFO - [2024-03-08T17:02:17.170+0000] {dag.py:3340} INFO - Setting next_dagrun for inside_group_dag to 2024-03-07T00:00:00+00:00, run_after=2024-03-08T00:00:00+00:00
[2024-03-08T17:02:17.179+0000] {processor.py:176} INFO - Processing /opt/airflow/dags/inside_group_dag.py took 0.056 seconds
[2024-03-08T17:02:47.906+0000] {processor.py:154} INFO - Started process (PID=2531) to work on /opt/airflow/dags/inside_group_dag.py
[2024-03-08T17:02:47.906+0000] {processor.py:756} INFO - Processing file /opt/airflow/dags/inside_group_dag.py for tasks to queue
[2024-03-08T17:02:47.907+0000] {logging_mixin.py:120} INFO - [2024-03-08T17:02:47.906+0000] {dagbag.py:537} INFO - Filling up the DagBag from /opt/airflow/dags/inside_group_dag.py
[2024-03-08T17:02:47.917+0000] {processor.py:766} INFO - DAG(s) dict_keys(['inside_group_dag']) retrieved from /opt/airflow/dags/inside_group_dag.py
[2024-03-08T17:02:47.936+0000] {logging_mixin.py:120} INFO - [2024-03-08T17:02:47.936+0000] {dag.py:2585} INFO - Sync 1 DAGs
[2024-03-08T17:02:47.950+0000] {logging_mixin.py:120} INFO - [2024-03-08T17:02:47.950+0000] {dag.py:3340} INFO - Setting next_dagrun for inside_group_dag to 2024-03-07T00:00:00+00:00, run_after=2024-03-08T00:00:00+00:00
[2024-03-08T17:02:47.959+0000] {processor.py:176} INFO - Processing /opt/airflow/dags/inside_group_dag.py took 0.055 seconds
[2024-03-08T17:03:18.709+0000] {processor.py:154} INFO - Started process (PID=2568) to work on /opt/airflow/dags/inside_group_dag.py
[2024-03-08T17:03:18.710+0000] {processor.py:756} INFO - Processing file /opt/airflow/dags/inside_group_dag.py for tasks to queue
[2024-03-08T17:03:18.710+0000] {logging_mixin.py:120} INFO - [2024-03-08T17:03:18.710+0000] {dagbag.py:537} INFO - Filling up the DagBag from /opt/airflow/dags/inside_group_dag.py
[2024-03-08T17:03:18.722+0000] {processor.py:766} INFO - DAG(s) dict_keys(['inside_group_dag']) retrieved from /opt/airflow/dags/inside_group_dag.py
[2024-03-08T17:03:18.745+0000] {logging_mixin.py:120} INFO - [2024-03-08T17:03:18.745+0000] {dag.py:2585} INFO - Sync 1 DAGs
[2024-03-08T17:03:18.775+0000] {logging_mixin.py:120} INFO - [2024-03-08T17:03:18.775+0000] {dag.py:3340} INFO - Setting next_dagrun for inside_group_dag to 2024-03-07T00:00:00+00:00, run_after=2024-03-08T00:00:00+00:00
[2024-03-08T17:03:18.788+0000] {processor.py:176} INFO - Processing /opt/airflow/dags/inside_group_dag.py took 0.081 seconds
[2024-03-08T17:03:49.575+0000] {processor.py:154} INFO - Started process (PID=2605) to work on /opt/airflow/dags/inside_group_dag.py
[2024-03-08T17:03:49.576+0000] {processor.py:756} INFO - Processing file /opt/airflow/dags/inside_group_dag.py for tasks to queue
[2024-03-08T17:03:49.576+0000] {logging_mixin.py:120} INFO - [2024-03-08T17:03:49.576+0000] {dagbag.py:537} INFO - Filling up the DagBag from /opt/airflow/dags/inside_group_dag.py
[2024-03-08T17:03:49.590+0000] {processor.py:766} INFO - DAG(s) dict_keys(['inside_group_dag']) retrieved from /opt/airflow/dags/inside_group_dag.py
[2024-03-08T17:03:49.620+0000] {logging_mixin.py:120} INFO - [2024-03-08T17:03:49.620+0000] {dag.py:2585} INFO - Sync 1 DAGs
[2024-03-08T17:03:49.643+0000] {logging_mixin.py:120} INFO - [2024-03-08T17:03:49.643+0000] {dag.py:3340} INFO - Setting next_dagrun for inside_group_dag to 2024-03-07T00:00:00+00:00, run_after=2024-03-08T00:00:00+00:00
[2024-03-08T17:03:49.656+0000] {processor.py:176} INFO - Processing /opt/airflow/dags/inside_group_dag.py took 0.083 seconds
[2024-03-08T17:04:20.409+0000] {processor.py:154} INFO - Started process (PID=2641) to work on /opt/airflow/dags/inside_group_dag.py
[2024-03-08T17:04:20.410+0000] {processor.py:756} INFO - Processing file /opt/airflow/dags/inside_group_dag.py for tasks to queue
[2024-03-08T17:04:20.410+0000] {logging_mixin.py:120} INFO - [2024-03-08T17:04:20.410+0000] {dagbag.py:537} INFO - Filling up the DagBag from /opt/airflow/dags/inside_group_dag.py
[2024-03-08T17:04:20.420+0000] {processor.py:766} INFO - DAG(s) dict_keys(['inside_group_dag']) retrieved from /opt/airflow/dags/inside_group_dag.py
[2024-03-08T17:04:20.439+0000] {logging_mixin.py:120} INFO - [2024-03-08T17:04:20.439+0000] {dag.py:2585} INFO - Sync 1 DAGs
[2024-03-08T17:04:20.453+0000] {logging_mixin.py:120} INFO - [2024-03-08T17:04:20.453+0000] {dag.py:3340} INFO - Setting next_dagrun for inside_group_dag to 2024-03-07T00:00:00+00:00, run_after=2024-03-08T00:00:00+00:00
[2024-03-08T17:04:20.462+0000] {processor.py:176} INFO - Processing /opt/airflow/dags/inside_group_dag.py took 0.054 seconds
[2024-03-08T17:04:51.200+0000] {processor.py:154} INFO - Started process (PID=2676) to work on /opt/airflow/dags/inside_group_dag.py
[2024-03-08T17:04:51.203+0000] {processor.py:756} INFO - Processing file /opt/airflow/dags/inside_group_dag.py for tasks to queue
[2024-03-08T17:04:51.204+0000] {logging_mixin.py:120} INFO - [2024-03-08T17:04:51.204+0000] {dagbag.py:537} INFO - Filling up the DagBag from /opt/airflow/dags/inside_group_dag.py
[2024-03-08T17:04:51.217+0000] {processor.py:766} INFO - DAG(s) dict_keys(['inside_group_dag']) retrieved from /opt/airflow/dags/inside_group_dag.py
[2024-03-08T17:04:51.239+0000] {logging_mixin.py:120} INFO - [2024-03-08T17:04:51.239+0000] {dag.py:2585} INFO - Sync 1 DAGs
[2024-03-08T17:04:51.254+0000] {logging_mixin.py:120} INFO - [2024-03-08T17:04:51.254+0000] {dag.py:3340} INFO - Setting next_dagrun for inside_group_dag to 2024-03-07T00:00:00+00:00, run_after=2024-03-08T00:00:00+00:00
[2024-03-08T17:04:51.265+0000] {processor.py:176} INFO - Processing /opt/airflow/dags/inside_group_dag.py took 0.067 seconds
[2024-03-08T17:05:21.991+0000] {processor.py:154} INFO - Started process (PID=2705) to work on /opt/airflow/dags/inside_group_dag.py
[2024-03-08T17:05:21.992+0000] {processor.py:756} INFO - Processing file /opt/airflow/dags/inside_group_dag.py for tasks to queue
[2024-03-08T17:05:21.992+0000] {logging_mixin.py:120} INFO - [2024-03-08T17:05:21.992+0000] {dagbag.py:537} INFO - Filling up the DagBag from /opt/airflow/dags/inside_group_dag.py
[2024-03-08T17:05:22.002+0000] {processor.py:766} INFO - DAG(s) dict_keys(['inside_group_dag']) retrieved from /opt/airflow/dags/inside_group_dag.py
[2024-03-08T17:05:22.024+0000] {logging_mixin.py:120} INFO - [2024-03-08T17:05:22.024+0000] {dag.py:2585} INFO - Sync 1 DAGs
[2024-03-08T17:05:22.040+0000] {logging_mixin.py:120} INFO - [2024-03-08T17:05:22.040+0000] {dag.py:3340} INFO - Setting next_dagrun for inside_group_dag to 2024-03-07T00:00:00+00:00, run_after=2024-03-08T00:00:00+00:00
[2024-03-08T17:05:22.049+0000] {processor.py:176} INFO - Processing /opt/airflow/dags/inside_group_dag.py took 0.060 seconds
[2024-03-08T17:05:52.801+0000] {processor.py:154} INFO - Started process (PID=2742) to work on /opt/airflow/dags/inside_group_dag.py
[2024-03-08T17:05:52.801+0000] {processor.py:756} INFO - Processing file /opt/airflow/dags/inside_group_dag.py for tasks to queue
[2024-03-08T17:05:52.802+0000] {logging_mixin.py:120} INFO - [2024-03-08T17:05:52.802+0000] {dagbag.py:537} INFO - Filling up the DagBag from /opt/airflow/dags/inside_group_dag.py
[2024-03-08T17:05:52.812+0000] {processor.py:766} INFO - DAG(s) dict_keys(['inside_group_dag']) retrieved from /opt/airflow/dags/inside_group_dag.py
[2024-03-08T17:05:52.832+0000] {logging_mixin.py:120} INFO - [2024-03-08T17:05:52.832+0000] {dag.py:2585} INFO - Sync 1 DAGs
[2024-03-08T17:05:52.848+0000] {logging_mixin.py:120} INFO - [2024-03-08T17:05:52.848+0000] {dag.py:3340} INFO - Setting next_dagrun for inside_group_dag to 2024-03-07T00:00:00+00:00, run_after=2024-03-08T00:00:00+00:00
[2024-03-08T17:05:52.857+0000] {processor.py:176} INFO - Processing /opt/airflow/dags/inside_group_dag.py took 0.057 seconds
[2024-03-08T17:06:23.590+0000] {processor.py:154} INFO - Started process (PID=2778) to work on /opt/airflow/dags/inside_group_dag.py
[2024-03-08T17:06:23.590+0000] {processor.py:756} INFO - Processing file /opt/airflow/dags/inside_group_dag.py for tasks to queue
[2024-03-08T17:06:23.591+0000] {logging_mixin.py:120} INFO - [2024-03-08T17:06:23.591+0000] {dagbag.py:537} INFO - Filling up the DagBag from /opt/airflow/dags/inside_group_dag.py
[2024-03-08T17:06:23.601+0000] {processor.py:766} INFO - DAG(s) dict_keys(['inside_group_dag']) retrieved from /opt/airflow/dags/inside_group_dag.py
[2024-03-08T17:06:23.623+0000] {logging_mixin.py:120} INFO - [2024-03-08T17:06:23.623+0000] {dag.py:2585} INFO - Sync 1 DAGs
[2024-03-08T17:06:23.639+0000] {logging_mixin.py:120} INFO - [2024-03-08T17:06:23.638+0000] {dag.py:3340} INFO - Setting next_dagrun for inside_group_dag to 2024-03-07T00:00:00+00:00, run_after=2024-03-08T00:00:00+00:00
[2024-03-08T17:06:23.658+0000] {processor.py:176} INFO - Processing /opt/airflow/dags/inside_group_dag.py took 0.070 seconds
[2024-03-08T17:06:54.499+0000] {processor.py:154} INFO - Started process (PID=2815) to work on /opt/airflow/dags/inside_group_dag.py
[2024-03-08T17:06:54.499+0000] {processor.py:756} INFO - Processing file /opt/airflow/dags/inside_group_dag.py for tasks to queue
[2024-03-08T17:06:54.500+0000] {logging_mixin.py:120} INFO - [2024-03-08T17:06:54.500+0000] {dagbag.py:537} INFO - Filling up the DagBag from /opt/airflow/dags/inside_group_dag.py
[2024-03-08T17:06:54.511+0000] {processor.py:766} INFO - DAG(s) dict_keys(['inside_group_dag']) retrieved from /opt/airflow/dags/inside_group_dag.py
[2024-03-08T17:06:54.534+0000] {logging_mixin.py:120} INFO - [2024-03-08T17:06:54.534+0000] {dag.py:2585} INFO - Sync 1 DAGs
[2024-03-08T17:06:54.549+0000] {logging_mixin.py:120} INFO - [2024-03-08T17:06:54.549+0000] {dag.py:3340} INFO - Setting next_dagrun for inside_group_dag to 2024-03-07T00:00:00+00:00, run_after=2024-03-08T00:00:00+00:00
[2024-03-08T17:06:54.561+0000] {processor.py:176} INFO - Processing /opt/airflow/dags/inside_group_dag.py took 0.064 seconds
[2024-03-08T17:07:25.385+0000] {processor.py:154} INFO - Started process (PID=2851) to work on /opt/airflow/dags/inside_group_dag.py
[2024-03-08T17:07:25.386+0000] {processor.py:756} INFO - Processing file /opt/airflow/dags/inside_group_dag.py for tasks to queue
[2024-03-08T17:07:25.386+0000] {logging_mixin.py:120} INFO - [2024-03-08T17:07:25.386+0000] {dagbag.py:537} INFO - Filling up the DagBag from /opt/airflow/dags/inside_group_dag.py
[2024-03-08T17:07:25.396+0000] {processor.py:766} INFO - DAG(s) dict_keys(['inside_group_dag']) retrieved from /opt/airflow/dags/inside_group_dag.py
[2024-03-08T17:07:25.416+0000] {logging_mixin.py:120} INFO - [2024-03-08T17:07:25.416+0000] {dag.py:2585} INFO - Sync 1 DAGs
[2024-03-08T17:07:25.430+0000] {logging_mixin.py:120} INFO - [2024-03-08T17:07:25.430+0000] {dag.py:3340} INFO - Setting next_dagrun for inside_group_dag to 2024-03-07T00:00:00+00:00, run_after=2024-03-08T00:00:00+00:00
[2024-03-08T17:07:25.439+0000] {processor.py:176} INFO - Processing /opt/airflow/dags/inside_group_dag.py took 0.055 seconds
[2024-03-08T17:07:56.097+0000] {processor.py:154} INFO - Started process (PID=2888) to work on /opt/airflow/dags/inside_group_dag.py
[2024-03-08T17:07:56.098+0000] {processor.py:756} INFO - Processing file /opt/airflow/dags/inside_group_dag.py for tasks to queue
[2024-03-08T17:07:56.099+0000] {logging_mixin.py:120} INFO - [2024-03-08T17:07:56.099+0000] {dagbag.py:537} INFO - Filling up the DagBag from /opt/airflow/dags/inside_group_dag.py
[2024-03-08T17:07:56.110+0000] {processor.py:766} INFO - DAG(s) dict_keys(['inside_group_dag']) retrieved from /opt/airflow/dags/inside_group_dag.py
[2024-03-08T17:07:56.130+0000] {logging_mixin.py:120} INFO - [2024-03-08T17:07:56.129+0000] {dag.py:2585} INFO - Sync 1 DAGs
[2024-03-08T17:07:56.143+0000] {logging_mixin.py:120} INFO - [2024-03-08T17:07:56.142+0000] {dag.py:3340} INFO - Setting next_dagrun for inside_group_dag to 2024-03-07T00:00:00+00:00, run_after=2024-03-08T00:00:00+00:00
[2024-03-08T17:07:56.152+0000] {processor.py:176} INFO - Processing /opt/airflow/dags/inside_group_dag.py took 0.057 seconds
[2024-03-08T17:08:26.969+0000] {processor.py:154} INFO - Started process (PID=2925) to work on /opt/airflow/dags/inside_group_dag.py
[2024-03-08T17:08:26.970+0000] {processor.py:756} INFO - Processing file /opt/airflow/dags/inside_group_dag.py for tasks to queue
[2024-03-08T17:08:26.970+0000] {logging_mixin.py:120} INFO - [2024-03-08T17:08:26.970+0000] {dagbag.py:537} INFO - Filling up the DagBag from /opt/airflow/dags/inside_group_dag.py
[2024-03-08T17:08:26.981+0000] {processor.py:766} INFO - DAG(s) dict_keys(['inside_group_dag']) retrieved from /opt/airflow/dags/inside_group_dag.py
[2024-03-08T17:08:27.001+0000] {logging_mixin.py:120} INFO - [2024-03-08T17:08:27.001+0000] {dag.py:2585} INFO - Sync 1 DAGs
[2024-03-08T17:08:27.015+0000] {logging_mixin.py:120} INFO - [2024-03-08T17:08:27.015+0000] {dag.py:3340} INFO - Setting next_dagrun for inside_group_dag to 2024-03-07T00:00:00+00:00, run_after=2024-03-08T00:00:00+00:00
[2024-03-08T17:08:27.023+0000] {processor.py:176} INFO - Processing /opt/airflow/dags/inside_group_dag.py took 0.056 seconds
[2024-03-08T17:08:57.926+0000] {processor.py:154} INFO - Started process (PID=2959) to work on /opt/airflow/dags/inside_group_dag.py
[2024-03-08T17:08:57.927+0000] {processor.py:756} INFO - Processing file /opt/airflow/dags/inside_group_dag.py for tasks to queue
[2024-03-08T17:08:57.929+0000] {logging_mixin.py:120} INFO - [2024-03-08T17:08:57.929+0000] {dagbag.py:537} INFO - Filling up the DagBag from /opt/airflow/dags/inside_group_dag.py
[2024-03-08T17:08:57.944+0000] {processor.py:766} INFO - DAG(s) dict_keys(['inside_group_dag']) retrieved from /opt/airflow/dags/inside_group_dag.py
[2024-03-08T17:08:57.986+0000] {logging_mixin.py:120} INFO - [2024-03-08T17:08:57.986+0000] {dag.py:2585} INFO - Sync 1 DAGs
[2024-03-08T17:08:58.007+0000] {logging_mixin.py:120} INFO - [2024-03-08T17:08:58.007+0000] {dag.py:3340} INFO - Setting next_dagrun for inside_group_dag to 2024-03-07T00:00:00+00:00, run_after=2024-03-08T00:00:00+00:00
[2024-03-08T17:08:58.023+0000] {processor.py:176} INFO - Processing /opt/airflow/dags/inside_group_dag.py took 0.099 seconds
[2024-03-08T17:09:28.234+0000] {processor.py:154} INFO - Started process (PID=2989) to work on /opt/airflow/dags/inside_group_dag.py
[2024-03-08T17:09:28.235+0000] {processor.py:756} INFO - Processing file /opt/airflow/dags/inside_group_dag.py for tasks to queue
[2024-03-08T17:09:28.235+0000] {logging_mixin.py:120} INFO - [2024-03-08T17:09:28.235+0000] {dagbag.py:537} INFO - Filling up the DagBag from /opt/airflow/dags/inside_group_dag.py
[2024-03-08T17:09:28.247+0000] {processor.py:766} INFO - DAG(s) dict_keys(['inside_group_dag']) retrieved from /opt/airflow/dags/inside_group_dag.py
[2024-03-08T17:09:28.267+0000] {logging_mixin.py:120} INFO - [2024-03-08T17:09:28.267+0000] {dag.py:2585} INFO - Sync 1 DAGs
[2024-03-08T17:09:28.281+0000] {logging_mixin.py:120} INFO - [2024-03-08T17:09:28.281+0000] {dag.py:3340} INFO - Setting next_dagrun for inside_group_dag to 2024-03-07T00:00:00+00:00, run_after=2024-03-08T00:00:00+00:00
[2024-03-08T17:09:28.292+0000] {processor.py:176} INFO - Processing /opt/airflow/dags/inside_group_dag.py took 0.059 seconds
[2024-03-08T17:09:59.221+0000] {processor.py:154} INFO - Started process (PID=3024) to work on /opt/airflow/dags/inside_group_dag.py
[2024-03-08T17:09:59.222+0000] {processor.py:756} INFO - Processing file /opt/airflow/dags/inside_group_dag.py for tasks to queue
[2024-03-08T17:09:59.222+0000] {logging_mixin.py:120} INFO - [2024-03-08T17:09:59.222+0000] {dagbag.py:537} INFO - Filling up the DagBag from /opt/airflow/dags/inside_group_dag.py
[2024-03-08T17:09:59.233+0000] {processor.py:766} INFO - DAG(s) dict_keys(['inside_group_dag']) retrieved from /opt/airflow/dags/inside_group_dag.py
[2024-03-08T17:09:59.254+0000] {logging_mixin.py:120} INFO - [2024-03-08T17:09:59.254+0000] {dag.py:2585} INFO - Sync 1 DAGs
[2024-03-08T17:09:59.267+0000] {logging_mixin.py:120} INFO - [2024-03-08T17:09:59.267+0000] {dag.py:3340} INFO - Setting next_dagrun for inside_group_dag to 2024-03-07T00:00:00+00:00, run_after=2024-03-08T00:00:00+00:00
[2024-03-08T17:09:59.276+0000] {processor.py:176} INFO - Processing /opt/airflow/dags/inside_group_dag.py took 0.057 seconds
[2024-03-08T17:11:32.034+0000] {processor.py:154} INFO - Started process (PID=56) to work on /opt/airflow/dags/inside_group_dag.py
[2024-03-08T17:11:32.039+0000] {processor.py:756} INFO - Processing file /opt/airflow/dags/inside_group_dag.py for tasks to queue
[2024-03-08T17:11:32.041+0000] {logging_mixin.py:120} INFO - [2024-03-08T17:11:32.041+0000] {dagbag.py:537} INFO - Filling up the DagBag from /opt/airflow/dags/inside_group_dag.py
[2024-03-08T17:11:32.075+0000] {processor.py:766} INFO - DAG(s) dict_keys(['inside_group_dag']) retrieved from /opt/airflow/dags/inside_group_dag.py
[2024-03-08T17:11:32.150+0000] {logging_mixin.py:120} INFO - [2024-03-08T17:11:32.149+0000] {dag.py:2585} INFO - Sync 1 DAGs
[2024-03-08T17:11:32.194+0000] {logging_mixin.py:120} INFO - [2024-03-08T17:11:32.194+0000] {dag.py:3340} INFO - Setting next_dagrun for inside_group_dag to 2024-03-07T00:00:00+00:00, run_after=2024-03-08T00:00:00+00:00
[2024-03-08T17:11:32.234+0000] {processor.py:176} INFO - Processing /opt/airflow/dags/inside_group_dag.py took 0.212 seconds
[2024-03-08T17:12:03.309+0000] {processor.py:154} INFO - Started process (PID=84) to work on /opt/airflow/dags/inside_group_dag.py
[2024-03-08T17:12:03.310+0000] {processor.py:756} INFO - Processing file /opt/airflow/dags/inside_group_dag.py for tasks to queue
[2024-03-08T17:12:03.310+0000] {logging_mixin.py:120} INFO - [2024-03-08T17:12:03.310+0000] {dagbag.py:537} INFO - Filling up the DagBag from /opt/airflow/dags/inside_group_dag.py
[2024-03-08T17:12:03.323+0000] {processor.py:766} INFO - DAG(s) dict_keys(['inside_group_dag']) retrieved from /opt/airflow/dags/inside_group_dag.py
[2024-03-08T17:12:03.348+0000] {logging_mixin.py:120} INFO - [2024-03-08T17:12:03.348+0000] {dag.py:2585} INFO - Sync 1 DAGs
[2024-03-08T17:12:03.363+0000] {logging_mixin.py:120} INFO - [2024-03-08T17:12:03.363+0000] {dag.py:3340} INFO - Setting next_dagrun for inside_group_dag to 2024-03-07T00:00:00+00:00, run_after=2024-03-08T00:00:00+00:00
[2024-03-08T17:12:03.372+0000] {processor.py:176} INFO - Processing /opt/airflow/dags/inside_group_dag.py took 0.065 seconds
[2024-03-08T17:12:34.206+0000] {processor.py:154} INFO - Started process (PID=122) to work on /opt/airflow/dags/inside_group_dag.py
[2024-03-08T17:12:34.207+0000] {processor.py:756} INFO - Processing file /opt/airflow/dags/inside_group_dag.py for tasks to queue
[2024-03-08T17:12:34.207+0000] {logging_mixin.py:120} INFO - [2024-03-08T17:12:34.207+0000] {dagbag.py:537} INFO - Filling up the DagBag from /opt/airflow/dags/inside_group_dag.py
[2024-03-08T17:12:34.221+0000] {processor.py:766} INFO - DAG(s) dict_keys(['inside_group_dag']) retrieved from /opt/airflow/dags/inside_group_dag.py
[2024-03-08T17:12:34.243+0000] {logging_mixin.py:120} INFO - [2024-03-08T17:12:34.243+0000] {dag.py:2585} INFO - Sync 1 DAGs
[2024-03-08T17:12:34.268+0000] {logging_mixin.py:120} INFO - [2024-03-08T17:12:34.268+0000] {dag.py:3340} INFO - Setting next_dagrun for inside_group_dag to 2024-03-07T00:00:00+00:00, run_after=2024-03-08T00:00:00+00:00
[2024-03-08T17:12:34.280+0000] {processor.py:176} INFO - Processing /opt/airflow/dags/inside_group_dag.py took 0.075 seconds
[2024-03-08T20:40:34.557+0000] {processor.py:154} INFO - Started process (PID=56) to work on /opt/airflow/dags/inside_group_dag.py
[2024-03-08T20:40:34.562+0000] {processor.py:756} INFO - Processing file /opt/airflow/dags/inside_group_dag.py for tasks to queue
[2024-03-08T20:40:34.568+0000] {logging_mixin.py:120} INFO - [2024-03-08T20:40:34.563+0000] {dagbag.py:537} INFO - Filling up the DagBag from /opt/airflow/dags/inside_group_dag.py
[2024-03-08T20:40:34.689+0000] {processor.py:766} INFO - DAG(s) dict_keys(['inside_group_dag']) retrieved from /opt/airflow/dags/inside_group_dag.py
[2024-03-08T20:40:34.895+0000] {logging_mixin.py:120} INFO - [2024-03-08T20:40:34.894+0000] {dag.py:2585} INFO - Sync 1 DAGs
[2024-03-08T20:40:35.066+0000] {logging_mixin.py:120} INFO - [2024-03-08T20:40:35.066+0000] {dag.py:3340} INFO - Setting next_dagrun for inside_group_dag to 2024-03-07T00:00:00+00:00, run_after=2024-03-08T00:00:00+00:00
[2024-03-08T20:40:35.323+0000] {processor.py:176} INFO - Processing /opt/airflow/dags/inside_group_dag.py took 0.799 seconds
[2024-03-08T20:41:08.375+0000] {processor.py:154} INFO - Started process (PID=93) to work on /opt/airflow/dags/inside_group_dag.py
[2024-03-08T20:41:08.379+0000] {processor.py:756} INFO - Processing file /opt/airflow/dags/inside_group_dag.py for tasks to queue
[2024-03-08T20:41:08.382+0000] {logging_mixin.py:120} INFO - [2024-03-08T20:41:08.382+0000] {dagbag.py:537} INFO - Filling up the DagBag from /opt/airflow/dags/inside_group_dag.py
[2024-03-08T20:41:08.410+0000] {processor.py:766} INFO - DAG(s) dict_keys(['inside_group_dag']) retrieved from /opt/airflow/dags/inside_group_dag.py
[2024-03-08T20:41:08.462+0000] {logging_mixin.py:120} INFO - [2024-03-08T20:41:08.462+0000] {dag.py:2585} INFO - Sync 1 DAGs
[2024-03-08T20:41:08.490+0000] {logging_mixin.py:120} INFO - [2024-03-08T20:41:08.490+0000] {dag.py:3340} INFO - Setting next_dagrun for inside_group_dag to 2024-03-07T00:00:00+00:00, run_after=2024-03-08T00:00:00+00:00
[2024-03-08T20:41:08.507+0000] {processor.py:176} INFO - Processing /opt/airflow/dags/inside_group_dag.py took 0.136 seconds
