[2024-03-08T15:47:42.892+0000] {processor.py:154} INFO - Started process (PID=56) to work on /opt/airflow/dags/parallel_dag.py
[2024-03-08T15:47:42.893+0000] {processor.py:756} INFO - Processing file /opt/airflow/dags/parallel_dag.py for tasks to queue
[2024-03-08T15:47:42.894+0000] {logging_mixin.py:120} INFO - [2024-03-08T15:47:42.893+0000] {dagbag.py:537} INFO - Filling up the DagBag from /opt/airflow/dags/parallel_dag.py
[2024-03-08T15:47:42.913+0000] {processor.py:766} INFO - DAG(s) dict_keys(['parallel_dag']) retrieved from /opt/airflow/dags/parallel_dag.py
[2024-03-08T15:47:42.958+0000] {logging_mixin.py:120} INFO - [2024-03-08T15:47:42.958+0000] {dag.py:2585} INFO - Sync 1 DAGs
[2024-03-08T15:47:42.977+0000] {logging_mixin.py:120} INFO - [2024-03-08T15:47:42.977+0000] {dag.py:3340} INFO - Setting next_dagrun for parallel_dag to 2024-03-07T00:00:00+00:00, run_after=2024-03-08T00:00:00+00:00
[2024-03-08T15:47:43.009+0000] {processor.py:176} INFO - Processing /opt/airflow/dags/parallel_dag.py took 0.120 seconds
[2024-03-08T15:48:14.236+0000] {processor.py:154} INFO - Started process (PID=93) to work on /opt/airflow/dags/parallel_dag.py
[2024-03-08T15:48:14.238+0000] {processor.py:756} INFO - Processing file /opt/airflow/dags/parallel_dag.py for tasks to queue
[2024-03-08T15:48:14.239+0000] {logging_mixin.py:120} INFO - [2024-03-08T15:48:14.239+0000] {dagbag.py:537} INFO - Filling up the DagBag from /opt/airflow/dags/parallel_dag.py
[2024-03-08T15:48:14.262+0000] {processor.py:766} INFO - DAG(s) dict_keys(['parallel_dag']) retrieved from /opt/airflow/dags/parallel_dag.py
[2024-03-08T15:48:14.297+0000] {logging_mixin.py:120} INFO - [2024-03-08T15:48:14.297+0000] {dag.py:2585} INFO - Sync 1 DAGs
[2024-03-08T15:48:14.319+0000] {logging_mixin.py:120} INFO - [2024-03-08T15:48:14.319+0000] {dag.py:3340} INFO - Setting next_dagrun for parallel_dag to 2024-03-07T00:00:00+00:00, run_after=2024-03-08T00:00:00+00:00
[2024-03-08T15:48:14.345+0000] {processor.py:176} INFO - Processing /opt/airflow/dags/parallel_dag.py took 0.112 seconds
[2024-03-08T15:48:45.305+0000] {processor.py:154} INFO - Started process (PID=120) to work on /opt/airflow/dags/parallel_dag.py
[2024-03-08T15:48:45.306+0000] {processor.py:756} INFO - Processing file /opt/airflow/dags/parallel_dag.py for tasks to queue
[2024-03-08T15:48:45.306+0000] {logging_mixin.py:120} INFO - [2024-03-08T15:48:45.306+0000] {dagbag.py:537} INFO - Filling up the DagBag from /opt/airflow/dags/parallel_dag.py
[2024-03-08T15:48:45.316+0000] {processor.py:766} INFO - DAG(s) dict_keys(['parallel_dag']) retrieved from /opt/airflow/dags/parallel_dag.py
[2024-03-08T15:48:45.336+0000] {logging_mixin.py:120} INFO - [2024-03-08T15:48:45.336+0000] {dag.py:2585} INFO - Sync 1 DAGs
[2024-03-08T15:48:45.350+0000] {logging_mixin.py:120} INFO - [2024-03-08T15:48:45.350+0000] {dag.py:3340} INFO - Setting next_dagrun for parallel_dag to 2024-03-07T00:00:00+00:00, run_after=2024-03-08T00:00:00+00:00
[2024-03-08T15:48:45.359+0000] {processor.py:176} INFO - Processing /opt/airflow/dags/parallel_dag.py took 0.056 seconds
[2024-03-08T15:49:16.441+0000] {processor.py:154} INFO - Started process (PID=157) to work on /opt/airflow/dags/parallel_dag.py
[2024-03-08T15:49:16.441+0000] {processor.py:756} INFO - Processing file /opt/airflow/dags/parallel_dag.py for tasks to queue
[2024-03-08T15:49:16.442+0000] {logging_mixin.py:120} INFO - [2024-03-08T15:49:16.442+0000] {dagbag.py:537} INFO - Filling up the DagBag from /opt/airflow/dags/parallel_dag.py
[2024-03-08T15:49:16.451+0000] {processor.py:766} INFO - DAG(s) dict_keys(['parallel_dag']) retrieved from /opt/airflow/dags/parallel_dag.py
[2024-03-08T15:49:16.472+0000] {logging_mixin.py:120} INFO - [2024-03-08T15:49:16.472+0000] {dag.py:2585} INFO - Sync 1 DAGs
[2024-03-08T15:49:16.485+0000] {logging_mixin.py:120} INFO - [2024-03-08T15:49:16.485+0000] {dag.py:3340} INFO - Setting next_dagrun for parallel_dag to 2024-03-07T00:00:00+00:00, run_after=2024-03-08T00:00:00+00:00
[2024-03-08T15:49:16.496+0000] {processor.py:176} INFO - Processing /opt/airflow/dags/parallel_dag.py took 0.057 seconds
[2024-03-08T15:49:47.294+0000] {processor.py:154} INFO - Started process (PID=194) to work on /opt/airflow/dags/parallel_dag.py
[2024-03-08T15:49:47.295+0000] {processor.py:756} INFO - Processing file /opt/airflow/dags/parallel_dag.py for tasks to queue
[2024-03-08T15:49:47.295+0000] {logging_mixin.py:120} INFO - [2024-03-08T15:49:47.295+0000] {dagbag.py:537} INFO - Filling up the DagBag from /opt/airflow/dags/parallel_dag.py
[2024-03-08T15:49:47.305+0000] {processor.py:766} INFO - DAG(s) dict_keys(['parallel_dag']) retrieved from /opt/airflow/dags/parallel_dag.py
[2024-03-08T15:49:47.325+0000] {logging_mixin.py:120} INFO - [2024-03-08T15:49:47.325+0000] {dag.py:2585} INFO - Sync 1 DAGs
[2024-03-08T15:49:47.339+0000] {logging_mixin.py:120} INFO - [2024-03-08T15:49:47.339+0000] {dag.py:3340} INFO - Setting next_dagrun for parallel_dag to 2024-03-07T00:00:00+00:00, run_after=2024-03-08T00:00:00+00:00
[2024-03-08T15:49:47.348+0000] {processor.py:176} INFO - Processing /opt/airflow/dags/parallel_dag.py took 0.055 seconds
[2024-03-08T15:50:18.216+0000] {processor.py:154} INFO - Started process (PID=231) to work on /opt/airflow/dags/parallel_dag.py
[2024-03-08T15:50:18.217+0000] {processor.py:756} INFO - Processing file /opt/airflow/dags/parallel_dag.py for tasks to queue
[2024-03-08T15:50:18.217+0000] {logging_mixin.py:120} INFO - [2024-03-08T15:50:18.217+0000] {dagbag.py:537} INFO - Filling up the DagBag from /opt/airflow/dags/parallel_dag.py
[2024-03-08T15:50:18.227+0000] {processor.py:766} INFO - DAG(s) dict_keys(['parallel_dag']) retrieved from /opt/airflow/dags/parallel_dag.py
[2024-03-08T15:50:18.256+0000] {logging_mixin.py:120} INFO - [2024-03-08T15:50:18.256+0000] {dag.py:2585} INFO - Sync 1 DAGs
[2024-03-08T15:50:18.274+0000] {logging_mixin.py:120} INFO - [2024-03-08T15:50:18.274+0000] {dag.py:3340} INFO - Setting next_dagrun for parallel_dag to 2024-03-07T00:00:00+00:00, run_after=2024-03-08T00:00:00+00:00
[2024-03-08T15:50:18.285+0000] {processor.py:176} INFO - Processing /opt/airflow/dags/parallel_dag.py took 0.072 seconds
[2024-03-08T15:50:49.020+0000] {processor.py:154} INFO - Started process (PID=269) to work on /opt/airflow/dags/parallel_dag.py
[2024-03-08T15:50:49.020+0000] {processor.py:756} INFO - Processing file /opt/airflow/dags/parallel_dag.py for tasks to queue
[2024-03-08T15:50:49.021+0000] {logging_mixin.py:120} INFO - [2024-03-08T15:50:49.021+0000] {dagbag.py:537} INFO - Filling up the DagBag from /opt/airflow/dags/parallel_dag.py
[2024-03-08T15:50:49.031+0000] {processor.py:766} INFO - DAG(s) dict_keys(['parallel_dag']) retrieved from /opt/airflow/dags/parallel_dag.py
[2024-03-08T15:50:49.051+0000] {logging_mixin.py:120} INFO - [2024-03-08T15:50:49.051+0000] {dag.py:2585} INFO - Sync 1 DAGs
[2024-03-08T15:50:49.064+0000] {logging_mixin.py:120} INFO - [2024-03-08T15:50:49.064+0000] {dag.py:3340} INFO - Setting next_dagrun for parallel_dag to 2024-03-07T00:00:00+00:00, run_after=2024-03-08T00:00:00+00:00
[2024-03-08T15:50:49.074+0000] {processor.py:176} INFO - Processing /opt/airflow/dags/parallel_dag.py took 0.056 seconds
[2024-03-08T15:51:20.173+0000] {processor.py:154} INFO - Started process (PID=307) to work on /opt/airflow/dags/parallel_dag.py
[2024-03-08T15:51:20.175+0000] {processor.py:756} INFO - Processing file /opt/airflow/dags/parallel_dag.py for tasks to queue
[2024-03-08T15:51:20.175+0000] {logging_mixin.py:120} INFO - [2024-03-08T15:51:20.175+0000] {dagbag.py:537} INFO - Filling up the DagBag from /opt/airflow/dags/parallel_dag.py
[2024-03-08T15:51:20.188+0000] {processor.py:766} INFO - DAG(s) dict_keys(['parallel_dag']) retrieved from /opt/airflow/dags/parallel_dag.py
[2024-03-08T15:51:20.209+0000] {logging_mixin.py:120} INFO - [2024-03-08T15:51:20.209+0000] {dag.py:2585} INFO - Sync 1 DAGs
[2024-03-08T15:51:20.223+0000] {logging_mixin.py:120} INFO - [2024-03-08T15:51:20.223+0000] {dag.py:3340} INFO - Setting next_dagrun for parallel_dag to 2024-03-07T00:00:00+00:00, run_after=2024-03-08T00:00:00+00:00
[2024-03-08T15:51:20.232+0000] {processor.py:176} INFO - Processing /opt/airflow/dags/parallel_dag.py took 0.063 seconds
[2024-03-08T15:51:51.110+0000] {processor.py:154} INFO - Started process (PID=335) to work on /opt/airflow/dags/parallel_dag.py
[2024-03-08T15:51:51.111+0000] {processor.py:756} INFO - Processing file /opt/airflow/dags/parallel_dag.py for tasks to queue
[2024-03-08T15:51:51.111+0000] {logging_mixin.py:120} INFO - [2024-03-08T15:51:51.111+0000] {dagbag.py:537} INFO - Filling up the DagBag from /opt/airflow/dags/parallel_dag.py
[2024-03-08T15:51:51.121+0000] {processor.py:766} INFO - DAG(s) dict_keys(['parallel_dag']) retrieved from /opt/airflow/dags/parallel_dag.py
[2024-03-08T15:51:51.142+0000] {logging_mixin.py:120} INFO - [2024-03-08T15:51:51.141+0000] {dag.py:2585} INFO - Sync 1 DAGs
[2024-03-08T15:51:51.165+0000] {logging_mixin.py:120} INFO - [2024-03-08T15:51:51.165+0000] {dag.py:3340} INFO - Setting next_dagrun for parallel_dag to 2024-03-07T00:00:00+00:00, run_after=2024-03-08T00:00:00+00:00
[2024-03-08T15:51:51.184+0000] {processor.py:176} INFO - Processing /opt/airflow/dags/parallel_dag.py took 0.075 seconds
[2024-03-08T15:52:22.010+0000] {processor.py:154} INFO - Started process (PID=372) to work on /opt/airflow/dags/parallel_dag.py
[2024-03-08T15:52:22.010+0000] {processor.py:756} INFO - Processing file /opt/airflow/dags/parallel_dag.py for tasks to queue
[2024-03-08T15:52:22.011+0000] {logging_mixin.py:120} INFO - [2024-03-08T15:52:22.011+0000] {dagbag.py:537} INFO - Filling up the DagBag from /opt/airflow/dags/parallel_dag.py
[2024-03-08T15:52:22.020+0000] {processor.py:766} INFO - DAG(s) dict_keys(['parallel_dag']) retrieved from /opt/airflow/dags/parallel_dag.py
[2024-03-08T15:52:22.041+0000] {logging_mixin.py:120} INFO - [2024-03-08T15:52:22.041+0000] {dag.py:2585} INFO - Sync 1 DAGs
[2024-03-08T15:52:22.056+0000] {logging_mixin.py:120} INFO - [2024-03-08T15:52:22.055+0000] {dag.py:3340} INFO - Setting next_dagrun for parallel_dag to 2024-03-07T00:00:00+00:00, run_after=2024-03-08T00:00:00+00:00
[2024-03-08T15:52:22.066+0000] {processor.py:176} INFO - Processing /opt/airflow/dags/parallel_dag.py took 0.058 seconds
[2024-03-08T15:52:52.974+0000] {processor.py:154} INFO - Started process (PID=409) to work on /opt/airflow/dags/parallel_dag.py
[2024-03-08T15:52:52.975+0000] {processor.py:756} INFO - Processing file /opt/airflow/dags/parallel_dag.py for tasks to queue
[2024-03-08T15:52:52.976+0000] {logging_mixin.py:120} INFO - [2024-03-08T15:52:52.975+0000] {dagbag.py:537} INFO - Filling up the DagBag from /opt/airflow/dags/parallel_dag.py
[2024-03-08T15:52:52.985+0000] {processor.py:766} INFO - DAG(s) dict_keys(['parallel_dag']) retrieved from /opt/airflow/dags/parallel_dag.py
[2024-03-08T15:52:53.006+0000] {logging_mixin.py:120} INFO - [2024-03-08T15:52:53.006+0000] {dag.py:2585} INFO - Sync 1 DAGs
[2024-03-08T15:52:53.018+0000] {logging_mixin.py:120} INFO - [2024-03-08T15:52:53.018+0000] {dag.py:3340} INFO - Setting next_dagrun for parallel_dag to 2024-03-07T00:00:00+00:00, run_after=2024-03-08T00:00:00+00:00
[2024-03-08T15:52:53.027+0000] {processor.py:176} INFO - Processing /opt/airflow/dags/parallel_dag.py took 0.055 seconds
[2024-03-08T15:53:23.843+0000] {processor.py:154} INFO - Started process (PID=447) to work on /opt/airflow/dags/parallel_dag.py
[2024-03-08T15:53:23.844+0000] {processor.py:756} INFO - Processing file /opt/airflow/dags/parallel_dag.py for tasks to queue
[2024-03-08T15:53:23.845+0000] {logging_mixin.py:120} INFO - [2024-03-08T15:53:23.845+0000] {dagbag.py:537} INFO - Filling up the DagBag from /opt/airflow/dags/parallel_dag.py
[2024-03-08T15:53:23.854+0000] {processor.py:766} INFO - DAG(s) dict_keys(['parallel_dag']) retrieved from /opt/airflow/dags/parallel_dag.py
[2024-03-08T15:53:23.875+0000] {logging_mixin.py:120} INFO - [2024-03-08T15:53:23.874+0000] {dag.py:2585} INFO - Sync 1 DAGs
[2024-03-08T15:53:23.888+0000] {logging_mixin.py:120} INFO - [2024-03-08T15:53:23.888+0000] {dag.py:3340} INFO - Setting next_dagrun for parallel_dag to 2024-03-07T00:00:00+00:00, run_after=2024-03-08T00:00:00+00:00
[2024-03-08T15:53:23.897+0000] {processor.py:176} INFO - Processing /opt/airflow/dags/parallel_dag.py took 0.055 seconds
[2024-03-08T15:53:54.954+0000] {processor.py:154} INFO - Started process (PID=484) to work on /opt/airflow/dags/parallel_dag.py
[2024-03-08T15:53:54.955+0000] {processor.py:756} INFO - Processing file /opt/airflow/dags/parallel_dag.py for tasks to queue
[2024-03-08T15:53:54.958+0000] {logging_mixin.py:120} INFO - [2024-03-08T15:53:54.958+0000] {dagbag.py:537} INFO - Filling up the DagBag from /opt/airflow/dags/parallel_dag.py
[2024-03-08T15:53:54.969+0000] {processor.py:766} INFO - DAG(s) dict_keys(['parallel_dag']) retrieved from /opt/airflow/dags/parallel_dag.py
[2024-03-08T15:53:54.989+0000] {logging_mixin.py:120} INFO - [2024-03-08T15:53:54.989+0000] {dag.py:2585} INFO - Sync 1 DAGs
[2024-03-08T15:53:55.002+0000] {logging_mixin.py:120} INFO - [2024-03-08T15:53:55.002+0000] {dag.py:3340} INFO - Setting next_dagrun for parallel_dag to 2024-03-07T00:00:00+00:00, run_after=2024-03-08T00:00:00+00:00
[2024-03-08T15:53:55.015+0000] {processor.py:176} INFO - Processing /opt/airflow/dags/parallel_dag.py took 0.063 seconds
[2024-03-08T15:54:26.082+0000] {processor.py:154} INFO - Started process (PID=520) to work on /opt/airflow/dags/parallel_dag.py
[2024-03-08T15:54:26.082+0000] {processor.py:756} INFO - Processing file /opt/airflow/dags/parallel_dag.py for tasks to queue
[2024-03-08T15:54:26.083+0000] {logging_mixin.py:120} INFO - [2024-03-08T15:54:26.083+0000] {dagbag.py:537} INFO - Filling up the DagBag from /opt/airflow/dags/parallel_dag.py
[2024-03-08T15:54:26.095+0000] {processor.py:766} INFO - DAG(s) dict_keys(['parallel_dag']) retrieved from /opt/airflow/dags/parallel_dag.py
[2024-03-08T15:54:26.117+0000] {logging_mixin.py:120} INFO - [2024-03-08T15:54:26.117+0000] {dag.py:2585} INFO - Sync 1 DAGs
[2024-03-08T15:54:26.133+0000] {logging_mixin.py:120} INFO - [2024-03-08T15:54:26.133+0000] {dag.py:3340} INFO - Setting next_dagrun for parallel_dag to 2024-03-07T00:00:00+00:00, run_after=2024-03-08T00:00:00+00:00
[2024-03-08T15:54:26.145+0000] {processor.py:176} INFO - Processing /opt/airflow/dags/parallel_dag.py took 0.067 seconds
[2024-03-08T15:54:57.114+0000] {processor.py:154} INFO - Started process (PID=557) to work on /opt/airflow/dags/parallel_dag.py
[2024-03-08T15:54:57.115+0000] {processor.py:756} INFO - Processing file /opt/airflow/dags/parallel_dag.py for tasks to queue
[2024-03-08T15:54:57.116+0000] {logging_mixin.py:120} INFO - [2024-03-08T15:54:57.116+0000] {dagbag.py:537} INFO - Filling up the DagBag from /opt/airflow/dags/parallel_dag.py
[2024-03-08T15:54:57.127+0000] {processor.py:766} INFO - DAG(s) dict_keys(['parallel_dag']) retrieved from /opt/airflow/dags/parallel_dag.py
[2024-03-08T15:54:57.150+0000] {logging_mixin.py:120} INFO - [2024-03-08T15:54:57.150+0000] {dag.py:2585} INFO - Sync 1 DAGs
[2024-03-08T15:54:57.165+0000] {logging_mixin.py:120} INFO - [2024-03-08T15:54:57.165+0000] {dag.py:3340} INFO - Setting next_dagrun for parallel_dag to 2024-03-07T00:00:00+00:00, run_after=2024-03-08T00:00:00+00:00
[2024-03-08T15:54:57.174+0000] {processor.py:176} INFO - Processing /opt/airflow/dags/parallel_dag.py took 0.063 seconds
[2024-03-08T15:55:28.025+0000] {processor.py:154} INFO - Started process (PID=585) to work on /opt/airflow/dags/parallel_dag.py
[2024-03-08T15:55:28.025+0000] {processor.py:756} INFO - Processing file /opt/airflow/dags/parallel_dag.py for tasks to queue
[2024-03-08T15:55:28.026+0000] {logging_mixin.py:120} INFO - [2024-03-08T15:55:28.026+0000] {dagbag.py:537} INFO - Filling up the DagBag from /opt/airflow/dags/parallel_dag.py
[2024-03-08T15:55:28.036+0000] {processor.py:766} INFO - DAG(s) dict_keys(['parallel_dag']) retrieved from /opt/airflow/dags/parallel_dag.py
[2024-03-08T15:55:28.057+0000] {logging_mixin.py:120} INFO - [2024-03-08T15:55:28.057+0000] {dag.py:2585} INFO - Sync 1 DAGs
[2024-03-08T15:55:28.073+0000] {logging_mixin.py:120} INFO - [2024-03-08T15:55:28.073+0000] {dag.py:3340} INFO - Setting next_dagrun for parallel_dag to 2024-03-07T00:00:00+00:00, run_after=2024-03-08T00:00:00+00:00
[2024-03-08T15:55:28.084+0000] {processor.py:176} INFO - Processing /opt/airflow/dags/parallel_dag.py took 0.060 seconds
[2024-03-08T15:55:58.982+0000] {processor.py:154} INFO - Started process (PID=622) to work on /opt/airflow/dags/parallel_dag.py
[2024-03-08T15:55:58.983+0000] {processor.py:756} INFO - Processing file /opt/airflow/dags/parallel_dag.py for tasks to queue
[2024-03-08T15:55:58.983+0000] {logging_mixin.py:120} INFO - [2024-03-08T15:55:58.983+0000] {dagbag.py:537} INFO - Filling up the DagBag from /opt/airflow/dags/parallel_dag.py
[2024-03-08T15:55:58.993+0000] {processor.py:766} INFO - DAG(s) dict_keys(['parallel_dag']) retrieved from /opt/airflow/dags/parallel_dag.py
[2024-03-08T15:55:59.015+0000] {logging_mixin.py:120} INFO - [2024-03-08T15:55:59.015+0000] {dag.py:2585} INFO - Sync 1 DAGs
[2024-03-08T15:55:59.028+0000] {logging_mixin.py:120} INFO - [2024-03-08T15:55:59.028+0000] {dag.py:3340} INFO - Setting next_dagrun for parallel_dag to 2024-03-07T00:00:00+00:00, run_after=2024-03-08T00:00:00+00:00
[2024-03-08T15:55:59.037+0000] {processor.py:176} INFO - Processing /opt/airflow/dags/parallel_dag.py took 0.057 seconds
[2024-03-08T15:56:29.980+0000] {processor.py:154} INFO - Started process (PID=659) to work on /opt/airflow/dags/parallel_dag.py
[2024-03-08T15:56:29.981+0000] {processor.py:756} INFO - Processing file /opt/airflow/dags/parallel_dag.py for tasks to queue
[2024-03-08T15:56:29.982+0000] {logging_mixin.py:120} INFO - [2024-03-08T15:56:29.982+0000] {dagbag.py:537} INFO - Filling up the DagBag from /opt/airflow/dags/parallel_dag.py
[2024-03-08T15:56:29.993+0000] {processor.py:766} INFO - DAG(s) dict_keys(['parallel_dag']) retrieved from /opt/airflow/dags/parallel_dag.py
[2024-03-08T15:56:30.020+0000] {logging_mixin.py:120} INFO - [2024-03-08T15:56:30.020+0000] {dag.py:2585} INFO - Sync 1 DAGs
[2024-03-08T15:56:30.034+0000] {logging_mixin.py:120} INFO - [2024-03-08T15:56:30.034+0000] {dag.py:3340} INFO - Setting next_dagrun for parallel_dag to 2024-03-07T00:00:00+00:00, run_after=2024-03-08T00:00:00+00:00
[2024-03-08T15:56:30.044+0000] {processor.py:176} INFO - Processing /opt/airflow/dags/parallel_dag.py took 0.066 seconds
[2024-03-08T15:57:00.861+0000] {processor.py:154} INFO - Started process (PID=696) to work on /opt/airflow/dags/parallel_dag.py
[2024-03-08T15:57:00.861+0000] {processor.py:756} INFO - Processing file /opt/airflow/dags/parallel_dag.py for tasks to queue
[2024-03-08T15:57:00.862+0000] {logging_mixin.py:120} INFO - [2024-03-08T15:57:00.862+0000] {dagbag.py:537} INFO - Filling up the DagBag from /opt/airflow/dags/parallel_dag.py
[2024-03-08T15:57:00.872+0000] {processor.py:766} INFO - DAG(s) dict_keys(['parallel_dag']) retrieved from /opt/airflow/dags/parallel_dag.py
[2024-03-08T15:57:00.892+0000] {logging_mixin.py:120} INFO - [2024-03-08T15:57:00.892+0000] {dag.py:2585} INFO - Sync 1 DAGs
[2024-03-08T15:57:00.906+0000] {logging_mixin.py:120} INFO - [2024-03-08T15:57:00.906+0000] {dag.py:3340} INFO - Setting next_dagrun for parallel_dag to 2024-03-07T00:00:00+00:00, run_after=2024-03-08T00:00:00+00:00
[2024-03-08T15:57:00.915+0000] {processor.py:176} INFO - Processing /opt/airflow/dags/parallel_dag.py took 0.056 seconds
[2024-03-08T15:57:31.853+0000] {processor.py:154} INFO - Started process (PID=733) to work on /opt/airflow/dags/parallel_dag.py
[2024-03-08T15:57:31.854+0000] {processor.py:756} INFO - Processing file /opt/airflow/dags/parallel_dag.py for tasks to queue
[2024-03-08T15:57:31.854+0000] {logging_mixin.py:120} INFO - [2024-03-08T15:57:31.854+0000] {dagbag.py:537} INFO - Filling up the DagBag from /opt/airflow/dags/parallel_dag.py
[2024-03-08T15:57:31.865+0000] {processor.py:766} INFO - DAG(s) dict_keys(['parallel_dag']) retrieved from /opt/airflow/dags/parallel_dag.py
[2024-03-08T15:57:31.884+0000] {logging_mixin.py:120} INFO - [2024-03-08T15:57:31.884+0000] {dag.py:2585} INFO - Sync 1 DAGs
[2024-03-08T15:57:31.898+0000] {logging_mixin.py:120} INFO - [2024-03-08T15:57:31.898+0000] {dag.py:3340} INFO - Setting next_dagrun for parallel_dag to 2024-03-07T00:00:00+00:00, run_after=2024-03-08T00:00:00+00:00
[2024-03-08T15:57:31.907+0000] {processor.py:176} INFO - Processing /opt/airflow/dags/parallel_dag.py took 0.055 seconds
[2024-03-08T15:58:02.708+0000] {processor.py:154} INFO - Started process (PID=770) to work on /opt/airflow/dags/parallel_dag.py
[2024-03-08T15:58:02.709+0000] {processor.py:756} INFO - Processing file /opt/airflow/dags/parallel_dag.py for tasks to queue
[2024-03-08T15:58:02.709+0000] {logging_mixin.py:120} INFO - [2024-03-08T15:58:02.709+0000] {dagbag.py:537} INFO - Filling up the DagBag from /opt/airflow/dags/parallel_dag.py
[2024-03-08T15:58:02.719+0000] {processor.py:766} INFO - DAG(s) dict_keys(['parallel_dag']) retrieved from /opt/airflow/dags/parallel_dag.py
[2024-03-08T15:58:02.740+0000] {logging_mixin.py:120} INFO - [2024-03-08T15:58:02.740+0000] {dag.py:2585} INFO - Sync 1 DAGs
[2024-03-08T15:58:02.756+0000] {logging_mixin.py:120} INFO - [2024-03-08T15:58:02.756+0000] {dag.py:3340} INFO - Setting next_dagrun for parallel_dag to 2024-03-07T00:00:00+00:00, run_after=2024-03-08T00:00:00+00:00
[2024-03-08T15:58:02.776+0000] {processor.py:176} INFO - Processing /opt/airflow/dags/parallel_dag.py took 0.070 seconds
[2024-03-08T15:58:34.059+0000] {processor.py:154} INFO - Started process (PID=807) to work on /opt/airflow/dags/parallel_dag.py
[2024-03-08T15:58:34.062+0000] {processor.py:756} INFO - Processing file /opt/airflow/dags/parallel_dag.py for tasks to queue
[2024-03-08T15:58:34.064+0000] {logging_mixin.py:120} INFO - [2024-03-08T15:58:34.064+0000] {dagbag.py:537} INFO - Filling up the DagBag from /opt/airflow/dags/parallel_dag.py
[2024-03-08T15:58:34.086+0000] {processor.py:766} INFO - DAG(s) dict_keys(['parallel_dag']) retrieved from /opt/airflow/dags/parallel_dag.py
[2024-03-08T15:58:34.118+0000] {logging_mixin.py:120} INFO - [2024-03-08T15:58:34.118+0000] {dag.py:2585} INFO - Sync 1 DAGs
[2024-03-08T15:58:34.148+0000] {logging_mixin.py:120} INFO - [2024-03-08T15:58:34.147+0000] {dag.py:3340} INFO - Setting next_dagrun for parallel_dag to 2024-03-07T00:00:00+00:00, run_after=2024-03-08T00:00:00+00:00
[2024-03-08T15:58:34.182+0000] {processor.py:176} INFO - Processing /opt/airflow/dags/parallel_dag.py took 0.127 seconds
[2024-03-08T15:59:04.471+0000] {processor.py:154} INFO - Started process (PID=835) to work on /opt/airflow/dags/parallel_dag.py
[2024-03-08T15:59:04.471+0000] {processor.py:756} INFO - Processing file /opt/airflow/dags/parallel_dag.py for tasks to queue
[2024-03-08T15:59:04.472+0000] {logging_mixin.py:120} INFO - [2024-03-08T15:59:04.472+0000] {dagbag.py:537} INFO - Filling up the DagBag from /opt/airflow/dags/parallel_dag.py
[2024-03-08T15:59:04.482+0000] {processor.py:766} INFO - DAG(s) dict_keys(['parallel_dag']) retrieved from /opt/airflow/dags/parallel_dag.py
[2024-03-08T15:59:04.502+0000] {logging_mixin.py:120} INFO - [2024-03-08T15:59:04.502+0000] {dag.py:2585} INFO - Sync 1 DAGs
[2024-03-08T15:59:04.515+0000] {logging_mixin.py:120} INFO - [2024-03-08T15:59:04.514+0000] {dag.py:3340} INFO - Setting next_dagrun for parallel_dag to 2024-03-07T00:00:00+00:00, run_after=2024-03-08T00:00:00+00:00
[2024-03-08T15:59:04.524+0000] {processor.py:176} INFO - Processing /opt/airflow/dags/parallel_dag.py took 0.056 seconds
[2024-03-08T15:59:35.530+0000] {processor.py:154} INFO - Started process (PID=872) to work on /opt/airflow/dags/parallel_dag.py
[2024-03-08T15:59:35.532+0000] {processor.py:756} INFO - Processing file /opt/airflow/dags/parallel_dag.py for tasks to queue
[2024-03-08T15:59:35.532+0000] {logging_mixin.py:120} INFO - [2024-03-08T15:59:35.532+0000] {dagbag.py:537} INFO - Filling up the DagBag from /opt/airflow/dags/parallel_dag.py
[2024-03-08T15:59:35.545+0000] {processor.py:766} INFO - DAG(s) dict_keys(['parallel_dag']) retrieved from /opt/airflow/dags/parallel_dag.py
[2024-03-08T15:59:35.567+0000] {logging_mixin.py:120} INFO - [2024-03-08T15:59:35.567+0000] {dag.py:2585} INFO - Sync 1 DAGs
[2024-03-08T15:59:35.582+0000] {logging_mixin.py:120} INFO - [2024-03-08T15:59:35.582+0000] {dag.py:3340} INFO - Setting next_dagrun for parallel_dag to 2024-03-07T00:00:00+00:00, run_after=2024-03-08T00:00:00+00:00
[2024-03-08T15:59:35.591+0000] {processor.py:176} INFO - Processing /opt/airflow/dags/parallel_dag.py took 0.064 seconds
[2024-03-08T16:00:06.658+0000] {processor.py:154} INFO - Started process (PID=908) to work on /opt/airflow/dags/parallel_dag.py
[2024-03-08T16:00:06.659+0000] {processor.py:756} INFO - Processing file /opt/airflow/dags/parallel_dag.py for tasks to queue
[2024-03-08T16:00:06.659+0000] {logging_mixin.py:120} INFO - [2024-03-08T16:00:06.659+0000] {dagbag.py:537} INFO - Filling up the DagBag from /opt/airflow/dags/parallel_dag.py
[2024-03-08T16:00:06.734+0000] {processor.py:766} INFO - DAG(s) dict_keys(['parallel_dag']) retrieved from /opt/airflow/dags/parallel_dag.py
[2024-03-08T16:00:06.813+0000] {logging_mixin.py:120} INFO - [2024-03-08T16:00:06.813+0000] {dag.py:2585} INFO - Sync 1 DAGs
[2024-03-08T16:00:06.845+0000] {logging_mixin.py:120} INFO - [2024-03-08T16:00:06.845+0000] {dag.py:3340} INFO - Setting next_dagrun for parallel_dag to 2024-03-07T00:00:00+00:00, run_after=2024-03-08T00:00:00+00:00
[2024-03-08T16:00:06.860+0000] {processor.py:176} INFO - Processing /opt/airflow/dags/parallel_dag.py took 0.205 seconds
[2024-03-08T16:00:37.882+0000] {processor.py:154} INFO - Started process (PID=945) to work on /opt/airflow/dags/parallel_dag.py
[2024-03-08T16:00:37.883+0000] {processor.py:756} INFO - Processing file /opt/airflow/dags/parallel_dag.py for tasks to queue
[2024-03-08T16:00:37.884+0000] {logging_mixin.py:120} INFO - [2024-03-08T16:00:37.884+0000] {dagbag.py:537} INFO - Filling up the DagBag from /opt/airflow/dags/parallel_dag.py
[2024-03-08T16:00:37.901+0000] {processor.py:766} INFO - DAG(s) dict_keys(['parallel_dag']) retrieved from /opt/airflow/dags/parallel_dag.py
[2024-03-08T16:00:37.924+0000] {logging_mixin.py:120} INFO - [2024-03-08T16:00:37.924+0000] {dag.py:2585} INFO - Sync 1 DAGs
[2024-03-08T16:00:37.940+0000] {logging_mixin.py:120} INFO - [2024-03-08T16:00:37.940+0000] {dag.py:3340} INFO - Setting next_dagrun for parallel_dag to 2024-03-07T00:00:00+00:00, run_after=2024-03-08T00:00:00+00:00
[2024-03-08T16:00:37.950+0000] {processor.py:176} INFO - Processing /opt/airflow/dags/parallel_dag.py took 0.070 seconds
[2024-03-08T16:01:08.796+0000] {processor.py:154} INFO - Started process (PID=982) to work on /opt/airflow/dags/parallel_dag.py
[2024-03-08T16:01:08.799+0000] {processor.py:756} INFO - Processing file /opt/airflow/dags/parallel_dag.py for tasks to queue
[2024-03-08T16:01:08.799+0000] {logging_mixin.py:120} INFO - [2024-03-08T16:01:08.799+0000] {dagbag.py:537} INFO - Filling up the DagBag from /opt/airflow/dags/parallel_dag.py
[2024-03-08T16:01:08.809+0000] {processor.py:766} INFO - DAG(s) dict_keys(['parallel_dag']) retrieved from /opt/airflow/dags/parallel_dag.py
[2024-03-08T16:01:08.830+0000] {logging_mixin.py:120} INFO - [2024-03-08T16:01:08.830+0000] {dag.py:2585} INFO - Sync 1 DAGs
[2024-03-08T16:01:08.846+0000] {logging_mixin.py:120} INFO - [2024-03-08T16:01:08.846+0000] {dag.py:3340} INFO - Setting next_dagrun for parallel_dag to 2024-03-07T00:00:00+00:00, run_after=2024-03-08T00:00:00+00:00
[2024-03-08T16:01:08.855+0000] {processor.py:176} INFO - Processing /opt/airflow/dags/parallel_dag.py took 0.060 seconds
[2024-03-08T16:01:39.826+0000] {processor.py:154} INFO - Started process (PID=1010) to work on /opt/airflow/dags/parallel_dag.py
[2024-03-08T16:01:39.827+0000] {processor.py:756} INFO - Processing file /opt/airflow/dags/parallel_dag.py for tasks to queue
[2024-03-08T16:01:39.827+0000] {logging_mixin.py:120} INFO - [2024-03-08T16:01:39.827+0000] {dagbag.py:537} INFO - Filling up the DagBag from /opt/airflow/dags/parallel_dag.py
[2024-03-08T16:01:39.837+0000] {processor.py:766} INFO - DAG(s) dict_keys(['parallel_dag']) retrieved from /opt/airflow/dags/parallel_dag.py
[2024-03-08T16:01:39.858+0000] {logging_mixin.py:120} INFO - [2024-03-08T16:01:39.858+0000] {dag.py:2585} INFO - Sync 1 DAGs
[2024-03-08T16:01:39.871+0000] {logging_mixin.py:120} INFO - [2024-03-08T16:01:39.871+0000] {dag.py:3340} INFO - Setting next_dagrun for parallel_dag to 2024-03-07T00:00:00+00:00, run_after=2024-03-08T00:00:00+00:00
[2024-03-08T16:01:39.880+0000] {processor.py:176} INFO - Processing /opt/airflow/dags/parallel_dag.py took 0.056 seconds
[2024-03-08T16:02:10.720+0000] {processor.py:154} INFO - Started process (PID=1046) to work on /opt/airflow/dags/parallel_dag.py
[2024-03-08T16:02:10.721+0000] {processor.py:756} INFO - Processing file /opt/airflow/dags/parallel_dag.py for tasks to queue
[2024-03-08T16:02:10.721+0000] {logging_mixin.py:120} INFO - [2024-03-08T16:02:10.721+0000] {dagbag.py:537} INFO - Filling up the DagBag from /opt/airflow/dags/parallel_dag.py
[2024-03-08T16:02:10.731+0000] {processor.py:766} INFO - DAG(s) dict_keys(['parallel_dag']) retrieved from /opt/airflow/dags/parallel_dag.py
[2024-03-08T16:02:10.752+0000] {logging_mixin.py:120} INFO - [2024-03-08T16:02:10.752+0000] {dag.py:2585} INFO - Sync 1 DAGs
[2024-03-08T16:02:10.769+0000] {logging_mixin.py:120} INFO - [2024-03-08T16:02:10.769+0000] {dag.py:3340} INFO - Setting next_dagrun for parallel_dag to 2024-03-07T00:00:00+00:00, run_after=2024-03-08T00:00:00+00:00
[2024-03-08T16:02:10.778+0000] {processor.py:176} INFO - Processing /opt/airflow/dags/parallel_dag.py took 0.059 seconds
[2024-03-08T16:02:41.480+0000] {processor.py:154} INFO - Started process (PID=1083) to work on /opt/airflow/dags/parallel_dag.py
[2024-03-08T16:02:41.481+0000] {processor.py:756} INFO - Processing file /opt/airflow/dags/parallel_dag.py for tasks to queue
[2024-03-08T16:02:41.482+0000] {logging_mixin.py:120} INFO - [2024-03-08T16:02:41.481+0000] {dagbag.py:537} INFO - Filling up the DagBag from /opt/airflow/dags/parallel_dag.py
[2024-03-08T16:02:41.503+0000] {processor.py:766} INFO - DAG(s) dict_keys(['parallel_dag']) retrieved from /opt/airflow/dags/parallel_dag.py
[2024-03-08T16:02:41.529+0000] {logging_mixin.py:120} INFO - [2024-03-08T16:02:41.529+0000] {dag.py:2585} INFO - Sync 1 DAGs
[2024-03-08T16:02:41.545+0000] {logging_mixin.py:120} INFO - [2024-03-08T16:02:41.545+0000] {dag.py:3340} INFO - Setting next_dagrun for parallel_dag to 2024-03-07T00:00:00+00:00, run_after=2024-03-08T00:00:00+00:00
[2024-03-08T16:02:41.555+0000] {processor.py:176} INFO - Processing /opt/airflow/dags/parallel_dag.py took 0.078 seconds
[2024-03-08T16:42:11.616+0000] {processor.py:154} INFO - Started process (PID=1111) to work on /opt/airflow/dags/parallel_dag.py
[2024-03-08T16:42:11.622+0000] {processor.py:756} INFO - Processing file /opt/airflow/dags/parallel_dag.py for tasks to queue
[2024-03-08T16:42:11.629+0000] {logging_mixin.py:120} INFO - [2024-03-08T16:42:11.628+0000] {dagbag.py:537} INFO - Filling up the DagBag from /opt/airflow/dags/parallel_dag.py
[2024-03-08T16:42:11.687+0000] {processor.py:766} INFO - DAG(s) dict_keys(['parallel_dag']) retrieved from /opt/airflow/dags/parallel_dag.py
[2024-03-08T16:42:11.867+0000] {logging_mixin.py:120} INFO - [2024-03-08T16:42:11.867+0000] {dag.py:2585} INFO - Sync 1 DAGs
[2024-03-08T16:42:11.962+0000] {logging_mixin.py:120} INFO - [2024-03-08T16:42:11.962+0000] {dag.py:3340} INFO - Setting next_dagrun for parallel_dag to 2024-03-07T00:00:00+00:00, run_after=2024-03-08T00:00:00+00:00
[2024-03-08T16:42:12.013+0000] {processor.py:176} INFO - Processing /opt/airflow/dags/parallel_dag.py took 0.405 seconds
[2024-03-08T16:42:42.096+0000] {processor.py:154} INFO - Started process (PID=1138) to work on /opt/airflow/dags/parallel_dag.py
[2024-03-08T16:42:42.097+0000] {processor.py:756} INFO - Processing file /opt/airflow/dags/parallel_dag.py for tasks to queue
[2024-03-08T16:42:42.097+0000] {logging_mixin.py:120} INFO - [2024-03-08T16:42:42.097+0000] {dagbag.py:537} INFO - Filling up the DagBag from /opt/airflow/dags/parallel_dag.py
[2024-03-08T16:42:42.108+0000] {processor.py:766} INFO - DAG(s) dict_keys(['parallel_dag']) retrieved from /opt/airflow/dags/parallel_dag.py
[2024-03-08T16:42:42.128+0000] {logging_mixin.py:120} INFO - [2024-03-08T16:42:42.128+0000] {dag.py:2585} INFO - Sync 1 DAGs
[2024-03-08T16:42:42.140+0000] {logging_mixin.py:120} INFO - [2024-03-08T16:42:42.140+0000] {dag.py:3340} INFO - Setting next_dagrun for parallel_dag to 2024-03-07T00:00:00+00:00, run_after=2024-03-08T00:00:00+00:00
[2024-03-08T16:42:42.148+0000] {processor.py:176} INFO - Processing /opt/airflow/dags/parallel_dag.py took 0.053 seconds
[2024-03-08T16:43:13.146+0000] {processor.py:154} INFO - Started process (PID=1174) to work on /opt/airflow/dags/parallel_dag.py
[2024-03-08T16:43:13.147+0000] {processor.py:756} INFO - Processing file /opt/airflow/dags/parallel_dag.py for tasks to queue
[2024-03-08T16:43:13.148+0000] {logging_mixin.py:120} INFO - [2024-03-08T16:43:13.148+0000] {dagbag.py:537} INFO - Filling up the DagBag from /opt/airflow/dags/parallel_dag.py
[2024-03-08T16:43:13.159+0000] {processor.py:766} INFO - DAG(s) dict_keys(['parallel_dag']) retrieved from /opt/airflow/dags/parallel_dag.py
[2024-03-08T16:43:13.209+0000] {logging_mixin.py:120} INFO - [2024-03-08T16:43:13.209+0000] {dag.py:2585} INFO - Sync 1 DAGs
[2024-03-08T16:43:13.244+0000] {logging_mixin.py:120} INFO - [2024-03-08T16:43:13.244+0000] {dag.py:3340} INFO - Setting next_dagrun for parallel_dag to 2024-03-07T00:00:00+00:00, run_after=2024-03-08T00:00:00+00:00
[2024-03-08T16:43:13.281+0000] {processor.py:176} INFO - Processing /opt/airflow/dags/parallel_dag.py took 0.137 seconds
[2024-03-08T16:43:44.052+0000] {processor.py:154} INFO - Started process (PID=1212) to work on /opt/airflow/dags/parallel_dag.py
[2024-03-08T16:43:44.054+0000] {processor.py:756} INFO - Processing file /opt/airflow/dags/parallel_dag.py for tasks to queue
[2024-03-08T16:43:44.054+0000] {logging_mixin.py:120} INFO - [2024-03-08T16:43:44.054+0000] {dagbag.py:537} INFO - Filling up the DagBag from /opt/airflow/dags/parallel_dag.py
[2024-03-08T16:43:44.067+0000] {processor.py:766} INFO - DAG(s) dict_keys(['parallel_dag']) retrieved from /opt/airflow/dags/parallel_dag.py
[2024-03-08T16:43:44.088+0000] {logging_mixin.py:120} INFO - [2024-03-08T16:43:44.088+0000] {dag.py:2585} INFO - Sync 1 DAGs
[2024-03-08T16:43:44.104+0000] {logging_mixin.py:120} INFO - [2024-03-08T16:43:44.104+0000] {dag.py:3340} INFO - Setting next_dagrun for parallel_dag to 2024-03-07T00:00:00+00:00, run_after=2024-03-08T00:00:00+00:00
[2024-03-08T16:43:44.113+0000] {processor.py:176} INFO - Processing /opt/airflow/dags/parallel_dag.py took 0.063 seconds
[2024-03-08T16:44:14.939+0000] {processor.py:154} INFO - Started process (PID=1249) to work on /opt/airflow/dags/parallel_dag.py
[2024-03-08T16:44:14.940+0000] {processor.py:756} INFO - Processing file /opt/airflow/dags/parallel_dag.py for tasks to queue
[2024-03-08T16:44:14.940+0000] {logging_mixin.py:120} INFO - [2024-03-08T16:44:14.940+0000] {dagbag.py:537} INFO - Filling up the DagBag from /opt/airflow/dags/parallel_dag.py
[2024-03-08T16:44:14.950+0000] {processor.py:766} INFO - DAG(s) dict_keys(['parallel_dag']) retrieved from /opt/airflow/dags/parallel_dag.py
[2024-03-08T16:44:14.970+0000] {logging_mixin.py:120} INFO - [2024-03-08T16:44:14.970+0000] {dag.py:2585} INFO - Sync 1 DAGs
[2024-03-08T16:44:14.983+0000] {logging_mixin.py:120} INFO - [2024-03-08T16:44:14.983+0000] {dag.py:3340} INFO - Setting next_dagrun for parallel_dag to 2024-03-07T00:00:00+00:00, run_after=2024-03-08T00:00:00+00:00
[2024-03-08T16:44:14.992+0000] {processor.py:176} INFO - Processing /opt/airflow/dags/parallel_dag.py took 0.055 seconds
[2024-03-08T16:44:45.771+0000] {processor.py:154} INFO - Started process (PID=1286) to work on /opt/airflow/dags/parallel_dag.py
[2024-03-08T16:44:45.771+0000] {processor.py:756} INFO - Processing file /opt/airflow/dags/parallel_dag.py for tasks to queue
[2024-03-08T16:44:45.772+0000] {logging_mixin.py:120} INFO - [2024-03-08T16:44:45.772+0000] {dagbag.py:537} INFO - Filling up the DagBag from /opt/airflow/dags/parallel_dag.py
[2024-03-08T16:44:45.782+0000] {processor.py:766} INFO - DAG(s) dict_keys(['parallel_dag']) retrieved from /opt/airflow/dags/parallel_dag.py
[2024-03-08T16:44:45.802+0000] {logging_mixin.py:120} INFO - [2024-03-08T16:44:45.802+0000] {dag.py:2585} INFO - Sync 1 DAGs
[2024-03-08T16:44:45.816+0000] {logging_mixin.py:120} INFO - [2024-03-08T16:44:45.815+0000] {dag.py:3340} INFO - Setting next_dagrun for parallel_dag to 2024-03-07T00:00:00+00:00, run_after=2024-03-08T00:00:00+00:00
[2024-03-08T16:44:45.825+0000] {processor.py:176} INFO - Processing /opt/airflow/dags/parallel_dag.py took 0.056 seconds
[2024-03-08T16:45:16.714+0000] {processor.py:154} INFO - Started process (PID=1323) to work on /opt/airflow/dags/parallel_dag.py
[2024-03-08T16:45:16.715+0000] {processor.py:756} INFO - Processing file /opt/airflow/dags/parallel_dag.py for tasks to queue
[2024-03-08T16:45:16.715+0000] {logging_mixin.py:120} INFO - [2024-03-08T16:45:16.715+0000] {dagbag.py:537} INFO - Filling up the DagBag from /opt/airflow/dags/parallel_dag.py
[2024-03-08T16:45:16.730+0000] {processor.py:766} INFO - DAG(s) dict_keys(['parallel_dag']) retrieved from /opt/airflow/dags/parallel_dag.py
[2024-03-08T16:45:16.756+0000] {logging_mixin.py:120} INFO - [2024-03-08T16:45:16.756+0000] {dag.py:2585} INFO - Sync 1 DAGs
[2024-03-08T16:45:16.771+0000] {logging_mixin.py:120} INFO - [2024-03-08T16:45:16.771+0000] {dag.py:3340} INFO - Setting next_dagrun for parallel_dag to 2024-03-07T00:00:00+00:00, run_after=2024-03-08T00:00:00+00:00
[2024-03-08T16:45:16.781+0000] {processor.py:176} INFO - Processing /opt/airflow/dags/parallel_dag.py took 0.070 seconds
[2024-03-08T16:45:47.692+0000] {processor.py:154} INFO - Started process (PID=1351) to work on /opt/airflow/dags/parallel_dag.py
[2024-03-08T16:45:47.693+0000] {processor.py:756} INFO - Processing file /opt/airflow/dags/parallel_dag.py for tasks to queue
[2024-03-08T16:45:47.693+0000] {logging_mixin.py:120} INFO - [2024-03-08T16:45:47.693+0000] {dagbag.py:537} INFO - Filling up the DagBag from /opt/airflow/dags/parallel_dag.py
[2024-03-08T16:45:47.705+0000] {processor.py:766} INFO - DAG(s) dict_keys(['parallel_dag']) retrieved from /opt/airflow/dags/parallel_dag.py
[2024-03-08T16:45:47.737+0000] {logging_mixin.py:120} INFO - [2024-03-08T16:45:47.737+0000] {dag.py:2585} INFO - Sync 1 DAGs
[2024-03-08T16:45:47.754+0000] {logging_mixin.py:120} INFO - [2024-03-08T16:45:47.754+0000] {dag.py:3340} INFO - Setting next_dagrun for parallel_dag to 2024-03-07T00:00:00+00:00, run_after=2024-03-08T00:00:00+00:00
[2024-03-08T16:45:47.772+0000] {processor.py:176} INFO - Processing /opt/airflow/dags/parallel_dag.py took 0.082 seconds
[2024-03-08T16:46:18.564+0000] {processor.py:154} INFO - Started process (PID=1388) to work on /opt/airflow/dags/parallel_dag.py
[2024-03-08T16:46:18.564+0000] {processor.py:756} INFO - Processing file /opt/airflow/dags/parallel_dag.py for tasks to queue
[2024-03-08T16:46:18.565+0000] {logging_mixin.py:120} INFO - [2024-03-08T16:46:18.565+0000] {dagbag.py:537} INFO - Filling up the DagBag from /opt/airflow/dags/parallel_dag.py
[2024-03-08T16:46:18.575+0000] {processor.py:766} INFO - DAG(s) dict_keys(['parallel_dag']) retrieved from /opt/airflow/dags/parallel_dag.py
[2024-03-08T16:46:18.595+0000] {logging_mixin.py:120} INFO - [2024-03-08T16:46:18.595+0000] {dag.py:2585} INFO - Sync 1 DAGs
[2024-03-08T16:46:18.608+0000] {logging_mixin.py:120} INFO - [2024-03-08T16:46:18.608+0000] {dag.py:3340} INFO - Setting next_dagrun for parallel_dag to 2024-03-07T00:00:00+00:00, run_after=2024-03-08T00:00:00+00:00
[2024-03-08T16:46:18.617+0000] {processor.py:176} INFO - Processing /opt/airflow/dags/parallel_dag.py took 0.055 seconds
[2024-03-08T16:46:49.477+0000] {processor.py:154} INFO - Started process (PID=1424) to work on /opt/airflow/dags/parallel_dag.py
[2024-03-08T16:46:49.478+0000] {processor.py:756} INFO - Processing file /opt/airflow/dags/parallel_dag.py for tasks to queue
[2024-03-08T16:46:49.478+0000] {logging_mixin.py:120} INFO - [2024-03-08T16:46:49.478+0000] {dagbag.py:537} INFO - Filling up the DagBag from /opt/airflow/dags/parallel_dag.py
[2024-03-08T16:46:49.488+0000] {processor.py:766} INFO - DAG(s) dict_keys(['parallel_dag']) retrieved from /opt/airflow/dags/parallel_dag.py
[2024-03-08T16:46:49.508+0000] {logging_mixin.py:120} INFO - [2024-03-08T16:46:49.508+0000] {dag.py:2585} INFO - Sync 1 DAGs
[2024-03-08T16:46:49.522+0000] {logging_mixin.py:120} INFO - [2024-03-08T16:46:49.522+0000] {dag.py:3340} INFO - Setting next_dagrun for parallel_dag to 2024-03-07T00:00:00+00:00, run_after=2024-03-08T00:00:00+00:00
[2024-03-08T16:46:49.531+0000] {processor.py:176} INFO - Processing /opt/airflow/dags/parallel_dag.py took 0.056 seconds
[2024-03-08T16:47:20.359+0000] {processor.py:154} INFO - Started process (PID=1461) to work on /opt/airflow/dags/parallel_dag.py
[2024-03-08T16:47:20.360+0000] {processor.py:756} INFO - Processing file /opt/airflow/dags/parallel_dag.py for tasks to queue
[2024-03-08T16:47:20.360+0000] {logging_mixin.py:120} INFO - [2024-03-08T16:47:20.360+0000] {dagbag.py:537} INFO - Filling up the DagBag from /opt/airflow/dags/parallel_dag.py
[2024-03-08T16:47:20.371+0000] {processor.py:766} INFO - DAG(s) dict_keys(['parallel_dag']) retrieved from /opt/airflow/dags/parallel_dag.py
[2024-03-08T16:47:20.391+0000] {logging_mixin.py:120} INFO - [2024-03-08T16:47:20.391+0000] {dag.py:2585} INFO - Sync 1 DAGs
[2024-03-08T16:47:20.404+0000] {logging_mixin.py:120} INFO - [2024-03-08T16:47:20.404+0000] {dag.py:3340} INFO - Setting next_dagrun for parallel_dag to 2024-03-07T00:00:00+00:00, run_after=2024-03-08T00:00:00+00:00
[2024-03-08T16:47:20.412+0000] {processor.py:176} INFO - Processing /opt/airflow/dags/parallel_dag.py took 0.056 seconds
[2024-03-08T16:47:51.221+0000] {processor.py:154} INFO - Started process (PID=1498) to work on /opt/airflow/dags/parallel_dag.py
[2024-03-08T16:47:51.222+0000] {processor.py:756} INFO - Processing file /opt/airflow/dags/parallel_dag.py for tasks to queue
[2024-03-08T16:47:51.222+0000] {logging_mixin.py:120} INFO - [2024-03-08T16:47:51.222+0000] {dagbag.py:537} INFO - Filling up the DagBag from /opt/airflow/dags/parallel_dag.py
[2024-03-08T16:47:51.233+0000] {processor.py:766} INFO - DAG(s) dict_keys(['parallel_dag']) retrieved from /opt/airflow/dags/parallel_dag.py
[2024-03-08T16:47:51.257+0000] {logging_mixin.py:120} INFO - [2024-03-08T16:47:51.257+0000] {dag.py:2585} INFO - Sync 1 DAGs
[2024-03-08T16:47:51.274+0000] {logging_mixin.py:120} INFO - [2024-03-08T16:47:51.274+0000] {dag.py:3340} INFO - Setting next_dagrun for parallel_dag to 2024-03-07T00:00:00+00:00, run_after=2024-03-08T00:00:00+00:00
[2024-03-08T16:47:51.284+0000] {processor.py:176} INFO - Processing /opt/airflow/dags/parallel_dag.py took 0.065 seconds
[2024-03-08T16:48:22.069+0000] {processor.py:154} INFO - Started process (PID=1535) to work on /opt/airflow/dags/parallel_dag.py
[2024-03-08T16:48:22.070+0000] {processor.py:756} INFO - Processing file /opt/airflow/dags/parallel_dag.py for tasks to queue
[2024-03-08T16:48:22.070+0000] {logging_mixin.py:120} INFO - [2024-03-08T16:48:22.070+0000] {dagbag.py:537} INFO - Filling up the DagBag from /opt/airflow/dags/parallel_dag.py
[2024-03-08T16:48:22.080+0000] {processor.py:766} INFO - DAG(s) dict_keys(['parallel_dag']) retrieved from /opt/airflow/dags/parallel_dag.py
[2024-03-08T16:48:22.100+0000] {logging_mixin.py:120} INFO - [2024-03-08T16:48:22.100+0000] {dag.py:2585} INFO - Sync 1 DAGs
[2024-03-08T16:48:22.114+0000] {logging_mixin.py:120} INFO - [2024-03-08T16:48:22.114+0000] {dag.py:3340} INFO - Setting next_dagrun for parallel_dag to 2024-03-07T00:00:00+00:00, run_after=2024-03-08T00:00:00+00:00
[2024-03-08T16:48:22.123+0000] {processor.py:176} INFO - Processing /opt/airflow/dags/parallel_dag.py took 0.056 seconds
[2024-03-08T16:48:53.069+0000] {processor.py:154} INFO - Started process (PID=1572) to work on /opt/airflow/dags/parallel_dag.py
[2024-03-08T16:48:53.071+0000] {processor.py:756} INFO - Processing file /opt/airflow/dags/parallel_dag.py for tasks to queue
[2024-03-08T16:48:53.072+0000] {logging_mixin.py:120} INFO - [2024-03-08T16:48:53.071+0000] {dagbag.py:537} INFO - Filling up the DagBag from /opt/airflow/dags/parallel_dag.py
[2024-03-08T16:48:53.086+0000] {processor.py:766} INFO - DAG(s) dict_keys(['parallel_dag']) retrieved from /opt/airflow/dags/parallel_dag.py
[2024-03-08T16:48:53.117+0000] {logging_mixin.py:120} INFO - [2024-03-08T16:48:53.117+0000] {dag.py:2585} INFO - Sync 1 DAGs
[2024-03-08T16:48:53.134+0000] {logging_mixin.py:120} INFO - [2024-03-08T16:48:53.134+0000] {dag.py:3340} INFO - Setting next_dagrun for parallel_dag to 2024-03-07T00:00:00+00:00, run_after=2024-03-08T00:00:00+00:00
[2024-03-08T16:48:53.145+0000] {processor.py:176} INFO - Processing /opt/airflow/dags/parallel_dag.py took 0.081 seconds
[2024-03-08T16:49:24.212+0000] {processor.py:154} INFO - Started process (PID=1608) to work on /opt/airflow/dags/parallel_dag.py
[2024-03-08T16:49:24.214+0000] {processor.py:756} INFO - Processing file /opt/airflow/dags/parallel_dag.py for tasks to queue
[2024-03-08T16:49:24.214+0000] {logging_mixin.py:120} INFO - [2024-03-08T16:49:24.214+0000] {dagbag.py:537} INFO - Filling up the DagBag from /opt/airflow/dags/parallel_dag.py
[2024-03-08T16:49:24.228+0000] {processor.py:766} INFO - DAG(s) dict_keys(['parallel_dag']) retrieved from /opt/airflow/dags/parallel_dag.py
[2024-03-08T16:49:24.258+0000] {logging_mixin.py:120} INFO - [2024-03-08T16:49:24.258+0000] {dag.py:2585} INFO - Sync 1 DAGs
[2024-03-08T16:49:24.275+0000] {logging_mixin.py:120} INFO - [2024-03-08T16:49:24.275+0000] {dag.py:3340} INFO - Setting next_dagrun for parallel_dag to 2024-03-07T00:00:00+00:00, run_after=2024-03-08T00:00:00+00:00
[2024-03-08T16:49:24.298+0000] {processor.py:176} INFO - Processing /opt/airflow/dags/parallel_dag.py took 0.088 seconds
[2024-03-08T16:49:55.337+0000] {processor.py:154} INFO - Started process (PID=1636) to work on /opt/airflow/dags/parallel_dag.py
[2024-03-08T16:49:55.338+0000] {processor.py:756} INFO - Processing file /opt/airflow/dags/parallel_dag.py for tasks to queue
[2024-03-08T16:49:55.339+0000] {logging_mixin.py:120} INFO - [2024-03-08T16:49:55.338+0000] {dagbag.py:537} INFO - Filling up the DagBag from /opt/airflow/dags/parallel_dag.py
[2024-03-08T16:49:55.348+0000] {processor.py:766} INFO - DAG(s) dict_keys(['parallel_dag']) retrieved from /opt/airflow/dags/parallel_dag.py
[2024-03-08T16:49:55.368+0000] {logging_mixin.py:120} INFO - [2024-03-08T16:49:55.367+0000] {dag.py:2585} INFO - Sync 1 DAGs
[2024-03-08T16:49:55.381+0000] {logging_mixin.py:120} INFO - [2024-03-08T16:49:55.381+0000] {dag.py:3340} INFO - Setting next_dagrun for parallel_dag to 2024-03-07T00:00:00+00:00, run_after=2024-03-08T00:00:00+00:00
[2024-03-08T16:49:55.390+0000] {processor.py:176} INFO - Processing /opt/airflow/dags/parallel_dag.py took 0.054 seconds
[2024-03-08T16:50:26.358+0000] {processor.py:154} INFO - Started process (PID=1673) to work on /opt/airflow/dags/parallel_dag.py
[2024-03-08T16:50:26.358+0000] {processor.py:756} INFO - Processing file /opt/airflow/dags/parallel_dag.py for tasks to queue
[2024-03-08T16:50:26.359+0000] {logging_mixin.py:120} INFO - [2024-03-08T16:50:26.359+0000] {dagbag.py:537} INFO - Filling up the DagBag from /opt/airflow/dags/parallel_dag.py
[2024-03-08T16:50:26.368+0000] {processor.py:766} INFO - DAG(s) dict_keys(['parallel_dag']) retrieved from /opt/airflow/dags/parallel_dag.py
[2024-03-08T16:50:26.389+0000] {logging_mixin.py:120} INFO - [2024-03-08T16:50:26.389+0000] {dag.py:2585} INFO - Sync 1 DAGs
[2024-03-08T16:50:26.402+0000] {logging_mixin.py:120} INFO - [2024-03-08T16:50:26.402+0000] {dag.py:3340} INFO - Setting next_dagrun for parallel_dag to 2024-03-07T00:00:00+00:00, run_after=2024-03-08T00:00:00+00:00
[2024-03-08T16:50:26.412+0000] {processor.py:176} INFO - Processing /opt/airflow/dags/parallel_dag.py took 0.056 seconds
[2024-03-08T16:50:57.180+0000] {processor.py:154} INFO - Started process (PID=1709) to work on /opt/airflow/dags/parallel_dag.py
[2024-03-08T16:50:57.181+0000] {processor.py:756} INFO - Processing file /opt/airflow/dags/parallel_dag.py for tasks to queue
[2024-03-08T16:50:57.181+0000] {logging_mixin.py:120} INFO - [2024-03-08T16:50:57.181+0000] {dagbag.py:537} INFO - Filling up the DagBag from /opt/airflow/dags/parallel_dag.py
[2024-03-08T16:50:57.191+0000] {processor.py:766} INFO - DAG(s) dict_keys(['parallel_dag']) retrieved from /opt/airflow/dags/parallel_dag.py
[2024-03-08T16:50:57.211+0000] {logging_mixin.py:120} INFO - [2024-03-08T16:50:57.211+0000] {dag.py:2585} INFO - Sync 1 DAGs
[2024-03-08T16:50:57.225+0000] {logging_mixin.py:120} INFO - [2024-03-08T16:50:57.225+0000] {dag.py:3340} INFO - Setting next_dagrun for parallel_dag to 2024-03-07T00:00:00+00:00, run_after=2024-03-08T00:00:00+00:00
[2024-03-08T16:50:57.234+0000] {processor.py:176} INFO - Processing /opt/airflow/dags/parallel_dag.py took 0.056 seconds
[2024-03-08T16:51:28.232+0000] {processor.py:154} INFO - Started process (PID=1746) to work on /opt/airflow/dags/parallel_dag.py
[2024-03-08T16:51:28.233+0000] {processor.py:756} INFO - Processing file /opt/airflow/dags/parallel_dag.py for tasks to queue
[2024-03-08T16:51:28.233+0000] {logging_mixin.py:120} INFO - [2024-03-08T16:51:28.233+0000] {dagbag.py:537} INFO - Filling up the DagBag from /opt/airflow/dags/parallel_dag.py
[2024-03-08T16:51:28.250+0000] {processor.py:766} INFO - DAG(s) dict_keys(['parallel_dag']) retrieved from /opt/airflow/dags/parallel_dag.py
[2024-03-08T16:51:28.271+0000] {logging_mixin.py:120} INFO - [2024-03-08T16:51:28.271+0000] {dag.py:2585} INFO - Sync 1 DAGs
[2024-03-08T16:51:28.284+0000] {logging_mixin.py:120} INFO - [2024-03-08T16:51:28.284+0000] {dag.py:3340} INFO - Setting next_dagrun for parallel_dag to 2024-03-07T00:00:00+00:00, run_after=2024-03-08T00:00:00+00:00
[2024-03-08T16:51:28.292+0000] {processor.py:176} INFO - Processing /opt/airflow/dags/parallel_dag.py took 0.061 seconds
[2024-03-08T16:51:59.220+0000] {processor.py:154} INFO - Started process (PID=1783) to work on /opt/airflow/dags/parallel_dag.py
[2024-03-08T16:51:59.221+0000] {processor.py:756} INFO - Processing file /opt/airflow/dags/parallel_dag.py for tasks to queue
[2024-03-08T16:51:59.221+0000] {logging_mixin.py:120} INFO - [2024-03-08T16:51:59.221+0000] {dagbag.py:537} INFO - Filling up the DagBag from /opt/airflow/dags/parallel_dag.py
[2024-03-08T16:51:59.232+0000] {processor.py:766} INFO - DAG(s) dict_keys(['parallel_dag']) retrieved from /opt/airflow/dags/parallel_dag.py
[2024-03-08T16:51:59.253+0000] {logging_mixin.py:120} INFO - [2024-03-08T16:51:59.253+0000] {dag.py:2585} INFO - Sync 1 DAGs
[2024-03-08T16:51:59.268+0000] {logging_mixin.py:120} INFO - [2024-03-08T16:51:59.268+0000] {dag.py:3340} INFO - Setting next_dagrun for parallel_dag to 2024-03-07T00:00:00+00:00, run_after=2024-03-08T00:00:00+00:00
[2024-03-08T16:51:59.276+0000] {processor.py:176} INFO - Processing /opt/airflow/dags/parallel_dag.py took 0.058 seconds
[2024-03-08T16:52:30.033+0000] {processor.py:154} INFO - Started process (PID=1820) to work on /opt/airflow/dags/parallel_dag.py
[2024-03-08T16:52:30.034+0000] {processor.py:756} INFO - Processing file /opt/airflow/dags/parallel_dag.py for tasks to queue
[2024-03-08T16:52:30.034+0000] {logging_mixin.py:120} INFO - [2024-03-08T16:52:30.034+0000] {dagbag.py:537} INFO - Filling up the DagBag from /opt/airflow/dags/parallel_dag.py
[2024-03-08T16:52:30.044+0000] {processor.py:766} INFO - DAG(s) dict_keys(['parallel_dag']) retrieved from /opt/airflow/dags/parallel_dag.py
[2024-03-08T16:52:30.064+0000] {logging_mixin.py:120} INFO - [2024-03-08T16:52:30.064+0000] {dag.py:2585} INFO - Sync 1 DAGs
[2024-03-08T16:52:30.077+0000] {logging_mixin.py:120} INFO - [2024-03-08T16:52:30.077+0000] {dag.py:3340} INFO - Setting next_dagrun for parallel_dag to 2024-03-07T00:00:00+00:00, run_after=2024-03-08T00:00:00+00:00
[2024-03-08T16:52:30.086+0000] {processor.py:176} INFO - Processing /opt/airflow/dags/parallel_dag.py took 0.055 seconds
[2024-03-08T16:53:01.318+0000] {processor.py:154} INFO - Started process (PID=1858) to work on /opt/airflow/dags/parallel_dag.py
[2024-03-08T16:53:01.319+0000] {processor.py:756} INFO - Processing file /opt/airflow/dags/parallel_dag.py for tasks to queue
[2024-03-08T16:53:01.320+0000] {logging_mixin.py:120} INFO - [2024-03-08T16:53:01.320+0000] {dagbag.py:537} INFO - Filling up the DagBag from /opt/airflow/dags/parallel_dag.py
[2024-03-08T16:53:01.340+0000] {processor.py:766} INFO - DAG(s) dict_keys(['parallel_dag']) retrieved from /opt/airflow/dags/parallel_dag.py
[2024-03-08T16:53:01.375+0000] {logging_mixin.py:120} INFO - [2024-03-08T16:53:01.375+0000] {dag.py:2585} INFO - Sync 1 DAGs
[2024-03-08T16:53:01.396+0000] {logging_mixin.py:120} INFO - [2024-03-08T16:53:01.396+0000] {dag.py:3340} INFO - Setting next_dagrun for parallel_dag to 2024-03-07T00:00:00+00:00, run_after=2024-03-08T00:00:00+00:00
[2024-03-08T16:53:01.418+0000] {processor.py:176} INFO - Processing /opt/airflow/dags/parallel_dag.py took 0.102 seconds
[2024-03-08T16:53:32.473+0000] {processor.py:154} INFO - Started process (PID=1886) to work on /opt/airflow/dags/parallel_dag.py
[2024-03-08T16:53:32.474+0000] {processor.py:756} INFO - Processing file /opt/airflow/dags/parallel_dag.py for tasks to queue
[2024-03-08T16:53:32.475+0000] {logging_mixin.py:120} INFO - [2024-03-08T16:53:32.475+0000] {dagbag.py:537} INFO - Filling up the DagBag from /opt/airflow/dags/parallel_dag.py
[2024-03-08T16:53:32.488+0000] {processor.py:766} INFO - DAG(s) dict_keys(['parallel_dag']) retrieved from /opt/airflow/dags/parallel_dag.py
[2024-03-08T16:53:32.518+0000] {logging_mixin.py:120} INFO - [2024-03-08T16:53:32.518+0000] {dag.py:2585} INFO - Sync 1 DAGs
[2024-03-08T16:53:32.532+0000] {logging_mixin.py:120} INFO - [2024-03-08T16:53:32.532+0000] {dag.py:3340} INFO - Setting next_dagrun for parallel_dag to 2024-03-07T00:00:00+00:00, run_after=2024-03-08T00:00:00+00:00
[2024-03-08T16:53:32.545+0000] {processor.py:176} INFO - Processing /opt/airflow/dags/parallel_dag.py took 0.073 seconds
[2024-03-08T16:54:03.431+0000] {processor.py:154} INFO - Started process (PID=1923) to work on /opt/airflow/dags/parallel_dag.py
[2024-03-08T16:54:03.431+0000] {processor.py:756} INFO - Processing file /opt/airflow/dags/parallel_dag.py for tasks to queue
[2024-03-08T16:54:03.432+0000] {logging_mixin.py:120} INFO - [2024-03-08T16:54:03.432+0000] {dagbag.py:537} INFO - Filling up the DagBag from /opt/airflow/dags/parallel_dag.py
[2024-03-08T16:54:03.442+0000] {processor.py:766} INFO - DAG(s) dict_keys(['parallel_dag']) retrieved from /opt/airflow/dags/parallel_dag.py
[2024-03-08T16:54:03.462+0000] {logging_mixin.py:120} INFO - [2024-03-08T16:54:03.462+0000] {dag.py:2585} INFO - Sync 1 DAGs
[2024-03-08T16:54:03.476+0000] {logging_mixin.py:120} INFO - [2024-03-08T16:54:03.476+0000] {dag.py:3340} INFO - Setting next_dagrun for parallel_dag to 2024-03-07T00:00:00+00:00, run_after=2024-03-08T00:00:00+00:00
[2024-03-08T16:54:03.485+0000] {processor.py:176} INFO - Processing /opt/airflow/dags/parallel_dag.py took 0.056 seconds
[2024-03-08T16:54:34.499+0000] {processor.py:154} INFO - Started process (PID=1960) to work on /opt/airflow/dags/parallel_dag.py
[2024-03-08T16:54:34.499+0000] {processor.py:756} INFO - Processing file /opt/airflow/dags/parallel_dag.py for tasks to queue
[2024-03-08T16:54:34.500+0000] {logging_mixin.py:120} INFO - [2024-03-08T16:54:34.500+0000] {dagbag.py:537} INFO - Filling up the DagBag from /opt/airflow/dags/parallel_dag.py
[2024-03-08T16:54:34.513+0000] {processor.py:766} INFO - DAG(s) dict_keys(['parallel_dag']) retrieved from /opt/airflow/dags/parallel_dag.py
[2024-03-08T16:54:34.541+0000] {logging_mixin.py:120} INFO - [2024-03-08T16:54:34.541+0000] {dag.py:2585} INFO - Sync 1 DAGs
[2024-03-08T16:54:34.563+0000] {logging_mixin.py:120} INFO - [2024-03-08T16:54:34.563+0000] {dag.py:3340} INFO - Setting next_dagrun for parallel_dag to 2024-03-07T00:00:00+00:00, run_after=2024-03-08T00:00:00+00:00
[2024-03-08T16:54:34.573+0000] {processor.py:176} INFO - Processing /opt/airflow/dags/parallel_dag.py took 0.076 seconds
[2024-03-08T16:55:05.530+0000] {processor.py:154} INFO - Started process (PID=1997) to work on /opt/airflow/dags/parallel_dag.py
[2024-03-08T16:55:05.531+0000] {processor.py:756} INFO - Processing file /opt/airflow/dags/parallel_dag.py for tasks to queue
[2024-03-08T16:55:05.531+0000] {logging_mixin.py:120} INFO - [2024-03-08T16:55:05.531+0000] {dagbag.py:537} INFO - Filling up the DagBag from /opt/airflow/dags/parallel_dag.py
[2024-03-08T16:55:05.541+0000] {processor.py:766} INFO - DAG(s) dict_keys(['parallel_dag']) retrieved from /opt/airflow/dags/parallel_dag.py
[2024-03-08T16:55:05.560+0000] {logging_mixin.py:120} INFO - [2024-03-08T16:55:05.560+0000] {dag.py:2585} INFO - Sync 1 DAGs
[2024-03-08T16:55:05.573+0000] {logging_mixin.py:120} INFO - [2024-03-08T16:55:05.573+0000] {dag.py:3340} INFO - Setting next_dagrun for parallel_dag to 2024-03-07T00:00:00+00:00, run_after=2024-03-08T00:00:00+00:00
[2024-03-08T16:55:05.582+0000] {processor.py:176} INFO - Processing /opt/airflow/dags/parallel_dag.py took 0.054 seconds
[2024-03-08T16:55:36.500+0000] {processor.py:154} INFO - Started process (PID=2034) to work on /opt/airflow/dags/parallel_dag.py
[2024-03-08T16:55:36.501+0000] {processor.py:756} INFO - Processing file /opt/airflow/dags/parallel_dag.py for tasks to queue
[2024-03-08T16:55:36.501+0000] {logging_mixin.py:120} INFO - [2024-03-08T16:55:36.501+0000] {dagbag.py:537} INFO - Filling up the DagBag from /opt/airflow/dags/parallel_dag.py
[2024-03-08T16:55:36.511+0000] {processor.py:766} INFO - DAG(s) dict_keys(['parallel_dag']) retrieved from /opt/airflow/dags/parallel_dag.py
[2024-03-08T16:55:36.531+0000] {logging_mixin.py:120} INFO - [2024-03-08T16:55:36.531+0000] {dag.py:2585} INFO - Sync 1 DAGs
[2024-03-08T16:55:36.544+0000] {logging_mixin.py:120} INFO - [2024-03-08T16:55:36.544+0000] {dag.py:3340} INFO - Setting next_dagrun for parallel_dag to 2024-03-07T00:00:00+00:00, run_after=2024-03-08T00:00:00+00:00
[2024-03-08T16:55:36.553+0000] {processor.py:176} INFO - Processing /opt/airflow/dags/parallel_dag.py took 0.054 seconds
[2024-03-08T16:56:07.411+0000] {processor.py:154} INFO - Started process (PID=2071) to work on /opt/airflow/dags/parallel_dag.py
[2024-03-08T16:56:07.412+0000] {processor.py:756} INFO - Processing file /opt/airflow/dags/parallel_dag.py for tasks to queue
[2024-03-08T16:56:07.412+0000] {logging_mixin.py:120} INFO - [2024-03-08T16:56:07.412+0000] {dagbag.py:537} INFO - Filling up the DagBag from /opt/airflow/dags/parallel_dag.py
[2024-03-08T16:56:07.422+0000] {processor.py:766} INFO - DAG(s) dict_keys(['parallel_dag']) retrieved from /opt/airflow/dags/parallel_dag.py
[2024-03-08T16:56:07.442+0000] {logging_mixin.py:120} INFO - [2024-03-08T16:56:07.442+0000] {dag.py:2585} INFO - Sync 1 DAGs
[2024-03-08T16:56:07.456+0000] {logging_mixin.py:120} INFO - [2024-03-08T16:56:07.456+0000] {dag.py:3340} INFO - Setting next_dagrun for parallel_dag to 2024-03-07T00:00:00+00:00, run_after=2024-03-08T00:00:00+00:00
[2024-03-08T16:56:07.466+0000] {processor.py:176} INFO - Processing /opt/airflow/dags/parallel_dag.py took 0.057 seconds
[2024-03-08T16:56:38.280+0000] {processor.py:154} INFO - Started process (PID=2108) to work on /opt/airflow/dags/parallel_dag.py
[2024-03-08T16:56:38.282+0000] {processor.py:756} INFO - Processing file /opt/airflow/dags/parallel_dag.py for tasks to queue
[2024-03-08T16:56:38.282+0000] {logging_mixin.py:120} INFO - [2024-03-08T16:56:38.282+0000] {dagbag.py:537} INFO - Filling up the DagBag from /opt/airflow/dags/parallel_dag.py
[2024-03-08T16:56:38.295+0000] {processor.py:766} INFO - DAG(s) dict_keys(['parallel_dag']) retrieved from /opt/airflow/dags/parallel_dag.py
[2024-03-08T16:56:38.326+0000] {logging_mixin.py:120} INFO - [2024-03-08T16:56:38.326+0000] {dag.py:2585} INFO - Sync 1 DAGs
[2024-03-08T16:56:38.354+0000] {logging_mixin.py:120} INFO - [2024-03-08T16:56:38.354+0000] {dag.py:3340} INFO - Setting next_dagrun for parallel_dag to 2024-03-07T00:00:00+00:00, run_after=2024-03-08T00:00:00+00:00
[2024-03-08T16:56:38.368+0000] {processor.py:176} INFO - Processing /opt/airflow/dags/parallel_dag.py took 0.091 seconds
[2024-03-08T16:57:09.136+0000] {processor.py:154} INFO - Started process (PID=2136) to work on /opt/airflow/dags/parallel_dag.py
[2024-03-08T16:57:09.137+0000] {processor.py:756} INFO - Processing file /opt/airflow/dags/parallel_dag.py for tasks to queue
[2024-03-08T16:57:09.137+0000] {logging_mixin.py:120} INFO - [2024-03-08T16:57:09.137+0000] {dagbag.py:537} INFO - Filling up the DagBag from /opt/airflow/dags/parallel_dag.py
[2024-03-08T16:57:09.146+0000] {processor.py:766} INFO - DAG(s) dict_keys(['parallel_dag']) retrieved from /opt/airflow/dags/parallel_dag.py
[2024-03-08T16:57:09.166+0000] {logging_mixin.py:120} INFO - [2024-03-08T16:57:09.166+0000] {dag.py:2585} INFO - Sync 1 DAGs
[2024-03-08T16:57:09.180+0000] {logging_mixin.py:120} INFO - [2024-03-08T16:57:09.180+0000] {dag.py:3340} INFO - Setting next_dagrun for parallel_dag to 2024-03-07T00:00:00+00:00, run_after=2024-03-08T00:00:00+00:00
[2024-03-08T16:57:09.189+0000] {processor.py:176} INFO - Processing /opt/airflow/dags/parallel_dag.py took 0.054 seconds
[2024-03-08T16:57:40.009+0000] {processor.py:154} INFO - Started process (PID=2173) to work on /opt/airflow/dags/parallel_dag.py
[2024-03-08T16:57:40.009+0000] {processor.py:756} INFO - Processing file /opt/airflow/dags/parallel_dag.py for tasks to queue
[2024-03-08T16:57:40.010+0000] {logging_mixin.py:120} INFO - [2024-03-08T16:57:40.009+0000] {dagbag.py:537} INFO - Filling up the DagBag from /opt/airflow/dags/parallel_dag.py
[2024-03-08T16:57:40.018+0000] {processor.py:766} INFO - DAG(s) dict_keys(['parallel_dag']) retrieved from /opt/airflow/dags/parallel_dag.py
[2024-03-08T16:57:40.036+0000] {logging_mixin.py:120} INFO - [2024-03-08T16:57:40.036+0000] {dag.py:2585} INFO - Sync 1 DAGs
[2024-03-08T16:57:40.048+0000] {logging_mixin.py:120} INFO - [2024-03-08T16:57:40.048+0000] {dag.py:3340} INFO - Setting next_dagrun for parallel_dag to 2024-03-07T00:00:00+00:00, run_after=2024-03-08T00:00:00+00:00
[2024-03-08T16:57:40.056+0000] {processor.py:176} INFO - Processing /opt/airflow/dags/parallel_dag.py took 0.048 seconds
[2024-03-08T16:58:10.688+0000] {processor.py:154} INFO - Started process (PID=2210) to work on /opt/airflow/dags/parallel_dag.py
[2024-03-08T16:58:10.688+0000] {processor.py:756} INFO - Processing file /opt/airflow/dags/parallel_dag.py for tasks to queue
[2024-03-08T16:58:10.689+0000] {logging_mixin.py:120} INFO - [2024-03-08T16:58:10.689+0000] {dagbag.py:537} INFO - Filling up the DagBag from /opt/airflow/dags/parallel_dag.py
[2024-03-08T16:58:10.698+0000] {processor.py:766} INFO - DAG(s) dict_keys(['parallel_dag']) retrieved from /opt/airflow/dags/parallel_dag.py
[2024-03-08T16:58:10.721+0000] {logging_mixin.py:120} INFO - [2024-03-08T16:58:10.721+0000] {dag.py:2585} INFO - Sync 1 DAGs
[2024-03-08T16:58:10.734+0000] {logging_mixin.py:120} INFO - [2024-03-08T16:58:10.734+0000] {dag.py:3340} INFO - Setting next_dagrun for parallel_dag to 2024-03-07T00:00:00+00:00, run_after=2024-03-08T00:00:00+00:00
[2024-03-08T16:58:10.743+0000] {processor.py:176} INFO - Processing /opt/airflow/dags/parallel_dag.py took 0.057 seconds
[2024-03-08T16:58:41.442+0000] {processor.py:154} INFO - Started process (PID=2247) to work on /opt/airflow/dags/parallel_dag.py
[2024-03-08T16:58:41.443+0000] {processor.py:756} INFO - Processing file /opt/airflow/dags/parallel_dag.py for tasks to queue
[2024-03-08T16:58:41.443+0000] {logging_mixin.py:120} INFO - [2024-03-08T16:58:41.443+0000] {dagbag.py:537} INFO - Filling up the DagBag from /opt/airflow/dags/parallel_dag.py
[2024-03-08T16:58:41.452+0000] {processor.py:766} INFO - DAG(s) dict_keys(['parallel_dag']) retrieved from /opt/airflow/dags/parallel_dag.py
[2024-03-08T16:58:41.472+0000] {logging_mixin.py:120} INFO - [2024-03-08T16:58:41.472+0000] {dag.py:2585} INFO - Sync 1 DAGs
[2024-03-08T16:58:41.485+0000] {logging_mixin.py:120} INFO - [2024-03-08T16:58:41.485+0000] {dag.py:3340} INFO - Setting next_dagrun for parallel_dag to 2024-03-07T00:00:00+00:00, run_after=2024-03-08T00:00:00+00:00
[2024-03-08T16:58:41.494+0000] {processor.py:176} INFO - Processing /opt/airflow/dags/parallel_dag.py took 0.053 seconds
[2024-03-08T16:59:12.164+0000] {processor.py:154} INFO - Started process (PID=2284) to work on /opt/airflow/dags/parallel_dag.py
[2024-03-08T16:59:12.164+0000] {processor.py:756} INFO - Processing file /opt/airflow/dags/parallel_dag.py for tasks to queue
[2024-03-08T16:59:12.164+0000] {logging_mixin.py:120} INFO - [2024-03-08T16:59:12.164+0000] {dagbag.py:537} INFO - Filling up the DagBag from /opt/airflow/dags/parallel_dag.py
[2024-03-08T16:59:12.174+0000] {processor.py:766} INFO - DAG(s) dict_keys(['parallel_dag']) retrieved from /opt/airflow/dags/parallel_dag.py
[2024-03-08T16:59:12.193+0000] {logging_mixin.py:120} INFO - [2024-03-08T16:59:12.193+0000] {dag.py:2585} INFO - Sync 1 DAGs
[2024-03-08T16:59:12.207+0000] {logging_mixin.py:120} INFO - [2024-03-08T16:59:12.207+0000] {dag.py:3340} INFO - Setting next_dagrun for parallel_dag to 2024-03-07T00:00:00+00:00, run_after=2024-03-08T00:00:00+00:00
[2024-03-08T16:59:12.216+0000] {processor.py:176} INFO - Processing /opt/airflow/dags/parallel_dag.py took 0.055 seconds
[2024-03-08T16:59:42.885+0000] {processor.py:154} INFO - Started process (PID=2320) to work on /opt/airflow/dags/parallel_dag.py
[2024-03-08T16:59:42.885+0000] {processor.py:756} INFO - Processing file /opt/airflow/dags/parallel_dag.py for tasks to queue
[2024-03-08T16:59:42.886+0000] {logging_mixin.py:120} INFO - [2024-03-08T16:59:42.885+0000] {dagbag.py:537} INFO - Filling up the DagBag from /opt/airflow/dags/parallel_dag.py
[2024-03-08T16:59:42.895+0000] {processor.py:766} INFO - DAG(s) dict_keys(['parallel_dag']) retrieved from /opt/airflow/dags/parallel_dag.py
[2024-03-08T16:59:42.914+0000] {logging_mixin.py:120} INFO - [2024-03-08T16:59:42.914+0000] {dag.py:2585} INFO - Sync 1 DAGs
[2024-03-08T16:59:42.928+0000] {logging_mixin.py:120} INFO - [2024-03-08T16:59:42.928+0000] {dag.py:3340} INFO - Setting next_dagrun for parallel_dag to 2024-03-07T00:00:00+00:00, run_after=2024-03-08T00:00:00+00:00
[2024-03-08T16:59:42.937+0000] {processor.py:176} INFO - Processing /opt/airflow/dags/parallel_dag.py took 0.054 seconds
[2024-03-08T17:00:13.691+0000] {processor.py:154} INFO - Started process (PID=2357) to work on /opt/airflow/dags/parallel_dag.py
[2024-03-08T17:00:13.692+0000] {processor.py:756} INFO - Processing file /opt/airflow/dags/parallel_dag.py for tasks to queue
[2024-03-08T17:00:13.692+0000] {logging_mixin.py:120} INFO - [2024-03-08T17:00:13.692+0000] {dagbag.py:537} INFO - Filling up the DagBag from /opt/airflow/dags/parallel_dag.py
[2024-03-08T17:00:13.702+0000] {processor.py:766} INFO - DAG(s) dict_keys(['parallel_dag']) retrieved from /opt/airflow/dags/parallel_dag.py
[2024-03-08T17:00:13.721+0000] {logging_mixin.py:120} INFO - [2024-03-08T17:00:13.721+0000] {dag.py:2585} INFO - Sync 1 DAGs
[2024-03-08T17:00:13.736+0000] {logging_mixin.py:120} INFO - [2024-03-08T17:00:13.736+0000] {dag.py:3340} INFO - Setting next_dagrun for parallel_dag to 2024-03-07T00:00:00+00:00, run_after=2024-03-08T00:00:00+00:00
[2024-03-08T17:00:13.744+0000] {processor.py:176} INFO - Processing /opt/airflow/dags/parallel_dag.py took 0.054 seconds
[2024-03-08T17:00:44.649+0000] {processor.py:154} INFO - Started process (PID=2393) to work on /opt/airflow/dags/parallel_dag.py
[2024-03-08T17:00:44.649+0000] {processor.py:756} INFO - Processing file /opt/airflow/dags/parallel_dag.py for tasks to queue
[2024-03-08T17:00:44.650+0000] {logging_mixin.py:120} INFO - [2024-03-08T17:00:44.650+0000] {dagbag.py:537} INFO - Filling up the DagBag from /opt/airflow/dags/parallel_dag.py
[2024-03-08T17:00:44.661+0000] {processor.py:766} INFO - DAG(s) dict_keys(['parallel_dag']) retrieved from /opt/airflow/dags/parallel_dag.py
[2024-03-08T17:00:44.686+0000] {logging_mixin.py:120} INFO - [2024-03-08T17:00:44.686+0000] {dag.py:2585} INFO - Sync 1 DAGs
[2024-03-08T17:00:44.714+0000] {logging_mixin.py:120} INFO - [2024-03-08T17:00:44.714+0000] {dag.py:3340} INFO - Setting next_dagrun for parallel_dag to 2024-03-07T00:00:00+00:00, run_after=2024-03-08T00:00:00+00:00
[2024-03-08T17:00:44.736+0000] {processor.py:176} INFO - Processing /opt/airflow/dags/parallel_dag.py took 0.089 seconds
[2024-03-08T17:01:15.593+0000] {processor.py:154} INFO - Started process (PID=2422) to work on /opt/airflow/dags/parallel_dag.py
[2024-03-08T17:01:15.594+0000] {processor.py:756} INFO - Processing file /opt/airflow/dags/parallel_dag.py for tasks to queue
[2024-03-08T17:01:15.595+0000] {logging_mixin.py:120} INFO - [2024-03-08T17:01:15.594+0000] {dagbag.py:537} INFO - Filling up the DagBag from /opt/airflow/dags/parallel_dag.py
[2024-03-08T17:01:15.604+0000] {processor.py:766} INFO - DAG(s) dict_keys(['parallel_dag']) retrieved from /opt/airflow/dags/parallel_dag.py
[2024-03-08T17:01:15.626+0000] {logging_mixin.py:120} INFO - [2024-03-08T17:01:15.626+0000] {dag.py:2585} INFO - Sync 1 DAGs
[2024-03-08T17:01:15.640+0000] {logging_mixin.py:120} INFO - [2024-03-08T17:01:15.640+0000] {dag.py:3340} INFO - Setting next_dagrun for parallel_dag to 2024-03-07T00:00:00+00:00, run_after=2024-03-08T00:00:00+00:00
[2024-03-08T17:01:15.649+0000] {processor.py:176} INFO - Processing /opt/airflow/dags/parallel_dag.py took 0.057 seconds
[2024-03-08T17:01:46.323+0000] {processor.py:154} INFO - Started process (PID=2459) to work on /opt/airflow/dags/parallel_dag.py
[2024-03-08T17:01:46.324+0000] {processor.py:756} INFO - Processing file /opt/airflow/dags/parallel_dag.py for tasks to queue
[2024-03-08T17:01:46.324+0000] {logging_mixin.py:120} INFO - [2024-03-08T17:01:46.324+0000] {dagbag.py:537} INFO - Filling up the DagBag from /opt/airflow/dags/parallel_dag.py
[2024-03-08T17:01:46.333+0000] {processor.py:766} INFO - DAG(s) dict_keys(['parallel_dag']) retrieved from /opt/airflow/dags/parallel_dag.py
[2024-03-08T17:01:46.353+0000] {logging_mixin.py:120} INFO - [2024-03-08T17:01:46.353+0000] {dag.py:2585} INFO - Sync 1 DAGs
[2024-03-08T17:01:46.366+0000] {logging_mixin.py:120} INFO - [2024-03-08T17:01:46.366+0000] {dag.py:3340} INFO - Setting next_dagrun for parallel_dag to 2024-03-07T00:00:00+00:00, run_after=2024-03-08T00:00:00+00:00
[2024-03-08T17:01:46.378+0000] {processor.py:176} INFO - Processing /opt/airflow/dags/parallel_dag.py took 0.056 seconds
[2024-03-08T17:02:17.189+0000] {processor.py:154} INFO - Started process (PID=2496) to work on /opt/airflow/dags/parallel_dag.py
[2024-03-08T17:02:17.190+0000] {processor.py:756} INFO - Processing file /opt/airflow/dags/parallel_dag.py for tasks to queue
[2024-03-08T17:02:17.190+0000] {logging_mixin.py:120} INFO - [2024-03-08T17:02:17.190+0000] {dagbag.py:537} INFO - Filling up the DagBag from /opt/airflow/dags/parallel_dag.py
[2024-03-08T17:02:17.199+0000] {processor.py:766} INFO - DAG(s) dict_keys(['parallel_dag']) retrieved from /opt/airflow/dags/parallel_dag.py
[2024-03-08T17:02:17.219+0000] {logging_mixin.py:120} INFO - [2024-03-08T17:02:17.219+0000] {dag.py:2585} INFO - Sync 1 DAGs
[2024-03-08T17:02:17.235+0000] {logging_mixin.py:120} INFO - [2024-03-08T17:02:17.235+0000] {dag.py:3340} INFO - Setting next_dagrun for parallel_dag to 2024-03-07T00:00:00+00:00, run_after=2024-03-08T00:00:00+00:00
[2024-03-08T17:02:17.246+0000] {processor.py:176} INFO - Processing /opt/airflow/dags/parallel_dag.py took 0.058 seconds
[2024-03-08T17:02:47.969+0000] {processor.py:154} INFO - Started process (PID=2533) to work on /opt/airflow/dags/parallel_dag.py
[2024-03-08T17:02:47.970+0000] {processor.py:756} INFO - Processing file /opt/airflow/dags/parallel_dag.py for tasks to queue
[2024-03-08T17:02:47.970+0000] {logging_mixin.py:120} INFO - [2024-03-08T17:02:47.970+0000] {dagbag.py:537} INFO - Filling up the DagBag from /opt/airflow/dags/parallel_dag.py
[2024-03-08T17:02:47.980+0000] {processor.py:766} INFO - DAG(s) dict_keys(['parallel_dag']) retrieved from /opt/airflow/dags/parallel_dag.py
[2024-03-08T17:02:47.999+0000] {logging_mixin.py:120} INFO - [2024-03-08T17:02:47.999+0000] {dag.py:2585} INFO - Sync 1 DAGs
[2024-03-08T17:02:48.013+0000] {logging_mixin.py:120} INFO - [2024-03-08T17:02:48.013+0000] {dag.py:3340} INFO - Setting next_dagrun for parallel_dag to 2024-03-07T00:00:00+00:00, run_after=2024-03-08T00:00:00+00:00
[2024-03-08T17:02:48.022+0000] {processor.py:176} INFO - Processing /opt/airflow/dags/parallel_dag.py took 0.054 seconds
[2024-03-08T17:03:18.890+0000] {processor.py:154} INFO - Started process (PID=2570) to work on /opt/airflow/dags/parallel_dag.py
[2024-03-08T17:03:18.890+0000] {processor.py:756} INFO - Processing file /opt/airflow/dags/parallel_dag.py for tasks to queue
[2024-03-08T17:03:18.891+0000] {logging_mixin.py:120} INFO - [2024-03-08T17:03:18.891+0000] {dagbag.py:537} INFO - Filling up the DagBag from /opt/airflow/dags/parallel_dag.py
[2024-03-08T17:03:18.901+0000] {processor.py:766} INFO - DAG(s) dict_keys(['parallel_dag']) retrieved from /opt/airflow/dags/parallel_dag.py
[2024-03-08T17:03:18.922+0000] {logging_mixin.py:120} INFO - [2024-03-08T17:03:18.922+0000] {dag.py:2585} INFO - Sync 1 DAGs
[2024-03-08T17:03:18.936+0000] {logging_mixin.py:120} INFO - [2024-03-08T17:03:18.936+0000] {dag.py:3340} INFO - Setting next_dagrun for parallel_dag to 2024-03-07T00:00:00+00:00, run_after=2024-03-08T00:00:00+00:00
[2024-03-08T17:03:18.944+0000] {processor.py:176} INFO - Processing /opt/airflow/dags/parallel_dag.py took 0.057 seconds
[2024-03-08T17:03:49.713+0000] {processor.py:154} INFO - Started process (PID=2607) to work on /opt/airflow/dags/parallel_dag.py
[2024-03-08T17:03:49.713+0000] {processor.py:756} INFO - Processing file /opt/airflow/dags/parallel_dag.py for tasks to queue
[2024-03-08T17:03:49.714+0000] {logging_mixin.py:120} INFO - [2024-03-08T17:03:49.714+0000] {dagbag.py:537} INFO - Filling up the DagBag from /opt/airflow/dags/parallel_dag.py
[2024-03-08T17:03:49.723+0000] {processor.py:766} INFO - DAG(s) dict_keys(['parallel_dag']) retrieved from /opt/airflow/dags/parallel_dag.py
[2024-03-08T17:03:49.743+0000] {logging_mixin.py:120} INFO - [2024-03-08T17:03:49.743+0000] {dag.py:2585} INFO - Sync 1 DAGs
[2024-03-08T17:03:49.755+0000] {logging_mixin.py:120} INFO - [2024-03-08T17:03:49.755+0000] {dag.py:3340} INFO - Setting next_dagrun for parallel_dag to 2024-03-07T00:00:00+00:00, run_after=2024-03-08T00:00:00+00:00
[2024-03-08T17:03:49.764+0000] {processor.py:176} INFO - Processing /opt/airflow/dags/parallel_dag.py took 0.054 seconds
[2024-03-08T17:04:20.472+0000] {processor.py:154} INFO - Started process (PID=2643) to work on /opt/airflow/dags/parallel_dag.py
[2024-03-08T17:04:20.473+0000] {processor.py:756} INFO - Processing file /opt/airflow/dags/parallel_dag.py for tasks to queue
[2024-03-08T17:04:20.473+0000] {logging_mixin.py:120} INFO - [2024-03-08T17:04:20.473+0000] {dagbag.py:537} INFO - Filling up the DagBag from /opt/airflow/dags/parallel_dag.py
[2024-03-08T17:04:20.482+0000] {processor.py:766} INFO - DAG(s) dict_keys(['parallel_dag']) retrieved from /opt/airflow/dags/parallel_dag.py
[2024-03-08T17:04:20.502+0000] {logging_mixin.py:120} INFO - [2024-03-08T17:04:20.502+0000] {dag.py:2585} INFO - Sync 1 DAGs
[2024-03-08T17:04:20.516+0000] {logging_mixin.py:120} INFO - [2024-03-08T17:04:20.516+0000] {dag.py:3340} INFO - Setting next_dagrun for parallel_dag to 2024-03-07T00:00:00+00:00, run_after=2024-03-08T00:00:00+00:00
[2024-03-08T17:04:20.525+0000] {processor.py:176} INFO - Processing /opt/airflow/dags/parallel_dag.py took 0.054 seconds
[2024-03-08T17:04:51.277+0000] {processor.py:154} INFO - Started process (PID=2678) to work on /opt/airflow/dags/parallel_dag.py
[2024-03-08T17:04:51.278+0000] {processor.py:756} INFO - Processing file /opt/airflow/dags/parallel_dag.py for tasks to queue
[2024-03-08T17:04:51.278+0000] {logging_mixin.py:120} INFO - [2024-03-08T17:04:51.278+0000] {dagbag.py:537} INFO - Filling up the DagBag from /opt/airflow/dags/parallel_dag.py
[2024-03-08T17:04:51.288+0000] {processor.py:766} INFO - DAG(s) dict_keys(['parallel_dag']) retrieved from /opt/airflow/dags/parallel_dag.py
[2024-03-08T17:04:51.310+0000] {logging_mixin.py:120} INFO - [2024-03-08T17:04:51.310+0000] {dag.py:2585} INFO - Sync 1 DAGs
[2024-03-08T17:04:51.325+0000] {logging_mixin.py:120} INFO - [2024-03-08T17:04:51.325+0000] {dag.py:3340} INFO - Setting next_dagrun for parallel_dag to 2024-03-07T00:00:00+00:00, run_after=2024-03-08T00:00:00+00:00
[2024-03-08T17:04:51.335+0000] {processor.py:176} INFO - Processing /opt/airflow/dags/parallel_dag.py took 0.060 seconds
[2024-03-08T17:05:22.060+0000] {processor.py:154} INFO - Started process (PID=2707) to work on /opt/airflow/dags/parallel_dag.py
[2024-03-08T17:05:22.060+0000] {processor.py:756} INFO - Processing file /opt/airflow/dags/parallel_dag.py for tasks to queue
[2024-03-08T17:05:22.061+0000] {logging_mixin.py:120} INFO - [2024-03-08T17:05:22.061+0000] {dagbag.py:537} INFO - Filling up the DagBag from /opt/airflow/dags/parallel_dag.py
[2024-03-08T17:05:22.070+0000] {processor.py:766} INFO - DAG(s) dict_keys(['parallel_dag']) retrieved from /opt/airflow/dags/parallel_dag.py
[2024-03-08T17:05:22.089+0000] {logging_mixin.py:120} INFO - [2024-03-08T17:05:22.089+0000] {dag.py:2585} INFO - Sync 1 DAGs
[2024-03-08T17:05:22.104+0000] {logging_mixin.py:120} INFO - [2024-03-08T17:05:22.103+0000] {dag.py:3340} INFO - Setting next_dagrun for parallel_dag to 2024-03-07T00:00:00+00:00, run_after=2024-03-08T00:00:00+00:00
[2024-03-08T17:05:22.112+0000] {processor.py:176} INFO - Processing /opt/airflow/dags/parallel_dag.py took 0.054 seconds
[2024-03-08T17:05:52.867+0000] {processor.py:154} INFO - Started process (PID=2744) to work on /opt/airflow/dags/parallel_dag.py
[2024-03-08T17:05:52.868+0000] {processor.py:756} INFO - Processing file /opt/airflow/dags/parallel_dag.py for tasks to queue
[2024-03-08T17:05:52.868+0000] {logging_mixin.py:120} INFO - [2024-03-08T17:05:52.868+0000] {dagbag.py:537} INFO - Filling up the DagBag from /opt/airflow/dags/parallel_dag.py
[2024-03-08T17:05:52.878+0000] {processor.py:766} INFO - DAG(s) dict_keys(['parallel_dag']) retrieved from /opt/airflow/dags/parallel_dag.py
[2024-03-08T17:05:52.897+0000] {logging_mixin.py:120} INFO - [2024-03-08T17:05:52.897+0000] {dag.py:2585} INFO - Sync 1 DAGs
[2024-03-08T17:05:52.912+0000] {logging_mixin.py:120} INFO - [2024-03-08T17:05:52.912+0000] {dag.py:3340} INFO - Setting next_dagrun for parallel_dag to 2024-03-07T00:00:00+00:00, run_after=2024-03-08T00:00:00+00:00
[2024-03-08T17:05:52.921+0000] {processor.py:176} INFO - Processing /opt/airflow/dags/parallel_dag.py took 0.055 seconds
[2024-03-08T17:06:23.761+0000] {processor.py:154} INFO - Started process (PID=2780) to work on /opt/airflow/dags/parallel_dag.py
[2024-03-08T17:06:23.763+0000] {processor.py:756} INFO - Processing file /opt/airflow/dags/parallel_dag.py for tasks to queue
[2024-03-08T17:06:23.763+0000] {logging_mixin.py:120} INFO - [2024-03-08T17:06:23.763+0000] {dagbag.py:537} INFO - Filling up the DagBag from /opt/airflow/dags/parallel_dag.py
[2024-03-08T17:06:23.778+0000] {processor.py:766} INFO - DAG(s) dict_keys(['parallel_dag']) retrieved from /opt/airflow/dags/parallel_dag.py
[2024-03-08T17:06:23.801+0000] {logging_mixin.py:120} INFO - [2024-03-08T17:06:23.801+0000] {dag.py:2585} INFO - Sync 1 DAGs
[2024-03-08T17:06:23.815+0000] {logging_mixin.py:120} INFO - [2024-03-08T17:06:23.815+0000] {dag.py:3340} INFO - Setting next_dagrun for parallel_dag to 2024-03-07T00:00:00+00:00, run_after=2024-03-08T00:00:00+00:00
[2024-03-08T17:06:23.824+0000] {processor.py:176} INFO - Processing /opt/airflow/dags/parallel_dag.py took 0.066 seconds
[2024-03-08T17:06:54.616+0000] {processor.py:154} INFO - Started process (PID=2817) to work on /opt/airflow/dags/parallel_dag.py
[2024-03-08T17:06:54.617+0000] {processor.py:756} INFO - Processing file /opt/airflow/dags/parallel_dag.py for tasks to queue
[2024-03-08T17:06:54.617+0000] {logging_mixin.py:120} INFO - [2024-03-08T17:06:54.617+0000] {dagbag.py:537} INFO - Filling up the DagBag from /opt/airflow/dags/parallel_dag.py
[2024-03-08T17:06:54.626+0000] {processor.py:766} INFO - DAG(s) dict_keys(['parallel_dag']) retrieved from /opt/airflow/dags/parallel_dag.py
[2024-03-08T17:06:54.647+0000] {logging_mixin.py:120} INFO - [2024-03-08T17:06:54.647+0000] {dag.py:2585} INFO - Sync 1 DAGs
[2024-03-08T17:06:54.660+0000] {logging_mixin.py:120} INFO - [2024-03-08T17:06:54.660+0000] {dag.py:3340} INFO - Setting next_dagrun for parallel_dag to 2024-03-07T00:00:00+00:00, run_after=2024-03-08T00:00:00+00:00
[2024-03-08T17:06:54.669+0000] {processor.py:176} INFO - Processing /opt/airflow/dags/parallel_dag.py took 0.054 seconds
[2024-03-08T17:07:25.449+0000] {processor.py:154} INFO - Started process (PID=2853) to work on /opt/airflow/dags/parallel_dag.py
[2024-03-08T17:07:25.450+0000] {processor.py:756} INFO - Processing file /opt/airflow/dags/parallel_dag.py for tasks to queue
[2024-03-08T17:07:25.450+0000] {logging_mixin.py:120} INFO - [2024-03-08T17:07:25.450+0000] {dagbag.py:537} INFO - Filling up the DagBag from /opt/airflow/dags/parallel_dag.py
[2024-03-08T17:07:25.459+0000] {processor.py:766} INFO - DAG(s) dict_keys(['parallel_dag']) retrieved from /opt/airflow/dags/parallel_dag.py
[2024-03-08T17:07:25.479+0000] {logging_mixin.py:120} INFO - [2024-03-08T17:07:25.479+0000] {dag.py:2585} INFO - Sync 1 DAGs
[2024-03-08T17:07:25.492+0000] {logging_mixin.py:120} INFO - [2024-03-08T17:07:25.492+0000] {dag.py:3340} INFO - Setting next_dagrun for parallel_dag to 2024-03-07T00:00:00+00:00, run_after=2024-03-08T00:00:00+00:00
[2024-03-08T17:07:25.501+0000] {processor.py:176} INFO - Processing /opt/airflow/dags/parallel_dag.py took 0.054 seconds
[2024-03-08T17:07:56.162+0000] {processor.py:154} INFO - Started process (PID=2890) to work on /opt/airflow/dags/parallel_dag.py
[2024-03-08T17:07:56.163+0000] {processor.py:756} INFO - Processing file /opt/airflow/dags/parallel_dag.py for tasks to queue
[2024-03-08T17:07:56.163+0000] {logging_mixin.py:120} INFO - [2024-03-08T17:07:56.163+0000] {dagbag.py:537} INFO - Filling up the DagBag from /opt/airflow/dags/parallel_dag.py
[2024-03-08T17:07:56.173+0000] {processor.py:766} INFO - DAG(s) dict_keys(['parallel_dag']) retrieved from /opt/airflow/dags/parallel_dag.py
[2024-03-08T17:07:56.193+0000] {logging_mixin.py:120} INFO - [2024-03-08T17:07:56.193+0000] {dag.py:2585} INFO - Sync 1 DAGs
[2024-03-08T17:07:56.206+0000] {logging_mixin.py:120} INFO - [2024-03-08T17:07:56.206+0000] {dag.py:3340} INFO - Setting next_dagrun for parallel_dag to 2024-03-07T00:00:00+00:00, run_after=2024-03-08T00:00:00+00:00
[2024-03-08T17:07:56.216+0000] {processor.py:176} INFO - Processing /opt/airflow/dags/parallel_dag.py took 0.055 seconds
[2024-03-08T17:08:27.033+0000] {processor.py:154} INFO - Started process (PID=2927) to work on /opt/airflow/dags/parallel_dag.py
[2024-03-08T17:08:27.034+0000] {processor.py:756} INFO - Processing file /opt/airflow/dags/parallel_dag.py for tasks to queue
[2024-03-08T17:08:27.034+0000] {logging_mixin.py:120} INFO - [2024-03-08T17:08:27.034+0000] {dagbag.py:537} INFO - Filling up the DagBag from /opt/airflow/dags/parallel_dag.py
[2024-03-08T17:08:27.044+0000] {processor.py:766} INFO - DAG(s) dict_keys(['parallel_dag']) retrieved from /opt/airflow/dags/parallel_dag.py
[2024-03-08T17:08:27.064+0000] {logging_mixin.py:120} INFO - [2024-03-08T17:08:27.064+0000] {dag.py:2585} INFO - Sync 1 DAGs
[2024-03-08T17:08:27.078+0000] {logging_mixin.py:120} INFO - [2024-03-08T17:08:27.077+0000] {dag.py:3340} INFO - Setting next_dagrun for parallel_dag to 2024-03-07T00:00:00+00:00, run_after=2024-03-08T00:00:00+00:00
[2024-03-08T17:08:27.086+0000] {processor.py:176} INFO - Processing /opt/airflow/dags/parallel_dag.py took 0.054 seconds
[2024-03-08T17:08:58.073+0000] {processor.py:154} INFO - Started process (PID=2963) to work on /opt/airflow/dags/parallel_dag.py
[2024-03-08T17:08:58.074+0000] {processor.py:756} INFO - Processing file /opt/airflow/dags/parallel_dag.py for tasks to queue
[2024-03-08T17:08:58.076+0000] {logging_mixin.py:120} INFO - [2024-03-08T17:08:58.076+0000] {dagbag.py:537} INFO - Filling up the DagBag from /opt/airflow/dags/parallel_dag.py
[2024-03-08T17:08:58.090+0000] {processor.py:766} INFO - DAG(s) dict_keys(['parallel_dag']) retrieved from /opt/airflow/dags/parallel_dag.py
[2024-03-08T17:08:58.123+0000] {logging_mixin.py:120} INFO - [2024-03-08T17:08:58.123+0000] {dag.py:2585} INFO - Sync 1 DAGs
[2024-03-08T17:08:58.141+0000] {logging_mixin.py:120} INFO - [2024-03-08T17:08:58.141+0000] {dag.py:3340} INFO - Setting next_dagrun for parallel_dag to 2024-03-07T00:00:00+00:00, run_after=2024-03-08T00:00:00+00:00
[2024-03-08T17:08:58.151+0000] {processor.py:176} INFO - Processing /opt/airflow/dags/parallel_dag.py took 0.081 seconds
[2024-03-08T17:09:28.368+0000] {processor.py:154} INFO - Started process (PID=2991) to work on /opt/airflow/dags/parallel_dag.py
[2024-03-08T17:09:28.369+0000] {processor.py:756} INFO - Processing file /opt/airflow/dags/parallel_dag.py for tasks to queue
[2024-03-08T17:09:28.370+0000] {logging_mixin.py:120} INFO - [2024-03-08T17:09:28.370+0000] {dagbag.py:537} INFO - Filling up the DagBag from /opt/airflow/dags/parallel_dag.py
[2024-03-08T17:09:28.381+0000] {processor.py:766} INFO - DAG(s) dict_keys(['parallel_dag']) retrieved from /opt/airflow/dags/parallel_dag.py
[2024-03-08T17:09:28.408+0000] {logging_mixin.py:120} INFO - [2024-03-08T17:09:28.408+0000] {dag.py:2585} INFO - Sync 1 DAGs
[2024-03-08T17:09:28.430+0000] {logging_mixin.py:120} INFO - [2024-03-08T17:09:28.430+0000] {dag.py:3340} INFO - Setting next_dagrun for parallel_dag to 2024-03-07T00:00:00+00:00, run_after=2024-03-08T00:00:00+00:00
[2024-03-08T17:09:28.445+0000] {processor.py:176} INFO - Processing /opt/airflow/dags/parallel_dag.py took 0.079 seconds
[2024-03-08T17:09:59.288+0000] {processor.py:154} INFO - Started process (PID=3026) to work on /opt/airflow/dags/parallel_dag.py
[2024-03-08T17:09:59.289+0000] {processor.py:756} INFO - Processing file /opt/airflow/dags/parallel_dag.py for tasks to queue
[2024-03-08T17:09:59.290+0000] {logging_mixin.py:120} INFO - [2024-03-08T17:09:59.290+0000] {dagbag.py:537} INFO - Filling up the DagBag from /opt/airflow/dags/parallel_dag.py
[2024-03-08T17:09:59.303+0000] {processor.py:766} INFO - DAG(s) dict_keys(['parallel_dag']) retrieved from /opt/airflow/dags/parallel_dag.py
[2024-03-08T17:09:59.326+0000] {logging_mixin.py:120} INFO - [2024-03-08T17:09:59.326+0000] {dag.py:2585} INFO - Sync 1 DAGs
[2024-03-08T17:09:59.341+0000] {logging_mixin.py:120} INFO - [2024-03-08T17:09:59.341+0000] {dag.py:3340} INFO - Setting next_dagrun for parallel_dag to 2024-03-07T00:00:00+00:00, run_after=2024-03-08T00:00:00+00:00
[2024-03-08T17:09:59.350+0000] {processor.py:176} INFO - Processing /opt/airflow/dags/parallel_dag.py took 0.063 seconds
[2024-03-08T17:11:32.264+0000] {processor.py:154} INFO - Started process (PID=58) to work on /opt/airflow/dags/parallel_dag.py
[2024-03-08T17:11:32.266+0000] {processor.py:756} INFO - Processing file /opt/airflow/dags/parallel_dag.py for tasks to queue
[2024-03-08T17:11:32.269+0000] {logging_mixin.py:120} INFO - [2024-03-08T17:11:32.269+0000] {dagbag.py:537} INFO - Filling up the DagBag from /opt/airflow/dags/parallel_dag.py
[2024-03-08T17:11:32.286+0000] {processor.py:766} INFO - DAG(s) dict_keys(['parallel_dag']) retrieved from /opt/airflow/dags/parallel_dag.py
[2024-03-08T17:11:32.323+0000] {logging_mixin.py:120} INFO - [2024-03-08T17:11:32.323+0000] {dag.py:2585} INFO - Sync 1 DAGs
[2024-03-08T17:11:32.346+0000] {logging_mixin.py:120} INFO - [2024-03-08T17:11:32.346+0000] {dag.py:3340} INFO - Setting next_dagrun for parallel_dag to 2024-03-07T00:00:00+00:00, run_after=2024-03-08T00:00:00+00:00
[2024-03-08T17:11:32.381+0000] {processor.py:176} INFO - Processing /opt/airflow/dags/parallel_dag.py took 0.119 seconds
[2024-03-08T17:12:03.381+0000] {processor.py:154} INFO - Started process (PID=86) to work on /opt/airflow/dags/parallel_dag.py
[2024-03-08T17:12:03.382+0000] {processor.py:756} INFO - Processing file /opt/airflow/dags/parallel_dag.py for tasks to queue
[2024-03-08T17:12:03.383+0000] {logging_mixin.py:120} INFO - [2024-03-08T17:12:03.383+0000] {dagbag.py:537} INFO - Filling up the DagBag from /opt/airflow/dags/parallel_dag.py
[2024-03-08T17:12:03.393+0000] {processor.py:766} INFO - DAG(s) dict_keys(['parallel_dag']) retrieved from /opt/airflow/dags/parallel_dag.py
[2024-03-08T17:12:03.415+0000] {logging_mixin.py:120} INFO - [2024-03-08T17:12:03.414+0000] {dag.py:2585} INFO - Sync 1 DAGs
[2024-03-08T17:12:03.429+0000] {logging_mixin.py:120} INFO - [2024-03-08T17:12:03.429+0000] {dag.py:3340} INFO - Setting next_dagrun for parallel_dag to 2024-03-07T00:00:00+00:00, run_after=2024-03-08T00:00:00+00:00
[2024-03-08T17:12:03.438+0000] {processor.py:176} INFO - Processing /opt/airflow/dags/parallel_dag.py took 0.058 seconds
[2024-03-08T17:12:34.291+0000] {processor.py:154} INFO - Started process (PID=124) to work on /opt/airflow/dags/parallel_dag.py
[2024-03-08T17:12:34.292+0000] {processor.py:756} INFO - Processing file /opt/airflow/dags/parallel_dag.py for tasks to queue
[2024-03-08T17:12:34.292+0000] {logging_mixin.py:120} INFO - [2024-03-08T17:12:34.292+0000] {dagbag.py:537} INFO - Filling up the DagBag from /opt/airflow/dags/parallel_dag.py
[2024-03-08T17:12:34.306+0000] {processor.py:766} INFO - DAG(s) dict_keys(['parallel_dag']) retrieved from /opt/airflow/dags/parallel_dag.py
[2024-03-08T17:12:34.330+0000] {logging_mixin.py:120} INFO - [2024-03-08T17:12:34.330+0000] {dag.py:2585} INFO - Sync 1 DAGs
[2024-03-08T17:12:34.344+0000] {logging_mixin.py:120} INFO - [2024-03-08T17:12:34.344+0000] {dag.py:3340} INFO - Setting next_dagrun for parallel_dag to 2024-03-07T00:00:00+00:00, run_after=2024-03-08T00:00:00+00:00
[2024-03-08T17:12:34.355+0000] {processor.py:176} INFO - Processing /opt/airflow/dags/parallel_dag.py took 0.066 seconds
[2024-03-08T20:40:35.512+0000] {processor.py:154} INFO - Started process (PID=58) to work on /opt/airflow/dags/parallel_dag.py
[2024-03-08T20:40:35.514+0000] {processor.py:756} INFO - Processing file /opt/airflow/dags/parallel_dag.py for tasks to queue
[2024-03-08T20:40:35.518+0000] {logging_mixin.py:120} INFO - [2024-03-08T20:40:35.517+0000] {dagbag.py:537} INFO - Filling up the DagBag from /opt/airflow/dags/parallel_dag.py
[2024-03-08T20:40:35.611+0000] {processor.py:766} INFO - DAG(s) dict_keys(['parallel_dag']) retrieved from /opt/airflow/dags/parallel_dag.py
[2024-03-08T20:40:35.711+0000] {logging_mixin.py:120} INFO - [2024-03-08T20:40:35.711+0000] {dag.py:2585} INFO - Sync 1 DAGs
[2024-03-08T20:40:35.755+0000] {logging_mixin.py:120} INFO - [2024-03-08T20:40:35.755+0000] {dag.py:3340} INFO - Setting next_dagrun for parallel_dag to 2024-03-07T00:00:00+00:00, run_after=2024-03-08T00:00:00+00:00
[2024-03-08T20:40:35.790+0000] {processor.py:176} INFO - Processing /opt/airflow/dags/parallel_dag.py took 0.286 seconds
[2024-03-08T20:41:08.522+0000] {processor.py:154} INFO - Started process (PID=95) to work on /opt/airflow/dags/parallel_dag.py
[2024-03-08T20:41:08.525+0000] {processor.py:756} INFO - Processing file /opt/airflow/dags/parallel_dag.py for tasks to queue
[2024-03-08T20:41:08.525+0000] {logging_mixin.py:120} INFO - [2024-03-08T20:41:08.525+0000] {dagbag.py:537} INFO - Filling up the DagBag from /opt/airflow/dags/parallel_dag.py
[2024-03-08T20:41:08.548+0000] {processor.py:766} INFO - DAG(s) dict_keys(['parallel_dag']) retrieved from /opt/airflow/dags/parallel_dag.py
[2024-03-08T20:41:08.588+0000] {logging_mixin.py:120} INFO - [2024-03-08T20:41:08.588+0000] {dag.py:2585} INFO - Sync 1 DAGs
[2024-03-08T20:41:08.610+0000] {logging_mixin.py:120} INFO - [2024-03-08T20:41:08.610+0000] {dag.py:3340} INFO - Setting next_dagrun for parallel_dag to 2024-03-07T00:00:00+00:00, run_after=2024-03-08T00:00:00+00:00
[2024-03-08T20:41:08.621+0000] {processor.py:176} INFO - Processing /opt/airflow/dags/parallel_dag.py took 0.101 seconds
