[2024-03-08T15:47:43.044+0000] {processor.py:154} INFO - Started process (PID=58) to work on /opt/airflow/dags/producer.py
[2024-03-08T15:47:43.051+0000] {processor.py:756} INFO - Processing file /opt/airflow/dags/producer.py for tasks to queue
[2024-03-08T15:47:43.057+0000] {logging_mixin.py:120} INFO - [2024-03-08T15:47:43.057+0000] {dagbag.py:537} INFO - Filling up the DagBag from /opt/airflow/dags/producer.py
[2024-03-08T15:47:43.157+0000] {processor.py:766} INFO - DAG(s) dict_keys(['producer']) retrieved from /opt/airflow/dags/producer.py
[2024-03-08T15:47:43.211+0000] {logging_mixin.py:120} INFO - [2024-03-08T15:47:43.211+0000] {dag.py:2585} INFO - Sync 1 DAGs
[2024-03-08T15:47:43.243+0000] {logging_mixin.py:120} INFO - [2024-03-08T15:47:43.243+0000] {dag.py:3340} INFO - Setting next_dagrun for producer to 2024-03-07T00:00:00+00:00, run_after=2024-03-08T00:00:00+00:00
[2024-03-08T15:47:43.314+0000] {processor.py:176} INFO - Processing /opt/airflow/dags/producer.py took 0.280 seconds
[2024-03-08T15:48:14.362+0000] {processor.py:154} INFO - Started process (PID=95) to work on /opt/airflow/dags/producer.py
[2024-03-08T15:48:14.363+0000] {processor.py:756} INFO - Processing file /opt/airflow/dags/producer.py for tasks to queue
[2024-03-08T15:48:14.364+0000] {logging_mixin.py:120} INFO - [2024-03-08T15:48:14.364+0000] {dagbag.py:537} INFO - Filling up the DagBag from /opt/airflow/dags/producer.py
[2024-03-08T15:48:14.383+0000] {processor.py:766} INFO - DAG(s) dict_keys(['producer']) retrieved from /opt/airflow/dags/producer.py
[2024-03-08T15:48:14.419+0000] {logging_mixin.py:120} INFO - [2024-03-08T15:48:14.418+0000] {dag.py:2585} INFO - Sync 1 DAGs
[2024-03-08T15:48:14.451+0000] {logging_mixin.py:120} INFO - [2024-03-08T15:48:14.451+0000] {dag.py:3340} INFO - Setting next_dagrun for producer to 2024-03-07T00:00:00+00:00, run_after=2024-03-08T00:00:00+00:00
[2024-03-08T15:48:14.569+0000] {processor.py:176} INFO - Processing /opt/airflow/dags/producer.py took 0.209 seconds
[2024-03-08T15:48:45.370+0000] {processor.py:154} INFO - Started process (PID=122) to work on /opt/airflow/dags/producer.py
[2024-03-08T15:48:45.371+0000] {processor.py:756} INFO - Processing file /opt/airflow/dags/producer.py for tasks to queue
[2024-03-08T15:48:45.371+0000] {logging_mixin.py:120} INFO - [2024-03-08T15:48:45.371+0000] {dagbag.py:537} INFO - Filling up the DagBag from /opt/airflow/dags/producer.py
[2024-03-08T15:48:45.389+0000] {processor.py:766} INFO - DAG(s) dict_keys(['producer']) retrieved from /opt/airflow/dags/producer.py
[2024-03-08T15:48:45.415+0000] {logging_mixin.py:120} INFO - [2024-03-08T15:48:45.415+0000] {dag.py:2585} INFO - Sync 1 DAGs
[2024-03-08T15:48:45.430+0000] {logging_mixin.py:120} INFO - [2024-03-08T15:48:45.429+0000] {dag.py:3340} INFO - Setting next_dagrun for producer to 2024-03-07T00:00:00+00:00, run_after=2024-03-08T00:00:00+00:00
[2024-03-08T15:48:45.440+0000] {processor.py:176} INFO - Processing /opt/airflow/dags/producer.py took 0.072 seconds
[2024-03-08T15:49:16.506+0000] {processor.py:154} INFO - Started process (PID=159) to work on /opt/airflow/dags/producer.py
[2024-03-08T15:49:16.506+0000] {processor.py:756} INFO - Processing file /opt/airflow/dags/producer.py for tasks to queue
[2024-03-08T15:49:16.507+0000] {logging_mixin.py:120} INFO - [2024-03-08T15:49:16.507+0000] {dagbag.py:537} INFO - Filling up the DagBag from /opt/airflow/dags/producer.py
[2024-03-08T15:49:16.519+0000] {processor.py:766} INFO - DAG(s) dict_keys(['producer']) retrieved from /opt/airflow/dags/producer.py
[2024-03-08T15:49:16.542+0000] {logging_mixin.py:120} INFO - [2024-03-08T15:49:16.542+0000] {dag.py:2585} INFO - Sync 1 DAGs
[2024-03-08T15:49:16.554+0000] {logging_mixin.py:120} INFO - [2024-03-08T15:49:16.554+0000] {dag.py:3340} INFO - Setting next_dagrun for producer to 2024-03-07T00:00:00+00:00, run_after=2024-03-08T00:00:00+00:00
[2024-03-08T15:49:16.564+0000] {processor.py:176} INFO - Processing /opt/airflow/dags/producer.py took 0.060 seconds
[2024-03-08T15:49:47.358+0000] {processor.py:154} INFO - Started process (PID=196) to work on /opt/airflow/dags/producer.py
[2024-03-08T15:49:47.358+0000] {processor.py:756} INFO - Processing file /opt/airflow/dags/producer.py for tasks to queue
[2024-03-08T15:49:47.359+0000] {logging_mixin.py:120} INFO - [2024-03-08T15:49:47.359+0000] {dagbag.py:537} INFO - Filling up the DagBag from /opt/airflow/dags/producer.py
[2024-03-08T15:49:47.371+0000] {processor.py:766} INFO - DAG(s) dict_keys(['producer']) retrieved from /opt/airflow/dags/producer.py
[2024-03-08T15:49:47.390+0000] {logging_mixin.py:120} INFO - [2024-03-08T15:49:47.389+0000] {dag.py:2585} INFO - Sync 1 DAGs
[2024-03-08T15:49:47.401+0000] {logging_mixin.py:120} INFO - [2024-03-08T15:49:47.401+0000] {dag.py:3340} INFO - Setting next_dagrun for producer to 2024-03-07T00:00:00+00:00, run_after=2024-03-08T00:00:00+00:00
[2024-03-08T15:49:47.411+0000] {processor.py:176} INFO - Processing /opt/airflow/dags/producer.py took 0.055 seconds
[2024-03-08T15:50:18.298+0000] {processor.py:154} INFO - Started process (PID=233) to work on /opt/airflow/dags/producer.py
[2024-03-08T15:50:18.299+0000] {processor.py:756} INFO - Processing file /opt/airflow/dags/producer.py for tasks to queue
[2024-03-08T15:50:18.300+0000] {logging_mixin.py:120} INFO - [2024-03-08T15:50:18.299+0000] {dagbag.py:537} INFO - Filling up the DagBag from /opt/airflow/dags/producer.py
[2024-03-08T15:50:18.312+0000] {processor.py:766} INFO - DAG(s) dict_keys(['producer']) retrieved from /opt/airflow/dags/producer.py
[2024-03-08T15:50:18.332+0000] {logging_mixin.py:120} INFO - [2024-03-08T15:50:18.332+0000] {dag.py:2585} INFO - Sync 1 DAGs
[2024-03-08T15:50:18.344+0000] {logging_mixin.py:120} INFO - [2024-03-08T15:50:18.344+0000] {dag.py:3340} INFO - Setting next_dagrun for producer to 2024-03-07T00:00:00+00:00, run_after=2024-03-08T00:00:00+00:00
[2024-03-08T15:50:18.354+0000] {processor.py:176} INFO - Processing /opt/airflow/dags/producer.py took 0.058 seconds
[2024-03-08T15:50:49.085+0000] {processor.py:154} INFO - Started process (PID=271) to work on /opt/airflow/dags/producer.py
[2024-03-08T15:50:49.085+0000] {processor.py:756} INFO - Processing file /opt/airflow/dags/producer.py for tasks to queue
[2024-03-08T15:50:49.086+0000] {logging_mixin.py:120} INFO - [2024-03-08T15:50:49.086+0000] {dagbag.py:537} INFO - Filling up the DagBag from /opt/airflow/dags/producer.py
[2024-03-08T15:50:49.098+0000] {processor.py:766} INFO - DAG(s) dict_keys(['producer']) retrieved from /opt/airflow/dags/producer.py
[2024-03-08T15:50:49.117+0000] {logging_mixin.py:120} INFO - [2024-03-08T15:50:49.117+0000] {dag.py:2585} INFO - Sync 1 DAGs
[2024-03-08T15:50:49.130+0000] {logging_mixin.py:120} INFO - [2024-03-08T15:50:49.130+0000] {dag.py:3340} INFO - Setting next_dagrun for producer to 2024-03-07T00:00:00+00:00, run_after=2024-03-08T00:00:00+00:00
[2024-03-08T15:50:49.140+0000] {processor.py:176} INFO - Processing /opt/airflow/dags/producer.py took 0.058 seconds
[2024-03-08T15:51:20.242+0000] {processor.py:154} INFO - Started process (PID=309) to work on /opt/airflow/dags/producer.py
[2024-03-08T15:51:20.243+0000] {processor.py:756} INFO - Processing file /opt/airflow/dags/producer.py for tasks to queue
[2024-03-08T15:51:20.243+0000] {logging_mixin.py:120} INFO - [2024-03-08T15:51:20.243+0000] {dagbag.py:537} INFO - Filling up the DagBag from /opt/airflow/dags/producer.py
[2024-03-08T15:51:20.256+0000] {processor.py:766} INFO - DAG(s) dict_keys(['producer']) retrieved from /opt/airflow/dags/producer.py
[2024-03-08T15:51:20.275+0000] {logging_mixin.py:120} INFO - [2024-03-08T15:51:20.275+0000] {dag.py:2585} INFO - Sync 1 DAGs
[2024-03-08T15:51:20.288+0000] {logging_mixin.py:120} INFO - [2024-03-08T15:51:20.288+0000] {dag.py:3340} INFO - Setting next_dagrun for producer to 2024-03-07T00:00:00+00:00, run_after=2024-03-08T00:00:00+00:00
[2024-03-08T15:51:20.298+0000] {processor.py:176} INFO - Processing /opt/airflow/dags/producer.py took 0.058 seconds
[2024-03-08T15:51:51.197+0000] {processor.py:154} INFO - Started process (PID=344) to work on /opt/airflow/dags/producer.py
[2024-03-08T15:51:51.198+0000] {processor.py:756} INFO - Processing file /opt/airflow/dags/producer.py for tasks to queue
[2024-03-08T15:51:51.198+0000] {logging_mixin.py:120} INFO - [2024-03-08T15:51:51.198+0000] {dagbag.py:537} INFO - Filling up the DagBag from /opt/airflow/dags/producer.py
[2024-03-08T15:51:51.216+0000] {processor.py:766} INFO - DAG(s) dict_keys(['producer']) retrieved from /opt/airflow/dags/producer.py
[2024-03-08T15:51:51.240+0000] {logging_mixin.py:120} INFO - [2024-03-08T15:51:51.240+0000] {dag.py:2585} INFO - Sync 1 DAGs
[2024-03-08T15:51:51.254+0000] {logging_mixin.py:120} INFO - [2024-03-08T15:51:51.254+0000] {dag.py:3340} INFO - Setting next_dagrun for producer to 2024-03-07T00:00:00+00:00, run_after=2024-03-08T00:00:00+00:00
[2024-03-08T15:51:51.265+0000] {processor.py:176} INFO - Processing /opt/airflow/dags/producer.py took 0.070 seconds
[2024-03-08T15:52:22.076+0000] {processor.py:154} INFO - Started process (PID=374) to work on /opt/airflow/dags/producer.py
[2024-03-08T15:52:22.077+0000] {processor.py:756} INFO - Processing file /opt/airflow/dags/producer.py for tasks to queue
[2024-03-08T15:52:22.077+0000] {logging_mixin.py:120} INFO - [2024-03-08T15:52:22.077+0000] {dagbag.py:537} INFO - Filling up the DagBag from /opt/airflow/dags/producer.py
[2024-03-08T15:52:22.089+0000] {processor.py:766} INFO - DAG(s) dict_keys(['producer']) retrieved from /opt/airflow/dags/producer.py
[2024-03-08T15:52:22.109+0000] {logging_mixin.py:120} INFO - [2024-03-08T15:52:22.109+0000] {dag.py:2585} INFO - Sync 1 DAGs
[2024-03-08T15:52:22.121+0000] {logging_mixin.py:120} INFO - [2024-03-08T15:52:22.121+0000] {dag.py:3340} INFO - Setting next_dagrun for producer to 2024-03-07T00:00:00+00:00, run_after=2024-03-08T00:00:00+00:00
[2024-03-08T15:52:22.132+0000] {processor.py:176} INFO - Processing /opt/airflow/dags/producer.py took 0.058 seconds
[2024-03-08T15:52:53.037+0000] {processor.py:154} INFO - Started process (PID=411) to work on /opt/airflow/dags/producer.py
[2024-03-08T15:52:53.038+0000] {processor.py:756} INFO - Processing file /opt/airflow/dags/producer.py for tasks to queue
[2024-03-08T15:52:53.038+0000] {logging_mixin.py:120} INFO - [2024-03-08T15:52:53.038+0000] {dagbag.py:537} INFO - Filling up the DagBag from /opt/airflow/dags/producer.py
[2024-03-08T15:52:53.050+0000] {processor.py:766} INFO - DAG(s) dict_keys(['producer']) retrieved from /opt/airflow/dags/producer.py
[2024-03-08T15:52:53.070+0000] {logging_mixin.py:120} INFO - [2024-03-08T15:52:53.070+0000] {dag.py:2585} INFO - Sync 1 DAGs
[2024-03-08T15:52:53.083+0000] {logging_mixin.py:120} INFO - [2024-03-08T15:52:53.083+0000] {dag.py:3340} INFO - Setting next_dagrun for producer to 2024-03-07T00:00:00+00:00, run_after=2024-03-08T00:00:00+00:00
[2024-03-08T15:52:53.093+0000] {processor.py:176} INFO - Processing /opt/airflow/dags/producer.py took 0.057 seconds
[2024-03-08T15:53:23.907+0000] {processor.py:154} INFO - Started process (PID=449) to work on /opt/airflow/dags/producer.py
[2024-03-08T15:53:23.908+0000] {processor.py:756} INFO - Processing file /opt/airflow/dags/producer.py for tasks to queue
[2024-03-08T15:53:23.908+0000] {logging_mixin.py:120} INFO - [2024-03-08T15:53:23.908+0000] {dagbag.py:537} INFO - Filling up the DagBag from /opt/airflow/dags/producer.py
[2024-03-08T15:53:23.921+0000] {processor.py:766} INFO - DAG(s) dict_keys(['producer']) retrieved from /opt/airflow/dags/producer.py
[2024-03-08T15:53:23.967+0000] {logging_mixin.py:120} INFO - [2024-03-08T15:53:23.967+0000] {dag.py:2585} INFO - Sync 1 DAGs
[2024-03-08T15:53:23.981+0000] {logging_mixin.py:120} INFO - [2024-03-08T15:53:23.981+0000] {dag.py:3340} INFO - Setting next_dagrun for producer to 2024-03-07T00:00:00+00:00, run_after=2024-03-08T00:00:00+00:00
[2024-03-08T15:53:23.994+0000] {processor.py:176} INFO - Processing /opt/airflow/dags/producer.py took 0.088 seconds
[2024-03-08T15:53:55.026+0000] {processor.py:154} INFO - Started process (PID=486) to work on /opt/airflow/dags/producer.py
[2024-03-08T15:53:55.027+0000] {processor.py:756} INFO - Processing file /opt/airflow/dags/producer.py for tasks to queue
[2024-03-08T15:53:55.028+0000] {logging_mixin.py:120} INFO - [2024-03-08T15:53:55.028+0000] {dagbag.py:537} INFO - Filling up the DagBag from /opt/airflow/dags/producer.py
[2024-03-08T15:53:55.041+0000] {processor.py:766} INFO - DAG(s) dict_keys(['producer']) retrieved from /opt/airflow/dags/producer.py
[2024-03-08T15:53:55.060+0000] {logging_mixin.py:120} INFO - [2024-03-08T15:53:55.060+0000] {dag.py:2585} INFO - Sync 1 DAGs
[2024-03-08T15:53:55.073+0000] {logging_mixin.py:120} INFO - [2024-03-08T15:53:55.073+0000] {dag.py:3340} INFO - Setting next_dagrun for producer to 2024-03-07T00:00:00+00:00, run_after=2024-03-08T00:00:00+00:00
[2024-03-08T15:53:55.085+0000] {processor.py:176} INFO - Processing /opt/airflow/dags/producer.py took 0.061 seconds
[2024-03-08T15:54:26.159+0000] {processor.py:154} INFO - Started process (PID=522) to work on /opt/airflow/dags/producer.py
[2024-03-08T15:54:26.160+0000] {processor.py:756} INFO - Processing file /opt/airflow/dags/producer.py for tasks to queue
[2024-03-08T15:54:26.161+0000] {logging_mixin.py:120} INFO - [2024-03-08T15:54:26.160+0000] {dagbag.py:537} INFO - Filling up the DagBag from /opt/airflow/dags/producer.py
[2024-03-08T15:54:26.174+0000] {processor.py:766} INFO - DAG(s) dict_keys(['producer']) retrieved from /opt/airflow/dags/producer.py
[2024-03-08T15:54:26.194+0000] {logging_mixin.py:120} INFO - [2024-03-08T15:54:26.194+0000] {dag.py:2585} INFO - Sync 1 DAGs
[2024-03-08T15:54:26.207+0000] {logging_mixin.py:120} INFO - [2024-03-08T15:54:26.207+0000] {dag.py:3340} INFO - Setting next_dagrun for producer to 2024-03-07T00:00:00+00:00, run_after=2024-03-08T00:00:00+00:00
[2024-03-08T15:54:26.217+0000] {processor.py:176} INFO - Processing /opt/airflow/dags/producer.py took 0.060 seconds
[2024-03-08T15:54:57.186+0000] {processor.py:154} INFO - Started process (PID=559) to work on /opt/airflow/dags/producer.py
[2024-03-08T15:54:57.188+0000] {processor.py:756} INFO - Processing file /opt/airflow/dags/producer.py for tasks to queue
[2024-03-08T15:54:57.190+0000] {logging_mixin.py:120} INFO - [2024-03-08T15:54:57.189+0000] {dagbag.py:537} INFO - Filling up the DagBag from /opt/airflow/dags/producer.py
[2024-03-08T15:54:57.208+0000] {processor.py:766} INFO - DAG(s) dict_keys(['producer']) retrieved from /opt/airflow/dags/producer.py
[2024-03-08T15:54:57.233+0000] {logging_mixin.py:120} INFO - [2024-03-08T15:54:57.233+0000] {dag.py:2585} INFO - Sync 1 DAGs
[2024-03-08T15:54:57.251+0000] {logging_mixin.py:120} INFO - [2024-03-08T15:54:57.251+0000] {dag.py:3340} INFO - Setting next_dagrun for producer to 2024-03-07T00:00:00+00:00, run_after=2024-03-08T00:00:00+00:00
[2024-03-08T15:54:57.265+0000] {processor.py:176} INFO - Processing /opt/airflow/dags/producer.py took 0.081 seconds
[2024-03-08T15:55:28.094+0000] {processor.py:154} INFO - Started process (PID=587) to work on /opt/airflow/dags/producer.py
[2024-03-08T15:55:28.095+0000] {processor.py:756} INFO - Processing file /opt/airflow/dags/producer.py for tasks to queue
[2024-03-08T15:55:28.095+0000] {logging_mixin.py:120} INFO - [2024-03-08T15:55:28.095+0000] {dagbag.py:537} INFO - Filling up the DagBag from /opt/airflow/dags/producer.py
[2024-03-08T15:55:28.107+0000] {processor.py:766} INFO - DAG(s) dict_keys(['producer']) retrieved from /opt/airflow/dags/producer.py
[2024-03-08T15:55:28.127+0000] {logging_mixin.py:120} INFO - [2024-03-08T15:55:28.127+0000] {dag.py:2585} INFO - Sync 1 DAGs
[2024-03-08T15:55:28.139+0000] {logging_mixin.py:120} INFO - [2024-03-08T15:55:28.139+0000] {dag.py:3340} INFO - Setting next_dagrun for producer to 2024-03-07T00:00:00+00:00, run_after=2024-03-08T00:00:00+00:00
[2024-03-08T15:55:28.149+0000] {processor.py:176} INFO - Processing /opt/airflow/dags/producer.py took 0.056 seconds
[2024-03-08T15:55:59.047+0000] {processor.py:154} INFO - Started process (PID=624) to work on /opt/airflow/dags/producer.py
[2024-03-08T15:55:59.048+0000] {processor.py:756} INFO - Processing file /opt/airflow/dags/producer.py for tasks to queue
[2024-03-08T15:55:59.049+0000] {logging_mixin.py:120} INFO - [2024-03-08T15:55:59.049+0000] {dagbag.py:537} INFO - Filling up the DagBag from /opt/airflow/dags/producer.py
[2024-03-08T15:55:59.061+0000] {processor.py:766} INFO - DAG(s) dict_keys(['producer']) retrieved from /opt/airflow/dags/producer.py
[2024-03-08T15:55:59.080+0000] {logging_mixin.py:120} INFO - [2024-03-08T15:55:59.080+0000] {dag.py:2585} INFO - Sync 1 DAGs
[2024-03-08T15:55:59.091+0000] {logging_mixin.py:120} INFO - [2024-03-08T15:55:59.091+0000] {dag.py:3340} INFO - Setting next_dagrun for producer to 2024-03-07T00:00:00+00:00, run_after=2024-03-08T00:00:00+00:00
[2024-03-08T15:55:59.102+0000] {processor.py:176} INFO - Processing /opt/airflow/dags/producer.py took 0.056 seconds
[2024-03-08T15:56:30.055+0000] {processor.py:154} INFO - Started process (PID=661) to work on /opt/airflow/dags/producer.py
[2024-03-08T15:56:30.055+0000] {processor.py:756} INFO - Processing file /opt/airflow/dags/producer.py for tasks to queue
[2024-03-08T15:56:30.056+0000] {logging_mixin.py:120} INFO - [2024-03-08T15:56:30.056+0000] {dagbag.py:537} INFO - Filling up the DagBag from /opt/airflow/dags/producer.py
[2024-03-08T15:56:30.069+0000] {processor.py:766} INFO - DAG(s) dict_keys(['producer']) retrieved from /opt/airflow/dags/producer.py
[2024-03-08T15:56:30.088+0000] {logging_mixin.py:120} INFO - [2024-03-08T15:56:30.088+0000] {dag.py:2585} INFO - Sync 1 DAGs
[2024-03-08T15:56:30.101+0000] {logging_mixin.py:120} INFO - [2024-03-08T15:56:30.100+0000] {dag.py:3340} INFO - Setting next_dagrun for producer to 2024-03-07T00:00:00+00:00, run_after=2024-03-08T00:00:00+00:00
[2024-03-08T15:56:30.111+0000] {processor.py:176} INFO - Processing /opt/airflow/dags/producer.py took 0.058 seconds
[2024-03-08T15:57:00.925+0000] {processor.py:154} INFO - Started process (PID=698) to work on /opt/airflow/dags/producer.py
[2024-03-08T15:57:00.926+0000] {processor.py:756} INFO - Processing file /opt/airflow/dags/producer.py for tasks to queue
[2024-03-08T15:57:00.926+0000] {logging_mixin.py:120} INFO - [2024-03-08T15:57:00.926+0000] {dagbag.py:537} INFO - Filling up the DagBag from /opt/airflow/dags/producer.py
[2024-03-08T15:57:00.938+0000] {processor.py:766} INFO - DAG(s) dict_keys(['producer']) retrieved from /opt/airflow/dags/producer.py
[2024-03-08T15:57:00.958+0000] {logging_mixin.py:120} INFO - [2024-03-08T15:57:00.958+0000] {dag.py:2585} INFO - Sync 1 DAGs
[2024-03-08T15:57:00.970+0000] {logging_mixin.py:120} INFO - [2024-03-08T15:57:00.970+0000] {dag.py:3340} INFO - Setting next_dagrun for producer to 2024-03-07T00:00:00+00:00, run_after=2024-03-08T00:00:00+00:00
[2024-03-08T15:57:00.980+0000] {processor.py:176} INFO - Processing /opt/airflow/dags/producer.py took 0.056 seconds
[2024-03-08T15:57:31.917+0000] {processor.py:154} INFO - Started process (PID=735) to work on /opt/airflow/dags/producer.py
[2024-03-08T15:57:31.918+0000] {processor.py:756} INFO - Processing file /opt/airflow/dags/producer.py for tasks to queue
[2024-03-08T15:57:31.918+0000] {logging_mixin.py:120} INFO - [2024-03-08T15:57:31.918+0000] {dagbag.py:537} INFO - Filling up the DagBag from /opt/airflow/dags/producer.py
[2024-03-08T15:57:31.930+0000] {processor.py:766} INFO - DAG(s) dict_keys(['producer']) retrieved from /opt/airflow/dags/producer.py
[2024-03-08T15:57:31.949+0000] {logging_mixin.py:120} INFO - [2024-03-08T15:57:31.949+0000] {dag.py:2585} INFO - Sync 1 DAGs
[2024-03-08T15:57:31.962+0000] {logging_mixin.py:120} INFO - [2024-03-08T15:57:31.962+0000] {dag.py:3340} INFO - Setting next_dagrun for producer to 2024-03-07T00:00:00+00:00, run_after=2024-03-08T00:00:00+00:00
[2024-03-08T15:57:31.973+0000] {processor.py:176} INFO - Processing /opt/airflow/dags/producer.py took 0.058 seconds
[2024-03-08T15:58:02.833+0000] {processor.py:154} INFO - Started process (PID=772) to work on /opt/airflow/dags/producer.py
[2024-03-08T15:58:02.835+0000] {processor.py:756} INFO - Processing file /opt/airflow/dags/producer.py for tasks to queue
[2024-03-08T15:58:02.840+0000] {logging_mixin.py:120} INFO - [2024-03-08T15:58:02.840+0000] {dagbag.py:537} INFO - Filling up the DagBag from /opt/airflow/dags/producer.py
[2024-03-08T15:58:02.907+0000] {processor.py:766} INFO - DAG(s) dict_keys(['producer']) retrieved from /opt/airflow/dags/producer.py
[2024-03-08T15:58:02.933+0000] {logging_mixin.py:120} INFO - [2024-03-08T15:58:02.933+0000] {dag.py:2585} INFO - Sync 1 DAGs
[2024-03-08T15:58:02.948+0000] {logging_mixin.py:120} INFO - [2024-03-08T15:58:02.948+0000] {dag.py:3340} INFO - Setting next_dagrun for producer to 2024-03-07T00:00:00+00:00, run_after=2024-03-08T00:00:00+00:00
[2024-03-08T15:58:02.959+0000] {processor.py:176} INFO - Processing /opt/airflow/dags/producer.py took 0.159 seconds
[2024-03-08T15:58:34.198+0000] {processor.py:154} INFO - Started process (PID=809) to work on /opt/airflow/dags/producer.py
[2024-03-08T15:58:34.199+0000] {processor.py:756} INFO - Processing file /opt/airflow/dags/producer.py for tasks to queue
[2024-03-08T15:58:34.201+0000] {logging_mixin.py:120} INFO - [2024-03-08T15:58:34.200+0000] {dagbag.py:537} INFO - Filling up the DagBag from /opt/airflow/dags/producer.py
[2024-03-08T15:58:34.220+0000] {processor.py:766} INFO - DAG(s) dict_keys(['producer']) retrieved from /opt/airflow/dags/producer.py
[2024-03-08T15:58:34.248+0000] {logging_mixin.py:120} INFO - [2024-03-08T15:58:34.247+0000] {dag.py:2585} INFO - Sync 1 DAGs
[2024-03-08T15:58:34.267+0000] {logging_mixin.py:120} INFO - [2024-03-08T15:58:34.266+0000] {dag.py:3340} INFO - Setting next_dagrun for producer to 2024-03-07T00:00:00+00:00, run_after=2024-03-08T00:00:00+00:00
[2024-03-08T15:58:34.287+0000] {processor.py:176} INFO - Processing /opt/airflow/dags/producer.py took 0.092 seconds
[2024-03-08T15:59:04.565+0000] {processor.py:154} INFO - Started process (PID=837) to work on /opt/airflow/dags/producer.py
[2024-03-08T15:59:04.566+0000] {processor.py:756} INFO - Processing file /opt/airflow/dags/producer.py for tasks to queue
[2024-03-08T15:59:04.567+0000] {logging_mixin.py:120} INFO - [2024-03-08T15:59:04.567+0000] {dagbag.py:537} INFO - Filling up the DagBag from /opt/airflow/dags/producer.py
[2024-03-08T15:59:04.582+0000] {processor.py:766} INFO - DAG(s) dict_keys(['producer']) retrieved from /opt/airflow/dags/producer.py
[2024-03-08T15:59:04.617+0000] {logging_mixin.py:120} INFO - [2024-03-08T15:59:04.617+0000] {dag.py:2585} INFO - Sync 1 DAGs
[2024-03-08T15:59:04.634+0000] {logging_mixin.py:120} INFO - [2024-03-08T15:59:04.634+0000] {dag.py:3340} INFO - Setting next_dagrun for producer to 2024-03-07T00:00:00+00:00, run_after=2024-03-08T00:00:00+00:00
[2024-03-08T15:59:04.645+0000] {processor.py:176} INFO - Processing /opt/airflow/dags/producer.py took 0.082 seconds
[2024-03-08T15:59:35.602+0000] {processor.py:154} INFO - Started process (PID=874) to work on /opt/airflow/dags/producer.py
[2024-03-08T15:59:35.602+0000] {processor.py:756} INFO - Processing file /opt/airflow/dags/producer.py for tasks to queue
[2024-03-08T15:59:35.603+0000] {logging_mixin.py:120} INFO - [2024-03-08T15:59:35.603+0000] {dagbag.py:537} INFO - Filling up the DagBag from /opt/airflow/dags/producer.py
[2024-03-08T15:59:35.617+0000] {processor.py:766} INFO - DAG(s) dict_keys(['producer']) retrieved from /opt/airflow/dags/producer.py
[2024-03-08T15:59:35.637+0000] {logging_mixin.py:120} INFO - [2024-03-08T15:59:35.637+0000] {dag.py:2585} INFO - Sync 1 DAGs
[2024-03-08T15:59:35.650+0000] {logging_mixin.py:120} INFO - [2024-03-08T15:59:35.650+0000] {dag.py:3340} INFO - Setting next_dagrun for producer to 2024-03-07T00:00:00+00:00, run_after=2024-03-08T00:00:00+00:00
[2024-03-08T15:59:35.660+0000] {processor.py:176} INFO - Processing /opt/airflow/dags/producer.py took 0.061 seconds
[2024-03-08T16:00:06.873+0000] {processor.py:154} INFO - Started process (PID=910) to work on /opt/airflow/dags/producer.py
[2024-03-08T16:00:06.874+0000] {processor.py:756} INFO - Processing file /opt/airflow/dags/producer.py for tasks to queue
[2024-03-08T16:00:06.875+0000] {logging_mixin.py:120} INFO - [2024-03-08T16:00:06.875+0000] {dagbag.py:537} INFO - Filling up the DagBag from /opt/airflow/dags/producer.py
[2024-03-08T16:00:06.891+0000] {processor.py:766} INFO - DAG(s) dict_keys(['producer']) retrieved from /opt/airflow/dags/producer.py
[2024-03-08T16:00:06.915+0000] {logging_mixin.py:120} INFO - [2024-03-08T16:00:06.915+0000] {dag.py:2585} INFO - Sync 1 DAGs
[2024-03-08T16:00:06.931+0000] {logging_mixin.py:120} INFO - [2024-03-08T16:00:06.931+0000] {dag.py:3340} INFO - Setting next_dagrun for producer to 2024-03-07T00:00:00+00:00, run_after=2024-03-08T00:00:00+00:00
[2024-03-08T16:00:06.942+0000] {processor.py:176} INFO - Processing /opt/airflow/dags/producer.py took 0.071 seconds
[2024-03-08T16:00:37.960+0000] {processor.py:154} INFO - Started process (PID=947) to work on /opt/airflow/dags/producer.py
[2024-03-08T16:00:37.961+0000] {processor.py:756} INFO - Processing file /opt/airflow/dags/producer.py for tasks to queue
[2024-03-08T16:00:37.961+0000] {logging_mixin.py:120} INFO - [2024-03-08T16:00:37.961+0000] {dagbag.py:537} INFO - Filling up the DagBag from /opt/airflow/dags/producer.py
[2024-03-08T16:00:37.974+0000] {processor.py:766} INFO - DAG(s) dict_keys(['producer']) retrieved from /opt/airflow/dags/producer.py
[2024-03-08T16:00:37.993+0000] {logging_mixin.py:120} INFO - [2024-03-08T16:00:37.993+0000] {dag.py:2585} INFO - Sync 1 DAGs
[2024-03-08T16:00:38.004+0000] {logging_mixin.py:120} INFO - [2024-03-08T16:00:38.004+0000] {dag.py:3340} INFO - Setting next_dagrun for producer to 2024-03-07T00:00:00+00:00, run_after=2024-03-08T00:00:00+00:00
[2024-03-08T16:00:38.014+0000] {processor.py:176} INFO - Processing /opt/airflow/dags/producer.py took 0.055 seconds
[2024-03-08T16:01:08.865+0000] {processor.py:154} INFO - Started process (PID=984) to work on /opt/airflow/dags/producer.py
[2024-03-08T16:01:08.866+0000] {processor.py:756} INFO - Processing file /opt/airflow/dags/producer.py for tasks to queue
[2024-03-08T16:01:08.866+0000] {logging_mixin.py:120} INFO - [2024-03-08T16:01:08.866+0000] {dagbag.py:537} INFO - Filling up the DagBag from /opt/airflow/dags/producer.py
[2024-03-08T16:01:08.878+0000] {processor.py:766} INFO - DAG(s) dict_keys(['producer']) retrieved from /opt/airflow/dags/producer.py
[2024-03-08T16:01:08.898+0000] {logging_mixin.py:120} INFO - [2024-03-08T16:01:08.898+0000] {dag.py:2585} INFO - Sync 1 DAGs
[2024-03-08T16:01:08.910+0000] {logging_mixin.py:120} INFO - [2024-03-08T16:01:08.910+0000] {dag.py:3340} INFO - Setting next_dagrun for producer to 2024-03-07T00:00:00+00:00, run_after=2024-03-08T00:00:00+00:00
[2024-03-08T16:01:08.919+0000] {processor.py:176} INFO - Processing /opt/airflow/dags/producer.py took 0.056 seconds
[2024-03-08T16:01:39.890+0000] {processor.py:154} INFO - Started process (PID=1012) to work on /opt/airflow/dags/producer.py
[2024-03-08T16:01:39.891+0000] {processor.py:756} INFO - Processing file /opt/airflow/dags/producer.py for tasks to queue
[2024-03-08T16:01:39.891+0000] {logging_mixin.py:120} INFO - [2024-03-08T16:01:39.891+0000] {dagbag.py:537} INFO - Filling up the DagBag from /opt/airflow/dags/producer.py
[2024-03-08T16:01:39.904+0000] {processor.py:766} INFO - DAG(s) dict_keys(['producer']) retrieved from /opt/airflow/dags/producer.py
[2024-03-08T16:01:39.923+0000] {logging_mixin.py:120} INFO - [2024-03-08T16:01:39.923+0000] {dag.py:2585} INFO - Sync 1 DAGs
[2024-03-08T16:01:39.935+0000] {logging_mixin.py:120} INFO - [2024-03-08T16:01:39.935+0000] {dag.py:3340} INFO - Setting next_dagrun for producer to 2024-03-07T00:00:00+00:00, run_after=2024-03-08T00:00:00+00:00
[2024-03-08T16:01:39.945+0000] {processor.py:176} INFO - Processing /opt/airflow/dags/producer.py took 0.056 seconds
[2024-03-08T16:02:10.789+0000] {processor.py:154} INFO - Started process (PID=1048) to work on /opt/airflow/dags/producer.py
[2024-03-08T16:02:10.789+0000] {processor.py:756} INFO - Processing file /opt/airflow/dags/producer.py for tasks to queue
[2024-03-08T16:02:10.790+0000] {logging_mixin.py:120} INFO - [2024-03-08T16:02:10.790+0000] {dagbag.py:537} INFO - Filling up the DagBag from /opt/airflow/dags/producer.py
[2024-03-08T16:02:10.803+0000] {processor.py:766} INFO - DAG(s) dict_keys(['producer']) retrieved from /opt/airflow/dags/producer.py
[2024-03-08T16:02:10.824+0000] {logging_mixin.py:120} INFO - [2024-03-08T16:02:10.824+0000] {dag.py:2585} INFO - Sync 1 DAGs
[2024-03-08T16:02:10.836+0000] {logging_mixin.py:120} INFO - [2024-03-08T16:02:10.836+0000] {dag.py:3340} INFO - Setting next_dagrun for producer to 2024-03-07T00:00:00+00:00, run_after=2024-03-08T00:00:00+00:00
[2024-03-08T16:02:10.847+0000] {processor.py:176} INFO - Processing /opt/airflow/dags/producer.py took 0.060 seconds
[2024-03-08T16:02:41.566+0000] {processor.py:154} INFO - Started process (PID=1085) to work on /opt/airflow/dags/producer.py
[2024-03-08T16:02:41.567+0000] {processor.py:756} INFO - Processing file /opt/airflow/dags/producer.py for tasks to queue
[2024-03-08T16:02:41.567+0000] {logging_mixin.py:120} INFO - [2024-03-08T16:02:41.567+0000] {dagbag.py:537} INFO - Filling up the DagBag from /opt/airflow/dags/producer.py
[2024-03-08T16:02:41.580+0000] {processor.py:766} INFO - DAG(s) dict_keys(['producer']) retrieved from /opt/airflow/dags/producer.py
[2024-03-08T16:02:41.600+0000] {logging_mixin.py:120} INFO - [2024-03-08T16:02:41.600+0000] {dag.py:2585} INFO - Sync 1 DAGs
[2024-03-08T16:02:41.613+0000] {logging_mixin.py:120} INFO - [2024-03-08T16:02:41.613+0000] {dag.py:3340} INFO - Setting next_dagrun for producer to 2024-03-07T00:00:00+00:00, run_after=2024-03-08T00:00:00+00:00
[2024-03-08T16:02:41.624+0000] {processor.py:176} INFO - Processing /opt/airflow/dags/producer.py took 0.059 seconds
[2024-03-08T16:42:12.243+0000] {processor.py:154} INFO - Started process (PID=1113) to work on /opt/airflow/dags/producer.py
[2024-03-08T16:42:12.264+0000] {processor.py:756} INFO - Processing file /opt/airflow/dags/producer.py for tasks to queue
[2024-03-08T16:42:12.267+0000] {logging_mixin.py:120} INFO - [2024-03-08T16:42:12.266+0000] {dagbag.py:537} INFO - Filling up the DagBag from /opt/airflow/dags/producer.py
[2024-03-08T16:42:12.319+0000] {processor.py:766} INFO - DAG(s) dict_keys(['producer']) retrieved from /opt/airflow/dags/producer.py
[2024-03-08T16:42:12.447+0000] {logging_mixin.py:120} INFO - [2024-03-08T16:42:12.446+0000] {dag.py:2585} INFO - Sync 1 DAGs
[2024-03-08T16:42:12.491+0000] {logging_mixin.py:120} INFO - [2024-03-08T16:42:12.491+0000] {dag.py:3340} INFO - Setting next_dagrun for producer to 2024-03-07T00:00:00+00:00, run_after=2024-03-08T00:00:00+00:00
[2024-03-08T16:42:12.540+0000] {processor.py:176} INFO - Processing /opt/airflow/dags/producer.py took 0.307 seconds
[2024-03-08T16:42:43.207+0000] {processor.py:154} INFO - Started process (PID=1141) to work on /opt/airflow/dags/producer.py
[2024-03-08T16:42:43.208+0000] {processor.py:756} INFO - Processing file /opt/airflow/dags/producer.py for tasks to queue
[2024-03-08T16:42:43.208+0000] {logging_mixin.py:120} INFO - [2024-03-08T16:42:43.208+0000] {dagbag.py:537} INFO - Filling up the DagBag from /opt/airflow/dags/producer.py
[2024-03-08T16:42:43.220+0000] {processor.py:766} INFO - DAG(s) dict_keys(['producer']) retrieved from /opt/airflow/dags/producer.py
[2024-03-08T16:42:43.239+0000] {logging_mixin.py:120} INFO - [2024-03-08T16:42:43.239+0000] {dag.py:2585} INFO - Sync 1 DAGs
[2024-03-08T16:42:43.252+0000] {logging_mixin.py:120} INFO - [2024-03-08T16:42:43.252+0000] {dag.py:3340} INFO - Setting next_dagrun for producer to 2024-03-07T00:00:00+00:00, run_after=2024-03-08T00:00:00+00:00
[2024-03-08T16:42:43.261+0000] {processor.py:176} INFO - Processing /opt/airflow/dags/producer.py took 0.057 seconds
[2024-03-08T16:43:13.371+0000] {processor.py:154} INFO - Started process (PID=1177) to work on /opt/airflow/dags/producer.py
[2024-03-08T16:43:13.372+0000] {processor.py:756} INFO - Processing file /opt/airflow/dags/producer.py for tasks to queue
[2024-03-08T16:43:13.372+0000] {logging_mixin.py:120} INFO - [2024-03-08T16:43:13.372+0000] {dagbag.py:537} INFO - Filling up the DagBag from /opt/airflow/dags/producer.py
[2024-03-08T16:43:13.384+0000] {processor.py:766} INFO - DAG(s) dict_keys(['producer']) retrieved from /opt/airflow/dags/producer.py
[2024-03-08T16:43:13.403+0000] {logging_mixin.py:120} INFO - [2024-03-08T16:43:13.403+0000] {dag.py:2585} INFO - Sync 1 DAGs
[2024-03-08T16:43:13.415+0000] {logging_mixin.py:120} INFO - [2024-03-08T16:43:13.415+0000] {dag.py:3340} INFO - Setting next_dagrun for producer to 2024-03-07T00:00:00+00:00, run_after=2024-03-08T00:00:00+00:00
[2024-03-08T16:43:13.425+0000] {processor.py:176} INFO - Processing /opt/airflow/dags/producer.py took 0.056 seconds
[2024-03-08T16:43:44.127+0000] {processor.py:154} INFO - Started process (PID=1214) to work on /opt/airflow/dags/producer.py
[2024-03-08T16:43:44.128+0000] {processor.py:756} INFO - Processing file /opt/airflow/dags/producer.py for tasks to queue
[2024-03-08T16:43:44.129+0000] {logging_mixin.py:120} INFO - [2024-03-08T16:43:44.129+0000] {dagbag.py:537} INFO - Filling up the DagBag from /opt/airflow/dags/producer.py
[2024-03-08T16:43:44.142+0000] {processor.py:766} INFO - DAG(s) dict_keys(['producer']) retrieved from /opt/airflow/dags/producer.py
[2024-03-08T16:43:44.161+0000] {logging_mixin.py:120} INFO - [2024-03-08T16:43:44.160+0000] {dag.py:2585} INFO - Sync 1 DAGs
[2024-03-08T16:43:44.172+0000] {logging_mixin.py:120} INFO - [2024-03-08T16:43:44.172+0000] {dag.py:3340} INFO - Setting next_dagrun for producer to 2024-03-07T00:00:00+00:00, run_after=2024-03-08T00:00:00+00:00
[2024-03-08T16:43:44.182+0000] {processor.py:176} INFO - Processing /opt/airflow/dags/producer.py took 0.057 seconds
[2024-03-08T16:44:15.002+0000] {processor.py:154} INFO - Started process (PID=1251) to work on /opt/airflow/dags/producer.py
[2024-03-08T16:44:15.003+0000] {processor.py:756} INFO - Processing file /opt/airflow/dags/producer.py for tasks to queue
[2024-03-08T16:44:15.003+0000] {logging_mixin.py:120} INFO - [2024-03-08T16:44:15.003+0000] {dagbag.py:537} INFO - Filling up the DagBag from /opt/airflow/dags/producer.py
[2024-03-08T16:44:15.015+0000] {processor.py:766} INFO - DAG(s) dict_keys(['producer']) retrieved from /opt/airflow/dags/producer.py
[2024-03-08T16:44:15.039+0000] {logging_mixin.py:120} INFO - [2024-03-08T16:44:15.039+0000] {dag.py:2585} INFO - Sync 1 DAGs
[2024-03-08T16:44:15.059+0000] {logging_mixin.py:120} INFO - [2024-03-08T16:44:15.059+0000] {dag.py:3340} INFO - Setting next_dagrun for producer to 2024-03-07T00:00:00+00:00, run_after=2024-03-08T00:00:00+00:00
[2024-03-08T16:44:15.079+0000] {processor.py:176} INFO - Processing /opt/airflow/dags/producer.py took 0.079 seconds
[2024-03-08T16:44:45.836+0000] {processor.py:154} INFO - Started process (PID=1288) to work on /opt/airflow/dags/producer.py
[2024-03-08T16:44:45.836+0000] {processor.py:756} INFO - Processing file /opt/airflow/dags/producer.py for tasks to queue
[2024-03-08T16:44:45.837+0000] {logging_mixin.py:120} INFO - [2024-03-08T16:44:45.837+0000] {dagbag.py:537} INFO - Filling up the DagBag from /opt/airflow/dags/producer.py
[2024-03-08T16:44:45.849+0000] {processor.py:766} INFO - DAG(s) dict_keys(['producer']) retrieved from /opt/airflow/dags/producer.py
[2024-03-08T16:44:45.868+0000] {logging_mixin.py:120} INFO - [2024-03-08T16:44:45.868+0000] {dag.py:2585} INFO - Sync 1 DAGs
[2024-03-08T16:44:45.881+0000] {logging_mixin.py:120} INFO - [2024-03-08T16:44:45.881+0000] {dag.py:3340} INFO - Setting next_dagrun for producer to 2024-03-07T00:00:00+00:00, run_after=2024-03-08T00:00:00+00:00
[2024-03-08T16:44:45.890+0000] {processor.py:176} INFO - Processing /opt/airflow/dags/producer.py took 0.056 seconds
[2024-03-08T16:45:16.801+0000] {processor.py:154} INFO - Started process (PID=1325) to work on /opt/airflow/dags/producer.py
[2024-03-08T16:45:16.803+0000] {processor.py:756} INFO - Processing file /opt/airflow/dags/producer.py for tasks to queue
[2024-03-08T16:45:16.803+0000] {logging_mixin.py:120} INFO - [2024-03-08T16:45:16.803+0000] {dagbag.py:537} INFO - Filling up the DagBag from /opt/airflow/dags/producer.py
[2024-03-08T16:45:16.819+0000] {processor.py:766} INFO - DAG(s) dict_keys(['producer']) retrieved from /opt/airflow/dags/producer.py
[2024-03-08T16:45:16.840+0000] {logging_mixin.py:120} INFO - [2024-03-08T16:45:16.839+0000] {dag.py:2585} INFO - Sync 1 DAGs
[2024-03-08T16:45:16.853+0000] {logging_mixin.py:120} INFO - [2024-03-08T16:45:16.853+0000] {dag.py:3340} INFO - Setting next_dagrun for producer to 2024-03-07T00:00:00+00:00, run_after=2024-03-08T00:00:00+00:00
[2024-03-08T16:45:16.866+0000] {processor.py:176} INFO - Processing /opt/airflow/dags/producer.py took 0.068 seconds
[2024-03-08T16:45:47.795+0000] {processor.py:154} INFO - Started process (PID=1353) to work on /opt/airflow/dags/producer.py
[2024-03-08T16:45:47.797+0000] {processor.py:756} INFO - Processing file /opt/airflow/dags/producer.py for tasks to queue
[2024-03-08T16:45:47.798+0000] {logging_mixin.py:120} INFO - [2024-03-08T16:45:47.798+0000] {dagbag.py:537} INFO - Filling up the DagBag from /opt/airflow/dags/producer.py
[2024-03-08T16:45:47.820+0000] {processor.py:766} INFO - DAG(s) dict_keys(['producer']) retrieved from /opt/airflow/dags/producer.py
[2024-03-08T16:45:47.842+0000] {logging_mixin.py:120} INFO - [2024-03-08T16:45:47.842+0000] {dag.py:2585} INFO - Sync 1 DAGs
[2024-03-08T16:45:47.856+0000] {logging_mixin.py:120} INFO - [2024-03-08T16:45:47.856+0000] {dag.py:3340} INFO - Setting next_dagrun for producer to 2024-03-07T00:00:00+00:00, run_after=2024-03-08T00:00:00+00:00
[2024-03-08T16:45:47.869+0000] {processor.py:176} INFO - Processing /opt/airflow/dags/producer.py took 0.080 seconds
[2024-03-08T16:46:18.628+0000] {processor.py:154} INFO - Started process (PID=1390) to work on /opt/airflow/dags/producer.py
[2024-03-08T16:46:18.629+0000] {processor.py:756} INFO - Processing file /opt/airflow/dags/producer.py for tasks to queue
[2024-03-08T16:46:18.629+0000] {logging_mixin.py:120} INFO - [2024-03-08T16:46:18.629+0000] {dagbag.py:537} INFO - Filling up the DagBag from /opt/airflow/dags/producer.py
[2024-03-08T16:46:18.641+0000] {processor.py:766} INFO - DAG(s) dict_keys(['producer']) retrieved from /opt/airflow/dags/producer.py
[2024-03-08T16:46:18.661+0000] {logging_mixin.py:120} INFO - [2024-03-08T16:46:18.661+0000] {dag.py:2585} INFO - Sync 1 DAGs
[2024-03-08T16:46:18.673+0000] {logging_mixin.py:120} INFO - [2024-03-08T16:46:18.673+0000] {dag.py:3340} INFO - Setting next_dagrun for producer to 2024-03-07T00:00:00+00:00, run_after=2024-03-08T00:00:00+00:00
[2024-03-08T16:46:18.683+0000] {processor.py:176} INFO - Processing /opt/airflow/dags/producer.py took 0.056 seconds
[2024-03-08T16:46:49.543+0000] {processor.py:154} INFO - Started process (PID=1426) to work on /opt/airflow/dags/producer.py
[2024-03-08T16:46:49.543+0000] {processor.py:756} INFO - Processing file /opt/airflow/dags/producer.py for tasks to queue
[2024-03-08T16:46:49.544+0000] {logging_mixin.py:120} INFO - [2024-03-08T16:46:49.544+0000] {dagbag.py:537} INFO - Filling up the DagBag from /opt/airflow/dags/producer.py
[2024-03-08T16:46:49.556+0000] {processor.py:766} INFO - DAG(s) dict_keys(['producer']) retrieved from /opt/airflow/dags/producer.py
[2024-03-08T16:46:49.575+0000] {logging_mixin.py:120} INFO - [2024-03-08T16:46:49.575+0000] {dag.py:2585} INFO - Sync 1 DAGs
[2024-03-08T16:46:49.586+0000] {logging_mixin.py:120} INFO - [2024-03-08T16:46:49.586+0000] {dag.py:3340} INFO - Setting next_dagrun for producer to 2024-03-07T00:00:00+00:00, run_after=2024-03-08T00:00:00+00:00
[2024-03-08T16:46:49.596+0000] {processor.py:176} INFO - Processing /opt/airflow/dags/producer.py took 0.055 seconds
[2024-03-08T16:47:20.423+0000] {processor.py:154} INFO - Started process (PID=1463) to work on /opt/airflow/dags/producer.py
[2024-03-08T16:47:20.424+0000] {processor.py:756} INFO - Processing file /opt/airflow/dags/producer.py for tasks to queue
[2024-03-08T16:47:20.424+0000] {logging_mixin.py:120} INFO - [2024-03-08T16:47:20.424+0000] {dagbag.py:537} INFO - Filling up the DagBag from /opt/airflow/dags/producer.py
[2024-03-08T16:47:20.437+0000] {processor.py:766} INFO - DAG(s) dict_keys(['producer']) retrieved from /opt/airflow/dags/producer.py
[2024-03-08T16:47:20.456+0000] {logging_mixin.py:120} INFO - [2024-03-08T16:47:20.456+0000] {dag.py:2585} INFO - Sync 1 DAGs
[2024-03-08T16:47:20.468+0000] {logging_mixin.py:120} INFO - [2024-03-08T16:47:20.468+0000] {dag.py:3340} INFO - Setting next_dagrun for producer to 2024-03-07T00:00:00+00:00, run_after=2024-03-08T00:00:00+00:00
[2024-03-08T16:47:20.477+0000] {processor.py:176} INFO - Processing /opt/airflow/dags/producer.py took 0.057 seconds
[2024-03-08T16:47:51.299+0000] {processor.py:154} INFO - Started process (PID=1500) to work on /opt/airflow/dags/producer.py
[2024-03-08T16:47:51.301+0000] {processor.py:756} INFO - Processing file /opt/airflow/dags/producer.py for tasks to queue
[2024-03-08T16:47:51.301+0000] {logging_mixin.py:120} INFO - [2024-03-08T16:47:51.301+0000] {dagbag.py:537} INFO - Filling up the DagBag from /opt/airflow/dags/producer.py
[2024-03-08T16:47:51.319+0000] {processor.py:766} INFO - DAG(s) dict_keys(['producer']) retrieved from /opt/airflow/dags/producer.py
[2024-03-08T16:47:51.339+0000] {logging_mixin.py:120} INFO - [2024-03-08T16:47:51.339+0000] {dag.py:2585} INFO - Sync 1 DAGs
[2024-03-08T16:47:51.354+0000] {logging_mixin.py:120} INFO - [2024-03-08T16:47:51.354+0000] {dag.py:3340} INFO - Setting next_dagrun for producer to 2024-03-07T00:00:00+00:00, run_after=2024-03-08T00:00:00+00:00
[2024-03-08T16:47:51.364+0000] {processor.py:176} INFO - Processing /opt/airflow/dags/producer.py took 0.067 seconds
[2024-03-08T16:48:22.133+0000] {processor.py:154} INFO - Started process (PID=1537) to work on /opt/airflow/dags/producer.py
[2024-03-08T16:48:22.134+0000] {processor.py:756} INFO - Processing file /opt/airflow/dags/producer.py for tasks to queue
[2024-03-08T16:48:22.135+0000] {logging_mixin.py:120} INFO - [2024-03-08T16:48:22.135+0000] {dagbag.py:537} INFO - Filling up the DagBag from /opt/airflow/dags/producer.py
[2024-03-08T16:48:22.146+0000] {processor.py:766} INFO - DAG(s) dict_keys(['producer']) retrieved from /opt/airflow/dags/producer.py
[2024-03-08T16:48:22.167+0000] {logging_mixin.py:120} INFO - [2024-03-08T16:48:22.167+0000] {dag.py:2585} INFO - Sync 1 DAGs
[2024-03-08T16:48:22.181+0000] {logging_mixin.py:120} INFO - [2024-03-08T16:48:22.181+0000] {dag.py:3340} INFO - Setting next_dagrun for producer to 2024-03-07T00:00:00+00:00, run_after=2024-03-08T00:00:00+00:00
[2024-03-08T16:48:22.191+0000] {processor.py:176} INFO - Processing /opt/airflow/dags/producer.py took 0.059 seconds
[2024-03-08T16:48:53.156+0000] {processor.py:154} INFO - Started process (PID=1574) to work on /opt/airflow/dags/producer.py
[2024-03-08T16:48:53.157+0000] {processor.py:756} INFO - Processing file /opt/airflow/dags/producer.py for tasks to queue
[2024-03-08T16:48:53.157+0000] {logging_mixin.py:120} INFO - [2024-03-08T16:48:53.157+0000] {dagbag.py:537} INFO - Filling up the DagBag from /opt/airflow/dags/producer.py
[2024-03-08T16:48:53.170+0000] {processor.py:766} INFO - DAG(s) dict_keys(['producer']) retrieved from /opt/airflow/dags/producer.py
[2024-03-08T16:48:53.191+0000] {logging_mixin.py:120} INFO - [2024-03-08T16:48:53.191+0000] {dag.py:2585} INFO - Sync 1 DAGs
[2024-03-08T16:48:53.203+0000] {logging_mixin.py:120} INFO - [2024-03-08T16:48:53.203+0000] {dag.py:3340} INFO - Setting next_dagrun for producer to 2024-03-07T00:00:00+00:00, run_after=2024-03-08T00:00:00+00:00
[2024-03-08T16:48:53.215+0000] {processor.py:176} INFO - Processing /opt/airflow/dags/producer.py took 0.061 seconds
[2024-03-08T16:49:24.338+0000] {processor.py:154} INFO - Started process (PID=1610) to work on /opt/airflow/dags/producer.py
[2024-03-08T16:49:24.341+0000] {processor.py:756} INFO - Processing file /opt/airflow/dags/producer.py for tasks to queue
[2024-03-08T16:49:24.342+0000] {logging_mixin.py:120} INFO - [2024-03-08T16:49:24.342+0000] {dagbag.py:537} INFO - Filling up the DagBag from /opt/airflow/dags/producer.py
[2024-03-08T16:49:24.362+0000] {processor.py:766} INFO - DAG(s) dict_keys(['producer']) retrieved from /opt/airflow/dags/producer.py
[2024-03-08T16:49:24.400+0000] {logging_mixin.py:120} INFO - [2024-03-08T16:49:24.400+0000] {dag.py:2585} INFO - Sync 1 DAGs
[2024-03-08T16:49:24.418+0000] {logging_mixin.py:120} INFO - [2024-03-08T16:49:24.418+0000] {dag.py:3340} INFO - Setting next_dagrun for producer to 2024-03-07T00:00:00+00:00, run_after=2024-03-08T00:00:00+00:00
[2024-03-08T16:49:24.440+0000] {processor.py:176} INFO - Processing /opt/airflow/dags/producer.py took 0.108 seconds
[2024-03-08T16:49:55.401+0000] {processor.py:154} INFO - Started process (PID=1638) to work on /opt/airflow/dags/producer.py
[2024-03-08T16:49:55.402+0000] {processor.py:756} INFO - Processing file /opt/airflow/dags/producer.py for tasks to queue
[2024-03-08T16:49:55.402+0000] {logging_mixin.py:120} INFO - [2024-03-08T16:49:55.402+0000] {dagbag.py:537} INFO - Filling up the DagBag from /opt/airflow/dags/producer.py
[2024-03-08T16:49:55.414+0000] {processor.py:766} INFO - DAG(s) dict_keys(['producer']) retrieved from /opt/airflow/dags/producer.py
[2024-03-08T16:49:55.435+0000] {logging_mixin.py:120} INFO - [2024-03-08T16:49:55.435+0000] {dag.py:2585} INFO - Sync 1 DAGs
[2024-03-08T16:49:55.448+0000] {logging_mixin.py:120} INFO - [2024-03-08T16:49:55.447+0000] {dag.py:3340} INFO - Setting next_dagrun for producer to 2024-03-07T00:00:00+00:00, run_after=2024-03-08T00:00:00+00:00
[2024-03-08T16:49:55.458+0000] {processor.py:176} INFO - Processing /opt/airflow/dags/producer.py took 0.059 seconds
[2024-03-08T16:50:26.423+0000] {processor.py:154} INFO - Started process (PID=1675) to work on /opt/airflow/dags/producer.py
[2024-03-08T16:50:26.424+0000] {processor.py:756} INFO - Processing file /opt/airflow/dags/producer.py for tasks to queue
[2024-03-08T16:50:26.425+0000] {logging_mixin.py:120} INFO - [2024-03-08T16:50:26.425+0000] {dagbag.py:537} INFO - Filling up the DagBag from /opt/airflow/dags/producer.py
[2024-03-08T16:50:26.437+0000] {processor.py:766} INFO - DAG(s) dict_keys(['producer']) retrieved from /opt/airflow/dags/producer.py
[2024-03-08T16:50:26.456+0000] {logging_mixin.py:120} INFO - [2024-03-08T16:50:26.456+0000] {dag.py:2585} INFO - Sync 1 DAGs
[2024-03-08T16:50:26.469+0000] {logging_mixin.py:120} INFO - [2024-03-08T16:50:26.469+0000] {dag.py:3340} INFO - Setting next_dagrun for producer to 2024-03-07T00:00:00+00:00, run_after=2024-03-08T00:00:00+00:00
[2024-03-08T16:50:26.478+0000] {processor.py:176} INFO - Processing /opt/airflow/dags/producer.py took 0.056 seconds
[2024-03-08T16:50:57.244+0000] {processor.py:154} INFO - Started process (PID=1711) to work on /opt/airflow/dags/producer.py
[2024-03-08T16:50:57.245+0000] {processor.py:756} INFO - Processing file /opt/airflow/dags/producer.py for tasks to queue
[2024-03-08T16:50:57.246+0000] {logging_mixin.py:120} INFO - [2024-03-08T16:50:57.246+0000] {dagbag.py:537} INFO - Filling up the DagBag from /opt/airflow/dags/producer.py
[2024-03-08T16:50:57.258+0000] {processor.py:766} INFO - DAG(s) dict_keys(['producer']) retrieved from /opt/airflow/dags/producer.py
[2024-03-08T16:50:57.277+0000] {logging_mixin.py:120} INFO - [2024-03-08T16:50:57.277+0000] {dag.py:2585} INFO - Sync 1 DAGs
[2024-03-08T16:50:57.289+0000] {logging_mixin.py:120} INFO - [2024-03-08T16:50:57.289+0000] {dag.py:3340} INFO - Setting next_dagrun for producer to 2024-03-07T00:00:00+00:00, run_after=2024-03-08T00:00:00+00:00
[2024-03-08T16:50:57.299+0000] {processor.py:176} INFO - Processing /opt/airflow/dags/producer.py took 0.056 seconds
[2024-03-08T16:51:28.304+0000] {processor.py:154} INFO - Started process (PID=1748) to work on /opt/airflow/dags/producer.py
[2024-03-08T16:51:28.304+0000] {processor.py:756} INFO - Processing file /opt/airflow/dags/producer.py for tasks to queue
[2024-03-08T16:51:28.305+0000] {logging_mixin.py:120} INFO - [2024-03-08T16:51:28.304+0000] {dagbag.py:537} INFO - Filling up the DagBag from /opt/airflow/dags/producer.py
[2024-03-08T16:51:28.316+0000] {processor.py:766} INFO - DAG(s) dict_keys(['producer']) retrieved from /opt/airflow/dags/producer.py
[2024-03-08T16:51:28.338+0000] {logging_mixin.py:120} INFO - [2024-03-08T16:51:28.338+0000] {dag.py:2585} INFO - Sync 1 DAGs
[2024-03-08T16:51:28.352+0000] {logging_mixin.py:120} INFO - [2024-03-08T16:51:28.352+0000] {dag.py:3340} INFO - Setting next_dagrun for producer to 2024-03-07T00:00:00+00:00, run_after=2024-03-08T00:00:00+00:00
[2024-03-08T16:51:28.362+0000] {processor.py:176} INFO - Processing /opt/airflow/dags/producer.py took 0.060 seconds
[2024-03-08T16:51:59.287+0000] {processor.py:154} INFO - Started process (PID=1785) to work on /opt/airflow/dags/producer.py
[2024-03-08T16:51:59.287+0000] {processor.py:756} INFO - Processing file /opt/airflow/dags/producer.py for tasks to queue
[2024-03-08T16:51:59.288+0000] {logging_mixin.py:120} INFO - [2024-03-08T16:51:59.288+0000] {dagbag.py:537} INFO - Filling up the DagBag from /opt/airflow/dags/producer.py
[2024-03-08T16:51:59.300+0000] {processor.py:766} INFO - DAG(s) dict_keys(['producer']) retrieved from /opt/airflow/dags/producer.py
[2024-03-08T16:51:59.319+0000] {logging_mixin.py:120} INFO - [2024-03-08T16:51:59.319+0000] {dag.py:2585} INFO - Sync 1 DAGs
[2024-03-08T16:51:59.331+0000] {logging_mixin.py:120} INFO - [2024-03-08T16:51:59.330+0000] {dag.py:3340} INFO - Setting next_dagrun for producer to 2024-03-07T00:00:00+00:00, run_after=2024-03-08T00:00:00+00:00
[2024-03-08T16:51:59.340+0000] {processor.py:176} INFO - Processing /opt/airflow/dags/producer.py took 0.055 seconds
[2024-03-08T16:52:30.096+0000] {processor.py:154} INFO - Started process (PID=1822) to work on /opt/airflow/dags/producer.py
[2024-03-08T16:52:30.097+0000] {processor.py:756} INFO - Processing file /opt/airflow/dags/producer.py for tasks to queue
[2024-03-08T16:52:30.097+0000] {logging_mixin.py:120} INFO - [2024-03-08T16:52:30.097+0000] {dagbag.py:537} INFO - Filling up the DagBag from /opt/airflow/dags/producer.py
[2024-03-08T16:52:30.110+0000] {processor.py:766} INFO - DAG(s) dict_keys(['producer']) retrieved from /opt/airflow/dags/producer.py
[2024-03-08T16:52:30.139+0000] {logging_mixin.py:120} INFO - [2024-03-08T16:52:30.139+0000] {dag.py:2585} INFO - Sync 1 DAGs
[2024-03-08T16:52:30.152+0000] {logging_mixin.py:120} INFO - [2024-03-08T16:52:30.152+0000] {dag.py:3340} INFO - Setting next_dagrun for producer to 2024-03-07T00:00:00+00:00, run_after=2024-03-08T00:00:00+00:00
[2024-03-08T16:52:30.163+0000] {processor.py:176} INFO - Processing /opt/airflow/dags/producer.py took 0.068 seconds
[2024-03-08T16:53:01.446+0000] {processor.py:154} INFO - Started process (PID=1860) to work on /opt/airflow/dags/producer.py
[2024-03-08T16:53:01.448+0000] {processor.py:756} INFO - Processing file /opt/airflow/dags/producer.py for tasks to queue
[2024-03-08T16:53:01.451+0000] {logging_mixin.py:120} INFO - [2024-03-08T16:53:01.451+0000] {dagbag.py:537} INFO - Filling up the DagBag from /opt/airflow/dags/producer.py
[2024-03-08T16:53:01.475+0000] {processor.py:766} INFO - DAG(s) dict_keys(['producer']) retrieved from /opt/airflow/dags/producer.py
[2024-03-08T16:53:01.499+0000] {logging_mixin.py:120} INFO - [2024-03-08T16:53:01.499+0000] {dag.py:2585} INFO - Sync 1 DAGs
[2024-03-08T16:53:01.518+0000] {logging_mixin.py:120} INFO - [2024-03-08T16:53:01.518+0000] {dag.py:3340} INFO - Setting next_dagrun for producer to 2024-03-07T00:00:00+00:00, run_after=2024-03-08T00:00:00+00:00
[2024-03-08T16:53:01.542+0000] {processor.py:176} INFO - Processing /opt/airflow/dags/producer.py took 0.099 seconds
[2024-03-08T16:53:32.557+0000] {processor.py:154} INFO - Started process (PID=1888) to work on /opt/airflow/dags/producer.py
[2024-03-08T16:53:32.558+0000] {processor.py:756} INFO - Processing file /opt/airflow/dags/producer.py for tasks to queue
[2024-03-08T16:53:32.558+0000] {logging_mixin.py:120} INFO - [2024-03-08T16:53:32.558+0000] {dagbag.py:537} INFO - Filling up the DagBag from /opt/airflow/dags/producer.py
[2024-03-08T16:53:32.571+0000] {processor.py:766} INFO - DAG(s) dict_keys(['producer']) retrieved from /opt/airflow/dags/producer.py
[2024-03-08T16:53:32.591+0000] {logging_mixin.py:120} INFO - [2024-03-08T16:53:32.591+0000] {dag.py:2585} INFO - Sync 1 DAGs
[2024-03-08T16:53:32.604+0000] {logging_mixin.py:120} INFO - [2024-03-08T16:53:32.604+0000] {dag.py:3340} INFO - Setting next_dagrun for producer to 2024-03-07T00:00:00+00:00, run_after=2024-03-08T00:00:00+00:00
[2024-03-08T16:53:32.614+0000] {processor.py:176} INFO - Processing /opt/airflow/dags/producer.py took 0.059 seconds
[2024-03-08T16:54:03.497+0000] {processor.py:154} INFO - Started process (PID=1925) to work on /opt/airflow/dags/producer.py
[2024-03-08T16:54:03.497+0000] {processor.py:756} INFO - Processing file /opt/airflow/dags/producer.py for tasks to queue
[2024-03-08T16:54:03.498+0000] {logging_mixin.py:120} INFO - [2024-03-08T16:54:03.498+0000] {dagbag.py:537} INFO - Filling up the DagBag from /opt/airflow/dags/producer.py
[2024-03-08T16:54:03.510+0000] {processor.py:766} INFO - DAG(s) dict_keys(['producer']) retrieved from /opt/airflow/dags/producer.py
[2024-03-08T16:54:03.530+0000] {logging_mixin.py:120} INFO - [2024-03-08T16:54:03.530+0000] {dag.py:2585} INFO - Sync 1 DAGs
[2024-03-08T16:54:03.543+0000] {logging_mixin.py:120} INFO - [2024-03-08T16:54:03.543+0000] {dag.py:3340} INFO - Setting next_dagrun for producer to 2024-03-07T00:00:00+00:00, run_after=2024-03-08T00:00:00+00:00
[2024-03-08T16:54:03.552+0000] {processor.py:176} INFO - Processing /opt/airflow/dags/producer.py took 0.058 seconds
[2024-03-08T16:54:34.584+0000] {processor.py:154} INFO - Started process (PID=1962) to work on /opt/airflow/dags/producer.py
[2024-03-08T16:54:34.585+0000] {processor.py:756} INFO - Processing file /opt/airflow/dags/producer.py for tasks to queue
[2024-03-08T16:54:34.585+0000] {logging_mixin.py:120} INFO - [2024-03-08T16:54:34.585+0000] {dagbag.py:537} INFO - Filling up the DagBag from /opt/airflow/dags/producer.py
[2024-03-08T16:54:34.598+0000] {processor.py:766} INFO - DAG(s) dict_keys(['producer']) retrieved from /opt/airflow/dags/producer.py
[2024-03-08T16:54:34.622+0000] {logging_mixin.py:120} INFO - [2024-03-08T16:54:34.622+0000] {dag.py:2585} INFO - Sync 1 DAGs
[2024-03-08T16:54:34.636+0000] {logging_mixin.py:120} INFO - [2024-03-08T16:54:34.636+0000] {dag.py:3340} INFO - Setting next_dagrun for producer to 2024-03-07T00:00:00+00:00, run_after=2024-03-08T00:00:00+00:00
[2024-03-08T16:54:34.646+0000] {processor.py:176} INFO - Processing /opt/airflow/dags/producer.py took 0.064 seconds
[2024-03-08T16:55:05.592+0000] {processor.py:154} INFO - Started process (PID=1999) to work on /opt/airflow/dags/producer.py
[2024-03-08T16:55:05.593+0000] {processor.py:756} INFO - Processing file /opt/airflow/dags/producer.py for tasks to queue
[2024-03-08T16:55:05.593+0000] {logging_mixin.py:120} INFO - [2024-03-08T16:55:05.593+0000] {dagbag.py:537} INFO - Filling up the DagBag from /opt/airflow/dags/producer.py
[2024-03-08T16:55:05.605+0000] {processor.py:766} INFO - DAG(s) dict_keys(['producer']) retrieved from /opt/airflow/dags/producer.py
[2024-03-08T16:55:05.624+0000] {logging_mixin.py:120} INFO - [2024-03-08T16:55:05.624+0000] {dag.py:2585} INFO - Sync 1 DAGs
[2024-03-08T16:55:05.636+0000] {logging_mixin.py:120} INFO - [2024-03-08T16:55:05.636+0000] {dag.py:3340} INFO - Setting next_dagrun for producer to 2024-03-07T00:00:00+00:00, run_after=2024-03-08T00:00:00+00:00
[2024-03-08T16:55:05.646+0000] {processor.py:176} INFO - Processing /opt/airflow/dags/producer.py took 0.056 seconds
[2024-03-08T16:55:36.563+0000] {processor.py:154} INFO - Started process (PID=2036) to work on /opt/airflow/dags/producer.py
[2024-03-08T16:55:36.564+0000] {processor.py:756} INFO - Processing file /opt/airflow/dags/producer.py for tasks to queue
[2024-03-08T16:55:36.564+0000] {logging_mixin.py:120} INFO - [2024-03-08T16:55:36.564+0000] {dagbag.py:537} INFO - Filling up the DagBag from /opt/airflow/dags/producer.py
[2024-03-08T16:55:36.576+0000] {processor.py:766} INFO - DAG(s) dict_keys(['producer']) retrieved from /opt/airflow/dags/producer.py
[2024-03-08T16:55:36.596+0000] {logging_mixin.py:120} INFO - [2024-03-08T16:55:36.596+0000] {dag.py:2585} INFO - Sync 1 DAGs
[2024-03-08T16:55:36.608+0000] {logging_mixin.py:120} INFO - [2024-03-08T16:55:36.608+0000] {dag.py:3340} INFO - Setting next_dagrun for producer to 2024-03-07T00:00:00+00:00, run_after=2024-03-08T00:00:00+00:00
[2024-03-08T16:55:36.618+0000] {processor.py:176} INFO - Processing /opt/airflow/dags/producer.py took 0.056 seconds
[2024-03-08T16:56:07.488+0000] {processor.py:154} INFO - Started process (PID=2073) to work on /opt/airflow/dags/producer.py
[2024-03-08T16:56:07.490+0000] {processor.py:756} INFO - Processing file /opt/airflow/dags/producer.py for tasks to queue
[2024-03-08T16:56:07.491+0000] {logging_mixin.py:120} INFO - [2024-03-08T16:56:07.491+0000] {dagbag.py:537} INFO - Filling up the DagBag from /opt/airflow/dags/producer.py
[2024-03-08T16:56:07.507+0000] {processor.py:766} INFO - DAG(s) dict_keys(['producer']) retrieved from /opt/airflow/dags/producer.py
[2024-03-08T16:56:07.529+0000] {logging_mixin.py:120} INFO - [2024-03-08T16:56:07.529+0000] {dag.py:2585} INFO - Sync 1 DAGs
[2024-03-08T16:56:07.541+0000] {logging_mixin.py:120} INFO - [2024-03-08T16:56:07.541+0000] {dag.py:3340} INFO - Setting next_dagrun for producer to 2024-03-07T00:00:00+00:00, run_after=2024-03-08T00:00:00+00:00
[2024-03-08T16:56:07.552+0000] {processor.py:176} INFO - Processing /opt/airflow/dags/producer.py took 0.069 seconds
[2024-03-08T16:56:38.473+0000] {processor.py:154} INFO - Started process (PID=2110) to work on /opt/airflow/dags/producer.py
[2024-03-08T16:56:38.474+0000] {processor.py:756} INFO - Processing file /opt/airflow/dags/producer.py for tasks to queue
[2024-03-08T16:56:38.476+0000] {logging_mixin.py:120} INFO - [2024-03-08T16:56:38.475+0000] {dagbag.py:537} INFO - Filling up the DagBag from /opt/airflow/dags/producer.py
[2024-03-08T16:56:38.494+0000] {processor.py:766} INFO - DAG(s) dict_keys(['producer']) retrieved from /opt/airflow/dags/producer.py
[2024-03-08T16:56:38.523+0000] {logging_mixin.py:120} INFO - [2024-03-08T16:56:38.523+0000] {dag.py:2585} INFO - Sync 1 DAGs
[2024-03-08T16:56:38.540+0000] {logging_mixin.py:120} INFO - [2024-03-08T16:56:38.540+0000] {dag.py:3340} INFO - Setting next_dagrun for producer to 2024-03-07T00:00:00+00:00, run_after=2024-03-08T00:00:00+00:00
[2024-03-08T16:56:38.554+0000] {processor.py:176} INFO - Processing /opt/airflow/dags/producer.py took 0.083 seconds
[2024-03-08T16:57:09.199+0000] {processor.py:154} INFO - Started process (PID=2138) to work on /opt/airflow/dags/producer.py
[2024-03-08T16:57:09.200+0000] {processor.py:756} INFO - Processing file /opt/airflow/dags/producer.py for tasks to queue
[2024-03-08T16:57:09.200+0000] {logging_mixin.py:120} INFO - [2024-03-08T16:57:09.200+0000] {dagbag.py:537} INFO - Filling up the DagBag from /opt/airflow/dags/producer.py
[2024-03-08T16:57:09.212+0000] {processor.py:766} INFO - DAG(s) dict_keys(['producer']) retrieved from /opt/airflow/dags/producer.py
[2024-03-08T16:57:09.232+0000] {logging_mixin.py:120} INFO - [2024-03-08T16:57:09.232+0000] {dag.py:2585} INFO - Sync 1 DAGs
[2024-03-08T16:57:09.245+0000] {logging_mixin.py:120} INFO - [2024-03-08T16:57:09.245+0000] {dag.py:3340} INFO - Setting next_dagrun for producer to 2024-03-07T00:00:00+00:00, run_after=2024-03-08T00:00:00+00:00
[2024-03-08T16:57:09.255+0000] {processor.py:176} INFO - Processing /opt/airflow/dags/producer.py took 0.058 seconds
[2024-03-08T16:57:40.066+0000] {processor.py:154} INFO - Started process (PID=2175) to work on /opt/airflow/dags/producer.py
[2024-03-08T16:57:40.066+0000] {processor.py:756} INFO - Processing file /opt/airflow/dags/producer.py for tasks to queue
[2024-03-08T16:57:40.067+0000] {logging_mixin.py:120} INFO - [2024-03-08T16:57:40.067+0000] {dagbag.py:537} INFO - Filling up the DagBag from /opt/airflow/dags/producer.py
[2024-03-08T16:57:40.077+0000] {processor.py:766} INFO - DAG(s) dict_keys(['producer']) retrieved from /opt/airflow/dags/producer.py
[2024-03-08T16:57:40.097+0000] {logging_mixin.py:120} INFO - [2024-03-08T16:57:40.096+0000] {dag.py:2585} INFO - Sync 1 DAGs
[2024-03-08T16:57:40.109+0000] {logging_mixin.py:120} INFO - [2024-03-08T16:57:40.109+0000] {dag.py:3340} INFO - Setting next_dagrun for producer to 2024-03-07T00:00:00+00:00, run_after=2024-03-08T00:00:00+00:00
[2024-03-08T16:57:40.120+0000] {processor.py:176} INFO - Processing /opt/airflow/dags/producer.py took 0.055 seconds
[2024-03-08T16:58:10.753+0000] {processor.py:154} INFO - Started process (PID=2212) to work on /opt/airflow/dags/producer.py
[2024-03-08T16:58:10.754+0000] {processor.py:756} INFO - Processing file /opt/airflow/dags/producer.py for tasks to queue
[2024-03-08T16:58:10.754+0000] {logging_mixin.py:120} INFO - [2024-03-08T16:58:10.754+0000] {dagbag.py:537} INFO - Filling up the DagBag from /opt/airflow/dags/producer.py
[2024-03-08T16:58:10.766+0000] {processor.py:766} INFO - DAG(s) dict_keys(['producer']) retrieved from /opt/airflow/dags/producer.py
[2024-03-08T16:58:10.785+0000] {logging_mixin.py:120} INFO - [2024-03-08T16:58:10.785+0000] {dag.py:2585} INFO - Sync 1 DAGs
[2024-03-08T16:58:10.797+0000] {logging_mixin.py:120} INFO - [2024-03-08T16:58:10.797+0000] {dag.py:3340} INFO - Setting next_dagrun for producer to 2024-03-07T00:00:00+00:00, run_after=2024-03-08T00:00:00+00:00
[2024-03-08T16:58:10.807+0000] {processor.py:176} INFO - Processing /opt/airflow/dags/producer.py took 0.055 seconds
[2024-03-08T16:58:41.504+0000] {processor.py:154} INFO - Started process (PID=2249) to work on /opt/airflow/dags/producer.py
[2024-03-08T16:58:41.505+0000] {processor.py:756} INFO - Processing file /opt/airflow/dags/producer.py for tasks to queue
[2024-03-08T16:58:41.505+0000] {logging_mixin.py:120} INFO - [2024-03-08T16:58:41.505+0000] {dagbag.py:537} INFO - Filling up the DagBag from /opt/airflow/dags/producer.py
[2024-03-08T16:58:41.516+0000] {processor.py:766} INFO - DAG(s) dict_keys(['producer']) retrieved from /opt/airflow/dags/producer.py
[2024-03-08T16:58:41.536+0000] {logging_mixin.py:120} INFO - [2024-03-08T16:58:41.536+0000] {dag.py:2585} INFO - Sync 1 DAGs
[2024-03-08T16:58:41.548+0000] {logging_mixin.py:120} INFO - [2024-03-08T16:58:41.548+0000] {dag.py:3340} INFO - Setting next_dagrun for producer to 2024-03-07T00:00:00+00:00, run_after=2024-03-08T00:00:00+00:00
[2024-03-08T16:58:41.558+0000] {processor.py:176} INFO - Processing /opt/airflow/dags/producer.py took 0.056 seconds
[2024-03-08T16:59:12.227+0000] {processor.py:154} INFO - Started process (PID=2286) to work on /opt/airflow/dags/producer.py
[2024-03-08T16:59:12.228+0000] {processor.py:756} INFO - Processing file /opt/airflow/dags/producer.py for tasks to queue
[2024-03-08T16:59:12.228+0000] {logging_mixin.py:120} INFO - [2024-03-08T16:59:12.228+0000] {dagbag.py:537} INFO - Filling up the DagBag from /opt/airflow/dags/producer.py
[2024-03-08T16:59:12.240+0000] {processor.py:766} INFO - DAG(s) dict_keys(['producer']) retrieved from /opt/airflow/dags/producer.py
[2024-03-08T16:59:12.260+0000] {logging_mixin.py:120} INFO - [2024-03-08T16:59:12.260+0000] {dag.py:2585} INFO - Sync 1 DAGs
[2024-03-08T16:59:12.273+0000] {logging_mixin.py:120} INFO - [2024-03-08T16:59:12.273+0000] {dag.py:3340} INFO - Setting next_dagrun for producer to 2024-03-07T00:00:00+00:00, run_after=2024-03-08T00:00:00+00:00
[2024-03-08T16:59:12.283+0000] {processor.py:176} INFO - Processing /opt/airflow/dags/producer.py took 0.057 seconds
[2024-03-08T16:59:42.948+0000] {processor.py:154} INFO - Started process (PID=2322) to work on /opt/airflow/dags/producer.py
[2024-03-08T16:59:42.948+0000] {processor.py:756} INFO - Processing file /opt/airflow/dags/producer.py for tasks to queue
[2024-03-08T16:59:42.949+0000] {logging_mixin.py:120} INFO - [2024-03-08T16:59:42.949+0000] {dagbag.py:537} INFO - Filling up the DagBag from /opt/airflow/dags/producer.py
[2024-03-08T16:59:42.960+0000] {processor.py:766} INFO - DAG(s) dict_keys(['producer']) retrieved from /opt/airflow/dags/producer.py
[2024-03-08T16:59:42.980+0000] {logging_mixin.py:120} INFO - [2024-03-08T16:59:42.980+0000] {dag.py:2585} INFO - Sync 1 DAGs
[2024-03-08T16:59:42.993+0000] {logging_mixin.py:120} INFO - [2024-03-08T16:59:42.993+0000] {dag.py:3340} INFO - Setting next_dagrun for producer to 2024-03-07T00:00:00+00:00, run_after=2024-03-08T00:00:00+00:00
[2024-03-08T16:59:43.003+0000] {processor.py:176} INFO - Processing /opt/airflow/dags/producer.py took 0.057 seconds
[2024-03-08T17:00:13.754+0000] {processor.py:154} INFO - Started process (PID=2359) to work on /opt/airflow/dags/producer.py
[2024-03-08T17:00:13.755+0000] {processor.py:756} INFO - Processing file /opt/airflow/dags/producer.py for tasks to queue
[2024-03-08T17:00:13.755+0000] {logging_mixin.py:120} INFO - [2024-03-08T17:00:13.755+0000] {dagbag.py:537} INFO - Filling up the DagBag from /opt/airflow/dags/producer.py
[2024-03-08T17:00:13.767+0000] {processor.py:766} INFO - DAG(s) dict_keys(['producer']) retrieved from /opt/airflow/dags/producer.py
[2024-03-08T17:00:13.786+0000] {logging_mixin.py:120} INFO - [2024-03-08T17:00:13.786+0000] {dag.py:2585} INFO - Sync 1 DAGs
[2024-03-08T17:00:13.797+0000] {logging_mixin.py:120} INFO - [2024-03-08T17:00:13.797+0000] {dag.py:3340} INFO - Setting next_dagrun for producer to 2024-03-07T00:00:00+00:00, run_after=2024-03-08T00:00:00+00:00
[2024-03-08T17:00:13.807+0000] {processor.py:176} INFO - Processing /opt/airflow/dags/producer.py took 0.054 seconds
[2024-03-08T17:00:44.755+0000] {processor.py:154} INFO - Started process (PID=2395) to work on /opt/airflow/dags/producer.py
[2024-03-08T17:00:44.756+0000] {processor.py:756} INFO - Processing file /opt/airflow/dags/producer.py for tasks to queue
[2024-03-08T17:00:44.757+0000] {logging_mixin.py:120} INFO - [2024-03-08T17:00:44.757+0000] {dagbag.py:537} INFO - Filling up the DagBag from /opt/airflow/dags/producer.py
[2024-03-08T17:00:44.771+0000] {processor.py:766} INFO - DAG(s) dict_keys(['producer']) retrieved from /opt/airflow/dags/producer.py
[2024-03-08T17:00:44.809+0000] {logging_mixin.py:120} INFO - [2024-03-08T17:00:44.809+0000] {dag.py:2585} INFO - Sync 1 DAGs
[2024-03-08T17:00:44.825+0000] {logging_mixin.py:120} INFO - [2024-03-08T17:00:44.825+0000] {dag.py:3340} INFO - Setting next_dagrun for producer to 2024-03-07T00:00:00+00:00, run_after=2024-03-08T00:00:00+00:00
[2024-03-08T17:00:44.848+0000] {processor.py:176} INFO - Processing /opt/airflow/dags/producer.py took 0.097 seconds
[2024-03-08T17:01:15.661+0000] {processor.py:154} INFO - Started process (PID=2424) to work on /opt/airflow/dags/producer.py
[2024-03-08T17:01:15.661+0000] {processor.py:756} INFO - Processing file /opt/airflow/dags/producer.py for tasks to queue
[2024-03-08T17:01:15.662+0000] {logging_mixin.py:120} INFO - [2024-03-08T17:01:15.662+0000] {dagbag.py:537} INFO - Filling up the DagBag from /opt/airflow/dags/producer.py
[2024-03-08T17:01:15.677+0000] {processor.py:766} INFO - DAG(s) dict_keys(['producer']) retrieved from /opt/airflow/dags/producer.py
[2024-03-08T17:01:15.699+0000] {logging_mixin.py:120} INFO - [2024-03-08T17:01:15.699+0000] {dag.py:2585} INFO - Sync 1 DAGs
[2024-03-08T17:01:15.711+0000] {logging_mixin.py:120} INFO - [2024-03-08T17:01:15.711+0000] {dag.py:3340} INFO - Setting next_dagrun for producer to 2024-03-07T00:00:00+00:00, run_after=2024-03-08T00:00:00+00:00
[2024-03-08T17:01:15.721+0000] {processor.py:176} INFO - Processing /opt/airflow/dags/producer.py took 0.062 seconds
[2024-03-08T17:01:46.390+0000] {processor.py:154} INFO - Started process (PID=2461) to work on /opt/airflow/dags/producer.py
[2024-03-08T17:01:46.390+0000] {processor.py:756} INFO - Processing file /opt/airflow/dags/producer.py for tasks to queue
[2024-03-08T17:01:46.391+0000] {logging_mixin.py:120} INFO - [2024-03-08T17:01:46.391+0000] {dagbag.py:537} INFO - Filling up the DagBag from /opt/airflow/dags/producer.py
[2024-03-08T17:01:46.403+0000] {processor.py:766} INFO - DAG(s) dict_keys(['producer']) retrieved from /opt/airflow/dags/producer.py
[2024-03-08T17:01:46.425+0000] {logging_mixin.py:120} INFO - [2024-03-08T17:01:46.425+0000] {dag.py:2585} INFO - Sync 1 DAGs
[2024-03-08T17:01:46.438+0000] {logging_mixin.py:120} INFO - [2024-03-08T17:01:46.438+0000] {dag.py:3340} INFO - Setting next_dagrun for producer to 2024-03-07T00:00:00+00:00, run_after=2024-03-08T00:00:00+00:00
[2024-03-08T17:01:46.448+0000] {processor.py:176} INFO - Processing /opt/airflow/dags/producer.py took 0.060 seconds
[2024-03-08T17:02:17.256+0000] {processor.py:154} INFO - Started process (PID=2498) to work on /opt/airflow/dags/producer.py
[2024-03-08T17:02:17.256+0000] {processor.py:756} INFO - Processing file /opt/airflow/dags/producer.py for tasks to queue
[2024-03-08T17:02:17.257+0000] {logging_mixin.py:120} INFO - [2024-03-08T17:02:17.257+0000] {dagbag.py:537} INFO - Filling up the DagBag from /opt/airflow/dags/producer.py
[2024-03-08T17:02:17.269+0000] {processor.py:766} INFO - DAG(s) dict_keys(['producer']) retrieved from /opt/airflow/dags/producer.py
[2024-03-08T17:02:17.288+0000] {logging_mixin.py:120} INFO - [2024-03-08T17:02:17.288+0000] {dag.py:2585} INFO - Sync 1 DAGs
[2024-03-08T17:02:17.301+0000] {logging_mixin.py:120} INFO - [2024-03-08T17:02:17.301+0000] {dag.py:3340} INFO - Setting next_dagrun for producer to 2024-03-07T00:00:00+00:00, run_after=2024-03-08T00:00:00+00:00
[2024-03-08T17:02:17.311+0000] {processor.py:176} INFO - Processing /opt/airflow/dags/producer.py took 0.057 seconds
[2024-03-08T17:02:48.032+0000] {processor.py:154} INFO - Started process (PID=2535) to work on /opt/airflow/dags/producer.py
[2024-03-08T17:02:48.033+0000] {processor.py:756} INFO - Processing file /opt/airflow/dags/producer.py for tasks to queue
[2024-03-08T17:02:48.033+0000] {logging_mixin.py:120} INFO - [2024-03-08T17:02:48.033+0000] {dagbag.py:537} INFO - Filling up the DagBag from /opt/airflow/dags/producer.py
[2024-03-08T17:02:48.045+0000] {processor.py:766} INFO - DAG(s) dict_keys(['producer']) retrieved from /opt/airflow/dags/producer.py
[2024-03-08T17:02:48.065+0000] {logging_mixin.py:120} INFO - [2024-03-08T17:02:48.065+0000] {dag.py:2585} INFO - Sync 1 DAGs
[2024-03-08T17:02:48.078+0000] {logging_mixin.py:120} INFO - [2024-03-08T17:02:48.078+0000] {dag.py:3340} INFO - Setting next_dagrun for producer to 2024-03-07T00:00:00+00:00, run_after=2024-03-08T00:00:00+00:00
[2024-03-08T17:02:48.088+0000] {processor.py:176} INFO - Processing /opt/airflow/dags/producer.py took 0.057 seconds
[2024-03-08T17:03:18.956+0000] {processor.py:154} INFO - Started process (PID=2572) to work on /opt/airflow/dags/producer.py
[2024-03-08T17:03:18.956+0000] {processor.py:756} INFO - Processing file /opt/airflow/dags/producer.py for tasks to queue
[2024-03-08T17:03:18.957+0000] {logging_mixin.py:120} INFO - [2024-03-08T17:03:18.957+0000] {dagbag.py:537} INFO - Filling up the DagBag from /opt/airflow/dags/producer.py
[2024-03-08T17:03:18.970+0000] {processor.py:766} INFO - DAG(s) dict_keys(['producer']) retrieved from /opt/airflow/dags/producer.py
[2024-03-08T17:03:18.992+0000] {logging_mixin.py:120} INFO - [2024-03-08T17:03:18.992+0000] {dag.py:2585} INFO - Sync 1 DAGs
[2024-03-08T17:03:19.005+0000] {logging_mixin.py:120} INFO - [2024-03-08T17:03:19.005+0000] {dag.py:3340} INFO - Setting next_dagrun for producer to 2024-03-07T00:00:00+00:00, run_after=2024-03-08T00:00:00+00:00
[2024-03-08T17:03:19.017+0000] {processor.py:176} INFO - Processing /opt/airflow/dags/producer.py took 0.063 seconds
[2024-03-08T17:03:49.775+0000] {processor.py:154} INFO - Started process (PID=2609) to work on /opt/airflow/dags/producer.py
[2024-03-08T17:03:49.775+0000] {processor.py:756} INFO - Processing file /opt/airflow/dags/producer.py for tasks to queue
[2024-03-08T17:03:49.776+0000] {logging_mixin.py:120} INFO - [2024-03-08T17:03:49.776+0000] {dagbag.py:537} INFO - Filling up the DagBag from /opt/airflow/dags/producer.py
[2024-03-08T17:03:49.787+0000] {processor.py:766} INFO - DAG(s) dict_keys(['producer']) retrieved from /opt/airflow/dags/producer.py
[2024-03-08T17:03:49.807+0000] {logging_mixin.py:120} INFO - [2024-03-08T17:03:49.807+0000] {dag.py:2585} INFO - Sync 1 DAGs
[2024-03-08T17:03:49.818+0000] {logging_mixin.py:120} INFO - [2024-03-08T17:03:49.818+0000] {dag.py:3340} INFO - Setting next_dagrun for producer to 2024-03-07T00:00:00+00:00, run_after=2024-03-08T00:00:00+00:00
[2024-03-08T17:03:49.828+0000] {processor.py:176} INFO - Processing /opt/airflow/dags/producer.py took 0.055 seconds
[2024-03-08T17:04:20.535+0000] {processor.py:154} INFO - Started process (PID=2645) to work on /opt/airflow/dags/producer.py
[2024-03-08T17:04:20.536+0000] {processor.py:756} INFO - Processing file /opt/airflow/dags/producer.py for tasks to queue
[2024-03-08T17:04:20.536+0000] {logging_mixin.py:120} INFO - [2024-03-08T17:04:20.536+0000] {dagbag.py:537} INFO - Filling up the DagBag from /opt/airflow/dags/producer.py
[2024-03-08T17:04:20.548+0000] {processor.py:766} INFO - DAG(s) dict_keys(['producer']) retrieved from /opt/airflow/dags/producer.py
[2024-03-08T17:04:20.568+0000] {logging_mixin.py:120} INFO - [2024-03-08T17:04:20.568+0000] {dag.py:2585} INFO - Sync 1 DAGs
[2024-03-08T17:04:20.580+0000] {logging_mixin.py:120} INFO - [2024-03-08T17:04:20.580+0000] {dag.py:3340} INFO - Setting next_dagrun for producer to 2024-03-07T00:00:00+00:00, run_after=2024-03-08T00:00:00+00:00
[2024-03-08T17:04:20.590+0000] {processor.py:176} INFO - Processing /opt/airflow/dags/producer.py took 0.056 seconds
[2024-03-08T17:04:51.347+0000] {processor.py:154} INFO - Started process (PID=2682) to work on /opt/airflow/dags/producer.py
[2024-03-08T17:04:51.348+0000] {processor.py:756} INFO - Processing file /opt/airflow/dags/producer.py for tasks to queue
[2024-03-08T17:04:51.348+0000] {logging_mixin.py:120} INFO - [2024-03-08T17:04:51.348+0000] {dagbag.py:537} INFO - Filling up the DagBag from /opt/airflow/dags/producer.py
[2024-03-08T17:04:51.361+0000] {processor.py:766} INFO - DAG(s) dict_keys(['producer']) retrieved from /opt/airflow/dags/producer.py
[2024-03-08T17:04:51.383+0000] {logging_mixin.py:120} INFO - [2024-03-08T17:04:51.382+0000] {dag.py:2585} INFO - Sync 1 DAGs
[2024-03-08T17:04:51.396+0000] {logging_mixin.py:120} INFO - [2024-03-08T17:04:51.396+0000] {dag.py:3340} INFO - Setting next_dagrun for producer to 2024-03-07T00:00:00+00:00, run_after=2024-03-08T00:00:00+00:00
[2024-03-08T17:04:51.407+0000] {processor.py:176} INFO - Processing /opt/airflow/dags/producer.py took 0.062 seconds
[2024-03-08T17:05:22.123+0000] {processor.py:154} INFO - Started process (PID=2709) to work on /opt/airflow/dags/producer.py
[2024-03-08T17:05:22.124+0000] {processor.py:756} INFO - Processing file /opt/airflow/dags/producer.py for tasks to queue
[2024-03-08T17:05:22.124+0000] {logging_mixin.py:120} INFO - [2024-03-08T17:05:22.124+0000] {dagbag.py:537} INFO - Filling up the DagBag from /opt/airflow/dags/producer.py
[2024-03-08T17:05:22.136+0000] {processor.py:766} INFO - DAG(s) dict_keys(['producer']) retrieved from /opt/airflow/dags/producer.py
[2024-03-08T17:05:22.155+0000] {logging_mixin.py:120} INFO - [2024-03-08T17:05:22.155+0000] {dag.py:2585} INFO - Sync 1 DAGs
[2024-03-08T17:05:22.168+0000] {logging_mixin.py:120} INFO - [2024-03-08T17:05:22.168+0000] {dag.py:3340} INFO - Setting next_dagrun for producer to 2024-03-07T00:00:00+00:00, run_after=2024-03-08T00:00:00+00:00
[2024-03-08T17:05:22.178+0000] {processor.py:176} INFO - Processing /opt/airflow/dags/producer.py took 0.057 seconds
[2024-03-08T17:05:52.936+0000] {processor.py:154} INFO - Started process (PID=2746) to work on /opt/airflow/dags/producer.py
[2024-03-08T17:05:52.937+0000] {processor.py:756} INFO - Processing file /opt/airflow/dags/producer.py for tasks to queue
[2024-03-08T17:05:52.937+0000] {logging_mixin.py:120} INFO - [2024-03-08T17:05:52.937+0000] {dagbag.py:537} INFO - Filling up the DagBag from /opt/airflow/dags/producer.py
[2024-03-08T17:05:52.949+0000] {processor.py:766} INFO - DAG(s) dict_keys(['producer']) retrieved from /opt/airflow/dags/producer.py
[2024-03-08T17:05:52.969+0000] {logging_mixin.py:120} INFO - [2024-03-08T17:05:52.969+0000] {dag.py:2585} INFO - Sync 1 DAGs
[2024-03-08T17:05:52.983+0000] {logging_mixin.py:120} INFO - [2024-03-08T17:05:52.982+0000] {dag.py:3340} INFO - Setting next_dagrun for producer to 2024-03-07T00:00:00+00:00, run_after=2024-03-08T00:00:00+00:00
[2024-03-08T17:05:52.993+0000] {processor.py:176} INFO - Processing /opt/airflow/dags/producer.py took 0.059 seconds
[2024-03-08T17:06:23.835+0000] {processor.py:154} INFO - Started process (PID=2782) to work on /opt/airflow/dags/producer.py
[2024-03-08T17:06:23.835+0000] {processor.py:756} INFO - Processing file /opt/airflow/dags/producer.py for tasks to queue
[2024-03-08T17:06:23.836+0000] {logging_mixin.py:120} INFO - [2024-03-08T17:06:23.836+0000] {dagbag.py:537} INFO - Filling up the DagBag from /opt/airflow/dags/producer.py
[2024-03-08T17:06:23.848+0000] {processor.py:766} INFO - DAG(s) dict_keys(['producer']) retrieved from /opt/airflow/dags/producer.py
[2024-03-08T17:06:23.867+0000] {logging_mixin.py:120} INFO - [2024-03-08T17:06:23.867+0000] {dag.py:2585} INFO - Sync 1 DAGs
[2024-03-08T17:06:23.878+0000] {logging_mixin.py:120} INFO - [2024-03-08T17:06:23.878+0000] {dag.py:3340} INFO - Setting next_dagrun for producer to 2024-03-07T00:00:00+00:00, run_after=2024-03-08T00:00:00+00:00
[2024-03-08T17:06:23.888+0000] {processor.py:176} INFO - Processing /opt/airflow/dags/producer.py took 0.055 seconds
[2024-03-08T17:06:54.679+0000] {processor.py:154} INFO - Started process (PID=2819) to work on /opt/airflow/dags/producer.py
[2024-03-08T17:06:54.679+0000] {processor.py:756} INFO - Processing file /opt/airflow/dags/producer.py for tasks to queue
[2024-03-08T17:06:54.680+0000] {logging_mixin.py:120} INFO - [2024-03-08T17:06:54.680+0000] {dagbag.py:537} INFO - Filling up the DagBag from /opt/airflow/dags/producer.py
[2024-03-08T17:06:54.691+0000] {processor.py:766} INFO - DAG(s) dict_keys(['producer']) retrieved from /opt/airflow/dags/producer.py
[2024-03-08T17:06:54.711+0000] {logging_mixin.py:120} INFO - [2024-03-08T17:06:54.711+0000] {dag.py:2585} INFO - Sync 1 DAGs
[2024-03-08T17:06:54.722+0000] {logging_mixin.py:120} INFO - [2024-03-08T17:06:54.722+0000] {dag.py:3340} INFO - Setting next_dagrun for producer to 2024-03-07T00:00:00+00:00, run_after=2024-03-08T00:00:00+00:00
[2024-03-08T17:06:54.732+0000] {processor.py:176} INFO - Processing /opt/airflow/dags/producer.py took 0.055 seconds
[2024-03-08T17:07:25.512+0000] {processor.py:154} INFO - Started process (PID=2855) to work on /opt/airflow/dags/producer.py
[2024-03-08T17:07:25.513+0000] {processor.py:756} INFO - Processing file /opt/airflow/dags/producer.py for tasks to queue
[2024-03-08T17:07:25.513+0000] {logging_mixin.py:120} INFO - [2024-03-08T17:07:25.513+0000] {dagbag.py:537} INFO - Filling up the DagBag from /opt/airflow/dags/producer.py
[2024-03-08T17:07:25.524+0000] {processor.py:766} INFO - DAG(s) dict_keys(['producer']) retrieved from /opt/airflow/dags/producer.py
[2024-03-08T17:07:25.545+0000] {logging_mixin.py:120} INFO - [2024-03-08T17:07:25.545+0000] {dag.py:2585} INFO - Sync 1 DAGs
[2024-03-08T17:07:25.558+0000] {logging_mixin.py:120} INFO - [2024-03-08T17:07:25.557+0000] {dag.py:3340} INFO - Setting next_dagrun for producer to 2024-03-07T00:00:00+00:00, run_after=2024-03-08T00:00:00+00:00
[2024-03-08T17:07:25.568+0000] {processor.py:176} INFO - Processing /opt/airflow/dags/producer.py took 0.058 seconds
[2024-03-08T17:07:56.226+0000] {processor.py:154} INFO - Started process (PID=2892) to work on /opt/airflow/dags/producer.py
[2024-03-08T17:07:56.227+0000] {processor.py:756} INFO - Processing file /opt/airflow/dags/producer.py for tasks to queue
[2024-03-08T17:07:56.227+0000] {logging_mixin.py:120} INFO - [2024-03-08T17:07:56.227+0000] {dagbag.py:537} INFO - Filling up the DagBag from /opt/airflow/dags/producer.py
[2024-03-08T17:07:56.239+0000] {processor.py:766} INFO - DAG(s) dict_keys(['producer']) retrieved from /opt/airflow/dags/producer.py
[2024-03-08T17:07:56.258+0000] {logging_mixin.py:120} INFO - [2024-03-08T17:07:56.258+0000] {dag.py:2585} INFO - Sync 1 DAGs
[2024-03-08T17:07:56.271+0000] {logging_mixin.py:120} INFO - [2024-03-08T17:07:56.270+0000] {dag.py:3340} INFO - Setting next_dagrun for producer to 2024-03-07T00:00:00+00:00, run_after=2024-03-08T00:00:00+00:00
[2024-03-08T17:07:56.280+0000] {processor.py:176} INFO - Processing /opt/airflow/dags/producer.py took 0.056 seconds
[2024-03-08T17:08:27.096+0000] {processor.py:154} INFO - Started process (PID=2929) to work on /opt/airflow/dags/producer.py
[2024-03-08T17:08:27.097+0000] {processor.py:756} INFO - Processing file /opt/airflow/dags/producer.py for tasks to queue
[2024-03-08T17:08:27.097+0000] {logging_mixin.py:120} INFO - [2024-03-08T17:08:27.097+0000] {dagbag.py:537} INFO - Filling up the DagBag from /opt/airflow/dags/producer.py
[2024-03-08T17:08:27.109+0000] {processor.py:766} INFO - DAG(s) dict_keys(['producer']) retrieved from /opt/airflow/dags/producer.py
[2024-03-08T17:08:27.128+0000] {logging_mixin.py:120} INFO - [2024-03-08T17:08:27.128+0000] {dag.py:2585} INFO - Sync 1 DAGs
[2024-03-08T17:08:27.140+0000] {logging_mixin.py:120} INFO - [2024-03-08T17:08:27.140+0000] {dag.py:3340} INFO - Setting next_dagrun for producer to 2024-03-07T00:00:00+00:00, run_after=2024-03-08T00:00:00+00:00
[2024-03-08T17:08:27.149+0000] {processor.py:176} INFO - Processing /opt/airflow/dags/producer.py took 0.055 seconds
[2024-03-08T17:08:58.164+0000] {processor.py:154} INFO - Started process (PID=2965) to work on /opt/airflow/dags/producer.py
[2024-03-08T17:08:58.165+0000] {processor.py:756} INFO - Processing file /opt/airflow/dags/producer.py for tasks to queue
[2024-03-08T17:08:58.165+0000] {logging_mixin.py:120} INFO - [2024-03-08T17:08:58.165+0000] {dagbag.py:537} INFO - Filling up the DagBag from /opt/airflow/dags/producer.py
[2024-03-08T17:08:58.182+0000] {processor.py:766} INFO - DAG(s) dict_keys(['producer']) retrieved from /opt/airflow/dags/producer.py
[2024-03-08T17:08:58.207+0000] {logging_mixin.py:120} INFO - [2024-03-08T17:08:58.207+0000] {dag.py:2585} INFO - Sync 1 DAGs
[2024-03-08T17:08:58.222+0000] {logging_mixin.py:120} INFO - [2024-03-08T17:08:58.222+0000] {dag.py:3340} INFO - Setting next_dagrun for producer to 2024-03-07T00:00:00+00:00, run_after=2024-03-08T00:00:00+00:00
[2024-03-08T17:08:58.239+0000] {processor.py:176} INFO - Processing /opt/airflow/dags/producer.py took 0.077 seconds
[2024-03-08T17:09:28.553+0000] {processor.py:154} INFO - Started process (PID=2993) to work on /opt/airflow/dags/producer.py
[2024-03-08T17:09:28.554+0000] {processor.py:756} INFO - Processing file /opt/airflow/dags/producer.py for tasks to queue
[2024-03-08T17:09:28.554+0000] {logging_mixin.py:120} INFO - [2024-03-08T17:09:28.554+0000] {dagbag.py:537} INFO - Filling up the DagBag from /opt/airflow/dags/producer.py
[2024-03-08T17:09:28.565+0000] {processor.py:766} INFO - DAG(s) dict_keys(['producer']) retrieved from /opt/airflow/dags/producer.py
[2024-03-08T17:09:28.584+0000] {logging_mixin.py:120} INFO - [2024-03-08T17:09:28.584+0000] {dag.py:2585} INFO - Sync 1 DAGs
[2024-03-08T17:09:28.596+0000] {logging_mixin.py:120} INFO - [2024-03-08T17:09:28.596+0000] {dag.py:3340} INFO - Setting next_dagrun for producer to 2024-03-07T00:00:00+00:00, run_after=2024-03-08T00:00:00+00:00
[2024-03-08T17:09:28.606+0000] {processor.py:176} INFO - Processing /opt/airflow/dags/producer.py took 0.055 seconds
[2024-03-08T17:09:59.364+0000] {processor.py:154} INFO - Started process (PID=3028) to work on /opt/airflow/dags/producer.py
[2024-03-08T17:09:59.366+0000] {processor.py:756} INFO - Processing file /opt/airflow/dags/producer.py for tasks to queue
[2024-03-08T17:09:59.366+0000] {logging_mixin.py:120} INFO - [2024-03-08T17:09:59.366+0000] {dagbag.py:537} INFO - Filling up the DagBag from /opt/airflow/dags/producer.py
[2024-03-08T17:09:59.382+0000] {processor.py:766} INFO - DAG(s) dict_keys(['producer']) retrieved from /opt/airflow/dags/producer.py
[2024-03-08T17:09:59.402+0000] {logging_mixin.py:120} INFO - [2024-03-08T17:09:59.401+0000] {dag.py:2585} INFO - Sync 1 DAGs
[2024-03-08T17:09:59.413+0000] {logging_mixin.py:120} INFO - [2024-03-08T17:09:59.413+0000] {dag.py:3340} INFO - Setting next_dagrun for producer to 2024-03-07T00:00:00+00:00, run_after=2024-03-08T00:00:00+00:00
[2024-03-08T17:09:59.423+0000] {processor.py:176} INFO - Processing /opt/airflow/dags/producer.py took 0.061 seconds
[2024-03-08T17:11:32.400+0000] {processor.py:154} INFO - Started process (PID=60) to work on /opt/airflow/dags/producer.py
[2024-03-08T17:11:32.404+0000] {processor.py:756} INFO - Processing file /opt/airflow/dags/producer.py for tasks to queue
[2024-03-08T17:11:32.405+0000] {logging_mixin.py:120} INFO - [2024-03-08T17:11:32.405+0000] {dagbag.py:537} INFO - Filling up the DagBag from /opt/airflow/dags/producer.py
[2024-03-08T17:11:32.430+0000] {processor.py:766} INFO - DAG(s) dict_keys(['producer']) retrieved from /opt/airflow/dags/producer.py
[2024-03-08T17:11:32.467+0000] {logging_mixin.py:120} INFO - [2024-03-08T17:11:32.467+0000] {dag.py:2585} INFO - Sync 1 DAGs
[2024-03-08T17:11:32.507+0000] {logging_mixin.py:120} INFO - [2024-03-08T17:11:32.507+0000] {dag.py:3340} INFO - Setting next_dagrun for producer to 2024-03-07T00:00:00+00:00, run_after=2024-03-08T00:00:00+00:00
[2024-03-08T17:11:32.531+0000] {processor.py:176} INFO - Processing /opt/airflow/dags/producer.py took 0.136 seconds
[2024-03-08T17:12:03.448+0000] {processor.py:154} INFO - Started process (PID=88) to work on /opt/airflow/dags/producer.py
[2024-03-08T17:12:03.449+0000] {processor.py:756} INFO - Processing file /opt/airflow/dags/producer.py for tasks to queue
[2024-03-08T17:12:03.449+0000] {logging_mixin.py:120} INFO - [2024-03-08T17:12:03.449+0000] {dagbag.py:537} INFO - Filling up the DagBag from /opt/airflow/dags/producer.py
[2024-03-08T17:12:03.463+0000] {processor.py:766} INFO - DAG(s) dict_keys(['producer']) retrieved from /opt/airflow/dags/producer.py
[2024-03-08T17:12:03.481+0000] {logging_mixin.py:120} INFO - [2024-03-08T17:12:03.481+0000] {dag.py:2585} INFO - Sync 1 DAGs
[2024-03-08T17:12:03.494+0000] {logging_mixin.py:120} INFO - [2024-03-08T17:12:03.494+0000] {dag.py:3340} INFO - Setting next_dagrun for producer to 2024-03-07T00:00:00+00:00, run_after=2024-03-08T00:00:00+00:00
[2024-03-08T17:12:03.503+0000] {processor.py:176} INFO - Processing /opt/airflow/dags/producer.py took 0.057 seconds
[2024-03-08T17:12:34.366+0000] {processor.py:154} INFO - Started process (PID=126) to work on /opt/airflow/dags/producer.py
[2024-03-08T17:12:34.367+0000] {processor.py:756} INFO - Processing file /opt/airflow/dags/producer.py for tasks to queue
[2024-03-08T17:12:34.367+0000] {logging_mixin.py:120} INFO - [2024-03-08T17:12:34.367+0000] {dagbag.py:537} INFO - Filling up the DagBag from /opt/airflow/dags/producer.py
[2024-03-08T17:12:34.379+0000] {processor.py:766} INFO - DAG(s) dict_keys(['producer']) retrieved from /opt/airflow/dags/producer.py
[2024-03-08T17:12:34.398+0000] {logging_mixin.py:120} INFO - [2024-03-08T17:12:34.398+0000] {dag.py:2585} INFO - Sync 1 DAGs
[2024-03-08T17:12:34.410+0000] {logging_mixin.py:120} INFO - [2024-03-08T17:12:34.410+0000] {dag.py:3340} INFO - Setting next_dagrun for producer to 2024-03-07T00:00:00+00:00, run_after=2024-03-08T00:00:00+00:00
[2024-03-08T17:12:34.420+0000] {processor.py:176} INFO - Processing /opt/airflow/dags/producer.py took 0.055 seconds
[2024-03-08T20:40:35.844+0000] {processor.py:154} INFO - Started process (PID=60) to work on /opt/airflow/dags/producer.py
[2024-03-08T20:40:35.846+0000] {processor.py:756} INFO - Processing file /opt/airflow/dags/producer.py for tasks to queue
[2024-03-08T20:40:35.848+0000] {logging_mixin.py:120} INFO - [2024-03-08T20:40:35.848+0000] {dagbag.py:537} INFO - Filling up the DagBag from /opt/airflow/dags/producer.py
[2024-03-08T20:40:35.898+0000] {processor.py:766} INFO - DAG(s) dict_keys(['producer']) retrieved from /opt/airflow/dags/producer.py
[2024-03-08T20:40:36.100+0000] {logging_mixin.py:120} INFO - [2024-03-08T20:40:36.099+0000] {dag.py:2585} INFO - Sync 1 DAGs
[2024-03-08T20:40:36.170+0000] {logging_mixin.py:120} INFO - [2024-03-08T20:40:36.169+0000] {dag.py:3340} INFO - Setting next_dagrun for producer to 2024-03-07T00:00:00+00:00, run_after=2024-03-08T00:00:00+00:00
[2024-03-08T20:40:36.218+0000] {processor.py:176} INFO - Processing /opt/airflow/dags/producer.py took 0.384 seconds
[2024-03-08T20:41:08.636+0000] {processor.py:154} INFO - Started process (PID=97) to work on /opt/airflow/dags/producer.py
[2024-03-08T20:41:08.639+0000] {processor.py:756} INFO - Processing file /opt/airflow/dags/producer.py for tasks to queue
[2024-03-08T20:41:08.641+0000] {logging_mixin.py:120} INFO - [2024-03-08T20:41:08.641+0000] {dagbag.py:537} INFO - Filling up the DagBag from /opt/airflow/dags/producer.py
[2024-03-08T20:41:08.689+0000] {processor.py:766} INFO - DAG(s) dict_keys(['producer']) retrieved from /opt/airflow/dags/producer.py
[2024-03-08T20:41:08.722+0000] {logging_mixin.py:120} INFO - [2024-03-08T20:41:08.722+0000] {dag.py:2585} INFO - Sync 1 DAGs
[2024-03-08T20:41:08.746+0000] {logging_mixin.py:120} INFO - [2024-03-08T20:41:08.746+0000] {dag.py:3340} INFO - Setting next_dagrun for producer to 2024-03-07T00:00:00+00:00, run_after=2024-03-08T00:00:00+00:00
[2024-03-08T20:41:08.760+0000] {processor.py:176} INFO - Processing /opt/airflow/dags/producer.py took 0.127 seconds
