[2024-03-08T15:47:41.430+0000] {processor.py:154} INFO - Started process (PID=49) to work on /opt/airflow/dags/user_processing.py
[2024-03-08T15:47:41.464+0000] {processor.py:756} INFO - Processing file /opt/airflow/dags/user_processing.py for tasks to queue
[2024-03-08T15:47:41.468+0000] {logging_mixin.py:120} INFO - [2024-03-08T15:47:41.468+0000] {dagbag.py:537} INFO - Filling up the DagBag from /opt/airflow/dags/user_processing.py
[2024-03-08T15:47:42.370+0000] {processor.py:766} INFO - DAG(s) dict_keys(['user_processing']) retrieved from /opt/airflow/dags/user_processing.py
[2024-03-08T15:47:42.663+0000] {logging_mixin.py:120} INFO - [2024-03-08T15:47:42.662+0000] {dag.py:2585} INFO - Sync 1 DAGs
[2024-03-08T15:47:42.683+0000] {logging_mixin.py:120} INFO - [2024-03-08T15:47:42.683+0000] {dag.py:3340} INFO - Setting next_dagrun for user_processing to 2024-03-07T00:00:00+00:00, run_after=2024-03-08T00:00:00+00:00
[2024-03-08T15:47:42.710+0000] {processor.py:176} INFO - Processing /opt/airflow/dags/user_processing.py took 1.285 seconds
[2024-03-08T15:48:12.857+0000] {processor.py:154} INFO - Started process (PID=77) to work on /opt/airflow/dags/user_processing.py
[2024-03-08T15:48:12.859+0000] {processor.py:756} INFO - Processing file /opt/airflow/dags/user_processing.py for tasks to queue
[2024-03-08T15:48:12.861+0000] {logging_mixin.py:120} INFO - [2024-03-08T15:48:12.860+0000] {dagbag.py:537} INFO - Filling up the DagBag from /opt/airflow/dags/user_processing.py
[2024-03-08T15:48:13.560+0000] {processor.py:766} INFO - DAG(s) dict_keys(['user_processing']) retrieved from /opt/airflow/dags/user_processing.py
[2024-03-08T15:48:13.988+0000] {logging_mixin.py:120} INFO - [2024-03-08T15:48:13.987+0000] {dag.py:2585} INFO - Sync 1 DAGs
[2024-03-08T15:48:14.032+0000] {logging_mixin.py:120} INFO - [2024-03-08T15:48:14.032+0000] {dag.py:3340} INFO - Setting next_dagrun for user_processing to 2024-03-07T00:00:00+00:00, run_after=2024-03-08T00:00:00+00:00
[2024-03-08T15:48:14.052+0000] {processor.py:176} INFO - Processing /opt/airflow/dags/user_processing.py took 1.207 seconds
[2024-03-08T15:48:44.804+0000] {processor.py:154} INFO - Started process (PID=113) to work on /opt/airflow/dags/user_processing.py
[2024-03-08T15:48:44.806+0000] {processor.py:756} INFO - Processing file /opt/airflow/dags/user_processing.py for tasks to queue
[2024-03-08T15:48:44.807+0000] {logging_mixin.py:120} INFO - [2024-03-08T15:48:44.807+0000] {dagbag.py:537} INFO - Filling up the DagBag from /opt/airflow/dags/user_processing.py
[2024-03-08T15:48:45.026+0000] {processor.py:766} INFO - DAG(s) dict_keys(['user_processing']) retrieved from /opt/airflow/dags/user_processing.py
[2024-03-08T15:48:45.193+0000] {logging_mixin.py:120} INFO - [2024-03-08T15:48:45.192+0000] {dag.py:2585} INFO - Sync 1 DAGs
[2024-03-08T15:48:45.210+0000] {logging_mixin.py:120} INFO - [2024-03-08T15:48:45.209+0000] {dag.py:3340} INFO - Setting next_dagrun for user_processing to 2024-03-07T00:00:00+00:00, run_after=2024-03-08T00:00:00+00:00
[2024-03-08T15:48:45.221+0000] {processor.py:176} INFO - Processing /opt/airflow/dags/user_processing.py took 0.429 seconds
[2024-03-08T15:49:15.987+0000] {processor.py:154} INFO - Started process (PID=150) to work on /opt/airflow/dags/user_processing.py
[2024-03-08T15:49:15.989+0000] {processor.py:756} INFO - Processing file /opt/airflow/dags/user_processing.py for tasks to queue
[2024-03-08T15:49:15.990+0000] {logging_mixin.py:120} INFO - [2024-03-08T15:49:15.990+0000] {dagbag.py:537} INFO - Filling up the DagBag from /opt/airflow/dags/user_processing.py
[2024-03-08T15:49:16.238+0000] {processor.py:766} INFO - DAG(s) dict_keys(['user_processing']) retrieved from /opt/airflow/dags/user_processing.py
[2024-03-08T15:49:16.363+0000] {logging_mixin.py:120} INFO - [2024-03-08T15:49:16.362+0000] {dag.py:2585} INFO - Sync 1 DAGs
[2024-03-08T15:49:16.376+0000] {logging_mixin.py:120} INFO - [2024-03-08T15:49:16.376+0000] {dag.py:3340} INFO - Setting next_dagrun for user_processing to 2024-03-07T00:00:00+00:00, run_after=2024-03-08T00:00:00+00:00
[2024-03-08T15:49:16.386+0000] {processor.py:176} INFO - Processing /opt/airflow/dags/user_processing.py took 0.405 seconds
[2024-03-08T15:49:46.876+0000] {processor.py:154} INFO - Started process (PID=187) to work on /opt/airflow/dags/user_processing.py
[2024-03-08T15:49:46.878+0000] {processor.py:756} INFO - Processing file /opt/airflow/dags/user_processing.py for tasks to queue
[2024-03-08T15:49:46.879+0000] {logging_mixin.py:120} INFO - [2024-03-08T15:49:46.879+0000] {dagbag.py:537} INFO - Filling up the DagBag from /opt/airflow/dags/user_processing.py
[2024-03-08T15:49:47.074+0000] {processor.py:766} INFO - DAG(s) dict_keys(['user_processing']) retrieved from /opt/airflow/dags/user_processing.py
[2024-03-08T15:49:47.208+0000] {logging_mixin.py:120} INFO - [2024-03-08T15:49:47.207+0000] {dag.py:2585} INFO - Sync 1 DAGs
[2024-03-08T15:49:47.222+0000] {logging_mixin.py:120} INFO - [2024-03-08T15:49:47.222+0000] {dag.py:3340} INFO - Setting next_dagrun for user_processing to 2024-03-07T00:00:00+00:00, run_after=2024-03-08T00:00:00+00:00
[2024-03-08T15:49:47.232+0000] {processor.py:176} INFO - Processing /opt/airflow/dags/user_processing.py took 0.361 seconds
[2024-03-08T15:50:17.791+0000] {processor.py:154} INFO - Started process (PID=224) to work on /opt/airflow/dags/user_processing.py
[2024-03-08T15:50:17.793+0000] {processor.py:756} INFO - Processing file /opt/airflow/dags/user_processing.py for tasks to queue
[2024-03-08T15:50:17.795+0000] {logging_mixin.py:120} INFO - [2024-03-08T15:50:17.794+0000] {dagbag.py:537} INFO - Filling up the DagBag from /opt/airflow/dags/user_processing.py
[2024-03-08T15:50:18.019+0000] {processor.py:766} INFO - DAG(s) dict_keys(['user_processing']) retrieved from /opt/airflow/dags/user_processing.py
[2024-03-08T15:50:18.148+0000] {logging_mixin.py:120} INFO - [2024-03-08T15:50:18.147+0000] {dag.py:2585} INFO - Sync 1 DAGs
[2024-03-08T15:50:18.161+0000] {logging_mixin.py:120} INFO - [2024-03-08T15:50:18.161+0000] {dag.py:3340} INFO - Setting next_dagrun for user_processing to 2024-03-07T00:00:00+00:00, run_after=2024-03-08T00:00:00+00:00
[2024-03-08T15:50:18.170+0000] {processor.py:176} INFO - Processing /opt/airflow/dags/user_processing.py took 0.387 seconds
[2024-03-08T15:50:48.657+0000] {processor.py:154} INFO - Started process (PID=262) to work on /opt/airflow/dags/user_processing.py
[2024-03-08T15:50:48.661+0000] {processor.py:756} INFO - Processing file /opt/airflow/dags/user_processing.py for tasks to queue
[2024-03-08T15:50:48.662+0000] {logging_mixin.py:120} INFO - [2024-03-08T15:50:48.662+0000] {dagbag.py:537} INFO - Filling up the DagBag from /opt/airflow/dags/user_processing.py
[2024-03-08T15:50:48.828+0000] {processor.py:766} INFO - DAG(s) dict_keys(['user_processing']) retrieved from /opt/airflow/dags/user_processing.py
[2024-03-08T15:50:48.941+0000] {logging_mixin.py:120} INFO - [2024-03-08T15:50:48.941+0000] {dag.py:2585} INFO - Sync 1 DAGs
[2024-03-08T15:50:48.955+0000] {logging_mixin.py:120} INFO - [2024-03-08T15:50:48.955+0000] {dag.py:3340} INFO - Setting next_dagrun for user_processing to 2024-03-07T00:00:00+00:00, run_after=2024-03-08T00:00:00+00:00
[2024-03-08T15:50:48.965+0000] {processor.py:176} INFO - Processing /opt/airflow/dags/user_processing.py took 0.314 seconds
[2024-03-08T15:51:19.615+0000] {processor.py:154} INFO - Started process (PID=300) to work on /opt/airflow/dags/user_processing.py
[2024-03-08T15:51:19.618+0000] {processor.py:756} INFO - Processing file /opt/airflow/dags/user_processing.py for tasks to queue
[2024-03-08T15:51:19.620+0000] {logging_mixin.py:120} INFO - [2024-03-08T15:51:19.619+0000] {dagbag.py:537} INFO - Filling up the DagBag from /opt/airflow/dags/user_processing.py
[2024-03-08T15:51:19.840+0000] {processor.py:766} INFO - DAG(s) dict_keys(['user_processing']) retrieved from /opt/airflow/dags/user_processing.py
[2024-03-08T15:51:19.968+0000] {logging_mixin.py:120} INFO - [2024-03-08T15:51:19.968+0000] {dag.py:2585} INFO - Sync 1 DAGs
[2024-03-08T15:51:19.983+0000] {logging_mixin.py:120} INFO - [2024-03-08T15:51:19.982+0000] {dag.py:3340} INFO - Setting next_dagrun for user_processing to 2024-03-07T00:00:00+00:00, run_after=2024-03-08T00:00:00+00:00
[2024-03-08T15:51:20.187+0000] {processor.py:176} INFO - Processing /opt/airflow/dags/user_processing.py took 0.582 seconds
[2024-03-08T15:51:50.647+0000] {processor.py:154} INFO - Started process (PID=328) to work on /opt/airflow/dags/user_processing.py
[2024-03-08T15:51:50.650+0000] {processor.py:756} INFO - Processing file /opt/airflow/dags/user_processing.py for tasks to queue
[2024-03-08T15:51:50.651+0000] {logging_mixin.py:120} INFO - [2024-03-08T15:51:50.651+0000] {dagbag.py:537} INFO - Filling up the DagBag from /opt/airflow/dags/user_processing.py
[2024-03-08T15:51:50.880+0000] {processor.py:766} INFO - DAG(s) dict_keys(['user_processing']) retrieved from /opt/airflow/dags/user_processing.py
[2024-03-08T15:51:51.022+0000] {logging_mixin.py:120} INFO - [2024-03-08T15:51:51.022+0000] {dag.py:2585} INFO - Sync 1 DAGs
[2024-03-08T15:51:51.038+0000] {logging_mixin.py:120} INFO - [2024-03-08T15:51:51.038+0000] {dag.py:3340} INFO - Setting next_dagrun for user_processing to 2024-03-07T00:00:00+00:00, run_after=2024-03-08T00:00:00+00:00
[2024-03-08T15:51:51.047+0000] {processor.py:176} INFO - Processing /opt/airflow/dags/user_processing.py took 0.410 seconds
[2024-03-08T15:52:21.574+0000] {processor.py:154} INFO - Started process (PID=365) to work on /opt/airflow/dags/user_processing.py
[2024-03-08T15:52:21.576+0000] {processor.py:756} INFO - Processing file /opt/airflow/dags/user_processing.py for tasks to queue
[2024-03-08T15:52:21.577+0000] {logging_mixin.py:120} INFO - [2024-03-08T15:52:21.577+0000] {dagbag.py:537} INFO - Filling up the DagBag from /opt/airflow/dags/user_processing.py
[2024-03-08T15:52:21.809+0000] {processor.py:766} INFO - DAG(s) dict_keys(['user_processing']) retrieved from /opt/airflow/dags/user_processing.py
[2024-03-08T15:52:21.933+0000] {logging_mixin.py:120} INFO - [2024-03-08T15:52:21.933+0000] {dag.py:2585} INFO - Sync 1 DAGs
[2024-03-08T15:52:21.947+0000] {logging_mixin.py:120} INFO - [2024-03-08T15:52:21.947+0000] {dag.py:3340} INFO - Setting next_dagrun for user_processing to 2024-03-07T00:00:00+00:00, run_after=2024-03-08T00:00:00+00:00
[2024-03-08T15:52:21.957+0000] {processor.py:176} INFO - Processing /opt/airflow/dags/user_processing.py took 0.389 seconds
[2024-03-08T15:52:52.601+0000] {processor.py:154} INFO - Started process (PID=402) to work on /opt/airflow/dags/user_processing.py
[2024-03-08T15:52:52.603+0000] {processor.py:756} INFO - Processing file /opt/airflow/dags/user_processing.py for tasks to queue
[2024-03-08T15:52:52.604+0000] {logging_mixin.py:120} INFO - [2024-03-08T15:52:52.604+0000] {dagbag.py:537} INFO - Filling up the DagBag from /opt/airflow/dags/user_processing.py
[2024-03-08T15:52:52.790+0000] {processor.py:766} INFO - DAG(s) dict_keys(['user_processing']) retrieved from /opt/airflow/dags/user_processing.py
[2024-03-08T15:52:52.900+0000] {logging_mixin.py:120} INFO - [2024-03-08T15:52:52.900+0000] {dag.py:2585} INFO - Sync 1 DAGs
[2024-03-08T15:52:52.914+0000] {logging_mixin.py:120} INFO - [2024-03-08T15:52:52.914+0000] {dag.py:3340} INFO - Setting next_dagrun for user_processing to 2024-03-07T00:00:00+00:00, run_after=2024-03-08T00:00:00+00:00
[2024-03-08T15:52:52.923+0000] {processor.py:176} INFO - Processing /opt/airflow/dags/user_processing.py took 0.329 seconds
[2024-03-08T15:53:23.386+0000] {processor.py:154} INFO - Started process (PID=440) to work on /opt/airflow/dags/user_processing.py
[2024-03-08T15:53:23.393+0000] {processor.py:756} INFO - Processing file /opt/airflow/dags/user_processing.py for tasks to queue
[2024-03-08T15:53:23.402+0000] {logging_mixin.py:120} INFO - [2024-03-08T15:53:23.401+0000] {dagbag.py:537} INFO - Filling up the DagBag from /opt/airflow/dags/user_processing.py
[2024-03-08T15:53:23.634+0000] {processor.py:766} INFO - DAG(s) dict_keys(['user_processing']) retrieved from /opt/airflow/dags/user_processing.py
[2024-03-08T15:53:23.765+0000] {logging_mixin.py:120} INFO - [2024-03-08T15:53:23.765+0000] {dag.py:2585} INFO - Sync 1 DAGs
[2024-03-08T15:53:23.779+0000] {logging_mixin.py:120} INFO - [2024-03-08T15:53:23.779+0000] {dag.py:3340} INFO - Setting next_dagrun for user_processing to 2024-03-07T00:00:00+00:00, run_after=2024-03-08T00:00:00+00:00
[2024-03-08T15:53:23.788+0000] {processor.py:176} INFO - Processing /opt/airflow/dags/user_processing.py took 0.410 seconds
[2024-03-08T15:53:54.437+0000] {processor.py:154} INFO - Started process (PID=477) to work on /opt/airflow/dags/user_processing.py
[2024-03-08T15:53:54.440+0000] {processor.py:756} INFO - Processing file /opt/airflow/dags/user_processing.py for tasks to queue
[2024-03-08T15:53:54.441+0000] {logging_mixin.py:120} INFO - [2024-03-08T15:53:54.441+0000] {dagbag.py:537} INFO - Filling up the DagBag from /opt/airflow/dags/user_processing.py
[2024-03-08T15:53:54.699+0000] {processor.py:766} INFO - DAG(s) dict_keys(['user_processing']) retrieved from /opt/airflow/dags/user_processing.py
[2024-03-08T15:53:54.848+0000] {logging_mixin.py:120} INFO - [2024-03-08T15:53:54.847+0000] {dag.py:2585} INFO - Sync 1 DAGs
[2024-03-08T15:53:54.862+0000] {logging_mixin.py:120} INFO - [2024-03-08T15:53:54.861+0000] {dag.py:3340} INFO - Setting next_dagrun for user_processing to 2024-03-07T00:00:00+00:00, run_after=2024-03-08T00:00:00+00:00
[2024-03-08T15:53:54.870+0000] {processor.py:176} INFO - Processing /opt/airflow/dags/user_processing.py took 0.440 seconds
[2024-03-08T15:54:25.522+0000] {processor.py:154} INFO - Started process (PID=513) to work on /opt/airflow/dags/user_processing.py
[2024-03-08T15:54:25.524+0000] {processor.py:756} INFO - Processing file /opt/airflow/dags/user_processing.py for tasks to queue
[2024-03-08T15:54:25.525+0000] {logging_mixin.py:120} INFO - [2024-03-08T15:54:25.525+0000] {dagbag.py:537} INFO - Filling up the DagBag from /opt/airflow/dags/user_processing.py
[2024-03-08T15:54:25.709+0000] {processor.py:766} INFO - DAG(s) dict_keys(['user_processing']) retrieved from /opt/airflow/dags/user_processing.py
[2024-03-08T15:54:25.835+0000] {logging_mixin.py:120} INFO - [2024-03-08T15:54:25.834+0000] {dag.py:2585} INFO - Sync 1 DAGs
[2024-03-08T15:54:25.851+0000] {logging_mixin.py:120} INFO - [2024-03-08T15:54:25.851+0000] {dag.py:3340} INFO - Setting next_dagrun for user_processing to 2024-03-07T00:00:00+00:00, run_after=2024-03-08T00:00:00+00:00
[2024-03-08T15:54:26.088+0000] {processor.py:176} INFO - Processing /opt/airflow/dags/user_processing.py took 0.569 seconds
[2024-03-08T15:54:56.623+0000] {processor.py:154} INFO - Started process (PID=541) to work on /opt/airflow/dags/user_processing.py
[2024-03-08T15:54:56.628+0000] {processor.py:756} INFO - Processing file /opt/airflow/dags/user_processing.py for tasks to queue
[2024-03-08T15:54:56.630+0000] {logging_mixin.py:120} INFO - [2024-03-08T15:54:56.630+0000] {dagbag.py:537} INFO - Filling up the DagBag from /opt/airflow/dags/user_processing.py
[2024-03-08T15:54:56.847+0000] {processor.py:766} INFO - DAG(s) dict_keys(['user_processing']) retrieved from /opt/airflow/dags/user_processing.py
[2024-03-08T15:54:57.003+0000] {logging_mixin.py:120} INFO - [2024-03-08T15:54:57.002+0000] {dag.py:2585} INFO - Sync 1 DAGs
[2024-03-08T15:54:57.018+0000] {logging_mixin.py:120} INFO - [2024-03-08T15:54:57.018+0000] {dag.py:3340} INFO - Setting next_dagrun for user_processing to 2024-03-07T00:00:00+00:00, run_after=2024-03-08T00:00:00+00:00
[2024-03-08T15:54:57.031+0000] {processor.py:176} INFO - Processing /opt/airflow/dags/user_processing.py took 0.428 seconds
[2024-03-08T15:55:27.566+0000] {processor.py:154} INFO - Started process (PID=578) to work on /opt/airflow/dags/user_processing.py
[2024-03-08T15:55:27.569+0000] {processor.py:756} INFO - Processing file /opt/airflow/dags/user_processing.py for tasks to queue
[2024-03-08T15:55:27.570+0000] {logging_mixin.py:120} INFO - [2024-03-08T15:55:27.570+0000] {dagbag.py:537} INFO - Filling up the DagBag from /opt/airflow/dags/user_processing.py
[2024-03-08T15:55:27.812+0000] {processor.py:766} INFO - DAG(s) dict_keys(['user_processing']) retrieved from /opt/airflow/dags/user_processing.py
[2024-03-08T15:55:27.944+0000] {logging_mixin.py:120} INFO - [2024-03-08T15:55:27.944+0000] {dag.py:2585} INFO - Sync 1 DAGs
[2024-03-08T15:55:27.960+0000] {logging_mixin.py:120} INFO - [2024-03-08T15:55:27.960+0000] {dag.py:3340} INFO - Setting next_dagrun for user_processing to 2024-03-07T00:00:00+00:00, run_after=2024-03-08T00:00:00+00:00
[2024-03-08T15:55:27.969+0000] {processor.py:176} INFO - Processing /opt/airflow/dags/user_processing.py took 0.411 seconds
[2024-03-08T15:55:58.539+0000] {processor.py:154} INFO - Started process (PID=615) to work on /opt/airflow/dags/user_processing.py
[2024-03-08T15:55:58.541+0000] {processor.py:756} INFO - Processing file /opt/airflow/dags/user_processing.py for tasks to queue
[2024-03-08T15:55:58.542+0000] {logging_mixin.py:120} INFO - [2024-03-08T15:55:58.542+0000] {dagbag.py:537} INFO - Filling up the DagBag from /opt/airflow/dags/user_processing.py
[2024-03-08T15:55:58.729+0000] {processor.py:766} INFO - DAG(s) dict_keys(['user_processing']) retrieved from /opt/airflow/dags/user_processing.py
[2024-03-08T15:55:58.898+0000] {logging_mixin.py:120} INFO - [2024-03-08T15:55:58.898+0000] {dag.py:2585} INFO - Sync 1 DAGs
[2024-03-08T15:55:58.913+0000] {logging_mixin.py:120} INFO - [2024-03-08T15:55:58.913+0000] {dag.py:3340} INFO - Setting next_dagrun for user_processing to 2024-03-07T00:00:00+00:00, run_after=2024-03-08T00:00:00+00:00
[2024-03-08T15:55:58.923+0000] {processor.py:176} INFO - Processing /opt/airflow/dags/user_processing.py took 0.392 seconds
[2024-03-08T15:56:29.432+0000] {processor.py:154} INFO - Started process (PID=652) to work on /opt/airflow/dags/user_processing.py
[2024-03-08T15:56:29.434+0000] {processor.py:756} INFO - Processing file /opt/airflow/dags/user_processing.py for tasks to queue
[2024-03-08T15:56:29.436+0000] {logging_mixin.py:120} INFO - [2024-03-08T15:56:29.436+0000] {dagbag.py:537} INFO - Filling up the DagBag from /opt/airflow/dags/user_processing.py
[2024-03-08T15:56:29.735+0000] {processor.py:766} INFO - DAG(s) dict_keys(['user_processing']) retrieved from /opt/airflow/dags/user_processing.py
[2024-03-08T15:56:29.880+0000] {logging_mixin.py:120} INFO - [2024-03-08T15:56:29.880+0000] {dag.py:2585} INFO - Sync 1 DAGs
[2024-03-08T15:56:29.895+0000] {logging_mixin.py:120} INFO - [2024-03-08T15:56:29.895+0000] {dag.py:3340} INFO - Setting next_dagrun for user_processing to 2024-03-07T00:00:00+00:00, run_after=2024-03-08T00:00:00+00:00
[2024-03-08T15:56:29.912+0000] {processor.py:176} INFO - Processing /opt/airflow/dags/user_processing.py took 0.489 seconds
[2024-03-08T15:57:00.482+0000] {processor.py:154} INFO - Started process (PID=689) to work on /opt/airflow/dags/user_processing.py
[2024-03-08T15:57:00.485+0000] {processor.py:756} INFO - Processing file /opt/airflow/dags/user_processing.py for tasks to queue
[2024-03-08T15:57:00.486+0000] {logging_mixin.py:120} INFO - [2024-03-08T15:57:00.486+0000] {dagbag.py:537} INFO - Filling up the DagBag from /opt/airflow/dags/user_processing.py
[2024-03-08T15:57:00.652+0000] {processor.py:766} INFO - DAG(s) dict_keys(['user_processing']) retrieved from /opt/airflow/dags/user_processing.py
[2024-03-08T15:57:00.771+0000] {logging_mixin.py:120} INFO - [2024-03-08T15:57:00.771+0000] {dag.py:2585} INFO - Sync 1 DAGs
[2024-03-08T15:57:00.785+0000] {logging_mixin.py:120} INFO - [2024-03-08T15:57:00.785+0000] {dag.py:3340} INFO - Setting next_dagrun for user_processing to 2024-03-07T00:00:00+00:00, run_after=2024-03-08T00:00:00+00:00
[2024-03-08T15:57:00.795+0000] {processor.py:176} INFO - Processing /opt/airflow/dags/user_processing.py took 0.319 seconds
[2024-03-08T15:57:31.322+0000] {processor.py:154} INFO - Started process (PID=726) to work on /opt/airflow/dags/user_processing.py
[2024-03-08T15:57:31.324+0000] {processor.py:756} INFO - Processing file /opt/airflow/dags/user_processing.py for tasks to queue
[2024-03-08T15:57:31.325+0000] {logging_mixin.py:120} INFO - [2024-03-08T15:57:31.325+0000] {dagbag.py:537} INFO - Filling up the DagBag from /opt/airflow/dags/user_processing.py
[2024-03-08T15:57:31.501+0000] {processor.py:766} INFO - DAG(s) dict_keys(['user_processing']) retrieved from /opt/airflow/dags/user_processing.py
[2024-03-08T15:57:31.622+0000] {logging_mixin.py:120} INFO - [2024-03-08T15:57:31.622+0000] {dag.py:2585} INFO - Sync 1 DAGs
[2024-03-08T15:57:31.637+0000] {logging_mixin.py:120} INFO - [2024-03-08T15:57:31.637+0000] {dag.py:3340} INFO - Setting next_dagrun for user_processing to 2024-03-07T00:00:00+00:00, run_after=2024-03-08T00:00:00+00:00
[2024-03-08T15:57:31.845+0000] {processor.py:176} INFO - Processing /opt/airflow/dags/user_processing.py took 0.530 seconds
[2024-03-08T15:58:02.311+0000] {processor.py:154} INFO - Started process (PID=763) to work on /opt/airflow/dags/user_processing.py
[2024-03-08T15:58:02.312+0000] {processor.py:756} INFO - Processing file /opt/airflow/dags/user_processing.py for tasks to queue
[2024-03-08T15:58:02.313+0000] {logging_mixin.py:120} INFO - [2024-03-08T15:58:02.313+0000] {dagbag.py:537} INFO - Filling up the DagBag from /opt/airflow/dags/user_processing.py
[2024-03-08T15:58:02.496+0000] {processor.py:766} INFO - DAG(s) dict_keys(['user_processing']) retrieved from /opt/airflow/dags/user_processing.py
[2024-03-08T15:58:02.620+0000] {logging_mixin.py:120} INFO - [2024-03-08T15:58:02.620+0000] {dag.py:2585} INFO - Sync 1 DAGs
[2024-03-08T15:58:02.635+0000] {logging_mixin.py:120} INFO - [2024-03-08T15:58:02.635+0000] {dag.py:3340} INFO - Setting next_dagrun for user_processing to 2024-03-07T00:00:00+00:00, run_after=2024-03-08T00:00:00+00:00
[2024-03-08T15:58:02.643+0000] {processor.py:176} INFO - Processing /opt/airflow/dags/user_processing.py took 0.335 seconds
[2024-03-08T15:58:33.320+0000] {processor.py:154} INFO - Started process (PID=791) to work on /opt/airflow/dags/user_processing.py
[2024-03-08T15:58:33.321+0000] {processor.py:756} INFO - Processing file /opt/airflow/dags/user_processing.py for tasks to queue
[2024-03-08T15:58:33.322+0000] {logging_mixin.py:120} INFO - [2024-03-08T15:58:33.322+0000] {dagbag.py:537} INFO - Filling up the DagBag from /opt/airflow/dags/user_processing.py
[2024-03-08T15:58:33.633+0000] {processor.py:766} INFO - DAG(s) dict_keys(['user_processing']) retrieved from /opt/airflow/dags/user_processing.py
[2024-03-08T15:58:33.853+0000] {logging_mixin.py:120} INFO - [2024-03-08T15:58:33.853+0000] {dag.py:2585} INFO - Sync 1 DAGs
[2024-03-08T15:58:33.875+0000] {logging_mixin.py:120} INFO - [2024-03-08T15:58:33.875+0000] {dag.py:3340} INFO - Setting next_dagrun for user_processing to 2024-03-07T00:00:00+00:00, run_after=2024-03-08T00:00:00+00:00
[2024-03-08T15:58:33.906+0000] {processor.py:176} INFO - Processing /opt/airflow/dags/user_processing.py took 0.592 seconds
[2024-03-08T15:59:04.242+0000] {processor.py:154} INFO - Started process (PID=830) to work on /opt/airflow/dags/user_processing.py
[2024-03-08T15:59:04.243+0000] {processor.py:756} INFO - Processing file /opt/airflow/dags/user_processing.py for tasks to queue
[2024-03-08T15:59:04.243+0000] {logging_mixin.py:120} INFO - [2024-03-08T15:59:04.243+0000] {dagbag.py:537} INFO - Filling up the DagBag from /opt/airflow/dags/user_processing.py
[2024-03-08T15:59:04.408+0000] {processor.py:766} INFO - DAG(s) dict_keys(['user_processing']) retrieved from /opt/airflow/dags/user_processing.py
[2024-03-08T15:59:04.522+0000] {logging_mixin.py:120} INFO - [2024-03-08T15:59:04.522+0000] {dag.py:2585} INFO - Sync 1 DAGs
[2024-03-08T15:59:04.537+0000] {logging_mixin.py:120} INFO - [2024-03-08T15:59:04.537+0000] {dag.py:3340} INFO - Setting next_dagrun for user_processing to 2024-03-07T00:00:00+00:00, run_after=2024-03-08T00:00:00+00:00
[2024-03-08T15:59:04.548+0000] {processor.py:176} INFO - Processing /opt/airflow/dags/user_processing.py took 0.308 seconds
[2024-03-08T15:59:35.046+0000] {processor.py:154} INFO - Started process (PID=865) to work on /opt/airflow/dags/user_processing.py
[2024-03-08T15:59:35.051+0000] {processor.py:756} INFO - Processing file /opt/airflow/dags/user_processing.py for tasks to queue
[2024-03-08T15:59:35.053+0000] {logging_mixin.py:120} INFO - [2024-03-08T15:59:35.053+0000] {dagbag.py:537} INFO - Filling up the DagBag from /opt/airflow/dags/user_processing.py
[2024-03-08T15:59:35.271+0000] {processor.py:766} INFO - DAG(s) dict_keys(['user_processing']) retrieved from /opt/airflow/dags/user_processing.py
[2024-03-08T15:59:35.418+0000] {logging_mixin.py:120} INFO - [2024-03-08T15:59:35.417+0000] {dag.py:2585} INFO - Sync 1 DAGs
[2024-03-08T15:59:35.437+0000] {logging_mixin.py:120} INFO - [2024-03-08T15:59:35.437+0000] {dag.py:3340} INFO - Setting next_dagrun for user_processing to 2024-03-07T00:00:00+00:00, run_after=2024-03-08T00:00:00+00:00
[2024-03-08T15:59:35.449+0000] {processor.py:176} INFO - Processing /opt/airflow/dags/user_processing.py took 0.416 seconds
[2024-03-08T16:00:06.106+0000] {processor.py:154} INFO - Started process (PID=901) to work on /opt/airflow/dags/user_processing.py
[2024-03-08T16:00:06.108+0000] {processor.py:756} INFO - Processing file /opt/airflow/dags/user_processing.py for tasks to queue
[2024-03-08T16:00:06.110+0000] {logging_mixin.py:120} INFO - [2024-03-08T16:00:06.109+0000] {dagbag.py:537} INFO - Filling up the DagBag from /opt/airflow/dags/user_processing.py
[2024-03-08T16:00:06.351+0000] {processor.py:766} INFO - DAG(s) dict_keys(['user_processing']) retrieved from /opt/airflow/dags/user_processing.py
[2024-03-08T16:00:06.532+0000] {logging_mixin.py:120} INFO - [2024-03-08T16:00:06.531+0000] {dag.py:2585} INFO - Sync 1 DAGs
[2024-03-08T16:00:06.547+0000] {logging_mixin.py:120} INFO - [2024-03-08T16:00:06.547+0000] {dag.py:3340} INFO - Setting next_dagrun for user_processing to 2024-03-07T00:00:00+00:00, run_after=2024-03-08T00:00:00+00:00
[2024-03-08T16:00:06.557+0000] {processor.py:176} INFO - Processing /opt/airflow/dags/user_processing.py took 0.460 seconds
[2024-03-08T16:00:37.229+0000] {processor.py:154} INFO - Started process (PID=938) to work on /opt/airflow/dags/user_processing.py
[2024-03-08T16:00:37.231+0000] {processor.py:756} INFO - Processing file /opt/airflow/dags/user_processing.py for tasks to queue
[2024-03-08T16:00:37.232+0000] {logging_mixin.py:120} INFO - [2024-03-08T16:00:37.232+0000] {dagbag.py:537} INFO - Filling up the DagBag from /opt/airflow/dags/user_processing.py
[2024-03-08T16:00:37.496+0000] {processor.py:766} INFO - DAG(s) dict_keys(['user_processing']) retrieved from /opt/airflow/dags/user_processing.py
[2024-03-08T16:00:37.648+0000] {logging_mixin.py:120} INFO - [2024-03-08T16:00:37.648+0000] {dag.py:2585} INFO - Sync 1 DAGs
[2024-03-08T16:00:37.665+0000] {logging_mixin.py:120} INFO - [2024-03-08T16:00:37.665+0000] {dag.py:3340} INFO - Setting next_dagrun for user_processing to 2024-03-07T00:00:00+00:00, run_after=2024-03-08T00:00:00+00:00
[2024-03-08T16:00:37.884+0000] {processor.py:176} INFO - Processing /opt/airflow/dags/user_processing.py took 0.658 seconds
[2024-03-08T16:01:08.387+0000] {processor.py:154} INFO - Started process (PID=975) to work on /opt/airflow/dags/user_processing.py
[2024-03-08T16:01:08.388+0000] {processor.py:756} INFO - Processing file /opt/airflow/dags/user_processing.py for tasks to queue
[2024-03-08T16:01:08.389+0000] {logging_mixin.py:120} INFO - [2024-03-08T16:01:08.389+0000] {dagbag.py:537} INFO - Filling up the DagBag from /opt/airflow/dags/user_processing.py
[2024-03-08T16:01:08.602+0000] {processor.py:766} INFO - DAG(s) dict_keys(['user_processing']) retrieved from /opt/airflow/dags/user_processing.py
[2024-03-08T16:01:08.716+0000] {logging_mixin.py:120} INFO - [2024-03-08T16:01:08.716+0000] {dag.py:2585} INFO - Sync 1 DAGs
[2024-03-08T16:01:08.730+0000] {logging_mixin.py:120} INFO - [2024-03-08T16:01:08.730+0000] {dag.py:3340} INFO - Setting next_dagrun for user_processing to 2024-03-07T00:00:00+00:00, run_after=2024-03-08T00:00:00+00:00
[2024-03-08T16:01:08.739+0000] {processor.py:176} INFO - Processing /opt/airflow/dags/user_processing.py took 0.354 seconds
[2024-03-08T16:01:39.355+0000] {processor.py:154} INFO - Started process (PID=1003) to work on /opt/airflow/dags/user_processing.py
[2024-03-08T16:01:39.362+0000] {processor.py:756} INFO - Processing file /opt/airflow/dags/user_processing.py for tasks to queue
[2024-03-08T16:01:39.366+0000] {logging_mixin.py:120} INFO - [2024-03-08T16:01:39.366+0000] {dagbag.py:537} INFO - Filling up the DagBag from /opt/airflow/dags/user_processing.py
[2024-03-08T16:01:39.598+0000] {processor.py:766} INFO - DAG(s) dict_keys(['user_processing']) retrieved from /opt/airflow/dags/user_processing.py
[2024-03-08T16:01:39.741+0000] {logging_mixin.py:120} INFO - [2024-03-08T16:01:39.740+0000] {dag.py:2585} INFO - Sync 1 DAGs
[2024-03-08T16:01:39.754+0000] {logging_mixin.py:120} INFO - [2024-03-08T16:01:39.754+0000] {dag.py:3340} INFO - Setting next_dagrun for user_processing to 2024-03-07T00:00:00+00:00, run_after=2024-03-08T00:00:00+00:00
[2024-03-08T16:01:39.765+0000] {processor.py:176} INFO - Processing /opt/airflow/dags/user_processing.py took 0.422 seconds
[2024-03-08T16:02:10.251+0000] {processor.py:154} INFO - Started process (PID=1039) to work on /opt/airflow/dags/user_processing.py
[2024-03-08T16:02:10.253+0000] {processor.py:756} INFO - Processing file /opt/airflow/dags/user_processing.py for tasks to queue
[2024-03-08T16:02:10.254+0000] {logging_mixin.py:120} INFO - [2024-03-08T16:02:10.254+0000] {dagbag.py:537} INFO - Filling up the DagBag from /opt/airflow/dags/user_processing.py
[2024-03-08T16:02:10.469+0000] {processor.py:766} INFO - DAG(s) dict_keys(['user_processing']) retrieved from /opt/airflow/dags/user_processing.py
[2024-03-08T16:02:10.643+0000] {logging_mixin.py:120} INFO - [2024-03-08T16:02:10.642+0000] {dag.py:2585} INFO - Sync 1 DAGs
[2024-03-08T16:02:10.658+0000] {logging_mixin.py:120} INFO - [2024-03-08T16:02:10.658+0000] {dag.py:3340} INFO - Setting next_dagrun for user_processing to 2024-03-07T00:00:00+00:00, run_after=2024-03-08T00:00:00+00:00
[2024-03-08T16:02:10.668+0000] {processor.py:176} INFO - Processing /opt/airflow/dags/user_processing.py took 0.423 seconds
[2024-03-08T16:02:40.806+0000] {processor.py:154} INFO - Started process (PID=1076) to work on /opt/airflow/dags/user_processing.py
[2024-03-08T16:02:40.852+0000] {processor.py:756} INFO - Processing file /opt/airflow/dags/user_processing.py for tasks to queue
[2024-03-08T16:02:40.854+0000] {logging_mixin.py:120} INFO - [2024-03-08T16:02:40.854+0000] {dagbag.py:537} INFO - Filling up the DagBag from /opt/airflow/dags/user_processing.py
[2024-03-08T16:02:41.247+0000] {processor.py:766} INFO - DAG(s) dict_keys(['user_processing']) retrieved from /opt/airflow/dags/user_processing.py
[2024-03-08T16:02:41.395+0000] {logging_mixin.py:120} INFO - [2024-03-08T16:02:41.395+0000] {dag.py:2585} INFO - Sync 1 DAGs
[2024-03-08T16:02:41.409+0000] {logging_mixin.py:120} INFO - [2024-03-08T16:02:41.409+0000] {dag.py:3340} INFO - Setting next_dagrun for user_processing to 2024-03-07T00:00:00+00:00, run_after=2024-03-08T00:00:00+00:00
[2024-03-08T16:02:41.419+0000] {processor.py:176} INFO - Processing /opt/airflow/dags/user_processing.py took 0.621 seconds
[2024-03-08T16:42:09.822+0000] {processor.py:154} INFO - Started process (PID=1095) to work on /opt/airflow/dags/user_processing.py
[2024-03-08T16:42:09.824+0000] {processor.py:756} INFO - Processing file /opt/airflow/dags/user_processing.py for tasks to queue
[2024-03-08T16:42:09.825+0000] {logging_mixin.py:120} INFO - [2024-03-08T16:42:09.825+0000] {dagbag.py:537} INFO - Filling up the DagBag from /opt/airflow/dags/user_processing.py
[2024-03-08T16:42:10.294+0000] {processor.py:766} INFO - DAG(s) dict_keys(['user_processing']) retrieved from /opt/airflow/dags/user_processing.py
[2024-03-08T16:42:11.078+0000] {logging_mixin.py:120} INFO - [2024-03-08T16:42:11.077+0000] {dag.py:2585} INFO - Sync 1 DAGs
[2024-03-08T16:42:11.173+0000] {logging_mixin.py:120} INFO - [2024-03-08T16:42:11.173+0000] {dag.py:3340} INFO - Setting next_dagrun for user_processing to 2024-03-07T00:00:00+00:00, run_after=2024-03-08T00:00:00+00:00
[2024-03-08T16:42:11.230+0000] {processor.py:176} INFO - Processing /opt/airflow/dags/user_processing.py took 1.413 seconds
[2024-03-08T16:42:41.574+0000] {processor.py:154} INFO - Started process (PID=1134) to work on /opt/airflow/dags/user_processing.py
[2024-03-08T16:42:41.575+0000] {processor.py:756} INFO - Processing file /opt/airflow/dags/user_processing.py for tasks to queue
[2024-03-08T16:42:41.576+0000] {logging_mixin.py:120} INFO - [2024-03-08T16:42:41.576+0000] {dagbag.py:537} INFO - Filling up the DagBag from /opt/airflow/dags/user_processing.py
[2024-03-08T16:42:41.729+0000] {processor.py:766} INFO - DAG(s) dict_keys(['user_processing']) retrieved from /opt/airflow/dags/user_processing.py
[2024-03-08T16:42:41.831+0000] {logging_mixin.py:120} INFO - [2024-03-08T16:42:41.830+0000] {dag.py:2585} INFO - Sync 1 DAGs
[2024-03-08T16:42:41.848+0000] {logging_mixin.py:120} INFO - [2024-03-08T16:42:41.848+0000] {dag.py:3340} INFO - Setting next_dagrun for user_processing to 2024-03-07T00:00:00+00:00, run_after=2024-03-08T00:00:00+00:00
[2024-03-08T16:42:42.080+0000] {processor.py:176} INFO - Processing /opt/airflow/dags/user_processing.py took 0.508 seconds
[2024-03-08T16:43:12.579+0000] {processor.py:154} INFO - Started process (PID=1168) to work on /opt/airflow/dags/user_processing.py
[2024-03-08T16:43:12.581+0000] {processor.py:756} INFO - Processing file /opt/airflow/dags/user_processing.py for tasks to queue
[2024-03-08T16:43:12.582+0000] {logging_mixin.py:120} INFO - [2024-03-08T16:43:12.582+0000] {dagbag.py:537} INFO - Filling up the DagBag from /opt/airflow/dags/user_processing.py
[2024-03-08T16:43:12.796+0000] {processor.py:766} INFO - DAG(s) dict_keys(['user_processing']) retrieved from /opt/airflow/dags/user_processing.py
[2024-03-08T16:43:13.011+0000] {logging_mixin.py:120} INFO - [2024-03-08T16:43:13.010+0000] {dag.py:2585} INFO - Sync 1 DAGs
[2024-03-08T16:43:13.223+0000] {logging_mixin.py:120} INFO - [2024-03-08T16:43:13.223+0000] {dag.py:3340} INFO - Setting next_dagrun for user_processing to 2024-03-07T00:00:00+00:00, run_after=2024-03-08T00:00:00+00:00
[2024-03-08T16:43:13.264+0000] {processor.py:176} INFO - Processing /opt/airflow/dags/user_processing.py took 0.692 seconds
[2024-03-08T16:43:43.674+0000] {processor.py:154} INFO - Started process (PID=1205) to work on /opt/airflow/dags/user_processing.py
[2024-03-08T16:43:43.676+0000] {processor.py:756} INFO - Processing file /opt/airflow/dags/user_processing.py for tasks to queue
[2024-03-08T16:43:43.676+0000] {logging_mixin.py:120} INFO - [2024-03-08T16:43:43.676+0000] {dagbag.py:537} INFO - Filling up the DagBag from /opt/airflow/dags/user_processing.py
[2024-03-08T16:43:43.840+0000] {processor.py:766} INFO - DAG(s) dict_keys(['user_processing']) retrieved from /opt/airflow/dags/user_processing.py
[2024-03-08T16:43:43.968+0000] {logging_mixin.py:120} INFO - [2024-03-08T16:43:43.968+0000] {dag.py:2585} INFO - Sync 1 DAGs
[2024-03-08T16:43:43.987+0000] {logging_mixin.py:120} INFO - [2024-03-08T16:43:43.986+0000] {dag.py:3340} INFO - Setting next_dagrun for user_processing to 2024-03-07T00:00:00+00:00, run_after=2024-03-08T00:00:00+00:00
[2024-03-08T16:43:43.996+0000] {processor.py:176} INFO - Processing /opt/airflow/dags/user_processing.py took 0.325 seconds
[2024-03-08T16:44:14.554+0000] {processor.py:154} INFO - Started process (PID=1242) to work on /opt/airflow/dags/user_processing.py
[2024-03-08T16:44:14.557+0000] {processor.py:756} INFO - Processing file /opt/airflow/dags/user_processing.py for tasks to queue
[2024-03-08T16:44:14.558+0000] {logging_mixin.py:120} INFO - [2024-03-08T16:44:14.558+0000] {dagbag.py:537} INFO - Filling up the DagBag from /opt/airflow/dags/user_processing.py
[2024-03-08T16:44:14.727+0000] {processor.py:766} INFO - DAG(s) dict_keys(['user_processing']) retrieved from /opt/airflow/dags/user_processing.py
[2024-03-08T16:44:14.859+0000] {logging_mixin.py:120} INFO - [2024-03-08T16:44:14.858+0000] {dag.py:2585} INFO - Sync 1 DAGs
[2024-03-08T16:44:14.872+0000] {logging_mixin.py:120} INFO - [2024-03-08T16:44:14.872+0000] {dag.py:3340} INFO - Setting next_dagrun for user_processing to 2024-03-07T00:00:00+00:00, run_after=2024-03-08T00:00:00+00:00
[2024-03-08T16:44:14.883+0000] {processor.py:176} INFO - Processing /opt/airflow/dags/user_processing.py took 0.335 seconds
[2024-03-08T16:44:45.389+0000] {processor.py:154} INFO - Started process (PID=1279) to work on /opt/airflow/dags/user_processing.py
[2024-03-08T16:44:45.392+0000] {processor.py:756} INFO - Processing file /opt/airflow/dags/user_processing.py for tasks to queue
[2024-03-08T16:44:45.393+0000] {logging_mixin.py:120} INFO - [2024-03-08T16:44:45.393+0000] {dagbag.py:537} INFO - Filling up the DagBag from /opt/airflow/dags/user_processing.py
[2024-03-08T16:44:45.571+0000] {processor.py:766} INFO - DAG(s) dict_keys(['user_processing']) retrieved from /opt/airflow/dags/user_processing.py
[2024-03-08T16:44:45.691+0000] {logging_mixin.py:120} INFO - [2024-03-08T16:44:45.691+0000] {dag.py:2585} INFO - Sync 1 DAGs
[2024-03-08T16:44:45.705+0000] {logging_mixin.py:120} INFO - [2024-03-08T16:44:45.705+0000] {dag.py:3340} INFO - Setting next_dagrun for user_processing to 2024-03-07T00:00:00+00:00, run_after=2024-03-08T00:00:00+00:00
[2024-03-08T16:44:45.716+0000] {processor.py:176} INFO - Processing /opt/airflow/dags/user_processing.py took 0.333 seconds
[2024-03-08T16:45:16.256+0000] {processor.py:154} INFO - Started process (PID=1316) to work on /opt/airflow/dags/user_processing.py
[2024-03-08T16:45:16.258+0000] {processor.py:756} INFO - Processing file /opt/airflow/dags/user_processing.py for tasks to queue
[2024-03-08T16:45:16.259+0000] {logging_mixin.py:120} INFO - [2024-03-08T16:45:16.259+0000] {dagbag.py:537} INFO - Filling up the DagBag from /opt/airflow/dags/user_processing.py
[2024-03-08T16:45:16.482+0000] {processor.py:766} INFO - DAG(s) dict_keys(['user_processing']) retrieved from /opt/airflow/dags/user_processing.py
[2024-03-08T16:45:16.617+0000] {logging_mixin.py:120} INFO - [2024-03-08T16:45:16.616+0000] {dag.py:2585} INFO - Sync 1 DAGs
[2024-03-08T16:45:16.630+0000] {logging_mixin.py:120} INFO - [2024-03-08T16:45:16.630+0000] {dag.py:3340} INFO - Setting next_dagrun for user_processing to 2024-03-07T00:00:00+00:00, run_after=2024-03-08T00:00:00+00:00
[2024-03-08T16:45:16.640+0000] {processor.py:176} INFO - Processing /opt/airflow/dags/user_processing.py took 0.391 seconds
[2024-03-08T16:45:47.149+0000] {processor.py:154} INFO - Started process (PID=1344) to work on /opt/airflow/dags/user_processing.py
[2024-03-08T16:45:47.153+0000] {processor.py:756} INFO - Processing file /opt/airflow/dags/user_processing.py for tasks to queue
[2024-03-08T16:45:47.155+0000] {logging_mixin.py:120} INFO - [2024-03-08T16:45:47.155+0000] {dagbag.py:537} INFO - Filling up the DagBag from /opt/airflow/dags/user_processing.py
[2024-03-08T16:45:47.379+0000] {processor.py:766} INFO - DAG(s) dict_keys(['user_processing']) retrieved from /opt/airflow/dags/user_processing.py
[2024-03-08T16:45:47.509+0000] {logging_mixin.py:120} INFO - [2024-03-08T16:45:47.508+0000] {dag.py:2585} INFO - Sync 1 DAGs
[2024-03-08T16:45:47.689+0000] {logging_mixin.py:120} INFO - [2024-03-08T16:45:47.689+0000] {dag.py:3340} INFO - Setting next_dagrun for user_processing to 2024-03-07T00:00:00+00:00, run_after=2024-03-08T00:00:00+00:00
[2024-03-08T16:45:47.700+0000] {processor.py:176} INFO - Processing /opt/airflow/dags/user_processing.py took 0.564 seconds
[2024-03-08T16:46:18.170+0000] {processor.py:154} INFO - Started process (PID=1381) to work on /opt/airflow/dags/user_processing.py
[2024-03-08T16:46:18.172+0000] {processor.py:756} INFO - Processing file /opt/airflow/dags/user_processing.py for tasks to queue
[2024-03-08T16:46:18.173+0000] {logging_mixin.py:120} INFO - [2024-03-08T16:46:18.173+0000] {dagbag.py:537} INFO - Filling up the DagBag from /opt/airflow/dags/user_processing.py
[2024-03-08T16:46:18.351+0000] {processor.py:766} INFO - DAG(s) dict_keys(['user_processing']) retrieved from /opt/airflow/dags/user_processing.py
[2024-03-08T16:46:18.480+0000] {logging_mixin.py:120} INFO - [2024-03-08T16:46:18.480+0000] {dag.py:2585} INFO - Sync 1 DAGs
[2024-03-08T16:46:18.495+0000] {logging_mixin.py:120} INFO - [2024-03-08T16:46:18.495+0000] {dag.py:3340} INFO - Setting next_dagrun for user_processing to 2024-03-07T00:00:00+00:00, run_after=2024-03-08T00:00:00+00:00
[2024-03-08T16:46:18.508+0000] {processor.py:176} INFO - Processing /opt/airflow/dags/user_processing.py took 0.342 seconds
[2024-03-08T16:46:49.041+0000] {processor.py:154} INFO - Started process (PID=1417) to work on /opt/airflow/dags/user_processing.py
[2024-03-08T16:46:49.044+0000] {processor.py:756} INFO - Processing file /opt/airflow/dags/user_processing.py for tasks to queue
[2024-03-08T16:46:49.046+0000] {logging_mixin.py:120} INFO - [2024-03-08T16:46:49.046+0000] {dagbag.py:537} INFO - Filling up the DagBag from /opt/airflow/dags/user_processing.py
[2024-03-08T16:46:49.260+0000] {processor.py:766} INFO - DAG(s) dict_keys(['user_processing']) retrieved from /opt/airflow/dags/user_processing.py
[2024-03-08T16:46:49.390+0000] {logging_mixin.py:120} INFO - [2024-03-08T16:46:49.389+0000] {dag.py:2585} INFO - Sync 1 DAGs
[2024-03-08T16:46:49.404+0000] {logging_mixin.py:120} INFO - [2024-03-08T16:46:49.404+0000] {dag.py:3340} INFO - Setting next_dagrun for user_processing to 2024-03-07T00:00:00+00:00, run_after=2024-03-08T00:00:00+00:00
[2024-03-08T16:46:49.414+0000] {processor.py:176} INFO - Processing /opt/airflow/dags/user_processing.py took 0.384 seconds
[2024-03-08T16:47:19.978+0000] {processor.py:154} INFO - Started process (PID=1454) to work on /opt/airflow/dags/user_processing.py
[2024-03-08T16:47:19.981+0000] {processor.py:756} INFO - Processing file /opt/airflow/dags/user_processing.py for tasks to queue
[2024-03-08T16:47:19.982+0000] {logging_mixin.py:120} INFO - [2024-03-08T16:47:19.982+0000] {dagbag.py:537} INFO - Filling up the DagBag from /opt/airflow/dags/user_processing.py
[2024-03-08T16:47:20.166+0000] {processor.py:766} INFO - DAG(s) dict_keys(['user_processing']) retrieved from /opt/airflow/dags/user_processing.py
[2024-03-08T16:47:20.275+0000] {logging_mixin.py:120} INFO - [2024-03-08T16:47:20.275+0000] {dag.py:2585} INFO - Sync 1 DAGs
[2024-03-08T16:47:20.288+0000] {logging_mixin.py:120} INFO - [2024-03-08T16:47:20.288+0000] {dag.py:3340} INFO - Setting next_dagrun for user_processing to 2024-03-07T00:00:00+00:00, run_after=2024-03-08T00:00:00+00:00
[2024-03-08T16:47:20.297+0000] {processor.py:176} INFO - Processing /opt/airflow/dags/user_processing.py took 0.325 seconds
[2024-03-08T16:47:50.839+0000] {processor.py:154} INFO - Started process (PID=1491) to work on /opt/airflow/dags/user_processing.py
[2024-03-08T16:47:50.842+0000] {processor.py:756} INFO - Processing file /opt/airflow/dags/user_processing.py for tasks to queue
[2024-03-08T16:47:50.843+0000] {logging_mixin.py:120} INFO - [2024-03-08T16:47:50.843+0000] {dagbag.py:537} INFO - Filling up the DagBag from /opt/airflow/dags/user_processing.py
[2024-03-08T16:47:51.024+0000] {processor.py:766} INFO - DAG(s) dict_keys(['user_processing']) retrieved from /opt/airflow/dags/user_processing.py
[2024-03-08T16:47:51.141+0000] {logging_mixin.py:120} INFO - [2024-03-08T16:47:51.141+0000] {dag.py:2585} INFO - Sync 1 DAGs
[2024-03-08T16:47:51.154+0000] {logging_mixin.py:120} INFO - [2024-03-08T16:47:51.154+0000] {dag.py:3340} INFO - Setting next_dagrun for user_processing to 2024-03-07T00:00:00+00:00, run_after=2024-03-08T00:00:00+00:00
[2024-03-08T16:47:51.164+0000] {processor.py:176} INFO - Processing /opt/airflow/dags/user_processing.py took 0.332 seconds
[2024-03-08T16:48:21.713+0000] {processor.py:154} INFO - Started process (PID=1528) to work on /opt/airflow/dags/user_processing.py
[2024-03-08T16:48:21.715+0000] {processor.py:756} INFO - Processing file /opt/airflow/dags/user_processing.py for tasks to queue
[2024-03-08T16:48:21.716+0000] {logging_mixin.py:120} INFO - [2024-03-08T16:48:21.716+0000] {dagbag.py:537} INFO - Filling up the DagBag from /opt/airflow/dags/user_processing.py
[2024-03-08T16:48:21.872+0000] {processor.py:766} INFO - DAG(s) dict_keys(['user_processing']) retrieved from /opt/airflow/dags/user_processing.py
[2024-03-08T16:48:21.993+0000] {logging_mixin.py:120} INFO - [2024-03-08T16:48:21.993+0000] {dag.py:2585} INFO - Sync 1 DAGs
[2024-03-08T16:48:22.007+0000] {logging_mixin.py:120} INFO - [2024-03-08T16:48:22.006+0000] {dag.py:3340} INFO - Setting next_dagrun for user_processing to 2024-03-07T00:00:00+00:00, run_after=2024-03-08T00:00:00+00:00
[2024-03-08T16:48:22.016+0000] {processor.py:176} INFO - Processing /opt/airflow/dags/user_processing.py took 0.306 seconds
[2024-03-08T16:48:52.538+0000] {processor.py:154} INFO - Started process (PID=1565) to work on /opt/airflow/dags/user_processing.py
[2024-03-08T16:48:52.541+0000] {processor.py:756} INFO - Processing file /opt/airflow/dags/user_processing.py for tasks to queue
[2024-03-08T16:48:52.542+0000] {logging_mixin.py:120} INFO - [2024-03-08T16:48:52.542+0000] {dagbag.py:537} INFO - Filling up the DagBag from /opt/airflow/dags/user_processing.py
[2024-03-08T16:48:52.706+0000] {processor.py:766} INFO - DAG(s) dict_keys(['user_processing']) retrieved from /opt/airflow/dags/user_processing.py
[2024-03-08T16:48:52.824+0000] {logging_mixin.py:120} INFO - [2024-03-08T16:48:52.824+0000] {dag.py:2585} INFO - Sync 1 DAGs
[2024-03-08T16:48:53.083+0000] {logging_mixin.py:120} INFO - [2024-03-08T16:48:53.083+0000] {dag.py:3340} INFO - Setting next_dagrun for user_processing to 2024-03-07T00:00:00+00:00, run_after=2024-03-08T00:00:00+00:00
[2024-03-08T16:48:53.093+0000] {processor.py:176} INFO - Processing /opt/airflow/dags/user_processing.py took 0.561 seconds
[2024-03-08T16:49:23.547+0000] {processor.py:154} INFO - Started process (PID=1593) to work on /opt/airflow/dags/user_processing.py
[2024-03-08T16:49:23.552+0000] {processor.py:756} INFO - Processing file /opt/airflow/dags/user_processing.py for tasks to queue
[2024-03-08T16:49:23.553+0000] {logging_mixin.py:120} INFO - [2024-03-08T16:49:23.553+0000] {dagbag.py:537} INFO - Filling up the DagBag from /opt/airflow/dags/user_processing.py
[2024-03-08T16:49:23.831+0000] {processor.py:766} INFO - DAG(s) dict_keys(['user_processing']) retrieved from /opt/airflow/dags/user_processing.py
[2024-03-08T16:49:24.053+0000] {logging_mixin.py:120} INFO - [2024-03-08T16:49:24.052+0000] {dag.py:2585} INFO - Sync 1 DAGs
[2024-03-08T16:49:24.076+0000] {logging_mixin.py:120} INFO - [2024-03-08T16:49:24.076+0000] {dag.py:3340} INFO - Setting next_dagrun for user_processing to 2024-03-07T00:00:00+00:00, run_after=2024-03-08T00:00:00+00:00
[2024-03-08T16:49:24.102+0000] {processor.py:176} INFO - Processing /opt/airflow/dags/user_processing.py took 0.562 seconds
[2024-03-08T16:49:54.848+0000] {processor.py:154} INFO - Started process (PID=1629) to work on /opt/airflow/dags/user_processing.py
[2024-03-08T16:49:54.852+0000] {processor.py:756} INFO - Processing file /opt/airflow/dags/user_processing.py for tasks to queue
[2024-03-08T16:49:54.853+0000] {logging_mixin.py:120} INFO - [2024-03-08T16:49:54.853+0000] {dagbag.py:537} INFO - Filling up the DagBag from /opt/airflow/dags/user_processing.py
[2024-03-08T16:49:55.112+0000] {processor.py:766} INFO - DAG(s) dict_keys(['user_processing']) retrieved from /opt/airflow/dags/user_processing.py
[2024-03-08T16:49:55.258+0000] {logging_mixin.py:120} INFO - [2024-03-08T16:49:55.258+0000] {dag.py:2585} INFO - Sync 1 DAGs
[2024-03-08T16:49:55.273+0000] {logging_mixin.py:120} INFO - [2024-03-08T16:49:55.272+0000] {dag.py:3340} INFO - Setting next_dagrun for user_processing to 2024-03-07T00:00:00+00:00, run_after=2024-03-08T00:00:00+00:00
[2024-03-08T16:49:55.285+0000] {processor.py:176} INFO - Processing /opt/airflow/dags/user_processing.py took 0.447 seconds
[2024-03-08T16:50:25.865+0000] {processor.py:154} INFO - Started process (PID=1666) to work on /opt/airflow/dags/user_processing.py
[2024-03-08T16:50:25.867+0000] {processor.py:756} INFO - Processing file /opt/airflow/dags/user_processing.py for tasks to queue
[2024-03-08T16:50:25.869+0000] {logging_mixin.py:120} INFO - [2024-03-08T16:50:25.869+0000] {dagbag.py:537} INFO - Filling up the DagBag from /opt/airflow/dags/user_processing.py
[2024-03-08T16:50:26.152+0000] {processor.py:766} INFO - DAG(s) dict_keys(['user_processing']) retrieved from /opt/airflow/dags/user_processing.py
[2024-03-08T16:50:26.282+0000] {logging_mixin.py:120} INFO - [2024-03-08T16:50:26.282+0000] {dag.py:2585} INFO - Sync 1 DAGs
[2024-03-08T16:50:26.296+0000] {logging_mixin.py:120} INFO - [2024-03-08T16:50:26.296+0000] {dag.py:3340} INFO - Setting next_dagrun for user_processing to 2024-03-07T00:00:00+00:00, run_after=2024-03-08T00:00:00+00:00
[2024-03-08T16:50:26.305+0000] {processor.py:176} INFO - Processing /opt/airflow/dags/user_processing.py took 0.448 seconds
[2024-03-08T16:50:56.789+0000] {processor.py:154} INFO - Started process (PID=1702) to work on /opt/airflow/dags/user_processing.py
[2024-03-08T16:50:56.792+0000] {processor.py:756} INFO - Processing file /opt/airflow/dags/user_processing.py for tasks to queue
[2024-03-08T16:50:56.793+0000] {logging_mixin.py:120} INFO - [2024-03-08T16:50:56.793+0000] {dagbag.py:537} INFO - Filling up the DagBag from /opt/airflow/dags/user_processing.py
[2024-03-08T16:50:56.981+0000] {processor.py:766} INFO - DAG(s) dict_keys(['user_processing']) retrieved from /opt/airflow/dags/user_processing.py
[2024-03-08T16:50:57.092+0000] {logging_mixin.py:120} INFO - [2024-03-08T16:50:57.092+0000] {dag.py:2585} INFO - Sync 1 DAGs
[2024-03-08T16:50:57.106+0000] {logging_mixin.py:120} INFO - [2024-03-08T16:50:57.106+0000] {dag.py:3340} INFO - Setting next_dagrun for user_processing to 2024-03-07T00:00:00+00:00, run_after=2024-03-08T00:00:00+00:00
[2024-03-08T16:50:57.116+0000] {processor.py:176} INFO - Processing /opt/airflow/dags/user_processing.py took 0.335 seconds
[2024-03-08T16:51:27.681+0000] {processor.py:154} INFO - Started process (PID=1739) to work on /opt/airflow/dags/user_processing.py
[2024-03-08T16:51:27.683+0000] {processor.py:756} INFO - Processing file /opt/airflow/dags/user_processing.py for tasks to queue
[2024-03-08T16:51:27.684+0000] {logging_mixin.py:120} INFO - [2024-03-08T16:51:27.684+0000] {dagbag.py:537} INFO - Filling up the DagBag from /opt/airflow/dags/user_processing.py
[2024-03-08T16:51:27.850+0000] {processor.py:766} INFO - DAG(s) dict_keys(['user_processing']) retrieved from /opt/airflow/dags/user_processing.py
[2024-03-08T16:51:28.008+0000] {logging_mixin.py:120} INFO - [2024-03-08T16:51:28.008+0000] {dag.py:2585} INFO - Sync 1 DAGs
[2024-03-08T16:51:28.026+0000] {logging_mixin.py:120} INFO - [2024-03-08T16:51:28.026+0000] {dag.py:3340} INFO - Setting next_dagrun for user_processing to 2024-03-07T00:00:00+00:00, run_after=2024-03-08T00:00:00+00:00
[2024-03-08T16:51:28.217+0000] {processor.py:176} INFO - Processing /opt/airflow/dags/user_processing.py took 0.542 seconds
[2024-03-08T16:51:58.671+0000] {processor.py:154} INFO - Started process (PID=1776) to work on /opt/airflow/dags/user_processing.py
[2024-03-08T16:51:58.674+0000] {processor.py:756} INFO - Processing file /opt/airflow/dags/user_processing.py for tasks to queue
[2024-03-08T16:51:58.675+0000] {logging_mixin.py:120} INFO - [2024-03-08T16:51:58.674+0000] {dagbag.py:537} INFO - Filling up the DagBag from /opt/airflow/dags/user_processing.py
[2024-03-08T16:51:58.859+0000] {processor.py:766} INFO - DAG(s) dict_keys(['user_processing']) retrieved from /opt/airflow/dags/user_processing.py
[2024-03-08T16:51:58.983+0000] {logging_mixin.py:120} INFO - [2024-03-08T16:51:58.983+0000] {dag.py:2585} INFO - Sync 1 DAGs
[2024-03-08T16:51:59.197+0000] {logging_mixin.py:120} INFO - [2024-03-08T16:51:59.197+0000] {dag.py:3340} INFO - Setting next_dagrun for user_processing to 2024-03-07T00:00:00+00:00, run_after=2024-03-08T00:00:00+00:00
[2024-03-08T16:51:59.206+0000] {processor.py:176} INFO - Processing /opt/airflow/dags/user_processing.py took 0.541 seconds
[2024-03-08T16:52:29.661+0000] {processor.py:154} INFO - Started process (PID=1813) to work on /opt/airflow/dags/user_processing.py
[2024-03-08T16:52:29.664+0000] {processor.py:756} INFO - Processing file /opt/airflow/dags/user_processing.py for tasks to queue
[2024-03-08T16:52:29.665+0000] {logging_mixin.py:120} INFO - [2024-03-08T16:52:29.665+0000] {dagbag.py:537} INFO - Filling up the DagBag from /opt/airflow/dags/user_processing.py
[2024-03-08T16:52:29.832+0000] {processor.py:766} INFO - DAG(s) dict_keys(['user_processing']) retrieved from /opt/airflow/dags/user_processing.py
[2024-03-08T16:52:29.946+0000] {logging_mixin.py:120} INFO - [2024-03-08T16:52:29.945+0000] {dag.py:2585} INFO - Sync 1 DAGs
[2024-03-08T16:52:29.961+0000] {logging_mixin.py:120} INFO - [2024-03-08T16:52:29.961+0000] {dag.py:3340} INFO - Setting next_dagrun for user_processing to 2024-03-07T00:00:00+00:00, run_after=2024-03-08T00:00:00+00:00
[2024-03-08T16:52:29.973+0000] {processor.py:176} INFO - Processing /opt/airflow/dags/user_processing.py took 0.318 seconds
[2024-03-08T16:53:00.568+0000] {processor.py:154} INFO - Started process (PID=1842) to work on /opt/airflow/dags/user_processing.py
[2024-03-08T16:53:00.574+0000] {processor.py:756} INFO - Processing file /opt/airflow/dags/user_processing.py for tasks to queue
[2024-03-08T16:53:00.577+0000] {logging_mixin.py:120} INFO - [2024-03-08T16:53:00.577+0000] {dagbag.py:537} INFO - Filling up the DagBag from /opt/airflow/dags/user_processing.py
[2024-03-08T16:53:00.921+0000] {processor.py:766} INFO - DAG(s) dict_keys(['user_processing']) retrieved from /opt/airflow/dags/user_processing.py
[2024-03-08T16:53:01.132+0000] {logging_mixin.py:120} INFO - [2024-03-08T16:53:01.132+0000] {dag.py:2585} INFO - Sync 1 DAGs
[2024-03-08T16:53:01.153+0000] {logging_mixin.py:120} INFO - [2024-03-08T16:53:01.152+0000] {dag.py:3340} INFO - Setting next_dagrun for user_processing to 2024-03-07T00:00:00+00:00, run_after=2024-03-08T00:00:00+00:00
[2024-03-08T16:53:01.179+0000] {processor.py:176} INFO - Processing /opt/airflow/dags/user_processing.py took 0.620 seconds
[2024-03-08T16:53:32.004+0000] {processor.py:154} INFO - Started process (PID=1879) to work on /opt/airflow/dags/user_processing.py
[2024-03-08T16:53:32.006+0000] {processor.py:756} INFO - Processing file /opt/airflow/dags/user_processing.py for tasks to queue
[2024-03-08T16:53:32.008+0000] {logging_mixin.py:120} INFO - [2024-03-08T16:53:32.007+0000] {dagbag.py:537} INFO - Filling up the DagBag from /opt/airflow/dags/user_processing.py
[2024-03-08T16:53:32.267+0000] {processor.py:766} INFO - DAG(s) dict_keys(['user_processing']) retrieved from /opt/airflow/dags/user_processing.py
[2024-03-08T16:53:32.396+0000] {logging_mixin.py:120} INFO - [2024-03-08T16:53:32.395+0000] {dag.py:2585} INFO - Sync 1 DAGs
[2024-03-08T16:53:32.410+0000] {logging_mixin.py:120} INFO - [2024-03-08T16:53:32.410+0000] {dag.py:3340} INFO - Setting next_dagrun for user_processing to 2024-03-07T00:00:00+00:00, run_after=2024-03-08T00:00:00+00:00
[2024-03-08T16:53:32.420+0000] {processor.py:176} INFO - Processing /opt/airflow/dags/user_processing.py took 0.423 seconds
[2024-03-08T16:54:03.061+0000] {processor.py:154} INFO - Started process (PID=1916) to work on /opt/airflow/dags/user_processing.py
[2024-03-08T16:54:03.063+0000] {processor.py:756} INFO - Processing file /opt/airflow/dags/user_processing.py for tasks to queue
[2024-03-08T16:54:03.064+0000] {logging_mixin.py:120} INFO - [2024-03-08T16:54:03.064+0000] {dagbag.py:537} INFO - Filling up the DagBag from /opt/airflow/dags/user_processing.py
[2024-03-08T16:54:03.232+0000] {processor.py:766} INFO - DAG(s) dict_keys(['user_processing']) retrieved from /opt/airflow/dags/user_processing.py
[2024-03-08T16:54:03.350+0000] {logging_mixin.py:120} INFO - [2024-03-08T16:54:03.350+0000] {dag.py:2585} INFO - Sync 1 DAGs
[2024-03-08T16:54:03.364+0000] {logging_mixin.py:120} INFO - [2024-03-08T16:54:03.364+0000] {dag.py:3340} INFO - Setting next_dagrun for user_processing to 2024-03-07T00:00:00+00:00, run_after=2024-03-08T00:00:00+00:00
[2024-03-08T16:54:03.374+0000] {processor.py:176} INFO - Processing /opt/airflow/dags/user_processing.py took 0.320 seconds
[2024-03-08T16:54:33.931+0000] {processor.py:154} INFO - Started process (PID=1953) to work on /opt/airflow/dags/user_processing.py
[2024-03-08T16:54:33.933+0000] {processor.py:756} INFO - Processing file /opt/airflow/dags/user_processing.py for tasks to queue
[2024-03-08T16:54:33.934+0000] {logging_mixin.py:120} INFO - [2024-03-08T16:54:33.934+0000] {dagbag.py:537} INFO - Filling up the DagBag from /opt/airflow/dags/user_processing.py
[2024-03-08T16:54:34.165+0000] {processor.py:766} INFO - DAG(s) dict_keys(['user_processing']) retrieved from /opt/airflow/dags/user_processing.py
[2024-03-08T16:54:34.314+0000] {logging_mixin.py:120} INFO - [2024-03-08T16:54:34.314+0000] {dag.py:2585} INFO - Sync 1 DAGs
[2024-03-08T16:54:34.541+0000] {logging_mixin.py:120} INFO - [2024-03-08T16:54:34.541+0000] {dag.py:3340} INFO - Setting next_dagrun for user_processing to 2024-03-07T00:00:00+00:00, run_after=2024-03-08T00:00:00+00:00
[2024-03-08T16:54:34.554+0000] {processor.py:176} INFO - Processing /opt/airflow/dags/user_processing.py took 0.629 seconds
[2024-03-08T16:55:05.033+0000] {processor.py:154} INFO - Started process (PID=1990) to work on /opt/airflow/dags/user_processing.py
[2024-03-08T16:55:05.035+0000] {processor.py:756} INFO - Processing file /opt/airflow/dags/user_processing.py for tasks to queue
[2024-03-08T16:55:05.036+0000] {logging_mixin.py:120} INFO - [2024-03-08T16:55:05.036+0000] {dagbag.py:537} INFO - Filling up the DagBag from /opt/airflow/dags/user_processing.py
[2024-03-08T16:55:05.246+0000] {processor.py:766} INFO - DAG(s) dict_keys(['user_processing']) retrieved from /opt/airflow/dags/user_processing.py
[2024-03-08T16:55:05.361+0000] {logging_mixin.py:120} INFO - [2024-03-08T16:55:05.361+0000] {dag.py:2585} INFO - Sync 1 DAGs
[2024-03-08T16:55:05.507+0000] {logging_mixin.py:120} INFO - [2024-03-08T16:55:05.507+0000] {dag.py:3340} INFO - Setting next_dagrun for user_processing to 2024-03-07T00:00:00+00:00, run_after=2024-03-08T00:00:00+00:00
[2024-03-08T16:55:05.515+0000] {processor.py:176} INFO - Processing /opt/airflow/dags/user_processing.py took 0.490 seconds
[2024-03-08T16:55:36.024+0000] {processor.py:154} INFO - Started process (PID=2027) to work on /opt/airflow/dags/user_processing.py
[2024-03-08T16:55:36.027+0000] {processor.py:756} INFO - Processing file /opt/airflow/dags/user_processing.py for tasks to queue
[2024-03-08T16:55:36.029+0000] {logging_mixin.py:120} INFO - [2024-03-08T16:55:36.029+0000] {dagbag.py:537} INFO - Filling up the DagBag from /opt/airflow/dags/user_processing.py
[2024-03-08T16:55:36.280+0000] {processor.py:766} INFO - DAG(s) dict_keys(['user_processing']) retrieved from /opt/airflow/dags/user_processing.py
[2024-03-08T16:55:36.412+0000] {logging_mixin.py:120} INFO - [2024-03-08T16:55:36.412+0000] {dag.py:2585} INFO - Sync 1 DAGs
[2024-03-08T16:55:36.428+0000] {logging_mixin.py:120} INFO - [2024-03-08T16:55:36.428+0000] {dag.py:3340} INFO - Setting next_dagrun for user_processing to 2024-03-07T00:00:00+00:00, run_after=2024-03-08T00:00:00+00:00
[2024-03-08T16:55:36.438+0000] {processor.py:176} INFO - Processing /opt/airflow/dags/user_processing.py took 0.443 seconds
[2024-03-08T16:56:07.013+0000] {processor.py:154} INFO - Started process (PID=2064) to work on /opt/airflow/dags/user_processing.py
[2024-03-08T16:56:07.016+0000] {processor.py:756} INFO - Processing file /opt/airflow/dags/user_processing.py for tasks to queue
[2024-03-08T16:56:07.017+0000] {logging_mixin.py:120} INFO - [2024-03-08T16:56:07.017+0000] {dagbag.py:537} INFO - Filling up the DagBag from /opt/airflow/dags/user_processing.py
[2024-03-08T16:56:07.207+0000] {processor.py:766} INFO - DAG(s) dict_keys(['user_processing']) retrieved from /opt/airflow/dags/user_processing.py
[2024-03-08T16:56:07.338+0000] {logging_mixin.py:120} INFO - [2024-03-08T16:56:07.338+0000] {dag.py:2585} INFO - Sync 1 DAGs
[2024-03-08T16:56:07.353+0000] {logging_mixin.py:120} INFO - [2024-03-08T16:56:07.352+0000] {dag.py:3340} INFO - Setting next_dagrun for user_processing to 2024-03-07T00:00:00+00:00, run_after=2024-03-08T00:00:00+00:00
[2024-03-08T16:56:07.361+0000] {processor.py:176} INFO - Processing /opt/airflow/dags/user_processing.py took 0.365 seconds
[2024-03-08T16:56:37.828+0000] {processor.py:154} INFO - Started process (PID=2099) to work on /opt/airflow/dags/user_processing.py
[2024-03-08T16:56:37.829+0000] {processor.py:756} INFO - Processing file /opt/airflow/dags/user_processing.py for tasks to queue
[2024-03-08T16:56:37.829+0000] {logging_mixin.py:120} INFO - [2024-03-08T16:56:37.829+0000] {dagbag.py:537} INFO - Filling up the DagBag from /opt/airflow/dags/user_processing.py
[2024-03-08T16:56:38.001+0000] {processor.py:766} INFO - DAG(s) dict_keys(['user_processing']) retrieved from /opt/airflow/dags/user_processing.py
[2024-03-08T16:56:38.143+0000] {logging_mixin.py:120} INFO - [2024-03-08T16:56:38.143+0000] {dag.py:2585} INFO - Sync 1 DAGs
[2024-03-08T16:56:38.165+0000] {logging_mixin.py:120} INFO - [2024-03-08T16:56:38.164+0000] {dag.py:3340} INFO - Setting next_dagrun for user_processing to 2024-03-07T00:00:00+00:00, run_after=2024-03-08T00:00:00+00:00
[2024-03-08T16:56:38.186+0000] {processor.py:176} INFO - Processing /opt/airflow/dags/user_processing.py took 0.361 seconds
[2024-03-08T16:57:08.804+0000] {processor.py:154} INFO - Started process (PID=2129) to work on /opt/airflow/dags/user_processing.py
[2024-03-08T16:57:08.806+0000] {processor.py:756} INFO - Processing file /opt/airflow/dags/user_processing.py for tasks to queue
[2024-03-08T16:57:08.807+0000] {logging_mixin.py:120} INFO - [2024-03-08T16:57:08.807+0000] {dagbag.py:537} INFO - Filling up the DagBag from /opt/airflow/dags/user_processing.py
[2024-03-08T16:57:08.972+0000] {processor.py:766} INFO - DAG(s) dict_keys(['user_processing']) retrieved from /opt/airflow/dags/user_processing.py
[2024-03-08T16:57:09.069+0000] {logging_mixin.py:120} INFO - [2024-03-08T16:57:09.069+0000] {dag.py:2585} INFO - Sync 1 DAGs
[2024-03-08T16:57:09.082+0000] {logging_mixin.py:120} INFO - [2024-03-08T16:57:09.082+0000] {dag.py:3340} INFO - Setting next_dagrun for user_processing to 2024-03-07T00:00:00+00:00, run_after=2024-03-08T00:00:00+00:00
[2024-03-08T16:57:09.097+0000] {processor.py:176} INFO - Processing /opt/airflow/dags/user_processing.py took 0.298 seconds
[2024-03-08T16:57:39.609+0000] {processor.py:154} INFO - Started process (PID=2166) to work on /opt/airflow/dags/user_processing.py
[2024-03-08T16:57:39.610+0000] {processor.py:756} INFO - Processing file /opt/airflow/dags/user_processing.py for tasks to queue
[2024-03-08T16:57:39.611+0000] {logging_mixin.py:120} INFO - [2024-03-08T16:57:39.611+0000] {dagbag.py:537} INFO - Filling up the DagBag from /opt/airflow/dags/user_processing.py
[2024-03-08T16:57:39.768+0000] {processor.py:766} INFO - DAG(s) dict_keys(['user_processing']) retrieved from /opt/airflow/dags/user_processing.py
[2024-03-08T16:57:39.866+0000] {logging_mixin.py:120} INFO - [2024-03-08T16:57:39.866+0000] {dag.py:2585} INFO - Sync 1 DAGs
[2024-03-08T16:57:39.991+0000] {logging_mixin.py:120} INFO - [2024-03-08T16:57:39.991+0000] {dag.py:3340} INFO - Setting next_dagrun for user_processing to 2024-03-07T00:00:00+00:00, run_after=2024-03-08T00:00:00+00:00
[2024-03-08T16:57:39.999+0000] {processor.py:176} INFO - Processing /opt/airflow/dags/user_processing.py took 0.397 seconds
[2024-03-08T16:58:10.330+0000] {processor.py:154} INFO - Started process (PID=2203) to work on /opt/airflow/dags/user_processing.py
[2024-03-08T16:58:10.331+0000] {processor.py:756} INFO - Processing file /opt/airflow/dags/user_processing.py for tasks to queue
[2024-03-08T16:58:10.331+0000] {logging_mixin.py:120} INFO - [2024-03-08T16:58:10.331+0000] {dagbag.py:537} INFO - Filling up the DagBag from /opt/airflow/dags/user_processing.py
[2024-03-08T16:58:10.473+0000] {processor.py:766} INFO - DAG(s) dict_keys(['user_processing']) retrieved from /opt/airflow/dags/user_processing.py
[2024-03-08T16:58:10.571+0000] {logging_mixin.py:120} INFO - [2024-03-08T16:58:10.571+0000] {dag.py:2585} INFO - Sync 1 DAGs
[2024-03-08T16:58:10.667+0000] {logging_mixin.py:120} INFO - [2024-03-08T16:58:10.666+0000] {dag.py:3340} INFO - Setting next_dagrun for user_processing to 2024-03-07T00:00:00+00:00, run_after=2024-03-08T00:00:00+00:00
[2024-03-08T16:58:10.675+0000] {processor.py:176} INFO - Processing /opt/airflow/dags/user_processing.py took 0.347 seconds
[2024-03-08T16:58:41.108+0000] {processor.py:154} INFO - Started process (PID=2240) to work on /opt/airflow/dags/user_processing.py
[2024-03-08T16:58:41.109+0000] {processor.py:756} INFO - Processing file /opt/airflow/dags/user_processing.py for tasks to queue
[2024-03-08T16:58:41.110+0000] {logging_mixin.py:120} INFO - [2024-03-08T16:58:41.110+0000] {dagbag.py:537} INFO - Filling up the DagBag from /opt/airflow/dags/user_processing.py
[2024-03-08T16:58:41.277+0000] {processor.py:766} INFO - DAG(s) dict_keys(['user_processing']) retrieved from /opt/airflow/dags/user_processing.py
[2024-03-08T16:58:41.373+0000] {logging_mixin.py:120} INFO - [2024-03-08T16:58:41.372+0000] {dag.py:2585} INFO - Sync 1 DAGs
[2024-03-08T16:58:41.386+0000] {logging_mixin.py:120} INFO - [2024-03-08T16:58:41.386+0000] {dag.py:3340} INFO - Setting next_dagrun for user_processing to 2024-03-07T00:00:00+00:00, run_after=2024-03-08T00:00:00+00:00
[2024-03-08T16:58:41.395+0000] {processor.py:176} INFO - Processing /opt/airflow/dags/user_processing.py took 0.291 seconds
[2024-03-08T16:59:11.835+0000] {processor.py:154} INFO - Started process (PID=2277) to work on /opt/airflow/dags/user_processing.py
[2024-03-08T16:59:11.837+0000] {processor.py:756} INFO - Processing file /opt/airflow/dags/user_processing.py for tasks to queue
[2024-03-08T16:59:11.839+0000] {logging_mixin.py:120} INFO - [2024-03-08T16:59:11.839+0000] {dagbag.py:537} INFO - Filling up the DagBag from /opt/airflow/dags/user_processing.py
[2024-03-08T16:59:11.999+0000] {processor.py:766} INFO - DAG(s) dict_keys(['user_processing']) retrieved from /opt/airflow/dags/user_processing.py
[2024-03-08T16:59:12.103+0000] {logging_mixin.py:120} INFO - [2024-03-08T16:59:12.102+0000] {dag.py:2585} INFO - Sync 1 DAGs
[2024-03-08T16:59:12.116+0000] {logging_mixin.py:120} INFO - [2024-03-08T16:59:12.116+0000] {dag.py:3340} INFO - Setting next_dagrun for user_processing to 2024-03-07T00:00:00+00:00, run_after=2024-03-08T00:00:00+00:00
[2024-03-08T16:59:12.125+0000] {processor.py:176} INFO - Processing /opt/airflow/dags/user_processing.py took 0.293 seconds
[2024-03-08T16:59:42.561+0000] {processor.py:154} INFO - Started process (PID=2313) to work on /opt/airflow/dags/user_processing.py
[2024-03-08T16:59:42.562+0000] {processor.py:756} INFO - Processing file /opt/airflow/dags/user_processing.py for tasks to queue
[2024-03-08T16:59:42.564+0000] {logging_mixin.py:120} INFO - [2024-03-08T16:59:42.564+0000] {dagbag.py:537} INFO - Filling up the DagBag from /opt/airflow/dags/user_processing.py
[2024-03-08T16:59:42.722+0000] {processor.py:766} INFO - DAG(s) dict_keys(['user_processing']) retrieved from /opt/airflow/dags/user_processing.py
[2024-03-08T16:59:42.819+0000] {logging_mixin.py:120} INFO - [2024-03-08T16:59:42.819+0000] {dag.py:2585} INFO - Sync 1 DAGs
[2024-03-08T16:59:42.832+0000] {logging_mixin.py:120} INFO - [2024-03-08T16:59:42.832+0000] {dag.py:3340} INFO - Setting next_dagrun for user_processing to 2024-03-07T00:00:00+00:00, run_after=2024-03-08T00:00:00+00:00
[2024-03-08T16:59:42.842+0000] {processor.py:176} INFO - Processing /opt/airflow/dags/user_processing.py took 0.287 seconds
[2024-03-08T17:00:13.312+0000] {processor.py:154} INFO - Started process (PID=2350) to work on /opt/airflow/dags/user_processing.py
[2024-03-08T17:00:13.313+0000] {processor.py:756} INFO - Processing file /opt/airflow/dags/user_processing.py for tasks to queue
[2024-03-08T17:00:13.313+0000] {logging_mixin.py:120} INFO - [2024-03-08T17:00:13.313+0000] {dagbag.py:537} INFO - Filling up the DagBag from /opt/airflow/dags/user_processing.py
[2024-03-08T17:00:13.450+0000] {processor.py:766} INFO - DAG(s) dict_keys(['user_processing']) retrieved from /opt/airflow/dags/user_processing.py
[2024-03-08T17:00:13.545+0000] {logging_mixin.py:120} INFO - [2024-03-08T17:00:13.545+0000] {dag.py:2585} INFO - Sync 1 DAGs
[2024-03-08T17:00:13.559+0000] {logging_mixin.py:120} INFO - [2024-03-08T17:00:13.559+0000] {dag.py:3340} INFO - Setting next_dagrun for user_processing to 2024-03-07T00:00:00+00:00, run_after=2024-03-08T00:00:00+00:00
[2024-03-08T17:00:13.686+0000] {processor.py:176} INFO - Processing /opt/airflow/dags/user_processing.py took 0.376 seconds
[2024-03-08T17:00:44.140+0000] {processor.py:154} INFO - Started process (PID=2377) to work on /opt/airflow/dags/user_processing.py
[2024-03-08T17:00:44.141+0000] {processor.py:756} INFO - Processing file /opt/airflow/dags/user_processing.py for tasks to queue
[2024-03-08T17:00:44.142+0000] {logging_mixin.py:120} INFO - [2024-03-08T17:00:44.142+0000] {dagbag.py:537} INFO - Filling up the DagBag from /opt/airflow/dags/user_processing.py
[2024-03-08T17:00:44.347+0000] {processor.py:766} INFO - DAG(s) dict_keys(['user_processing']) retrieved from /opt/airflow/dags/user_processing.py
[2024-03-08T17:00:44.456+0000] {logging_mixin.py:120} INFO - [2024-03-08T17:00:44.456+0000] {dag.py:2585} INFO - Sync 1 DAGs
[2024-03-08T17:00:44.612+0000] {logging_mixin.py:120} INFO - [2024-03-08T17:00:44.611+0000] {dag.py:3340} INFO - Setting next_dagrun for user_processing to 2024-03-07T00:00:00+00:00, run_after=2024-03-08T00:00:00+00:00
[2024-03-08T17:00:44.628+0000] {processor.py:176} INFO - Processing /opt/airflow/dags/user_processing.py took 0.497 seconds
[2024-03-08T17:01:15.224+0000] {processor.py:154} INFO - Started process (PID=2415) to work on /opt/airflow/dags/user_processing.py
[2024-03-08T17:01:15.226+0000] {processor.py:756} INFO - Processing file /opt/airflow/dags/user_processing.py for tasks to queue
[2024-03-08T17:01:15.228+0000] {logging_mixin.py:120} INFO - [2024-03-08T17:01:15.227+0000] {dagbag.py:537} INFO - Filling up the DagBag from /opt/airflow/dags/user_processing.py
[2024-03-08T17:01:15.399+0000] {processor.py:766} INFO - DAG(s) dict_keys(['user_processing']) retrieved from /opt/airflow/dags/user_processing.py
[2024-03-08T17:01:15.504+0000] {logging_mixin.py:120} INFO - [2024-03-08T17:01:15.503+0000] {dag.py:2585} INFO - Sync 1 DAGs
[2024-03-08T17:01:15.517+0000] {logging_mixin.py:120} INFO - [2024-03-08T17:01:15.517+0000] {dag.py:3340} INFO - Setting next_dagrun for user_processing to 2024-03-07T00:00:00+00:00, run_after=2024-03-08T00:00:00+00:00
[2024-03-08T17:01:15.528+0000] {processor.py:176} INFO - Processing /opt/airflow/dags/user_processing.py took 0.310 seconds
[2024-03-08T17:01:45.991+0000] {processor.py:154} INFO - Started process (PID=2452) to work on /opt/airflow/dags/user_processing.py
[2024-03-08T17:01:45.993+0000] {processor.py:756} INFO - Processing file /opt/airflow/dags/user_processing.py for tasks to queue
[2024-03-08T17:01:45.994+0000] {logging_mixin.py:120} INFO - [2024-03-08T17:01:45.994+0000] {dagbag.py:537} INFO - Filling up the DagBag from /opt/airflow/dags/user_processing.py
[2024-03-08T17:01:46.163+0000] {processor.py:766} INFO - DAG(s) dict_keys(['user_processing']) retrieved from /opt/airflow/dags/user_processing.py
[2024-03-08T17:01:46.263+0000] {logging_mixin.py:120} INFO - [2024-03-08T17:01:46.263+0000] {dag.py:2585} INFO - Sync 1 DAGs
[2024-03-08T17:01:46.276+0000] {logging_mixin.py:120} INFO - [2024-03-08T17:01:46.276+0000] {dag.py:3340} INFO - Setting next_dagrun for user_processing to 2024-03-07T00:00:00+00:00, run_after=2024-03-08T00:00:00+00:00
[2024-03-08T17:01:46.285+0000] {processor.py:176} INFO - Processing /opt/airflow/dags/user_processing.py took 0.298 seconds
[2024-03-08T17:02:16.832+0000] {processor.py:154} INFO - Started process (PID=2489) to work on /opt/airflow/dags/user_processing.py
[2024-03-08T17:02:16.834+0000] {processor.py:756} INFO - Processing file /opt/airflow/dags/user_processing.py for tasks to queue
[2024-03-08T17:02:16.835+0000] {logging_mixin.py:120} INFO - [2024-03-08T17:02:16.835+0000] {dagbag.py:537} INFO - Filling up the DagBag from /opt/airflow/dags/user_processing.py
[2024-03-08T17:02:17.007+0000] {processor.py:766} INFO - DAG(s) dict_keys(['user_processing']) retrieved from /opt/airflow/dags/user_processing.py
[2024-03-08T17:02:17.116+0000] {logging_mixin.py:120} INFO - [2024-03-08T17:02:17.116+0000] {dag.py:2585} INFO - Sync 1 DAGs
[2024-03-08T17:02:17.129+0000] {logging_mixin.py:120} INFO - [2024-03-08T17:02:17.129+0000] {dag.py:3340} INFO - Setting next_dagrun for user_processing to 2024-03-07T00:00:00+00:00, run_after=2024-03-08T00:00:00+00:00
[2024-03-08T17:02:17.138+0000] {processor.py:176} INFO - Processing /opt/airflow/dags/user_processing.py took 0.312 seconds
[2024-03-08T17:02:47.627+0000] {processor.py:154} INFO - Started process (PID=2526) to work on /opt/airflow/dags/user_processing.py
[2024-03-08T17:02:47.633+0000] {processor.py:756} INFO - Processing file /opt/airflow/dags/user_processing.py for tasks to queue
[2024-03-08T17:02:47.634+0000] {logging_mixin.py:120} INFO - [2024-03-08T17:02:47.634+0000] {dagbag.py:537} INFO - Filling up the DagBag from /opt/airflow/dags/user_processing.py
[2024-03-08T17:02:47.806+0000] {processor.py:766} INFO - DAG(s) dict_keys(['user_processing']) retrieved from /opt/airflow/dags/user_processing.py
[2024-03-08T17:02:47.909+0000] {logging_mixin.py:120} INFO - [2024-03-08T17:02:47.909+0000] {dag.py:2585} INFO - Sync 1 DAGs
[2024-03-08T17:02:47.922+0000] {logging_mixin.py:120} INFO - [2024-03-08T17:02:47.922+0000] {dag.py:3340} INFO - Setting next_dagrun for user_processing to 2024-03-07T00:00:00+00:00, run_after=2024-03-08T00:00:00+00:00
[2024-03-08T17:02:47.931+0000] {processor.py:176} INFO - Processing /opt/airflow/dags/user_processing.py took 0.309 seconds
[2024-03-08T17:03:18.408+0000] {processor.py:154} INFO - Started process (PID=2563) to work on /opt/airflow/dags/user_processing.py
[2024-03-08T17:03:18.410+0000] {processor.py:756} INFO - Processing file /opt/airflow/dags/user_processing.py for tasks to queue
[2024-03-08T17:03:18.411+0000] {logging_mixin.py:120} INFO - [2024-03-08T17:03:18.411+0000] {dagbag.py:537} INFO - Filling up the DagBag from /opt/airflow/dags/user_processing.py
[2024-03-08T17:03:18.582+0000] {processor.py:766} INFO - DAG(s) dict_keys(['user_processing']) retrieved from /opt/airflow/dags/user_processing.py
[2024-03-08T17:03:18.695+0000] {logging_mixin.py:120} INFO - [2024-03-08T17:03:18.695+0000] {dag.py:2585} INFO - Sync 1 DAGs
[2024-03-08T17:03:18.866+0000] {logging_mixin.py:120} INFO - [2024-03-08T17:03:18.866+0000] {dag.py:3340} INFO - Setting next_dagrun for user_processing to 2024-03-07T00:00:00+00:00, run_after=2024-03-08T00:00:00+00:00
[2024-03-08T17:03:18.875+0000] {processor.py:176} INFO - Processing /opt/airflow/dags/user_processing.py took 0.472 seconds
[2024-03-08T17:03:49.271+0000] {processor.py:154} INFO - Started process (PID=2600) to work on /opt/airflow/dags/user_processing.py
[2024-03-08T17:03:49.273+0000] {processor.py:756} INFO - Processing file /opt/airflow/dags/user_processing.py for tasks to queue
[2024-03-08T17:03:49.275+0000] {logging_mixin.py:120} INFO - [2024-03-08T17:03:49.275+0000] {dagbag.py:537} INFO - Filling up the DagBag from /opt/airflow/dags/user_processing.py
[2024-03-08T17:03:49.462+0000] {processor.py:766} INFO - DAG(s) dict_keys(['user_processing']) retrieved from /opt/airflow/dags/user_processing.py
[2024-03-08T17:03:49.569+0000] {logging_mixin.py:120} INFO - [2024-03-08T17:03:49.569+0000] {dag.py:2585} INFO - Sync 1 DAGs
[2024-03-08T17:03:49.691+0000] {logging_mixin.py:120} INFO - [2024-03-08T17:03:49.691+0000] {dag.py:3340} INFO - Setting next_dagrun for user_processing to 2024-03-07T00:00:00+00:00, run_after=2024-03-08T00:00:00+00:00
[2024-03-08T17:03:49.699+0000] {processor.py:176} INFO - Processing /opt/airflow/dags/user_processing.py took 0.437 seconds
[2024-03-08T17:04:20.179+0000] {processor.py:154} INFO - Started process (PID=2636) to work on /opt/airflow/dags/user_processing.py
[2024-03-08T17:04:20.180+0000] {processor.py:756} INFO - Processing file /opt/airflow/dags/user_processing.py for tasks to queue
[2024-03-08T17:04:20.180+0000] {logging_mixin.py:120} INFO - [2024-03-08T17:04:20.180+0000] {dagbag.py:537} INFO - Filling up the DagBag from /opt/airflow/dags/user_processing.py
[2024-03-08T17:04:20.316+0000] {processor.py:766} INFO - DAG(s) dict_keys(['user_processing']) retrieved from /opt/airflow/dags/user_processing.py
[2024-03-08T17:04:20.412+0000] {logging_mixin.py:120} INFO - [2024-03-08T17:04:20.412+0000] {dag.py:2585} INFO - Sync 1 DAGs
[2024-03-08T17:04:20.425+0000] {logging_mixin.py:120} INFO - [2024-03-08T17:04:20.425+0000] {dag.py:3340} INFO - Setting next_dagrun for user_processing to 2024-03-07T00:00:00+00:00, run_after=2024-03-08T00:00:00+00:00
[2024-03-08T17:04:20.434+0000] {processor.py:176} INFO - Processing /opt/airflow/dags/user_processing.py took 0.257 seconds
[2024-03-08T17:04:50.893+0000] {processor.py:154} INFO - Started process (PID=2664) to work on /opt/airflow/dags/user_processing.py
[2024-03-08T17:04:50.895+0000] {processor.py:756} INFO - Processing file /opt/airflow/dags/user_processing.py for tasks to queue
[2024-03-08T17:04:50.896+0000] {logging_mixin.py:120} INFO - [2024-03-08T17:04:50.896+0000] {dagbag.py:537} INFO - Filling up the DagBag from /opt/airflow/dags/user_processing.py
[2024-03-08T17:04:51.073+0000] {processor.py:766} INFO - DAG(s) dict_keys(['user_processing']) retrieved from /opt/airflow/dags/user_processing.py
[2024-03-08T17:04:51.186+0000] {logging_mixin.py:120} INFO - [2024-03-08T17:04:51.185+0000] {dag.py:2585} INFO - Sync 1 DAGs
[2024-03-08T17:04:51.199+0000] {logging_mixin.py:120} INFO - [2024-03-08T17:04:51.199+0000] {dag.py:3340} INFO - Setting next_dagrun for user_processing to 2024-03-07T00:00:00+00:00, run_after=2024-03-08T00:00:00+00:00
[2024-03-08T17:04:51.211+0000] {processor.py:176} INFO - Processing /opt/airflow/dags/user_processing.py took 0.327 seconds
[2024-03-08T17:05:21.735+0000] {processor.py:154} INFO - Started process (PID=2700) to work on /opt/airflow/dags/user_processing.py
[2024-03-08T17:05:21.738+0000] {processor.py:756} INFO - Processing file /opt/airflow/dags/user_processing.py for tasks to queue
[2024-03-08T17:05:21.739+0000] {logging_mixin.py:120} INFO - [2024-03-08T17:05:21.739+0000] {dagbag.py:537} INFO - Filling up the DagBag from /opt/airflow/dags/user_processing.py
[2024-03-08T17:05:21.898+0000] {processor.py:766} INFO - DAG(s) dict_keys(['user_processing']) retrieved from /opt/airflow/dags/user_processing.py
[2024-03-08T17:05:21.995+0000] {logging_mixin.py:120} INFO - [2024-03-08T17:05:21.995+0000] {dag.py:2585} INFO - Sync 1 DAGs
[2024-03-08T17:05:22.008+0000] {logging_mixin.py:120} INFO - [2024-03-08T17:05:22.008+0000] {dag.py:3340} INFO - Setting next_dagrun for user_processing to 2024-03-07T00:00:00+00:00, run_after=2024-03-08T00:00:00+00:00
[2024-03-08T17:05:22.019+0000] {processor.py:176} INFO - Processing /opt/airflow/dags/user_processing.py took 0.288 seconds
[2024-03-08T17:05:52.541+0000] {processor.py:154} INFO - Started process (PID=2737) to work on /opt/airflow/dags/user_processing.py
[2024-03-08T17:05:52.543+0000] {processor.py:756} INFO - Processing file /opt/airflow/dags/user_processing.py for tasks to queue
[2024-03-08T17:05:52.545+0000] {logging_mixin.py:120} INFO - [2024-03-08T17:05:52.544+0000] {dagbag.py:537} INFO - Filling up the DagBag from /opt/airflow/dags/user_processing.py
[2024-03-08T17:05:52.707+0000] {processor.py:766} INFO - DAG(s) dict_keys(['user_processing']) retrieved from /opt/airflow/dags/user_processing.py
[2024-03-08T17:05:52.803+0000] {logging_mixin.py:120} INFO - [2024-03-08T17:05:52.803+0000] {dag.py:2585} INFO - Sync 1 DAGs
[2024-03-08T17:05:52.816+0000] {logging_mixin.py:120} INFO - [2024-03-08T17:05:52.816+0000] {dag.py:3340} INFO - Setting next_dagrun for user_processing to 2024-03-07T00:00:00+00:00, run_after=2024-03-08T00:00:00+00:00
[2024-03-08T17:05:52.826+0000] {processor.py:176} INFO - Processing /opt/airflow/dags/user_processing.py took 0.290 seconds
[2024-03-08T17:06:23.334+0000] {processor.py:154} INFO - Started process (PID=2773) to work on /opt/airflow/dags/user_processing.py
[2024-03-08T17:06:23.336+0000] {processor.py:756} INFO - Processing file /opt/airflow/dags/user_processing.py for tasks to queue
[2024-03-08T17:06:23.338+0000] {logging_mixin.py:120} INFO - [2024-03-08T17:06:23.338+0000] {dagbag.py:537} INFO - Filling up the DagBag from /opt/airflow/dags/user_processing.py
[2024-03-08T17:06:23.497+0000] {processor.py:766} INFO - DAG(s) dict_keys(['user_processing']) retrieved from /opt/airflow/dags/user_processing.py
[2024-03-08T17:06:23.593+0000] {logging_mixin.py:120} INFO - [2024-03-08T17:06:23.592+0000] {dag.py:2585} INFO - Sync 1 DAGs
[2024-03-08T17:06:23.758+0000] {logging_mixin.py:120} INFO - [2024-03-08T17:06:23.758+0000] {dag.py:3340} INFO - Setting next_dagrun for user_processing to 2024-03-07T00:00:00+00:00, run_after=2024-03-08T00:00:00+00:00
[2024-03-08T17:06:23.771+0000] {processor.py:176} INFO - Processing /opt/airflow/dags/user_processing.py took 0.442 seconds
[2024-03-08T17:06:54.210+0000] {processor.py:154} INFO - Started process (PID=2810) to work on /opt/airflow/dags/user_processing.py
[2024-03-08T17:06:54.211+0000] {processor.py:756} INFO - Processing file /opt/airflow/dags/user_processing.py for tasks to queue
[2024-03-08T17:06:54.213+0000] {logging_mixin.py:120} INFO - [2024-03-08T17:06:54.213+0000] {dagbag.py:537} INFO - Filling up the DagBag from /opt/airflow/dags/user_processing.py
[2024-03-08T17:06:54.394+0000] {processor.py:766} INFO - DAG(s) dict_keys(['user_processing']) retrieved from /opt/airflow/dags/user_processing.py
[2024-03-08T17:06:54.499+0000] {logging_mixin.py:120} INFO - [2024-03-08T17:06:54.499+0000] {dag.py:2585} INFO - Sync 1 DAGs
[2024-03-08T17:06:54.595+0000] {logging_mixin.py:120} INFO - [2024-03-08T17:06:54.595+0000] {dag.py:3340} INFO - Setting next_dagrun for user_processing to 2024-03-07T00:00:00+00:00, run_after=2024-03-08T00:00:00+00:00
[2024-03-08T17:06:54.603+0000] {processor.py:176} INFO - Processing /opt/airflow/dags/user_processing.py took 0.399 seconds
[2024-03-08T17:07:25.127+0000] {processor.py:154} INFO - Started process (PID=2846) to work on /opt/airflow/dags/user_processing.py
[2024-03-08T17:07:25.130+0000] {processor.py:756} INFO - Processing file /opt/airflow/dags/user_processing.py for tasks to queue
[2024-03-08T17:07:25.131+0000] {logging_mixin.py:120} INFO - [2024-03-08T17:07:25.131+0000] {dagbag.py:537} INFO - Filling up the DagBag from /opt/airflow/dags/user_processing.py
[2024-03-08T17:07:25.291+0000] {processor.py:766} INFO - DAG(s) dict_keys(['user_processing']) retrieved from /opt/airflow/dags/user_processing.py
[2024-03-08T17:07:25.389+0000] {logging_mixin.py:120} INFO - [2024-03-08T17:07:25.388+0000] {dag.py:2585} INFO - Sync 1 DAGs
[2024-03-08T17:07:25.402+0000] {logging_mixin.py:120} INFO - [2024-03-08T17:07:25.401+0000] {dag.py:3340} INFO - Setting next_dagrun for user_processing to 2024-03-07T00:00:00+00:00, run_after=2024-03-08T00:00:00+00:00
[2024-03-08T17:07:25.410+0000] {processor.py:176} INFO - Processing /opt/airflow/dags/user_processing.py took 0.289 seconds
[2024-03-08T17:07:55.816+0000] {processor.py:154} INFO - Started process (PID=2883) to work on /opt/airflow/dags/user_processing.py
[2024-03-08T17:07:55.817+0000] {processor.py:756} INFO - Processing file /opt/airflow/dags/user_processing.py for tasks to queue
[2024-03-08T17:07:55.818+0000] {logging_mixin.py:120} INFO - [2024-03-08T17:07:55.818+0000] {dagbag.py:537} INFO - Filling up the DagBag from /opt/airflow/dags/user_processing.py
[2024-03-08T17:07:55.976+0000] {processor.py:766} INFO - DAG(s) dict_keys(['user_processing']) retrieved from /opt/airflow/dags/user_processing.py
[2024-03-08T17:07:56.078+0000] {logging_mixin.py:120} INFO - [2024-03-08T17:07:56.078+0000] {dag.py:2585} INFO - Sync 1 DAGs
[2024-03-08T17:07:56.090+0000] {logging_mixin.py:120} INFO - [2024-03-08T17:07:56.090+0000] {dag.py:3340} INFO - Setting next_dagrun for user_processing to 2024-03-07T00:00:00+00:00, run_after=2024-03-08T00:00:00+00:00
[2024-03-08T17:07:56.099+0000] {processor.py:176} INFO - Processing /opt/airflow/dags/user_processing.py took 0.288 seconds
[2024-03-08T17:08:26.597+0000] {processor.py:154} INFO - Started process (PID=2920) to work on /opt/airflow/dags/user_processing.py
[2024-03-08T17:08:26.599+0000] {processor.py:756} INFO - Processing file /opt/airflow/dags/user_processing.py for tasks to queue
[2024-03-08T17:08:26.600+0000] {logging_mixin.py:120} INFO - [2024-03-08T17:08:26.599+0000] {dagbag.py:537} INFO - Filling up the DagBag from /opt/airflow/dags/user_processing.py
[2024-03-08T17:08:26.817+0000] {processor.py:766} INFO - DAG(s) dict_keys(['user_processing']) retrieved from /opt/airflow/dags/user_processing.py
[2024-03-08T17:08:26.950+0000] {logging_mixin.py:120} INFO - [2024-03-08T17:08:26.950+0000] {dag.py:2585} INFO - Sync 1 DAGs
[2024-03-08T17:08:26.963+0000] {logging_mixin.py:120} INFO - [2024-03-08T17:08:26.963+0000] {dag.py:3340} INFO - Setting next_dagrun for user_processing to 2024-03-07T00:00:00+00:00, run_after=2024-03-08T00:00:00+00:00
[2024-03-08T17:08:26.972+0000] {processor.py:176} INFO - Processing /opt/airflow/dags/user_processing.py took 0.384 seconds
[2024-03-08T17:08:57.521+0000] {processor.py:154} INFO - Started process (PID=2948) to work on /opt/airflow/dags/user_processing.py
[2024-03-08T17:08:57.523+0000] {processor.py:756} INFO - Processing file /opt/airflow/dags/user_processing.py for tasks to queue
[2024-03-08T17:08:57.524+0000] {logging_mixin.py:120} INFO - [2024-03-08T17:08:57.524+0000] {dagbag.py:537} INFO - Filling up the DagBag from /opt/airflow/dags/user_processing.py
[2024-03-08T17:08:57.745+0000] {processor.py:766} INFO - DAG(s) dict_keys(['user_processing']) retrieved from /opt/airflow/dags/user_processing.py
[2024-03-08T17:08:57.885+0000] {logging_mixin.py:120} INFO - [2024-03-08T17:08:57.885+0000] {dag.py:2585} INFO - Sync 1 DAGs
[2024-03-08T17:08:57.900+0000] {logging_mixin.py:120} INFO - [2024-03-08T17:08:57.900+0000] {dag.py:3340} INFO - Setting next_dagrun for user_processing to 2024-03-07T00:00:00+00:00, run_after=2024-03-08T00:00:00+00:00
[2024-03-08T17:08:58.056+0000] {processor.py:176} INFO - Processing /opt/airflow/dags/user_processing.py took 0.544 seconds
[2024-03-08T17:09:28.088+0000] {processor.py:154} INFO - Started process (PID=2987) to work on /opt/airflow/dags/user_processing.py
[2024-03-08T17:09:28.089+0000] {processor.py:756} INFO - Processing file /opt/airflow/dags/user_processing.py for tasks to queue
[2024-03-08T17:09:28.090+0000] {logging_mixin.py:120} INFO - [2024-03-08T17:09:28.090+0000] {dagbag.py:537} INFO - Filling up the DagBag from /opt/airflow/dags/user_processing.py
[2024-03-08T17:09:28.262+0000] {processor.py:766} INFO - DAG(s) dict_keys(['user_processing']) retrieved from /opt/airflow/dags/user_processing.py
[2024-03-08T17:09:28.371+0000] {logging_mixin.py:120} INFO - [2024-03-08T17:09:28.371+0000] {dag.py:2585} INFO - Sync 1 DAGs
[2024-03-08T17:09:28.535+0000] {logging_mixin.py:120} INFO - [2024-03-08T17:09:28.535+0000] {dag.py:3340} INFO - Setting next_dagrun for user_processing to 2024-03-07T00:00:00+00:00, run_after=2024-03-08T00:00:00+00:00
[2024-03-08T17:09:28.544+0000] {processor.py:176} INFO - Processing /opt/airflow/dags/user_processing.py took 0.458 seconds
[2024-03-08T17:09:58.914+0000] {processor.py:154} INFO - Started process (PID=3019) to work on /opt/airflow/dags/user_processing.py
[2024-03-08T17:09:58.916+0000] {processor.py:756} INFO - Processing file /opt/airflow/dags/user_processing.py for tasks to queue
[2024-03-08T17:09:58.918+0000] {logging_mixin.py:120} INFO - [2024-03-08T17:09:58.917+0000] {dagbag.py:537} INFO - Filling up the DagBag from /opt/airflow/dags/user_processing.py
[2024-03-08T17:09:59.106+0000] {processor.py:766} INFO - DAG(s) dict_keys(['user_processing']) retrieved from /opt/airflow/dags/user_processing.py
[2024-03-08T17:09:59.212+0000] {logging_mixin.py:120} INFO - [2024-03-08T17:09:59.211+0000] {dag.py:2585} INFO - Sync 1 DAGs
[2024-03-08T17:09:59.225+0000] {logging_mixin.py:120} INFO - [2024-03-08T17:09:59.225+0000] {dag.py:3340} INFO - Setting next_dagrun for user_processing to 2024-03-07T00:00:00+00:00, run_after=2024-03-08T00:00:00+00:00
[2024-03-08T17:09:59.234+0000] {processor.py:176} INFO - Processing /opt/airflow/dags/user_processing.py took 0.328 seconds
[2024-03-08T17:11:30.641+0000] {processor.py:154} INFO - Started process (PID=49) to work on /opt/airflow/dags/user_processing.py
[2024-03-08T17:11:30.654+0000] {processor.py:756} INFO - Processing file /opt/airflow/dags/user_processing.py for tasks to queue
[2024-03-08T17:11:30.656+0000] {logging_mixin.py:120} INFO - [2024-03-08T17:11:30.655+0000] {dagbag.py:537} INFO - Filling up the DagBag from /opt/airflow/dags/user_processing.py
[2024-03-08T17:11:31.508+0000] {processor.py:766} INFO - DAG(s) dict_keys(['user_processing']) retrieved from /opt/airflow/dags/user_processing.py
[2024-03-08T17:11:31.872+0000] {logging_mixin.py:120} INFO - [2024-03-08T17:11:31.871+0000] {dag.py:2585} INFO - Sync 1 DAGs
[2024-03-08T17:11:31.924+0000] {logging_mixin.py:120} INFO - [2024-03-08T17:11:31.924+0000] {dag.py:3340} INFO - Setting next_dagrun for user_processing to 2024-03-07T00:00:00+00:00, run_after=2024-03-08T00:00:00+00:00
[2024-03-08T17:11:31.968+0000] {processor.py:176} INFO - Processing /opt/airflow/dags/user_processing.py took 1.343 seconds
[2024-03-08T17:12:02.837+0000] {processor.py:154} INFO - Started process (PID=79) to work on /opt/airflow/dags/user_processing.py
[2024-03-08T17:12:02.838+0000] {processor.py:756} INFO - Processing file /opt/airflow/dags/user_processing.py for tasks to queue
[2024-03-08T17:12:02.839+0000] {logging_mixin.py:120} INFO - [2024-03-08T17:12:02.839+0000] {dagbag.py:537} INFO - Filling up the DagBag from /opt/airflow/dags/user_processing.py
[2024-03-08T17:12:03.086+0000] {processor.py:766} INFO - DAG(s) dict_keys(['user_processing']) retrieved from /opt/airflow/dags/user_processing.py
[2024-03-08T17:12:03.274+0000] {logging_mixin.py:120} INFO - [2024-03-08T17:12:03.274+0000] {dag.py:2585} INFO - Sync 1 DAGs
[2024-03-08T17:12:03.288+0000] {logging_mixin.py:120} INFO - [2024-03-08T17:12:03.288+0000] {dag.py:3340} INFO - Setting next_dagrun for user_processing to 2024-03-07T00:00:00+00:00, run_after=2024-03-08T00:00:00+00:00
[2024-03-08T17:12:03.297+0000] {processor.py:176} INFO - Processing /opt/airflow/dags/user_processing.py took 0.464 seconds
[2024-03-08T17:12:33.814+0000] {processor.py:154} INFO - Started process (PID=117) to work on /opt/airflow/dags/user_processing.py
[2024-03-08T17:12:33.816+0000] {processor.py:756} INFO - Processing file /opt/airflow/dags/user_processing.py for tasks to queue
[2024-03-08T17:12:33.817+0000] {logging_mixin.py:120} INFO - [2024-03-08T17:12:33.817+0000] {dagbag.py:537} INFO - Filling up the DagBag from /opt/airflow/dags/user_processing.py
[2024-03-08T17:12:34.018+0000] {processor.py:766} INFO - DAG(s) dict_keys(['user_processing']) retrieved from /opt/airflow/dags/user_processing.py
[2024-03-08T17:12:34.178+0000] {logging_mixin.py:120} INFO - [2024-03-08T17:12:34.178+0000] {dag.py:2585} INFO - Sync 1 DAGs
[2024-03-08T17:12:34.192+0000] {logging_mixin.py:120} INFO - [2024-03-08T17:12:34.192+0000] {dag.py:3340} INFO - Setting next_dagrun for user_processing to 2024-03-07T00:00:00+00:00, run_after=2024-03-08T00:00:00+00:00
[2024-03-08T17:12:34.201+0000] {processor.py:176} INFO - Processing /opt/airflow/dags/user_processing.py took 0.393 seconds
[2024-03-08T20:40:32.314+0000] {processor.py:154} INFO - Started process (PID=51) to work on /opt/airflow/dags/user_processing.py
[2024-03-08T20:40:32.321+0000] {processor.py:756} INFO - Processing file /opt/airflow/dags/user_processing.py for tasks to queue
[2024-03-08T20:40:32.324+0000] {logging_mixin.py:120} INFO - [2024-03-08T20:40:32.324+0000] {dagbag.py:537} INFO - Filling up the DagBag from /opt/airflow/dags/user_processing.py
[2024-03-08T20:40:33.603+0000] {processor.py:766} INFO - DAG(s) dict_keys(['user_processing']) retrieved from /opt/airflow/dags/user_processing.py
[2024-03-08T20:40:34.184+0000] {logging_mixin.py:120} INFO - [2024-03-08T20:40:34.182+0000] {dag.py:2585} INFO - Sync 1 DAGs
[2024-03-08T20:40:34.291+0000] {logging_mixin.py:120} INFO - [2024-03-08T20:40:34.291+0000] {dag.py:3340} INFO - Setting next_dagrun for user_processing to 2024-03-07T00:00:00+00:00, run_after=2024-03-08T00:00:00+00:00
[2024-03-08T20:40:34.362+0000] {processor.py:176} INFO - Processing /opt/airflow/dags/user_processing.py took 2.054 seconds
[2024-03-08T20:41:05.261+0000] {processor.py:154} INFO - Started process (PID=89) to work on /opt/airflow/dags/user_processing.py
[2024-03-08T20:41:05.270+0000] {processor.py:756} INFO - Processing file /opt/airflow/dags/user_processing.py for tasks to queue
[2024-03-08T20:41:05.271+0000] {logging_mixin.py:120} INFO - [2024-03-08T20:41:05.271+0000] {dagbag.py:537} INFO - Filling up the DagBag from /opt/airflow/dags/user_processing.py
[2024-03-08T20:41:07.861+0000] {processor.py:766} INFO - DAG(s) dict_keys(['user_processing']) retrieved from /opt/airflow/dags/user_processing.py
[2024-03-08T20:41:08.353+0000] {logging_mixin.py:120} INFO - [2024-03-08T20:41:08.353+0000] {dag.py:2585} INFO - Sync 1 DAGs
[2024-03-08T20:41:08.388+0000] {logging_mixin.py:120} INFO - [2024-03-08T20:41:08.388+0000] {dag.py:3340} INFO - Setting next_dagrun for user_processing to 2024-03-07T00:00:00+00:00, run_after=2024-03-08T00:00:00+00:00
[2024-03-08T20:41:08.415+0000] {processor.py:176} INFO - Processing /opt/airflow/dags/user_processing.py took 3.161 seconds
