[2023-09-04T18:45:50.525+0000] {taskinstance.py:1165} INFO - Dependencies all met for <TaskInstance: parallel_dag.extract_b scheduled__2023-09-03T00:00:00+00:00 [queued]>
[2023-09-04T18:45:50.550+0000] {taskinstance.py:1165} INFO - Dependencies all met for <TaskInstance: parallel_dag.extract_b scheduled__2023-09-03T00:00:00+00:00 [queued]>
[2023-09-04T18:45:50.552+0000] {taskinstance.py:1362} INFO - 
--------------------------------------------------------------------------------
[2023-09-04T18:45:50.556+0000] {taskinstance.py:1363} INFO - Starting attempt 1 of 1
[2023-09-04T18:45:50.558+0000] {taskinstance.py:1364} INFO - 
--------------------------------------------------------------------------------
[2023-09-04T18:45:50.579+0000] {taskinstance.py:1383} INFO - Executing <Task(BashOperator): extract_b> on 2023-09-03 00:00:00+00:00
[2023-09-04T18:45:50.583+0000] {standard_task_runner.py:55} INFO - Started process 69 to run task
[2023-09-04T18:45:50.593+0000] {standard_task_runner.py:82} INFO - Running: ['***', 'tasks', 'run', 'parallel_dag', 'extract_b', 'scheduled__2023-09-03T00:00:00+00:00', '--job-id', '50', '--raw', '--subdir', 'DAGS_FOLDER/parallel_dag.py', '--cfg-path', '/tmp/tmpv4e5qdfv']
[2023-09-04T18:45:50.594+0000] {standard_task_runner.py:83} INFO - Job 50: Subtask extract_b
[2023-09-04T18:45:50.709+0000] {task_command.py:376} INFO - Running <TaskInstance: parallel_dag.extract_b scheduled__2023-09-03T00:00:00+00:00 [running]> on host 993b415b7ab0
[2023-09-04T18:45:50.863+0000] {taskinstance.py:1592} INFO - Exporting the following env vars:
AIRFLOW_CTX_DAG_OWNER=***
AIRFLOW_CTX_DAG_ID=parallel_dag
AIRFLOW_CTX_TASK_ID=extract_b
AIRFLOW_CTX_EXECUTION_DATE=2023-09-03T00:00:00+00:00
AIRFLOW_CTX_TRY_NUMBER=1
AIRFLOW_CTX_DAG_RUN_ID=scheduled__2023-09-03T00:00:00+00:00
[2023-09-04T18:45:50.881+0000] {subprocess.py:63} INFO - Tmp dir root location: 
 /tmp
[2023-09-04T18:45:50.882+0000] {subprocess.py:75} INFO - Running command: ['/bin/bash', '-c', 'sleep 10']
[2023-09-04T18:45:50.939+0000] {subprocess.py:86} INFO - Output:
[2023-09-04T18:46:01.004+0000] {subprocess.py:97} INFO - Command exited with return code 0
[2023-09-04T18:46:01.056+0000] {taskinstance.py:1406} INFO - Marking task as SUCCESS. dag_id=parallel_dag, task_id=extract_b, execution_date=20230903T000000, start_date=20230904T184550, end_date=20230904T184601
[2023-09-04T18:46:01.118+0000] {local_task_job.py:164} INFO - Task exited with return code 0
[2023-09-04T18:46:01.165+0000] {local_task_job.py:273} INFO - 1 downstream tasks scheduled from follow-on schedule check
