[2024-05-22T17:12:12.615+0000] {processor.py:154} INFO - Started process (PID=58) to work on /opt/airflow/dags/consumer.py
[2024-05-22T17:12:12.616+0000] {processor.py:756} INFO - Processing file /opt/airflow/dags/consumer.py for tasks to queue
[2024-05-22T17:12:12.617+0000] {logging_mixin.py:120} INFO - [2024-05-22T17:12:12.617+0000] {dagbag.py:537} INFO - Filling up the DagBag from /opt/airflow/dags/consumer.py
[2024-05-22T17:12:12.645+0000] {processor.py:766} INFO - DAG(s) dict_keys(['consumer']) retrieved from /opt/airflow/dags/consumer.py
[2024-05-22T17:12:12.687+0000] {logging_mixin.py:120} INFO - [2024-05-22T17:12:12.687+0000] {dag.py:2585} INFO - Sync 1 DAGs
[2024-05-22T17:12:12.701+0000] {logging_mixin.py:120} INFO - [2024-05-22T17:12:12.700+0000] {dag.py:3340} INFO - Setting next_dagrun for consumer to None, run_after=None
[2024-05-22T17:12:12.724+0000] {processor.py:176} INFO - Processing /opt/airflow/dags/consumer.py took 0.113 seconds
[2024-05-22T21:12:39.491+0000] {processor.py:154} INFO - Started process (PID=59) to work on /opt/airflow/dags/consumer.py
[2024-05-22T21:12:39.495+0000] {processor.py:756} INFO - Processing file /opt/airflow/dags/consumer.py for tasks to queue
[2024-05-22T21:12:39.496+0000] {logging_mixin.py:120} INFO - [2024-05-22T21:12:39.496+0000] {dagbag.py:537} INFO - Filling up the DagBag from /opt/airflow/dags/consumer.py
[2024-05-22T21:12:39.552+0000] {processor.py:766} INFO - DAG(s) dict_keys(['consumer']) retrieved from /opt/airflow/dags/consumer.py
[2024-05-22T21:12:39.677+0000] {logging_mixin.py:120} INFO - [2024-05-22T21:12:39.677+0000] {dag.py:2585} INFO - Sync 1 DAGs
[2024-05-22T21:12:39.702+0000] {logging_mixin.py:120} INFO - [2024-05-22T21:12:39.701+0000] {dag.py:3340} INFO - Setting next_dagrun for consumer to None, run_after=None
[2024-05-22T21:12:39.737+0000] {processor.py:176} INFO - Processing /opt/airflow/dags/consumer.py took 0.250 seconds
[2024-05-22T22:46:59.559+0000] {processor.py:154} INFO - Started process (PID=59) to work on /opt/airflow/dags/consumer.py
[2024-05-22T22:46:59.560+0000] {processor.py:756} INFO - Processing file /opt/airflow/dags/consumer.py for tasks to queue
[2024-05-22T22:46:59.561+0000] {logging_mixin.py:120} INFO - [2024-05-22T22:46:59.561+0000] {dagbag.py:537} INFO - Filling up the DagBag from /opt/airflow/dags/consumer.py
[2024-05-22T22:46:59.585+0000] {processor.py:766} INFO - DAG(s) dict_keys(['consumer']) retrieved from /opt/airflow/dags/consumer.py
[2024-05-22T22:46:59.624+0000] {logging_mixin.py:120} INFO - [2024-05-22T22:46:59.624+0000] {dag.py:2585} INFO - Sync 1 DAGs
[2024-05-22T22:46:59.641+0000] {logging_mixin.py:120} INFO - [2024-05-22T22:46:59.641+0000] {dag.py:3340} INFO - Setting next_dagrun for consumer to None, run_after=None
[2024-05-22T22:46:59.667+0000] {processor.py:176} INFO - Processing /opt/airflow/dags/consumer.py took 0.111 seconds
[2024-05-22T22:47:30.572+0000] {processor.py:154} INFO - Started process (PID=87) to work on /opt/airflow/dags/consumer.py
[2024-05-22T22:47:30.575+0000] {processor.py:756} INFO - Processing file /opt/airflow/dags/consumer.py for tasks to queue
[2024-05-22T22:47:30.576+0000] {logging_mixin.py:120} INFO - [2024-05-22T22:47:30.576+0000] {dagbag.py:537} INFO - Filling up the DagBag from /opt/airflow/dags/consumer.py
[2024-05-22T22:47:30.593+0000] {processor.py:766} INFO - DAG(s) dict_keys(['consumer']) retrieved from /opt/airflow/dags/consumer.py
[2024-05-22T22:47:30.624+0000] {logging_mixin.py:120} INFO - [2024-05-22T22:47:30.624+0000] {dag.py:2585} INFO - Sync 1 DAGs
[2024-05-22T22:47:30.637+0000] {logging_mixin.py:120} INFO - [2024-05-22T22:47:30.637+0000] {dag.py:3340} INFO - Setting next_dagrun for consumer to None, run_after=None
[2024-05-22T22:47:30.648+0000] {processor.py:176} INFO - Processing /opt/airflow/dags/consumer.py took 0.081 seconds
