[2024-05-22T17:12:12.524+0000] {processor.py:154} INFO - Started process (PID=56) to work on /opt/airflow/dags/group_dag.py
[2024-05-22T17:12:12.525+0000] {processor.py:756} INFO - Processing file /opt/airflow/dags/group_dag.py for tasks to queue
[2024-05-22T17:12:12.526+0000] {logging_mixin.py:120} INFO - [2024-05-22T17:12:12.526+0000] {dagbag.py:537} INFO - Filling up the DagBag from /opt/airflow/dags/group_dag.py
[2024-05-22T17:12:12.543+0000] {processor.py:766} INFO - DAG(s) dict_keys(['group_dag']) retrieved from /opt/airflow/dags/group_dag.py
[2024-05-22T17:12:12.568+0000] {logging_mixin.py:120} INFO - [2024-05-22T17:12:12.568+0000] {dag.py:2585} INFO - Sync 1 DAGs
[2024-05-22T17:12:12.584+0000] {logging_mixin.py:120} INFO - [2024-05-22T17:12:12.584+0000] {dag.py:3340} INFO - Setting next_dagrun for group_dag to 2024-05-21T00:00:00+00:00, run_after=2024-05-22T00:00:00+00:00
[2024-05-22T17:12:12.595+0000] {processor.py:176} INFO - Processing /opt/airflow/dags/group_dag.py took 0.078 seconds
[2024-05-22T21:12:39.152+0000] {processor.py:154} INFO - Started process (PID=57) to work on /opt/airflow/dags/group_dag.py
[2024-05-22T21:12:39.153+0000] {processor.py:756} INFO - Processing file /opt/airflow/dags/group_dag.py for tasks to queue
[2024-05-22T21:12:39.154+0000] {logging_mixin.py:120} INFO - [2024-05-22T21:12:39.154+0000] {dagbag.py:537} INFO - Filling up the DagBag from /opt/airflow/dags/group_dag.py
[2024-05-22T21:12:39.182+0000] {processor.py:766} INFO - DAG(s) dict_keys(['group_dag']) retrieved from /opt/airflow/dags/group_dag.py
[2024-05-22T21:12:39.240+0000] {logging_mixin.py:120} INFO - [2024-05-22T21:12:39.240+0000] {dag.py:2585} INFO - Sync 1 DAGs
[2024-05-22T21:12:39.277+0000] {logging_mixin.py:120} INFO - [2024-05-22T21:12:39.277+0000] {dag.py:3340} INFO - Setting next_dagrun for group_dag to 2024-05-21T00:00:00+00:00, run_after=2024-05-22T00:00:00+00:00
[2024-05-22T21:12:39.310+0000] {processor.py:176} INFO - Processing /opt/airflow/dags/group_dag.py took 0.159 seconds
[2024-05-22T22:46:59.415+0000] {processor.py:154} INFO - Started process (PID=57) to work on /opt/airflow/dags/group_dag.py
[2024-05-22T22:46:59.416+0000] {processor.py:756} INFO - Processing file /opt/airflow/dags/group_dag.py for tasks to queue
[2024-05-22T22:46:59.417+0000] {logging_mixin.py:120} INFO - [2024-05-22T22:46:59.417+0000] {dagbag.py:537} INFO - Filling up the DagBag from /opt/airflow/dags/group_dag.py
[2024-05-22T22:46:59.439+0000] {processor.py:766} INFO - DAG(s) dict_keys(['group_dag']) retrieved from /opt/airflow/dags/group_dag.py
[2024-05-22T22:46:59.487+0000] {logging_mixin.py:120} INFO - [2024-05-22T22:46:59.487+0000] {dag.py:2585} INFO - Sync 1 DAGs
[2024-05-22T22:46:59.522+0000] {logging_mixin.py:120} INFO - [2024-05-22T22:46:59.522+0000] {dag.py:3340} INFO - Setting next_dagrun for group_dag to 2024-05-21T00:00:00+00:00, run_after=2024-05-22T00:00:00+00:00
[2024-05-22T22:46:59.538+0000] {processor.py:176} INFO - Processing /opt/airflow/dags/group_dag.py took 0.126 seconds
[2024-05-22T22:47:30.483+0000] {processor.py:154} INFO - Started process (PID=85) to work on /opt/airflow/dags/group_dag.py
[2024-05-22T22:47:30.484+0000] {processor.py:756} INFO - Processing file /opt/airflow/dags/group_dag.py for tasks to queue
[2024-05-22T22:47:30.484+0000] {logging_mixin.py:120} INFO - [2024-05-22T22:47:30.484+0000] {dagbag.py:537} INFO - Filling up the DagBag from /opt/airflow/dags/group_dag.py
[2024-05-22T22:47:30.497+0000] {processor.py:766} INFO - DAG(s) dict_keys(['group_dag']) retrieved from /opt/airflow/dags/group_dag.py
[2024-05-22T22:47:30.518+0000] {logging_mixin.py:120} INFO - [2024-05-22T22:47:30.518+0000] {dag.py:2585} INFO - Sync 1 DAGs
[2024-05-22T22:47:30.537+0000] {logging_mixin.py:120} INFO - [2024-05-22T22:47:30.537+0000] {dag.py:3340} INFO - Setting next_dagrun for group_dag to 2024-05-21T00:00:00+00:00, run_after=2024-05-22T00:00:00+00:00
[2024-05-22T22:47:30.554+0000] {processor.py:176} INFO - Processing /opt/airflow/dags/group_dag.py took 0.073 seconds
