[2024-05-22T17:12:12.481+0000] {processor.py:154} INFO - Started process (PID=55) to work on /opt/airflow/dags/inside_group_dag.py
[2024-05-22T17:12:12.482+0000] {processor.py:756} INFO - Processing file /opt/airflow/dags/inside_group_dag.py for tasks to queue
[2024-05-22T17:12:12.482+0000] {logging_mixin.py:120} INFO - [2024-05-22T17:12:12.482+0000] {dagbag.py:537} INFO - Filling up the DagBag from /opt/airflow/dags/inside_group_dag.py
[2024-05-22T17:12:12.497+0000] {processor.py:766} INFO - DAG(s) dict_keys(['inside_group_dag']) retrieved from /opt/airflow/dags/inside_group_dag.py
[2024-05-22T17:12:12.542+0000] {logging_mixin.py:120} INFO - [2024-05-22T17:12:12.542+0000] {dag.py:2585} INFO - Sync 1 DAGs
[2024-05-22T17:12:12.558+0000] {logging_mixin.py:120} INFO - [2024-05-22T17:12:12.558+0000] {dag.py:3340} INFO - Setting next_dagrun for inside_group_dag to 2024-05-21T00:00:00+00:00, run_after=2024-05-22T00:00:00+00:00
[2024-05-22T17:12:12.571+0000] {processor.py:176} INFO - Processing /opt/airflow/dags/inside_group_dag.py took 0.093 seconds
[2024-05-22T21:12:39.123+0000] {processor.py:154} INFO - Started process (PID=56) to work on /opt/airflow/dags/inside_group_dag.py
[2024-05-22T21:12:39.128+0000] {processor.py:756} INFO - Processing file /opt/airflow/dags/inside_group_dag.py for tasks to queue
[2024-05-22T21:12:39.130+0000] {logging_mixin.py:120} INFO - [2024-05-22T21:12:39.130+0000] {dagbag.py:537} INFO - Filling up the DagBag from /opt/airflow/dags/inside_group_dag.py
[2024-05-22T21:12:39.161+0000] {processor.py:766} INFO - DAG(s) dict_keys(['inside_group_dag']) retrieved from /opt/airflow/dags/inside_group_dag.py
[2024-05-22T21:12:39.215+0000] {logging_mixin.py:120} INFO - [2024-05-22T21:12:39.215+0000] {dag.py:2585} INFO - Sync 1 DAGs
[2024-05-22T21:12:39.249+0000] {logging_mixin.py:120} INFO - [2024-05-22T21:12:39.249+0000] {dag.py:3340} INFO - Setting next_dagrun for inside_group_dag to 2024-05-21T00:00:00+00:00, run_after=2024-05-22T00:00:00+00:00
[2024-05-22T21:12:39.294+0000] {processor.py:176} INFO - Processing /opt/airflow/dags/inside_group_dag.py took 0.175 seconds
[2024-05-22T22:46:59.343+0000] {processor.py:154} INFO - Started process (PID=56) to work on /opt/airflow/dags/inside_group_dag.py
[2024-05-22T22:46:59.344+0000] {processor.py:756} INFO - Processing file /opt/airflow/dags/inside_group_dag.py for tasks to queue
[2024-05-22T22:46:59.345+0000] {logging_mixin.py:120} INFO - [2024-05-22T22:46:59.345+0000] {dagbag.py:537} INFO - Filling up the DagBag from /opt/airflow/dags/inside_group_dag.py
[2024-05-22T22:46:59.369+0000] {processor.py:766} INFO - DAG(s) dict_keys(['inside_group_dag']) retrieved from /opt/airflow/dags/inside_group_dag.py
[2024-05-22T22:46:59.404+0000] {logging_mixin.py:120} INFO - [2024-05-22T22:46:59.404+0000] {dag.py:2585} INFO - Sync 1 DAGs
[2024-05-22T22:46:59.426+0000] {logging_mixin.py:120} INFO - [2024-05-22T22:46:59.426+0000] {dag.py:3340} INFO - Setting next_dagrun for inside_group_dag to 2024-05-21T00:00:00+00:00, run_after=2024-05-22T00:00:00+00:00
[2024-05-22T22:46:59.446+0000] {processor.py:176} INFO - Processing /opt/airflow/dags/inside_group_dag.py took 0.106 seconds
[2024-05-22T22:47:30.379+0000] {processor.py:154} INFO - Started process (PID=84) to work on /opt/airflow/dags/inside_group_dag.py
[2024-05-22T22:47:30.383+0000] {processor.py:756} INFO - Processing file /opt/airflow/dags/inside_group_dag.py for tasks to queue
[2024-05-22T22:47:30.384+0000] {logging_mixin.py:120} INFO - [2024-05-22T22:47:30.384+0000] {dagbag.py:537} INFO - Filling up the DagBag from /opt/airflow/dags/inside_group_dag.py
[2024-05-22T22:47:30.412+0000] {processor.py:766} INFO - DAG(s) dict_keys(['inside_group_dag']) retrieved from /opt/airflow/dags/inside_group_dag.py
[2024-05-22T22:47:30.438+0000] {logging_mixin.py:120} INFO - [2024-05-22T22:47:30.438+0000] {dag.py:2585} INFO - Sync 1 DAGs
[2024-05-22T22:47:30.453+0000] {logging_mixin.py:120} INFO - [2024-05-22T22:47:30.453+0000] {dag.py:3340} INFO - Setting next_dagrun for inside_group_dag to 2024-05-21T00:00:00+00:00, run_after=2024-05-22T00:00:00+00:00
[2024-05-22T22:47:30.465+0000] {processor.py:176} INFO - Processing /opt/airflow/dags/inside_group_dag.py took 0.094 seconds
