[2024-05-22T17:12:12.582+0000] {processor.py:154} INFO - Started process (PID=57) to work on /opt/airflow/dags/parallel_dag.py
[2024-05-22T17:12:12.583+0000] {processor.py:756} INFO - Processing file /opt/airflow/dags/parallel_dag.py for tasks to queue
[2024-05-22T17:12:12.583+0000] {logging_mixin.py:120} INFO - [2024-05-22T17:12:12.583+0000] {dagbag.py:537} INFO - Filling up the DagBag from /opt/airflow/dags/parallel_dag.py
[2024-05-22T17:12:12.594+0000] {processor.py:766} INFO - DAG(s) dict_keys(['parallel_dag']) retrieved from /opt/airflow/dags/parallel_dag.py
[2024-05-22T17:12:12.631+0000] {logging_mixin.py:120} INFO - [2024-05-22T17:12:12.631+0000] {dag.py:2585} INFO - Sync 1 DAGs
[2024-05-22T17:12:12.670+0000] {logging_mixin.py:120} INFO - [2024-05-22T17:12:12.669+0000] {dag.py:3340} INFO - Setting next_dagrun for parallel_dag to 2024-05-21T00:00:00+00:00, run_after=2024-05-22T00:00:00+00:00
[2024-05-22T17:12:12.709+0000] {processor.py:176} INFO - Processing /opt/airflow/dags/parallel_dag.py took 0.129 seconds
[2024-05-22T21:12:39.329+0000] {processor.py:154} INFO - Started process (PID=58) to work on /opt/airflow/dags/parallel_dag.py
[2024-05-22T21:12:39.332+0000] {processor.py:756} INFO - Processing file /opt/airflow/dags/parallel_dag.py for tasks to queue
[2024-05-22T21:12:39.334+0000] {logging_mixin.py:120} INFO - [2024-05-22T21:12:39.333+0000] {dagbag.py:537} INFO - Filling up the DagBag from /opt/airflow/dags/parallel_dag.py
[2024-05-22T21:12:39.360+0000] {processor.py:766} INFO - DAG(s) dict_keys(['parallel_dag']) retrieved from /opt/airflow/dags/parallel_dag.py
[2024-05-22T21:12:39.426+0000] {logging_mixin.py:120} INFO - [2024-05-22T21:12:39.425+0000] {dag.py:2585} INFO - Sync 1 DAGs
[2024-05-22T21:12:39.452+0000] {logging_mixin.py:120} INFO - [2024-05-22T21:12:39.452+0000] {dag.py:3340} INFO - Setting next_dagrun for parallel_dag to 2024-05-21T00:00:00+00:00, run_after=2024-05-22T00:00:00+00:00
[2024-05-22T21:12:39.468+0000] {processor.py:176} INFO - Processing /opt/airflow/dags/parallel_dag.py took 0.143 seconds
[2024-05-22T22:46:59.479+0000] {processor.py:154} INFO - Started process (PID=58) to work on /opt/airflow/dags/parallel_dag.py
[2024-05-22T22:46:59.480+0000] {processor.py:756} INFO - Processing file /opt/airflow/dags/parallel_dag.py for tasks to queue
[2024-05-22T22:46:59.482+0000] {logging_mixin.py:120} INFO - [2024-05-22T22:46:59.482+0000] {dagbag.py:537} INFO - Filling up the DagBag from /opt/airflow/dags/parallel_dag.py
[2024-05-22T22:46:59.501+0000] {processor.py:766} INFO - DAG(s) dict_keys(['parallel_dag']) retrieved from /opt/airflow/dags/parallel_dag.py
[2024-05-22T22:46:59.537+0000] {logging_mixin.py:120} INFO - [2024-05-22T22:46:59.536+0000] {dag.py:2585} INFO - Sync 1 DAGs
[2024-05-22T22:46:59.557+0000] {logging_mixin.py:120} INFO - [2024-05-22T22:46:59.557+0000] {dag.py:3340} INFO - Setting next_dagrun for parallel_dag to 2024-05-21T00:00:00+00:00, run_after=2024-05-22T00:00:00+00:00
[2024-05-22T22:46:59.574+0000] {processor.py:176} INFO - Processing /opt/airflow/dags/parallel_dag.py took 0.100 seconds
[2024-05-22T22:47:30.484+0000] {processor.py:154} INFO - Started process (PID=86) to work on /opt/airflow/dags/parallel_dag.py
[2024-05-22T22:47:30.485+0000] {processor.py:756} INFO - Processing file /opt/airflow/dags/parallel_dag.py for tasks to queue
[2024-05-22T22:47:30.485+0000] {logging_mixin.py:120} INFO - [2024-05-22T22:47:30.485+0000] {dagbag.py:537} INFO - Filling up the DagBag from /opt/airflow/dags/parallel_dag.py
[2024-05-22T22:47:30.497+0000] {processor.py:766} INFO - DAG(s) dict_keys(['parallel_dag']) retrieved from /opt/airflow/dags/parallel_dag.py
[2024-05-22T22:47:30.518+0000] {logging_mixin.py:120} INFO - [2024-05-22T22:47:30.518+0000] {dag.py:2585} INFO - Sync 1 DAGs
[2024-05-22T22:47:30.537+0000] {logging_mixin.py:120} INFO - [2024-05-22T22:47:30.537+0000] {dag.py:3340} INFO - Setting next_dagrun for parallel_dag to 2024-05-21T00:00:00+00:00, run_after=2024-05-22T00:00:00+00:00
[2024-05-22T22:47:30.552+0000] {processor.py:176} INFO - Processing /opt/airflow/dags/parallel_dag.py took 0.070 seconds
