[2024-05-22T17:12:12.744+0000] {processor.py:154} INFO - Started process (PID=59) to work on /opt/airflow/dags/producer.py
[2024-05-22T17:12:12.745+0000] {processor.py:756} INFO - Processing file /opt/airflow/dags/producer.py for tasks to queue
[2024-05-22T17:12:12.747+0000] {logging_mixin.py:120} INFO - [2024-05-22T17:12:12.747+0000] {dagbag.py:537} INFO - Filling up the DagBag from /opt/airflow/dags/producer.py
[2024-05-22T17:12:12.772+0000] {processor.py:766} INFO - DAG(s) dict_keys(['producer']) retrieved from /opt/airflow/dags/producer.py
[2024-05-22T17:12:12.840+0000] {logging_mixin.py:120} INFO - [2024-05-22T17:12:12.840+0000] {dag.py:2585} INFO - Sync 1 DAGs
[2024-05-22T17:12:12.856+0000] {logging_mixin.py:120} INFO - [2024-05-22T17:12:12.856+0000] {dag.py:3340} INFO - Setting next_dagrun for producer to 2024-05-21T00:00:00+00:00, run_after=2024-05-22T00:00:00+00:00
[2024-05-22T17:12:12.872+0000] {processor.py:176} INFO - Processing /opt/airflow/dags/producer.py took 0.141 seconds
[2024-05-22T21:12:39.496+0000] {processor.py:154} INFO - Started process (PID=60) to work on /opt/airflow/dags/producer.py
[2024-05-22T21:12:39.498+0000] {processor.py:756} INFO - Processing file /opt/airflow/dags/producer.py for tasks to queue
[2024-05-22T21:12:39.501+0000] {logging_mixin.py:120} INFO - [2024-05-22T21:12:39.500+0000] {dagbag.py:537} INFO - Filling up the DagBag from /opt/airflow/dags/producer.py
[2024-05-22T21:12:39.555+0000] {processor.py:766} INFO - DAG(s) dict_keys(['producer']) retrieved from /opt/airflow/dags/producer.py
[2024-05-22T21:12:39.629+0000] {logging_mixin.py:120} INFO - [2024-05-22T21:12:39.629+0000] {dag.py:2585} INFO - Sync 1 DAGs
[2024-05-22T21:12:39.656+0000] {logging_mixin.py:120} INFO - [2024-05-22T21:12:39.655+0000] {dag.py:3340} INFO - Setting next_dagrun for producer to 2024-05-21T00:00:00+00:00, run_after=2024-05-22T00:00:00+00:00
[2024-05-22T21:12:39.681+0000] {processor.py:176} INFO - Processing /opt/airflow/dags/producer.py took 0.191 seconds
[2024-05-22T22:46:59.593+0000] {processor.py:154} INFO - Started process (PID=60) to work on /opt/airflow/dags/producer.py
[2024-05-22T22:46:59.595+0000] {processor.py:756} INFO - Processing file /opt/airflow/dags/producer.py for tasks to queue
[2024-05-22T22:46:59.598+0000] {logging_mixin.py:120} INFO - [2024-05-22T22:46:59.598+0000] {dagbag.py:537} INFO - Filling up the DagBag from /opt/airflow/dags/producer.py
[2024-05-22T22:46:59.622+0000] {processor.py:766} INFO - DAG(s) dict_keys(['producer']) retrieved from /opt/airflow/dags/producer.py
[2024-05-22T22:46:59.648+0000] {logging_mixin.py:120} INFO - [2024-05-22T22:46:59.648+0000] {dag.py:2585} INFO - Sync 1 DAGs
[2024-05-22T22:46:59.683+0000] {logging_mixin.py:120} INFO - [2024-05-22T22:46:59.682+0000] {dag.py:3340} INFO - Setting next_dagrun for producer to 2024-05-21T00:00:00+00:00, run_after=2024-05-22T00:00:00+00:00
[2024-05-22T22:46:59.702+0000] {processor.py:176} INFO - Processing /opt/airflow/dags/producer.py took 0.113 seconds
[2024-05-22T22:47:30.664+0000] {processor.py:154} INFO - Started process (PID=88) to work on /opt/airflow/dags/producer.py
[2024-05-22T22:47:30.665+0000] {processor.py:756} INFO - Processing file /opt/airflow/dags/producer.py for tasks to queue
[2024-05-22T22:47:30.665+0000] {logging_mixin.py:120} INFO - [2024-05-22T22:47:30.665+0000] {dagbag.py:537} INFO - Filling up the DagBag from /opt/airflow/dags/producer.py
[2024-05-22T22:47:30.701+0000] {processor.py:766} INFO - DAG(s) dict_keys(['producer']) retrieved from /opt/airflow/dags/producer.py
[2024-05-22T22:47:30.769+0000] {logging_mixin.py:120} INFO - [2024-05-22T22:47:30.768+0000] {dag.py:2585} INFO - Sync 1 DAGs
[2024-05-22T22:47:30.800+0000] {logging_mixin.py:120} INFO - [2024-05-22T22:47:30.799+0000] {dag.py:3340} INFO - Setting next_dagrun for producer to 2024-05-21T00:00:00+00:00, run_after=2024-05-22T00:00:00+00:00
[2024-05-22T22:47:30.863+0000] {processor.py:176} INFO - Processing /opt/airflow/dags/producer.py took 0.201 seconds
