[2024-05-22T17:12:11.722+0000] {processor.py:154} INFO - Started process (PID=50) to work on /opt/airflow/dags/user_processing.py
[2024-05-22T17:12:11.730+0000] {processor.py:756} INFO - Processing file /opt/airflow/dags/user_processing.py for tasks to queue
[2024-05-22T17:12:11.735+0000] {logging_mixin.py:120} INFO - [2024-05-22T17:12:11.734+0000] {dagbag.py:537} INFO - Filling up the DagBag from /opt/airflow/dags/user_processing.py
[2024-05-22T17:12:12.258+0000] {processor.py:766} INFO - DAG(s) dict_keys(['user_processing']) retrieved from /opt/airflow/dags/user_processing.py
[2024-05-22T17:12:12.424+0000] {logging_mixin.py:120} INFO - [2024-05-22T17:12:12.423+0000] {dag.py:2585} INFO - Sync 1 DAGs
[2024-05-22T17:12:12.448+0000] {logging_mixin.py:120} INFO - [2024-05-22T17:12:12.448+0000] {dag.py:3340} INFO - Setting next_dagrun for user_processing to 2024-05-21T00:00:00+00:00, run_after=2024-05-22T00:00:00+00:00
[2024-05-22T17:12:12.463+0000] {processor.py:176} INFO - Processing /opt/airflow/dags/user_processing.py took 0.749 seconds
[2024-05-22T21:12:37.782+0000] {processor.py:154} INFO - Started process (PID=51) to work on /opt/airflow/dags/user_processing.py
[2024-05-22T21:12:37.785+0000] {processor.py:756} INFO - Processing file /opt/airflow/dags/user_processing.py for tasks to queue
[2024-05-22T21:12:37.786+0000] {logging_mixin.py:120} INFO - [2024-05-22T21:12:37.786+0000] {dagbag.py:537} INFO - Filling up the DagBag from /opt/airflow/dags/user_processing.py
[2024-05-22T21:12:38.653+0000] {processor.py:766} INFO - DAG(s) dict_keys(['user_processing']) retrieved from /opt/airflow/dags/user_processing.py
[2024-05-22T21:12:39.046+0000] {logging_mixin.py:120} INFO - [2024-05-22T21:12:39.046+0000] {dag.py:2585} INFO - Sync 1 DAGs
[2024-05-22T21:12:39.078+0000] {logging_mixin.py:120} INFO - [2024-05-22T21:12:39.078+0000] {dag.py:3340} INFO - Setting next_dagrun for user_processing to 2024-05-21T00:00:00+00:00, run_after=2024-05-22T00:00:00+00:00
[2024-05-22T21:12:39.095+0000] {processor.py:176} INFO - Processing /opt/airflow/dags/user_processing.py took 1.323 seconds
[2024-05-22T22:46:58.138+0000] {processor.py:154} INFO - Started process (PID=51) to work on /opt/airflow/dags/user_processing.py
[2024-05-22T22:46:58.140+0000] {processor.py:756} INFO - Processing file /opt/airflow/dags/user_processing.py for tasks to queue
[2024-05-22T22:46:58.141+0000] {logging_mixin.py:120} INFO - [2024-05-22T22:46:58.141+0000] {dagbag.py:537} INFO - Filling up the DagBag from /opt/airflow/dags/user_processing.py
[2024-05-22T22:46:59.031+0000] {processor.py:766} INFO - DAG(s) dict_keys(['user_processing']) retrieved from /opt/airflow/dags/user_processing.py
[2024-05-22T22:46:59.276+0000] {logging_mixin.py:120} INFO - [2024-05-22T22:46:59.275+0000] {dag.py:2585} INFO - Sync 1 DAGs
[2024-05-22T22:46:59.301+0000] {logging_mixin.py:120} INFO - [2024-05-22T22:46:59.301+0000] {dag.py:3340} INFO - Setting next_dagrun for user_processing to 2024-05-21T00:00:00+00:00, run_after=2024-05-22T00:00:00+00:00
[2024-05-22T22:46:59.321+0000] {processor.py:176} INFO - Processing /opt/airflow/dags/user_processing.py took 1.187 seconds
[2024-05-22T22:47:29.973+0000] {processor.py:154} INFO - Started process (PID=79) to work on /opt/airflow/dags/user_processing.py
[2024-05-22T22:47:29.975+0000] {processor.py:756} INFO - Processing file /opt/airflow/dags/user_processing.py for tasks to queue
[2024-05-22T22:47:29.975+0000] {logging_mixin.py:120} INFO - [2024-05-22T22:47:29.975+0000] {dagbag.py:537} INFO - Filling up the DagBag from /opt/airflow/dags/user_processing.py
[2024-05-22T22:47:30.181+0000] {processor.py:766} INFO - DAG(s) dict_keys(['user_processing']) retrieved from /opt/airflow/dags/user_processing.py
[2024-05-22T22:47:30.318+0000] {logging_mixin.py:120} INFO - [2024-05-22T22:47:30.317+0000] {dag.py:2585} INFO - Sync 1 DAGs
[2024-05-22T22:47:30.336+0000] {logging_mixin.py:120} INFO - [2024-05-22T22:47:30.336+0000] {dag.py:3340} INFO - Setting next_dagrun for user_processing to 2024-05-21T00:00:00+00:00, run_after=2024-05-22T00:00:00+00:00
[2024-05-22T22:47:30.356+0000] {processor.py:176} INFO - Processing /opt/airflow/dags/user_processing.py took 0.387 seconds
