[2023-09-06T09:36:32.670+0000] {taskinstance.py:1165} INFO - Dependencies all met for <TaskInstance: parallel_dag.load_b scheduled__2023-09-05T00:00:00+00:00 [queued]>
[2023-09-06T09:36:32.722+0000] {taskinstance.py:1165} INFO - Dependencies all met for <TaskInstance: parallel_dag.load_b scheduled__2023-09-05T00:00:00+00:00 [queued]>
[2023-09-06T09:36:32.722+0000] {taskinstance.py:1362} INFO - 
--------------------------------------------------------------------------------
[2023-09-06T09:36:32.723+0000] {taskinstance.py:1363} INFO - Starting attempt 1 of 1
[2023-09-06T09:36:32.723+0000] {taskinstance.py:1364} INFO - 
--------------------------------------------------------------------------------
[2023-09-06T09:36:32.788+0000] {taskinstance.py:1383} INFO - Executing <Task(BashOperator): load_b> on 2023-09-05 00:00:00+00:00
[2023-09-06T09:36:32.828+0000] {standard_task_runner.py:55} INFO - Started process 109 to run task
[2023-09-06T09:36:32.867+0000] {standard_task_runner.py:82} INFO - Running: ['***', 'tasks', 'run', 'parallel_dag', 'load_b', 'scheduled__2023-09-05T00:00:00+00:00', '--job-id', '153', '--raw', '--subdir', 'DAGS_FOLDER/parallel_dag.py', '--cfg-path', '/tmp/tmp6o9qj39j']
[2023-09-06T09:36:32.876+0000] {standard_task_runner.py:83} INFO - Job 153: Subtask load_b
[2023-09-06T09:36:33.386+0000] {task_command.py:376} INFO - Running <TaskInstance: parallel_dag.load_b scheduled__2023-09-05T00:00:00+00:00 [running]> on host 993b415b7ab0
[2023-09-06T09:36:33.732+0000] {taskinstance.py:1592} INFO - Exporting the following env vars:
AIRFLOW_CTX_DAG_OWNER=***
AIRFLOW_CTX_DAG_ID=parallel_dag
AIRFLOW_CTX_TASK_ID=load_b
AIRFLOW_CTX_EXECUTION_DATE=2023-09-05T00:00:00+00:00
AIRFLOW_CTX_TRY_NUMBER=1
AIRFLOW_CTX_DAG_RUN_ID=scheduled__2023-09-05T00:00:00+00:00
[2023-09-06T09:36:33.739+0000] {subprocess.py:63} INFO - Tmp dir root location: 
 /tmp
[2023-09-06T09:36:33.740+0000] {subprocess.py:75} INFO - Running command: ['/bin/bash', '-c', 'sleep 10']
[2023-09-06T09:36:33.805+0000] {subprocess.py:86} INFO - Output:
[2023-09-06T09:36:43.818+0000] {subprocess.py:97} INFO - Command exited with return code 0
[2023-09-06T09:36:43.899+0000] {taskinstance.py:1406} INFO - Marking task as SUCCESS. dag_id=parallel_dag, task_id=load_b, execution_date=20230905T000000, start_date=20230906T093632, end_date=20230906T093643
[2023-09-06T09:36:43.965+0000] {local_task_job.py:164} INFO - Task exited with return code 0
[2023-09-06T09:36:44.007+0000] {local_task_job.py:273} INFO - 0 downstream tasks scheduled from follow-on schedule check
