[2023-08-31T01:27:03.327+0000] {taskinstance.py:1165} INFO - Dependencies all met for <TaskInstance: user_processing.extract_user scheduled__2023-08-30T00:00:00+00:00 [queued]>
[2023-08-31T01:27:03.364+0000] {taskinstance.py:1165} INFO - Dependencies all met for <TaskInstance: user_processing.extract_user scheduled__2023-08-30T00:00:00+00:00 [queued]>
[2023-08-31T01:27:03.368+0000] {taskinstance.py:1362} INFO - 
--------------------------------------------------------------------------------
[2023-08-31T01:27:03.385+0000] {taskinstance.py:1363} INFO - Starting attempt 1 of 1
[2023-08-31T01:27:03.387+0000] {taskinstance.py:1364} INFO - 
--------------------------------------------------------------------------------
[2023-08-31T01:27:03.434+0000] {taskinstance.py:1383} INFO - Executing <Task(SimpleHttpOperator): extract_user> on 2023-08-30 00:00:00+00:00
[2023-08-31T01:27:03.479+0000] {standard_task_runner.py:55} INFO - Started process 64489 to run task
[2023-08-31T01:27:03.510+0000] {standard_task_runner.py:82} INFO - Running: ['***', 'tasks', 'run', 'user_processing', 'extract_user', 'scheduled__2023-08-30T00:00:00+00:00', '--job-id', '20', '--raw', '--subdir', 'DAGS_FOLDER/user_processing.py', '--cfg-path', '/tmp/tmp68ymn4hy']
[2023-08-31T01:27:03.524+0000] {standard_task_runner.py:83} INFO - Job 20: Subtask extract_user
[2023-08-31T01:27:03.762+0000] {task_command.py:376} INFO - Running <TaskInstance: user_processing.extract_user scheduled__2023-08-30T00:00:00+00:00 [running]> on host f65dd69de24d
[2023-08-31T01:27:03.882+0000] {taskinstance.py:1592} INFO - Exporting the following env vars:
AIRFLOW_CTX_DAG_OWNER=***
AIRFLOW_CTX_DAG_ID=user_processing
AIRFLOW_CTX_TASK_ID=extract_user
AIRFLOW_CTX_EXECUTION_DATE=2023-08-30T00:00:00+00:00
AIRFLOW_CTX_TRY_NUMBER=1
AIRFLOW_CTX_DAG_RUN_ID=scheduled__2023-08-30T00:00:00+00:00
[2023-08-31T01:27:03.888+0000] {http.py:121} INFO - Calling HTTP method
[2023-08-31T01:27:03.924+0000] {base.py:71} INFO - Using connection ID 'user_api' for task execution.
[2023-08-31T01:27:03.928+0000] {http.py:148} INFO - Sending 'GET' to url: https://randomuser.me/api/
[2023-08-31T01:27:04.291+0000] {http.py:125} INFO - {"results":[{"gender":"male","name":{"title":"Mr","first":"Sander","last":"Jørgensen"},"location":{"street":{"number":5410,"name":"Ågade"},"city":"Odense Sv","state":"Syddanmark","country":"Denmark","postcode":95161,"coordinates":{"latitude":"-45.2090","longitude":"-105.2221"},"timezone":{"offset":"+5:45","description":"Kathmandu"}},"email":"sander.jorgensen@example.com","login":{"uuid":"c4c8f9df-7b94-4fdd-b65c-661560b37618","username":"goldenpeacock443","password":"harlem","salt":"DSLq922S","md5":"ae4e3ff70212a1195a96a5244bbe71e7","sha1":"dc922da7d903ec356bd8ddf310299f6a176c069c","sha256":"9952d903691b66c35a51976169359afc41ef389c8f2b0c4a618f2d583e4bcfc4"},"dob":{"date":"1966-02-20T10:11:50.891Z","age":57},"registered":{"date":"2004-07-27T19:48:05.715Z","age":19},"phone":"40714415","cell":"32054321","id":{"name":"CPR","value":"200266-7716"},"picture":{"large":"https://randomuser.me/api/portraits/men/34.jpg","medium":"https://randomuser.me/api/portraits/med/men/34.jpg","thumbnail":"https://randomuser.me/api/portraits/thumb/men/34.jpg"},"nat":"DK"}],"info":{"seed":"18be6fcddb9a74f8","results":1,"page":1,"version":"1.4"}}
[2023-08-31T01:27:04.402+0000] {taskinstance.py:1406} INFO - Marking task as SUCCESS. dag_id=user_processing, task_id=extract_user, execution_date=20230830T000000, start_date=20230831T012703, end_date=20230831T012704
[2023-08-31T01:27:04.567+0000] {local_task_job.py:164} INFO - Task exited with return code 0
[2023-08-31T01:27:04.843+0000] {local_task_job.py:273} INFO - 1 downstream tasks scheduled from follow-on schedule check
