[2023-09-04T18:45:58.433+0000] {taskinstance.py:1165} INFO - Dependencies all met for <TaskInstance: inside_group_dag.processing_tasks.training_model_c scheduled__2023-09-03T00:00:00+00:00 [queued]>
[2023-09-04T18:45:58.470+0000] {taskinstance.py:1165} INFO - Dependencies all met for <TaskInstance: inside_group_dag.processing_tasks.training_model_c scheduled__2023-09-03T00:00:00+00:00 [queued]>
[2023-09-04T18:45:58.470+0000] {taskinstance.py:1362} INFO - 
--------------------------------------------------------------------------------
[2023-09-04T18:45:58.470+0000] {taskinstance.py:1363} INFO - Starting attempt 1 of 1
[2023-09-04T18:45:58.471+0000] {taskinstance.py:1364} INFO - 
--------------------------------------------------------------------------------
[2023-09-04T18:45:58.494+0000] {taskinstance.py:1383} INFO - Executing <Task(PythonOperator): processing_tasks.training_model_c> on 2023-09-03 00:00:00+00:00
[2023-09-04T18:45:58.507+0000] {standard_task_runner.py:55} INFO - Started process 94 to run task
[2023-09-04T18:45:58.512+0000] {standard_task_runner.py:82} INFO - Running: ['***', 'tasks', 'run', 'inside_group_dag', 'processing_tasks.training_model_c', 'scheduled__2023-09-03T00:00:00+00:00', '--job-id', '61', '--raw', '--subdir', 'DAGS_FOLDER/inside_group_dag.py', '--cfg-path', '/tmp/tmpk1yrzvk0']
[2023-09-04T18:45:58.515+0000] {standard_task_runner.py:83} INFO - Job 61: Subtask processing_tasks.training_model_c
[2023-09-04T18:45:59.046+0000] {task_command.py:376} INFO - Running <TaskInstance: inside_group_dag.processing_tasks.training_model_c scheduled__2023-09-03T00:00:00+00:00 [running]> on host 993b415b7ab0
[2023-09-04T18:45:59.551+0000] {taskinstance.py:1592} INFO - Exporting the following env vars:
AIRFLOW_CTX_DAG_OWNER=***
AIRFLOW_CTX_DAG_ID=inside_group_dag
AIRFLOW_CTX_TASK_ID=processing_tasks.training_model_c
AIRFLOW_CTX_EXECUTION_DATE=2023-09-03T00:00:00+00:00
AIRFLOW_CTX_TRY_NUMBER=1
AIRFLOW_CTX_DAG_RUN_ID=scheduled__2023-09-03T00:00:00+00:00
[2023-09-04T18:45:59.555+0000] {logging_mixin.py:120} INFO - model's accuracy: 4.358663199210456
[2023-09-04T18:45:59.556+0000] {python.py:177} INFO - Done. Returned value was: None
[2023-09-04T18:45:59.569+0000] {taskinstance.py:1406} INFO - Marking task as SUCCESS. dag_id=inside_group_dag, task_id=processing_tasks.training_model_c, execution_date=20230903T000000, start_date=20230904T184558, end_date=20230904T184559
[2023-09-04T18:45:59.643+0000] {local_task_job.py:164} INFO - Task exited with return code 0
[2023-09-04T18:45:59.688+0000] {local_task_job.py:273} INFO - 1 downstream tasks scheduled from follow-on schedule check
