[2023-09-03T10:06:39.849+0000] {taskinstance.py:1165} INFO - Dependencies all met for <TaskInstance: parallel_dag.extract_b scheduled__2023-09-02T00:00:00+00:00 [queued]>
[2023-09-03T10:06:39.863+0000] {taskinstance.py:1165} INFO - Dependencies all met for <TaskInstance: parallel_dag.extract_b scheduled__2023-09-02T00:00:00+00:00 [queued]>
[2023-09-03T10:06:39.864+0000] {taskinstance.py:1362} INFO - 
--------------------------------------------------------------------------------
[2023-09-03T10:06:39.864+0000] {taskinstance.py:1363} INFO - Starting attempt 1 of 1
[2023-09-03T10:06:39.865+0000] {taskinstance.py:1364} INFO - 
--------------------------------------------------------------------------------
[2023-09-03T10:06:39.877+0000] {taskinstance.py:1383} INFO - Executing <Task(BashOperator): extract_b> on 2023-09-02 00:00:00+00:00
[2023-09-03T10:06:39.892+0000] {standard_task_runner.py:55} INFO - Started process 64 to run task
[2023-09-03T10:06:39.907+0000] {standard_task_runner.py:82} INFO - Running: ['***', 'tasks', 'run', 'parallel_dag', 'extract_b', 'scheduled__2023-09-02T00:00:00+00:00', '--job-id', '92', '--raw', '--subdir', 'DAGS_FOLDER/parallel_dag.py', '--cfg-path', '/tmp/tmp1b_vjcaq']
[2023-09-03T10:06:39.908+0000] {standard_task_runner.py:83} INFO - Job 92: Subtask extract_b
[2023-09-03T10:06:40.093+0000] {task_command.py:376} INFO - Running <TaskInstance: parallel_dag.extract_b scheduled__2023-09-02T00:00:00+00:00 [running]> on host a538dd8bfd1d
[2023-09-03T10:06:40.293+0000] {taskinstance.py:1592} INFO - Exporting the following env vars:
AIRFLOW_CTX_DAG_OWNER=***
AIRFLOW_CTX_DAG_ID=parallel_dag
AIRFLOW_CTX_TASK_ID=extract_b
AIRFLOW_CTX_EXECUTION_DATE=2023-09-02T00:00:00+00:00
AIRFLOW_CTX_TRY_NUMBER=1
AIRFLOW_CTX_DAG_RUN_ID=scheduled__2023-09-02T00:00:00+00:00
[2023-09-03T10:06:40.310+0000] {subprocess.py:63} INFO - Tmp dir root location: 
 /tmp
[2023-09-03T10:06:40.311+0000] {subprocess.py:75} INFO - Running command: ['/bin/bash', '-c', 'sleep 10']
[2023-09-03T10:06:40.336+0000] {subprocess.py:86} INFO - Output:
[2023-09-03T10:06:50.386+0000] {subprocess.py:97} INFO - Command exited with return code 0
[2023-09-03T15:04:13.239+0000] {taskinstance.py:1165} INFO - Dependencies all met for <TaskInstance: parallel_dag.extract_b scheduled__2023-09-02T00:00:00+00:00 [queued]>
[2023-09-03T15:04:13.248+0000] {taskinstance.py:1165} INFO - Dependencies all met for <TaskInstance: parallel_dag.extract_b scheduled__2023-09-02T00:00:00+00:00 [queued]>
[2023-09-03T15:04:13.249+0000] {taskinstance.py:1362} INFO - 
--------------------------------------------------------------------------------
[2023-09-03T15:04:13.249+0000] {taskinstance.py:1363} INFO - Starting attempt 1 of 1
[2023-09-03T15:04:13.249+0000] {taskinstance.py:1364} INFO - 
--------------------------------------------------------------------------------
[2023-09-03T15:04:13.262+0000] {taskinstance.py:1383} INFO - Executing <Task(BashOperator): extract_b> on 2023-09-02 00:00:00+00:00
[2023-09-03T15:04:13.268+0000] {standard_task_runner.py:55} INFO - Started process 473 to run task
[2023-09-03T15:04:13.271+0000] {standard_task_runner.py:82} INFO - Running: ['***', 'tasks', 'run', 'parallel_dag', 'extract_b', 'scheduled__2023-09-02T00:00:00+00:00', '--job-id', '9', '--raw', '--subdir', 'DAGS_FOLDER/parallel_dag.py', '--cfg-path', '/tmp/tmp8ayupnbw']
[2023-09-03T15:04:13.272+0000] {standard_task_runner.py:83} INFO - Job 9: Subtask extract_b
[2023-09-03T15:04:13.346+0000] {task_command.py:376} INFO - Running <TaskInstance: parallel_dag.extract_b scheduled__2023-09-02T00:00:00+00:00 [running]> on host c0ddfbe053d4
[2023-09-03T15:04:13.452+0000] {taskinstance.py:1592} INFO - Exporting the following env vars:
AIRFLOW_CTX_DAG_OWNER=***
AIRFLOW_CTX_DAG_ID=parallel_dag
AIRFLOW_CTX_TASK_ID=extract_b
AIRFLOW_CTX_EXECUTION_DATE=2023-09-02T00:00:00+00:00
AIRFLOW_CTX_TRY_NUMBER=1
AIRFLOW_CTX_DAG_RUN_ID=scheduled__2023-09-02T00:00:00+00:00
[2023-09-03T15:04:13.455+0000] {subprocess.py:63} INFO - Tmp dir root location: 
 /tmp
[2023-09-03T15:04:13.456+0000] {subprocess.py:75} INFO - Running command: ['/bin/bash', '-c', 'sleep 10']
[2023-09-03T15:04:13.467+0000] {subprocess.py:86} INFO - Output:
[2023-09-03T15:04:23.477+0000] {subprocess.py:97} INFO - Command exited with return code 0
[2023-09-03T15:04:23.564+0000] {taskinstance.py:1406} INFO - Marking task as SUCCESS. dag_id=parallel_dag, task_id=extract_b, execution_date=20230902T000000, start_date=20230903T150413, end_date=20230903T150423
[2023-09-03T15:04:23.608+0000] {local_task_job.py:164} INFO - Task exited with return code 0
[2023-09-03T15:04:23.652+0000] {local_task_job.py:273} INFO - 1 downstream tasks scheduled from follow-on schedule check
