[2023-09-06T09:36:13.307+0000] {taskinstance.py:1165} INFO - Dependencies all met for <TaskInstance: inside_group_dag.downloading_data scheduled__2023-09-05T00:00:00+00:00 [queued]>
[2023-09-06T09:36:13.460+0000] {taskinstance.py:1165} INFO - Dependencies all met for <TaskInstance: inside_group_dag.downloading_data scheduled__2023-09-05T00:00:00+00:00 [queued]>
[2023-09-06T09:36:13.478+0000] {taskinstance.py:1362} INFO - 
--------------------------------------------------------------------------------
[2023-09-06T09:36:13.481+0000] {taskinstance.py:1363} INFO - Starting attempt 1 of 1
[2023-09-06T09:36:13.485+0000] {taskinstance.py:1364} INFO - 
--------------------------------------------------------------------------------
[2023-09-06T09:36:13.698+0000] {taskinstance.py:1383} INFO - Executing <Task(BashOperator): downloading_data> on 2023-09-05 00:00:00+00:00
[2023-09-06T09:36:13.750+0000] {standard_task_runner.py:55} INFO - Started process 97 to run task
[2023-09-06T09:36:13.856+0000] {standard_task_runner.py:82} INFO - Running: ['***', 'tasks', 'run', 'inside_group_dag', 'downloading_data', 'scheduled__2023-09-05T00:00:00+00:00', '--job-id', '136', '--raw', '--subdir', 'DAGS_FOLDER/inside_group_dag.py', '--cfg-path', '/tmp/tmpv9c6buxs']
[2023-09-06T09:36:13.894+0000] {standard_task_runner.py:83} INFO - Job 136: Subtask downloading_data
[2023-09-06T09:36:14.936+0000] {task_command.py:376} INFO - Running <TaskInstance: inside_group_dag.downloading_data scheduled__2023-09-05T00:00:00+00:00 [running]> on host c5447ba0ef6d
[2023-09-06T09:36:15.552+0000] {taskinstance.py:1592} INFO - Exporting the following env vars:
AIRFLOW_CTX_DAG_OWNER=***
AIRFLOW_CTX_DAG_ID=inside_group_dag
AIRFLOW_CTX_TASK_ID=downloading_data
AIRFLOW_CTX_EXECUTION_DATE=2023-09-05T00:00:00+00:00
AIRFLOW_CTX_TRY_NUMBER=1
AIRFLOW_CTX_DAG_RUN_ID=scheduled__2023-09-05T00:00:00+00:00
[2023-09-06T09:36:15.562+0000] {subprocess.py:63} INFO - Tmp dir root location: 
 /tmp
[2023-09-06T09:36:15.585+0000] {subprocess.py:75} INFO - Running command: ['/bin/bash', '-c', 'sleep 3']
[2023-09-06T09:36:15.659+0000] {subprocess.py:86} INFO - Output:
[2023-09-06T09:36:18.667+0000] {subprocess.py:97} INFO - Command exited with return code 0
[2023-09-06T09:36:18.775+0000] {taskinstance.py:1406} INFO - Marking task as SUCCESS. dag_id=inside_group_dag, task_id=downloading_data, execution_date=20230905T000000, start_date=20230906T093613, end_date=20230906T093618
[2023-09-06T09:36:18.870+0000] {local_task_job.py:164} INFO - Task exited with return code 0
[2023-09-06T09:36:18.907+0000] {local_task_job.py:273} INFO - 3 downstream tasks scheduled from follow-on schedule check
