[2023-09-05T11:35:57.047+0000] {taskinstance.py:1165} INFO - Dependencies all met for <TaskInstance: parallel_dag.load_b scheduled__2023-09-04T00:00:00+00:00 [queued]>
[2023-09-05T11:35:57.054+0000] {taskinstance.py:1165} INFO - Dependencies all met for <TaskInstance: parallel_dag.load_b scheduled__2023-09-04T00:00:00+00:00 [queued]>
[2023-09-05T11:35:57.054+0000] {taskinstance.py:1362} INFO - 
--------------------------------------------------------------------------------
[2023-09-05T11:35:57.054+0000] {taskinstance.py:1363} INFO - Starting attempt 1 of 1
[2023-09-05T11:35:57.054+0000] {taskinstance.py:1364} INFO - 
--------------------------------------------------------------------------------
[2023-09-05T11:35:57.063+0000] {taskinstance.py:1383} INFO - Executing <Task(BashOperator): load_b> on 2023-09-04 00:00:00+00:00
[2023-09-05T11:35:57.066+0000] {standard_task_runner.py:55} INFO - Started process 121 to run task
[2023-09-05T11:35:57.069+0000] {standard_task_runner.py:82} INFO - Running: ['***', 'tasks', 'run', 'parallel_dag', 'load_b', 'scheduled__2023-09-04T00:00:00+00:00', '--job-id', '104', '--raw', '--subdir', 'DAGS_FOLDER/parallel_dag.py', '--cfg-path', '/tmp/tmpahh2b0ha']
[2023-09-05T11:35:57.070+0000] {standard_task_runner.py:83} INFO - Job 104: Subtask load_b
[2023-09-05T11:35:57.128+0000] {task_command.py:376} INFO - Running <TaskInstance: parallel_dag.load_b scheduled__2023-09-04T00:00:00+00:00 [running]> on host 993b415b7ab0
[2023-09-05T11:35:57.185+0000] {taskinstance.py:1592} INFO - Exporting the following env vars:
AIRFLOW_CTX_DAG_OWNER=***
AIRFLOW_CTX_DAG_ID=parallel_dag
AIRFLOW_CTX_TASK_ID=load_b
AIRFLOW_CTX_EXECUTION_DATE=2023-09-04T00:00:00+00:00
AIRFLOW_CTX_TRY_NUMBER=1
AIRFLOW_CTX_DAG_RUN_ID=scheduled__2023-09-04T00:00:00+00:00
[2023-09-05T11:35:57.191+0000] {subprocess.py:63} INFO - Tmp dir root location: 
 /tmp
[2023-09-05T11:35:57.192+0000] {subprocess.py:75} INFO - Running command: ['/bin/bash', '-c', 'sleep 10']
[2023-09-05T11:35:57.206+0000] {subprocess.py:86} INFO - Output:
[2023-09-05T11:36:07.221+0000] {subprocess.py:97} INFO - Command exited with return code 0
[2023-09-05T11:36:07.255+0000] {taskinstance.py:1406} INFO - Marking task as SUCCESS. dag_id=parallel_dag, task_id=load_b, execution_date=20230904T000000, start_date=20230905T113557, end_date=20230905T113607
[2023-09-05T11:36:07.296+0000] {local_task_job.py:164} INFO - Task exited with return code 0
[2023-09-05T11:36:07.352+0000] {local_task_job.py:273} INFO - 0 downstream tasks scheduled from follow-on schedule check
