[2023-09-03T15:04:18.469+0000] {taskinstance.py:1165} INFO - Dependencies all met for <TaskInstance: consumer.read_dataset dataset_triggered__2023-09-03T15:04:16.928837+00:00 [queued]>
[2023-09-03T15:04:18.484+0000] {taskinstance.py:1165} INFO - Dependencies all met for <TaskInstance: consumer.read_dataset dataset_triggered__2023-09-03T15:04:16.928837+00:00 [queued]>
[2023-09-03T15:04:18.484+0000] {taskinstance.py:1362} INFO - 
--------------------------------------------------------------------------------
[2023-09-03T15:04:18.484+0000] {taskinstance.py:1363} INFO - Starting attempt 1 of 1
[2023-09-03T15:04:18.485+0000] {taskinstance.py:1364} INFO - 
--------------------------------------------------------------------------------
[2023-09-03T15:04:18.495+0000] {taskinstance.py:1383} INFO - Executing <Task(_PythonDecoratedOperator): read_dataset> on 2023-09-03 15:04:16.928837+00:00
[2023-09-03T15:04:18.505+0000] {standard_task_runner.py:55} INFO - Started process 485 to run task
[2023-09-03T15:04:18.509+0000] {standard_task_runner.py:82} INFO - Running: ['***', 'tasks', 'run', 'consumer', 'read_dataset', 'dataset_triggered__2023-09-03T15:04:16.928837+00:00', '--job-id', '13', '--raw', '--subdir', 'DAGS_FOLDER/consumer.py', '--cfg-path', '/tmp/tmp2w9o2tgo']
[2023-09-03T15:04:18.510+0000] {standard_task_runner.py:83} INFO - Job 13: Subtask read_dataset
[2023-09-03T15:04:18.558+0000] {task_command.py:376} INFO - Running <TaskInstance: consumer.read_dataset dataset_triggered__2023-09-03T15:04:16.928837+00:00 [running]> on host c0ddfbe053d4
[2023-09-03T15:04:18.606+0000] {taskinstance.py:1592} INFO - Exporting the following env vars:
AIRFLOW_CTX_DAG_OWNER=***
AIRFLOW_CTX_DAG_ID=consumer
AIRFLOW_CTX_TASK_ID=read_dataset
AIRFLOW_CTX_EXECUTION_DATE=2023-09-03T15:04:16.928837+00:00
AIRFLOW_CTX_TRY_NUMBER=1
AIRFLOW_CTX_DAG_RUN_ID=dataset_triggered__2023-09-03T15:04:16.928837+00:00
[2023-09-03T15:04:18.608+0000] {logging_mixin.py:120} INFO - producer update
[2023-09-03T15:04:18.608+0000] {python.py:177} INFO - Done. Returned value was: None
[2023-09-03T15:04:18.617+0000] {taskinstance.py:1406} INFO - Marking task as SUCCESS. dag_id=consumer, task_id=read_dataset, execution_date=20230903T150416, start_date=20230903T150418, end_date=20230903T150418
[2023-09-03T15:04:18.640+0000] {local_task_job.py:164} INFO - Task exited with return code 0
[2023-09-03T15:04:18.663+0000] {local_task_job.py:273} INFO - 1 downstream tasks scheduled from follow-on schedule check
